Time EBV Teff Treg ODC_le1 ODC_le2 ODC_le3 ODC_le4 ODC_le5 NK IL2 DAC Resting_Teff Resting_Treg EffectorMemory Resting_Treg_temp Resting_Teff_temp NK_temp
0.0 0 0 0 0 0 0 0 500 375 1000 0 1687 63 0 0 0 0
24 0 0 0 0 0 0 0 500 327 914 0 1687 63 0 0 0 48
48 0 0 0 0 0 0 0 500 338 844 0 1687 63 0 0 0 37
72 0 0 0 0 0 0 0 500 335 759 0 1687 63 0 0 0 40
96 0 0 0 0 0 0 0 500 338 690 0 1687 63 0 0 0 37
120 0 0 0 0 0 0 0 500 332 631 0 1687 63 0 0 0 43
144 0 0 0 0 0 0 0 500 327 547 0 1687 63 0 0 0 48
168.0 1000 0 0 0 0 0 0 500 328 512 0 1687 63 0 0 0 47
192 385 5997 106 16 31 54 167 232 279 839 0 1130 43 412 20 557 96
216 82 3682 175 102 27 79 120 172 281 349 0 1497 36 446 27 190 94
240 30 1251 167 144 19 53 109 175 306 244 0 1621 39 473 24 66 69
264 16 338 182 154 6 23 63 254 307 283 0 1658 44 441 19 29 68
288 12 185 153 154 1 11 33 301 330 358 0 1652 38 431 25 35 45
312 11 140 156 154 0 2 26 318 319 380 0 1666 37 409 26 21 56
336 10 139 175 154 0 0 26 320 315 349 0 1671 38 385 25 16 60
360 10 100 175 154 1 0 20 325 321 335 0 1672 44 378 19 15 54
384 8 87 181 154 0 1 12 333 326 352 0 1663 44 360 19 24 49
408 7 98 190 154 0 1 12 333 309 351 0 1661 40 357 23 26 66
432 6 76 179 154 0 0 10 336 326 328 0 1673 33 360 30 14 49
456 6 58 190 154 1 0 13 332 314 297 0 1675 36 346 27 12 61
480 5 41 174 154 0 0 9 337 332 291 0 1675 40 335 23 12 43
504 5 67 166 154 0 0 13 333 315 296 0 1674 43 315 20 13 60
528 4 59 169 154 0 0 10 336 317 298 0 1674 41 301 22 13 58
552 4 49 172 154 0 1 8 337 322 276 0 1676 43 293 20 11 53
576 4 51 155 154 0 0 5 341 309 282 0 1678 40 287 23 9 66
600 4 37 166 154 0 0 4 342 326 285 0 1673 41 282 22 14 49
624 4 50 160 154 0 0 7 339 320 285 0 1673 44 275 19 14 55
648 4 42 158 154 0 0 8 338 317 281 0 1680 43 273 20 7 58
672 4 32 142 154 0 0 6 340 330 274 0 1685 45 271 18 2 45
696 4 46 157 154 0 0 6 340 306 282 0 1677 36 270 27 10 69
720 4 40 175 154 0 0 4 342 318 280 0 1674 38 267 25 13 57
744 4 39 148 154 0 0 6 340 319 274 0 1680 43 259 20 7 56
768 4 36 150 154 0 0 7 339 314 282 0 1680 40 249 23 7 61
792 4 30 162 154 0 0 4 342 332 287 0 1680 31 244 32 7 43
816 4 39 143 154 0 0 5 341 323 284 0 1682 41 235 22 5 52
840 4 38 158 154 0 0 6 340 322 270 0 1680 39 243 24 7 53
864 4 40 168 154 0 0 9 337 311 274 0 1670 44 240 19 17 64
888 4 40 149 154 0 0 12 334 318 264 0 1677 38 239 25 10 57
912 4 39 156 154 0 0 10 336 323 260 0 1683 43 229 20 4 52
936 4 28 154 154 0 0 1 345 330 262 0 1681 38 229 25 6 45
960 4 34 162 154 0 0 1 345 306 267 0 1673 30 230 33 14 69
984 4 35 151 154 0 0 3 343 327 239 0 1681 48 237 15 6 48
1008 4 38 166 154 0 0 10 336 320 259 0 1675 45 232 18 12 55
1032 4 45 153 154 0 0 5 341 312 259 0 1677 42 225 21 10 63
1056 4 42 143 154 0 0 1 345 326 257 0 1682 41 224 22 5 49
1080 4 47 148 154 0 1 4 341 320 243 0 1678 45 224 18 9 55
1104 4 35 138 154 0 0 6 340 319 243 0 1679 48 222 15 8 56
1128 4 48 149 154 0 0 4 342 312 262 0 1671 37 215 26 16 63
1152 4 34 128 154 0 0 9 337 315 264 0 1678 42 214 21 9 60
1176 4 39 152 154 0 0 3 343 323 271 0 1677 38 215 25 10 52
1200 4 57 130 154 0 0 8 338 324 279 0 1677 39 219 24 10 51
1224 4 55 140 154 0 0 9 337 333 266 0 1675 37 229 26 12 42
1248 4 32 161 154 0 0 7 339 325 254 0 1679 39 233 24 8 50
1272 4 38 142 154 0 0 3 343 311 263 0 1676 38 231 25 11 64
1296 3 42 144 154 0 0 9 337 324 258 0 1680 39 234 24 7 51
1320 3 26 128 154 0 0 6 340 311 249 0 1679 38 225 25 8 64
1344 3 20 166 154 0 0 6 340 317 246 0 1682 47 220 16 5 58
1368 3 28 176 154 0 0 6 340 332 236 0 1679 45 209 18 8 43
1392 3 26 158 154 0 0 6 340 317 224 0 1676 41 209 22 11 58
1416 3 41 131 154 0 0 9 337 317 224 0 1677 42 204 21 10 58
1440.0 3 33 130 154 0 1 6 339 330 210 30 1680 36 204 27 7 45
1464 2 18 129 154 0 0 2 344 317 220 30 1683 41 203 22 4 58
1488 2 13 123 154 0 0 1 345 324 221 29 1684 46 199 17 3 51
1512 2 26 140 154 0 1 6 339 327 248 29 1683 37 191 26 4 48
1536 2 21 142 154 0 0 0 346 320 256 29 1677 42 186 21 10 55
1560 2 22 141 154 0 0 3 343 329 267 28 1679 38 183 25 8 46
1584 2 25 127 154 0 0 2 344 328 278 28 1685 40 183 23 2 47
1608.0 1002 10 138 154 0 0 0 346 323 283 28 1679 45 177 18 8 52
1632 581 3065 124 156 6 27 68 243 302 4849 28 1045 43 129 20 642 73
1656 281 3753 181 165 9 23 95 208 302 6639 28 1249 41 209 22 438 73
1680 139 3324 174 174 7 31 75 213 309 6868 28 1411 43 343 20 276 66
1704 62 2564 194 179 7 19 101 194 304 6240 27 1553 33 453 30 134 71
1728 33 1665 178 182 5 22 63 228 335 5451 27 1616 38 562 25 71 40
1752 25 1003 203 184 2 17 55 242 325 4808 27 1642 35 646 28 45 50
1776 20 677 195 185 1 10 48 256 330 4517 27 1641 45 609 18 46 45
1800 15 533 183 185 0 2 33 280 345 4262 27 1649 38 600 25 38 30
1824 14 371 206 185 0 3 19 293 342 3969 26 1661 35 621 28 26 33
1848 13 327 188 185 0 5 20 290 323 3776 26 1658 42 607 21 29 52
1872 12 289 194 185 0 1 21 293 351 3592 26 1661 35 562 28 26 24
1896 12 279 214 185 0 1 28 286 343 3432 26 1657 41 540 22 30 32
1920 12 237 215 185 0 1 26 288 311 3337 26 1662 40 495 23 25 64
1944 12 244 196 185 0 0 23 292 332 3237 26 1655 41 458 22 32 43
1968 12 250 181 185 0 1 21 293 341 3100 26 1662 35 436 28 25 34
1992 10 216 171 185 0 1 14 300 342 2959 26 1658 41 441 22 29 33
2016 9 170 178 185 0 0 16 299 336 2813 26 1666 40 420 23 21 39
2040 8 183 171 185 0 0 15 300 338 2637 25 1669 40 412 23 18 37
2064 7 127 178 185 0 2 13 300 338 2515 25 1673 44 404 19 14 37
2088 7 132 175 185 0 1 15 299 318 2380 24 1669 32 393 31 18 57
2112 7 91 198 185 0 0 6 309 346 2260 24 1676 37 395 26 11 29
2136 6 97 183 185 0 0 8 307 334 2158 24 1669 38 390 25 18 41
2160.0 6 98 170 185 0 0 8 307 332 2053 54 1677 42 382 21 10 43
2184 6 81 154 185 0 0 10 305 341 2047 54 1673 43 347 20 14 34
2208 5 69 145 185 0 1 6 308 327 2022 53 1675 36 317 27 12 48
2232 5 52 134 185 0 0 5 310 347 1974 52 1680 40 285 23 7 28
2256 4 45 157 185 0 0 6 309 336 1913 51 1682 39 269 24 5 39
2280 4 41 150 185 0 0 3 312 333 1840 51 1678 40 255 23 9 42
2304 4 34 163 185 0 0 10 305 344 1767 51 1676 42 244 21 11 31
2328 4 34 150 185 0 0 2 313 331 1726 50 1678 47 226 16 9 44
2352 4 40 148 185 0 0 3 312 334 1666 50 1676 39 222 24 11 41
2376 4 31 163 185 0 0 5 310 338 1601 50 1678 44 214 19 9 37
2400 4 42 145 185 0 0 4 311 337 1547 50 1675 42 208 21 12 38
2424 4 36 146 185 0 0 6 309 334 1517 49 1676 39 198 24 11 41
2448 4 31 167 185 0 0 5 310 342 1471 48 1680 39 184 24 7 33
2472 4 39 167 185 0 0 2 313 329 1413 48 1678 35 177 28 9 46
2496 4 39 152 185 0 0 3 312 343 1333 47 1676 34 177 29 11 32
2520 4 42 145 185 0 0 2 313 338 1308 46 1675 38 168 25 12 37
2544 4 47 143 185 0 0 11 304 344 1275 46 1678 39 161 24 9 31
2568 4 44 147 185 0 0 3 312 327 1257 45 1672 44 158 19 15 48
2592 4 30 170 185 0 0 5 310 336 1203 45 1674 42 152 21 13 39
2616 4 36 127 185 0 0 4 311 337 1172 45 1675 41 149 22 12 38
2640 4 46 124 185 0 0 4 311 325 1133 44 1676 37 148 26 11 50
2664 4 26 137 185 0 0 5 310 333 1085 43 1676 41 145 22 11 42
2688 4 35 142 185 0 0 2 313 339 1045 43 1678 36 140 27 9 36
2712 4 26 130 185 0 0 4 311 323 1025 43 1679 43 136 20 8 52
2736 4 25 127 185 0 0 6 309 336 1004 43 1677 38 132 25 10 39
2760 4 36 122 185 0 0 5 310 339 979 43 1676 40 126 23 11 36
2784 4 38 128 185 0 1 3 311 324 954 43 1679 44 129 19 8 51
2808 4 34 131 185 0 1 4 310 337 925 43 1676 45 130 18 11 38
2832 4 37 151 185 0 1 6 308 332 922 43 1677 40 122 23 10 43
2856 4 29 131 185 0 0 0 315 340 886 43 1679 41 117 22 8 35
2880.0 4 33 141 185 0 0 3 312 324 878 73 1676 42 115 21 11 51
2904 4 31 158 185 0 0 8 307 338 850 73 1679 43 111 20 8 37
2928 4 34 147 185 0 0 2 313 323 819 70 1678 44 110 19 9 52
2952 4 43 141 185 0 0 6 309 319 809 69 1677 41 104 22 10 56
2976 4 22 131 185 0 0 3 312 324 796 68 1680 46 102 17 7 51
3000 3 13 138 185 0 0 3 312 331 758 68 1685 42 101 21 2 44
3024 3 19 138 185 0 0 6 309 329 736 68 1684 43 100 20 3 46
3048.0 1003 28 146 185 0 0 0 315 340 727 67 1677 34 94 29 10 35
3072 616 2505 152 187 0 24 62 227 320 5988 67 981 44 25 19 706 55
3096 371 2813 168 188 6 19 61 226 326 9739 66 1156 38 43 25 531 49
3120 264 2553 178 189 1 13 50 247 342 12579 66 1242 41 47 22 445 33
3144 205 2156 157 190 0 11 44 255 344 14791 65 1362 44 50 19 325 31
3168 160 1923 143 190 2 6 39 263 361 16589 64 1412 45 49 18 275 14
3192 129 1652 177 190 1 2 29 278 354 18015 64 1457 44 57 19 230 21
3216 112 1428 187 190 0 1 27 282 369 19178 63 1465 42 69 21 222 6
3240 95 1260 195 190 0 5 20 285 360 20204 63 1538 44 76 19 149 15
3264 85 1128 198 190 0 1 15 294 359 21114 63 1509 32 78 31 178 16
3288 74 1019 191 190 0 0 11 299 360 21825 63 1522 30 73 33 165 15
3312 68 920 188 190 0 2 9 299 351 22498 63 1558 45 62 18 129 24
3336 63 867 180 190 0 1 16 293 372 23069 63 1548 44 54 19 139 3
3360 59 822 181 190 0 2 6 302 360 23638 61 1544 35 58 28 143 15
3384 56 796 194 190 0 1 10 299 364 24072 61 1575 37 73 26 112 11
3408 53 768 170 190 0 1 14 295 360 24458 61 1571 37 66 26 116 15
3432 50 745 172 190 0 0 13 297 358 24818 61 1546 34 65 29 141 17
3456 49 702 194 190 0 0 11 299 377 25201 60 1575 41 67 22 112 -2
3480 47 685 190 190 0 1 12 297 369 25463 57 1577 40 73 23 110 6
3504 45 678 183 190 0 1 5 304 378 25713 56 1583 39 91 24 104 -3
3528 44 648 180 190 0 2 7 301 360 25968 56 1608 45 98 18 79 15
3552 42 631 168 190 0 0 13 297 371 26242 56 1594 35 91 28 93 4
3576 39 636 154 190 0 0 12 298 347 26554 56 1592 45 101 18 95 28
3600.0 38 574 167 190 0 1 10 299 371 26708 86 1600 41 95 22 87 4
3624 34 504 174 190 0 1 12 297 371 26908 85 1607 34 76 29 80 4
3648 33 475 175 190 0 1 7 302 369 27174 84 1604 44 59 19 83 6
3672 32 464 174 190 0 1 7 302 354 27382 83 1609 40 49 23 78 21
3696 30 442 177 190 0 0 10 300 366 27510 82 1635 38 48 25 52 9
3720 28 425 196 190 0 0 8 302 358 27659 82 1617 32 46 31 70 17
3744 27 375 181 190 0 0 8 302 365 27714 80 1635 43 39 20 52 10
3768 26 347 184 190 0 0 5 305 365 27749 79 1646 36 37 27 41 10
3792 26 334 171 190 0 0 3 307 369 27832 79 1644 41 33 22 43 6
3816 24 347 175 190 0 0 3 307 360 27970 78 1633 46 36 17 54 15
3840 23 372 175 190 0 0 2 308 360 28075 77 1624 34 35 29 63 15
3864 23 325 177 190 0 0 4 306 369 28095 76 1637 38 37 25 50 6
3888 23 314 159 190 0 0 3 307 368 28064 75 1640 48 39 15 47 7
3912 22 282 185 190 0 0 2 308 371 28017 75 1634 38 42 25 53 4
3936 22 297 176 190 0 0 5 305 363 28006 75 1638 44 41 19 49 12
3960 22 303 179 190 0 0 3 307 377 27980 73 1635 27 40 36 52 -2
3984 22 282 175 190 0 0 4 306 371 28027 71 1649 39 39 24 38 4
4008 22 293 184 190 0 0 3 307 377 28002 71 1637 46 41 17 50 -2
4032 22 320 185 190 0 0 5 305 379 27988 70 1627 33 42 30 60 -4
4056 19 297 157 190 0 0 5 305 369 27937 67 1652 42 41 21 35 6
4080 19 250 168 190 0 0 4 306 363 27861 66 1660 40 40 23 27 12
4104 19 279 198 190 0 0 6 304 364 27810 66 1646 33 36 30 41 11
4128 19 263 194 190 0 0 4 306 365 27725 64 1647 39 41 24 40 10
4152 19 272 171 190 0 0 4 306 361 27646 64 1643 39 47 24 44 14
4176 19 246 177 190 0 0 3 307 371 27565 62 1654 42 44 21 33 4
4200 19 245 202 190 0 0 2 308 371 27477 61 1648 40 55 23 39 4
4224 18 262 191 190 0 0 6 304 362 27425 59 1633 31 54 32 54 13
4248 18 253 184 190 0 0 1 309 372 27377 58 1651 34 56 29 36 3
4272 18 266 167 190 0 0 3 307 367 27292 58 1646 46 70 17 41 8
4296 17 234 179 190 0 0 3 307 362 27196 58 1660 42 70 21 27 13
4320.0 17 262 185 190 0 0 3 307 363 27113 87 1649 36 76 27 38 12
4344 17 255 189 190 0 0 5 305 366 27071 86 1645 39 65 24 42 9
4368 16 254 180 190 0 0 4 306 370 27020 86 1654 39 65 24 33 5
4392 16 233 173 190 0 0 5 305 363 26977 86 1659 40 57 23 28 12
4416 16 237 136 190 0 0 3 307 396 26888 84 1654 34 50 29 33 -21
4440 16 203 129 190 0 0 6 304 361 26758 84 1658 43 48 20 29 14
4464 16 213 160 190 0 1 5 304 371 26667 82 1650 37 47 26 37 4
4488.0 1016 210 157 190 0 0 2 308 375 26597 81 1649 44 47 19 38 0
4512 882 3379 146 190 0 0 32 278 367 31977 79 947 45 20 18 740 8
4536 710 4049 156 190 1 2 30 277 350 36739 79 1020 43 24 20 667 25
4560 593 4139 157 190 0 3 40 267 354 41039 79 1039 43 23 20 648 21
4584 489 3961 156 190 1 5 31 273 332 44937 77 1110 43 33 20 577 43
4608 431 3706 170 190 0 6 36 268 353 48497 76 1134 35 35 28 553 22
4632 368 3509 159 190 0 1 30 279 369 51679 76 1184 40 36 23 503 6
4656 325 3302 175 190 1 5 21 283 360 54666 76 1203 44 42 19 484 15
4680 282 3037 162 191 0 1 18 290 358 57454 75 1249 38 41 25 438 17
4704 249 2823 181 191 0 2 15 292 366 59931 74 1308 37 44 26 379 9
4728 225 2606 179 191 0 0 20 289 359 62092 74 1350 42 44 21 337 16
4752 203 2471 185 191 0 1 15 293 386 64159 73 1358 42 45 21 329 -11
4776 190 2275 182 191 0 0 14 295 374 66073 73 1350 37 44 26 337 1
4800 176 2172 174 191 0 1 11 297 375 67902 72 1416 41 44 22 271 0
4824 163 2091 188 191 0 0 10 299 359 69573 69 1384 30 49 33 303 16
4848 152 2033 185 191 0 1 16 292 373 71093 69 1419 35 54 28 268 2
4872 145 1897 176 191 0 2 14 293 363 72554 68 1440 33 48 30 247 12
4896 136 1839 193 191 0 2 7 300 372 73930 68 1413 42 50 21 274 3
4920 127 1746 187 191 0 1 11 297 371 75266 67 1460 34 57 29 227 4
4944 118 1618 161 191 0 0 10 299 376 76417 65 1488 36 59 27 199 -1
4968 114 1621 171 191 0 0 11 298 385 77516 65 1454 35 64 28 233 -10
4992 110 1537 191 191 0 0 10 299 376 78571 64 1497 45 54 18 190 -1
5016 100 1492 185 191 0 0 5 304 384 79558 63 1470 37 63 26 217 -9
5040.0 98 1401 163 191 0 0 11 298 382 80426 91 1501 39 72 24 186 0
5064 95 1299 165 191 0 0 7 302 378 81359 90 1522 37 52 26 165 4
5088 92 1212 152 191 0 0 6 303 374 82279 90 1513 39 45 24 174 8
5112 89 1177 178 191 0 0 3 306 372 83199 88 1518 39 36 24 169 10
5136 87 1167 180 191 0 0 2 307 367 84068 86 1522 41 33 22 165 15
5160 82 1171 172 191 0 0 8 301 363 84938 85 1531 39 33 24 156 19
5184 81 1097 177 191 0 0 8 301 379 85723 85 1525 41 30 22 162 3
5208 79 1121 166 191 0 0 6 303 384 86490 85 1529 36 31 27 158 -2
5232 73 1092 175 191 0 0 6 303 388 87179 83 1536 39 30 24 151 -6
5256 71 1046 186 191 0 0 5 304 366 87868 81 1545 31 31 32 142 16
5280 69 991 189 191 0 0 4 305 371 88539 81 1527 36 28 27 160 11
5304 69 983 182 191 0 0 0 309 377 89230 80 1528 40 35 23 159 5
5328 68 989 177 191 0 0 1 308 365 89806 80 1562 41 36 22 125 17
5352 67 952 189 191 0 0 3 306 375 90446 80 1559 41 37 22 128 7
5376 64 956 186 191 0 0 4 305 390 91046 80 1563 38 38 25 124 -8
5400 64 910 168 191 0 0 1 308 389 91535 80 1564 40 36 23 123 -7
5424 61 932 186 191 0 0 3 306 393 92068 80 1569 38 35 25 118 -11
5448 58 879 157 191 0 0 5 304 370 92594 78 1563 39 32 24 124 12
5472 56 817 150 191 0 0 5 304 390 93078 78 1571 31 36 32 116 -8
5496 54 743 152 191 0 0 7 302 373 93457 76 1582 36 36 27 105 9
5520 52 736 163 191 0 0 5 304 380 93894 75 1591 34 36 29 96 2
5544 52 805 152 191 0 0 5 304 387 94334 74 1579 40 42 23 108 -5
5568 52 799 151 191 0 0 6 303 372 94741 73 1581 40 48 23 106 10
5592 51 736 157 191 0 0 4 305 376 95106 72 1578 41 44 22 109 6
5616 51 778 166 191 0 0 5 304 381 95483 70 1569 48 42 15 118 1
5640 51 761 168 191 0 0 5 304 371 95879 69 1587 37 47 26 100 11
5664 51 763 146 191 0 0 7 302 398 96189 69 1586 35 49 28 101 -16
5688 50 802 127 191 0 0 3 306 399 96510 68 1590 27 58 36 97 -17
5712 49 759 137 191 0 0 0 309 386 96876 67 1592 31 60 32 95 -4
5736 48 744 138 191 0 0 3 306 399 97244 67 1595 40 58 23 92 -17
5760.0 48 747 154 191 0 0 3 306 383 97595 96 1586 42 62 21 101 0
5784 47 682 165 191 0 0 0 309 381 97939 95 1594 42 56 21 93 2
5808 47 709 152 191 0 0 0 309 384 98279 93 1588 37 48 26 99 -1
5832 47 694 176 191 0 0 0 309 385 98614 93 1578 31 41 32 109 -2
5856 47 696 174 191 0 0 2 307 388 98946 92 1582 35 39 28 105 -5
5880 46 675 188 191 0 0 6 303 382 99267 92 1581 39 34 24 106 1
5904 46 637 187 191 0 0 2 307 370 99648 91 1602 40 33 23 85 13
5928.0 1044 643 180 191 0 0 2 307 387 99968 89 1595 43 31 20 92 0
5952 976 3794 160 191 0 0 8 301 376 105404 87 903 39 16 24 784 11
5976 897 4682 166 191 0 0 18 291 392 110395 86 935 47 20 16 752 -5
6000 816 4867 167 191 0 1 16 292 377 115227 86 980 39 25 24 707 10
6024 737 4774 163 191 0 0 19 290 386 119832 85 1007 44 28 19 680 1
6048 680 4722 175 191 0 3 12 294 374 124288 84 993 41 27 22 694 13
6072 617 4489 186 191 0 1 10 298 360 128446 82 1052 40 25 23 635 27
6096 574 4464 175 191 1 0 16 292 373 132537 82 1064 37 28 26 623 14
6120 535 4269 182 191 0 0 17 292 381 136484 82 1064 41 24 22 623 6
6144 493 4194 174 191 0 0 13 296 376 140222 81 1090 41 34 22 597 11
6168 465 4040 169 191 0 0 10 299 377 143786 81 1107 42 29 21 580 10
6192 441 3830 165 191 0 0 5 304 406 147213 80 1136 32 33 31 551 -19
6216 419 3904 131 191 0 1 16 292 434 150585 80 1140 24 30 39 547 -47
6240 399 3698 111 191 0 0 12 297 415 153716 79 1171 18 38 45 516 -28
6264 391 3706 122 191 0 0 12 297 380 156991 79 1157 34 37 29 530 7
6288 366 3486 157 191 0 0 17 292 375 160072 79 1214 43 34 20 473 12
6312 343 3395 146 191 0 0 10 299 424 162990 77 1200 22 29 41 487 -37
6336 330 3330 140 191 0 0 9 300 390 165817 77 1245 32 31 31 442 -3
6360 319 3252 181 191 0 1 7 301 368 168654 75 1257 39 36 24 430 19
6384 303 3183 184 191 0 0 10 299 383 171403 73 1260 43 35 20 427 4
6408 291 3121 166 191 0 0 4 305 389 174031 73 1244 47 46 16 443 -2
6432 281 3050 170 191 0 0 11 298 375 176584 71 1285 39 55 24 402 12
6456 273 2975 165 191 0 1 7 301 392 179073 71 1268 42 49 21 419 -5
6480.0 259 3003 161 191 0 0 6 303 400 181471 101 1263 30 48 33 424 0
6504 251 2885 180 191 0 0 6 303 392 183909 100 1314 34 36 29 373 8
6528 239 2645 183 191 0 1 4 304 396 186194 99 1318 42 25 21 369 4
6552 231 2562 155 191 0 0 5 304 420 188420 99 1319 34 21 29 368 -20
6576 225 2579 121 191 0 0 6 303 402 190620 98 1304 41 19 22 383 -2
6600 220 2546 161 191 0 0 7 302 394 192792 98 1351 43 19 20 336 6
6624 209 2454 169 191 0 1 4 304 407 194843 98 1343 43 15 20 344 -7
6648 204 2384 163 191 0 0 2 307 394 196866 98 1341 38 16 25 346 6
6672 202 2328 181 191 0 0 5 304 389 198804 95 1376 40 16 23 311 11
6696 197 2263 174 191 0 0 7 302 407 200779 95 1375 39 15 24 312 -7
6720 196 2263 148 191 0 0 3 306 439 202652 95 1343 24 17 39 344 -39
6744 186 2306 135 191 0 0 3 306 398 204561 92 1386 40 17 23 301 2
6768 183 2295 174 191 0 0 7 302 393 206393 91 1355 38 19 25 332 7
6792 177 2203 170 191 0 0 3 306 393 208227 90 1395 34 24 29 292 7
6816 174 2121 171 191 0 0 6 303 394 209915 90 1391 37 28 26 296 6
6840 171 2110 172 191 0 0 5 304 400 211593 88 1378 37 23 26 309 0
6864 167 2102 157 191 0 0 6 303 398 213164 88 1394 34 34 29 293 2
6888 164 2105 170 191 0 0 7 302 391 214853 85 1402 42 35 21 285 9
6912 157 2056 148 191 0 0 0 309 413 216408 84 1429 40 31 23 258 -13
6936 151 2007 165 191 0 0 2 307 401 217925 83 1410 40 33 23 277 -1
6960 150 1890 153 191 0 0 3 306 379 219376 83 1426 46 35 17 261 21
6984 146 1851 145 191 0 0 6 303 386 220795 83 1446 39 33 24 241 14
7008 142 1850 139 191 0 0 2 307 417 222191 81 1415 34 28 29 272 -17
7032 139 1850 111 191 0 0 10 299 448 223508 79 1443 21 29 42 244 -48
7056 133 1860 68 191 0 0 1 308 462 224779 77 1422 9 44 54 265 -62
7080 132 1764 72 191 0 1 5 303 441 225983 76 1447 21 42 42 240 -41
7104 130 1810 84 191 0 1 2 306 408 227231 75 1449 35 37 28 238 -8
7128 128 1783 123 191 0 0 3 306 416 228527 74 1434 19 41 44 253 -16
7152 127 1712 121 191 0 0 2 307 387 229770 74 1474 43 31 20 213 13
7176 126 1783 153 191 0 0 2 307 374 231048 74 1439 35 32 28 248 26
7200.0 125 1676 149 191 0 0 3 306 404 232198 101 1449 42 42 21 238 0
7224 124 1658 175 191 0 0 2 307 420 233437 100 1458 31 34 32 229 -16
7248 123 1673 170 191 0 0 3 306 405 234725 100 1459 35 25 28 228 -1
7272 123 1568 157 191 0 0 4 305 390 235933 99 1463 45 23 18 224 14
7296 119 1610 167 191 0 0 4 305 401 237164 99 1478 35 19 28 209 3
7320 119 1609 168 191 0 0 1 308 404 238360 99 1447 41 14 22 240 0
7344 117 1548 140 191 0 0 2 307 436 239508 99 1464 26 16 37 223 -32
7368 115 1539 118 191 0 0 4 305 439 240587 99 1460 23 22 40 227 -35
7392 115 1526 113 191 0 0 4 305 413 241712 98 1463 40 18 23 224 -9
7416 112 1457 150 191 0 0 2 307 395 242745 97 1465 38 15 25 222 9
7440 112 1341 172 191 0 0 1 308 393 243759 97 1510 38 13 25 177 11
7464 111 1457 172 191 0 0 3 306 401 244940 96 1475 38 13 25 212 3
7488 109 1468 178 191 0 0 1 308 395 245993 95 1476 44 14 19 211 9
7512 105 1454 171 191 0 0 3 306 414 247043 92 1483 32 20 31 204 -10
7536 104 1357 145 191 0 0 2 307 417 248001 91 1496 32 22 31 191 -13
7560 103 1367 133 191 0 0 3 306 445 248959 89 1500 22 20 41 187 -41
7584 102 1405 70 191 0 0 4 305 469 249879 87 1484 6 25 57 203 -65
7608 99 1361 40 191 0 1 3 305 488 250703 87 1464 1 33 62 223 -84
7632 97 1372 20 191 0 0 3 306 483 251547 86 1494 0 41 63 193 -79
7656 95 1324 54 191 0 0 0 309 411 252398 86 1522 33 32 30 165 -7
7680 95 1306 122 191 0 0 1 308 399 253329 85 1513 46 28 17 174 5
7704 95 1280 144 191 0 0 2 307 401 254184 83 1485 35 34 28 202 3
7728 94 1290 174 191 0 0 1 308 390 255054 81 1501 36 32 27 186 14
7752 93 1234 172 191 0 0 2 307 399 255886 80 1540 38 39 25 147 5
7776 92 1274 159 191 0 0 2 307 405 256787 80 1504 40 35 23 183 -1
7800 89 1272 171 191 0 0 1 308 407 257693 79 1518 34 41 29 169 -3
7824 88 1290 179 191 0 0 3 306 425 258528 79 1526 34 42 29 161 -21
7848 88 1233 166 191 0 0 5 304 422 259321 78 1508 23 40 40 179 -18
7872 85 1206 147 191 0 0 3 306 410 260066 76 1517 31 38 32 170 -6
7896 85 1185 182 191 0 0 0 309 404 260824 74 1512 35 39 28 175 0
7920.0 84 1148 191 191 0 0 0 309 412 261502 104 1527 40 45 23 160 0
7944 84 1201 179 191 0 0 0 309 439 262311 103 1509 15 37 48 178 -27
7968 83 1183 150 191 0 0 2 307 432 263085 102 1521 28 28 35 166 -20
7992 83 1247 153 191 0 0 2 307 417 263880 102 1507 40 25 23 180 -5
8016 83 1191 131 191 0 0 1 308 417 264608 99 1524 37 23 26 163 -5
8040 82 1192 139 191 0 0 4 305 415 265362 97 1519 41 19 22 168 -3
8064 81 1157 150 191 0 0 3 306 410 266112 97 1527 44 20 19 160 2
8088 81 1128 148 191 0 0 3 306 416 266861 96 1521 40 20 23 166 -4
8112 80 1088 139 191 0 0 3 306 457 267481 94 1535 24 21 39 152 -45
8136 80 1106 113 191 0 0 0 309 459 268152 91 1516 19 20 44 171 -47
8160 80 1077 111 191 0 0 0 309 435 268832 91 1534 26 24 37 153 -23
8184 79 1098 97 191 0 0 1 308 486 269426 91 1536 4 24 59 151 -74
8208 79 1085 53 191 0 0 1 308 497 270009 90 1508 1 27 62 179 -85
8232 78 1095 21 191 0 0 1 308 538 270562 90 1489 0 34 63 198 -126
8256 78 1069 6 191 0 0 2 307 497 271100 89 1530 0 39 63 157 -85
8280 78 1085 2 191 0 0 2 307 501 271676 88 1522 0 42 63 165 -89
8304 78 1077 6 191 0 0 5 304 482 272230 88 1534 5 44 58 153 -70
8328 77 1096 6 191 0 1 3 305 511 272795 88 1502 0 51 63 185 -99
8352 77 1074 2 191 0 0 2 307 514 273297 87 1525 0 54 63 162 -102
8376 76 1083 2 191 0 0 2 307 487 273923 86 1518 0 59 63 169 -75
8400 75 1101 4 191 0 0 2 307 493 274501 84 1505 0 55 63 182 -81
8424 72 1044 0 191 0 0 2 307 489 274992 82 1548 2 61 61 139 -77
8448 72 1056 17 191 0 0 3 306 460 275550 82 1522 10 54 53 165 -48
8472 71 1054 30 191 0 0 0 309 460 276086 82 1536 14 54 49 151 -48
8496 70 1043 78 191 0 0 4 305 447 276645 81 1536 26 47 37 151 -35
8520 69 1031 101 191 0 0 4 305 417 277183 76 1547 30 50 33 140 -5
8544 69 971 124 191 0 0 2 307 416 277677 74 1547 31 55 32 140 -4
8568 68 1012 105 191 0 0 3 306 436 278172 73 1546 29 48 34 141 -24
8592 68 1001 121 191 0 0 2 307 422 278702 71 1544 23 52 40 143 -10
8616 68 1067 139 191 0 0 1 308 438 279258 69 1546 23 56 40 141 -26
8640.0 68 1061 143 191 0 0 3 306 437 279794 98 1530 28 56 35 157 0
8664 68 1015 109 191 0 0 2 307 464 280308 97 1543 27 40 36 144 -27
8688 67 944 122 191 0 0 2 307 435 280880 96 1548 45 30 18 139 2
8712 67 943 154 191 0 0 1 308 422 281416 94 1563 44 28 19 124 15
8736 67 949 169 191 0 0 0 309 454 281944 94 1574 28 28 35 113 -17
8760 66 953 163 191 0 0 2 307 429 282472 93 1554 37 28 26 133 8
