Time EBV Teff Treg ODC_le1 ODC_le2 ODC_le3 ODC_le4 ODC_le5 NK IL2 DAC Resting_Teff Resting_Treg EffectorMemory Resting_Treg_temp Resting_Teff_temp NK_temp
0.0 0 0 0 0 0 0 0 500 375 1000 0 1687 63 0 0 0 0
24 0 0 0 0 0 0 0 500 342 903 0 1687 63 0 0 0 33
48 0 0 0 0 0 0 0 500 338 813 0 1687 63 0 0 0 37
72 0 0 0 0 0 0 0 500 329 743 0 1687 63 0 0 0 46
96 0 0 0 0 0 0 0 500 334 674 0 1687 63 0 0 0 41
120 0 0 0 0 0 0 0 500 325 613 0 1687 63 0 0 0 50
144 0 0 0 0 0 0 0 500 330 553 0 1687 63 0 0 0 45
168.0 1000 0 0 0 0 0 0 500 340 498 0 1687 63 0 0 0 35
192 380 5761 113 17 20 77 153 233 273 831 0 1133 44 387 19 554 102
216 84 3847 140 102 35 77 120 166 285 354 0 1517 44 453 19 170 90
240 37 1358 157 167 21 48 96 168 290 259 0 1617 36 458 27 70 85
264 24 535 154 179 9 26 62 224 324 302 0 1633 39 442 24 54 51
288 18 317 158 179 1 10 50 260 322 345 0 1651 35 396 28 36 53
312 16 211 182 179 0 2 37 282 305 374 0 1648 38 381 25 39 70
336 13 173 196 179 0 3 29 289 304 376 0 1664 40 382 23 23 71
360 12 131 175 179 0 0 17 304 328 385 0 1659 33 377 30 28 47
384 9 106 159 179 0 1 21 299 330 366 0 1657 33 373 30 30 45
408 9 90 166 179 0 0 17 304 312 367 0 1665 40 354 23 22 63
432 8 87 177 179 0 0 12 309 321 368 0 1666 39 341 24 21 54
456 7 85 176 179 0 0 14 307 310 356 0 1679 45 336 18 8 65
480 7 81 169 179 0 0 19 302 314 329 0 1663 41 334 22 24 61
504 7 78 153 179 0 0 8 313 323 332 0 1673 43 326 20 14 52
528 7 82 157 179 0 0 12 309 325 348 0 1670 40 327 23 17 50
552 7 97 140 179 0 0 10 311 328 349 0 1666 43 329 20 21 47
576 7 97 152 179 0 1 11 309 323 340 0 1675 41 332 22 12 52
600 7 79 158 179 0 1 13 307 310 344 0 1674 42 314 21 13 65
624 7 78 165 179 0 0 13 308 325 337 0 1667 43 313 20 20 50
648 7 87 140 179 0 0 12 309 317 318 0 1673 38 310 25 14 58
672 7 54 159 179 0 0 8 313 322 308 0 1676 44 305 19 11 53
696 6 77 162 179 0 0 13 308 306 321 0 1672 39 291 24 15 69
720 6 60 166 179 0 1 11 309 324 297 0 1677 42 282 21 10 51
744 6 68 159 179 0 0 12 309 321 313 0 1669 43 264 20 18 54
768 6 70 164 179 0 0 5 316 326 310 0 1677 43 268 20 10 49
792 5 57 186 179 0 0 8 313 333 303 0 1678 36 270 27 9 42
816 4 55 173 179 0 0 6 315 320 293 0 1680 36 271 27 7 55
840 4 39 164 179 0 0 7 314 326 271 0 1677 46 269 17 10 49
864 4 37 183 179 0 0 9 312 315 250 0 1680 37 267 26 7 60
888 4 27 146 179 0 1 2 318 319 264 0 1678 41 257 22 9 56
912 3 31 166 179 0 0 6 315 323 246 0 1677 50 260 13 10 52
936 1 22 153 179 0 1 2 318 325 221 0 1684 37 257 26 3 50
960 1 11 136 179 0 0 6 315 317 197 0 1685 49 254 14 2 58
984 1 9 147 179 0 0 0 321 313 183 0 1685 35 252 28 2 62
1008 1 11 137 179 0 0 0 321 323 176 0 1683 46 252 17 4 52
1032 1 8 132 179 0 0 2 319 327 155 0 1685 42 249 21 2 48
1056 1 8 130 179 0 0 1 320 326 151 0 1685 42 243 21 2 49
1080 1 6 144 179 0 0 1 320 314 137 0 1686 48 239 15 1 61
1104 1 7 163 179 0 0 0 321 316 133 0 1684 35 238 28 3 59
1128 1 8 138 179 0 0 0 321 314 129 0 1682 48 236 15 5 61
1152 1 8 123 179 0 0 0 321 314 134 0 1687 43 236 20 0 61
1176 1 7 108 179 0 0 1 320 318 127 0 1684 48 233 15 3 57
1200 1 8 118 179 0 0 2 319 322 119 0 1685 39 231 24 2 53
1224 1 7 129 179 0 0 0 321 317 112 0 1687 43 230 20 0 58
1248 1 7 123 179 0 0 0 321 322 115 0 1685 48 226 15 2 53
1272 1 5 123 179 0 0 1 320 319 119 0 1686 45 225 18 1 56
1296 1 12 140 179 0 0 1 320 313 119 0 1686 42 219 21 1 62
1320 1 7 126 179 0 0 2 319 327 121 0 1687 47 213 16 0 48
1344 1 10 132 179 0 0 2 319 323 115 0 1685 45 209 18 2 52
1368 1 9 119 179 0 0 4 317 310 122 0 1685 44 207 19 2 65
1392 1 6 129 179 0 0 2 319 329 119 0 1685 46 202 17 2 46
1416 1 8 108 179 0 0 2 319 332 120 0 1686 42 200 21 1 43
1440.0 1 8 136 179 0 0 1 320 313 121 30 1684 44 197 19 3 62
1464 1 5 134 179 0 0 1 320 309 126 30 1683 45 197 18 4 66
1488 1 5 131 179 0 0 0 321 308 127 29 1685 42 197 21 2 67
1512 1 9 123 179 0 0 2 319 322 134 29 1680 48 196 15 7 53
1536 1 9 126 179 0 0 3 318 320 144 29 1687 37 191 26 0 55
1560 1 8 124 179 0 0 2 319 316 151 29 1683 43 188 20 4 59
1584 1 7 129 179 0 0 0 321 326 151 29 1683 39 188 24 4 49
1608.0 1001 8 121 179 0 0 2 319 326 150 28 1686 42 187 21 1 49
1632 573 3091 144 179 3 20 88 210 318 4744 28 1052 36 130 27 635 57
1656 271 3917 154 184 11 40 72 193 319 6440 28 1256 40 238 23 431 56
1680 144 3532 192 194 11 32 81 182 311 6634 28 1421 42 365 21 266 64
1704 72 2676 197 206 9 22 77 186 319 6055 27 1532 40 497 23 155 56
1728 45 1943 180 210 4 25 59 202 339 5200 25 1566 38 673 25 121 36
1752 26 1273 200 212 3 11 54 220 332 4529 25 1608 40 720 23 79 43
1776 23 883 197 212 2 13 66 207 332 4063 25 1631 41 717 22 56 43
1800 19 660 201 212 1 5 43 239 349 3721 24 1634 35 681 28 53 26
1824 16 494 226 212 2 4 21 261 337 3476 24 1649 35 608 28 38 38
1848 14 397 191 212 0 3 27 258 341 3282 24 1649 41 570 22 38 34
1872 10 280 176 212 0 1 26 261 328 3018 23 1669 39 573 24 18 47
1896 8 248 190 212 0 1 16 271 346 2764 23 1669 39 570 24 18 29
1920 6 136 196 212 0 0 14 274 347 2562 23 1663 35 560 28 24 28
1944 6 128 176 212 0 1 13 274 348 2377 22 1680 39 539 24 7 27
1968 5 102 187 212 0 1 16 271 351 2212 22 1677 39 513 24 10 24
1992 5 97 166 212 0 1 10 277 344 2066 22 1675 36 501 27 12 31
2016 4 78 169 212 0 0 2 286 342 1949 22 1682 42 484 21 5 33
2040 4 64 170 212 0 1 7 280 343 1796 22 1683 40 480 23 4 32
2064 4 68 168 212 0 1 8 279 326 1699 22 1674 38 464 25 13 49
2088 4 65 143 212 0 0 4 284 319 1626 22 1680 41 448 22 7 56
2112 4 55 177 212 0 0 5 283 348 1501 22 1679 41 441 22 8 27
2136 4 48 194 212 0 0 2 286 329 1377 22 1679 41 443 22 8 46
2160.0 4 58 170 212 0 0 5 283 324 1340 52 1674 46 427 17 13 51
2184 4 54 150 212 0 0 7 281 341 1314 51 1678 53 404 10 9 34
2208 4 46 163 212 0 0 4 284 330 1304 51 1680 39 380 24 7 45
2232 4 47 156 212 0 0 2 286 338 1270 50 1673 43 360 20 14 37
2256 4 46 157 212 0 0 1 287 338 1270 48 1681 36 329 27 6 37
2280 4 41 140 212 0 0 3 285 349 1238 46 1674 39 310 24 13 26
2304 4 43 121 212 0 0 6 282 327 1215 46 1674 41 293 22 13 48
2328 4 36 143 212 0 0 2 286 321 1201 45 1676 41 277 22 11 54
2352 4 42 138 212 0 0 2 286 326 1174 45 1680 41 258 22 7 49
2376 4 54 156 212 0 0 3 285 345 1142 45 1677 38 243 25 10 30
2400 4 33 154 212 0 0 3 285 336 1095 44 1681 40 229 23 6 39
2424 4 33 152 212 0 0 2 286 333 1067 44 1680 42 220 21 7 42
2448 4 46 143 212 0 0 3 285 339 1051 44 1679 36 211 27 8 36
2472 3 39 122 212 0 0 6 282 324 1037 42 1683 45 201 18 4 51
2496 3 25 157 212 0 1 0 287 339 1009 39 1682 45 195 18 5 36
2520 3 27 133 212 0 0 4 284 336 960 38 1680 42 188 21 7 39
2544 3 19 153 212 0 0 4 284 325 899 37 1683 37 181 26 4 50
2568 3 32 142 212 0 0 3 285 330 859 37 1683 41 181 22 4 45
2592 3 26 130 212 0 0 1 287 336 830 37 1683 48 175 15 4 39
2616 3 32 132 212 0 0 6 282 326 810 36 1677 36 170 27 10 49
2640 3 28 133 212 0 0 1 287 327 782 35 1681 40 170 23 6 48
2664 3 27 126 212 0 0 2 286 329 763 35 1682 41 164 22 5 46
2688 3 23 145 212 0 0 3 285 325 728 34 1684 43 160 20 3 50
2712 3 23 139 212 0 0 3 285 311 715 34 1682 40 157 23 5 64
2736 3 38 150 212 0 0 4 284 332 698 34 1676 31 154 32 11 43
2760 3 27 154 212 0 0 2 286 321 684 34 1683 44 149 19 4 54
2784 2 22 156 212 0 0 4 284 340 664 34 1679 44 147 19 8 35
2808 2 15 148 212 0 0 2 286 318 622 34 1682 40 146 23 5 57
2832 2 18 150 212 0 0 1 287 329 587 34 1682 40 143 23 5 46
2856 2 21 146 212 0 0 4 284 332 555 34 1679 44 141 19 8 43
2880.0 2 14 152 212 0 0 4 284 326 529 63 1685 41 137 22 2 49
2904 2 10 135 212 0 0 2 286 321 508 63 1681 44 136 19 6 54
2928 2 10 123 212 0 0 2 286 324 490 63 1683 43 134 20 4 51
2952 2 17 139 212 0 0 2 286 316 469 63 1681 40 132 23 6 59
2976 2 21 135 212 0 0 3 285 327 468 63 1684 34 132 29 3 48
3000 2 15 134 212 0 0 3 285 319 457 62 1683 41 130 22 4 56
3024 2 23 135 212 0 0 2 286 319 463 59 1680 38 126 25 7 56
3048.0 1002 9 119 212 0 0 1 287 332 442 59 1686 48 124 15 1 43
3072 590 2537 122 213 2 13 53 219 328 5645 57 1046 40 41 23 641 47
3096 349 2814 150 216 5 9 65 205 344 9175 56 1195 34 67 29 492 31
3120 237 2509 170 216 3 10 56 215 326 11739 56 1334 35 69 28 353 49
3144 180 2144 174 220 1 11 52 216 337 13701 56 1360 40 82 23 327 38
3168 143 1762 172 220 0 4 39 237 348 15166 55 1426 42 89 21 261 27
3192 112 1525 174 220 0 9 27 244 351 16320 55 1466 49 99 14 221 24
3216 98 1319 180 220 0 1 26 253 359 17249 55 1492 40 107 23 195 16
3240 80 1131 186 220 0 3 25 252 354 18077 55 1529 45 104 18 158 21
3264 67 1001 168 220 0 1 22 257 360 18663 51 1541 33 110 30 146 15
3288 63 966 149 220 0 1 15 264 356 19144 51 1580 37 122 26 107 19
3312 56 863 176 220 0 0 23 257 364 19571 50 1580 38 119 25 107 11
3336 52 785 163 220 0 1 9 270 367 19910 50 1576 43 125 20 111 8
3360 51 780 173 220 0 0 10 270 360 20248 49 1603 37 122 26 84 15
3384 50 819 186 220 0 0 16 264 361 20575 49 1571 38 122 25 116 14
3408 44 757 193 220 0 2 6 272 359 20826 48 1606 38 135 25 81 16
3432 41 704 174 221 0 1 10 268 356 21004 47 1602 39 142 24 85 19
3456 39 710 180 221 0 0 10 269 361 21120 46 1609 36 168 27 78 14
3480 37 662 184 221 0 0 7 272 366 21201 45 1605 30 173 33 82 9
3504 31 652 156 221 0 0 6 273 359 21222 43 1607 39 191 24 80 16
3528 31 537 180 221 0 0 16 263 361 21182 43 1625 41 194 22 62 14
3552 30 574 186 221 0 0 11 268 364 21186 43 1610 41 187 22 77 11
3576 30 578 188 221 0 0 9 270 367 21144 43 1614 40 196 23 73 8
3600.0 27 553 200 221 0 0 6 273 359 21095 72 1615 45 210 18 72 16
3624 27 467 165 221 0 0 7 272 346 21272 71 1610 38 168 25 77 29
3648 26 427 149 221 0 0 3 276 357 21383 71 1618 39 127 24 69 18
3672 25 435 167 221 0 0 7 272 354 21459 70 1642 42 117 21 45 21
3696 22 352 175 221 0 0 6 273 370 21522 70 1639 39 103 24 48 5
3720 21 299 168 221 0 1 3 275 369 21557 70 1638 41 90 22 49 6
3744 21 304 181 221 0 0 4 275 371 21551 69 1645 40 80 23 42 4
3768 21 309 195 221 0 0 4 275 370 21546 68 1636 47 74 16 51 5
3792 20 286 176 221 0 0 4 275 358 21545 68 1642 37 69 26 45 17
3816 20 285 169 221 0 0 5 274 346 21529 67 1633 33 66 30 54 29
3840 20 320 179 221 0 0 2 277 353 21520 67 1638 38 67 25 49 22
3864 20 277 155 221 0 1 8 270 371 21474 67 1646 42 63 21 41 4
3888 20 286 176 221 0 1 5 273 366 21447 67 1649 42 62 21 38 9
3912 20 258 181 221 0 0 3 276 364 21387 67 1639 40 64 23 48 11
3936 18 274 181 221 0 0 1 278 355 21373 66 1650 40 65 23 37 20
3960 17 255 171 221 0 0 2 277 372 21285 66 1644 39 66 24 43 3
3984 17 238 175 221 0 0 1 278 368 21257 66 1644 37 71 26 43 7
4008 16 249 166 221 0 0 5 274 372 21199 66 1656 42 71 21 31 3
4032 15 253 157 221 0 0 9 270 386 21101 66 1656 38 68 25 31 -11
4056 14 204 156 221 0 0 4 275 368 20996 66 1659 37 69 26 28 7
4080 14 190 170 221 0 0 2 277 385 20861 65 1656 38 67 25 31 -10
4104 13 211 191 221 0 0 7 272 360 20782 64 1650 36 67 27 37 15
4128 12 180 165 221 0 0 2 277 363 20642 63 1671 36 69 27 16 12
4152 12 173 174 221 0 0 1 278 373 20500 63 1659 38 68 25 28 2
4176 12 155 184 221 0 0 1 278 371 20346 62 1665 43 71 20 22 4
4200 12 165 169 221 0 0 0 279 361 20251 60 1659 37 72 26 28 14
4224 11 162 156 221 0 0 3 276 364 20134 60 1665 42 71 21 22 11
4248 10 166 178 221 0 0 3 276 374 19925 59 1661 39 71 24 26 1
4272 10 152 171 221 0 0 6 273 373 19688 59 1670 35 74 28 17 2
4296 10 139 169 221 0 0 4 275 364 19545 59 1668 44 74 19 19 11
4320.0 10 121 185 221 0 0 3 276 399 19350 89 1667 27 69 36 20 0
4344 10 140 172 221 0 0 3 276 386 19198 88 1654 37 66 26 33 13
4368 10 172 176 221 0 0 0 279 380 19068 88 1663 30 62 33 24 19
4392 10 151 156 221 0 0 5 274 370 18924 87 1665 37 61 26 22 29
4416 9 137 153 221 0 0 2 277 397 18736 86 1661 43 58 20 26 2
4440 8 101 152 221 0 0 6 273 382 18604 84 1674 46 55 17 13 17
4464 8 119 155 221 0 0 3 276 390 18407 83 1663 34 54 29 24 9
4488.0 1008 102 154 221 0 0 0 279 391 18205 83 1671 38 50 25 16 8
4512 831 3255 149 221 0 2 26 251 362 23705 83 975 44 16 19 712 37
4536 619 3836 173 221 2 6 44 227 380 28243 81 1054 42 16 21 633 19
4560 479 3672 173 221 1 5 34 239 389 32148 81 1117 42 19 21 570 10
4584 394 3442 194 221 1 6 31 241 384 35575 80 1155 39 21 24 532 15
4608 327 3044 192 221 0 4 32 243 397 38496 80 1247 40 35 23 440 2
4632 278 2930 178 221 0 2 26 251 380 41293 79 1256 38 37 25 431 19
4656 232 2633 158 221 0 3 24 252 370 43688 78 1331 42 31 21 356 29
4680 208 2387 182 221 0 2 23 254 363 45852 77 1361 37 34 26 326 36
4704 179 2160 177 221 0 1 22 256 401 47691 77 1374 29 35 34 313 -2
4728 159 1985 182 221 1 0 19 259 405 49346 77 1433 42 30 21 254 -6
4752 147 1848 202 221 0 2 13 264 388 50867 75 1411 39 34 24 276 11
4776 133 1750 182 221 1 0 14 264 377 52324 75 1443 39 34 24 244 22
4800 128 1671 170 222 0 0 12 266 393 53654 75 1445 39 32 24 242 6
4824 119 1548 186 222 0 0 10 268 389 54868 75 1440 37 36 26 247 10
4848 114 1491 173 222 0 0 8 270 389 56028 75 1468 40 43 23 219 10
4872 111 1448 191 222 0 0 10 268 412 57156 74 1499 37 41 26 188 -13
4896 108 1395 192 222 0 1 9 268 400 58173 72 1495 38 56 25 192 -1
4920 104 1469 195 222 0 0 7 271 389 59265 70 1463 37 44 26 224 10
4944 97 1340 190 222 0 0 6 272 385 60233 70 1501 39 58 24 186 14
4968 93 1284 177 222 0 1 3 274 402 61138 70 1525 42 61 21 162 -3
4992 89 1226 181 222 0 0 7 271 391 61927 70 1525 28 58 35 162 8
5016 86 1213 187 222 0 1 8 269 391 62751 69 1513 41 54 22 174 8
5040.0 85 1225 182 222 0 0 13 265 401 63583 99 1502 40 49 23 185 0
5064 81 1183 161 222 0 0 11 267 404 64337 98 1514 36 38 27 173 -3
5088 80 1047 160 222 0 0 6 272 391 65091 97 1540 35 27 28 147 10
5112 76 1011 170 222 0 0 3 275 392 65881 95 1540 35 28 28 147 9
5136 75 1010 163 222 0 1 2 275 388 66573 93 1535 50 21 13 152 13
5160 71 1010 179 222 0 1 5 272 384 67314 92 1541 36 22 27 146 17
5184 69 963 171 222 0 0 6 272 384 67964 91 1527 42 22 21 160 17
5208 68 912 180 222 0 0 7 271 390 68535 89 1562 33 20 30 125 11
5232 68 926 174 222 0 0 3 275 405 69083 89 1556 38 23 25 131 -4
5256 66 880 160 222 0 0 5 273 424 69600 89 1543 35 25 28 144 -23
5280 66 920 123 222 0 0 4 274 448 70126 89 1533 11 26 52 154 -47
5304 65 902 122 222 0 0 7 271 418 70667 87 1569 21 24 42 118 -17
5328 64 919 140 222 0 0 4 274 403 71170 86 1560 37 32 26 127 -2
5352 59 883 151 222 0 0 4 274 416 71651 85 1547 33 32 30 140 -15
5376 58 872 149 222 0 0 4 274 399 72151 85 1547 43 33 20 140 2
5400 56 828 155 222 0 0 1 277 395 72627 85 1571 39 32 24 116 6
5424 54 786 169 222 0 0 6 272 389 73061 84 1572 37 33 26 115 12
5448 52 786 168 222 0 0 11 267 386 73473 82 1561 42 33 21 126 15
5472 52 730 160 222 0 0 6 272 400 73780 80 1571 31 36 32 116 1
5496 50 727 151 222 0 0 1 277 400 74155 79 1581 44 39 19 106 1
5520 50 704 163 222 0 0 1 277 405 74428 78 1589 37 43 26 98 -4
5544 49 717 165 222 0 0 1 277 414 74769 78 1582 34 40 29 105 -13
5568 48 655 121 222 0 0 5 273 427 75037 75 1580 23 38 40 107 -26
5592 47 672 153 222 0 0 6 272 394 75356 75 1588 44 38 19 99 7
5616 46 679 163 222 0 0 3 275 407 75654 75 1584 38 41 25 103 -6
5640 46 680 197 222 0 0 0 278 381 75935 74 1586 34 37 29 101 20
5664 46 679 161 222 0 0 2 276 408 76212 73 1590 34 46 29 97 -7
5688 45 662 161 222 0 0 4 274 394 76488 72 1587 40 47 23 100 7
5712 45 691 161 222 0 0 3 275 389 76769 72 1584 39 47 24 103 12
5736 44 647 163 222 0 0 1 277 400 77015 72 1602 38 49 25 85 1
5760.0 43 650 176 222 0 0 3 275 419 77218 100 1599 33 50 30 88 0
5784 43 599 191 222 0 0 5 273 413 77491 98 1591 38 43 25 96 6
5808 43 600 206 222 0 0 4 274 413 77751 97 1588 35 41 28 99 6
5832 42 584 171 222 0 0 3 275 418 77963 97 1605 41 36 22 82 1
5856 42 577 157 222 0 0 4 274 430 78187 97 1596 33 38 30 91 -11
5880 41 613 161 222 0 0 1 277 415 78426 96 1589 39 32 24 98 4
5904 41 581 181 222 0 0 2 276 416 78645 94 1602 42 28 21 85 3
5928.0 1041 539 172 222 0 0 3 275 437 78765 94 1602 36 26 27 85 0
5952 982 3763 134 222 0 0 10 268 433 84193 93 893 40 13 23 794 4
5976 882 4641 130 222 0 1 15 262 423 89168 92 958 43 21 20 729 14
6000 790 4743 163 222 0 3 17 258 428 93981 91 968 35 23 28 719 9
6024 726 4820 149 222 0 0 22 256 424 98613 91 1014 45 16 18 673 13
6048 645 4638 167 222 1 0 14 263 409 102968 91 1048 40 15 23 639 28
6072 576 4473 176 222 0 1 16 261 422 107161 88 1068 43 18 20 619 15
6096 518 4180 165 222 0 0 14 264 436 111063 88 1092 36 21 27 595 1
6120 478 4000 184 222 0 1 13 264 418 114793 87 1116 40 26 23 571 19
6144 434 3987 179 222 0 0 14 264 420 118418 85 1111 43 18 20 576 17
6168 401 3757 145 222 0 1 15 262 444 121613 84 1169 36 29 27 518 -7
6192 370 3540 164 222 0 1 12 265 433 124726 83 1207 35 29 28 480 4
6216 347 3508 161 222 0 0 8 270 443 127818 83 1172 41 29 22 515 -6
6240 325 3370 158 222 0 0 16 262 423 130693 82 1233 39 33 24 454 14
6264 304 3253 167 222 0 0 9 269 438 133492 82 1253 40 30 23 434 -1
6288 285 3115 165 222 0 0 10 268 432 136084 81 1252 38 30 25 435 5
6312 272 2967 182 222 0 0 8 270 431 138594 81 1263 36 34 27 424 6
6336 256 2812 174 222 0 0 12 266 428 140920 81 1291 42 37 21 396 9
6360 244 2732 164 222 0 1 9 268 446 143222 80 1307 43 30 20 380 -9
6384 234 2674 183 222 1 0 10 267 435 145471 79 1325 36 39 27 362 2
6408 227 2652 187 222 1 0 5 272 434 147676 79 1328 42 40 21 359 3
6432 215 2564 190 222 0 1 4 273 433 149763 78 1334 41 48 22 353 4
6456 206 2446 178 222 0 0 8 270 432 151705 77 1336 48 42 15 351 5
6480.0 198 2435 175 222 0 0 9 269 458 153604 105 1352 30 41 33 335 0
6504 191 2207 160 222 0 0 10 268 476 155352 105 1376 18 32 45 311 -18
6528 184 2167 166 222 0 0 12 266 466 157143 104 1367 31 24 32 320 -8
6552 177 2158 135 222 0 0 7 271 504 158836 103 1412 14 20 49 275 -46
6576 171 2136 109 222 0 0 6 272 468 160464 101 1422 30 17 33 265 -10
6600 166 2031 146 222 0 0 4 274 455 162040 98 1393 39 18 24 294 3
6624 161 1985 183 222 0 0 7 271 443 163676 98 1409 39 14 24 278 15
6648 160 1955 191 222 0 0 8 270 454 165218 98 1416 42 20 21 271 4
6672 156 1889 169 222 0 0 3 275 457 166759 97 1427 41 22 22 260 1
6696 153 1854 188 222 0 0 5 273 451 168257 97 1409 37 22 26 278 7
6720 148 1843 165 222 0 0 8 270 465 169704 97 1428 41 18 22 259 -7
6744 146 1824 172 222 0 0 7 271 447 171075 95 1422 32 17 31 265 11
6768 142 1829 152 222 0 0 7 271 468 172429 93 1443 35 19 28 244 -10
6792 141 1849 169 222 0 0 4 274 436 173798 92 1425 42 16 21 262 22
6816 139 1754 206 222 0 0 5 273 459 175175 89 1438 41 20 22 249 -1
6840 138 1792 171 222 0 0 7 271 476 176468 89 1430 27 21 36 257 -18
6864 136 1730 145 222 0 0 3 275 460 177815 89 1437 41 22 22 250 -2
6888 130 1742 168 222 0 0 5 273 454 179167 86 1438 46 22 17 249 4
6912 125 1757 148 222 0 0 9 269 469 180385 85 1440 33 26 30 247 -11
6936 121 1628 152 222 0 0 7 271 454 181496 84 1463 44 21 19 224 4
6960 120 1589 165 222 0 0 3 275 440 182685 84 1458 40 22 23 229 18
6984 117 1564 162 222 0 0 2 276 451 183822 84 1453 38 27 25 234 7
7008 117 1567 167 222 0 0 4 274 452 184888 84 1459 36 37 27 228 6
7032 115 1502 143 222 0 0 6 272 508 185910 84 1485 17 34 46 202 -50
7056 114 1529 114 222 0 0 6 272 448 186964 83 1482 37 28 26 205 10
7080 111 1527 135 222 0 0 3 275 477 188020 80 1477 30 28 33 210 -19
7104 109 1546 130 222 0 0 4 274 459 189041 80 1471 39 36 24 216 -1
7128 106 1436 149 222 0 1 1 276 458 190019 79 1477 42 40 21 210 0
7152 104 1419 167 222 0 0 1 277 457 190935 77 1499 35 40 28 188 1
7176 102 1402 191 222 0 0 1 277 466 191865 76 1485 34 35 29 202 -8
7200.0 102 1374 177 222 0 0 6 272 454 192789 106 1496 33 41 30 191 4
7224 97 1347 172 222 0 0 3 275 454 193756 103 1508 43 29 20 179 4
7248 96 1269 168 222 0 0 2 276 460 194663 101 1507 39 23 24 180 -2
7272 96 1249 171 222 0 0 1 277 437 195495 99 1514 38 25 25 173 21
7296 94 1286 158 222 0 0 3 275 455 196387 99 1502 36 22 27 185 3
7320 93 1264 136 222 0 0 4 274 470 197172 99 1522 29 23 34 165 -12
7344 93 1272 138 222 0 0 2 276 458 198008 97 1494 43 24 20 193 0
7368 91 1228 159 222 0 0 1 277 441 198782 96 1537 46 21 17 150 17
7392 89 1278 160 222 0 0 6 272 482 199571 96 1523 28 22 35 164 -24
7416 87 1211 162 222 0 0 2 276 449 200316 95 1514 45 23 18 173 9
7440 87 1184 175 222 0 0 5 273 454 201105 94 1528 40 21 23 159 4
7464 86 1210 177 222 0 0 1 277 499 201873 93 1529 20 23 43 158 -41
7488 85 1161 99 222 0 0 1 277 557 202512 93 1520 6 21 57 167 -99
7512 84 1174 46 222 0 0 1 277 510 203180 93 1519 10 24 53 168 -52
7536 82 1202 85 222 0 0 5 273 476 203900 93 1525 32 25 31 162 -18
7560 78 1218 124 222 0 0 2 276 474 204617 91 1538 28 23 35 149 -16
7584 78 1152 138 222 0 0 0 278 467 205199 90 1562 37 24 26 125 -9
7608 78 1087 156 222 0 1 1 276 469 205829 88 1523 35 27 28 164 -11
7632 77 1094 155 222 0 0 2 276 473 206472 88 1525 41 23 22 162 -15
7656 76 1078 163 222 0 0 2 276 442 207152 88 1532 41 23 22 155 16
7680 76 1042 168 222 0 0 1 277 479 207744 88 1530 35 24 28 157 -21
7704 76 1118 138 222 0 0 0 278 467 208368 86 1536 39 23 24 151 -9
7728 74 1028 153 222 0 0 3 275 490 208899 86 1563 24 22 39 124 -32
7752 73 1062 128 222 0 0 1 277 444 209495 85 1553 35 25 28 134 14
7776 73 1049 124 222 0 0 2 276 514 210062 84 1531 11 31 52 156 -56
7800 73 1024 72 222 0 0 1 277 515 210605 84 1551 12 36 51 136 -57
7824 73 1063 63 222 0 0 4 274 522 211164 84 1536 7 37 56 151 -64
7848 72 1067 67 222 0 0 2 276 475 211766 84 1537 24 38 39 150 -17
7872 71 1006 124 222 0 0 0 278 478 212305 83 1542 21 34 42 145 -20
7896 70 935 127 222 0 0 1 277 485 212803 82 1549 30 28 33 138 -27
7920.0 70 939 144 222 0 0 2 276 454 213336 112 1546 43 31 20 141 4
7944 70 946 139 222 0 0 2 276 461 213811 111 1549 37 24 26 138 -3
7968 69 969 176 222 0 0 1 277 449 214374 108 1529 39 21 24 158 9
7992 68 981 138 222 0 0 2 276 470 214829 107 1566 29 22 34 121 -12
8016 65 984 146 222 0 0 1 277 441 215351 107 1541 40 19 23 146 17
8040 64 945 176 222 0 0 4 274 465 215854 105 1538 45 19 18 149 -7
8064 64 950 148 222 0 0 2 276 466 216303 103 1557 35 18 28 130 -8
8088 63 922 136 222 0 0 0 278 453 216826 101 1551 38 15 25 136 5
8112 63 952 171 222 0 0 3 275 460 217286 99 1550 36 17 27 137 -2
8136 62 873 148 222 0 0 2 276 485 217665 96 1562 32 18 31 125 -27
8160 61 867 150 222 0 0 1 277 449 218120 96 1551 35 17 28 136 9
8184 60 858 176 222 0 0 4 274 459 218603 94 1559 40 19 23 128 -1
8208 58 851 161 222 0 0 0 278 457 219036 93 1551 34 20 29 136 1
8232 58 865 165 222 0 0 0 278 453 219474 91 1550 37 23 26 137 5
8256 58 879 167 222 0 0 4 274 458 219936 90 1571 36 22 27 116 0
8280 57 885 129 222 0 0 2 276 476 220359 88 1564 28 22 35 123 -18
8304 55 829 138 222 0 0 1 277 456 220767 88 1582 35 20 28 105 2
8328 54 859 155 222 0 0 2 276 463 221147 87 1563 30 26 33 124 -5
8352 54 817 116 222 0 0 1 277 494 221442 86 1568 19 23 44 119 -36
8376 53 798 95 222 0 0 0 278 489 221767 86 1564 28 22 35 123 -31
8400 53 792 110 222 0 0 3 275 474 222029 84 1593 29 30 34 94 -16
8424 52 784 138 222 0 0 1 277 459 222330 83 1582 40 31 23 105 -1
8448 52 798 124 222 0 0 0 278 458 222610 83 1571 44 28 19 116 0
8472 51 731 155 222 0 0 3 275 461 222850 83 1570 40 31 23 117 -3
8496 51 751 156 222 0 0 1 277 448 223200 83 1582 37 30 26 105 10
8520 51 760 137 222 0 0 2 276 507 223453 83 1576 19 32 44 111 -49
8544 51 754 118 222 0 0 1 277 493 223745 83 1571 18 32 45 116 -35
8568 51 826 85 222 0 0 1 277 465 224000 83 1563 29 31 34 124 -7
8592 51 748 98 222 0 0 0 278 511 224248 82 1602 17 35 46 85 -53
8616 50 727 60 222 0 0 0 278 540 224477 80 1585 4 41 59 102 -82
8640.0 50 767 27 222 0 0 1 277 537 224648 109 1561 3 47 60 126 0
8664 50 746 117 222 0 0 2 276 530 224878 108 1587 43 42 20 100 7
8688 50 728 111 222 0 0 1 277 589 225015 108 1583 18 38 45 104 -52
8712 50 730 57 222 0 0 2 276 607 225154 107 1580 2 37 61 107 -70
8736 50 764 32 222 0 0 0 278 602 225302 106 1583 3 36 60 104 -65
8760 49 742 72 222 0 0 1 277 526 225507 105 1577 38 37 25 110 11
