Time EBV Teff Treg ODC_le1 ODC_le2 ODC_le3 ODC_le4 ODC_le5 NK IL2 DAC Resting_Teff Resting_Treg EffectorMemory Resting_Treg_temp Resting_Teff_temp NK_temp
0.0 0 0 0 0 0 0 0 500 375 1000 0 1687 63 0 0 0 0
24 0 0 0 0 0 0 0 500 333 916 0 1687 63 0 0 0 42
48 0 0 0 0 0 0 0 500 338 844 0 1687 63 0 0 0 37
72 0 0 0 0 0 0 0 500 336 766 0 1687 63 0 0 0 39
96 0 0 0 0 0 0 0 500 331 705 0 1687 63 0 0 0 44
120 0 0 0 0 0 0 0 500 339 628 0 1687 63 0 0 0 36
144 0 0 0 0 0 0 0 500 326 572 0 1687 63 0 0 0 49
168.0 1000 0 0 0 0 0 0 500 328 510 0 1687 63 0 0 0 47
192 338 5915 100 14 24 75 161 226 284 837 0 1162 48 430 15 525 91
216 81 3804 146 103 40 83 124 150 267 343 0 1487 41 454 22 200 108
240 29 1323 163 151 29 47 102 171 283 279 0 1606 42 466 21 81 92
264 18 355 167 158 8 28 74 232 303 291 0 1650 36 450 27 37 72
288 16 236 161 159 4 7 44 286 331 361 0 1649 38 413 25 38 44
312 15 182 175 160 1 6 37 296 314 411 0 1652 35 397 28 35 61
336 13 193 167 160 1 2 19 318 312 395 0 1654 38 380 25 33 63
360 12 159 165 160 0 3 26 311 307 394 0 1658 45 362 18 29 68
384 10 164 171 160 0 4 19 317 314 343 0 1665 45 363 18 22 61
408 8 122 187 160 0 1 17 322 315 344 0 1664 37 358 26 23 60
432 8 87 177 160 0 1 14 325 321 349 0 1672 36 335 27 15 54
456 8 104 167 160 0 1 9 330 328 367 0 1667 42 337 21 20 47
480 8 106 177 160 0 0 25 315 332 362 0 1669 41 327 22 18 43
504 8 84 169 160 0 0 16 324 326 372 0 1663 40 324 23 24 49
528 7 69 183 160 0 0 12 328 320 362 0 1680 38 316 25 7 55
552 7 69 185 160 0 0 13 327 325 341 0 1670 42 315 21 17 50
576 7 59 180 160 0 1 14 325 326 337 0 1673 37 309 26 14 49
600 7 68 153 160 0 0 11 329 330 345 0 1673 47 302 16 14 45
624 6 90 150 160 0 0 11 329 308 325 0 1672 44 302 19 15 67
648 6 60 161 160 0 0 11 329 308 302 0 1678 35 303 28 9 67
672 6 77 130 160 0 1 7 332 318 338 0 1665 40 285 23 22 57
696 6 66 157 160 0 1 10 329 328 309 0 1674 39 291 24 13 47
720 5 66 163 160 0 1 17 322 320 304 0 1680 36 280 27 7 55
744 5 50 165 160 0 1 5 334 335 294 0 1675 40 274 23 12 40
768 5 41 179 160 0 0 2 338 323 289 0 1676 44 262 19 11 52
792 3 23 179 160 0 0 1 339 331 272 0 1682 42 260 21 5 44
816 3 37 162 160 0 0 3 337 321 282 0 1681 38 257 25 6 54
840 3 22 143 160 0 0 7 333 309 253 0 1683 43 255 20 4 66
864 3 28 144 160 0 0 3 337 323 259 0 1677 35 249 28 10 52
888 3 32 166 160 0 0 2 338 325 250 0 1681 41 247 22 6 50
912 3 23 147 160 0 0 5 335 318 231 0 1682 42 245 21 5 57
936 3 30 154 160 0 0 1 339 320 238 0 1679 38 239 25 8 55
960 3 33 139 160 0 0 7 333 330 234 0 1683 37 234 26 4 45
984 3 31 156 160 0 0 5 335 322 226 0 1680 41 230 22 7 53
1008 3 31 151 160 0 0 8 332 329 217 0 1678 35 227 28 9 46
1032 3 25 128 160 0 0 4 336 330 217 0 1682 39 224 24 5 45
1056 3 37 124 160 0 0 5 335 329 227 0 1680 40 220 23 7 46
1080 3 30 143 160 0 0 2 338 331 229 0 1675 44 216 19 12 44
1104 3 32 157 160 0 0 3 337 329 227 0 1680 44 214 19 7 46
1128 3 43 165 160 0 1 8 331 292 228 0 1679 40 211 23 8 83
1152 2 20 154 160 0 0 10 330 311 218 0 1687 40 208 23 0 64
1176 2 12 134 160 0 0 1 339 330 207 0 1684 43 207 20 3 45
1200 2 21 138 160 0 0 2 338 329 203 0 1682 41 207 22 5 46
1224 2 22 134 160 0 0 4 336 320 201 0 1678 40 206 23 9 55
1248 2 13 134 160 0 0 5 335 309 192 0 1684 44 207 19 3 66
1272 2 13 127 160 0 0 1 339 328 190 0 1686 45 208 18 1 47
1296 2 23 139 160 0 0 2 338 326 189 0 1679 36 201 27 8 49
1320 2 24 160 160 0 0 3 337 332 180 0 1687 45 200 18 0 43
1344 2 12 167 160 0 0 3 337 324 180 0 1685 46 202 17 2 51
1368 2 11 139 160 0 0 1 339 322 171 0 1684 39 201 24 3 53
1392 2 14 148 160 0 0 1 339 325 173 0 1684 40 198 23 3 50
1416 2 20 137 160 0 0 7 333 322 172 0 1685 46 199 17 2 53
1440.0 2 11 159 160 0 0 2 338 335 180 30 1681 39 194 24 6 40
1464 2 11 130 160 0 0 5 335 331 192 30 1682 41 192 22 5 44
1488 2 15 127 160 0 0 3 337 324 204 30 1683 37 186 26 4 51
1512 2 13 134 160 0 0 4 336 319 222 30 1685 35 186 28 2 56
1536 2 18 121 160 0 0 3 337 329 239 29 1681 41 180 22 6 46
1560 2 24 121 160 0 0 1 339 325 253 29 1681 38 176 25 6 50
1584 2 18 144 160 0 0 6 334 334 264 29 1683 42 176 21 4 41
1608.0 1002 14 123 160 0 0 4 336 322 268 29 1681 45 172 18 6 53
1632 564 3055 145 161 3 26 74 236 304 4888 29 1053 39 116 24 634 71
1656 275 3545 169 165 6 31 91 207 298 6672 29 1280 29 220 34 407 77
1680 152 3367 182 172 6 29 84 209 325 7154 29 1411 35 335 28 276 50
1704 101 2678 191 178 2 25 67 228 341 7110 29 1475 41 365 22 212 34
1728 61 2047 201 179 6 16 62 237 332 6802 29 1550 45 435 18 137 43
1752 46 1473 220 184 3 15 37 261 341 6378 29 1602 38 489 25 85 34
1776 35 981 229 185 3 11 44 257 354 6085 29 1607 41 472 22 80 21
1800 31 770 215 185 1 7 37 270 337 5879 29 1625 38 444 25 62 38
1824 27 667 214 185 2 6 28 279 350 5719 28 1621 38 404 25 66 25
1848 24 582 197 185 1 4 28 282 342 5483 28 1615 37 425 26 72 33
1872 19 496 182 185 0 2 29 284 350 5244 28 1630 41 427 22 57 25
1896 14 337 213 185 0 2 19 294 344 4998 28 1656 38 418 25 31 31
1920 12 285 208 185 0 0 16 299 343 4801 28 1658 38 415 25 29 32
1944 11 246 197 185 0 0 14 301 343 4578 28 1664 39 416 24 23 32
1968 8 194 174 185 0 0 12 303 357 4355 28 1668 48 417 15 19 18
1992 6 171 167 185 0 0 11 304 325 4176 28 1670 42 433 21 17 50
2016 6 133 181 185 0 0 9 306 336 3981 28 1675 36 418 27 12 39
2040 6 137 157 185 0 0 6 309 345 3794 27 1674 41 404 22 13 30
2064 5 130 172 185 0 0 5 310 344 3553 27 1676 44 409 19 11 31
2088 5 91 183 185 0 0 5 310 337 3408 27 1678 43 406 20 9 38
2112 5 92 186 185 0 1 7 307 347 3214 27 1680 41 386 22 7 28
2136 4 74 178 185 0 0 5 310 349 3025 27 1675 43 382 20 12 26
2160.0 4 75 171 185 0 0 6 309 338 2865 57 1675 32 374 31 12 37
2184 4 61 159 185 0 0 7 308 339 2801 56 1671 38 352 25 16 36
2208 4 48 150 185 0 0 5 310 326 2718 55 1679 44 334 19 8 49
2232 4 49 147 185 0 0 8 307 331 2612 51 1677 46 315 17 10 44
2256 4 37 157 185 0 0 3 312 340 2526 49 1682 31 303 32 5 35
2280 4 62 150 185 0 0 2 313 347 2457 48 1668 34 294 29 19 28
2304 4 49 159 185 0 0 4 311 342 2376 48 1673 42 279 21 14 33
2328 4 60 174 185 0 1 8 306 343 2315 47 1678 31 261 32 9 32
2352 4 37 153 185 0 2 5 308 339 2220 47 1679 47 248 16 8 36
2376 4 41 147 185 0 1 3 311 344 2156 46 1679 41 234 22 8 31
2400 4 50 170 185 0 1 1 313 332 2089 45 1674 37 228 26 13 43
2424 4 40 152 185 0 0 4 311 328 2012 45 1679 36 216 27 8 47
2448 4 40 156 185 0 0 1 314 325 1915 45 1676 40 205 23 11 50
2472 4 41 152 185 0 0 4 311 332 1865 45 1676 43 201 20 11 43
2496 4 45 162 185 0 0 1 314 343 1805 45 1671 39 195 24 16 32
2520 3 41 163 185 0 0 8 307 329 1733 45 1680 39 189 24 7 46
2544 3 34 149 185 0 0 1 314 347 1673 45 1674 40 186 23 13 28
2568 3 34 143 185 0 0 2 313 328 1583 45 1679 37 181 26 8 47
2592 3 34 155 185 0 0 6 309 339 1517 45 1682 41 171 22 5 36
2616 3 24 167 185 0 0 8 307 331 1452 45 1682 35 169 28 5 44
2640 3 24 155 185 0 0 7 308 327 1387 44 1681 41 168 22 6 48
2664 3 22 136 185 0 0 3 312 339 1339 44 1681 41 162 22 6 36
2688 3 31 158 185 0 0 5 310 325 1294 44 1677 43 158 20 10 50
2712 3 27 146 185 0 0 2 313 339 1223 44 1680 38 155 25 7 36
2736 3 23 148 185 0 0 1 314 338 1155 44 1686 39 152 24 1 37
2760 3 20 156 185 0 0 3 312 326 1092 42 1678 38 150 25 9 49
2784 3 26 137 185 0 0 4 311 322 1027 42 1681 44 147 19 6 53
2808 3 22 130 185 0 0 2 313 311 1005 41 1683 45 140 18 4 64
2832 3 21 125 185 0 0 3 312 329 960 41 1684 47 138 16 3 46
2856 3 21 147 185 0 0 4 311 322 923 41 1681 39 138 24 6 53
2880.0 3 21 135 185 0 0 4 311 328 897 71 1682 42 136 21 5 47
2904 3 13 138 185 0 0 2 313 335 860 69 1677 39 131 24 10 40
2928 3 28 131 185 0 0 4 311 325 846 69 1680 41 130 22 7 50
2952 3 27 137 185 0 0 0 315 337 818 68 1679 35 130 28 8 38
2976 3 30 135 185 0 0 1 314 319 807 67 1682 48 128 15 5 56
3000 3 29 143 185 0 0 1 314 327 779 67 1680 42 126 21 7 48
3024 3 25 140 185 0 0 1 314 324 753 67 1674 40 123 23 13 51
3048.0 1003 24 121 185 0 0 2 313 334 753 65 1679 46 121 17 8 41
3072 572 2627 128 185 3 18 64 230 320 6070 65 1013 48 30 15 674 55
3096 343 2736 142 188 3 22 69 218 308 9643 65 1183 43 30 20 504 67
3120 241 2424 154 189 3 17 51 240 331 12309 64 1281 44 49 19 406 44
3144 173 2117 153 190 3 11 52 244 351 14286 62 1400 38 56 25 287 24
3168 127 1724 158 191 1 7 41 260 349 15766 62 1438 40 65 23 249 26
3192 112 1459 155 191 0 5 35 269 362 16985 62 1453 38 69 25 234 13
3216 100 1310 148 191 0 3 22 284 360 18028 60 1511 41 79 22 176 15
3240 88 1156 170 191 0 3 14 292 348 18921 60 1504 38 79 25 183 27
3264 77 1096 170 191 0 3 20 286 362 19749 59 1534 41 72 22 153 13
3288 66 999 153 191 0 0 19 290 359 20352 58 1552 44 88 19 135 16
3312 57 832 179 191 0 1 15 293 365 20839 58 1576 42 89 21 111 10
3336 57 783 180 191 0 1 13 295 362 21288 58 1576 39 88 24 111 13
3360 52 765 214 191 0 0 10 299 352 21781 58 1582 35 79 28 105 23
3384 43 636 181 191 0 0 17 292 353 22078 58 1598 31 81 32 89 22
3408 40 646 174 191 0 0 12 297 343 22360 58 1592 47 85 16 95 32
3432 40 605 178 191 0 0 12 297 354 22626 58 1607 39 81 24 80 21
3456 39 565 172 191 0 0 10 299 370 22872 57 1593 41 81 22 94 5
3480 37 526 178 191 0 1 12 296 358 23037 57 1602 33 82 30 85 17
3504 35 533 158 191 0 1 4 304 358 23236 56 1611 44 93 19 76 17
3528 35 476 175 191 0 0 7 302 363 23322 55 1623 41 94 22 64 12
3552 35 502 165 191 0 0 7 302 362 23494 53 1618 43 87 20 69 13
3576 33 492 175 191 0 0 9 300 370 23587 52 1606 41 98 22 81 5
3600.0 30 503 173 191 0 0 12 297 379 23633 82 1609 43 104 20 78 0
3624 27 435 181 191 0 1 7 301 351 23765 82 1623 36 89 27 64 28
3648 25 338 160 191 0 0 6 303 358 23807 80 1651 48 75 15 36 21
3672 22 333 163 191 0 0 4 305 361 23928 80 1625 46 63 17 62 18
3696 22 296 178 191 0 0 1 308 374 23947 79 1632 44 54 19 55 5
3720 21 309 163 191 0 0 5 304 368 23943 79 1645 44 50 19 42 11
3744 21 297 170 191 0 0 3 306 371 23922 79 1638 41 47 22 49 8
3768 21 277 168 191 0 0 4 305 360 23916 78 1643 37 47 26 44 19
3792 20 261 179 191 0 0 4 305 372 23931 78 1639 41 47 22 48 7
3816 20 258 171 191 0 1 6 302 364 23904 76 1651 42 50 21 36 15
3840 20 278 177 191 0 1 8 300 365 23853 75 1643 39 46 24 44 14
3864 20 297 164 191 0 0 7 302 363 23875 73 1630 46 46 17 57 16
3888 19 271 172 191 0 0 3 306 381 23824 72 1648 37 47 26 39 -2
3912 19 253 161 191 0 0 7 302 381 23741 69 1650 29 49 34 37 -2
3936 19 306 173 191 0 0 6 303 356 23750 68 1629 36 50 27 58 23
3960 18 284 177 191 0 0 3 306 376 23733 68 1638 43 48 20 49 3
3984 16 259 150 191 0 0 3 306 374 23659 66 1649 43 47 20 38 5
4008 15 236 169 191 0 0 2 307 366 23586 66 1649 32 47 31 38 13
4032 15 249 165 191 0 0 3 306 377 23499 66 1639 42 49 21 48 2
4056 15 252 165 191 0 0 4 305 380 23375 66 1649 39 50 24 38 -1
4080 15 222 176 191 0 0 5 304 370 23285 65 1655 37 51 26 32 9
4104 15 214 166 191 0 0 2 307 369 23174 65 1658 39 52 24 29 10
4128 14 208 166 191 0 0 2 307 367 23046 65 1652 39 60 24 35 12
4152 13 191 172 191 0 0 3 306 371 22906 64 1652 42 61 21 35 8
4176 13 172 173 191 0 0 1 308 370 22766 63 1651 38 61 25 36 9
4200 12 187 168 191 0 0 2 307 373 22623 62 1648 32 62 31 39 6
4224 12 188 154 191 0 0 2 307 379 22437 61 1663 37 63 26 24 0
4248 12 171 150 191 0 0 0 309 374 22257 61 1660 35 64 28 27 5
4272 12 173 192 191 0 0 5 304 350 22172 61 1659 40 70 23 28 29
4296 12 170 166 191 0 0 2 307 388 21995 60 1657 38 67 25 30 -9
4320.0 12 153 163 191 0 0 2 307 378 21813 89 1655 38 68 25 32 1
4344 12 155 167 191 0 0 5 304 377 21655 89 1665 41 66 22 22 2
4368 12 161 178 191 0 0 5 304 387 21484 88 1661 38 66 25 26 -8
4392 12 145 157 191 0 0 2 307 368 21302 86 1669 42 60 21 18 11
4416 12 148 185 191 0 0 3 306 382 21172 85 1660 38 59 25 27 -3
4440 12 171 179 191 0 0 2 307 362 21075 85 1655 36 56 27 32 17
4464 12 156 168 191 0 0 7 302 379 20918 84 1666 45 56 18 21 0
4488.0 1012 177 198 191 0 0 2 307 357 20817 84 1652 38 52 25 35 22
4512 857 3230 169 191 0 8 30 271 351 26270 82 950 43 22 20 737 28
4536 691 4014 166 192 1 7 31 269 350 31023 82 976 46 24 17 711 29
4560 537 3895 179 192 0 5 45 258 338 35150 82 1050 33 27 30 637 41
4584 443 3732 161 192 0 4 43 261 365 38858 82 1129 45 25 18 558 14
4608 369 3587 148 192 0 2 25 281 356 42218 81 1204 45 37 18 483 23
4632 313 3224 158 192 0 3 29 276 381 45150 81 1246 36 30 27 441 -2
4656 273 2902 155 192 0 0 29 279 353 47798 81 1292 38 27 25 395 26
4680 236 2628 165 192 0 0 21 287 360 50210 80 1307 39 27 24 380 19
4704 212 2443 191 192 0 2 23 283 362 52386 79 1344 41 27 22 343 17
4728 193 2330 177 192 0 2 17 289 372 54360 76 1398 44 43 19 289 7
4752 181 2215 184 192 0 1 24 283 363 56194 75 1368 36 45 27 319 16
4776 170 2106 172 192 0 1 13 294 384 57910 74 1386 29 43 34 301 -5
4800 156 1969 178 192 0 0 13 295 367 59512 74 1418 33 44 30 269 12
4824 147 1809 168 192 0 0 9 299 391 60864 73 1437 34 49 29 250 -12
4848 137 1762 173 192 0 1 13 294 373 62245 72 1457 41 60 22 230 6
4872 130 1749 175 192 0 1 9 298 387 63546 72 1446 40 48 23 241 -8
4896 122 1640 183 192 0 0 16 292 370 64825 70 1449 40 49 23 238 9
4920 116 1576 195 192 0 0 9 299 372 66011 68 1443 40 51 23 244 7
4944 110 1494 182 192 0 0 7 301 367 67061 67 1489 39 52 24 198 12
4968 102 1411 147 192 0 1 10 297 378 68065 67 1499 32 60 31 188 1
4992 98 1366 156 192 0 1 8 299 372 68997 66 1507 31 66 32 180 7
5016 96 1345 168 192 0 3 10 295 378 69925 64 1517 46 63 17 170 1
5040.0 91 1302 162 192 0 0 9 299 400 70755 93 1491 35 60 28 196 0
5064 89 1250 178 192 0 0 7 301 395 71674 91 1541 44 47 19 146 5
5088 84 1182 175 192 0 0 5 303 393 72488 88 1512 29 46 34 175 7
5112 80 1115 204 192 0 0 7 301 388 73306 85 1509 39 44 24 178 12
5136 78 1100 187 192 0 0 4 304 405 74055 85 1527 41 38 22 160 -5
5160 75 1089 183 192 0 0 7 301 391 74751 85 1538 39 35 24 149 9
5184 70 1033 175 192 0 0 10 298 404 75395 84 1525 30 35 33 162 -4
5208 68 958 172 192 0 1 6 301 394 75919 83 1544 38 30 25 143 6
5232 65 888 158 192 0 1 3 304 408 76461 82 1568 38 30 25 119 -8
5256 65 892 149 192 0 0 4 304 409 77013 82 1544 32 32 31 143 -9
5280 62 905 154 192 0 0 5 303 393 77574 81 1559 37 29 26 128 7
5304 61 846 189 192 0 0 3 305 380 78067 81 1557 37 29 26 130 20
5328 60 882 200 192 0 0 4 304 401 78635 79 1544 39 34 24 143 -1
5352 59 883 186 192 0 0 7 301 390 79162 79 1547 33 38 30 140 10
5376 56 804 177 192 0 0 4 304 401 79552 78 1580 36 39 27 107 -1
5400 53 764 159 192 0 0 3 305 392 79927 77 1583 39 46 24 104 8
5424 52 740 168 192 0 0 2 306 410 80272 77 1583 37 41 26 104 -10
5448 52 744 181 192 0 0 1 307 388 80611 76 1592 42 39 21 95 12
5472 50 716 157 192 0 0 3 305 400 80933 76 1600 39 43 24 87 0
5496 50 682 172 192 0 0 2 306 387 81248 74 1600 38 45 25 87 13
5520 49 715 162 192 0 0 3 305 410 81608 73 1577 38 44 25 110 -10
5544 47 710 146 192 0 0 4 304 417 81868 73 1578 28 50 35 109 -17
5568 46 676 145 192 0 0 7 301 409 82110 73 1600 40 46 23 87 -9
5592 45 658 162 192 0 0 1 307 391 82385 71 1602 44 50 19 85 9
5616 44 624 181 192 0 0 3 305 398 82620 71 1590 43 52 20 97 2
5640 43 666 177 192 0 0 3 305 409 82830 71 1597 38 56 25 90 -9
5664 43 666 186 192 0 0 8 300 389 83097 70 1595 39 60 24 92 11
5688 42 656 176 192 0 0 2 306 404 83343 70 1589 41 54 22 98 -4
5712 42 658 172 192 0 0 3 305 404 83618 68 1605 36 57 27 82 -4
5736 39 583 162 192 0 0 4 304 395 83804 67 1617 37 53 26 70 5
5760.0 39 622 169 192 0 0 1 307 402 84006 94 1602 42 57 21 85 0
5784 39 512 189 192 0 0 4 304 388 84223 90 1613 35 53 28 74 14
5808 38 541 172 192 0 0 3 305 404 84450 90 1617 41 47 22 70 -2
5832 38 563 149 192 0 0 3 305 411 84598 88 1609 38 47 25 78 -9
5856 38 556 149 192 0 0 3 305 417 84766 87 1613 36 44 27 74 -15
5880 37 524 161 192 0 0 1 307 419 84896 84 1616 33 45 30 71 -17
5904 36 558 174 192 0 0 3 305 404 85119 84 1604 36 39 27 83 -2
5928.0 1036 545 180 192 0 0 2 306 412 85270 84 1617 37 41 26 70 0
5952 967 3739 160 192 0 0 14 294 401 90702 80 943 39 24 24 744 11
5976 875 4699 146 192 0 1 26 281 388 95654 78 929 41 28 22 758 24
6000 778 4901 170 192 0 1 17 290 375 100407 76 976 37 29 26 711 37
6024 689 4755 171 192 0 2 22 284 411 104800 74 1033 41 29 22 654 1
6048 639 4769 157 192 0 1 16 291 411 109094 72 1036 44 34 19 651 1
6072 592 4562 155 192 0 0 9 299 409 113157 71 1043 42 43 21 644 3
6096 548 4447 178 192 0 1 12 295 394 117036 70 1089 40 54 23 598 18
6120 505 4355 173 192 0 1 16 291 396 120758 70 1123 43 44 20 564 16
6144 479 4265 176 192 0 1 10 297 403 124332 70 1151 45 45 18 536 9
6168 443 4046 186 192 0 1 14 293 397 127763 69 1105 40 50 23 582 15
6192 414 3859 165 192 0 0 14 294 395 131022 69 1201 46 47 17 486 17
6216 386 3780 154 192 0 1 7 300 402 134092 68 1155 40 58 23 532 10
6240 359 3725 160 192 0 0 14 294 407 137097 67 1208 38 55 25 479 5
6264 342 3524 187 192 0 0 11 297 404 139898 67 1235 39 49 24 452 8
6288 329 3404 162 192 0 0 5 303 401 142663 66 1224 45 66 18 463 11
6312 310 3304 170 192 0 0 7 301 420 145247 65 1235 39 68 24 452 -8
6336 296 3287 183 192 0 0 10 298 403 147901 64 1273 33 55 30 414 9
6360 276 3287 208 192 0 0 11 297 414 150445 63 1259 38 72 25 428 -2
6384 259 3145 189 192 0 0 8 300 409 152686 63 1302 35 79 28 385 3
6408 250 3001 172 192 0 0 14 294 453 154836 62 1311 23 73 40 376 -41
6432 239 2981 166 192 0 0 6 302 399 156959 62 1341 30 83 33 346 13
6456 231 2959 172 192 0 0 12 296 409 159106 61 1318 39 83 24 369 3
6480.0 220 2913 177 192 0 1 4 303 409 161093 90 1298 36 85 27 389 3
6504 208 2626 163 192 0 2 10 296 402 163240 88 1341 40 40 23 346 10
6528 202 2493 180 192 0 0 8 300 411 165133 87 1372 38 33 25 315 1
6552 195 2420 157 192 0 0 4 304 401 167085 86 1368 43 27 20 319 11
6576 191 2346 160 192 0 1 9 298 412 169009 85 1359 38 29 25 328 0
6600 182 2176 150 192 0 0 1 307 442 170693 83 1394 19 28 44 293 -30
6624 174 2052 115 192 0 0 8 300 465 172288 81 1398 13 27 50 289 -53
6648 170 2150 131 192 0 0 4 304 421 173982 81 1403 34 28 29 284 -9
6672 163 2118 178 192 0 0 4 304 404 175696 79 1399 39 34 24 288 8
6696 162 2073 193 192 0 0 4 304 394 177299 79 1395 37 40 26 292 18
6720 155 2013 200 192 0 0 6 302 418 178808 76 1424 31 36 32 263 -6
6744 148 1926 158 192 0 0 2 306 405 180276 75 1406 39 39 24 281 7
6768 143 1925 165 192 0 0 5 303 440 181630 75 1453 25 37 38 234 -28
6792 139 1906 157 192 0 0 3 305 404 183005 75 1418 38 45 25 269 8
6816 135 1783 166 192 0 0 4 304 409 184275 75 1438 40 45 23 249 3
6840 133 1762 168 192 0 0 3 305 412 185563 74 1431 39 40 24 256 0
6864 130 1719 181 192 0 0 4 304 405 186848 74 1412 37 41 26 275 7
6888 126 1730 182 192 0 0 2 306 404 188119 73 1440 39 48 24 247 8
6912 126 1660 173 192 0 0 6 302 414 189320 72 1451 42 40 21 236 -2
6936 123 1659 164 192 0 0 6 302 412 190483 72 1458 32 49 31 229 0
6960 121 1672 112 192 0 0 3 305 459 191546 70 1464 19 47 44 223 -47
6984 117 1648 68 192 0 0 3 305 463 192613 69 1461 11 56 52 226 -51
7008 112 1626 50 192 0 0 2 306 438 193664 69 1471 18 56 45 216 -26
7032 108 1591 128 192 0 0 3 305 419 194736 69 1480 35 58 28 207 -7
7056 106 1524 143 192 0 0 7 301 403 195748 67 1478 36 60 27 209 9
7080 105 1513 144 192 0 0 4 304 429 196693 67 1495 23 61 40 192 -17
7104 101 1450 170 192 0 0 3 305 405 197614 64 1520 31 67 32 167 7
7128 101 1413 161 192 0 0 0 308 416 198430 62 1491 32 66 31 196 -4
7152 99 1407 152 192 0 0 6 302 425 199206 61 1522 33 83 30 165 -13
7176 95 1497 155 192 0 0 7 301 434 200008 60 1485 33 94 30 202 -22
7200.0 95 1454 184 192 0 0 6 302 432 200771 89 1497 30 92 33 190 0
7224 93 1357 173 192 0 0 3 305 427 201644 87 1478 35 57 28 209 5
7248 93 1288 143 192 0 0 4 304 436 202498 87 1487 41 44 22 200 -4
7272 93 1313 147 192 0 0 3 305 427 203320 87 1513 45 39 18 174 5
7296 91 1327 173 192 0 0 5 303 424 204186 86 1481 44 41 19 206 8
7320 87 1254 182 192 0 0 2 306 420 204951 86 1504 36 43 27 183 12
7344 87 1229 180 192 0 1 2 305 431 205754 85 1525 35 41 28 162 1
7368 85 1159 184 192 0 0 4 304 443 206523 85 1523 41 38 22 164 -11
7392 84 1244 149 192 0 0 1 307 415 207312 83 1525 39 37 24 162 17
7416 82 1175 158 192 0 0 5 303 437 208032 83 1520 33 36 30 167 -5
7440 81 1121 170 192 0 0 4 304 429 208720 79 1536 42 33 21 151 3
7464 80 1107 143 192 0 0 3 305 465 209341 78 1539 20 34 43 148 -33
7488 79 1144 94 192 0 1 1 306 502 209996 78 1488 2 33 61 199 -70
7512 78 1077 102 192 0 0 3 305 448 210586 78 1547 34 35 29 140 -16
7536 76 1098 123 192 0 0 2 306 447 211198 77 1523 37 38 26 164 -15
7560 75 1029 130 192 0 0 1 307 456 211763 76 1557 32 42 31 130 -24
7584 74 1099 85 192 0 0 1 307 502 212287 75 1524 7 42 56 163 -70
7608 74 1122 35 192 0 0 1 307 536 212835 75 1506 0 52 63 181 -104
7632 72 1090 31 192 0 0 2 306 494 213348 75 1539 8 53 55 148 -62
7656 71 1052 19 192 0 0 4 304 505 213805 72 1541 0 57 63 146 -73
7680 71 1023 14 192 0 0 3 305 535 214234 72 1525 0 67 63 162 -103
7704 71 1071 6 192 0 0 2 306 517 214694 71 1532 0 80 63 155 -85
7728 67 1022 20 192 0 0 1 307 532 215194 71 1534 2 75 61 153 -100
7752 67 1001 10 192 0 0 1 307 548 215538 67 1512 0 101 63 175 -116
7776 66 990 2 192 0 1 1 306 579 215823 67 1494 0 127 63 193 -147
7800 65 939 2 192 0 0 4 304 561 216042 66 1522 0 147 63 165 -129
7824 65 972 1 192 0 0 4 304 579 216275 66 1513 0 172 63 174 -147
7848 65 989 1 192 0 0 3 305 529 216605 66 1558 0 201 63 129 -97
7872 64 993 3 192 0 0 0 308 505 217029 66 1550 0 159 63 137 -73
7896 63 1021 46 192 0 0 0 308 462 217477 66 1563 24 108 39 124 -30
7920.0 62 969 114 192 0 0 1 307 442 217895 94 1565 37 95 26 122 0
7944 60 927 146 192 0 0 2 306 444 218372 93 1569 32 74 31 118 -2
7968 60 875 154 192 0 0 2 306 440 218837 93 1573 34 56 29 114 2
7992 59 896 173 192 0 0 4 304 437 219271 91 1576 40 42 23 111 5
8016 58 863 164 192 0 0 0 308 429 219745 91 1559 44 37 19 128 13
8040 58 828 151 192 0 0 0 308 455 220155 91 1548 29 33 34 139 -13
8064 57 834 154 192 0 0 0 308 436 220599 91 1571 45 26 18 116 6
8088 57 778 173 192 0 0 0 308 428 220958 91 1583 32 28 31 104 14
8112 57 824 175 192 0 0 0 308 452 221358 89 1569 27 23 36 118 -10
8136 57 829 142 192 0 0 1 307 453 221705 86 1577 29 21 34 110 -11
8160 56 842 171 192 0 0 2 306 465 222098 86 1575 32 20 31 112 -23
8184 55 846 145 192 0 0 2 306 465 222482 86 1553 31 21 32 134 -23
8208 54 788 80 192 0 1 1 306 500 222735 85 1590 10 24 53 97 -58
8232 54 767 45 192 0 0 3 305 545 222958 82 1554 2 27 61 133 -103
8256 54 818 20 192 0 0 1 307 544 223200 82 1548 0 32 63 139 -102
8280 53 810 7 192 0 0 2 306 524 223418 81 1541 0 37 63 146 -82
8304 53 831 4 192 0 0 2 306 526 223675 81 1550 0 38 63 137 -84
8328 53 855 40 192 0 0 3 305 472 224052 81 1573 34 34 29 114 -30
8352 53 806 108 192 0 0 2 306 455 224381 81 1587 34 36 29 100 -13
8376 53 797 157 192 0 0 3 305 426 224727 79 1564 31 29 32 123 16
8400 52 726 161 192 0 0 2 306 456 224952 79 1603 30 27 33 84 -14
8424 52 731 174 192 0 0 0 308 439 225266 79 1593 39 29 24 94 3
8448 52 799 156 192 0 0 2 306 432 225633 77 1570 39 31 24 117 10
8472 51 784 175 192 0 0 2 306 440 226034 77 1580 36 38 27 107 2
8496 51 770 184 192 0 0 1 307 436 226323 76 1587 45 42 18 100 6
8520 50 707 188 192 0 0 0 308 436 226602 74 1591 34 44 29 96 6
8544 49 734 188 192 0 0 1 307 454 226854 74 1594 29 40 34 93 -12
8568 49 754 154 192 0 0 1 307 484 227106 73 1570 20 40 43 117 -42
8592 49 750 101 192 0 0 1 307 514 227276 72 1570 1 55 62 117 -72
8616 49 743 43 192 0 0 1 307 535 227396 72 1580 0 64 63 107 -93
8640.0 48 742 24 192 0 0 1 307 552 227574 102 1572 0 71 63 115 0
8664 48 703 112 192 0 0 1 307 549 227737 99 1581 40 56 23 106 3
8688 47 723 148 192 0 0 3 305 556 227951 98 1594 35 49 28 93 -4
8712 47 725 171 192 0 0 2 306 563 228134 98 1576 37 41 26 111 -11
8736 47 737 176 192 0 0 3 305 561 228277 98 1588 40 36 23 99 -9
8760 47 697 184 192 0 0 1 307 558 228487 96 1572 31 31 32 115 -6
