Time EBV Teff Treg ODC_le1 ODC_le2 ODC_le3 ODC_le4 ODC_le5 NK IL2 DAC Resting_Teff Resting_Treg EffectorMemory Resting_Treg_temp Resting_Teff_temp NK_temp
0.0 0 0 0 0 0 0 0 500 375 1000 0 1687 63 0 0 0 0
24 0 0 0 0 0 0 0 500 326 911 0 1687 63 0 0 0 49
48 0 0 0 0 0 0 0 500 352 819 0 1687 63 0 0 0 23
72 0 0 0 0 0 0 0 500 333 746 0 1687 63 0 0 0 42
96 0 0 0 0 0 0 0 500 335 676 0 1687 63 0 0 0 40
120 0 0 0 0 0 0 0 500 340 608 0 1687 63 0 0 0 35
144 0 0 0 0 0 0 0 500 330 543 0 1687 63 0 0 0 45
168.0 1000 0 0 0 0 0 0 500 337 487 0 1687 63 0 0 0 38
192 363 5852 108 11 36 72 165 216 273 797 0 1166 50 433 13 521 102
216 76 3821 157 95 40 84 123 158 266 330 0 1495 43 425 20 192 109
240 26 1059 170 151 21 57 98 173 293 216 0 1624 40 460 23 63 82
264 18 392 154 157 7 21 72 243 320 268 0 1647 37 423 26 40 55
288 16 226 174 159 3 9 44 285 316 316 0 1653 36 410 27 34 59
312 14 194 170 160 1 3 32 304 310 378 0 1658 42 379 21 29 65
336 12 180 177 160 0 2 31 307 326 365 0 1655 38 363 25 32 49
360 10 123 167 160 0 0 25 315 324 354 0 1667 41 356 22 20 51
384 10 114 160 160 0 1 18 321 311 376 0 1670 40 351 23 17 64
408 10 131 157 160 0 0 26 314 310 381 0 1668 34 354 29 19 65
432 7 120 192 160 0 1 18 321 324 371 0 1666 38 340 25 21 51
456 5 69 184 160 0 0 14 326 330 294 0 1672 46 341 17 15 45
480 5 50 176 160 0 0 14 326 322 303 0 1674 36 333 27 13 53
504 5 48 151 160 0 0 10 330 329 305 0 1675 41 316 22 12 46
528 5 58 144 160 0 0 11 329 325 297 0 1676 44 327 19 11 50
552 5 70 155 160 0 1 13 326 320 287 0 1674 41 317 22 13 55
576 4 63 142 160 0 0 8 332 312 284 0 1674 37 305 26 13 63
600 4 54 157 160 0 0 10 330 321 279 0 1677 35 290 28 10 54
624 4 53 159 160 0 0 8 332 334 270 0 1683 44 284 19 4 41
648 3 50 147 160 0 0 12 328 326 221 0 1680 40 286 23 7 49
672 3 28 140 160 0 0 3 337 315 225 0 1679 47 281 16 8 60
696 3 24 143 160 0 0 4 336 323 218 0 1683 45 275 18 4 52
720 3 40 134 160 0 0 7 333 321 221 0 1679 40 268 23 8 54
744 3 27 141 160 0 0 6 334 317 222 0 1681 48 263 15 6 58
768 3 30 137 160 0 0 3 337 324 237 0 1677 45 256 18 10 51
792 3 31 149 160 0 0 4 336 326 222 0 1683 35 254 28 4 49
816 2 24 152 160 0 0 4 336 321 223 0 1684 41 245 22 3 54
840 2 16 153 160 0 0 4 336 316 217 0 1684 47 238 16 3 59
864 2 15 138 160 0 0 1 339 314 202 0 1685 43 234 20 2 61
888 2 16 125 160 0 0 3 337 322 202 0 1683 42 233 21 4 53
912 2 15 135 160 0 0 3 337 322 191 0 1683 35 231 28 4 53
936 2 11 131 160 0 0 4 336 316 190 0 1683 44 226 19 4 59
960 2 16 139 160 0 0 5 335 326 190 0 1686 46 226 17 1 49
984 2 15 153 160 0 0 2 338 331 181 0 1685 38 227 25 2 44
1008 1 6 144 160 0 0 4 336 331 174 0 1686 46 226 17 1 44
1032 1 7 129 160 0 0 1 339 317 160 0 1685 37 225 26 2 58
1056 1 9 137 160 0 0 2 338 329 155 0 1684 47 222 16 3 46
1080 1 5 140 160 0 0 1 339 315 145 0 1686 44 221 19 1 60
1104 1 9 136 160 0 0 2 338 325 135 0 1686 42 217 21 1 50
1128 1 9 148 160 0 0 3 337 322 134 0 1684 41 215 22 3 53
1152 1 9 136 160 0 0 4 336 321 129 0 1685 45 214 18 2 54
1176 1 5 130 160 0 0 1 339 312 119 0 1687 36 212 27 0 63
1200 1 7 131 160 0 0 2 338 324 118 0 1685 35 212 28 2 51
1224 1 8 154 160 0 0 1 339 318 110 0 1686 43 212 20 1 57
1248 1 11 135 160 0 0 1 339 336 108 0 1686 45 209 18 1 39
1272 1 4 129 160 0 0 2 338 323 108 0 1685 40 208 23 2 52
1296 1 7 113 160 0 0 1 339 320 115 0 1684 45 204 18 3 55
1320 1 2 119 160 0 0 0 340 319 122 0 1685 44 202 19 2 56
1344 1 6 114 160 0 0 3 337 320 116 0 1684 45 201 18 3 55
1368 1 4 134 160 0 0 0 340 320 108 0 1685 43 200 20 2 55
1392 1 5 129 160 0 0 1 339 315 104 0 1684 50 200 13 3 60
1416 1 9 133 160 0 0 4 336 317 105 0 1687 42 198 21 0 58
1440.0 1 4 120 160 0 0 1 339 321 99 30 1687 40 200 23 0 54
1464 1 4 119 160 0 0 1 339 320 108 29 1684 36 197 27 3 55
1488 1 4 110 160 0 0 3 337 327 119 29 1685 43 194 20 2 48
1512 1 5 112 160 0 0 1 339 320 117 29 1683 43 193 20 4 55
1536 1 7 142 160 0 0 2 338 326 118 29 1683 43 190 20 4 49
1560 1 7 130 160 0 0 1 339 326 119 29 1686 42 188 21 1 49
1584 1 9 112 160 0 0 1 339 331 126 29 1686 45 187 18 1 44
1608.0 1001 11 126 160 0 0 1 339 304 129 29 1682 39 186 24 5 71
1632 602 3033 140 165 6 20 78 231 295 4725 29 1015 48 125 15 672 80
1656 302 3752 153 174 4 34 74 214 314 6609 29 1205 44 223 19 482 61
1680 154 3424 188 180 7 24 79 210 318 7160 29 1387 38 317 25 300 57
1704 89 2577 188 183 9 24 62 222 310 6921 29 1530 36 425 27 157 65
1728 57 1948 188 187 5 12 82 214 338 6524 29 1562 35 491 28 125 37
1752 37 1416 189 192 5 16 63 224 339 6006 29 1609 37 559 26 78 36
1776 27 957 218 194 3 7 57 239 336 5555 29 1636 42 575 21 51 39
1800 23 710 213 196 1 3 41 259 352 5345 29 1630 37 552 26 57 23
1824 19 535 167 197 1 1 29 272 344 5206 28 1649 35 509 28 38 31
1848 16 471 180 197 0 4 26 273 347 5002 28 1644 46 490 17 43 28
1872 16 390 188 197 1 0 21 281 340 4704 27 1657 35 483 28 30 35
1896 15 333 187 197 0 1 17 285 353 4506 27 1650 37 459 26 37 22
1920 13 298 192 197 0 1 17 285 344 4260 27 1660 34 469 29 27 31
1944 11 249 202 197 0 2 19 282 333 4065 27 1666 41 462 22 21 42
1968 10 217 203 197 0 2 13 288 343 3913 26 1661 46 432 17 26 32
1992 10 204 195 197 0 0 12 291 341 3697 26 1663 36 434 27 24 34
2016 9 155 198 197 0 1 12 290 347 3532 26 1673 45 414 18 14 28
2040 8 153 177 197 0 0 12 291 346 3371 26 1669 33 396 30 18 29
2064 8 172 167 197 0 0 12 291 340 3181 25 1672 39 388 24 15 35
2088 7 159 178 197 0 0 12 291 335 3021 25 1662 39 386 24 25 40
2112 6 136 185 197 0 0 13 290 339 2853 24 1671 40 398 23 16 36
2136 6 101 195 197 0 0 7 296 336 2713 24 1672 41 394 22 15 39
2160.0 6 85 189 197 0 0 8 295 353 2553 54 1675 41 374 22 12 22
2184 6 79 152 197 0 0 4 299 345 2502 53 1671 45 342 18 16 30
2208 6 81 159 197 0 0 7 296 329 2480 52 1672 37 315 26 15 46
2232 5 49 171 197 0 0 3 300 344 2413 52 1678 39 296 24 9 31
2256 5 55 147 197 0 0 9 294 347 2356 51 1675 45 280 18 12 28
2280 5 59 130 197 0 0 5 298 348 2308 50 1675 45 260 18 12 27
2304 4 41 140 197 0 0 11 292 336 2206 50 1680 44 244 19 7 39
2328 4 41 139 197 0 0 4 299 329 2140 50 1678 48 237 15 9 46
2352 4 36 141 197 0 0 9 294 339 2047 49 1681 41 235 22 6 36
2376 4 44 138 197 0 1 6 296 346 1972 48 1677 42 225 21 10 29
2400 4 47 162 197 0 1 5 297 340 1878 48 1681 36 221 27 6 35
2424 4 43 159 197 0 0 3 300 331 1834 48 1674 44 208 19 13 44
2448 4 43 159 197 0 0 2 301 350 1798 48 1670 40 197 23 17 25
2472 4 27 139 197 0 0 1 302 339 1701 48 1684 43 194 20 3 36
2496 4 35 138 197 0 0 2 301 342 1640 46 1682 40 179 23 5 33
2520 4 48 145 197 0 0 5 298 336 1595 46 1676 41 173 22 11 39
2544 4 28 162 197 0 0 4 299 334 1521 46 1676 40 167 23 11 41
2568 4 39 155 197 0 0 3 300 336 1480 46 1678 41 160 22 9 39
2592 4 35 142 197 0 0 3 300 339 1411 45 1676 34 156 29 11 36
2616 4 32 128 197 0 0 5 298 327 1335 44 1681 44 151 19 6 48
2640 4 39 138 197 0 0 5 298 334 1321 42 1673 42 143 21 14 41
2664 4 32 148 197 0 0 2 301 322 1262 40 1678 38 144 25 9 53
2688 4 28 144 197 0 0 3 300 324 1188 40 1681 41 136 22 6 51
2712 4 26 152 197 0 0 3 300 334 1140 38 1682 43 140 20 5 41
2736 4 33 140 197 0 0 8 295 330 1091 37 1674 41 138 22 13 45
2760 4 32 151 197 0 0 7 296 318 1066 37 1679 33 133 30 8 57
2784 4 35 141 197 0 0 4 299 321 1037 37 1679 42 131 21 8 54
2808 4 40 138 197 0 0 5 298 336 1006 37 1674 39 129 24 13 39
2832 4 39 131 197 0 0 4 299 330 970 36 1677 50 123 13 10 45
2856 3 28 140 197 0 0 4 299 332 927 36 1678 37 118 26 9 43
2880.0 3 28 138 197 0 0 2 301 325 895 66 1680 46 119 17 7 50
2904 3 26 145 197 0 0 4 299 347 868 65 1680 44 115 19 7 28
2928 3 20 152 197 0 0 7 296 329 830 63 1683 41 114 22 4 46
2952 3 20 131 197 0 0 2 301 334 819 63 1680 39 113 24 7 41
2976 3 33 134 197 0 0 2 301 339 804 63 1678 43 109 20 9 36
3000 3 25 136 197 0 0 4 299 332 754 62 1683 41 106 22 4 43
3024 3 35 141 197 0 0 2 301 330 750 62 1678 40 105 23 9 45
3048.0 1003 17 149 197 0 0 2 301 320 728 62 1682 39 102 24 5 55
3072 603 2582 142 197 2 13 60 228 330 6015 60 1011 41 35 22 676 45
3096 346 2745 168 200 2 14 71 213 341 9548 60 1175 40 43 23 512 34
3120 229 2455 159 201 0 15 47 237 346 12128 60 1332 39 54 24 355 29
3144 173 2072 182 202 2 11 48 237 348 14017 59 1366 38 66 25 321 27
3168 134 1753 192 202 0 4 40 254 352 15504 59 1425 37 82 26 262 23
3192 116 1533 187 202 0 3 40 255 363 16735 58 1466 45 77 18 221 12
3216 102 1277 204 202 0 3 29 266 358 17756 58 1500 41 74 22 187 17
3240 89 1204 188 202 0 2 26 270 355 18688 56 1519 36 87 27 168 20
3264 79 1139 185 202 1 3 23 271 347 19469 56 1502 42 79 21 185 28
3288 74 1040 176 202 0 0 16 282 359 20115 55 1547 42 90 21 140 16
3312 66 1015 142 202 0 0 19 279 364 20672 53 1549 37 96 26 138 11
3336 58 937 164 202 0 0 23 275 359 21120 52 1569 39 108 24 118 16
3360 56 878 181 202 0 0 13 285 357 21549 51 1549 47 113 16 138 18
3384 52 814 170 202 0 0 12 286 357 21900 51 1564 46 125 17 123 18
3408 48 757 193 202 0 1 10 287 369 22245 51 1590 43 129 20 97 6
3432 45 676 161 202 0 0 16 282 361 22478 50 1597 39 137 24 90 14
3456 43 659 190 202 0 1 12 285 361 22752 50 1581 40 127 23 106 14
3480 40 637 184 202 0 0 13 285 361 23021 50 1597 37 121 26 90 14
3504 38 609 174 202 0 1 5 292 359 23110 49 1618 39 134 24 69 16
3528 38 628 163 202 0 2 11 285 368 23254 47 1612 47 146 16 75 7
3552 36 551 186 202 0 0 4 294 368 23356 46 1611 35 146 28 76 7
3576 32 565 162 202 0 0 7 291 380 23457 46 1604 39 149 24 83 -5
3600.0 31 565 180 202 0 1 8 289 363 23503 76 1626 36 166 27 61 12
3624 30 491 174 202 0 0 9 289 361 23675 73 1623 40 131 23 64 14
3648 29 444 176 202 0 0 5 293 366 23828 73 1622 35 103 28 65 9
3672 29 411 191 202 0 1 7 290 356 23983 72 1616 41 84 22 71 19
3696 26 378 180 202 0 0 3 295 363 24096 72 1618 39 73 24 69 12
3720 24 330 186 202 0 0 7 291 360 24086 72 1635 38 63 25 52 15
3744 24 323 173 202 0 0 8 290 372 24111 72 1647 42 64 21 40 3
3768 24 339 165 202 0 0 6 292 375 24141 70 1635 38 59 25 52 0
3792 24 318 177 202 0 0 4 294 366 24171 68 1634 40 61 23 53 9
3816 24 317 181 202 0 0 5 293 373 24182 68 1630 42 59 21 57 2
3840 24 314 169 202 0 0 7 291 377 24196 67 1644 40 60 23 43 -2
3864 24 316 169 202 0 0 6 292 359 24239 66 1637 39 60 24 50 16
3888 23 297 166 202 0 0 3 295 370 24220 66 1644 40 62 23 43 5
3912 23 314 167 202 0 0 5 293 356 24270 66 1636 37 57 26 51 19
3936 22 276 174 202 0 0 4 294 356 24278 65 1635 41 59 22 52 19
3960 22 290 190 202 0 0 4 294 366 24257 63 1642 34 68 29 45 9
3984 22 285 175 202 0 0 3 295 366 24269 63 1642 46 74 17 45 9
4008 22 287 183 202 0 0 4 294 364 24248 63 1643 37 73 26 44 11
4032 22 309 179 202 0 0 7 291 362 24243 62 1641 29 74 34 46 13
4056 20 312 175 202 0 1 9 288 365 24214 61 1636 36 76 27 51 10
4080 20 285 174 202 0 0 9 289 360 24162 61 1646 40 74 23 41 15
4104 19 281 192 202 0 0 5 293 362 24146 59 1636 31 71 32 51 13
4128 19 276 182 202 0 0 2 296 387 24100 58 1642 41 73 22 45 -12
4152 18 288 187 202 0 0 3 295 365 24050 58 1655 42 71 21 32 10
4176 18 272 172 202 0 0 5 293 365 24014 57 1634 41 75 22 53 10
4200 18 264 164 202 0 1 6 291 355 23927 57 1654 40 75 23 33 20
4224 17 285 167 202 0 0 3 295 373 23828 56 1654 38 81 25 33 2
4248 16 244 204 202 0 0 4 294 371 23722 56 1653 38 83 25 34 4
4272 14 231 175 202 0 0 4 294 352 23605 56 1651 40 90 23 36 23
4296 14 185 142 202 0 0 3 295 359 23464 56 1661 43 93 20 26 16
4320.0 14 209 156 202 0 0 3 295 363 23375 84 1649 44 92 19 38 12
4344 14 184 138 202 0 0 4 294 359 23224 83 1663 35 90 28 24 16
4368 14 177 164 202 0 0 1 297 364 23093 82 1648 34 83 29 39 11
4392 14 200 159 202 0 0 3 295 365 23051 81 1656 46 79 17 31 10
4416 13 187 169 202 0 0 3 295 374 22953 79 1656 44 72 19 31 1
4440 11 187 191 202 0 0 4 294 359 22839 78 1664 31 67 32 23 16
4464 11 141 185 202 0 0 1 297 359 22707 76 1667 39 64 24 20 16
4488.0 1011 145 190 202 0 0 3 295 367 22583 74 1671 32 61 31 16 8
4512 870 3326 167 202 0 3 28 267 358 27988 73 934 44 33 19 753 17
4536 682 3916 158 204 0 6 35 255 340 32543 72 1030 36 27 27 657 35
4560 539 4046 180 204 1 6 26 263 356 36677 72 1073 40 41 23 614 19
4584 436 3820 170 204 1 3 38 254 354 40344 70 1154 43 33 20 533 21
4608 360 3544 182 205 0 2 38 255 360 43478 68 1194 41 58 22 493 15
4632 311 3282 183 205 0 2 30 263 369 46420 68 1213 43 49 20 474 6
4656 270 3045 183 205 0 0 28 267 356 48967 65 1229 41 56 22 458 19
4680 236 2759 186 205 0 0 24 271 369 51308 65 1299 34 50 29 388 6
4704 219 2579 189 205 0 0 27 268 360 53387 62 1336 37 65 26 351 15
4728 199 2474 174 205 0 0 16 279 358 55322 62 1361 42 66 21 326 17
4752 182 2324 194 205 0 1 12 282 359 57091 60 1386 38 71 25 301 16
4776 160 2145 157 205 0 1 17 277 361 58614 60 1409 40 85 23 278 14
4800 146 2091 195 205 0 1 14 280 366 60060 60 1428 34 84 29 259 9
4824 139 1910 205 205 0 1 10 284 367 61389 59 1436 41 78 22 251 8
4848 129 1820 193 205 0 0 8 287 374 62611 57 1477 40 91 23 210 1
4872 120 1790 175 205 0 0 11 284 379 63734 56 1463 34 105 29 224 -4
4896 113 1752 168 205 0 0 7 288 360 64752 55 1484 43 101 20 203 15
4920 106 1708 166 205 0 0 10 285 361 65675 53 1456 36 129 27 231 14
4944 97 1658 163 205 0 0 13 282 408 66465 53 1499 19 122 44 188 -33
4968 91 1542 143 205 0 1 10 284 408 67167 53 1503 30 126 33 184 -33
4992 84 1499 149 205 0 2 6 287 371 67790 53 1521 35 123 28 166 4
5016 79 1351 166 205 0 1 11 283 365 68275 51 1554 38 133 25 133 10
5040.0 75 1327 166 205 0 1 11 283 375 68801 80 1531 41 159 22 156 0
5064 75 1191 146 205 0 1 4 290 387 69514 79 1528 35 99 28 159 -12
5088 72 1136 157 205 0 0 8 287 374 70216 78 1545 36 77 27 142 1
5112 70 1059 167 205 0 0 6 289 360 70931 75 1548 42 65 21 139 15
5136 65 992 160 205 0 0 3 292 377 71555 74 1533 33 58 30 154 -2
5160 62 960 165 205 0 0 4 291 383 72111 72 1557 24 56 39 130 -8
5184 59 860 150 205 0 0 7 288 374 72628 70 1571 39 48 24 116 1
5208 57 826 172 205 0 0 7 288 390 73018 67 1580 34 57 29 107 -15
5232 54 793 177 205 0 0 3 292 365 73437 67 1565 42 56 21 122 10
5256 54 813 160 205 0 0 6 289 366 73833 67 1558 43 67 20 129 9
5280 53 821 169 205 0 0 5 290 384 74223 65 1595 39 70 24 92 -9
5304 51 824 148 205 0 0 4 291 392 74534 65 1592 25 73 38 95 -17
5328 51 788 165 205 0 0 5 290 367 74878 64 1585 40 70 23 102 8
5352 49 742 180 205 0 0 4 291 358 75259 64 1578 42 71 21 109 17
5376 47 715 169 205 0 0 3 292 379 75591 63 1570 42 71 21 117 -4
5400 47 749 158 205 0 0 3 292 380 75877 62 1587 38 70 25 100 -5
5424 46 788 163 205 0 0 5 290 380 76208 61 1577 28 71 35 110 -5
5448 45 753 133 205 0 0 3 292 394 76431 60 1598 33 74 30 89 -19
5472 45 736 153 205 0 0 6 289 372 76691 59 1561 36 87 27 126 3
5496 44 665 148 205 0 1 1 293 369 76907 59 1596 42 77 21 91 6
5520 43 657 180 205 0 1 5 289 373 77131 58 1598 36 74 27 89 2
5544 41 709 167 205 0 0 2 293 406 77311 55 1589 18 92 45 98 -31
5568 41 724 178 205 0 0 0 295 365 77492 54 1587 37 89 26 100 10
5592 40 671 163 205 0 0 3 292 365 77610 54 1610 38 105 25 77 10
5616 39 703 153 205 0 0 7 288 385 77797 54 1603 31 110 32 84 -10
5640 38 686 166 205 0 0 3 292 382 77925 53 1616 32 110 31 71 -7
5664 36 693 180 205 0 1 5 289 378 78044 53 1603 41 112 22 84 -3
5688 35 679 136 205 0 0 3 292 382 78112 52 1615 34 126 29 72 -7
5712 35 653 163 205 0 0 2 293 374 78193 51 1615 39 129 24 72 1
5736 35 643 177 205 0 0 4 291 375 78229 51 1626 40 156 23 61 0
5760.0 34 643 175 205 0 0 4 291 389 78297 80 1617 37 153 26 70 0
5784 33 536 173 205 0 0 3 292 407 78470 80 1609 33 128 30 78 -18
5808 31 492 143 205 0 0 3 292 416 78551 79 1620 21 101 42 67 -27
5832 31 472 142 205 0 0 3 292 399 78630 77 1619 28 83 35 68 -10
5856 29 453 145 205 0 0 2 293 424 78690 77 1622 21 74 42 65 -35
5880 28 481 112 205 0 0 3 292 431 78758 77 1630 13 64 50 57 -42
5904 28 462 86 205 0 0 4 291 431 78779 76 1616 19 57 44 71 -42
5928.0 1027 437 83 205 0 0 2 293 423 78770 75 1635 15 52 48 52 0
5952 964 3658 125 205 0 0 18 277 409 84120 75 932 46 26 17 755 14
5976 876 4633 138 205 0 0 20 275 421 88883 73 967 36 28 27 720 2
6000 778 4830 164 205 0 4 11 280 408 93572 72 973 33 31 30 714 15
6024 705 4865 159 205 0 1 17 277 405 98041 71 992 40 34 23 695 18
6048 642 4769 168 205 0 1 18 276 425 102235 69 1061 37 54 26 626 -2
6072 581 4615 167 205 0 0 23 272 431 106226 69 1060 37 50 26 627 -8
6096 525 4529 152 205 0 1 15 279 416 110089 69 1056 41 43 22 631 7
6120 476 4304 181 205 0 0 12 283 433 113518 68 1097 34 54 29 590 -10
6144 440 4120 174 205 0 0 15 280 412 116872 68 1133 43 54 20 554 11
6168 414 3964 180 205 0 0 15 280 414 120153 68 1137 36 52 27 550 9
6192 383 3667 183 205 0 0 10 285 415 123161 67 1202 41 49 22 485 8
6216 357 3654 164 205 0 1 12 282 421 126159 67 1197 44 47 19 490 2
6240 339 3524 162 205 0 1 16 278 395 129044 66 1246 46 57 17 441 28
6264 320 3549 173 205 0 0 9 286 423 131760 65 1242 41 57 22 445 0
6288 298 3390 139 205 0 1 12 282 437 134291 65 1249 44 60 19 438 -14
6312 284 3285 159 205 0 1 8 286 439 136850 63 1235 30 59 33 452 -16
6336 271 3071 161 205 0 0 8 287 420 139124 62 1270 43 79 20 417 3
6360 256 3090 174 205 0 0 14 281 425 141406 62 1294 44 87 19 393 -2
6384 248 2983 154 205 0 0 9 286 430 143500 62 1274 32 72 31 413 -7
6408 241 2961 132 205 0 0 7 288 425 145567 60 1291 38 88 25 396 -2
6432 228 2869 169 205 0 1 6 288 424 147488 60 1334 39 105 24 353 -1
6456 221 2800 174 205 0 0 9 286 418 149444 60 1310 34 90 29 377 5
6480.0 209 2760 166 205 0 0 7 288 425 151342 90 1338 37 84 26 349 0
6504 200 2505 199 205 0 0 6 289 422 153325 90 1366 35 47 28 321 3
6528 192 2396 183 205 0 0 8 287 422 155267 90 1365 38 31 25 322 3
6552 185 2264 180 205 0 0 9 286 423 157162 90 1380 42 25 21 307 2
6576 179 2147 175 205 0 0 8 287 412 159000 90 1387 36 28 27 300 13
6600 176 2122 160 205 0 0 5 290 421 160770 89 1363 46 26 17 324 4
6624 172 2098 169 205 0 0 5 290 424 162469 89 1377 32 23 31 310 1
6648 167 2119 171 205 0 0 6 289 420 164151 89 1393 40 18 23 294 5
6672 162 2097 162 205 0 0 5 290 426 165764 88 1389 46 18 17 298 -1
6696 156 1977 160 205 0 1 9 285 410 167333 87 1429 41 25 22 258 15
6720 152 1959 168 205 0 0 6 289 424 168839 84 1410 37 24 26 277 1
6744 149 1944 172 205 0 0 6 289 425 170286 83 1407 46 23 17 280 0
6768 141 1851 167 205 0 0 5 290 438 171693 83 1425 33 30 30 262 -13
6792 138 1745 158 205 0 0 3 292 420 172938 83 1445 39 30 24 242 5
6816 137 1807 161 205 0 0 2 293 441 174308 83 1428 27 34 36 259 -16
6840 133 1775 179 205 0 0 3 292 415 175616 80 1457 34 35 29 230 10
6864 127 1631 182 205 0 0 6 289 428 176876 79 1477 38 37 25 210 -3
6888 122 1671 186 205 0 0 7 288 452 178069 77 1457 25 35 38 230 -27
6912 119 1646 175 205 0 0 7 288 413 179248 74 1477 35 43 28 210 12
6936 115 1642 166 205 0 0 5 290 427 180386 74 1453 40 42 23 234 -2
6960 113 1529 161 205 0 0 5 290 416 181465 74 1468 40 44 23 219 9
6984 112 1470 168 205 0 0 4 291 438 182386 73 1488 33 56 30 199 -13
7008 110 1551 164 205 0 0 3 292 420 183472 72 1459 41 58 22 228 5
7032 108 1516 160 205 0 0 2 293 430 184434 70 1484 28 54 35 203 -5
7056 107 1484 174 205 0 0 2 293 419 185383 70 1472 40 55 23 215 6
7080 105 1503 167 205 0 0 2 293 431 186409 70 1473 31 52 32 214 -6
7104 103 1513 171 205 0 0 5 290 424 187358 69 1493 39 56 24 194 1
7128 101 1432 160 205 0 0 2 293 420 188278 69 1471 35 56 28 216 5
7152 100 1432 176 205 0 0 4 291 421 189128 68 1501 35 66 28 186 4
7176 98 1396 157 205 0 0 2 293 425 189998 65 1483 43 67 20 204 0
7200.0 96 1352 180 205 0 1 5 289 420 190777 95 1503 34 72 29 184 5
7224 96 1343 174 205 0 0 2 293 438 191694 94 1493 31 46 32 194 -13
7248 93 1339 140 205 0 0 2 293 449 192527 93 1491 23 35 40 196 -24
7272 91 1292 145 205 0 0 2 293 422 193393 90 1527 39 29 24 160 3
7296 91 1294 156 205 0 0 3 292 419 194299 89 1490 42 28 21 197 6
7320 89 1219 164 205 0 0 2 293 412 195109 88 1504 43 25 20 183 13
7344 88 1231 154 205 0 0 4 291 448 195862 88 1499 28 24 35 188 -23
7368 88 1234 132 205 0 0 2 293 435 196559 88 1492 31 24 32 195 -10
7392 88 1232 166 205 0 0 3 292 432 197384 88 1514 38 25 25 173 -7
7416 86 1194 173 205 0 0 6 289 450 198118 87 1497 28 26 35 190 -25
7440 85 1177 117 205 0 0 3 292 453 198851 87 1523 27 26 36 164 -28
7464 82 1183 107 205 0 0 4 291 455 199557 86 1536 24 30 39 151 -30
7488 81 1193 76 205 0 0 3 292 486 200221 86 1528 12 30 51 159 -61
7512 80 1138 62 205 0 0 6 289 481 200877 85 1530 12 32 51 157 -56
7536 79 1152 68 205 0 0 1 294 451 201594 84 1523 26 32 37 164 -26
7560 78 1178 110 205 0 0 1 294 453 202249 84 1522 19 33 44 165 -28
7584 77 1177 123 205 0 0 2 293 422 202933 84 1534 41 36 22 153 3
7608 76 1181 149 205 0 0 5 290 421 203627 83 1521 42 36 21 166 4
7632 75 1142 163 205 0 0 1 294 412 204294 82 1522 41 38 22 165 13
7656 75 1095 184 205 0 0 0 295 422 204903 81 1546 39 38 24 141 3
7680 73 1028 124 205 0 0 2 293 462 205477 79 1521 20 42 43 166 -37
7704 72 1029 68 205 0 0 2 293 484 205986 78 1548 8 35 55 139 -59
7728 70 1004 69 205 0 0 0 295 474 206533 77 1549 12 37 51 138 -49
7752 70 1004 108 205 0 0 1 294 460 207084 77 1550 21 41 42 137 -35
7776 69 995 99 205 0 0 0 295 441 207621 76 1542 30 37 33 145 -16
7800 68 914 108 205 0 0 2 293 443 208109 74 1558 36 37 27 129 -18
7824 65 940 148 205 0 0 0 295 417 208653 73 1561 40 34 23 126 8
7848 63 964 184 205 0 0 1 294 444 209119 72 1554 19 40 44 133 -19
7872 61 896 156 205 0 0 1 294 427 209591 72 1557 44 47 19 130 -2
7896 60 859 174 205 0 0 0 295 412 209992 72 1578 29 54 34 109 13
7920.0 60 897 149 205 0 0 2 293 446 210427 101 1568 25 52 38 119 0
7944 59 899 179 205 0 0 0 295 477 210852 101 1552 25 40 38 135 -31
7968 58 880 154 205 0 0 1 294 440 211320 100 1561 33 38 30 126 6
7992 58 871 161 205 0 0 4 291 449 211758 100 1563 44 35 19 124 -3
8016 58 873 167 205 0 0 2 293 461 212138 98 1567 32 32 31 120 -15
8040 58 862 139 205 0 0 1 294 445 212524 97 1571 41 29 22 116 1
8064 58 838 159 205 0 0 2 293 424 212952 95 1582 38 33 25 105 22
8088 58 819 165 205 0 0 1 294 457 213319 94 1569 38 31 25 118 -11
8112 56 799 137 205 0 0 2 293 467 213628 93 1566 29 26 34 121 -21
8136 56 834 164 205 0 0 1 294 462 214042 91 1560 32 24 31 127 -16
8160 56 824 145 205 0 0 3 292 467 214415 90 1567 25 26 38 120 -21
8184 55 824 126 205 0 0 1 294 443 214770 89 1567 29 27 34 120 3
8208 55 813 163 205 0 0 4 291 444 215117 88 1569 37 24 26 118 2
8232 55 830 163 205 0 0 4 291 457 215522 86 1590 32 24 31 97 -11
8256 55 887 149 205 0 0 3 292 476 215898 86 1574 23 26 40 113 -30
8280 54 869 86 205 0 0 2 293 513 216196 86 1556 6 35 57 131 -67
8304 54 799 89 205 0 0 1 294 446 216485 83 1585 28 33 35 102 0
8328 53 784 133 205 0 0 2 293 468 216830 82 1585 32 30 31 102 -22
8352 53 760 118 205 0 0 2 293 476 217134 82 1577 34 36 29 110 -30
8376 53 794 93 205 0 0 2 293 477 217383 82 1603 20 30 43 84 -31
8400 53 835 105 205 0 0 5 290 464 217732 81 1580 26 35 37 107 -18
8424 53 832 127 205 0 0 0 295 448 218054 81 1581 39 36 24 106 -2
8448 53 782 149 205 0 0 2 293 455 218353 81 1589 32 37 31 98 -9
8472 51 822 124 205 0 0 1 294 458 218650 81 1578 24 33 39 109 -12
8496 51 814 154 205 0 0 1 294 468 219007 81 1578 25 33 38 109 -22
8520 51 796 142 205 0 0 0 295 477 219334 81 1575 33 36 30 112 -31
8544 51 762 137 205 0 0 2 293 458 219570 79 1593 36 37 27 94 -12
8568 51 748 135 205 0 0 1 294 481 219847 79 1594 23 41 40 93 -35
8592 50 751 149 205 0 0 2 293 447 220158 78 1597 38 42 25 90 -1
8616 50 780 154 205 0 0 2 293 446 220487 77 1576 38 38 25 111 0
8640.0 50 730 175 205 0 0 2 293 448 220737 106 1593 36 39 27 94 0
8664 50 748 166 205 0 0 1 294 450 220992 103 1573 40 33 23 114 -2
8688 50 732 166 205 0 0 0 295 450 221302 103 1592 39 30 24 95 -2
8712 50 736 148 205 0 0 0 295 482 221549 102 1584 20 27 43 103 -34
8736 50 728 143 205 0 0 2 293 481 221830 102 1575 19 25 44 112 -33
8760 50 695 141 205 0 0 0 295 432 222121 101 1587 40 22 23 100 16
