Time EBV Teff Treg ODC_le1 ODC_le2 ODC_le3 ODC_le4 ODC_le5 NK IL2 DAC Resting_Teff Resting_Treg EffectorMemory Resting_Treg_temp Resting_Teff_temp NK_temp
0.0 0 0 0 0 0 0 0 500 375 1000 0 1687 63 0 0 0 0
24 0 0 0 0 0 0 0 500 331 906 0 1687 63 0 0 0 44
48 0 0 0 0 0 0 0 500 333 833 0 1687 63 0 0 0 42
72 0 0 0 0 0 0 0 500 332 756 0 1687 63 0 0 0 43
96 0 0 0 0 0 0 0 500 332 697 0 1687 63 0 0 0 43
120 0 0 0 0 0 0 0 500 332 634 0 1687 63 0 0 0 43
144 0 0 0 0 0 0 0 500 331 569 0 1687 63 0 0 0 44
168.0 1000 0 0 0 0 0 0 500 333 511 0 1687 63 0 0 0 42
192 346 5729 127 14 34 74 163 215 292 802 0 1176 41 416 22 511 83
216 82 3396 167 108 57 95 102 138 264 345 0 1504 37 471 26 183 111
240 26 1077 163 159 29 48 99 165 281 227 0 1625 41 476 22 62 94
264 19 417 165 169 8 22 71 230 313 301 0 1638 35 428 28 49 62
288 14 207 189 170 3 5 42 280 319 306 0 1655 35 417 28 32 56
312 14 175 207 170 0 3 27 300 324 357 0 1648 43 390 20 39 51
336 12 159 181 170 2 1 28 299 316 370 0 1652 37 381 26 35 59
360 11 139 170 170 0 1 20 309 314 391 0 1660 45 361 18 27 61
384 10 107 203 170 0 2 13 315 339 349 0 1669 37 363 26 18 36
408 9 111 173 170 0 1 21 308 321 342 0 1667 37 359 26 20 54
432 8 90 178 170 0 2 11 317 329 340 0 1669 39 352 24 18 46
456 7 88 185 170 0 0 16 314 320 330 0 1669 46 342 17 18 55
480 6 71 154 170 0 0 11 319 308 330 0 1668 41 348 22 19 67
504 4 65 178 170 0 2 10 318 323 326 0 1673 41 339 22 14 52
528 4 50 160 170 0 0 8 322 328 289 0 1676 45 340 18 11 47
552 4 45 157 170 0 1 12 317 333 292 0 1676 41 327 22 11 42
576 4 54 179 170 0 0 12 318 326 264 0 1684 37 324 26 3 49
600 4 47 157 170 0 0 7 323 329 284 0 1675 36 318 27 12 46
624 3 44 166 170 0 0 8 322 331 256 0 1681 29 307 34 6 44
648 3 37 158 170 0 0 7 323 323 237 0 1677 39 299 24 10 52
672 2 18 162 170 0 0 6 324 315 227 0 1684 42 297 21 3 60
696 2 16 170 170 0 0 3 327 324 215 0 1684 39 291 24 3 51
720 2 13 152 170 0 0 4 326 324 201 0 1682 36 285 27 5 51
744 2 23 138 170 0 0 2 328 310 205 0 1684 37 277 26 3 65
768 2 17 149 170 0 0 2 328 320 199 0 1686 37 270 26 1 55
792 2 21 169 170 0 0 2 328 322 194 0 1684 32 265 31 3 53
816 1 15 168 170 0 0 3 327 321 189 0 1685 44 261 19 2 54
840 1 7 164 170 0 0 2 328 321 166 0 1686 38 257 25 1 54
864 1 8 144 170 0 0 2 328 321 156 0 1685 38 251 25 2 54
888 1 15 149 170 0 0 2 328 312 155 0 1684 32 245 31 3 63
912 1 8 159 170 0 0 1 329 331 150 0 1682 39 245 24 5 44
936 1 9 125 170 0 0 1 329 324 149 0 1684 44 242 19 3 51
960 1 10 125 170 0 0 4 326 328 146 0 1683 43 239 20 4 47
984 1 6 124 170 0 0 5 325 321 141 0 1686 43 238 20 1 54
1008 1 8 132 170 0 0 2 328 324 139 0 1684 43 237 20 3 51
1032 1 7 108 170 0 0 1 329 323 129 0 1684 43 236 20 3 52
1056 1 9 124 170 0 0 0 330 334 141 0 1684 42 233 21 3 41
1080 1 5 113 170 0 0 0 330 335 137 0 1686 49 232 14 1 40
1104 1 7 136 170 0 0 1 329 325 128 0 1686 43 231 20 1 50
1128 1 8 138 170 0 0 0 330 325 126 0 1686 37 230 26 1 50
1152 1 10 150 170 0 0 3 327 316 125 0 1685 43 228 20 2 59
1176 1 4 141 170 0 0 1 329 323 115 0 1686 44 225 19 1 52
1200 1 6 126 170 0 0 3 327 319 114 0 1684 46 223 17 3 56
1224 1 5 129 170 0 0 0 330 322 109 0 1685 39 222 24 2 53
1248 1 8 136 170 0 0 0 330 324 108 0 1682 39 218 24 5 51
1272 1 6 129 170 0 0 0 330 322 108 0 1685 40 217 23 2 53
1296 1 7 122 170 0 0 0 330 312 98 0 1685 47 217 16 2 63
1320 1 6 137 170 0 0 0 330 323 102 0 1686 51 216 12 1 52
1344 1 8 149 170 0 0 1 329 322 106 0 1687 40 215 23 0 53
1368 1 5 157 170 0 0 1 329 305 95 0 1687 37 216 26 0 70
1392 1 7 126 170 0 0 1 329 316 91 0 1686 43 216 20 1 59
1416 1 6 121 170 0 0 0 330 322 97 0 1683 41 214 22 4 53
1440.0 1 8 139 170 0 0 1 329 322 99 30 1685 34 210 29 2 53
1464 1 7 120 170 0 0 1 329 324 96 30 1687 39 207 24 0 51
1488 1 9 135 170 0 0 4 326 328 105 30 1687 50 205 13 0 47
1512 1 6 116 170 0 0 2 328 315 111 29 1683 42 205 21 4 60
1536 1 7 126 170 0 0 0 330 315 117 29 1684 47 202 16 3 60
1560 1 7 128 170 0 0 4 326 321 119 28 1685 45 200 18 2 54
1584 1 8 126 170 0 0 1 329 314 133 28 1685 35 197 28 2 61
1608.0 1001 6 130 170 0 0 4 326 311 129 28 1686 44 193 19 1 64
1632 552 2973 149 172 4 26 66 232 314 4674 28 1068 37 126 26 619 61
1656 263 3629 183 180 6 34 78 202 301 6342 28 1260 35 223 28 427 74
1680 127 3117 197 185 6 27 78 204 327 6476 28 1433 42 351 21 254 48
1704 74 2310 198 190 7 8 75 220 330 6215 28 1529 34 434 29 158 45
1728 45 1636 189 193 3 21 59 224 326 5669 27 1579 37 549 26 108 49
1752 30 1184 183 195 4 11 58 232 333 5036 26 1613 33 633 30 74 42
1776 26 942 190 195 1 10 54 240 347 4527 25 1624 36 642 27 63 28
1800 20 694 200 195 2 7 38 258 336 4118 25 1649 43 623 20 38 39
1824 18 482 212 195 0 4 36 265 353 3820 25 1658 34 644 29 29 22
1848 16 436 180 195 0 1 24 280 339 3609 24 1651 40 594 23 36 36
1872 16 372 205 195 0 2 20 283 350 3406 23 1657 43 559 20 30 25
1896 15 380 169 195 2 2 22 279 331 3207 23 1661 40 548 23 26 44
1920 13 349 192 195 0 2 20 283 335 2968 23 1654 40 533 23 33 40
1944 13 309 208 195 0 3 22 280 343 2758 23 1658 32 517 31 29 32
1968 10 238 175 195 0 0 20 285 346 2519 22 1669 40 503 23 18 29
1992 9 196 182 195 0 0 21 284 330 2336 22 1668 40 499 23 19 45
2016 7 122 192 195 0 1 15 289 326 2184 22 1670 38 499 25 17 49
2040 7 135 190 195 0 0 16 289 350 2081 22 1679 37 476 26 8 25
2064 7 143 195 195 0 0 11 294 334 1949 19 1674 38 450 25 13 41
2088 7 110 198 195 0 0 12 293 340 1794 19 1677 37 449 26 10 35
2112 7 112 199 195 0 0 6 299 333 1645 18 1668 39 437 24 19 42
2136 7 112 174 195 0 0 10 295 325 1536 17 1669 40 438 23 18 50
2160.0 7 119 174 195 0 3 9 293 333 1432 47 1663 46 418 17 24 42
2184 7 90 161 195 0 2 7 296 343 1452 46 1668 46 382 17 19 32
2208 5 69 152 195 0 0 4 301 333 1470 46 1675 41 348 22 12 42
2232 4 36 150 195 0 0 8 297 336 1436 46 1675 41 332 22 12 39
2256 4 36 159 195 0 0 3 302 336 1392 46 1683 42 319 21 4 39
2280 3 38 143 195 0 1 5 299 329 1326 44 1680 38 310 25 7 46
2304 3 27 158 195 0 0 4 301 338 1278 44 1681 35 302 28 6 37
2328 3 26 149 195 0 0 2 303 322 1228 44 1683 42 287 21 4 53
2352 3 34 152 195 0 0 7 298 343 1160 44 1679 38 276 25 8 32
2376 3 29 140 195 0 0 4 301 329 1131 44 1682 43 266 20 5 46
2400 3 29 155 195 0 0 2 303 328 1089 44 1687 44 257 19 0 47
2424 3 40 144 195 0 0 6 299 343 1048 44 1680 39 248 24 7 32
2448 3 25 133 195 0 0 1 304 327 1007 43 1683 41 238 22 4 48
2472 3 27 138 195 0 0 3 302 331 972 43 1684 43 235 20 3 44
2496 3 27 135 195 0 0 3 302 326 939 43 1683 43 223 20 4 49
2520 3 18 131 195 0 0 2 303 329 901 43 1680 33 218 30 7 46
2544 3 21 131 195 0 0 5 300 317 864 43 1681 34 214 29 6 58
2568 3 38 148 195 0 0 6 299 334 832 41 1683 39 210 24 4 41
2592 2 21 149 195 0 0 2 303 338 791 41 1681 36 203 27 6 37
2616 2 14 142 195 0 0 2 303 342 768 41 1682 39 199 24 5 33
2640 2 12 137 195 0 0 4 301 336 715 41 1685 41 195 22 2 39
2664 2 15 126 195 0 0 5 300 327 685 41 1683 44 188 19 4 48
2688 2 15 130 195 0 0 1 304 335 639 41 1685 46 186 17 2 40
2712 2 17 135 195 0 0 1 304 314 612 41 1682 38 179 25 5 61
2736 2 24 148 195 0 0 2 303 335 576 41 1679 36 177 27 8 40
2760 2 13 122 195 0 0 4 301 332 530 41 1681 44 175 19 6 43
2784 2 14 134 195 0 0 2 303 333 519 41 1681 45 172 18 6 42
2808 2 13 124 195 0 0 3 302 328 501 41 1684 46 172 17 3 47
2832 2 17 139 195 0 0 3 302 332 484 41 1684 43 167 20 3 43
2856 2 18 128 195 0 0 4 301 334 468 41 1685 36 166 27 2 41
2880.0 2 17 139 195 0 0 4 301 328 450 71 1684 40 163 23 3 47
2904 2 13 127 195 0 0 4 301 332 420 71 1683 39 161 24 4 43
2928 2 20 129 195 0 0 1 304 325 412 71 1682 38 157 25 5 50
2952 2 9 119 195 0 0 2 303 315 397 70 1685 41 155 22 2 60
2976 2 18 134 195 0 0 4 301 329 389 70 1683 40 150 23 4 46
3000 2 19 125 195 0 0 6 299 331 389 68 1682 43 145 20 5 44
3024 2 21 144 195 0 0 1 304 332 392 67 1681 41 141 22 6 43
3048.0 1001 7 118 195 0 0 3 302 317 386 67 1687 42 141 21 0 58
3072 598 2598 144 195 3 14 83 205 312 5814 66 1053 38 26 25 634 63
3096 370 2830 142 197 3 11 65 224 338 9530 64 1185 41 38 22 502 37
3120 235 2504 147 198 3 11 51 237 333 12239 63 1301 44 45 19 386 42
3144 162 2015 158 199 1 8 50 242 353 14111 63 1393 39 52 24 294 22
3168 127 1663 180 199 0 7 32 262 340 15574 63 1436 39 55 24 251 35
3192 103 1417 165 200 0 2 33 265 351 16904 63 1462 38 60 25 225 24
3216 88 1203 168 200 1 1 33 265 363 17862 62 1502 32 67 31 185 12
3240 80 1057 149 200 0 1 27 272 363 18620 62 1540 41 77 22 147 12
3264 71 977 158 200 0 0 23 277 371 19256 60 1562 45 76 18 125 4
3288 66 952 165 200 0 1 20 279 380 19843 59 1553 34 84 29 134 -5
3312 61 806 196 200 0 0 13 287 366 20402 59 1571 35 82 28 116 9
3336 54 779 191 200 0 0 13 287 362 20827 59 1580 40 85 23 107 13
3360 50 758 153 200 0 3 17 280 370 21223 59 1594 44 83 19 93 5
3384 44 693 157 200 0 1 11 288 326 21586 58 1594 44 87 19 93 49
3408 40 645 157 200 0 1 10 289 346 21924 56 1594 44 88 19 93 29
3432 37 599 175 200 0 0 6 294 385 22132 55 1610 36 94 27 77 -10
3456 36 573 193 200 1 0 5 294 375 22274 55 1618 36 99 27 69 0
3480 33 504 187 200 0 0 5 295 357 22441 55 1611 38 89 25 76 18
3504 33 493 182 200 0 0 8 292 351 22619 54 1613 46 86 17 74 24
3528 31 474 196 200 0 0 6 294 367 22737 52 1612 36 91 27 75 8
3552 29 445 192 200 0 0 6 294 368 22795 51 1623 38 92 25 64 7
3576 29 413 195 200 0 0 9 291 357 22881 50 1620 45 109 18 67 18
3600.0 27 411 188 200 0 0 5 295 375 22906 79 1634 38 105 25 53 0
3624 26 376 150 200 0 0 6 294 373 23008 79 1642 43 87 20 45 2
3648 23 353 175 200 0 0 7 293 381 23068 79 1632 36 81 27 55 -6
3672 23 312 185 200 0 0 6 294 372 23114 79 1638 41 68 22 49 3
3696 21 306 174 200 0 0 2 298 361 23148 78 1637 39 62 24 50 14
3720 21 290 158 200 0 0 3 297 360 23127 78 1650 40 58 23 37 15
3744 21 295 161 200 0 0 6 294 356 23159 75 1644 39 54 24 43 19
3768 21 275 170 200 0 0 5 295 362 23142 73 1649 40 51 23 38 13
3792 21 265 170 200 0 0 10 290 365 23155 73 1646 44 48 19 41 10
3816 19 273 181 200 0 0 6 294 360 23152 71 1647 41 48 22 40 15
3840 19 252 185 200 0 0 8 292 377 23140 68 1652 42 46 21 35 -2
3864 18 236 184 200 0 0 9 291 366 23090 68 1646 45 44 18 41 9
3888 17 248 202 200 0 0 5 295 367 23011 64 1648 34 41 29 39 8
3912 15 236 187 200 0 1 4 295 366 22932 63 1644 40 45 23 43 9
3936 15 204 191 200 0 0 2 298 372 22839 62 1659 40 50 23 28 3
3960 15 209 198 200 0 0 3 297 352 22741 61 1646 40 57 23 41 23
3984 13 202 170 200 0 0 3 297 364 22633 60 1660 44 63 19 27 11
4008 13 168 189 200 0 0 0 300 367 22457 59 1663 45 70 18 24 8
4032 13 200 159 200 0 0 6 294 363 22335 59 1657 34 71 29 30 12
4056 13 170 167 200 0 0 1 299 368 22189 59 1657 38 70 25 30 7
4080 13 163 167 200 0 0 1 299 377 22032 58 1666 35 77 28 21 -2
4104 13 187 161 200 0 0 6 294 375 21913 58 1651 43 72 20 36 0
4128 13 180 154 200 0 0 5 295 370 21787 57 1656 40 73 23 31 5
4152 13 172 157 200 0 0 2 298 361 21643 56 1654 36 79 27 33 14
4176 12 181 182 200 0 0 4 296 366 21458 56 1663 39 82 24 24 9
4200 12 166 190 200 0 0 4 296 371 21297 55 1664 35 82 28 23 4
4224 12 177 168 200 0 0 2 298 369 21141 53 1662 43 87 20 25 6
4248 12 195 166 200 0 0 2 298 370 21002 53 1663 36 87 27 24 5
4272 12 180 159 200 0 0 4 296 367 20838 53 1657 37 87 26 30 8
4296 11 152 180 200 0 0 3 297 379 20661 52 1660 33 86 30 27 -4
4320.0 11 172 179 200 0 0 9 291 375 20470 82 1661 34 85 29 26 0
4344 11 156 161 200 0 0 5 295 378 20317 82 1670 39 76 24 17 -3
4368 11 163 156 200 0 0 2 298 354 20153 82 1661 41 72 22 26 21
4392 11 189 166 200 0 0 1 299 367 20068 81 1648 45 67 18 39 8
4416 11 152 182 200 0 0 5 295 353 19934 78 1664 42 63 21 23 22
4440 11 150 172 200 0 0 3 297 366 19793 78 1662 39 60 24 25 9
4464 11 152 174 200 0 0 2 298 384 19624 76 1656 34 59 29 31 -9
4488.0 1011 147 166 200 0 0 3 297 368 19468 75 1658 43 53 20 29 7
4512 832 3247 141 200 0 4 32 264 362 24738 75 977 42 26 21 710 13
4536 609 3832 166 200 2 4 36 258 357 29200 75 1046 37 31 26 641 18
4560 482 3769 147 200 0 6 32 262 359 33099 75 1129 40 27 23 558 16
4584 394 3490 163 200 0 3 32 265 351 36581 73 1205 38 39 25 482 24
4608 332 3183 163 200 0 2 25 273 343 39622 72 1232 47 47 16 455 32
4632 274 2920 174 200 0 4 34 262 361 42276 71 1283 38 50 25 404 14
4656 225 2536 180 200 0 1 27 272 364 44541 70 1335 40 46 23 352 11
4680 194 2259 178 200 0 2 12 286 377 46484 70 1358 40 46 23 329 -2
4704 182 2220 191 200 0 2 9 289 361 48397 70 1366 39 56 24 321 14
4728 172 2173 159 200 0 1 22 277 396 50145 69 1399 29 52 34 288 -21
4752 155 1971 171 200 0 0 16 284 368 51693 69 1404 41 46 22 283 7
4776 146 1883 175 200 0 2 14 284 367 53238 68 1416 45 53 18 271 8
4800 134 1786 176 200 0 0 12 288 367 54570 68 1440 39 61 24 247 8
4824 128 1669 181 200 0 1 9 290 367 55812 68 1463 43 59 20 224 8
4848 118 1544 192 200 0 1 10 289 369 56967 67 1442 44 64 19 245 6
4872 108 1562 157 200 0 0 12 288 386 58046 67 1463 29 59 34 224 -11
4896 98 1380 161 200 0 1 8 291 365 58983 67 1493 33 60 30 194 10
4920 92 1353 157 200 0 0 9 291 361 59935 66 1538 32 57 31 149 14
4944 89 1280 148 200 0 0 10 290 367 60731 66 1504 37 57 26 183 8
4968 86 1280 164 200 0 0 8 292 365 61592 66 1509 43 56 20 178 10
4992 81 1185 173 200 0 0 8 292 360 62332 66 1537 42 56 21 150 15
5016 78 1112 197 200 0 0 7 293 377 63031 64 1533 43 58 20 154 -2
5040.0 75 1095 177 200 0 0 6 294 375 63707 93 1511 39 67 24 176 0
5064 66 983 175 200 0 0 8 292 370 64398 90 1550 36 47 27 137 5
5088 63 926 170 200 0 0 6 294 369 65015 89 1554 42 38 21 133 6
5112 61 878 192 200 0 0 6 294 358 65575 88 1557 36 36 27 130 17
5136 57 840 177 200 0 0 1 299 378 66100 87 1552 40 30 23 135 -3
5160 56 794 162 200 0 0 4 296 400 66561 86 1565 32 25 31 122 -25
5184 53 755 161 200 0 0 10 290 368 66954 86 1582 32 28 31 105 7
5208 51 721 149 200 0 0 3 297 406 67375 83 1575 29 31 34 112 -31
5232 50 765 146 200 0 0 4 296 386 67758 81 1592 31 30 32 95 -11
5256 46 696 162 200 0 0 1 299 365 68041 81 1603 39 33 24 84 10
5280 45 708 161 200 0 0 3 297 371 68421 81 1591 39 35 24 96 4
5304 44 691 166 200 0 0 4 296 363 68747 81 1598 36 34 27 89 12
5328 43 631 169 200 0 0 2 298 400 69001 80 1593 29 37 34 94 -25
5352 43 611 181 200 0 0 5 295 379 69269 76 1602 38 41 25 85 -4
5376 43 628 129 200 0 0 9 291 421 69448 75 1602 19 46 44 85 -46
5400 41 611 117 200 0 0 4 296 432 69659 74 1594 11 47 52 93 -57
5424 40 595 67 200 0 0 1 299 423 69746 73 1604 14 48 49 83 -48
5448 40 640 80 200 0 0 6 294 384 69970 72 1607 28 48 35 80 -9
5472 39 562 141 200 0 0 3 297 370 70183 71 1599 35 47 28 88 5
5496 38 571 179 200 0 0 4 296 375 70371 69 1602 41 50 22 85 0
5520 38 566 170 200 0 1 3 296 362 70582 69 1608 38 54 25 79 13
5544 37 528 180 200 0 1 5 294 362 70752 66 1617 41 57 22 70 13
5568 36 513 178 200 0 0 5 295 382 70848 66 1619 31 64 32 68 -7
5592 36 597 173 200 0 0 2 298 358 71039 66 1608 44 67 19 79 17
5616 36 551 173 200 0 0 3 297 373 71235 65 1625 42 67 21 62 2
5640 34 516 174 200 0 0 3 297 391 71363 65 1596 40 64 23 91 -16
5664 33 514 153 200 0 0 4 296 388 71438 61 1621 32 68 31 66 -13
5688 33 549 155 200 0 0 3 297 363 71564 61 1609 39 65 24 78 12
5712 32 549 162 200 0 0 2 298 369 71712 59 1617 38 76 25 70 6
5736 32 516 152 200 0 0 3 297 374 71805 59 1613 38 86 25 74 1
5760.0 32 547 168 200 0 0 5 295 391 71893 89 1623 37 89 26 64 0
5784 32 455 151 200 0 0 6 294 403 71966 89 1625 27 76 36 62 -12
5808 31 450 132 200 0 0 0 300 431 71985 89 1619 16 62 47 68 -40
5832 31 459 127 200 0 0 3 297 430 72023 87 1624 16 53 47 63 -39
5856 31 475 106 200 0 0 1 299 385 72111 86 1630 38 50 25 57 6
5880 31 461 151 200 0 0 5 295 387 72217 86 1626 38 45 25 61 4
5904 31 439 153 200 0 0 5 295 379 72338 83 1623 42 41 21 64 12
5928.0 1031 428 158 200 0 0 2 298 375 72460 81 1638 42 41 21 49 16
5952 968 3641 157 200 0 0 12 288 380 77927 79 909 43 21 20 778 11
5976 854 4584 145 200 1 1 25 273 401 82835 77 945 40 28 23 742 -10
6000 779 4837 144 200 0 2 21 277 386 87524 76 972 45 27 18 715 5
6024 694 4707 155 200 0 0 20 280 394 92009 75 1013 43 26 20 674 -3
6048 621 4693 150 200 0 0 18 282 381 96334 75 1021 41 32 22 666 10
6072 570 4473 156 200 0 0 22 278 379 100386 74 1074 48 33 15 613 12
6096 512 4379 157 200 0 1 16 283 378 104305 74 1098 34 35 29 589 13
6120 459 4084 171 200 0 0 14 286 384 107938 72 1119 44 37 19 568 7
6144 421 3899 173 200 0 2 17 281 384 111333 71 1126 32 42 31 561 7
6168 379 3784 171 200 0 1 14 285 386 114537 70 1161 39 51 24 526 5
6192 351 3670 181 200 0 0 19 281 371 117560 70 1191 39 64 24 496 20
6216 328 3456 166 200 0 0 12 288 380 120478 69 1195 44 55 19 492 11
6240 307 3372 175 200 0 1 9 290 396 123206 68 1226 37 61 26 461 -5
6264 293 3234 158 200 0 0 12 288 388 125823 68 1284 45 49 18 403 3
6288 273 3112 159 200 0 0 5 295 367 128331 68 1278 42 56 21 409 24
6312 257 3026 165 200 0 0 10 290 393 130747 67 1305 32 57 31 382 -2
6336 243 2894 183 200 0 2 8 290 385 132982 65 1297 35 70 28 390 6
6360 229 2790 148 200 0 0 12 288 416 135039 64 1306 33 64 30 381 -25
6384 211 2700 144 200 0 0 9 291 378 137027 64 1345 39 65 24 342 13
6408 203 2662 163 200 0 0 7 293 383 138973 64 1318 41 72 22 369 8
6432 197 2562 189 200 0 0 4 296 383 140719 61 1360 39 80 24 327 8
6456 190 2487 154 200 0 0 12 288 396 142441 60 1383 38 67 25 304 -5
6480.0 182 2461 155 200 0 0 9 291 391 144118 90 1392 43 67 20 295 0
6504 177 2325 180 200 0 1 5 294 383 146035 90 1354 36 39 27 333 8
6528 173 2177 175 200 0 0 5 295 402 147846 90 1380 39 31 24 307 -11
6552 170 2162 174 200 0 0 7 293 390 149623 90 1378 39 22 24 309 1
6576 164 2051 170 200 0 0 9 291 404 151286 88 1423 37 24 26 264 -13
6600 160 1938 177 200 0 0 6 294 397 152896 88 1436 47 28 16 251 -6
6624 157 1968 158 200 0 0 9 291 393 154549 88 1420 35 25 28 267 -2
6648 155 1918 172 200 0 1 7 292 416 156091 87 1398 30 30 33 289 -25
6672 151 1857 163 200 0 0 7 293 388 157650 86 1415 41 31 22 272 3
6696 145 1846 151 200 0 0 3 297 402 159119 85 1431 30 32 33 256 -11
6720 143 1879 166 200 0 0 2 298 379 160635 84 1416 36 32 27 271 12
6744 140 1823 147 200 0 0 5 295 418 162047 82 1429 25 33 38 258 -27
6768 139 1763 168 200 0 0 6 294 382 163468 81 1448 42 29 21 239 9
6792 135 1769 173 200 0 0 2 298 378 164827 79 1435 35 36 28 252 13
6816 130 1738 175 200 0 0 6 294 373 166154 79 1436 37 38 26 251 18
6840 129 1737 179 200 0 0 6 294 388 167449 77 1413 39 43 24 274 3
6864 126 1667 193 200 0 0 3 297 381 168643 77 1449 34 54 29 238 10
6888 124 1605 195 200 0 0 3 297 364 169876 77 1459 36 48 27 228 27
6912 120 1628 166 200 0 0 1 299 404 171083 76 1466 31 44 32 221 -13
6936 117 1562 147 200 0 0 5 295 403 172178 74 1455 36 45 27 232 -12
6960 116 1551 171 200 0 0 6 294 384 173277 74 1468 43 54 20 219 7
6984 111 1565 156 200 0 0 1 299 385 174352 73 1495 45 51 18 192 6
7008 109 1571 189 200 0 0 2 298 395 175437 70 1490 38 53 25 197 -4
7032 106 1493 175 200 0 0 1 299 399 176420 69 1461 41 67 22 226 -8
7056 105 1504 179 200 0 0 5 295 396 177391 67 1483 40 61 23 204 -5
7080 104 1524 180 200 0 0 5 295 390 178356 66 1491 38 72 25 196 1
7104 102 1453 188 200 0 0 5 295 402 179275 65 1513 32 69 31 174 -11
7128 100 1413 176 200 0 0 4 296 410 180210 65 1500 28 69 35 187 -19
7152 99 1469 152 200 0 0 4 296 430 181025 62 1496 15 83 48 191 -39
7176 97 1453 78 200 0 0 0 300 455 181790 62 1517 4 77 59 170 -64
7200.0 94 1459 73 200 0 0 6 294 401 182633 90 1509 29 82 34 178 0
7224 93 1364 127 200 0 0 5 295 394 183553 90 1517 41 53 22 170 7
7248 93 1310 154 200 0 0 1 299 404 184469 89 1504 38 44 25 183 -3
7272 93 1300 158 200 0 0 4 296 390 185447 89 1491 30 42 33 196 11
7296 89 1284 150 200 0 0 3 297 423 186301 86 1503 35 34 28 184 -22
7320 87 1204 121 200 0 0 0 300 438 187036 86 1510 21 33 42 177 -37
7344 86 1185 104 200 0 0 2 298 410 187804 84 1521 32 38 31 166 -9
7368 85 1183 133 200 0 0 2 298 403 188561 84 1512 34 36 29 175 -2
7392 85 1236 157 200 0 0 7 293 405 189394 83 1518 40 32 23 169 -4
7416 83 1161 156 200 0 0 3 297 398 190143 82 1509 39 35 24 178 3
7440 82 1207 177 200 0 0 3 297 409 190939 82 1502 34 38 29 185 -8
7464 80 1202 183 200 0 0 5 295 409 191701 82 1523 35 36 28 164 -8
7488 80 1182 140 200 0 0 5 295 436 192459 81 1529 28 37 35 158 -35
7512 78 1153 154 200 0 0 4 296 392 193194 79 1540 39 34 24 147 9
7536 78 1167 178 200 0 0 6 294 405 193927 79 1523 36 34 27 164 -4
7560 77 1136 151 200 0 0 3 297 416 194593 79 1536 27 36 36 151 -15
7584 75 1087 179 200 0 0 2 298 395 195240 79 1543 35 32 28 144 6
7608 72 1058 168 200 0 0 2 298 405 195887 78 1531 41 29 22 156 -4
7632 72 1060 160 200 0 0 1 299 422 196494 78 1540 31 34 32 147 -21
7656 71 1046 144 200 0 0 2 298 423 197065 77 1544 24 34 39 143 -22
7680 70 1005 148 200 0 0 3 297 399 197672 77 1543 39 32 24 144 2
7704 69 1032 145 200 0 0 4 296 394 198251 77 1544 35 30 28 143 7
7728 67 987 154 200 0 0 0 300 393 198813 77 1573 46 36 17 114 8
7752 67 994 178 200 0 0 0 300 400 199348 77 1539 35 36 28 148 1
7776 66 991 176 200 0 0 2 298 414 199906 76 1568 39 42 24 119 -13
7800 64 978 160 200 0 0 3 297 407 200431 75 1552 39 41 24 135 -6
7824 62 958 159 200 0 0 0 300 404 200934 74 1555 36 40 27 132 -3
7848 62 933 133 200 0 0 2 298 452 201384 74 1562 15 43 48 125 -51
7872 60 941 116 200 0 0 5 295 410 201843 72 1574 27 39 36 113 -9
7896 58 919 128 200 0 0 2 298 388 202212 71 1567 39 49 24 120 13
7920.0 58 893 151 200 0 0 3 297 397 202658 101 1564 40 41 23 123 4
7944 57 866 192 200 0 0 4 296 403 203145 100 1569 38 35 25 118 -2
7968 56 815 150 200 0 0 1 299 401 203556 99 1587 43 31 20 100 0
7992 56 829 168 200 0 0 1 299 390 204011 98 1569 43 30 20 118 11
8016 55 863 165 200 0 0 0 300 403 204475 98 1572 31 29 32 115 -2
8040 55 793 154 200 0 0 0 300 425 204913 96 1561 30 27 33 126 -24
8064 55 809 163 200 0 0 3 297 437 205338 95 1572 27 25 36 115 -36
8088 54 752 164 200 0 1 2 297 398 205730 94 1573 37 24 26 114 3
8112 54 782 173 200 0 0 1 299 398 206135 93 1571 37 26 26 116 3
8136 54 772 158 200 0 0 2 298 412 206525 91 1563 38 24 25 124 -11
8160 54 768 162 200 0 0 0 300 384 206942 91 1580 38 29 25 107 17
8184 54 803 158 200 0 0 0 300 417 207346 90 1571 39 27 24 116 -16
8208 54 808 170 200 0 0 2 298 392 207770 90 1569 43 28 20 118 9
8232 54 794 182 200 0 0 1 299 389 208187 90 1567 36 29 27 120 12
8256 54 801 170 200 0 0 1 299 423 208565 88 1573 27 28 36 114 -22
8280 54 781 166 200 0 0 2 298 428 208943 88 1579 36 26 27 108 -27
8304 53 798 174 200 0 0 2 298 407 209376 88 1589 40 28 23 98 -6
8328 53 795 139 200 0 0 2 298 413 209760 87 1577 37 26 26 110 -12
8352 51 795 170 200 0 0 1 299 424 210121 87 1581 22 25 41 106 -23
8376 50 797 146 200 0 0 4 296 391 210461 87 1586 42 25 21 101 10
8400 50 799 154 200 0 0 1 299 402 210818 85 1571 45 25 18 116 -1
8424 50 721 166 200 0 0 5 295 407 211140 84 1581 33 29 30 106 -6
8448 50 705 163 200 0 0 2 298 401 211455 84 1603 37 30 26 84 0
8472 50 706 173 200 0 0 4 296 393 211801 84 1576 36 32 27 111 8
8496 50 740 156 200 0 0 2 298 406 212115 79 1579 36 35 27 108 -5
8520 50 731 161 200 0 0 2 298 420 212427 79 1582 35 35 28 105 -19
8544 49 718 168 200 0 0 1 299 390 212752 79 1577 46 38 17 110 11
8568 48 716 170 200 0 0 1 299 425 213056 78 1581 35 41 28 106 -24
8592 47 682 101 200 0 0 1 299 461 213258 76 1578 11 43 52 109 -60
8616 47 697 71 200 0 0 2 298 463 213529 75 1583 13 40 50 104 -62
8640.0 46 694 47 200 0 0 1 299 512 213665 105 1577 0 46 63 110 0
8664 45 674 114 200 0 0 1 299 541 213809 105 1601 38 39 25 86 -29
8688 45 651 148 200 0 0 1 299 511 214000 104 1583 43 35 20 104 1
8712 43 631 134 200 0 0 1 299 543 214117 104 1600 24 35 39 87 -31
8736 43 650 138 200 0 0 1 299 505 214254 103 1593 37 30 26 94 7
8760 43 642 104 200 0 0 1 299 569 214365 102 1595 14 31 49 92 -57
