Time EBV Teff Treg ODC_le1 ODC_le2 ODC_le3 ODC_le4 ODC_le5 NK IL2 DAC Resting_Teff Resting_Treg EffectorMemory Resting_Treg_temp Resting_Teff_temp NK_temp
0.0 0 0 0 0 0 0 0 500 375 1000 0 1687 63 0 0 0 0
24 0 0 0 0 0 0 0 500 341 915 0 1687 63 0 0 0 34
48 0 0 0 0 0 0 0 500 335 822 0 1687 63 0 0 0 40
72 0 0 0 0 0 0 0 500 336 738 0 1687 63 0 0 0 39
96 0 0 0 0 0 0 0 500 328 661 0 1687 63 0 0 0 47
120 0 0 0 0 0 0 0 500 331 612 0 1687 63 0 0 0 44
144 0 0 0 0 0 0 0 500 331 542 0 1687 63 0 0 0 44
168.0 1000 0 0 0 0 0 0 500 327 483 0 1687 63 0 0 0 48
192 365 5759 124 16 22 79 149 234 272 857 0 1139 40 385 23 548 103
216 91 3675 159 113 38 74 131 144 265 406 0 1459 43 447 20 228 110
240 33 1245 174 160 20 55 110 155 291 248 0 1618 37 459 26 69 84
264 21 486 170 172 9 34 59 226 306 307 0 1627 43 435 20 60 69
288 16 280 168 174 1 14 43 268 314 333 0 1647 39 406 24 40 61
312 14 224 167 175 0 6 40 279 310 366 0 1660 41 385 22 27 65
336 14 180 181 175 0 2 16 307 328 399 0 1651 41 383 22 36 47
360 13 160 179 175 0 0 18 307 326 385 0 1661 41 386 22 26 49
384 12 151 175 175 0 2 20 303 314 382 0 1661 41 377 22 26 61
408 11 141 190 175 0 3 21 301 320 383 0 1657 41 373 22 30 55
432 11 138 198 175 0 2 16 307 313 400 0 1661 36 354 27 26 62
456 10 116 185 175 0 1 18 306 325 375 0 1667 36 359 27 20 50
480 8 110 200 175 0 0 14 311 311 357 0 1662 40 354 23 25 64
504 8 89 192 175 0 0 11 314 322 333 0 1670 40 352 23 17 53
528 8 76 180 175 0 1 7 317 319 330 0 1666 42 339 21 21 56
552 8 77 158 175 1 0 6 318 316 345 0 1670 47 332 16 17 59
576 8 107 152 175 0 2 13 310 314 361 0 1671 40 315 23 16 61
600 6 81 157 175 0 0 16 309 324 359 0 1672 36 327 27 15 51
624 4 55 163 175 0 2 6 317 305 316 0 1675 37 327 26 12 70
648 3 51 157 175 0 0 7 318 317 290 0 1674 37 330 26 13 58
672 3 41 162 175 0 0 8 317 310 252 0 1683 37 325 26 4 65
696 3 34 148 175 0 0 4 321 316 245 0 1683 42 317 21 4 59
720 3 30 140 175 0 0 3 322 313 236 0 1679 42 315 21 8 62
744 3 34 143 175 0 1 7 317 335 238 0 1678 39 314 24 9 40
768 3 19 156 175 0 0 5 320 330 250 0 1677 48 303 15 10 45
792 3 38 146 175 0 0 3 322 323 262 0 1678 50 294 13 9 52
816 3 40 134 175 0 0 3 322 329 261 0 1677 40 292 23 10 46
840 3 33 175 175 0 0 8 317 311 248 0 1683 36 279 27 4 64
864 3 28 193 175 0 0 4 321 326 226 0 1681 40 269 23 6 49
888 3 25 168 175 0 0 5 320 319 247 0 1680 38 259 25 7 56
912 3 28 157 175 0 0 5 320 319 230 0 1680 42 253 21 7 56
936 3 31 143 175 0 0 4 321 324 223 0 1683 46 251 17 4 51
960 3 33 150 175 0 0 2 323 308 226 0 1676 44 245 19 11 67
984 3 28 154 175 0 0 8 317 322 226 0 1683 46 243 17 4 53
1008 3 21 162 175 0 1 2 322 326 222 0 1679 40 241 23 8 49
1032 3 39 151 175 0 0 7 318 314 246 0 1678 34 240 29 9 61
1056 3 21 146 175 0 0 7 318 316 248 0 1676 40 235 23 11 59
1080 3 27 143 175 0 0 1 324 316 244 0 1683 43 229 20 4 59
1104 3 29 135 175 0 0 4 321 306 235 0 1678 39 229 24 9 69
1128 3 27 141 175 0 0 7 318 313 230 0 1682 45 226 18 5 62
1152 3 29 175 175 0 0 6 319 333 237 0 1679 28 220 35 8 42
1176 3 24 155 175 0 0 3 322 320 230 0 1680 43 213 20 7 55
1200 3 16 147 175 0 0 2 323 328 227 0 1681 39 210 24 6 47
1224 3 12 150 175 0 0 2 323 314 226 0 1682 41 202 22 5 61
1248 3 22 142 175 0 0 2 323 329 227 0 1680 49 200 14 7 46
1272 3 18 158 175 0 0 2 323 329 216 0 1683 45 194 18 4 46
1296 3 24 147 175 0 0 3 322 321 216 0 1683 41 194 22 4 54
1320 3 36 150 175 0 0 6 319 327 223 0 1677 38 192 25 10 48
1344 3 34 149 175 0 0 6 319 318 219 0 1680 45 189 18 7 57
1368 3 20 151 175 0 0 4 321 333 226 0 1684 43 189 20 3 42
1392 3 21 141 175 0 0 4 321 313 228 0 1682 41 187 22 5 62
1416 3 28 156 175 0 0 3 322 314 228 0 1681 43 178 20 6 61
1440.0 3 25 141 175 0 0 4 321 332 222 30 1680 50 175 13 7 43
1464 3 22 159 175 0 0 3 322 330 234 30 1685 40 172 23 2 45
1488 3 13 132 175 0 0 2 323 326 251 29 1682 45 165 18 5 49
1512 3 20 135 175 0 0 1 324 323 280 28 1678 46 164 17 9 52
1536 3 27 131 175 0 0 5 320 324 284 28 1684 47 161 16 3 51
1560 3 20 131 175 0 0 2 323 322 300 28 1685 47 153 16 2 53
1584 3 17 126 175 0 0 4 321 319 311 28 1684 47 152 16 3 56
1608.0 1003 27 122 175 0 0 0 325 317 335 28 1677 39 148 24 10 58
1632 564 3156 140 176 6 18 66 234 317 4826 27 1069 39 145 24 618 58
1656 273 3995 166 187 6 24 76 207 307 6409 27 1250 41 244 22 437 68
1680 135 3640 201 198 6 40 82 174 324 6360 27 1410 44 377 19 277 51
1704 70 2631 205 206 6 29 75 184 321 5753 27 1537 30 477 33 150 54
1728 42 1694 199 212 2 22 61 203 308 5116 27 1600 39 562 24 87 67
1752 29 1060 205 213 2 9 61 215 330 4471 25 1630 42 653 21 57 45
1776 22 747 212 213 1 3 47 236 338 4085 25 1647 43 625 20 40 37
1800 20 521 214 213 0 3 26 258 331 3806 25 1644 43 620 20 43 44
1824 19 469 208 213 1 2 33 251 338 3625 25 1654 37 545 26 33 37
1848 17 367 206 213 0 5 19 263 345 3521 24 1647 39 492 24 40 30
1872 14 308 190 214 0 2 21 263 334 3347 24 1651 43 468 20 36 41
1896 12 288 189 214 0 2 14 270 343 3100 23 1658 40 481 23 29 32
1920 8 227 205 214 0 1 13 272 336 2887 23 1666 40 490 23 21 39
1944 7 165 207 214 0 0 8 278 343 2625 22 1669 38 493 25 18 32
1968 6 125 203 214 0 0 11 275 328 2466 22 1675 43 488 20 12 47
1992 4 83 184 214 0 0 8 278 342 2315 22 1679 46 491 17 8 33
2016 3 64 178 214 0 0 1 285 330 2133 22 1680 42 489 21 7 45
2040 3 57 190 214 0 0 7 279 327 1964 22 1681 44 493 19 6 48
2064 3 58 183 214 0 0 3 283 338 1819 21 1679 41 479 22 8 37
2088 3 52 179 214 0 0 8 278 342 1679 21 1679 42 475 21 8 33
2112 3 41 176 214 0 0 4 282 350 1548 21 1678 41 464 22 9 25
2136 3 36 182 214 0 0 2 284 331 1422 20 1680 36 452 27 7 44
2160.0 3 55 179 214 0 0 6 280 338 1326 49 1681 39 428 24 6 37
2184 3 34 146 214 0 0 5 281 337 1280 49 1677 42 416 21 10 38
2208 3 34 144 214 0 0 4 282 338 1235 49 1680 45 392 18 7 37
2232 3 27 145 214 0 0 3 283 333 1186 49 1683 39 368 24 4 42
2256 3 31 138 214 0 0 5 281 336 1144 49 1676 45 356 18 11 39
2280 3 39 141 214 0 0 2 284 327 1103 48 1679 40 335 23 8 48
2304 3 35 137 214 0 0 3 283 320 1067 48 1677 42 318 21 10 55
2328 3 35 122 214 0 0 3 283 334 1058 46 1681 39 301 24 6 41
2352 3 27 131 214 0 0 2 284 337 1020 46 1678 47 289 16 9 38
2376 3 27 146 214 0 0 3 283 319 1002 46 1682 37 277 26 5 56
2400 3 19 153 214 0 0 3 283 342 960 46 1684 31 266 32 3 33
2424 3 27 149 214 0 0 2 284 339 936 45 1681 44 253 19 6 36
2448 2 21 148 214 0 0 3 283 328 900 44 1680 32 243 31 7 47
2472 2 25 144 214 0 0 4 282 333 866 44 1683 35 230 28 4 42
2496 2 12 129 214 0 0 1 285 324 812 44 1681 46 225 17 6 51
2520 2 21 131 214 0 0 2 284 324 793 44 1682 40 219 23 5 51
2544 2 22 149 214 0 0 3 283 336 746 44 1679 39 216 24 8 39
2568 2 15 132 214 0 0 2 284 329 715 43 1683 43 214 20 4 46
2592 2 18 127 214 0 0 1 285 341 666 42 1683 47 210 16 4 34
2616 2 25 130 214 0 0 2 284 336 644 42 1680 41 207 22 7 39
2640 1 10 148 214 0 0 3 283 317 609 42 1686 50 205 13 1 58
2664 1 9 147 214 0 0 0 286 326 575 41 1685 35 203 28 2 49
2688 1 7 135 214 0 0 2 284 334 528 40 1685 43 199 20 2 41
2712 1 9 134 214 0 0 1 285 316 490 39 1687 43 196 20 0 59
2736 1 14 133 214 0 0 2 284 322 466 39 1683 40 192 23 4 53
2760 1 8 146 214 0 0 0 286 316 437 38 1686 41 191 22 1 59
2784 1 4 143 214 0 0 1 285 321 415 38 1686 46 190 17 1 54
2808 1 11 115 214 0 0 1 285 322 378 38 1682 40 190 23 5 53
2832 1 10 108 214 0 0 3 283 319 351 38 1685 43 187 20 2 56
2856 1 7 119 214 0 0 2 284 323 339 38 1686 39 184 24 1 52
2880.0 1 12 125 214 0 0 3 283 318 329 68 1687 49 184 14 0 57
2904 1 4 119 214 0 0 0 286 321 307 68 1686 42 182 21 1 54
2928 1 10 132 214 0 0 0 286 329 288 68 1686 47 181 16 1 46
2952 1 8 145 214 0 0 2 284 314 276 67 1684 42 179 21 3 61
2976 1 9 135 214 0 0 0 286 322 261 67 1685 38 177 25 2 53
3000 1 7 122 214 0 0 1 285 317 254 65 1686 42 175 21 1 58
3024 1 4 129 214 0 0 0 286 316 240 65 1685 46 175 17 2 59
3048.0 1001 10 128 214 0 0 0 286 325 237 65 1685 41 175 22 2 50
3072 594 2618 134 214 1 18 61 206 302 5650 63 1040 38 32 25 647 73
3096 336 2756 156 215 2 22 64 197 330 9139 62 1226 44 38 19 461 45
3120 234 2444 167 218 2 11 61 208 338 11722 62 1301 39 56 24 386 37
3144 168 2103 171 218 1 5 39 237 333 13733 61 1370 33 61 30 317 42
3168 147 1697 166 219 0 4 40 237 359 15243 61 1428 39 72 24 259 16
3192 124 1516 181 219 1 3 27 250 353 16666 60 1452 43 76 20 235 22
3216 110 1372 179 219 1 1 30 249 349 17814 57 1476 41 73 22 211 26
3240 99 1276 175 219 0 1 24 256 360 18786 57 1486 37 79 26 201 15
3264 88 1224 176 219 0 1 25 255 348 19651 55 1497 36 91 27 190 27
3288 82 1122 188 219 0 1 19 261 361 20437 54 1523 45 95 18 164 14
3312 75 1153 173 219 0 1 17 263 352 21177 54 1523 41 93 22 164 23
3336 69 1080 184 219 0 0 24 257 354 21757 53 1539 42 104 21 148 21
3360 56 911 194 219 0 0 15 266 342 22203 53 1573 42 117 21 114 33
3384 53 800 182 219 0 0 11 270 368 22517 52 1595 36 112 27 92 7
3408 50 740 169 219 0 0 9 272 369 22902 52 1577 47 104 16 110 6
3432 47 741 150 219 0 0 13 268 358 23214 51 1574 46 122 17 113 17
3456 45 708 164 219 0 0 11 270 364 23470 50 1594 38 125 25 93 11
3480 40 696 170 219 0 0 11 270 372 23690 49 1595 41 124 22 92 3
3504 38 680 159 219 0 1 7 273 368 23792 48 1609 36 126 27 78 7
3528 34 599 176 219 0 1 10 270 363 23869 48 1628 47 127 16 59 12
3552 31 555 186 219 0 0 6 275 367 23965 48 1623 38 126 25 64 8
3576 29 565 189 219 0 0 5 276 370 24031 48 1615 39 137 24 72 5
3600.0 29 488 171 219 0 1 11 269 379 24040 76 1632 40 144 23 55 0
3624 28 438 175 219 0 0 6 275 366 24183 74 1616 33 117 30 71 13
3648 27 358 184 219 0 0 2 279 361 24263 73 1636 37 100 26 51 18
3672 27 379 174 219 0 0 4 277 363 24346 73 1628 39 91 24 59 16
3696 26 351 180 219 0 0 7 274 368 24438 73 1631 35 83 28 56 11
3720 24 351 185 219 0 0 7 274 379 24513 73 1627 40 78 23 60 0
3744 24 366 217 219 0 0 5 276 361 24589 72 1634 37 70 26 53 18
3768 22 312 194 219 0 0 3 278 394 24594 72 1639 38 68 25 48 -15
3792 22 290 180 219 0 0 3 278 363 24607 72 1641 38 64 25 46 16
3816 20 298 181 219 0 0 2 279 368 24591 71 1633 42 65 21 54 11
3840 20 270 184 219 0 0 7 274 365 24581 70 1637 36 62 27 50 14
3864 20 290 158 219 0 0 5 276 376 24616 69 1634 41 57 22 53 3
3888 19 284 170 219 0 1 5 275 360 24593 68 1648 39 60 24 39 19
3912 19 287 180 219 0 0 5 276 368 24562 67 1638 38 58 25 49 11
3936 19 262 178 219 0 0 1 280 375 24532 67 1650 40 59 23 37 4
3960 18 271 171 219 0 0 5 276 357 24503 67 1647 41 60 22 40 22
3984 18 235 183 219 0 0 6 275 358 24487 66 1648 38 60 25 39 21
4008 18 264 171 219 0 0 7 274 362 24471 66 1643 43 58 20 44 17
4032 18 265 177 219 0 0 4 277 367 24428 64 1649 35 59 28 38 12
4056 18 263 165 219 0 0 5 276 367 24357 64 1650 42 63 21 37 12
4080 18 255 176 219 0 0 6 275 380 24311 64 1636 31 60 32 51 -1
4104 18 255 156 219 0 0 4 277 368 24238 61 1649 41 62 22 38 11
4128 18 254 156 219 0 0 4 277 375 24166 57 1643 40 67 23 44 4
4152 17 290 171 219 0 1 2 278 364 24114 57 1630 45 69 18 57 15
4176 16 246 169 219 0 0 4 277 364 24030 56 1653 40 74 23 34 15
4200 15 226 180 219 0 0 4 277 360 23899 55 1665 41 73 22 22 19
4224 15 257 158 219 0 0 2 279 373 23750 52 1649 43 78 20 38 6
4248 15 268 181 219 0 0 1 280 379 23584 50 1662 33 85 30 25 0
4272 14 207 158 219 0 0 3 278 364 23405 50 1662 43 95 20 25 15
4296 14 219 197 219 0 0 4 277 380 23237 49 1650 35 110 28 37 -1
4320.0 14 239 190 219 0 0 7 274 367 23100 78 1651 41 107 22 36 12
4344 14 231 168 219 0 0 2 279 365 23044 75 1636 40 93 23 51 14
4368 14 199 163 219 0 0 4 277 374 22948 75 1652 37 83 26 35 5
4392 14 206 171 219 0 0 6 275 374 22836 73 1647 41 76 22 40 5
4416 13 223 147 219 0 0 5 276 364 22710 72 1646 40 73 23 41 15
4440 13 214 174 219 0 0 10 271 361 22570 71 1659 39 62 24 28 18
4464 13 166 168 219 0 0 1 280 367 22462 71 1670 40 60 23 17 12
4488.0 1013 166 187 219 0 0 4 277 373 22318 70 1663 40 60 23 24 6
4512 856 3356 164 219 0 0 35 246 361 27805 68 926 44 29 19 761 18
4536 680 4115 168 219 3 3 34 241 362 32378 67 1039 35 38 28 648 17
4560 548 4152 164 219 1 3 42 235 356 36492 66 1088 42 42 21 599 23
4584 433 3928 185 219 1 3 37 240 352 40141 66 1126 44 51 19 561 27
4608 364 3604 167 219 0 2 40 239 367 43416 66 1178 44 46 19 509 12
4632 311 3306 160 219 0 2 27 252 369 46135 64 1259 40 57 23 428 10
4656 271 3101 171 219 0 2 34 245 359 48616 62 1300 39 60 24 387 20
4680 243 2864 173 219 0 3 17 261 367 50863 61 1323 44 74 19 364 12
4704 221 2659 180 219 0 1 22 258 367 52953 58 1314 40 83 23 373 12
4728 197 2659 166 219 0 0 23 258 376 54889 58 1324 39 92 24 363 3
4752 176 2522 187 219 0 1 14 266 376 56596 58 1394 32 92 31 293 3
4776 157 2324 192 219 0 3 13 265 364 58123 58 1401 42 90 21 286 15
4800 143 2116 191 219 0 1 17 263 364 59488 57 1425 47 98 16 262 15
4824 130 1976 185 219 0 0 15 266 365 60759 57 1453 39 95 24 234 14
4848 118 1812 191 219 0 0 17 264 367 61799 56 1441 43 105 20 246 12
4872 113 1715 181 219 0 0 8 273 371 62819 56 1519 40 99 23 168 8
4896 103 1668 193 219 0 0 9 272 383 63789 56 1487 33 95 30 200 -4
4920 100 1503 184 219 0 0 7 274 361 64634 56 1492 43 107 20 195 18
4944 91 1471 188 219 0 0 9 272 384 65495 56 1497 41 108 22 190 -5
4968 84 1393 175 219 0 0 10 271 382 66178 56 1512 35 115 28 175 -3
4992 81 1282 188 219 0 0 9 272 376 66852 56 1528 40 98 23 159 3
5016 79 1258 207 219 0 0 13 268 370 67520 55 1534 41 115 22 153 9
5040.0 76 1240 190 219 0 0 6 275 389 68106 84 1533 31 119 32 154 0
5064 72 1097 186 219 0 0 4 277 379 68857 82 1534 32 79 31 153 10
5088 69 1050 194 219 0 0 10 271 394 69522 81 1516 34 55 29 171 -5
5112 67 964 172 219 0 0 4 277 391 70075 81 1538 41 45 22 149 -2
5136 65 903 164 219 0 0 5 276 413 70632 81 1559 27 42 36 128 -24
5160 64 935 157 219 0 0 5 276 393 71206 81 1568 33 41 30 119 -4
5184 61 875 166 219 0 0 8 273 368 71747 81 1552 34 46 29 135 21
5208 57 858 198 219 0 0 1 280 407 72205 80 1579 31 48 32 108 -18
5232 56 794 161 219 0 1 2 278 404 72648 78 1572 36 46 27 115 -15
5256 54 783 169 219 0 0 1 280 388 73060 78 1576 38 46 25 111 1
5280 53 742 168 219 0 0 1 280 379 73473 77 1587 43 44 20 100 10
5304 50 724 168 219 0 0 6 275 388 73875 77 1591 35 41 28 96 1
5328 47 746 165 219 0 0 5 276 383 74291 76 1576 34 47 29 111 6
5352 47 660 175 219 0 0 5 276 387 74568 73 1583 37 49 26 104 2
5376 47 664 180 219 0 0 6 275 371 74883 73 1592 34 49 29 95 18
5400 47 645 174 219 0 0 2 279 387 75221 72 1593 37 51 26 94 2
5424 47 659 176 219 0 0 6 275 380 75551 71 1589 36 51 27 98 9
5448 47 657 175 219 0 0 1 280 395 75808 70 1604 32 55 31 83 -6
5472 45 646 193 219 0 0 2 279 379 76141 70 1585 36 55 27 102 10
5496 44 643 137 219 0 0 5 276 397 76363 70 1597 39 56 24 90 -8
5520 42 669 140 219 0 0 4 277 392 76678 69 1593 42 56 21 94 -3
5544 40 634 162 219 0 0 2 279 407 76867 68 1597 33 60 30 90 -18
5568 40 603 166 219 0 0 3 278 392 77035 67 1600 39 69 24 87 -3
5592 39 658 150 219 0 0 5 276 384 77250 66 1611 34 69 29 76 5
5616 35 598 171 219 0 0 4 277 380 77465 65 1608 38 63 25 79 9
5640 34 538 167 219 0 0 3 278 380 77578 65 1618 43 64 20 69 9
5664 33 569 191 219 0 0 2 279 387 77741 65 1607 40 70 23 80 2
5688 33 568 170 219 0 0 1 280 392 77869 63 1609 38 75 25 78 -3
5712 32 535 171 219 0 0 3 278 392 77970 62 1619 47 75 16 68 -3
5736 32 518 182 219 0 0 3 278 404 78055 62 1625 36 75 27 62 -15
5760.0 32 501 169 219 0 0 4 277 392 78118 91 1618 34 81 29 69 0
5784 32 484 157 219 0 0 4 277 388 78214 90 1615 38 70 25 72 4
5808 31 524 177 219 0 0 2 279 393 78354 90 1608 35 58 28 79 -1
5832 30 522 174 219 0 0 5 276 385 78518 90 1622 41 58 22 65 7
5856 30 462 175 219 0 0 0 281 393 78583 89 1614 36 60 27 73 -1
5880 30 455 191 219 0 0 3 278 390 78719 89 1628 41 47 22 59 2
5904 30 465 172 219 0 0 0 281 366 78829 87 1633 37 43 26 54 26
5928.0 1030 472 184 219 0 0 0 281 413 78929 87 1627 32 36 31 60 0
5952 965 3760 154 219 0 0 20 261 401 84337 85 905 36 23 27 782 12
5976 865 4566 153 219 0 0 21 260 410 89211 80 954 37 20 26 733 3
6000 783 4938 171 219 1 1 20 259 393 94029 79 915 42 24 21 772 20
6024 695 4760 168 219 0 2 14 265 389 98445 79 994 49 32 14 693 24
6048 620 4628 169 219 0 1 21 259 408 102730 77 1046 40 28 23 641 5
6072 561 4393 161 219 0 1 22 258 412 106751 76 1091 43 32 20 596 1
6096 504 4199 176 219 0 2 13 266 398 110564 76 1126 41 36 22 561 15
6120 466 4075 171 219 0 0 14 267 399 114146 75 1141 39 34 24 546 14
6144 425 3933 162 219 0 0 4 277 412 117502 75 1150 41 38 22 537 1
6168 393 3744 181 219 0 0 13 268 415 120710 75 1199 43 38 20 488 -2
6192 366 3596 184 219 0 0 10 271 411 123791 74 1213 40 35 23 474 2
6216 340 3443 179 219 0 0 13 268 419 126728 73 1197 45 46 18 490 -6
6240 319 3393 150 219 0 0 6 275 402 129481 73 1235 47 43 16 452 11
6264 296 3240 174 219 0 0 11 270 422 132139 71 1245 31 48 32 442 -9
6288 284 3167 181 219 0 0 9 272 403 134753 71 1253 38 49 25 434 10
6312 270 3020 152 219 0 0 6 275 405 137210 71 1254 39 52 24 433 8
6336 257 2908 174 219 0 0 7 274 408 139586 70 1308 35 51 28 379 5
6360 247 2884 183 219 0 0 11 270 416 141872 70 1275 42 65 21 412 -3
6384 237 2797 165 219 0 0 5 276 403 144004 69 1353 42 58 21 334 10
6408 229 2695 178 219 0 0 6 275 390 146168 69 1324 41 46 22 363 23
6432 220 2620 196 219 0 0 10 271 398 148271 69 1341 34 54 29 346 15
6456 209 2497 204 219 0 0 13 268 404 150251 69 1356 33 64 30 331 9
6480.0 202 2473 201 219 0 0 6 275 402 152215 98 1345 46 52 17 342 11
6504 194 2348 154 219 0 0 6 275 455 154192 94 1345 17 30 46 342 -42
6528 187 2280 96 219 0 0 4 277 433 156004 93 1369 22 28 41 318 -20
6552 178 2154 131 219 0 0 4 277 422 157738 92 1421 31 25 32 266 -9
6576 173 2104 145 219 0 0 7 274 400 159483 90 1378 40 20 23 309 13
6600 170 2117 169 219 0 0 4 277 440 161183 88 1398 31 21 32 289 -27
6624 164 1990 142 219 0 0 0 281 438 162791 88 1417 28 20 35 270 -25
6648 158 1943 143 219 0 0 4 277 398 164441 88 1409 44 27 19 278 15
6672 154 1885 158 219 0 1 3 277 418 165972 85 1403 38 24 25 284 -5
6696 151 1846 176 219 0 0 5 276 426 167433 85 1430 41 26 22 257 -13
6720 146 1882 141 219 0 1 13 267 423 168874 85 1408 30 36 33 279 -10
6744 144 1829 169 219 0 0 4 277 419 170250 83 1436 38 33 25 251 -6
6768 140 1843 185 219 0 0 1 280 407 171679 83 1426 38 36 25 261 6
6792 137 1805 174 219 0 0 7 274 413 173066 82 1468 38 34 25 219 0
6816 135 1753 150 219 0 0 7 274 414 174358 81 1425 39 34 24 262 -1
6840 130 1707 169 219 0 0 2 279 417 175615 80 1432 43 35 20 255 -4
6864 127 1649 160 219 0 0 2 279 433 176839 77 1427 31 36 32 260 -20
6888 123 1610 176 219 0 0 3 278 406 178043 76 1480 43 43 20 207 7
6912 122 1647 185 219 0 0 5 276 404 179247 76 1459 36 42 27 228 9
6936 117 1612 186 219 0 0 1 280 450 180406 76 1471 28 38 35 216 -37
6960 111 1562 129 219 0 0 6 275 454 181478 76 1469 16 41 47 218 -41
6984 109 1596 127 219 0 0 3 278 443 182521 75 1465 28 51 35 222 -30
7008 105 1549 115 219 0 0 4 277 474 183485 74 1459 11 49 52 228 -61
7032 103 1476 56 219 0 0 10 271 498 184318 74 1503 1 54 62 184 -85
7056 101 1467 57 219 0 1 2 278 454 185211 73 1505 22 64 41 182 -41
7080 100 1373 117 219 0 0 4 277 413 186129 72 1486 41 53 22 201 0
7104 100 1329 158 219 0 0 4 277 406 187048 72 1513 36 54 27 174 7
7128 100 1363 173 219 0 0 8 273 422 188022 72 1494 36 48 27 193 -9
7152 96 1343 175 219 0 1 7 273 411 188846 71 1502 44 52 19 185 2
7176 94 1360 145 219 0 0 4 277 408 189721 71 1500 32 53 31 187 5
7200.0 90 1316 150 219 0 0 3 278 422 190512 100 1523 37 62 26 164 0
7224 89 1238 194 219 0 0 3 278 405 191379 99 1507 36 51 27 180 17
7248 88 1221 190 219 0 0 3 278 420 192251 99 1490 42 36 21 197 2
7272 88 1164 168 219 0 1 2 278 429 193084 98 1511 42 28 21 176 -7
7296 86 1210 156 219 0 0 2 279 432 193827 97 1511 33 24 30 176 -10
7320 85 1151 162 219 0 0 0 281 432 194590 96 1517 35 19 28 170 -10
7344 84 1176 171 219 0 0 0 281 421 195345 93 1553 34 24 29 134 1
7368 83 1167 175 219 0 0 3 278 447 196125 92 1514 32 24 31 173 -25
7392 83 1139 167 219 0 0 8 273 413 196836 92 1527 34 25 29 160 9
7416 83 1142 173 219 0 0 1 280 428 197565 91 1510 35 26 28 177 -6
7440 81 1134 159 219 0 0 1 280 409 198318 90 1531 41 24 22 156 13
7464 81 1097 160 219 0 0 1 280 434 199054 89 1521 40 24 23 166 -12
7488 81 1124 147 219 0 0 2 279 420 199790 87 1524 35 22 28 163 2
7512 81 1118 155 219 0 0 0 281 420 200510 86 1524 45 27 18 163 2
7536 81 1150 131 219 0 0 6 275 428 201218 85 1524 31 34 32 163 -6
7560 80 1144 158 219 0 0 4 277 435 201931 83 1530 37 28 26 157 -13
7584 76 1121 134 219 0 0 3 278 461 202510 83 1536 21 32 42 151 -39
7608 75 1085 73 219 0 0 4 277 480 203066 83 1527 11 35 52 160 -58
7632 75 1062 38 219 0 0 5 276 474 203598 83 1542 7 37 56 145 -52
7656 75 1070 94 219 0 0 2 279 424 204232 83 1548 41 38 22 139 -2
7680 74 1052 143 219 0 1 1 279 426 204837 82 1527 34 32 29 160 -4
7704 74 1003 159 219 0 0 2 279 413 205442 81 1553 41 33 22 134 9
7728 70 1017 175 219 0 0 2 279 409 206082 81 1556 44 32 19 131 13
7752 68 1033 160 219 0 0 2 279 456 206596 81 1535 21 31 42 152 -34
7776 67 1043 124 219 0 0 5 276 449 207124 79 1538 21 36 42 149 -27
7800 66 1005 147 219 0 0 3 278 413 207664 79 1545 45 39 18 142 9
7824 64 948 173 219 0 0 1 280 423 208154 79 1560 35 41 28 127 -1
7848 64 919 177 219 0 0 2 279 426 208618 78 1549 36 47 27 138 -4
7872 64 956 153 219 0 0 1 280 465 209043 77 1566 19 54 44 121 -43
7896 62 952 126 219 0 0 1 280 454 209542 76 1565 27 47 36 122 -32
7920.0 62 883 145 219 0 0 1 280 406 209946 104 1557 42 44 21 130 16
7944 60 862 162 219 0 0 1 280 413 210441 104 1564 38 37 25 123 9
7968 59 865 156 219 0 0 2 279 426 210900 104 1576 41 31 22 111 -4
7992 59 845 161 219 0 0 2 279 461 211335 103 1559 22 26 41 128 -39
8016 57 845 78 219 0 0 2 279 514 211638 102 1558 3 26 60 129 -92
8040 57 804 22 219 0 0 2 279 537 211888 100 1536 0 28 63 151 -115
8064 57 810 5 219 0 0 2 279 493 212198 100 1564 1 31 62 123 -71
8088 57 886 10 219 0 0 4 277 496 212598 100 1555 4 29 59 132 -74
8112 56 831 4 219 0 0 3 278 517 212849 98 1565 0 31 63 122 -95
8136 55 824 5 219 0 0 3 278 506 213147 97 1586 3 33 60 101 -84
8160 55 803 3 219 0 0 0 281 519 213425 96 1549 0 35 63 138 -97
8184 54 811 2 219 0 0 1 280 530 213743 95 1538 0 39 63 149 -108
8208 54 805 9 219 0 0 0 281 472 214044 94 1572 8 39 55 115 -50
8232 54 794 23 219 0 0 4 277 508 214307 91 1574 1 39 62 113 -86
8256 52 815 35 219 0 0 1 280 464 214628 90 1571 20 35 43 116 -42
8280 52 770 58 219 0 0 2 279 463 214965 88 1585 20 30 43 102 -41
8304 51 746 115 219 0 0 0 281 435 215302 87 1573 44 32 19 114 -13
8328 49 742 122 219 0 0 2 279 452 215570 87 1595 23 35 40 92 -30
8352 49 749 152 219 0 0 0 281 425 215889 86 1589 39 36 24 98 -3
8376 49 771 182 219 0 0 0 281 401 216262 86 1571 38 33 25 116 21
8400 49 746 187 219 0 0 0 281 433 216608 85 1583 35 35 28 104 -11
8424 49 732 179 219 0 0 2 279 414 216908 85 1583 36 38 27 104 8
8448 49 710 167 219 0 0 0 281 432 217152 85 1570 31 33 32 117 -10
8472 49 743 164 219 0 0 0 281 429 217467 84 1580 37 26 26 107 -7
8496 49 768 147 219 0 0 1 280 456 217743 82 1584 26 25 37 103 -34
8520 49 795 78 219 0 0 1 280 479 218052 82 1583 10 25 53 104 -57
8544 49 804 33 219 0 0 3 278 522 218268 81 1566 0 27 63 121 -100
8568 47 719 10 219 0 0 1 280 519 218431 80 1568 0 34 63 119 -97
8592 47 725 25 219 0 0 0 281 465 218647 80 1604 25 36 38 83 -43
8616 46 722 92 219 0 0 4 277 423 218906 79 1575 41 39 22 112 -1
8640.0 46 721 148 219 0 0 3 278 422 219208 109 1596 35 40 28 91 0
8664 46 648 163 219 0 0 2 279 421 219470 108 1583 39 36 24 104 1
8688 46 639 147 219 0 0 2 279 436 219738 108 1596 31 31 32 91 -14
8712 45 651 171 219 0 0 1 280 408 219985 105 1598 38 29 25 89 14
8736 45 690 150 219 0 0 0 281 443 220245 105 1593 29 23 34 94 -21
8760 45 689 132 219 0 0 0 281 455 220476 103 1593 22 21 41 94 -33
