Time EBV Teff Treg ODC_le1 ODC_le2 ODC_le3 ODC_le4 ODC_le5 NK IL2 DAC Resting_Teff Resting_Treg EffectorMemory Resting_Treg_temp Resting_Teff_temp NK_temp
0.0 0 0 0 0 0 0 0 500 375 1000 0 1687 63 0 0 0 0
24 0 0 0 0 0 0 0 500 333 904 0 1687 63 0 0 0 42
48 0 0 0 0 0 0 0 500 337 825 0 1687 63 0 0 0 38
72 0 0 0 0 0 0 0 500 330 740 0 1687 63 0 0 0 45
96 0 0 0 0 0 0 0 500 328 654 0 1687 63 0 0 0 47
120 0 0 0 0 0 0 0 500 345 593 0 1687 63 0 0 0 30
144 0 0 0 0 0 0 0 500 335 534 0 1687 63 0 0 0 40
168.0 1000 0 0 0 0 0 0 500 336 480 0 1687 63 0 0 0 39
192 343 5824 116 25 22 80 160 213 281 812 0 1155 40 398 23 532 94
216 86 3479 192 113 41 80 118 148 268 379 0 1465 34 475 29 222 107
240 37 1139 183 166 23 51 93 167 296 332 0 1611 47 444 16 76 79
264 22 365 186 174 5 22 55 244 314 321 0 1637 40 434 23 50 61
288 18 269 172 175 2 4 34 285 318 399 0 1648 43 406 20 39 57
312 16 263 162 175 1 2 35 287 301 398 0 1650 42 421 21 37 74
336 13 215 171 175 0 2 30 293 320 349 0 1664 37 426 26 23 55
360 13 158 192 175 0 4 16 305 321 378 0 1656 44 414 19 31 54
384 12 148 178 175 0 3 18 304 313 399 0 1663 38 391 25 24 62
408 11 117 166 175 0 4 14 307 327 380 0 1666 36 392 27 21 48
432 9 117 176 175 0 2 17 306 311 362 0 1663 40 379 23 24 64
456 8 120 166 175 0 0 24 301 327 329 0 1669 41 384 22 18 48
480 8 93 158 175 0 2 10 313 323 370 0 1666 37 366 26 21 52
504 7 110 166 175 0 1 19 305 320 338 0 1668 40 371 23 19 55
528 7 97 194 175 0 1 14 310 325 346 0 1665 29 355 34 22 50
552 6 88 161 175 0 0 9 316 325 337 0 1672 39 347 24 15 50
576 4 65 129 175 0 1 11 313 320 324 0 1673 49 348 14 14 55
600 4 50 157 175 0 0 13 312 319 282 0 1679 44 348 19 8 56
624 4 54 169 175 0 0 12 313 324 272 0 1678 35 340 28 9 51
648 4 53 168 175 0 1 8 316 326 259 0 1678 36 328 27 9 49
672 3 52 146 175 0 1 7 317 324 240 0 1680 44 325 19 7 51
696 3 34 142 175 0 1 3 321 325 243 0 1675 38 317 25 12 50
720 3 35 154 175 0 0 6 319 332 241 0 1682 43 313 20 5 43
744 3 43 158 175 0 0 5 320 324 237 0 1681 42 305 21 6 51
768 3 35 150 175 0 0 4 321 319 225 0 1680 43 301 20 7 56
792 2 25 167 175 0 0 6 319 324 214 0 1682 39 302 24 5 51
816 2 19 123 175 0 1 4 320 319 194 0 1682 40 299 23 5 56
840 2 21 147 175 0 0 3 322 327 190 0 1682 32 294 31 5 48
864 2 13 128 175 0 0 0 325 321 186 0 1683 45 288 18 4 54
888 2 23 134 175 0 0 1 324 325 182 0 1683 42 281 21 4 50
912 2 21 149 175 0 0 5 320 320 192 0 1680 31 277 32 7 55
936 2 14 136 175 0 0 5 320 325 196 0 1681 38 275 25 6 50
960 2 23 177 175 0 0 3 322 311 193 0 1682 41 262 22 5 64
984 2 23 183 175 0 0 3 322 325 171 0 1680 42 258 21 7 50
1008 2 15 156 175 0 0 2 323 332 165 0 1684 42 251 21 3 43
1032 2 12 143 175 0 0 2 323 326 167 0 1684 40 247 23 3 49
1056 2 13 136 175 0 0 6 319 320 167 0 1683 34 246 29 4 55
1080 2 30 122 175 0 0 4 321 311 180 0 1680 40 239 23 7 64
1104 2 18 151 175 0 0 6 319 321 171 0 1684 40 242 23 3 54
1128 2 13 146 175 0 0 4 321 322 174 0 1683 39 242 24 4 53
1152 2 23 150 175 0 0 3 322 314 189 0 1676 35 238 28 11 61
1176 2 18 161 175 0 0 3 322 322 177 0 1683 39 239 24 4 53
1200 2 18 147 175 0 0 2 323 329 173 0 1678 42 230 21 9 46
1224 2 34 139 175 0 0 4 321 314 193 0 1680 37 225 26 7 61
1248 2 14 145 175 0 0 5 320 327 196 0 1685 38 220 25 2 48
1272 2 21 135 175 0 0 3 322 321 187 0 1682 41 217 22 5 54
1296 2 12 138 175 0 0 1 324 311 182 0 1686 42 222 21 1 64
1320 2 21 136 175 0 0 2 323 326 186 0 1680 41 219 22 7 49
1344 2 15 120 175 0 0 7 318 313 191 0 1683 43 218 20 4 62
1368 2 15 139 175 0 0 1 324 323 183 0 1686 36 218 27 1 52
1392 2 14 143 175 0 0 0 325 333 180 0 1684 37 214 26 3 42
1416 2 24 160 175 0 0 3 322 321 193 0 1678 40 211 23 9 54
1440.0 2 15 154 175 0 0 2 323 317 197 30 1685 38 203 25 2 58
1464 2 12 129 175 0 0 0 325 319 212 30 1681 40 200 23 6 56
1488 2 15 147 175 0 0 1 324 326 225 29 1682 41 193 22 5 49
1512 2 15 136 175 0 0 0 325 326 232 29 1680 41 187 22 7 49
1536 2 15 140 175 0 0 3 322 313 236 29 1684 42 184 21 3 62
1560 2 14 129 175 0 0 0 325 318 234 29 1682 40 180 23 5 57
1584 2 19 127 175 0 0 3 322 328 257 29 1682 38 178 25 5 47
1608.0 1001 12 134 175 0 0 3 322 317 263 28 1684 41 174 22 3 58
1632 554 3179 134 176 6 24 78 216 309 4745 28 1083 39 135 24 604 66
1656 276 3783 172 184 12 27 81 196 324 6490 28 1269 37 247 26 418 51
1680 137 3363 197 196 20 21 74 189 322 6695 28 1429 32 363 31 258 53
1704 85 2642 183 212 10 21 61 196 309 6398 28 1513 50 424 13 174 66
1728 62 1922 206 216 7 11 61 205 321 5957 28 1552 35 469 28 135 54
1752 40 1313 202 216 2 10 61 211 326 5585 28 1600 37 470 26 87 49
1776 28 881 216 216 1 10 46 227 330 5227 28 1625 32 509 31 62 45
1800 22 629 181 217 1 3 36 243 333 5012 28 1634 43 493 20 53 42
1824 16 446 186 217 0 5 26 252 348 4785 28 1650 49 495 14 37 27
1848 14 374 175 217 0 0 26 257 351 4576 28 1658 35 477 28 29 24
1872 11 266 184 217 0 0 22 261 338 4361 28 1666 40 471 23 21 37
1896 11 235 192 217 0 0 11 272 345 4188 28 1663 36 445 27 24 30
1920 11 202 181 217 0 0 9 274 345 4054 27 1654 41 409 22 33 30
1944 8 194 183 217 0 2 8 273 345 3886 27 1670 40 402 23 17 30
1968 7 159 190 217 0 0 6 277 340 3718 26 1671 43 405 20 16 35
1992 7 154 166 217 0 0 10 273 335 3542 25 1668 42 403 21 19 40
2016 7 159 180 217 0 1 5 277 342 3321 25 1667 39 403 24 20 33
2040 7 138 194 217 0 0 13 270 344 3173 25 1665 40 400 23 22 31
2064 7 124 192 217 0 0 6 277 333 3009 25 1672 44 388 19 15 42
2088 7 128 176 217 0 0 7 276 337 2883 25 1669 43 378 20 18 38
2112 6 133 171 217 0 1 13 269 340 2713 25 1673 35 366 28 14 35
2136 6 103 188 217 0 0 13 270 336 2539 23 1676 36 382 27 11 39
2160.0 6 93 176 217 0 1 4 278 348 2390 52 1677 41 372 22 10 27
2184 6 86 152 217 0 1 9 273 339 2370 52 1670 37 343 26 17 36
2208 5 66 160 217 0 0 5 278 345 2299 52 1674 35 319 28 13 30
2232 5 57 157 217 0 0 6 277 346 2240 49 1676 42 300 21 11 29
2256 5 57 149 217 0 0 9 274 333 2184 48 1680 41 276 22 7 42
2280 5 59 146 217 0 0 5 278 340 2121 48 1682 39 259 24 5 35
2304 5 45 144 217 0 0 3 280 343 2037 48 1679 43 249 20 8 32
2328 5 46 135 217 0 0 6 277 330 1999 48 1673 37 235 26 14 45
2352 5 45 142 217 0 1 5 277 328 1951 48 1678 40 226 23 9 47
2376 4 41 144 217 0 0 3 280 338 1876 47 1674 38 218 25 13 37
2400 4 34 159 217 0 0 4 279 337 1795 45 1677 40 214 23 10 38
2424 4 36 135 217 0 0 3 280 345 1739 44 1678 45 207 18 9 30
2448 4 35 155 217 0 0 4 279 338 1681 44 1676 40 200 23 11 37
2472 4 41 133 217 0 0 7 276 336 1616 44 1676 42 194 21 11 39
2496 4 37 122 217 0 0 4 279 330 1547 43 1680 40 188 23 7 45
2520 4 46 136 217 0 0 4 279 336 1501 43 1677 42 179 21 10 39
2544 4 27 130 217 0 0 3 280 324 1442 43 1680 40 172 23 7 51
2568 4 27 148 217 0 0 3 280 331 1403 43 1680 40 164 23 7 44
2592 4 38 150 217 0 0 3 280 333 1365 43 1675 46 155 17 12 42
2616 4 41 153 217 0 0 2 281 331 1332 43 1678 41 148 22 9 44
2640 4 30 162 217 0 1 2 280 331 1319 43 1675 40 142 23 12 44
2664 4 29 146 217 0 0 2 281 323 1276 42 1680 35 139 28 7 52
2688 4 29 145 217 0 0 6 277 335 1238 40 1677 36 137 27 10 40
2712 3 33 141 217 0 0 1 282 338 1187 40 1682 34 136 29 5 37
2736 2 35 159 217 0 0 1 282 327 1134 39 1681 35 133 28 6 48
2760 2 21 143 217 0 0 2 281 322 1069 39 1681 39 132 24 6 53
2784 2 23 138 217 0 0 4 279 326 1006 38 1680 41 133 22 7 49
2808 2 20 156 217 0 0 4 279 333 956 38 1682 32 130 31 5 42
2832 2 16 150 217 0 0 1 282 337 888 37 1681 41 127 22 6 38
2856 2 18 157 217 0 0 1 282 334 834 37 1685 44 125 19 2 41
2880.0 2 15 160 217 0 0 1 282 332 794 67 1686 48 125 15 1 43
2904 2 18 131 217 0 0 3 280 325 751 66 1681 38 122 25 6 50
2928 2 7 135 217 0 0 0 283 321 704 65 1686 45 119 18 1 54
2952 2 16 129 217 0 0 0 283 322 679 64 1681 45 117 18 6 53
2976 2 11 132 217 0 0 4 279 321 647 64 1684 40 116 23 3 54
3000 2 16 139 217 0 0 1 282 328 623 64 1680 40 116 23 7 47
3024 2 16 124 217 0 0 0 283 319 608 63 1680 41 114 22 7 56
3048.0 1002 13 133 217 0 0 2 281 320 580 63 1684 38 108 25 3 55
3072 604 2579 135 217 5 10 65 203 317 5932 63 1063 39 30 24 624 58
3096 369 2790 161 218 2 21 57 202 335 9653 63 1177 39 36 24 510 40
3120 267 2505 165 221 4 13 53 209 356 12446 63 1290 34 55 29 397 19
3144 202 2234 165 222 0 8 39 231 345 14656 60 1324 45 59 18 363 30
3168 159 1911 173 222 1 9 33 235 345 16436 60 1422 49 65 14 265 30
3192 134 1688 167 222 1 5 26 246 342 17887 60 1427 35 73 28 260 33
3216 115 1445 175 222 1 4 31 242 347 19095 57 1472 40 70 23 215 28
3240 99 1341 178 222 1 1 21 255 356 20130 57 1497 43 80 20 190 19
3264 89 1237 183 222 0 2 20 256 357 20972 56 1519 43 93 20 168 18
3288 77 1153 166 222 0 1 16 261 361 21741 55 1526 42 99 21 161 14
3312 68 1054 184 222 0 2 21 255 370 22320 54 1557 33 102 30 130 5
3336 64 967 171 222 2 0 11 265 349 22832 52 1552 43 104 20 135 26
3360 61 921 178 222 0 2 10 266 368 23247 52 1564 41 127 22 123 7
3384 57 896 185 222 0 0 18 260 358 23711 50 1554 34 127 29 133 17
3408 53 830 179 222 0 2 10 266 369 24039 48 1561 38 138 25 126 6
3432 51 803 189 222 1 1 13 263 358 24321 48 1599 43 153 20 88 17
3456 50 806 197 222 0 2 8 268 360 24571 46 1559 38 159 25 128 15
3480 46 848 177 222 0 0 13 265 352 24811 45 1586 39 187 24 101 23
3504 44 860 171 222 0 0 15 263 358 25057 45 1596 41 190 22 91 17
3528 42 832 174 222 0 0 5 273 367 25218 45 1589 34 180 29 98 8
3552 41 727 169 222 0 0 8 270 356 25266 44 1617 43 199 20 70 19
3576 40 738 188 222 0 0 6 272 361 25376 44 1610 40 190 23 77 14
3600.0 34 683 180 222 0 1 5 272 367 25377 73 1613 40 184 23 74 8
3624 34 568 168 222 0 0 9 269 353 25605 71 1622 44 138 19 65 22
3648 34 485 171 222 0 1 6 271 368 25798 70 1620 44 104 19 67 7
3672 34 482 152 222 0 1 4 273 393 25921 70 1615 39 85 24 72 -18
3696 31 458 140 222 0 0 6 272 369 26088 68 1612 44 75 19 75 6
3720 30 434 142 222 0 0 7 271 362 26177 67 1625 35 72 28 62 13
3744 29 387 159 222 0 1 5 272 356 26248 67 1634 40 74 23 53 19
3768 28 408 165 222 0 0 5 273 373 26302 67 1618 39 74 24 69 2
3792 28 370 166 222 0 0 1 277 386 26307 67 1624 38 68 25 63 -11
3816 28 382 189 222 0 0 5 273 354 26384 66 1619 37 66 26 68 21
3840 27 398 183 222 0 0 4 274 354 26491 65 1627 39 68 24 60 21
3864 27 357 189 222 0 0 10 268 383 26508 64 1635 36 77 27 52 -8
3888 27 350 180 222 0 0 6 272 370 26577 63 1644 33 76 30 43 5
3912 24 341 171 222 0 0 3 275 351 26587 63 1633 40 79 23 54 24
3936 24 350 184 222 0 0 5 273 373 26626 63 1642 42 76 21 45 2
3960 24 339 177 222 0 0 7 271 377 26614 63 1628 47 73 16 59 -2
3984 24 347 171 222 0 0 9 269 373 26594 62 1638 42 75 21 49 2
4008 24 366 180 222 0 0 6 272 364 26628 61 1633 38 72 25 54 11
4032 22 318 180 222 0 0 7 271 369 26586 60 1640 41 79 22 47 6
4056 22 319 190 222 0 0 6 272 367 26579 60 1642 33 85 30 45 8
4080 22 314 183 222 0 0 3 275 369 26588 59 1643 45 88 18 44 6
4104 21 333 173 222 0 0 7 271 377 26583 59 1639 40 88 23 48 -2
4128 21 318 148 222 0 0 3 275 362 26572 58 1649 43 84 20 38 13
4152 21 327 154 222 0 0 9 269 359 26546 58 1636 47 93 16 51 16
4176 18 311 160 222 0 0 4 274 364 26516 58 1650 42 99 21 37 11
4200 18 304 165 222 0 0 4 274 391 26394 57 1651 34 100 29 36 -16
4224 18 274 174 222 0 0 4 274 372 26314 57 1640 37 105 26 47 3
4248 17 257 178 222 0 0 2 276 374 26227 57 1647 33 104 30 40 1
4272 17 261 163 222 0 0 5 273 365 26142 56 1647 35 98 28 40 10
4296 17 259 155 222 0 0 3 275 364 26078 56 1651 45 99 18 36 11
4320.0 16 266 172 222 0 0 5 273 358 26019 85 1649 37 99 26 38 17
4344 16 237 182 222 0 0 4 274 361 25977 83 1647 37 92 26 40 14
4368 15 216 169 222 0 0 2 276 364 25903 83 1658 39 84 24 29 11
4392 15 205 160 222 0 0 3 275 373 25819 82 1657 43 73 20 30 2
4416 15 197 166 222 0 0 4 274 361 25755 81 1659 39 69 24 28 14
4440 15 204 165 222 0 0 1 277 348 25694 79 1649 43 63 20 38 27
4464 15 200 180 222 0 1 3 274 368 25573 78 1666 40 63 23 21 7
4488.0 1015 184 169 222 0 0 3 275 365 25473 76 1654 39 63 24 33 10
4512 872 3418 147 222 0 3 23 252 352 30926 76 981 46 26 17 706 23
4536 696 4188 159 222 0 4 31 243 352 35590 73 988 31 34 32 699 23
4560 544 4043 187 222 1 1 32 244 353 39760 73 1066 33 33 30 621 22
4584 443 3906 164 222 0 6 29 243 360 43517 73 1130 36 29 27 557 15
4608 376 3573 167 222 1 1 31 245 361 46690 72 1199 47 40 16 488 14
4632 323 3281 192 222 1 3 22 252 359 49613 72 1235 34 50 29 452 16
4656 277 2981 177 222 1 0 22 255 357 52262 72 1301 39 42 24 386 18
4680 245 2765 175 222 0 2 15 261 368 54674 71 1315 40 48 23 372 7
4704 222 2592 160 222 0 1 12 265 357 56851 71 1327 37 44 26 360 18
4728 202 2379 183 222 0 0 16 262 369 58883 71 1366 34 38 29 321 6
4752 184 2203 194 222 0 0 10 268 366 60775 71 1359 36 45 27 328 9
4776 173 2081 187 222 0 0 16 262 375 62530 68 1384 36 53 27 303 0
4800 164 1981 167 222 0 1 13 264 364 64149 68 1415 41 61 22 272 11
4824 159 1945 182 222 0 2 12 264 387 65723 68 1421 28 48 35 266 -12
4848 147 1897 179 222 0 1 11 266 358 67186 68 1426 37 53 26 261 17
4872 140 1786 196 222 0 2 12 264 363 68611 68 1425 31 61 32 262 12
4896 132 1830 162 222 0 1 10 267 380 69994 67 1458 38 61 25 229 -5
4920 117 1637 164 222 0 0 10 268 377 71170 65 1477 36 50 27 210 -2
4944 110 1620 163 222 0 1 10 267 362 72301 65 1462 33 48 30 225 13
4968 104 1508 161 222 0 0 8 270 353 73254 65 1497 40 71 23 190 22
4992 97 1430 175 222 0 0 12 266 368 74178 65 1501 38 71 25 186 7
5016 94 1319 203 222 0 0 4 274 369 75088 65 1510 34 75 29 177 6
5040.0 90 1311 191 222 0 0 6 272 370 75985 95 1513 37 61 26 174 5
5064 89 1254 187 222 0 0 5 273 369 76893 94 1524 39 46 24 163 6
5088 86 1207 189 222 0 0 7 271 358 77747 91 1502 38 36 25 185 17
5112 80 1169 180 222 0 1 5 272 378 78581 90 1521 31 37 32 166 -3
5136 77 1091 160 222 0 1 3 274 392 79309 88 1533 32 35 31 154 -17
5160 74 1040 139 222 0 1 3 274 376 80017 88 1540 28 33 35 147 -1
5184 72 986 146 222 0 1 4 273 370 80641 88 1549 39 27 24 138 5
5208 68 1072 157 222 0 0 5 273 370 81362 88 1529 42 23 21 158 5
5232 67 980 172 222 0 0 7 271 383 82010 88 1551 35 24 28 136 -8
5256 65 954 185 222 0 0 3 275 369 82655 86 1549 31 23 32 138 6
5280 65 895 189 222 0 0 4 274 372 83252 85 1555 44 23 19 132 3
5304 65 891 182 222 0 0 3 275 387 83765 84 1551 35 24 28 136 -12
5328 63 883 174 222 0 0 7 271 368 84337 84 1557 40 25 23 130 7
5352 63 870 181 222 0 0 2 276 383 84907 83 1554 31 27 32 133 -8
5376 61 866 140 222 0 0 2 276 373 85355 83 1581 35 29 28 106 2
5400 60 849 145 222 0 0 0 278 384 85912 81 1566 30 31 33 121 -9
5424 58 837 142 222 0 0 3 275 407 86335 81 1569 27 28 36 118 -32
5448 57 847 107 222 0 0 4 274 433 86722 81 1567 13 32 50 120 -58
5472 55 857 92 222 0 0 2 276 405 87104 79 1582 27 38 36 105 -30
5496 55 796 89 222 0 0 4 274 405 87463 78 1579 25 41 38 108 -30
5520 54 831 119 222 0 0 6 272 401 87883 76 1565 26 46 37 122 -26
5544 53 824 114 222 0 0 7 271 394 88329 75 1574 25 46 38 113 -19
5568 52 777 145 222 0 0 6 272 391 88693 74 1583 40 43 23 104 -16
5592 51 784 119 222 0 0 5 273 364 89074 74 1580 44 43 19 107 11
5616 50 739 145 222 0 0 4 274 374 89468 74 1588 43 45 20 99 1
5640 47 757 169 222 0 0 2 276 375 89838 74 1592 38 39 25 95 0
5664 47 693 133 222 0 0 0 278 392 90105 72 1605 34 45 29 82 -17
5688 47 682 154 222 0 0 3 275 363 90417 69 1574 45 43 18 113 12
5712 46 690 168 222 0 0 3 275 368 90784 68 1571 50 47 13 116 7
5736 44 650 197 222 0 0 4 274 373 91051 66 1587 41 49 22 100 2
5760.0 43 644 202 222 0 0 4 274 384 91274 96 1596 37 59 26 91 0
5784 43 650 185 222 0 0 5 273 422 91524 96 1607 24 51 39 80 -38
5808 41 583 139 222 0 0 4 274 386 91744 95 1614 30 43 33 73 -2
5832 41 564 159 222 0 0 5 273 379 91956 94 1598 40 39 23 89 5
5856 41 584 172 222 0 0 1 277 374 92252 94 1591 42 33 21 96 10
5880 41 594 162 222 0 0 3 275 386 92558 94 1581 46 34 17 106 -2
5904 41 563 163 222 0 1 3 274 381 92786 94 1616 38 33 25 71 3
5928.0 1041 579 153 222 0 0 4 274 394 93032 92 1597 33 31 30 90 0
5952 982 3708 158 222 0 0 9 269 391 98531 90 923 43 20 20 764 3
5976 890 4573 171 222 0 0 8 270 381 103548 89 953 36 19 27 734 13
6000 818 4899 165 222 0 1 18 259 393 108435 86 974 39 26 24 713 1
6024 751 4877 170 222 0 0 24 254 390 113181 84 971 49 19 14 716 4
6048 669 4794 173 222 0 0 14 264 387 117680 83 1049 37 25 26 638 7
6072 623 4730 168 222 0 0 11 267 392 121934 83 1055 34 18 29 632 2
6096 591 4492 177 222 0 1 13 264 385 126052 82 1048 34 26 29 639 9
6120 545 4339 172 222 0 1 10 267 406 130024 82 1089 39 27 24 598 -12
6144 508 4256 177 222 0 2 6 270 376 133885 82 1083 42 29 21 604 18
6168 474 4183 193 222 0 0 12 266 385 137579 82 1099 38 32 25 588 9
6192 438 4032 173 222 0 0 9 269 380 141118 82 1153 39 30 24 534 14
6216 411 3910 170 222 0 0 5 273 410 144523 81 1163 39 35 24 524 -16
6240 389 3751 188 222 0 0 9 269 398 147748 78 1159 38 39 25 528 -4
6264 372 3648 175 222 0 0 10 268 391 150858 77 1174 36 37 27 513 3
6288 358 3616 171 222 0 0 8 270 382 153925 76 1196 46 38 17 491 12
6312 336 3410 166 222 0 0 4 274 384 156901 76 1227 42 33 21 460 10
6336 320 3326 181 222 0 0 5 273 394 159741 74 1208 39 39 24 479 0
6360 306 3172 177 222 0 0 1 277 394 162388 74 1253 37 44 26 434 0
6384 288 3102 177 222 0 0 4 274 370 165020 74 1282 36 39 27 405 24
6408 279 3135 169 222 0 0 7 271 407 167543 74 1256 29 43 34 431 -13
6432 266 3059 183 222 0 0 7 271 374 170063 74 1279 35 36 28 408 20
6456 260 2975 157 222 1 0 8 269 384 172472 73 1275 40 44 23 412 10
6480.0 253 2760 161 222 0 1 4 273 397 174712 103 1308 38 33 25 379 0
6504 243 2745 171 222 0 0 10 268 383 177135 103 1300 35 25 28 387 14
6528 229 2669 164 222 0 0 5 273 403 179345 102 1298 34 21 29 389 -6
6552 221 2575 161 222 0 0 7 271 402 181476 101 1358 32 19 31 329 -5
6576 214 2515 163 222 0 0 6 272 398 183625 99 1317 30 18 33 370 -1
6600 209 2523 122 222 0 0 9 269 415 185766 97 1323 29 13 34 364 -18
6624 203 2449 119 222 0 0 5 273 420 187763 97 1358 26 19 37 329 -23
6648 200 2284 118 222 0 0 5 273 437 189623 94 1380 17 19 46 307 -40
6672 195 2378 141 222 0 0 2 276 401 191595 93 1353 34 23 29 334 -4
6696 187 2333 136 222 0 0 7 271 412 193475 92 1348 39 22 24 339 -15
6720 179 2197 107 222 0 0 3 275 424 195177 91 1390 22 20 41 297 -27
6744 174 2208 125 222 0 0 7 271 392 197001 89 1367 45 22 18 320 5
6768 171 2090 159 222 0 0 6 272 391 198661 89 1405 33 31 30 282 6
6792 170 2091 173 222 0 0 4 274 388 200407 88 1410 34 32 29 277 9
6816 166 2125 162 222 0 0 5 273 388 202190 88 1371 40 28 23 316 9
6840 159 2020 175 222 0 0 1 277 389 203872 86 1418 44 24 19 269 8
6864 153 1924 171 222 0 0 3 275 376 205300 85 1429 42 29 21 258 21
6888 152 1929 193 222 0 0 2 276 393 206759 82 1428 33 27 30 259 4
6912 149 1892 186 222 0 0 3 275 395 208242 82 1416 31 36 32 271 2
6936 147 1916 168 222 0 0 4 274 407 209645 82 1443 37 27 26 244 -10
6960 142 1873 167 222 0 0 4 274 386 211141 82 1419 41 26 22 268 11
6984 135 1774 165 222 0 0 5 273 404 212448 81 1470 40 29 23 217 -7
7008 135 1807 163 222 0 0 5 273 382 213787 81 1444 45 38 18 243 15
7032 135 1699 165 222 0 0 3 275 391 215084 80 1441 39 36 24 246 6
7056 131 1732 178 222 0 0 5 273 384 216362 80 1449 38 38 25 238 13
7080 127 1693 179 222 0 0 3 275 422 217584 80 1456 33 34 30 231 -25
7104 123 1671 133 222 0 0 1 277 425 218783 80 1441 22 41 41 246 -28
7128 121 1672 129 222 0 0 1 277 422 219946 78 1487 32 42 31 200 -25
7152 120 1625 143 222 0 0 5 273 408 221083 78 1482 38 46 25 205 -11
7176 119 1586 179 222 0 0 2 276 404 222269 77 1455 32 46 31 232 -7
7200.0 115 1525 169 222 0 0 1 277 402 223387 106 1470 30 47 33 217 0
7224 114 1455 162 222 0 0 4 274 399 224494 104 1466 37 35 26 221 3
7248 110 1417 155 222 0 0 3 275 400 225590 104 1491 36 29 27 196 2
7272 109 1433 157 222 0 0 4 274 418 226698 104 1459 29 29 34 228 -16
7296 109 1395 147 222 0 0 3 275 397 227734 103 1493 39 24 24 194 5
7320 107 1429 160 222 0 0 3 275 397 228878 103 1477 39 24 24 210 5
7344 106 1459 190 222 0 0 1 277 401 229946 102 1474 38 23 25 213 1
7368 104 1412 165 222 0 0 4 274 400 231000 101 1513 44 22 19 174 2
7392 104 1381 157 222 0 0 2 276 423 231976 101 1472 23 23 40 215 -21
7416 103 1425 164 222 0 0 2 276 397 233000 99 1490 33 22 30 197 5
7440 103 1380 173 222 0 0 1 277 419 233975 98 1486 32 21 31 201 -17
7464 100 1407 125 222 0 0 3 275 427 235013 98 1492 20 21 43 195 -25
7488 98 1334 130 222 0 0 3 275 413 235922 98 1501 35 25 28 186 -11
7512 97 1365 147 222 0 0 1 277 415 236861 98 1492 26 23 37 195 -13
7536 97 1349 147 222 0 0 2 276 394 237816 98 1485 44 22 19 202 8
7560 96 1257 155 222 0 0 6 272 409 238758 96 1510 34 24 29 177 -7
7584 96 1259 154 222 0 0 2 276 400 239647 96 1502 28 25 35 185 2
7608 92 1302 149 222 0 0 2 276 425 240522 95 1483 34 22 29 204 -23
7632 90 1225 94 222 0 0 1 277 511 241213 95 1491 1 23 62 196 -109
7656 89 1210 30 222 0 0 2 276 489 241929 93 1501 1 25 62 186 -87
7680 86 1217 8 222 0 0 4 274 489 242624 92 1507 0 31 63 180 -87
7704 84 1163 25 222 0 0 3 275 444 243301 92 1537 22 29 41 150 -42
7728 84 1154 87 222 0 0 3 275 420 244033 92 1530 30 27 33 157 -18
7752 84 1125 148 222 0 0 2 276 402 244791 91 1520 29 27 34 167 0
7776 84 1180 154 222 0 0 1 277 394 245584 90 1509 34 28 29 178 8
7800 84 1164 129 222 0 0 1 277 417 246295 89 1519 27 30 36 168 -15
7824 83 1145 110 222 0 0 0 278 426 246986 88 1545 23 26 40 142 -24
7848 81 1202 122 222 0 0 2 276 403 247788 87 1513 35 21 28 174 -1
7872 77 1121 135 222 0 0 3 275 397 248437 87 1530 38 25 25 157 5
7896 76 1105 111 222 0 0 1 277 463 249056 87 1529 7 27 56 158 -61
7920.0 76 1071 72 222 0 0 0 278 436 249672 114 1532 22 31 41 155 0
7944 76 1076 123 222 0 0 3 275 431 250367 112 1540 39 27 24 147 5
7968 75 1055 149 222 0 0 0 278 433 251056 110 1545 31 23 32 142 3
7992 75 1071 133 222 0 0 1 277 454 251703 108 1538 29 25 34 149 -18
8016 75 1006 153 222 0 0 0 278 470 252294 105 1513 22 25 41 174 -34
8040 74 1025 137 222 0 0 3 275 459 252931 104 1544 26 23 37 143 -23
8064 74 1038 146 222 0 0 1 277 431 253490 103 1553 36 18 27 134 5
8088 73 1028 164 222 0 0 2 276 468 254089 102 1544 33 15 30 143 -32
8112 71 1059 117 222 0 0 2 276 479 254651 100 1553 19 16 44 134 -43
8136 71 1062 113 222 0 0 2 276 447 255246 99 1510 30 18 33 177 -11
8160 71 1051 158 222 0 0 3 275 424 255776 98 1558 42 15 21 129 12
8184 71 1051 148 222 0 0 0 278 464 256305 98 1540 28 14 35 147 -28
8208 70 1010 131 222 0 0 3 275 442 256911 96 1539 29 14 34 148 -6
8232 70 959 163 222 0 0 4 274 436 257468 94 1558 35 14 28 129 0
8256 70 987 158 222 0 0 5 273 446 258029 93 1560 29 16 34 127 -10
8280 70 985 165 222 0 0 2 276 436 258591 92 1557 33 18 30 130 0
8304 70 943 166 222 0 0 1 277 423 259140 91 1557 40 23 23 130 13
8328 69 957 160 222 0 0 3 275 434 259707 91 1556 49 23 14 131 2
8352 69 944 159 222 0 0 0 278 435 260237 89 1542 36 31 27 145 1
8376 68 980 144 222 0 0 1 277 474 260766 87 1549 21 29 42 138 -38
8400 67 971 127 222 0 0 2 276 454 261239 86 1554 36 27 27 133 -18
8424 67 947 87 222 0 0 3 275 473 261701 84 1539 20 24 43 148 -37
8448 64 966 75 222 0 0 1 277 472 262238 84 1571 18 27 45 116 -36
8472 63 977 104 222 0 0 1 277 439 262699 84 1559 42 27 21 128 -3
8496 62 918 123 222 0 0 4 274 444 263089 84 1552 28 26 35 135 -8
8520 62 898 127 222 0 0 1 277 422 263525 83 1571 43 33 20 116 14
8544 62 914 102 222 0 0 1 277 509 263928 83 1549 6 35 57 138 -73
8568 62 892 29 222 0 1 2 275 506 264291 83 1537 1 44 62 150 -70
8592 60 878 6 222 0 0 1 277 543 264595 82 1539 0 48 63 148 -107
8616 59 908 3 222 0 0 2 276 503 265010 80 1544 5 52 58 143 -67
8640.0 59 841 11 222 0 0 2 276 538 265294 108 1563 0 61 63 124 0
8664 59 853 113 222 0 0 2 276 539 265642 106 1567 44 49 19 120 -1
8688 58 883 161 222 0 0 1 277 549 265992 105 1567 33 42 30 120 -11
8712 58 860 150 222 0 0 2 276 559 266253 101 1578 34 37 29 109 -21
8736 57 841 158 222 0 0 0 278 549 266558 99 1566 30 32 33 121 -11
8760 57 818 124 222 0 0 1 277 558 266821 99 1568 28 26 35 119 -20
