Time EBV Teff Treg ODC_le1 ODC_le2 ODC_le3 ODC_le4 ODC_le5 NK IL2 DAC Resting_Teff Resting_Treg EffectorMemory Resting_Treg_temp Resting_Teff_temp NK_temp
0.0 0 0 0 0 0 0 0 500 375 1000 0 1687 63 0 0 0 0
24 0 0 0 0 0 0 0 500 329 906 0 1687 63 0 0 0 46
48 0 0 0 0 0 0 0 500 333 822 0 1687 63 0 0 0 42
72 0 0 0 0 0 0 0 500 328 746 0 1687 63 0 0 0 47
96 0 0 0 0 0 0 0 500 329 674 0 1687 63 0 0 0 46
120 0 0 0 0 0 0 0 500 335 612 0 1687 63 0 0 0 40
144 0 0 0 0 0 0 0 500 335 551 0 1687 63 0 0 0 40
168.0 1000 0 0 0 0 0 0 500 331 507 0 1687 63 0 0 0 44
192 342 5637 128 18 30 73 157 222 268 839 0 1148 31 382 32 539 107
216 74 3370 171 115 33 87 119 146 277 341 0 1508 43 445 20 179 98
240 33 1139 167 150 15 54 115 166 290 287 0 1593 38 457 25 94 85
264 21 452 161 157 8 30 65 240 308 314 0 1644 36 438 27 43 67
288 19 301 164 157 3 12 42 286 308 402 0 1645 36 414 27 42 67
312 13 213 165 157 0 9 40 294 302 389 0 1665 38 418 25 22 73
336 12 186 174 157 0 5 31 307 311 370 0 1664 42 417 21 23 64
360 11 164 178 157 0 3 25 315 310 369 0 1657 35 413 28 30 65
384 10 133 165 157 0 0 19 324 309 345 0 1669 41 419 22 18 66
408 7 118 177 157 0 2 20 321 325 339 0 1674 37 399 26 13 50
432 5 67 178 157 0 1 14 328 328 310 0 1679 36 390 27 8 47
456 5 61 156 157 0 0 13 330 316 306 0 1670 35 369 28 17 59
480 4 51 144 157 0 0 15 328 323 302 0 1677 45 362 18 10 52
504 4 54 167 157 0 0 7 336 334 283 0 1676 32 360 31 11 41
528 4 55 156 157 0 0 2 341 320 295 0 1672 45 350 18 15 55
552 4 38 159 157 0 0 6 337 323 275 0 1677 34 353 29 10 52
576 4 43 148 157 0 0 4 339 324 287 0 1679 36 340 27 8 51
600 4 31 175 157 0 0 7 336 328 287 0 1682 34 330 29 5 47
624 4 27 170 157 0 0 6 337 335 280 0 1681 43 323 20 6 40
648 4 40 164 157 0 1 3 339 327 274 0 1674 38 313 25 13 48
672 4 37 149 157 0 0 8 335 322 275 0 1681 37 308 26 6 53
696 4 46 155 157 0 0 7 336 324 253 0 1676 33 304 30 11 51
720 4 47 123 157 0 0 7 336 309 277 0 1676 35 296 28 11 66
744 4 47 138 157 0 0 12 331 304 306 0 1678 41 289 22 9 71
768 4 43 156 157 0 0 10 333 333 275 0 1678 37 283 26 9 42
792 3 38 154 157 0 0 4 339 321 250 0 1678 39 272 24 9 54
816 2 18 152 157 0 0 3 340 334 219 0 1685 39 276 24 2 41
840 2 22 143 157 0 0 3 340 315 209 0 1683 43 270 20 4 60
864 2 24 144 157 0 0 6 337 330 201 0 1684 42 265 21 3 45
888 2 15 151 157 0 0 1 342 307 199 0 1682 43 257 20 5 68
912 2 15 141 157 0 0 4 339 318 193 0 1681 36 251 27 6 57
936 2 12 114 157 0 0 1 342 322 184 0 1683 43 245 20 4 53
960 2 18 123 157 0 0 5 338 331 176 0 1683 47 239 16 4 44
984 2 26 116 157 0 0 4 339 314 181 0 1675 42 231 21 12 61
1008 2 14 144 157 0 0 4 339 312 177 0 1680 39 229 24 7 63
1032 2 21 147 157 0 0 3 340 316 167 0 1685 43 226 20 2 59
1056 2 15 140 157 0 0 2 341 326 168 0 1682 50 224 13 5 49
1080 2 12 144 157 0 0 0 343 329 167 0 1683 50 216 13 4 46
1104 2 15 129 157 0 0 3 340 325 178 0 1680 42 209 21 7 50
1128 2 16 148 157 0 0 6 337 316 178 0 1683 41 201 22 4 59
1152 2 14 135 157 0 0 5 338 323 173 0 1685 37 202 26 2 52
1176 2 22 144 157 0 0 3 340 315 172 0 1681 37 199 26 6 60
1200 2 12 142 157 0 0 0 343 306 161 0 1683 43 198 20 4 69
1224 2 16 141 157 0 0 1 342 324 168 0 1682 39 198 24 5 51
1248 2 19 138 157 0 0 1 342 325 185 0 1684 40 195 23 3 50
1272 2 12 121 157 0 0 2 341 322 168 0 1685 38 199 25 2 53
1296 2 17 134 157 0 0 8 335 324 169 0 1684 41 196 22 3 51
1320 2 24 125 157 0 0 6 337 321 175 0 1685 44 191 19 2 54
1344 2 12 133 157 0 0 5 338 321 179 0 1684 42 187 21 3 54
1368 2 22 160 157 0 0 4 339 319 185 0 1681 35 184 28 6 56
1392 2 14 145 157 0 0 2 341 324 168 0 1685 40 180 23 2 51
1416 2 15 142 157 0 0 1 342 328 169 0 1682 36 179 27 5 47
1440.0 2 18 147 157 0 0 3 340 309 174 30 1682 41 173 22 5 66
1464 2 17 154 157 0 0 2 341 310 190 28 1684 38 169 25 3 65
1488 2 21 125 157 0 0 4 339 332 204 28 1679 36 165 27 8 43
1512 2 14 147 157 0 1 3 339 317 213 28 1683 40 162 23 4 58
1536 2 24 150 157 0 0 4 339 317 233 28 1682 38 159 25 5 58
1560 2 15 145 157 0 0 2 341 322 240 28 1682 36 154 27 5 53
1584 2 18 148 157 0 0 2 341 327 235 26 1683 42 152 21 4 48
1608.0 1002 16 137 157 0 0 2 341 318 244 26 1680 38 147 25 7 57
1632 556 3298 155 158 2 20 92 228 310 4729 26 1018 39 166 24 669 65
1656 273 4117 143 165 7 35 107 186 300 6149 26 1243 42 268 21 444 75
1680 132 3934 176 174 15 33 97 181 312 5960 26 1400 43 435 20 287 63
1704 68 2710 202 188 6 38 73 195 321 5150 25 1551 33 553 30 136 54
1728 31 1638 212 194 4 23 64 215 311 4255 25 1617 36 701 27 70 64
1752 19 892 192 196 5 16 59 224 322 3668 25 1645 43 737 20 42 53
1776 16 544 207 196 4 11 44 245 336 3388 25 1656 36 697 27 31 39
1800 14 330 196 196 0 5 30 269 326 3161 25 1660 45 669 18 27 49
1824 14 260 198 196 0 3 19 282 329 3056 25 1655 43 584 20 32 46
1848 14 262 178 196 2 1 19 282 324 3001 25 1661 44 525 19 26 51
1872 14 292 201 197 0 1 21 281 347 2913 24 1653 38 488 25 34 28
1896 14 247 206 197 0 1 21 281 353 2813 24 1652 35 459 28 35 22
1920 12 216 187 197 0 0 8 295 339 2732 24 1663 36 427 27 24 36
1944 10 183 170 197 0 0 13 290 339 2596 23 1666 43 397 20 21 36
1968 9 173 173 197 0 1 20 282 330 2460 23 1666 48 406 15 21 45
1992 7 164 159 197 0 1 7 295 349 2335 23 1673 41 394 22 14 26
2016 7 119 178 197 0 1 10 292 343 2172 23 1671 39 388 24 16 32
2040 7 112 172 197 0 1 5 297 333 2068 23 1673 41 381 22 14 42
2064 5 118 169 197 0 0 11 292 344 1990 23 1668 41 359 22 19 31
2088 5 84 165 197 0 0 8 295 340 1868 23 1677 41 373 22 10 35
2112 5 66 171 197 0 1 8 294 336 1751 23 1681 38 369 25 6 39
2136 5 64 174 197 0 1 7 295 323 1686 22 1676 33 350 30 11 52
2160.0 5 67 173 197 0 0 8 295 323 1579 52 1677 34 347 29 10 52
2184 5 53 158 197 0 0 6 297 339 1558 50 1669 39 320 24 18 36
2208 4 65 142 197 0 0 2 301 343 1552 50 1669 38 294 25 18 32
2232 4 38 143 197 0 0 7 296 332 1509 49 1672 44 279 19 15 43
2256 4 41 141 197 0 0 1 302 328 1492 49 1673 42 261 21 14 47
2280 4 41 133 197 0 0 3 300 337 1463 48 1676 43 242 20 11 38
2304 4 47 137 197 0 0 3 300 323 1415 47 1677 46 229 17 10 52
2328 4 30 142 197 0 0 3 300 322 1370 46 1681 36 216 27 6 53
2352 4 29 152 197 0 0 1 302 330 1324 46 1673 42 215 21 14 45
2376 4 40 164 197 0 0 2 301 324 1304 46 1679 35 209 28 8 51
2400 4 42 157 197 0 0 4 299 329 1257 45 1674 41 199 22 13 46
2424 3 32 151 197 0 0 4 299 337 1224 43 1679 42 192 21 8 38
2448 3 20 153 197 0 0 5 298 345 1158 43 1684 41 189 22 3 30
2472 3 30 145 197 0 0 3 300 333 1105 40 1677 35 183 28 10 42
2496 3 30 140 197 0 0 4 299 333 1046 40 1680 43 178 20 7 42
2520 3 28 135 197 0 0 1 302 332 1004 40 1680 36 170 27 7 43
2544 3 35 140 197 0 0 4 299 318 947 40 1674 38 164 25 13 57
2568 2 24 145 197 0 0 7 296 316 904 40 1677 43 161 20 10 59
2592 2 15 134 197 0 0 3 300 343 841 39 1683 46 161 17 4 32
2616 2 14 148 197 0 0 0 303 328 779 39 1686 40 157 23 1 47
2640 2 14 135 197 0 0 0 303 319 723 39 1684 47 155 16 3 56
2664 2 18 150 197 0 0 5 298 323 707 38 1682 48 154 15 5 52
2688 2 16 143 197 0 0 5 298 330 687 38 1682 42 152 21 5 45
2712 2 15 137 197 0 0 2 301 332 637 36 1682 36 149 27 5 43
2736 2 15 134 197 0 1 3 299 342 600 36 1680 36 147 27 7 33
2760 2 19 140 197 0 0 5 298 340 596 35 1681 45 144 18 6 35
2784 2 11 123 197 0 0 4 299 320 566 35 1685 41 144 22 2 55
2808 2 17 116 197 0 0 3 300 331 546 35 1682 40 142 23 5 44
2832 2 16 137 197 0 0 6 297 323 514 34 1683 39 139 24 4 52
2856 2 17 139 197 0 1 2 300 333 500 34 1686 46 137 17 1 42
2880.0 2 19 141 197 0 0 3 300 326 494 64 1685 40 134 23 2 49
2904 2 16 133 197 0 0 3 300 323 486 63 1682 42 133 21 5 52
2928 2 16 137 197 0 0 2 301 335 470 62 1683 40 131 23 4 40
2952 2 12 143 197 0 0 0 303 327 452 61 1683 46 131 17 4 48
2976 2 18 130 197 0 0 2 301 324 435 61 1682 38 127 25 5 51
3000 2 13 132 197 0 0 3 300 333 423 60 1684 36 128 27 3 42
3024 2 13 133 197 0 0 2 301 335 397 60 1686 40 126 23 1 40
3048.0 1002 16 135 197 0 0 9 294 322 398 59 1682 42 126 21 5 53
3072 587 2547 141 199 4 16 67 214 322 5629 57 1045 40 32 23 642 53
3096 353 2798 165 202 2 19 62 215 331 9209 57 1184 38 51 25 503 44
3120 217 2393 162 202 3 16 53 226 341 11628 55 1322 35 70 28 365 34
3144 158 2082 166 204 1 12 38 245 353 13391 53 1410 43 86 20 277 22
3168 127 1767 186 205 2 4 32 257 350 14798 51 1452 45 92 18 235 25
3192 104 1484 156 206 1 6 29 258 348 15826 51 1492 45 84 18 195 27
3216 92 1395 152 206 1 5 36 252 352 16695 49 1509 46 108 17 178 23
3240 80 1320 180 206 1 1 23 269 355 17441 49 1507 36 137 27 180 20
3264 65 1139 184 206 0 8 18 268 356 17982 49 1555 45 134 18 132 19
3288 60 996 182 206 0 2 17 275 364 18402 49 1566 36 123 27 121 11
3312 50 796 185 206 0 2 13 279 359 18649 48 1593 32 125 31 94 16
3336 46 786 176 206 0 0 20 274 367 18893 48 1580 43 121 20 107 8
3360 44 655 185 206 0 2 15 277 367 18992 45 1605 37 145 26 82 8
3384 37 653 181 206 0 2 15 277 351 19140 44 1591 39 159 24 96 24
3408 37 599 192 206 0 0 10 284 371 19213 44 1612 39 166 24 75 4
3432 37 583 178 206 0 0 14 280 364 19256 42 1608 41 178 22 79 11
3456 34 687 204 206 0 0 14 280 371 19298 41 1608 39 205 24 79 4
3480 31 667 202 206 0 1 13 280 370 19301 40 1613 33 214 30 74 5
3504 30 628 178 206 0 2 9 283 374 19197 39 1633 38 240 25 54 1
3528 29 587 193 206 0 2 9 283 357 19157 39 1619 38 238 25 68 18
3552 29 667 192 206 0 1 10 283 353 19078 38 1624 40 256 23 63 22
3576 27 648 217 206 0 0 12 282 365 18939 38 1629 35 283 28 58 10
3600.0 24 605 189 206 0 1 13 280 343 18775 67 1626 47 295 16 61 32
3624 24 480 176 206 0 1 10 283 368 18895 63 1632 40 232 23 55 7
3648 23 374 166 206 0 1 4 289 366 18996 62 1640 41 185 22 47 9
3672 22 343 190 206 0 1 3 290 370 19048 61 1640 39 162 24 47 5
3696 22 322 172 206 1 1 2 290 376 19063 61 1639 45 144 18 48 -1
3720 21 312 176 206 0 1 6 287 362 19106 61 1651 43 131 20 36 13
3744 20 266 211 206 0 0 7 287 370 19058 61 1644 34 119 29 43 5
3768 19 268 190 206 0 0 5 289 365 19070 61 1649 39 106 24 38 10
3792 19 274 175 206 0 1 3 290 362 19074 61 1643 40 105 23 44 13
3816 19 275 174 206 0 0 4 290 365 19010 61 1642 43 101 20 45 10
3840 19 303 164 206 0 0 7 287 352 18993 61 1630 41 90 22 57 23
3864 18 260 172 206 0 0 3 291 358 18986 61 1643 39 89 24 44 17
3888 17 231 199 206 0 0 6 288 358 18890 60 1649 38 87 25 38 17
3912 17 247 181 206 0 0 5 289 365 18824 60 1648 43 81 20 39 10
3936 16 213 204 206 0 0 2 292 367 18762 59 1644 34 85 29 43 8
3960 16 226 189 206 0 0 4 290 358 18679 58 1652 40 88 23 35 17
3984 16 237 199 206 0 0 6 288 355 18590 57 1651 37 96 26 36 20
4008 14 223 190 206 0 0 2 292 359 18497 57 1658 35 101 28 29 16
4032 14 199 163 206 0 0 5 289 362 18423 56 1659 45 106 18 28 13
4056 12 227 160 206 0 0 3 291 354 18342 56 1659 42 102 21 28 21
4080 11 206 177 206 0 0 3 291 363 18232 56 1652 37 103 26 35 12
4104 11 168 162 206 0 0 5 289 367 18031 56 1664 36 107 27 23 8
4128 11 166 188 206 0 0 9 285 364 17863 56 1661 40 112 23 26 11
4152 11 168 170 206 0 0 2 292 365 17724 56 1660 38 108 25 27 10
4176 11 164 171 206 0 0 2 292 366 17559 56 1653 39 101 24 34 9
4200 11 167 172 206 0 0 2 292 361 17387 56 1664 36 102 27 23 14
4224 11 163 163 206 0 0 4 290 367 17249 55 1653 48 98 15 34 8
4248 10 149 171 206 0 0 2 292 363 17096 55 1660 41 100 22 27 12
4272 10 141 164 206 0 0 3 291 369 16883 53 1656 32 104 31 31 6
4296 10 146 172 206 0 0 2 292 347 16706 53 1669 37 97 26 18 28
4320.0 10 132 168 206 0 0 1 293 346 16510 82 1664 38 104 25 23 29
4344 10 139 177 206 0 0 1 293 351 16363 82 1660 47 96 16 27 24
4368 10 136 150 206 0 0 2 292 371 16202 81 1668 40 91 23 19 4
4392 9 138 175 206 0 0 3 291 358 16077 81 1668 36 87 27 19 17
4416 9 103 170 206 0 1 2 291 353 15921 80 1665 36 88 27 22 22
4440 9 94 153 206 0 0 3 291 361 15747 79 1671 39 83 24 16 14
4464 9 96 176 206 0 0 2 292 364 15587 77 1671 37 79 26 16 11
4488.0 1009 113 171 206 0 0 4 290 372 15377 75 1667 36 74 27 20 3
4512 807 3334 141 206 0 4 23 267 349 20837 73 953 44 21 19 734 26
4536 607 3853 170 207 1 8 40 244 349 25236 73 1027 42 33 21 660 26
4560 457 3701 163 208 1 8 41 242 346 29100 71 1125 30 34 33 562 29
4584 376 3563 159 209 0 5 44 242 359 32491 71 1196 43 40 20 491 16
4608 301 3081 157 209 1 2 28 260 356 35272 71 1237 44 39 19 450 19
4632 250 2925 178 210 2 2 23 263 369 37929 70 1319 37 55 26 368 6
4656 213 2612 187 210 0 1 23 266 348 40116 69 1324 36 51 27 363 27
4680 188 2369 166 210 0 3 20 267 364 42086 69 1360 41 56 22 327 11
4704 167 2198 183 210 1 2 16 271 356 43856 68 1389 32 53 31 298 19
4728 146 1953 164 210 0 2 16 272 368 45331 66 1438 34 42 29 249 7
4752 131 1798 156 210 0 1 17 272 363 46724 66 1443 42 58 21 244 12
4776 120 1641 177 210 0 0 15 275 362 47936 66 1471 38 65 25 216 13
4800 114 1556 174 210 0 1 11 278 352 49078 65 1466 47 70 16 221 23
4824 109 1469 199 210 0 0 15 275 365 50142 65 1496 37 75 26 191 10
4848 105 1427 191 210 0 0 12 278 358 51147 63 1485 35 84 28 202 17
4872 98 1408 174 210 0 1 16 273 380 52067 63 1486 35 71 28 201 -5
4896 92 1328 156 210 0 1 12 277 376 52863 62 1527 36 77 27 160 -1
4920 86 1229 187 210 0 0 9 281 363 53700 62 1523 36 74 27 164 12
4944 82 1230 167 210 0 0 11 279 391 54408 62 1517 31 77 32 170 -16
4968 79 1160 175 210 0 0 7 283 354 55036 62 1532 34 80 29 155 21
4992 75 1077 181 210 0 0 6 284 390 55641 62 1539 35 77 28 148 -15
5016 72 1086 197 210 0 0 3 287 360 56278 61 1533 39 75 24 154 15
5040.0 61 982 162 210 0 0 6 284 369 56768 90 1561 41 79 22 126 6
5064 57 835 165 210 0 0 5 285 358 57270 89 1578 44 61 19 109 17
5088 56 790 177 210 0 0 2 288 371 57731 89 1591 34 44 29 96 4
5112 52 739 193 210 0 0 4 286 370 58185 88 1580 43 47 20 107 5
5136 51 727 182 210 0 0 4 286 371 58591 88 1580 36 43 27 107 4
5160 49 639 174 210 0 0 4 286 369 58957 88 1592 38 38 25 95 6
5184 49 658 172 210 0 0 5 285 364 59341 86 1591 39 37 24 96 11
5208 47 652 156 210 0 0 4 286 370 59645 85 1590 33 35 30 97 5
5232 45 657 159 210 0 0 5 285 369 60007 82 1594 34 37 29 93 6
5256 45 623 168 210 0 0 2 288 421 60223 80 1606 21 40 42 81 -46
5280 45 570 157 210 0 0 3 287 386 60508 79 1571 34 40 29 116 -11
5304 45 596 176 210 0 0 7 283 373 60849 79 1585 39 36 24 102 2
5328 44 590 175 210 0 0 3 287 356 61172 79 1599 40 37 23 88 19
5352 44 621 167 210 0 0 2 288 362 61466 78 1605 43 38 20 82 13
5376 43 607 167 210 0 0 2 288 372 61792 77 1589 36 36 27 98 3
5400 41 580 183 210 0 0 4 286 381 62031 77 1593 41 39 22 94 -6
5424 41 606 167 210 0 0 5 285 372 62286 77 1594 35 37 28 93 3
5448 39 568 162 210 0 0 5 285 370 62472 74 1619 37 37 26 68 5
5472 39 576 180 210 0 0 2 288 361 62696 71 1602 28 41 35 85 14
5496 38 554 162 210 0 0 4 286 390 62828 68 1613 36 50 27 74 -15
5520 38 563 171 210 0 0 2 288 376 63027 68 1614 39 46 24 73 -1
5544 38 570 175 210 0 0 6 284 381 63217 67 1597 43 53 20 90 -6
5568 38 579 178 210 0 0 5 285 358 63446 66 1601 36 57 27 86 17
5592 37 549 172 210 0 0 2 288 392 63550 64 1616 31 61 32 71 -17
5616 36 552 188 210 0 1 7 282 370 63746 63 1612 42 62 21 75 5
5640 36 552 195 210 0 0 3 287 364 63949 61 1612 35 58 28 75 11
5664 35 536 177 210 0 0 3 287 399 64014 60 1621 27 70 36 66 -24
5688 34 515 159 210 0 0 3 287 396 64092 60 1621 28 77 35 66 -21
5712 32 527 174 210 0 0 2 288 376 64200 59 1602 41 93 22 85 -1
5736 32 522 172 210 0 0 2 288 363 64340 59 1601 42 87 21 86 12
5760.0 32 530 194 210 0 0 3 287 359 64441 89 1616 38 85 25 71 16
5784 32 455 163 210 0 0 4 286 353 64586 88 1626 41 72 22 61 22
5808 31 453 162 210 0 0 3 287 372 64699 88 1628 38 68 25 59 3
5832 30 449 150 210 0 0 4 286 414 64770 87 1625 26 57 37 62 -39
5856 30 415 149 210 0 0 2 288 369 64870 86 1637 39 49 24 50 6
5880 30 446 156 210 0 0 1 289 378 65006 85 1628 37 45 26 59 -3
5904 30 432 167 210 0 0 2 288 376 65059 84 1616 39 44 24 71 -1
5928.0 1030 432 160 210 0 0 1 289 374 65139 83 1623 36 43 27 64 1
5952 952 3700 170 210 0 1 23 266 363 70697 83 919 45 25 18 768 12
5976 821 4501 163 210 0 0 22 268 368 75583 83 946 32 20 31 741 7
6000 723 4646 173 210 0 1 27 262 374 80121 82 984 46 24 17 703 1
6024 643 4575 175 210 1 1 14 274 373 84489 81 1029 42 25 21 658 2
6048 571 4374 165 210 0 1 21 268 358 88581 80 1057 42 30 21 630 17
6072 520 4279 160 210 0 1 21 268 369 92516 79 1087 34 33 29 600 6
6096 467 4042 158 210 0 2 15 273 368 96226 79 1115 43 30 20 572 7
6120 424 3905 181 210 0 1 7 282 363 99784 78 1148 43 26 20 539 12
6144 383 3710 184 210 0 1 13 276 377 103060 77 1150 43 39 20 537 -2
6168 353 3556 154 210 0 0 11 279 352 106181 76 1185 42 32 21 502 23
6192 330 3434 162 210 1 0 5 284 371 109151 76 1219 43 36 20 468 4
6216 312 3288 175 210 0 2 12 276 368 112011 76 1240 39 38 24 447 7
6240 293 3202 163 210 0 0 6 284 358 114789 76 1231 37 41 26 456 17
6264 285 3045 173 210 0 0 10 280 364 117387 76 1256 40 43 23 431 11
6288 267 2971 176 210 0 2 12 276 363 119945 74 1260 42 34 21 427 12
6312 255 2876 177 210 0 0 7 283 370 122340 74 1267 37 38 26 420 5
6336 245 2743 165 210 0 0 11 279 368 124638 73 1301 46 46 17 386 7
6360 235 2729 161 210 0 0 9 281 376 126858 70 1310 35 45 28 377 -1
6384 224 2599 173 210 0 0 7 283 353 128946 69 1317 40 51 23 370 22
6408 215 2479 174 210 0 0 7 283 373 130987 68 1344 33 51 30 343 2
6432 207 2553 183 210 0 0 16 274 366 133022 67 1338 41 61 22 349 9
6456 201 2556 180 210 0 0 6 284 405 134865 65 1343 28 60 35 344 -30
6480.0 194 2500 141 210 0 0 4 286 393 136671 95 1364 26 73 37 323 0
6504 185 2328 155 210 0 0 8 282 390 138553 95 1365 35 44 28 322 3
6528 178 2212 174 210 0 0 5 285 397 140385 94 1344 34 29 29 343 -4
6552 172 2094 166 210 0 0 7 283 393 142145 93 1399 41 25 22 288 0
6576 170 2027 178 210 0 0 9 281 387 143851 92 1400 45 22 18 287 6
6600 163 1969 196 210 0 0 6 284 386 145494 90 1403 37 17 26 284 7
6624 160 1971 174 210 0 1 6 283 394 147116 90 1433 40 18 23 254 -1
6648 150 1947 150 210 0 0 7 283 379 148695 89 1406 42 16 21 281 14
6672 147 1918 175 210 0 0 5 285 392 150187 89 1394 39 18 24 293 1
6696 146 1881 174 210 0 0 6 284 393 151662 88 1410 43 23 20 277 0
6720 141 1824 176 210 0 0 7 283 395 153106 86 1447 38 27 25 240 -2
6744 138 1792 158 210 0 0 4 286 412 154464 86 1449 37 25 26 238 -19
6768 131 1757 141 210 0 0 5 285 418 155789 86 1454 25 30 38 233 -25
6792 126 1696 172 210 0 0 6 284 396 157108 84 1441 37 28 26 246 -3
6816 123 1589 174 210 0 0 5 285 386 158302 84 1458 41 32 22 229 7
6840 120 1639 168 210 0 0 7 283 379 159580 84 1457 37 36 26 230 14
6864 116 1596 201 210 0 0 2 288 390 160725 83 1483 35 35 28 204 3
6888 114 1549 185 210 0 0 3 287 384 161860 83 1455 34 35 29 232 9
6912 108 1533 164 210 0 1 3 286 386 162961 81 1476 43 32 20 211 7
6936 107 1480 161 210 0 0 1 289 385 164032 78 1467 36 26 27 220 8
6960 104 1419 183 210 0 0 2 288 396 165065 75 1472 29 29 34 215 -3
6984 102 1402 178 210 0 0 2 288 400 166054 74 1464 40 29 23 223 -7
7008 100 1427 159 210 0 0 3 287 386 166993 73 1473 39 34 24 214 7
7032 100 1398 160 210 0 0 2 288 404 167868 73 1499 35 40 28 188 -11
7056 98 1391 151 210 0 0 2 288 400 168813 73 1501 40 52 23 186 -7
7080 94 1321 163 210 0 0 8 282 394 169708 73 1522 40 51 23 165 -1
7104 92 1269 160 210 0 0 2 288 379 170571 71 1532 34 42 29 155 14
7128 89 1259 160 210 0 0 1 289 402 171353 71 1525 28 51 35 162 -9
7152 88 1294 138 210 0 0 3 287 407 172190 70 1503 27 53 36 184 -14
7176 86 1323 150 210 0 0 5 285 410 172985 69 1528 32 51 31 159 -17
7200.0 86 1322 152 210 0 0 3 287 390 173758 98 1509 40 61 23 178 3
7224 84 1233 147 210 0 0 2 288 423 174580 95 1514 25 52 38 173 -30
7248 83 1158 143 210 0 0 3 287 408 175363 95 1522 31 35 32 165 -15
7272 81 1103 110 210 0 0 2 288 450 176050 95 1544 11 29 52 143 -57
7296 79 1107 109 210 0 0 5 285 387 176725 94 1539 37 27 26 148 6
7320 79 1141 166 210 0 1 1 288 382 177493 93 1518 41 26 22 169 11
7344 79 1111 180 210 0 0 2 288 396 178182 92 1527 35 28 28 160 -3
7368 79 1119 165 210 0 0 0 290 383 178916 91 1538 37 27 26 149 10
7392 78 1078 153 210 0 0 2 288 449 179601 89 1520 12 26 51 167 -56
7416 76 1094 105 210 0 0 2 288 457 180233 89 1541 12 26 51 146 -64
7440 76 1084 66 210 0 0 1 289 425 180864 86 1530 16 25 47 157 -32
7464 76 1082 122 210 0 0 2 288 397 181619 82 1552 34 26 29 135 -4
7488 74 1104 146 210 0 0 3 287 390 182269 80 1531 40 26 23 156 3
7512 72 1090 163 210 0 0 1 289 399 182939 80 1541 40 27 23 146 -6
7536 71 1038 175 210 0 0 1 289 404 183570 80 1552 34 30 29 135 -11
7560 69 1032 160 210 0 0 4 286 402 184163 80 1548 29 34 34 139 -9
7584 69 1017 145 210 0 0 4 286 393 184764 79 1555 41 35 22 132 0
7608 69 1037 183 210 0 0 2 288 389 185409 75 1538 36 35 27 149 4
7632 68 1035 148 210 0 0 2 288 399 185981 73 1539 33 37 30 148 -6
7656 66 982 158 210 0 0 2 288 394 186527 73 1560 31 39 32 127 -1
7680 64 950 179 210 0 0 2 288 384 187074 72 1539 32 50 31 148 9
7704 64 981 165 210 0 0 4 286 408 187614 71 1553 35 51 28 134 -15
7728 63 961 173 210 0 0 3 287 418 188094 71 1554 35 53 28 133 -25
7752 61 950 125 210 0 0 2 288 405 188568 71 1544 30 60 33 143 -12
7776 61 965 142 210 0 0 1 289 418 189004 70 1561 27 59 36 126 -25
7800 61 916 113 210 0 0 2 288 394 189449 67 1555 41 58 22 132 -1
7824 60 922 128 210 0 0 2 288 405 189895 67 1550 30 64 33 137 -12
7848 59 906 146 210 0 0 5 285 390 190369 66 1570 44 59 19 117 3
7872 57 898 170 210 0 0 2 288 396 190776 66 1578 31 61 32 109 -3
7896 57 891 172 210 0 0 1 289 401 191199 64 1579 41 68 22 108 -8
7920.0 57 881 150 210 0 0 2 288 413 191577 93 1560 35 66 28 127 0
7944 57 855 156 210 0 0 2 288 410 192064 92 1568 39 52 24 119 3
7968 56 839 185 210 0 0 1 289 432 192480 92 1577 28 45 35 110 -19
7992 56 812 169 210 0 0 0 290 442 192876 90 1563 32 42 31 124 -29
8016 56 810 130 210 0 0 1 289 422 193198 89 1588 36 42 27 99 -9
8040 55 793 152 210 0 0 2 288 413 193590 88 1565 37 36 26 122 0
8064 55 837 154 210 0 0 2 288 403 194040 86 1580 41 32 22 107 10
8088 55 767 148 210 0 0 1 289 401 194449 86 1577 44 33 19 110 12
8112 55 821 163 210 0 0 1 289 411 194812 86 1576 40 31 23 111 2
8136 55 800 153 210 0 0 1 289 435 195189 86 1575 33 27 30 112 -22
8160 54 784 131 210 0 0 1 289 431 195508 85 1577 27 30 36 110 -18
8184 53 774 140 210 0 0 3 287 413 195861 83 1585 37 30 26 102 0
8208 53 805 171 210 0 0 0 290 421 196294 81 1578 37 29 26 109 -8
8232 53 771 159 210 0 0 1 289 410 196644 80 1578 37 34 26 109 3
8256 53 802 154 210 0 0 1 289 421 197019 79 1573 38 40 25 114 -8
8280 51 808 117 210 0 0 1 289 442 197355 79 1564 25 40 38 123 -29
8304 51 754 108 210 0 0 0 290 436 197609 77 1573 27 40 36 114 -23
8328 51 767 107 210 0 0 2 288 444 197914 77 1581 21 36 42 106 -31
8352 51 777 127 210 0 0 0 290 420 198280 75 1587 35 35 28 100 -7
8376 51 790 165 210 0 0 2 288 417 198638 73 1578 36 39 27 109 -4
8400 51 740 173 210 0 0 1 289 433 198971 72 1599 33 47 30 88 -20
8424 50 728 108 210 0 0 3 287 435 199274 69 1582 29 48 34 105 -22
8448 50 814 113 210 0 0 1 289 429 199605 69 1557 34 51 29 130 -16
8472 50 729 164 210 0 0 0 290 401 199886 69 1579 34 49 29 108 12
8496 50 809 170 210 0 0 2 288 404 200257 67 1572 43 50 20 115 9
8520 50 769 175 210 0 0 2 288 411 200516 67 1586 37 59 26 101 2
8544 50 743 168 210 0 0 1 289 399 200883 67 1594 43 62 20 93 14
8568 50 768 158 210 0 0 0 290 419 201145 66 1587 37 66 26 100 -6
8592 50 808 145 210 0 0 4 286 411 201403 65 1589 42 64 21 98 2
8616 50 816 164 210 0 0 0 290 427 201684 65 1574 36 67 27 113 -14
8640.0 50 759 133 210 0 0 1 289 462 201834 94 1586 15 72 48 101 0
8664 49 771 141 210 0 0 2 288 449 202146 94 1588 42 56 21 99 13
8688 49 739 135 210 0 0 0 290 501 202408 93 1587 19 52 44 100 -39
8712 49 730 96 210 0 0 1 289 481 202655 93 1584 32 42 31 103 -19
8736 48 727 169 210 0 0 0 290 466 202933 93 1594 33 35 30 93 -4
8760 47 720 160 210 0 0 2 288 466 203189 93 1586 33 32 30 101 -4
