Time EBV Teff Treg ODC_le1 ODC_le2 ODC_le3 ODC_le4 ODC_le5 NK IL2 DAC Resting_Teff Resting_Treg EffectorMemory Resting_Treg_temp Resting_Teff_temp NK_temp
0.0 0 0 0 0 0 0 0 500 375 1000 0 1687 63 0 0 0 0
24 0 0 0 0 0 0 0 500 342 901 0 1687 63 0 0 0 33
48 0 0 0 0 0 0 0 500 326 827 0 1687 63 0 0 0 49
72 0 0 0 0 0 0 0 500 334 758 0 1687 63 0 0 0 41
96 0 0 0 0 0 0 0 500 343 669 0 1687 63 0 0 0 32
120 0 0 0 0 0 0 0 500 324 607 0 1687 63 0 0 0 51
144 0 0 0 0 0 0 0 500 328 559 0 1687 63 0 0 0 47
168.0 1000 0 0 0 0 0 0 500 337 499 0 1687 63 0 0 0 38
192 361 5845 110 22 21 71 140 246 271 802 0 1175 40 419 23 512 104
216 75 3678 157 102 47 71 119 161 263 335 0 1521 36 432 27 166 112
240 30 1231 159 158 21 51 108 162 287 273 0 1605 39 447 24 82 88
264 18 445 165 171 7 23 74 225 316 286 0 1646 47 440 16 41 59
288 14 227 169 172 1 10 31 286 309 340 0 1658 40 406 23 29 66
312 14 190 188 172 0 6 23 299 312 381 0 1653 38 385 25 34 63
336 12 135 187 172 0 1 17 310 325 377 0 1660 36 384 27 27 50
360 9 119 174 172 0 3 21 304 325 362 0 1666 36 369 27 21 50
384 8 113 180 172 0 1 11 316 317 323 0 1664 37 367 26 23 58
408 7 85 150 172 0 1 12 315 308 313 0 1673 36 359 27 14 67
432 7 68 161 172 0 1 6 321 321 321 0 1671 37 350 26 16 54
456 7 58 168 172 0 0 6 322 311 330 0 1678 38 332 25 9 64
480 6 74 198 172 0 0 8 320 322 327 0 1674 36 316 27 13 53
504 6 63 160 172 0 1 15 312 329 302 0 1680 41 320 22 7 46
528 6 86 156 172 0 0 10 318 314 315 0 1674 41 320 22 13 61
552 6 72 173 172 0 0 7 321 329 313 0 1666 27 319 36 21 46
576 5 66 153 172 0 0 8 320 334 310 0 1675 39 307 24 12 41
600 5 60 171 172 0 1 10 317 318 284 0 1676 33 290 30 11 57
624 5 46 155 172 0 0 6 322 310 300 0 1672 45 284 18 15 65
648 5 49 173 172 0 0 7 321 312 295 0 1678 33 277 30 9 63
672 4 35 165 172 0 0 8 320 320 283 0 1678 41 274 22 9 55
696 4 29 155 172 0 0 9 319 319 283 0 1681 40 268 23 6 56
720 4 43 142 172 0 0 8 320 329 292 0 1678 46 270 17 9 46
744 4 45 156 172 0 0 9 319 323 301 0 1676 44 267 19 11 52
768 4 47 136 172 0 0 7 321 324 283 0 1677 39 260 24 10 51
792 4 45 150 172 0 0 6 322 323 280 0 1675 43 266 20 12 52
816 4 36 164 172 0 0 3 325 323 272 0 1674 36 264 27 13 52
840 4 40 173 172 0 0 9 319 324 256 0 1676 43 263 20 11 51
864 4 44 153 172 0 0 8 320 324 254 0 1682 43 258 20 5 51
888 4 33 156 172 0 0 9 319 316 246 0 1683 36 253 27 4 59
912 4 41 156 172 0 0 6 322 312 248 0 1679 44 242 19 8 63
936 4 47 166 172 0 0 5 323 320 260 0 1678 44 234 19 9 55
960 4 37 152 172 0 0 8 320 319 246 0 1679 43 237 20 8 56
984 4 28 162 172 0 0 2 326 327 228 0 1680 49 232 14 7 48
1008 4 36 138 172 0 0 5 323 322 237 0 1678 47 221 16 9 53
1032 4 40 164 172 0 0 8 320 321 243 0 1682 39 215 24 5 54
1056 4 36 159 172 0 0 7 321 326 226 0 1679 46 218 17 8 49
1080 3 29 154 172 0 0 9 319 318 219 0 1675 45 219 18 12 57
1104 2 19 141 172 0 0 4 324 320 218 0 1683 37 216 26 4 55
1128 2 17 152 172 0 0 3 325 329 206 0 1685 43 214 20 2 46
1152 2 16 149 172 0 0 5 323 322 189 0 1683 44 208 19 4 53
1176 2 21 148 172 0 0 2 326 318 178 0 1681 37 207 26 6 57
1200 2 14 144 172 0 0 4 324 316 173 0 1686 44 205 19 1 59
1224 2 16 146 172 0 0 2 326 327 175 0 1686 48 198 15 1 48
1248 2 22 134 172 0 0 4 324 330 177 0 1680 47 195 16 7 45
1272 2 20 137 172 0 0 6 322 331 166 0 1683 40 192 23 4 44
1296 2 8 114 172 0 1 2 325 326 165 0 1686 45 191 18 1 49
1320 2 25 137 172 0 0 3 325 325 176 0 1680 40 184 23 7 50
1344 2 20 129 172 0 0 3 325 318 176 0 1682 44 184 19 5 57
1368 2 12 123 172 0 0 2 326 326 185 0 1681 44 189 19 6 49
1392 2 16 137 172 0 0 3 325 322 182 0 1685 39 189 24 2 53
1416 2 21 135 172 0 0 3 325 320 185 0 1680 38 185 25 7 55
1440.0 2 16 143 172 0 0 1 327 318 183 30 1683 33 188 30 4 57
1464 2 14 144 172 0 0 4 324 320 193 29 1682 36 182 27 5 55
1488 2 13 148 172 0 0 3 325 319 202 28 1682 44 177 19 5 56
1512 2 18 146 172 0 0 1 327 314 219 28 1678 37 171 26 9 61
1536 2 14 147 172 0 0 1 327 325 230 28 1681 40 165 23 6 50
1560 2 16 133 172 0 0 1 327 318 235 27 1680 43 160 20 7 57
1584 2 17 121 172 0 0 0 328 322 241 26 1683 37 155 26 4 53
1608.0 1002 19 139 172 0 0 0 328 323 247 26 1682 45 153 18 5 52
1632 564 3132 142 174 6 16 81 223 318 4687 26 1050 45 133 18 637 57
1656 259 4045 183 181 15 38 73 193 325 5957 26 1265 39 280 24 422 50
1680 125 3452 197 195 13 23 80 189 316 5762 26 1432 35 456 28 255 59
1704 68 2535 191 198 12 28 74 188 305 5191 26 1527 39 534 24 160 70
1728 38 1670 197 204 6 18 62 210 315 4653 26 1601 40 588 23 86 60
1752 28 1088 182 206 3 9 52 230 331 4188 26 1620 35 635 28 67 44
1776 21 723 188 207 2 3 32 256 334 3827 26 1635 36 621 27 52 41
1800 17 524 175 207 2 4 34 253 335 3581 25 1644 41 602 22 43 40
1824 13 373 157 207 1 2 19 271 336 3342 25 1667 40 577 23 20 39
1848 11 333 168 207 0 3 20 270 338 3164 25 1661 38 547 25 26 37
1872 9 233 189 208 0 1 19 272 340 2973 25 1671 36 536 27 16 35
1896 9 190 199 208 1 1 14 276 333 2789 24 1666 46 516 17 21 42
1920 9 176 177 209 0 3 11 277 340 2635 24 1668 43 491 20 19 35
1944 9 165 192 209 0 2 14 275 333 2472 24 1655 26 486 37 32 42
1968 9 160 199 209 0 1 12 278 329 2403 23 1652 39 458 24 35 46
1992 8 169 197 209 0 1 11 279 336 2297 23 1665 35 432 28 22 39
2016 8 132 190 209 0 1 5 285 346 2177 23 1663 39 421 24 24 29
2040 8 124 175 209 0 0 13 278 330 2057 23 1673 39 402 24 14 45
2064 5 112 161 209 0 1 16 274 337 1959 21 1675 39 395 24 12 38
2088 5 77 185 209 0 0 10 281 330 1812 21 1675 39 397 24 12 45
2112 5 78 182 209 0 0 9 282 339 1706 21 1671 47 387 16 16 36
2136 4 77 181 209 0 0 8 283 353 1596 21 1674 36 383 27 13 22
2160.0 3 39 182 209 0 0 13 278 336 1498 51 1681 41 377 22 6 39
2184 3 30 156 209 0 0 4 287 334 1446 50 1680 48 367 15 7 41
2208 2 31 153 209 0 0 4 287 340 1365 50 1681 32 357 31 6 35
2232 2 25 159 209 0 0 3 288 330 1273 49 1682 38 349 25 5 45
2256 2 18 150 209 0 0 4 287 329 1228 49 1681 39 341 24 6 46
2280 2 24 155 209 0 0 2 289 338 1186 49 1681 41 329 22 6 37
2304 2 21 161 209 0 0 4 287 333 1143 49 1681 34 315 29 6 42
2328 2 24 154 209 0 0 3 288 327 1109 49 1683 40 299 23 4 48
2352 2 21 138 209 0 0 1 290 325 1049 48 1684 36 287 27 3 50
2376 2 16 136 209 0 0 1 290 348 993 48 1686 41 281 22 1 27
2400 2 17 131 209 0 0 4 287 327 941 47 1685 41 272 22 2 48
2424 2 19 142 209 0 0 1 290 333 899 47 1684 39 261 24 3 42
2448 2 17 160 209 0 0 4 287 326 849 47 1684 39 254 24 3 49
2472 2 18 157 209 0 0 3 288 326 800 47 1680 37 249 26 7 49
2496 2 12 139 209 0 0 2 289 329 740 46 1682 40 243 23 5 46
2520 2 13 161 209 0 0 1 290 332 726 46 1684 49 238 14 3 43
2544 2 18 139 209 0 0 1 290 327 698 45 1682 37 233 26 5 48
2568 2 24 142 209 0 0 3 288 320 662 45 1678 41 226 22 9 55
2592 2 25 138 209 0 0 2 289 326 641 44 1679 42 220 21 8 49
2616 2 26 130 209 0 0 2 289 339 623 44 1684 36 217 27 3 36
2640 2 20 138 209 0 0 3 288 333 584 44 1684 35 212 28 3 42
2664 2 20 129 209 0 0 4 287 327 572 44 1682 44 205 19 5 48
2688 2 18 148 209 0 0 3 288 334 559 44 1684 44 203 19 3 41
2712 2 15 145 209 0 0 3 288 318 540 42 1684 30 199 33 3 57
2736 2 15 136 209 0 0 2 289 318 521 42 1684 41 197 22 3 57
2760 2 19 147 209 0 0 2 289 310 493 41 1683 39 195 24 4 65
2784 2 12 145 209 0 0 1 290 328 475 41 1683 36 190 27 4 47
2808 2 12 130 209 0 0 1 290 321 453 41 1682 43 182 20 5 54
2832 2 15 124 209 0 0 1 290 320 446 40 1683 37 176 26 4 55
2856 2 12 124 209 0 0 1 290 326 419 40 1685 46 175 17 2 49
2880.0 2 16 115 209 0 0 4 287 323 401 69 1686 39 174 24 1 52
2904 2 17 135 209 0 0 1 290 324 397 67 1681 38 171 25 6 51
2928 2 14 152 209 0 0 2 289 323 401 66 1682 35 169 28 5 52
2952 2 15 137 209 0 0 1 290 325 393 66 1682 41 167 22 5 50
2976 2 24 143 209 0 0 4 287 328 400 66 1678 37 163 26 9 47
3000 2 13 129 209 0 0 1 290 317 387 66 1684 39 162 24 3 58
3024 2 17 118 209 0 0 2 289 326 374 66 1683 36 159 27 4 49
3048.0 1002 18 136 209 0 0 3 288 340 363 65 1680 39 156 24 7 35
3072 584 2473 131 209 4 17 52 218 315 5511 64 1070 44 35 19 617 60
3096 336 2630 156 210 7 20 61 202 335 9056 63 1196 41 34 22 491 40
3120 229 2355 165 211 1 20 53 215 354 11616 62 1337 40 55 23 350 21
3144 170 2015 175 211 1 10 51 227 322 13635 61 1352 40 69 23 335 53
3168 137 1688 175 211 1 7 23 258 351 15129 61 1425 39 77 24 262 24
3192 119 1517 184 211 0 2 29 258 357 16354 61 1471 39 77 24 216 18
3216 105 1303 176 211 0 3 24 262 362 17451 61 1513 38 74 25 174 13
3240 89 1170 184 211 0 2 17 270 369 18387 60 1533 42 70 21 154 6
3264 75 1092 176 211 0 0 21 268 376 19128 60 1530 43 78 20 157 -1
3288 61 943 200 211 0 1 23 265 363 19763 60 1555 38 75 25 132 12
3312 52 780 207 211 1 2 15 271 353 20181 60 1581 35 75 28 106 22
3336 49 668 178 211 0 0 20 269 357 20552 60 1590 43 73 20 97 18
3360 47 664 171 211 0 1 12 276 379 20922 60 1582 40 73 23 105 -4
3384 41 651 161 211 0 0 10 279 355 21243 59 1594 32 84 31 93 20
3408 40 589 153 211 0 0 15 274 368 21449 59 1607 41 85 22 80 7
3432 40 568 181 211 0 0 14 275 374 21693 59 1595 36 80 27 92 1
3456 36 540 168 211 0 0 14 275 365 21935 59 1606 41 86 22 81 10
3480 34 521 175 211 0 0 9 280 383 22115 57 1628 40 85 23 59 -8
3504 30 459 181 211 0 0 8 281 368 22173 56 1623 39 91 24 64 7
3528 28 429 173 211 0 1 9 279 380 22250 56 1618 37 94 26 69 -5
3552 27 419 162 211 0 0 2 287 369 22348 55 1638 39 93 24 49 6
3576 27 346 143 211 0 0 8 281 369 22308 55 1639 43 107 20 48 6
3600.0 26 397 152 211 0 0 7 282 359 22387 85 1616 38 108 25 71 16
3624 26 388 162 211 0 0 6 283 360 22495 83 1637 44 88 19 50 15
3648 25 324 162 211 0 0 2 287 354 22553 81 1638 42 73 21 49 21
3672 25 344 148 211 0 0 10 279 355 22657 81 1626 35 68 28 61 20
3696 25 329 160 211 0 0 6 283 364 22685 80 1643 43 67 20 44 11
3720 24 320 169 211 0 0 7 282 376 22741 80 1628 36 61 27 59 -1
3744 23 344 150 211 0 1 7 281 360 22772 79 1633 41 58 22 54 15
3768 23 319 173 211 0 1 6 282 374 22798 79 1630 42 55 21 57 1
3792 22 331 198 211 0 0 8 281 386 22794 76 1632 29 57 34 55 -11
3816 22 308 161 211 0 0 3 286 373 22824 74 1642 38 52 25 45 2
3840 22 286 168 211 0 0 3 286 365 22869 74 1633 41 47 22 54 10
3864 21 289 167 211 0 0 2 287 358 22865 73 1637 41 46 22 50 17
3888 21 275 178 211 0 0 3 286 373 22837 73 1652 38 45 25 35 2
3912 21 270 171 211 0 0 4 285 356 22838 73 1645 43 48 20 42 19
3936 21 281 156 211 0 0 5 284 389 22788 73 1646 41 45 22 41 -14
3960 21 283 187 211 0 0 5 284 379 22770 72 1647 36 44 27 40 -4
3984 21 266 167 211 0 0 5 284 357 22779 71 1646 39 42 24 41 18
4008 21 311 168 211 0 0 6 283 365 22777 71 1637 44 41 19 50 10
4032 21 328 158 211 0 0 4 285 360 22773 71 1630 40 41 23 57 15
4056 20 290 155 211 0 0 3 286 377 22746 71 1647 33 39 30 40 -2
4080 20 248 168 211 0 0 4 285 374 22676 70 1654 43 42 20 33 1
4104 20 260 180 211 0 0 3 286 354 22646 67 1649 41 46 22 38 21
4128 18 229 178 211 0 0 3 286 373 22581 66 1641 41 45 22 46 2
4152 18 238 178 211 0 0 2 287 367 22521 66 1644 44 46 19 43 8
4176 18 230 187 211 0 1 6 282 375 22455 66 1645 38 43 25 42 0
4200 18 256 177 211 0 0 4 285 348 22451 65 1652 44 48 19 35 27
4224 18 233 177 211 0 0 2 287 370 22371 64 1657 43 54 20 30 5
4248 17 216 183 211 0 0 0 289 362 22281 62 1658 36 59 27 29 13
4272 16 248 184 211 0 0 4 285 378 22209 62 1647 34 60 29 40 -3
4296 15 202 169 211 0 0 4 285 371 22106 62 1663 39 56 24 24 4
4320.0 15 216 163 211 0 0 1 288 364 21973 91 1656 35 58 28 31 11
4344 15 209 166 211 0 0 4 285 358 21901 89 1660 40 53 23 27 17
4368 15 190 188 211 0 0 6 283 371 21837 88 1654 40 52 23 33 4
4392 14 195 197 211 0 0 3 286 363 21712 86 1653 41 51 22 34 12
4416 14 191 177 211 0 0 1 288 361 21670 86 1656 40 49 23 31 14
4440 14 162 180 211 0 0 3 286 360 21536 84 1653 37 46 26 34 15
4464 14 170 171 211 0 0 1 288 381 21379 84 1656 35 45 28 31 -6
4488.0 1014 186 147 211 0 0 2 287 367 21303 84 1653 40 43 23 34 8
4512 845 3297 145 211 0 3 26 260 349 26682 84 945 38 18 25 742 26
4536 640 4006 158 211 0 5 46 238 344 31285 84 1033 41 18 22 654 31
4560 506 3811 177 211 1 8 34 246 356 35326 83 1101 34 28 29 586 19
4584 416 3568 179 211 0 4 28 257 364 38935 83 1173 36 31 27 514 11
4608 354 3343 192 211 1 3 25 260 357 42134 83 1200 35 27 28 487 18
4632 312 3118 188 211 0 2 29 258 352 45121 81 1225 40 23 23 462 23
4656 272 2943 184 211 0 1 18 270 373 47818 79 1278 42 34 21 409 2
4680 239 2661 168 211 1 0 15 273 364 50321 77 1342 46 29 17 345 11
4704 217 2468 186 211 0 1 19 269 364 52506 77 1333 41 36 22 354 11
4728 196 2351 156 211 0 0 14 275 367 54595 76 1355 46 34 17 332 8
4752 179 2250 168 211 0 1 14 274 363 56454 76 1363 41 35 22 324 12
4776 166 2082 175 211 0 1 17 271 366 58182 75 1381 36 40 27 306 9
4800 149 1989 173 211 0 1 10 278 351 59804 73 1396 35 46 28 291 24
4824 139 1893 181 211 0 1 11 277 384 61255 71 1447 38 43 25 240 -9
4848 131 1801 200 211 0 0 11 278 357 62692 70 1432 40 39 23 255 18
4872 124 1700 185 211 0 0 15 274 375 63987 68 1453 39 54 24 234 0
4896 116 1628 158 211 0 1 12 276 372 65175 68 1479 43 55 20 208 3
4920 112 1484 163 211 0 0 9 280 372 66252 68 1494 43 58 20 193 3
4944 107 1434 169 211 0 0 8 281 367 67366 67 1488 47 61 16 199 8
4968 103 1424 160 211 0 0 8 281 357 68409 66 1493 36 68 27 194 18
4992 100 1404 169 211 0 0 6 283 362 69355 66 1493 42 72 21 194 13
5016 95 1362 162 211 0 0 7 282 377 70256 66 1483 35 61 28 204 -2
5040.0 92 1296 166 211 0 1 9 279 405 71106 96 1514 28 66 35 173 0
5064 89 1145 159 211 0 0 9 280 405 71939 95 1530 43 45 20 157 0
5088 85 1098 189 211 0 0 5 284 383 72751 95 1532 43 40 20 155 22
5112 81 1081 172 211 0 0 6 283 377 73595 95 1531 37 33 26 156 28
5136 79 1085 167 211 0 0 9 280 416 74369 94 1524 38 27 25 163 -11
5160 76 1037 168 211 0 0 7 282 392 75102 91 1537 39 20 24 150 13
5184 75 1004 175 211 0 0 6 283 389 75779 89 1527 44 23 19 160 16
5208 73 1015 172 211 0 0 5 284 407 76455 88 1536 43 21 20 151 -2
5232 70 1039 179 211 0 0 4 285 413 77124 86 1544 45 24 18 143 -8
5256 67 954 161 211 0 0 6 283 424 77729 86 1567 38 23 25 120 -19
5280 66 947 152 211 0 0 6 283 419 78263 84 1533 37 27 26 154 -14
5304 66 920 154 211 0 0 4 285 392 78811 81 1558 40 29 23 129 13
5328 62 891 173 211 0 0 3 286 400 79386 80 1542 44 29 19 145 5
5352 62 830 165 211 0 0 6 283 421 79827 79 1555 37 30 26 132 -16
5376 59 848 158 211 0 0 4 285 415 80269 77 1574 36 31 27 113 -10
5400 57 803 132 211 0 0 3 286 403 80685 75 1561 40 33 23 126 2
5424 56 801 150 211 0 0 3 286 397 81102 75 1568 45 34 18 119 8
5448 56 819 179 211 0 0 2 287 425 81517 71 1563 37 37 26 124 -20
5472 55 862 142 211 0 0 6 283 396 81974 71 1538 37 43 26 149 9
5496 50 837 154 211 0 0 3 286 413 82349 70 1574 38 51 25 113 -8
5520 49 786 167 211 0 0 4 285 416 82673 69 1589 40 49 23 98 -11
5544 48 723 171 211 0 0 2 287 402 82995 69 1594 39 49 24 93 3
5568 47 696 167 211 0 0 6 283 385 83286 69 1590 41 56 22 97 20
5592 46 726 167 211 0 0 4 285 404 83576 68 1576 38 64 25 111 1
5616 42 679 162 211 0 0 9 280 394 83836 67 1604 44 68 19 83 11
5640 42 707 191 211 0 0 4 285 394 84075 65 1587 42 76 21 100 11
5664 41 661 181 211 0 0 2 287 402 84273 63 1598 36 79 27 89 3
5688 41 641 146 211 0 0 3 286 408 84469 62 1588 40 73 23 99 -3
5712 41 675 132 211 0 0 0 289 425 84617 62 1591 32 79 31 96 -20
5736 41 606 133 211 0 0 4 285 424 84726 62 1617 28 87 35 70 -19
5760.0 40 646 127 211 0 0 2 287 430 84890 92 1605 29 85 34 82 0
5784 39 615 156 211 0 0 3 286 435 85073 90 1597 35 71 28 90 -5
5808 39 572 158 211 0 0 1 288 417 85242 90 1602 36 61 27 85 13
5832 38 560 164 211 0 0 4 285 429 85395 89 1614 40 52 23 73 1
5856 37 558 143 211 0 0 3 286 425 85603 88 1613 44 47 19 74 5
5880 37 548 150 211 0 0 5 284 415 85780 88 1630 34 44 29 57 15
5904 37 559 151 211 0 0 3 286 435 85964 87 1603 37 44 26 84 -5
5928.0 1036 537 162 211 0 0 0 289 428 86106 87 1613 30 40 33 74 2
5952 976 3736 146 211 0 2 4 283 416 91540 83 896 47 21 16 791 14
5976 899 4651 163 211 0 2 18 269 413 96441 82 911 39 22 24 776 17
6000 815 4830 153 211 1 0 22 266 439 101170 81 957 43 23 20 730 -9
6024 723 4779 143 212 0 2 17 269 424 105757 81 967 36 31 27 720 6
6048 651 4738 161 212 0 3 19 266 420 110075 81 1019 35 28 28 668 10
6072 607 4616 164 212 0 2 13 273 425 114290 81 1037 40 20 23 650 5
6096 563 4501 178 212 0 0 7 281 427 118377 79 1055 36 25 27 632 3
6120 525 4233 185 212 0 1 14 273 420 122097 79 1091 41 31 22 596 10
6144 482 4120 166 212 0 0 13 275 423 125765 78 1129 40 36 23 558 7
6168 458 4009 165 212 0 0 16 272 424 129304 77 1099 35 37 28 588 6
6192 435 3900 156 212 0 0 18 270 437 132710 76 1135 37 31 26 552 -7
6216 398 3914 178 212 0 0 14 274 427 136093 72 1178 41 40 22 509 3
6240 372 3682 180 212 0 0 16 272 429 139156 71 1207 43 49 20 480 1
6264 344 3572 159 212 0 0 8 280 419 142138 67 1193 46 45 17 494 11
6288 331 3437 139 212 0 0 13 275 468 144770 66 1231 26 52 37 456 -38
6312 318 3503 87 212 0 0 14 274 471 147342 65 1255 12 66 51 432 -41
6336 306 3448 121 212 0 0 9 279 425 149952 65 1256 32 60 31 431 5
6360 295 3308 174 212 0 1 16 271 424 152461 64 1263 33 66 30 424 6
6384 283 3224 181 212 0 0 10 278 422 154913 64 1307 37 62 26 380 8
6408 267 3205 167 212 0 0 8 280 425 157251 64 1280 37 53 26 407 5
6432 260 3090 164 212 0 0 12 276 415 159531 63 1267 41 68 22 420 15
6456 248 3086 165 212 0 1 5 282 427 161681 61 1322 32 76 31 365 3
6480.0 235 3043 164 212 0 0 7 281 435 163702 89 1275 42 86 21 412 0
6504 222 2763 163 212 0 0 11 277 431 165946 86 1330 36 47 27 357 4
6528 215 2627 171 212 0 0 4 284 421 168109 84 1353 43 37 20 334 14
6552 211 2467 165 212 0 0 5 283 434 170119 84 1369 36 34 27 318 1
6576 202 2376 173 212 0 0 6 282 437 172064 84 1341 36 30 27 346 -2
6600 199 2344 175 212 0 0 8 280 428 174037 84 1338 43 31 20 349 7
6624 193 2332 175 212 0 0 3 285 429 175985 84 1365 41 31 22 322 6
6648 189 2307 185 212 0 0 7 281 426 177862 83 1360 34 32 29 327 9
6672 186 2245 179 212 0 0 5 283 429 179684 82 1356 40 33 23 331 6
6696 181 2166 168 212 0 0 3 285 420 181405 80 1385 42 41 21 302 15
6720 177 2204 178 212 0 0 1 287 432 183133 78 1367 41 36 22 320 3
6744 174 2189 177 212 0 0 6 282 445 184815 76 1374 45 40 18 313 -10
6768 169 2169 183 212 0 0 7 281 435 186456 76 1364 45 46 18 323 0
6792 165 2123 174 212 0 0 6 282 447 188053 76 1396 37 43 26 291 -12
6816 163 2171 180 212 0 0 4 284 442 189694 75 1381 37 39 26 306 -7
6840 159 1983 142 212 0 0 6 282 420 191191 75 1424 42 49 21 263 15
6864 155 1975 173 212 0 0 1 287 416 192712 74 1409 41 53 22 278 19
6888 150 2001 168 212 0 0 2 286 440 194179 73 1423 38 48 25 264 -5
6912 145 1911 150 212 0 0 1 287 447 195452 73 1426 37 53 26 261 -12
6936 143 1858 158 212 0 0 3 285 422 196796 73 1461 35 53 28 226 13
6960 143 1853 170 212 0 0 5 283 468 198195 73 1434 21 51 42 253 -33
6984 141 1836 125 212 0 0 8 280 459 199471 69 1429 32 54 31 258 -24
7008 136 1836 140 212 0 0 6 282 433 200688 67 1443 34 63 29 244 2
7032 133 1883 153 212 0 0 1 287 453 201974 66 1427 35 64 28 260 -18
7056 128 1858 166 212 0 0 5 283 463 203144 66 1443 35 72 28 244 -28
7080 125 1752 145 212 0 0 2 286 438 204270 64 1440 41 75 22 247 -3
7104 121 1800 159 212 0 0 2 286 433 205409 64 1460 38 58 25 227 2
7128 117 1716 167 212 0 0 2 286 453 206437 64 1460 23 65 40 227 -18
7152 113 1653 164 212 0 0 3 285 437 207384 62 1477 35 88 28 210 -2
7176 111 1679 148 212 0 0 5 283 459 208352 61 1467 25 79 38 220 -24
7200.0 110 1594 132 212 0 0 5 283 433 209286 90 1487 38 89 25 200 2
7224 109 1557 172 212 0 0 0 288 412 210328 90 1464 43 63 20 223 23
7248 107 1523 182 212 0 0 1 287 422 211449 90 1463 41 45 22 224 13
7272 105 1403 173 212 0 0 3 285 432 212401 89 1475 37 36 26 212 3
7296 103 1371 175 212 0 1 2 285 434 213396 89 1491 37 29 26 196 1
7320 100 1327 169 212 0 0 3 285 443 214382 88 1504 32 22 31 183 -8
7344 97 1365 193 212 0 0 4 284 430 215350 87 1500 43 28 20 187 5
7368 96 1322 184 212 0 0 3 285 445 216278 86 1484 43 35 20 203 -10
7392 94 1292 162 212 0 0 2 286 430 217165 86 1499 44 31 19 188 5
7416 92 1292 159 212 0 0 4 284 428 218043 85 1489 36 28 27 198 7
7440 92 1247 163 212 0 0 1 287 432 218859 85 1516 40 22 23 171 3
7464 91 1263 154 212 0 1 0 287 474 219614 83 1507 23 24 40 180 -39
7488 90 1256 131 212 0 0 3 285 439 220447 83 1511 28 26 35 176 -4
7512 89 1305 132 212 0 0 2 286 443 221296 82 1517 36 27 27 170 -8
7536 88 1237 111 212 0 0 0 288 487 222014 81 1498 16 32 47 189 -52
7560 88 1203 105 212 0 0 2 286 456 222745 81 1503 33 41 30 184 -21
7584 88 1227 143 212 0 0 0 288 415 223572 81 1507 39 40 24 180 20
7608 87 1217 158 212 0 0 4 284 433 224369 81 1529 36 37 27 158 2
7632 87 1244 142 212 0 0 6 282 427 225161 81 1487 38 38 25 200 8
7656 87 1188 153 212 0 0 5 283 456 225826 80 1523 33 38 30 164 -21
7680 87 1216 146 212 0 0 5 283 449 226648 80 1505 26 37 37 182 -14
7704 86 1193 144 212 0 0 4 284 441 227402 80 1524 37 34 26 163 -6
7728 85 1194 131 212 0 0 2 286 442 228070 80 1513 30 38 33 174 -7
7752 85 1198 140 212 0 0 3 285 453 228819 80 1513 27 36 36 174 -18
7776 84 1202 92 212 0 0 1 287 509 229482 78 1508 2 43 61 179 -74
7800 84 1161 32 212 0 0 3 285 523 230079 77 1513 0 49 63 174 -88
7824 83 1103 26 212 0 0 1 287 474 230659 77 1537 17 51 46 150 -39
7848 81 1114 54 212 0 0 2 286 471 231300 77 1523 18 42 45 164 -36
7872 81 1220 89 212 0 0 2 286 443 232031 77 1505 30 41 33 182 -8
7896 81 1225 103 212 0 0 1 287 429 232706 75 1525 36 45 27 162 6
7920.0 81 1138 158 212 0 0 1 287 420 233375 104 1530 38 37 25 157 15
7944 81 1118 169 212 0 0 2 286 434 234108 102 1529 43 32 20 158 1
7968 80 1182 179 212 0 0 1 287 436 234849 101 1510 37 26 26 177 -1
7992 80 1152 185 212 0 0 2 286 454 235552 100 1540 35 24 28 147 -19
8016 79 1115 182 212 0 0 4 284 430 236237 98 1522 39 24 24 165 5
8040 78 1057 165 212 0 2 5 281 428 236966 98 1549 40 27 23 138 7
8064 77 1061 177 212 0 0 0 288 423 237614 96 1517 34 29 29 170 12
8088 77 1056 161 212 0 0 3 285 454 238243 95 1526 35 26 28 161 -19
8112 75 1073 138 212 0 0 2 286 460 238882 94 1529 37 24 26 158 -25
8136 72 1123 142 212 0 0 1 287 438 239540 93 1539 27 22 36 148 -3
8160 70 1076 159 212 0 0 1 287 426 240154 91 1550 36 22 27 137 9
8184 70 1038 186 212 0 0 2 286 425 240719 90 1540 41 24 22 147 10
8208 69 1001 173 212 0 0 1 287 433 241318 87 1551 42 27 21 136 2
8232 69 942 189 212 0 0 0 288 448 241839 85 1575 33 30 30 112 -13
8256 68 993 136 212 0 0 3 285 467 242368 85 1553 29 30 34 134 -32
8280 66 989 73 212 0 0 2 286 520 242817 85 1544 1 37 62 143 -85
8304 66 956 30 212 0 0 3 285 522 243233 83 1547 3 39 60 140 -87
8328 66 981 43 212 0 0 2 286 503 243706 82 1550 7 39 56 137 -68
8352 65 970 34 212 0 0 2 286 502 244120 80 1563 6 43 57 124 -67
8376 65 932 34 212 0 0 1 287 504 244540 80 1558 10 44 53 129 -69
8400 64 953 14 212 0 0 3 285 513 244905 80 1559 0 47 63 128 -78
8424 63 957 60 212 0 0 2 286 460 245374 80 1557 26 40 37 130 -25
8448 62 928 123 212 0 0 1 287 430 245876 79 1561 38 45 25 126 5
8472 60 927 107 212 0 0 3 285 523 246232 79 1537 8 50 55 150 -88
8496 60 919 68 212 0 0 2 286 475 246637 77 1552 18 53 45 135 -40
8520 58 901 102 212 0 0 2 286 461 247007 75 1569 27 53 36 118 -26
8544 58 887 126 212 0 0 1 287 450 247395 74 1550 31 49 32 137 -15
8568 56 848 143 212 0 0 2 286 451 247772 73 1565 35 54 28 122 -16
8592 55 835 99 212 0 0 3 285 473 248094 72 1569 21 50 42 118 -38
8616 54 833 96 212 0 0 1 287 480 248412 72 1573 16 53 47 114 -45
8640.0 54 745 104 212 0 0 1 287 456 248695 100 1590 30 52 33 97 0
8664 54 778 135 212 0 0 2 286 467 249039 100 1573 37 43 26 114 -11
8688 53 804 148 212 0 0 0 288 477 249382 98 1587 26 37 37 100 -21
8712 53 773 158 212 0 0 1 287 459 249746 94 1568 40 32 23 119 -3
8736 52 767 149 212 0 0 1 287 512 250088 93 1557 9 29 54 130 -56
8760 52 791 72 212 0 0 1 287 531 250277 93 1550 1 32 62 137 -75
