Time EBV Teff Treg ODC_le1 ODC_le2 ODC_le3 ODC_le4 ODC_le5 NK IL2 DAC Resting_Teff Resting_Treg EffectorMemory Resting_Treg_temp Resting_Teff_temp NK_temp
0.0 0 0 0 0 0 0 0 500 375 1000 0 1687 63 0 0 0 0
24 0 0 0 0 0 0 0 500 332 924 0 1687 63 0 0 0 43
48 0 0 0 0 0 0 0 500 336 844 0 1687 63 0 0 0 39
72 0 0 0 0 0 0 0 500 339 769 0 1687 63 0 0 0 36
96 0 0 0 0 0 0 0 500 343 702 0 1687 63 0 0 0 32
120 0 0 0 0 0 0 0 500 331 631 0 1687 63 0 0 0 44
144 0 0 0 0 0 0 0 500 334 564 0 1687 63 0 0 0 41
168.0 1000 0 0 0 0 0 0 500 340 518 0 1687 63 0 0 0 35
192 352 5701 103 14 30 63 150 243 287 849 0 1166 36 396 27 521 88
216 61 3489 154 104 32 79 127 158 278 326 0 1536 40 423 23 151 97
240 24 998 150 139 18 51 107 185 297 229 0 1638 42 445 21 49 78
264 21 416 170 145 5 31 78 241 317 309 0 1645 43 424 20 42 58
288 15 275 170 146 3 14 47 290 318 349 0 1643 35 412 28 44 57
312 13 200 134 147 1 6 31 315 328 348 0 1660 43 403 20 27 47
336 13 165 162 147 0 2 36 315 321 345 0 1663 32 401 31 24 54
360 10 139 155 147 0 4 18 331 314 341 0 1666 44 377 19 21 61
384 10 130 158 147 0 1 27 325 319 353 0 1662 41 357 22 25 56
408 9 118 166 147 0 1 21 331 339 367 0 1669 40 331 23 18 36
432 8 126 152 147 0 3 14 336 319 340 0 1675 42 339 21 12 56
456 8 98 182 147 0 2 19 332 313 327 0 1674 39 331 24 13 62
480 8 114 171 147 0 4 19 330 337 344 0 1670 39 321 24 17 38
504 7 101 146 147 0 1 20 332 330 330 0 1670 44 327 19 17 45
528 7 101 161 147 0 1 15 337 329 310 0 1666 37 318 26 21 46
552 7 85 170 147 0 0 13 340 321 306 0 1668 38 310 25 19 54
576 7 73 148 147 0 0 10 343 320 332 0 1667 50 285 13 20 55
600 7 83 134 147 0 1 9 343 329 305 0 1673 39 286 24 14 46
624 5 46 151 147 0 1 10 342 328 298 0 1673 36 281 27 14 47
648 5 38 153 147 0 1 12 340 331 297 0 1676 42 277 21 11 44
672 5 50 149 147 0 0 14 339 317 300 0 1677 39 278 24 10 58
696 4 37 164 147 0 0 8 345 320 300 0 1679 49 271 14 8 55
720 4 47 150 147 0 0 4 349 324 282 0 1675 46 261 17 12 51
744 4 37 153 147 0 0 9 344 323 277 0 1683 41 255 22 4 52
768 4 39 147 147 0 0 5 348 333 263 0 1680 41 250 22 7 42
792 4 52 180 147 0 0 10 343 312 271 0 1677 41 247 22 10 63
816 4 36 186 147 0 1 6 346 315 255 0 1679 42 250 21 8 60
840 4 41 190 147 0 0 5 348 315 250 0 1680 37 245 26 7 60
864 4 42 149 147 0 1 6 346 318 253 0 1678 41 242 22 9 57
888 4 39 148 147 0 0 9 344 317 247 0 1675 41 238 22 12 58
912 4 40 146 147 0 0 15 338 322 248 0 1677 44 236 19 10 53
936 4 43 151 147 0 0 2 351 333 232 0 1682 38 232 25 5 42
960 4 41 145 147 0 0 7 346 313 237 0 1680 37 225 26 7 62
984 4 36 136 147 0 0 9 344 318 248 0 1679 36 217 27 8 57
1008 4 38 147 147 0 0 11 342 330 257 0 1680 41 212 22 7 45
1032 4 35 146 147 0 0 6 347 321 250 0 1676 40 208 23 11 54
1056 4 39 134 147 0 0 12 341 315 259 0 1682 45 203 18 5 60
1080 4 32 155 147 0 0 5 348 318 258 0 1680 40 204 23 7 57
1104 4 39 140 147 0 0 8 345 327 253 0 1679 41 205 22 8 48
1128 4 40 160 147 0 0 12 341 314 245 0 1676 36 208 27 11 61
1152 4 34 162 147 0 0 3 350 306 233 0 1679 31 205 32 8 69
1176 4 31 165 147 0 0 8 345 323 248 0 1679 41 202 22 8 52
1200 4 25 135 147 0 1 5 347 344 252 0 1687 44 201 19 0 31
1224 4 35 154 147 0 0 3 350 316 245 0 1680 39 200 24 7 59
1248 4 42 152 147 0 0 2 351 327 250 0 1676 37 197 26 11 48
1272 2 44 159 147 0 0 7 346 326 234 0 1680 37 199 26 7 49
1296 2 19 140 147 0 0 1 352 319 207 0 1685 37 206 26 2 56
1320 2 15 142 147 0 0 2 351 323 201 0 1684 39 200 24 3 52
1344 2 19 134 147 0 0 3 350 314 190 0 1686 47 201 16 1 61
1368 2 20 145 147 0 1 7 345 319 182 0 1684 35 198 28 3 56
1392 2 25 158 147 0 0 2 351 325 186 0 1682 41 193 22 5 50
1416 2 11 136 147 0 0 4 349 320 175 0 1679 43 196 20 8 55
1440.0 2 19 137 147 0 0 2 351 319 181 30 1683 47 192 16 4 56
1464 2 11 125 147 0 0 1 352 319 195 30 1687 40 188 23 0 56
1488 2 18 139 147 0 0 2 351 325 200 30 1683 44 180 19 4 50
1512 2 22 132 147 0 0 5 348 326 220 30 1682 41 172 22 5 49
1536 2 17 118 147 0 0 4 349 327 219 29 1684 41 172 22 3 48
1560 2 16 123 147 0 0 2 351 320 227 28 1684 41 168 22 3 55
1584 2 10 131 147 0 0 3 350 326 229 28 1684 41 166 22 3 49
1608.0 1002 15 133 147 0 0 2 351 324 228 28 1681 45 162 18 6 51
1632 584 3168 134 148 3 23 74 252 320 4790 28 1046 35 126 28 641 55
1656 279 4000 169 153 10 30 92 215 309 6623 28 1246 36 212 27 441 66
1680 144 3518 179 169 10 31 87 203 311 6718 28 1410 36 369 27 277 64
1704 82 2566 189 174 8 32 64 222 300 6461 28 1504 35 425 28 183 75
1728 56 1930 175 179 4 25 58 234 339 6039 28 1571 41 445 22 116 36
1752 40 1364 162 179 3 14 56 248 329 5556 28 1604 47 511 16 83 46
1776 31 964 164 179 2 7 50 262 338 5210 28 1627 38 533 25 60 37
1800 23 746 176 180 1 4 39 276 342 4991 28 1631 41 520 22 56 33
1824 19 552 184 180 1 4 32 283 353 4704 28 1644 39 534 24 43 22
1848 15 357 200 180 0 2 35 283 340 4517 28 1661 47 514 16 26 35
1872 14 308 190 180 0 4 20 296 340 4422 27 1651 36 451 27 36 35
1896 13 300 198 180 0 1 17 302 337 4223 27 1661 37 438 26 26 38
1920 12 274 201 180 0 0 16 304 348 4017 27 1660 42 442 21 27 27
1944 11 238 179 180 0 0 10 310 351 3841 27 1660 39 422 24 27 24
1968 10 183 171 180 0 0 14 306 344 3666 27 1666 39 426 24 21 31
1992 9 175 191 180 0 4 8 308 338 3504 26 1673 35 412 28 14 37
2016 9 173 171 180 0 1 14 305 348 3300 26 1667 44 401 19 20 27
2040 8 152 171 180 0 0 13 307 344 3172 26 1672 47 389 16 15 31
2064 8 153 173 180 0 0 9 311 345 3039 26 1660 41 379 22 27 30
2088 8 149 192 180 0 0 8 312 362 2860 25 1669 32 386 31 18 13
2112 7 122 168 180 0 0 11 309 338 2721 25 1673 37 381 26 14 37
2136 6 125 172 180 0 1 13 306 344 2608 25 1667 42 362 21 20 31
2160.0 6 84 209 180 0 1 9 310 341 2467 55 1676 37 360 26 11 34
2184 6 70 167 180 0 0 5 315 347 2447 55 1674 35 331 28 13 28
2208 6 77 164 180 0 0 5 315 344 2426 52 1672 44 291 19 15 31
2232 5 57 172 180 0 0 5 315 343 2356 51 1680 42 268 21 7 32
2256 5 56 159 180 0 0 7 313 335 2271 50 1678 36 250 27 9 40
2280 5 58 150 180 0 0 4 316 322 2223 48 1680 41 240 22 7 53
2304 5 46 149 180 0 0 5 315 337 2140 48 1680 48 230 15 7 38
2328 5 41 152 180 0 0 7 313 341 2050 46 1681 46 220 17 6 34
2352 5 50 145 180 0 0 2 318 333 2019 46 1682 37 206 26 5 42
2376 5 49 130 180 0 0 1 319 336 1965 46 1678 41 197 22 9 39
2400 5 45 133 180 0 0 1 319 345 1904 45 1668 43 191 20 19 30
2424 5 48 145 180 0 0 5 315 334 1859 45 1672 40 184 23 15 41
2448 5 50 150 180 0 0 7 313 345 1820 45 1676 32 177 31 11 30
2472 5 47 165 180 0 0 3 317 343 1771 44 1677 37 170 26 10 32
2496 5 48 149 180 0 0 4 316 329 1735 42 1681 36 163 27 6 46
2520 5 58 138 180 0 0 2 318 332 1680 42 1673 36 156 27 14 43
2544 5 47 131 180 0 0 6 314 326 1632 42 1680 43 153 20 7 49
2568 5 67 135 180 0 0 11 309 344 1617 41 1670 42 140 21 17 31
2592 4 44 138 180 0 0 11 309 333 1561 41 1677 38 136 25 10 42
2616 4 33 135 180 0 0 5 315 327 1469 41 1678 47 134 16 9 48
2640 4 28 154 180 0 1 3 316 344 1406 41 1678 40 129 23 9 31
2664 4 44 143 180 0 0 4 316 337 1346 41 1674 44 125 19 13 38
2688 4 36 156 180 0 0 6 314 336 1305 39 1677 47 124 16 10 39
2712 4 34 151 180 0 0 4 316 343 1240 38 1678 45 121 18 9 32
2736 4 43 137 180 0 0 6 314 336 1215 38 1676 36 120 27 11 39
2760 4 38 145 180 0 0 2 318 328 1178 37 1679 39 122 24 8 47
2784 3 28 151 180 0 0 5 315 334 1144 37 1680 38 120 25 7 41
2808 3 25 146 180 0 0 1 319 333 1072 37 1680 43 123 20 7 42
2832 3 38 145 180 0 0 4 316 336 1039 37 1678 36 121 27 9 39
2856 3 36 162 180 0 0 4 316 347 991 35 1683 38 120 25 4 28
2880.0 3 21 148 180 0 0 5 315 329 940 65 1678 35 120 28 9 46
2904 3 21 135 180 0 0 3 317 337 911 65 1684 43 119 20 3 38
2928 3 18 151 180 0 0 4 316 334 858 63 1683 39 116 24 4 41
2952 3 15 129 180 0 0 4 316 326 825 62 1681 46 113 17 6 49
2976 3 17 133 180 0 0 3 317 329 794 60 1680 44 110 19 7 46
3000 3 18 141 180 0 0 4 316 329 768 60 1677 41 108 22 10 46
3024 3 22 165 180 0 0 6 314 331 752 58 1674 41 107 22 13 44
3048.0 1003 28 152 180 0 0 7 313 329 736 58 1679 31 107 32 8 46
3072 614 2535 130 182 2 12 68 236 319 5994 58 1010 44 38 19 677 56
3096 371 2767 154 187 1 14 67 231 325 9600 58 1176 45 47 18 511 50
3120 251 2604 157 187 3 14 60 236 332 12289 58 1288 38 67 25 399 43
3144 186 2151 148 187 0 5 51 257 351 14340 58 1357 46 75 17 330 24
3168 147 1931 174 187 0 9 49 255 360 15989 55 1437 35 73 28 250 15
3192 127 1733 175 187 1 5 34 273 347 17346 55 1465 41 89 22 222 28
3216 105 1523 178 187 0 4 28 281 345 18484 54 1482 39 82 24 205 30
3240 82 1287 177 187 0 2 24 287 360 19268 54 1546 48 97 15 141 15
3264 72 1128 162 187 0 3 22 288 366 19921 53 1541 41 104 22 146 9
3288 66 966 180 187 0 0 23 290 363 20479 52 1562 42 115 21 125 12
3312 64 910 189 187 0 1 14 298 368 20957 51 1554 34 116 29 133 7
3336 62 950 188 187 0 2 11 300 352 21428 51 1571 36 115 27 116 23
3360 60 925 193 187 0 0 22 291 373 21926 51 1541 40 129 23 146 2
3384 59 931 183 187 0 3 9 301 363 22383 50 1563 37 123 26 124 12
3408 55 880 178 187 0 2 17 294 358 22732 50 1568 42 128 21 119 17
3432 52 795 181 187 0 0 14 299 364 22972 50 1576 34 138 29 111 11
3456 49 763 182 187 0 3 13 297 357 23341 50 1568 43 125 20 119 18
3480 44 742 165 187 0 1 9 303 354 23571 49 1610 42 128 21 77 21
3504 41 736 183 187 0 0 13 300 368 23784 49 1596 44 127 19 91 7
3528 38 699 187 187 0 1 13 299 363 23985 47 1595 39 145 24 92 12
3552 34 692 181 187 0 1 10 302 368 24024 46 1613 36 175 27 74 7
3576 33 643 170 187 0 0 7 306 368 24048 46 1601 46 183 17 86 7
3600.0 30 582 183 187 0 0 9 304 360 24115 76 1624 37 172 26 63 15
3624 28 493 159 187 0 1 13 299 354 24307 74 1614 34 129 29 73 21
3648 25 411 171 187 0 0 9 304 348 24437 74 1643 36 99 27 44 27
3672 25 393 175 187 0 0 5 308 370 24504 73 1618 38 89 25 69 5
3696 24 383 154 187 0 0 11 302 376 24582 72 1621 42 88 21 66 -1
3720 23 364 167 187 0 0 5 308 374 24644 72 1608 39 84 24 79 1
3744 22 329 172 187 0 0 8 305 367 24637 71 1630 39 81 24 57 8
3768 22 323 165 187 0 0 7 306 379 24665 70 1636 42 74 21 51 -4
3792 21 308 166 187 0 0 3 310 364 24610 70 1643 38 72 25 44 11
3816 21 314 161 187 0 0 5 308 365 24580 70 1644 32 65 31 43 10
3840 21 331 151 187 0 0 4 309 367 24576 68 1636 35 57 28 51 8
3864 21 299 174 187 0 0 7 306 369 24524 68 1638 40 58 23 49 6
3888 21 302 173 187 0 0 0 313 361 24552 67 1638 47 53 16 49 14
3912 21 292 161 187 0 0 2 311 355 24546 66 1640 39 58 24 47 20
3936 21 314 177 187 0 0 9 304 360 24592 65 1634 40 55 23 53 15
3960 20 280 182 187 0 1 2 310 368 24573 65 1642 40 59 23 45 7
3984 19 288 178 187 0 0 4 309 367 24535 65 1644 40 61 23 43 8
4008 18 262 163 187 0 0 4 309 368 24509 65 1641 45 65 18 46 7
4032 17 254 178 187 0 0 0 313 366 24465 65 1647 46 64 17 40 9
4056 17 252 173 187 0 0 3 310 363 24363 65 1647 36 65 27 40 12
4080 17 255 170 187 0 0 5 308 369 24338 63 1645 44 64 19 42 6
4104 16 241 180 187 0 0 7 306 354 24311 63 1659 34 58 29 28 21
4128 16 243 166 187 0 0 6 307 355 24261 62 1644 37 62 26 43 20
4152 16 220 183 187 0 0 2 311 356 24159 61 1652 36 61 27 35 19
4176 16 203 166 187 0 0 3 310 360 24050 61 1651 41 62 22 36 15
4200 16 210 173 187 0 0 5 308 362 23938 60 1650 37 62 26 37 13
4224 15 228 172 187 0 0 3 310 359 23857 60 1652 33 63 30 35 16
4248 15 215 162 187 0 0 7 306 365 23751 59 1653 41 67 22 34 10
4272 15 222 168 187 0 0 4 309 377 23648 58 1648 42 72 21 39 -2
4296 15 230 170 187 0 0 2 311 370 23549 58 1669 41 66 22 18 5
4320.0 14 192 176 187 0 0 1 312 357 23406 88 1657 41 70 22 30 18
4344 14 200 166 187 0 0 1 312 371 23303 87 1651 36 70 27 36 4
4368 14 194 164 187 0 0 8 305 363 23223 86 1654 47 63 16 33 12
4392 14 188 161 187 0 0 5 308 360 23082 86 1651 40 62 23 36 15
4416 14 197 164 187 0 0 3 310 367 22982 86 1656 48 58 15 31 8
4440 14 196 200 187 0 0 3 310 362 22932 84 1651 38 56 25 36 13
4464 14 206 186 187 0 1 0 312 370 22824 83 1660 35 52 28 27 5
4488.0 1014 204 167 187 0 0 4 309 379 22707 83 1653 34 49 29 34 0
4512 864 3247 166 187 0 1 39 273 356 28044 83 967 41 15 22 720 23
4536 690 4025 159 187 0 7 46 260 352 32704 81 1021 40 20 23 666 27
4560 548 4107 147 187 1 8 35 269 353 36891 81 1081 42 20 21 606 26
4584 444 3843 160 187 0 12 37 264 345 40689 81 1117 39 26 24 570 34
4608 368 3537 168 187 0 6 33 274 366 44050 79 1193 41 30 22 494 13
4632 319 3273 155 187 0 6 31 276 358 47005 79 1256 40 32 23 431 21
4656 278 2915 179 187 0 4 18 291 368 49693 78 1293 40 39 23 394 11
4680 246 2818 163 187 0 3 19 291 373 52137 77 1280 43 35 20 407 6
4704 214 2523 174 187 0 0 24 289 373 54340 76 1375 33 39 30 312 6
4728 191 2262 197 187 0 0 22 291 372 56289 75 1363 37 43 26 324 7
4752 176 2237 172 187 0 1 18 294 361 58181 74 1374 41 41 22 313 18
4776 161 2146 169 187 0 1 19 293 360 59920 73 1362 39 41 24 325 19
4800 155 2034 165 187 0 0 15 298 375 61523 73 1418 41 52 22 269 4
4824 146 1885 165 187 0 1 18 294 365 62944 71 1426 44 52 19 261 14
4848 142 1817 150 187 0 2 9 302 359 64378 70 1416 45 61 18 271 20
4872 133 1735 158 187 0 1 10 302 375 65660 68 1449 38 58 25 238 4
4896 127 1621 174 187 0 0 5 308 380 66867 66 1454 34 64 29 233 -1
4920 122 1637 174 187 0 0 8 305 362 68089 63 1442 39 64 24 245 17
4944 117 1525 179 187 0 0 12 301 372 69135 63 1468 33 78 30 219 7
4968 112 1559 180 187 0 0 8 305 376 70171 63 1468 39 73 24 219 3
4992 105 1520 167 187 0 0 12 301 399 71185 62 1476 31 77 32 211 -20
5016 97 1403 169 187 0 0 12 301 394 72087 62 1512 31 89 32 175 -15
5040.0 93 1427 166 187 0 1 9 303 361 73020 91 1485 38 81 25 202 18
5064 88 1301 175 187 0 0 14 299 381 73940 90 1507 48 51 15 180 -2
5088 83 1164 171 187 0 1 8 304 370 74750 89 1529 44 40 19 158 9
5112 81 1119 160 187 0 1 5 307 360 75495 88 1528 39 37 24 159 19
5136 79 1103 170 187 0 0 5 308 373 76300 88 1529 32 31 31 158 6
5160 79 1068 172 187 0 0 9 304 379 77065 88 1560 39 31 24 127 0
5184 76 1030 174 187 0 1 5 307 380 77786 87 1538 39 28 24 149 -1
5208 73 1008 174 187 0 0 8 305 376 78476 87 1537 39 27 24 150 3
5232 69 1028 184 187 0 0 6 307 379 79117 86 1550 35 29 28 137 0
5256 67 976 167 187 0 0 4 309 378 79719 84 1540 41 30 22 147 1
5280 63 896 177 187 0 0 4 309 365 80279 83 1567 45 34 18 120 14
5304 62 889 163 187 0 0 4 309 401 80773 83 1560 23 31 40 127 -22
5328 61 830 182 187 0 0 6 307 386 81296 82 1563 33 33 30 124 -7
5352 57 792 188 187 0 0 5 308 385 81759 81 1554 37 35 26 133 -6
5376 55 747 190 187 0 0 4 309 389 82175 79 1600 27 37 36 87 -10
5400 53 787 186 187 0 0 3 310 376 82606 79 1568 43 35 20 119 3
5424 53 758 160 187 0 0 4 309 374 83059 78 1582 41 35 22 105 5
5448 49 764 174 187 0 0 1 312 376 83470 77 1565 38 33 25 122 3
5472 48 729 172 187 0 0 5 308 385 83775 75 1590 39 40 24 97 -6
5496 46 679 181 187 0 0 5 308 406 83996 74 1607 31 50 32 80 -27
5520 44 642 171 187 0 0 8 305 378 84271 74 1586 39 49 24 101 1
5544 43 637 173 187 0 0 3 310 380 84561 74 1591 34 46 29 96 -1
5568 41 610 174 187 0 0 5 308 372 84818 72 1607 44 46 19 80 7
5592 41 593 170 187 0 0 3 310 376 85053 71 1603 45 47 18 84 3
5616 41 590 156 187 0 0 4 309 368 85248 68 1598 40 49 23 89 11
5640 41 612 179 187 0 0 2 311 369 85475 67 1607 43 52 20 80 10
5664 39 600 147 187 0 0 2 311 411 85652 66 1600 16 62 47 87 -32
5688 38 607 110 187 0 0 2 311 419 85800 66 1607 15 67 48 80 -40
5712 38 592 77 187 0 0 2 311 392 85976 65 1607 24 72 39 80 -13
5736 38 590 132 187 0 0 5 308 396 86143 65 1593 32 73 31 94 -17
5760.0 38 593 162 187 0 0 3 310 398 86322 95 1599 37 72 26 88 0
5784 37 555 143 187 0 1 4 308 419 86475 91 1620 28 64 35 67 -21
5808 37 534 151 187 0 0 6 307 393 86661 91 1605 41 59 22 82 5
5832 37 575 169 187 0 0 2 311 416 86886 91 1593 31 54 32 94 -18
5856 37 521 156 187 0 0 1 312 404 87041 90 1622 38 48 25 65 -6
5880 36 504 174 187 0 0 4 309 395 87183 90 1608 31 41 32 79 3
5904 35 530 171 187 0 0 6 307 390 87367 90 1624 39 37 24 63 8
5928.0 1034 525 172 187 0 0 4 309 391 87553 90 1602 38 36 25 85 7
5952 971 3686 147 187 0 0 12 301 393 93006 90 912 51 21 12 775 5
5976 891 4626 152 187 0 0 19 294 408 97987 90 966 29 14 34 721 -10
6000 805 4834 147 187 0 0 29 284 388 102849 89 954 42 18 21 733 10
6024 730 4826 155 187 0 2 21 290 406 107358 89 990 31 20 32 697 -8
6048 665 4793 157 187 0 0 25 288 387 111821 88 983 47 19 16 704 11
6072 617 4619 166 187 0 0 23 290 388 116096 88 1054 46 14 17 633 10
6096 573 4503 146 187 0 1 17 295 391 120123 86 1066 38 25 25 621 7
6120 529 4260 144 187 0 1 24 288 395 124032 85 1117 41 24 22 570 3
6144 489 4097 149 187 0 0 9 304 392 127866 83 1129 43 26 20 558 6
6168 451 3993 166 187 0 0 14 299 383 131502 82 1120 38 27 25 567 15
6192 410 3833 159 187 0 0 14 299 415 134959 82 1138 24 35 39 549 -17
6216 386 3735 168 187 0 1 19 293 397 138193 80 1183 33 26 30 504 1
6240 365 3571 166 187 0 1 7 305 403 141217 80 1198 37 31 26 489 -5
6264 351 3570 174 187 0 0 11 302 391 144307 80 1193 36 37 27 494 7
6288 336 3407 169 187 0 0 9 304 398 147231 78 1240 43 31 20 447 0
6312 313 3321 168 187 0 0 9 304 387 150141 78 1227 36 27 27 460 11
6336 295 3239 187 187 0 0 13 300 396 152876 77 1236 38 30 25 451 2
6360 276 3081 161 187 0 0 7 306 398 155474 74 1249 39 36 24 438 0
6384 267 2950 171 187 0 0 7 306 392 157887 74 1265 42 50 21 422 6
6408 258 2858 193 187 0 0 5 308 397 160247 73 1287 40 54 23 400 1
6432 243 2819 170 187 0 0 10 303 393 162536 71 1300 45 53 18 387 5
6456 234 2749 197 187 0 0 7 306 375 164800 70 1317 42 55 21 370 23
6480.0 225 2664 165 187 0 0 8 305 384 166914 100 1339 46 52 17 348 14
6504 221 2443 164 187 0 0 6 307 416 168948 99 1347 32 33 31 340 -18
6528 213 2466 153 187 0 0 4 309 418 171005 99 1377 34 30 29 310 -20
6552 209 2423 149 187 0 0 11 302 378 173015 98 1338 38 26 25 349 20
6576 202 2357 152 187 0 0 12 301 384 175128 96 1351 39 22 24 336 14
6600 195 2360 159 187 0 0 7 306 423 177136 94 1359 31 20 32 328 -25
6624 189 2234 133 187 0 0 2 311 418 178977 93 1363 38 18 25 324 -20
6648 181 2186 160 187 0 0 7 306 396 180867 91 1375 38 19 25 312 2
6672 175 2114 163 187 0 0 5 308 420 182544 90 1396 34 26 29 291 -22
6696 170 2147 164 187 0 0 12 301 400 184325 89 1394 38 25 25 293 -2
6720 167 2145 145 187 0 0 2 311 398 186057 87 1389 33 29 30 298 0
6744 164 2038 175 187 0 0 4 309 377 187729 86 1410 41 26 22 277 21
6768 161 2020 171 187 0 0 3 310 410 189283 86 1398 33 31 30 289 -12
6792 156 1995 137 187 0 0 2 311 383 190815 85 1420 39 35 24 267 15
6816 155 1967 156 187 0 0 5 308 394 192448 83 1421 40 28 23 266 4
6840 152 1942 150 187 0 0 5 308 397 193940 82 1420 38 36 25 267 1
6864 149 1922 155 187 0 0 8 305 403 195376 82 1422 36 37 27 265 -5
6888 144 1957 161 187 0 0 5 308 383 196911 80 1399 36 40 27 288 15
6912 140 1888 171 187 0 0 3 310 404 198267 80 1439 37 44 26 248 -6
6936 136 1780 171 187 0 0 2 311 389 199636 79 1439 45 47 18 248 9
6960 135 1785 179 187 0 0 2 311 378 201028 79 1455 44 41 19 232 20
6984 132 1807 180 187 0 0 4 309 406 202386 79 1406 32 39 31 281 -8
7008 130 1727 203 187 0 0 4 309 394 203706 78 1453 43 41 20 234 4
7032 128 1712 178 187 0 0 3 310 397 204991 77 1445 41 41 22 242 1
7056 125 1613 177 187 0 0 2 311 405 206155 76 1457 29 36 34 230 -7
7080 122 1720 178 187 0 0 2 311 376 207420 74 1443 38 50 25 244 22
7104 121 1674 170 187 0 0 6 307 402 208590 74 1465 39 48 24 222 -4
7128 119 1571 180 187 0 0 2 311 388 209706 74 1461 35 50 28 226 10
7152 113 1512 186 187 0 0 5 308 397 210810 74 1469 37 51 26 218 1
7176 112 1471 160 187 0 0 3 310 393 211881 74 1491 44 49 19 196 5
7200.0 108 1500 148 187 0 0 8 305 398 212949 103 1473 39 50 24 214 0
7224 106 1525 163 187 0 0 5 308 416 214019 101 1475 23 39 40 212 -18
7248 103 1467 150 187 0 0 6 307 394 215116 101 1480 32 31 31 207 4
7272 103 1384 158 187 0 0 2 311 397 216097 100 1500 50 30 13 187 1
7296 100 1320 164 187 0 0 4 309 401 217110 98 1463 34 25 29 224 -3
7320 97 1316 161 187 0 0 2 311 428 218045 97 1496 26 24 37 191 -30
7344 97 1394 112 187 0 0 4 309 401 219024 96 1479 44 23 19 208 -3
7368 95 1345 141 187 0 0 4 309 414 219929 95 1503 36 21 27 184 -16
7392 94 1322 109 187 0 0 4 309 444 220809 95 1500 21 23 42 187 -46
7416 92 1311 69 187 0 0 1 312 449 221636 95 1492 6 25 57 195 -51
7440 92 1256 50 187 0 0 5 308 447 222455 95 1505 9 21 54 182 -49
7464 91 1257 62 187 0 0 4 309 435 223310 93 1515 20 18 43 172 -37
7488 89 1254 80 187 0 0 2 311 454 224102 93 1517 10 20 53 170 -56
7512 88 1262 54 187 0 0 1 312 454 224876 92 1484 8 24 55 203 -56
7536 87 1231 67 187 0 0 2 311 427 225619 88 1511 24 28 39 176 -29
7560 86 1216 78 187 0 0 4 309 419 226376 86 1528 23 24 40 159 -21
7584 83 1191 110 187 0 0 4 309 412 227139 86 1526 31 26 32 161 -14
7608 81 1170 141 187 0 0 3 310 385 227928 86 1533 49 27 14 154 13
7632 79 1085 143 187 0 0 2 311 394 228619 86 1546 36 30 27 141 4
7656 79 1073 144 187 0 0 5 308 414 229267 84 1528 31 36 32 159 -16
7680 78 1115 146 187 0 0 4 309 417 229968 83 1544 36 37 27 143 -19
7704 77 1158 122 187 0 0 4 309 449 230616 83 1532 14 35 49 155 -51
7728 75 1086 111 187 0 0 3 310 423 231250 82 1544 25 30 38 143 -25
7752 74 1029 126 187 0 0 1 312 427 231854 81 1546 22 33 41 141 -29
7776 73 1064 121 187 0 0 1 312 419 232466 81 1536 27 37 36 151 -21
7800 72 1057 114 187 0 0 5 308 430 233041 81 1527 25 35 38 160 -32
7824 71 1059 119 187 0 0 2 311 402 233637 81 1542 34 36 29 145 -4
7848 70 1048 153 187 0 0 0 313 401 234331 80 1534 31 35 32 153 -3
7872 69 1040 164 187 0 0 1 312 388 234931 78 1540 41 42 22 147 10
7896 67 998 167 187 0 0 1 312 388 235510 77 1552 43 42 20 135 10
7920.0 66 994 167 187 0 0 0 313 421 236049 106 1582 30 43 33 105 0
7944 66 954 178 187 0 0 2 311 447 236591 104 1562 27 36 36 125 -26
7968 65 988 107 187 0 0 1 312 497 237065 103 1558 8 32 55 129 -76
7992 65 950 71 187 0 0 2 311 456 237533 102 1562 19 30 44 125 -35
8016 65 927 87 187 0 0 2 311 454 238017 101 1552 26 30 37 135 -33
8040 65 892 102 187 0 0 5 308 420 238501 98 1571 42 28 21 116 1
8064 65 942 165 187 0 0 1 312 402 239044 96 1546 44 26 19 141 19
8088 64 940 162 187 0 0 0 313 424 239582 94 1532 42 28 21 155 -3
8112 64 916 147 187 0 0 0 313 437 240063 94 1545 33 31 30 142 -16
8136 63 891 98 187 0 0 1 312 468 240475 93 1568 17 29 46 119 -47
8160 63 919 80 187 0 0 4 309 455 240943 93 1557 19 26 44 130 -34
8184 62 856 98 187 0 0 1 312 420 241391 92 1549 35 26 28 138 1
8208 62 896 147 187 0 0 2 311 421 241871 90 1563 46 24 17 124 0
8232 62 902 173 187 0 0 2 311 432 242355 89 1547 38 20 25 140 -11
8256 62 929 173 187 0 0 0 313 423 242811 88 1560 43 20 20 127 -2
8280 62 897 159 187 0 0 1 312 470 243225 88 1558 20 24 43 129 -49
8304 61 851 127 187 0 0 1 312 491 243601 87 1579 6 27 57 108 -70
8328 59 857 56 187 0 0 1 312 481 243965 86 1534 2 30 61 153 -60
8352 57 870 81 187 0 0 0 313 448 244359 85 1561 26 33 37 126 -27
8376 57 839 113 187 0 0 3 310 440 244728 85 1571 27 35 36 116 -19
8400 56 789 147 187 0 0 4 309 420 245140 83 1571 34 41 29 116 1
8424 56 795 163 187 0 0 3 310 432 245526 81 1590 35 37 28 97 -11
8448 56 827 192 187 0 0 1 312 412 245965 80 1564 39 37 24 123 9
8472 56 796 180 187 0 0 2 311 426 246380 80 1584 36 42 27 103 -5
8496 55 788 138 187 0 0 0 313 458 246663 76 1581 21 38 42 106 -37
8520 55 841 141 187 0 0 1 312 445 247075 76 1579 30 40 33 108 -24
8544 55 848 142 187 0 0 0 313 442 247458 75 1576 25 47 38 111 -21
8568 55 814 171 187 0 0 2 311 400 247829 73 1566 41 49 22 121 21
8592 54 842 183 187 0 0 2 311 418 248270 72 1563 36 49 27 124 3
8616 54 790 170 187 0 0 3 310 428 248607 72 1571 36 53 27 116 -7
8640.0 52 816 163 187 0 0 5 308 419 248922 101 1590 42 56 21 97 2
8664 52 809 177 187 0 0 1 312 410 249346 100 1580 47 44 16 107 11
8688 52 753 183 187 0 0 0 313 439 249671 98 1577 22 41 41 110 -18
8712 51 750 172 187 0 0 1 312 402 249987 97 1583 46 36 17 104 19
8736 50 759 192 187 0 0 1 312 446 250331 95 1570 28 36 35 117 -25
8760 50 714 134 187 0 0 0 313 510 250603 93 1571 9 37 54 116 -89
