Time EBV Teff Treg ODC_le1 ODC_le2 ODC_le3 ODC_le4 ODC_le5 NK IL2 DAC Resting_Teff Resting_Treg EffectorMemory Resting_Treg_temp Resting_Teff_temp NK_temp
0.0 0 0 0 0 0 0 0 500 375 1000 0 1687 63 0 0 0 0
24 0 0 0 0 0 0 0 500 341 923 0 1687 63 0 0 0 34
48 0 0 0 0 0 0 0 500 327 834 0 1687 63 0 0 0 48
72 0 0 0 0 0 0 0 500 327 745 0 1687 63 0 0 0 48
96 0 0 0 0 0 0 0 500 326 667 0 1687 63 0 0 0 49
120 0 0 0 0 0 0 0 500 330 612 0 1687 63 0 0 0 45
144 0 0 0 0 0 0 0 500 332 558 0 1687 63 0 0 0 43
168.0 1000 0 0 0 0 0 0 500 334 507 0 1687 63 0 0 0 41
192 383 5915 108 16 28 62 169 225 264 877 0 1134 36 385 27 553 111
216 93 3891 182 100 42 82 118 158 286 420 0 1487 37 449 26 200 89
240 40 1290 196 142 33 49 89 187 299 288 0 1602 37 432 26 85 76
264 19 417 184 152 12 31 68 237 302 292 0 1638 35 423 28 49 73
288 16 219 188 155 3 12 34 296 301 346 0 1651 42 398 21 36 74
312 15 157 173 155 2 3 19 321 317 396 0 1661 35 376 28 26 58
336 13 176 181 156 0 3 34 307 334 414 0 1662 37 366 26 25 41
360 12 130 189 156 0 1 27 316 319 403 0 1664 42 370 21 23 56
384 12 145 176 156 0 3 26 315 326 379 0 1666 40 369 23 21 49
408 10 143 188 156 0 3 27 314 333 368 0 1671 48 359 15 16 42
432 9 124 168 156 0 1 24 319 316 355 0 1656 39 352 24 31 59
456 8 94 160 156 0 1 19 324 308 360 0 1671 41 341 22 16 67
480 8 94 173 156 0 0 19 325 321 362 0 1669 38 333 25 18 54
504 8 125 167 156 0 1 16 327 328 351 0 1661 37 333 26 26 47
528 8 84 181 156 0 0 14 330 334 316 0 1670 38 334 25 17 41
552 7 81 170 156 0 0 14 330 326 335 0 1673 40 327 23 14 49
576 7 88 155 156 0 0 14 330 313 350 0 1673 34 312 29 14 62
600 6 104 175 156 0 0 17 327 322 303 0 1665 36 314 27 22 53
624 6 74 172 156 0 0 11 333 307 295 0 1673 43 306 20 14 68
648 6 60 170 156 0 1 8 335 319 326 0 1668 38 292 25 19 56
672 6 51 167 156 0 0 4 340 324 330 0 1675 38 276 25 12 51
696 6 59 180 156 0 0 9 335 316 311 0 1676 42 277 21 11 59
720 6 67 137 156 0 0 8 336 318 331 0 1668 41 276 22 19 57
744 5 63 142 156 0 0 8 336 326 321 0 1677 40 273 23 10 49
768 5 73 170 156 0 0 9 335 328 327 0 1670 38 264 25 17 47
792 4 48 153 156 0 0 4 340 320 318 0 1675 43 270 20 12 55
816 4 42 161 156 0 0 9 335 323 302 0 1678 36 270 27 9 52
840 3 36 176 156 0 0 6 338 309 269 0 1680 37 269 26 7 66
864 3 22 172 156 0 0 7 337 325 260 0 1679 38 265 25 8 50
888 3 37 153 156 0 0 7 337 325 258 0 1680 41 256 22 7 50
912 3 24 155 156 0 0 3 341 314 242 0 1677 41 253 22 10 61
936 3 41 170 156 0 0 5 339 319 248 0 1676 38 249 25 11 56
960 3 34 164 156 0 0 4 340 313 236 0 1678 39 248 24 9 62
984 3 37 153 156 0 0 4 340 304 236 0 1679 39 247 24 8 71
1008 3 38 145 156 0 0 8 336 309 234 0 1678 33 245 30 9 66
1032 3 24 135 156 0 0 7 337 325 229 0 1683 43 238 20 4 50
1056 3 35 156 156 0 0 5 339 334 229 0 1681 39 233 24 6 41
1080 3 39 144 156 0 0 4 340 338 228 0 1676 42 228 21 11 37
1104 3 32 142 156 0 0 2 342 319 224 0 1686 43 228 20 1 56
1128 3 22 132 156 0 0 8 336 325 228 0 1680 38 225 25 7 50
1152 3 27 130 156 0 0 3 341 331 236 0 1678 51 227 12 9 44
1176 3 27 149 156 0 0 3 341 317 237 0 1685 40 228 23 2 58
1200 3 26 163 156 0 0 9 335 328 230 0 1679 42 224 21 8 47
1224 3 25 161 156 0 1 6 337 322 234 0 1681 36 221 27 6 53
1248 3 31 145 156 0 0 4 340 313 234 0 1679 50 213 13 8 62
1272 3 34 138 156 0 0 2 342 319 222 0 1680 40 208 23 7 56
1296 3 31 161 156 0 0 8 336 325 220 0 1678 40 209 23 9 50
1320 3 30 140 156 0 0 3 341 328 236 0 1674 44 206 19 13 47
1344 3 25 133 156 0 0 6 338 321 221 0 1681 45 206 18 6 54
1368 3 34 143 156 0 0 4 340 315 225 0 1680 41 210 22 7 60
1392 3 20 130 156 0 0 7 337 325 210 0 1682 44 218 19 5 50
1416 3 36 147 156 0 0 8 336 339 211 0 1681 44 211 19 6 36
1440.0 2 28 154 156 0 0 4 340 308 215 30 1683 37 212 26 4 67
1464 2 24 149 156 0 1 5 338 313 236 30 1681 40 204 23 6 62
1488 2 10 132 156 0 1 3 340 332 245 30 1683 43 199 20 4 43
1512 2 18 135 156 0 0 7 337 325 255 30 1684 42 194 21 3 50
1536 2 15 150 156 0 0 5 339 325 256 30 1684 35 194 28 3 50
1560 2 22 135 156 0 0 6 338 334 264 29 1683 36 189 27 4 41
1584 2 25 139 156 0 0 5 339 321 263 29 1682 35 187 28 5 54
1608.0 1002 19 142 156 0 0 1 343 314 266 29 1684 43 182 20 3 61
1632 589 3079 153 159 3 20 93 225 319 4800 28 1046 35 132 28 641 56
1656 291 3944 164 170 4 39 87 200 308 6480 28 1258 47 240 16 429 67
1680 154 3462 202 174 7 29 82 208 312 6826 28 1407 37 363 26 280 63
1704 82 2734 202 182 7 32 75 204 320 6543 28 1512 43 430 20 175 55
1728 44 1886 212 186 3 25 68 218 333 5870 27 1580 40 524 23 107 42
1752 35 1251 218 187 4 24 61 224 326 5359 27 1611 34 589 29 76 49
1776 28 953 194 189 0 10 40 261 341 5138 27 1620 39 548 24 67 34
1800 22 743 195 190 2 9 31 268 337 4794 27 1643 41 552 22 44 38
1824 20 576 195 191 0 4 42 263 337 4441 26 1643 41 578 22 44 38
1848 16 473 180 191 0 6 22 281 335 4189 26 1653 46 581 17 34 40
1872 12 336 207 191 2 1 24 282 360 3929 26 1660 36 558 27 27 15
1896 9 259 187 191 0 2 25 282 349 3735 26 1668 42 534 21 19 26
1920 9 221 167 191 0 2 11 296 329 3527 25 1658 47 541 16 29 46
1944 9 220 192 191 0 0 14 295 324 3300 24 1671 36 540 27 16 51
1968 9 195 211 191 0 0 14 295 341 3085 24 1669 38 526 25 18 34
1992 9 160 214 191 0 1 9 299 338 2956 24 1664 41 509 22 23 37
2016 8 145 228 191 0 1 15 293 346 2812 24 1666 30 477 33 21 29
2040 8 134 201 191 0 0 13 296 355 2653 24 1675 38 457 25 12 20
2064 8 151 195 191 0 0 16 293 328 2537 24 1669 44 439 19 18 47
2088 7 134 189 191 0 0 17 292 336 2430 23 1671 38 417 25 16 39
2112 7 132 199 191 0 1 10 298 339 2312 23 1669 41 418 22 18 36
2136 7 97 188 191 0 1 6 302 329 2211 23 1673 42 392 21 14 46
2160.0 6 121 167 191 0 0 12 297 332 2101 53 1674 43 384 20 13 43
2184 6 74 154 191 0 0 5 304 332 2092 53 1672 37 361 26 15 43
2208 6 58 149 191 0 0 7 302 337 2058 52 1676 42 335 21 11 38
2232 6 64 160 191 0 0 5 304 333 2031 52 1673 40 307 23 14 42
2256 6 73 148 191 0 1 9 299 341 2028 49 1680 42 284 21 7 34
2280 6 58 144 191 0 1 8 300 342 1991 47 1677 46 263 17 10 33
2304 6 66 165 191 0 1 11 297 325 1960 47 1676 41 245 22 11 50
2328 6 59 164 191 0 0 9 300 349 1888 46 1671 37 236 26 16 26
2352 6 59 147 191 0 0 6 303 345 1842 45 1675 44 224 19 12 30
2376 6 63 156 191 0 0 8 301 331 1811 45 1667 39 206 24 20 44
2400 5 48 176 191 0 0 5 304 331 1765 45 1672 42 198 21 15 44
2424 5 40 154 191 0 0 3 306 344 1723 45 1675 45 186 18 12 31
2448 5 30 161 191 0 0 3 306 332 1670 45 1675 41 179 22 12 43
2472 4 33 141 191 0 0 5 304 330 1613 45 1682 37 173 26 5 45
2496 4 39 124 191 0 0 1 308 338 1535 44 1669 46 170 17 18 37
2520 3 32 140 191 0 0 4 305 330 1480 43 1683 41 161 22 4 45
2544 3 33 165 191 0 0 5 304 320 1418 42 1677 36 156 27 10 55
2568 3 31 157 191 0 0 2 307 333 1361 42 1679 40 151 23 8 42
2592 3 28 166 191 0 0 2 307 343 1308 42 1679 41 148 22 8 32
2616 3 25 161 191 0 0 1 308 332 1236 41 1681 34 145 29 6 43
2640 3 33 140 191 0 0 3 306 322 1193 41 1681 39 139 24 6 53
2664 3 31 137 191 0 0 7 302 342 1143 40 1679 44 137 19 8 33
2688 3 28 138 191 0 0 7 302 324 1094 40 1678 48 133 15 9 51
2712 2 22 141 191 0 0 7 302 333 1037 40 1684 43 131 20 3 42
2736 2 14 136 191 0 0 3 306 322 992 40 1682 43 128 20 5 53
2760 2 15 138 191 0 0 0 309 343 930 40 1682 44 126 19 5 32
2784 1 7 133 191 0 0 1 308 330 878 40 1684 41 126 22 3 45
2808 1 8 130 191 0 0 4 305 332 818 38 1685 44 126 19 2 43
2832 1 6 135 191 0 0 1 308 329 761 38 1684 41 124 22 3 46
2856 1 6 132 191 0 0 0 309 327 709 38 1684 44 126 19 3 48
2880.0 1 6 123 191 0 0 1 308 334 655 68 1685 44 126 19 2 41
2904 1 4 130 191 0 0 1 308 330 606 68 1687 47 126 16 0 45
2928 1 9 133 191 0 0 0 309 329 585 68 1683 40 125 23 4 46
2952 1 8 124 191 0 0 2 307 330 547 68 1684 38 125 25 3 45
2976 1 15 132 191 0 0 0 309 326 514 67 1681 46 122 17 6 49
3000 1 8 130 191 0 0 2 307 328 479 62 1687 38 120 25 0 47
3024 1 5 132 191 0 0 0 309 329 440 62 1687 45 118 18 0 46
3048.0 1001 13 123 191 0 0 0 309 333 433 62 1684 49 115 14 3 42
3072 617 2589 146 191 1 10 73 225 323 5727 60 1055 41 32 22 632 52
3096 395 2837 181 194 7 16 69 214 323 9387 60 1147 43 52 20 540 52
3120 258 2487 176 195 6 16 47 236 335 12124 59 1301 36 58 27 386 40
3144 186 2119 173 198 3 10 37 252 332 14231 56 1355 45 68 18 332 43
3168 153 1885 165 199 1 6 39 255 354 15755 56 1401 32 84 31 286 21
3192 123 1624 186 199 0 2 34 265 346 17113 55 1474 40 98 23 213 29
3216 108 1440 186 199 0 1 22 278 351 18198 55 1490 39 86 24 197 24
3240 97 1316 171 199 0 3 34 264 345 19197 55 1508 36 88 27 179 30
3264 89 1236 171 199 0 4 35 262 363 20056 55 1515 45 96 18 172 12
3288 79 1102 159 199 1 2 21 277 359 20780 55 1544 36 101 27 143 16
3312 70 1052 161 199 0 2 18 281 358 21415 53 1550 38 90 25 137 17
3336 62 949 154 199 0 1 17 283 359 21930 53 1561 43 117 20 126 16
3360 54 886 182 199 0 1 12 288 360 22351 51 1555 43 107 20 132 15
3384 53 832 189 199 0 0 15 286 362 22684 49 1571 37 102 26 116 13
3408 49 767 181 199 0 0 11 290 379 22924 49 1583 36 118 27 104 -4
3432 44 704 163 199 0 1 14 286 363 23172 48 1593 38 132 25 94 12
3456 38 677 175 199 0 0 7 294 353 23248 47 1603 40 150 23 84 22
3480 38 662 183 199 0 1 9 291 357 23349 47 1598 34 157 29 89 18
3504 38 638 158 199 0 0 9 292 357 23464 47 1598 41 159 22 89 18
3528 37 595 190 199 0 0 6 295 368 23580 47 1600 38 136 25 87 7
3552 35 591 179 199 0 0 13 288 371 23715 47 1597 43 135 20 90 4
3576 31 569 193 199 0 0 4 297 371 23787 44 1608 43 172 20 79 4
3600.0 30 544 200 199 0 0 11 290 354 23811 74 1626 42 173 21 61 21
3624 30 454 162 199 0 0 9 292 383 23949 73 1626 44 137 19 61 -8
3648 30 440 164 199 0 0 6 295 350 24123 73 1619 41 113 22 68 25
3672 29 408 160 199 0 0 4 297 360 24244 71 1614 41 97 22 73 15
3696 28 417 190 199 0 0 9 292 366 24330 71 1620 41 83 22 67 9
3720 28 388 184 199 0 2 3 296 362 24441 69 1624 35 76 28 63 13
3744 26 366 159 199 0 0 11 290 388 24487 69 1626 32 75 31 61 -13
3768 26 369 170 199 0 0 1 300 371 24537 65 1639 39 74 24 48 4
3792 25 382 175 199 0 0 6 295 358 24608 65 1652 37 64 26 35 17
3816 23 341 174 199 0 0 10 291 368 24644 62 1642 33 66 30 45 7
3840 23 319 181 199 0 1 6 294 374 24691 61 1631 39 65 24 56 1
3864 22 308 183 199 0 0 5 296 358 24669 61 1626 44 67 19 61 17
3888 21 322 161 199 0 0 6 295 362 24658 57 1644 49 72 14 43 13
3912 21 310 177 199 0 0 8 293 369 24621 55 1645 38 68 25 42 6
3936 21 323 173 199 0 0 5 296 368 24550 55 1646 41 82 22 41 7
3960 21 299 186 199 0 0 4 297 355 24536 54 1636 38 85 25 51 20
3984 20 323 184 199 0 0 6 295 360 24552 53 1634 39 84 24 53 15
4008 20 301 175 199 0 0 3 298 373 24480 53 1641 43 86 20 46 2
4032 19 298 185 199 0 0 8 293 375 24378 51 1638 39 92 24 49 0
4056 17 285 184 199 0 0 4 297 371 24287 51 1651 42 101 21 36 4
4080 17 256 200 199 0 0 5 296 371 24175 51 1662 39 102 24 25 4
4104 16 281 187 199 0 0 2 299 356 24080 51 1655 37 104 26 32 19
4128 16 276 192 199 0 0 4 297 349 23983 51 1649 46 108 17 38 26
4152 16 264 189 199 0 0 5 296 345 23874 51 1660 39 105 24 27 30
4176 16 234 175 199 0 0 3 298 368 23739 51 1654 39 119 24 33 7
4200 16 268 182 199 0 0 6 295 371 23649 50 1654 40 113 23 33 4
4224 16 222 190 199 0 0 4 297 369 23510 50 1668 45 107 18 19 6
4248 16 229 168 199 0 1 2 298 365 23401 49 1657 39 111 24 30 10
4272 15 263 169 199 0 0 6 295 360 23332 48 1648 37 114 26 39 15
4296 15 273 179 199 0 0 4 297 357 23195 48 1654 43 125 20 33 18
4320.0 15 267 184 199 0 0 3 298 362 23076 77 1648 45 122 18 39 13
4344 15 248 185 199 0 0 3 298 373 23030 76 1653 32 117 31 34 2
4368 15 237 174 199 0 0 2 299 357 22972 75 1655 43 106 20 32 18
4392 14 226 186 199 0 0 1 300 368 22850 74 1657 35 101 28 30 7
4416 13 208 180 199 0 0 2 299 354 22762 74 1657 40 96 23 30 21
4440 13 166 174 199 0 0 3 298 353 22632 74 1655 45 93 18 32 22
4464 13 164 175 199 0 0 4 297 378 22522 73 1646 30 87 33 41 -3
4488.0 1013 194 164 199 0 0 6 295 368 22421 73 1657 38 81 25 30 7
4512 848 3371 146 199 0 5 28 268 353 27940 71 968 42 24 21 719 22
4536 660 4001 159 201 0 2 38 259 349 32535 71 1035 47 31 16 652 26
4560 541 4078 168 201 1 6 44 248 352 36636 70 1116 46 37 17 571 23
4584 442 3796 193 201 1 4 39 255 350 40260 69 1139 49 33 14 548 25
4608 370 3598 176 201 0 1 33 265 356 43517 68 1166 47 43 16 521 19
4632 309 3277 174 201 0 1 26 272 370 46285 68 1215 43 56 20 472 5
4656 272 3012 168 201 0 4 20 275 356 48853 67 1257 35 46 28 430 19
4680 257 2843 172 201 1 2 26 270 360 51230 66 1260 34 54 29 427 15
4704 221 2723 165 201 1 1 25 272 376 53428 66 1329 39 69 24 358 -1
4728 194 2438 167 201 0 2 17 280 360 55365 63 1383 37 69 26 304 15
4752 175 2329 173 201 0 0 12 287 366 57139 63 1375 32 66 31 312 9
4776 164 2146 193 201 0 0 17 282 365 58678 63 1397 40 75 23 290 10
4800 148 1967 203 201 0 0 22 277 374 60163 62 1405 42 79 21 282 1
4824 137 1913 177 201 0 2 11 286 371 61476 62 1461 41 79 22 226 4
4848 131 1918 185 201 0 0 10 289 384 62826 62 1427 44 67 19 260 -9
4872 126 1779 192 201 0 0 11 288 371 64007 60 1442 40 80 23 245 4
4896 115 1709 192 201 0 1 8 290 367 65059 59 1466 36 89 27 221 8
4920 108 1569 166 201 0 1 6 292 367 65927 59 1490 33 97 30 197 8
4944 101 1480 169 201 0 0 10 289 362 66821 59 1499 44 101 19 188 13
4968 99 1456 182 201 0 0 10 289 380 67761 59 1492 35 85 28 195 -5
4992 93 1306 196 201 0 0 8 291 380 68571 57 1510 36 97 27 177 -5
5016 91 1273 164 201 0 0 8 291 377 69338 57 1511 25 102 38 176 -2
5040.0 90 1327 172 201 0 0 12 287 370 70118 86 1538 35 97 28 149 5
5064 86 1217 167 201 0 0 6 293 363 71046 86 1504 46 63 17 183 12
5088 84 1171 164 201 0 0 5 294 372 71898 85 1509 37 45 26 178 3
5112 82 1114 182 201 0 0 6 293 366 72686 84 1515 39 46 24 172 9
5136 79 1145 173 201 0 0 10 289 384 73512 84 1521 39 37 24 166 -9
5160 74 1046 187 201 0 0 5 294 379 74174 84 1552 41 40 22 135 -4
5184 72 1024 178 201 0 0 4 295 383 74856 82 1551 31 44 32 136 -8
5208 71 1018 193 201 0 0 5 294 379 75521 81 1558 40 44 23 129 -4
5232 69 995 167 201 0 0 8 291 363 76132 80 1540 45 40 18 147 12
5256 68 942 158 201 0 0 6 293 369 76682 79 1558 42 43 21 129 6
5280 66 897 158 201 0 0 6 293 363 77247 79 1562 40 47 23 125 12
5304 66 912 162 201 0 0 7 292 387 77803 79 1564 32 42 31 123 -12
5328 65 945 175 201 0 0 8 291 366 78411 77 1538 41 38 22 149 9
5352 64 927 176 201 0 0 10 289 372 78970 77 1556 32 43 31 131 3
5376 64 929 167 201 0 0 2 297 366 79544 76 1546 33 42 30 141 9
5400 62 902 157 201 0 0 10 289 389 80048 76 1563 33 44 30 124 -14
5424 60 883 166 201 0 0 3 296 388 80573 76 1577 33 46 30 110 -13
5448 58 829 166 201 0 0 4 295 394 80996 76 1579 29 46 34 108 -19
5472 57 809 154 201 0 0 5 294 351 81463 76 1573 36 43 27 114 24
5496 55 795 171 201 0 0 4 295 361 81950 76 1568 36 43 27 119 14
5520 55 789 170 201 0 0 5 294 398 82326 74 1585 31 43 32 102 -23
5544 55 787 160 201 0 0 6 293 367 82746 74 1566 36 47 27 121 8
5568 51 768 171 201 0 0 0 299 374 83159 74 1579 36 49 27 108 1
5592 49 750 157 201 0 0 3 296 392 83505 74 1595 30 51 33 92 -17
5616 47 767 162 201 0 0 2 297 362 83826 74 1590 40 48 23 97 13
5640 46 693 167 201 0 0 2 297 339 84133 74 1599 44 51 19 88 36
5664 45 652 176 201 0 0 1 298 386 84429 74 1604 36 52 27 83 -11
5688 45 639 161 201 0 0 6 293 380 84682 74 1599 40 47 23 88 -5
5712 45 654 172 201 0 0 8 291 369 85051 73 1576 34 40 29 111 6
5736 43 644 148 201 0 0 4 295 372 85343 72 1591 30 46 33 96 3
5760.0 41 611 155 201 0 0 7 292 376 85572 102 1604 45 48 18 83 0
5784 40 584 172 201 0 0 2 297 369 85814 99 1601 34 36 29 86 7
5808 40 563 173 201 0 0 5 294 379 86044 94 1607 37 33 26 80 -3
5832 38 525 206 201 0 0 4 295 361 86264 94 1593 39 34 24 94 15
5856 37 565 192 201 0 0 4 295 371 86477 93 1619 39 32 24 68 5
5880 35 518 175 201 0 0 3 296 372 86659 93 1619 48 27 15 68 4
5904 33 521 183 201 0 0 3 296 376 86835 92 1621 43 27 20 66 0
5928.0 1032 480 153 201 0 0 2 297 389 86912 91 1625 35 23 28 62 0
5952 978 3628 151 201 0 0 10 289 375 92328 90 905 44 13 19 782 14
5976 873 4572 148 201 0 2 21 276 378 97338 89 925 43 17 20 762 11
6000 796 4749 153 201 0 1 14 284 377 102057 89 963 43 19 20 724 12
6024 721 4651 153 201 0 1 16 282 380 106674 87 989 37 19 26 698 9
6048 648 4584 146 201 0 0 19 280 388 111075 84 1034 42 28 21 653 1
6072 589 4467 160 201 1 2 22 274 387 115211 82 1032 42 23 21 655 2
6096 544 4265 167 201 0 0 17 282 388 119248 81 1099 48 23 15 588 1
6120 495 4088 175 201 0 0 9 290 381 123093 80 1118 48 29 15 569 8
6144 460 3954 170 201 0 0 10 289 383 126672 80 1094 43 31 20 593 6
6168 435 3885 181 201 0 0 3 296 385 130214 80 1133 37 27 26 554 4
6192 409 3742 179 201 0 1 14 284 387 133480 79 1170 43 31 20 517 2
6216 387 3623 172 201 0 1 8 290 367 136769 78 1162 41 37 22 525 22
6240 369 3462 158 201 0 0 7 292 375 139798 78 1181 40 32 23 506 14
6264 337 3443 158 201 0 0 13 286 379 142909 77 1210 33 30 30 477 10
6288 319 3365 159 201 0 1 5 293 373 145762 77 1206 48 40 15 481 16
6312 307 3215 183 201 0 0 7 292 392 148536 76 1243 33 39 30 444 -3
6336 290 3115 198 201 0 0 11 288 382 151157 76 1289 41 37 22 398 7
6360 282 3003 169 201 0 0 11 288 375 153682 76 1277 39 39 24 410 14
6384 263 2889 155 201 0 0 12 287 397 156122 75 1293 38 43 25 394 -8
6408 249 2779 147 201 0 1 5 293 409 158408 74 1291 27 45 36 396 -20
6432 236 2762 128 201 0 0 7 292 409 160683 73 1305 27 38 36 382 -20
6456 225 2678 122 201 0 0 9 290 438 162779 72 1295 16 51 47 392 -49
6480.0 219 2670 79 201 0 0 8 291 421 164801 102 1321 19 52 44 366 0
6504 209 2520 142 201 0 0 8 291 419 166931 102 1312 41 28 22 375 2
6528 201 2390 163 201 0 0 8 291 410 168924 100 1319 41 22 22 368 11
6552 193 2315 176 201 0 0 7 292 418 170909 98 1369 40 18 23 318 3
6576 191 2242 146 201 0 0 5 294 418 172731 98 1362 43 17 20 325 3
6600 189 2199 180 201 0 0 6 293 395 174643 98 1394 43 18 20 293 26
6624 186 2208 167 201 0 0 6 293 410 176509 96 1384 41 17 22 303 11
6648 184 2151 171 201 0 0 5 294 416 178362 96 1372 39 19 24 315 5
6672 177 2110 167 201 0 0 5 294 432 180103 94 1413 37 18 26 274 -11
6696 165 2114 123 201 0 0 3 296 435 181754 93 1415 31 20 32 272 -14
6720 162 2071 143 201 0 0 4 295 445 183350 92 1388 28 24 35 299 -24
6744 159 1985 129 201 0 0 3 296 450 184851 88 1392 24 23 39 295 -29
6768 154 1932 120 201 0 0 6 293 434 186323 87 1414 30 25 33 273 -13
6792 150 1895 147 201 0 0 6 293 403 187904 86 1395 38 29 25 292 18
6816 147 1843 145 201 0 0 4 295 419 189331 85 1405 34 27 29 282 2
6840 145 1833 158 201 0 0 3 296 421 190773 84 1443 40 21 23 244 0
6864 141 1819 167 201 0 0 3 296 424 192241 84 1426 41 24 22 261 -3
6888 138 1789 166 201 0 0 2 297 430 193618 83 1449 39 30 24 238 -9
6912 135 1766 168 201 0 0 0 299 428 194933 83 1438 47 30 16 249 -7
6936 134 1700 165 201 0 0 2 297 420 196230 81 1438 40 32 23 249 1
6960 131 1751 167 201 0 0 5 294 426 197480 81 1441 36 39 27 246 -5
6984 128 1729 161 201 0 0 5 294 418 198765 81 1440 37 33 26 247 3
7008 122 1712 175 201 0 0 6 293 419 199969 81 1456 43 36 20 231 2
7032 121 1686 167 201 0 0 4 295 423 201160 81 1455 38 33 25 232 -2
7056 119 1597 212 201 0 0 3 296 410 202341 80 1480 36 35 27 207 11
7080 118 1582 188 201 0 0 4 295 418 203496 79 1479 38 33 25 208 3
7104 118 1539 185 201 0 0 5 294 444 204582 79 1460 28 40 35 227 -23
7128 114 1523 157 201 0 0 9 290 432 205683 76 1473 29 36 34 214 -11
7152 112 1556 154 201 0 0 5 294 447 206723 75 1462 38 42 25 225 -26
7176 109 1505 144 201 0 0 4 295 439 207732 74 1477 36 39 27 210 -18
7200.0 107 1435 116 201 0 0 8 291 439 208661 104 1505 26 46 37 182 0
7224 107 1391 146 201 0 0 4 295 448 209618 104 1503 42 31 21 184 -9
7248 106 1422 156 201 0 0 3 296 441 210653 104 1469 41 23 22 218 -2
7272 104 1441 166 201 0 0 4 295 434 211664 103 1491 43 23 20 196 5
7296 104 1428 166 201 0 0 2 297 440 212616 100 1501 38 19 25 186 -1
7320 103 1366 173 201 0 0 2 297 441 213550 100 1517 36 16 27 170 -2
7344 101 1369 156 201 0 0 5 294 462 214513 99 1498 35 15 28 189 -23
7368 100 1429 150 201 0 0 0 299 448 215517 97 1496 40 18 23 191 -9
7392 99 1337 96 201 0 0 2 297 466 216327 96 1498 24 25 39 189 -27
7416 93 1266 117 201 0 0 2 297 473 217170 95 1496 18 21 45 191 -34
7440 93 1279 165 201 0 0 1 298 449 217999 95 1510 31 20 32 177 -10
7464 92 1241 176 201 0 0 4 295 455 218839 91 1535 35 20 28 152 -16
7488 91 1285 158 201 0 0 1 298 421 219731 91 1504 30 19 33 183 18
7512 91 1261 174 201 0 0 2 297 436 220587 90 1512 45 21 18 175 3
7536 90 1280 175 201 0 0 1 298 434 221486 88 1495 41 28 22 192 5
7560 89 1222 194 201 0 0 0 299 445 222269 86 1519 38 29 25 168 -6
7584 88 1231 159 201 0 0 1 298 457 223029 85 1497 27 29 36 190 -18
7608 88 1243 137 201 0 0 2 297 459 223749 85 1500 29 29 34 187 -20
7632 85 1213 129 201 0 0 2 297 482 224470 85 1509 21 28 42 178 -43
7656 84 1233 122 201 0 0 5 294 437 225222 85 1521 45 25 18 166 2
7680 82 1204 160 201 0 0 3 296 436 225992 84 1518 43 28 20 169 3
7704 81 1171 137 201 0 0 3 296 493 226662 83 1532 12 35 51 155 -54
7728 81 1150 104 201 0 0 2 297 469 227336 83 1535 23 33 40 152 -30
7752 81 1111 136 201 0 0 3 296 441 227990 82 1524 34 35 29 163 -2
7776 79 1115 156 201 0 0 2 297 434 228701 82 1522 41 38 22 165 5
7800 79 1180 166 201 0 0 4 295 425 229418 82 1529 39 42 24 158 14
7824 78 1118 178 201 0 0 3 296 437 230062 81 1549 39 40 24 138 2
7848 78 1150 184 201 0 0 3 296 450 230756 81 1513 41 37 22 174 -11
7872 78 1185 152 201 0 0 1 298 450 231417 81 1545 38 39 25 142 -11
7896 75 1146 157 201 0 0 0 299 446 232011 80 1554 34 44 29 133 -7
7920.0 73 1061 122 201 0 0 0 299 445 232629 110 1553 40 49 23 134 0
7944 72 1072 138 201 0 0 0 299 471 233258 109 1556 36 39 27 131 -26
7968 71 1029 125 201 0 0 4 295 436 233842 108 1535 40 34 23 152 9
7992 71 1015 145 201 0 0 2 297 426 234466 107 1523 37 28 26 164 19
8016 71 965 142 201 0 0 0 299 471 235058 104 1540 33 24 30 147 -26
8040 69 995 116 201 0 0 0 299 489 235557 101 1553 16 23 47 134 -44
8064 69 988 141 201 0 0 0 299 442 236178 100 1533 34 22 29 154 3
8088 69 998 131 201 0 0 1 298 457 236705 98 1544 38 22 25 143 -12
8112 69 944 133 201 0 0 0 299 435 237160 96 1562 43 22 20 125 10
8136 68 936 155 201 0 0 2 297 445 237684 96 1542 40 22 23 145 0
8160 68 930 172 201 0 0 1 298 449 238169 94 1548 38 20 25 139 -4
8184 67 949 168 201 0 0 1 298 452 238668 92 1548 38 18 25 139 -7
8208 67 979 158 201 0 0 1 298 448 239173 92 1554 36 21 27 133 -3
8232 67 979 132 201 0 0 0 299 457 239645 92 1557 40 24 23 130 -12
8256 67 940 98 201 0 0 0 299 478 240074 92 1559 15 21 48 128 -33
8280 67 936 121 201 0 0 2 297 446 240607 91 1548 40 22 23 139 -1
8304 67 928 131 201 0 0 4 295 466 241091 90 1561 34 23 29 126 -21
8328 66 928 121 201 0 0 2 297 480 241544 90 1558 17 25 46 129 -35
8352 65 945 146 201 0 0 2 297 446 242009 90 1545 35 26 28 142 -1
8376 63 942 173 201 0 0 0 299 434 242523 89 1537 44 24 19 150 11
8400 62 944 166 201 0 0 3 296 451 242961 89 1571 39 25 24 116 -6
8424 61 890 125 201 0 0 2 297 453 243405 88 1555 37 25 26 132 -8
8448 61 889 159 201 0 0 2 297 443 243864 86 1560 42 23 21 127 2
8472 61 891 162 201 0 0 2 297 431 244330 84 1553 43 28 20 134 14
8496 61 926 165 201 0 0 2 297 442 244778 84 1571 43 36 20 116 3
8520 61 914 152 201 0 0 1 298 449 245203 84 1549 39 37 24 138 -4
8544 61 896 143 201 0 0 0 299 446 245595 83 1550 45 38 18 137 -1
8568 60 929 155 201 0 0 3 296 469 246072 82 1548 25 43 38 139 -24
8592 60 862 139 201 0 0 2 297 476 246447 81 1565 36 43 27 122 -31
8616 60 905 135 201 0 0 0 299 471 246878 81 1550 27 37 36 137 -26
8640.0 59 884 138 201 0 0 1 298 473 247278 110 1579 28 39 35 108 0
8664 58 817 158 201 0 0 1 298 466 247643 109 1580 39 35 24 107 7
8688 58 803 149 201 0 0 0 299 471 248014 108 1564 41 29 22 123 2
8712 56 798 174 201 0 0 1 298 479 248358 108 1576 37 30 26 111 -6
8736 56 810 157 201 0 0 2 297 458 248707 106 1566 42 27 21 121 15
8760 56 790 170 201 0 0 1 298 478 249054 105 1583 36 23 27 104 -5
