Time EBV Teff Treg ODC_le1 ODC_le2 ODC_le3 ODC_le4 ODC_le5 NK IL2 DAC Resting_Teff Resting_Treg EffectorMemory Resting_Treg_temp Resting_Teff_temp NK_temp
0.0 0 0 0 0 0 0 0 500 375 1000 0 1687 63 0 0 0 0
24 0 0 0 0 0 0 0 500 344 919 0 1687 63 0 0 0 31
48 0 0 0 0 0 0 0 500 332 830 0 1687 63 0 0 0 43
72 0 0 0 0 0 0 0 500 344 757 0 1687 63 0 0 0 31
96 0 0 0 0 0 0 0 500 328 701 0 1687 63 0 0 0 47
120 0 0 0 0 0 0 0 500 328 643 0 1687 63 0 0 0 47
144 0 0 0 0 0 0 0 500 338 589 0 1687 63 0 0 0 37
168.0 1000 0 0 0 0 0 0 500 326 532 0 1687 63 0 0 0 49
192 360 5833 130 16 26 79 138 241 271 805 0 1158 41 397 22 529 104
216 84 3576 173 88 39 79 140 154 282 374 0 1495 42 456 21 192 93
240 28 1093 153 133 27 61 93 186 282 248 0 1631 42 471 21 56 93
264 20 443 175 149 11 23 75 242 301 311 0 1640 44 431 19 47 74
288 14 214 179 152 1 9 55 283 315 342 0 1650 37 404 26 37 60
312 11 161 172 152 0 5 31 312 331 336 0 1668 34 403 29 19 44
336 10 134 176 152 0 3 24 321 317 365 0 1665 39 389 24 22 58
360 8 89 172 152 0 0 10 338 311 363 0 1676 46 374 17 11 64
384 6 64 165 152 0 0 6 342 324 332 0 1671 38 371 25 16 51
408 6 72 166 152 0 0 17 331 305 324 0 1672 37 362 26 15 70
432 6 70 154 152 0 0 13 335 328 326 0 1671 43 348 20 16 47
456 6 74 136 152 0 0 11 337 327 336 0 1673 44 339 19 14 48
480 6 74 162 152 0 1 12 335 329 338 0 1672 45 328 18 15 46
504 6 60 149 152 0 1 8 339 335 324 0 1676 38 325 25 11 40
528 6 90 134 152 0 0 9 339 318 313 0 1672 44 319 19 15 57
552 6 66 152 152 0 0 11 337 314 304 0 1679 40 315 23 8 61
576 6 59 176 152 0 1 6 341 316 304 0 1671 34 303 29 16 59
600 6 67 176 152 0 0 13 335 333 304 0 1673 45 303 18 14 42
624 6 67 171 152 0 1 12 335 332 325 0 1673 35 290 28 14 43
648 6 63 170 152 0 0 15 333 302 324 0 1673 41 280 22 14 73
672 6 85 150 152 0 1 16 331 316 310 0 1676 44 268 19 11 59
696 5 61 126 152 0 0 10 338 327 311 0 1673 35 280 28 14 48
720 5 64 161 152 0 0 10 338 323 278 0 1678 33 279 30 9 52
744 5 67 141 152 0 0 10 338 323 276 0 1677 42 266 21 10 52
768 5 49 147 152 0 0 7 341 326 279 0 1673 35 260 28 14 49
792 5 48 153 152 0 0 9 339 332 292 0 1667 46 258 17 20 43
816 4 34 162 152 0 1 10 337 311 283 0 1682 41 258 22 5 64
840 3 27 155 152 0 0 4 344 308 260 0 1678 38 255 25 9 67
864 2 23 134 152 0 0 1 347 321 251 0 1682 43 253 20 5 54
888 2 18 156 152 0 0 3 345 326 225 0 1684 36 251 27 3 49
912 2 13 153 152 0 0 2 346 315 218 0 1682 40 253 23 5 60
936 2 27 129 152 0 0 5 343 330 218 0 1679 45 251 18 8 45
960 2 21 154 152 0 0 2 346 329 222 0 1682 38 246 25 5 46
984 2 12 157 152 0 0 1 347 320 214 0 1682 42 244 21 5 55
1008 2 9 154 152 0 0 3 345 328 199 0 1687 43 241 20 0 47
1032 2 18 153 152 0 0 5 343 322 188 0 1682 43 239 20 5 53
1056 2 25 144 152 0 0 3 345 324 181 0 1682 36 236 27 5 51
1080 2 17 132 152 0 0 3 345 318 182 0 1683 45 225 18 4 57
1104 2 17 128 152 0 0 6 342 330 180 0 1685 39 222 24 2 45
1128 2 20 123 152 0 1 5 342 321 192 0 1683 46 213 17 4 54
1152 2 19 129 152 0 0 4 344 310 191 0 1684 41 209 22 3 65
1176 2 21 140 152 0 0 3 345 311 187 0 1680 43 205 20 7 64
1200 2 13 139 152 0 0 2 346 309 171 0 1683 30 200 33 4 66
1224 2 20 138 152 0 0 2 346 315 157 0 1685 40 200 23 2 60
1248 2 20 145 152 0 0 4 344 337 153 0 1684 43 196 20 3 38
1272 2 14 127 152 0 0 1 347 322 164 0 1682 37 193 26 5 53
1296 1 16 141 152 0 0 1 347 310 165 0 1680 39 192 24 7 65
1320 1 3 142 152 0 0 1 347 316 138 0 1687 46 192 17 0 59
1344 1 6 121 152 0 0 4 344 322 128 0 1685 44 189 19 2 53
1368 1 6 126 152 0 0 2 346 322 128 0 1685 37 188 26 2 53
1392 1 8 115 152 0 0 3 345 327 126 0 1686 47 185 16 1 48
1416 1 6 118 152 0 0 2 346 323 133 0 1684 42 183 21 3 52
1440.0 1 6 136 152 0 0 4 344 316 135 30 1685 44 181 19 2 59
1464 1 12 136 152 0 0 3 345 329 141 30 1683 40 180 23 4 46
1488 1 4 117 152 0 0 2 346 324 138 29 1687 45 179 18 0 51
1512 1 5 114 152 0 0 1 347 316 136 29 1684 43 179 20 3 59
1536 1 6 114 152 0 0 4 344 312 136 29 1685 47 176 16 2 63
1560 0 6 116 152 0 0 0 348 312 133 29 1685 45 175 18 2 63
1584 0 0 85 152 0 0 0 348 331 105 28 1687 61 175 2 0 44
1608.0 1000 0 24 152 0 0 0 348 326 83 28 1687 63 175 0 0 49
1632 526 3292 112 152 7 26 98 217 303 4352 28 1062 43 148 20 625 72
1656 238 3769 163 162 9 39 92 198 300 5852 27 1283 41 239 22 404 75
1680 110 3069 193 166 9 35 77 213 323 5812 27 1463 43 394 20 224 52
1704 62 2153 202 176 6 25 81 212 325 5392 27 1562 37 482 26 125 50
1728 43 1568 160 181 7 18 51 243 321 4970 27 1578 41 509 22 109 54
1752 27 1139 181 181 2 22 58 237 320 4423 26 1630 30 596 33 57 55
1776 23 697 199 182 4 8 64 242 331 4047 25 1644 45 607 18 43 44
1800 16 443 227 182 3 4 42 269 338 3780 25 1648 33 578 30 39 37
1824 14 358 207 182 0 6 25 287 339 3565 25 1656 39 561 24 31 36
1848 12 303 202 182 0 3 17 298 353 3381 25 1655 36 541 27 32 22
1872 8 208 175 182 0 0 25 293 336 3180 25 1661 46 525 17 26 39
1896 8 134 204 182 0 1 8 309 351 3035 25 1668 40 502 23 19 24
1920 8 132 193 182 0 0 11 307 329 2930 25 1671 46 484 17 16 46
1944 7 134 175 182 0 2 11 305 352 2828 25 1672 42 459 21 15 23
1968 7 132 167 182 0 1 9 308 334 2683 24 1669 35 447 28 18 41
1992 7 110 183 182 0 0 4 314 334 2526 22 1677 36 437 27 10 41
2016 6 118 199 182 0 0 12 306 338 2374 21 1673 34 434 29 14 37
2040 6 102 216 182 0 0 9 309 342 2202 20 1672 42 443 21 15 33
2064 6 90 177 182 0 0 8 310 346 2065 20 1668 46 436 17 19 29
2088 6 112 171 182 0 0 6 312 341 1897 20 1676 44 425 19 11 34
2112 5 112 169 182 0 0 11 307 351 1758 19 1676 39 427 24 11 24
2136 5 77 187 182 0 0 8 310 322 1647 19 1681 45 432 18 6 53
2160.0 4 65 191 182 0 0 9 309 322 1525 49 1678 44 424 19 9 53
2184 4 38 158 182 0 0 9 309 334 1514 49 1679 41 395 22 8 41
2208 4 45 160 182 0 0 9 309 336 1496 49 1681 40 372 23 6 39
2232 4 41 140 182 0 0 4 314 333 1443 49 1679 38 349 25 8 42
2256 4 39 145 182 0 0 1 317 339 1392 49 1679 42 337 21 8 36
2280 4 42 157 182 0 0 6 312 325 1345 49 1679 46 315 17 8 50
2304 4 39 155 182 0 0 2 316 338 1304 49 1679 45 301 18 8 37
2328 4 37 167 182 0 0 5 313 345 1261 49 1679 38 292 25 8 30
2352 4 41 157 182 0 0 7 311 339 1223 49 1684 42 278 21 3 36
2376 4 36 128 182 0 0 3 315 337 1187 48 1682 36 261 27 5 38
2400 4 26 139 182 0 0 5 313 328 1176 45 1681 44 245 19 6 47
2424 4 26 129 182 0 0 1 317 322 1145 44 1678 41 237 22 9 53
2448 4 27 149 182 0 0 7 311 339 1122 44 1682 41 229 22 5 36
2472 4 39 131 182 0 0 4 314 331 1105 44 1675 45 220 18 12 44
2496 4 40 151 182 0 0 5 313 344 1072 44 1677 39 209 24 10 31
2520 4 50 152 182 0 0 4 314 324 1062 42 1669 45 202 18 18 51
2544 3 20 150 182 0 0 2 316 339 1008 41 1682 41 201 22 5 36
2568 3 33 135 182 0 0 2 316 337 956 41 1680 39 193 24 7 38
2592 2 25 149 182 0 0 1 317 340 894 41 1675 43 192 20 12 35
2616 2 19 159 182 0 0 0 318 335 842 40 1679 28 186 35 8 40
2640 2 21 148 182 0 0 3 315 326 806 40 1682 37 179 26 5 49
2664 2 11 129 182 0 0 4 314 331 756 40 1684 43 178 20 3 44
2688 2 14 149 182 0 0 3 315 315 728 40 1684 42 176 21 3 60
2712 2 9 142 182 0 0 5 313 336 680 40 1685 45 174 18 2 39
2736 2 13 140 182 0 0 2 316 317 650 40 1684 38 169 25 3 58
2760 2 14 139 182 0 0 3 315 326 619 39 1682 36 165 27 5 49
2784 2 7 142 182 0 0 0 318 324 587 38 1684 37 161 26 3 51
2808 2 21 142 182 0 0 2 316 327 564 38 1681 43 158 20 6 48
2832 2 11 144 182 0 1 6 311 336 552 38 1684 37 156 26 3 39
2856 2 14 137 182 0 0 5 313 325 530 38 1683 42 152 21 4 50
2880.0 2 17 126 182 0 0 2 316 327 507 68 1679 36 149 27 8 48
2904 1 13 117 182 0 0 2 316 333 489 68 1685 44 144 19 2 42
2928 0 3 124 182 0 0 2 316 317 451 68 1687 35 144 28 0 58
2952 0 1 100 182 0 0 1 317 323 408 67 1687 51 144 12 0 52
2976 0 0 25 182 0 0 0 318 316 372 67 1687 63 144 0 0 59
3000 0 0 8 182 0 0 0 318 325 328 66 1687 63 144 0 0 50
3024 0 0 3 182 0 0 0 318 335 286 65 1687 63 144 0 0 40
3048.0 1000 0 0 182 0 0 0 318 322 261 63 1687 63 144 0 0 53
3072 597 2769 92 184 2 20 74 220 316 5529 61 1067 46 31 17 620 59
3096 334 2922 140 188 5 27 72 208 343 9016 59 1178 42 56 21 509 32
3120 224 2391 158 189 0 14 58 239 323 11511 58 1289 44 56 19 398 52
3144 175 2010 155 190 1 13 53 243 347 13397 57 1372 41 69 22 315 28
3168 121 1654 167 190 2 9 35 264 354 14813 57 1474 37 80 26 213 21
3192 100 1353 166 190 1 2 31 276 352 15800 56 1488 42 94 21 199 23
3216 88 1215 170 190 1 4 17 288 358 16673 56 1505 40 94 23 182 17
3240 74 1060 166 190 1 2 31 276 354 17416 56 1542 43 89 20 145 21
3264 63 939 177 190 0 5 27 278 357 18005 55 1556 44 84 19 131 18
3288 52 819 166 190 0 2 29 279 353 18448 54 1583 46 101 17 104 22
3312 48 706 150 190 0 0 15 295 352 18816 52 1569 49 93 14 118 23
3336 45 746 193 190 0 3 20 287 356 19161 52 1575 38 109 25 112 19
3360 42 684 181 190 0 1 12 297 365 19394 52 1599 39 117 24 88 10
3384 37 639 190 190 0 0 12 298 351 19676 51 1613 44 120 19 74 24
3408 33 577 186 190 0 0 9 301 359 19802 50 1619 47 115 16 68 16
3432 32 515 191 190 0 0 8 302 369 19911 49 1620 43 124 20 67 6
3456 29 496 175 190 0 1 6 303 374 19951 49 1624 41 121 22 63 1
3480 28 464 196 190 0 0 17 293 354 20009 49 1624 41 117 22 63 21
3504 28 452 171 190 0 0 11 299 364 20038 49 1623 42 132 21 64 11
3528 27 455 178 190 0 0 13 297 364 20031 48 1617 38 140 25 70 11
3552 25 463 173 190 0 0 10 300 372 20034 48 1607 45 149 18 80 3
3576 23 429 175 190 0 0 9 301 375 20008 48 1631 35 155 28 56 0
3600.0 22 402 159 190 0 0 12 298 369 19983 78 1636 36 154 27 51 6
3624 22 345 176 190 0 1 8 301 362 20040 77 1630 34 133 29 57 13
3648 19 291 162 190 0 0 9 301 369 20035 76 1646 46 109 17 41 6
3672 18 282 186 190 0 0 6 304 390 20025 74 1637 31 93 32 50 -15
3696 18 252 162 190 0 0 1 309 368 19991 74 1646 34 78 29 41 7
3720 18 211 178 190 0 0 4 306 368 19960 74 1655 43 67 20 32 7
3744 18 196 183 190 0 0 7 303 361 19896 74 1648 43 60 20 39 14
3768 18 237 191 190 0 0 4 306 366 19870 74 1646 41 59 22 41 9
3792 18 222 177 190 0 0 4 306 363 19807 74 1637 44 58 19 50 12
3816 18 220 168 190 0 0 6 304 357 19778 72 1650 41 54 22 37 18
3840 18 225 176 190 0 0 2 308 367 19709 72 1643 39 54 24 44 8
3864 18 211 168 190 0 0 6 304 373 19677 71 1650 39 53 24 37 2
3888 18 262 152 190 0 0 6 304 355 19663 69 1647 36 49 27 40 20
3912 17 239 176 190 0 0 4 306 360 19631 69 1653 39 49 24 34 15
3936 17 260 162 190 0 0 7 303 354 19582 69 1651 37 57 26 36 21
3960 15 222 167 190 0 0 4 306 372 19486 69 1657 37 57 26 30 3
3984 15 220 173 190 0 0 5 305 370 19408 67 1656 41 53 22 31 5
4008 15 234 174 190 0 0 2 308 368 19312 67 1666 39 49 24 21 7
4032 15 218 177 190 0 0 3 307 359 19240 67 1647 41 49 22 40 16
4056 14 195 184 190 0 0 2 308 373 19151 65 1649 43 51 20 38 2
4080 14 201 162 190 0 1 5 304 363 19064 64 1664 34 55 29 23 12
4104 14 193 155 190 0 0 2 308 361 18949 64 1662 43 55 20 25 14
4128 14 203 173 190 0 0 2 308 354 18834 62 1651 37 59 26 36 21
4152 14 199 167 190 0 0 3 307 363 18699 61 1653 39 60 24 34 12
4176 14 179 160 190 0 0 7 303 359 18569 61 1660 43 59 20 27 16
4200 13 157 190 190 0 0 4 306 366 18423 59 1661 44 62 19 26 9
4224 13 199 184 190 0 0 2 308 365 18317 58 1655 41 62 22 32 10
4248 13 180 180 190 0 0 5 305 355 18168 58 1659 40 68 23 28 20
4272 12 167 193 190 0 0 2 308 365 18068 58 1658 44 67 19 29 10
4296 12 172 177 190 0 0 6 304 368 17955 58 1660 35 66 28 27 7
4320.0 12 144 175 190 0 0 5 305 364 17826 88 1665 35 69 28 22 11
4344 11 153 176 190 0 0 2 308 382 17651 87 1663 38 64 25 24 -7
4368 10 131 166 190 0 0 2 308 357 17479 87 1669 38 63 25 18 18
4392 9 132 181 190 0 0 3 307 367 17354 86 1659 37 60 26 28 8
4416 9 121 166 190 0 0 1 309 368 17176 86 1666 43 56 20 21 7
4440 8 94 178 190 0 0 1 309 362 17003 85 1672 40 57 23 15 13
4464 8 107 168 190 0 0 1 309 378 16813 84 1666 40 53 23 21 -3
4488.0 1008 106 171 190 0 0 2 308 380 16614 83 1669 43 53 20 18 0
4512 809 3179 166 190 0 0 37 273 339 22048 81 930 39 23 24 757 41
4536 624 3922 155 191 0 7 51 251 332 26666 80 973 43 25 20 714 48
4560 477 3610 154 192 2 6 45 255 356 30401 77 1131 37 38 26 556 24
4584 369 3490 175 192 2 2 42 262 360 33889 76 1144 33 26 30 543 20
4608 307 3138 200 192 2 2 28 276 366 36854 76 1276 44 34 19 411 14
4632 277 2886 159 192 2 1 28 277 362 39538 75 1267 38 39 25 420 18
4656 241 2691 189 192 0 0 26 282 345 41940 74 1306 35 46 28 381 35
4680 218 2492 187 192 0 0 35 273 363 44156 72 1308 38 50 25 379 17
4704 193 2301 173 192 0 1 14 293 371 46177 71 1335 40 49 23 352 9
4728 173 2167 158 192 0 3 18 287 371 47857 69 1390 44 47 19 297 9
4752 148 2037 149 192 0 1 29 278 362 49455 69 1394 46 51 17 293 18
4776 133 1776 174 192 0 1 14 293 371 50820 68 1460 38 52 25 227 9
4800 124 1684 199 192 0 1 15 292 367 52070 68 1467 39 52 24 220 13
4824 113 1525 198 192 0 0 11 297 359 53258 68 1466 45 53 18 221 21
4848 105 1452 189 192 0 0 9 299 365 54376 67 1488 35 51 28 199 15
4872 101 1378 171 192 0 0 11 297 373 55377 65 1495 41 53 22 192 7
4896 94 1285 177 192 0 0 9 299 367 56245 64 1512 33 70 30 175 13
4920 90 1238 181 192 0 0 8 300 377 57131 64 1501 44 66 19 186 3
4944 88 1182 168 192 0 1 9 298 378 57905 63 1506 48 80 15 181 2
4968 81 1215 148 192 0 0 15 293 381 58622 63 1531 45 81 18 156 -1
4992 76 1178 162 192 0 0 6 302 391 59285 62 1539 39 84 24 148 -11
5016 74 1072 165 192 0 0 6 302 377 59855 62 1551 43 79 20 136 3
5040.0 72 1124 163 192 0 0 6 302 376 60529 90 1541 43 80 20 146 4
5064 66 959 150 192 0 0 13 295 379 61163 90 1554 40 56 23 133 1
5088 64 904 176 192 0 0 8 300 366 61768 90 1561 35 43 28 126 14
5112 58 838 188 192 0 0 11 297 374 62304 89 1573 44 38 19 114 6
5136 55 796 170 192 0 0 4 304 370 62783 89 1574 39 35 24 113 10
5160 52 741 177 192 0 0 2 306 364 63246 89 1566 35 34 28 121 16
5184 50 720 167 192 0 0 3 305 380 63650 89 1581 39 34 24 106 0
5208 47 693 173 192 0 1 6 301 372 64020 89 1576 39 37 24 111 8
5232 46 654 190 192 0 1 7 300 373 64347 89 1605 40 33 23 82 7
5256 45 593 164 192 0 0 2 306 388 64645 88 1599 45 28 18 88 -8
5280 44 650 143 192 0 0 4 304 386 64904 88 1585 29 28 34 102 -6
5304 44 660 152 192 0 0 9 299 376 65206 88 1580 34 28 29 107 4
5328 43 661 164 192 0 0 6 302 376 65500 88 1587 41 28 22 100 4
5352 43 609 171 192 0 0 5 303 386 65779 87 1602 41 26 22 85 -6
5376 42 618 179 192 0 0 5 303 379 66075 87 1591 40 26 23 96 1
5400 42 663 175 192 0 0 6 302 372 66395 85 1599 43 26 20 88 8
5424 40 620 166 192 0 0 5 303 371 66681 83 1596 40 30 23 91 9
5448 39 530 201 192 0 0 4 304 372 66900 83 1618 39 32 24 69 8
5472 39 526 177 192 0 0 5 303 398 67077 80 1600 28 29 35 87 -18
5496 39 553 170 192 0 0 6 302 370 67315 79 1609 37 27 26 78 10
5520 38 511 177 192 0 0 3 305 399 67495 77 1612 30 34 33 75 -19
5544 38 529 180 192 0 0 7 301 378 67677 75 1612 34 35 29 75 2
5568 37 546 172 192 0 0 2 306 391 67826 73 1611 34 39 29 76 -11
5592 37 554 166 192 0 0 5 303 386 67971 71 1613 35 38 28 74 -6
5616 37 545 161 192 0 0 14 294 386 68123 71 1608 26 45 37 79 -6
5640 37 547 161 192 0 1 2 305 387 68308 70 1594 36 51 27 93 -7
5664 37 552 139 192 0 0 4 304 395 68441 69 1617 27 49 36 70 -15
5688 37 582 146 192 0 0 7 301 365 68596 64 1622 37 56 26 65 15
5712 37 579 159 192 0 0 2 306 360 68830 64 1595 40 56 23 92 20
5736 36 606 181 192 0 0 2 306 371 69104 63 1615 45 63 18 72 9
5760.0 35 580 174 192 0 0 3 305 364 69275 93 1621 40 62 23 66 16
5784 34 529 189 192 0 0 3 305 375 69479 91 1601 39 49 24 86 5
5808 32 467 176 192 0 0 4 304 369 69613 90 1625 45 42 18 62 11
5832 32 461 170 192 0 0 4 304 372 69791 90 1609 41 40 22 78 8
5856 32 454 171 192 0 0 6 302 384 69909 90 1617 36 37 27 70 -4
5880 32 472 174 192 0 0 3 305 381 70025 89 1621 37 38 26 66 -1
5904 32 497 146 192 0 0 2 306 370 70168 88 1621 38 42 25 66 10
5928.0 1030 471 162 192 0 0 4 304 386 70291 88 1626 35 40 28 61 0
5952 965 3733 155 192 0 0 14 294 376 75712 86 934 40 20 23 753 10
5976 864 4610 158 192 1 1 10 296 380 80642 86 934 42 19 21 753 6
6000 769 4699 172 192 0 1 23 284 373 85390 85 988 41 23 22 699 13
6024 700 4695 153 192 0 1 24 283 372 90023 85 993 46 23 17 694 14
6048 639 4523 156 192 0 1 29 278 370 94383 84 1045 42 26 21 642 16
6072 584 4564 164 192 0 2 17 289 377 98701 84 1039 37 31 26 648 9
6096 543 4340 166 192 0 1 16 291 386 102637 84 1072 31 27 32 615 0
6120 500 4174 155 192 0 2 15 291 385 106380 82 1114 44 24 19 573 1
6144 460 4083 164 192 0 0 12 296 383 110001 81 1115 36 34 27 572 3
6168 419 3884 167 192 0 1 15 292 370 113470 80 1130 39 32 24 557 16
6192 387 3735 168 192 0 0 13 295 375 116824 80 1179 39 37 24 508 11
6216 360 3520 152 192 0 0 8 300 381 119983 79 1191 42 30 21 496 5
6240 343 3444 172 192 0 0 8 300 365 123029 77 1208 38 38 25 479 21
6264 324 3398 155 192 0 1 9 298 371 125913 77 1201 47 43 16 486 15
6288 303 3273 165 192 0 0 13 295 388 128688 77 1262 33 34 30 425 -2
6312 287 3144 164 192 0 0 10 298 381 131298 77 1274 52 41 11 413 5
6336 262 2973 166 192 0 0 11 297 386 133797 76 1318 32 45 31 369 0
6360 248 2873 174 192 0 0 10 298 382 136167 76 1296 43 42 20 391 4
6384 237 2835 182 192 0 1 8 299 366 138514 76 1299 35 43 28 388 20
6408 228 2656 184 192 0 0 11 297 377 140757 76 1313 41 44 22 374 9
6432 219 2542 186 192 0 0 5 303 376 142868 75 1347 33 42 30 340 10
6456 215 2511 159 192 0 0 7 301 392 144964 75 1344 46 38 17 343 -6
6480.0 211 2432 171 192 0 0 5 303 374 146941 105 1357 41 40 22 330 12
6504 206 2404 167 192 0 0 6 302 388 149051 104 1363 38 24 25 324 -2
6528 201 2418 147 192 0 0 7 301 379 151139 103 1350 44 17 19 337 7
6552 193 2301 170 192 0 0 6 302 385 153086 102 1345 39 17 24 342 1
6576 184 2183 176 192 0 0 9 299 366 154948 102 1381 41 18 22 306 20
6600 178 2166 181 192 0 0 3 305 391 156778 101 1377 35 15 28 310 -5
6624 171 2044 187 192 0 0 7 301 375 158573 99 1381 34 15 29 306 11
6648 163 2113 178 192 0 2 2 304 385 160371 98 1393 41 16 22 294 1
6672 160 2034 153 192 0 0 1 307 394 161986 95 1408 33 14 30 279 -8
6696 155 1856 142 192 0 0 5 303 383 163513 94 1413 34 17 29 274 3
6720 152 1864 123 192 0 0 6 302 390 165089 93 1412 36 21 27 275 -4
6744 150 1891 140 192 0 0 8 300 389 166588 92 1410 41 28 22 277 -3
6768 149 1927 141 192 0 0 6 302 401 168115 91 1383 26 20 37 304 -15
6792 143 1818 144 192 0 0 4 304 385 169636 90 1436 43 17 20 251 1
6816 140 1775 157 192 0 0 1 307 378 171020 90 1449 43 21 20 238 8
6840 136 1740 175 192 0 0 4 304 393 172455 86 1441 28 25 35 246 -7
6864 134 1683 163 192 0 0 2 306 389 173757 86 1447 44 21 19 240 -3
6888 130 1706 177 192 0 0 1 307 399 175071 84 1428 35 26 28 259 -13
6912 127 1678 153 192 0 0 4 304 380 176369 84 1468 37 25 26 219 6
6936 123 1654 173 192 0 0 5 303 386 177642 82 1480 38 29 25 207 0
6960 119 1645 153 192 0 0 5 303 392 178882 82 1460 33 28 30 227 -6
6984 116 1579 165 192 0 0 9 299 378 180055 82 1478 45 33 18 209 8
7008 115 1588 164 192 0 1 3 304 412 181234 81 1485 33 35 30 202 -26
7032 111 1566 163 192 0 0 7 301 372 182404 81 1439 37 31 26 248 14
7056 111 1555 162 192 0 0 4 304 381 183550 80 1479 40 36 23 208 5
7080 109 1500 153 192 0 0 3 305 387 184574 77 1474 36 40 27 213 -1
7104 106 1544 164 192 0 0 7 301 390 185656 76 1462 37 43 26 225 -4
7128 104 1452 152 192 0 1 4 303 389 186629 75 1472 38 43 25 215 -3
7152 101 1427 147 192 0 0 4 304 407 187618 74 1496 30 40 33 191 -21
7176 101 1379 102 192 0 0 2 306 417 188497 72 1507 24 42 39 180 -31
7200.0 100 1394 89 192 0 0 5 303 419 189417 102 1475 20 51 43 212 0
7224 100 1399 127 192 0 0 5 303 406 190394 102 1481 46 42 17 206 13
7248 99 1350 152 192 0 0 2 306 443 191320 102 1519 37 29 26 168 -24
7272 97 1327 147 192 0 0 4 304 424 192211 100 1513 32 24 31 174 -5
7296 97 1249 179 192 0 0 5 303 421 193077 97 1511 42 24 21 176 -2
7320 94 1262 162 192 0 0 4 304 424 193983 96 1503 32 25 31 184 -5
7344 92 1270 167 192 0 0 6 302 406 194775 95 1513 42 24 21 174 13
7368 92 1260 136 192 0 0 8 300 430 195625 93 1504 29 28 34 183 -11
7392 91 1243 133 192 0 0 5 303 414 196427 93 1499 34 26 29 188 5
7416 87 1182 152 192 0 0 5 303 425 197185 93 1530 31 23 32 157 -6
7440 87 1198 150 192 0 0 5 303 424 197971 92 1519 28 25 35 168 -5
7464 87 1175 157 192 0 0 1 307 435 198700 91 1516 36 28 27 171 -16
7488 85 1187 148 192 0 0 2 306 412 199506 90 1516 32 25 31 171 7
7512 85 1213 154 192 0 0 2 306 412 200280 89 1525 42 23 21 162 7
7536 85 1189 166 192 0 0 1 307 421 201085 89 1530 37 26 26 157 -2
7560 84 1187 173 192 0 0 4 304 422 201854 88 1534 38 22 25 153 -3
7584 83 1119 179 192 0 0 1 307 398 202638 88 1545 39 22 24 142 21
7608 81 1128 172 192 0 0 3 305 418 203349 87 1524 44 23 19 163 1
7632 79 1091 159 192 0 0 1 307 416 204065 85 1540 33 22 30 147 3
7656 77 1068 153 192 0 0 3 305 410 204719 84 1548 39 25 24 139 9
7680 76 1075 177 192 0 0 1 307 421 205448 83 1513 36 26 27 174 -2
7704 75 1069 184 192 0 0 3 305 409 206113 83 1547 42 30 21 140 10
7728 73 1054 171 192 0 0 2 306 421 206728 81 1551 38 30 25 136 -2
7752 72 1059 181 192 0 0 1 307 418 207390 79 1516 38 34 25 171 1
7776 71 1023 170 192 0 0 3 305 416 207987 78 1541 41 34 22 146 3
7800 69 1019 159 192 0 0 3 305 414 208497 77 1540 37 36 26 147 5
7824 66 1013 164 192 0 0 2 306 448 209011 76 1554 30 43 33 133 -29
7848 64 974 85 192 0 0 3 305 492 209451 75 1547 6 48 57 140 -73
7872 62 944 44 192 0 1 1 306 501 209831 75 1542 0 54 63 145 -82
7896 62 927 29 192 0 0 1 307 502 210216 75 1564 5 49 58 123 -83
7920.0 59 939 24 192 0 0 1 307 481 210639 105 1556 5 55 58 131 0
7944 59 866 120 192 0 0 0 308 494 210984 103 1585 36 47 27 102 -13
7968 57 871 159 192 0 0 2 306 478 211340 102 1582 32 35 31 105 3
7992 56 853 162 192 0 0 0 308 486 211683 100 1571 37 29 26 116 -5
8016 55 806 185 192 0 0 3 305 466 212020 99 1556 36 27 27 131 15
8040 55 791 166 192 0 0 2 306 509 212324 97 1556 23 28 40 131 -28
8064 55 789 143 192 0 0 0 308 489 212659 95 1596 36 30 27 91 -8
8088 54 764 127 192 0 0 0 308 509 212928 94 1597 23 30 40 90 -28
8112 53 766 96 192 0 0 0 308 511 213199 94 1600 26 28 37 87 -30
8136 53 775 74 192 0 0 3 305 550 213409 92 1562 7 29 56 125 -69
8160 52 767 38 192 0 0 4 304 560 213556 92 1584 1 35 62 103 -79
8184 52 763 39 192 0 1 1 306 550 213805 90 1574 7 33 56 113 -69
8208 52 756 53 192 0 0 1 307 498 214039 89 1586 32 32 31 101 -17
8232 52 725 109 192 0 0 0 308 502 214237 89 1586 37 26 26 101 -21
8256 52 716 105 192 0 0 1 307 485 214479 89 1575 28 23 35 112 -4
8280 52 741 146 192 0 0 2 306 475 214824 86 1584 41 24 22 103 6
8304 51 769 173 192 0 0 2 306 483 215159 85 1569 48 28 15 118 -2
8328 51 739 173 192 0 0 1 307 462 215436 85 1595 29 31 34 92 19
8352 50 722 195 192 0 0 2 306 478 215700 84 1585 44 31 19 102 3
8376 50 715 168 192 0 0 0 308 498 215914 84 1585 34 25 29 102 -17
8400 49 738 162 192 0 0 1 307 474 216170 83 1578 41 26 22 109 7
8424 49 727 160 192 0 0 1 307 476 216395 82 1596 38 23 25 91 5
8448 49 759 168 192 0 0 1 307 490 216625 81 1595 30 22 33 92 -9
8472 49 798 146 192 0 0 0 308 479 216855 81 1587 44 26 19 100 2
8496 49 763 158 192 0 0 2 306 469 217106 79 1577 40 28 23 110 12
8520 49 759 182 192 0 0 2 306 467 217383 79 1577 36 27 27 110 14
8544 49 702 165 192 0 0 1 307 488 217638 79 1587 37 33 26 100 -7
8568 48 719 120 192 0 0 0 308 520 217812 78 1581 11 35 52 106 -39
8592 48 730 95 192 0 0 1 307 506 218008 75 1574 26 37 37 113 -25
8616 47 741 134 192 0 0 0 308 471 218235 75 1575 36 38 27 112 10
8640.0 47 711 170 192 0 1 3 304 513 218429 104 1597 31 40 32 90 0
8664 44 681 156 192 0 0 1 307 500 218673 104 1588 39 37 24 99 13
8688 44 685 137 192 0 0 2 306 552 218765 102 1591 22 32 41 96 -39
8712 44 638 164 192 0 0 0 308 532 218925 101 1604 25 34 38 83 -19
8736 44 651 120 192 0 0 2 306 523 219044 101 1597 36 30 27 90 -10
8760 43 656 148 192 0 0 1 307 520 219207 100 1586 39 29 24 101 -7
