Time EBV Teff Treg ODC_le1 ODC_le2 ODC_le3 ODC_le4 ODC_le5 NK IL2 DAC Resting_Teff Resting_Treg EffectorMemory Resting_Treg_temp Resting_Teff_temp NK_temp
0.0 0 0 0 0 0 0 0 500 375 1000 0 1687 63 0 0 0 0
24 0 0 0 0 0 0 0 500 336 905 0 1687 63 0 0 0 39
48 0 0 0 0 0 0 0 500 327 809 0 1687 63 0 0 0 48
72 0 0 0 0 0 0 0 500 337 727 0 1687 63 0 0 0 38
96 0 0 0 0 0 0 0 500 331 658 0 1687 63 0 0 0 44
120 0 0 0 0 0 0 0 500 328 588 0 1687 63 0 0 0 47
144 0 0 0 0 0 0 0 500 330 528 0 1687 63 0 0 0 45
168.0 1000 0 0 0 0 0 0 500 332 478 0 1687 63 0 0 0 43
192 348 5950 121 14 27 77 133 249 267 807 0 1183 39 379 24 504 108
216 67 3485 151 103 38 66 123 170 270 291 0 1512 39 441 24 175 105
240 27 1038 166 149 21 56 88 186 313 249 0 1638 36 464 27 49 62
264 16 405 156 161 2 18 50 269 308 300 0 1640 43 429 20 47 67
288 14 221 149 161 1 9 40 289 318 311 0 1664 40 410 23 23 57
312 12 165 152 161 0 1 22 316 315 323 0 1659 41 398 22 28 60
336 12 150 165 161 0 0 19 320 313 372 0 1661 40 370 23 26 62
360 12 128 182 161 0 0 26 313 330 369 0 1662 36 369 27 25 45
384 10 105 166 161 0 2 16 321 316 381 0 1661 40 360 23 26 59
408 9 128 169 161 0 1 13 325 329 371 0 1667 44 355 19 20 46
432 9 117 168 161 0 0 18 321 323 363 0 1662 43 346 20 25 52
456 7 120 163 161 0 1 18 320 313 374 0 1676 35 339 28 11 62
480 7 78 167 161 0 1 13 325 317 375 0 1671 40 318 23 16 58
504 7 87 155 161 0 0 17 322 321 362 0 1673 40 323 23 14 54
528 7 69 142 161 0 0 10 329 306 365 0 1675 38 307 25 12 69
552 6 82 168 161 0 0 15 324 324 357 0 1674 34 312 29 13 51
576 6 69 184 161 0 1 11 327 320 342 0 1668 38 320 25 19 55
600 6 80 179 161 0 1 11 327 326 337 0 1669 42 312 21 18 49
624 6 67 166 161 0 0 7 332 336 347 0 1676 46 308 17 11 39
648 6 73 179 161 0 0 14 325 318 328 0 1677 42 309 21 10 57
672 5 66 156 161 0 0 10 329 335 296 0 1673 37 302 26 14 40
696 5 72 169 161 0 1 12 326 324 273 0 1676 34 305 29 11 51
720 4 52 173 161 0 0 10 329 316 254 0 1675 39 296 24 12 59
744 4 33 156 161 0 0 12 327 304 254 0 1678 44 287 19 9 71
768 4 38 145 161 0 0 8 331 333 265 0 1681 40 276 23 6 42
792 4 31 154 161 0 0 6 333 303 258 0 1681 42 267 21 6 72
816 3 38 156 161 0 0 6 333 315 252 0 1679 41 269 22 8 60
840 3 32 160 161 0 0 5 334 317 230 0 1676 36 265 27 11 58
864 3 17 142 161 0 0 7 332 315 223 0 1681 47 265 16 6 60
888 3 27 146 161 0 0 2 337 330 216 0 1682 43 264 20 5 45
912 3 20 141 161 0 0 6 333 323 219 0 1685 43 252 20 2 52
936 3 21 145 161 0 0 3 336 322 220 0 1679 45 249 18 8 53
960 3 29 156 161 0 0 3 336 317 205 0 1680 43 240 20 7 58
984 3 33 147 161 0 0 7 332 322 202 0 1684 41 237 22 3 53
1008 3 22 133 161 0 0 2 337 320 203 0 1679 41 236 22 8 55
1032 3 26 166 161 0 0 2 337 317 217 0 1681 42 232 21 6 58
1056 3 20 169 161 0 0 2 337 327 208 0 1681 38 225 25 6 48
1080 3 34 164 161 0 0 7 332 320 197 0 1682 45 221 18 5 55
1104 3 30 144 161 0 0 5 334 321 204 0 1679 43 218 20 8 54
1128 3 35 151 161 0 0 7 332 326 216 0 1680 40 216 23 7 49
1152 3 23 144 161 0 0 6 333 324 203 0 1685 40 219 23 2 51
1176 3 31 123 161 0 0 3 336 321 203 0 1681 43 219 20 6 54
1200 3 41 125 161 0 0 5 334 319 224 0 1682 37 213 26 5 56
1224 3 32 135 161 0 0 10 329 315 231 0 1685 40 212 23 2 60
1248 3 17 137 161 0 0 3 336 330 228 0 1685 38 213 25 2 45
1272 3 26 144 161 0 0 5 334 318 216 0 1681 38 212 25 6 57
1296 3 22 150 161 0 0 9 330 339 216 0 1683 39 207 24 4 36
1320 3 23 127 161 0 0 3 336 343 195 0 1678 37 208 26 9 32
1344 3 31 126 161 0 0 1 338 314 199 0 1680 43 203 20 7 61
1368 3 34 128 161 0 0 7 332 329 207 0 1682 44 201 19 5 46
1392 3 36 129 161 0 0 8 331 321 217 0 1680 41 200 22 7 54
1416 3 31 142 161 0 0 4 335 320 204 0 1681 43 197 20 6 55
1440.0 3 30 142 161 0 0 7 332 317 203 30 1684 48 195 15 3 58
1464 3 22 143 161 0 0 6 333 315 227 30 1679 42 188 21 8 60
1488 3 29 127 161 0 0 4 335 328 253 30 1681 37 181 26 6 47
1512 3 23 126 161 0 0 4 335 328 272 30 1680 45 178 18 7 47
1536 3 17 130 161 0 0 5 334 325 285 30 1680 44 173 19 7 50
1560 3 20 154 161 0 0 6 333 316 299 30 1676 40 170 23 11 59
1584 3 19 172 161 0 0 4 335 313 300 28 1684 37 166 26 3 62
1608.0 1003 21 159 161 0 0 4 335 331 308 28 1683 40 156 23 4 44
1632 545 3109 141 163 3 14 87 233 310 4829 27 1056 47 146 16 631 65
1656 275 3950 187 173 11 32 67 217 316 6232 26 1229 40 286 23 458 59
1680 126 3494 194 184 7 33 73 203 316 6154 26 1419 44 401 19 268 59
1704 66 2704 222 194 1 27 75 203 312 5272 25 1515 38 564 25 172 63
1728 36 1732 193 200 11 21 70 198 315 4368 25 1608 36 692 27 79 60
1752 26 1071 209 201 5 14 58 222 338 3761 25 1641 39 735 24 46 37
1776 21 708 200 201 0 8 48 243 338 3497 24 1634 43 669 20 53 37
1800 15 493 203 201 0 4 25 270 336 3255 24 1645 36 633 27 42 39
1824 14 340 192 201 0 1 24 274 333 3026 24 1666 45 602 18 21 42
1848 13 304 159 201 1 0 17 281 338 2857 23 1658 38 580 25 29 37
1872 9 249 193 201 0 1 17 281 351 2711 23 1665 38 545 25 22 24
1896 9 183 204 201 0 0 13 286 353 2554 23 1672 43 529 20 15 22
1920 6 134 178 201 0 0 8 291 335 2411 23 1673 40 507 23 14 40
1944 6 119 177 201 0 0 9 290 340 2262 23 1676 37 511 26 11 35
1968 5 115 184 201 0 0 7 292 330 2103 22 1670 38 508 25 17 45
1992 5 96 188 201 0 0 5 294 344 1958 22 1675 36 493 27 12 31
2016 4 73 194 201 0 1 4 294 332 1806 20 1681 38 481 25 6 43
2040 3 56 179 201 0 0 3 296 333 1676 20 1679 38 470 25 8 42
2064 2 33 182 201 0 0 2 297 335 1535 20 1683 38 476 25 4 40
2088 2 28 165 201 0 0 5 294 342 1421 20 1684 36 458 27 3 33
2112 2 24 179 201 0 0 4 295 339 1284 20 1682 32 451 31 5 36
2136 2 20 173 201 0 0 4 295 321 1185 19 1684 42 452 21 3 54
2160.0 2 41 192 201 0 0 4 295 332 1084 48 1684 30 445 33 3 43
2184 2 28 149 201 0 0 5 294 328 1028 47 1682 42 434 21 5 47
2208 2 20 157 201 0 0 6 293 324 997 45 1682 46 415 17 5 51
2232 2 15 146 201 0 0 0 299 328 940 45 1686 48 405 15 1 47
2256 2 22 156 201 0 0 3 296 320 901 44 1682 44 390 19 5 55
2280 2 33 138 201 0 0 2 297 320 856 44 1677 42 374 21 10 55
2304 2 24 150 201 0 0 5 294 324 826 43 1683 46 363 17 4 51
2328 2 22 145 201 0 0 5 294 332 803 42 1679 40 350 23 8 43
2352 2 21 145 201 0 0 4 295 342 770 42 1686 42 334 21 1 33
2376 2 25 142 201 0 0 1 298 334 743 41 1686 41 318 22 1 41
2400 2 15 176 201 0 0 1 298 332 713 41 1682 38 312 25 5 43
2424 2 19 161 201 0 0 1 298 325 684 40 1684 40 308 23 3 50
2448 2 19 139 201 0 0 0 299 321 642 39 1685 36 304 27 2 54
2472 2 11 130 201 0 0 3 296 327 609 38 1684 46 300 17 3 48
2496 2 15 136 201 0 0 1 298 335 576 38 1681 41 293 22 6 40
2520 2 18 129 201 0 0 3 296 324 546 38 1683 39 287 24 4 51
2544 2 20 133 201 0 0 1 298 326 514 37 1681 43 279 20 6 49
2568 2 19 129 201 0 0 0 299 325 506 37 1681 42 271 21 6 50
2592 2 14 131 201 0 0 1 298 324 486 37 1683 36 264 27 4 51
2616 2 18 141 201 0 0 1 298 327 482 37 1685 48 258 15 2 48
2640 2 13 137 201 0 0 7 292 328 463 37 1684 49 251 14 3 47
2664 2 20 154 201 0 0 5 294 333 462 36 1684 37 244 26 3 42
2688 2 13 131 201 0 0 2 297 328 439 36 1683 45 240 18 4 47
2712 2 23 145 201 0 0 3 296 334 441 36 1681 36 238 27 6 41
2736 2 14 149 201 0 0 1 298 324 425 35 1681 39 233 24 6 51
2760 2 14 144 201 0 0 1 298 319 424 35 1680 46 227 17 7 56
2784 2 14 142 201 0 0 5 294 321 409 34 1684 37 221 26 3 54
2808 2 10 131 201 0 0 5 294 328 397 34 1684 45 218 18 3 47
2832 2 17 135 201 0 0 1 298 329 397 34 1681 41 216 22 6 46
2856 2 15 148 201 0 0 2 297 322 396 34 1684 33 208 30 3 53
2880.0 2 18 129 201 0 0 1 298 324 392 64 1682 35 201 28 5 51
2904 2 20 128 201 0 0 4 295 325 398 64 1682 45 200 18 5 50
2928 2 19 141 201 0 0 3 296 317 384 64 1683 44 193 19 4 58
2952 2 8 145 201 0 0 2 297 327 379 64 1684 40 189 23 3 48
2976 2 22 114 201 0 0 3 296 311 378 62 1681 44 185 19 6 64
3000 2 14 115 201 0 0 1 298 342 361 62 1686 43 181 20 1 33
3024 2 16 124 201 0 0 1 298 334 349 62 1685 48 176 15 2 41
3048.0 1002 15 118 201 0 0 3 296 331 340 62 1685 43 175 20 2 44
3072 600 2597 155 202 1 15 64 218 329 5698 61 1015 46 31 17 672 46
3096 373 2865 162 205 3 16 70 206 331 9427 60 1159 39 43 24 528 44
3120 263 2508 171 207 4 15 52 222 341 12200 60 1289 44 49 19 398 34
3144 195 2304 170 207 3 14 46 230 350 14325 59 1339 39 70 24 348 25
3168 162 1980 166 207 0 4 40 249 341 16050 58 1415 38 70 25 272 34
3192 128 1695 167 208 1 5 31 255 352 17440 58 1463 37 80 26 224 23
3216 107 1465 162 208 1 3 18 270 348 18562 57 1487 41 89 22 200 27
3240 89 1291 171 208 0 9 15 268 355 19385 56 1520 40 111 23 167 20
3264 79 1136 150 208 0 0 17 275 365 20152 55 1508 45 101 18 179 10
3288 64 993 155 208 0 1 10 281 352 20722 55 1538 43 107 20 149 23
3312 57 874 143 208 0 1 18 273 356 21206 55 1564 40 106 23 123 19
3336 52 801 158 208 0 3 17 272 358 21625 55 1600 38 107 25 87 17
3360 50 721 161 208 0 1 15 276 375 21959 55 1597 41 109 22 90 0
3384 46 668 179 208 0 1 11 280 368 22335 55 1592 43 109 20 95 7
3408 42 673 199 208 0 0 13 279 360 22611 55 1582 37 101 26 105 15
3432 37 628 197 208 0 0 10 282 367 22843 54 1610 36 118 27 77 8
3456 37 594 168 208 0 1 13 278 368 23007 53 1614 43 125 20 73 7
3480 31 573 171 208 0 0 8 284 371 23173 52 1611 37 121 26 76 4
3504 31 501 187 208 0 0 5 287 384 23197 52 1622 35 126 28 65 -9
3528 31 468 188 208 0 0 10 282 352 23287 49 1622 36 131 27 65 23
3552 30 475 205 208 0 0 9 283 361 23373 48 1622 36 124 27 65 14
3576 28 455 182 208 0 2 11 279 357 23383 47 1632 39 138 24 55 18
3600.0 27 444 187 208 0 1 8 283 358 23396 77 1628 34 154 29 59 17
3624 27 391 183 208 0 2 15 275 361 23557 77 1617 44 121 19 70 14
3648 26 382 182 208 0 0 8 284 374 23668 75 1636 39 93 24 51 1
3672 25 336 171 208 0 0 5 287 367 23691 72 1626 36 81 27 61 8
3696 25 352 178 208 0 0 5 287 371 23779 72 1618 38 69 25 69 4
3720 25 358 172 208 0 1 7 284 360 23854 69 1630 41 64 22 57 15
3744 24 337 183 208 0 0 4 288 372 23848 68 1627 37 66 26 60 3
3768 24 335 213 208 0 0 5 287 362 23915 66 1640 28 73 35 47 13
3792 23 321 196 208 0 0 7 285 365 23899 63 1637 45 78 18 50 10
3816 23 315 171 208 0 0 2 290 367 23908 63 1636 45 77 18 51 8
3840 22 311 168 208 0 0 5 287 363 23934 62 1634 45 77 18 53 12
3864 21 295 165 208 0 0 3 289 365 23949 61 1643 39 82 24 44 10
3888 21 317 151 208 0 0 7 285 369 23902 59 1649 40 80 23 38 6
3912 20 290 176 208 0 0 6 286 360 23893 59 1638 39 81 24 49 15
3936 20 277 173 208 0 0 4 288 369 23806 59 1660 44 83 19 27 6
3960 18 282 180 208 0 0 1 291 360 23802 59 1654 39 84 24 33 15
3984 18 254 187 208 0 0 4 288 383 23678 59 1644 34 84 29 43 -8
4008 17 265 168 208 0 0 3 289 364 23611 58 1647 40 80 23 40 11
4032 17 282 143 208 0 0 5 287 364 23492 58 1637 39 80 24 50 11
4056 16 259 167 208 0 0 3 289 367 23447 58 1652 39 79 24 35 8
4080 16 240 189 208 0 0 3 289 368 23308 58 1647 36 86 27 40 7
4104 16 254 169 208 0 0 3 289 359 23236 58 1645 42 88 21 42 16
4128 15 236 176 208 0 0 3 289 361 23143 58 1646 37 88 26 41 14
4152 15 231 160 208 0 0 4 288 360 23070 58 1657 52 86 11 30 15
4176 15 215 152 208 0 0 2 290 377 22939 56 1652 43 82 20 35 -2
4200 15 255 169 208 0 0 2 290 368 22822 56 1644 40 82 23 43 7
4224 13 239 201 208 0 0 2 290 368 22721 56 1649 35 88 28 38 7
4248 13 229 188 208 0 0 2 290 359 22604 53 1658 38 97 25 29 16
4272 13 199 169 208 0 0 3 289 382 22414 53 1656 39 97 24 31 -7
4296 13 228 168 208 0 0 3 289 388 22252 53 1649 37 100 26 38 -13
4320.0 13 204 170 208 0 0 1 291 368 22064 83 1664 42 107 21 23 7
4344 13 206 184 208 0 0 4 288 357 21990 82 1658 34 100 29 29 18
4368 13 181 177 208 0 0 8 284 381 21852 81 1659 36 91 27 28 -6
4392 13 154 163 208 0 0 3 289 356 21736 80 1659 36 83 27 28 19
4416 13 167 176 208 0 0 5 287 363 21663 80 1656 40 75 23 31 12
4440 13 184 155 208 0 0 1 291 353 21551 79 1656 41 74 22 31 22
4464 13 189 162 208 0 0 2 290 380 21433 78 1646 37 72 26 41 -5
4488.0 1013 182 181 208 0 0 5 287 358 21326 76 1656 40 68 23 31 17
4512 838 3238 173 208 0 2 37 253 338 26744 76 963 39 25 24 724 37
4536 667 3952 158 208 0 5 38 249 359 31247 74 985 43 39 20 702 16
4560 526 3933 172 208 0 7 37 248 336 35318 74 1067 36 35 27 620 39
4584 433 3794 161 208 1 6 31 254 346 38986 74 1133 36 47 27 554 29
4608 364 3504 172 208 0 8 26 258 360 42270 73 1176 42 34 21 511 15
4632 305 3156 173 208 0 5 27 260 362 45180 73 1232 42 44 21 455 13
4656 268 2904 178 208 0 2 22 268 370 47798 72 1258 39 45 24 429 5
4680 238 2640 191 208 0 2 13 277 372 50118 71 1310 41 37 22 377 3
4704 214 2518 188 208 0 3 15 274 373 52308 70 1328 34 50 29 359 2
4728 191 2329 184 208 0 0 13 279 369 54217 69 1356 37 56 26 331 6
4752 176 2245 186 208 0 0 14 278 364 56050 68 1391 34 41 29 296 11
4776 156 2136 198 208 0 0 18 274 366 57762 65 1385 38 56 25 302 9
4800 140 1928 188 208 0 1 15 276 366 59182 65 1421 37 62 26 266 9
4824 132 1775 182 208 0 0 13 279 366 60512 64 1461 39 71 24 226 9
4848 127 1720 193 208 0 1 17 274 371 61739 63 1448 37 70 26 239 4
4872 118 1598 181 208 0 3 8 281 366 62848 62 1491 43 62 20 196 9
4896 112 1562 172 208 0 0 6 286 390 63877 62 1457 24 67 39 230 -15
4920 104 1516 152 208 0 0 8 284 371 64935 61 1459 45 78 18 228 4
4944 98 1438 164 208 0 0 7 285 372 65888 60 1477 34 82 29 210 3
4968 92 1437 164 208 0 0 8 284 388 66714 58 1519 38 83 25 168 -13
4992 88 1348 179 208 0 1 7 284 367 67458 57 1536 43 93 20 151 8
5016 82 1283 195 208 0 0 7 285 353 68167 56 1536 38 99 25 151 22
5040.0 78 1246 179 208 0 0 8 284 373 68782 85 1530 34 110 29 157 2
5064 75 1162 182 208 0 0 14 278 368 69569 83 1516 38 69 25 171 7
5088 73 1055 179 208 0 0 7 285 376 70242 83 1550 29 55 34 137 -1
5112 71 999 165 208 0 0 5 287 376 70965 83 1532 44 44 19 155 -1
5136 69 950 186 208 0 0 5 287 375 71550 83 1559 40 43 23 128 0
5160 64 942 181 208 0 0 8 284 376 72151 83 1547 36 38 27 140 -1
5184 63 914 186 208 0 0 5 287 380 72724 82 1543 37 40 26 144 -5
5208 60 867 167 208 0 0 11 281 375 73232 81 1554 41 41 22 133 0
5232 58 845 187 208 0 0 3 289 363 73776 80 1567 34 43 29 120 12
5256 58 769 189 208 0 0 5 287 368 74232 78 1574 38 31 25 113 7
5280 58 799 179 208 0 0 3 289 387 74696 76 1568 37 35 26 119 -12
5304 56 781 169 208 0 0 4 288 373 75110 76 1576 36 40 27 111 2
5328 56 764 162 208 0 0 7 285 367 75542 74 1578 35 44 28 109 8
5352 56 813 183 208 0 0 5 287 371 76024 73 1563 44 49 19 124 4
5376 56 814 176 208 0 0 1 291 363 76498 71 1570 41 45 22 117 12
5400 52 749 170 208 0 0 7 285 371 76892 71 1577 41 45 22 110 4
5424 50 747 149 208 0 0 6 286 384 77243 70 1585 33 48 30 102 -9
5448 48 727 161 208 0 0 5 287 374 77602 68 1593 43 57 20 94 1
5472 48 758 183 208 0 0 4 288 373 77966 67 1572 43 55 20 115 2
5496 48 712 168 208 0 0 2 290 384 78235 66 1606 40 59 23 81 -9
5520 46 746 149 208 0 0 4 288 373 78553 66 1587 38 68 25 100 2
5544 46 727 163 208 0 0 3 289 369 78789 66 1576 43 76 20 111 6
5568 46 690 165 208 0 0 6 286 383 79097 65 1578 33 62 30 109 -8
5592 46 704 157 208 0 0 3 289 389 79410 64 1591 42 66 21 96 -14
5616 46 682 169 208 0 0 10 282 377 79663 64 1590 45 73 18 97 -2
5640 44 761 199 208 0 0 3 289 379 79970 63 1567 34 69 29 120 -4
5664 44 698 177 208 0 0 4 288 361 80255 63 1593 49 63 14 94 14
5688 44 692 190 208 0 0 4 288 375 80492 61 1598 37 68 26 89 0
5712 43 667 169 208 0 0 3 289 386 80693 61 1599 29 81 34 88 -11
5736 41 655 150 208 0 0 3 289 377 80931 59 1607 40 74 23 80 -2
5760.0 41 636 169 208 0 0 2 290 368 81140 89 1585 36 86 27 102 7
5784 40 655 182 208 0 0 2 290 376 81444 88 1600 39 59 24 87 -1
5808 38 592 173 208 0 0 5 287 369 81676 88 1606 39 54 24 81 6
5832 38 570 157 208 0 0 5 287 360 81884 87 1587 38 48 25 100 15
5856 38 566 140 208 0 0 3 289 409 82054 86 1606 23 42 40 81 -34
5880 38 536 150 208 0 0 6 286 383 82238 85 1610 35 41 28 77 -8
5904 37 521 165 208 0 1 1 290 369 82463 83 1609 38 36 25 78 6
5928.0 1036 502 183 208 0 0 3 289 367 82655 83 1615 33 34 30 72 8
5952 986 3767 146 208 0 0 12 280 363 88128 83 903 43 19 20 784 12
5976 885 4666 168 208 1 1 15 275 380 93085 80 924 38 22 25 763 -5
6000 789 4867 188 208 0 0 14 278 368 97877 79 931 39 24 24 756 7
6024 709 4853 167 208 0 1 19 272 377 102401 78 971 41 23 22 716 -2
6048 640 4670 162 208 0 2 15 275 371 106668 78 1061 45 24 18 626 4
6072 589 4505 174 208 0 0 15 277 369 110732 76 1041 43 31 20 646 6
6096 530 4298 158 208 0 2 15 275 372 114697 76 1059 44 30 19 628 3
6120 492 4227 179 208 0 0 18 274 362 118550 74 1074 31 42 32 613 13
6144 453 4150 166 208 0 1 15 276 384 122169 74 1116 40 39 23 571 -9
6168 418 3896 161 208 0 0 14 278 368 125563 74 1121 45 39 18 566 7
6192 402 3760 160 208 0 0 8 284 373 128692 74 1191 45 39 18 496 2
6216 386 3608 176 208 0 1 10 281 373 131835 74 1190 41 41 22 497 2
6240 370 3544 184 208 0 2 15 275 367 135039 73 1190 38 32 25 497 8
6264 343 3480 177 208 0 1 12 279 409 138007 71 1202 28 50 35 485 -34
6288 329 3426 148 208 0 0 10 282 395 140880 70 1197 26 52 37 490 -20
6312 307 3292 152 208 0 0 9 283 388 143539 70 1240 43 49 20 447 -13
6336 284 3138 168 208 0 0 17 275 365 146070 69 1250 40 42 23 437 10
6360 271 3067 169 208 0 0 10 282 368 148525 68 1278 46 51 17 409 7
6384 256 3044 179 208 0 0 9 283 363 150980 68 1263 37 53 26 424 12
6408 241 2945 185 208 0 0 17 275 365 153280 67 1300 41 56 22 387 10
6432 233 2711 192 208 0 0 6 286 372 155378 66 1337 39 53 24 350 3
6456 225 2637 165 208 0 0 7 285 368 157445 66 1336 47 59 16 351 7
6480.0 221 2618 148 208 0 0 5 287 388 159451 95 1340 38 64 25 347 0
6504 208 2505 155 208 0 1 7 284 380 161591 94 1338 36 34 27 349 8
6528 198 2355 146 208 0 0 6 286 379 163587 94 1347 50 27 13 340 9
6552 194 2271 154 208 0 0 5 287 399 165459 92 1381 37 20 26 306 -11
6576 191 2264 138 208 0 0 10 282 390 167362 91 1365 41 23 22 322 -2
6600 178 2219 156 208 0 0 6 286 419 169170 89 1412 26 22 37 275 -31
6624 173 2142 136 208 0 0 10 282 390 170874 88 1416 33 28 30 271 -2
6648 169 2041 146 208 0 0 9 283 376 172635 88 1359 36 23 27 328 12
6672 165 1976 165 208 0 0 3 289 383 174314 87 1385 42 21 21 302 5
6696 161 1991 170 208 0 0 3 289 392 175948 87 1395 37 24 26 292 -4
6720 156 1962 143 208 0 0 5 287 388 177581 87 1418 45 28 18 269 0
6744 151 1977 143 208 0 0 3 289 406 179137 85 1400 32 27 31 287 -18
6768 146 1918 163 208 0 0 5 287 395 180625 84 1420 35 27 28 267 -7
6792 144 1844 168 208 0 0 6 286 388 182044 84 1423 42 32 21 264 0
6816 143 1790 171 208 0 0 4 288 372 183479 84 1449 38 32 25 238 16
6840 137 1814 182 208 0 0 7 285 391 184936 83 1413 40 31 23 274 -3
6864 128 1733 171 208 0 1 3 288 396 186184 81 1450 32 30 31 237 -8
6888 123 1597 167 208 0 0 6 286 374 187413 81 1452 37 30 26 235 14
6912 121 1589 166 208 0 0 8 284 380 188629 80 1480 42 31 21 207 8
6936 118 1598 161 208 0 0 6 286 391 189892 79 1453 37 38 26 234 -3
6960 118 1562 170 208 0 0 7 285 385 191080 79 1452 36 34 27 235 3
6984 115 1546 170 208 0 1 5 286 411 192192 78 1495 27 36 36 192 -23
7008 114 1544 156 208 0 0 5 287 387 193272 76 1473 39 33 24 214 1
7032 109 1441 168 208 0 0 7 285 400 194293 73 1489 33 46 30 198 -12
7056 106 1439 166 208 0 0 2 290 440 195265 72 1497 19 56 44 190 -52
7080 101 1410 151 208 0 0 4 288 392 196212 70 1502 32 57 31 185 -4
7104 101 1381 191 208 0 0 2 290 383 197163 69 1501 36 53 27 186 5
7128 100 1452 176 208 0 0 2 290 397 198167 69 1489 33 59 30 198 -9
7152 100 1368 170 208 0 0 3 289 388 199052 66 1497 35 68 28 190 0
7176 100 1428 177 208 0 0 0 292 363 200013 65 1468 39 77 24 219 25
7200.0 99 1417 159 208 0 0 0 292 384 200887 93 1499 38 76 25 188 4
7224 96 1417 160 208 0 0 0 292 398 201919 92 1499 36 46 27 188 -10
7248 91 1354 144 208 0 0 3 289 401 202855 90 1514 30 43 33 173 -13
7272 90 1284 163 208 0 0 2 290 394 203753 88 1511 39 39 24 176 -6
7296 88 1205 161 208 0 0 1 291 413 204556 86 1527 37 32 26 160 -25
7320 85 1146 133 208 0 0 3 289 408 205323 84 1521 26 26 37 166 -20
7344 83 1229 141 208 0 0 4 288 420 206133 83 1503 29 28 34 184 -32
7368 80 1182 95 208 0 0 1 291 447 206849 82 1539 7 31 56 148 -59
7392 79 1153 45 208 0 0 5 287 415 207513 81 1554 24 32 39 133 -27
7416 79 1130 116 208 0 0 1 291 381 208196 80 1538 33 35 30 149 7
7440 77 1043 127 208 0 0 1 291 407 208823 80 1549 23 35 40 138 -19
7464 77 1101 115 208 0 0 4 288 437 209470 79 1538 13 38 50 149 -49
7488 76 1031 64 208 0 0 7 285 444 210028 79 1532 7 41 56 155 -56
7512 76 1044 67 208 0 0 4 288 430 210588 78 1535 27 44 36 152 -42
7536 76 1113 77 208 0 0 2 290 450 211243 78 1524 8 49 55 163 -62
7560 75 1100 83 208 0 0 1 291 428 211835 77 1543 18 44 45 144 -40
7584 74 1078 80 208 0 0 3 289 426 212466 77 1534 22 45 41 153 -38
7608 74 1071 69 208 0 0 3 289 414 213034 75 1544 16 46 47 143 -26
7632 72 1077 129 208 0 0 0 292 381 213698 73 1534 40 42 23 153 7
7656 70 1087 158 208 0 0 2 290 375 214324 72 1536 40 45 23 151 13
7680 70 1021 174 208 0 0 2 290 387 214942 71 1545 33 41 30 142 1
7704 70 999 181 208 0 0 4 288 392 215532 70 1551 34 48 29 136 -4
7728 69 957 183 208 0 0 0 292 415 216078 69 1547 23 52 40 140 -27
7752 69 1038 128 208 0 0 2 290 392 216632 69 1541 41 54 22 146 -4
7776 69 1006 169 208 0 0 3 289 391 217156 69 1548 42 61 21 139 -3
7800 69 1027 155 208 0 0 6 286 416 217704 69 1556 20 63 43 131 -28
7824 69 1050 159 208 0 0 1 291 399 218268 69 1550 40 57 23 137 -11
7848 69 1078 138 208 0 0 0 292 384 218878 68 1539 46 62 17 148 4
7872 68 1061 105 208 0 0 1 291 423 219351 66 1529 15 66 48 158 -35
7896 68 1046 85 208 0 0 0 292 421 219860 66 1531 22 72 41 156 -33
7920.0 66 1042 103 208 0 0 1 291 418 220361 94 1531 22 70 41 156 0
7944 66 1036 143 208 0 0 0 292 425 220923 94 1546 34 50 29 141 -7
7968 66 1026 161 208 0 0 3 289 427 221493 94 1538 37 45 26 149 -9
7992 64 979 156 208 0 0 3 289 428 222063 92 1543 37 36 26 144 -10
8016 63 931 164 208 0 0 1 291 447 222510 92 1561 23 35 40 126 -29
8040 62 929 157 208 0 0 1 291 403 223017 92 1557 36 34 27 130 15
8064 61 866 142 208 0 0 3 289 454 223464 91 1562 24 33 39 125 -36
8088 61 857 132 208 0 0 4 288 453 223885 91 1570 23 28 40 117 -35
8112 61 887 139 208 0 0 0 292 430 224370 90 1557 36 28 27 130 -12
8136 61 890 165 208 0 0 1 291 417 224827 87 1583 35 29 28 104 1
8160 61 897 182 208 0 0 3 289 424 225371 86 1551 37 29 26 136 -6
8184 59 888 134 208 0 0 1 291 462 225811 85 1569 18 31 45 118 -44
8208 59 871 152 208 0 0 0 292 421 226246 85 1552 35 35 28 135 -3
8232 59 900 169 208 0 0 4 288 409 226707 83 1562 37 35 26 125 9
8256 59 839 187 208 0 0 0 292 426 227133 82 1571 32 34 31 116 -8
8280 58 869 175 208 0 0 0 292 415 227615 82 1552 39 37 24 135 3
8304 58 825 163 208 0 0 5 287 437 227987 81 1586 28 40 35 101 -19
8328 58 844 142 208 0 0 2 290 447 228422 81 1567 28 43 35 120 -29
8352 57 801 161 208 0 0 0 292 415 228830 80 1572 38 38 25 115 3
8376 57 844 171 208 0 0 3 289 407 229292 80 1567 42 42 21 120 11
8400 57 823 195 208 0 0 0 292 405 229730 80 1586 38 42 25 101 13
8424 57 844 193 208 0 0 1 291 421 230182 80 1559 38 42 25 128 -3
8448 57 841 166 208 0 0 3 289 415 230633 80 1567 40 35 23 120 3
8472 57 796 132 208 0 0 3 289 427 230953 80 1583 37 36 26 104 -9
8496 57 833 131 208 0 0 3 289 428 231355 79 1571 29 36 34 116 -10
8520 56 826 131 208 0 0 1 291 410 231746 78 1581 41 41 22 106 8
8544 56 828 156 208 0 0 0 292 420 232193 76 1578 35 38 28 109 -2
8568 56 826 151 208 0 0 2 290 404 232609 76 1574 46 45 17 113 14
8592 55 810 178 208 0 0 0 292 433 233004 74 1573 23 42 40 114 -15
8616 55 829 167 208 0 0 6 286 402 233355 73 1563 36 44 27 124 16
8640.0 54 840 174 208 0 0 1 291 406 233766 102 1567 45 49 18 120 12
8664 54 818 172 208 0 0 2 290 420 234169 102 1563 42 36 21 124 -2
8688 53 786 161 208 0 0 3 289 420 234534 101 1588 36 31 27 99 -2
8712 53 752 163 208 0 0 1 291 419 234922 99 1580 38 32 25 107 -1
8736 52 769 145 208 0 0 1 291 439 235280 98 1574 27 29 36 113 -21
8760 51 736 100 208 0 0 0 292 506 235508 98 1582 5 27 58 105 -88
