Time EBV Teff Treg ODC_le1 ODC_le2 ODC_le3 ODC_le4 ODC_le5 NK IL2 DAC Resting_Teff Resting_Treg EffectorMemory Resting_Treg_temp Resting_Teff_temp NK_temp
0.0 0 0 0 0 0 0 0 500 375 1000 0 1687 63 0 0 0 0
24 0 0 0 0 0 0 0 500 342 902 0 1687 63 0 0 0 33
48 0 0 0 0 0 0 0 500 335 820 0 1687 63 0 0 0 40
72 0 0 0 0 0 0 0 500 331 745 0 1687 63 0 0 0 44
96 0 0 0 0 0 0 0 500 335 667 0 1687 63 0 0 0 40
120 0 0 0 0 0 0 0 500 327 599 0 1687 63 0 0 0 48
144 0 0 0 0 0 0 0 500 338 529 0 1687 63 0 0 0 37
168.0 1000 0 0 0 0 0 0 500 335 466 0 1687 63 0 0 0 40
192 339 5593 119 14 30 69 146 241 279 793 0 1204 40 387 23 483 96
216 77 3453 159 96 45 85 127 147 275 335 0 1507 45 460 18 180 100
240 35 1122 174 152 27 54 103 164 304 296 0 1605 39 456 24 82 71
264 21 431 153 163 8 32 71 226 316 331 0 1629 43 445 20 58 59
288 16 271 171 164 0 15 54 267 311 331 0 1655 40 406 23 32 64
312 11 181 180 164 1 3 32 300 313 342 0 1671 39 380 24 16 62
336 11 125 151 165 0 2 15 318 313 374 0 1663 35 380 28 24 62
360 11 162 154 165 0 2 30 303 324 378 0 1662 32 381 31 25 51
384 10 130 166 165 0 1 20 314 321 357 0 1664 45 394 18 23 54
408 10 129 162 165 1 3 22 309 311 366 0 1666 38 385 25 21 64
432 9 134 163 165 0 4 15 316 332 346 0 1673 41 371 22 14 43
456 8 112 178 165 0 0 22 313 330 329 0 1668 38 374 25 19 45
480 8 82 191 165 0 0 12 323 326 325 0 1664 37 349 26 23 49
504 7 93 167 165 0 1 13 321 325 336 0 1673 35 331 28 14 50
528 7 70 164 165 0 0 12 323 324 337 0 1676 41 325 22 11 51
552 7 86 187 165 0 0 13 322 321 320 0 1674 39 318 24 13 54
576 7 98 168 165 0 1 20 314 324 319 0 1669 41 312 22 18 51
600 7 74 158 165 0 0 21 314 331 320 0 1674 37 303 26 13 44
624 6 75 162 165 0 0 11 324 316 330 0 1673 41 296 22 14 59
648 6 67 157 165 0 0 10 325 317 325 0 1678 45 299 18 9 58
672 6 62 159 165 0 0 12 323 310 335 0 1664 43 300 20 23 65
696 5 68 160 165 0 0 19 316 307 299 0 1678 38 306 25 9 68
720 3 42 148 165 0 0 11 324 320 268 0 1678 44 306 19 9 55
744 3 45 138 165 0 0 7 328 330 271 0 1675 45 301 18 12 45
768 3 30 152 165 0 0 5 330 314 252 0 1681 47 302 16 6 61
792 3 34 153 165 0 0 2 333 325 253 0 1677 41 292 22 10 50
816 3 29 155 165 0 0 7 328 326 232 0 1680 42 291 21 7 49
840 3 20 135 165 0 0 3 332 331 228 0 1678 40 292 23 9 44
864 3 28 151 165 0 0 3 332 328 235 0 1673 39 283 24 14 47
888 3 21 144 165 0 0 1 334 329 220 0 1681 43 281 20 6 46
912 3 33 142 165 0 0 5 330 328 230 0 1683 44 273 19 4 47
936 2 25 178 165 0 0 4 331 329 197 0 1682 39 269 24 5 46
960 2 19 162 165 0 0 3 332 315 194 0 1680 40 262 23 7 60
984 2 30 166 165 0 0 2 333 321 197 0 1680 39 254 24 7 54
1008 2 9 148 165 0 0 6 329 323 187 0 1684 44 246 19 3 52
1032 2 16 123 165 0 0 3 332 323 190 0 1682 40 235 23 5 52
1056 2 13 144 165 0 0 4 331 324 187 0 1684 34 234 29 3 51
1080 2 29 146 165 0 0 1 334 318 195 0 1681 41 228 22 6 57
1104 2 16 136 165 0 0 5 330 321 187 0 1683 40 227 23 4 54
1128 2 21 139 165 0 0 4 331 320 190 0 1682 39 222 24 5 55
1152 1 16 149 165 0 0 2 333 309 173 0 1686 45 217 18 1 66
1176 1 9 149 165 0 0 1 334 326 155 0 1686 42 213 21 1 49
1200 1 8 151 165 0 0 3 332 323 136 0 1686 38 213 25 1 52
1224 1 16 129 165 0 0 3 332 335 134 0 1684 44 211 19 3 40
1248 1 11 118 165 0 0 2 333 329 124 0 1686 35 207 28 1 46
1272 1 8 131 165 0 0 1 334 323 128 0 1683 45 207 18 4 52
1296 1 8 133 165 0 0 2 333 329 119 0 1684 43 208 20 3 46
1320 1 5 137 165 0 0 0 335 320 108 0 1686 45 205 18 1 55
1344 1 9 144 165 0 0 1 334 308 119 0 1684 44 205 19 3 67
1368 1 8 152 165 0 0 1 334 309 120 0 1684 35 203 28 3 66
1392 1 8 132 165 0 0 0 335 324 123 0 1682 37 202 26 5 51
1416 1 6 124 165 0 0 2 333 324 117 0 1684 42 204 21 3 51
1440.0 1 5 136 165 0 0 1 334 322 117 30 1685 46 200 17 2 53
1464 1 7 125 165 0 0 2 333 332 116 30 1686 39 198 24 1 43
1488 1 8 123 165 0 0 1 334 328 123 30 1687 33 196 30 0 47
1512 1 5 119 165 0 0 3 332 321 121 29 1686 46 195 17 1 54
1536 1 8 117 165 0 0 2 333 330 126 29 1686 42 187 21 1 45
1560 1 6 128 165 0 0 2 333 321 117 29 1686 39 187 24 1 54
1584 1 7 137 165 0 0 0 335 324 120 27 1685 37 186 26 2 51
1608.0 1001 7 118 165 0 0 2 333 324 125 27 1685 44 181 19 2 51
1632 577 3086 149 166 4 21 79 230 311 4701 27 1050 43 135 20 637 64
1656 263 3785 174 170 13 41 95 181 310 6237 27 1273 40 269 23 414 65
1680 134 3465 184 181 11 40 93 175 323 6416 27 1437 40 400 23 250 52
1704 76 2524 219 191 6 23 72 208 328 5974 27 1537 33 470 30 150 47
1728 51 1773 196 198 7 22 58 215 332 5389 27 1589 40 534 23 98 43
1752 38 1249 178 199 4 13 55 229 332 5018 26 1607 44 545 19 80 43
1776 27 915 210 204 0 8 53 235 332 4609 26 1631 37 557 26 56 43
1800 18 586 193 206 1 6 32 255 341 4238 26 1649 34 562 29 38 34
1824 15 462 234 207 0 1 27 265 322 3971 26 1648 32 541 31 39 53
1848 13 287 200 207 0 2 22 269 325 3743 25 1657 38 529 25 30 50
1872 11 247 176 207 0 1 17 275 343 3545 25 1670 31 512 32 17 32
1896 10 252 181 207 0 1 18 274 341 3382 24 1662 44 483 19 25 34
1920 9 177 190 207 0 0 11 282 350 3198 23 1669 42 457 21 18 25
1944 9 168 197 207 0 0 16 277 348 2955 22 1666 40 481 23 21 27
1968 7 142 187 207 0 1 10 282 345 2758 22 1669 38 479 25 18 30
1992 7 137 193 207 0 0 13 280 335 2556 22 1669 42 466 21 18 40
2016 7 141 208 207 0 1 5 287 327 2412 22 1671 36 451 27 16 48
2040 6 120 199 207 0 0 10 283 346 2250 22 1669 45 438 18 18 29
2064 5 64 185 207 0 0 3 290 341 2093 22 1678 39 443 24 9 34
2088 5 78 174 207 0 0 9 284 343 1979 22 1675 36 425 27 12 32
2112 4 62 167 207 0 0 6 287 340 1866 22 1677 39 414 24 10 35
2136 4 52 158 207 0 0 2 291 333 1740 22 1679 40 410 23 8 42
2160.0 4 50 173 207 0 0 3 290 350 1634 51 1679 37 394 26 8 25
2184 4 45 163 207 0 0 4 289 344 1600 51 1679 46 370 17 8 31
2208 4 47 161 207 0 0 4 289 348 1567 51 1676 39 346 24 11 27
2232 4 41 158 207 0 0 8 285 332 1524 51 1673 39 330 24 14 43
2256 4 42 151 207 0 0 11 282 339 1480 51 1682 41 315 22 5 36
2280 4 37 158 207 0 0 4 289 335 1440 50 1680 38 298 25 7 40
2304 4 38 162 207 0 0 4 289 334 1439 50 1676 42 274 21 11 41
2328 4 47 161 207 0 0 3 290 324 1434 50 1678 42 253 21 9 51
2352 4 47 153 207 0 0 3 290 345 1405 49 1676 40 233 23 11 30
2376 4 36 182 207 0 0 8 285 340 1339 48 1678 40 227 23 9 35
2400 4 37 149 207 0 0 3 290 339 1314 47 1678 40 214 23 9 36
2424 4 37 158 207 0 0 6 287 328 1292 47 1678 34 213 29 9 47
2448 4 47 148 207 0 0 1 292 337 1253 46 1673 43 202 20 14 38
2472 4 52 132 207 0 0 3 290 327 1220 46 1679 42 193 21 8 48
2496 4 48 139 207 0 0 4 289 334 1205 45 1680 36 184 27 7 41
2520 4 31 151 207 0 0 3 290 344 1172 45 1678 39 176 24 9 31
2544 4 38 141 207 0 0 6 287 326 1162 44 1678 35 164 28 9 49
2568 4 35 119 207 0 0 5 288 333 1137 42 1679 45 159 18 8 42
2592 4 26 134 207 0 0 4 289 329 1112 41 1685 34 152 29 2 46
2616 4 45 124 207 0 0 2 291 337 1065 41 1684 39 152 24 3 38
2640 4 42 132 207 0 0 6 287 332 1031 41 1678 42 149 21 9 43
2664 4 37 136 207 0 0 7 286 343 992 40 1677 34 141 29 10 32
2688 4 42 133 207 0 0 5 288 333 970 40 1681 45 133 18 6 42
2712 4 42 141 207 0 1 2 290 327 962 39 1678 43 129 20 9 48
2736 4 35 141 207 0 0 3 290 329 957 39 1676 44 123 19 11 46
2760 4 31 165 207 0 0 1 292 323 936 39 1680 37 118 26 7 52
2784 4 26 171 207 0 0 4 289 324 911 39 1681 38 117 25 6 51
2808 4 32 157 207 0 0 2 291 330 903 39 1681 43 113 20 6 45
2832 4 31 138 207 0 0 4 289 319 875 39 1677 46 116 17 10 56
2856 4 27 125 207 0 0 2 291 331 852 39 1679 47 113 16 8 44
2880.0 4 34 134 207 0 0 9 284 329 840 68 1673 42 112 21 14 46
2904 4 29 126 207 0 0 7 286 324 822 68 1680 44 111 19 7 51
2928 4 28 138 207 0 0 9 284 322 810 68 1683 37 108 26 4 53
2952 4 25 133 207 0 0 3 290 323 793 68 1679 38 106 25 8 52
2976 4 31 132 207 0 0 3 290 331 795 68 1678 39 103 24 9 44
3000 4 42 134 207 0 0 3 290 329 804 68 1672 41 102 22 15 46
3024 4 38 153 207 0 0 3 290 331 804 67 1680 35 98 28 7 44
3048.0 1004 27 143 207 0 0 1 292 320 792 65 1682 41 93 22 5 55
3072 648 2627 140 207 0 13 60 220 317 6187 62 1002 49 33 14 685 58
3096 407 3026 138 209 7 17 51 216 331 10059 60 1128 40 43 23 559 44
3120 273 2744 150 212 2 18 53 215 348 12896 59 1248 38 64 25 439 27
3144 206 2350 182 213 3 9 52 223 333 15060 59 1324 30 62 33 363 42
3168 163 2031 188 213 0 4 36 247 355 16817 59 1387 41 80 22 300 20
3192 142 1808 166 214 0 1 32 253 360 18258 55 1417 47 83 16 270 15
3216 116 1617 163 214 0 4 16 266 356 19449 55 1472 34 89 29 215 19
3240 102 1408 175 214 0 2 23 261 349 20415 52 1481 41 92 22 206 26
3264 87 1260 188 214 0 2 26 258 343 21231 52 1530 46 116 17 157 32
3288 73 1165 165 214 0 2 20 264 365 21882 52 1557 43 117 20 130 10
3312 66 999 192 214 0 2 15 269 343 22465 52 1542 40 121 23 145 32
3336 57 935 184 214 0 1 19 266 360 22891 52 1554 41 128 22 133 15
3360 55 816 177 214 0 1 11 274 353 23307 52 1574 49 129 14 113 22
3384 54 796 177 214 0 0 16 270 358 23765 51 1561 40 123 23 126 17
3408 48 742 162 214 0 0 8 278 354 24051 50 1581 46 137 17 106 21
3432 45 719 189 214 0 0 12 274 359 24352 50 1589 41 134 22 98 16
3456 39 643 186 214 0 0 14 272 365 24587 50 1593 43 131 20 94 10
3480 36 632 172 214 0 0 9 277 374 24737 50 1607 41 136 22 80 1
3504 35 538 196 214 0 0 10 276 365 24845 50 1618 43 133 20 69 10
3528 34 535 194 214 0 1 8 277 353 24982 50 1624 38 138 25 63 22
3552 31 479 198 214 0 0 4 282 369 25048 50 1612 42 120 21 75 6
3576 29 500 188 214 0 0 7 279 357 25107 50 1607 40 131 23 80 18
3600.0 29 494 183 214 0 0 9 277 386 25152 79 1622 35 130 28 65 0
3624 28 446 175 214 0 0 8 278 375 25297 77 1624 42 104 21 63 11
3648 27 393 184 214 0 0 7 279 382 25406 76 1619 29 86 34 68 4
3672 26 367 174 214 0 1 3 282 370 25491 75 1629 37 82 26 58 16
3696 26 343 179 214 0 0 4 282 377 25532 75 1638 34 69 29 49 9
3720 26 354 180 214 0 0 3 283 384 25608 75 1632 46 64 17 55 2
3744 24 342 178 214 0 0 7 279 387 25684 73 1635 40 67 23 52 -1
3768 24 350 166 214 0 0 5 281 382 25698 73 1638 41 67 22 49 4
3792 24 330 164 214 0 0 5 281 366 25753 71 1622 35 64 28 65 20
3816 24 332 165 214 0 0 8 278 374 25787 70 1641 31 60 32 46 12
3840 23 311 184 214 0 0 5 281 368 25746 69 1628 38 54 25 59 18
3864 23 320 147 214 0 0 3 283 379 25756 69 1638 50 55 13 49 7
3888 21 299 173 214 0 0 2 284 367 25784 69 1642 40 57 23 45 19
3912 21 305 185 214 0 0 2 284 390 25722 69 1644 39 53 24 43 -4
3936 20 285 180 214 0 1 5 280 375 25663 65 1642 38 53 25 45 11
3960 20 284 167 214 0 0 2 284 383 25617 65 1641 32 55 31 46 3
3984 19 276 175 214 0 0 8 278 370 25540 65 1638 39 57 24 49 16
4008 18 257 178 214 0 0 4 282 388 25481 62 1631 34 55 29 56 -2
4032 16 257 162 214 0 0 3 283 372 25390 62 1651 39 57 24 36 14
4056 16 210 178 214 0 0 3 283 381 25257 61 1654 38 66 25 33 5
4080 16 233 188 214 0 0 4 282 379 25166 61 1649 38 74 25 38 7
4104 16 226 171 214 0 0 4 282 373 25086 60 1648 46 73 17 39 13
4128 16 234 179 214 0 0 4 282 391 24928 59 1657 42 79 21 30 -5
4152 16 202 181 214 0 0 3 283 385 24818 59 1661 42 77 21 26 1
4176 16 188 183 214 0 0 3 283 380 24692 58 1660 38 78 25 27 6
4200 16 221 190 214 0 0 4 282 383 24540 58 1659 37 82 26 28 3
4224 16 223 189 214 0 0 4 282 404 24394 57 1648 34 83 29 39 -18
4248 16 250 190 214 0 0 3 283 372 24334 57 1648 41 84 22 39 14
4272 16 239 182 214 0 0 1 285 383 24242 57 1651 41 88 22 36 3
4296 15 194 190 214 0 0 2 284 384 24084 57 1660 38 88 25 27 2
4320.0 15 205 187 214 0 0 6 280 380 23919 86 1659 43 97 20 28 6
4344 15 201 181 214 0 0 6 280 383 23830 85 1655 43 82 20 32 3
4368 15 185 164 214 0 0 3 283 379 23706 85 1662 41 78 22 25 7
4392 15 191 161 214 0 0 0 286 366 23630 85 1657 41 70 22 30 20
4416 15 221 185 214 0 0 3 283 375 23530 84 1653 35 64 28 34 11
4440 14 206 167 214 0 0 1 285 382 23432 83 1655 37 61 26 32 4
4464 13 211 176 214 0 0 1 285 384 23303 83 1655 37 60 26 32 2
4488.0 1013 184 184 214 0 0 4 282 373 23159 81 1660 37 59 26 27 13
4512 851 3277 165 214 0 4 25 257 367 28560 80 955 44 22 19 732 19
4536 663 3946 176 215 1 7 45 232 353 33152 80 989 33 28 30 698 33
4560 538 3875 184 215 2 8 41 234 366 37271 80 1069 34 24 29 618 20
4584 429 3702 156 216 1 6 33 244 375 40874 79 1153 41 20 22 534 11
4608 369 3493 139 216 0 0 32 252 363 44209 79 1161 41 28 22 526 23
4632 311 3171 176 216 0 4 26 254 371 47167 77 1213 38 36 25 474 15
4656 266 2857 155 216 0 1 24 259 361 49708 77 1283 37 46 26 404 25
4680 231 2658 159 216 0 1 23 260 376 52071 77 1327 37 42 26 360 10
4704 206 2600 165 216 0 0 19 265 376 54293 77 1316 36 42 27 371 10
4728 184 2437 164 216 0 1 20 263 380 56293 75 1370 47 46 16 317 6
4752 169 2121 162 216 0 0 21 263 393 57987 74 1401 39 51 24 286 -7
4776 162 2037 173 216 0 2 13 269 379 59622 73 1414 41 45 22 273 7
4800 148 1923 162 216 0 0 16 268 383 61133 72 1421 34 48 29 266 3
4824 142 1829 169 216 0 0 12 272 385 62524 72 1439 40 45 23 248 1
4848 134 1762 159 216 0 0 17 267 381 63890 72 1454 39 46 24 233 5
4872 120 1669 180 216 0 0 3 281 380 65110 70 1459 33 50 30 228 6
4896 114 1504 188 216 0 1 10 273 380 66156 70 1493 39 51 24 194 6
4920 111 1509 199 216 0 1 10 273 373 67316 68 1473 42 52 21 214 13
4944 106 1451 150 216 0 0 16 268 450 68208 65 1520 9 66 54 167 -64
4968 104 1516 85 216 0 0 8 276 409 69189 65 1477 18 64 45 210 -23
4992 100 1454 131 216 0 0 5 279 377 70107 65 1483 47 64 16 204 9
5016 97 1474 158 216 0 0 9 275 379 71051 64 1515 40 71 23 172 7
5040.0 93 1377 165 216 0 0 6 278 383 71935 93 1514 33 66 30 173 3
5064 88 1225 158 216 0 0 5 279 382 72738 92 1525 40 43 23 162 4
5088 85 1172 168 216 0 0 5 279 396 73514 91 1521 37 32 26 166 -10
5112 80 1132 177 216 0 0 11 273 381 74274 90 1529 44 28 19 158 5
5136 79 1091 149 216 0 0 8 276 413 74929 89 1534 22 30 41 153 -27
5160 77 1099 162 216 0 0 7 277 383 75690 87 1530 41 27 22 157 3
5184 76 1058 176 216 0 0 7 277 436 76376 84 1514 22 23 41 173 -50
5208 73 1087 118 216 0 0 8 276 406 77049 84 1526 30 30 33 161 -20
5232 72 1039 150 216 0 0 8 276 388 77748 83 1541 35 31 28 146 -2
5256 72 1100 157 216 0 0 4 280 383 78465 82 1549 46 31 17 138 3
5280 66 982 166 216 0 0 6 278 387 79058 82 1553 36 29 27 134 -1
5304 66 942 160 216 0 1 5 278 375 79636 81 1561 41 25 22 126 11
5328 65 928 174 216 0 0 4 280 402 80170 80 1550 37 30 26 137 -16
5352 65 896 146 216 0 0 4 280 400 80684 80 1556 31 30 32 131 -14
5376 64 915 144 216 0 0 4 280 385 81217 80 1537 41 34 22 150 1
5400 62 911 187 216 0 1 5 278 375 81739 79 1562 34 36 29 125 11
5424 58 846 183 216 0 0 5 279 395 82241 79 1571 38 41 25 116 -9
5448 58 898 189 216 0 0 5 279 365 82771 77 1564 42 43 21 123 21
5472 57 825 192 216 0 0 4 280 375 83190 77 1573 39 49 24 114 11
5496 54 827 181 216 0 0 6 278 373 83673 76 1570 37 49 26 117 13
5520 51 775 177 216 0 0 4 280 369 84072 76 1582 42 45 21 105 17
5544 51 767 175 216 0 0 5 279 374 84447 76 1573 39 51 24 114 12
5568 51 740 185 216 0 0 1 283 377 84842 74 1581 38 45 25 106 9
5592 50 732 193 216 0 0 4 280 368 85204 73 1600 40 45 23 87 18
5616 50 696 166 216 0 0 3 281 393 85548 72 1595 45 46 18 92 -7
5640 48 682 179 216 0 0 0 284 390 85855 72 1580 41 51 22 107 -4
5664 46 686 178 216 0 0 4 280 364 86233 72 1592 43 50 20 95 22
5688 46 702 149 216 0 0 2 282 410 86544 72 1571 30 52 33 116 -24
5712 44 656 143 216 0 0 4 280 415 86806 72 1582 28 58 35 105 -29
5736 43 681 115 216 0 0 2 282 412 87008 72 1574 21 53 42 113 -26
5760.0 43 668 112 216 0 0 1 283 390 87255 99 1595 41 54 22 92 0
5784 42 635 151 216 0 0 5 279 396 87507 99 1614 32 48 31 73 -6
5808 40 627 160 216 0 0 5 279 399 87765 97 1614 37 42 26 73 -9
5832 38 567 174 216 0 0 1 283 379 88038 97 1601 37 40 26 86 11
5856 35 600 154 216 0 0 5 279 397 88260 96 1601 37 36 26 86 -7
5880 35 545 190 216 0 0 2 282 382 88416 94 1615 36 33 27 72 8
5904 34 500 187 216 0 0 5 279 379 88518 92 1611 40 31 23 76 11
5928.0 1034 491 194 216 0 0 1 283 380 88689 92 1610 43 32 20 77 10
5952 975 3741 160 216 0 1 6 277 378 94183 92 918 43 12 20 769 12
5976 889 4611 162 216 0 0 10 274 392 99104 90 916 34 16 29 771 -2
6000 804 4704 164 216 0 0 17 267 381 103898 89 993 45 17 18 694 9
6024 723 4740 169 216 0 1 17 266 388 108539 89 994 42 21 21 693 2
6048 663 4718 160 216 0 0 21 263 377 113036 87 983 41 19 22 704 13
6072 598 4388 191 216 0 1 17 266 395 117195 85 1035 34 19 29 652 -5
6096 550 4356 167 216 0 0 13 271 388 121280 84 1062 44 22 19 625 2
6120 501 4149 192 217 0 0 8 275 382 125084 84 1092 39 29 24 595 8
6144 470 3952 190 217 0 0 15 268 367 128702 83 1139 41 32 22 548 23
6168 431 3942 180 217 0 0 17 266 378 132232 81 1161 35 30 28 526 12
6192 403 3769 174 217 0 0 12 271 385 135632 81 1165 35 35 28 522 5
6216 376 3633 164 217 0 0 10 273 392 138810 81 1206 37 35 26 481 -2
6240 354 3565 169 217 0 1 11 271 387 141886 80 1205 39 32 24 482 3
6264 330 3369 180 217 0 2 8 273 379 144823 79 1197 46 33 17 490 11
6288 310 3242 194 217 0 1 10 272 374 147609 77 1241 39 39 24 446 16
6312 292 3104 212 217 0 1 4 278 388 150281 77 1282 44 36 19 405 2
6336 282 3000 161 217 0 0 10 273 429 152782 73 1268 17 52 46 419 -39
6360 267 3018 156 217 0 2 8 273 383 155310 73 1269 36 53 27 418 7
6384 249 2910 157 217 0 1 9 273 400 157703 71 1288 40 44 23 399 -10
6408 237 2840 180 217 0 1 5 277 389 159993 71 1310 42 51 21 377 1
6432 227 2789 192 217 0 0 7 276 386 162201 70 1339 38 44 25 348 4
6456 217 2612 175 217 0 0 9 274 384 164273 69 1345 41 56 22 342 6
6480.0 209 2472 182 217 0 0 7 276 384 166217 98 1358 39 59 24 329 6
6504 202 2421 175 217 0 0 9 274 376 168241 96 1324 47 36 16 363 14
6528 193 2269 181 217 0 0 8 275 391 170155 96 1379 39 35 24 308 -1
6552 187 2255 153 217 0 0 4 279 383 172038 95 1367 43 30 20 320 7
6576 178 2153 180 217 0 0 8 275 392 173796 94 1374 23 29 40 313 -2
6600 170 2069 155 217 0 0 9 274 401 175501 94 1384 35 23 28 303 -11
6624 168 1996 153 217 0 0 4 279 402 177189 94 1409 37 20 26 278 -12
6648 163 2033 161 217 0 0 3 280 411 178868 93 1387 33 18 30 300 -21
6672 154 1949 143 217 0 0 8 275 381 180445 92 1402 35 19 28 285 9
6696 149 1877 159 217 0 0 5 278 400 181953 90 1420 37 21 26 267 -10
6720 147 1916 169 217 0 0 7 276 382 183488 89 1399 37 21 26 288 8
6744 146 1897 173 217 0 0 6 277 389 184958 89 1436 45 22 18 251 1
6768 144 1849 190 217 0 0 3 280 379 186459 89 1447 36 25 27 240 11
6792 143 1768 161 217 0 0 7 276 415 187794 89 1454 33 25 30 233 -25
6816 140 1796 157 217 0 0 3 280 405 189189 87 1447 34 28 29 240 -15
6840 138 1740 176 217 0 0 4 279 395 190569 86 1420 45 26 18 267 -5
6864 137 1734 165 217 0 0 7 276 380 191947 86 1430 43 21 20 257 10
6888 136 1730 153 217 0 0 6 277 401 193250 85 1441 36 21 27 246 -11
6912 132 1691 154 217 0 0 4 279 369 194588 85 1446 41 26 22 241 21
6936 129 1735 158 217 0 0 5 278 382 195950 83 1429 41 31 22 258 8
6960 125 1714 177 217 0 0 4 279 396 197300 82 1444 36 34 27 243 -6
6984 121 1687 179 217 0 0 4 279 411 198462 81 1447 24 35 39 240 -21
7008 117 1574 122 217 0 0 5 278 419 199556 79 1502 15 34 48 185 -29
7032 112 1566 129 217 0 0 2 281 395 200666 79 1467 31 41 32 220 -5
7056 109 1578 151 217 0 0 3 280 367 201778 79 1466 42 38 21 221 23
7080 107 1478 174 217 0 0 3 280 406 202821 77 1495 32 38 31 192 -16
7104 107 1472 163 217 0 0 7 276 388 203915 76 1483 37 35 26 204 2
7128 103 1461 160 217 0 0 0 283 374 204928 76 1481 47 50 16 206 16
7152 101 1381 168 217 0 0 3 280 403 205872 76 1495 36 44 27 192 -13
7176 99 1469 164 217 0 0 3 280 390 206890 74 1492 42 52 21 195 0
7200.0 98 1418 181 217 0 0 1 282 383 207841 102 1503 46 50 17 184 7
7224 96 1312 172 217 0 0 3 280 410 208713 100 1504 23 40 40 183 -20
7248 93 1236 130 217 0 0 1 282 422 209576 97 1497 16 35 47 190 -32
7272 92 1243 146 217 0 0 2 281 391 210465 95 1489 41 32 22 198 -1
7296 91 1211 170 217 0 0 3 280 409 211309 95 1515 28 31 35 172 -19
7320 90 1202 118 217 0 0 2 281 447 212079 95 1511 13 32 50 176 -57
7344 89 1277 68 217 0 0 3 280 444 212927 91 1544 10 24 53 143 -54
7368 87 1175 49 217 0 0 1 282 443 213661 91 1521 10 26 53 166 -53
7392 87 1231 70 217 0 0 5 278 424 214446 89 1514 26 30 37 173 -34
7416 86 1199 97 217 0 0 4 279 409 215203 88 1517 27 28 36 170 -19
7440 85 1200 106 217 0 0 1 282 435 215986 88 1499 15 28 48 188 -45
7464 82 1171 95 217 0 0 2 281 408 216725 86 1540 34 29 29 147 -18
7488 81 1161 126 217 0 0 5 278 402 217508 86 1504 31 27 32 183 -12
7512 81 1136 131 217 0 0 2 281 399 218230 85 1503 34 31 29 184 -9
7536 79 1087 162 217 0 0 3 280 389 218949 85 1533 40 29 23 154 1
7560 79 1130 164 217 0 0 1 282 394 219644 84 1525 52 31 11 162 -4
7584 77 1139 120 217 0 0 2 281 439 220306 84 1536 12 31 51 151 -49
7608 76 1100 94 217 0 0 6 277 437 220975 84 1536 17 29 46 151 -47
7632 75 1076 97 217 0 0 3 280 387 221608 83 1531 35 28 28 156 3
7656 71 1118 139 217 0 0 4 279 390 222344 83 1554 34 31 29 133 0
7680 69 1058 171 217 0 0 2 281 402 222973 82 1546 39 33 24 141 -12
7704 68 992 151 217 0 0 0 283 383 223528 82 1549 33 32 30 138 7
7728 67 940 165 217 0 0 0 283 381 224087 82 1531 33 35 30 156 9
7752 66 926 166 217 0 0 2 281 404 224610 81 1566 23 35 40 121 -14
7776 66 971 156 217 0 0 2 281 382 225176 80 1559 42 36 21 128 8
7800 66 901 173 217 0 0 2 281 384 225701 79 1562 38 36 25 125 6
7824 65 918 181 217 0 0 2 281 383 226233 78 1564 35 39 28 123 7
7848 63 932 164 217 0 0 3 280 396 226778 78 1555 36 43 27 132 -6
7872 62 926 142 217 0 0 3 280 431 227281 76 1564 24 45 39 123 -41
7896 62 904 84 217 0 0 0 283 422 227762 76 1545 25 45 38 142 -32
7920.0 61 893 124 217 0 0 3 280 388 228215 105 1585 43 45 20 102 2
7944 60 850 143 217 0 0 2 281 381 228725 103 1575 43 38 20 112 9
7968 59 835 173 217 0 0 0 283 376 229232 102 1567 44 35 19 120 14
7992 59 844 178 217 0 0 1 282 397 229751 102 1583 40 29 23 104 -7
8016 58 844 185 217 0 0 5 278 390 230227 102 1575 36 27 27 112 0
8040 57 851 175 217 0 0 1 282 381 230726 102 1572 45 27 18 115 9
8064 57 858 183 217 0 0 0 283 395 231215 100 1566 40 26 23 121 -5
8088 55 845 179 217 0 0 1 282 385 231681 100 1568 36 23 27 119 5
8112 55 808 159 217 0 0 1 282 391 232123 100 1571 44 23 19 116 -1
8136 55 758 184 217 0 0 2 281 424 232472 100 1587 22 20 41 100 -34
8160 54 778 149 217 0 0 2 281 388 232872 97 1575 33 23 30 112 2
8184 54 817 157 217 0 0 3 280 402 233269 94 1576 35 21 28 111 -12
8208 53 772 158 217 0 0 0 283 421 233616 93 1571 28 24 35 116 -31
8232 53 816 147 217 0 0 1 282 439 233960 93 1562 19 23 44 125 -49
8256 53 826 74 217 0 1 0 282 424 234347 92 1589 22 26 41 98 -34
8280 53 790 91 217 0 1 3 279 412 234697 90 1580 25 26 38 107 -22
8304 50 807 109 217 0 0 2 281 411 235104 89 1573 30 26 33 114 -21
8328 50 747 130 217 0 0 0 283 424 235420 89 1589 25 29 38 98 -34
8352 50 754 167 217 0 0 3 280 384 235776 88 1582 40 33 23 105 6
8376 50 754 155 217 0 0 2 281 442 236112 87 1575 19 29 44 112 -52
8400 50 729 92 217 0 0 1 282 494 236352 87 1560 2 27 61 127 -104
8424 50 708 55 217 0 0 2 281 457 236655 87 1596 9 24 54 91 -67
8448 50 719 35 217 0 0 0 283 449 236912 86 1571 5 28 58 116 -59
8472 50 752 68 217 0 0 2 281 443 237214 86 1580 18 31 45 107 -53
8496 49 735 77 217 0 0 0 283 421 237537 85 1571 23 25 40 116 -31
8520 48 750 101 217 0 0 1 282 406 237829 84 1569 23 29 40 118 -16
8544 47 729 153 217 0 0 1 282 392 238175 84 1586 38 32 25 101 -2
8568 47 723 153 217 0 0 0 283 397 238504 82 1587 38 33 25 100 -7
8592 47 696 162 217 0 0 2 281 390 238775 79 1587 31 39 32 100 0
8616 47 693 155 217 0 0 1 282 406 239088 79 1595 32 39 31 92 -16
8640.0 46 713 145 217 0 0 1 282 403 239397 108 1588 37 47 26 99 0
8664 46 718 113 217 0 0 5 278 415 239676 107 1568 28 44 35 119 -12
8688 46 671 137 217 0 0 0 283 417 239937 106 1588 33 42 30 99 -14
8712 46 688 117 217 0 0 0 283 466 240134 106 1586 9 38 54 101 -63
8736 45 684 80 217 0 0 2 281 451 240414 103 1589 15 36 48 98 -48
8760 44 627 72 217 0 0 3 280 447 240579 102 1608 13 31 50 79 -44
