Time EBV Teff Treg ODC_le1 ODC_le2 ODC_le3 ODC_le4 ODC_le5 NK IL2 DAC Resting_Teff Resting_Treg EffectorMemory Resting_Treg_temp Resting_Teff_temp NK_temp
0.0 0 0 0 0 0 0 0 500 375 1000 0 1687 63 0 0 0 0
24 0 0 0 0 0 0 0 500 329 916 0 1687 63 0 0 0 46
48 0 0 0 0 0 0 0 500 337 828 0 1687 63 0 0 0 38
72 0 0 0 0 0 0 0 500 336 768 0 1687 63 0 0 0 39
96 0 0 0 0 0 0 0 500 324 674 0 1687 63 0 0 0 51
120 0 0 0 0 0 0 0 500 331 614 0 1687 63 0 0 0 44
144 0 0 0 0 0 0 0 500 329 548 0 1687 63 0 0 0 46
168.0 1000 0 0 0 0 0 0 500 322 493 0 1687 63 0 0 0 53
192 383 5599 103 15 25 76 146 238 266 825 0 1160 45 400 18 527 109
216 98 4028 147 90 40 88 119 163 271 371 0 1487 37 448 26 200 104
240 35 1323 171 151 19 46 97 187 282 292 0 1608 37 482 26 79 93
264 22 475 163 161 6 23 80 230 301 324 0 1625 39 443 24 62 74
288 14 208 169 162 0 6 42 290 310 362 0 1653 48 422 15 34 65
312 12 141 175 162 0 2 26 310 322 370 0 1659 43 401 20 28 53
336 10 110 195 162 0 3 19 316 314 347 0 1671 46 395 17 16 61
360 9 116 185 162 0 2 27 309 316 355 0 1672 38 374 25 15 59
384 7 63 162 162 0 0 11 327 323 341 0 1675 40 366 23 12 52
408 6 82 175 162 0 0 11 327 321 326 0 1669 33 359 30 18 54
432 6 63 157 162 0 0 9 329 317 314 0 1674 49 360 14 13 58
456 6 89 139 162 0 0 5 333 326 302 0 1674 44 347 19 13 49
480 6 79 160 162 0 2 18 318 332 313 0 1676 42 332 21 11 43
504 6 45 170 162 0 2 15 321 325 308 0 1671 38 323 25 16 50
528 6 58 168 162 0 0 16 322 329 325 0 1674 43 316 20 13 46
552 5 71 179 162 0 1 15 322 317 325 0 1678 42 305 21 9 58
576 5 43 163 162 0 0 8 330 321 300 0 1677 42 300 21 10 54
600 5 53 176 162 0 0 6 332 316 311 0 1680 45 287 18 7 59
624 5 49 177 162 0 0 11 327 321 305 0 1679 46 286 17 8 54
648 5 42 155 162 0 1 8 329 329 296 0 1676 43 281 20 11 46
672 5 47 160 162 0 1 8 329 315 283 0 1677 39 261 24 10 60
696 5 48 149 162 0 0 7 331 324 268 0 1677 47 257 16 10 51
720 5 48 157 162 0 1 5 332 326 290 0 1675 43 247 20 12 49
744 5 44 153 162 0 0 9 329 327 291 0 1677 46 235 17 10 48
768 5 68 161 162 0 0 9 329 328 300 0 1672 40 236 23 15 47
792 5 39 172 162 0 0 6 332 309 296 0 1679 42 240 21 8 66
816 5 53 164 162 0 0 9 329 315 315 0 1677 37 232 26 10 60
840 5 50 157 162 0 0 5 333 325 294 0 1679 42 227 21 8 50
864 5 59 184 162 0 0 6 332 319 287 0 1672 40 234 23 15 56
888 5 51 162 162 0 0 11 327 320 262 0 1679 36 235 27 8 55
912 5 46 134 162 0 0 13 325 328 269 0 1678 44 227 19 9 47
936 5 40 167 162 0 0 7 331 332 270 0 1677 39 231 24 10 43
960 5 61 151 162 0 0 6 332 324 268 0 1679 46 229 17 8 51
984 4 55 140 162 0 0 9 329 325 252 0 1677 39 238 24 10 50
1008 4 51 155 162 0 0 6 332 323 259 0 1682 40 233 23 5 52
1032 3 22 158 162 0 0 2 336 323 251 0 1679 38 230 25 8 52
1056 3 26 138 162 0 0 6 332 322 238 0 1680 41 232 22 7 53
1080 3 26 143 162 0 0 9 329 328 245 0 1680 38 228 25 7 47
1104 3 27 138 162 0 0 6 332 316 232 0 1684 45 228 18 3 59
1128 3 32 137 162 0 0 4 334 314 230 0 1679 38 225 25 8 61
1152 2 28 161 162 0 0 6 332 317 218 0 1684 33 216 30 3 58
1176 2 16 138 162 0 0 3 335 324 203 0 1684 41 217 22 3 51
1200 2 16 145 162 0 0 2 336 324 197 0 1681 42 213 21 6 51
1224 2 26 142 162 0 0 1 337 318 192 0 1683 42 210 21 4 57
1248 2 15 149 162 0 0 1 337 318 169 0 1683 44 209 19 4 57
1272 2 10 151 162 0 0 3 335 326 153 0 1684 45 202 18 3 49
1296 2 17 132 162 0 0 0 338 317 162 0 1681 45 199 18 6 58
1320 2 16 141 162 0 0 5 333 307 162 0 1682 49 200 14 5 68
1344 2 12 135 162 0 0 6 332 328 170 0 1683 43 194 20 4 47
1368 2 15 119 162 0 0 5 333 332 171 0 1685 49 190 14 2 43
1392 2 9 137 162 0 0 2 336 320 159 0 1683 40 189 23 4 55
1416 2 21 143 162 0 0 3 335 329 177 0 1680 43 185 20 7 46
1440.0 2 18 135 162 0 0 3 335 321 165 30 1684 45 182 18 3 54
1464 2 15 134 162 0 0 2 336 308 185 30 1684 43 178 20 3 67
1488 2 11 130 162 0 0 0 338 317 202 28 1682 48 175 15 5 58
1512 2 18 146 162 0 0 0 338 318 215 28 1680 43 171 20 7 57
1536 2 21 150 162 0 0 2 336 314 225 27 1679 42 165 21 8 61
1560 2 17 132 162 0 0 2 336 330 232 27 1681 40 164 23 6 45
1584 2 8 133 162 0 0 4 334 332 226 26 1685 41 164 22 2 43
1608.0 1002 13 141 162 0 0 2 336 320 238 25 1682 44 160 19 5 55
1632 554 2994 155 163 3 27 73 234 310 4491 25 1055 42 149 21 632 65
1656 271 4114 177 169 10 36 97 188 325 5837 25 1233 39 270 24 454 50
1680 129 3649 193 181 15 40 80 184 306 5448 25 1444 43 435 20 243 69
1704 66 2701 179 198 11 35 66 190 308 4748 25 1542 38 524 25 145 67
1728 30 1559 178 203 6 15 77 199 315 3802 25 1622 40 722 23 65 60
1752 16 860 192 205 4 9 44 238 338 3348 25 1652 39 716 24 35 37
1776 15 537 176 206 2 8 32 252 338 3033 25 1651 47 704 16 36 37
1800 12 388 193 207 0 2 19 272 325 2832 24 1664 42 665 21 23 50
1824 12 289 177 207 0 3 22 268 331 2700 23 1655 37 607 26 32 44
1848 7 211 184 207 0 0 16 277 346 2567 23 1665 39 557 24 22 29
1872 5 133 174 207 0 0 10 283 328 2342 23 1674 37 576 26 13 47
1896 5 103 184 207 0 0 10 283 349 2207 23 1675 41 559 22 12 26
1920 4 85 170 207 0 0 8 285 341 2055 22 1674 34 552 29 13 34
1944 4 65 179 207 0 1 7 285 340 1912 21 1675 35 542 28 12 35
1968 3 49 164 207 0 0 7 286 331 1767 21 1682 39 541 24 5 44
1992 3 49 174 207 0 0 4 289 349 1643 21 1683 40 528 23 4 26
2016 3 62 191 207 0 0 7 286 329 1549 21 1680 37 511 26 7 46
2040 3 61 175 207 0 0 6 287 330 1427 21 1682 40 511 23 5 45
2064 3 51 167 207 0 1 10 282 334 1340 21 1678 36 502 27 9 41
2088 3 50 164 207 0 0 10 283 336 1232 19 1683 38 492 25 4 39
2112 3 42 163 207 0 0 6 287 338 1164 19 1682 38 475 25 5 37
2136 3 47 162 207 0 0 9 284 331 1085 19 1680 36 451 27 7 44
2160.0 3 53 180 207 0 0 12 281 324 1011 49 1681 40 441 23 6 51
2184 3 25 166 207 0 0 3 290 330 970 49 1683 41 427 22 4 45
2208 3 34 160 207 0 0 5 288 324 964 49 1678 40 399 23 9 51
2232 3 30 127 207 0 0 4 289 332 933 48 1681 49 381 14 6 43
2256 3 28 141 207 0 0 5 288 335 918 47 1683 48 365 15 4 40
2280 3 31 145 207 0 0 2 291 337 902 47 1677 44 350 19 10 38
2304 3 36 160 207 0 1 3 289 330 890 47 1678 43 336 20 9 45
2328 3 36 137 207 0 0 0 293 324 873 46 1678 37 327 26 9 51
2352 3 34 147 207 0 1 4 288 332 844 45 1680 45 316 18 7 43
2376 3 29 159 207 0 0 1 292 321 836 44 1681 36 306 27 6 54
2400 3 29 144 207 0 0 3 290 325 818 44 1685 39 288 24 2 50
2424 3 40 143 207 0 0 3 290 320 808 43 1680 42 277 21 7 55
2448 3 30 133 207 0 0 2 291 321 792 43 1679 44 269 19 8 54
2472 3 32 150 207 0 0 5 288 333 778 42 1682 43 262 20 5 42
2496 3 26 144 207 0 0 2 291 326 743 42 1679 41 249 22 8 49
2520 3 33 138 207 0 0 7 286 330 720 41 1677 40 241 23 10 45
2544 3 25 143 207 0 0 5 288 333 706 41 1679 45 234 18 8 42
2568 3 21 141 207 0 0 1 292 335 679 41 1682 42 227 21 5 40
2592 3 36 138 207 0 0 4 289 322 684 41 1679 41 212 22 8 53
2616 3 40 135 207 0 0 1 292 331 671 40 1674 35 211 28 13 44
2640 3 28 135 207 0 0 4 289 334 649 40 1682 42 203 21 5 41
2664 3 30 144 207 0 0 3 290 321 646 39 1679 36 196 27 8 54
2688 3 37 128 207 0 0 8 285 322 656 38 1678 44 191 19 9 53
2712 3 25 132 207 0 0 6 287 331 643 36 1680 40 183 23 7 44
2736 3 24 136 207 0 0 1 292 333 621 34 1683 35 178 28 4 42
2760 3 32 141 207 0 0 3 290 328 609 34 1682 42 172 21 5 47
2784 3 28 164 207 0 0 9 284 326 597 34 1683 44 168 19 4 49
2808 3 25 159 207 0 0 3 290 323 583 34 1679 40 165 23 8 52
2832 3 23 133 207 0 0 5 288 331 574 34 1681 46 161 17 6 44
2856 3 22 131 207 0 0 4 289 335 571 33 1681 37 158 26 6 40
2880.0 3 25 137 207 0 0 4 289 326 548 63 1685 41 153 22 2 49
2904 3 26 143 207 0 0 3 290 326 537 63 1680 34 149 29 7 49
2928 3 28 131 207 0 0 5 288 306 543 63 1676 36 145 27 11 69
2952 3 22 153 207 0 0 4 289 322 543 63 1682 35 141 28 5 53
2976 3 26 130 207 0 0 3 290 329 531 63 1678 43 138 20 9 46
3000 3 29 128 207 0 0 5 288 318 527 63 1681 43 133 20 6 57
3024 3 27 138 207 0 0 2 291 334 521 62 1680 37 131 26 7 41
3048.0 1003 20 148 207 0 0 3 290 316 512 61 1682 40 128 23 5 59
3072 639 2584 147 210 1 12 58 219 312 5775 61 1002 41 36 22 685 63
3096 421 2873 165 212 4 16 58 210 324 9614 61 1151 44 35 19 536 51
3120 280 2722 160 212 6 17 65 200 332 12611 60 1269 40 57 23 418 43
3144 190 2261 175 213 2 9 45 231 349 14753 58 1363 38 78 25 324 26
3168 149 1877 171 213 1 5 33 248 341 16341 58 1424 43 89 20 263 34
3192 121 1585 160 213 1 3 41 242 354 17668 57 1434 42 79 21 253 21
3216 109 1466 175 213 0 3 39 245 360 18749 56 1485 38 82 25 202 15
3240 94 1363 173 213 0 1 29 257 354 19688 54 1508 34 85 29 179 21
3264 81 1197 165 213 0 1 24 262 358 20407 54 1538 39 104 24 149 17
3288 71 1058 168 213 0 3 24 260 358 21001 53 1541 33 114 30 146 17
3312 66 954 166 213 0 2 16 269 344 21527 52 1564 43 120 20 123 31
3336 64 977 186 213 1 0 20 266 344 22035 52 1559 36 128 27 128 31
3360 57 913 199 213 0 2 11 274 357 22453 52 1580 42 127 21 107 18
3384 56 881 198 213 1 1 17 268 358 22938 52 1557 39 119 24 130 17
3408 54 833 193 213 0 1 12 274 369 23327 51 1572 43 117 20 115 6
3432 51 751 195 213 0 0 11 276 359 23720 50 1568 38 106 25 119 16
3456 48 706 193 213 0 4 11 272 367 24005 49 1584 39 126 24 103 8
3480 45 666 187 213 0 1 16 270 362 24217 47 1586 40 136 23 101 13
3504 44 707 171 213 0 0 8 279 371 24377 47 1602 42 142 21 85 4
3528 39 633 191 213 0 0 12 275 353 24521 47 1598 47 153 16 89 22
3552 38 665 181 213 0 0 11 276 365 24658 46 1614 35 157 28 73 10
3576 36 613 204 213 0 0 7 280 362 24730 45 1622 34 173 29 65 13
3600.0 33 635 189 213 0 0 9 278 353 24846 75 1606 39 159 24 81 22
3624 31 487 202 213 0 0 4 283 365 25007 75 1612 45 121 18 75 10
3648 29 447 164 213 0 0 6 281 372 25186 75 1618 40 100 23 69 3
3672 29 428 164 213 0 0 6 281 369 25333 75 1616 38 87 25 71 6
3696 26 377 196 213 0 0 4 283 374 25393 74 1621 39 76 24 66 1
3720 26 380 186 213 0 0 11 276 374 25449 73 1630 30 65 33 57 1
3744 25 355 146 213 0 0 5 282 377 25449 73 1638 43 58 20 49 -2
3768 25 343 177 213 0 0 6 281 363 25511 73 1641 41 49 22 46 12
3792 25 342 169 213 0 0 7 280 369 25555 71 1638 41 49 22 49 6
3816 21 322 183 213 0 0 4 283 365 25619 71 1634 33 49 30 53 10
3840 21 306 180 213 0 0 1 286 372 25582 70 1635 45 51 18 52 3
3864 20 267 176 213 0 0 3 284 365 25500 70 1644 39 55 24 43 10
3888 19 259 168 213 0 0 1 286 356 25442 69 1651 39 53 24 36 19
3912 18 261 156 213 0 0 4 283 380 25405 67 1644 33 56 30 43 -5
3936 18 271 184 213 0 0 7 280 361 25364 67 1649 35 54 28 38 14
3960 18 270 156 213 0 0 2 285 366 25301 67 1637 44 50 19 50 9
3984 18 257 173 213 0 0 7 280 370 25233 66 1650 38 48 25 37 5
4008 18 256 178 213 0 0 8 279 371 25151 65 1651 36 46 27 36 4
4032 17 235 175 213 0 1 7 279 375 25020 65 1655 41 48 22 32 0
4056 15 228 171 213 0 0 4 283 376 24925 65 1661 33 47 30 26 -1
4080 15 232 165 213 0 0 3 284 372 24809 65 1644 41 52 22 43 3
4104 15 236 161 213 0 0 3 284 372 24664 64 1653 44 59 19 34 3
4128 14 211 190 213 0 0 6 281 367 24561 64 1657 29 60 34 30 8
4152 14 184 182 213 0 0 3 284 365 24439 64 1658 36 57 27 29 10
4176 14 189 177 213 0 0 1 286 370 24314 62 1655 38 55 25 32 5
4200 14 207 154 213 0 0 5 282 369 24205 61 1663 38 59 25 24 6
4224 13 187 154 213 0 0 3 284 370 24063 60 1656 33 63 30 31 5
4248 13 163 159 213 0 0 0 287 370 23886 60 1668 38 62 25 19 5
4272 13 173 170 213 0 0 2 285 370 23735 60 1650 36 66 27 37 5
4296 13 181 177 213 0 0 3 284 355 23590 59 1652 44 68 19 35 20
4320.0 13 177 173 213 0 0 0 287 359 23483 87 1666 40 74 23 21 16
4344 13 161 150 213 0 1 6 280 359 23382 87 1667 37 72 26 20 16
4368 12 167 171 213 0 0 3 284 374 23254 86 1660 34 66 29 27 1
4392 12 159 174 213 0 0 1 286 371 23141 83 1655 42 64 21 32 4
4416 12 187 172 213 0 0 1 286 364 23033 83 1648 39 59 24 39 11
4440 12 172 156 213 0 0 1 286 370 22866 80 1665 33 57 30 22 5
4464 12 175 175 213 0 0 3 284 367 22735 80 1661 41 56 22 26 8
4488.0 1012 177 172 213 0 0 4 283 362 22604 79 1663 43 53 20 24 13
4512 857 3303 164 213 0 1 18 268 363 28000 77 948 42 27 21 739 12
4536 685 4020 182 213 1 3 43 240 359 32660 73 1036 34 33 29 651 16
4560 522 4042 189 213 0 1 36 250 361 36846 73 1050 38 35 25 637 14
4584 412 3682 200 213 0 4 24 259 351 40431 73 1138 40 32 23 549 24
4608 345 3400 192 213 0 2 27 258 363 43565 71 1198 33 47 30 489 12
4632 304 3067 168 213 0 0 30 257 396 46395 69 1272 27 46 36 415 -21
4656 266 2942 176 213 0 1 23 263 368 48955 68 1281 42 44 21 406 7
4680 231 2668 181 213 0 1 22 264 363 51237 68 1327 43 48 20 360 12
4704 212 2438 170 213 1 0 15 271 368 53260 68 1355 47 52 16 332 7
4728 196 2275 167 213 0 0 21 266 385 55133 67 1352 35 59 28 335 -10
4752 183 2194 167 213 0 1 17 269 381 56859 67 1376 33 57 30 311 -6
4776 172 2219 169 213 0 1 15 271 364 58560 66 1374 38 58 25 313 11
4800 154 2038 192 213 0 1 16 270 372 60089 66 1428 39 61 24 259 3
4824 139 1928 148 213 0 0 10 277 371 61493 65 1418 45 68 18 269 4
4848 132 1875 170 213 0 0 19 268 366 62871 65 1426 37 69 26 261 9
4872 127 1762 173 213 0 0 13 274 375 64071 64 1432 40 69 23 255 0
4896 120 1695 185 213 0 0 12 275 370 65292 63 1450 39 82 24 237 5
4920 116 1644 207 213 0 0 9 278 383 66375 62 1480 31 70 32 207 -8
4944 113 1586 171 213 0 0 13 274 378 67489 62 1457 37 67 26 230 -3
4968 106 1514 177 213 0 0 11 276 380 68438 62 1486 35 72 28 201 -5
4992 104 1386 178 213 0 0 18 269 371 69379 62 1513 26 70 37 174 4
5016 100 1465 164 213 0 0 7 280 389 70286 62 1496 33 72 30 191 -14
5040.0 94 1443 191 213 0 0 9 278 362 71220 91 1490 36 76 27 197 13
5064 91 1343 166 213 0 0 7 280 361 72213 89 1498 44 56 19 189 14
5088 89 1263 158 213 0 1 7 279 365 73076 89 1529 32 45 31 158 10
5112 85 1244 161 213 0 0 15 272 374 73967 85 1529 42 36 21 158 1
5136 82 1216 162 213 0 0 5 282 382 74782 84 1523 29 37 34 164 -7
5160 82 1137 162 213 0 0 4 283 359 75545 82 1548 37 34 26 139 16
5184 82 1140 155 213 0 0 4 283 374 76307 82 1523 40 33 23 164 1
5208 79 1099 154 213 0 0 7 280 365 77080 82 1498 40 33 23 189 10
5232 76 1056 155 213 0 0 5 282 365 77781 82 1539 38 36 25 148 10
5256 75 1062 162 213 0 0 12 275 365 78526 82 1519 40 38 23 168 10
5280 75 1046 152 213 0 0 2 285 360 79202 79 1553 42 40 21 134 15
5304 71 1088 181 213 0 0 5 282 369 79965 79 1538 41 40 22 149 6
5328 71 1076 162 213 0 0 5 282 386 80589 79 1530 35 37 28 157 -11
5352 71 1034 170 213 0 0 8 279 361 81263 78 1547 37 39 26 140 14
5376 70 1036 159 213 0 1 2 284 373 81861 77 1542 36 43 27 145 2
5400 68 1022 174 213 0 0 2 285 364 82481 75 1549 33 44 30 138 11
5424 66 948 159 213 0 0 3 284 375 83043 74 1545 34 46 29 142 0
5448 65 931 150 213 0 0 1 286 384 83634 73 1544 36 43 27 143 -9
5472 64 950 171 213 0 0 2 285 399 84201 72 1556 40 39 23 131 -24
5496 61 899 144 213 0 1 1 285 412 84641 71 1563 24 48 39 124 -37
5520 59 863 109 213 0 1 1 285 398 85029 70 1581 29 50 34 106 -23
5544 59 897 137 213 0 0 4 283 395 85457 68 1548 30 55 33 139 -20
5568 58 858 151 213 0 0 3 284 370 85873 68 1570 41 56 22 117 5
5592 56 861 174 213 0 0 4 283 372 86372 66 1565 39 52 24 122 3
5616 55 820 137 213 0 0 4 283 371 86761 65 1573 43 57 20 114 4
5640 53 817 156 213 0 0 6 281 382 87074 65 1571 32 67 31 116 -7
5664 53 779 170 213 0 0 3 284 370 87436 65 1585 41 70 22 102 5
5688 51 764 169 213 0 0 2 285 390 87805 65 1594 40 58 23 93 -15
5712 48 773 134 213 0 0 3 284 400 88058 65 1584 21 73 42 103 -25
5736 48 789 148 213 0 0 6 281 373 88419 64 1580 37 65 26 107 2
5760.0 47 785 189 213 0 0 3 284 362 88764 93 1586 39 68 24 101 13
5784 47 715 183 213 0 0 3 284 379 89093 92 1595 37 61 26 92 -4
5808 46 692 175 213 0 0 4 283 393 89436 90 1584 39 54 24 103 -18
5832 46 649 173 213 0 0 2 285 406 89717 89 1589 27 42 36 98 -31
5856 45 611 156 213 0 0 2 285 363 90042 86 1584 44 36 19 103 12
5880 45 635 143 213 0 0 3 284 369 90360 83 1599 38 36 25 88 6
5904 44 644 163 213 0 0 3 284 386 90669 80 1602 39 31 24 85 -11
5928.0 1044 646 163 213 0 0 6 281 390 90897 79 1591 33 35 30 96 0
5952 999 3804 159 213 0 1 17 269 387 96290 77 929 38 28 25 758 3
5976 911 4739 156 213 0 2 18 267 373 101262 76 932 48 34 15 755 17
6000 819 4855 171 213 0 1 15 271 379 105981 75 976 39 28 24 711 11
6024 735 4971 155 213 0 0 16 271 383 110444 74 987 40 34 23 700 7
6048 673 4828 158 213 0 2 18 267 376 114806 74 976 36 40 27 711 14
6072 621 4655 162 213 0 0 8 279 378 118947 74 1059 35 38 28 628 12
6096 566 4563 175 213 0 0 17 270 378 123001 72 1088 39 44 24 599 12
6120 526 4384 194 213 0 0 9 278 385 126735 71 1107 40 47 23 580 5
6144 488 4315 190 213 0 0 10 277 378 130541 71 1124 46 46 17 563 12
6168 458 3988 209 213 0 1 8 278 384 134068 70 1123 30 39 33 564 6
6192 433 3877 200 213 0 0 11 276 380 137430 69 1135 37 44 26 552 10
6216 411 3899 184 213 0 0 13 274 378 140685 69 1144 45 64 18 543 12
6240 392 3799 190 213 0 0 5 282 370 143795 68 1198 37 55 26 489 20
6264 368 3702 194 213 0 0 10 277 376 146883 67 1200 39 54 24 487 14
6288 349 3594 168 213 0 0 14 273 383 149785 67 1236 36 62 27 451 7
6312 336 3514 170 213 0 0 10 277 399 152547 65 1192 32 50 31 495 -9
6336 318 3470 164 213 0 1 5 281 381 155216 64 1243 41 63 22 444 9
6360 299 3357 162 213 0 1 10 276 397 157689 62 1259 41 66 22 428 -7
6384 287 3275 145 213 0 0 8 279 385 160116 62 1285 46 79 17 402 5
6408 274 3270 166 213 0 1 8 278 377 162602 62 1241 44 79 19 446 13
6432 265 3173 168 213 0 1 9 277 383 164983 62 1293 42 66 21 394 7
6456 252 2999 179 213 0 0 4 283 388 167213 62 1288 33 71 30 399 2
6480.0 239 2990 173 213 0 0 5 282 393 169233 87 1296 43 85 20 391 0
6504 228 2791 175 213 0 0 8 279 390 171451 85 1317 40 48 23 370 3
6528 220 2673 169 213 0 0 11 276 375 173564 83 1336 33 36 30 351 18
6552 205 2529 185 213 0 0 4 283 378 175647 82 1342 41 36 22 345 15
6576 197 2421 184 213 0 0 9 278 378 177601 81 1382 41 32 22 305 15
6600 190 2310 186 213 0 1 3 283 387 179440 80 1374 37 30 26 313 6
6624 185 2259 184 213 0 0 6 281 397 181233 80 1391 43 33 20 296 -4
6648 182 2208 167 213 0 0 8 279 398 183018 79 1382 33 30 30 305 -5
6672 175 2125 151 213 0 1 7 279 399 184684 79 1367 32 38 31 320 -6
6696 167 2136 98 213 0 1 4 282 419 186289 77 1357 30 46 33 330 -26
6720 162 2078 96 213 0 0 3 284 449 187839 76 1422 13 34 50 265 -56
6744 160 1985 121 213 0 0 4 283 400 189332 76 1410 37 34 26 277 -7
6768 157 1995 154 213 0 0 6 281 394 190892 74 1412 45 41 18 275 -1
6792 153 1944 129 213 0 0 3 284 419 192380 74 1410 32 48 31 277 -26
6816 151 1936 142 213 0 0 5 282 400 193827 74 1410 35 41 28 277 -7
6840 151 2001 143 213 0 1 3 283 393 195258 74 1430 45 38 18 257 0
6864 147 1920 152 213 0 1 1 285 400 196676 72 1451 45 51 18 236 -7
6888 144 1927 161 213 0 1 5 281 395 198050 71 1439 39 55 24 248 -2
6912 143 1844 182 213 0 0 1 286 405 199470 70 1432 38 48 25 255 -12
6936 142 1871 152 213 0 0 2 285 393 200862 70 1414 41 53 22 273 0
6960 139 1890 159 213 0 0 4 283 387 202233 69 1436 45 60 18 251 6
6984 136 1840 167 213 0 0 3 284 386 203607 69 1421 42 67 21 266 7
7008 134 1776 166 213 0 0 5 282 398 204840 68 1439 36 62 27 248 -5
7032 130 1743 144 213 0 0 8 279 420 205994 67 1453 26 67 37 234 -27
7056 129 1744 135 213 0 0 5 282 405 207217 66 1438 29 68 34 249 -12
7080 123 1725 155 213 0 0 3 284 400 208417 65 1457 36 67 27 230 -7
7104 123 1708 158 213 0 0 6 281 385 209535 64 1464 36 79 27 223 8
7128 122 1712 175 213 0 0 4 283 398 210684 64 1461 36 75 27 226 -5
7152 119 1747 170 213 0 0 0 287 383 211858 63 1460 43 68 20 227 10
7176 119 1791 163 213 0 0 5 282 382 212962 61 1455 35 77 28 232 11
7200.0 116 1826 158 213 0 0 4 283 393 214012 90 1447 44 81 19 240 0
7224 114 1686 167 213 0 0 5 282 387 215239 90 1458 40 56 23 229 6
7248 112 1529 179 213 0 0 3 284 395 216402 88 1464 41 43 22 223 -2
7272 110 1473 164 213 0 0 3 284 397 217517 88 1476 40 35 23 211 -4
7296 109 1531 146 213 0 0 1 286 425 218593 87 1481 22 35 41 206 -32
7320 107 1504 104 213 0 0 4 283 416 219650 86 1468 28 31 35 219 -23
7344 107 1500 136 213 0 0 3 284 386 220748 85 1473 38 25 25 214 7
7368 106 1442 152 213 0 0 2 285 387 221716 84 1482 36 28 27 205 6
7392 105 1363 158 213 0 0 2 285 398 222670 84 1491 36 31 27 196 -5
7416 103 1342 129 213 0 0 4 283 440 223577 83 1518 10 27 53 169 -47
7440 102 1379 139 213 0 0 1 286 398 224539 83 1475 37 26 26 212 -5
7464 102 1367 166 213 0 0 0 287 399 225491 83 1492 39 26 24 195 -6
7488 100 1396 145 213 0 0 3 284 394 226448 82 1510 29 29 34 177 -1
7512 100 1403 152 213 0 0 3 284 399 227409 81 1509 43 32 20 178 -6
7536 100 1398 167 213 0 0 1 286 395 228326 81 1498 40 34 23 189 -2
7560 99 1419 184 213 0 0 1 286 386 229348 79 1492 40 35 23 195 7
7584 99 1378 168 213 0 0 2 285 406 230245 79 1516 38 29 25 171 -13
7608 97 1352 176 213 0 0 3 284 393 231088 78 1519 38 35 25 168 0
7632 97 1312 187 213 0 0 4 283 403 231969 77 1504 36 31 27 183 -10
7656 95 1350 171 213 0 0 3 284 412 232838 76 1490 33 35 30 197 -19
7680 95 1367 136 213 0 0 6 281 431 233628 74 1503 28 47 35 184 -38
7704 92 1302 153 213 0 0 1 286 381 234461 74 1500 35 47 28 187 12
7728 89 1351 145 213 0 0 1 286 404 235303 74 1510 37 44 26 177 -11
7752 86 1288 133 213 0 0 3 284 399 236081 73 1524 36 45 27 163 -6
7776 85 1260 135 213 0 0 2 285 440 236776 72 1525 14 43 49 162 -47
7800 84 1288 86 213 0 0 1 286 438 237506 69 1513 12 49 51 174 -45
7824 83 1218 96 213 0 0 2 285 417 238199 69 1528 21 54 42 159 -24
7848 83 1185 97 213 0 0 1 286 435 238844 68 1509 13 61 50 178 -42
7872 82 1275 99 213 0 0 1 286 425 239557 68 1520 25 64 38 167 -32
7896 81 1293 119 213 0 0 6 281 411 240263 68 1506 30 55 33 181 -18
7920.0 80 1235 113 213 0 0 2 285 424 240927 98 1531 22 62 41 156 0
7944 78 1127 153 213 0 0 0 287 424 241653 97 1524 40 46 23 163 0
7968 78 1119 175 213 0 0 4 283 409 242400 97 1539 37 37 26 148 15
7992 77 1138 158 213 0 0 1 286 419 243108 97 1530 39 29 24 157 5
8016 77 1137 168 213 0 0 2 285 443 243830 96 1549 33 28 30 138 -19
8040 76 1117 137 213 0 0 5 282 441 244546 96 1525 33 29 30 162 -17
8064 76 1069 153 213 0 0 1 286 441 245190 94 1540 36 29 27 147 -17
8088 76 1071 168 213 0 0 3 284 412 245836 93 1553 40 25 23 134 12
8112 76 1064 166 213 0 0 1 286 454 246471 91 1538 24 27 39 149 -30
8136 74 1023 99 213 0 0 2 285 466 247053 91 1532 19 27 44 155 -42
8160 73 1098 74 213 0 0 2 285 436 247660 91 1516 32 25 31 171 -12
8184 73 1093 115 213 0 0 4 283 433 248246 89 1533 42 21 21 154 -9
8208 70 1032 143 213 0 0 1 286 457 248806 88 1520 23 23 40 167 -33
8232 68 977 111 213 0 0 2 285 448 249293 88 1567 25 25 38 120 -24
8256 65 972 145 213 0 0 0 287 427 249792 88 1543 42 27 21 144 -3
8280 60 950 158 213 0 0 2 285 456 250280 87 1554 31 30 32 133 -32
8304 57 865 146 213 0 0 1 286 442 250673 87 1565 34 33 29 122 -18
8328 56 832 159 213 0 0 2 285 418 251095 87 1563 36 28 27 124 6
8352 56 845 168 213 0 0 1 286 424 251498 85 1565 42 31 21 122 0
8376 55 826 184 213 0 0 3 284 430 251931 83 1575 38 31 25 112 -6
8400 54 852 188 213 0 0 2 285 425 252319 82 1575 40 27 23 112 -1
8424 54 828 189 213 0 0 3 284 434 252704 82 1572 26 29 37 115 -10
8448 52 805 145 213 0 0 2 285 441 253046 81 1574 32 28 31 113 -17
8472 52 768 145 213 0 0 2 285 403 253377 79 1575 44 31 19 112 21
8496 52 777 165 213 0 0 1 286 430 253750 78 1569 43 30 20 118 -6
8520 52 797 158 213 0 0 2 285 454 254049 78 1576 27 38 36 111 -30
8544 51 767 108 213 0 0 0 287 449 254330 76 1567 25 38 38 120 -25
8568 51 740 122 213 0 0 1 286 436 254589 76 1582 31 39 32 105 -12
8592 51 763 135 213 0 0 2 285 460 254867 75 1572 20 47 43 115 -36
8616 51 788 124 213 0 0 0 287 448 255136 74 1573 21 52 42 114 -24
8640.0 51 777 141 213 0 0 2 285 431 255436 104 1592 39 47 24 95 0
8664 51 776 142 213 0 0 1 286 429 255795 103 1588 36 42 27 99 2
8688 51 757 133 213 0 0 2 285 450 256107 101 1583 28 33 35 104 -19
8712 51 758 147 213 0 0 1 286 449 256414 100 1582 37 27 26 105 -18
8736 51 748 160 213 0 0 0 287 434 256753 99 1576 39 24 24 111 -3
8760 51 751 182 213 0 0 2 285 432 257124 98 1578 43 21 20 109 -1
