Time EBV Teff Treg ODC_le1 ODC_le2 ODC_le3 ODC_le4 ODC_le5 NK IL2 DAC Resting_Teff Resting_Treg EffectorMemory Resting_Treg_temp Resting_Teff_temp NK_temp
0.0 0 0 0 0 0 0 0 500 375 1000 0 1687 63 0 0 0 0
24 0 0 0 0 0 0 0 500 333 900 0 1687 63 0 0 0 42
48 0 0 0 0 0 0 0 500 325 821 0 1687 63 0 0 0 50
72 0 0 0 0 0 0 0 500 330 727 0 1687 63 0 0 0 45
96 0 0 0 0 0 0 0 500 327 676 0 1687 63 0 0 0 48
120 0 0 0 0 0 0 0 500 348 612 0 1687 63 0 0 0 27
144 0 0 0 0 0 0 0 500 326 561 0 1687 63 0 0 0 49
168.0 1000 0 0 0 0 0 0 500 334 496 0 1687 63 0 0 0 41
192 366 5929 125 13 26 67 149 245 283 847 0 1148 32 405 31 539 92
216 79 3557 179 99 34 81 123 163 262 312 0 1507 38 478 25 180 113
240 31 1051 197 140 24 67 92 177 293 273 0 1603 36 474 27 84 82
264 18 343 182 156 8 27 61 248 309 302 0 1652 36 433 27 35 66
288 16 251 170 158 1 9 33 299 321 360 0 1650 37 405 26 37 54
312 15 184 151 159 0 5 24 312 317 382 0 1658 47 407 16 29 58
336 12 183 181 159 0 4 23 314 308 408 0 1658 40 396 23 29 67
360 10 153 178 159 0 4 22 315 318 371 0 1665 39 377 24 22 57
384 9 120 189 159 0 0 17 324 327 340 0 1668 42 374 21 19 48
408 9 109 190 159 0 1 21 319 325 347 0 1668 37 351 26 19 50
432 9 93 173 159 0 1 15 325 314 364 0 1667 44 335 19 20 61
456 9 116 159 159 0 0 21 320 319 346 0 1664 41 336 22 23 56
480 9 98 169 159 0 0 18 323 319 331 0 1668 42 330 21 19 56
504 8 85 185 159 0 2 10 329 321 352 0 1673 33 327 30 14 54
528 7 89 183 159 0 0 14 327 321 339 0 1676 42 317 21 11 54
552 6 76 184 159 0 0 6 335 323 331 0 1673 41 309 22 14 52
576 5 52 171 159 0 0 13 328 324 315 0 1673 41 302 22 14 51
600 5 50 159 159 0 0 8 333 326 313 0 1676 40 296 23 11 49
624 5 54 177 159 0 0 11 330 325 289 0 1675 34 295 29 12 50
648 5 36 149 159 0 0 6 335 322 287 0 1677 42 283 21 10 53
672 5 53 181 159 0 0 13 328 312 307 0 1673 34 269 29 14 63
696 5 57 176 159 0 2 10 329 321 293 0 1676 41 268 22 11 54
720 4 44 161 159 0 0 8 333 335 289 0 1676 38 265 25 11 40
744 4 56 158 159 0 0 7 334 321 280 0 1677 41 259 22 10 54
768 4 49 164 159 0 0 15 326 327 283 0 1676 43 256 20 11 48
792 3 29 139 159 0 0 2 339 327 259 0 1680 49 252 14 7 48
816 3 22 152 159 0 0 5 336 320 236 0 1684 40 246 23 3 55
840 3 21 153 159 0 0 4 337 324 229 0 1683 47 240 16 4 51
864 3 30 141 159 0 0 2 339 309 232 0 1682 40 233 23 5 66
888 3 25 145 159 0 0 4 337 329 225 0 1681 43 230 20 6 46
912 3 35 152 159 0 0 5 336 322 235 0 1680 43 227 20 7 53
936 3 35 145 159 0 0 7 334 320 223 0 1678 43 231 20 9 55
960 3 30 155 159 0 0 6 335 333 227 0 1682 35 219 28 5 42
984 3 36 143 159 0 0 6 335 327 227 0 1681 35 219 28 6 48
1008 3 26 147 159 0 0 4 337 322 214 0 1682 42 217 21 5 53
1032 3 25 145 159 0 0 5 336 328 214 0 1683 41 214 22 4 47
1056 2 20 150 159 0 0 0 341 329 196 0 1684 45 211 18 3 46
1080 2 18 148 159 0 0 3 338 327 188 0 1682 41 208 22 5 48
1104 2 15 130 159 0 0 4 337 309 183 0 1680 46 203 17 7 66
1128 2 22 138 159 0 0 2 339 333 187 0 1683 39 198 24 4 42
1152 2 12 143 159 0 0 3 338 321 162 0 1683 37 195 26 4 54
1176 2 13 153 159 0 0 3 338 313 155 0 1682 44 192 19 5 62
1200 2 20 142 159 0 0 0 341 320 153 0 1683 40 188 23 4 55
1224 2 14 147 159 0 0 3 338 329 154 0 1681 37 185 26 6 46
1248 2 10 131 159 0 0 0 341 315 144 0 1686 41 182 22 1 60
1272 2 12 144 159 0 0 4 337 314 146 0 1683 46 182 17 4 61
1296 2 21 168 159 0 0 3 338 316 155 0 1682 40 176 23 5 59
1320 2 12 137 159 0 0 3 338 321 159 0 1681 39 173 24 6 54
1344 2 23 145 159 0 0 2 339 327 164 0 1682 36 172 27 5 48
1368 2 18 142 159 0 0 0 341 321 166 0 1683 39 172 24 4 54
1392 2 15 142 159 0 0 4 337 318 163 0 1686 31 170 32 1 57
1416 2 18 119 159 0 0 0 341 308 171 0 1683 43 170 20 4 67
1440.0 2 11 123 159 0 0 6 335 316 168 30 1684 42 171 21 3 59
1464 2 12 134 159 0 0 5 336 322 180 30 1679 41 165 22 8 53
1488 2 9 125 159 0 0 2 339 314 190 30 1684 43 163 20 3 61
1512 2 13 114 159 0 0 3 338 323 192 30 1682 36 158 27 5 52
1536 2 19 114 159 0 0 0 341 319 206 30 1683 45 154 18 4 56
1560 2 12 116 159 0 0 2 339 320 213 28 1683 46 151 17 4 55
1584 2 16 128 159 0 0 1 340 322 227 28 1679 48 147 15 8 53
1608.0 1002 12 138 159 0 0 3 338 308 228 26 1685 37 145 26 2 67
1632 550 3178 148 162 3 28 84 223 312 4545 26 1053 43 163 20 634 63
1656 248 4000 187 172 8 34 71 215 316 5694 24 1308 37 313 26 379 59
1680 112 3795 187 180 18 35 90 177 326 5153 24 1460 39 475 24 227 49
1704 51 2384 201 199 13 23 89 176 320 4162 24 1594 37 640 26 93 55
1728 34 1519 188 204 5 24 70 197 324 3488 24 1606 33 685 30 81 51
1752 20 900 182 207 2 19 66 206 316 3055 24 1644 40 686 23 43 59
1776 17 609 183 209 5 8 39 239 346 2686 23 1650 35 641 28 37 29
1800 15 443 171 210 0 3 30 257 344 2462 22 1648 43 640 20 39 31
1824 12 374 193 210 0 0 28 262 338 2268 22 1656 38 617 25 31 37
1848 10 265 201 210 0 1 31 258 330 2128 22 1658 38 578 25 29 45
1872 10 184 210 210 0 0 14 276 331 1965 21 1660 30 588 33 27 44
1896 9 134 215 210 0 0 12 278 336 1847 21 1666 40 571 23 21 39
1920 8 120 166 210 0 2 10 278 332 1761 21 1669 40 539 23 18 43
1944 8 137 180 210 0 1 13 276 334 1688 21 1661 34 503 29 26 41
1968 8 140 174 210 0 0 12 278 324 1644 21 1666 36 466 27 21 51
1992 8 113 159 210 0 1 9 280 331 1580 21 1669 44 447 19 18 44
2016 7 145 175 210 0 0 11 279 335 1526 20 1673 36 428 27 14 40
2040 7 90 186 210 0 0 7 283 325 1473 20 1670 33 417 30 17 50
2064 6 73 163 210 0 1 8 281 323 1413 20 1682 40 393 23 5 52
2088 6 77 148 210 0 0 7 283 336 1305 20 1673 44 386 19 14 39
2112 5 67 147 210 0 0 7 283 344 1234 20 1676 44 367 19 11 31
2136 5 70 157 210 0 0 10 280 324 1170 19 1673 40 355 23 14 51
2160.0 4 53 173 210 0 0 10 280 331 1067 49 1680 40 352 23 7 44
2184 4 51 150 210 0 0 6 284 330 1065 49 1671 36 332 27 16 45
2208 4 30 151 210 0 0 3 287 340 1065 49 1676 38 310 25 11 35
2232 4 31 159 210 0 0 4 286 327 1041 48 1680 43 300 20 7 48
2256 4 46 151 210 0 0 1 289 333 1026 48 1678 41 282 22 9 42
2280 4 30 158 210 0 0 1 289 328 1015 47 1681 43 270 20 6 47
2304 4 30 148 210 0 0 3 287 339 1001 47 1677 43 260 20 10 36
2328 4 28 143 210 0 0 3 287 324 991 47 1681 38 247 25 6 51
2352 4 38 140 210 0 0 3 287 332 958 46 1680 43 229 20 7 43
2376 4 36 131 210 0 0 7 283 322 920 45 1680 43 219 20 7 53
2400 4 40 141 210 0 0 11 279 324 900 44 1679 46 208 17 8 51
2424 4 26 138 210 0 0 4 286 331 890 44 1678 43 197 20 9 44
2448 3 20 143 210 0 0 1 289 319 870 43 1681 39 189 24 6 56
2472 3 23 136 210 0 0 4 286 334 841 43 1684 41 182 22 3 41
2496 3 30 143 210 0 0 3 287 340 815 43 1677 43 173 20 10 35
2520 3 26 132 210 0 0 1 289 326 782 43 1681 43 166 20 6 49
2544 3 24 123 210 0 0 1 289 329 748 42 1680 36 162 27 7 46
2568 3 21 128 210 0 0 4 286 329 734 42 1682 40 156 23 5 46
2592 3 25 122 210 0 0 2 288 335 695 42 1680 36 153 27 7 40
2616 3 27 139 210 0 0 6 284 328 684 42 1683 38 150 25 4 47
2640 3 23 153 210 0 0 0 290 337 675 41 1681 41 144 22 6 38
2664 3 19 129 210 0 0 2 288 333 650 41 1679 41 142 22 8 42
2688 3 23 139 210 0 0 2 288 333 629 41 1681 43 134 20 6 42
2712 3 20 144 210 0 0 2 288 335 620 41 1681 39 131 24 6 40
2736 3 22 142 210 0 0 2 288 340 611 41 1681 42 128 21 6 35
2760 3 26 150 210 0 0 2 288 338 604 41 1681 43 124 20 6 37
2784 3 23 157 210 0 0 1 289 319 581 40 1684 43 119 20 3 56
2808 3 25 137 210 0 0 3 287 342 579 40 1678 46 116 17 9 33
2832 3 26 130 210 0 0 2 288 330 567 40 1681 32 114 31 6 45
2856 3 29 144 210 0 0 2 288 329 552 39 1682 40 112 23 5 46
2880.0 3 24 159 210 0 0 5 285 338 546 69 1682 36 110 27 5 37
2904 3 25 143 210 0 0 2 288 323 546 69 1685 42 110 21 2 52
2928 3 21 145 210 0 0 1 289 333 537 67 1682 41 109 22 5 42
2952 3 29 141 210 0 0 4 286 328 526 66 1678 38 107 25 9 47
2976 2 17 134 210 0 0 5 285 325 515 66 1680 46 103 17 7 50
3000 2 11 129 210 0 0 3 287 332 495 66 1684 45 101 18 3 43
3024 2 15 135 210 0 0 2 288 319 466 65 1683 41 100 22 4 56
3048.0 1002 16 133 210 0 0 1 289 320 450 65 1678 46 99 17 9 55
3072 599 2618 134 211 1 19 51 218 312 5781 65 1051 38 31 25 636 63
3096 362 2867 155 212 8 19 68 193 341 9476 65 1185 46 38 17 502 34
3120 235 2449 180 217 2 19 59 203 341 12122 63 1297 40 51 23 390 34
3144 165 2059 194 217 2 12 45 224 350 14116 63 1387 40 50 23 300 25
3168 131 1628 183 217 0 8 40 235 351 15549 62 1443 37 55 26 244 24
3192 114 1423 185 217 2 4 31 246 346 16813 62 1475 39 71 24 212 29
3216 104 1230 190 217 0 4 18 261 359 17806 61 1512 32 69 31 175 16
3240 91 1205 189 217 1 2 24 256 363 18824 60 1501 41 74 22 186 12
3264 82 1046 179 217 0 4 21 258 350 19595 59 1539 41 67 22 148 25
3288 76 963 165 217 0 2 21 260 364 20275 58 1540 49 76 14 147 11
3312 63 949 161 217 0 1 15 267 363 20917 58 1554 42 73 21 133 12
3336 56 815 165 217 0 1 17 265 361 21399 58 1577 46 71 17 110 14
3360 55 797 182 217 0 0 20 263 369 21854 58 1563 37 78 26 124 6
3384 53 748 167 217 0 0 12 271 361 22208 58 1582 41 81 22 105 14
3408 50 720 169 217 0 0 10 273 361 22610 57 1587 40 81 23 100 14
3432 48 691 200 217 0 0 15 268 352 22964 57 1594 35 95 28 93 23
3456 44 676 180 217 0 0 10 273 378 23276 57 1583 46 97 17 104 -3
3480 42 581 188 217 0 0 7 276 357 23562 56 1599 40 105 23 88 18
3504 39 584 176 217 0 0 11 272 361 23769 56 1609 46 98 17 78 14
3528 38 519 189 217 0 0 7 276 347 23929 56 1621 46 97 17 66 28
3552 35 512 186 217 0 0 11 272 397 24035 56 1608 31 100 32 79 -22
3576 33 493 164 217 0 0 5 278 362 24179 56 1602 39 98 24 85 13
3600.0 30 488 169 217 0 1 7 275 365 24331 86 1617 40 105 23 70 10
3624 30 405 158 217 0 0 4 279 357 24454 85 1625 40 85 23 62 18
3648 29 403 187 217 0 0 11 272 355 24626 83 1624 34 75 29 63 20
3672 27 367 171 217 0 0 4 279 362 24716 82 1630 37 68 26 57 13
3696 25 353 183 217 0 0 8 275 363 24783 78 1643 45 59 18 44 12
3720 24 308 182 217 0 1 9 273 369 24812 77 1647 40 53 23 40 6
3744 23 320 171 217 0 0 8 275 377 24845 76 1635 36 53 27 52 -2
3768 23 309 161 217 0 0 3 280 379 24834 74 1635 43 50 20 52 -4
3792 18 295 178 217 0 0 7 276 352 24825 73 1642 39 56 24 45 23
3816 17 258 197 217 0 0 3 280 372 24778 72 1656 38 57 25 31 3
3840 15 242 178 217 0 0 2 281 362 24742 72 1647 48 54 15 40 13
3864 15 223 186 217 0 1 4 278 367 24641 72 1649 38 53 25 38 8
3888 14 222 203 217 0 1 2 280 361 24529 72 1651 44 47 19 36 14
3912 14 218 187 217 0 0 0 283 365 24422 70 1648 41 47 22 39 10
3936 14 199 159 217 0 0 3 280 381 24303 70 1661 40 47 23 26 -6
3960 14 198 161 217 0 0 4 279 369 24186 70 1645 41 44 22 42 6
3984 13 182 167 217 0 0 1 282 372 24074 70 1661 39 43 24 26 3
4008 13 180 177 217 0 0 1 282 358 23925 70 1658 42 44 21 29 17
4032 13 184 183 217 0 0 1 282 363 23791 69 1665 46 46 17 22 12
4056 13 158 213 217 0 0 1 282 366 23651 68 1659 31 49 32 28 9
4080 13 170 182 217 0 0 2 281 359 23530 67 1667 43 49 20 20 16
4104 13 157 160 217 0 0 0 283 373 23444 67 1651 42 47 21 36 2
4128 13 167 162 217 0 0 0 283 372 23311 67 1656 42 47 21 31 3
4152 13 167 170 217 0 0 2 281 373 23117 65 1659 43 48 20 28 2
4176 13 178 166 217 0 0 4 279 365 23000 64 1661 42 48 21 26 10
4200 13 187 177 217 0 0 2 281 370 22839 63 1662 41 56 22 25 5
4224 13 166 185 217 0 0 6 277 377 22656 63 1668 36 58 27 19 -2
4248 12 181 191 217 0 0 2 281 366 22546 63 1660 37 57 26 27 9
4272 12 185 187 217 0 0 3 280 366 22370 63 1664 44 60 19 23 9
4296 12 156 182 217 0 0 3 280 350 22215 62 1656 32 59 31 31 25
4320.0 10 156 162 217 0 0 1 282 386 22050 91 1673 36 60 27 14 0
4344 10 155 153 217 0 0 6 277 380 21906 90 1662 39 58 24 25 6
4368 10 134 169 217 0 0 2 281 382 21732 89 1667 35 56 28 20 4
4392 10 124 172 217 0 0 2 281 368 21601 89 1672 44 53 19 15 18
4416 9 140 167 217 0 0 2 281 382 21455 88 1661 40 52 23 26 4
4440 9 142 167 217 0 0 2 281 393 21266 88 1664 38 50 25 23 -7
4464 9 128 176 217 0 0 3 280 372 21086 88 1667 41 49 22 20 14
4488.0 1009 111 153 217 0 0 1 282 374 20872 86 1676 37 45 26 11 12
4512 834 3307 145 217 0 1 35 247 364 26333 86 1005 33 20 30 682 22
4536 634 3842 181 217 1 3 36 243 354 30935 85 1058 43 19 20 629 32
4560 517 3876 163 217 1 3 33 246 357 35064 84 1108 39 20 24 579 29
4584 421 3664 171 217 1 3 32 247 364 38775 83 1145 43 21 20 542 22
4608 357 3376 179 217 0 7 33 243 352 42147 83 1226 43 29 20 461 34
4632 305 3119 182 217 1 1 32 249 368 45135 81 1235 43 31 20 452 18
4656 262 2753 183 217 0 0 22 261 382 47666 80 1290 32 34 31 397 4
4680 238 2638 163 217 0 1 12 270 362 50019 78 1310 38 39 25 377 24
4704 218 2471 162 217 0 1 12 270 369 52289 78 1342 42 31 21 345 17
4728 193 2300 165 217 0 1 9 273 373 54278 78 1381 45 43 18 306 13
4752 182 2155 188 217 0 0 13 270 369 56179 77 1397 37 42 26 290 17
4776 163 2127 159 217 0 2 19 262 378 57929 77 1394 38 36 25 293 8
4800 147 1940 168 217 0 2 13 268 383 59493 76 1410 44 33 19 277 3
4824 143 1779 181 217 0 1 7 275 389 60940 73 1438 38 45 25 249 -3
4848 138 1654 200 217 0 0 8 275 376 62300 73 1424 41 50 22 263 10
4872 129 1665 196 217 0 1 9 273 383 63658 72 1454 43 39 20 233 3
4896 122 1600 189 217 0 0 5 278 378 64871 72 1472 36 39 27 215 8
4920 118 1579 156 217 0 0 10 273 395 66094 72 1468 31 40 32 219 -9
4944 116 1506 169 217 0 0 3 280 374 67293 71 1462 47 41 16 225 12
4968 114 1474 159 217 0 0 8 275 370 68438 71 1469 33 39 30 218 16
4992 107 1462 156 217 0 0 16 267 386 69526 68 1501 44 55 19 186 0
5016 106 1437 146 217 0 0 14 269 421 70506 66 1488 26 55 37 199 -35
5040.0 102 1469 88 217 0 0 11 272 436 71416 95 1484 15 59 48 203 0
5064 94 1349 158 217 0 1 8 274 422 72373 93 1514 40 35 23 173 14
5088 94 1257 157 217 0 2 5 276 447 73245 93 1518 37 32 26 169 -11
5112 91 1225 162 217 0 0 5 278 437 74095 92 1484 43 30 20 203 -1
5136 87 1179 152 217 0 0 6 277 433 74898 91 1512 48 26 15 175 3
5160 84 1140 168 217 0 1 4 278 430 75636 90 1520 41 21 22 167 6
5184 79 1129 159 217 0 1 5 277 438 76338 90 1511 33 22 30 176 -2
5208 76 1073 156 217 0 1 5 277 417 77001 87 1522 44 22 19 165 19
5232 73 1022 162 217 0 0 8 275 448 77612 87 1537 38 26 25 150 -12
5256 72 961 152 217 0 0 6 277 447 78197 85 1546 38 27 25 141 -11
5280 69 943 162 217 0 0 4 279 432 78774 85 1567 36 26 27 120 4
5304 69 914 163 217 0 0 2 281 430 79334 85 1556 44 24 19 131 6
5328 67 902 164 217 0 0 5 278 416 79915 84 1538 39 25 24 149 20
5352 63 903 190 217 0 0 6 277 448 80436 84 1556 40 22 23 131 -12
5376 63 888 184 217 0 0 2 281 425 80944 83 1560 44 24 19 127 11
5400 63 861 153 217 0 0 2 281 426 81382 80 1559 43 23 20 128 10
5424 63 853 161 217 0 0 4 279 446 81857 80 1572 36 27 27 115 -10
5448 61 855 144 217 0 0 2 281 432 82310 80 1541 43 32 20 146 4
5472 60 878 147 217 0 0 8 275 462 82743 77 1557 30 39 33 130 -26
5496 59 875 157 217 0 0 8 275 426 83233 76 1558 34 44 29 129 10
5520 59 879 157 217 0 0 3 280 435 83638 76 1564 42 41 21 123 1
5544 59 862 150 217 0 0 1 282 442 84095 75 1556 35 41 28 131 -6
5568 56 860 167 217 0 0 0 283 439 84531 73 1565 39 46 24 122 -3
5592 55 822 179 217 0 0 4 279 445 84897 72 1584 37 42 26 103 -9
5616 54 789 165 217 0 0 5 278 425 85229 71 1588 40 48 23 99 11
5640 54 817 177 217 0 0 4 279 419 85601 69 1588 38 49 25 99 17
5664 53 803 153 217 0 0 3 280 478 85924 68 1559 14 51 49 128 -42
5688 52 779 136 217 0 0 3 280 432 86201 68 1588 39 58 24 99 4
5712 52 747 149 217 0 0 3 280 425 86515 68 1586 44 59 19 101 11
5736 51 745 162 217 0 0 3 280 419 86835 68 1561 43 65 20 126 17
5760.0 49 696 183 217 0 0 4 279 421 87082 98 1593 38 61 25 94 15
5784 49 716 171 217 0 0 5 278 434 87449 95 1559 43 49 20 128 2
5808 49 705 168 217 0 0 3 280 434 87779 94 1592 42 47 21 95 2
5832 48 733 165 217 0 0 1 282 428 88099 92 1598 37 42 26 89 8
5856 48 708 160 217 0 0 2 281 430 88412 92 1574 41 36 22 113 6
5880 47 696 165 217 0 0 4 279 442 88734 91 1587 35 34 28 100 -6
5904 47 620 157 217 0 0 2 281 426 88921 90 1601 35 35 28 86 10
5928.0 1047 672 158 217 0 0 6 277 425 89227 89 1593 39 30 24 94 11
5952 980 3730 146 217 0 0 11 272 430 94695 88 863 38 18 25 824 6
5976 889 4645 139 217 0 0 22 261 417 99603 88 954 40 16 23 733 19
6000 797 4861 168 217 0 1 22 260 427 104307 88 982 37 13 26 705 9
6024 717 4836 176 217 0 1 9 273 424 108903 88 1016 38 20 25 671 12
6048 659 4695 145 217 0 0 14 269 428 113366 86 1008 47 21 16 679 8
6072 600 4555 146 217 0 1 15 267 429 117507 84 1050 39 21 24 637 7
6096 551 4482 148 217 0 1 6 276 432 121554 84 1030 42 19 21 657 4
6120 511 4252 159 217 0 1 13 269 424 125433 83 1117 43 22 20 570 12
6144 461 4021 158 217 0 0 6 277 447 128937 83 1123 38 28 25 564 -11
6168 437 3856 175 217 0 0 13 270 433 132340 83 1179 41 22 22 508 3
6192 407 3764 177 217 0 0 17 266 439 135632 83 1158 40 27 23 529 -3
6216 385 3584 140 217 0 1 16 266 418 138765 82 1169 40 27 23 518 18
6240 371 3550 181 217 0 1 5 277 431 141904 81 1164 36 40 27 523 5
6264 344 3417 154 217 0 0 3 280 430 144865 80 1202 46 36 17 485 6
6288 324 3358 159 217 0 0 11 272 431 147770 79 1216 48 28 15 471 5
6312 307 3269 182 217 0 0 11 272 445 150488 79 1257 40 34 23 430 -9
6336 290 3200 167 217 0 0 7 276 410 153142 77 1270 38 32 25 417 26
6360 281 3053 179 217 0 0 8 275 448 155615 77 1275 37 45 26 412 -12
6384 270 3036 170 217 0 0 10 273 417 158057 75 1285 42 41 21 402 19
6408 258 2901 181 217 0 0 6 277 425 160392 73 1295 33 50 30 392 11
6432 245 2847 179 217 0 0 7 276 428 162616 71 1287 47 50 16 400 8
6456 234 2814 180 217 0 0 6 277 430 164776 70 1328 43 59 20 359 6
6480.0 231 2661 179 217 0 0 3 280 433 166856 100 1321 37 57 26 366 3
6504 222 2590 178 217 0 0 5 278 447 169038 100 1325 37 28 26 362 -11
6528 216 2552 176 217 0 0 5 278 439 171169 99 1318 33 23 30 369 -3
6552 212 2414 171 217 0 1 9 273 434 173135 98 1369 33 22 30 318 2
6576 207 2397 167 217 0 0 7 276 435 175181 97 1337 36 20 27 350 1
6600 201 2386 173 217 0 0 8 275 429 177156 94 1349 39 20 24 338 7
6624 192 2302 173 217 0 0 6 277 439 179022 94 1359 36 19 27 328 -3
6648 186 2254 165 217 0 0 6 277 424 180841 94 1384 38 20 25 303 12
6672 179 2182 167 217 0 0 2 281 434 182618 92 1409 45 21 18 278 2
6696 174 2143 187 217 0 1 8 274 428 184330 92 1387 32 20 31 300 8
6720 168 2102 160 217 0 1 4 278 453 185934 90 1391 23 22 40 296 -17
6744 161 1965 144 217 0 0 3 280 459 187466 88 1409 30 22 33 278 -23
6768 157 1958 101 217 0 0 11 272 484 188887 86 1436 18 25 45 251 -48
6792 152 1992 113 217 0 0 6 277 434 190453 85 1414 35 25 28 273 2
6816 148 1906 167 217 0 0 6 277 458 191911 83 1419 26 30 37 268 -22
6840 146 1786 166 217 0 0 4 279 433 193261 82 1427 36 35 27 260 3
6864 144 1807 142 217 0 0 6 277 462 194620 81 1437 24 32 39 250 -26
6888 143 1881 152 217 0 0 6 277 456 195925 81 1404 28 36 35 283 -20
6912 138 1852 152 217 0 0 5 278 422 197264 79 1438 42 31 21 249 14
6936 135 1760 158 217 0 0 4 279 454 198592 79 1440 37 35 26 247 -18
6960 132 1787 134 217 0 0 6 277 434 199914 79 1435 34 40 29 252 2
6984 130 1759 154 217 0 0 2 281 433 201223 79 1441 43 36 20 246 3
7008 129 1670 154 217 0 0 3 280 438 202429 79 1436 40 40 23 251 -2
7032 128 1632 142 217 0 0 3 280 491 203549 79 1482 15 41 48 205 -55
7056 127 1689 106 217 0 0 0 283 485 204739 76 1444 15 47 48 243 -49
7080 123 1682 129 217 0 0 2 281 445 205879 75 1482 32 46 31 205 -9
7104 123 1648 161 217 0 0 5 278 431 207043 75 1478 36 44 27 209 5
7128 121 1681 182 217 0 0 1 282 445 208208 75 1459 36 39 27 228 -9
7152 119 1668 157 217 0 0 0 283 426 209333 74 1462 41 45 22 225 10
7176 117 1601 160 217 0 0 1 282 432 210369 70 1467 46 56 17 220 4
7200.0 117 1572 140 217 0 0 8 275 459 211375 97 1466 32 67 31 221 0
7224 116 1531 125 217 0 0 7 276 488 212442 96 1457 24 41 39 230 -29
7248 115 1515 115 217 0 0 2 281 461 213473 95 1491 43 37 20 196 -2
7272 114 1482 144 217 0 0 2 281 451 214541 95 1465 40 30 23 222 8
7296 112 1501 154 217 0 0 2 281 462 215604 94 1462 32 27 31 225 -3
7320 112 1490 150 217 0 0 1 282 488 216633 94 1458 27 22 36 229 -29
7344 110 1437 146 217 0 0 0 283 482 217668 93 1482 27 19 36 205 -23
7368 106 1450 159 217 0 0 2 281 455 218644 91 1487 34 19 29 200 4
7392 105 1416 179 217 0 0 1 282 455 219630 90 1464 35 22 28 223 4
7416 102 1390 182 217 0 0 3 280 439 220523 90 1483 42 25 21 204 20
7440 102 1320 165 217 0 0 1 282 468 221424 89 1502 38 21 25 185 -9
7464 102 1402 166 217 0 0 3 280 452 222382 88 1486 38 27 25 201 7
7488 102 1425 135 217 0 0 0 283 485 223276 88 1489 29 23 34 198 -26
7512 101 1420 138 217 0 0 3 280 473 224226 88 1488 31 22 32 199 -14
7536 98 1291 163 217 0 0 2 281 454 225091 87 1499 35 30 28 188 5
7560 96 1300 161 217 0 0 1 282 469 225930 87 1517 36 27 27 170 -10
7584 95 1247 161 217 0 0 4 279 478 226745 87 1489 35 25 28 198 -19
7608 95 1232 161 217 0 0 2 281 476 227562 85 1511 36 24 27 176 -17
7632 94 1354 162 217 0 0 1 282 490 228423 82 1493 21 20 42 194 -31
7656 91 1337 127 217 0 0 5 278 447 229281 80 1503 44 29 19 184 12
7680 90 1269 149 217 0 0 3 280 464 230133 79 1511 36 34 27 176 -5
7704 90 1253 150 217 0 0 2 281 447 230924 79 1519 42 38 21 168 12
7728 90 1230 187 217 0 0 7 276 453 231738 78 1495 32 39 31 192 6
7752 88 1208 180 217 0 0 3 280 459 232437 78 1539 34 37 29 148 0
7776 87 1198 173 217 0 0 3 280 466 233158 77 1526 42 40 21 161 -7
7800 84 1119 159 217 0 0 2 281 469 233804 75 1524 35 36 28 163 -10
7824 83 1204 157 217 0 0 1 282 464 234479 74 1520 27 41 36 167 -5
7848 82 1223 161 217 0 0 1 282 452 235225 73 1525 44 45 19 162 7
7872 81 1165 157 217 0 0 2 281 473 235899 73 1531 39 45 24 156 -14
7896 79 1170 135 217 0 0 3 280 481 236537 73 1506 33 57 30 181 -22
7920.0 77 1192 131 217 0 0 3 280 471 237147 101 1513 30 60 33 174 0
7944 76 1078 142 217 0 1 4 278 494 237705 97 1509 25 40 38 178 -23
7968 75 1055 120 217 0 0 6 277 511 238254 93 1554 22 32 41 133 -40
7992 74 1051 103 217 0 0 0 283 492 238812 92 1549 28 29 35 138 -21
8016 72 1049 146 217 0 0 2 281 467 239366 91 1535 37 26 26 152 4
8040 71 1095 136 217 0 0 2 281 488 239878 91 1540 27 31 36 147 -17
8064 70 1100 150 217 0 0 2 281 481 240451 91 1522 32 32 31 165 -10
8088 69 1028 122 217 0 0 2 281 520 240932 91 1546 19 30 44 141 -49
8112 69 998 141 217 0 0 0 283 466 241496 91 1543 38 30 25 144 5
8136 67 936 170 217 0 0 3 280 466 241996 90 1544 42 32 21 143 5
8160 66 933 165 217 0 0 1 282 461 242406 89 1552 40 35 23 135 10
8184 66 928 119 217 0 0 0 283 528 242817 88 1561 9 33 54 126 -57
8208 65 983 59 217 0 0 0 283 509 243262 86 1563 16 34 47 124 -38
8232 64 923 73 217 0 0 1 282 500 243672 84 1552 26 33 37 135 -29
8256 63 956 140 217 0 0 0 283 472 244180 84 1541 41 32 22 146 -1
8280 62 921 170 217 0 0 1 282 492 244594 83 1560 35 33 28 127 -21
8304 61 839 168 217 0 0 0 283 465 245022 83 1567 42 30 21 120 6
8328 60 857 185 217 0 0 0 283 465 245427 82 1573 39 36 24 114 6
8352 60 906 167 217 0 0 2 281 509 245797 81 1562 25 38 38 125 -38
8376 58 857 163 217 0 0 1 282 460 246189 79 1586 33 39 30 101 11
8400 57 830 163 217 0 0 2 281 472 246562 79 1556 37 34 26 131 -1
8424 56 796 159 217 0 0 4 279 491 246882 79 1575 27 37 36 112 -20
8448 55 794 108 217 0 0 2 281 507 247136 78 1583 13 37 50 104 -36
8472 52 797 138 217 0 0 0 283 461 247469 77 1602 49 39 14 85 10
8496 51 767 173 217 0 0 1 282 481 247694 77 1586 36 37 27 101 -10
8520 49 771 154 217 0 0 0 283 463 247964 77 1590 38 38 25 97 8
8544 49 732 161 217 0 0 2 281 461 248186 77 1590 44 36 19 97 10
8568 49 716 172 217 0 0 2 281 485 248403 77 1594 37 36 26 93 -14
8592 49 689 167 217 0 0 3 280 464 248634 75 1600 34 37 29 87 7
8616 49 757 174 217 0 0 3 280 462 248906 75 1582 36 38 27 105 9
8640.0 49 698 157 217 0 0 1 282 488 249127 101 1584 31 42 32 103 0
8664 48 726 148 217 0 0 1 282 479 249400 101 1579 40 35 23 108 9
8688 48 739 169 217 0 0 1 282 483 249719 100 1582 44 31 19 105 5
8712 48 724 192 217 0 0 0 283 476 249992 99 1574 42 29 21 113 12
8736 48 719 199 217 0 0 2 281 496 250245 99 1584 37 25 26 103 -8
8760 48 727 177 217 0 0 1 282 480 250503 99 1572 30 23 33 115 8
