Time EBV Teff Treg ODC_le1 ODC_le2 ODC_le3 ODC_le4 ODC_le5 NK IL2 DAC Resting_Teff Resting_Treg EffectorMemory Resting_Treg_temp Resting_Teff_temp NK_temp
0.0 0 0 0 0 0 0 0 500 375 1000 0 1687 63 0 0 0 0
24 0 0 0 0 0 0 0 500 336.279789971 908.048253598 0 1687 63 0 0 0 38.7202100291
48 0 0 0 0 0 0 0 500 335.391027502 823.849847309 0 1687 63 0 0 0 39.6089724976
72 0 0 0 0 0 0 0 500 334.559882085 745.880698262 0 1687 63 0 0 0 40.4401179151
96 0 0 0 0 0 0 0 500 333.760437385 673.915002205 0 1687 63 0 0 0 41.2395626152
120 0 0 0 0 0 0 0 500 332.995774144 607.703333798 0 1687 63 0 0 0 42.0042258555
144 0 0 0 0 0 0 0 500 332.2684442 546.975994766 0 1687 63 0 0 0 42.7315557996
168.0 1000 0 0 0 0 0 0 500 331.580390823 491.447224652 0 1687 63 0 0 0 43.4196091775
192 587.94283022 2674.42256109 91.5619289612 4.47673168998 18.9970923557 71.5351553232 179.581289232 225.4097314 319.455578209 5741.3447637 0 1039.6715255 41.772295668 0 21.227704332 647.328474501 55.5444217919
216 136.930243531 6897.42969002 169.08391905 82.4148936734 44.4599666077 97.3939648242 132.388190858 143.342984037 264.586992559 509.370648962 0 1395.48321312 38.9731118406 607.102349516 24.0268881594 291.516786875 110.413007441
240 32.9047765631 2382.63258581 180.126763123 169.587280779 35.641169292 62.9539810771 87.3049994074 144.512569444 278.77921468 227.323759304 0 1603.97098076 38.8580404825 550.362356825 24.1419595175 83.0290192367 96.2207853209
264 16.3327325374 557.997173066 172.214182477 195.698526326 13.6170906434 28.9482169731 75.9579992834 185.778166774 303.696366892 230.507607606 0 1648.5396556 39.0738127692 520.835592849 23.9261872308 38.4603443951 71.3036331082
288 12.7481986761 220.245046882 164.86675188 198.406519581 1.02848876047 16.9165442187 45.4014496774 238.246997762 315.090927781 300.695390331 0 1657.92296784 39.5058478478 471.789858219 23.4941521522 29.0770321641 59.9090722193
312 11.0608702671 163.374385806 164.906845733 198.646432543 1.39052497626 4.81521097248 22.7637080695 272.384123438 317.926206935 335.906941135 0 1661.87976553 39.677454987 436.410117743 23.322545013 25.1202344709 57.0737930656
336 9.88169501186 139.217598779 168.892088849 198.747439706 0.627737410561 0.966430767056 22.2945705945 277.363821522 318.850131151 343.874838736 0 1664.5753912 39.7498040605 416.899197602 23.2501959395 22.4246088011 56.1498688492
360 8.94729680234 127.667765227 175.695043808 198.841063394 0.638587798936 1.09861786817 18.5026933804 280.919037558 318.830731877 322.574825741 0 1666.69231618 39.7734506934 396.749406737 23.2265493066 20.3076838169 56.169268124
384 8.20648300142 102.02641998 170.766461026 198.927470609 0.676267526918 1.11178587139 15.0546295775 284.229846415 319.686516977 329.120811484 0 1668.39152033 39.9184835593 383.852350724 23.0815164407 18.6084796663 55.3134830232
408 7.58237445359 100.521916732 159.404862089 199.009877296 0.696941084786 0.701532261946 11.200072778 288.39157658 320.009490164 320.10868933 0 1669.79116028 39.8629152928 384.640346479 23.1370847072 17.2088397169 54.9905098364
432 7.05130437545 87.0137914273 165.644409577 199.087057695 0.71357593153 0.831903691655 12.3605949333 287.006867748 320.413881114 327.850761669 0 1671.00052922 39.9397886107 367.246540401 23.0602113893 15.9994707806 54.5861188863
456 6.58178798719 87.207629889 161.990822072 199.160106282 0.708687995475 1.20471614487 16.4358542032 282.490635375 320.188238018 307.996782321 0 1672.0523444 39.862499013 365.217470758 23.137500987 14.9476556036 54.8117619823
480 6.19007526469 71.7970876922 163.160867721 199.225891557 0.731581677884 1.41403386549 7.37136822863 291.257124671 320.87317908 322.525083434 0 1672.95546913 40.0467483529 347.113387173 22.9532516471 14.0445308702 54.1268209206
504 5.84472167803 66.3779991428 164.117555841 199.290560126 0.758087388325 0.994383831403 9.77009328252 289.186875372 320.899310963 315.719468821 0 1673.73513885 40.0481664882 336.691881693 22.9518335118 13.2648611517 54.1006890374
528 5.54990045112 66.3169649901 158.77885193 199.350633981 0.783922942796 0.601390030768 8.58260179081 290.681451255 321.182075126 314.489611562 0 1674.40289602 40.0508278207 329.326912767 22.9491721793 12.5971039762 53.8179248747
552 5.27989908904 61.155979972 164.073915148 199.40926496 0.7878559589 0.209793436 9.60873099307 289.984354652 321.033603634 301.084477336 0 1675.01469902 40.0842860457 325.13801486 22.9157139543 11.9853009818 53.9663963662
576 5.02932758865 58.4482286434 160.295212986 199.465844017 0.771208008757 0.808085132682 6.1561124366 292.798750405 321.064541189 291.204262729 0 1675.58154644 40.0995849778 319.709861199 22.9004150222 11.4184535553 53.9354588115
600 4.7977991566 57.7520783276 161.045153834 199.520380591 0.760373423608 0.309392179314 9.21174228588 290.19811152 320.720832633 265.839637679 0 1676.10525933 40.1120677936 315.031387779 22.8879322064 10.894740667 54.279167367
624 4.59850326858 48.6370672148 160.149492199 199.568241545 0.748853428236 0.799025195153 9.19649107344 289.687388758 320.937753985 262.468805006 0 1676.56125929 40.2425849529 312.72522577 22.7574150471 10.4387407067 54.0622460158
648 4.42857808255 45.0765708707 156.312347919 199.610787795 0.753652341325 0.150866437525 6.27496292484 293.209730501 320.934438264 260.729426516 0 1676.94688366 40.2799619044 310.470607473 22.7200380956 10.0531163387 54.065561736
672 4.26453902276 48.7104197213 155.599310389 199.652748694 0.733660678262 0.648558596032 10.1775789875 288.787453044 320.950647886 250.769615922 0 1677.31590282 40.2128737401 311.880247835 22.7871262599 9.68409718033 54.049352115
696 4.1010886169 45.5816477116 150.597581801 199.695834664 0.732159180201 0.0824406054711 8.74781748993 290.74174806 320.980998913 249.006675819 0 1677.68451966 40.190934218 307.398242484 22.809065782 9.31548034086 54.0190010871
720 3.96127280269 44.7198970079 152.381870317 199.733221351 0.707488802023 0.367205948062 4.72678217112 294.465301728 321.085490704 249.588075505 0 1678.00301773 40.2354699282 301.827501008 22.7645300718 8.99698226824 53.9145092965
744 3.83295925748 37.8421613999 158.498167786 199.767856864 0.696979545192 0.598201268829 2.98780313719 295.949159185 321.089287922 246.407944127 0 1678.29698351 40.4091945372 296.662245284 22.5908054628 8.70301648961 53.9107120789
768 3.72384135004 35.2866237795 158.878116922 199.798008127 0.69623352708 0.771398298069 4.52907798759 294.20528206 321.236729369 251.418182921 0 1678.54631569 40.4996032663 288.372346563 22.5003967337 8.45368430763 53.7632706311
792 3.61681955956 36.170524116 152.431534404 199.828571673 0.702202559309 0.911035063228 5.24012328877 293.318067415 321.337514453 255.446884748 0 1678.78593994 40.379504628 280.215054144 22.620495372 8.21406005991 53.6624855479
816 3.51418656296 36.6914176246 148.108619951 199.858883581 0.693234259657 0.191123713896 6.54649906311 292.710259382 321.65734137 255.705824242 0 1679.01916374 40.4188928556 280.769190093 22.5811071444 7.98083625594 53.342658631
840 3.41468532992 34.4896918127 147.688865322 199.88837394 0.677672511663 0.445360169666 4.89742775685 294.091165622 321.621443776 257.954722804 0 1679.24368947 40.3926338411 275.822433959 22.6073661589 7.75631053238 53.3785562246
864 3.32042578 34.7732679652 148.164496145 199.916682705 0.672049532613 0.630534312696 5.03135348028 293.749379969 321.760446619 258.310935552 0 1679.45714364 40.3798249245 270.702565809 22.6201750755 7.54285636484 53.2395533816
888 3.22762922471 34.0120318126 155.610953335 199.945264862 0.673634599383 0.799571505669 5.33244597898 293.249083054 321.236789868 239.842067168 0 1679.66703479 40.3728610407 265.26677089 22.6271389593 7.33296520897 53.7632101322
912 3.1444984985 30.6614299038 154.560779636 199.971766902 0.681270739729 0.928326351065 3.68970517158 294.728930836 321.237802785 230.67274677 0 1679.85688416 40.4848286042 266.245156207 22.5151713958 7.14311584384 53.7621972153
936 3.07138415804 28.3353415473 148.949350634 199.99597581 0.691154330507 1.00947289014 4.98823759843 293.315159371 321.614727508 236.831536039 0 1680.02435722 40.6301300422 263.646698611 22.3698699578 6.9756427824 53.3852724928
960 2.99340333468 30.2407617887 147.735466452 200.022660623 0.683476908664 0.0998429442935 2.29623654341 296.897782981 321.2926401 230.626212788 0 1680.19768721 40.4104787134 255.71320538 22.5895212866 6.80231279422 53.7073599007
984 2.92602539205 25.4701862973 145.544782466 200.045687548 0.665982411359 0.224950651093 3.24992802209 295.813451367 321.747247754 238.165417916 0 1680.35420908 40.7212996683 252.371140403 22.2787003317 6.64579092305 53.2527522467
1008 2.86230618864 27.1883267312 147.590868514 200.067461643 0.653210263803 0.324600325977 4.90777435488 294.046953412 321.537303921 234.153995416 0 1680.49745529 40.6041550704 247.457341425 22.3958449296 6.50254470931 53.4626960797
1032 2.80085752729 28.5112697042 149.8063542 200.088583308 0.645334494975 0.479379715341 4.30073209053 294.485970391 321.45193604 226.93255543 0 1680.6358129 40.5090521599 244.955295023 22.4909478401 6.36418709544 53.5480639604
1056 2.73841419481 27.7440695142 150.496266892 200.110344367 0.642598452959 0.659376936745 6.00452895054 292.583151293 321.192272839 216.539812822 0 1680.77749481 40.5464586399 238.966824955 22.4535413601 6.22250519022 53.8077271614
1080 2.6773991956 27.4112377274 152.053289691 200.132092727 0.644842114312 0.769693157615 4.82598023623 293.627391765 321.053446645 205.525487034 0 1680.91492445 40.4778010679 235.379377037 22.5221989321 6.08507555037 53.9465533551
1104 2.62004542306 26.1699129456 153.680206071 200.153123318 0.650608910382 0.873181708608 4.25734898058 294.065737083 320.980088876 195.975369453 0 1681.04601393 40.5869267916 230.268731294 22.4130732084 5.95398606847 54.019911125
1128 2.56224514134 23.8728592511 148.995202057 200.175039967 0.660009596839 1.00046803486 5.91991800854 292.244564393 320.876917451 187.628869456 0 1681.17697306 40.628919221 229.470076214 22.371080779 5.82302694488 54.1230825494
1152 2.51521010079 21.5501693981 146.346514265 200.193276457 0.648637067224 0.102363459477 2.00957607982 297.046146937 321.143694509 192.156653584 0 1681.28572007 40.8563268891 224.942107662 22.1436731109 5.71427993029 53.8563054917
1176 2.47266469675 20.2781852095 144.687567995 200.209702227 0.635441533276 0.167144745414 5.52571609143 293.461995403 321.40820911 199.778502058 0 1681.38260056 40.9407732589 221.719221977 22.0592267411 5.61739944213 53.5917908903
1200 2.42939826564 23.152613834 147.042681143 200.22637607 0.624222557645 0.226501161476 2.31194872257 296.610951488 321.232100247 194.237155698 0 1681.47920282 40.7204339106 219.765469159 22.2795660894 5.52079717956 53.7678997535
1224 2.38642318122 21.327266992 144.582442815 200.242956527 0.614861728695 0.308616152205 2.1347662418 296.698799351 321.270727287 193.520792995 0 1681.5773485 40.8312768188 218.977189689 22.1687231812 5.42265149944 53.7292727133
1248 2.34314947423 21.8092478996 140.152757565 200.259730238 0.607772007185 0.403900656202 2.12634431525 296.602252784 321.437631155 198.50633168 0 1681.67467354 40.74032745 214.493934993 22.25967255 5.32532646195 53.5623688454
1272 2.30402098305 20.4607327016 144.976607791 200.275025398 0.603556621552 0.467385176799 1.52213378919 297.131899015 321.382770853 195.491162624 0 1681.76457566 40.9090966954 210.274754146 22.0909033046 5.23542434447 53.6172291472
1296 2.26628541994 19.7207065513 147.066481145 200.289939387 0.600813959419 0.508618130167 0.812424869805 297.788203654 321.15280628 189.026543918 0 1681.850094 40.9273147074 207.338775508 22.0726852926 5.14990599507 53.8471937202
1320 2.22795985777 21.3834046609 145.936757158 200.305285218 0.599168672105 0.579184934981 4.28234422027 294.234016955 321.029990863 182.373138963 0 1681.93594812 40.7401095879 202.690626194 22.2598904121 5.06405188066 53.9700091376
1344 2.1916297073 18.4356477281 145.269885143 200.320065325 0.599925576157 0.685409771365 5.39919036141 292.995408967 321.084458639 178.503908988 0 1682.01934569 40.9456084227 202.220433627 22.0543915773 4.9806543087 53.915541362
1368 2.15986160467 17.3098914542 145.528768262 200.333230434 0.602379097706 0.725418242336 0.822573715706 297.51639851 321.076975464 179.789897446 0 1682.09204793 41.0758395333 196.962821951 21.9241604667 4.90795207233 53.9230245361
1392 2.12867496886 17.6280530198 145.016498642 200.346401937 0.605141658366 0.743312443166 3.26339708045 295.041746881 321.134179276 176.494101168 0 1682.16244704 41.0093361578 194.952256718 21.9906638422 4.8375529556 53.8658207245
1416 2.09734563713 17.5437587666 143.927713338 200.359897586 0.608503602106 0.766638119454 1.81703788393 296.447922809 321.112979699 173.216258963 0 1682.23366903 41.0680606999 193.042231579 21.9319393001 4.76633097325 53.8870203011
1440 2.06559957188 18.6807698895 144.764825186 200.373863066 0.612467714529 0.794529998575 0.548519866109 297.670619355 321.031128044 166.537237838 0 1682.30495634 40.8928655541 191.317788348 22.1071344459 4.6950436648 53.9688719565
1464 2.03355370616 18.1521731041 141.233066759 200.388278384 0.616854060167 0.812617913303 2.46864132505 295.713608318 320.934957715 162.942408836 0 1682.37734746 40.8749756113 191.687910406 22.1250243887 4.62265253616 54.065042285
1488 2.00452981841 16.375325788 141.086546676 200.401626138 0.62124235119 0.838497080371 2.81070879408 295.327925637 321.155682395 164.719881173 0 1682.44410121 41.0818186175 191.098182261 21.9181813825 4.55589879218 53.8443176054
1512 1.97652183936 17.4941413655 142.638243246 200.414788355 0.626037160214 0.859597326515 2.02475378954 296.074823369 320.925251031 161.002347383 0 1682.50721013 40.9595719379 187.682726318 22.0404280621 4.49278987451 54.0747489695
1536 1.94865357172 16.6962673165 139.905043277 200.428177238 0.631199283332 0.882136931855 2.29165340204 295.766833145 321.035990448 161.938366671 0 1682.57072197 41.056708033 185.428085639 21.943291967 4.42927802821 53.9640095524
1560 1.9222691473 15.4230463526 141.134391855 200.441137885 0.636546408707 0.918422858344 3.27685523673 294.727037611 321.074748028 161.090776735 0 1682.63082984 41.1493113247 185.266466985 21.8506886753 4.3691701577 53.9252519726
1584 1.89764315824 15.7083198142 143.465857055 200.453503819 0.642321208584 0.95659645389 2.92721757953 295.020360939 320.997916426 157.852873191 0 1682.68663076 41.1041467067 184.174323816 21.8958532933 4.31336923644 54.0020835743
1608.0 1001.87277276 15.2989393302 141.147833883 200.466277464 0.648700521012 0.97347787272 0.750784560535 297.160759582 320.987637102 156.72961669 0 1682.74322004 41.1708359444 182.198353158 21.8291640556 4.25677996071 54.0123628981
1632 372.94160524 5182.95989491 180.260709969 209.557502509 15.5317072796 37.6492484731 90.4944170579 146.76712468 275.203163462 870.843206656 0 1148.54131917 39.856070234 405.379109686 23.143929766 538.458680832 99.796836538
1656 89.9657971922 3329.24553882 189.277609853 252.662104944 22.7751837841 48.5472938231 66.6369810534 109.378436396 274.995162121 379.130959704 0 1483.88698297 39.0679226143 430.412655872 23.9320773857 203.113017032 100.004837879
1680 34.1964836172 1121.55063851 184.541098926 278.312376968 13.0173290323 31.4515675648 63.202462079 114.016264356 293.761574276 291.09977479 0 1606.22497614 39.0931910992 451.612303617 23.9068089008 80.7750238625 81.2384257242
1704 21.7754271275 433.027254147 177.245000504 284.414748409 4.83312852303 12.1830463323 40.5805884207 157.988488315 309.002061852 311.150765119 0 1637.15426015 39.3865354491 418.904828116 23.6134645509 49.8457398525 65.9979381476
1728 17.1133663523 264.327884743 172.910826741 285.349090462 0.922138904875 2.3256694145 25.9686780189 185.4344232 314.595649138 339.482932013 0 1648.17680368 39.6140064595 392.971692427 23.3859935405 38.8231963237 60.4043508622
1752 14.4312907187 208.682992727 164.648056236 285.614621763 1.15219460497 2.18110712951 20.3575862522 190.694490251 317.138159935 374.253934595 0 1654.3027151 39.6945197932 371.741054944 23.3054802068 32.6972848978 57.8618400653
1776 12.498709241 166.963526824 170.47797381 285.768216998 0.607049118045 0.947795030235 20.0606564672 192.616282387 318.060275077 365.064625387 0 1658.689418 39.7791441058 363.741493671 23.2208558942 28.3105820053 56.9397249234
1800 11.1560363458 142.830806129 167.294771473 285.881081571 0.706539041856 1.08602242021 12.5445125388 199.781844428 319.384219793 380.928806363 0 1661.74380567 39.8557703073 363.709411108 23.1442296927 25.2561943301 55.6157802074
1824 10.0375972104 127.865125954 172.071224606 286.002551408 0.840304585999 1.48242692893 12.7855194289 198.889197648 319.427835599 371.260485036 0 1664.25499262 39.8561872507 351.234894438 23.1438127493 22.7450073785 55.5721644016
1848 9.14884587124 118.085219772 168.534866391 286.129186853 0.964573946563 1.03518145032 12.5517681516 199.319289599 319.895197401 362.925850411 0 1666.26468531 39.8801207146 343.297082583 23.1198792854 20.7353146875 55.1048025988
1872 8.38697293758 106.247206969 170.947793777 286.257758483 1.00296512176 1.37958590645 11.1187467871 200.240943702 319.801481226 342.80975817 0 1667.98113367 39.8908866823 337.622388767 23.1091133177 19.018866334 55.1985187742
1896 7.77909375852 103.164514401 163.952569093 286.29695067 0.206928671361 1.38733658546 12.4543765325 199.654407541 320.44284079 339.861284564 0 1669.35996624 39.9191950933 336.128451779 23.0808049067 17.6400337594 54.5571592097
1920 7.23253749235 90.6298745284 167.670469522 286.324390176 0.280716445999 0.618121422069 12.0127102306 200.764061726 320.373236387 335.08426823 0 1670.59333816 39.9404033286 321.090148015 23.0595966714 16.4066618365 54.6267636131
1944 6.75949708059 87.0746794102 163.010681145 286.355457547 0.323257624219 0.662343122492 9.35089148002 203.308050227 320.67144056 327.609363667 0 1671.6605261 39.9351841082 310.324887005 23.0648158918 15.3394738981 54.3285594404
1968 6.37048322214 68.3247688899 163.10231126 286.386529678 0.386076761207 1.39098320804 6.57463823635 205.261772117 321.122138236 336.244490077 0 1672.55587383 40.1360978081 302.417669916 22.8639021919 14.4441261707 53.8778617641
1992 6.04472615894 66.9005792316 161.793926046 286.417533721 0.406176054288 0.852242437395 4.28519264057 208.038855147 321.182573602 329.639616746 0 1673.29136962 40.130720351 300.355974907 22.869279649 13.7086303811 53.8174263978
2016 5.74754024178 64.4421772928 167.511263533 286.449051815 0.413695228658 0.267536107663 6.45618456247 206.413532286 320.857045201 309.011103977 0 1673.96261683 40.1555329116 301.049670668 22.8444670884 13.0373831682 54.1429547989
2040 5.47303894577 59.8966077632 162.097392156 286.479464593 0.420871476735 0.753708045001 7.01567940382 205.330276481 321.145753204 312.868107835 0 1674.58470283 40.1963959755 286.802146594 22.8036040245 12.4152971679 53.8542467963
2064 5.22190089554 54.5765912085 157.353928531 286.510211888 0.455282531073 1.10694004417 8.12633441069 203.801231126 321.296891081 308.815563903 0 1675.1511574 40.1984840654 283.607926655 22.8015159346 11.8488426016 53.7031089194
2088 4.98996241557 58.9963857856 155.164558638 286.541391547 0.456156385953 0.509440026594 4.74220205772 207.750809983 321.201549575 295.453584563 0 1675.66983927 40.0805554915 283.781331802 22.9194445085 11.3301607321 53.798450425
2112 4.77599921998 52.8686431847 154.218318824 286.571663444 0.46703940701 0.736075498161 4.1664931077 208.058728544 321.366260639 294.698345362 0 1676.15701804 40.1551205009 280.757701894 22.8448794991 10.8429819646 53.6337393609
2136 4.59345675301 48.2896908823 157.412626858 286.599519329 0.487866810067 0.942424803603 4.05515484913 207.915034208 321.477105653 295.39563844 0 1676.57412681 40.2577503851 272.139513671 22.7422496149 10.4258731891 53.5228943475
2160 4.41815298908 48.3561754344 155.503581268 286.628725506 0.503069696581 0.0884905422135 6.05522151825 206.724492737 321.407447062 282.069310632 0 1676.96989777 40.2334363567 273.541146167 22.7665636433 10.0301022297 53.5925529384
2184 4.25372748445 44.9522755823 160.193952993 286.656850576 0.488741950952 0.405292225806 6.48981017005 205.959305078 321.025637914 263.113123674 0 1677.34267683 40.2867773685 273.46948721 22.7132226315 9.6573231658 53.9743620865
2208 4.10108631301 46.1935691966 158.322877514 286.683680262 0.493388746401 0.750676089409 5.37160448439 206.700650418 320.819408499 251.808719144 0 1677.6844184 40.1704343517 265.447400584 22.8295656483 9.31558160183 54.180591501
2232 3.9586314759 40.0597998511 160.341121588 286.710295182 0.51199272578 0.94927546882 4.12365968214 207.704776941 320.882978174 242.671296538 0 1678.01043427 40.3158724381 262.558143178 22.6841275619 8.98956573406 54.1170218261
2256 3.83849016535 35.9930999193 157.756455694 286.734368773 0.520448576886 0.119908436514 4.52033268655 208.104941527 321.168901667 244.888091239 0 1678.28639145 40.4781946855 257.541782658 22.5218053145 8.71360855316 53.8310983327
2280 3.72555926132 37.301446243 157.112470406 286.757346596 0.507202169075 0.336913917991 6.58648705565 205.812050262 321.064919815 238.685397639 0 1678.53932716 40.3633944168 256.119525402 22.6366055832 8.46067283603 53.9350801849
2304 3.61489953258 37.9423285159 149.609674266 286.78020121 0.505123559556 0.555517177292 4.70841656092 207.450741492 321.338243058 245.27142105 0 1678.78964785 40.3606584644 248.395607331 22.6393415356 8.21035215104 53.6617569418
2328 3.50898112926 34.7205976441 152.243041838 286.802850873 0.511792499494 0.745508729809 4.72853467356 207.211313224 321.246526542 239.645475227 0 1679.0308731 40.4263505249 245.376922487 22.5736494751 7.9691269054 53.7534734586
2352 3.41682906584 33.5880615593 154.214280345 286.823500032 0.523501160618 0.875548234428 3.8609764563 207.916474117 321.304586771 234.765290221 0 1679.24056287 40.4736893037 243.02411342 22.5263106963 7.75943712611 53.6954132291
2376 3.32736978489 32.3677890175 153.759247544 286.844634797 0.539043709716 0.95812984607 3.04784740123 208.610344246 321.131607139 229.907436434 0 1679.44332742 40.5095742635 238.107009722 22.4904257365 7.55667257815 53.8683928609
2400 3.24543212345 28.68010349 149.00112129 286.864998483 0.541688065439 0.0657127708563 2.71502078502 209.812579896 321.397972812 234.225392844 0 1679.63063018 40.6626794964 234.764290269 22.3373205036 7.36936982515 53.6020271885
2424 3.16663972626 28.2114374054 150.761232793 286.884674953 0.526728600378 0.210990428722 6.24776642496 206.129839594 321.404452886 231.456805804 0 1679.80829612 40.6212989704 231.905049549 22.3787010296 7.19170387775 53.5955471146
2448 3.09219920075 27.0978987365 151.920404621 286.903305619 0.518358999245 0.350088448808 2.52435125624 209.703895677 321.238141591 225.386547404 0 1679.97715611 40.660408857 230.460265579 22.339591143 7.02284389456 53.7618584094
2472 3.02562776193 26.1635985181 146.968403902 286.920154494 0.514342956112 0.443519248344 5.23860994616 206.883373356 321.551833811 230.978860824 0 1680.12897363 40.7277831478 228.299844471 22.2722168522 6.87102636624 53.4481661889
2496 2.95825439231 31.1066989297 146.139646857 286.937510577 0.513835874959 0.536315424698 1.18241530724 210.829922816 321.456144745 226.864403518 0 1680.27889663 40.4909534312 225.485038 22.5090465688 6.72110337132 53.5438552552
2520 2.89239465449 26.4448752859 148.02267412 286.954882033 0.515122166777 0.573335491611 2.23026319865 209.72639711 321.435355956 226.743778887 0 1680.43010592 40.6897742949 222.003248132 22.3102257051 6.56989407579 53.5646440439
2544 2.83204507333 26.8461229866 145.796004571 286.971210374 0.517677176576 0.631842045741 3.77831236981 208.100958034 321.690061609 230.771277713 0 1680.56658582 40.6594461912 216.023559474 22.3405538088 6.43341418097 53.3099383913
2568 2.76812761 28.0493853075 143.873293335 286.989009043 0.522012772309 0.664753724663 1.92250030324 209.901724157 321.481402018 223.732978644 0 1680.70886991 40.4488847983 216.382286992 22.5511152017 6.29113009195 53.5185979821
2592 2.70695508489 27.7165925484 149.6762448 287.006601088 0.528195126789 0.773975102635 5.75499688132 205.936231801 321.331459191 214.9756985 0 1680.84767105 40.453701189 212.928440329 22.546298811 6.15232894709 53.668540809
2616 2.65196759476 23.4402281697 148.877145204 287.022998555 0.537638662496 0.87907941201 3.00737543424 208.552907937 321.325294165 214.636472376 0 1680.97484008 40.7242372387 206.928744652 22.2757627613 6.02515992522 53.674705835
2640 2.60248310497 22.1522039778 148.269962518 287.038335553 0.548431015637 0.970176062961 2.74864037488 208.694416994 321.206797742 206.776614891 0 1681.08766386 40.8140585344 207.192288672 22.1859414656 5.91233614064 53.7932022583
2664 2.55606953025 21.0028155555 145.941602183 287.053298176 0.560390383523 1.01866710822 2.30419022325 209.063454109 321.452909312 206.994553513 0 1681.19402337 40.9818713248 205.697145936 22.0181286752 5.80597662598 53.5470906876
2688 2.51030723027 22.9296526074 148.447159179 287.068625251 0.56551774506 0.0450721316509 0.944995283845 211.375789589 321.218139433 197.804603938 0 1681.29646673 40.7923886097 205.294765823 22.2076113903 5.70353327241 53.7818605674
2712 2.46280838933 23.2399030928 145.816112133 287.08462644 0.55177836103 0.122037974075 3.86943497514 208.37212225 321.145043359 190.899032967 0 1681.40357267 40.7338474478 207.87744821 22.2661525522 5.59642732931 53.8549566409
2736 2.41904225331 23.0851123455 144.282324888 287.09932238 0.541418557771 0.203831975508 4.40450339112 207.750923696 321.123199005 188.634145073 0 1681.50309768 40.7776742874 205.601443866 22.2223257126 5.49690232043 53.8768009948
2760 2.37735239529 23.1544377367 143.385957205 287.113334238 0.533565878399 0.266792611041 1.79759515393 210.288712119 321.15328658 182.569749297 0 1681.59783192 40.8125509212 209.485552868 22.1874490788 5.40216808139 53.8467134199
2784 2.33493407626 21.7173757112 143.544141183 287.127652612 0.527037748796 0.307407311528 2.42762776654 209.610274561 321.123506125 184.22969823 0 1681.69373402 40.7968934871 204.44943722 22.2031065129 5.30626598265 53.8764938753
2808 2.29650202238 19.8915583595 140.090094986 287.140709719 0.522076050005 0.335712893768 0.632931313829 211.368570024 321.497362131 194.151214426 0 1681.78165996 40.9215059066 199.757195781 22.0784940934 5.21834004446 53.502637869
2832 2.25999174606 20.9131774346 142.050573382 287.153208414 0.517902143095 0.360552215199 2.66253614219 209.305801086 321.470242408 195.506581452 0 1681.86453732 40.9366076279 195.349883888 22.0633923721 5.13546267949 53.5297575925
2856 2.22361072668 19.3886030851 142.619069525 287.165773499 0.514571466287 0.393996525871 1.73660913088 210.189049378 321.497847121 197.942398019 0 1681.94663787 40.8790793586 191.183622003 22.1209206414 5.05336212797 53.5021528788
2880 2.18859904972 21.3063699269 141.75428396 287.17799416 0.512324381046 0.445845263697 3.65736552943 208.206470666 321.512574724 194.645256832 0 1682.02566045 40.7909659745 191.164450743 22.2090340255 4.97433955468 53.4874252759
2904 2.15431646002 18.4282747782 140.210760856 287.190114108 0.51135879594 0.486377040982 2.57067474945 209.241475306 321.481879 195.076494471 0 1682.10419855 40.9848826886 189.308705752 22.0151173114 4.89580145166 53.5181209999
2928 2.11715962588 20.1228031565 144.869505677 287.203454834 0.511193591755 0.521946207526 1.00022515384 210.763180213 321.141501324 183.281849805 0 1682.18673333 40.6963860507 185.638981542 22.3036139493 4.81326667127 53.8584986757
2952 2.08462081643 17.6151196173 144.815902996 287.215336997 0.511872749111 0.566583421462 2.80506942895 208.901137404 321.129213121 177.590658174 0 1682.26200753 40.9643746614 186.089038681 22.0356253386 4.73799247214 53.8707868789
2976 2.05582068146 17.0121733318 143.801163184 287.226031984 0.513200849761 0.584798294121 1.16210658746 210.513862285 321.153083669 176.676652779 0 1682.32793911 41.0725396926 181.699297439 21.9274603074 4.67206089322 53.8469163311
3000 2.02611963253 17.3680198386 142.219144091 287.237252681 0.514938595258 0.609184025119 1.70776242707 209.930862272 321.127142662 172.425536161 0 1682.39469092 40.9656523714 182.41509387 22.0343476286 4.60530908359 53.8728573382
3024 1.99721989237 16.9254078363 139.334476727 287.248372774 0.517205464964 0.631331601435 0.196984864108 211.406105296 321.287021947 174.758414283 0 1682.46035277 40.9946034119 180.233660989 22.0053965881 4.53964723048 53.7129780534
3048.0 1001.96931276 16.8295268978 139.440982949 287.259315677 0.519748446474 0.651787335317 2.59516890168 208.97397964 321.291625834 175.215052106 0 1682.52362391 40.9843642024 177.233515452 22.0156357976 4.47637608629 53.7083741662
3072 371.877695054 5193.09795932 176.808517363 292.314150302 7.49647687908 36.1073846308 58.5321021845 105.549886004 275.219249056 936.575922797 0 1149.31517435 39.8450522971 402.676594557 23.1549477029 537.684825646 99.7807509443
3096 88.8879404172 3366.57337571 183.721829451 326.387038711 16.0850546215 36.1436525871 55.4481674243 65.9360866565 274.650539613 375.271627443 0 1485.61625871 39.058053529 430.523440981 23.941946471 201.383741282 100.349460387
3120 33.3464517507 1135.38319391 179.879273975 344.444859315 8.69558993337 24.0419030819 40.870655347 81.9469923231 293.422815151 280.61484376 0 1607.98490366 39.0776686293 471.302779138 23.9223313707 79.015096341 81.5771848494
3144 21.20268014 439.733325137 173.410383689 349.750999868 5.11510357711 15.2468314434 29.6461687324 100.240896379 308.814769676 292.928557377 0 1638.38592932 39.3602633805 460.37957221 23.6397366195 48.6140706739 66.185230324
3168 16.7528562114 267.269348109 169.812019479 350.680072636 1.2113925203 3.9459112711 25.1149592925 119.047664281 314.942735801 355.725105774 0 1648.97509671 39.5902913635 426.54002862 23.4097086365 38.024903284 60.0572641989
3192 14.0989124923 213.752211619 170.268771679 350.915607811 0.911888625256 0.255552256981 18.0503282417 129.866623066 317.043250639 371.009228991 0 1655.03055589 39.6666895727 403.478170712 23.3333104273 31.9694441089 57.9567493613
3216 12.2556078627 171.893699154 179.898095295 351.108336137 0.928101150821 1.40936955279 13.2365675641 133.317625596 317.742094533 359.043978193 0 1659.22387735 39.7397086192 392.392876408 23.2602913808 27.7761226501 57.2579054677
3240 10.9028839611 144.632891112 172.613428945 351.268845756 0.889401756093 0.855792233723 5.92437324231 141.061587012 318.878685864 372.075001503 0 1662.29280981 39.7993900416 371.242490931 23.2006099584 24.7071901819 56.1213141366
3264 9.83087076574 130.380647476 171.548451437 351.403815039 0.855500585827 0.940392517967 4.39696545237 142.403326405 319.388373125 364.637359981 0 1664.71210123 39.8191399042 362.384453429 23.1808600958 22.2878987637 55.611626875
3288 8.96091602047 108.820910098 172.234078384 351.523916864 0.854108482024 0.505292766006 8.43489650227 138.681785386 319.675221456 349.915517748 0 1666.69273869 39.9238428704 358.963508427 23.0761571296 20.3072613099 55.3247785445
3312 8.28489152213 111.997701911 168.867874806 351.623979211 0.860695776036 1.2361414635 7.01680081836 139.262382732 320.261491747 355.010969213 0 1668.21753139 39.8948177318 340.976143131 23.1051822682 18.7824686082 54.7385082527
3336 7.68796693444 92.4178129614 171.635122397 351.722422299 0.878820249245 0.885521245273 6.90714159716 139.60609461 320.309098531 344.054815135 0 1669.57250895 39.9833879425 338.70118544 23.0166120575 17.4274910498 54.690901469
3360 7.17047082182 93.2760888968 167.033604682 351.81266449 0.837026861885 0.432189711567 6.07257565957 140.845543278 320.100393473 322.542780273 0 1670.72712541 39.8846428616 338.446213033 23.1153571384 16.2728745856 54.8996065268
3384 6.71794665461 80.5110707012 162.305546434 351.893577368 0.826925021708 0.992915995539 6.14406047529 140.14252114 320.700688083 327.629532194 0 1671.75915004 39.9871126277 333.41982795 23.0128873723 15.2408499607 54.2993119169
3408 6.32662180078 76.0338160549 166.381999359 351.968869271 0.831966976071 0.441709389614 5.25998664075 141.497467723 320.525512034 313.873232832 0 1672.64395116 39.9927088712 324.41260054 23.0072911288 14.3560488405 54.4744879658
3432 5.96934871825 69.0820739415 166.775538833 352.040603583 0.822140514354 1.00733200541 6.7754444877 139.354479411 320.462718113 295.007703682 0 1673.45381011 40.0476668465 323.480583407 22.9523331535 13.5461898852 54.5372818868
3456 5.68328874015 61.5508334491 164.21400491 352.100073803 0.788994662418 0.394922831773 3.75856069536 142.957448008 320.83212553 302.337014761 0 1674.10858224 40.15867171 316.016827562 22.84132829 12.891417755 54.1678744705
3480 5.43357867519 59.3011942243 159.102725692 352.152531127 0.770555084132 0.630773307252 5.09876080739 141.347379675 321.651326673 323.917545595 0 1674.67538889 40.2083041167 305.060021763 22.7916958833 12.3246111084 53.3486733267
3504 5.19607063104 58.6399888354 161.763514753 352.204090937 0.770638186615 0.909150716095 5.24592848162 140.87019168 321.433861575 312.264656263 0 1675.21153264 40.2128678886 303.751635557 22.7871321114 11.7884673565 53.5661384253
3528 4.96079158743 57.7283772977 160.074264175 352.258064814 0.773778874813 0.141199020935 5.8273612719 140.999596018 321.087429246 298.900436096 0 1675.73645931 40.0909285014 299.698010486 22.9090714986 11.263540683 53.9125707538
3552 4.74961670152 52.9378003467 160.411589696 352.307480449 0.744780656235 0.462428419022 3.71309727061 142.772213206 321.070873402 287.291628674 0 1676.21795152 40.1757663551 293.466183556 22.8242336449 10.7820484734 53.9291265983
3576 4.56197112255 48.5316074759 163.564414597 352.352159107 0.735835059751 0.719590998131 3.97558728734 142.216827549 320.99468399 272.483173834 0 1676.64563749 40.2738491769 291.420574343 22.7261508231 10.3543625111 54.0053160098
3600 4.39466820311 42.9920571225 165.725668273 352.393422878 0.737711228869 0.835946309424 3.84583692934 142.187082655 320.842866926 263.164215895 0 1677.02557229 40.3519370975 285.401662835 22.6480629025 9.97442770829 54.1571330738
3624 4.24357595454 44.0940359539 160.028861687 352.432324814 0.745843683378 0.955934320579 4.17102816461 141.694869018 321.039692288 260.254426943 0 1677.3671773 40.3325305412 278.755182245 22.6674694588 9.63282269646 53.9603077124
3648 4.09948013642 42.5271921037 162.472627924 352.471328392 0.760698095141 1.10729683852 4.31356312944 141.347113545 320.869123313 251.481160406 0 1677.69292958 40.3299237598 270.264430583 22.6700762402 9.30707041524 54.1308766877
3672 3.96620085983 39.5079784005 161.378818656 352.50902302 0.751003911359 0.341193879976 3.03721136778 143.361567822 320.966734765 248.673096554 0 1677.99503223 40.368118846 261.092283699 22.631881154 9.00496776799 54.0332652348
3696 3.8345530403 39.9528390753 152.778804983 352.546572527 0.733271936738 0.457870339821 4.17391733518 142.088367862 320.961523532 244.312167983 0 1678.28995539 40.2685241383 255.086012167 22.7314758617 8.7100446102 54.0384764683
3720 3.71676368537 38.6872415762 151.075120069 352.580630063 0.723219697463 0.58238178208 3.71875111381 142.395017344 321.200171907 240.99110583 0 1678.55944721 40.3687160971 254.83558103 22.6312839029 8.44055278831 53.7998280936
3744 3.60898257145 36.7542763497 150.02159334 352.612458167 0.719572172934 0.670396329419 1.93290920642 144.064664125 321.214598691 240.082978032 0 1678.80430978 40.4119254386 249.112253812 22.5880745614 8.19569021703 53.785401309
3768 3.5064793506 34.9737402538 152.208820778 352.643530953 0.719008555654 0.759723934327 3.00108844878 142.876648109 321.235837721 238.496727089 0 1679.03609409 40.4047467571 242.232813455 22.5952532429 7.96390590287 53.7641622788
3792 3.40816370385 34.7451539511 150.771202717 352.674260459 0.721992798601 0.804678918468 2.06462828356 143.734439541 321.315793647 235.312873607 0 1679.25823935 40.3912974507 240.110493345 22.6087025493 7.74176064732 53.6842063533
3816 3.3170897644 32.3169215233 148.865556995 352.703679538 0.726732888174 0.883362972965 2.76042660882 142.925797993 321.310610667 236.735756225 0 1679.46611123 40.4885553615 234.443521106 22.5114446385 7.53388876908 53.689389333
3840 3.23182093545 29.8611763645 153.768123121 352.732208846 0.734360776325 0.951984166511 1.23948481674 144.341961395 321.213635114 229.306476518 0 1679.66001822 40.5517069088 229.454694662 22.4482930912 7.33998177368 53.7863648865
3864 3.15998407579 26.930158013 154.52501529 352.757092948 0.741648683611 0.966474603545 3.05427902114 142.480504744 321.14643264 220.584598415 0 1679.82507167 40.7406994711 231.941113651 22.2593005289 7.17492832639 53.8535673606
3888 3.09085985409 27.7399340832 148.31403045 352.781827957 0.749509794323 0.987972659116 1.77335504292 143.707334547 321.357123347 225.159550909 0 1679.98075298 40.6747739585 228.505940517 22.3252260415 7.0192470138 53.642876653
3912 3.02039051257 26.355580432 143.087813404 352.807906182 0.758381590208 1.03637566295 1.63815318725 143.759183378 321.58652932 230.088371402 0 1680.14027946 40.6964942151 228.359813937 22.3035057849 6.85972053553 53.4134706806
3936 2.9541378451 26.7541032632 147.908720231 352.832923474 0.741061008071 0.078192653137 2.40291779058 143.944905074 321.529854499 226.309165163 0 1680.29049052 40.7059232865 227.425651527 22.2940767135 6.70950947774 53.4701455008
3960 2.89130769031 29.1228376028 151.835595636 352.856489925 0.720989399202 0.137786737948 1.99498606081 144.289747878 321.31398155 217.189568535 0 1680.43189283 40.598360818 225.879161745 22.401639182 6.5681071708 53.68601845
3984 2.82972165915 25.0349361773 146.840702086 352.879481237 0.703148701394 0.188618564879 2.60662479056 143.622126706 321.459689894 222.57128872 0 1680.57233637 40.724807498 222.57274784 22.275192502 6.42766362597 53.5403101061
4008 2.77351781133 24.253300198 149.066464976 352.90041897 0.688801380805 0.250487590877 0.869132276681 145.291159782 321.40198595 221.367647911 0 1680.6997205 40.7304194735 217.657541844 22.2695805265 6.30027949765 53.59801405
4032 2.72016659031 23.1663436633 147.109516395 352.920305174 0.676477492842 0.274138732454 2.06471848351 144.064360117 321.514483376 218.917026513 0 1680.82119149 40.8070945276 218.129895047 22.1929054724 6.17880850296 53.4855166244
4056 2.66330842926 24.6463321297 143.196636365 352.941552795 0.665130586849 0.352125176571 3.51782831477 142.523363128 321.519603333 218.073380699 0 1680.94815357 40.6272456318 215.687204704 22.3727543682 6.05184642364 53.480396667
4080 2.61207218285 24.791909472 147.098814939 352.960810718 0.657009073684 0.407114037387 2.63987986873 143.335186303 321.32197143 208.356760564 0 1681.06505797 40.6919526479 215.502790344 22.3080473521 5.93494202362 53.6780285702
4104 2.56428233421 20.0637601486 153.237331294 352.978918905 0.650678032224 0.431564236433 0.60995114912 145.328887678 321.084848346 197.913543095 0 1681.17554525 41.0189564033 213.497397804 21.9810435967 5.82445475015 53.9151516538
4128 2.52030710326 21.0030401804 147.21481267 352.995730101 0.645236490399 0.450542619363 2.33558735787 143.572903432 321.209586182 199.943812217 0 1681.27434023 40.8845869045 207.791440993 22.1154130955 5.72565976233 53.7904138181
4152 2.47748580021 21.3487592844 144.289811161 353.012257669 0.640894970154 0.489308722666 1.98346694422 143.874071695 321.413490805 203.325586245 0 1681.37113701 40.8374463572 204.429913549 22.1625536428 5.6288629842 53.5865091954
4176 2.43533051791 20.2722128356 149.399690095 353.028710936 0.637557604631 0.524164419384 1.64159900971 144.167968031 321.214951458 195.229184926 0 1681.46700542 40.9097915391 201.316729654 22.0902084609 5.53299458104 53.7850485425
4200 2.38753476857 23.6873290439 144.179936163 353.047621346 0.634639389151 0.549707405677 1.8930505671 143.874981292 321.041197058 187.954794284 0 1681.57221238 40.5303448405 199.4425984 22.4696551595 5.42778761248 53.958802942
4224 2.34361483194 21.0375831059 143.982428503 353.065269839 0.632979183181 0.595275978676 1.828712873 143.877762126 321.072789624 186.140414707 0 1681.6734816 40.7449268901 195.809939881 22.2550731099 5.32651839506 53.9272103764
4248 2.30305077097 18.8829080539 144.608985234 353.081835701 0.632112099128 0.604169127801 1.59524001435 144.086643058 321.14409777 182.657022945 0 1681.76681212 40.9656358707 194.421204741 22.0343641293 5.2331878731 53.8559022299
4272 2.26518751285 18.6366745201 145.257777504 353.097548927 0.631900200395 0.642982667533 2.10842229223 143.519145914 321.093682641 182.433063173 0 1681.85260872 40.9627236967 189.238823478 22.0372763033 5.14739127749 53.9063173595
4296 2.23095029122 19.2290045899 146.035374934 353.111989388 0.632396439125 0.665285455831 1.3603683868 144.229960331 321.065181121 177.608692286 0 1681.93066478 41.0081902797 186.320169179 21.9918097203 5.06933522016 53.9348188789
4320 2.19709154204 17.6002307359 141.242624409 353.126505807 0.633270354802 0.678345535746 1.64297066349 143.91890764 321.385469946 184.021728983 0 1682.0075993 41.0661707472 184.532269995 21.9338292528 4.99240069355 53.6145300543
4344 2.16350534677 18.1722369325 142.870463264 353.141152735 0.634545254877 0.697094723191 0.936706092479 144.590501195 321.291342957 183.298281847 0 1682.08310695 40.9492560576 181.921870905 22.0507439424 4.91689305115 53.7086570427
4368 2.13192844514 17.3836982676 145.720969065 353.155163288 0.636040215868 0.705906147209 1.09725869261 144.405631657 320.954934926 171.883933374 0 1682.15530098 41.064206502 183.411061138 21.935793498 4.84469901849 54.0450650747
4392 2.0995315138 20.5196773058 142.435633937 353.1697916 0.637766379195 0.724333256134 2.36943467589 143.098674089 320.913278939 165.62204242 0 1682.22744459 40.7802442013 182.952320069 22.2197557987 4.77255540873 54.0867210617
4416 2.06286481897 20.6651854434 143.947215119 353.186681689 0.640617991529 0.765509022255 1.09114371791 144.31604758 320.825069794 158.269313276 0 1682.30983039 40.6823685453 180.630252227 22.3176314547 4.69016960638 54.1749302062
4440 2.02915799056 18.3665543138 139.215073542 353.202552869 0.643926949902 0.77990589117 0.616818957044 144.756795334 320.940637585 159.985129341 0 1682.38716467 40.8467960162 178.428545189 22.1532039838 4.61283533128 54.0593624149
4464 2.00117440479 16.2897570013 139.624386473 353.215995653 0.646790602209 0.784692714994 0.602544815384 144.749976214 321.126594577 164.358081619 0 1682.45212442 41.1812666231 174.43271895 21.8187333769 4.54787557382 53.8734054232
4488.0 1001.97377519 16.8172995965 140.106481669 353.229400397 0.649668507834 0.791723786053 1.56147410565 143.767733204 321.026035426 160.249305576 0 1682.51349058 40.9918511648 174.569844674 22.0081488352 4.48650942043 53.973964574
4512 374.435102133 5194.41684886 179.999298562 358.577388468 8.69163651869 22.4209404129 42.1127014462 68.1973331543 275.167326419 891.571382222 0 1147.35401468 39.8553665666 385.144901259 23.1446334334 539.645985318 99.8326735809
4536 89.9976170475 3358.14470537 183.113865327 381.706540273 12.1373149699 22.9362874418 35.9485086064 47.2713487099 274.829300853 373.190704571 0 1483.68435504 39.0655710893 423.003903138 23.9344289107 203.315644957 100.170699147
4560 33.8833629253 1146.69436762 175.40875116 393.279183358 4.17444448143 14.2126642975 34.5269460192 53.8067618445 293.75664444 292.940746503 0 1606.83513326 39.0834425096 453.274265415 23.9165574904 80.1648667434 81.2433555603
4584 21.3436809253 450.371608462 169.651005706 395.910808256 2.16375217078 8.29211862221 19.7732793156 73.8600416362 308.857848446 308.123953042 0 1638.02879848 39.3490331329 437.162052257 23.6509668671 48.9712015249 66.1421515541
4608 16.7540370561 259.095231404 168.876237196 396.401289866 0.89824356378 4.17020134576 14.542204051 83.9880611739 315.076185923 354.844528769 0 1648.98111524 39.6125851028 423.352403224 23.3874148972 38.0188847584 59.9238140767
4632 14.1658656744 201.071638871 172.956017903 396.568465109 0.346790072035 1.81825796963 9.28208241144 91.9844044385 317.237249279 371.905329161 0 1654.91426507 39.7164270889 413.263873195 23.2835729111 32.0857349295 57.7627507206
4656 12.3859616736 178.845981865 165.510871679 396.646343407 0.398591669884 0.551490932636 8.17302234212 94.2305516489 318.673815789 394.486179793 0 1658.93622141 39.7334581158 400.797108883 23.2665418842 28.0637785872 56.3261842108
4680 10.9928835339 149.35794719 181.980161172 396.727982283 0.544798936048 1.1222007922 9.75734665941 91.8476713301 318.947835879 377.136589168 0 1662.09622656 39.8122423232 396.982710897 23.1877576768 24.9037734381 56.052164121
4704 9.94523106273 131.768087341 176.990362906 396.818828392 0.644065093638 0.789767086957 6.26929978621 95.4780396419 319.65787781 383.69318247 0 1664.47043378 39.8600095071 383.207435349 23.1399904929 22.5295662188 55.3421221902
4728 9.0692470507 117.726037939 175.925252038 396.908204697 0.635314824593 0.584904017654 3.61220026139 98.2593761998 319.634443802 367.006933604 0 1666.43875995 39.8517817943 376.59459314 23.1482182057 20.5612400549 55.3655561982
4752 8.354348152 99.0563528639 179.06190961 396.986965156 0.635226377504 0.156675606696 4.8459363973 97.3751964633 320.21577584 361.762738939 0 1668.06791084 39.9672034569 368.967164559 23.0327965431 18.9320891602 54.7842241603
4776 7.74342056929 98.48265636 170.186278762 397.057243907 0.605640131378 0.520154354419 4.65660498598 97.1603566218 320.117631692 346.234165161 0 1669.43572233 39.8943767802 360.172126546 23.1056232198 17.5642776696 54.882368308
4800 7.23838509006 87.8247251491 168.887451994 397.118584297 0.610871743988 0.784294768398 3.27870192348 98.2075472674 320.857530874 357.496980107 0 1670.59177895 40.0228367967 347.10023377 22.9771632033 16.4082210483 54.1424691262
4824 6.76527053707 86.6690555803 169.498136371 397.181756271 0.63856348858 1.00858424362 2.92273107843 98.2483649191 320.50112923 331.484776833 0 1671.64407125 39.9026385814 343.442366152 23.0973614186 15.3559287498 54.4988707697
4848 6.36232709501 73.5732331819 173.95729993 397.241069659 0.63087186451 0.289139769122 5.61551868108 96.2234000272 320.244740033 310.367341293 0 1672.56693521 40.0463147454 338.515600832 22.9536852546 14.4330647877 54.7552599665
4872 6.00746097489 79.5758450124 164.785612993 397.294663568 0.619313227055 0.637180898047 3.5837615624 97.8650807449 320.453095672 295.010658229 0 1673.36268385 39.9548396059 328.421544326 23.0451603941 13.6373161456 54.5469043279
4896 5.68561448521 63.2285360583 165.605619392 397.34619731 0.632906497598 0.944504203454 3.20299044521 97.8734015446 320.772977461 297.553541982 0 1674.09906421 40.110839199 317.515714536 22.889160801 12.9009357886 54.2270225395
4920 5.41950993241 60.1382812099 160.356565614 397.391304283 0.612148040461 0.228981121109 3.89514910222 97.8724174534 320.962107956 295.850957862 0 1674.70273676 40.1396268175 316.859871582 22.8603731825 12.2972632437 54.0378920439
4944 5.17552631234 58.610295457 164.377284269 397.432872628 0.593345916989 0.406895257635 1.51792306237 100.048963136 320.843002202 287.27800789 0 1675.25465533 40.1603131568 305.877853669 22.8396868432 11.7453446666 54.1569977984
4968 4.94776408201 56.5374326475 158.514123026 397.472611508 0.586165188253 0.59849716784 3.92006077578 97.422665361 320.855202469 279.977468891 0 1675.76730594 40.1319305289 300.791890317 22.8680694711 11.2326940591 54.1447975311
4992 4.74181383425 49.8768764232 156.108852105 397.510111674 0.590987908138 0.721279564628 2.04742549203 99.1301953622 321.208799536 286.919680032 0 1676.23612067 40.206843741 291.629729111 22.793156259 10.7638793348 53.7912004642
5016 4.55850113085 50.0816655223 156.181366341 397.545330416 0.600477978596 0.781470068912 1.81779040345 99.2549311341 321.423660493 289.305144099 0 1676.65186656 40.2139282457 282.194273272 22.7860717543 10.3481334358 53.5763395069
5040 4.38547344868 51.5375527733 159.328282157 397.580511331 0.61251279192 0.874425389866 3.40096179364 97.5315886946 321.284706284 275.844080588 0 1677.04151979 40.1656063816 280.008851744 22.8343936184 9.95848020945 53.7152937161
5064 4.21632226437 49.4397629434 153.77016508 397.617200698 0.632338001541 1.00571627237 1.97398316156 98.7707618671 321.095505 265.434774712 0 1677.42101023 40.0936877407 279.61062949 22.9063122593 9.57898976943 53.904495
5088 4.06985836915 42.6252508212 154.472129977 397.650708742 0.621166940183 0.170607827034 1.97242010394 99.585096387 321.247668457 265.05233823 0 1677.7593268 40.3066216741 274.178041265 22.6933783259 9.24067320517 53.752331543
5112 3.93182224224 44.4593495532 151.347809179 397.682320481 0.60177901811 0.315993380341 3.90992456331 97.4899825578 321.273250518 261.423415946 0 1678.06808708 40.1807746565 269.720081982 22.8192253435 8.93191292055 53.7267494816
5136 3.80376933215 37.5393522326 156.084831098 397.711911234 0.590403897115 0.385013158426 0.768595257215 100.544076454 321.149675807 250.949391421 0 1678.36248518 40.3810465503 270.876975832 22.6189534497 8.63751481815 53.8503241933
5160 3.68889305459 37.965412492 152.969887557 397.738877548 0.582762683044 0.454191857001 1.249838956 99.9743289566 321.248881951 246.871506007 0 1678.62348964 40.4137763073 269.452537457 22.5862236927 8.37651036256 53.7511180494
5184 3.57713646461 34.9097310479 151.611448495 397.765646715 0.577719337167 0.482565940159 0.819440304965 100.354627703 321.204812737 243.09186188 0 1678.87671188 40.4452355375 266.634770107 22.5547644625 8.12328811661 53.7951872627
5208 3.47510084115 32.3272588684 153.524674309 397.790642819 0.574180375538 0.506926989968 1.11866545895 100.009584357 321.302527779 239.125721264 0 1679.10908328 40.534876459 262.537619868 22.465123541 7.89091672457 53.6974722207
5232 3.38422958362 32.4665369403 150.526698039 397.813415937 0.572011096131 0.540906763699 2.0280645431 99.0456016606 321.396661505 244.475523212 0 1679.31434604 40.4872068988 256.143383768 22.5127931012 7.68565395897 53.6033384955
5256 3.29073739097 37.9570697573 150.306821419 397.837442951 0.572057088182 0.618272037099 3.0706634455 97.9015644787 321.197827774 231.819180363 0 1679.52147772 40.2307768116 253.476299157 22.7692231884 7.4785222776 53.8021722262
5280 3.201809198 31.6866523337 156.182211968 397.861006239 0.574891367447 0.648779697853 1.10462377874 99.8106989176 321.099171834 228.838720661 0 1679.7272481 40.4969404036 242.520100347 22.5030595964 7.27275190329 53.9008281663
5304 3.12553172102 28.7984352411 150.803783352 397.881848359 0.577735918215 0.665407087442 1.67319378926 99.2018148465 321.316071836 228.398444457 0 1679.90095827 40.574936369 243.082844708 22.425063631 7.09904173346 53.6839281642
5328 3.05213505406 30.2697854701 147.702395955 397.90250684 0.581617010407 0.70265338539 1.14401676478 99.6692059996 321.479102061 230.859764583 0 1680.06651336 40.5157429966 238.159047316 22.4842570034 6.93348664229 53.5208979386
5352 2.98015546356 26.8530607327 146.329221679 397.92340845 0.586212612708 0.723769016583 1.65899176313 99.1076181585 321.583244859 233.757946331 0 1680.23072495 40.6355636018 233.739206895 22.3644363982 6.76927504921 53.4167551407
5376 2.91507135645 26.6474700992 152.974093567 397.942901002 0.590898185539 0.744394088863 1.90634952824 98.8154571959 321.259443074 220.543088044 0 1680.37834995 40.6488729079 231.739093993 22.3511270921 6.6216500506 53.7405569257
5400 2.85254317121 25.7235164208 150.051167845 397.962207964 0.596433772338 0.772402081992 0.0755983606587 100.593357822 321.403276356 219.682080347 0 1680.5204434 40.7103372836 229.002179367 22.2896627164 6.47955659878 53.5967236439
5424 2.79179115446 26.1064622215 150.071215352 397.981558349 0.60208919499 0.781449980206 1.25776002067 99.3771424556 321.293560483 215.736388956 0 1680.65696881 40.5947775952 224.637882375 22.4052224048 6.34303119325 53.7064395171
5448 2.73597737991 23.862464047 150.214798878 397.999882413 0.607885420546 0.816193003169 2.18765370319 98.3883854611 321.228496245 211.776840804 0 1680.78501001 40.7620666433 221.71362086 22.2379333567 6.21498999401 53.7715037551
5472 2.68147639801 22.770700014 150.076498011 398.018325352 0.614236387297 0.825175460081 1.15513346968 99.3871293316 321.210016097 207.132221808 0 1680.90848234 40.7975978232 218.130660284 22.2024021768 6.0915176595 53.7899839033
5496 2.63319732989 22.8421989961 149.230861666 398.035143322 0.61993556043 0.824000955304 0.852198713897 99.6687214485 321.340598928 208.056945261 0 1681.0185177 40.8303022139 213.906193332 22.1696977861 5.98148230063 53.659401072
5520 2.58401261611 24.4755033441 147.612095973 398.052759278 0.625810523381 0.844078064763 2.60758369213 97.8697684423 321.15410812 200.703848163 0 1681.12854906 40.6696270912 211.938186226 22.3303729088 5.87145093603 53.8458918803
5544 2.53352174993 22.7182844809 148.834163992 398.071379769 0.632299611656 0.845626833496 0.527870965571 99.9228228212 321.072962195 194.837366929 0 1681.2430839 40.722542936 208.265770786 22.277457064 5.75691609809 53.9270378048
5568 2.48600732592 21.2595458977 147.639865262 398.089422848 0.63851523815 0.874750539947 2.27317871705 98.1241326569 321.032677366 189.661901532 0 1681.35150634 40.8318287658 205.855603629 22.1681712342 5.64849365975 53.9673226337
5592 2.44342240227 19.9549194827 146.299917352 398.106050963 0.644631104807 0.881192081589 1.81647728632 98.5516485647 321.023948771 185.025883991 0 1681.44876456 40.9456291292 205.65078509 22.0543708708 5.55123544214 53.9760512293
5616 2.40274455583 21.8607491627 146.164052338 398.122361594 0.650899385216 0.916892553242 3.22672399321 97.0831224744 321.067237973 182.747649053 0 1681.54012119 40.7908125225 202.563806308 22.2091874775 5.45987881155 53.9327620275
5640 2.36174137089 20.7681252068 143.735784786 398.139258286 0.658050249586 0.945983682511 2.70962906808 97.5470787148 321.143301406 184.701468298 0 1681.63351608 40.8876180615 199.712477413 22.1123819385 5.36648392496 53.8566985944
5664 2.32292414064 19.8969535335 143.129533506 398.155707606 0.665458674976 0.976930114448 2.09162927466 98.11027433 321.147480555 184.689729616 0 1681.72149866 40.8800351785 198.072839768 22.1199648215 5.27850134389 53.8525194446
5688 2.28262598637 21.0279693603 139.939630248 398.173285815 0.673883937046 1.00451513147 2.61409560205 97.534219515 321.20326936 183.046589272 0 1681.8119138 40.743408974 199.534574642 22.256591026 5.18808620288 53.7967306403
5712 2.24350428045 20.5130405874 139.626577795 398.190601916 0.659647029392 0.0431185291063 2.15060063913 98.9560318865 321.381899987 189.133395404 0 1681.90080668 40.7711915783 195.154032316 22.2288084217 5.09919331972 53.618100013
5736 2.20876053758 17.4495019414 143.245119419 398.205882569 0.646011298921 0.091744169164 1.4164470276 99.6399149359 321.378419295 188.209531271 0 1681.98125495 41.0933221273 193.033480537 21.9066778727 5.01874504607 53.6215807053
5760 2.17585888135 18.271751766 147.975094409 398.220288282 0.633929084918 0.11075528679 0.648481975461 100.386545372 321.150101836 177.176262994 0 1682.05558339 41.0365561671 193.985767337 21.9634438329 4.94441661029 53.8498981641
5784 2.14516087894 16.7458202337 146.593343775 398.233682386 0.623031877699 0.124906098497 0.768422980083 100.249956658 321.16092081 177.054794964 0 1682.12567951 41.1470955974 192.031351999 21.8529044026 4.87432048622 53.8390791901
5808 2.11436920085 16.6690057047 145.470524392 398.24707924 0.612549839903 0.146947438196 1.90906530143 99.0843581805 321.023569335 171.148715951 0 1682.19538422 41.1342464756 191.184502715 21.8657535244 4.80461577714 53.9764306651
5832 2.08497615393 19.2308583881 141.406225947 398.259842096 0.603137983113 0.166955772741 0.982772867154 99.9872912812 321.249049596 174.234284047 0 1682.26131889 40.9372280924 189.440090701 22.0627719076 4.73868111443 53.750950404
5856 2.05453664797 17.9319636038 141.559784678 398.273044333 0.59389117987 0.190111250556 1.15569759031 99.7872556463 321.189729809 175.607585883 0 1682.33029838 40.9459802962 185.893594919 22.0540197038 4.66970161604 53.810270191
5880 2.02608964237 17.1263477696 139.094790838 398.285379031 0.585770606236 0.210820755551 1.21669481983 99.7013347877 321.273992664 176.353632703 0 1682.39515054 41.0302223606 184.541558263 21.9697776394 4.60484945579 53.7260073363
5904 1.99817353379 16.2016366349 144.193487108 398.297491129 0.578363569587 0.237655208938 0.253474357461 100.633015736 321.248640825 173.298845544 0 1682.45871233 41.1127647404 181.327294304 21.8872352596 4.54128766879 53.7513591747
5928.0 1001.97004734 15.5811535475 139.915642566 398.309713797 0.571356260526 0.260204389452 2.34297305654 98.5157524969 321.230005599 172.516229033 0 1682.52258345 41.1688259948 181.180351338 21.8311740052 4.47741654811 53.7699944006
5952 369.726756828 5313.98627434 165.357926086 401.38365725 4.54729525925 15.677224117 29.9882806949 48.4035426792 274.620511829 866.437849089 0 1150.44359528 39.8223495699 394.283878669 23.1776504301 536.556404714 100.379488171
5976 87.6890151754 3375.67954513 179.065285759 417.345657544 5.15252204082 15.746962322 28.113605937 33.6412521568 274.656502042 378.88862847 0 1487.78008718 39.0516336654 434.420465899 23.9483663346 199.219912817 100.343497957
6000 32.9552477618 1139.42823785 179.642959074 424.027395234 5.98950297246 11.4961838959 20.8914119635 37.5955059341 293.838396979 301.277555559 0 1608.90155599 39.0730898135 437.894557087 23.9269101865 78.0984440129 81.161603021
6024 21.0420789176 427.569290998 171.64883417 426.243864314 0.309253036423 5.52627118368 18.2325307739 49.688080692 309.523327357 313.661919919 0 1638.80896233 39.3803340122 436.018206786 23.6196659878 48.1910376724 65.476672643
6048 16.7217844133 261.440576762 170.285655623 426.412609956 0.395567473545 2.40387250558 6.9358772768 63.8520727887 315.600152371 375.155654094 0 1649.07700834 39.6145969026 408.702630762 23.3854030974 37.9229916546 59.3998476288
6072 14.1070872737 201.364683305 177.122257488 426.531517936 0.508091275732 1.01178071592 5.66107397884 66.2875360935 317.163648013 373.302138576 0 1655.03643729 39.7070085601 395.860312418 23.2929914399 31.9635627036 57.8363519869
6096 12.335326457 168.638146238 168.593962867 426.641576863 0.566035340738 0.918595326445 4.01287992263 67.8609125475 318.565499718 384.421168245 0 1659.06518053 39.7813852261 391.388202335 23.2186147739 27.9348194645 56.4345002815
6120 11.006238764 142.127234089 173.068722298 426.7425054 0.591181453367 0.623000922623 4.66126603732 67.3820461875 319.244334195 379.312886637 0 1662.07541752 39.8441540679 404.016379162 23.1558459321 24.9245824774 55.7556658044
6144 9.94746348113 131.382891549 176.808278854 426.834232091 0.607870232046 0.319097250055 4.95969171651 67.2791087104 319.406041435 382.024846515 0 1664.45134082 39.8098236258 383.407984263 23.1901763742 22.5486591755 55.5939585647
6168 9.04222797873 122.364244817 175.508502669 426.92011063 0.601628880806 0.744615567528 4.24908421813 67.4845607037 319.300943747 349.70024316 0 1666.48947378 39.8144982294 379.296577212 23.1855017706 20.510526217 55.699056253
6192 8.30505832814 104.351345938 172.16656523 426.998884235 0.638941921088 1.03930700065 3.54988193211 67.7729849117 319.963324145 349.784115755 0 1668.16564266 39.8811496314 369.789323213 23.1188503686 18.8343573338 55.0366758546
6216 7.69228458609 105.899699989 161.485518389 427.072286227 0.626411208488 0.549543978344 5.66215922962 66.0895993565 320.629907761 355.816653108 0 1669.54674775 39.8513489081 354.292869639 23.1486510919 17.4532522502 54.3700922389
6240 7.14447535621 94.0787531288 163.899980285 427.141874602 0.633415642039 0.770218398535 1.99928861195 69.4552027455 320.627457035 346.363181565 0 1670.7872309 39.8938252294 345.291960796 23.1061747706 16.2127690998 54.3725429642
6264 6.66739228555 86.1971446077 163.594392711 427.208566507 0.655336830773 0.914568936232 1.92752748416 69.2940002427 320.590797156 326.458686697 0 1671.87015506 39.9501097996 339.314316441 23.0498902004 15.1298449368 54.4092028438
6288 6.24364852262 75.8805527096 165.070941063 427.273213914 0.640030090362 0.27631789542 3.15786736443 68.6525707361 320.151268715 296.150394353 0 1672.82368963 39.9445812052 342.039281614 23.0554187948 14.176310366 54.8487312845
6312 5.90006712424 68.9820520586 165.300860784 427.326592572 0.620376448286 0.477553907361 2.77318759867 68.8022894737 320.486846293 295.550432494 0 1673.61060962 40.0464861948 330.044543789 22.9535138052 13.3893903744 54.5131537062
6336 5.61100100249 62.0347759118 162.510116394 427.373146356 0.618028628529 0.694260568455 3.63494101702 67.6796234307 320.918725559 305.55577354 0 1674.2700722 40.1346925482 315.70530895 22.8653074518 12.7299277967 54.0812744408
6360 5.34503277934 57.5638734772 157.739987633 427.418508025 0.629004408879 0.828652086227 1.44044579376 69.6833896868 321.299826601 311.304719719 0 1674.8719268 40.1751631988 308.730673288 22.8248368012 12.1280731934 53.700173399
6384 5.11125019795 55.8474344087 160.509897628 427.461180181 0.644132656307 0.917295763858 2.91483110654 68.0625602923 321.189358784 301.230669978 0 1675.4015288 40.1972668284 309.412125878 22.8027331716 11.5984712015 53.8106412154
6408 4.88928094526 55.5244284351 158.536586898 427.504622716 0.649059709329 0.0822252275163 1.2259439538 70.5381483935 321.012557811 290.504738359 0 1675.89904331 40.1047397861 301.60176483 22.8952602139 11.1009566886 53.9874421884
6432 4.69321609435 51.6473224967 164.024815475 427.543485934 0.618520845566 0.192915539188 1.39007569288 70.2550019883 320.937205708 278.32439119 0 1676.34633536 40.1993148009 294.497399329 22.8006851991 10.6536646393 54.0627942911
6456 4.52484941318 43.3019977332 158.192362901 427.576801404 0.59847569433 0.291124505341 2.09028343498 69.443314962 321.532859427 291.913749923 0 1676.73390977 40.4005038125 289.601918098 22.5994961875 10.266090232 53.4671405726
6480 4.3634742938 45.1506476079 157.065026243 427.609009546 0.584962392434 0.37953014005 1.76945244183 69.6570454805 321.382383898 283.363336126 0 1677.09555898 40.3047630773 288.007158948 22.6952369227 9.90444101541 53.6176161017
6504 4.20960156779 43.8777568188 161.069633606 427.640249438 0.576023409302 0.462564166825 2.40272234705 68.9184406391 321.434833198 280.680947347 0 1677.44457986 40.3494122701 278.341067529 22.6505877299 9.55542013916 53.5651668017
6528 4.06501332564 42.815917256 157.182533172 427.670327875 0.571923872834 0.511464001009 0.989688193434 70.2565960581 321.204503384 269.55095394 0 1677.7698301 40.2825463095 276.823552045 22.7174536905 9.23016989548 53.7954966155
6552 3.93705732311 38.585847778 158.673595852 427.697711762 0.569950851244 0.551708752294 2.27495692265 68.9056717122 321.295074975 260.388594363 0 1678.06274153 40.4322073337 276.01020948 22.5677926663 8.93725846378 53.704925025
6576 3.81786437908 36.7477690528 153.504732919 427.724003314 0.570743415975 0.60676826991 1.39080694083 69.7076780596 321.324615148 258.645781947 0 1678.33228657 40.4391456912 275.588884375 22.5608543088 8.66771342335 53.6753848515
6600 3.70462627793 34.2987336784 151.334963723 427.749828905 0.573128896264 0.636317671174 0.484885620297 70.555838908 321.636150974 264.806829828 0 1678.58920099 40.493331227 271.865076819 22.506668773 8.4107990103 53.3638490257
6624 3.59577262291 35.3711431368 156.262487514 427.77553862 0.576560359644 0.664479569981 0.546985895442 70.4364355551 321.378507622 254.511340245 0 1678.83424374 40.4191863617 266.981027422 22.5808136383 8.16575626236 53.6214923778
6648 3.50018835152 34.6843703221 155.779796011 427.798911872 0.580140104063 0.665500719666 0.359058803988 70.5963885002 321.405539891 252.29363424 0 1679.05172316 40.4546602928 262.735304353 22.5453397072 7.94827683892 53.5944601088
6672 3.40326666905 34.0026221395 150.857245727 427.823428135 0.584235458952 0.712598132232 3.19522046323 67.6845178115 321.580131249 252.911695261 0 1679.27012063 40.4226418193 258.277310463 22.5773581807 7.72987937042 53.4198687501
6696 3.31208770345 31.3046289366 150.271163072 427.84736066 0.591383316274 0.809316346718 0.824280211747 69.9276594654 321.586819301 250.847192166 0 1679.47747891 40.4971585421 254.381665973 22.5028414579 7.52252109027 53.4131806982
6720 3.23144103753 31.0224197182 152.084295015 427.869378281 0.599623483092 0.831871702581 1.33387658054 69.3652499536 321.60615215 248.730872078 0 1679.66051242 40.4995967599 251.934178181 22.5004032401 7.33948757485 53.3938478494
6744 3.15149759887 32.2102670426 150.274294499 427.892071363 0.608165927598 0.830092330774 0.93096385616 69.7387065232 321.584248101 245.071524918 0 1679.84064881 40.4358924385 247.115199732 22.5641075615 7.15935119215 53.4157518987
6768 3.07665099948 29.7015012867 147.505418995 427.914144986 0.61638704211 0.849503170909 1.37857879052 69.2413860108 321.779962798 250.567436721 0 1680.01139909 40.5346860902 242.745637167 22.4653139098 6.98860090627 53.220037202
6792 3.00622233954 26.5100146101 153.908489187 427.935695907 0.624480037134 0.857715175971 0.755283499521 69.826825381 321.425582937 236.091303543 0 1680.17237677 40.6860127047 244.787767532 22.3139872953 6.82762322549 53.5744170622
6816 2.9392778545 30.6739136019 151.108417346 427.956923354 0.632280242542 0.860722225342 1.07497038841 69.4751037902 321.324548862 227.308018288 0 1680.32156775 40.455994749 241.096380156 22.544005251 6.67843225263 53.6754511374
6840 2.87377049416 26.1151281168 146.378186774 427.978430085 0.639930544739 0.862631300429 1.39748021317 69.121527857 321.690664584 234.056004159 0 1680.4722028 40.6942341402 235.917641006 22.3057658598 6.52779719444 53.3093354158
6864 2.81119044336 28.4097014912 149.700344979 427.999685524 0.647248316937 0.868202751035 1.65755000691 68.827313402 321.485523623 222.485243428 0 1680.61259885 40.5316271035 237.027207156 22.4683728965 6.38740114612 53.5144763765
6888 2.74937970963 26.5389087237 146.551622343 428.021391166 0.654432895107 0.869407138561 0.947548377855 69.5072204225 321.437881827 218.981630791 0 1680.75319832 40.6192764383 236.276858942 22.3807235617 6.24680168158 53.5621181725
6912 2.69083018322 27.4841860759 146.084309291 428.0426342 0.661369831476 0.872337442662 1.15963390179 69.2640246248 321.205760897 208.512545617 0 1680.885444 40.5501169394 235.66511349 22.4498830606 6.11455599546 53.7942391026
6936 2.63242160994 26.3158210702 147.23108664 428.06451922 0.66822297492 0.872941952376 1.41868583439 68.9756300189 321.133962772 201.306507793 0 1681.01766912 40.575815913 232.414689168 22.424184087 5.98233088048 53.8660372272
6960 2.57583673985 23.5164620751 149.044770601 428.086407138 0.674763043024 0.869310947246 0.663131713919 69.7063871579 321.017963706 194.574472147 0 1681.14653385 40.6631953805 228.54444466 22.3368046195 5.853466146 53.982036294
6984 2.52590467268 23.1659397205 146.346424531 428.106303029 0.680389675629 0.869253938972 0.678069991667 69.6659833656 321.054701249 189.249250861 0 1681.26027026 40.7053444293 228.923962796 22.2946555707 5.73972973773 53.9452987504
7008 2.4779679318 22.521178199 149.211978845 428.12593405 0.685618128007 0.859928589383 0.668502786149 69.6600164469 320.947810493 184.078210113 0 1681.36922561 40.7409187822 226.52690341 22.2590812178 5.63077438628 54.0521895063
7032 2.43158583646 23.6339118742 143.201404452 428.145436843 0.690664985331 0.878957344974 1.57412978524 68.7108110419 321.1010482 188.029384406 0 1681.47363868 40.6502569647 221.453999171 22.3497430353 5.52636131696 53.8989517993
7056 2.38221924011 22.1139553912 145.884921904 428.166778887 0.696719846377 0.890799579429 0.657314847631 69.5883868397 320.982912882 180.431647726 0 1681.58593518 40.7435527599 218.681324986 22.2564472401 5.41406481756 54.0170871177
7080 2.34008263659 22.3704127439 144.954230172 428.1854993 0.701978722269 0.908677190435 2.453583975 67.7502608128 321.050323535 180.782680345 0 1681.68150246 40.7146111827 213.241629828 22.2853888173 5.31849754263 53.9496764649
7104 2.30129993344 19.8036581572 146.876224134 428.203162553 0.707226837631 0.913872963573 1.15683070534 69.0189069411 320.952635703 177.484639177 0 1681.77089523 40.9424970594 210.09149042 22.0575029406 5.22910476976 54.047364297
7128 2.26187832602 20.3407246212 140.640426621 428.221560359 0.712462134725 0.914380973658 0.927099638945 69.2244968942 321.19150318 183.185010957 0 1681.85922144 40.7841305732 206.206454127 22.2158694268 5.14077855705 53.8084968196
7152 2.22391244021 18.0833714455 145.700190369 428.239716452 0.717682221328 0.925693248038 0.638514405317 69.4783936734 321.021604029 177.181660762 0 1681.94640575 41.0100866076 204.508593154 21.9899133924 5.05359424668 53.9783959707
7176 2.19008313007 18.8479702613 140.042008465 428.256272586 0.722427127579 0.927555656869 1.20410736618 68.8896372636 321.297270148 182.352697123 0 1682.02309038 40.9752845725 202.016853949 22.0247154275 4.9769096156 53.7027298518
7200 2.15427275406 18.8323789757 141.849493657 428.274199896 0.72742027303 0.92575628688 0.894980213458 69.1776433314 321.235508969 179.531358497 0 1682.10356687 40.866260815 200.716454292 22.133739185 4.89643312857 53.7644910306
7224 2.12052513169 19.8160123725 144.540922604 428.291483232 0.732035143468 0.923571893426 0.514932129145 69.5379776021 321.026101456 175.227377998 0 1682.17955629 40.7446963939 196.584703818 22.2553036061 4.82044370366 53.973898544
7248 2.08655582746 18.5535682017 143.07981365 428.309271418 0.736649027245 0.928740920051 1.15641475849 68.8689238762 321.040099715 172.037545225 0 1682.25711904 40.8642717163 192.681805005 22.1357282837 4.74288096108 53.9599002843
7272 2.05552849055 17.0921061525 145.015262434 428.325873685 0.740884634224 0.928492473811 0.688693229335 69.3160559785 321.006844202 167.328487876 0 1682.32858401 41.1049609494 189.018622987 21.8950390506 4.67141598813 53.9931557976
7296 2.02761418634 16.1451079462 141.970759654 428.341108387 0.744732436686 0.933845671314 1.07536734731 68.904946158 321.163827615 169.936167024 0 1682.39204178 41.1397324382 186.529129499 21.8602675618 4.60795821925 53.8361723846
7320 1.99875441735 17.7845894566 143.493250433 428.357165662 0.748694513106 0.92787849166 0.551927365341 69.4143339686 321.002220138 164.861402096 0 1682.45643355 40.8874957351 184.220587476 22.1125042649 4.54356644646 53.9977798612
7344 1.96959659687 17.7272078936 143.539607088 428.373712489 0.75263126901 0.935689098071 1.0373622654 68.9006048786 320.975547907 160.789463337 0 1682.52276571 40.9710053962 182.02800728 22.0289946038 4.47723429058 54.024452093
7368 1.9425117494 15.7186755379 141.253302465 428.389384755 0.75649676473 0.94608587638 1.42982392041 68.4782086836 321.090982039 163.106212413 0 1682.58480915 41.1166080475 179.996104561 21.8833919525 4.4151908509 53.9090179608
7392 1.91763373932 15.0571720345 140.708188753 428.404047443 0.760226879987 0.951174538577 0.734240008964 69.1503111299 321.155170239 163.789635315 0 1682.64163849 41.2150662015 178.092799406 21.7849337985 4.35836150508 53.8448297606
7416 1.89392855174 15.0110645501 142.295796417 428.418264983 0.763791672047 0.958053271795 0.988630570085 68.8712595034 320.969999131 158.331010836 0 1682.69560409 41.2674684442 177.283495142 21.7325315558 4.3043959041 54.0300008683
7440 1.86875019004 17.7172448831 146.242390062 428.433637206 0.767663929812 0.959210513173 1.35006857006 68.4894197815 320.793484269 147.995467957 0 1682.75167845 40.958625852 174.565617225 22.041374148 4.24832154629 54.2065157304
7464 1.84368272588 15.351058546 139.44808248 428.449227674 0.771601358755 0.968504304626 1.70688430182 68.1037823612 320.890261459 150.902002269 0 1682.80901118 41.1299325737 171.996203047 21.8700674263 4.19098881753 54.1097385407
7488 1.82156566744 14.424219291 136.615164377 428.463228439 0.775172621588 0.969056648626 0.93421996309 68.8583223278 321.113947695 154.816118209 0 1682.85967678 41.268919096 171.513153181 21.731080904 4.1403232143 53.8860523045
7512 1.80060603408 13.4047402979 137.997699369 428.476714002 0.778468084938 0.9638162597 0.122608307269 69.658393347 321.074548048 154.30957233 0 1682.90755623 41.4134648271 170.104336703 21.5865351729 4.09244376989 53.925451952
7536 1.77966995363 14.5828315218 142.803756428 428.490398589 0.781624799205 0.959391849177 0.321865748825 69.4467190142 320.885476938 148.308277218 0 1682.95444888 41.1884313709 167.797471017 21.8115686291 4.04555111798 54.1145230611
7560 1.75820649117 15.0486736308 137.161725001 428.504653491 0.784783183749 0.954320594269 0.566895797111 69.189346934 321.072916715 152.166030756 0 1683.00280739 41.0814706694 165.597555718 21.9185293306 3.99719260972 53.9270832849
7584 1.73612292804 14.8678326118 139.04794592 428.51956295 0.787955510221 0.952933298121 0.855907883879 68.8836403584 320.991581968 149.436762385 0 1683.05289769 41.0995361335 164.484457611 21.9004638665 3.94710230716 54.0084180314
7608 1.71542018935 13.7581177233 139.427934357 428.53376833 0.790876556238 0.950266371761 1.08178809336 68.6433006495 320.904349575 147.692385664 0 1683.10020722 41.2318437049 161.477527186 21.7681562951 3.89979278011 54.0956504242
7632 1.69618911196 14.4112044167 138.710206701 428.547165878 0.79362094953 0.960926673087 1.20709960848 68.4911868916 320.905903765 144.58407332 0 1683.14391309 41.2170678719 160.580873449 21.7829321281 3.85608690979 54.0940962343
7656 1.67657459145 12.9738714271 136.204981986 428.561037705 0.796555371812 0.962737580594 0.385696054815 69.2939732887 321.144595719 150.022814695 0 1683.1886693 41.3584818135 157.755451233 21.6415181865 3.81133069837 53.8554042807
7680 1.65522866801 14.4141389101 141.401906996 428.576378048 0.799693732224 0.964238661383 1.68485722695 67.9748323321 320.690669075 137.58202397 0 1683.23611897 41.0376845627 157.018287734 21.9623154373 3.763881024 54.309330925
7704 1.63630235146 13.3222432274 137.122142635 428.590197307 0.802524777306 0.96747362801 0.846570199834 68.7932340879 320.950728502 141.078902972 0 1683.27998568 41.3226655483 154.36010189 21.6773344518 3.7200143177 54.0492714971
7728 1.61731382746 12.8042839654 133.660818913 428.604273527 0.805382798118 0.966065647674 1.03466904571 68.5896089819 321.08691037 144.074127507 0 1683.32298098 41.3242159088 154.741369737 21.6757840912 3.67701901471 53.9130896296
7752 1.59948123904 13.7484997412 134.865012733 428.617689699 0.807994700085 0.962322803142 0.167921058056 69.4440717402 321.01917434 141.438587199 0 1683.36329799 41.2256334194 156.153159059 21.7743665806 3.63670200568 53.98082566
7776 1.58212755565 12.7200697415 136.65621588 428.630931328 0.810444033905 0.958553968157 1.28308523124 68.3169854392 321.023759915 140.79882189 0 1683.40300003 41.3596565775 154.583129858 21.6403434225 3.59699997285 53.9762400848
7800 1.56459172726 12.4036208387 141.461904372 428.64450141 0.812925516929 0.961408331164 1.40871362534 68.1724511167 320.64032163 130.413561106 0 1683.4426483 41.337734106 155.0532257 21.662265894 3.55735169813 54.3596783696
7824 1.548995085 11.976308221 137.437355303 428.65673488 0.815191744127 0.964469552548 0.419082601888 69.1445212214 320.808989755 131.195983338 0 1683.47837414 41.457946477 153.581142249 21.542053523 3.5216258611 54.1910102449
7848 1.5327332954 12.8425272181 136.206307607 428.669658342 0.817513413647 0.964380255942 1.48991201778 68.0585359705 320.779460084 128.907713449 0 1683.51475962 41.2374184308 152.174935402 21.7625815692 3.48524037976 54.2205399155
7872 1.51629024729 13.8805712027 140.393312499 428.682904101 0.819900826516 0.965321811781 0.58181814893 68.9500551123 320.639726513 122.310308298 0 1683.55200819 41.2079912659 150.821493414 21.7920087341 3.44799180858 54.3602734866
7896 1.50044553869 12.4551651683 133.73691056 428.69584107 0.82214728091 0.96082886696 0.655955166357 68.8652276161 320.886076609 128.528700803 0 1683.58825492 41.3191286665 150.533240041 21.6808713335 3.41174507781 54.1139233905
7920 1.48514171383 11.5811057517 135.707044813 428.708500153 0.824243772239 0.957110228331 0.702873588198 68.8072722588 320.828406109 126.500218071 0 1683.62318099 41.447876158 150.256614077 21.552123842 3.37681900438 54.1715938905
7944 1.47072263878 11.8667856342 134.413509767 428.720576607 0.826148560322 0.9524639232 0.701372678177 68.799438232 320.925457131 129.068432957 0 1683.65595454 41.4423326643 148.03385638 21.5576673357 3.34404545401 54.0745428685
7968 1.45575997108 11.5074586773 136.915933179 428.73326342 0.828072801581 0.952168205475 0.738679884788 68.7478156887 320.809703932 126.380004865 0 1683.68980312 41.4227456637 146.863313486 21.5772543363 3.31019688088 54.1902960676
7992 1.44195618975 12.8350310333 136.031038495 428.745110024 0.829802961111 0.946921294635 0.714995164438 68.7631705565 320.871593957 125.349459861 0 1683.72118959 41.4007286938 145.756003559 21.5992713062 3.27881040723 54.1284060426
8016 1.426046678 12.503294334 133.473992634 428.758935679 0.831745866718 0.947975700831 0.837457145953 68.6238856083 320.795069036 124.572518666 0 1683.75672776 41.1746891286 146.65310226 21.8253108714 3.24327224265 54.2049309634
8040 1.41162638988 11.7588364206 133.021045471 428.77162941 0.833515426921 0.948488792378 0.866343740062 68.5800226314 320.939118637 127.224419346 0 1683.78990754 41.3606877963 145.583707709 21.6393122037 3.21009245734 54.0608813622
8064 1.3984417038 10.5758713532 137.011745963 428.783373179 0.835097398601 0.944235108459 0.825654223634 68.6116400903 320.663439657 120.017411435 0 1683.82018918 41.5937509348 145.559274809 21.4062490652 3.17981081397 54.3365603422
8088 1.38542259415 11.4079785042 136.329712978 428.795100103 0.836573558316 0.937993739154 0.785888049197 68.6444445507 320.721944741 118.676228914 0 1683.84939314 41.3687269195 144.571972616 21.6312730805 3.15060686231 54.2780552591
8112 1.37307201302 10.015558615 137.855564046 428.806345901 0.837890326792 0.932103922168 0.705080413411 68.7185794367 320.63197308 115.446172072 0 1683.87797465 41.7290814411 143.618316711 21.2709185589 3.12202535119 54.3680269201
8136 1.36109706669 10.0832053186 132.954904475 428.817363222 0.83909787348 0.92747092889 0.602017188531 68.8140507875 320.826643905 119.112885392 0 1683.90510825 41.697540947 142.703292064 21.302459053 3.09489175276 54.173356095
8160 1.34883027999 10.2868354463 134.392787568 428.828766185 0.840287477856 0.928076273096 0.518203594248 68.8846664707 320.745516156 117.378509254 0 1683.93280335 41.6092522702 142.803703388 21.3907477298 3.0671966497 54.2544838435
8184 1.33708471032 10.0897725057 133.385451784 428.839797501 0.84142110032 0.927128284964 0.406207779705 68.9854453342 320.781369125 117.545047918 0 1683.95954688 41.6563069736 142.925346702 21.3436930264 3.04045311744 54.2186308749
8208 1.32527452592 10.4362537743 134.195881267 428.851002606 0.842529020084 0.922785846216 0.313677101594 69.0700054265 320.784631601 115.45929839 0 1683.98620545 41.5435440343 144.05734156 21.4564559657 3.01379454785 54.2153683983
8232 1.31370368116 10.6048879463 136.775375407 428.862091887 0.843547901845 0.918095558696 0.211455489491 69.1648091632 320.54358259 109.737456877 0 1684.01239878 41.4828072233 143.198923478 21.5171927767 2.98760121399 54.4564174091
8256 1.30185981894 9.76728744963 133.790048246 428.873557946 0.844517573741 0.9148378314 1.13551218865 68.2315744607 320.641522074 109.441932507 0 1684.03954938 41.7030821844 143.346080875 21.2969178156 2.9604506159 54.3584779258
8280 1.29095865438 9.83731538116 133.916963518 428.884215686 0.845422787748 0.917288783547 0.982327415728 68.3707453269 320.711285304 111.403949651 0 1684.06426695 41.6651756366 141.540978505 21.3348243634 2.93573304329 54.2887146959
8304 1.28037908338 9.89257699241 135.040913612 428.894656543 0.846314887356 0.917651656763 0.814904298849 68.5264726147 320.582507222 107.566076665 0 1684.08831292 41.6607895899 139.788435765 21.3392104101 2.9116870754 54.4174927772
8328 1.26903071135 10.1433410594 131.392367132 428.905964714 0.847249785699 0.914697765154 0.722254676942 68.6098330581 320.76441546 111.41142075 0 1684.11387884 41.5455009515 139.067941827 21.4544990485 2.88612115638 54.2355845397
8352 1.25761346288 10.8316907169 133.767132922 428.917456373 0.848130038254 0.909582853549 0.647572439449 68.677258296 320.684593339 107.844582898 0 1684.1398079 41.5473481794 139.385332891 21.4526518206 2.86019209978 54.3154066606
8376 1.2461866544 9.94723791718 132.722676349 428.929074229 0.848970043247 0.912167612669 0.566555468352 68.7432326469 320.662067049 109.345340015 0 1684.16574706 41.5595615885 137.721990037 21.4404384115 2.8342529401 54.3379329504
8400 1.23524266496 9.79998761287 134.283185051 428.940312542 0.849790533645 0.910012540953 0.463727374435 68.8361570091 320.649248681 107.532341457 0 1684.19061522 41.5814942025 137.094379714 21.4185057975 2.80938477661 54.3507513185
8424 1.22436377775 10.1840911248 134.759303423 428.951593733 0.850570516752 0.908545992821 0.362022546095 68.9272672118 320.498848171 101.144884145 0 1684.2153491 41.5717424103 138.477590013 21.4282575897 2.78465089447 54.501151829
8448 1.21352695347 9.34072748354 133.212857641 428.962941593 0.85131709738 0.907322218997 1.26423511517 68.0141839756 320.521541975 100.960196141 0 1684.24006163 41.6978614855 137.865687412 21.3021385145 2.75993836455 54.4784580247
8472 1.20330448472 10.6450576166 134.832655414 428.973748526 0.852007133502 0.905659042954 1.12359682889 68.1449884686 320.526411887 98.4491748141 0 1684.2629645 41.3960259833 136.288724387 21.6039740167 2.73703550019 54.473588113
8496 1.19324976255 8.99882180883 132.360877689 428.984476438 0.85264506962 0.901728457517 0.980540513491 68.2806095222 320.629264048 100.029659801 0 1684.28622448 41.7913112919 137.708327935 21.2086887081 2.71377551523 54.3707359519
8520 1.18428268211 8.62854079233 132.24917919 428.994127157 0.853209348438 0.902638411444 0.74189915077 68.5081259325 320.642931324 102.072490877 0 1684.30673862 41.9181885058 136.159926089 21.0818114942 2.69326138245 54.3570686755
8544 1.17557049454 9.5508951791 132.021048603 429.003579949 0.853755067873 0.902120353138 0.489864230039 68.7506804 320.723558534 101.883192558 0 1684.32653453 41.9266645095 135.634278061 21.0733354905 2.67346546612 54.2764414653
8568 1.1665776515 9.55869437658 130.130671188 429.0134173 0.854299029058 0.90187563493 1.26710719025 67.9633008465 320.806018642 105.326599476 0 1684.34687056 41.8298881175 135.130496952 21.1701118825 2.65312943789 54.1939813573
8592 1.15681163008 9.18212949257 133.530139678 429.024193865 0.854887144725 0.900936234245 1.11919753469 68.100785222 320.566679286 100.814918142 0 1684.36879985 41.6562537578 134.655061615 21.3437462422 2.6312001462 54.4333207136
8616 1.14745007501 9.41814019253 131.924979887 429.034616902 0.855461606388 0.902292883106 0.938073255089 68.269555354 320.580995468 99.4188242834 0 1684.39009903 41.6397686975 135.192845442 21.3602313025 2.6099009663 54.4190045316
8640 1.13890723959 8.32416851799 132.451364085 429.044208896 0.85594967483 0.89678202878 0.704686443603 68.4983729575 320.597337451 98.9814811892 0 1684.40979669 41.9560295082 133.749068633 21.0439704918 2.59020330926 54.4026625488
8664 1.13082197518 8.27816723644 127.465134457 429.053358487 0.856386465985 0.898570010398 1.42143551001 67.7702495272 320.89235395 106.881938457 0 1684.42818246 41.9727220445 132.341462352 21.0272779555 2.57181753958 54.1076460495
8688 1.12198496549 8.89020521662 133.027117718 429.063439424 0.856881496812 0.897848765922 0.215914349085 68.9659159644 320.571427657 99.713513131 0 1684.44795756 41.701532382 131.961709173 21.298467618 2.55204243689 54.4285723425
8712 1.1134011308 9.74217204035 130.815772594 429.07331328 0.857323145135 0.894547809576 0.998827823176 68.1759879427 320.606403348 99.7370880283 0 1684.46726586 41.47764741 130.60638588 21.52235259 2.53273413961 54.3935966514
8736 1.10511258234 8.19900225114 128.174526976 429.082924588 0.85769978717 0.888997813767 0.765266289901 68.4051115216 320.821613317 104.3384091 0 1684.48653312 41.9518231016 130.273460159 21.0481768984 2.5134668762 54.1783866824
8760 1.0968829129 8.45154724846 132.259250709 429.092543223 0.858048736653 0.887834982737 0.523150457396 68.638422601 320.656065013 100.667823511 0 1684.50508943 41.8211232999 128.967228091 21.1788767001 2.49491056482 54.3439349865
