Time EBV Teff Treg ODC_le1 ODC_le2 ODC_le3 ODC_le4 ODC_le5 NK IL2 DAC Resting_Teff Resting_Treg EffectorMemory Resting_Treg_temp Resting_Teff_temp NK_temp
0.0 0 0 0 0 0 0 0 500 375 1000 0 1687 63 0 0 0 0
24 0 0 0 0 0 0 0 500 336.279789971 908.048253598 0 1687 63 0 0 0 38.7202100291
48 0 0 0 0 0 0 0 500 335.391027502 823.849847309 0 1687 63 0 0 0 39.6089724976
72 0 0 0 0 0 0 0 500 334.559882085 745.880698262 0 1687 63 0 0 0 40.4401179151
96 0 0 0 0 0 0 0 500 333.760437385 673.915002205 0 1687 63 0 0 0 41.2395626152
120 0 0 0 0 0 0 0 500 332.995774144 607.703333798 0 1687 63 0 0 0 42.0042258555
144 0 0 0 0 0 0 0 500 332.2684442 546.975994766 0 1687 63 0 0 0 42.7315557996
168.0 1000 0 0 0 0 0 0 500 331.580390823 491.447224652 0 1687 63 0 0 0 43.4196091775
192 587.94283022 2674.42256109 91.5619289612 4.47673168998 18.9970923557 71.5351553232 179.581289232 225.4097314 319.455578209 5741.3447637 0 1039.6715255 41.772295668 0 21.227704332 647.328474501 55.5444217919
216 137.067143514 6981.7834062 165.831285581 86.8850529163 51.2175533483 85.0114590865 130.817999232 146.067935417 264.315403342 463.298675397 0 1395.07264447 38.9710122387 609.554850953 24.0289877613 291.927355534 110.684596658
240 32.6304024938 2409.37503456 173.063110864 178.933478075 33.6539178628 64.9840698273 97.7467976398 124.681736595 278.563960841 232.067741787 0 1604.51260724 38.8542471888 533.841923285 24.1457528112 82.4873927599 96.4360391598
264 15.9380453972 566.624983337 168.067461069 205.641587706 12.0674232857 32.1638437195 61.9622985953 188.164846694 303.314454002 225.741714775 0 1649.3729584 39.0559100736 506.697703672 23.9440899264 37.6270416025 71.6855459986
288 12.4049016973 215.908777148 167.129158228 209.321905755 3.93561907751 11.6322717993 39.5531569511 235.557046417 315.06688702 286.268070992 0 1658.70151404 39.5092118486 455.445420065 23.4907881514 28.2984859573 59.9331129804
312 10.8381329412 157.765115539 165.762570551 209.616604708 1.06672993325 3.86607087593 22.3472146478 263.103379835 317.932529972 317.234962798 0 1662.39563653 39.7064482728 436.315956708 23.2935517272 24.6043634748 57.0674700289
336 9.76443553041 132.0006264 168.552371185 209.741939957 0.311868226805 1.03382456396 20.2038917496 268.708475503 319.349641946 347.472382847 0 1664.87067939 39.852214713 415.559721994 23.147785287 22.1293206106 55.6503580547
360 8.8688669809 118.840701832 165.19915711 209.797531223 0.485438054994 2.44887134799 14.5112987198 272.756860654 319.595201356 344.864387825 0 1666.88221383 39.8277591208 408.711330236 23.1722408792 20.1177861666 55.4047986442
384 8.14084456075 112.559152419 166.482402253 209.867174998 0.565835342586 1.03401737489 10.1020521858 278.430920099 320.098907887 349.55921266 0 1668.52751224 39.826143785 388.868060682 23.173856215 18.4724877561 54.9010921134
408 7.51822875474 97.276526475 165.773200721 209.936206802 0.597749365729 1.3305473443 13.7589817256 274.376514762 320.317676996 343.520687373 0 1669.94025952 39.8849744146 381.974575091 23.1150255854 17.0597404837 54.6823230046
432 7.00908971971 88.3049704665 169.589662968 210.002176143 0.658037739586 1.59373517702 15.2945995714 272.451451369 320.579359709 337.758404328 0 1671.09720723 39.9331615364 371.605590467 23.0668384636 15.9027927659 54.4206402911
456 6.58558470777 78.8469592895 163.934331773 210.066519965 0.717543441408 1.60201738772 9.95025587291 277.663663333 321.026931544 351.942909908 0 1672.06234426 40.0161765535 352.941238927 22.9838234465 14.9376557368 53.9730684565
480 6.20032295474 74.1920900866 163.338842073 210.131570155 0.711924818109 0.75203267663 14.6205274854 273.783944865 321.040571742 338.492374304 0 1672.93081087 40.011742422 349.467255834 22.988257578 14.0691891281 53.9594282589
504 5.86035896968 69.9894166652 171.20798391 210.192707788 0.726999114546 0.754140584322 14.8427679529 273.48338456 320.654242352 314.974381449 0 1673.69937294 40.035877091 342.642324498 22.964122909 13.3006270563 54.3457576486
528 5.56097753716 68.581346967 163.280817668 210.249649811 0.715472579852 0.688800321807 12.5729722221 275.773105065 320.835117262 305.011445014 0 1674.37568108 40.0209550179 338.862959173 22.9790449821 12.6243189179 54.1648827389
552 5.28460887418 64.5786118927 159.180924265 210.304820215 0.722420972922 0.610534322277 11.6410815901 276.7211429 321.031768228 302.815577221 0 1675.00325887 40.0756260874 328.89230618 22.9243739126 11.9967411289 53.9682317725
576 5.03795529713 60.6388165561 156.129099692 210.356842173 0.727956504596 0.216551035247 10.9729171757 277.725733111 321.25060402 300.845403322 0 1675.56187262 40.0886379365 323.858452686 22.9113620635 11.4381273799 53.7493959802
600 4.82134278677 50.1558450533 161.54396374 210.404145315 0.713000560659 0.721552856324 5.9107963453 282.250504923 321.353836467 303.227125315 0 1676.05845341 40.2552944711 311.002819795 22.7447055289 10.9415465926 53.6461635335
624 4.62504175601 53.4929233147 163.495513812 210.448804284 0.722498092379 1.02168553043 5.15849750287 282.64851459 320.757576482 276.905387292 0 1676.49648505 40.1006906207 308.813384376 22.8993093793 10.5035149461 54.2424235183
648 4.43503525541 49.0645461181 159.093854107 210.495115964 0.754445097647 1.51374482979 11.1117959778 276.124898131 320.865155118 262.499890418 0 1676.92901005 40.2006299885 307.701939501 22.7993700115 10.0709899487 54.1348448827
672 4.26910677936 46.4442983659 158.371871997 210.538540723 0.759025660413 0.797047492283 4.91515638969 282.990229735 320.895827125 256.049536593 0 1677.30610693 40.2367068042 301.141397872 22.7632931958 9.69389307466 54.1041728751
696 4.1252623155 40.5242173656 160.352755549 210.577708265 0.766202896255 0.988643124982 4.23470198141 283.432743732 320.981653554 257.413692405 0 1677.63668669 40.4058769774 288.932652481 22.5941230226 9.3633133099 54.0183464468
720 3.99296178521 41.9877365072 158.594418477 210.614719458 0.743124958123 0.278364790722 8.72670974819 279.637081045 321.19017688 260.376429551 0 1677.93314907 40.2919002627 278.183059541 22.7080997373 9.06685092981 53.8098231203
744 3.86235125419 39.4689378797 154.362276992 210.651353906 0.728172001335 0.576580151166 3.46387358102 284.580020361 321.13975577 251.089108075 0 1678.22864928 40.3155461962 280.362545009 22.6844538038 8.77135071796 53.8602442306
768 3.73758200875 36.5214318617 151.932556487 210.687092806 0.724586063032 0.763881222366 4.20831470597 283.616125203 321.251244341 253.396064901 0 1678.51211031 40.3867576834 271.361028701 22.6132423166 8.48788968959 53.7487556599
792 3.63452198769 32.7081157615 149.286601225 210.717561338 0.729083491727 0.873591950615 2.98722956626 284.692533654 321.65616441 261.441786957 0 1678.74926482 40.5660491812 269.142346153 22.4339508188 8.25073518325 53.3438355905
816 3.53767619504 36.6834020746 153.355388833 210.747235463 0.736114186932 0.924040050265 2.46515112122 285.127459179 321.465648891 255.592362153 0 1678.96605194 40.3930875099 265.590932242 22.6069124901 8.03394806242 53.5343511098
840 3.43916438911 35.6739444447 156.793513553 210.778620184 0.746570052877 1.06460035457 4.27987739503 283.130332013 321.142981327 240.921569684 0 1679.18815834 40.3848972785 264.54831565 22.6151027215 7.8118416585 53.8570186738
864 3.34505095904 33.3139664862 151.740230129 210.809860291 0.745693111703 0.218124605531 2.88721775312 285.339104238 321.401698091 240.817826042 0 1679.40211276 40.4364499462 262.995186104 22.5635500538 7.5978872428 53.5983019095
888 3.26297705519 30.8520842488 150.386290071 210.837304471 0.727981568519 0.313763306364 3.41485268784 284.706097966 321.54514905 247.415565978 0 1679.59017139 40.5676862276 255.097183272 22.4323137724 7.40982861343 53.4548509503
912 3.17981890827 32.6815012446 147.930560757 210.865225557 0.715371747352 0.493020387378 4.17936678471 283.747015524 321.521156653 243.287724799 0 1679.77642061 40.4381795213 250.837328301 22.5618204787 7.22357939419 53.4788433476
936 3.0956675698 31.0700051529 149.594275914 210.893863397 0.709189282542 0.611176051681 1.47865908021 286.307112189 321.477695255 237.667076794 0 1679.96716904 40.4787994372 245.185600618 22.5212005628 7.0328309564 53.5223047451
960 3.01888067843 31.4615766009 149.67676306 210.920532079 0.707195144775 0.707336844274 2.07755678683 285.587379145 321.112580936 220.264267874 0 1680.1402746 40.4134039156 245.175219645 22.5865960844 6.85972540423 53.8874190649
984 2.94934211852 30.3599351405 146.904749554 210.94526746 0.708522663481 0.788903271317 3.91612629875 283.641180307 321.408550297 225.528896552 0 1680.29908326 40.4793221003 237.502522637 22.5206778997 6.70091674156 53.5914497037
1008 2.87861011391 29.397556884 150.219929978 210.971149286 0.713884408202 0.922523069199 4.05381882991 283.338624407 321.164855409 217.284065914 0 1680.45855234 40.4512752862 231.494029881 22.5487247138 6.54144766302 53.8351445916
1032 2.81549584895 27.4801966401 148.033917813 210.995019259 0.722211329944 1.01938136663 5.35054884737 281.912839197 321.239712459 211.315258038 0 1680.60308044 40.5728668308 232.80655418 22.4271331692 6.39691955596 53.7602875416
1056 2.754430694 24.9465918881 149.135143692 211.018776019 0.715413879636 0.18728994428 3.44549442993 284.633025728 321.16956322 208.795252763 0 1680.74191039 40.6507987917 226.423802459 22.3492012083 6.25808960674 53.8304367806
1080 2.7007986656 22.891478858 143.706542458 211.039660946 0.70118869691 0.265776225426 3.77081208096 284.222562051 321.579844566 218.286388547 0 1680.86519109 40.8296796015 223.457123288 22.1703203985 6.1348089097 53.4201554348
1104 2.64883679121 24.6349413238 143.791763994 211.059925832 0.690234154812 0.375474080372 4.92334609409 282.951019839 321.662488394 221.83339798 0 1680.98196304 40.7009728997 217.879798673 22.2990271003 6.01803696314 53.3375116067
1128 2.5965409962 24.7843762669 148.469263051 211.080447883 0.682442734158 0.46381339162 3.33002882972 284.443267161 321.319902031 213.477026778 0 1681.1000323 40.6600695837 212.72586181 22.3399304163 5.89996770492 53.6800979699
1152 2.5476130453 20.6182694318 148.605524637 211.099840851 0.67717393315 0.543217822509 3.35348897933 284.326278414 321.426481966 212.371794165 0 1681.21278065 40.9413988264 209.917496362 22.0586011736 5.7872193474 53.5735180346
1176 2.50108460875 21.3867481122 144.618594986 211.118520661 0.674443067498 0.627136427755 6.10654363395 281.47335621 321.482800697 210.488749764 0 1681.3174735 40.831212753 208.384014735 22.168787247 5.68252650077 53.5171993033
1200 2.45548921786 22.2142127854 147.358699402 211.137132936 0.674965995214 0.757756145548 5.74149759286 281.688647331 321.20767889 197.450130815 0 1681.42029774 40.7637101079 209.011487965 22.2362898921 5.579702264 53.7923211106
1224 2.41367283893 19.6965464187 139.932844774 211.154561184 0.678317742796 0.854665474172 2.91013641003 284.402319189 321.61029651 206.888214272 0 1681.51632647 40.9644026806 207.685023741 22.0355973194 5.48367353359 53.3897034901
1248 2.37329341823 20.7647399026 141.493304721 211.171790867 0.683705257545 0.936401813696 2.97101973807 284.237082324 321.57972633 205.829996668 0 1681.60731543 40.8509869166 207.529079803 22.1490130834 5.39268457098 53.4202736703
1272 2.33249733959 20.6394224217 145.239601738 211.189660389 0.69042983835 0.950451619894 1.36307071125 285.806387441 321.266482298 195.851054123 0 1681.69980758 40.884703309 205.55411537 22.115296691 5.30019242279 53.7335177025
1296 2.28973514543 24.116113233 147.629057101 211.208925979 0.698044521275 1.00475411039 4.17023605897 282.91803933 320.93874758 179.941659508 0 1681.79494242 40.5895517261 203.801566162 22.4104482739 5.20505758002 54.0612524204
1320 2.25039723133 19.692193934 145.878873554 211.226858534 0.68176767431 0.0916981999128 4.48008201088 283.519593581 321.122830848 179.06563282 0 1681.88578116 40.8671174211 203.155780069 22.1328825789 5.11421883557 53.8771691529
1344 2.21626468704 18.9515283299 144.145926351 211.242338889 0.668935606438 0.136400450647 1.98728952557 285.965035528 321.205820143 178.581444163 0 1681.96391484 40.9973771015 203.594906116 22.0026228985 5.03608515923 53.7941798573
1368 2.18288475954 19.31272339 139.671526563 211.25743333 0.657456661865 0.185958827172 2.43530434179 285.463846839 321.473955921 186.909023552 0 1682.03952714 40.9871630484 200.19809297 22.0128369516 4.96047286035 53.5260440795
1392 2.14796227065 20.1067546421 142.885844734 211.273207342 0.646904035105 0.237381829605 1.28594851638 286.556558277 321.235644068 181.517500469 0 1682.11786338 40.8242167737 198.956122188 22.1757832263 4.88213662231 53.7643559326
1416 2.1142778524 18.8462434237 145.287743735 211.288434933 0.637873144621 0.29421565424 3.98383565789 283.79564061 321.136049243 176.896559178 0 1682.19438302 40.8757479759 196.86518279 22.1242520241 4.80561697878 53.8639507571
1440 2.08073700588 18.8916201725 144.450606562 211.303645648 0.630759061846 0.380359031441 4.69711295394 282.988123304 320.917544728 170.378730654 0 1682.27029872 40.8698672076 193.968594696 22.1301327924 4.72970127908 54.0824552723
1464 2.04860708105 17.9779087799 143.48664972 211.318309814 0.625916860479 0.444890771019 1.26281862845 286.348063926 320.962546937 166.493557442 0 1682.34327525 40.8931884958 193.234923338 22.1068115042 4.6567247508 54.0374530637
1488 2.0199068281 16.2820571207 136.334497685 211.33151799 0.622450600654 0.483853997827 4.25170533234 283.310472079 321.389374881 176.875362269 0 1682.40941435 41.1168989013 191.576882723 21.8831010987 4.59058564525 53.6106251198
1512 1.99005948736 18.5312460129 143.463796677 211.34538884 0.620110310595 0.543709340242 3.52942681996 283.961364689 321.08919935 167.478196725 0 1682.47602795 40.8592876404 188.102336425 22.1407123596 4.52397204709 53.9108006507
1536 1.96213785614 16.2198007329 140.263703454 211.358519561 0.619129783554 0.600062797448 2.484995408 284.93729245 321.21903329 170.749381353 0 1682.54060296 41.1750515372 185.798965657 21.8249484628 4.45939704366 53.7809667105
1560 1.93731400198 14.7648410152 139.818975427 211.370341477 0.618927327511 0.61615233217 1.91856022765 285.476018636 321.410935489 175.88506949 0 1682.59729686 41.2919537781 182.646291673 21.7080462219 4.40270314382 53.5890645117
1584 1.91367530424 15.1088040248 136.926110487 211.3817412 0.619313713997 0.6704498972 5.07829396992 282.250201219 321.471599047 179.236295899 0 1682.6507335 41.2240109173 181.620325569 21.7759890827 4.34926649544 53.5284009532
1608.0 1001.88890372 16.6496796641 142.382836382 211.39385726 0.620704702872 0.709875232732 2.5873066198 284.688256185 321.197265519 172.110463058 0 1682.70604711 40.9744650039 178.711441561 22.0255349961 4.29395289132 53.8027344818
1632 369.726637235 5203.16863473 177.433440653 219.354880363 13.0627995243 41.5539958194 91.9091199 134.119204393 274.866447553 860.670628513 0 1150.78217249 39.8413837575 396.669729223 23.1586162425 536.217827513 100.133552448
1656 89.0505792135 3314.08039151 185.03220679 262.353737224 23.4669283692 44.2407255648 75.9817834569 93.9568253858 274.928007233 376.030400465 0 1485.52021013 39.0644065744 457.087076909 23.9355934256 201.479789867 100.071992768
1680 33.6445193973 1138.83313609 180.152101193 288.62214035 14.4927614566 28.9740845445 58.0334168005 109.877596848 293.552458391 292.359249362 0 1607.34480979 39.0804141455 470.446961703 23.9195858545 79.6551902083 81.4475416097
1704 21.3425199437 445.471895104 169.601587692 294.638770699 5.20581964482 14.4666824107 39.6738657939 146.014861452 309.210996188 330.699232362 0 1638.0668224 39.3548041137 433.931647037 23.6451958863 48.9331775979 65.7890038125
1728 16.8763056636 260.124904812 172.185598953 295.793674948 2.35087746939 2.21054212453 29.2320194442 170.412886015 315.341576057 364.653431835 0 1648.74687125 39.6354842383 422.414477326 23.3645157617 38.2531287504 59.6584239434
1752 14.3316591398 202.802219199 176.516608169 296.293410755 1.26747241431 0.844681867712 16.2109453555 185.383489608 317.413423054 388.044276306 0 1654.55386745 39.7324386072 407.645017525 23.2675613928 32.4461325495 57.5865769465
1776 12.430343072 179.792774102 172.908181498 296.39164443 0.484075374612 1.00450733806 17.3285997626 184.791173095 318.12872711 375.777926733 0 1658.82805847 39.7304985316 394.866376215 23.2695014684 28.1719415274 56.8712728911
1800 10.9907666087 150.365785981 177.640791951 296.494982993 0.639189220579 1.56655298249 15.9087001519 185.390574652 318.337479493 344.663847055 0 1662.08283355 39.7725899813 399.401271267 23.2274100187 24.9171664524 56.6625205077
1824 9.89587323946 129.173311448 170.998772219 296.601440832 0.709086625938 1.5261926333 13.378806647 187.784473262 319.389073469 365.301034908 0 1664.56979752 39.8374334057 378.838717675 23.1625665943 22.4302024823 55.6109265318
1848 8.96541631247 130.798143004 168.411340377 296.712714398 0.792204152853 1.21939200745 10.4163983465 190.859291096 319.122225723 334.098108182 0 1666.64420471 39.7334250507 371.029950374 23.2665749493 20.3557952891 55.8777742774
1872 8.23060790148 101.758769508 169.767039449 296.814267222 0.787395233847 0.624622944956 10.2837941273 191.489920472 319.683174669 332.994240893 0 1668.33450145 39.9018994546 367.070016062 23.0981005454 18.6654985501 55.3168253322
1896 7.628628745 95.5754141791 169.074676709 296.904375282 0.79054025194 0.89048060132 12.5256426352 188.88896123 320.121524774 329.811800158 0 1669.69808648 39.933838404 355.605908655 23.066161596 17.3019135214 54.8784752273
1920 7.1333406068 87.0594256417 167.488828919 296.98371925 0.778024286777 0.80387569859 12.8653048414 188.569075923 320.351518863 330.057081782 0 1670.82093329 39.9687801705 348.787699414 23.0312198295 16.1790667144 54.6484811377
1944 6.69163033841 78.8247592796 167.925796857 297.059226799 0.788400948263 0.733117352719 7.13596342354 194.283291477 320.590092458 324.92833991 0 1671.82329814 40.0295625212 341.020189369 22.9704374788 15.1767018585 54.409907543
1968 6.31359175871 78.0399405031 166.193293309 297.12828425 0.800806741727 1.15914788851 5.6698283613 195.241932759 320.731710403 315.512416315 0 1672.67384582 39.9885663861 337.778938925 23.0114336139 14.3261541793 54.2682895982
1992 5.95875803164 75.2997752451 169.608779024 297.197559467 0.788964354892 0.719297421138 5.90691754964 195.387261208 320.450457828 297.256667344 0 1673.47423154 39.9848776302 329.058031865 23.0151223698 13.5257684661 54.5495421724
2016 5.66025131378 58.6707063052 165.533579078 297.258543533 0.79081447685 0.100027569246 4.52780792529 197.322806496 320.958532593 308.360117435 0 1674.163493 40.2214794508 316.476179141 22.7785205492 12.8365070026 54.0414674079
2040 5.39778347628 56.7976925071 166.924623451 297.31337679 0.752387032934 0.351501843624 5.35805533177 196.224679002 321.017588934 301.553178686 0 1674.75306061 40.1792887016 311.0730665 22.8207112984 12.2469393951 53.9824110669
2064 5.15815713373 56.6064192017 167.867921595 297.363932962 0.735138995857 0.616523214868 4.48151383455 196.802890993 320.829552734 294.752148193 0 1675.29424168 40.161369947 295.224681494 22.838630053 11.7057583237 54.1704472671
2088 4.94023497942 54.9372484902 158.751981632 297.411520737 0.738200970706 0.921916684158 4.79028464622 196.138076962 321.219371122 297.353761147 0 1675.7884471 40.1967472863 286.55229504 22.8032527137 11.2115529048 53.7806288788
2112 4.73816073043 50.4519572824 163.217520418 297.45815703 0.741819914275 0.236322110043 6.65394381114 194.909757135 320.949441898 283.244090461 0 1676.24453063 40.2002979559 282.601759579 22.7997020441 10.7554693699 54.0505581026
2136 4.5663574482 46.1358255029 159.776823572 297.49868854 0.724991823061 0.592267751875 3.05007304299 198.133978842 321.471468998 287.153416091 0 1676.63878883 40.3431496037 278.837981362 22.6568503963 10.361211175 53.5285310023
2160 4.40482317778 43.1621804994 159.084190391 297.53772099 0.72107350125 0.720278934557 4.58846545091 196.432461124 321.397071989 283.801766383 0 1677.0049316 40.4044436972 275.04438184 22.5955563028 9.99506840624 53.6029280114
2184 4.25310522788 41.507189662 162.051460757 297.575711048 0.725375123596 0.8692379057 2.76937239702 198.060303526 321.161433761 272.647601851 0 1677.3465358 40.3692238315 270.275397039 22.6307761685 9.65346419975 53.8385662396
2208 4.1091586301 42.1661509172 156.581681372 297.613409102 0.735378694102 0.980562468442 3.81947594975 196.851173787 321.291236743 268.132564641 0 1677.67126367 40.3437415398 264.447756464 22.6562584602 9.32873632699 53.7087632581
2232 3.973520089 40.4114036839 155.097592105 297.65002526 0.713616689232 0.224671986529 5.43909542271 195.972590642 321.410864778 266.482292542 0 1677.97862883 40.3631005617 256.723825983 22.6368994383 9.02137117504 53.5891352229
2256 3.85031796208 38.9994086308 156.884771562 297.68328838 0.696313657311 0.438780402489 5.48896957829 195.692647982 321.222833605 255.310659286 0 1678.25693712 40.3563735295 258.668635134 22.6436264705 8.74306288562 53.7771663962
2280 3.72558057284 38.0736110991 155.396853027 297.717469988 0.689480127778 0.660255987377 3.9233084287 197.009485469 321.020447839 240.59112493 0 1678.53866401 40.3458380598 257.097740994 22.6541619402 8.46133599103 53.9795521623
2304 3.61686643195 36.8225875736 156.912921779 297.748120982 0.691644656349 0.817229834728 4.46538372963 196.277620798 320.968398596 232.943573857 0 1678.78572602 40.3736033225 254.085251446 22.6263966775 8.21427397803 54.0316014046
2328 3.51812422974 32.7983142118 155.257244044 297.776988518 0.699738810588 0.941032656842 2.47494793372 198.107292082 321.169923926 235.339153523 0 1679.01200593 40.5390877519 250.626924826 22.4609122481 7.98799407246 53.830076075
2352 3.42070521143 33.9625270197 153.172167945 297.806696036 0.711271798673 1.02383273281 4.67330173754 195.784897695 321.055529147 228.651830047 0 1679.23099019 40.4595982532 246.00206244 22.5404017468 7.76900981109 53.9444708536
2376 3.33017242174 32.6452820109 150.190376388 297.835040214 0.693063950366 0.152360126743 4.49196326677 196.827572443 321.263712062 234.77473657 0 1679.43614687 40.4653482635 236.068668236 22.5346517365 7.56385313498 53.7362879388
2400 3.24203857016 35.6285692423 151.61764299 297.862544112 0.675447926161 0.326483978751 4.21962776449 196.915896219 321.116958573 221.632996955 0 1679.63392763 40.3473014014 235.879939747 22.6526985986 7.36607237184 53.8830414275
2424 3.16189072374 27.8050064171 150.606252575 297.887694387 0.665055241856 0.451030936959 2.49054019306 198.505679242 321.257552248 223.930525377 0 1679.82012185 40.7157473551 232.026207345 22.2842526449 7.17987815349 53.7424477525
2448 3.08976607653 29.4909177624 147.192045601 297.910593377 0.658332543199 0.486452410246 2.34342256619 198.601199103 321.456483811 229.693890723 0 1679.98149083 40.527850299 226.670253853 22.472149701 7.01850917546 53.5435161894
2472 3.01799621251 30.5549168914 145.500745359 297.933707926 0.653467946073 0.560970377493 2.24045803163 198.61139572 321.404516857 224.355102983 0 1680.14403181 40.5283263952 228.55975479 22.4716736048 6.8559681954 53.5954831443
2496 2.94605201035 30.0387091591 149.771394635 297.957304511 0.650775389039 0.60544673569 2.37769024873 198.408783116 321.103626961 215.265808702 0 1680.30608486 40.4783124593 224.729626184 22.5216875407 6.69391514321 53.8963730395
2520 2.87877798953 26.9029248951 149.511962269 297.979846612 0.651016678821 0.721023991101 5.05605882979 195.592053889 321.150567232 212.087441919 0 1680.45988316 40.600765882 221.391801491 22.399234118 6.54011683945 53.8494327691
2544 2.81664715501 25.2529054495 151.289616447 298.001211436 0.655121242499 0.820626852301 2.3704501233 198.152590346 321.12676967 208.954379443 0 1680.60141713 40.6765409684 215.432917618 22.3234590316 6.3985828726 53.8732303304
2568 2.76140090129 22.6602569299 156.7877502 298.020757166 0.660684063163 0.861262468537 1.19614060815 199.261155694 320.917229835 200.692749063 0 1680.72807798 40.8563642581 209.997559394 22.1436357419 6.27192201816 54.0827701661
2592 2.71316875768 24.6022413983 148.083394213 298.038293179 0.666399626868 0.902538130681 2.3646489509 198.028120113 321.217497558 202.770030187 0 1680.83788153 40.875499295 206.910499898 22.124500705 6.16211846735 53.7825024427
2616 2.65834348622 26.9057495228 149.29117477 298.05881403 0.673986494489 0.924735506372 1.39938345547 198.943080514 320.973813529 194.822474841 0 1680.9586342 40.524113052 203.117250284 22.475886948 6.04136580366 54.0261864717
2640 2.60472348728 22.3953078571 146.443650984 298.079537079 0.682328450773 0.989441062752 2.3340690614 197.914624347 321.112103175 193.365788022 0 1681.08231308 40.8012804056 203.592234694 22.1987195944 5.91768692552 53.8878968253
2664 2.55556376577 24.4151094762 144.640641609 298.099010187 0.674048315493 0.0527899731057 2.92503063644 198.249120889 321.227963026 195.653145559 0 1681.19311998 40.6870646841 198.293087721 22.3129353158 5.80688002387 53.7720369749
2688 2.50562226616 23.9125495619 144.812988801 298.118712396 0.657755386084 0.173790096945 2.62980829282 198.419933828 321.029861195 189.377714727 0 1681.30568523 40.6343456089 196.293288571 22.3656543911 5.69431477106 53.9701388054
2712 2.46078818797 20.9518184984 142.917363577 298.136358477 0.645704881379 0.237452503877 2.93538669223 198.045097446 321.300475055 195.027252259 0 1681.409049 40.8703640047 192.512049154 22.1296359953 5.59095099813 53.6995249462
2736 2.41645886839 22.4813733019 147.841132468 298.153823376 0.635605576148 0.300092136096 2.27467831515 198.635800597 321.060788783 187.504324459 0 1681.50857895 40.7454498415 188.052458394 22.2545501585 5.4914210563 53.9392112173
2760 2.37335984698 21.8418318511 141.588946068 298.170864354 0.62718493713 0.353303834325 3.57393523061 197.274711645 321.245749997 189.503494318 0 1681.60651936 40.7787278378 187.778735898 22.2212721622 5.39348064459 53.7542500042
2784 2.33305720368 19.3745339967 142.608948528 298.186894377 0.620984990266 0.407393705318 2.60515026366 198.179576664 321.367438904 191.477372692 0 1681.69867484 40.9285243357 185.653412854 22.0714756642 5.30132516131 53.6325610966
2808 2.29580288518 20.1784042393 140.986934236 298.201827436 0.616032287585 0.425964022171 2.39579977852 198.360376476 321.330722992 188.953220068 0 1681.78305083 40.8825380549 187.579486004 22.1174619451 5.21694916833 53.6692770086
2832 2.25640069484 20.2958707223 143.265623995 298.217765634 0.611721961611 0.473979721796 3.48894207363 197.207590609 321.118466422 182.236182429 0 1681.87175505 40.8103673766 184.672944975 22.1896326234 5.12824495149 53.8815335785
2856 2.22099695571 18.2148456226 142.166829748 298.232242586 0.608970741893 0.507980695635 1.1578200793 199.492985898 321.26632512 183.795359982 0 1681.95329227 41.0319404649 181.962882627 21.9680595351 5.04670773051 53.7336748811
2880 2.18731689039 20.2518744793 141.680130889 298.246177488 0.607146495044 0.557033482706 1.63397098467 198.95567155 321.258839533 182.4895874 0 1682.02909199 40.9248321526 179.403800698 22.0751678474 4.97090800963 53.7411604678
2904 2.15164588483 19.9990864158 143.500468432 298.261142455 0.606679051435 0.627752887588 4.40991298564 196.094512621 321.110116616 177.850335167 0 1682.10949948 40.8373065012 176.031757925 22.1626934988 4.89050052404 53.8898833851
2928 2.11959993965 18.1680151976 147.235230821 298.274807429 0.607660655996 0.669480332385 2.8095542411 197.638497342 321.008865014 169.044561149 0 1682.18298526 40.9986670326 176.779349144 22.0013329674 4.81701473899 53.9911349866
2952 2.08826533811 17.9749766847 142.096201342 298.288402545 0.609603582964 0.720739737299 3.15330407521 197.22795006 321.085145298 170.282863154 0 1682.25379287 40.9548597169 173.650822521 22.0451402831 4.74620712856 53.9148547029
2976 2.05676753841 17.6780637922 142.116479942 298.302331778 0.612530230321 0.754277912348 1.62003605786 198.710824021 321.096281128 167.859327787 0 1682.32512564 40.9461141637 171.681175105 22.0538858363 4.67487435934 53.9037188726
3000 2.02727391514 17.0235062772 141.010003832 298.315637694 0.615829646772 0.772862641568 1.88946269548 198.406207322 321.036460377 165.24014434 0 1682.39229724 41.0131043802 171.780118619 21.9868956198 4.60770276345 53.9635396235
3024 1.99715429981 16.3929712076 140.539892279 298.329507345 0.619756979311 0.810462168412 1.27526974276 198.965003765 321.020178784 161.42094084 0 1682.46063796 41.057783227 171.969179495 21.942216773 4.53936204213 53.9798212164
3048.0 1001.96925968 16.282327707 138.867353708 298.342626982 0.623987224447 0.839865136413 3.40609366792 196.787426989 321.202755398 164.799886551 0 1682.52428509 41.1323459373 170.236354838 21.8676540627 4.47571490713 53.7972446026
3072 372.492745123 5138.11047406 181.438943581 304.940580686 11.7250042322 30.6316656102 62.615139264 90.0876102072 275.13930973 863.613426028 0 1148.90667622 39.8634761379 393.797051937 23.1365238621 538.09332378 99.8606902706
3096 90.1599071619 3286.58542938 188.821822497 337.423254565 13.5478313714 28.6696285546 48.8674534226 71.491832086 275.22406483 377.336109978 0 1483.68788335 39.0735298584 424.923397013 23.9264701416 203.312116645 99.775935171
3120 34.3774604551 1124.57171208 181.734805469 350.541864758 5.22360872228 21.953216415 35.7519313728 86.5293787316 294.047464378 302.441913973 0 1605.86719194 39.0958541571 441.024768013 23.9041458429 81.1328080587 80.9525356223
3144 21.9401220733 446.596548784 175.212353006 353.797158102 3.63802151679 8.8927606607 27.0674548361 106.604604884 309.037434411 313.531724842 0 1636.76859788 39.3760571819 428.004142175 23.6239428181 50.2314021187 65.9625655899
3168 17.2744049674 261.699822267 176.163269186 354.718235579 1.26634332465 3.39425822172 26.7327777611 113.888385113 314.92527994 364.090489561 0 1647.828007 39.6208679452 408.510374963 23.3791320548 39.171992993 60.0747200607
3192 14.5840154406 207.885422994 176.367400832 354.882100944 0.569962141967 1.85280405345 15.1196790984 127.575453762 317.045375992 381.92886079 0 1653.97394084 39.7118798911 389.963552321 23.2881201089 33.0260591609 57.9546240085
3216 12.7472712624 176.685905223 179.965973045 355.005966865 0.63419605576 1.00290869443 9.42040966645 133.936518718 318.354839533 384.347760855 0 1658.14702166 39.7842722335 390.542071621 23.2157277665 28.8529783342 56.6451604676
3240 11.2812254015 154.666502673 174.94856102 355.123553549 0.654394923058 0.476294898151 8.5045623452 135.241194284 318.578113836 372.936298621 0 1661.43087239 39.7669695817 380.829395267 23.2330304183 25.5691276025 56.4218861644
3264 10.1277331503 131.763155085 177.944503393 355.229257166 0.644187778134 0.72807371917 10.0403918683 133.358089468 318.977872515 356.679098604 0 1664.04625148 39.8321359143 370.786105827 23.1678640857 22.9537485176 56.0221274857
3288 9.22757692546 112.019895842 171.12720042 355.320295267 0.642177933637 0.508837563191 5.32753604294 138.201153193 319.729944486 351.287623669 0 1666.10143226 39.9653526615 370.087746476 23.0346473385 20.8985677371 55.2700555145
3312 8.49038842009 108.573029275 169.284144203 355.401206818 0.666293926072 1.11370489187 5.78623541728 137.032558947 320.101529466 352.016002542 0 1667.75538442 39.9232017547 353.975245195 23.0767982453 19.2446155752 54.898470535
3336 7.86575259282 94.0741799116 170.979394254 355.475931908 0.648702334708 0.806989841897 5.72387526274 137.344500653 320.408254562 353.379107785 0 1669.16923265 39.9707827367 345.936850676 23.0292172633 17.830767348 54.5917454389
3360 7.30592784794 91.7012925182 164.040135433 355.548454272 0.645677447791 0.45581177934 6.14701903374 137.203037467 320.314604967 336.7967169 0 1670.42293866 39.9130164174 340.978257314 23.0869835826 16.5770613376 54.685395034
3384 6.83650096066 84.7973260482 166.474738873 355.612784735 0.65230857397 0.869401984046 3.42898162084 139.436523086 320.628907189 327.234296248 0 1671.48952865 39.9639522757 337.810577414 23.0360477243 15.5104713472 54.3710928117
3408 6.42397790158 76.7563745542 161.643095667 355.674990572 0.674078776718 0.304607636852 5.72123804777 137.625084967 320.741474045 324.492511638 0 1672.4264486 40.0199005658 327.497082753 22.9800994342 14.5735514009 54.2585259556
3432 6.04516228018 69.4656458668 160.319327316 355.735529729 0.659138359935 0.645830168485 4.99663742615 137.962864316 320.909482545 315.930871023 0 1673.28323878 40.0591052877 318.542833435 22.9408947123 13.7167612201 54.0905174557
3456 5.73995853938 64.9999962725 160.653044156 355.786929398 0.665011393729 0.77925093577 1.71530755729 141.053500715 321.151171534 309.047901601 0 1673.97923476 40.140682201 321.949372546 22.859317799 13.020765237 53.8488284666
3480 5.46748859252 63.3755414415 164.947239366 355.835795555 0.676078241557 0.903408423178 4.75673750248 137.827980278 321.041754883 305.078974971 0 1674.59091885 40.0728474043 313.958249318 22.9271525957 12.4090811457 53.9582451179
3504 5.22284049237 61.3490183474 160.19267988 355.881946279 0.658385217472 0.30217954439 5.7254167142 137.432072244 321.249311536 303.042830347 0 1675.1466123 40.1197299853 309.667305828 22.8802700147 11.8533876974 53.7506884649
3528 4.99830011178 57.2984538599 161.263804582 355.924857566 0.647271128229 0.621059825631 3.44753348578 139.359277994 321.050259206 299.219577743 0 1675.65368954 40.1229522441 302.325033072 22.8770477559 11.3463104616 53.9497407942
3552 4.78717355777 51.0604884313 157.767981075 355.966871152 0.653200020641 0.852706043968 4.12398167548 138.403241107 321.155406425 292.925320329 0 1676.13363299 40.195982219 299.351578946 22.804017781 10.8663670111 53.8445935759
3576 4.5926127 54.3173028432 156.177051956 356.007988472 0.662472161104 0.0405431964645 4.51889127851 138.770104892 321.102650499 279.112089287 0 1676.56997322 40.1041672197 296.883551172 22.8958327803 10.4300267745 53.8973495017
3600 4.42333210755 47.2056579706 160.586604765 356.044454158 0.634011180786 0.209496001478 2.23107620282 140.880962457 321.339840176 277.132879481 0 1676.96058648 40.3102360224 295.141823196 22.6897639776 10.0394135141 53.6601598249
3624 4.25624562218 43.650271752 157.429268211 356.080438658 0.613748041855 0.366453546714 4.14766022595 138.791699527 321.259621858 273.291262666 0 1677.33627586 40.2731285962 288.619978565 22.7268714038 9.66372413689 53.7403781429
3648 4.11095170956 44.7699723687 157.811316262 356.112159066 0.605055009677 0.481551068658 1.31395318776 141.487281667 321.306772622 270.559969962 0 1677.66592423 40.2784899731 279.370904151 22.7215100269 9.33407576738 53.6932273786
3672 3.97460805477 41.4100896614 158.656924059 356.142652852 0.601146909269 0.555126201064 1.33544526624 141.365628772 321.192934465 262.105981148 0 1677.97502395 40.3098718979 276.232188381 22.6901281021 9.02497604533 53.807065536
3696 3.841881155 41.0773636352 157.008095197 356.173246904 0.600534992687 0.629942158798 1.39345297293 141.202822971 321.124532686 256.455301664 0 1678.2728348 40.2414641696 267.965550302 22.7585358304 8.72716519549 53.8754673148
3720 3.7238872028 38.5083790756 152.483977339 356.201411891 0.604161381161 0.735248044391 3.78845733148 138.670721352 321.372646435 253.710586364 0 1678.54300899 40.3437791625 265.911167659 22.6562208375 8.45699100247 53.6273535656
3744 3.61194571698 34.5430719035 151.671545285 356.229234833 0.611993445878 0.83749221734 4.03196320498 138.289316299 321.413699872 254.290424132 0 1678.79791228 40.4454015557 260.329764351 22.5545984443 8.20208771614 53.586300129
3768 3.51571761989 33.99931186 151.177473325 356.254233536 0.622722093512 0.902718631446 1.59217816699 140.628147572 321.665148266 256.981167392 0 1679.01675932 40.4725507606 258.357792515 22.5274492394 7.98324067665 53.3348517349
3792 3.41968537136 33.5560798267 153.307157232 356.280348943 0.634688353306 0.936110033582 2.35607855881 139.792774111 321.394757088 248.936431295 0 1679.23318867 40.4335956251 255.976188321 22.5664043749 7.76681132711 53.6052429123
3816 3.32573441794 33.1362415588 154.586206001 356.307149601 0.648499888857 1.02284892273 3.03902696123 138.982474626 321.303347114 238.827317343 0 1679.44663958 40.4937348902 251.197326518 22.5062651098 7.55336041421 53.6966528862
3840 3.24124237314 29.79148597 150.263730001 356.33188172 0.630490563373 0.13016252188 2.3256725376 140.581792657 321.317249638 232.888493934 0 1679.63871751 40.563009932 254.724471302 22.436990068 7.36128248285 53.6827503625
3864 3.1623315683 28.906343077 147.110666028 356.354866592 0.613317724396 0.18231942183 2.4920180548 140.357478207 321.454493635 234.454256893 0 1679.8177535 40.5868812859 251.611271969 22.4131187141 7.18224649499 53.5455063658
3888 3.08645820107 29.4037160325 152.556941428 356.37694525 0.599408556312 0.26301963139 2.51634279211 140.24428377 321.217397784 225.576089048 0 1679.98935483 40.5687623276 246.944938152 22.4312376724 7.01064517039 53.7826022166
3912 3.01559825885 27.9665826534 150.986820437 356.39763974 0.58903298211 0.331172591801 3.33170555951 139.350449126 321.362977525 222.564649996 0 1680.15034261 40.6116309199 247.615045336 22.3883690801 6.84965739135 53.6370224756
3936 2.94754079606 27.8515090553 148.540473359 356.417677018 0.581760417592 0.397514265502 1.05737461766 141.545673681 321.417758034 224.905666044 0 1680.30384091 40.5587984872 244.652619994 22.4412015128 6.69615909029 53.5822419662
3960 2.8812866942 28.1606845937 151.652612913 356.437418244 0.576357659488 0.443212424979 1.7992362291 140.743775443 321.25059052 217.787044672 0 1680.45327536 40.5117070305 241.182623039 22.4882929695 6.54672463953 53.7494094805
3984 2.81486560395 26.0757229565 148.743144802 356.457512086 0.572801230243 0.511397991527 3.61515445507 138.843134237 321.150541582 211.81524589 0 1680.60439854 40.5971801076 239.923667185 22.4028198924 6.39560146155 53.8494584183
4008 2.75564858635 27.0314961294 149.767949797 356.475760113 0.571774026236 0.555222315917 1.03523761128 141.362005933 321.011533414 201.976404339 0 1680.738764 40.5810518114 238.993583942 22.4189481886 6.26123599229 53.9884665868
4032 2.69657288597 23.7905134663 147.084526816 356.49434224 0.571790834615 0.604163471696 2.5281832264 139.801520227 321.119797806 199.910792775 0 1680.87380313 40.7347714722 237.306846259 22.2652285278 6.1261968715 53.8802021947
4056 2.64262872961 22.9081678793 145.228394594 356.511698477 0.573679011685 0.660550394468 2.68989687764 139.564175239 321.333808533 204.119529586 0 1680.99629199 40.7738280457 234.902387595 22.2261719543 6.00370801136 53.6661914681
4080 2.59454734673 21.0494950288 144.150623276 356.527537735 0.576644727857 0.702322981258 1.48599700555 140.70749755 321.460389185 208.866027494 0 1681.1065456 40.9417966817 231.839749657 22.0582033183 5.89345439899 53.5396108151
4104 2.5491714214 22.6352427906 144.206832729 356.542844795 0.580177064215 0.723581471069 2.16852968622 139.984866984 321.523934143 210.943241415 0 1681.20870629 40.8370872341 229.065290024 22.1629127659 5.79129370864 53.4760658576
4128 2.50364881452 21.6227538313 146.740320295 356.558579157 0.584142038665 0.743078385976 2.93196205559 139.182238362 321.377700741 208.124920652 0 1681.31221444 40.8928206082 225.596355947 22.1071793918 5.68778556128 53.6222992594
4152 2.45764951761 23.2143119968 147.046207928 356.574891794 0.588780330088 0.757623548505 1.81340007744 140.265304249 321.355611932 203.584501348 0 1681.41480241 40.662519464 222.404990625 22.337480536 5.58519758771 53.6443880688
4176 2.41416299197 22.6076459558 146.937911475 356.590720163 0.593400297486 0.773395695482 1.54527528365 140.49720856 321.329293429 199.471079787 0 1681.51440662 40.8053221259 219.511743895 22.1946778741 5.48559337661 53.6707065712
4200 2.37176343266 21.6020583412 145.858808509 356.606556454 0.598297071811 0.788692434232 2.24801811945 139.75843592 321.282081533 198.661632236 0 1681.61033667 40.7993090635 214.902382939 22.2006909365 5.38966332783 53.7179184675
4224 2.33058489925 22.0525477141 148.190309409 356.622343889 0.603682250445 0.821257476084 1.87056870855 140.082147676 321.096097583 190.400140117 0 1681.7032168 40.728456261 210.600999731 22.271543739 5.29678319948 53.9039024175
4248 2.28871327582 19.7866178241 145.520939843 356.638842835 0.609787675119 0.839706840105 1.64818129324 140.263481357 321.1359013 186.947485765 0 1681.79871682 40.8536597538 207.610581671 22.1463402462 5.20128317543 53.8640987006
4272 2.2523345053 18.3211749018 144.917580826 356.653567129 0.615611717424 0.866179714692 0.964204341445 140.900437097 321.173088034 182.871636124 0 1681.88206693 41.00752565 207.808054174 21.99247435 5.11793306225 53.826911967
4296 2.21729348886 20.4446957376 143.092287239 356.668115563 0.621523615695 0.87776674825 2.23642435606 139.596169717 321.17851231 183.257429377 0 1681.96083725 40.8330539654 203.137316209 22.1669460346 5.03916274248 53.8214876905
4320 2.1787627263 21.161136171 145.146499567 356.684549403 0.628512131145 0.904411628899 1.8651623271 139.917364509 320.920970639 172.545175935 0 1682.04679617 40.6446570687 201.687962604 22.3553429313 4.95320382276 54.0790293615
4344 2.14402388459 18.6526800465 143.354734633 356.699785134 0.635527147138 0.948642525102 3.14974633457 138.566298859 321.063947272 173.280848284 0 1682.12686066 40.8764949371 199.43815085 22.1235050629 4.87313933825 53.9360527284
4368 2.1110981049 18.4840558743 144.565602729 356.714624823 0.64297733485 0.961062352075 0.36962794024 141.311707549 321.079667627 171.163418996 0 1682.20163682 40.8842123253 197.371369659 22.1157876747 4.79836317433 53.9203323736
4392 2.07952455202 17.7497477502 142.879743422 356.729239276 0.650169804885 0.972387501676 1.50551935522 140.142684062 321.034839632 168.928545086 0 1682.27350172 40.9487271025 197.388853141 22.0512728975 4.72649828014 53.9651603689
4416 2.05049961259 16.1326807348 145.856809249 356.74301946 0.657037644948 0.987331644568 2.4204424879 139.192168763 320.922423271 165.410125174 0 1682.3402262 41.1581635477 193.564746804 21.8418364523 4.65977379404 54.0775767294
4440 2.02235137993 15.8450345669 141.548439358 356.756713692 0.663893172495 0.989583339414 0.310728758393 141.279081037 321.107967609 166.584452817 0 1682.40407091 41.1797230583 192.865830266 21.8202769417 4.59592909186 53.8920323917
4464 1.99597716617 15.206970113 141.101174152 356.76984897 0.670288829985 1.00197049434 2.03466102958 139.523230675 321.170385982 168.01586783 0 1682.46421336 41.2691199453 190.306582378 21.7308800547 4.53578663609 53.8296140187
4488.0 1001.96869654 17.3139088076 143.113007439 356.783565241 0.65786638915 0.0324491819052 1.9126790128 140.613440175 321.050348612 166.410296568 0 1682.52497242 40.9633077248 185.945628367 22.0366922752 4.475027575 53.9496513884
4512 375.691567396 5276.78767542 178.222442022 360.790982602 6.66647558609 16.5863858618 43.796875338 72.1592806117 275.224564363 906.201197403 0 1146.31872275 39.8484906132 402.391588856 23.1515093868 540.68127725 99.7754356376
4536 89.3489439601 3379.86012284 186.135207528 380.562303344 9.48953741445 20.4596217669 34.1177811611 55.3707563135 274.81523353 384.298052474 0 1484.84496209 39.0599533876 443.077602978 23.9400466124 202.155037907 100.18476647
4560 33.3619534886 1168.45749043 178.749603766 391.177033114 5.99896238303 17.5963844621 28.2147027801 57.0129172602 293.095690949 276.553315055 0 1607.83418459 39.0676634408 457.228683362 23.9323365592 79.1658154071 81.9043090511
4584 21.0020131702 419.211215588 173.439720371 393.850144275 0.999145844642 7.97361109635 20.210179213 76.9669195712 309.111668896 320.7202161 0 1638.84249191 39.3683379982 433.618819907 23.6316620018 48.1575080885 65.8883311041
4608 16.6645131429 259.858420426 175.764883408 394.194981476 0.181581929779 1.72103771347 14.5560562034 89.346342677 315.175957384 353.783711064 0 1649.18882652 39.6053685324 413.134053488 23.3946314676 37.81117348 59.8240426162
4632 14.0840655139 199.140871857 174.395879861 394.274402524 0.431281745738 1.55397102517 10.5155733293 93.2247713756 317.065973382 372.896737465 0 1655.09070303 39.7119443681 386.129351185 23.2880556319 31.9092969619 57.9340266189
4656 12.3059701792 167.693029148 174.020253617 394.3656409 0.487094327707 1.18342508137 5.11836949848 98.8454701924 318.283772229 374.487113303 0 1659.12656377 39.7759970496 378.013874901 23.2240029504 27.8734362232 56.7162277718
4680 10.9331883688 144.966083043 170.805232809 394.456533969 0.541270736206 1.13188654284 4.42935132061 99.4409574308 318.932898326 365.709815173 0 1662.22774772 39.8178344793 373.282997378 23.1821655207 24.7722522738 56.0671016745
4704 9.85857617572 129.192331903 173.260863933 394.546089653 0.590034363318 0.775334664012 5.01060305988 99.0779382593 319.301756209 354.137183542 0 1664.6570436 39.8455320303 364.951437027 23.1544679697 22.3429563954 55.6982437919
4728 9.00980658 119.07875417 169.767057522 394.629404322 0.651869249285 0.429605051155 6.41856045166 97.8705609262 319.718616548 347.643787675 0 1666.5744456 39.8636031054 366.616322932 23.1363968946 20.4255543922 55.2813834524
4752 8.28547228933 99.5546098499 173.650866296 394.71156238 0.668908529625 1.10241825182 5.9347510576 97.5823597812 319.898531671 343.605738431 0 1668.22010296 39.9531096803 354.758639355 23.0468903197 18.7798970373 55.1014683292
4776 7.66235930339 108.571916415 162.944871025 394.788815187 0.647599103722 0.598178642722 5.0413710589 98.9240360078 319.868693105 328.998662797 0 1669.60035999 39.7809047705 341.038365392 23.2190952295 17.399640006 55.1313068953
4800 7.11677583497 94.0556791691 167.409504973 394.861046002 0.647225192894 0.203088006331 4.1969658339 100.091674964 320.260307693 314.323095162 0 1670.85078614 39.9030496882 335.214550601 23.0969503118 16.1492138515 54.7396923078
4824 6.65927586227 73.7876721632 166.488148318 394.923984683 0.620626033748 0.469689295144 1.96744161009 102.018258378 320.398508181 314.555969789 0 1671.8954461 40.054126435 332.040864508 22.945873565 15.1045538957 54.6014918192
4848 6.2908551759 69.3929663404 164.078417008 394.976583857 0.612805447234 0.568361190213 2.55131664877 101.290932857 320.781566157 313.487755922 0 1672.73364192 40.1139309817 327.263335378 22.8860690183 14.2663580783 54.2184338437
4872 5.95046519717 73.0270830253 163.979275638 395.027822042 0.617848209516 0.742868802542 1.74339765412 101.868063291 320.469544834 292.734793751 0 1673.49441987 40.0023583069 327.391158346 22.9976416931 13.5055801212 54.5304551664
4896 5.64494117319 64.4444376822 160.064376467 395.077135683 0.630649049048 0.848423641738 3.59425657119 99.8495350552 320.786156548 294.68692129 0 1674.19054362 40.0924423762 322.510418253 22.9075576238 12.8094563735 54.2138434526
4920 5.37520825184 60.1468567078 160.400012246 395.124133455 0.640633316299 0.144564499648 7.48825102064 96.6024177087 320.968839289 297.004320354 0 1674.80195796 40.1303724676 311.72872581 22.8696275324 12.1980420379 54.0311607119
4944 5.11263747407 66.8774836734 158.090044074 395.171320626 0.620563369544 0.528384697867 4.46888773974 99.2108435668 320.625981361 280.05383701 0 1675.38254409 39.921593455 302.385991471 23.078406545 11.6174559033 54.3740186398
4968 4.88512882179 53.3281392099 155.303259347 395.213693028 0.623009132736 0.753765122336 2.99752834717 100.41200437 321.216793276 289.713274439 0 1675.91092393 40.1643009194 295.008026208 22.8356990806 11.0890760696 53.7832067241
4992 4.69525523757 51.0600933439 155.300586338 395.251056309 0.634808526329 0.87162987927 0.806939317275 102.435565968 321.4833382 294.14271785 0 1676.34482702 40.2662983236 286.586063573 22.7337016764 10.6551729758 53.5166618003
5016 4.51348508825 46.9705917208 158.263832774 395.28907625 0.649219126918 0.896151868425 1.76514676227 101.400405992 321.286998982 281.970425152 0 1676.75544387 40.2790562544 290.180286766 22.7209437456 10.2445561242 53.7130010185
5040 4.3469015578 45.3431904992 155.902416473 395.326116649 0.66441388498 0.957919014742 2.35351321913 100.698037232 321.446373162 281.797198426 0 1677.13139893 40.2686350914 284.605022158 22.7313649086 9.86860106335 53.553626838
5064 4.20203864152 40.2049277301 154.131134331 395.360296223 0.680290469514 0.997862217743 1.41006271611 101.551488374 321.799726103 290.523557927 0 1677.4640334 40.4438839063 279.159846044 22.5561160937 9.5359665999 53.2002738975
5088 4.06537425358 44.8439775011 157.005585609 395.394426411 0.696311479402 1.05396241757 4.30214939079 98.5531503009 321.367950074 273.753564553 0 1677.76894371 40.2683999623 278.481636219 22.7316000377 9.23105628356 53.6320499261
5112 3.93319716631 40.6602990889 153.3717543 395.429180644 0.69416907632 0.148388153784 2.16617077297 101.562091353 321.618286643 280.1791284 0 1678.06985386 40.3492517976 270.708893732 22.6507482024 8.93014613113 53.3817133573
5136 3.80505138088 37.4714435545 152.850783255 395.463031512 0.66905103823 0.198573731943 1.20047408533 102.468869633 321.72990527 279.365313923 0 1678.36042304 40.4031733183 263.151540863 22.5968266817 8.63957695736 53.2700947305
5160 3.6836486605 43.3953173462 153.901319343 395.495043581 0.647977613628 0.258755401447 1.09903617723 102.499187226 321.437279793 261.906748263 0 1678.63253952 40.2704054305 258.64148526 22.7295945695 8.36746047517 53.562720207
5184 3.56588421105 39.5267604047 158.141864569 395.526198324 0.631449526527 0.355826454595 2.92241528473 100.56411041 321.137272769 248.428689778 0 1678.89952806 40.2957070035 248.991349626 22.7042929965 8.10047193722 53.8627272316
5208 3.4678375033 33.4265334842 149.766844863 395.552401939 0.622518248227 0.465940167995 2.99284869593 100.366290949 321.60261619 256.671117118 0 1679.12558426 40.5161522053 245.120827484 22.4838477947 7.87441573632 53.39738381
5232 3.37868704099 31.8696935041 149.2084877 395.576629176 0.61834462753 0.545001280299 1.83022105485 101.429803861 321.64820499 254.830643475 0 1679.32764257 40.5266761845 244.6920152 22.4733238155 7.67235742361 53.3517950105
5256 3.29689506699 28.6469879734 148.750170411 395.599320529 0.616541654905 0.588018892682 1.49692006225 101.699198861 321.732796843 252.586251469 0 1679.51472496 40.6846715277 248.483940879 22.3153284723 7.4852750344 53.267203157
5280 3.21601227474 29.9805658938 151.063859952 395.622277078 0.615849752959 0.603695169509 1.26519793624 101.892980063 321.549602004 244.139300611 0 1679.69606101 40.558047338 248.502760812 22.441952662 7.30393898826 53.4503979967
5304 3.13983764952 30.9830258234 151.335563916 395.644423006 0.616297890216 0.655493767955 1.82434608571 101.25943925 321.385309753 237.827983795 0 1679.86775542 40.4828817903 245.809294082 22.5171182097 7.13224457266 53.6146902477
5328 3.05726526573 37.2855539373 147.579473598 395.669099317 0.618345082927 0.671174745851 0.859303606758 102.182077247 321.274937266 228.35093942 0 1680.05079215 40.2419203509 242.539839881 22.7580796491 6.94920784261 53.7250627345
5352 2.98034532859 28.3024290912 147.796374555 395.692775408 0.620551093029 0.682394449339 0.722873067025 102.281405982 321.46715543 231.725224826 0 1680.22945066 40.564217543 237.785135616 22.435782457 6.77054933541 53.5328445704
5376 2.90962117573 29.5507155543 148.353867474 395.715174781 0.623218597156 0.717584869483 1.31209858711 101.631923165 321.264420247 222.08237635 0 1680.3879957 40.4263739766 233.541518363 22.5736260234 6.6120043 53.7355797538
5400 2.84184284399 26.7101958382 145.384666591 395.737273579 0.626987083807 0.741677921336 1.85083799361 101.043223422 321.472188919 222.921752129 0 1680.54351474 40.6125376779 231.738707542 22.3874623221 6.45648525955 53.5278110814
5424 2.77703827881 25.9733733807 150.256112515 395.759039016 0.631077643817 0.749494162148 1.34315464099 101.517234537 321.217744371 212.111773091 0 1680.69011298 40.5930524591 230.156905714 22.4069475409 6.3098870148 53.7822556295
5448 2.71803428326 25.5881267347 146.831973322 395.77943311 0.635179947132 0.775014208055 1.55593251079 101.254440223 321.153911405 208.968207272 0 1680.824045 40.6080497927 224.011468708 22.3919502073 6.17595499576 53.846088595
5472 2.6629563377 25.1106009039 147.214189094 395.799008713 0.639895738611 0.802653336889 1.60831366653 101.150128545 321.309039069 208.962154603 0 1680.94955147 40.6702154512 219.322323853 22.3297845488 6.05044852334 53.6909609312
5496 2.60728828317 26.8119915748 150.869923254 395.819368283 0.645073117726 0.811904666154 0.794576248728 101.929077684 320.8803497 196.24695954 0 1681.07390277 40.4995013354 215.042386788 22.5004986646 5.92609722028 54.1196503006
5520 2.55505650219 23.3496546161 145.898028465 395.839025637 0.650125470336 0.82078885287 1.84508104066 100.844978999 321.246570383 199.823246577 0 1681.19428169 40.7181232377 211.146145742 22.2818767623 5.80571830353 53.7534296173
5544 2.50366155667 22.6704592566 146.46768309 395.858923016 0.655477876086 0.833708369765 1.89812851994 100.753762218 321.043817008 190.935156942 0 1681.31061075 40.7119926982 210.499041928 22.2880073018 5.68938924961 53.9561829926
5568 2.45879477493 22.1320868024 143.773172718 395.87677148 0.660622349448 0.850543255925 0.602162735156 102.009900179 321.217912986 193.123965235 0 1681.41303461 40.7792360276 208.040730636 22.2207639724 5.58696538518 53.7820870146
5592 2.41390006529 23.1274935172 142.44748293 395.895104746 0.665926913349 0.865712829411 2.36043305443 100.212822456 321.264122239 191.378535984 0 1681.51371761 40.6487558896 207.750210138 22.3512441104 5.48628238058 53.7358777609
5616 2.37037593811 21.8310224194 143.538003585 395.913355231 0.671436383309 0.869440806542 1.10450627951 101.441261299 321.169966179 187.384565578 0 1681.61348617 40.8039158243 207.538674346 22.1960841757 5.3865138237 53.8300338209
5640 2.33033676291 20.0699522133 144.938133346 395.930577514 0.676481970054 0.872453084481 0.674031659824 101.846455771 321.181259503 188.336636303 0 1681.70459851 40.8662618605 203.578004495 22.1337381395 5.29540148695 53.8187404974
5664 2.29355725372 18.4800462378 144.561517658 395.946775599 0.68108799694 0.877064117264 2.06943500997 100.425637277 321.187086947 185.76831572 0 1681.78889622 41.0343325821 202.8394229 21.9656674179 5.21110377875 53.8129130533
5688 2.25788141655 18.2358672368 141.818721718 395.96284695 0.685826605783 0.89200103574 1.40774357067 101.051581838 321.308634648 187.578645763 0 1681.86967789 41.031036481 201.221623185 21.968963519 5.1303221002 53.6913653528
5712 2.22108621266 21.3680106315 140.478091709 395.979812615 0.69095525484 0.903651687324 1.8650728239 100.560507619 321.276574743 183.705386491 0 1681.95204062 40.8099644401 200.738809159 22.1900355599 5.04795937065 53.7234252574
5736 2.18496965208 17.9959391223 139.768357294 395.996870237 0.696367835282 0.920291053647 1.30514365117 101.081327223 321.352486768 187.277530883 0 1682.03463017 40.9969351458 198.376949146 22.0030648542 4.96536982062 53.6475132326
5760 2.15236882726 17.7909616092 144.258631858 396.012630855 0.701553964159 0.936496091795 0.539163097326 101.810155992 321.222068326 181.862672432 0 1682.10865617 41.000625439 197.217455135 21.999374561 4.89134382323 53.7779316743
5784 2.11978835817 17.4508003109 137.826768929 396.028742639 0.70685214815 0.936900460665 0.83697085669 101.490533896 321.508394459 190.724701044 0 1682.18256871 41.0224359619 193.229680922 21.9775640381 4.81743128043 53.4916055409
5808 2.08563196666 19.3572209311 142.71638272 396.046033922 0.712382050141 0.935906757418 1.28641065925 101.019266611 321.195660908 180.042559279 0 1682.25879926 40.7763821188 191.431082425 22.2236178812 4.74120073654 53.8043390927
5832 2.05470637632 17.2403585292 142.577067378 396.062053568 0.717384396733 0.938841941529 1.53072142526 100.750998668 321.207604966 180.04026903 0 1682.33007407 41.0015520139 187.806726332 21.9984479861 4.66992592058 53.7923950343
5856 2.02582929992 16.0680120462 142.171074323 396.077334094 0.722088223893 0.941507492097 0.656671769811 101.60239842 321.366550483 180.257010436 0 1682.3960704 41.1428741696 186.35749336 21.8571258304 4.60392959824 53.6334495173
5880 1.99627208207 18.5821037946 140.747155483 396.093306844 0.726915991382 0.943440058666 0.865387883097 101.370949223 321.18079847 177.084845897 0 1682.46166484 40.7939180917 183.066880705 22.2060819083 4.53833515422 53.8192015305
5904 1.96826730462 17.2740419949 143.519001241 396.108760488 0.731584400406 0.957404498614 0.963446658852 101.238803954 321.224598523 172.428565601 0 1682.52646898 41.0944113005 181.92688017 21.9055886995 4.4735310141 53.7754014774
5928.0 1001.94117452 15.931735759 143.780700314 396.124019288 0.736250121433 0.956595560281 0.0498356642288 102.133299366 320.967396414 164.203635436 0 1682.58778071 41.0849203222 183.830127724 21.9150796778 4.41221928921 54.0326035864
5952 371.021096757 5200.13526851 178.44041481 400.110526341 7.25343835843 15.6697036099 33.1429461853 43.8233855057 275.15562162 883.622958835 0 1149.95390942 39.8462583464 407.100647871 23.1537416536 537.046090577 99.8443783807
5976 89.0544497185 3291.32171188 189.020191478 416.663608369 9.76100549467 15.6201244836 26.2640096219 31.6912520303 275.023570051 382.61036481 0 1485.58389084 39.0666422443 428.461650333 23.9333577557 201.416109161 99.9764299491
6000 33.8849455329 1148.48043131 176.437309272 428.581949806 4.80690912329 15.9177541776 14.347738548 36.345648345 293.837619005 297.533048092 0 1606.85720107 39.0824991396 438.918651327 23.9175008604 80.1427989331 81.1623809953
6024 21.5231201592 429.069226826 176.124312124 431.058444766 2.52283973947 4.70707595725 12.3514776624 49.3601618747 309.467894282 327.431201355 0 1637.7386295 39.3886064923 422.074793399 23.6113935077 49.2613705029 65.5321057184
6048 17.083309882 258.734970148 177.872285317 431.515407848 1.1188418314 1.02942577965 7.89255414979 58.4437703908 315.255251832 372.007940243 0 1648.29332095 39.6425932736 391.402779655 23.3574067264 38.7066790474 59.7447481688
6072 14.4600335109 204.227714727 177.324288549 431.737909669 0.116865300193 0.677100013692 7.8064025806 59.6617224362 316.924600139 374.729964378 0 1654.25376578 39.721054497 378.040663713 23.278945503 32.7462342212 58.0753998618
6096 12.5943107093 164.304468639 178.991949461 431.782069663 0.335760033582 0.90683380144 6.65499954154 60.3203369601 318.24245671 381.611396137 0 1658.49115337 39.806843992 360.449099228 23.193156008 28.50884663 56.7575432901
6120 11.2586421234 140.481897774 176.576412874 431.849342253 0.473119379536 1.41917959064 4.41566694479 61.8426918323 319.302768973 381.141916577 0 1661.52775881 39.9013646355 360.841638435 23.0986353645 25.4722411886 55.6972310277
6144 10.2018141537 126.609319084 171.328904374 431.930592292 0.610145965317 0.831128720168 3.92648111138 62.7016519113 319.866539459 395.398734536 0 1663.8983196 39.887070019 353.969796192 23.112929981 23.1016803967 55.1334605415
6168 9.30761507419 115.932763754 177.286124914 432.01549007 0.600385837093 0.304260822372 3.03037807281 64.0494851978 319.90425022 381.581934699 0 1665.91055825 39.888916702 344.228598328 23.111083298 21.0894417533 55.0957497805
6192 8.56758272088 104.045846636 172.041069807 432.088822617 0.587607602081 0.692299547422 4.44326306649 62.1880071671 320.246861891 372.880036699 0 1667.58408519 39.9286774957 342.308402146 23.0713225043 19.4159148044 54.7531381091
6216 7.90769188535 101.88519344 165.20613133 432.160896893 0.616747678165 0.99508274501 2.62229866726 63.6049740165 320.213143895 349.847799508 0 1669.06301408 39.887234708 341.457536118 23.112765292 17.9369859176 54.7868561058
6240 7.35859102912 90.3480829174 167.969103313 432.225765066 0.580434160378 0.315362006678 4.15099838328 62.7274403835 320.587186854 339.073546105 0 1670.31426434 39.9785381804 343.940286283 23.0214618196 16.68573566 54.4128131467
6264 6.8830993531 86.3110693109 162.325849565 432.283112735 0.567486851003 0.522621707789 2.33398118918 64.2927975167 320.69735976 338.253496757 0 1671.38212211 39.9429812302 336.770735074 23.0570187698 15.6178778845 54.3026402402
6288 6.4560972644 80.6289098995 160.864238788 432.33771838 0.57200019101 0.683691300803 1.28256709782 65.1240230303 320.644943354 320.723081728 0 1672.34515323 39.9323945121 342.691692798 23.0676054879 14.6548467686 54.3550566465
6312 6.09337326094 75.4565558988 165.747536619 432.38781998 0.583869994868 0.743567270437 1.79330962578 64.491433129 320.423755007 301.604232866 0 1673.17120946 39.9927643591 340.051833222 23.0072356409 13.828790538 54.5762449931
6336 5.77105981829 63.1060915545 162.346082598 432.435987299 0.597993660069 0.782456476108 1.99022452894 64.1933380359 320.921413607 306.634946091 0 1673.90757529 40.1331228328 330.877215158 22.8668771672 13.0924247141 54.0785863937
6360 5.49630966908 65.0891360527 158.203739436 432.48029052 0.613475394079 0.837133218855 0.59914550063 65.4699553662 321.147717532 312.956706573 0 1674.52372708 40.0400475392 320.910667461 22.9599524608 12.4762729193 53.8522824679
6384 5.20296071021 66.8093106331 157.555341637 432.531536503 0.632833004995 0.891013593466 0.781324765373 65.1632921329 320.668710069 282.219858758 0 1675.17762514 39.9272428196 324.42967101 23.0727571804 11.8223748642 54.3312899314
6408 4.96535571664 54.903265552 158.006421154 432.576568635 0.652359491561 0.963187059766 2.12721251441 63.6806722991 320.903221636 273.972049328 0 1675.73005262 40.1854840037 326.110525645 22.8145159963 11.2699473772 54.0967783646
6432 4.76578134889 49.7342904953 156.916136882 432.617311924 0.665874781397 0.0382275871087 1.9212816679 64.7573040398 321.324897214 290.743161778 0 1676.18454741 40.2513476884 311.468850005 22.7486523116 10.8154525885 53.6751027867
6456 4.58600359936 47.7488121882 162.796613346 432.654732877 0.632924449496 0.134778215541 2.56281681799 64.0147476401 321.198501119 287.819416592 0 1676.59165732 40.273402666 301.844135671 22.726597334 10.4083426789 53.8014988811
6480 4.41468080663 47.5689841701 160.233725497 432.69016847 0.60970872418 0.287765025657 3.02983690924 63.3825208708 321.182863669 280.764222841 0 1676.97779038 40.2365973861 294.068149165 22.7634026139 10.0222096231 53.8171363317
6504 4.25498028132 47.3364079595 156.106287214 432.723447972 0.595427179145 0.373740338129 1.48678106897 64.8206034414 321.411392032 276.279492938 0 1677.34043547 40.2842828143 290.468328107 22.7157171857 9.65956452924 53.5886079684
6528 4.10241607333 44.3097779878 154.026076198 432.755756412 0.584782391543 0.409860751411 1.00116349454 65.2484369503 321.326930676 272.853598001 0 1677.68399972 40.247613808 284.919781081 22.752386192 9.31600028076 53.6730693247
6552 3.96473838352 41.1725590999 153.824582709 432.785490951 0.577062979653 0.457209419737 2.2531215296 63.9271151199 321.400269517 273.09332822 0 1677.99661788 40.3029892962 278.402357371 22.6970107038 9.00338212085 53.5997304834
6576 3.82931316497 41.2421104718 159.024580583 432.81545996 0.573302009749 0.526278790857 1.50961383029 64.5753454092 321.104604247 253.446116542 0 1678.30232438 40.2656029685 273.881999985 22.7343970315 8.69767561985 53.8953957531
6600 3.71433884293 37.6480145798 155.110783794 432.841632961 0.571667169777 0.559125813111 2.41569325108 63.6118808047 321.159904058 250.673871721 0 1678.56450166 40.344716562 271.204409378 22.655283438 8.43549834288 53.8400959422
6624 3.60497929076 33.7557087584 152.173582045 432.867266895 0.572271657578 0.597877717771 1.24377643906 64.7188072904 321.405480839 254.656004995 0 1678.81416821 40.4779320808 265.20472929 22.5220679192 8.18583178749 53.5945191609
6648 3.50673739782 32.9604987903 149.452808398 432.891007477 0.573387369225 0.602340677356 0.918360024172 65.0149044522 321.622052391 257.515212264 0 1679.03738032 40.5068868188 262.078928425 22.4931131812 7.96261968323 53.3779476097
6672 3.40815813907 38.1039704288 154.099353291 432.915565028 0.575061343026 0.624228093991 1.64113722853 64.2440083064 321.253855842 243.317945144 0 1679.25648213 40.2726429257 256.652262832 22.7273570743 7.74351786984 53.7461441588
6696 3.31778887621 30.4198653713 153.46325211 432.938798362 0.577990280547 0.67241413677 1.14676512197 64.664032099 321.555451274 247.61151283 0 1679.46596478 40.5784825493 252.772887829 22.4215174507 7.53403522034 53.4445487267
6720 3.23535499073 32.3971187009 153.684785168 432.960680745 0.581709659894 0.686529464249 1.55031604468 64.2207640864 321.333893104 241.831313215 0 1679.65073504 40.4437694486 246.628128177 22.5562305514 7.34926495884 53.6661068969
6744 3.15508424099 29.4198630431 149.349242742 432.982684393 0.586126514764 0.704508406338 0.939070342353 64.7876103438 321.520359333 237.238298311 0 1679.83445118 40.5903731311 249.815757256 22.4096268689 7.16554882357 53.4796406671
6768 3.07587180392 29.2710224007 151.094861988 433.005128923 0.590882468718 0.719672300528 1.36032692911 64.3239893785 321.245066649 226.950119709 0 1680.01263081 40.5305095016 248.24327818 22.4694904984 6.98736918664 53.7549333515
6792 3.00753584726 28.4806558092 152.707729566 433.025121837 0.595871911994 0.766658117483 1.42887089904 64.1834772349 321.355478971 226.141106664 0 1680.16954996 40.6874292678 242.137634718 22.3125707322 6.83045003733 53.6445210297
6816 2.93842458802 28.0058272065 147.870048744 433.046005712 0.601904235014 0.77202880719 0.651633056192 64.9284281892 321.471046322 227.915142824 0 1680.32503335 40.6095405159 237.57462151 22.3904594841 6.67496664976 53.5289536782
6840 2.87296352127 27.4398512699 147.860148024 433.066443976 0.607689877336 0.783843562722 1.7912105838 63.7508120001 321.367807036 220.812553386 0 1680.47344706 40.6300978822 237.308313596 22.3699021178 6.52655293753 53.6321929644
6864 2.80950245759 28.3715646246 145.999204978 433.086908237 0.61391429978 0.799230821717 0.902174746397 64.5977718947 321.277979059 214.766610992 0 1680.61561804 40.4822480243 236.37188939 22.5177519757 6.38438195616 53.7220209418
6888 2.74566193964 27.3558501354 149.541038707 433.10818792 0.620674211703 0.838127681075 2.02563595945 63.4073742275 321.113107639 207.847625269 0 1680.76080448 40.5293415434 231.786517537 22.4706584566 6.23919551935 53.8868923618
6912 2.68793124916 24.6835585948 150.02781008 433.128084881 0.627706057843 0.843465977312 1.04617193456 64.3545711494 320.99687136 199.587244531 0 1680.89269841 40.6518455392 231.50268167 22.3481544608 6.10730158922 54.0031286403
6936 2.6308475398 24.0438357088 144.329516304 433.148408619 0.63470499336 0.853409776031 1.07685498442 64.2866216275 321.346467804 204.178759154 0 1681.02201989 40.6660988848 226.592732726 22.3339011152 5.97798010432 53.6535321964
6960 2.57768936657 26.0269823905 148.611841989 433.167947224 0.64162504176 0.873056408484 0.98527742388 64.332093902 321.044348681 196.518478346 0 1681.14191817 40.5700165284 220.106459472 22.4299834716 5.85808182632 53.9556513199
6984 2.52635763012 24.6536940909 147.211408316 433.187412075 0.648592880966 0.874236282557 0.900333756986 64.3894250041 321.106187501 192.208950677 0 1681.25897701 40.6651460919 217.988714285 22.3348539081 5.74102299336 53.8938124993
7008 2.4781100487 23.228217254 147.336254401 433.206264446 0.654931651318 0.866349613767 0.753870513305 64.5185837751 321.064464879 187.447684969 0 1681.36881621 40.7278785487 218.006088712 22.2721214513 5.63118379215 53.9355351218
7032 2.43055497058 22.836403156 141.029086689 433.225388689 0.661019887059 0.870305339966 0.592271800818 64.6510142831 321.230997587 192.699690269 0 1681.47588636 40.6508357952 214.318420848 22.3491642048 5.52411364271 53.7690024134
7056 2.38841502445 21.3045281724 143.040421115 433.242801153 0.666385904634 0.866813613499 0.265075565581 64.9589237633 321.342785575 195.468422397 0 1681.57306057 40.8657871306 209.900158535 22.1342128694 5.42693942542 53.6572144255
7080 2.3475957858 20.0744807603 144.402471783 433.260097868 0.671433885001 0.862412767864 0.915489161709 64.290566317 321.199606033 189.620221146 0 1681.66543975 40.8674865695 209.751606628 22.1325134305 5.33456024526 53.800393967
7104 2.30921384813 18.5345660445 146.084850638 433.276758624 0.676136820003 0.866509004168 1.47661036114 63.7039851907 321.186633582 187.388224919 0 1681.75328807 41.0246283572 207.6958526 21.9753716428 5.24671193315 53.8133664182
7128 2.27180490653 19.660440495 146.145388571 433.293381196 0.680864245922 0.870955135133 1.02148034487 64.1333190784 321.136981685 185.410558143 0 1681.83734201 40.8847482599 203.868342135 22.1152517401 5.16265798888 53.863018315
7152 2.23336583738 22.1225275723 141.495729308 433.31087107 0.685644137527 0.867763389939 0.650848105536 64.4848732973 321.21705398 184.708513837 0 1681.92327033 40.6603440075 202.265221494 22.3396559925 5.07672967145 53.7829460205
7176 2.19372116783 21.101682792 140.604594126 433.329356729 0.690488886914 0.87000027445 1.34930636542 63.7608477444 321.168799183 180.729178989 0 1682.01330991 40.7099478035 199.890452569 22.2900521965 4.98669008929 53.831200817
7200 2.15612249389 20.2389401127 142.648174877 433.347321892 0.695060409663 0.868260415661 0.995862123579 64.093495159 321.041885881 173.420414121 0 1682.09894559 40.7710866168 198.681742137 22.2289133832 4.90105441293 53.9581141194
7224 2.11840225262 20.8779105274 142.398358677 433.365782534 0.699521375033 0.862731570549 0.684012283108 64.3879522376 320.947730457 167.190140156 0 1682.18409064 40.7077286174 197.541461314 22.2922713826 4.81590935643 54.0522695434
7248 2.08454782288 17.954833502 148.159617842 433.382733587 0.703368151075 0.85984125398 1.22047935939 63.8335776488 320.781118443 160.551548471 0 1682.26211172 40.9533151584 193.622543953 22.0466848416 4.73788828155 54.2188815571
7272 2.05323553452 16.9546240176 142.379115692 433.398742696 0.706945627428 0.860143471866 0.657313704745 64.3768545004 320.967948982 162.71211288 0 1682.33350105 41.0431564842 189.948814425 21.9568435158 4.66649895118 54.0320510183
7296 2.02434664289 16.6768161142 143.628281784 433.413802683 0.710109769088 0.855166732676 1.01297075452 64.0079500611 320.96182262 161.046480639 0 1682.3992722 41.0980352626 187.415125774 21.9019647374 4.60072780208 54.0381773801
7320 1.99539418336 17.1860808631 139.8550843 433.42917989 0.713142919708 0.848981109448 0.393367993053 64.6153280877 321.065766928 165.488935461 0 1682.46453561 41.0145685952 183.10181003 21.9854314048 4.53546438834 53.934233072
7344 1.96653622316 17.786330892 141.229719076 433.444795386 0.716078825473 0.852000800679 0.770583110386 64.2165418773 320.955066412 158.60938132 0 1682.52973117 40.9370899238 184.867327035 22.0629100762 4.47026883111 54.0449335884
7368 1.93788048221 16.5605172908 139.049168799 433.460595125 0.719055089269 0.853167673711 1.16138332326 63.8057987882 321.018974964 159.485127599 0 1682.59477246 40.9864064431 183.72215798 22.0135935569 4.40522754156 53.9810250362
7392 1.90974295817 17.8346131006 140.022458203 433.476402734 0.721970400557 0.856140826682 1.54311443805 63.4023716004 320.886810263 153.142179589 0 1682.65848696 40.951958495 182.68258394 22.048041505 4.34151304256 54.1131897377
7416 1.88414037649 15.8306596746 143.460825308 433.491047256 0.724726024316 0.859513117012 0.816178280748 64.1085353216 320.75964631 146.833030421 0 1682.7171806 41.0914960536 182.69818831 21.9085039464 4.28281939728 54.2403536902
7440 1.85851618347 15.7209220941 143.168331502 433.505961201 0.72744411174 0.857550166439 1.11822855222 63.7908159685 320.717860775 145.365841518 0 1682.77504348 41.043979221 178.837950667 21.956020779 4.22495652064 54.282139225
7464 1.83574830416 14.1910113052 138.043497599 433.519433258 0.729821565245 0.856650630125 0.288313630738 64.6057809163 320.966361455 150.387750396 0 1682.82749522 41.2898961163 177.118587949 21.7101038837 4.17250478317 54.0336385456
7488 1.81397190049 13.7310253631 136.694107659 433.532516989 0.73203519989 0.853005013275 0.426514345424 64.4559284523 321.128472254 153.434293711 0 1682.87710135 41.3630513733 176.50448156 21.6369486267 4.12289865093 53.8715277461
7512 1.79134992422 15.1569669673 138.028168925 433.546318035 0.734286286081 0.856184819038 1.60925634869 63.2539545109 321.006971682 151.073146874 0 1682.92755573 41.0788599236 175.923604594 21.9211400764 4.07244426535 53.9930283189
7536 1.76894394014 15.0205373984 137.86565425 433.560203377 0.736621469464 0.864258859183 1.78508543255 63.0538308614 321.132100444 154.035368912 0 1682.97877025 41.2139236688 172.46525363 21.7860763312 4.02122975249 53.8678995566
7560 1.74743731603 15.5402805361 136.573303153 433.573740678 0.738919817839 0.860871525237 0.949769386535 63.8766985922 321.160797266 153.233164918 0 1683.02729236 41.0702959442 174.114500754 21.9297040558 3.97270763861 53.8392027345
7584 1.72665810498 13.6272571517 135.283901471 433.587019499 0.741136678125 0.865295999679 1.07297349455 63.7335743283 321.300788094 158.974486918 0 1683.07491166 41.2874538111 172.765897186 21.7125461889 3.92508833533 53.6992119069
7608 1.70590038468 14.5520841706 137.845172462 433.600485773 0.74338365003 0.864267572016 0.219175650068 64.5726873545 321.096962484 154.476886236 0 1683.1215514 41.1140695284 170.518302123 21.8859304716 3.8784485986 53.9030375162
7632 1.68475294796 14.5610022421 141.702204716 433.614416023 0.745581938586 0.863366298018 1.40094594827 63.3756897924 320.755508737 144.410837002 0 1683.16951621 41.1190472094 168.358589702 21.8809527906 3.83048378685 54.2444912633
7656 1.6645388272 13.248529723 141.269867451 433.627934883 0.747698698302 0.866261444932 1.53660179194 63.221503182 320.672253663 135.00110075 0 1683.21570564 41.2762392219 170.254179162 21.7237607781 3.78429436168 54.3277463375
7680 1.64575721627 13.3631047602 137.336696658 433.640679468 0.749826747643 0.87927052363 0.582849830101 64.1473734302 320.885334835 138.310247416 0 1683.25829922 41.2459449969 169.152361567 21.7540550031 3.74170077761 54.114665165
7704 1.62786206066 12.2456182338 138.714622439 433.652993476 0.751896359441 0.873715521618 0.626659875502 64.0947347669 320.924265325 139.032263757 0 1683.29943034 41.46954591 166.164947452 21.53045409 3.70056966408 54.0757346749
7728 1.61007654556 12.5988007702 137.251752476 433.66540009 0.753856510992 0.868825350325 0.674145218463 64.0377728299 320.88618837 138.482403196 0 1683.33954846 41.3660445971 165.257642166 21.6339554029 3.66045153738 54.1138116301
7752 1.59324108076 12.11887167 136.792347551 433.677300427 0.755663608124 0.869494297352 0.665592096865 64.0319495704 320.948980056 138.387304312 0 1683.37794081 41.4572177314 165.419929304 21.5427822686 3.62205918798 54.0510199444
7776 1.57575074729 12.6436544154 138.51391924 433.68982799 0.757510146437 0.865568819132 0.715847931094 63.9712451128 320.802741308 135.345004115 0 1683.41727651 41.3090612788 162.629668613 21.6909387212 3.58272348884 54.197258692
7800 1.55999226935 11.4624229432 140.922257558 433.701260828 0.759145826271 0.870410920745 1.65516135244 63.0140210723 320.754895537 130.304562694 0 1683.45361591 41.5771539215 160.939423014 21.4228460785 3.54638408673 54.245104463
7824 1.54443238008 13.2313879189 138.908659274 433.712688404 0.760812551219 0.869292072086 0.603512185427 64.0536947869 320.83550815 130.001053725 0 1683.48872479 41.4408259307 158.325837398 21.5591740693 3.51127520689 54.1644918508
7848 1.52861189652 12.0984602512 137.840522773 433.724451669 0.762467175826 0.867234000023 0.579300477687 64.0665466774 320.886858777 131.315189379 0 1683.52453052 41.4124737584 157.772234216 21.5875262416 3.47546947678 54.1131412234
7872 1.5128876155 11.4692102038 139.017268502 433.736289859 0.764050928619 0.862225177505 0.565047772348 64.0723862628 320.79129688 129.483549503 0 1683.56033063 41.5082345387 156.272611001 21.4917654613 3.43966937118 54.2087031205
7896 1.49810561863 11.8768876836 136.598337638 433.747553461 0.765476773733 0.860018936218 0.49598727586 64.130963553 320.816312962 129.595926489 0 1683.5939108 41.487966445 153.85675954 21.512033555 3.40608919715 54.1836870385
7920 1.48170372221 12.6547597361 138.936521301 433.760206649 0.767007208154 0.85699175049 0.540773295424 64.075021097 320.67862175 124.537367922 0 1683.63054709 41.2249716997 151.526367795 21.7750283003 3.36945291422 54.3213782501
7944 1.46693304917 11.8522611632 138.404589947 433.77174335 0.768334573426 0.853913556707 0.492172365242 64.1138361544 320.628710478 120.788737382 0 1683.6643856 41.3683119879 151.229241256 21.6316880121 3.33561440328 54.3712895223
7968 1.45181279559 12.9548534862 135.715731413 433.783694442 0.769626359267 0.849026646326 0.479448466956 64.1182040851 320.671844118 119.967389121 0 1683.69844297 41.2282979164 149.985910345 21.7717020836 3.3015570263 54.3281558823
7992 1.43693048744 12.1069827723 134.242599001 433.79559883 0.77082414617 0.845421765708 0.458769681711 64.1293855763 320.763504804 121.762601562 0 1683.73230981 41.2855316928 148.802686715 21.7144683072 3.26769019345 54.2364951963
8016 1.4225910133 10.8071140991 133.015481879 433.807203455 0.77192270743 0.842869164066 0.410055907131 64.167948766 320.897832876 124.232371245 0 1683.76533688 41.5717978253 147.667560138 21.4282021747 3.23466311437 54.1021671243
8040 1.40955864893 11.5869570986 134.577222 433.817866363 0.772880373448 0.841075489764 0.281826209882 64.286351564 320.809317241 122.122518285 0 1683.7949517 41.5752631227 146.595577196 21.4247368773 3.20504829664 54.1906827598
8064 1.39560920426 11.0483788968 133.267155417 433.829403894 0.773861118339 0.837649896871 0.226832200008 64.3322528908 320.847260105 123.880038529 0 1683.82643489 41.4738943839 145.559133759 21.5261056161 3.17356510904 54.1527398956
8088 1.38216391964 11.859383146 136.679952922 433.840647671 0.774748598776 0.834437471603 0.146404432651 64.4037618257 320.681556133 117.583096481 0 1683.85692079 41.4436354017 144.567662814 21.5563645983 3.1430792123 54.3184438675
8112 1.36838804369 11.5464720632 133.481057041 433.852294985 0.775597635262 0.831322149665 1.09747799475 63.4433072348 320.738763091 118.434596535 0 1683.88799795 41.3397001401 144.590985801 21.6602998599 3.1120020462 54.2612369095
8136 1.3555846902 11.9043335955 134.689969631 433.863237284 0.776415864407 0.83536459589 0.975831492918 63.5491507627 320.854423642 118.668596407 0 1683.91735272 41.472490261 142.668252464 21.527509739 3.08264727639 54.1455763587
8160 1.34224530745 11.6278437327 132.344341417 433.8747606 0.777249094371 0.831426533736 0.916074189199 63.6004895823 320.87495259 122.508568881 0 1683.94733519 41.3202139103 140.805915131 21.6797860897 3.05266480552 54.1250474107
8184 1.32994364473 11.0811176721 131.55521444 433.885500362 0.77802731585 0.838290780133 0.770225037214 63.7279565043 320.979821822 123.769990265 0 1683.97572167 41.6281380372 140.993265032 21.3718619628 3.02427832489 54.0201781779
8208 1.31690925811 11.3801500623 134.468439561 433.897001073 0.778887253435 0.834164873142 0.706556858639 63.7833899421 320.772811253 119.198873329 0 1684.00489702 41.3339935025 140.188673837 21.6660064975 2.99510298312 54.2271887474
8232 1.30535413125 10.3107212904 133.304283602 433.907302591 0.779625800785 0.837133243231 0.530994105458 63.944944259 320.83281545 120.473074887 0 1684.03152147 41.5843508927 138.430591381 21.4156491073 2.96847852965 54.1671845505
8256 1.2941810519 9.75931932779 134.317661674 433.9173601 0.78034549118 0.833108223517 0.348816099024 64.1203700864 320.801494492 117.509599512 0 1684.0569834 41.691404419 139.695259989 21.308595581 2.9430166031 54.1985055088
8280 1.28217200849 10.8492219828 134.398164934 433.92827737 0.781059932888 0.832531798756 1.22817156509 63.2299593336 320.762520152 114.833466427 0 1684.08414044 41.6289567174 137.977883977 21.3710432826 2.9158595599 54.2374798484
8304 1.27069251244 9.51802819681 135.796324555 433.93881881 0.781764513179 0.833159675892 0.0738879523575 64.3723690486 320.572336905 109.371489116 0 1684.11033112 41.7281727357 138.297939607 21.2718272643 2.88966888302 54.4276630952
8328 1.26007124937 9.8537425495 133.578646547 433.948665614 0.782368998664 0.828692924183 0.873312689295 63.5669597739 320.614839954 107.139473875 0 1684.13432772 41.6175655271 139.609019118 21.3824344729 2.86567227452 54.3851600461
8352 1.2492354944 10.3765953721 133.791958063 433.958804913 0.782964811002 0.827215026302 0.68953755795 63.7414776914 320.63084839 105.887889805 0 1684.15906481 41.7440467502 137.9375669 21.2559532498 2.84093518668 54.3691516108
8376 1.23857946378 9.99910203722 132.885844313 433.968869596 0.783523349322 0.824763433488 0.50106761845 63.9217760022 320.703937835 108.237669316 0 1684.18305533 41.5571317136 136.313485641 21.4428682864 2.81694466436 54.2960621654
8400 1.22805111174 9.57263081869 130.07172653 433.978905948 0.784039480271 0.822893600688 0.308579110615 64.10558186 320.82711093 112.177498596 0 1684.20704495 41.6514294366 135.727131751 21.3485705634 2.79295505292 54.1728890703
8424 1.21782904789 9.30917859472 133.90565424 433.988739153 0.78450419938 0.821437708688 1.09847301762 63.3068459209 320.661774925 108.006705819 0 1684.23034618 41.7178032413 134.173281995 21.2821967587 2.76965382184 54.338225075
8448 1.20781152323 10.0949029365 132.866721776 433.998461612 0.784940411866 0.818789729693 0.881364346182 63.5164439 320.621187633 105.940117744 0 1684.25285717 41.5028805827 133.648073909 21.4971194173 2.74714282867 54.3788123673
8472 1.19796871596 9.06706746445 130.894888673 434.008098427 0.785325633301 0.814155688978 0.660974460853 63.7314457901 320.782355267 108.653130452 0 1684.27550165 41.7749558623 133.142641495 21.2250441377 2.72449834473 54.2176447329
8496 1.18895981839 8.6483944419 130.606087016 434.0169924 0.785655578586 0.816429075684 1.36702815106 63.0138947943 320.785626893 109.017506296 0 1684.29612874 41.9212620499 132.667178172 21.0787379501 2.70387126401 54.2143731075
8520 1.18021602752 8.57843614009 130.840294148 434.025693017 0.785985567492 0.815488045324 0.0636332230003 64.3092001468 320.86707536 110.108825399 0 1684.31599922 41.9352750678 131.218640998 21.0647249322 2.68400077709 54.1329246409
8544 1.17106835004 9.2039973714 129.935155799 434.034868554 0.786293919329 0.811089030488 0.804774092149 63.562974404 320.813320315 110.098130675 0 1684.33648867 41.6830285354 130.793546384 21.3169714646 2.66351132547 54.1866796858
8568 1.16218759902 9.19078504143 129.731917482 434.043848521 0.786578903561 0.810281824286 0.522788285048 63.8365024656 320.855727687 110.732211319 0 1684.35674607 41.7232661094 130.39469153 21.2767338906 2.64325392515 54.1442723131
8592 1.15280665081 9.73468307738 130.407960049 434.053412548 0.786862418001 0.810381018993 0.285243246287 64.0641007684 320.913392527 111.035512224 0 1684.37805048 41.758474014 130.009040705 21.241525986 2.62194951723 54.0866074738
8616 1.14346159154 8.82735847628 132.587601365 434.063021066 0.787128101931 0.80870447604 1.05445414664 63.2866922097 320.772760439 109.320407058 0 1684.39925346 41.7618809207 128.652282099 21.2381190793 2.60074653464 54.2272395612
8640 1.13461033854 9.75193652415 131.527810043 434.072197527 0.787372272882 0.807001179092 0.788950319297 63.5444787016 320.827574982 108.541703871 0 1684.41938117 41.7717452402 127.330011449 21.2282547598 2.58061883253 54.172425018
8664 1.12528916543 9.22256855035 131.817242558 434.081941812 0.787596070574 0.80312342619 0.572778456701 63.7545602347 320.76184915 108.572763792 0 1684.44034708 41.5973364998 126.041086138 21.4026635002 2.55965291489 54.23815085
8688 1.11571498271 9.57810204209 133.121157345 434.092037583 0.787781057881 0.799703339542 0.383481145241 63.9369968742 320.626439019 104.729818242 0 1684.46191305 41.4623289834 124.784789438 21.5376710166 2.53808695268 54.3735609816
8712 1.10694624881 9.52961255244 131.710343246 434.101362147 0.787909764402 0.799205160111 1.12679269724 63.1847302308 320.683320463 103.082772891 0 1684.48214433 41.6989312529 123.5600903 21.3010687471 2.51785567069 54.3166795379
8736 1.09839876683 8.77299979644 133.081405686 434.110524334 0.788042528556 0.798730091693 0.856876858337 63.4458261873 320.607619538 100.387394713 0 1684.5015507 41.7088930735 122.365201184 21.2911069265 2.49844929945 54.3923804628
8760 1.09033476434 8.92624195019 131.22235227 434.11923522 0.788149895453 0.795770911841 0.555859320259 63.7409846529 320.627117188 99.7782215306 0 1684.51991341 41.7213954018 121.198846273 21.2786045982 2.48008659232 54.3728828125
