Time EBV Teff Treg ODC_le1 ODC_le2 ODC_le3 ODC_le4 ODC_le5 NK IL2 DAC Resting_Teff Resting_Treg EffectorMemory Resting_Treg_temp Resting_Teff_temp NK_temp
0.0 0 0 0 0 0 0 0 500 375 1000 0 1687 63 0 0 0 0
24 0 0 0 0 0 0 0 500 336.279789971 908.048253598 0 1687 63 0 0 0 38.7202100291
48 0 0 0 0 0 0 0 500 335.391027502 823.849847309 0 1687 63 0 0 0 39.6089724976
72 0 0 0 0 0 0 0 500 334.559882085 745.880698262 0 1687 63 0 0 0 40.4401179151
96 0 0 0 0 0 0 0 500 333.760437385 673.915002205 0 1687 63 0 0 0 41.2395626152
120 0 0 0 0 0 0 0 500 332.995774144 607.703333798 0 1687 63 0 0 0 42.0042258555
144 0 0 0 0 0 0 0 500 332.2684442 546.975994766 0 1687 63 0 0 0 42.7315557996
168.0 1000 0 0 0 0 0 0 500 331.580390823 491.447224652 0 1687 63 0 0 0 43.4196091775
192 587.94283022 2674.42256109 91.5619289612 4.47673168998 18.9970923557 71.5351553232 179.581289232 225.4097314 319.455578209 5741.3447637 0 1039.6715255 41.772295668 0 21.227704332 647.328474501 55.5444217919
216 138.188179362 6869.80377003 168.342313644 77.7494621059 41.1296365761 99.338858309 129.992701941 151.789341068 264.701463879 515.069634447 0 1393.63895558 38.9777914485 587.52186003 24.0222085515 293.36104442 110.298536122
240 33.1396350632 2375.63254126 179.005239256 163.998184594 31.5834931462 61.8719189928 103.279330649 139.267072618 278.543350963 219.512094512 0 1603.38060568 38.8594188328 519.992452968 24.1405811672 83.6193943195 96.4566490374
264 16.4825712909 549.097950282 175.393967492 187.046919029 7.86042677377 41.3263874168 74.4346470553 189.331619725 303.675052305 231.928111645 0 1648.20343952 39.0806056814 490.216766487 23.9193943186 38.7965604823 71.3249476958
288 12.8765003359 228.94528842 163.581823729 189.527449208 3.02831314804 16.1568894581 34.7414832135 256.545864972 314.93909708 287.25789301 0 1657.62809043 39.4958525471 449.480788791 23.5041474529 29.3719095729 60.06090292
312 11.2193426487 146.871810367 174.368456695 189.949384639 1.00447478383 8.17668716378 18.2009907217 282.668462692 317.920180556 327.921966136 0 1661.56351739 39.7880423182 424.037972045 23.2119576818 25.4364826079 57.0798194442
336 10.1036993878 132.227920076 178.98173285 190.08225466 0.543659314006 0.637409572349 21.8292824527 286.907394001 318.901776225 344.110281454 0 1664.09978022 39.8278713001 403.541488798 23.1721286999 22.9002197834 56.0982237758
360 9.20614935588 117.629051873 173.029580379 190.163033934 0.604645270986 0.478133718669 18.8839207926 289.870266283 319.490048043 357.070410067 0 1666.13662253 39.8874130688 376.050586981 23.1125869312 20.8633774728 55.5099519579
384 8.45777705299 106.647416099 169.213633842 190.240776307 0.627853545382 1.35742183614 16.1443430393 291.629605272 320.001430742 359.295501214 0 1667.82379714 39.8980555109 362.432352455 23.1019444891 19.1762028616 54.9985692583
408 7.80010888083 101.498464747 168.597754079 190.322733339 0.708528165547 0.954513867765 13.9874168872 294.026807741 320.081310917 341.172661696 0 1669.30192137 39.8634158719 356.128692711 23.1365841281 17.6980786284 54.918689084
432 7.28271748507 85.4852048422 168.059090399 190.398250553 0.753194800937 0.790330302784 9.75729957858 298.300924765 320.665744236 348.545304151 0 1670.49137433 40.0251564052 348.855712428 22.9748435948 16.5086256711 54.3342557647
456 6.82887335772 86.4378979946 166.152227697 190.472588501 0.794224711372 1.03183910633 16.7320468642 290.969300817 320.642509955 337.399603215 0 1671.50664851 39.9484813344 342.448589586 23.0515186656 15.4933514921 54.357490046
480 6.40764828056 79.7835368945 167.15954466 190.547090006 0.778387323531 0.997439976657 9.10702025345 298.57006244 320.50024922 319.647698703 0 1672.45534904 39.9390955993 334.393954989 23.0609044007 14.5446509586 54.4997507803
504 6.04595521116 73.7944086262 168.986864399 190.616452888 0.806934253166 0.731072153066 8.24381801375 299.601722692 320.459289186 305.396293205 0 1673.2754849 39.9662572306 325.633106301 23.0337427694 13.7245151048 54.5407108144
528 5.71906580234 64.5888116752 166.130712399 190.683909852 0.802091189321 0.398940175656 7.44515498379 300.669903799 320.723341077 297.970887366 0 1674.02485154 40.1343125156 313.160187966 22.8656874844 12.9751484597 54.2766589238
552 5.44464063673 62.5458959748 160.223583785 190.742506128 0.793318912982 0.921132065584 4.00587690446 303.537165989 321.129723786 302.796701017 0 1674.64448485 40.1068464898 303.237675869 22.8931535102 12.3555151533 53.8702762144
576 5.19678447981 56.0178506539 160.559482794 190.797335113 0.766499271796 0.325455730056 8.66968919536 299.44102069 321.114363062 299.760899664 0 1675.20712306 40.176520701 301.061024563 22.823479299 11.7928769399 53.885636939
600 4.97519440338 59.3584126148 161.343981626 190.846910695 0.756360897848 0.866734053379 8.62818279719 298.901811556 321.072692781 289.344810024 0 1675.70508674 40.1037627644 294.648859227 22.8962372356 11.2949132641 53.9273072195
624 4.74966539884 55.348274637 160.752438875 190.899962983 0.75956287439 0.498855720041 9.65284584699 298.188772576 320.700801085 267.765886393 0 1676.21288228 40.0801277534 291.853281327 22.9198722466 10.7871177225 54.2991989152
648 4.55509061242 44.850056658 164.364777197 190.947495246 0.754188251226 0.173507448257 10.5219766537 297.602832401 320.709564708 258.529220287 0 1676.66171877 40.322208462 286.109335181 22.677791538 10.3382812322 54.290435293
672 4.39842307861 42.9448959357 158.033668223 190.986528221 0.737350420713 0.670933523884 6.64544266579 300.959745168 321.177639198 264.819012327 0 1677.01873612 40.3938539446 278.881149636 22.6061460554 9.98126388254 53.8223608025
696 4.24984270383 42.7589400298 155.48678157 191.024607227 0.74305464099 0.999170354316 5.74702871354 301.486139064 321.349166355 268.059267969 0 1677.3528569 40.3218675057 274.65664329 22.6781324943 9.64714310466 53.6508336457
720 4.10534644123 44.0735714684 151.361141421 191.062709028 0.721334790302 0.299629724937 5.0899111582 302.826415298 321.451125069 270.283513783 0 1677.67794011 40.2583367647 268.664476266 22.7416632353 9.32205989102 53.5488749315
744 3.96199633224 44.243315208 151.416556336 191.100708805 0.706749503995 0.56356387892 5.92321155739 301.705766254 321.305350346 263.973220467 0 1678.00022214 40.1979349363 264.392675108 22.8020650637 8.99977786097 53.6946496542
768 3.82923423966 39.1426769821 153.090154653 191.136791291 0.707903738752 0.916914794892 7.86020781784 299.378182357 321.190537033 252.460626416 0 1678.30343102 40.318819237 264.997688906 22.681180763 8.69656898271 53.8094629671
792 3.71101119166 39.3654661944 151.820868885 191.170396997 0.722322151507 1.12778862781 6.78913111379 300.19036111 321.172741662 244.682733459 0 1678.57090336 40.2940327564 267.683362095 22.7059672436 8.42909663738 53.8272583383
816 3.59884973234 32.8905503568 154.411209087 191.203197988 0.705740089832 0.571935864554 8.03566394269 299.483462115 321.156918996 240.316879999 0 1678.82849957 40.5193773051 265.91642354 22.4806226949 8.17150043182 53.8430810046
840 3.50041479205 31.5448148409 154.22748071 191.232511369 0.704960253525 0.779940035088 3.34983705672 303.932751286 321.386805044 243.460649683 0 1679.05231565 40.5665675361 259.803248583 22.4334324639 7.9476843512 53.6131949565
864 3.40762317368 33.711760431 151.426655676 191.261027985 0.711552291687 0.97239141895 6.273747422 300.781280882 321.433022962 242.199772933 0 1679.26085644 40.4452904037 256.409944943 22.5547095963 7.73914355861 53.5669770383
888 3.31324148195 33.4396225931 149.970521327 191.29123065 0.715063346487 0.184884569007 3.72458684308 304.084234591 321.360319072 239.285769129 0 1679.47401547 40.432672324 251.592239211 22.567327676 7.52598453277 53.6396809283
912 3.23068321365 28.2076406817 148.062520398 191.31795933 0.698606500115 0.380117347062 6.96071709884 300.642599724 321.672022215 246.926890452 0 1679.66415783 40.6670024075 247.437123307 22.3329975925 7.33584217311 53.3279777854
936 3.15883664821 27.663997449 147.973120439 191.341382146 0.691068441446 0.552136300601 3.95851739622 303.456895716 321.829041593 253.774509629 0 1679.82721711 40.68238618 241.886590739 22.31761382 7.17278289262 53.170958407
960 3.08797624536 30.8977796521 149.45000797 191.364838011 0.687869303319 0.637177893741 2.20801977068 305.102095021 321.752528735 248.727118976 0 1679.98671322 40.582696886 239.801540619 22.417303114 7.01328678442 53.2474712658
984 3.01745007522 28.8254913386 159.808574559 191.388665867 0.687952129891 0.754157816429 3.57406209124 303.595162096 321.392791667 232.044525917 0 1680.14644568 40.6046499569 239.030470021 22.3953500431 6.85355431973 53.6072083334
1008 2.95474323535 23.6483624987 153.329372632 191.410389459 0.691896377338 0.866227173024 2.97228630208 304.059200688 321.435720551 231.441665503 0 1680.29096854 40.8968882125 237.595874136 22.1031117875 6.70903146006 53.5642794493
1032 2.89351371832 30.5543240588 151.402958279 191.432217673 0.698273603691 0.930264732491 4.43030519988 302.508938791 321.162112983 215.235705238 0 1680.42603464 40.4996464441 240.302527214 22.5003535559 6.57396536027 53.8378870175
1056 2.83200779978 24.9213582481 150.091744535 191.454854467 0.706724608334 0.982604480117 2.15403218205 304.701784263 321.287275184 215.916612497 0 1680.56770046 40.7789438532 237.185529156 22.2210561468 6.4322995405 53.7127248163
1080 2.77132749135 27.7108535779 148.736392229 191.477931428 0.707829114463 0.0809819765133 4.88567719175 302.847580289 321.009503976 203.051986059 0 1680.7025138 40.5174264411 238.336669191 22.4825735589 6.29748619609 53.9904960247
1104 2.71213412823 26.6150833533 144.874234827 191.500558647 0.690430003553 0.23206848076 4.53659989831 303.040342971 321.273042117 203.586430836 0 1680.83737024 40.577141949 237.634981449 22.422858051 6.16262976051 53.7269578832
1128 2.66021576912 22.2641468526 148.170457268 191.520399767 0.678760841578 0.327426861638 4.24552775729 303.227884773 321.443520316 209.146863154 0 1680.95745676 40.8730909555 232.336649927 22.1269090445 6.04254323544 53.5564796843
1152 2.61042048378 22.6799284963 148.386966606 191.539516043 0.67082887942 0.464295207942 4.6623629071 302.662996962 321.354926033 210.403641785 0 1681.06965768 40.8015184132 226.419379181 22.1984815868 5.93034232399 53.6450739673
1176 2.56177460026 23.3730292385 145.975134607 191.558380843 0.666914766175 0.586082392839 3.05852486563 304.130097132 321.487117408 211.392629339 0 1681.18002371 40.8311527654 222.881190763 22.1688472346 5.81997629042 53.5128825925
1200 2.51327180209 24.0967133849 148.420165379 191.5774767 0.665338968774 0.640851205422 2.72076303163 304.395570094 321.306159608 201.896152955 0 1681.28930879 40.7286318902 222.56107362 22.2713681098 5.71069120952 53.6938403929
1224 2.4676719678 22.2348366701 145.492046369 191.595752847 0.666002693005 0.742430268199 3.91319012372 303.082624069 321.292848878 199.986555954 0 1681.3930852 40.8230519117 222.430223559 22.1769480883 5.60691479689 53.707151123
1248 2.42293405193 22.3000867805 148.802602279 191.614067649 0.668966066317 0.806884044626 4.1657103287 302.744371912 321.094331423 193.53924533 0 1681.49388848 40.7199335321 216.591827546 22.2800664679 5.50611152328 53.9056685771
1272 2.38075225499 19.598118449 147.725921713 191.63174884 0.673661605016 0.885649444337 3.04727712842 303.761662982 321.225141796 192.429448459 0 1681.59070124 40.9418425258 213.096529985 22.0581574742 5.40929875981 53.7748582047
1296 2.34272055679 21.5263629028 143.521580733 191.648085288 0.679002708435 0.91322949596 3.35932184956 303.400360658 321.307091318 192.458424557 0 1681.6769809 40.8928157625 209.877210191 22.1071842375 5.32301909626 53.6929086828
1320 2.30383004061 19.3111513201 142.567404653 191.665212046 0.685303727075 0.957520042182 3.92579233117 302.766171853 321.381473999 195.456829878 0 1681.76495298 40.9239243281 206.876902138 22.0760756719 5.23504702408 53.6185260012
1344 2.26560251241 20.3697768042 145.602328345 191.682501718 0.692624639728 1.00678184649 2.47462859147 304.143463204 321.295674457 191.497555026 0 1681.85078892 40.7798358278 203.116721807 22.2201641722 5.14921107857 53.704325543
1368 2.22700459159 20.7324622573 144.770434159 191.70040591 0.690650471242 0.0648361303745 2.23945624527 305.304651243 321.104774006 183.723306083 0 1681.93795033 40.723126954 201.549750244 22.276873046 5.06204966562 53.8952259946
1392 2.18822360821 20.2151622898 145.952223861 191.718398009 0.675261820104 0.128962807266 1.20918402391 306.268193339 320.940011415 175.729762753 0 1682.02592563 40.7503354385 198.222460997 22.2496645615 4.97407437245 54.059988586
1416 2.1521545752 21.2459330317 144.638718534 191.735069435 0.662535572618 0.203132861424 4.71787127036 302.681390861 320.97873365 172.299043864 0 1682.1074125 40.6603949234 196.04710321 22.3396050766 4.89258750252 54.0212663503
1440 2.11853674182 18.251860717 139.740269113 191.750595255 0.652557016466 0.252884116381 1.86592548836 305.478038124 321.260384554 179.132491853 0 1682.18499491 40.9252714486 193.088299641 22.0747285514 4.81500509026 53.7396154468
1464 2.08855654814 16.3021237887 140.113752142 191.764458991 0.644649390067 0.308677326353 3.3124243733 303.969789919 321.399686329 182.806665976 0 1682.25401082 41.1692078858 191.272533543 21.8307921142 4.74598917624 53.6003136716
1488 2.05824704942 16.4485015361 141.556659523 191.778516961 0.637709885381 0.344677035291 2.96377253799 304.27532358 321.283326611 179.903864606 0 1682.32243497 41.1115059364 189.611685438 21.8884940636 4.67756503032 53.7166733899
1512 2.02667659916 19.3545474902 140.133544139 191.793227264 0.631340682839 0.384355162405 3.99095039669 303.200126494 321.156759484 174.707713994 0 1682.3926358 40.7815746862 187.130183424 22.2184253138 4.60736419941 53.8432405168
1536 1.99678521197 16.5810493767 139.315123116 191.807244117 0.626714003118 0.450585826667 2.68552710947 304.429928943 321.292374754 176.167876683 0 1682.46174712 41.0903179811 184.774961922 21.9096820189 4.53825287963 53.7076252461
1560 1.97012065988 15.6196351458 138.112072322 191.819849567 0.623634663387 0.490604868028 1.77905655546 305.286854346 321.483138753 181.34669175 0 1682.52247859 41.1684771315 181.612512103 21.8315228685 4.47752141325 53.5168612474
1584 1.94262726639 18.2822578256 139.240261728 191.832969466 0.621297990796 0.537944977638 4.13527052244 302.872517043 321.244605173 176.09038577 0 1682.58350814 40.8159843042 180.542152253 22.1840156958 4.41649186364 53.7553948279
1608.0 1001.91525081 15.8160903205 141.201654941 191.846184491 0.620455245732 0.609393635521 2.50249914 304.421467488 321.237264894 174.533623365 0 1682.64644402 41.0707531026 177.623580982 21.9292468974 4.35355597693 53.7627351064
1632 384.275527958 5354.62044703 178.403637556 199.699508641 14.8689139626 39.5106715889 95.3173883167 150.603517491 274.809139751 852.05556652 0 1139.63074763 39.8605050685 415.369751683 23.1394949315 547.369252365 100.190860249
1656 91.1688989508 3458.57962537 184.757194833 245.011030326 24.6954131894 47.3880367058 73.971835074 108.933684705 274.358119381 396.640908161 0 1481.14484109 39.0577995351 444.634965062 23.9422004649 205.855158905 100.641880619
1680 33.7091687952 1160.20270689 180.985363837 275.612701985 10.8779253175 30.7742021572 57.7864961822 124.948674359 293.029602609 293.593449048 0 1607.04406089 39.0713148519 476.685788549 23.9286851481 79.9559391034 81.9703973911
1704 21.3297030255 432.724062984 180.001165592 281.877503247 7.54273141382 14.182167331 38.5994695032 157.798128505 309.176003566 327.384624265 0 1638.13264656 39.3720572672 434.028314073 23.6279427328 48.8673534339 65.823996434
1728 16.8595549845 257.844632915 171.959271091 283.51362165 1.70605159752 4.96112723271 27.583045134 182.236154386 315.351667277 379.748385642 0 1648.76569022 39.6202473925 397.372666229 23.3797526075 38.2343097794 59.6483327231
1752 14.2855523351 204.854205015 171.640699341 283.703043659 0.580105768139 1.99148748915 24.9098703178 188.815492767 317.350950303 387.529743745 0 1654.64118937 39.7043660291 393.544311911 23.2956339709 32.3588106282 57.6490496971
1776 12.4408764099 172.99863994 180.179741208 283.838091374 0.722741708955 1.15348747325 15.4630225401 198.822656904 318.0462418 366.525027064 0 1658.81798404 39.762440485 388.888055235 23.237559515 28.1820159576 56.9537582001
1800 11.039972891 161.216182555 168.86320708 283.973001189 0.791808690638 1.59996340535 13.5471600259 200.08806669 318.736633926 363.896193248 0 1661.96778385 39.7406602789 376.425520198 23.2593397211 25.0322161451 56.2633660745
1824 9.86390154223 134.855873612 164.649743039 284.112313425 0.0543636210322 2.49664366863 11.897036049 201.439643237 319.075371839 352.544800994 0 1664.62071974 39.7697032846 369.415204056 23.2302967154 22.3792802534 55.9246281612
1848 8.97803379699 116.819459911 169.203838666 284.142971029 0.339798248839 2.04456135472 12.2935289807 201.179140387 319.696999351 346.503497817 0 1666.64370828 39.8596057985 365.831626124 23.1403942015 20.3562917134 55.3030006495
1872 8.27701118325 96.7486569126 174.041746323 284.189333231 0.409377767688 0.0958952682663 8.1173957328 207.187998001 319.819180777 338.737741254 0 1668.24264003 39.9764605766 364.435894325 23.0235394234 18.7573599709 55.1808192236
1896 7.70578811864 87.1454833202 169.081628912 284.232774244 0.411955179944 0.73214762335 6.81006788509 207.813055068 320.521776974 352.867434837 0 1669.53781928 40.0342890872 352.738495658 22.9657109128 17.4621807163 54.4782230269
1920 7.16443530884 91.6871000648 164.435410039 284.280563808 0.45382016917 0.47518222912 8.58024589088 206.210187903 320.136399653 326.969974966 0 1670.73873972 39.8884229819 348.35303829 23.1115770181 16.2612602784 54.8636003476
1944 6.70497474002 80.0351565887 163.272816261 284.326764211 0.47053975482 0.300395248107 10.1392730753 204.763027711 320.598844801 329.642774714 0 1671.78705399 39.9748201258 339.753163762 23.0251798742 15.2129460073 54.4011551998
1968 6.32130038264 73.2864025768 168.38706816 284.368529121 0.482396167577 0.876040105916 6.84628816363 207.426746442 320.766561972 322.775897291 0 1672.66063467 40.0498187099 332.809069421 22.9501812901 14.3393653248 54.2334380282
1992 5.97561832847 74.858828232 161.707911827 284.411116696 0.523949881721 0.513104999442 8.46522616412 206.086602259 320.978904314 319.992916749 0 1673.43596444 39.9817605353 325.387967996 23.0182394647 13.5640355573 54.0210956868
2016 5.6534982457 69.5025737381 159.147607104 284.455311652 0.546232384395 1.02979954135 4.1060619608 209.862594462 320.905483519 310.700377464 0 1674.16360721 39.9817029375 318.902276219 23.0182970625 12.836392789 54.0945164813
2040 5.36936896749 59.4407388294 161.629331448 284.499094097 0.576358866566 0.585002351541 10.40005317 203.939491515 320.94981527 297.463216812 0 1674.81518208 40.1417616056 318.089166369 22.8582383944 12.1848179125 54.0501847304
2064 5.12357014664 57.2051251772 155.168400971 284.539927542 0.5784310515 0.25848881499 9.02933641371 205.593816178 321.205031778 299.1544258 0 1675.36937277 40.1149036854 315.526317117 22.8850963146 11.6306272234 53.7949682227
2088 4.9001431967 52.7789746074 159.557139918 284.578318668 0.575554826835 0.764894149211 5.28042520839 208.800807148 321.161832106 290.368143513 0 1675.87736039 40.1778811338 312.738148868 22.8221188662 11.1226396107 53.8381678942
2112 4.69865974709 54.9293012564 156.574357487 284.615087455 0.587855836638 0.0470422051984 5.09840896529 209.651605538 321.216050084 288.07001402 0 1676.3306926 40.1195369109 304.424309879 22.8804630891 10.6693074004 53.7839499166
2136 4.51328775909 50.1400792328 154.0548857 284.649729568 0.561891154236 0.250829854105 3.63343162511 210.904117799 321.40703152 289.260745271 0 1676.75310184 40.1995243735 297.738978484 22.8004756265 10.246898155 53.5929684804
2160 4.33525381573 48.4296666639 151.280511772 284.683249461 0.551347745292 0.504643075926 4.0227339814 210.238025736 321.488640481 288.116656295 0 1677.15450692 40.1757731695 289.615426499 22.8242268305 9.84549307432 53.5113595198
2184 4.18672467024 42.9923398538 152.976782166 284.712098419 0.553306340231 0.662282198165 3.84480740205 210.227505641 321.699487308 288.241258252 0 1677.49672229 40.3508469454 288.50406219 22.6491530546 9.50327771031 53.3005126925
2208 4.04316285922 43.8328171547 152.231108066 284.741275196 0.563005676877 0.826857472144 3.63665528479 210.23220637 321.573461077 281.717261623 0 1677.81882739 40.2665150058 283.277346502 22.7334849942 9.18117260736 53.426538923
2232 3.90869471613 39.5908228207 156.795790459 284.770218653 0.578847412039 0.940499097925 2.16664005004 211.543794787 321.486852688 275.199258025 0 1678.12478139 40.343743447 279.039429877 22.656256553 8.87521860886 53.5131473121
2256 3.78833375956 39.7963766542 155.488259386 284.79779026 0.597130041211 1.03617217317 4.90719640988 208.661711116 321.516217917 269.051039121 0 1678.39737948 40.3358302495 275.77134337 22.6641697505 8.60262051469 53.4837820837
2280 3.67333358042 35.4436689271 151.358804362 284.824918229 0.576553359178 0.187797811447 3.5074947434 210.903235857 321.626840124 268.778854705 0 1678.65892634 40.4271079627 274.226977307 22.5728920373 8.34107365431 53.3731598762
2304 3.57122672221 35.5978775433 153.213049073 284.848994945 0.563347036974 0.329062406307 2.26658478229 211.99201083 321.611412649 265.330963521 0 1678.89010872 40.410034573 271.139704306 22.589965427 8.10989128093 53.3885873516
2328 3.47071637386 34.9084277016 152.808327148 284.872933602 0.555324136921 0.410875660264 3.24399889703 210.916867705 321.499901509 255.543037527 0 1679.11746381 40.4245791412 270.65520472 22.5754208588 7.88253618637 53.5000984909
2352 3.36985337401 36.5538199383 151.937401365 284.897404949 0.552212648129 0.563525897183 4.36633100814 209.620525497 321.269641018 246.726569475 0 1679.3434573 40.3096538863 263.671964503 22.6903461137 7.65654269386 53.7303589826
2376 3.27576854745 35.211596946 150.814414319 284.920903837 0.554883276947 0.664812024173 4.1977545447 209.661646317 321.422120266 241.751893422 0 1679.55835389 40.4054680372 259.541453306 22.5945319628 7.4416461094 53.5778797349
2400 3.18586346925 32.8905669178 148.136335728 284.944216019 0.563102411816 0.81390151024 2.75939189893 210.91938816 321.531592552 241.099677152 0 1679.76252054 40.4455722274 255.044483607 22.5544277726 7.23747945774 53.4684074484
2424 3.10221966985 32.3228026887 146.865626234 284.966901721 0.57414787548 0.889165619402 5.06702755663 208.502757227 321.474476122 238.777738735 0 1679.95200511 40.4585344719 249.144874091 22.5414655281 7.0479948882 53.5255238784
2448 3.02612951077 29.6180638155 151.71764868 284.988520362 0.586812789148 0.949868309714 2.83077778942 210.64402075 321.363606307 229.861518137 0 1680.12507887 40.5090321083 248.725759347 22.4909678917 6.87492112629 53.6363936932
2472 2.95274672319 26.6657370739 152.803962327 285.010382632 0.600946443302 1.01228281354 2.49303988952 210.883348222 321.172802673 220.646036334 0 1680.29270721 40.640265673 247.629359186 22.359734327 6.70729278895 53.8271973273
2496 2.88898497577 27.2642253717 149.66250185 285.029891495 0.58711106289 0.0656400977273 2.38950715592 211.927850189 321.280859432 220.507143952 0 1680.43749403 40.6481130747 240.95075308 22.3518869253 6.56250596631 53.7191405688
2520 2.82241807986 28.6030881431 147.68149068 285.05012925 0.571283690548 0.192630029336 3.61853114771 210.567425883 321.227387448 218.630932321 0 1680.58602635 40.4551224805 233.886474894 22.5448775195 6.41397364824 53.7726125522
2544 2.76221219131 26.1004273845 145.981558753 285.068425996 0.56062785278 0.276936673325 2.36056331268 211.733446166 321.52476038 221.047889539 0 1680.72472553 40.6612659334 230.352067572 22.3387340666 6.27527446653 53.4752396202
2568 2.70429771229 25.4842799972 146.943532996 285.08610974 0.552430490593 0.326534521142 2.04642264047 211.988502608 321.470883662 220.058514959 0 1680.85585546 40.6554915778 225.230479856 22.3445084222 6.14414453221 53.529116338
2592 2.65001682424 23.667670093 148.030460161 285.102820945 0.547018710234 0.427217492236 3.33067111335 210.59227174 321.3269312 214.41846036 0 1680.9794892 40.737422038 221.500463811 22.262577962 6.02051079404 53.6730688006
2616 2.60177458091 24.4095062511 150.324779737 285.11786026 0.544841717205 0.513470166419 4.02654969606 209.797278161 321.306883517 208.858126784 0 1681.08931328 40.7756825681 216.138607039 22.2243174319 5.91068671776 53.6931164833
2640 2.55467498467 21.2054355433 150.13152711 285.132786787 0.544723213471 0.550968863121 0.780435062795 212.991086074 321.216564702 206.389940271 0 1681.19675307 40.9171138368 212.221317796 22.0828861632 5.80324692606 53.7834352986
2664 2.51131492888 21.3516523049 146.807712025 285.146778345 0.545239017269 0.593013161364 3.15596584772 210.559003628 321.572432864 214.274470297 0 1681.29458537 40.8477215227 205.643927962 22.1522784773 5.7054146289 53.4275671362
2688 2.46766222183 23.5767432207 151.66610234 285.161143624 0.547287591624 0.642330936085 0.64479603803 213.00444181 321.206178948 200.506284791 0 1681.39253568 40.6890784145 203.426893265 22.3109215855 5.60746431759 53.7938210523
2712 2.42283264124 21.6435107494 148.871683122 285.176231631 0.550080371823 0.66805935536 3.43264199498 210.172986647 321.136416092 192.298996861 0 1681.49477119 40.8277339541 205.289015305 22.1722660459 5.50522880609 53.8635839081
2736 2.38074652789 20.5767545679 146.794520661 285.190739038 0.554007103417 0.726354654652 0.892672542939 212.636226661 321.111509771 189.895277618 0 1681.59015551 40.8406442962 202.300335912 22.1593557038 5.40984448806 53.8884902295
2760 2.34108396638 18.7967863614 146.904251046 285.204756741 0.558645450156 0.762411575312 2.1636067066 211.310579527 321.135681711 184.095890278 0 1681.68097093 41.0101577821 201.549344583 21.9898422179 5.31902906486 53.8643182894
2784 2.30396960049 19.4149236965 143.02451037 285.218207071 0.563613376898 0.778224855425 2.21191974154 211.228034956 321.260105039 186.598154998 0 1681.76510362 41.0080852965 199.888173787 21.9919147035 5.23489637522 53.7398949611
2808 2.26606831789 21.9081427593 143.666460579 285.232299748 0.569300939914 0.806917804379 0.424880849332 212.966600659 321.230390254 184.946276411 0 1681.84963918 40.7494426968 197.411494209 22.2505573032 5.15036081791 53.769609746
2832 2.22774151148 21.1128164108 141.712954498 285.246944794 0.575464747651 0.821384740954 1.81395431048 211.542251407 321.288518981 183.908229456 0 1681.93705204 40.8404151158 197.089539222 22.1595848842 5.06294796181 53.7114810196
2856 2.19159382932 19.722368455 143.316789019 285.261142808 0.581774382411 0.841372405377 0.967880327185 212.347830077 321.184908803 180.39799342 0 1682.01891287 40.8372567828 196.863744731 22.1627432172 4.98108712711 53.8150911969
2880 2.15812010086 17.1672272132 144.603835589 285.274643752 0.587796724748 0.852367251184 1.83140571929 211.453786553 321.0887575 175.912465299 0 1682.09595946 41.088630115 196.720562027 21.911369885 4.90404053763 53.9112425
2904 2.12722097251 18.2820545191 142.433599453 285.287422434 0.593726141323 0.870055229552 1.37185264186 211.876943553 321.206420902 174.672066822 0 1682.16549777 40.9479840658 197.681964956 22.0520159341 4.83450222547 53.7935790985
2928 2.09547496395 18.0763146697 140.958075731 285.300883202 0.599887871929 0.873647937532 2.13487280168 211.090708187 321.176083542 174.378468993 0 1682.23742709 40.9496896961 196.661607634 22.0503103039 4.76257290987 53.8239164586
2952 2.0651625539 17.3727783157 141.542282332 285.314062549 0.60619650363 0.91206161469 2.67892679647 210.488752537 321.126933753 173.542506123 0 1682.30627248 40.9890883708 192.839710976 22.0109116292 4.69372752175 53.8730662478
2976 2.03581050773 17.9049595164 142.242763307 285.327149634 0.612747360293 0.913402557816 1.21392140825 211.93277904 321.096271937 171.006425397 0 1682.37269435 40.9349580946 190.202880167 22.0650419054 4.6273056452 53.9037280632
3000 2.00705551194 15.5889967382 145.42690175 285.340292737 0.619173086335 0.924920703032 1.69957278393 211.41604069 320.962211078 164.631990976 0 1682.43879106 41.1987495403 186.738248577 21.8012504597 4.56120893995 54.0377889221
3024 1.98002792612 15.9637846897 144.104774834 285.352948528 0.625485663007 0.940656612745 0.963875630558 212.117033566 321.010635246 162.583385385 0 1682.49975236 41.1108097192 184.478816981 21.8891902808 4.50024764056 53.9893647543
3048.0 1001.95223993 18.0147023998 145.07160931 285.366279479 0.632153229616 0.952064051283 1.41818223592 211.631321004 320.771839456 156.405822393 0 1682.56168812 40.8377019946 180.36198014 22.1622980054 4.43831187915 54.2281605444
3072 375.058899605 5237.80983596 174.919171128 292.109608835 9.70552723052 31.6834663185 66.2535841199 100.247813496 275.042104914 875.749822557 0 1146.76418245 39.8546846437 408.965412416 23.1453153563 540.235817548 99.957895086
3096 89.6597205869 3369.97728394 183.259838155 322.19450691 15.2947161777 38.210391179 44.3920949007 79.9082908324 274.7309689 383.690971551 0 1484.22672158 39.0614983547 463.945246039 23.9385016453 202.773278419 100.2690311
3120 33.3515757897 1169.61814827 176.735951695 342.30459869 8.76969338152 16.6983267884 48.7643375879 83.4630435515 293.129871861 282.263069373 0 1607.84231873 39.0674504712 453.635664225 23.9325495288 79.1576812658 81.870128139
3144 21.0919058186 437.42647967 174.171444553 344.861365618 0.640831025965 11.1195763939 32.2869732446 111.091253717 309.397224609 324.003281542 0 1638.65065035 39.3607656763 434.112060235 23.6392343237 48.3493496511 65.6027753911
3168 16.6457407314 262.339776695 169.39243452 345.19644726 0.604594473185 2.65835094231 18.0025277651 133.538079559 315.161103988 359.544314288 0 1649.23057103 39.6080929477 412.13216003 23.3919070523 37.7694289676 59.8388960126
3192 14.0374128974 205.45083051 168.531822722 345.368050011 0.676949974822 0.717650360303 13.533342682 139.704006971 317.388931742 377.505331565 0 1655.19182215 39.7026079094 398.309976116 23.2973920906 31.8081778489 57.611068258
3216 12.1520411123 176.635757651 165.767446828 345.524950578 0.776692927377 1.50203623305 7.47489618835 144.721424073 318.249851285 382.187789934 0 1659.44049071 39.7071232122 373.300344194 23.2928767878 27.5595092885 56.750148715
3240 10.7506973343 144.569619003 167.733801547 345.665975578 0.76410694616 1.1657334463 11.9991709284 140.405013101 319.07367185 375.384551567 0 1662.62453898 39.7738782073 368.224857149 23.2261217927 24.3754610201 55.9263281503
3264 9.64279797922 129.178001261 170.67743053 345.788693001 0.743929021965 1.04222540792 12.9838352996 139.44131727 319.0716457 350.972217854 0 1665.12827409 39.8050451657 347.277938346 23.1949548343 21.8717259125 55.9283543007
3288 8.85279160358 109.4774549 166.377829352 345.883975263 0.746108458736 1.026479476 8.39422383128 143.94921297 320.380386144 370.228476767 0 1666.94524308 39.9461697944 341.655461714 23.0538302056 20.0547569172 54.6196138562
3312 8.16906516403 100.228294844 176.399848904 345.972983818 0.731783052047 0.85772622719 7.99471555473 144.442791348 319.994137976 350.952849074 0 1668.48157386 39.9360535973 332.008521458 23.0639464027 18.5184261419 55.0058620241
3336 7.59825900826 90.0035445526 171.025636858 346.054202546 0.761260304924 0.378763039147 6.27048022048 146.53529389 320.487537603 344.750007428 0 1669.77647982 40.0029186737 327.348377336 22.9970813263 17.2235201761 54.5124623975
3360 7.09055381657 90.1119148129 169.075683485 346.132089753 0.748419280827 0.860987951007 6.99831496326 145.260188052 319.977408651 315.427015898 0 1670.91099602 39.9242036687 322.56660945 23.0757963313 16.0890039768 55.0225913492
3384 6.64930892146 79.5529767658 161.085371389 346.203956044 0.730834090227 0.514846643312 9.28157699656 143.268786226 320.706946326 317.970661218 0 1671.91767732 40.0283664149 318.994505347 22.9716335851 15.082322682 54.2930536748
3408 6.27070627491 72.2722080616 165.59050694 346.268284431 0.734642701854 0.116622951342 7.33069896011 145.549750955 320.65666804 307.498967337 0 1672.77707569 40.0835287855 316.53344417 22.9164712145 14.2229243129 54.3433319607
3432 5.94475080935 68.7375375902 162.712471003 346.325674939 0.705468085457 0.593170874408 7.54265822872 144.833027872 321.029096161 311.240350668 0 1673.51485747 40.0991334504 308.86601818 22.9008665496 13.4851425282 53.9709038391
3456 5.62906297432 64.9840193404 161.298013196 346.383495117 0.711633983721 0.934439297673 3.18599323674 148.784438365 320.852913255 304.35581933 0 1674.22292293 40.0542539772 298.559247801 22.9457460228 12.7770770719 54.1470867451
3480 5.36328184851 53.2274009352 157.483363955 346.435826308 0.722440429732 0.224324173722 2.50753537943 150.109873708 321.361163824 310.512470863 0 1674.83437089 40.261120623 297.918847738 22.738879377 12.1656291077 53.6388361761
3504 5.13129119589 55.8503751171 163.008548904 346.482829559 0.697600664742 0.443680724388 3.13938992806 149.236499123 321.116649606 295.873119759 0 1675.35582559 40.1827452708 295.872847023 22.8172547292 11.6441744094 53.8833503942
3528 4.91869874109 55.0662347295 158.82999145 346.526748282 0.688660312818 0.646173532272 3.32788866301 148.810529209 321.283521632 295.585190406 0 1675.83666785 40.183805998 288.42122909 22.816194002 11.1633321471 53.7164783681
3552 4.71637288757 50.3761831688 161.954277231 346.570141739 0.690034905985 0.779117200559 3.55266679573 148.408039358 321.120891476 286.495247701 0 1676.29515343 40.2254364447 279.464492237 22.7745635553 10.7048465657 53.8791085244
3576 4.53993572632 50.6235273175 158.069551003 346.60980685 0.698136499847 0.896947584738 1.90768612582 149.88742294 321.310040083 282.894119018 0 1676.69446015 40.2214249818 275.016157833 22.7785750182 10.3055398494 53.6899599174
3600 4.3744341241 47.6636670119 155.402105292 346.649020052 0.710374982418 0.965086068755 2.12112784092 149.554391055 321.430120392 287.229209842 0 1677.06995711 40.2713062945 263.957096411 22.7286937055 9.93004289029 53.569879608
3624 4.22030135485 39.8200463095 155.983171471 346.687632369 0.72506539879 1.00823434209 2.0864703014 149.492597588 321.558256358 287.145819941 0 1677.42183913 40.4151924265 260.024499061 22.5848075735 9.57816086818 53.4417436421
3648 4.08268271923 42.897661903 153.024455957 346.724067976 0.740785306837 1.07750343326 2.37810051374 149.07954277 321.67053616 282.591678375 0 1677.73109253 40.3299850494 258.022405199 22.6700149506 9.26890746908 53.32946384
3672 3.94693813288 41.8589240678 155.497522978 346.761294431 0.720504498936 0.190866828052 0.836713205136 151.490621036 321.426618721 276.432472444 0 1678.03576163 40.24844017 249.910128051 22.75155983 8.96423836723 53.5733812793
3696 3.82580436182 37.2593692544 158.073259376 346.79443977 0.698082818868 0.272920513125 2.7715057404 149.463051158 321.369174458 266.245541839 0 1678.31453964 40.4320408595 247.689140321 22.5679591405 8.68546035568 53.6308255422
3720 3.71073049001 35.4548721909 156.570152143 346.82602837 0.682583789653 0.447333835803 4.36044449007 147.683609514 321.372834432 260.366961631 0 1678.57473109 40.4525584924 242.160991355 22.5474415076 8.42526890518 53.6271655687
3744 3.5982296882 39.5576234532 150.246967456 346.857353718 0.675044714298 0.573084895005 2.07913793924 149.815378733 321.31841556 253.130146629 0 1678.82516075 40.2450203303 238.45573493 22.7549796697 8.17483924422 53.6815844405
3768 3.49341268007 36.0713231798 151.357154997 346.887208537 0.671990790096 0.634161932856 0.637068606772 151.169570133 321.414138721 246.370577414 0 1679.06517254 40.3802050046 238.174277281 22.6197949954 7.93482746015 53.5858612793
3792 3.39370191964 35.1676869089 152.463915679 346.916373935 0.671367554769 0.693221067252 2.05423280534 149.664804637 321.238154877 233.819623875 0 1679.29191777 40.4480094141 238.238749223 22.5519905859 7.70808222723 53.7618451237
3816 3.30624589071 35.9138428343 154.700023439 346.942700534 0.673395357542 0.737786744988 1.8482499895 149.797867373 321.006874491 223.984402766 0 1679.48908825 40.3612423735 235.686972467 22.6387576265 7.51091175061 53.9931255095
3840 3.22087179819 31.5842027561 152.092666674 346.969190428 0.677258753295 0.820908427713 3.57020827133 147.962434119 321.065484077 221.38051386 0 1679.6842569 40.5060873229 232.57958534 22.4939126771 7.31574309704 53.9345159232
3864 3.14259798938 27.8037919578 152.011979682 346.994293974 0.683451389156 0.877446725069 3.98502633993 147.459781572 321.079404093 217.772894265 0 1679.86329307 40.6607286046 230.792575252 22.3392713954 7.13670693379 53.9205959075
3888 3.06770448419 31.4649987676 151.513376585 347.019161549 0.69143986874 0.925570253733 0.300708615688 151.063119712 321.049843963 211.293650393 0 1680.0300437 40.4224281503 227.528607047 22.5775718497 6.96995629744 53.9501560379
3912 2.99314745422 28.9851795583 151.857861889 347.044837637 0.699954055564 0.925651148334 0.817752356674 150.511804802 321.003430948 207.864201059 0 1680.19994052 40.5336351151 222.695296602 22.4663648849 6.80005948076 53.996569052
3936 2.92400801062 26.6109395798 149.612553384 347.069510276 0.707651944898 0.930322528717 2.0480861167 149.244429133 321.203505225 206.141638456 0 1680.35761395 40.6246027495 224.164533485 22.3753972505 6.64238604941 53.7964947757
3960 2.86093780856 26.4955920417 149.03514226 347.092778077 0.715126511367 0.947219229557 0.900577228141 150.344298953 321.167703124 207.029600371 0 1680.50062228 40.6208674435 219.949251288 22.3791325565 6.4993777221 53.8322968762
3984 2.80110308575 27.168460042 147.484604555 347.115566362 0.722395253507 0.954942013386 2.61962346859 148.587472903 321.230791511 205.723657758 0 1680.63676155 40.6729255353 218.046335192 22.3270744647 6.36323845237 53.7692084892
4008 2.74007410332 25.8351109098 149.445838061 347.139571073 0.730775617553 1.00230211594 1.4550330681 149.672318125 321.040146941 200.501239402 0 1680.77422076 40.6384636684 214.473388079 22.3615363316 6.22577924149 53.9598530591
4032 2.68574879688 23.2502062936 151.291563233 347.161410456 0.71787103181 0.0645280508675 2.87324542135 149.18294504 321.014319525 196.385898848 0 1680.89885153 40.7826728318 213.184473217 22.2173271682 6.10114847149 53.9856804757
4056 2.63614137635 21.8631574523 147.233264484 347.181241102 0.700706799054 0.123198723727 2.00192563071 149.992927745 321.187318903 197.561706753 0 1681.0120863 40.8981029475 213.083640462 22.1018970525 5.98791369918 53.8126810973
4080 2.58531257388 25.1936903069 148.760837532 347.201466618 0.684621562304 0.158723580544 1.36096640407 150.594221834 321.011857199 192.803909643 0 1681.12510622 40.6275548297 207.238513332 22.3724451703 5.87489377746 53.9881428013
4104 2.53773171116 23.3493259808 141.782055096 347.220347409 0.670916523167 0.206388657292 1.48848918695 150.413858224 321.417066592 202.692083712 0 1681.23423272 40.7691706968 202.774230913 22.2308293032 5.76576728353 53.5829334085
4128 2.48991832753 22.5576687875 147.06843358 347.239306456 0.658278394395 0.232536776957 0.756974512163 151.11290386 321.221986139 195.265056767 0 1681.3424117 40.767763222 202.569283796 22.232236778 5.65758830029 53.7780138615
4152 2.44434028028 21.2782874804 144.099411459 347.257388306 0.646858864681 0.255091874948 1.90684439353 149.933816561 321.308623063 195.589360433 0 1681.44575024 40.8034468151 201.477052757 22.1965531849 5.55424976264 53.6913769375
4176 2.40236504251 21.0016988331 140.780907595 347.274068766 0.637351245099 0.297367026041 1.75249262251 150.03872034 321.529980134 201.580261203 0 1681.54135527 40.8608630406 198.596089837 22.1391369594 5.4586447312 53.4700198667
4200 2.35835904135 22.6837634253 139.653516999 347.291617869 0.628526572183 0.339585054405 2.85940212131 148.880868383 321.437836526 197.612660648 0 1681.63990362 40.6804586107 199.897169601 22.3195413893 5.36009637965 53.5621634748
4224 2.31637436351 19.852783201 144.793719483 347.308455812 0.62148545791 0.374492987395 0.857751804494 150.837813938 321.288911661 191.38083504 0 1681.73617605 40.8684629679 199.273702165 22.1315370321 5.26382395279 53.7110883393
4248 2.27790718669 19.2686406136 145.424029452 347.323992236 0.615705721151 0.409393152264 2.57842484908 149.072484041 321.142713168 186.213142818 0 1681.82366708 40.9187734317 196.778607239 22.0812265683 5.17633291493 53.8572868327
4272 2.24246646172 19.1931917157 145.201573143 347.338419674 0.611125909245 0.426911217873 1.09036306425 150.533180134 321.147211673 184.273957449 0 1681.90398857 40.9053871695 193.52352794 22.0946128305 5.0960114247 53.8527883278
4296 2.2069151614 20.8926998031 142.225786301 347.353017758 0.606921465897 0.442093790932 1.67349634802 149.924470637 321.281543745 182.825114592 0 1681.98433537 40.8397878135 192.408177898 22.1602121865 5.01566462952 53.7184562554
4320 2.16802941906 19.6509912795 146.04578886 347.369147874 0.603009316248 0.46785890306 1.63938308185 149.920600825 320.936707762 171.468028001 0 1682.07180311 40.7742958399 193.378345084 22.2257041601 4.92819689129 54.0632922384
4344 2.13425033517 17.5688301775 143.634667514 347.38331672 0.600147635668 0.492431992529 2.13716911402 149.386934537 321.065556566 171.025435236 0 1682.14964173 41.0076855318 191.484977318 21.9923144682 4.85035826524 53.9344434349
4368 2.10204935303 17.9518117239 140.073358387 347.396976593 0.597951553308 0.51122077795 1.53166396417 149.962187111 321.244093324 175.626258834 0 1682.22249239 40.9525430723 188.724336481 22.0474569277 4.77750760503 53.7559066765
4392 2.06908492422 20.1769170067 137.860757255 347.411130853 0.596121677418 0.536834366096 3.04727756667 148.408635537 321.299478839 175.236100841 0 1682.29666119 40.833990787 188.136014797 22.166009213 4.70333880466 53.700521161
4416 2.03792346468 16.4080905566 141.179292038 347.424689051 0.595313922611 0.575965621499 1.39037109823 150.013660306 321.204392359 173.4055025 0 1682.36840636 41.0972978907 187.646852226 21.9027021093 4.63159363993 53.7956076418
4440 2.01010327795 17.1910426009 141.807691016 347.436960862 0.595192753326 0.606116925235 2.42700402441 148.934725435 321.228957555 172.876492287 0 1682.43148858 41.0673396349 185.277978083 21.9326603651 4.56851141529 53.7710424449
4464 1.98212082381 16.3676511005 140.652083789 347.449481757 0.595800889213 0.638004201398 1.51929587235 149.79741728 321.200079109 172.233340108 0 1682.49493851 41.0765902876 183.0291994 21.9234097124 4.50506148625 53.7999208919
4488.0 1001.95550069 16.5692530805 144.613364668 347.46157536 0.59679230139 0.649754891568 1.53830594855 149.753571499 321.071379723 163.261032075 0 1682.55524359 41.0498398123 183.868625445 21.9501601877 4.44475640978 53.9286202769
4512 380.797750259 5304.73944098 177.518893447 353.551156691 10.6418128636 22.4612127267 39.1803106714 74.1655070482 274.92205507 911.172629384 0 1142.31327367 39.8530298379 385.708700264 23.1469701621 544.686726332 100.07794493
4536 90.5951553034 3390.96539777 188.39707389 378.189829432 12.3284710623 28.3003188944 30.7946233009 50.3867573107 274.470151416 355.282298262 0 1482.4182576 39.064179031 452.190391355 23.935820969 204.5817424 100.529848584
4560 34.1036160394 1134.26611168 181.3117281 390.360297983 5.18593177882 13.686370543 37.4840940778 53.2833056181 293.582873536 299.810320485 0 1606.34505762 39.0863054515 449.361274306 23.9136945485 80.6549423757 81.4171264642
4584 21.6046846088 431.135606947 173.793183457 393.202583624 0.826222747453 3.31101827957 28.8595611839 73.8006141659 309.349651923 324.399441595 0 1637.52697357 39.3816835095 429.153663294 23.6183164905 49.4730264346 65.650348077
4608 17.0039718818 279.503712634 172.198993485 393.424075237 0.585887261957 2.37992720982 9.87140562023 93.7387046713 314.470939759 334.430725544 0 1648.38434955 39.5698413688 418.388522864 23.4301586312 38.6156504545 60.5290602406
4632 14.34396015 202.624186399 176.291715556 393.597241161 0.710454789846 0.381259600506 8.97674465965 96.3342997898 317.035369438 370.378641127 0 1654.52119824 39.7245452724 391.369078046 23.2754547276 32.4788017573 57.9646305614
4656 12.4759686576 170.23696691 174.116659487 393.743719063 0.688275535167 0.207112809525 12.0591784961 93.3017140966 318.095709457 363.183660325 0 1658.7404117 39.7699811654 393.198123796 23.2300188346 28.2595883 56.904290543
4680 11.077398991 147.547792012 173.810751785 393.86384519 0.66586270617 0.913569740902 10.1728052955 94.3839170684 318.803351537 366.626675213 0 1661.90109759 39.808029226 377.840436722 23.191970774 25.0989024074 56.1966484625
4704 9.98552863377 134.52063767 176.285366534 393.967700725 0.685198847502 1.29438040589 9.45047868397 94.6022413385 318.938014947 349.356616725 0 1664.36148181 39.8051892582 372.744938784 23.1948107418 22.6385181862 56.0619850524
4728 9.08095839523 113.354463284 172.145340369 394.068807842 0.699977282174 0.39534882199 4.89552208573 99.940343969 319.564404952 350.583941468 0 1666.41675174 39.8969960835 362.118903154 23.1030039165 20.5832482554 55.4355950475
4752 8.36108973377 103.813345218 168.550417445 394.154654247 0.697401915234 0.930777840261 4.60715460224 99.6100113957 320.24822917 356.287489722 0 1668.0482189 39.9346789964 348.738456152 23.0653210036 18.9517810988 54.75177083
4776 7.75954233141 94.6265183941 169.494048467 394.232217654 0.675869307676 0.465844278131 2.14150664384 102.484562117 320.307698122 347.172273507 0 1669.40897249 39.9701717804 339.686552267 23.0298282196 17.5910275085 54.6923018775
4800 7.23732583212 92.0233747197 167.551535863 394.302290696 0.67209419184 0.834288034524 3.18551861327 101.005808465 320.503914783 337.690831531 0 1670.5836145 39.9361183784 331.635668821 23.0638816216 16.4163855022 54.4960852173
4824 6.78250315439 74.8803836313 170.06304237 394.36888502 0.701129219573 1.15721163608 3.47353913581 100.299234989 320.635260687 334.882206592 0 1671.62177831 40.0691333769 323.199196584 22.9308666231 15.3782216903 54.3647393132
4848 6.40052990477 79.5732467835 162.782408962 394.43158434 0.730734266476 0.338773296344 3.95254202022 100.546366078 320.970400277 337.266934261 0 1672.47704482 39.9726707801 308.439034846 23.0273292199 14.5229551845 54.0295997229
4872 6.04958131837 73.6014008058 161.027761801 394.492441769 0.713737389807 0.706469288299 3.95192560353 100.13542595 321.029578944 331.204767061 0 1673.27173691 40.0008715692 299.414109067 22.9991284308 13.7282630922 53.9704210555
4896 5.73046107567 64.8131895224 166.164956035 394.550624352 0.719560692515 0.866380736631 3.95621445405 99.9072197651 321.054866697 315.080770734 0 1673.99869861 40.1107093403 295.451269714 22.8892906597 13.0013013904 53.9451333031
4920 5.45872602958 63.5466060831 163.576015079 394.603541884 0.733547658412 0.948633203807 1.22034425169 102.493933003 321.137254584 300.757871084 0 1674.61290583 40.1054846027 300.765285675 22.8945153973 12.3870941674 53.8627454156
4944 5.20560877099 52.9849898928 161.475697412 394.656145993 0.730867049347 0.202173936876 3.01517202378 101.395640997 321.218355816 301.297465401 0 1675.18909961 40.227281554 296.26294157 22.772718446 11.8109003921 53.7816441838
4968 4.98531563067 56.9859548232 160.089541918 394.702588577 0.70311285997 0.352149096026 1.44379630288 102.798353164 320.979803089 289.057344022 0 1675.68302208 40.1306056612 293.095568388 22.8693943388 11.3169779227 54.0201969109
4992 4.78339921398 50.030713747 160.529802322 394.745589701 0.684516536503 0.430741623359 2.69938648853 101.439765651 321.128114872 284.58032896 0 1676.14397665 40.2354895168 290.90728034 22.7645104832 10.8560233527 53.8718851282
5016 4.59808935514 46.5270320366 160.92659278 394.78580945 0.674147417201 0.568081992866 3.53173704424 100.440224096 321.060685405 275.820229615 0 1676.56369956 40.2784863161 288.235219704 22.7215136839 10.4363004349 53.9393145945
5040 4.42628376527 49.55981817 152.333367053 394.824245776 0.673105339811 0.722189331741 3.08172641121 100.698733142 321.425821834 282.990492092 0 1676.9498096 40.1860351655 277.780200893 22.8139648345 10.0501903977 53.574178166
5064 4.26267252125 48.4732824118 147.413661411 394.862426707 0.67976376934 0.853309383874 2.58773087337 101.016769267 321.720563413 290.040780761 0 1677.32015017 40.1877532703 269.94125088 22.8122467297 9.67984982988 53.2794365873
5088 4.10432556639 45.3822849295 155.735412833 394.901344238 0.691511575209 0.931607948295 2.20907846478 101.266457774 321.144100405 267.285840575 0 1677.67688389 40.1674264549 271.129094941 22.8325735451 9.32311610918 53.8558995946
5112 3.96780691852 45.702029129 154.841336922 394.936764495 0.705039622221 0.992671845404 1.23669353533 102.128830503 321.274633504 260.826469411 0 1677.98832586 40.2247284509 266.809103638 22.7752715491 9.01167413586 53.7253664955
5136 3.82960456245 41.0835765778 149.987631307 394.974669897 0.719766684445 0.0867867178167 4.43871055056 99.7800661505 321.254441853 254.104299748 0 1678.30095489 40.2490778309 267.025525492 22.7509221691 8.69904511022 53.7455581471
5160 3.70985957843 37.5177339698 152.286703661 395.008325117 0.694094767134 0.230600418996 3.09726953835 100.969710159 321.249950016 247.250898293 0 1678.57508578 40.3813170577 265.81160464 22.6186829423 8.42491421704 53.7500499836
5184 3.60613073971 33.6920928232 156.522156828 395.037465758 0.676754312613 0.32202534676 2.31539252477 101.648362058 321.145314438 243.016824237 0 1678.81220573 40.4925052958 263.258027779 22.5074947042 8.18779427176 53.8546855617
5208 3.50096528765 33.4874136822 157.503030936 395.067179753 0.662198902817 0.354063449201 0.835275660003 103.081282236 320.902860903 228.277346481 0 1679.05011687 40.5193140068 258.309973396 22.4806859932 7.94988313334 54.0971390965
5232 3.41198729439 30.8665980319 150.573911065 395.092532001 0.651112528863 0.382756779311 0.76130650973 103.112292182 321.41238895 238.843823569 0 1679.25344616 40.6254271557 254.020532896 22.3745728443 7.74655383667 53.5876110495
5256 3.32446874847 32.8661513223 153.868879998 395.117718406 0.641565662141 0.426621899602 2.69001480515 101.124079228 321.157482895 233.116450855 0 1679.44907271 40.4550315111 249.301059914 22.5449684889 7.55092729088 53.8425171045
5280 3.24130125653 29.1273169801 147.518934066 395.141957816 0.634320641254 0.458771356255 1.53582424814 102.229125938 321.46663237 234.807214413 0 1679.63946782 40.6207847362 252.10968261 22.3792152638 7.36053217513 53.5333676296
5304 3.1577230828 32.6749810347 150.545298908 395.166697096 0.628767747193 0.516840296418 2.44581705398 101.241877806 321.102518988 222.58568023 0 1679.82503291 40.3761511362 249.13677251 22.6238488638 7.17496709015 53.897481012
5328 3.08040316706 30.4526252882 153.570713213 395.190013802 0.625573888011 0.565965102903 2.16179264751 101.45665456 321.133694513 216.962231728 0 1680.00263499 40.5181864954 245.690880233 22.4818135046 6.99736501163 53.8663054871
5352 3.01016799427 29.3443586663 146.223839078 395.211634802 0.624680430019 0.622848264076 0.589950800249 102.950885704 321.445461894 226.643296138 0 1680.16263666 40.5942287686 240.687062174 22.4057712314 6.83736334298 53.5545381056
5376 2.93966008385 29.8374550213 147.750449456 395.233847399 0.625059100943 0.650314929837 1.17016747023 102.3206111 321.361762462 223.46555282 0 1680.3212381 40.5169531112 235.245970899 22.4830468888 6.6787618984 53.6382375383
5400 2.87057683355 26.4743602732 148.874280026 395.256162477 0.626205365515 0.666260516278 0.782339752968 102.669031889 321.271379193 218.232498972 0 1680.47829459 40.6033988104 233.247051994 22.3966011896 6.52170541251 53.7286208067
5424 2.80985093464 25.6756312769 150.886786509 395.276270602 0.627828624785 0.684513704205 1.01959040222 102.391796667 321.182489143 213.850122087 0 1680.6166283 40.6566010232 228.654301422 22.3433989768 6.38337169568 53.8175108574
5448 2.75020841641 27.4273133074 148.856866115 395.296507206 0.62985522536 0.697857718843 0.275781777568 103.099998073 321.186194413 210.471158624 0 1680.75080135 40.5416572736 223.487337717 22.4583427264 6.24919865008 53.8138055869
5472 2.69308929448 23.7865723865 147.460349055 395.316370835 0.632144435908 0.711433080386 1.45822927531 101.881822374 321.362854051 210.906077009 0 1680.88182971 40.7372923521 221.702977275 22.2627076479 6.11817029039 53.6371459489
5496 2.64087377596 24.0490105224 148.130573841 395.334972458 0.634740968669 0.738116796328 2.39681632555 100.895353452 321.283539288 208.284758383 0 1681.00011117 40.7326946943 217.229274782 22.2673053057 5.99988882534 53.7164607118
5520 2.58954745527 23.3474795027 146.417412282 395.35370649 0.637989763822 0.7550954463 1.3592462459 101.893962055 321.340579287 209.39725801 0 1681.1160567 40.7001817753 213.132542175 22.2998182247 5.88394329591 53.6594207134
5544 2.54291819251 20.3671986172 148.280400514 395.371142915 0.641634023726 0.793906761057 2.05297223141 101.14034407 321.379014424 209.607212695 0 1681.22360313 40.9677490819 206.428372929 22.0322509181 5.77639686485 53.6209855757
5568 2.49514459506 22.6909897048 142.069099696 395.389461631 0.646317532928 0.822231518298 1.88526741585 101.256721903 321.468505804 208.630918469 0 1681.32979103 40.6927837576 206.053722508 22.3072162424 5.6702089743 53.5314941963
5592 2.45147770466 22.1596936633 145.784382006 395.406640343 0.650983043516 0.827448003721 1.56235400376 101.552574607 321.482058738 206.791952217 0 1681.43010169 40.8466028498 201.838319733 22.1533971502 5.56989831091 53.5179412622
5616 2.4083039881 20.0093147898 145.661484173 395.424053659 0.655699593423 0.830933522763 1.25900682123 101.830306404 321.426679434 204.283982345 0 1681.52809754 40.9089448795 199.918576671 22.0910551205 5.47190246028 53.5733205664
5640 2.36894495258 21.143525329 145.461842527 395.440313685 0.659953170131 0.826797952886 0.774091638722 102.298843554 321.49483945 203.870563233 0 1681.61750816 40.9030203115 196.189016103 22.0969796885 5.38249184311 53.5051605498
5664 2.32422878157 23.72368383 142.585166779 395.45924732 0.664842023707 0.841647201661 1.6425212733 101.391742182 321.245978777 195.284229025 0 1681.71633154 40.5462104847 195.68478762 22.4537895153 5.28366845836 53.7540212225
5688 2.28167988479 21.2963968955 142.449614614 395.477740225 0.66964572141 0.840402518433 1.45366408791 101.558547448 321.270973387 189.621213478 0 1681.8142343 40.7754965252 195.319726782 22.2245034748 5.18576569628 53.7290266133
5712 2.24334505153 18.9346391239 142.045144917 395.494816124 0.67413568244 0.859083667366 1.99083224326 100.981132283 321.35194713 189.359273463 0 1681.90188403 40.9158480567 194.086922622 22.0841519433 5.09811596875 53.6480528702
5736 2.20843789933 19.7254314275 142.195046503 395.510724873 0.678383145364 0.856123806241 1.37856466673 101.576203509 321.398512397 190.031310049 0 1681.98119701 40.9076186592 191.032444323 22.0923813408 5.01880298616 53.6014876026
5760 2.17009069951 19.7454189513 142.408765234 395.528610552 0.683043327153 0.859804320183 1.03087117458 101.897670627 321.058462817 180.032459687 0 1682.06690156 40.7548566855 190.140596526 22.2451433145 4.93309844463 53.9415371827
5784 2.13319360397 18.7945955882 142.811101664 395.546240708 0.687812871427 0.880492325159 0.591773053823 102.293681042 321.107436217 177.577652458 0 1682.15105663 40.8370134723 187.382625851 22.1629865277 4.84894337185 53.8925637828
5808 2.09852492509 18.0078689416 142.159582438 395.563204361 0.692603848778 0.892497094945 1.0526223976 101.799072298 321.061354165 169.435903106 0 1682.23024857 40.9268854892 188.723276368 22.0731145108 4.7697514319 53.9386458353
5832 2.06501823437 20.5807152154 142.453198038 395.579983661 0.697334556466 0.889792276235 0.497984154878 102.334905352 320.890189461 162.049749261 0 1682.30534168 40.7268369138 186.198325367 22.2731630862 4.69465832228 54.1098105391
5856 2.03387830436 16.4794074099 140.720078097 395.595926427 0.701627018575 0.888113227363 0.804441867925 102.00989146 321.031202975 164.359145169 0 1682.37746632 41.0798337712 185.753331235 21.9201662288 4.62253367984 53.9687970246
5880 2.00669111543 16.3624130496 139.210005729 395.610127655 0.705431883319 0.895408819699 0.828985696428 101.960045946 321.218396352 166.596408003 0 1682.43935861 41.1025871319 187.377077978 21.8974128681 4.56064138555 53.7816036479
5904 1.97689485636 16.5274659956 137.076307186 395.626004961 0.709670822586 0.897953969481 1.08996843185 101.676401816 321.334292631 171.285834769 0 1682.50649171 41.0300788473 185.059989391 21.9699211527 4.49350828533 53.6657073693
5928.0 1001.94808553 16.6205965212 139.73384948 395.641677156 0.713726449271 0.893861286307 0.321480211159 102.429254898 321.071625717 164.728351477 0 1682.57157594 40.9812874035 185.802020974 22.0187125965 4.42842406311 53.9283742833
5952 371.036670332 5217.45587521 182.829478491 398.951828403 5.50490790258 13.6431156242 31.061131815 50.8390162564 274.913583425 886.273311058 0 1149.79633394 39.8410307442 403.039433465 23.1589692558 537.203666065 100.086416575
5976 89.5921894384 3309.12906312 191.068494823 415.561552196 8.99886359493 14.4316704094 23.1906835341 37.8172302668 275.165624617 393.536545909 0 1484.66656215 39.0681602351 477.150919364 23.9318397649 202.333437853 99.8343753836
6000 33.7795941017 1137.50093371 183.73831794 427.140995369 7.02275177582 9.1897526582 17.1223020684 39.5241981298 293.322270777 280.773880834 0 1607.02419575 39.0803703874 463.249325346 23.9196296126 79.9758042578 81.6777292229
6024 21.6071671271 421.224986685 181.013511995 429.860156411 0.838067171362 4.81730154987 12.1930578469 52.2914170215 309.568494073 330.261878963 0 1637.58534037 39.3997673084 424.537778612 23.6002326916 49.41465963 65.431505927
6048 17.2493186161 257.459049549 173.565028411 430.156187524 0.332002167533 0.759646137699 9.28470115785 59.467463014 315.763101645 390.49278044 0 1647.95318716 39.6738413078 399.255213167 23.3261586922 39.0468128393 59.2368983552
6072 14.6339514419 208.318873166 179.847579772 430.264908841 0.601355616887 2.24697359807 5.28182665484 61.6049352902 317.33513687 395.194729542 0 1653.87718932 39.7234988316 393.402849265 23.2765011684 33.1228106858 57.6648631301
6096 12.7752937713 172.165384499 170.804490071 430.41050105 0.764938221619 1.23285078827 6.43109213917 61.160617802 318.742752542 417.175849078 0 1658.08438222 39.7816078725 381.943132354 23.2183921275 28.9156177842 56.2572474587
6120 11.2663761648 159.147911233 171.119590306 430.557295749 0.79732610428 1.19205595463 3.93482278034 63.5184994128 318.824486725 387.168202032 0 1661.45667271 39.7457306027 380.462314647 23.2542693973 25.5433272923 56.1755132756
6144 10.1655364166 133.875877322 172.909040815 430.677839949 0.761237742348 0.66322249339 5.3193245008 62.5783753149 319.771656736 384.245073031 0 1663.97963994 39.8790620569 383.800291784 23.1209379431 23.0203600678 55.2283432639
6168 9.24631274851 125.58048926 175.540726303 430.78488475 0.728018425871 0.389260968347 3.38650915774 64.7113266987 319.753499675 371.402533527 0 1666.03682065 39.8291927613 368.828409705 23.1708072387 20.9631793485 55.2465003248
6192 8.4563342437 116.045725189 170.225685363 430.880742165 0.711794784057 0.755790918608 3.58458151344 64.0670906193 320.028573896 361.244627917 0 1667.81168136 39.8026114667 357.906718556 23.1973885333 19.1883186392 54.9714261047
6216 7.78541106802 107.677659484 171.383305318 430.969877456 0.729497652126 0.976313984377 4.29892867225 63.025382236 319.842059226 332.368418154 0 1669.32999263 39.8328395601 352.492170355 23.1671604399 17.67000737 55.1579407741
6240 7.21012740925 91.4912266914 167.268305847 431.055932335 0.749779060939 0.298860227568 2.19253112564 65.7028972512 320.002984587 320.068284361 0 1670.63453624 39.8917717107 343.291500931 23.1082282893 16.3654637589 54.9970154133
6264 6.75307637053 80.9157890511 170.722682254 431.127848387 0.719404899151 0.577875656585 4.2069851708 63.3678858873 320.371745483 308.661237124 0 1671.68341451 40.0115786845 343.548782485 22.9884213155 15.3165854907 54.6282545168
6288 6.34674245326 83.2774057094 168.273286331 431.194508687 0.71562472813 0.759235222392 2.99681941965 64.3338119438 320.126433293 292.538863479 0 1672.59412941 39.9424011717 331.951664369 23.0575988283 14.4058705952 54.8735667076
6312 5.99194762568 68.4134934802 165.730476746 431.25667119 0.72768121996 0.930778327155 2.30332574349 64.7815435198 320.468800734 291.217552144 0 1673.40634967 40.0918977604 325.625075492 22.9081022396 13.5936503368 54.5311992661
6336 5.68844028831 63.2065517481 167.492533397 431.313994799 0.731453207689 0.0596254809113 3.16276310944 64.7321634034 320.426808986 280.421500774 0 1674.09552694 40.1548052635 317.166289884 22.8451947365 12.9044730633 54.5731910147
6360 5.42081468518 60.8604241181 165.714438908 431.36532893 0.691635425304 0.24707861166 1.6650783635 66.0308786707 320.700725411 277.07540061 0 1674.69964862 40.1418304449 309.950117032 22.8581695551 12.3003513861 54.2992745894
6384 5.18908718296 53.2291144071 159.350375561 431.409809355 0.667461423471 0.363844794459 1.82248490455 65.7363995235 321.23360721 297.042278589 0 1675.2291601 40.2589804292 296.833519657 22.7410195708 11.7708398986 53.7663927899
6408 4.96087333982 54.9045751928 156.919524969 431.4542497 0.651147569367 0.455448506394 2.13632727359 65.3028269512 321.048736041 286.196591532 0 1675.73892314 40.1622042523 292.792384734 22.8377957477 11.2610768617 53.9512639591
6432 4.75459192834 49.7046703441 160.449020662 431.495411073 0.641884872031 0.533174187319 2.20951127064 65.1200185981 320.958936368 279.574768036 0 1676.20720291 40.2077453439 285.446084387 22.7922546561 10.7927970918 54.0410636324
6456 4.56778339684 50.2800543344 160.805373705 431.533864725 0.638012761004 0.614208421623 2.02287913505 65.1910349578 321.010215747 267.724410166 0 1676.6298691 40.2032415667 282.143172707 22.7967584333 10.370130903 53.9897842528
6480 4.40335509726 45.5420339659 157.846341261 431.568961629 0.639251283982 0.704185629635 2.46294712795 64.6246543304 321.163728889 271.924003444 0 1677.00569399 40.3218794166 274.187523221 22.6781205834 9.99430601153 53.8362711109
6504 4.25555286527 44.2543764841 153.709330279 431.601806855 0.643620533416 0.739684225069 1.75119156673 65.2636968208 321.413050237 274.284750424 0 1677.34023181 40.3245248143 271.30471658 22.6754751857 9.6597681913 53.5869497629
6528 4.11137290512 40.6687094101 157.786783103 431.635243736 0.650393390981 0.803376991654 1.00517209488 65.9058137875 321.296773581 265.726119932 0 1677.66723146 40.3862434364 271.19679913 22.6137565636 9.33276854402 53.7032264192
6552 3.9784373598 42.6549747828 153.761297455 431.667506141 0.658724307287 0.857379739294 3.11284280314 63.7035470098 321.389923644 264.638116134 0 1677.9667166 40.3261708531 263.943244784 22.6738291469 9.03328340024 53.6100763561
6576 3.85273473958 39.2326875571 154.772936473 431.699470612 0.668679656025 0.872091906235 1.21574310646 65.5440147202 321.263693681 257.154238729 0 1678.252393 40.38770569 261.540843789 22.61229431 8.74760700035 53.7363063189
6600 3.7316385011 38.1210355031 152.366456788 431.731735269 0.678418382522 0.885329463149 1.30207276027 65.4024441258 321.245411515 252.741961531 0 1678.52510057 40.3380087938 255.891428555 22.6619912062 8.47489943382 53.7545884857
6624 3.61572556542 35.1643228335 149.82092552 431.764081145 0.688380124396 0.901990165418 1.34001510389 65.3055334622 321.47125264 250.950419018 0 1678.78889845 40.4281864941 253.954945119 22.5718135059 8.21110154942 53.5287473598
6648 3.51968942367 34.3047160424 148.759569369 431.792051776 0.697029404071 0.91618762681 0.928573288958 65.6661579044 321.598926304 253.434666177 0 1679.00781621 40.4843529698 252.561811866 22.5156470302 7.99218379536 53.4010736964
6672 3.42831966579 32.3525881316 153.079340713 431.819725447 0.705901270765 0.935863958794 1.44242810167 65.0960812222 321.567409209 251.582562237 0 1679.21513499 40.5202758425 249.70271324 22.4797241575 7.7848650132 53.4325907908
6696 3.33552819975 33.4177174331 155.731579359 431.848972749 0.71524579492 0.937989874864 1.0987734512 65.3990181311 321.178819845 234.522291206 0 1679.42321684 40.4139029443 251.030703286 22.5860970557 7.57678316356 53.8211801557
6720 3.25414042615 29.3946193623 157.346773158 431.875630193 0.723599497181 0.946257297008 0.475347166664 65.9791658465 321.168023168 231.363846194 0 1679.61004844 40.5877189774 244.90533435 22.4122810226 7.38995156659 53.8319768325
6744 3.171914037 31.934334016 156.174393889 431.903568924 0.731837661153 0.93814826015 0.969818450238 65.4566267053 320.952529428 215.272884018 0 1679.79544495 40.521674922 244.349116693 22.478325078 7.20455504974 54.0474705718
6768 3.09321802076 31.3353276634 151.92458501 431.931289457 0.739244211828 0.929051547889 0.420592614829 65.9798221688 320.795414567 205.49260469 0 1679.97184874 40.4190867406 246.774595974 22.5809132594 7.0281512661 54.2045854334
6792 3.02107517301 30.33337283 145.620558236 431.957573393 0.745679980184 0.919049856358 0.725239207063 65.6524575637 321.228759043 212.843414461 0 1680.13652998 40.4822105879 244.566617281 22.5177894121 6.86347001847 53.7712409576
6816 2.95140797352 26.3497038018 152.597026623 431.983773717 0.751644013786 0.921662068552 0.978055565247 65.3648646361 321.100745307 211.377930374 0 1680.2961085 40.6746092609 237.856929572 22.3253907391 6.70389150316 53.8992546934
6840 2.88669629626 25.627391143 153.054072208 432.008863627 0.757280637834 0.922024679831 1.12148812295 65.1903429328 320.992437196 202.877879782 0 1680.44268351 40.6798323874 237.643738134 22.3201676126 6.55731649456 54.0075628044
6864 2.82572078847 25.3504488176 148.622928192 432.033196136 0.762287423438 0.910766099424 0.208603147382 66.0851471945 321.001368084 201.777940787 0 1680.58082848 40.6799540555 235.659054122 22.3200459445 6.41917152493 53.9986319159
6888 2.76574797761 24.834940953 144.928936747 432.057800161 0.766902960428 0.908686107891 1.28717866576 64.9794321052 321.280340873 207.175108441 0 1680.71655221 40.6766516969 232.933677091 22.3233483031 6.28344779059 53.7196591272
6912 2.71087411758 24.7694858502 141.556947282 432.080918831 0.771286566214 0.917550808273 1.20581798227 65.0244258132 321.63427135 219.065614611 0 1680.84134406 40.7002193235 227.650820522 22.2997806765 6.15865594486 53.3657286508
6936 2.65255713743 25.964948929 147.206778296 432.106156008 0.775989907951 0.917308713482 1.30638819084 64.8941571803 321.32525711 211.380729916 0 1680.97170208 40.5322130243 223.818685491 22.4677869757 6.02829792321 53.6747428905
6960 2.60053832934 25.9968839732 146.875460755 432.129274191 0.780412208455 0.933513349283 1.18492120007 64.9718790516 321.317247223 207.96689127 0 1681.09102786 40.6468339447 220.342690256 22.3531660553 5.90897213891 53.6827527769
6984 2.54966939506 23.3764575061 151.634226924 432.152466084 0.784897119654 0.935692671233 1.08515457877 65.041789547 320.978161752 193.675791608 0 1681.20677102 40.7328866058 219.144467284 22.2671133942 5.79322897833 54.0218382481
7008 2.50386947798 21.1914492833 149.997761145 432.173863249 0.789019832677 0.937920969691 0.827196564416 65.2719993851 321.042319003 189.280009397 0 1681.311862 40.9480898098 219.064675951 22.0519101902 5.68813799991 53.9576809975
7032 2.4604188666 22.6077709431 146.20734066 432.194632768 0.792884788713 0.939848443316 1.50941530608 64.5632186948 321.180618298 191.045474665 0 1681.40937736 40.7614481447 216.157649873 22.2385518553 5.5906226437 53.8193817027
7056 2.41537258784 22.3278374897 147.056216682 432.216667255 0.797074530489 0.947150333677 1.27316690803 64.7659409732 321.059985253 185.229648274 0 1681.51098833 40.7289542752 215.452768294 22.2710457248 5.48901166833 53.9400147476
7080 2.37323976691 21.3882529911 144.835349826 432.237760437 0.801121136041 0.952140641413 0.955626852985 65.0533509336 321.057399102 184.936646152 0 1681.60708408 40.8049510639 211.033858907 22.1950489361 5.39291592204 53.9426008987
7104 2.33175820269 22.2605613132 140.362262208 432.259003836 0.805234280951 0.967363864992 1.61990946147 64.3484885575 321.228326703 185.627253681 0 1681.70061585 40.7274506495 210.822986949 22.2725493505 5.29938415274 53.7716732969
7128 2.29136648202 19.9102674799 144.841163309 432.280167067 0.809600200572 0.977073697182 1.27804482555 64.6551142101 321.159287129 181.426136169 0 1681.79307088 40.888281441 209.804201999 22.111718559 5.2069291239 53.8407128718
7152 2.25235535009 19.2184204628 145.718352363 432.301075557 0.813865386438 0.982532155551 1.91474414641 63.9877827551 321.006827604 178.152339115 0 1681.88141584 40.8979845729 205.928885108 22.1020154271 5.11858416054 53.9931723966
7176 2.21638259001 17.6123228349 143.837507914 432.320780236 0.817959247387 0.983002448888 0.457404423752 65.4208536448 321.11057403 177.399267392 0 1681.96383749 41.0762129168 202.336897077 21.9237870832 5.03616251775 53.88942597
7200 2.18259846097 19.8541660416 143.767000314 432.339669235 0.8216368103 0.975867147633 0.944227425918 64.9185993819 321.061232375 173.63020713 0 1682.03968239 40.8975154992 199.982038404 22.1024845008 4.96031760972 53.9387676258
7224 2.14720043793 17.6021862989 143.745692696 432.359867251 0.825326530857 0.968497277906 0.52635562288 65.319953318 320.945754913 168.005278448 0 1682.1202536 41.0140871576 201.679641439 21.9859128424 4.87974640312 54.0542450871
7248 2.11468507314 20.2798997271 141.377506511 432.378794786 0.828578758563 0.974891408661 0.976063162763 64.8416718843 321.070701365 168.771587242 0 1682.19318165 40.7939814415 198.477042401 22.2060185585 4.80681835695 53.9292986353
7272 2.07996229538 18.4038102647 143.367240592 432.399415848 0.832067550989 0.965760608563 0.580437493398 65.2223184997 320.891359097 163.033308092 0 1682.27186536 40.8494647674 198.473394407 22.1505352326 4.72813464184 54.1086409034
7296 2.04902806662 16.307762232 144.477750322 432.418151123 0.835054932694 0.969233972535 1.00878890305 64.7687710698 320.837380644 159.270668702 0 1682.34329822 41.1210662927 197.550336862 21.8789337073 4.65670177949 54.1626193559
7320 2.01981793252 18.7483449571 139.885044709 432.436167432 0.838006363965 0.97818396223 1.36530589414 64.3823363481 320.99987133 162.76410292 0 1682.40855892 40.8493389255 193.785138624 22.1506610745 4.59144108413 54.0001286703
7344 1.98996799777 16.9092335226 142.198224965 432.45491802 0.841136177776 0.976757008405 0.792477738771 64.9347110561 320.894955294 159.889386172 0 1682.47662576 40.9782942516 191.176308329 22.0217057484 4.5233742436 54.1050447063
7368 1.9596690699 21.2032781783 140.933335096 432.474311989 0.844226805823 0.976793206571 0.259845577364 65.4448224218 320.803010229 152.65290785 0 1682.54425326 40.7012646609 189.730810678 22.2987353391 4.45574674534 54.1969897709
7392 1.92972930236 15.9096138266 140.974068475 432.493842805 0.847194118428 0.975644136564 0.734319983229 64.9489989574 320.82502699 150.581403878 0 1682.61351848 41.0719202384 191.327874164 21.9280797616 4.38648152376 54.1749730102
7416 1.90421620177 14.993632458 142.704618082 432.510781053 0.849656435954 0.968597289631 1.02079016795 64.6501750539 320.764703331 147.353518178 0 1682.67192725 41.2047645116 189.006195514 21.7952354884 4.3280727554 54.235296669
7440 1.87743955475 16.8677466941 145.729461532 432.528856664 0.852183703785 0.970942315777 1.36965482405 64.2783624936 320.483160346 137.905389792 0 1682.73179743 40.9863384231 185.874304492 22.0136615769 4.26820257471 54.5168396543
7464 1.85377483159 14.8579743546 137.266624191 432.545092809 0.854413841316 0.96866116347 0.586225190383 65.0456069962 320.91474538 146.192278006 0 1682.78648679 41.2295165131 184.841819178 21.7704834869 4.21351321804 54.0852546207
7488 1.83015881569 16.2544176089 139.25834161 432.561545686 0.856577509582 0.967154355414 0.814064360239 64.8006580897 320.794121428 140.59017052 0 1682.83965027 41.1028044924 185.927072565 21.8971955076 4.16034973371 54.2058785722
7512 1.80628647647 15.5261376157 139.051879604 432.578436929 0.858736948635 0.96665957934 1.06901296762 64.5271535765 320.785602176 138.818414539 0 1682.89363669 41.0663111672 188.011139014 21.9336888328 4.10636331281 54.2143978241
7536 1.78246371939 15.0859994624 136.659737617 432.595560155 0.860915188444 0.970932575703 1.32795783163 64.2446342498 320.865364071 140.990382678 0 1682.94763598 41.0792259028 188.076370049 21.9207740972 4.05236402433 54.1346359289
7560 1.76128946215 14.0904293739 141.149469459 432.611010192 0.862870545444 0.967104373553 0.476068026468 65.0829468633 320.905065887 140.379928775 0 1682.99628945 41.2518730008 186.210711847 21.7481269992 4.00371055469 54.0949341129
7584 1.73881271718 14.535252224 139.94097435 432.627652768 0.864821098133 0.962620978718 0.710734601659 64.8341705538 320.687640238 136.922062102 0 1683.04678705 41.1218983912 184.461077161 21.8781016088 3.9532129541 54.3123597625
7608 1.7185524522 13.1264821 136.667580981 432.642871395 0.866481453759 0.956887037472 0.840639004374 64.6931211101 320.958622353 143.715596756 0 1683.09352166 41.384460983 180.835072233 21.615539017 3.90647834229 54.0413776474
7632 1.69917633422 14.5720469939 137.705871153 432.657621367 0.867961134538 0.951507033692 0.933449966684 64.5894604989 320.951013183 143.375473259 0 1683.13691373 41.1346113771 179.354757183 21.8653886229 3.8630862704 54.0489868174
7656 1.67739913335 14.1642789224 137.46670475 432.674431026 0.869579833556 0.952516227293 1.16216537782 64.3413075359 320.988936457 144.773772222 0 1683.18611967 41.1233695407 176.951107272 21.8766304593 3.81388033213 54.0110635431
7680 1.65843289136 12.7303384408 138.069722887 432.689275708 0.871017183258 0.955497703816 1.2407589488 64.2434504573 321.026540798 144.52122696 0 1683.22992534 41.3988303138 177.628948549 21.6011696862 3.77007466458 53.9734592027
7704 1.63822347686 15.4175836072 136.619036574 432.705309179 0.872594663137 0.955261742225 0.410132990214 65.0567014267 320.925456249 143.058932808 0 1683.27459578 40.9394402741 176.351463373 22.0605597259 3.7254042233 54.0745437512
7728 1.61889493935 13.6616330786 137.410203031 432.720856708 0.87401912923 0.951578099273 0.548942394733 64.9046036694 320.936065277 138.574889028 0 1683.31938935 41.3010733626 178.138959742 21.6989266374 3.68061065673 54.0639347229
7752 1.6006743864 13.1830343164 139.444969249 432.735706926 0.875316598342 0.951708048721 0.627537127754 64.8097313 320.875681092 137.129475264 0 1683.36070387 41.2754111423 174.942533596 21.7245888577 3.63929613688 54.1243189079
7776 1.58309527446 13.2122087904 135.964018712 432.750216578 0.876573589874 0.953140166535 0.676949675577 64.7431199908 320.970393546 137.367097407 0 1683.4007884 41.3697764156 175.825945372 21.6302235844 3.59921160795 54.0296064545
7800 1.56615240741 12.6175604657 137.669727964 432.764374339 0.877768948697 0.948151713366 0.712012264655 64.6976927353 320.804053737 133.586384962 0 1683.43909374 41.3133908836 174.758472767 21.6866091164 3.56090626334 54.1959462635
7824 1.54870879743 12.4460407145 136.12286791 432.779131217 0.878943123186 0.947610560577 0.780016292012 64.6142988078 320.836499961 133.012457577 0 1683.47869987 41.3326336875 172.734699505 21.6673663125 3.52130013655 54.1635000395
7848 1.53161303609 12.479597377 135.366264097 432.793775115 0.88005039869 0.943443283956 0.845569191067 64.5371620117 320.858754098 132.954944961 0 1683.51738905 41.2980273801 171.777263505 21.7019726199 3.48261095105 54.1412459025
7872 1.51598265715 11.4169092516 138.778523201 432.807323201 0.880973477609 0.937538187704 0.834376382156 64.5397887523 320.787169377 127.878107178 0 1683.55337657 41.5374670817 170.88007661 21.4625329183 3.44662342842 54.2128306233
7896 1.50091634025 12.9492846823 134.889554578 432.820528384 0.881838332447 0.943047499444 1.77452779539 63.5800579892 320.878344181 131.29450381 0 1683.58716675 41.2871336103 168.077053173 21.7128663897 3.41283325467 54.1216558196
7920 1.48505891875 11.4982093935 133.979006201 432.834585413 0.882759702415 0.936749355974 0.79832691251 64.5475786167 320.95320103 133.288519247 0 1683.62341533 41.4772096198 167.341484126 21.5227903802 3.3765846706 54.04679897
7944 1.46933026489 13.6543177365 138.504977579 432.848691395 0.883614489352 0.935417943627 0.814630328255 64.5176458448 320.748830698 126.859433763 0 1683.65849706 41.134781158 165.671494769 21.865218842 3.34150294265 54.251169302
7968 1.45430670799 12.2226826042 137.28881066 432.862319455 0.884415484929 0.935466967802 0.792723330893 64.5250747624 320.75764879 126.630960392 0 1683.6931965 41.4647840538 163.088335101 21.5352159462 3.30680349948 54.2423512106
7992 1.44002631146 10.9867338961 133.400869391 432.875415885 0.885129761988 0.929921060166 0.742953107886 64.5665801859 320.970809138 130.950730485 0 1683.72575745 41.553372357 162.564402605 21.446627643 3.27424254911 54.0291908618
8016 1.42599383421 11.7022763008 135.766611805 432.888422022 0.885794196813 0.932019613077 0.670607895949 64.6231562731 320.858855356 127.892703712 0 1683.75748298 41.4549850323 161.095849701 21.5450149677 3.24251702215 54.1411446447
8040 1.41283556715 11.3715854221 137.684917088 432.900743699 0.886403107463 0.926481376116 0.563699561504 64.7226722562 320.773363712 123.938232259 0 1683.78757542 41.5926127648 158.699215017 21.4073872352 3.21242458163 54.2266362884
8064 1.39959864692 10.5030695346 135.850628598 432.913263426 0.886940032853 0.92159243227 0.469128807662 64.8090753022 320.841475136 123.859365691 0 1683.81763036 41.6294169978 158.36228216 21.3705830022 3.18236964644 54.1585248639
8088 1.38659407702 10.6870590924 134.974872077 432.925686179 0.887398694431 0.917468409224 0.365613137241 64.9038335808 320.847286469 123.599934214 0 1683.84703023 41.5571541905 157.068232895 21.4428458095 3.15296977615 54.1527135309
8112 1.3734649607 11.0922247638 136.522666691 432.938352768 0.887796678388 0.913588153237 0.278612709563 64.9816496917 320.749271714 121.16087825 0 1683.87663085 41.4319222501 154.832281829 21.5680777499 3.12336914966 54.2507282868
8136 1.36041489635 11.0020609986 137.507283676 432.951068886 0.888127927035 0.9090086264 0.196178207577 65.0556163534 320.646509756 117.770505083 0 1683.9062826 41.4435516512 152.669363151 21.5564483488 3.09371740573 54.3534902443
8160 1.34697278592 11.6670690382 135.958179942 432.964299641 0.888393542049 0.905558340378 1.14795741495 64.0937910625 320.66773436 117.236248053 0 1683.93652124 41.2782087635 150.576452184 21.7217912365 3.06347876711 54.3322656399
8184 1.33416902234 12.2289382417 133.370938056 432.977029262 0.888691944631 0.914102356562 1.03935681014 64.1808196275 320.705522321 116.587281625 0 1683.96542478 41.1629819688 150.526163162 21.8370180312 3.03457522669 54.2944776792
8208 1.32129596117 10.2584962295 131.847132897 432.989956616 0.889067742418 0.91405445309 0.961263722646 64.2456574664 320.868305848 120.636937194 0 1683.99525942 41.583913935 148.520977442 21.416086065 3.00474058152 54.1316941523
8232 1.30891382517 10.7787660781 134.500586454 433.002515558 0.889430004364 0.91432675956 0.855696842636 64.3380308361 320.726025494 116.385242267 0 1684.02321269 41.4513651788 147.571698347 21.5486348212 2.97678731013 54.2739745065
8256 1.29701161898 10.8711595873 134.460119676 433.014704901 0.889736581769 0.909140254428 0.734321254988 64.452097009 320.694570385 114.115756241 0 1684.05024529 41.4490713884 147.647682724 21.5509286116 2.94975471406 54.3054296149
8280 1.28563732592 10.6604538177 133.563173582 433.026462183 0.889991496804 0.908149709037 0.573470286004 64.6019263261 320.792343799 114.769680859 0 1684.0763532 41.663701924 145.758512941 21.336298076 2.92364679947 54.2076562015
8304 1.27422991287 9.86687994532 135.1576442 433.038361899 0.890219879893 0.905297344802 0.426170442264 64.7399504345 320.637071482 111.408378218 0 1684.10217716 41.6258108254 144.916828566 21.3741891746 2.89782284238 54.3629285182
8328 1.26395031303 9.2972231374 130.757041067 433.049179124 0.890385877803 0.904201045543 1.19811656849 63.9581173845 320.869327582 115.794976838 0 1684.12577206 41.8138359753 144.110317772 21.1861640247 2.87422794562 54.1306724184
8352 1.25351638706 10.2104309117 131.314550257 433.060251233 0.890565270576 0.904469080602 0.985145886505 64.1595685299 320.883171546 116.587665759 0 1684.14910537 41.5185087494 143.330382566 21.4814912506 2.85089463041 54.1168284541
8376 1.24268806383 9.72156383453 133.011529983 433.071842101 0.890745542111 0.903202145105 0.811842665961 64.3223675462 320.805674103 115.297276864 0 1684.17378239 41.6248187252 142.574249398 21.3751812748 2.82621761665 54.1943258976
8400 1.23153073773 10.0705024681 132.881425056 433.083893601 0.890910171278 0.901366496954 0.672163142314 64.4516665894 320.804563356 114.819059591 0 1684.19896361 41.5052389125 141.856001 21.4947610875 2.80103639465 54.1954366444
8424 1.22110334328 9.62267681314 131.889770645 433.095257643 0.89104241888 0.900920173954 0.480618915188 64.6321608499 320.808419066 114.225974639 0 1684.22283034 41.6341519136 142.165140968 21.3658480864 2.77716966418 54.1915809345
8448 1.21111537084 9.74068737515 135.919724572 433.106235658 0.891151478982 0.900583089188 1.26122972824 63.8408000466 320.59214479 107.802135578 0 1684.24542953 41.5718994755 141.478551081 21.4281005245 2.75457047712 54.4078552107
8472 1.20124169611 9.69426851575 132.137580168 433.117178863 0.8912845879 0.902203288371 1.03513469185 64.0541985701 320.737525937 109.563363292 0 1684.26797557 41.647350561 139.834520188 21.352649439 2.73202443289 54.2624740638
8496 1.19194515243 8.72627276477 134.849804609 433.127566533 0.891421716125 0.902563698661 0.771832082404 64.3066159702 320.667775465 107.003572678 0 1684.28931585 41.8895377307 138.235261245 21.1104622693 2.71068415584 54.3322245351
8520 1.1826678696 10.3974275609 133.009068508 433.138015266 0.891528375035 0.897517397425 0.523536619907 64.5494023427 320.634680617 105.518518857 0 1684.31000589 41.5173563641 136.67849808 21.4826436359 2.68999411204 54.3653193834
8544 1.17336946274 8.63807440373 132.991760542 433.148571288 0.891590363776 0.897550635951 1.27264039342 63.78964732 320.672280501 105.088703888 0 1684.33148646 41.8918626066 135.163443126 21.1081373934 2.66851354479 54.3277194989
8568 1.16449490882 8.65700034962 131.892938819 433.158725225 0.891663945404 0.897704900905 0.992747428534 64.0591585006 320.688432008 104.530087746 0 1684.35161253 41.8695069802 134.67464823 21.1304930198 2.64838747376 54.311567992
8592 1.15554626431 9.12136398168 132.358402958 433.169043328 0.891709253604 0.893395545942 0.733343748694 64.3125081242 320.611175986 101.115750692 0 1684.37180048 41.7157220832 134.207980586 21.2842779168 2.62819952181 54.3888240148
8616 1.14578427293 9.30174558926 133.372237762 433.180391132 0.891729288809 0.891999276326 0.541086762831 64.4947935409 320.497107934 96.8417354815 0 1684.39378707 41.6016323176 134.755766795 21.3983676824 2.60621292978 54.5028920666
8640 1.13630062926 10.6469841937 135.194710188 433.191508429 0.891725338236 0.891421620965 0.330765717476 64.694578895 320.299623137 88.1243590736 0 1684.4151691 41.4547065053 135.307238909 21.5452934947 2.58483090686 54.7003768629
8664 1.12710742452 8.4313664557 132.382477381 433.202374026 0.891698474897 0.887889277883 0.108448104309 64.9095901173 320.415661748 90.6103516557 0 1684.43650086 41.8853232257 133.875915952 21.1146767743 2.56349914553 54.5843382522
8688 1.11913024061 8.1115824223 131.716711419 433.211873944 0.891627105563 0.88326849661 0.791522841309 64.2217076132 320.479311767 89.8500501162 0 1684.45475081 42.0111497317 134.452932299 20.9888502683 2.54524919013 54.5206882333
8712 1.11008989547 8.81837468953 131.007390521 433.222721091 0.891538102045 0.886796580072 1.55383829632 63.4451059308 320.44971946 89.1555075494 0 1684.47497168 41.7115983358 134.048414405 21.2884016642 2.52502832787 54.5502805403
8736 1.10209113236 8.98058198319 128.667513723 433.232391791 0.891511363324 0.889520927399 0.234094289424 64.7524816297 320.619568852 92.8609785762 0 1684.49334084 41.8598174086 133.665911786 21.1401825914 2.50665916655 54.3804311478
8760 1.09383008938 8.22322039128 129.055167387 433.242453183 0.891462880473 0.886228341225 0.954064306796 64.0257912897 320.637840384 95.1775983305 0 1684.51211088 41.9171266902 133.297751234 21.0828733098 2.48788912718 54.3621596166
