Time EBV Teff Treg ODC_le1 ODC_le2 ODC_le3 ODC_le4 ODC_le5 NK IL2 DAC Resting_Teff Resting_Treg EffectorMemory Resting_Treg_temp Resting_Teff_temp NK_temp
0.0 0 0 0 0 0 0 0 500 375 1000 0 1687 63 0 0 0 0
24 0 0 0 0 0 0 0 500 336.279789971 908.048253598 0 1687 63 0 0 0 38.7202100291
48 0 0 0 0 0 0 0 500 335.391027502 823.849847309 0 1687 63 0 0 0 39.6089724976
72 0 0 0 0 0 0 0 500 334.559882085 745.880698262 0 1687 63 0 0 0 40.4401179151
96 0 0 0 0 0 0 0 500 333.760437385 673.915002205 0 1687 63 0 0 0 41.2395626152
120 0 0 0 0 0 0 0 500 332.995774144 607.703333798 0 1687 63 0 0 0 42.0042258555
144 0 0 0 0 0 0 0 500 332.2684442 546.975994766 0 1687 63 0 0 0 42.7315557996
168.0 1000 0 0 0 0 0 0 500 331.580390823 491.447224652 0 1687 63 0 0 0 43.4196091775
192 587.94283022 2674.42256109 91.5619289612 4.47673168998 18.9970923557 71.5351553232 179.581289232 225.4097314 319.455578209 5741.3447637 0 1039.6715255 41.772295668 0 21.227704332 647.328474501 55.5444217919
216 137.636507319 6798.21115829 168.761466968 78.7975962442 47.256579349 93.06300514 128.975128432 151.907690835 264.763167513 489.530101477 0 1394.58075094 38.9797220055 599.826831071 24.0202779945 292.419249061 110.236832487
240 33.3849521143 2354.67404014 180.793957162 167.625948162 33.9249469489 63.3128379304 91.8859714809 143.250295478 279.018027219 226.634334741 0 1602.96678051 38.8633428281 540.84107171 24.1366571719 84.0332194908 95.9819727813
264 16.6313293755 554.368374244 173.961836308 190.881459955 12.54125894 37.98817576 71.05628504 187.532820305 303.91935665 250.055357478 0 1647.87026346 39.0807836511 494.953071018 23.9192163489 39.1297365449 71.0806433501
288 12.9715219138 230.078597692 164.360773035 193.60373444 2.4206273624 11.625072514 42.8412015015 249.509364182 315.006410518 288.154365751 0 1657.41399607 39.4999027517 476.689371375 23.5000972483 29.5860039285 59.993589482
312 11.2615443612 165.640900415 170.051867127 194.029260553 1.59184832352 3.38570800405 31.0247075976 269.968475522 317.900519616 338.40076894 0 1661.44011915 39.7011103786 432.67499141 23.2988896214 25.5598808455 57.0994803848
336 10.1094810923 127.04106648 168.067765068 194.175532071 0.868271885629 2.07469104798 17.750374285 285.13113071 319.822769581 388.255460421 0 1664.10089348 39.8779581421 405.602875457 23.1220418579 22.8991065167 55.1772304195
360 9.18515275241 128.907348348 169.360158451 194.305287065 0.920456374573 1.58377142602 16.0336963156 287.156788819 319.551065351 367.368312786 0 1666.15733732 39.7628281092 392.89006608 23.2371718908 20.8426626844 55.4489346496
384 8.37290721118 118.137065352 166.710367207 194.435370283 0.934182290343 0.784128544522 16.51770313 287.328615752 319.634326033 350.5103637 0 1667.98879671 39.7637139045 382.566846521 23.2362860955 19.0112032948 55.3656739677
408 7.72557849991 89.6405711073 171.868003103 194.549530376 0.939276724957 0.379517724002 15.7288403835 288.402834792 320.292045641 354.362866333 0 1669.48530046 39.9896946003 366.761830744 23.0103053997 17.5146995358 54.7079543597
432 7.22814926106 86.4782124259 173.527108705 194.642843429 0.948326977113 1.53622434799 10.503717066 292.36888818 320.191913385 332.05680257 0 1670.60770614 39.9661304434 365.327277889 23.0338695566 16.3922938622 54.8080866154
456 6.77869388492 80.7689538041 171.860522892 194.735939664 0.955560050311 0.513227165703 11.5564269844 292.238846135 320.46625735 330.442405469 0 1671.62421555 40.0014497891 351.519321063 22.9985502109 15.3757844474 54.5337426502
480 6.38833467345 73.3744076471 170.733628174 194.820220653 0.950555604019 1.28188666485 7.85145805398 295.095879024 320.660928263 327.543542693 0 1672.50951793 40.0449069 337.902854109 22.9550931 14.4904820656 54.3390717371
504 6.06113147055 65.0347012407 170.074892961 194.893875986 0.927359545629 1.00356691202 11.2483839651 291.926813591 320.888823799 322.492813425 0 1673.25754701 40.1816779924 334.191010992 22.8183220076 13.7424529915 54.1111762012
528 5.76562764973 65.5889048544 175.682032419 194.963905557 0.931868734358 0.745434516301 9.34335586687 294.015435325 320.448428133 301.525993927 0 1673.91928164 40.0986308461 328.450412132 22.9013691539 13.080718355 54.5515718678
552 5.49303194387 61.021045813 166.257358231 195.031223674 0.911840922693 0.389195863163 9.00522590377 294.662513636 320.812610301 298.926398417 0 1674.53673633 40.1379393829 326.812613884 22.8620606171 12.4632636702 54.1873896993
576 5.24122842926 58.6579955495 161.963111715 195.094603219 0.895992253225 0.964977959488 8.11121097065 294.933215597 320.947999228 296.017328178 0 1675.1047624 40.1405216336 321.312262043 22.8594783664 11.8952376037 54.0520007725
600 4.99729221971 55.3115406261 161.066056078 195.157369782 0.862809264099 0.640085232813 5.40479032903 297.934945392 320.693875571 277.258357712 0 1675.65379134 40.113527828 318.475566206 22.886472172 11.3462086636 54.3061244298
624 4.79338317988 53.5834998641 157.196969539 195.211034256 0.857388550654 0.910620138851 6.71314855735 296.307808497 321.101822294 276.937895254 0 1676.12103125 40.2185166135 315.917334955 22.7814833865 10.8789687503 53.8981777064
648 4.58956165752 49.6804744126 157.527405902 195.267328474 0.874566146709 1.30469845231 4.51197028854 298.041436639 321.097450806 271.571093782 0 1676.57973716 40.2042266226 311.627898683 22.7957733774 10.4202628435 53.9025491949
672 4.41597993392 47.1939946165 161.693967921 195.317612162 0.860301826455 0.620764158352 5.34338157067 297.857940282 320.984906545 265.035602034 0 1676.97551304 40.2675541984 303.842006688 22.7324458016 10.024486963 54.0150934556
696 4.25630401845 43.9993314316 158.696180244 195.364939488 0.855888350393 0.9195127636 7.40004171678 295.459617681 321.273458458 267.561737014 0 1677.33848528 40.3371123397 293.66834735 22.6628876603 9.6615147219 53.7265415426
720 4.11969161246 38.0107735568 155.82801324 195.40699014 0.86426825888 1.12721620299 5.69737409552 296.904151303 321.51609695 278.565653015 0 1677.65091248 40.4749685399 285.907590154 22.5250314601 9.34908752385 53.483903051
744 3.99045636476 41.2175705083 156.521783735 195.447775533 0.840880537001 0.444906338996 9.53034919934 293.736088392 321.391326035 270.968388994 0 1677.93974121 40.3231883448 281.317477074 22.6768116552 9.0602587911 53.6086739658
768 3.86310773022 39.4757355045 152.439138545 195.488418121 0.83405963242 0.9339571265 8.22576946486 294.517795656 321.560376701 269.445260863 0 1678.22845178 40.352660684 281.227667541 22.647339316 8.77154821829 53.4396232994
792 3.7413799274 38.1615068322 153.289148627 195.528265998 0.816723238343 0.235537767226 6.13880544349 297.280667553 321.362559109 261.86994427 0 1678.5028697 40.3311252827 277.838378485 22.6688747173 8.49713030462 53.6374408913
816 3.63202142508 34.9980826571 152.371140286 195.564101343 0.795340787006 0.409744651589 3.25869640154 299.972116817 321.527211951 259.064903388 0 1678.75373104 40.5108194452 277.121342876 22.4891805548 8.24626895895 53.472788049
840 3.52729769113 37.0111077789 157.728030276 195.598690628 0.782239749343 0.572445706163 6.19394357146 296.852680345 321.121368055 247.377118684 0 1678.98803481 40.3419567584 268.171178096 22.6580432416 8.01196518696 53.8786319457
864 3.43183952658 33.3910216701 153.112151928 195.63077406 0.778630423317 0.807586164806 6.13266294192 296.650346409 321.348806413 245.039355461 0 1679.20673252 40.4978153629 267.006844657 22.5021846371 7.79326747917 53.6511935871
888 3.34222526401 31.5722420389 149.256758232 195.661733191 0.782168213509 0.937186117252 6.81862845175 295.800284026 321.527898621 246.082156023 0 1679.41035577 40.5638206293 263.342565401 22.4361793707 7.58964423168 53.4721013792
912 3.26374267193 28.3169462614 151.923499208 195.6897476 0.79047992108 1.06466343589 2.27382182333 300.18128722 321.604294098 251.260192199 0 1679.5899465 40.6932204826 255.446508048 22.3067795174 7.41005349662 53.3957059024
936 3.18534316788 32.6327232418 147.384701521 195.718243172 0.769905020574 0.198194173672 5.05274024667 298.260917387 321.659894771 251.359621038 0 1679.76479539 40.4877968622 249.236984398 22.5122031378 7.23520461242 53.3401052298
960 3.10784894439 27.5494110992 155.339543864 195.746335909 0.751743166182 0.308394444575 2.01525783185 301.178268649 321.554362262 245.532315194 0 1679.9420999 40.6608392427 244.665231194 22.3391607573 7.05790010432 53.4456377382
984 3.0361617913 29.2864843899 153.871754411 195.772392068 0.737434734018 0.381002224668 4.45869143045 298.650479543 321.300065058 235.219608095 0 1680.10310806 40.5439397407 239.626352126 22.4560602593 6.89689194334 53.699934943
1008 2.96868092436 26.9588948204 148.296095785 195.797077801 0.727541664342 0.477485390414 2.45317023564 300.544724909 321.52551906 233.703359804 0 1680.25711217 40.6639663739 239.074170553 22.3360336261 6.74288783112 53.4744809408
1032 2.90398567848 26.2190695228 148.388138184 195.82100098 0.720589176609 0.555478207998 3.2759618786 299.626969757 321.459931299 232.206274291 0 1680.4034389 40.6501253774 233.795383632 22.3498746226 6.59656110417 53.5400687019
1056 2.84372102163 25.4294426455 150.314336481 195.843599986 0.716728924927 0.642579219786 3.59088326088 299.206208609 321.421431784 224.519579053 0 1680.54033251 40.6827961204 233.909771089 22.3172038796 6.45966748627 53.5785682165
1080 2.77902227665 29.0232814789 153.694502624 195.868325888 0.716522646905 0.775337446873 4.7265536122 297.913260406 320.97081722 205.660337757 0 1680.68376148 40.4168990613 232.30569893 22.5831009387 6.31623851889 54.0291827806
1104 2.71750072262 24.5472920005 147.487533676 195.892441528 0.720324649249 0.881135232697 4.61937952431 297.886719066 321.210840695 207.733394811 0 1680.82549415 40.6591260375 228.958081954 22.3408739625 6.17450585264 53.7891593051
1128 2.66101544028 25.8375592561 145.81832801 195.915230502 0.726657625289 0.96290237246 1.92691601315 300.468293487 321.256741145 205.20611084 0 1680.95306421 40.5760997956 226.997104488 22.4239002044 6.04693578771 53.7432588559
1152 2.60612572866 24.8551138216 143.826177519 195.938068893 0.731932929097 0.0555560882317 5.14116490684 298.133277183 321.273841991 202.84272123 0 1681.07765674 40.6227816754 228.219356819 22.3772183246 5.92234326062 53.726158009
1176 2.55505350442 23.1424552459 144.33855229 195.959524325 0.714120389196 0.165362258567 1.91563939893 301.245353629 321.441695779 205.437140226 0 1681.19478494 40.7802236904 224.644776893 22.2197763096 5.80521506263 53.5583042218
1200 2.5076357082 22.2404379136 144.644699157 195.97938173 0.699605743031 0.226510136349 2.30047448317 300.794027908 321.411825004 205.891501585 0 1681.30254433 40.8241779 221.368519515 22.1758221 5.69745567031 53.5881749966
1224 2.46068122471 24.7477239173 146.118724577 195.99903483 0.68701370411 0.279228207084 2.77387804892 300.26084521 321.2846826 199.402581893 0 1681.40771348 40.6343827072 218.39644889 22.3656172928 5.59228651591 53.7153174009
1248 2.40978039719 25.0180281516 148.477892647 196.02038797 0.675507067691 0.36556101465 6.08160552207 296.856938426 320.916024871 180.462822167 0 1681.52202061 40.5362669775 221.574126782 22.4637330225 5.47797939255 54.0839751294
1272 2.36494259944 20.6899102989 146.654821734 196.039318012 0.669022742886 0.505962480153 5.30822950901 297.477467256 321.045535008 183.477167877 0 1681.62605699 40.8684520216 214.940611619 22.1315479784 5.3739430079 53.9544649929
1296 2.3276754191 18.9585867152 144.567377952 196.05521712 0.665793766276 0.556146278428 2.39577336731 300.327069468 321.127631451 185.372529736 0 1681.7117114 41.0506309262 210.668400402 21.9493690738 5.28828859785 53.872368549
1320 2.28464653258 23.8428508525 143.373588243 196.07381295 0.663289483402 0.607961948127 3.73186702775 298.92306859 321.079476854 179.230359822 0 1681.80596815 40.5542883538 206.715896694 22.4457116462 5.19403184753 53.9205231466
1344 2.24493855146 19.0442844569 145.700685938 196.091250959 0.663267164408 0.701404726887 1.46825372864 301.075823421 321.080413457 176.784815532 0 1681.89871931 40.9905318823 204.950049916 22.0094681177 5.10128069005 53.9195865435
1368 2.20792234758 21.2912023188 143.733070079 196.107809931 0.66495682341 0.762185379065 2.85444934224 299.610598525 320.970136086 171.565844296 0 1681.98125224 40.7223553191 205.378380976 22.2776446809 5.01874775997 54.0298639148
1392 2.17020027708 20.3122956901 142.782463586 196.125038268 0.668292866129 0.820788989773 1.51333318926 300.872546687 321.009481277 170.206427245 0 1682.06685365 40.7533309533 203.879500302 22.2466690467 4.93314634786 53.9905187235
1416 2.13643489646 18.9885048447 143.316123443 196.140804283 0.672590428396 0.906030742718 7.41428305828 294.866291487 321.107013621 170.13747841 0 1682.14499318 41.0612077542 200.589689522 21.9387922458 4.85500681804 53.8929863792
1440 2.10390853038 17.9773068075 144.30529467 196.15635084 0.678759299658 0.972567770873 3.19290672069 298.999415368 320.913388845 166.691183139 0 1682.21821793 40.9493464251 199.42257083 22.0506535749 4.78178206574 54.0866111558
1464 2.07263362124 17.5477084101 142.36224509 196.171663305 0.680574424671 0.0233041282711 1.85044895395 301.274009188 321.058796964 166.673017914 0 1682.28927947 40.9774723417 198.418834595 22.0225276583 4.71072053097 53.9412030362
1488 2.04214989681 17.2233592519 141.63456716 196.186630151 0.666400435373 0.0520801163318 2.52810120131 300.566788096 321.141734377 169.856215051 0 1682.35834877 40.9829593235 194.551229411 22.0170406765 4.64165122967 53.8582656234
1512 2.01345391087 15.8924576429 141.967760351 196.200641501 0.653887981847 0.0886355529383 2.88546152767 300.171373437 321.151821665 170.410477896 0 1682.42415264 41.1605900904 190.897089319 21.8394099096 4.5758473627 53.8481783354
1536 1.98592764038 16.1485544123 142.927494187 196.214025624 0.642682187178 0.129738442598 3.0561147968 299.95743895 321.0674935 168.188921965 0 1682.48633201 41.0921844472 188.435869958 21.9078155528 4.513667991 53.9325065003
1560 1.95814586874 16.7982073704 143.022214952 196.227497049 0.632464493465 0.169594334803 1.37267414197 301.597769981 321.061716832 165.515167212 0 1682.54933235 41.1131750128 185.160562477 21.8868249872 4.45066764969 53.9382831686
1584 1.93183626181 15.4351912853 140.471291223 196.24023778 0.623518179162 0.208471566955 3.43438902048 299.493383453 321.102233448 165.72851342 0 1682.60925816 41.1658181762 183.018547415 21.8341818238 4.39074183725 53.8977665525
1608.0 1001.90431737 17.5465964359 138.035432004 196.253566808 0.615499416419 0.284174593553 2.7908119434 300.055947238 321.111279282 164.303941076 0 1682.67063829 40.9132693208 181.020393634 22.0867306792 4.32936171153 53.8887207184
1632 372.830056138 5217.94088101 177.303031874 205.044320675 14.722546419 47.6119276158 89.2841715237 143.337033766 275.00318704 865.576417243 0 1148.48066437 39.8505840431 399.093933325 23.1494159569 538.519335636 99.9968129605
1656 89.6086707152 3310.68942169 187.426908189 257.168803179 24.2466841274 45.0261805388 72.1043830344 101.45394912 275.131438417 391.370780179 0 1484.57337277 39.0672050775 465.763761064 23.9327949225 202.426627229 99.868561583
1680 33.6560475061 1143.14677333 179.518911689 285.537922191 12.6356120809 31.7189785923 62.415943706 107.691543429 293.109500124 271.573105758 0 1607.24384286 39.0776670399 469.77642241 23.9223329601 79.7561571402 81.8904998762
1704 21.4049943139 436.558024693 174.885384997 291.493747416 4.08572223389 16.7629317678 41.3809844083 146.276614173 309.197742344 317.321719023 0 1637.96719134 39.3726074784 435.217455052 23.6273925216 49.032808664 65.8022576559
1728 16.8996780539 258.262322777 172.597046356 292.329894327 0.665451616652 3.37283837393 29.7949382341 173.836877447 315.167212399 367.975099651 0 1648.6686311 39.6181242488 404.169171505 23.3818757512 38.3313688996 59.8327876016
1752 14.2729291737 210.861825505 173.44509577 292.546325692 0.974207754793 0.341728536253 20.6624721844 185.475265832 317.021394807 364.551046409 0 1654.66498777 39.7039946907 385.07525266 23.2960053093 32.3350122353 57.9786051934
1776 12.4036460317 167.323935175 170.810000516 292.730137434 0.0576357716406 2.1888163312 18.6433430064 186.380067456 318.226474448 369.220478499 0 1658.90597526 39.779535448 385.010356119 23.220464552 28.0940247367 56.7735255523
1800 11.0425549077 150.753256204 171.832746244 292.755839972 0.239938514669 1.74108808668 13.0252352417 192.237898185 318.981771444 370.619539439 0 1661.97881709 39.7933739633 377.857277581 23.2066260367 25.0211829078 56.0182285567
1824 9.90659233743 130.421258962 170.226759663 292.812717952 0.426881571156 1.66505958618 14.1312495674 190.964091322 319.190609415 357.816020065 0 1664.5360825 39.8066937272 370.859531011 23.1933062728 22.4639175007 55.8093905858
1848 9.01820047912 119.350544598 169.755291548 292.88440469 0.594179970147 0.555546062263 16.7566620007 189.209207276 319.568592047 346.437638259 0 1666.55190549 39.8461888953 364.530518182 23.1538111047 20.4480945112 55.4314079537
1872 8.27468861484 105.696128757 175.378106673 292.960870383 0.597872747468 1.02892454461 8.21955058276 197.192781742 319.571184155 334.628368462 0 1668.23232386 39.8821867474 345.597032846 23.1178132526 18.7676761392 55.4288158455
1896 7.67784001421 83.8318541129 168.873598197 293.029539438 0.618314103447 1.03131948839 10.1243212244 195.196505745 320.314675585 339.251049626 0 1669.60093333 40.0590429947 337.362955778 22.9409570053 17.3990666668 54.6853244152
1920 7.17916197346 88.6336545362 165.965187935 293.091793901 0.619846328759 0.906692969917 8.96570535653 196.415961444 320.503358746 327.525768457 0 1670.71970585 39.9880243799 334.527375278 23.0119756201 16.2802941539 54.4966412548
1944 6.73598251866 80.2951490035 161.294548319 293.152597676 0.639605075239 0.562444290361 7.12481259342 198.520540364 320.834608052 335.021986095 0 1671.72201995 40.0132798584 324.160428345 22.9867201416 15.2779800552 54.1653919479
1968 6.33769926663 74.8783267125 166.636296107 293.21149703 0.645124939846 0.339532383357 8.22620194334 197.577643703 320.739191627 321.678070606 0 1672.62215775 40.0325780687 319.062002903 22.9674219313 14.3778422527 54.2608083732
1992 6.00000309067 69.6056543842 161.130194031 293.264123311 0.645027987386 0.939425259369 5.79837442165 199.35304902 321.209714222 330.826589477 0 1673.38934361 40.0821257668 308.660278479 22.9178742332 13.6106563915 53.7902857785
2016 5.68172144952 68.7139638578 160.249264542 293.31626624 0.624355447031 0.443972897266 7.54302320141 198.072382214 321.005903521 314.89771364 0 1674.10355162 40.0354012558 301.008622545 22.9645987442 12.8964483818 53.9940964792
2040 5.38816938558 64.3709322764 160.095682412 293.365848407 0.625775074301 0.761904879767 3.14902016635 202.097451472 320.804297563 290.593830483 0 1674.76851252 40.0744402389 300.544460924 22.9255597611 12.2314874858 54.1957024376
2064 5.13734664313 57.5651327651 165.214391717 293.411130869 0.644029698082 1.03399365404 5.14239695305 199.768448825 320.657986223 275.408900321 0 1675.33718158 40.1007698751 300.022349289 22.8992301249 11.6628184264 54.3420137777
2088 4.91606973418 53.2428556795 159.621793337 293.453184661 0.62638299994 0.429473891725 6.87811798027 198.612840467 320.761544507 270.551652939 0 1675.84114392 40.1792212289 295.839010555 22.820778771 11.1588560825 54.238455493
2112 4.71759962732 49.4710749803 159.253510699 293.491769078 0.62588200627 0.802489242527 6.74553465044 198.334325022 320.884328997 268.186284449 0 1676.29237183 40.2349153614 291.939795487 22.7650846386 10.7076281687 54.1156710031
2136 4.5375837438 48.0664531744 158.066179411 293.528709007 0.641472569902 0.977362896665 4.25163236659 200.600823159 321.200417788 273.934136547 0 1676.70027287 40.2734270151 283.413472489 22.7265729849 10.2997271326 53.7995822122
2160 4.3672094934 48.8557670886 158.019700921 293.565570624 0.632194012697 0.26171263259 7.41487998958 198.125642741 321.178431058 270.093090555 0 1677.08389176 40.2123560706 274.538536433 22.7876439294 9.91610823877 53.8215689421
2184 4.20964976009 41.9845923244 157.05109832 293.600034449 0.621143875117 0.549124796013 3.1124926443 202.117204235 321.145944737 267.306380552 0 1677.44341962 40.3326401089 268.887279312 22.6673598911 9.55658038518 53.8540552635
2208 4.07343812973 40.8869547401 154.484048168 293.630654632 0.621287495963 0.702391650382 4.86567470663 200.179991514 321.286058932 264.333599619 0 1677.75255893 40.3615821252 268.102296589 22.6384178748 9.24744107521 53.7139410681
2232 3.94006952158 38.8705156356 156.048601181 293.661850673 0.629744497374 0.867493788548 1.68929375793 203.151617283 321.285353336 256.968712623 0 1678.05457363 40.39095127 267.928408597 22.60904873 8.94542636662 53.7146466644
2256 3.8229439354 33.9823325353 159.224223333 293.690629084 0.642470129072 0.962888724003 2.68474478374 202.019267279 321.111768003 246.163655858 0 1678.32269 40.5536328292 271.160322077 22.4463671708 8.67730999944 53.8882319979
2280 3.71217430079 37.0344422623 153.368909634 293.719304099 0.658465417968 1.06877211645 4.40884228731 200.144616079 321.161564585 245.929880774 0 1678.57081958 40.4008299401 266.694648734 22.5991700599 8.42918041747 53.8384354154
2304 3.60387595563 37.5145174058 151.932650421 293.748298787 0.643690036807 0.291957509134 5.05146958628 200.264584081 321.275502049 248.320223778 0 1678.81421688 40.3335274408 257.34187324 22.6664725592 8.18578312123 53.7244979517
2328 3.49539135148 35.8556060786 149.895812428 293.777519954 0.632202525227 0.445707807683 2.11687234042 203.027697372 321.334664692 246.517790906 0 1679.05927877 40.3267164151 254.655910386 22.6732835849 7.94072122753 53.6653353084
2352 3.4008159173 33.6302540666 149.395040319 293.803398232 0.626370786533 0.537993498685 3.33076431368 201.701473168 321.476957562 244.329950972 0 1679.27666456 40.4825901337 251.783153045 22.5174098663 7.72333544199 53.5230424387
2376 3.31174813147 30.5283705935 149.762169602 293.828288844 0.624603226512 0.605580200721 0.309273408434 204.632254319 321.532509146 245.576114249 0 1679.47945061 40.5626898773 246.36379794 22.4373101227 7.52054939631 53.467490854
2400 3.22246141473 31.9192251146 155.12923246 293.853895429 0.625314466907 0.695404762947 2.47676859933 202.348616741 320.973290613 223.2043439 0 1679.67914604 40.4373285234 244.481882017 22.5626714766 7.32085396358 54.0267093879
2424 3.14592906159 28.8320336607 151.842379026 293.876495628 0.62861544346 0.741625564785 1.71607809325 203.03718527 321.293356513 227.137473608 0 1679.8553855 40.6190235772 241.058203899 22.3809764228 7.14461450622 53.7066434873
2448 3.06829809265 30.4283079139 146.498721176 293.900154171 0.634494395214 0.842529336378 3.12692803708 201.49589406 321.423440222 230.307203722 0 1680.02996994 40.5462401404 233.2449891 22.4537598596 6.9700300662 53.5765597779
2472 2.99433334494 31.7998359201 147.117289528 293.923536502 0.643675902687 0.932160209631 2.36986209684 202.130765288 321.295212736 218.827295008 0 1680.19672866 40.4612062261 236.860443563 22.5387937739 6.80327133872 53.704787264
2496 2.92501224712 28.750698823 148.658345395 293.946342031 0.654837864419 0.99843546497 3.35258328258 201.047801356 321.397603675 219.657742968 0 1680.35555742 40.6222297937 231.662186383 22.3777702063 6.64444258653 53.602396325
2520 2.85290155601 30.3846465412 148.367666222 293.970502391 0.634783733981 0.125605148351 4.77661095056 200.492497775 321.135843863 212.132134145 0 1680.51609337 40.4189801098 226.039031185 22.5810198902 6.48390663553 53.8641561373
2544 2.79025068261 26.2347159927 145.089572154 293.991386573 0.619820562355 0.213152578872 1.4248866976 203.750753588 321.406949726 215.413731811 0 1680.66095988 40.6402203348 224.772850377 22.3597796652 6.33904011929 53.5930502742
2568 2.73208282623 25.7203321011 146.63181075 294.010783489 0.608189187297 0.274022825375 2.77017770051 202.336826797 321.508180686 216.824877022 0 1680.79309203 40.6785608427 220.874083579 22.3214391573 6.20690797567 53.4918193143
2592 2.67610466539 23.2212970168 145.529024681 294.029522336 0.599142299973 0.352389550782 3.96192355609 201.057022257 321.391101389 213.794502922 0 1680.92028907 40.7557141467 219.252302957 22.2442858533 6.0797109352 53.6088986109
2616 2.62415324903 24.3077432323 146.799047203 294.047051129 0.593523655579 0.441193138866 2.7875637711 202.130668305 321.351368614 207.796343732 0 1681.03758005 40.6848297337 217.865456172 22.3151702663 5.9624199561 53.6486313863
2640 2.57314655416 23.345719623 145.789759557 294.064464245 0.589410872127 0.465166791929 1.74595413714 203.135003953 321.35594032 207.021836079 0 1681.15363899 40.754050955 214.738407112 22.245949045 5.84636101383 53.6440596806
2664 2.52639773939 21.247554541 147.791354127 294.080631392 0.586376531563 0.484907018713 1.31443402274 203.533651035 321.404946863 205.86694002 0 1681.26048421 40.874646957 211.971381272 22.125353043 5.739515791 53.5950531378
2688 2.48194507111 20.580188818 148.735398064 294.096214008 0.58414541716 0.510902292348 1.68979361157 203.118944671 321.254695437 201.221802545 0 1681.36118609 40.8947646449 209.430007904 22.1052353551 5.6388139115 53.7453045635
2712 2.4395139841 20.4296586891 146.416142455 294.111303864 0.582837006165 0.55887081672 3.8630495971 200.883938715 321.253447266 201.179597996 0 1681.45727321 40.8843763093 204.128112459 22.1156236907 5.54272679102 53.7465527344
2736 2.39777951541 20.2805327071 151.419736199 294.126389757 0.583123346608 0.622236698591 2.00406041641 202.664189781 320.938850617 184.907169079 0 1681.55164808 40.8641307159 206.039498713 22.1358692841 5.44835191991 54.0611493835
2760 2.35827500034 20.6456946932 147.133652186 294.140936125 0.584435616395 0.642497452502 1.03140667009 203.600724136 321.068592246 184.403154881 0 1681.64103152 40.8174564308 204.094002952 22.1825435692 5.35896848572 53.9314077544
2784 2.32014376109 19.3310973784 146.271902851 294.155245543 0.586039938697 0.661494929086 1.96483290557 202.632386684 321.093490869 181.666484404 0 1681.72835711 40.9688632612 203.259835592 22.0311367388 5.27164288957 53.9065091309
2808 2.28085491258 19.3724963577 142.835726092 294.170286955 0.588328402825 0.687547206913 2.11888205534 202.43495538 321.211630375 183.213738404 0 1681.81683906 40.9012139666 200.616412667 22.0987860334 5.18316094228 53.7883696251
2832 2.24354723749 19.315524127 144.584456456 294.184873436 0.591004417628 0.711773407003 3.0957323138 201.416616425 321.047371016 177.088955784 0 1681.90140025 40.8945649544 200.158979422 22.1054350456 5.09859975246 53.9526289841
2856 2.20843269026 18.7479974736 143.575224249 294.198894203 0.594147853294 0.739291830806 1.84515671195 202.6225094 321.074633879 173.786093678 0 1681.98146189 40.9625456779 200.779110521 22.0374543221 5.01853810759 53.9253661215
2880 2.17397739689 18.8876458603 143.601916462 294.212949118 0.597619024398 0.745938169663 0.619300953364 203.824192734 321.096852637 174.837234998 0 1682.05940587 40.9451056207 196.537642995 22.0548943793 4.94059412828 53.9031473638
2904 2.13898215856 18.780403947 143.105397106 294.227542586 0.601559909635 0.789981703532 3.4702027548 200.910713046 321.037195281 172.341816891 0 1682.13828899 40.8750332131 194.495434292 22.1249667869 4.86171101504 53.9628047192
2928 2.10375133199 21.0039655768 145.999224205 294.242589757 0.606549461318 0.813082526798 1.47485735047 202.862920904 320.80480513 162.517661975 0 1682.21704953 40.6655269289 193.570072102 22.3344730711 4.78295047139 54.1951948708
2952 2.07178582637 17.5179994423 146.258689426 294.256574891 0.611295567937 0.816411407138 1.1234332008 203.192284933 320.727046611 157.264737549 0 1682.29128382 40.9973120761 190.810812309 22.0026879239 4.70871618432 54.2729533895
2976 2.04021968404 17.9829121498 140.601761584 294.270708355 0.616128795969 0.831314789815 1.76074176361 202.521106295 320.877771145 159.38785794 0 1682.36216953 40.8774401378 188.226430308 22.1225598622 4.63783047225 54.1222288549
3000 2.01116864509 16.2590835655 139.602713317 294.284014249 0.621043165364 0.864458674656 1.05205165454 203.178432256 321.132382652 165.237050373 0 1682.42905565 41.0973158441 184.833158901 21.9026841559 4.57094435543 53.867617348
3024 1.98183479418 19.1451193774 138.978914574 294.297761798 0.626574099647 0.887613733644 2.46785110729 201.720199261 321.17996781 166.820096352 0 1682.49470872 40.8657193891 181.627340643 22.1342806109 4.5052912846 53.8200321906
3048.0 1001.95386696 15.7186901128 141.776351427 294.311179763 0.632233467461 0.898779071089 0.760077971106 203.397729727 321.204877218 166.784938353 0 1682.55910802 41.128524709 181.529135086 21.871475291 4.44089198403 53.7951227825
3072 377.091589672 5115.0952887 185.379420761 299.487323868 5.82527526504 29.4835328876 63.4059734501 101.797894529 275.904493268 942.606968743 0 1145.88591619 39.8828558974 395.752272016 23.1171441026 541.114083816 99.0955067327
3096 91.4317377857 3336.39650303 190.199783523 328.684593955 12.8195733733 37.7233056113 56.4673340731 64.3051929866 275.263125319 392.912177737 0 1481.31269925 39.0743880593 472.796041701 23.9256119407 205.687300757 99.7368746819
3120 34.1390106673 1168.1698947 179.820974403 351.1598492 10.2422090612 22.2546437403 43.2517452133 73.0915527844 293.160146147 293.423461271 0 1606.11417168 39.0757348691 462.330291131 23.9242651309 80.8858283243 81.8398538534
3144 21.5617820646 445.550668586 168.00327991 355.37108592 2.03650485746 11.0697699466 32.2865347601 99.236104515 309.133070739 326.421130694 0 1637.57945195 39.3620951286 454.167610607 23.6379048714 49.420548056 65.8669292614
3168 16.8958401894 266.159788387 169.584823507 355.865045497 1.24326927726 4.78362883845 19.0612800594 119.046776328 314.986111433 372.583620377 0 1648.64599693 39.5922091525 416.202950309 23.4077908475 38.3540030698 60.0138885671
3192 14.1869010031 212.773280479 170.928885889 356.146960713 0.720657296034 1.38135342688 15.0449501225 126.706078441 316.895306435 367.377864909 0 1654.82714702 39.6567868962 399.092424926 23.3432131038 32.17285298 58.1046935651
3216 12.335749866 163.628743861 177.372131269 356.314901276 0.835857868246 1.11848875954 13.7063175986 128.024434497 317.876069234 358.682815289 0 1659.05764373 39.7838196043 396.607571538 23.2161803957 27.9423562776 57.1239307669
3240 10.955777583 147.820802632 171.80160735 356.46467037 0.873281223354 0.648758214522 5.49039590876 136.522894283 318.739090653 358.481424099 0 1662.17472696 39.8128315259 385.494289937 23.1871684741 24.8252730441 56.260909347
3264 9.87873828514 124.559443367 171.413171782 356.599104188 0.846529283552 0.62505678477 10.3499054416 131.579404302 319.679562013 376.412709504 0 1664.61658985 39.8673773484 365.269024503 23.1326226516 22.3834101559 55.3204379878
3288 9.00663793539 122.747662858 170.221665192 356.71794509 0.875982649782 0.769479566125 7.36957363632 134.267019058 319.808169726 355.111251662 0 1666.57741031 39.8367930221 362.682009902 23.1632069779 20.4225896984 55.1918302747
3312 8.2531560515 107.228105581 163.018980477 356.832740647 0.865572228323 0.761073448588 7.7279693703 133.812644305 320.129723156 354.320772849 0 1668.277004 39.8516201809 352.143240131 23.1483798191 18.7229960041 54.8702768442
3336 7.66111824252 94.437297934 163.804295672 356.929841701 0.864711158966 0.475055223537 3.894384162 137.836007754 320.763663304 354.205359047 0 1669.63024977 39.9588151937 356.605888721 23.0411848063 17.3697502387 54.2363366961
3360 7.13303740725 94.906375312 163.776372032 357.021196088 0.849678062878 0.953973708768 4.93861920078 136.236532939 320.378412039 332.424649793 0 1670.81057636 39.8778486757 355.136765148 23.1221513243 16.1894236403 54.6215879613
3384 6.66276229718 81.7546551536 165.196067206 357.108147804 0.831438818226 0.359353666327 7.45769085324 134.243368858 320.676721289 329.294128232 0 1671.87983998 39.9546461139 347.113929734 23.0453538861 15.1201600257 54.3232787117
3408 6.25670680418 80.8541332968 165.93252984 357.185498894 0.818699688893 0.990515126501 8.39816391888 132.607122371 320.339662876 306.409996042 0 1672.79680613 39.946457269 336.619960969 23.053542731 14.2031938706 54.6603371241
3432 5.89337825114 72.2233208134 164.965895446 357.257665416 0.790594915382 0.727501188637 10.5323592548 130.691879225 320.303710732 292.426008463 0 1673.61933843 39.9724965595 330.806932843 23.0275034405 13.3806615711 54.6962892681
3456 5.58890442985 62.063145982 162.849363931 357.320326621 0.769957717882 0.142966347175 3.86810160608 137.898647707 320.653651904 292.303453543 0 1674.31609657 40.1007085648 322.641171152 22.8992914352 12.6839034305 54.3463480966
3480 5.31234606225 60.712356218 160.750146978 357.37738328 0.732994269303 0.41454182627 5.06686288997 136.408217734 320.70559715 282.414552273 0 1674.93916104 40.0694824947 318.860569992 22.9305175053 12.0608389604 54.29440285
3504 5.07348663079 55.094755123 158.525394778 357.427418896 0.719834871813 0.630493456538 2.3146586697 138.907594105 320.964327609 285.881768106 0 1675.4846208 40.1591682539 311.868821342 22.8408317461 11.5153792052 54.0356723918
3528 4.84762631654 56.9872393607 157.246590377 357.47645826 0.717341305473 0.758352421753 3.60753362624 137.440314386 320.854694294 274.855764011 0 1675.99115487 40.0819303182 305.898505794 22.9180696818 11.0088451389 54.1453057066
3552 4.65817174052 48.0632214718 152.118795981 357.519515142 0.723870375027 0.896735154885 4.66046076609 136.199418561 321.685202961 297.06552954 0 1676.43019752 40.3254022387 297.48969304 22.6745977613 10.569802484 53.3147970395
3576 4.46910702105 54.1516946952 152.068940541 357.565003011 0.742174711498 1.12934009493 3.81238540894 136.751096774 321.304486926 290.226329567 0 1676.84649174 40.0406798363 284.876505907 22.9593201637 10.1535082635 53.6955130749
3600 4.29909827729 45.6303488897 156.480577809 357.607914467 0.725654572587 0.320687801959 1.59251151757 139.753231641 321.226993488 276.77841408 0 1677.23944057 40.2641512592 283.881885208 22.7358487408 9.7605594307 53.7730065128
3624 4.14115757869 43.8889031736 158.802416209 357.648073911 0.706314613808 0.432486073832 2.25975800295 138.953367398 321.054569187 263.040263573 0 1677.59666501 40.2708745525 280.681654083 22.7291254475 9.40333499054 53.945430813
3648 4.00204952948 39.6231681111 160.967224959 357.683967658 0.695227789052 0.535833177766 3.23780917179 137.847162203 321.11547351 257.855836669 0 1677.91393974 40.3751628126 273.445167734 22.6248371874 9.08606026523 53.8845264909
3672 3.87721540714 39.3810004762 154.964597615 357.716902154 0.691856489215 0.694439729232 2.56305877454 138.333742853 321.181081871 253.034808717 0 1678.19707957 40.3979958516 273.150653094 22.6020041484 8.80292043299 53.8189181296
3696 3.75712681921 38.8383368073 151.828624651 357.749582692 0.693362068728 0.741418848788 2.04800665427 138.767629736 321.374358018 254.89343368 0 1678.46839151 40.3729497404 267.453477548 22.6270502596 8.53160849695 53.6256419828
3720 3.64557047266 32.9490882189 149.913506924 357.781004988 0.697172136525 0.816068451456 2.19237572244 138.513378702 321.664926566 263.704263033 0 1678.72400831 40.5599407384 259.720641283 22.4400592616 8.27599169372 53.3350734343
3744 3.54453454706 36.2667157585 154.429333982 357.810515709 0.703099366709 0.869932609563 2.94401592594 137.672436389 321.293001884 252.611710047 0 1678.95007781 40.400705988 254.873502814 22.599294012 8.04992218914 53.7069981169
3768 3.44091384293 35.5737906379 153.238875692 357.841991858 0.711817384397 0.94017348344 2.9788719868 137.527145287 321.218392866 239.656789963 0 1679.18382315 40.3855376199 254.600444846 22.6144623801 7.81617685328 53.7816071347
3792 3.34572536758 32.816282741 153.717045015 357.872124169 0.713525131119 0.0627597564113 3.58947767601 137.762113267 321.143182886 233.713696468 0 1679.40056482 40.445461662 248.821661891 22.554538338 7.59943518766 53.8568171141
3816 3.25981095638 31.1196188403 153.229519532 357.89950453 0.690402518821 0.141223423974 1.93790131902 139.330968208 321.220515449 228.100476818 0 1679.59703012 40.5733872484 248.552440042 22.4266127516 7.40296988189 53.779484552
3840 3.18141784357 30.3247673205 150.712320132 357.924367817 0.671992122955 0.204477851927 0.955283268384 140.243878939 321.38672956 231.529215548 0 1679.77469182 40.5845994617 244.747414178 22.4154005383 7.2253081868 53.6132704407
3864 3.10217275042 29.3368046164 146.594399828 357.949471799 0.655394113831 0.252776896571 2.18320484637 138.959152344 321.378502507 229.671181803 0 1679.95332153 40.541436751 244.35746271 22.458563249 7.04667847886 53.621497494
3888 3.02734156632 29.8940458257 149.438115194 357.973228996 0.642575658201 0.350048518737 3.13451577983 137.899631047 321.291961946 222.708721375 0 1680.12281287 40.5290088346 243.160490859 22.4709911654 6.87718712932 53.7080380548
3912 2.95474169598 28.7619244775 148.479156422 357.996448367 0.633138095564 0.39613043604 1.14862212734 139.825660974 321.195251453 217.822130447 0 1680.28682801 40.5169734434 240.399976254 22.4830265566 6.71317199289 53.8047485473
3936 2.88924054063 27.3346385717 146.068174841 358.017609246 0.625602465326 0.412366970449 0.828814782499 140.115606535 321.470731135 222.092929007 0 1680.43656331 40.612656413 236.125107065 22.387343587 6.56343669329 53.5292688654
3960 2.83144860649 24.3699653129 142.622864405 358.036476192 0.619552672604 0.432714204347 1.03369463532 139.877562295 321.769698903 231.383297344 0 1680.56944709 40.807866239 233.264656065 22.192133761 6.43055291395 53.2303010971
3984 2.77482183928 25.2204154684 145.101860556 358.055168852 0.614285250131 0.451178137938 1.23941722574 139.639950533 321.669158284 230.000945525 0 1680.69701086 40.7499041053 229.749422773 22.2500958947 6.30298914528 53.3308417163
4008 2.71763320658 24.9203747515 148.129938955 358.074285184 0.60988196369 0.495733896397 2.52079386752 138.299305088 321.526452856 224.454248769 0 1680.82612129 40.6974500928 227.590198943 22.3025499072 6.17387871631 53.4735471442
4032 2.65991586047 24.6975778394 147.152609026 358.093876101 0.6072347183 0.553086682734 2.90540303905 137.840399459 321.352168312 214.762788636 0 1680.95609055 40.6394949245 225.777128049 22.3605050755 6.04390945591 53.6478316886
4056 2.60566823064 26.1625652336 151.979398387 358.112623619 0.605925635589 0.567236614334 1.19178495933 139.522429171 321.009667964 200.874872994 0 1681.07829522 40.5551257694 222.1517833 22.4448742306 5.92170478366 53.9903320364
4080 2.55363305745 22.5680080953 146.798538709 358.130944103 0.605199534498 0.598075533594 0.351973752073 140.313807077 321.157681476 198.982027111 0 1681.1978787 40.764349971 219.861724602 22.235650029 5.80212129954 53.8423185246
4104 2.50606818566 23.0128278023 144.843508089 358.1480113 0.605234570587 0.625531602309 2.22958257178 138.391639955 321.313848124 200.769460021 0 1681.30561208 40.7440488698 214.864574326 22.2559511302 5.69438792865 53.6861518767
4128 2.45881545956 21.7679021996 144.320183338 358.165306672 0.606400807763 0.667583713209 2.12285614159 138.437852665 321.365812727 200.333734489 0 1681.41282992 40.7831620164 211.25618247 22.2168379836 5.58717008221 53.6341872736
4152 2.41446130459 21.1909312474 146.204925311 358.181891267 0.608453091361 0.691302644758 0.875532173785 139.642820823 321.277369775 197.015566651 0 1681.5135012 40.7949239498 208.874695024 22.2050760502 5.48649880373 53.7226302257
4176 2.3720374575 22.1012030824 143.42497305 358.198099596 0.610705429721 0.704509910542 1.54831143425 138.938373629 321.316796974 197.048294719 0 1681.60912092 40.7053124414 205.70277465 22.2946875586 5.39087907933 53.6832030265
4200 2.32903996399 22.6691468758 143.718411907 358.214893337 0.613348091678 0.710700429926 1.35159688422 139.109461257 321.226962093 192.447157445 0 1681.70590674 40.6180269587 203.735981987 22.3819730413 5.29409326681 53.7730379078
4224 2.29047170389 18.2742211317 142.081503485 358.230287094 0.61584121917 0.718534867921 0.818051305726 139.617285513 321.534665319 196.849537554 0 1681.79591824 41.0511935529 202.997216758 21.9488064471 5.20408176458 53.4653346815
4248 2.25515610512 19.3723475589 144.211237743 358.244670008 0.618390628353 0.737066165849 2.01999299076 138.379880207 321.414380507 193.422037027 0 1681.87566964 40.9754777811 200.434113044 22.0245222189 5.12433035936 53.5856194932
4272 2.21808935783 19.5895949808 143.622859222 358.260080995 0.62147516972 0.747901170128 0.451205755986 139.919336909 321.196731589 188.810526162 0 1681.9586743 40.8214102201 199.010400583 22.1785897799 5.0413257019 53.8032684119
4296 2.17943010386 21.2409811728 141.499525119 358.27651723 0.625037793697 0.772249488296 1.06412779654 139.262067691 321.145225502 181.36940585 0 1682.04587561 40.7521360902 198.684006367 22.2478639098 4.95412439691 53.854774499
4320 2.14311532065 19.4757778035 143.368073669 358.292319408 0.628940451544 0.787846592088 1.52986579365 138.761027754 320.979448682 173.831275467 0 1682.12850093 40.7930495249 198.48566408 22.2069504751 4.87149907308 54.0205513186
4344 2.10996284627 17.9018917769 142.458198597 358.307072996 0.632942793186 0.815143950713 1.7179525523 138.526887708 321.139698234 174.659120865 0 1682.20450278 40.9522085427 196.441613477 22.0477914573 4.79549722565 53.8603017662
4368 2.07653871872 18.5227621458 140.960599743 358.322286344 0.637410671399 0.825876409368 1.01585893148 139.198567644 321.132602738 173.150114472 0 1682.27979665 40.8544966884 193.55455837 22.1455033116 4.72020335579 53.8673972623
4392 2.04429147563 18.4054780089 145.869369618 358.33730277 0.641837922724 0.828642882669 1.26293525376 138.929281171 320.850799691 161.34213781 0 1682.35281483 40.8332322257 194.788324246 22.1667677743 4.64718517007 54.149200309
4416 2.01337782433 17.7945130889 142.632615407 358.352022816 0.646291375096 0.85149689834 2.38268508143 137.767503829 320.912928981 158.91655668 0 1682.42367027 41.0090144924 194.075405824 21.9909855076 4.57632973318 54.087071019
4440 1.98439122085 16.292355979 141.151027188 358.36613257 0.651116833268 0.883468107712 1.32886767194 138.770414817 321.066418842 161.738037777 0 1682.48967028 41.0707671803 192.470565444 21.9292328197 4.51032972836 53.9335811581
4464 1.95624604385 16.6736586921 140.364732009 358.38013739 0.656086987042 0.888150364751 1.28324630714 138.792378951 321.012584151 162.017279892 0 1682.55333804 41.0224123411 189.021470679 21.9775876589 4.44666196887 53.9874158495
4488.0 1001.92655079 17.4821474289 142.376632084 358.395253432 0.661624704559 0.908888560263 1.41386908034 138.620364222 320.889211792 156.763725603 0 1682.61994252 40.8559871953 185.783717436 22.1440128047 4.38005748849 54.1107882088
4512 371.929660031 5102.79564939 181.755306133 363.033636337 7.77265734672 19.5767206247 43.4486406927 66.1683449976 275.362023706 899.156570084 0 1149.51701179 39.8668985844 393.528942264 23.1331014156 537.482988215 99.6379762951
4536 89.8348424696 3353.47154823 184.826097254 383.961294674 9.6178245008 28.4810522424 31.144017132 46.7958114495 274.936137165 371.827838335 0 1484.03818098 39.0656092184 452.252644407 23.9343907816 202.961819026 100.063862836
4560 33.6099421649 1160.2062142 178.871728115 397.113098685 8.44983158662 18.7448152802 31.3952877846 44.2969666625 293.092593249 279.991859388 0 1607.30318159 39.0728668899 455.380878782 23.9271331101 79.6968184212 81.9074067514
4584 21.1706171823 424.155134227 170.709043026 400.151758934 2.14512930197 8.05704687115 22.5101307825 67.1359341092 309.289834084 325.432792818 0 1638.47463382 39.3725789969 430.137324027 23.6274210031 48.5253661914 65.7101659172
4608 16.7255678502 274.11328892 168.022343615 400.727481883 1.19981992451 5.84560834029 10.6403613278 81.5867285234 314.94846799 351.820567198 0 1649.01997289 39.5726554058 405.17248097 23.4273445942 37.9800271149 60.0515320113
4632 14.1089662216 194.887395167 170.112847259 400.921611149 0.97457788899 1.29100655852 8.96063441956 87.8521699834 317.331772029 380.033507128 0 1655.04737247 39.7321617201 384.385167891 23.2678382799 31.9526275413 57.6682279714
4656 12.327133906 160.030073711 174.846421353 401.117492992 0.962573607374 0.78434086708 9.27131602674 87.8642765057 318.222627373 371.101429025 0 1659.08694318 39.8045020717 390.620421911 23.1954979283 27.9130568314 56.7773726279
4680 11.0240848407 145.477642111 175.940484116 401.273432821 0.911352475388 1.00296917404 6.92167485366 89.890570675 319.119705111 377.233668134 0 1662.03487002 39.8365880861 380.997192293 23.1634119139 24.9651299848 55.8802948897
4704 9.96840532547 133.079669951 184.787563432 401.409437666 0.895639494384 1.11145942829 4.10462628901 92.4788371212 319.147014337 361.074015287 0 1664.41233364 39.837962653 367.055379794 23.162037347 22.5876663652 55.8529856635
4728 9.11375929015 112.137166119 176.665964337 401.528941066 0.867525672818 0.683015606227 5.81558128184 91.1049363719 319.948159287 366.149515257 0 1666.35866309 39.9523921427 355.148003539 23.0476078573 20.6413369232 55.051840714
4752 8.40753346995 107.670575975 171.019313848 401.633638443 0.857723260106 0.314340892358 7.07086429541 90.1234331084 320.224050599 366.16277806 0 1667.94304602 39.9114098081 342.577963098 23.0885901919 19.0569539853 54.7759494018
4776 7.8123351638 96.6036346586 169.399116161 401.726000794 0.827590288275 0.736102313349 2.77691038881 93.9333962146 320.694343454 371.734158838 0 1669.29184031 39.957645716 327.567076262 23.042354284 17.7081597013 54.3056565463
4800 7.27938190405 96.0790233429 167.548211557 401.813797413 0.834900364164 1.05487255573 4.17738870913 92.1190409576 320.517476699 343.933498712 0 1670.48276268 39.884981719 327.003460758 23.115018281 16.5172373306 54.4825233023
4824 6.80767474574 83.5661585643 162.785492049 401.899238836 0.862522363644 0.31012614894 3.10502783675 93.8230848135 320.787552319 340.550287195 0 1671.5556409 39.9655404161 319.999035951 23.0344595839 15.4443591048 54.212447682
4848 6.40150604818 75.5361161401 172.748685537 401.976867338 0.824196093196 0.543651185717 3.49118862158 93.1640967609 320.440372056 313.613300829 0 1672.47805458 40.0335646781 315.973838447 22.9664353219 14.521945425 54.5596279451
4872 6.04943787044 69.2393776633 163.791639792 402.04604753 0.809007925478 0.696826913788 1.26819162021 95.1799260097 320.748201529 314.488601585 0 1673.27673665 40.0904860963 305.471935558 22.9095139037 13.7232633633 54.2517984722
4896 5.73837390576 69.5002814597 162.388571576 402.109868101 0.804786318794 0.830241598999 3.51262755959 92.7424764212 320.829011426 300.7755636 0 1673.97621295 40.0329730552 303.449871265 22.9670269448 13.0237870565 54.1709885744
4920 5.44825167382 62.6786321945 167.120966307 402.172527415 0.792251390898 0.0916509307385 4.39232502068 92.5512452421 320.569768672 283.030744891 0 1674.63563238 40.1192597965 297.334917678 22.8807402035 12.3643676241 54.4302313288
4944 5.20384595186 57.2346808076 164.407121863 402.225565633 0.750552200727 0.241512853825 3.73866117402 93.0437081378 320.678938274 275.731034503 0 1675.19057496 40.1575787875 295.183889943 22.8424212125 11.8094250514 54.3210617269
4968 4.98529513446 56.6413711011 155.607432504 402.272968796 0.724686607559 0.412482929388 2.5757475321 94.0141141337 321.086109348 282.707586159 0 1675.68506435 40.1654055725 288.302702312 22.8345944275 11.3149356587 53.9138906529
4992 4.77139772684 57.3101199489 156.08193507 402.320080607 0.709412727129 0.552605798227 1.57980917366 94.8380916934 320.95646259 271.039677473 0 1676.16568476 40.1091771274 286.782200748 22.8908228726 10.8343152516 54.0435374112
5016 4.58335767889 49.6686799535 158.742882622 402.362645644 0.703272106295 0.667605218204 3.08788059729 93.1785964336 321.038653723 267.61321204 0 1676.59677779 40.2599674467 284.37055929 22.7400325533 10.4032222233 53.9613462774
5040 4.41021885142 46.3794111088 157.756388512 402.403252039 0.703294466218 0.728793268388 1.4415022935 94.7231579316 321.000255435 263.701114879 0 1676.98720206 40.2428175769 280.086720284 22.7571824231 10.0127979492 53.9997445661
5064 4.25585723002 43.4727335775 156.133535948 402.440889651 0.705552758189 0.762498572174 1.43154356282 94.6595154547 321.166177771 261.583234692 0 1677.33921703 40.332676095 279.628786371 22.667323905 9.66078298183 53.8338222295
5088 4.11018025889 43.4080174478 153.98491303 402.477851641 0.709626867209 0.792107152679 1.30816924454 94.7122450939 321.312799135 265.996101036 0 1677.66761227 40.2965877104 270.166085098 22.7034122896 9.33238773476 53.687200866
5112 3.97173750369 47.4060970421 152.023165371 402.514441599 0.714672515521 0.844018048889 3.05404956755 92.8728182685 321.204806418 261.42558269 0 1677.97642921 40.1215895906 261.157164671 22.8784104094 9.02357080061 53.7951935823
5136 3.83427197885 40.6852868728 158.659890718 402.552405884 0.722713309641 0.895035036568 1.92579527011 93.9040504989 321.149078699 254.0051388 0 1678.29116069 40.2764057095 252.327107305 22.7235942905 8.70883932017 53.8509213015
5160 3.71924334883 35.4790519391 155.356264168 402.58562194 0.731621768089 0.947846037383 2.11211236572 93.6227978877 321.2714652 252.80580068 0 1678.55657501 40.5037721873 247.340280467 22.4962278127 8.44342499617 53.7285348004
5184 3.61292723586 32.9834532308 154.055193642 402.617628721 0.733463660802 0.0319357354084 2.04749822054 94.5694736612 321.37901339 250.001108025 0 1678.79710043 40.5233425815 247.029075863 22.4766574185 8.20289958321 53.6209866108
5208 3.51990782091 32.1137813456 153.952896651 402.645811799 0.707822245349 0.0976107356555 0.689898729259 95.8588564896 321.484935284 250.113634128 0 1679.00920985 40.6078851155 243.229292746 22.3921148845 7.99079015801 53.5150647167
5232 3.43054131718 30.2460388478 154.483348547 402.672674861 0.68522641059 0.120335433455 0.359711909772 96.1620513841 321.419911078 243.897960051 0 1679.21189961 40.644463107 242.865064523 22.355536893 7.78810039829 53.5800889224
5256 3.33900912016 32.8705663413 155.350377424 402.700019372 0.663269433371 0.14968281572 1.20512956676 95.2818988108 321.093498977 230.684405514 0 1679.41509423 40.4139400019 240.861580753 22.5860599981 7.58490578289 53.9065010237
5280 3.25341637964 33.3123901323 149.598001307 402.725483395 0.644615868664 0.204585628912 1.83902728944 94.5862878176 321.063913852 222.993256402 0 1679.60942052 40.4243517083 243.091174589 22.5756482917 7.39057948723 53.9360861492
5304 3.17165510722 31.6185643644 144.960176858 402.749794131 0.629397663664 0.265069125257 1.37976403245 94.9759750465 321.56137428 234.853900002 0 1679.79555949 40.4965517877 236.778995237 22.5034482123 7.20444051425 53.438625721
5328 3.09215356777 30.1373327165 150.769819213 402.773508452 0.616572233001 0.319030497864 1.91816673165 94.3727220849 321.345392496 226.717399352 0 1679.97569593 40.5123325048 235.985439019 22.4876674952 7.02430408255 53.6546075052
5352 3.0177487058 30.9622654857 148.695624011 402.795852133 0.607126480857 0.403877856943 3.23920373266 92.9539397961 321.133500838 218.51798955 0 1680.14351995 40.4630056575 233.42749928 22.5369943425 6.85648005354 53.8664991627
5376 2.95112087132 27.5013879571 147.406828017 402.816084554 0.601529191858 0.461185747364 1.31538753837 94.8058129675 321.585345494 226.887421389 0 1680.29735252 40.6876093536 227.469100099 22.3123906464 6.70264748458 53.4146545065
5400 2.88435503825 26.6030344879 150.817020996 402.836654312 0.597089005872 0.478499375865 0.547345846484 95.5404114585 321.312724198 220.199533277 0 1680.44743547 40.6122164517 223.874486881 22.3877835483 6.55256453754 53.6872758029
5424 2.82215343585 25.3588284149 146.855877032 402.856120401 0.593543045393 0.495603400787 1.62299442871 94.4317387232 321.420409449 222.27528665 0 1680.58907758 40.6846153253 218.759954746 22.3153846747 6.41092242424 53.579590552
5448 2.76621370675 23.5341337091 147.474162369 402.8739058 0.591022015529 0.514286904359 0.439119844265 95.5816654351 321.412890697 219.941908583 0 1680.71662161 40.7845618859 217.974198214 22.2154381141 6.28337840066 53.5871093034
5472 2.71004891275 25.6506518635 146.768890288 402.892056153 0.588800594842 0.522425337398 0.345120433691 95.6515974802 321.463150001 216.576701222 0 1680.84239041 40.6264053989 216.408792407 22.3735946011 6.15760959469 53.5368499996
5496 2.65102740523 26.8531206082 146.76507629 402.911468556 0.586715785219 0.529971530932 1.46570333527 94.5061407915 321.198560668 208.83797724 0 1680.97463058 40.4772694946 213.100294957 22.5227305054 6.02536943324 53.8014393326
5520 2.59791688424 24.7505905329 148.020545954 402.929258719 0.585579114584 0.567882848351 2.26908195425 93.6481973634 321.173896485 204.377508243 0 1681.09691949 40.6617339954 208.192507896 22.3382660046 5.90308051798 53.8261035155
5544 2.54757786504 21.5327665783 145.897022136 402.946441756 0.585382835973 0.588890423166 2.00772873705 93.8715562468 321.27129827 203.258788801 0 1681.21200323 40.8351468752 204.645222004 22.1648531248 5.78799677813 53.7287017313
5568 2.50059820794 23.7103640269 146.509778916 402.962787074 0.585503488475 0.589969207421 0.6492963758 95.212443853 321.293332703 200.674235527 0 1681.31742234 40.6581236847 199.450039531 22.3418763153 5.68257766388 53.7066672975
5592 2.45269781509 23.3993370775 147.2885247 402.979778279 0.585940815639 0.612942565791 1.34908369851 94.4722546404 321.121089554 195.499956371 0 1681.42580072 40.656109107 194.592408658 22.343890893 5.57419929224 53.8789104471
5616 2.40898343347 20.1651347574 146.592264826 402.995596856 0.58694499367 0.63365880187 1.85832899835 93.9254703489 321.244002003 193.913976441 0 1681.52654853 40.8994425036 191.983815177 22.1005574964 5.47345147469 53.7559979983
5640 2.36826349448 23.4677670579 146.961885082 403.010623816 0.588397664915 0.65067343116 0.240219457615 95.5100856297 321.248662815 187.491052822 0 1681.61814917 40.7648619557 191.504753249 22.2351380443 5.38185083546 53.751337186
5664 2.32602664237 19.5539866263 147.21004878 403.026529723 0.590187103614 0.666327348034 1.75776096503 93.9591948596 321.016489786 181.198412439 0 1681.71441823 40.8981803271 191.230965173 22.1018196729 5.28558177622 53.9835102151
5688 2.28809634364 20.9030992476 143.350744895 403.041111225 0.592458292244 0.704061128898 3.00853443192 92.6538349207 321.078736561 180.541015573 0 1681.80000891 40.7887530131 189.051839705 22.2112469869 5.19999109557 53.9212634397
5712 2.2509690123 19.0832586749 144.611529322 403.05568787 0.595749863203 0.74547854948 0.236622800825 95.3664609156 321.180319276 179.890181858 0 1681.88495714 40.9533519325 187.086962145 22.0466480675 5.11504286402 53.8196807251
5736 2.21636299869 18.872194752 142.572788072 403.069573215 0.599245348434 0.755353762371 0.403655128774 95.1721725443 321.219000118 180.656722998 0 1681.96353604 40.971230331 184.308167767 22.028769669 5.03646397244 53.7809998827
5760 2.18325367845 17.6367428102 139.238569471 403.083141898 0.602742499869 0.754846932486 0.528141300338 95.0311273687 321.394463658 185.46022931 0 1682.03904247 41.0724608916 182.68590794 21.9275391084 4.96095753773 53.6055363427
5784 2.15008585568 20.3843414781 139.017867904 403.097022697 0.606257408047 0.762709286394 1.67166812342 93.862342484 321.448367252 185.069813471 0 1682.11316292 40.8341687784 181.212871988 22.1658312216 4.88683708622 53.5516327485
5808 2.11446455431 19.4711345537 140.773134221 403.112264604 0.610217313286 0.767560414922 1.01724317927 94.4927144877 321.319834379 184.195591392 0 1682.19346559 40.781885966 178.833680693 22.218114034 4.80653442287 53.6801656218
5832 2.08299491063 16.6504588949 141.969740307 403.126029481 0.613721308465 0.767152108048 1.1315662141 94.3615308877 321.31747959 180.164755071 0 1682.26629912 41.1000784646 181.495246887 21.8999215354 4.73370089334 53.6825204105
5856 2.05459827254 15.6157280277 143.958882351 403.138698174 0.616884664564 0.774371244443 0.0514266936999 95.4186192225 321.149775921 174.186779436 0 1682.331249 41.2431388868 181.214393896 21.7568611132 4.66875100481 53.8502240802
5880 2.02731006892 16.271449108 140.585340259 403.151101404 0.619989313238 0.775783900498 0.932178900673 94.5209464806 321.346826538 177.722490248 0 1682.39309203 41.2197105243 177.065950321 21.7802894757 4.60690797964 53.6531734629
5904 1.99530621946 18.1329563327 140.638021554 403.165943612 0.623677348447 0.778837054487 1.16709537742 94.264446607 321.073977448 168.868413704 0 1682.46367579 40.8136544511 178.068472964 22.1863455489 4.53632422137 53.9260225533
5928.0 1001.96759448 17.1270643042 139.607839524 403.179062119 0.626991676752 0.787992044634 1.11768544027 94.2882687184 321.22590629 170.791938465 0 1682.527882 41.0600259627 175.12619405 21.9399740373 4.47211800733 53.7740937107
5952 370.456662506 5275.44127812 172.155209776 405.810237826 3.19617840227 13.5907549075 29.2157440056 48.1870848574 274.963943614 868.551185776 0 1150.17388572 39.8338198893 405.668270019 23.1661801107 536.826114285 100.036056387
5976 88.4028039846 3363.69020457 184.929214285 419.098392717 7.67388389572 17.7375403663 25.5384769526 29.9517060676 274.981177 386.468201582 0 1486.65338738 39.0575807224 455.866232712 23.9424192776 200.346612632 100.018823001
6000 32.973108352 1155.64908079 175.796373406 427.517347877 2.64615861122 10.6918224376 23.7141873281 35.4304837455 293.268457153 282.002990115 0 1608.72548431 39.0666564452 480.311035943 23.9333435548 78.2745156932 81.7315428476
6024 20.8321593752 432.499259983 170.806321654 429.294108745 2.05201831319 6.94858361903 12.135492981 49.5697963409 309.197648795 319.079672684 0 1639.21107055 39.3539983228 458.479646471 23.6460016772 47.7889294539 65.8023512053
6048 16.3420576066 273.579849214 170.611570343 429.886312336 0.127085721814 3.00691810828 8.03981896766 58.9398648658 314.616491443 340.884902522 0 1649.84774895 39.5508745851 420.570672446 23.4491254149 37.1522510603 60.3835085575
6072 13.8340933975 198.004110065 167.872238768 429.962578442 0.40124401725 0.382240550507 6.67564915738 62.5782878317 317.408509321 370.002032926 0 1655.65354726 39.7112611339 420.741444457 23.2887388661 31.346452744 57.5914906797
6096 12.040059633 181.677431721 163.478505573 430.053967232 0.508978375643 1.39426817605 4.54580558022 63.4969806349 318.221650646 369.625621376 0 1659.68681004 39.6867672039 403.53560491 23.3132327961 27.3131899701 56.7783493543
6120 10.6579486938 155.605458174 165.647396176 430.151740828 0.561802746153 1.10199485023 7.36516656468 60.8192950102 318.862437725 369.59886202 0 1662.8154016 39.7138746519 388.102098275 23.2861253481 24.1845984068 56.1375622753
6144 9.58013014847 128.304528127 166.740025494 430.243749971 0.580434895569 0.78199527202 2.74424483137 65.6495750293 319.551083661 372.613036387 0 1665.26925843 39.7964872413 374.914210522 23.2035127587 21.7307415793 55.4489163395
6168 8.71462870349 117.91545291 168.588188013 430.328655338 0.603342228628 0.1252857063 5.55101344319 63.3917032831 319.543228811 336.772727195 0 1667.22743492 39.812143638 380.982643955 23.187856362 19.7725650899 55.4567711893
6192 8.03654812321 108.177805749 163.295464414 430.399635953 0.570976904673 0.442622847656 3.19060577907 65.3961585146 320.367398603 352.337852362 0 1668.76951355 39.8652244884 364.985605845 23.1347755116 18.2304864617 54.6326013978
6216 7.45369201021 92.7713096509 171.925539284 430.463776505 0.568392216134 0.653580406478 2.37660671484 65.9376441568 320.228404257 338.784464973 0 1670.09449592 39.9414745796 352.365738999 23.0585254204 16.9055040895 54.7715957437
6240 6.9525927517 89.2384160147 166.79882693 430.523816244 0.584089587126 0.790280520246 2.07188569788 66.0299279499 320.385051064 326.267094392 0 1671.22477028 39.9310827054 345.168554308 23.0689172946 15.7752297257 54.614948937
6264 6.52247794718 77.5594982861 166.092859181 430.580959329 0.61268429592 1.03789700868 2.91475591626 64.8537034494 320.723809349 325.796387455 0 1672.20147284 40.0007776033 333.627597421 22.9992223967 14.7985271714 54.2761906517
6288 6.14026824328 84.7085509359 159.589271038 430.636883736 0.603264405741 0.21375007673 2.65298021234 65.8931215681 320.608308987 313.215659197 0 1673.05486074 39.8691122884 322.354403079 23.1308877116 13.9451392692 54.3916910134
6312 5.79736405901 70.3245580933 158.023954466 430.687736401 0.580462425695 0.449245868739 3.02372938972 65.258825914 320.941092511 307.137825577 0 1673.84028206 40.009081443 323.695758035 22.990918557 13.1597179475 54.0589074899
6336 5.50704201034 60.1530686245 161.392353934 430.7321745 0.573623057934 0.518482719621 2.06775875479 66.1079609663 320.889470347 299.64727368 0 1674.50401818 40.1365922804 324.349016905 22.8634077196 12.4959818309 54.1105296536
6360 5.24964399542 60.9356862125 161.382011656 430.773255259 0.570977145026 0.550738632097 1.81889068686 66.286138276 320.844728908 290.668587848 0 1675.08091619 40.0500471743 316.344799513 22.9499528257 11.9190838194 54.1552710931
6384 5.0029725165 59.2901613586 154.276423798 430.814508173 0.572757224415 0.626331811604 1.49348769977 66.4929150901 321.016115994 289.113053396 0 1675.63767903 40.0388108135 310.802975067 22.9611891865 11.3623209744 53.9838840067
6408 4.78598636976 56.2689503211 158.022741347 430.852754777 0.577886624139 0.678549019645 0.820948723389 67.0698608552 321.096532448 288.284147579 0 1676.13132536 40.0757807324 298.435062241 22.9242192676 10.8686746496 53.9034675524
6432 4.58918712327 53.2697798968 158.818063404 430.889370576 0.585272591759 0.717734657175 0.927968126784 66.8796540473 321.131906635 281.031166938 0 1676.57850333 40.1211048237 292.758650956 22.8788951763 10.4214966768 53.8680933656
6456 4.40893798318 47.4613069505 161.895179306 430.924804042 0.594263376639 0.774795075808 2.79788132582 64.9082561789 320.956220366 267.461384128 0 1676.98966036 40.2200324612 290.420469985 22.7799675388 10.0103396456 54.0437796352
6480 4.24898217365 42.7089005054 155.818872706 430.958067769 0.606294386142 0.834889821036 1.33657514116 66.2641728818 321.20263112 268.882013243 0 1677.35494597 40.3484051645 284.281299475 22.6515948355 9.64505403413 53.7973688804
6504 4.10361040175 42.8723353758 152.569351947 430.990041239 0.618289995938 0.848699857653 1.74950655055 65.7934623558 321.383398202 272.092770761 0 1677.68246136 40.2846876128 276.381404186 22.7153123872 9.31753865191 53.6166017988
6528 3.96627370208 46.0784914227 154.712926353 431.021930879 0.631119935223 0.891249776064 1.02121332997 66.4344860788 321.34952405 260.82443612 0 1677.99210031 40.2302921607 271.727206465 22.7697078393 9.00789969772 53.6504759502
6552 3.83371455669 41.3280132649 156.518272584 431.054452191 0.644503754219 0.909058709735 1.33167701611 66.0603083284 321.041368204 247.460051659 0 1678.29287826 40.2841514249 271.585437039 22.7158485751 8.7071217431 53.958631797
6576 3.70807156044 40.5225415059 156.585745148 431.08700125 0.658020273032 0.934489515709 1.55539273651 65.7650962241 320.905946385 234.592147724 0 1678.57786691 40.3156212741 265.307421227 22.6843787259 8.42213309762 54.0940536156
6600 3.59595037586 37.3349011907 149.902866256 431.117596375 0.670405745075 0.925768198978 0.586415949034 66.6998137311 321.238014483 243.754800617 0 1678.83229525 40.3440502754 255.071689145 22.6559497246 8.16770475621 53.7619855179
6624 3.49035762777 34.9218341034 152.766352484 431.147818957 0.681571677371 0.925861741738 0.510636780235 66.7341108432 321.241211479 239.06120144 0 1679.07264965 40.425200281 249.776019612 22.574799719 7.92735035719 53.7587885219
6648 3.39788936759 32.9768709358 151.702812727 431.175461786 0.691036608882 0.919497631872 1.15683891345 66.0571650591 321.376720344 243.674834393 0 1679.28290904 40.4577825891 241.340978036 22.5422174109 7.71709096823 53.6232796564
6672 3.30958785887 33.3558962503 154.033552022 431.202931568 0.699839766344 0.911445314509 0.754422354634 66.4313609954 321.127914559 230.758257634 0 1679.4817813 40.3967206463 241.465458925 22.6032793537 7.51821870593 53.8720854421
6696 3.22417770486 33.3867197491 155.051984098 431.230536876 0.707910926996 0.917668905659 1.30492629086 65.8389569993 320.888208933 216.711255143 0 1679.67479912 40.3767319676 240.813219086 22.6232680324 7.32520088439 54.1117910676
6720 3.14337853825 31.5260424427 151.194087684 431.257638269 0.715869743991 0.923060170466 0.779376328067 66.3240554875 321.017598899 217.408395372 0 1679.8586889 40.4354529092 234.677188253 22.5645470908 7.14131110341 53.9824011013
6744 3.06556854231 28.1052180148 150.328182335 431.284701607 0.72385960165 0.941147493052 1.19502819635 65.8552631014 321.160257179 218.372261111 0 1680.0370771 40.6201406705 227.230559371 22.3798593295 6.96292290805 53.8397428214
6768 2.99823573814 28.0671846147 151.714331694 431.308934196 0.730887686182 0.937430781561 1.3731940886 65.6495532464 321.344856886 217.808813302 0 1680.19047746 40.6744159341 222.453533275 22.3255840659 6.80952254327 53.6551431151
6792 2.93218880536 26.0855639505 149.894233507 431.33347363 0.738075395187 0.953055669196 0.516940775431 66.4584545288 321.289650645 218.117809158 0 1680.34021466 40.7175665773 218.109839461 22.2824334227 6.65978534628 53.7103493561
6816 2.86839447642 25.6787088317 154.107765432 431.357941998 0.745034895817 0.949603456356 0.670348868217 66.2770707803 321.14946776 210.087986029 0 1680.4842696 40.6787484979 214.210592488 22.3212515021 6.51573040305 53.8505322408
6840 2.80703624489 27.2625485512 148.723643374 431.382212559 0.751478251184 0.94539436998 0.78835906008 66.1325557587 321.150526715 207.26621211 0 1680.62226736 40.5730547071 212.62110733 22.4269452929 6.37773264258 53.8494732857
6864 2.74655807502 28.9348277774 149.008007887 431.406868017 0.757844308386 0.949648617832 0.903544012755 65.9820950428 320.937110306 197.141460859 0 1680.75833739 40.4690517914 209.294240874 22.5309482086 6.24166261836 54.0628896949
6888 2.68170265832 27.3484464259 147.444308816 431.434156583 0.764730761894 0.953994408727 1.22326663192 65.6238516133 320.792361878 186.069220948 0 1680.905215 40.5123153321 208.247415874 22.4876846679 6.09478501027 54.2076381223
6912 2.62524159009 25.1028317845 147.555561968 431.458663453 0.770858077404 0.961013977822 1.28094637885 65.5285181124 320.907295789 183.13462245 0 1681.0347942 40.6633495652 206.431166805 22.3366504348 5.96520580523 54.0927042115
6936 2.57238748193 23.9176437624 142.125688473 431.482269622 0.776654337826 0.962455415281 1.25693104511 65.5216895792 321.097092419 185.247611773 0 1681.15456777 40.6703699008 206.84289143 22.3296300992 5.84543223919 53.9029075817
6960 2.52504546655 22.3805755717 142.491214126 431.503981071 0.781723274585 0.957594788309 1.0734125833 65.6832882815 321.131277394 188.137756945 0 1681.26248175 40.7457153409 205.365653227 22.2542846591 5.73751826139 53.8687226065
6984 2.47564226435 24.4639855478 144.544643473 431.527225131 0.786678735932 0.946441534397 1.01767347606 65.7219811213 321.056305612 185.6704718 0 1681.37302278 40.5797051237 201.17400722 22.4202948763 5.62697723227 53.9436943886
7008 2.42809094639 21.4130600266 143.783164693 431.550176343 0.791098318162 0.936338032878 0.924480260927 65.7979070437 321.129001821 184.672223785 0 1681.48241669 40.7816552952 201.193704961 22.2183447048 5.51758331604 53.8709981799
7032 2.38597464489 21.0392926731 145.58079479 431.570988672 0.794764520035 0.928061012531 0.643079041313 66.0631067529 321.090410013 185.501564536 0 1681.57787936 40.7812523116 196.425545256 22.2187476884 5.42212064401 53.9095899877
7056 2.34583153561 21.763385921 145.273011246 431.591259036 0.798049231066 0.922882352291 0.303874307833 66.3839350718 320.984466408 178.187814151 0 1681.66935124 40.8301182076 195.866319533 22.1698817924 5.33064876621 54.0155335928
7080 2.30671213541 19.5021264508 144.940652043 431.611428687 0.801104582501 0.919904257966 0.945351073041 65.7222113985 320.982371864 176.523944122 0 1681.75847621 40.9289491876 194.424251683 22.0710508124 5.24152379659 54.0176281367
7104 2.27071409832 19.3477359871 141.704157208 431.630361987 0.803847506643 0.916898137077 0.480687013389 66.1682053546 321.285936624 182.608412197 0 1681.84030528 40.9744182305 192.147025349 22.0255817695 5.15969472959 53.7140633769
7128 2.23421535542 19.155596179 143.257928663 431.649933442 0.806527489359 0.914382261592 1.06097596944 65.5681808367 321.177122613 179.128165939 0 1681.92274142 40.9168435933 192.93703991 22.0831564067 5.07725858355 53.8228773875
7152 2.19841759326 19.1694463363 144.511103026 431.669505663 0.809092063371 0.91143269185 0.636669278187 65.973300303 321.096260188 175.97468737 0 1682.0033994 40.8521574121 190.920442865 22.1478425879 4.99660060478 53.9037398123
7176 2.16182219601 19.3164462173 145.422275345 431.689910752 0.81172065799 0.924797142496 2.24070776346 64.3328636834 320.900350289 170.736079686 0 1682.08616948 40.8225664355 187.070203053 22.1774335645 4.91383052959 54.099649712
7200 2.12915544911 18.1578039378 143.115214139 431.708480127 0.814393858719 0.929716483497 0.708502875101 65.8389066547 321.008705553 169.26972537 0 1682.16128004 40.996891688 184.429517889 22.003108312 4.83871996763 53.9912944478
7224 2.09821190461 16.7800815107 142.529823593 431.726391367 0.816847450902 0.925549962785 1.13730469734 65.393906521 321.171492761 172.594958275 0 1682.23178295 41.0944870869 181.964821806 21.9055129131 4.7682170623 53.8285072399
7248 2.06706622137 18.5969550387 142.791679569 431.744743394 0.819330024855 0.926681694639 0.585547546528 65.9236973389 321.014560855 168.389938551 0 1682.30167025 40.9145588314 179.675487719 22.0854411686 4.69832975418 53.9854391454
7272 2.03643211102 17.9788285543 142.174825151 431.763119914 0.821655558867 0.922076789283 1.04274931901 65.4503984179 320.958693794 163.149874782 0 1682.37110466 40.9126486485 181.444585065 22.0873513515 4.62889535231 54.0413062067
7296 2.00581333336 18.2632819257 141.509680614 431.781817506 0.823923057479 0.924393532407 1.50696173086 64.9629041721 320.931458032 159.787687459 0 1682.44024681 40.8628072917 180.283478315 22.1371927083 4.55975320079 54.0685419687
7320 1.97828715337 16.0068662389 140.446585979 431.798916632 0.825962455893 0.920672187016 0.853695374781 65.6007533494 321.116786606 162.876708245 0 1682.50374699 41.1147578475 178.231723295 21.8852421525 4.49625301715 53.883213395
7344 1.9508598331 16.376501222 142.066141097 431.816234221 0.827895469494 0.918387033692 1.21126718633 65.2262160883 320.834813219 154.966063075 0 1682.56558753 41.0278261013 177.303610005 21.9721738987 4.4344124814 54.1651867822
7368 1.92278730371 18.0015177601 145.136316737 431.834255807 0.829918926716 0.925635725809 1.60083828654 64.8093512532 320.73155295 145.885569757 0 1682.62894295 40.9717442379 176.455331538 22.0282557621 4.37105706179 54.2684470504
7392 1.896962452 14.8643969708 140.141517289 431.85110869 0.831844905645 0.924089373772 0.913172542548 65.4797844873 320.890892844 151.745377705 0 1682.68840941 41.2168923057 173.704122364 21.7831076943 4.31159059258 54.1091071563
7416 1.87317659859 15.3303118477 139.918934702 431.86686999 0.833628846288 0.928203821823 0.126271862309 66.2450254787 321.031036232 153.515588019 0 1682.74222531 41.1401410057 172.072766361 21.8598589943 4.25777469243 53.9689637687
7440 1.84677872499 16.512377852 140.683560094 431.884637799 0.835518633751 0.918639411317 0.518972743147 65.842231412 320.833323102 146.303624279 0 1682.80134517 40.9462719102 172.52988799 22.0537280898 4.19865483637 54.1666768988
7464 1.82351991507 13.9122628211 138.831426685 431.900536924 0.837064351529 0.916147122114 0.750538528276 65.5957130732 321.027779677 150.540197756 0 1682.85532461 41.329064823 172.039535049 21.670935177 4.14467540012 53.9722203235
7488 1.80195770657 13.9926858951 140.950650621 431.915484587 0.838432193636 0.912070628603 0.909725612078 65.4242869781 320.884578952 146.629130628 0 1682.90409597 41.2842992433 171.57399037 21.7157007567 4.0959040388 54.1154210491
7512 1.7799914931 14.3703197483 141.46065977 431.93092205 0.839748427279 0.909372376362 1.10187762322 65.2180795217 320.73216754 140.859208028 0 1682.95364892 41.1944735811 171.181858959 21.8055264189 4.04635108306 54.2678324608
7536 1.75668471077 15.9662228246 137.749546011 431.947537094 0.841039916795 0.90627183603 1.3833303495 64.9218208032 320.783183214 139.13819433 0 1683.00580308 40.9843688654 170.831197985 22.0156311346 3.99419692713 54.2168167869
7560 1.73511488518 13.7165576981 137.4893204 431.963134821 0.842290635891 0.912179253476 1.56638181459 64.7160134744 320.921643141 143.609003928 0 1683.05560814 41.2669579573 167.596281541 21.7330420427 3.94439186278 54.0783568596
7584 1.71489115343 13.892989154 135.93460952 431.977958876 0.84363569793 0.92554629734 1.67268451086 64.5801746168 321.009919381 144.476228649 0 1683.10141924 41.2240136108 167.454088998 21.7759863892 3.89858076414 53.9900806197
7608 1.69483825414 13.8223996088 135.320764564 431.992856247 0.845052995834 0.921410160646 0.817127829498 65.4235527662 321.099325441 148.573811679 0 1683.14684664 41.208162476 165.368752606 21.791837524 3.85315337053 53.9006745593
7632 1.67448942327 14.3989754165 135.250509609 432.008179439 0.846358450642 0.915201881728 0.996385612711 65.2338746151 321.121496213 150.029381391 0 1683.19284519 41.1232070801 163.378285424 21.8767929199 3.80715482037 53.8785037881
7656 1.65446661513 14.6377263556 137.856788941 432.023462305 0.847535175235 0.911065282304 1.16673409046 65.0512031463 321.022084036 147.848634762 0 1683.23833901 41.1465679126 161.493870846 21.8534320874 3.76166100026 53.9779159643
7680 1.63583844912 13.2423930904 138.762574915 432.037866971 0.848663811297 0.91685570236 1.24859318335 64.9480203313 320.917023312 142.883210496 0 1683.28089294 41.2644160543 162.647160247 21.7355839457 3.71910706816 54.0829766885
7704 1.6184215039 12.0138910538 140.653409563 432.051502408 0.8497932892 0.918001799308 0.279481478167 65.9012210247 320.737951084 135.509415859 0 1683.32091899 41.5070208449 161.829491215 21.4929791551 3.67908101818 54.262048917
7728 1.60104829676 12.5127124212 136.086720223 432.06526838 0.850851516317 0.91620957434 1.32473738329 64.8429331454 320.855236797 135.167434261 0 1683.36001183 41.3702945284 162.053489261 21.6297054716 3.63998817482 54.1447632032
7752 1.58438791336 11.946592041 137.364913968 432.078627116 0.851916046058 0.918788568572 0.328787777967 65.82188049 320.904321023 134.3525699 0 1683.39808237 41.4876250962 161.313776957 21.5123749038 3.60191763686 54.0956789779
7776 1.56741459655 15.0356277002 138.990430348 432.09239911 0.852956878116 0.917743913358 1.3698918525 64.767008245 320.728660515 129.353243893 0 1683.43551837 40.986470022 158.649945232 22.013529978 3.56448163869 54.2713394855
7800 1.54794057494 13.5621326927 138.224980468 432.108406257 0.854175884918 0.917041324531 0.576945348487 65.5434311838 320.641860791 126.705615381 0 1683.47979775 41.0948218031 156.088406179 21.9051781969 3.52020225265 54.3581392096
7824 1.53127358635 12.8915311727 134.397657004 432.122284771 0.855151490705 0.911308899898 0.632306488517 65.4789483494 320.843103065 129.599269932 0 1683.51812973 41.2462170251 155.587715878 21.7537829749 3.48187028106 54.1568969356
7848 1.51502392404 12.5358560889 137.042349038 432.135976776 0.856051219124 0.914756649329 0.654071584292 65.4391437703 320.820043095 129.714035273 0 1683.55505691 41.2840246074 153.161421487 21.7159753926 3.44494309418 54.1799569053
7872 1.49987574637 12.5209423897 135.240769076 432.148887045 0.856936587517 0.91810655698 1.61592205981 64.4601477497 320.926579122 130.590146194 0 1683.58959254 41.3190832222 152.793849824 21.6809167778 3.4104074642 54.0734208786
7896 1.48525625703 11.050411181 135.646811927 432.161484333 0.857863080723 0.919168410279 0.557434690298 65.5040494848 321.015131887 133.869779331 0 1683.62320449 41.5926797969 150.486278391 21.4073202031 3.37679552226 53.9848681141
7920 1.47127635566 11.2508991365 135.512667403 432.173659652 0.858711463744 0.91616392033 0.474437289098 65.5770276735 321.030795287 133.731621261 0 1683.65481188 41.5204252814 150.230565391 21.4795747186 3.34518812336 53.9692047135
7944 1.45613671796 11.3890472301 135.624218608 432.186989423 0.859560544879 0.910377683719 0.482377705195 65.5606946418 320.812841557 128.999871921 0 1683.68898185 41.4520008996 150.000750937 21.5479991004 3.31101815538 54.1871584437
7968 1.4425713935 11.3559153399 139.130731107 432.199062053 0.860241985923 0.905314385226 0.394142555821 65.6412390191 320.838603744 124.904243175 0 1683.71996605 41.5050821017 149.788884302 21.4949178983 3.28003395743 54.1613962568
7992 1.42826988502 11.2269214539 136.167840339 432.211923265 0.860879614431 0.900407947727 0.363790570891 65.6629986013 320.800359127 123.011324409 0 1683.75224449 41.4583544099 151.60908326 21.5416455901 3.24775551883 54.1996408735
8016 1.41531268225 10.4616869108 133.328671832 432.223695067 0.861393621035 0.898234382992 0.246093698892 65.7705832295 320.963869807 127.010889206 0 1683.78204049 41.6688051664 150.415536711 21.3311948336 3.2179595209 54.0361301936
8040 1.40259074322 11.5825782497 134.444868441 432.235365092 0.86185672557 0.895390671664 1.12160464239 64.8857828677 320.825377881 124.726566662 0 1683.810565 41.4085327298 148.291351958 21.5914672702 3.18943500363 54.1746221193
8064 1.38957391857 10.7287441615 134.840521625 432.247422321 0.862357505646 0.899131907631 1.01205199603 64.9790362684 320.858222486 124.109707863 0 1683.84025999 41.5470628146 148.214139436 21.4529371854 3.15974001386 54.141777515
8088 1.37614025933 12.4203034772 135.957778508 432.259992416 0.862917925798 0.901837415126 0.94186171909 65.0333905234 320.70377795 120.492541846 0 1683.87014187 41.1734541064 146.179287391 21.8265458936 3.12985813536 54.2962220512
8112 1.36345120391 10.1636752621 132.554487934 432.271986693 0.863455742823 0.900627932668 0.835874585526 65.1280550451 320.917104277 124.672528613 0 1683.89973804 41.6776993044 145.205404548 21.3223006956 3.10026196705 54.0828957241
8136 1.35183421872 9.95310592273 134.851450176 432.283072239 0.8638975601 0.895180616635 0.670331866035 65.2875177176 320.918283553 121.507331914 0 1683.92619121 41.728511734 147.214800862 21.271488266 3.07380879235 54.0817164479
8160 1.33966413228 9.97875409032 135.030830424 432.29479398 0.864322664924 0.895825453501 0.539389186236 65.405668714 320.853525662 121.371526984 0 1683.95375419 41.6962888777 145.256674382 21.3037111223 3.04624582123 54.1464743387
8184 1.32819151274 9.80568100641 135.110265472 432.30594719 0.864719028009 0.895205212905 0.368222655977 65.565905912 320.738657782 118.393582781 0 1683.97984134 41.731686563 143.358348568 21.268313437 3.02015866421 54.2613422185
8208 1.31688491377 9.84880113718 134.048844961 432.317038583 0.865083526264 0.891099390629 0.199001215059 65.7277772846 320.802360716 118.134910823 0 1684.0054639 41.7020159868 143.480157712 21.2979840132 2.99453611197 54.1976392851
8232 1.30573166855 10.733499876 134.221098878 432.32807746 0.865379877926 0.887591336312 1.02441716294 64.8945341623 320.741710691 116.72051426 0 1684.0305154 41.4686959896 141.651601123 21.5313040104 2.96948460679 54.2582893099
8256 1.29438205129 9.84081850089 132.033452985 432.339411788 0.865684684473 0.888582024737 0.862288927691 65.0440325738 320.862889429 119.126805681 0 1684.05649706 41.6706267005 140.862469704 21.3293732995 2.9435029515 54.1371105719
8280 1.28386037057 9.4056532497 132.821410291 432.350012064 0.865980750199 0.893014039678 1.63843440456 64.2525587402 320.925774236 120.05278712 0 1684.08057004 41.8033170803 139.119490421 21.1966829197 2.91942996501 54.0742257645
8304 1.27323993454 10.3589301937 131.455086481 432.360804266 0.86631484066 0.893007051094 0.437129667036 65.4427441745 320.956259121 121.629279809 0 1684.10449265 41.6268901248 137.426423162 21.3731098752 2.8955073592 54.0437408799
8328 1.26239627167 9.4270210315 130.264043337 432.37192083 0.866634269695 0.888960073495 0.267511433124 65.6049733928 321.036750224 124.838542905 0 1684.12923407 41.7608716925 135.782004009 21.2391283075 2.8707659365 53.9632497764
8352 1.25189419045 9.89400933466 134.380548669 432.382782189 0.866885064599 0.886287801821 1.07603407159 64.7880108721 320.86501788 119.67115119 0 1684.15292597 41.6138777937 136.162786869 21.3861222063 2.84707403256 54.1349821203
8376 1.24171589419 10.4855367907 133.10877455 432.393398745 0.867081326487 0.881334472905 0.870815542422 64.9873699122 320.839387545 117.028043527 0 1684.17606068 41.6324568965 135.55121064 21.3675431035 2.82393933127 54.1606124557
8400 1.23122815114 10.0658612166 132.089460607 432.404431885 0.86727736385 0.883157326942 0.682542084054 65.1625913388 320.837598951 116.295583119 0 1684.19978363 41.5653780692 134.979899032 21.4346219308 2.80021638146 54.1624010501
8424 1.22086286137 10.4969648761 134.411945481 432.415431469 0.867470804965 0.880806732037 0.499804465927 65.3364865269 320.715280514 111.602207295 0 1684.22335527 41.6000726256 133.436619906 21.3999273744 2.77664473443 54.2847194865
8448 1.21109526744 8.90176035821 131.424341365 432.425884635 0.867621768576 0.880893758781 1.2716361565 64.5539636798 320.853912851 114.015247001 0 1684.24580846 41.8601361001 131.935556345 21.1398638999 2.75419154401 54.1460871494
8472 1.20201266956 8.70156833583 132.492816112 432.435682328 0.867763121377 0.879612407985 0.997551016967 64.8193911248 320.809848245 112.083852838 0 1684.26649959 41.9208841536 131.459688344 21.0791158464 2.73350041786 54.1901517556
8496 1.19286187918 8.82307248858 132.915956522 432.44563014 0.867860052199 0.874101050762 0.742926268647 65.0694824877 320.680119358 108.484335103 0 1684.2871897 41.8509733713 130.018131106 21.1490266287 2.71281031164 54.3198806427
8520 1.1840208929 8.61445974459 129.304439417 432.455314751 0.867917677486 0.870594208332 0.464798257188 65.3413751046 320.900129477 112.470412664 0 1684.30735325 41.927981314 129.605279895 21.072018686 2.69264676037 54.0998705239
8544 1.17498748791 8.72031172623 130.663379869 432.465285532 0.867933642638 0.867285918051 0.207381913478 65.5921129926 320.837888788 111.190198574 0 1684.32778871 41.8646115679 130.193605802 21.1353884321 2.67221130192 54.1621112123
8568 1.1661134744 8.65058268051 134.124649188 432.475155211 0.867899817467 0.864004341069 0.942492736698 64.8504478927 320.665946092 106.108449162 0 1684.347937 41.86743279 128.807163585 21.13256721 2.65206300311 54.334053909
8592 1.15651946253 9.47067887896 133.922631983 432.485910048 0.867866049207 0.864980823229 0.734327036588 65.0469160421 320.577688158 102.302147251 0 1684.36937567 41.5637884439 128.447027863 21.4362115561 2.63062433524 54.4223118428
8616 1.14725908168 8.75535859007 132.609043125 432.496375431 0.867822765823 0.862090216333 0.512466860519 65.2612447257 320.56695785 99.8738957452 0 1684.39065223 41.7929005455 129.081924634 21.2070994545 2.60934778065 54.4330421505
8640 1.13853571415 9.02244401161 133.36807419 432.506310784 0.86775077974 0.862305719075 1.24530760565 64.518325111 320.488538128 96.4604668794 0 1684.41049539 41.7690699457 127.747683737 21.2309300543 2.58950462141 54.5114618727
8664 1.12926411718 8.66995229845 134.904035114 432.516953523 0.867688107023 0.862358924156 1.03057455485 64.7224248897 320.438403307 94.0079246257 0 1684.43150004 41.7861043071 126.447144448 21.2138956929 2.56849996531 54.5615966934
8688 1.12094409376 8.31333920807 132.603973856 432.526577933 0.867623878749 0.860388294813 0.74470587509 65.0007040175 320.492087279 93.6858512054 0 1684.45054055 41.9189442334 126.165947787 21.0810557666 2.54945946053 54.5079127213
8712 1.11311058184 8.07736177854 127.9061966 432.535704319 0.867554133875 0.862546067381 0.413817522406 65.3203779568 320.761668595 99.9342449601 0 1684.46843401 42.0185639637 124.91155047 20.9814360363 2.531566001 54.2383314059
8736 1.10456990514 8.88765944099 130.585600194 432.545727279 0.867483378887 0.861673801942 1.15507906014 64.5700364788 320.625691895 97.5850259594 0 1684.48747072 41.6721193025 125.681465922 21.3278806975 2.51252929196 54.3743081057
8760 1.09600619647 9.22859594901 130.766684733 432.55585448 0.867393631892 0.858606685246 0.908428927837 64.8097162736 320.604640977 98.2567308482 0 1684.50681396 41.552460752 124.453659859 21.447539248 2.49318604253 54.3953590236
