Time EBV Teff Treg ODC_le1 ODC_le2 ODC_le3 ODC_le4 ODC_le5 NK IL2 DAC Resting_Teff Resting_Treg EffectorMemory Resting_Treg_temp Resting_Teff_temp NK_temp
0.0 0 0 0 0 0 0 0 500 375 1000 0 1687 63 0 0 0 0
24 0 0 0 0 0 0 0 500 336.279789971 908.048253598 0 1687 63 0 0 0 38.7202100291
48 0 0 0 0 0 0 0 500 335.391027502 823.849847309 0 1687 63 0 0 0 39.6089724976
72 0 0 0 0 0 0 0 500 334.559882085 745.880698262 0 1687 63 0 0 0 40.4401179151
96 0 0 0 0 0 0 0 500 333.760437385 673.915002205 0 1687 63 0 0 0 41.2395626152
120 0 0 0 0 0 0 0 500 332.995774144 607.703333798 0 1687 63 0 0 0 42.0042258555
144 0 0 0 0 0 0 0 500 332.2684442 546.975994766 0 1687 63 0 0 0 42.7315557996
168.0 1000 0 0 0 0 0 0 500 331.580390823 491.447224652 0 1687 63 0 0 0 43.4196091775
192 587.94283022 2674.42256109 91.5619289612 4.47673168998 18.9970923557 71.5351553232 179.581289232 225.4097314 319.455578209 5741.3447637 0 1039.6715255 41.772295668 0 21.227704332 647.328474501 55.5444217919
216 137.965518894 6924.60256511 167.300738509 78.1845634896 44.5954814965 84.9517806177 132.881242835 159.386931561 264.587156775 501.915653465 0 1393.86792983 38.9749449795 591.106651712 24.0250550205 293.132070172 110.412843225
240 32.9665894038 2385.30607431 172.892211188 169.784932303 31.9717929607 58.0626459329 102.285553845 137.895074959 278.638011632 224.277824316 0 1603.77591527 38.8580121895 544.440712602 24.1419878105 83.2240847308 96.3619883688
264 16.1497493095 584.324779029 166.283896429 194.746431902 11.5200372048 27.8750199219 75.6107762876 190.247734683 303.187718184 222.970931242 0 1648.86441676 39.0524675179 498.904954229 23.9475324821 38.1355832414 71.8122818165
288 12.5566032017 222.410445708 168.134338334 197.869168223 4.84149142659 8.4528861619 43.5552739212 245.281180267 315.127155718 289.447485448 0 1658.35964439 39.5062902169 455.468504543 23.4937097831 28.6403556111 59.8728442825
312 10.9300395373 158.078302704 164.234179276 198.12534339 0.756708611461 1.54009841502 22.4477065151 277.130143069 318.13628443 327.842688898 0 1662.19444939 39.7260391107 425.428962681 23.2739608893 24.8055506087 56.8637155702
336 9.80404565497 138.810637761 166.653269659 198.26399712 0.91608483431 1.66980798058 19.3744979399 279.775612125 319.000487806 339.532787593 0 1664.75630147 39.7595807986 407.922902123 23.2404192014 22.243698535 55.9995121944
360 8.90215218794 121.246402386 162.77312808 198.401743639 0.974671276931 1.20991003825 17.2350683182 282.178606727 319.797046351 356.344815513 0 1666.80698768 39.8251987511 388.927145843 23.1748012489 20.1930123246 55.2029536491
384 8.17143605568 101.709210694 169.323882518 198.525875762 0.956774429029 0.166924865762 15.6174219976 284.733002945 320.124740176 356.999611601 0 1668.47056876 39.9118288385 369.920021162 23.0881711615 18.5294312442 54.8752598249
408 7.56490291539 103.591288514 168.449454507 198.634261996 0.922640899002 0.377276361778 12.7361760305 287.329644713 320.104806105 340.305982393 0 1669.83037932 39.8342785863 355.42129712 23.1657214137 17.1696206819 54.8951938955
432 7.07494456485 87.2726041312 171.461633788 198.7255243 0.889603236786 0.437746752934 8.61386153654 291.333264174 320.566139655 336.822409767 0 1670.95776774 39.9964453505 347.765167473 23.0035546495 16.0422322633 54.4338603458
456 6.62163680732 84.7707794618 166.306479653 198.812475403 0.856130709098 0.560595543268 11.0407175705 288.730080774 320.406302539 320.506810032 0 1671.97265917 39.9477724407 338.847205735 23.0522275593 15.0273408274 54.5936974619
480 6.23526330194 73.4595201124 168.774964006 198.889899928 0.874945517958 1.49438654341 10.9654457261 287.775322284 320.501050885 313.756068806 0 1672.85345943 40.0353180028 327.556392691 22.9646819972 14.1465405684 54.4989491155
504 5.90967423012 67.1335346482 165.390712439 198.960489564 0.861428721214 0.231936264069 10.4685569448 289.477588506 320.890690467 318.977174816 0 1673.59303052 40.0876417156 312.717096948 22.9123582844 13.4069694842 54.1093095336
528 5.6048954341 65.7345072445 157.845180035 199.027741616 0.842396443265 0.983378108512 9.66130049275 289.48518334 321.16306384 313.596096465 0 1674.27877847 40.0599563502 308.658223673 22.9400436498 12.7212215314 53.8369361602
552 5.34601545393 58.8075587538 160.957663786 199.087218119 0.826064065132 0.576379327245 9.63325009645 289.877088392 321.290781544 316.28595421 0 1674.86958023 40.1476657152 296.880149028 22.8523342848 12.1304197677 53.7092184565
576 5.11199449328 57.0528599662 165.735160277 199.142513989 0.826595580263 1.0606008225 6.64431184517 292.325977763 321.194007124 303.096702801 0 1675.39969964 40.179027523 292.199742192 22.820972477 11.6003003649 53.8059928764
600 4.89179761704 53.0873486913 164.671249584 199.196499298 0.804805449522 0.593352503488 10.29649644 289.108846309 320.966436651 289.534103588 0 1675.89673032 40.1849833207 285.078723827 22.8150166793 11.1032696823 54.0335633499
624 4.69325285764 47.9619025907 161.433337782 199.246437634 0.806788031631 1.06063579529 9.84989627033 289.036242269 320.979828217 282.330416262 0 1676.34839586 40.2738787079 279.359515698 22.7261212921 10.6516041409 54.0201717831
648 4.52282025071 43.8435301465 160.036668357 199.291351157 0.801531246428 0.411377093974 6.67067606463 292.825064438 321.460264829 284.768772476 0 1676.73826503 40.3960957289 274.931640168 22.6039042711 10.2617349725 53.5397351713
672 4.3656465123 43.9384427359 156.796901226 199.333466971 0.788846470122 0.705278280902 5.90520082308 293.267207455 321.536546932 288.869327626 0 1677.09202858 40.3456548824 264.917774345 22.6543451176 9.90797142149 53.4634530686
696 4.21000472776 45.6400385534 151.991963677 199.376416128 0.789932590001 0.863291737583 2.78537991338 296.184979631 321.605922641 287.721969785 0 1677.43905979 40.2011893679 261.148780146 22.7988106321 9.56094020633 53.3940773595
720 4.05411287751 45.8945605508 152.370983621 199.421174454 0.782127602668 0.217902249197 8.93391850396 290.64487719 321.265723608 270.864526453 0 1677.79005202 40.1565093638 260.9544429 22.8434906362 9.20994797713 53.7342763922
744 3.91977631559 40.9027792216 154.074490598 199.460165771 0.763517711028 0.546477165847 6.3686921407 292.861147211 321.337612213 264.966261682 0 1678.09889181 40.3052545445 260.302960091 22.6947454555 8.90110818965 53.6623877876
768 3.79773093367 36.0657063403 154.073943876 199.496259256 0.760229971265 0.836675667429 7.91241625221 290.994418853 321.5240551 268.294645092 0 1678.37750686 40.4336626193 251.618230117 22.5663373807 8.62249313762 53.4759449003
792 3.6819626418 34.3772622365 157.960035437 199.531749802 0.764694346178 0.224391975168 6.93523752129 292.543926356 321.20765951 253.305488596 0 1678.63967905 40.4642203237 247.041897854 22.5357796763 8.36032094514 53.7923404908
816 3.57789442157 39.3815272169 150.471914909 199.564221244 0.747150118614 0.467029901421 6.29430734077 292.927291395 321.417604455 254.241186015 0 1678.873048 40.3133435286 238.152168088 22.6866564714 8.12695199742 53.5823955457
840 3.47979267466 31.6153844918 153.266503224 199.595211553 0.740777262938 0.70738415522 7.2370798696 291.719547159 321.528134332 252.261508196 0 1679.09987788 40.6043270741 233.056491388 22.3956729259 7.90012212405 53.4718656688
864 3.38843516504 34.8001372909 157.398771113 199.624797114 0.742884141227 0.858882593687 1.7970141562 296.976421994 321.048375895 231.716355302 0 1679.30364338 40.4107753483 235.433227027 22.5892246517 7.69635661614 53.9516241054
888 3.29371216376 38.2855355402 149.613720185 199.656508559 0.748706681107 0.915401226294 1.31378129955 297.365602234 321.008033275 224.904963242 0 1679.51419162 40.2130505469 231.118843107 22.7869494531 7.4858083822 53.9919667253
912 3.20554623686 30.1885022748 150.230580127 199.687139574 0.757351641586 1.04367261221 7.13187032278 291.379965849 321.311741932 229.040377962 0 1679.719511 40.5742787672 223.551593863 22.4257212328 7.28048900088 53.688258069
936 3.12726195074 29.1175992858 146.075628329 199.7149771 0.740664216136 0.250448021667 3.79421918191 295.49969148 321.438452875 231.256154103 0 1679.89659456 40.5516239716 221.453160822 22.4483760284 7.10340543764 53.5615471252
960 3.05204692876 29.5841162132 151.371768606 199.741731386 0.725635745732 0.406620601876 5.38527372341 293.740738543 321.205979848 221.737610277 0 1680.06633279 40.504148987 218.822018999 22.495851013 6.93366721241 53.7940201521
984 2.98151114738 27.8520233474 143.934986981 199.767010523 0.716478812349 0.519211640171 5.61706043917 293.380238586 321.656279241 232.002386963 0 1680.2274444 40.6215120404 213.510526747 22.3784879596 6.77255559563 53.3437207591
1008 2.91039727239 28.0746548278 151.955883163 199.79284983 0.711187079193 0.601109195931 1.23705701781 297.657796878 321.213027385 219.500169743 0 1680.3876748 40.5582918059 208.761163418 22.4417081941 6.61232519905 53.7869726158
1032 2.84448116524 28.0862460796 150.824766548 199.817231845 0.708174253754 0.649706239371 3.36708119297 295.457806469 321.065046381 205.695875535 0 1680.53646828 40.4959585521 212.295691039 22.5040414479 6.46353171513 53.9349536195
1056 2.78175393757 27.2948448765 152.388479156 199.84090288 0.707612849937 0.719694425564 2.17439183765 296.557398007 320.79777695 194.530263639 0 1680.67953272 40.5750472904 207.917449425 22.4249527096 6.32046727746 54.2022230505
1080 2.72423617045 23.5965682144 145.721911815 199.863093498 0.708812853265 0.787360480588 4.35343714897 294.287296019 321.276674009 203.014598195 0 1680.81160644 40.7793751311 203.923072301 22.2206248689 6.18839356062 53.7233259919
1104 2.67257247473 23.2438126162 146.714375799 199.883494141 0.712232928423 0.864583691403 2.72673951233 295.812949727 321.25488366 202.765541811 0 1680.92844258 40.7554463386 201.249484035 22.2445536614 6.07155742294 53.7451163407
1128 2.62134188469 23.1055939549 146.39855626 199.904243972 0.717455027755 0.932831893685 4.20446634663 294.241002759 321.182586703 201.683892819 0 1681.04436563 40.7399720236 197.815565968 22.2600279764 5.95563437136 53.8174132974
1152 2.57131682722 24.129955463 146.351090556 199.925081395 0.724814623287 1.01798366692 4.60189500083 293.730225314 321.065558367 192.112288907 0 1681.15708963 40.6617006603 199.592131949 22.3382993397 5.84291036945 53.9344416338
1176 2.52241505984 22.9264818846 145.467757896 199.94571905 0.708094774525 0.168334700843 4.91127224379 294.266579231 321.096927855 191.807668815 0 1681.2679284 40.6858680579 197.513023512 22.3141319421 5.73207160428 53.903072146
1200 2.47566334551 22.6171019554 140.830041908 199.965390423 0.694325004107 0.256470701829 5.11766058607 293.966153285 321.420791203 196.551825201 0 1681.37471279 40.778933466 195.625883732 22.221066534 5.62528721455 53.5792087972
1224 2.43294593107 22.2670518632 146.58941816 199.983386239 0.684875202977 0.390918303632 2.63829494161 296.302525313 321.278483973 192.945391135 0 1681.47190824 40.8102230387 192.948339456 22.1897769613 5.52809175509 53.7215160279
1248 2.38916660529 22.3508278775 146.469322122 200.001940919 0.677959070717 0.46687411837 3.60431937359 295.248906518 321.213753065 189.849274549 0 1681.57101138 40.8120003903 189.528075765 22.1879996097 5.42898861505 53.7862469355
1272 2.348500168 19.341628088 144.969180953 200.019335359 0.673139560637 0.500798400247 1.20654554633 297.600181134 321.162378159 189.367303458 0 1681.66378419 40.9415868116 187.298757665 22.0584131884 5.33621581311 53.8376218417
1296 2.31045293145 20.0577459222 146.254306445 200.035780386 0.669560442935 0.557140733691 4.3881368212 294.349381617 321.082531793 184.226417095 0 1681.74990302 40.8966766592 184.285733197 22.1033233408 5.25009698355 53.9174682078
1320 2.27233930179 19.4153306753 143.203721415 200.052457688 0.667485008273 0.61571040694 4.69460138336 293.969745513 321.147253211 183.513608238 0 1681.83595924 40.8742231684 183.451923578 22.1257768316 5.16404076089 53.8527467896
1344 2.2377663812 20.2045265281 140.884979574 200.067801294 0.667171923914 0.68953989591 3.38435146621 295.19113542 321.345907674 185.106595695 0 1681.91510071 40.9634745811 181.720263261 22.0365254189 5.08489928509 53.6540923267
1368 2.20330558184 17.1265317528 139.030383986 200.083343694 0.668362843153 0.746368556561 2.18694440434 296.314980502 321.491426009 190.686015414 0 1681.99383202 41.1389355336 181.121059885 21.8610644664 5.00616797827 53.508573991
1392 2.16996723888 18.8935349368 145.045201719 200.098653922 0.670710903696 0.789768714767 1.89079366245 296.550072797 321.137262137 179.02933969 0 1682.06814804 40.8753964538 181.575327491 22.1246035462 4.93185196043 53.8627378631
1416 2.13755628228 17.6341368834 143.465632757 200.113826278 0.673618038762 0.806988530906 0.556513217064 297.849053935 321.213078303 178.281141418 0 1682.14228286 41.0119693946 181.09183337 21.9880306054 4.8577171395 53.7869216972
1440 2.10687138693 17.3123657859 143.880445527 200.128469429 0.676840434011 0.84937129488 3.90750330347 294.437815538 321.137042786 176.193207712 0 1682.21200284 41.0430848974 177.751789764 21.9569151026 4.78799715582 53.862957214
1464 2.07581083678 17.4007666475 143.468995916 200.143593682 0.680989595511 0.878350315147 1.457083406 296.839983001 321.110425132 171.719517363 0 1682.28230136 41.0247092557 177.551644764 21.9752907443 4.71769864152 53.8895748689
1488 2.04634277272 18.5049128393 144.660481866 200.158245352 0.68540297357 0.895641502889 1.78136291185 296.47934726 320.951371458 163.203991215 0 1682.34875093 40.9111412896 178.418381729 22.0888587104 4.65124907204 54.0486285429
1512 2.01650677009 20.9912997639 143.372073346 200.173399747 0.690495132526 0.948769533866 4.20493320868 293.982402378 320.87478339 155.91281013 0 1682.41578373 40.7824982961 178.330775887 22.2175017039 4.58421627189 54.1252166101
1536 1.98600609924 16.600111716 140.372655562 200.189257476 0.696887948182 0.986645220882 2.90090291147 295.226306444 321.073057391 161.397235691 0 1682.48610748 41.0870437439 175.343158207 21.9129562561 4.51389252135 53.9269426094
1560 1.9596595428 15.0344868295 139.741646886 200.203210455 0.691481049889 0.0389826744486 3.76240259347 295.303923228 321.082605079 163.036801422 0 1682.54642997 41.2526008254 172.53311602 21.7473991746 4.45357003318 53.9173949216
1584 1.93554521494 14.9400938661 140.621330617 200.215943278 0.679793585447 0.0717829685479 1.24880751396 297.783672654 321.135344719 163.82398206 0 1682.6012056 41.2572771996 169.860593469 21.7427228004 4.39879440153 53.8646552818
1608.0 1001.91105089 14.4443129132 139.970617494 200.228821175 0.668552705695 0.104968638068 2.89148883066 296.10616865 321.264408771 166.759891419 0 1682.6568723 41.3155231374 167.334890193 21.6844768626 4.34312769911 53.7355912291
1632 373.017818148 5275.1604685 171.665980878 209.036289083 14.1643795778 44.2305313921 93.4776760344 139.091123912 275.096933985 906.661913739 0 1148.28356433 39.8396135654 398.043166878 23.1603864346 538.716435671 99.9030660155
1656 88.4474204988 3396.7112956 179.437651227 256.849166124 24.6936851818 47.1924251715 72.6854463854 98.579277137 274.333451875 355.599385996 0 1486.23232411 39.053724298 451.555932288 23.946275702 200.767675885 100.666548125
1680 32.9486157556 1172.96844099 176.234267407 282.20323497 12.0754522937 29.1583421679 66.5733726312 109.989597937 293.173783955 272.286518066 0 1608.75579589 39.0631839787 452.878893439 23.9368160213 78.2442041141 81.8262160446
1704 20.7116937638 428.369728164 170.751253118 287.261780961 2.87962674655 17.2904467831 47.1496828629 145.418462646 309.002741827 308.141900495 0 1639.4662174 39.3531382436 414.021049324 23.6468617564 47.5337825963 65.9972581727
1728 16.3945378202 250.675416379 166.970920122 288.378448555 2.34847365956 11.0183591045 23.1994297003 175.05528898 315.250849821 358.251798395 0 1649.79858546 39.6162257456 377.430688352 23.3837742544 37.2014145411 59.7491501789
1752 13.9612878822 195.641289456 173.243558649 288.728590759 0.564627149833 2.8370099047 25.4667156217 182.403056564 317.369407474 370.451487952 0 1655.38257077 39.7353084342 368.760896363 23.2646915658 31.617429233 57.6305925256
1776 12.2423700514 168.235419488 172.387146714 288.875367809 0.893622997995 2.45678464504 22.2771490599 185.497075487 318.486140307 373.446803609 0 1659.27729141 39.7881597283 361.258782315 23.2118402717 27.7227085864 56.5138596935
1800 10.9000905725 142.911905722 169.807463217 289.041735114 1.0062888755 2.15958645358 14.6314977866 193.16089177 319.31043585 376.592278021 0 1662.31149027 39.8397150548 358.351470027 23.1602849452 24.6885097244 55.6895641503
1824 9.86714536046 122.308190139 180.074811986 289.077993287 0.214237969034 0.859146468408 9.96481725123 199.883805024 319.198306585 360.296466481 0 1664.64432605 39.8740309523 350.521999008 23.1259690477 22.355673945 55.8016934149
1848 9.0703902395 110.280722344 174.598551203 289.11258865 0.333497128399 1.14167761101 14.5396244698 194.87261214 320.108942182 370.422627244 0 1666.45701486 39.9477621857 340.035112505 23.0522378143 20.5429851368 54.8910578185
1872 8.36158388481 108.729177022 168.316234484 289.159583941 0.407679085962 0.594567639036 9.95970575135 199.878463582 320.1713585 357.025395069 0 1668.0387165 39.8720494535 340.969393923 23.1279505465 18.9612835024 54.8286415001
1896 7.71275838861 99.6272542441 161.267243056 289.212904264 0.491501202839 1.60952386359 7.00696465345 201.679106015 320.205577922 338.737366222 0 1669.4979401 39.8690376533 343.599101722 23.1309623467 17.5020599002 54.7944220777
1920 7.17245668163 87.7390917696 165.327636973 289.268291091 0.512330428731 0.510995048671 8.88048960269 200.827893828 320.309600657 328.237646967 0 1670.72881237 39.9495645242 341.119222893 23.0504354758 16.2711876315 54.6903993433
1944 6.72148397379 81.5798008654 162.052574885 289.319201439 0.542202040929 1.13761650349 6.85869864623 202.14228137 320.567250581 321.667852943 0 1671.75271951 39.9978679459 337.803397396 23.0021320541 15.247280492 54.4327494189
1968 6.33116699989 73.3281738488 167.754307114 289.369043931 0.554006258339 0.576879852799 8.64893563592 200.851134322 320.889916247 324.655494636 0 1672.64020124 40.0710921713 324.431348847 22.9289078287 14.3597987605 54.110083753
1992 5.97917164543 73.2352886829 163.750194084 289.41739458 0.578630527001 1.00926020259 4.58779384639 204.406920843 320.792451501 310.031242126 0 1673.4315594 40.0306547887 317.553909562 22.9693452113 13.5684405961 54.2075484991
2016 5.66287890321 63.7270448135 165.975471434 289.464582963 0.570565159304 0.476108285357 6.65525052757 202.833493065 320.651702113 290.676657532 0 1674.14974417 40.1015705447 321.968967804 22.8984294553 12.8502558295 54.3482978867
2040 5.40499498626 57.8002825639 160.647142438 289.504547383 0.57610439266 0.794707681829 5.55941700945 203.565223532 321.211461857 304.861829242 0 1674.73928435 40.2078587958 314.987464947 22.7921412042 12.2607156504 53.7885381426
2064 5.17300445846 54.9282791527 156.505014845 289.542774681 0.573883451412 0.18547427496 5.48200397236 204.21586362 321.508477172 311.764920132 0 1675.2639044 40.2240086475 312.683407139 22.7759913525 11.7360955976 53.4915228286
2088 4.94153063468 53.6938111176 160.51299858 289.581592173 0.560914874112 0.532199813682 4.12249064551 205.202802493 321.258032287 299.785521702 0 1675.78274191 40.1605688611 308.919213237 22.8394311389 11.217258087 53.7419677126
2112 4.73465219876 52.2736262778 160.0934797 289.617740513 0.569260070149 0.818133750389 2.87824717766 206.116618488 321.159530225 290.45388002 0 1676.25097335 40.1674555633 301.862028629 22.8325444367 10.7490266527 53.840469775
2136 4.54802836394 49.2772347238 164.34920406 289.652571128 0.586343008129 0.915774634618 3.18196156557 205.663349663 320.985623645 278.291367779 0 1676.67455594 40.1969305917 294.36404906 22.8030694083 10.325444064 54.0143763552
2160 4.37981446649 47.9412674773 155.115409741 289.686294177 0.607723539866 1.05057991386 5.60355811197 203.051844256 321.337388024 280.791290788 0 1677.05660921 40.2461446143 290.928194951 22.7538553857 9.94339078875 53.6626119765
2184 4.22299816871 44.4739936538 151.436739591 289.720312299 0.634423109178 0.326520298295 3.33697132511 205.981772967 321.654885613 286.715733416 0 1677.41191946 40.2673342905 285.852385818 22.7326657095 9.58808053594 53.345114387
2208 4.07447981263 42.0993983759 158.016983467 289.754040518 0.623640605898 0.530690852702 5.11789165685 203.973736366 321.248755802 270.074217856 0 1677.74769487 40.2765606023 285.614192069 22.7234393977 9.25230513235 53.7512441984
2232 3.95416882823 36.6992918395 152.735576902 289.782040391 0.623160241637 0.689870981117 4.14079312077 204.764135265 321.793268691 283.585031352 0 1678.0264689 40.5303311073 279.170354336 22.4696688927 8.97353110334 53.2067313094
2256 3.83540640142 35.9736327847 152.393622528 289.810670307 0.630019242951 0.86682772114 4.26703530001 204.425447428 321.859945393 283.957930088 0 1678.29415437 40.5099467193 275.542009634 22.4900532807 8.70584563272 53.140054607
2280 3.7168963716 38.4049696527 154.113794433 289.840618354 0.642741985004 0.954304192227 2.82904723407 205.733288234 321.495913708 269.141508534 0 1678.55887471 40.3465995685 273.749246289 22.6534004315 8.44112528807 53.5040862922
2304 3.60781595524 36.9502123638 160.38860824 289.869530619 0.641701197663 0.0719934152953 4.87034232834 204.546432439 321.298904698 257.594064447 0 1678.80590307 40.362917651 266.691638505 22.637082349 8.19409693407 53.7010953024
2328 3.50548810475 36.4377496977 155.304008997 289.896756519 0.621311989704 0.247701618131 3.5396728878 205.694556985 321.156605292 246.997291637 0 1679.03753486 40.358147434 264.433432868 22.641852566 7.96246514061 53.8433947076
2352 3.41123419556 34.9313005841 158.658451509 289.921879949 0.608799314714 0.395407369114 5.77053232888 203.303381037 321.17395471 238.009758046 0 1679.25236896 40.4246574104 260.629164967 22.5753425896 7.74763104383 53.8260452897
2376 3.32063458308 30.8229777297 157.335962548 289.946344422 0.604011087132 0.544883358297 2.87000225246 206.034758879 321.034245451 227.399511127 0 1679.45902168 40.5580002767 260.366259101 22.4419997233 7.54097831447 53.9657545494
2400 3.23733368361 28.9132916102 149.565880811 289.969335082 0.602981088117 0.602884143975 1.66957796866 207.155221717 321.28935418 229.621222422 0 1679.64836412 40.6218472384 259.442310645 22.3781527616 7.35163587555 53.7106458205
2424 3.16104544588 28.8815214573 150.554417077 289.99091801 0.604185316769 0.676497239219 3.94500128882 204.783398144 321.374445313 228.536107173 0 1679.82121978 40.6278293899 257.035776737 22.3721706101 7.17878021586 53.6255546867
2448 3.08550544564 30.4997841065 148.870889836 290.012906982 0.608448200418 0.767029629015 4.28213258138 204.329482607 321.351056681 230.666983327 0 1679.99056369 40.4842578102 251.08236377 22.5157421898 7.00943630478 53.6489433186
2472 3.00953376752 29.3458966131 148.219722927 290.035794085 0.616248864706 0.877784485004 2.79781328754 205.672359277 321.428161401 230.097388546 0 1680.16324684 40.5394243664 246.717120424 22.4605756336 6.83675316377 53.5718385987
2496 2.93679182029 31.5651849172 149.108090086 290.058603599 0.627141738321 0.952678433144 2.22961157844 206.13196465 321.245155124 218.542470291 0 1680.32673491 40.4306032283 244.789603316 22.5693967717 6.6732650913 53.7548448765
2520 2.86702650399 25.4825831643 148.513140943 290.081445489 0.639997412791 1.02060537192 1.5346361229 206.723315602 321.379018522 216.16281307 0 1680.48706697 40.6758104486 247.115255413 22.3241895514 6.51293303173 53.6209814777
2544 2.80233522378 28.9678063474 149.77451441 290.103049326 0.621377387106 0.0880474923469 3.55507886463 205.632446929 320.996898164 205.341911519 0 1680.63177168 40.4707608419 242.701475524 22.5292391581 6.36822832224 54.0031018359
2568 2.74319195096 26.2004218745 144.593088668 290.122674874 0.605859920627 0.166120720902 3.08260095578 206.022743528 321.436385879 215.636056173 0 1680.76780715 40.6566381936 235.846098248 22.3433618064 6.23219285086 53.5636141211
2592 2.68753482201 25.5415208009 146.564134235 290.141102584 0.593052155782 0.202821253909 2.42667521975 206.636348786 321.293486898 209.499250664 0 1680.89392493 40.665953176 235.399863662 22.334046824 6.10607506515 53.7065131016
2616 2.63642762621 22.4362236087 148.038278861 290.158033373 0.583182384624 0.287744738185 3.26225710646 205.708782398 321.3397463 208.60787598 0 1681.01102156 40.833708276 232.233318436 22.166291724 5.98897844366 53.6602537003
2640 2.58514438185 23.4933821182 152.083960802 290.17510095 0.575777814381 0.374076016758 2.22632419127 206.648721027 320.969934182 197.475283127 0 1681.12617607 40.7159083041 227.326450592 22.2840916959 5.87382393069 54.0300658185
2664 2.53302856692 23.2849245038 149.088933628 290.192604596 0.570470049016 0.42792765501 2.47411255257 206.334885147 321.007255196 194.610969353 0 1681.24379602 40.6740770038 220.925220416 22.3259229962 5.75620398376 53.992744804
2688 2.48656339489 20.9008807194 145.143682109 290.208398863 0.567160436706 0.466066603131 1.17094560717 207.587428489 321.212903235 197.594747836 0 1681.35048611 40.868277619 216.916028116 22.131722381 5.64951388424 53.7870967648
2712 2.44282788418 24.2802615495 144.406469702 290.223463867 0.564945950218 0.503064374826 2.62734235675 206.08118345 321.253427984 196.132166708 0 1681.44891846 40.7286333846 212.247138666 22.2713666154 5.5510815401 53.7465720157
2736 2.39485540665 21.4916649552 147.91762738 290.240253468 0.564078787089 0.564862584104 1.67983916449 206.950965995 321.0411605 184.64862161 0 1681.55741227 40.7467190271 213.758596803 22.2532809729 5.44258773342 53.9588394996
2760 2.35069287051 21.4575243859 146.057999636 290.256007584 0.564690289591 0.612190949029 3.37641549643 205.19069568 320.994755012 179.985278653 0 1681.65725783 40.7168975424 212.41832732 22.2831024576 5.3427421713 54.0052449885
2784 2.30965145948 19.9318684023 143.200423774 290.270949862 0.566608023205 0.656611647859 1.76334197135 206.742488495 321.084239105 179.050529964 0 1681.75152167 40.8785246647 213.16074948 22.1214753353 5.24847833178 53.9157608947
2808 2.27131121248 18.6285085929 141.284933212 290.285209094 0.569285590046 0.684087754568 0.909230085226 207.552187475 321.220504907 181.328779145 0 1681.83892889 40.988090951 213.001058998 22.011909049 5.16107111193 53.7794950932
2832 2.23588334066 19.336985317 147.401055434 290.298666105 0.572097267201 0.699141906933 1.76206171632 206.668033004 321.135928939 177.498024469 0 1681.91924262 40.98356903 208.078264896 22.01643097 5.08075737495 53.8640710613
2856 2.20074764766 19.8059640222 140.739447736 290.312296797 0.575461853713 0.738628309362 2.60057520619 205.773037833 321.311355424 183.67368207 0 1681.99822986 40.8462486011 204.469315126 22.1537513989 5.00177013695 53.6886445761
2880 2.16634311981 20.1964313007 141.268297038 290.325946702 0.579709013425 0.770934843438 2.42440663984 205.899002801 321.361477115 187.438374402 0 1682.07599418 40.7799747555 199.100308287 22.2200252445 4.92400581997 53.638522885
2904 2.13339483371 19.81719822 145.934557576 290.339326626 0.584404175477 0.798802623115 1.12111550579 207.156351069 321.209951198 178.622813784 0 1682.15134666 40.8871268777 199.913060781 22.1128731223 4.84865333933 53.7900488023
2928 2.09874696294 20.3768505822 142.995837863 290.353747289 0.589969597446 0.826814377153 1.14002752919 207.089441207 321.083837088 173.167939319 0 1682.22953745 40.8568389679 198.838435034 22.1431610321 4.77046255311 53.9161629117
2952 2.06462916836 19.6422615887 142.244844923 290.36832349 0.595883642926 0.846279862848 1.17897760671 207.010535397 321.076112634 172.373148652 0 1682.30639197 40.7546638391 194.900651965 22.2453361609 4.69360802829 53.9238873658
2976 2.03438245736 16.040334078 142.110528986 290.381576597 0.601493586321 0.862590770852 2.71708407453 205.437254971 321.15790428 172.82510877 0 1682.37669475 41.1561060573 194.164269234 21.8438939427 4.62330525302 53.8420957206
3000 2.00776562901 15.8440938473 136.45161161 290.393512086 0.606959738489 0.893633006315 1.73170218267 206.374192986 321.509408623 182.232798931 0 1682.43721355 41.1774321514 191.555828277 21.8225678486 4.56278645273 53.4905913768
3024 1.97932716184 19.9256004901 140.221016519 290.406566713 0.613231623072 0.914419324422 3.10417072563 204.961611614 321.303072721 176.736459128 0 1682.50011924 40.7862497868 188.1047032 22.2137502131 4.4998807561 53.696927279
3048.0 1001.94765847 18.6045346044 140.329308702 290.421495398 0.621053634407 0.964714207313 2.9910523459 205.001684413 321.145491355 171.294585906 0 1682.57201857 40.8431592381 186.829884107 22.1568407619 4.42798142826 53.8545086447
3072 370.312137739 5223.26116743 175.79252859 296.880968482 9.33072844228 30.8585543199 67.0919861606 95.837762594 274.840728531 849.346906006 0 1150.28358407 39.8415369601 403.037384767 23.1584630399 536.716415929 100.159271469
3096 89.6500078749 3310.99459817 194.236678908 328.061593234 13.5559816665 34.6889155377 46.9345111919 76.758998369 275.195688902 369.527146929 0 1484.60479372 39.0688258451 472.613549137 23.9311741549 202.395206275 99.8043110977
3120 34.0590666396 1129.79213529 185.256679809 347.295096634 9.00865390853 20.8475712889 45.1418924894 77.7067856775 293.749583127 291.548993672 0 1606.52559094 39.0895679026 452.698186779 23.9104320974 80.4744090582 81.2504168727
3144 21.7226213215 428.632903325 170.781038254 351.218587477 3.8756418615 6.88784437597 29.1859040582 108.832022226 309.5914721 335.505425369 0 1637.30788258 39.3951719897 415.54654803 23.6048280103 49.6921174157 65.4085279002
3168 17.1817236977 267.420025251 174.009130673 352.065825105 1.02434655645 4.07664004105 14.1258583002 128.707329996 314.960699682 361.133126721 0 1648.03479218 39.6107373526 397.401238164 23.3892626474 38.9652078141 60.0393003181
3192 14.5127895927 206.952626522 173.810373216 352.192872189 0.410214079616 1.93434437115 14.1855439617 131.277025398 317.25006803 377.321811026 0 1654.14355604 39.7270289593 382.65620446 23.2729710407 32.8564439599 57.7499319698
3216 12.6154324771 180.139788638 169.645867003 352.296753249 0.557006684671 1.79524081824 14.661375114 130.689624133 318.207611181 381.861439952 0 1658.40888355 39.7184692042 369.005467624 23.2815307958 28.5911164462 56.7923888188
3240 11.1463519114 153.568861479 179.617125049 352.414745883 0.710052324755 1.50252546564 10.7357877989 134.636888526 318.078526125 345.168046764 0 1661.73281425 39.7733068872 356.102080071 23.2266931128 25.2671857491 56.921473875
3264 10.0444371227 128.163478494 171.882439238 352.529383293 0.721774816595 0.677891831255 7.92640205002 138.144548007 319.391851862 352.617763109 0 1664.24866371 39.8907366283 351.592520287 23.1092633717 22.7513362851 55.6081481377
3288 9.12554075934 127.653971355 159.489419194 352.636244205 0.781423531352 1.47835647967 4.93443791118 140.169537871 319.682049667 350.85358267 0 1666.29300906 39.7724966122 344.128457658 23.2275033878 20.7069909376 55.3179503328
3312 8.311470322 107.9624209 164.199159697 352.746970541 0.805700016969 0.401456892717 7.21947709207 138.826395456 319.622478861 328.842703546 0 1668.13693774 39.8376956406 341.113962271 23.1623043594 18.863062257 55.3775211388
3336 7.70270758297 94.8660421301 163.902722469 352.837709463 0.793130680161 0.862081818451 4.76892685474 140.738151182 320.398019657 336.843393592 0 1669.53827934 39.9767623087 328.657546366 23.0232376913 17.46172066 54.6019803423
3360 7.15927049341 88.5586662842 157.478250717 352.925985837 0.824399014309 1.34796178664 2.49589380023 142.40575956 320.440861814 328.296465176 0 1670.7544535 39.9192750539 328.109333058 23.0807249461 16.2455464955 54.5591381858
3384 6.72203252095 77.5554204948 162.536014534 353.006069486 0.852731066342 0.570719101329 2.5436529918 143.026827354 320.964714328 338.153095137 0 1671.7552098 40.0347959379 320.503554484 22.9652040621 15.2447901969 54.0352856712
3408 6.32557018345 81.4784325771 167.977149511 353.08301087 0.838688271891 0.796691278161 3.22628544652 142.055324132 320.575992356 314.267224136 0 1672.6443807 39.973791073 311.933727627 23.026208927 14.3556192944 54.4240076435
3432 5.96967912233 69.2844975646 164.643112016 353.156161839 0.847442450351 0.244664717281 7.76960670295 137.982124289 320.846116957 312.491919971 0 1673.45445898 40.0557881089 302.558831725 22.9442118911 13.5455410169 54.1538830427
3456 5.66911371786 63.5760714951 160.837802876 353.220538495 0.81896056736 0.614984185303 4.23342519191 141.112091559 321.254678971 320.377302544 0 1674.13769904 40.1106498808 289.940064494 22.8893501192 12.8623009583 53.7453210282
3480 5.39397905687 59.9916963577 160.933953613 353.281299533 0.81229032867 0.839212119751 4.51296769406 140.554230323 321.062763893 305.018169416 0 1674.75934631 40.1376739876 288.579438154 22.8623260124 12.2406536925 53.9372361069
3504 5.15763447137 53.0669505834 158.392848133 353.336103079 0.820077864532 0.980677685253 0.846288588537 144.016852782 321.299495283 303.223854535 0 1675.29965154 40.2628659028 285.5033018 22.7371340972 11.7003484616 53.7005047167
3528 4.94853914141 54.051831353 158.693131751 353.387337042 0.831126283215 1.04887680662 3.57488974028 141.157770127 321.458272946 301.809459574 0 1675.77177471 40.2413480189 279.8799265 22.7586519811 11.228225287 53.5417270539
3552 4.74999654693 54.8800357197 157.887136133 353.437515687 0.798291367801 0.254629482068 4.06498456573 141.444578896 321.200209709 287.822376713 0 1676.21510626 40.1173643926 281.320463238 22.8826356074 10.7848937356 53.7997902908
3576 4.55536130442 49.7559413097 157.363647964 353.486717613 0.772640027734 0.5130263979 4.62484430746 140.602771653 321.172108044 278.283779953 0 1676.65698181 40.1790704811 278.619444591 22.8209295189 10.3430181866 53.8278919557
3600 4.38370561286 48.0904499676 158.369005953 353.530930766 0.76396027322 0.705867280552 4.52854111039 140.470700569 321.029113095 266.742610041 0 1677.04556548 40.193901678 277.74852361 22.806098322 9.95443451819 53.9708869048
3624 4.22737414337 46.8309634374 155.671779619 353.572505634 0.763227887182 0.788659368382 3.17590108922 141.69970602 321.1006484 262.367952098 0 1677.40138854 40.2469105436 270.981790305 22.7530894564 9.59861145695 53.8993515992
3648 4.08326666366 41.4416251747 153.503625368 353.612290434 0.766768716 0.870567559901 2.45926371151 142.291109577 321.210203643 259.181008773 0 1677.72940385 40.3337173498 273.888586891 22.6662826502 9.27059614811 53.7897963563
3672 3.94917820498 40.9378102118 159.991081531 353.650850187 0.773886395749 0.992429347604 5.37077689423 139.212057174 320.895237285 244.698857772 0 1678.03217615 40.3026780824 271.084228541 22.6973219176 8.96782385292 54.1047627149
3696 3.83158853958 36.354242812 151.914900754 353.685566399 0.75182918036 0.177305779573 5.56331442705 139.821984212 321.392780138 255.521532667 0 1678.30244794 40.4934219037 265.222655331 22.5065780963 8.69755205491 53.6072198613
3720 3.71359289111 39.8977280163 150.86271699 353.720282419 0.729001037678 0.292813139989 1.12609869502 144.131804707 321.277260627 247.089486303 0 1678.56512032 40.3041359044 266.138009589 22.6958640956 8.43487967342 53.7227393728
3744 3.59962375519 36.4669610864 148.830803402 353.753928599 0.711170465623 0.400203728937 3.66885769007 141.465839515 321.316716196 243.572429407 0 1678.82440827 40.3758130783 266.360691053 22.6241869217 8.17559172915 53.6832838034
3768 3.49352579088 35.1005946287 153.64858481 353.785570687 0.699505041871 0.472525249334 1.99498419284 143.047414827 320.960950382 227.667617516 0 1679.06412955 40.3664886144 267.057838659 22.6335113856 7.93587045086 54.0390496179
3792 3.39767824743 34.1548285282 146.854480962 353.814581845 0.691480072066 0.540513588152 2.86777439122 142.085650102 321.358770129 234.849998556 0 1679.28336609 40.4542576202 263.238645519 22.5457423798 7.71663391278 53.6412298707
3816 3.30556942055 30.2558432675 152.04771517 353.842989384 0.687300317873 0.628493654415 1.61668773031 143.224528912 321.299351375 233.648213798 0 1679.49298236 40.5608139906 257.10184522 22.4391860094 7.50701763887 53.7006486252
3840 3.21864321087 31.7765444964 152.108166014 353.870424847 0.685495852663 0.651689808067 2.30779142065 142.48459807 321.290765307 231.282614818 0 1679.68816937 40.4520737542 250.674112885 22.5479262458 7.31183062671 53.7092346924
3864 3.13223511086 34.5091885087 150.373388511 353.898389454 0.684907162301 0.69025993023 2.08493937613 142.641504076 321.113466825 221.335428832 0 1679.88179441 40.3183271745 247.920855739 22.6816728255 7.11820558618 53.886533175
3888 3.0521080244 30.2975217266 149.749291798 353.925033749 0.686356455856 0.749556244365 2.53409466971 142.104958879 321.231074455 222.136176274 0 1680.06604788 40.4861949898 240.731524248 22.5138050102 6.93395212232 53.7689255446
3912 2.97623649989 29.2848093956 146.161435559 353.950999401 0.689138549664 0.789221348129 3.85776774676 140.712872954 321.202165226 218.815913374 0 1680.23732543 40.4646460285 239.90111616 22.5353539715 6.76267457232 53.7978347737
3936 2.90807468084 29.3252942235 147.337549916 353.975026414 0.693913366601 0.85327583795 2.69438146898 141.783402912 321.346326642 217.737575124 0 1680.39270562 40.5183316538 236.473533671 22.4816683462 6.60729438231 53.6536733578
3960 2.84036472116 30.8966809801 143.814414133 353.999662968 0.700836790581 0.932249593174 3.57693910169 140.790311545 321.409719362 218.853939264 0 1680.54507519 40.4226905577 232.566467568 22.5773094423 6.45492480751 53.590280638
3984 2.77721649855 25.0697918031 147.376156552 354.023440774 0.709515984193 0.9901560314 3.26343318282 141.013454026 321.386219081 218.796485165 0 1680.69043898 40.6584338671 229.012335817 22.3415661329 6.30956102199 53.613780919
4008 2.71936438371 26.561211874 146.573656577 354.045943901 0.709289489909 0.0630751112345 1.63733787205 143.544353625 321.423720132 213.838292749 0 1680.82212296 40.6988624726 224.880441763 22.3011375274 6.17787703971 53.5762798679
4032 2.6616928688 23.440364551 143.852072868 354.068427334 0.689520098396 0.105956979127 1.21355638845 143.922539198 321.542143041 215.635983805 0 1680.95327639 40.7876729207 223.100113698 22.2123270793 6.04672360597 53.4578569586
4056 2.61172373577 24.4949414194 142.901813625 354.08779987 0.673703565732 0.150757133096 2.2421604293 142.845579001 321.515786276 212.527415108 0 1681.06670009 40.7887624158 222.516866976 22.2112375842 5.93329990711 53.4842137233
4080 2.5610055759 24.5417518462 147.989334515 354.107399654 0.659098396057 0.181148655738 1.43861174274 143.61374155 321.220157007 204.509651869 0 1681.18046936 40.6508119042 219.212582562 22.3491880958 5.8195306373 53.7798429927
4104 2.51212504754 21.5068895404 147.070890772 354.126262733 0.646429917215 0.245899760237 1.48862617557 143.492781412 321.274426713 202.074635693 0 1681.29223524 40.8184517879 218.145631196 22.1815482121 5.70776475352 53.7255732871
4128 2.46706539559 23.9441446288 148.036867027 354.14367199 0.636255483772 0.285217653499 2.33104310451 142.603811767 321.058233182 193.287179981 0 1681.3931554 40.6227048197 216.24176215 22.3772951803 5.60684460207 53.9417668172
4152 2.42437505737 20.6667149204 145.319936534 354.160218917 0.627919140764 0.332726792781 1.01363624415 143.865498904 321.381482604 199.382488095 0 1681.49183718 40.9037425362 211.677676316 22.0962574638 5.50816281714 53.6185173958
4176 2.3797892692 21.4254494923 143.910310067 354.177591062 0.620064377927 0.350205808828 0.993094397218 143.859044353 321.274311193 193.083133819 0 1681.59210204 40.8195746764 212.276819817 22.1804253236 5.40789795606 53.7256888065
4200 2.34029836506 20.9577909498 143.542725762 354.193073564 0.613724351615 0.373240613885 0.564102544549 144.255858925 321.387166832 193.741716066 0 1681.68234781 40.8888314097 210.088515721 22.1111685903 5.31765218429 53.6128331679
4224 2.30106928573 21.0174430294 145.501791449 354.208560727 0.607927240241 0.39156081463 1.17989975492 143.612051462 321.206387343 190.742783359 0 1681.77070051 40.7967766525 206.107589317 22.2032233475 5.22929948962 53.7936126571
4248 2.26236895336 21.0416307465 141.889426395 354.22396107 0.602789395149 0.412975804865 1.79993710535 142.960336623 321.281954179 189.502696986 0 1681.85838455 40.8194017187 204.309626281 22.1805982813 5.14161544459 53.7180458203
4272 2.22451282482 19.8931158172 145.462585849 354.239161036 0.59832406513 0.433891196496 1.40036524752 143.328258453 321.249176432 184.30771301 0 1681.94447875 40.8619100937 202.751443948 22.1380899063 5.05552124402 53.7508235681
4296 2.1892196084 19.4734533003 145.415333301 354.253468824 0.594602440185 0.450843642495 1.81690854034 142.884176552 321.115691582 179.948564521 0 1682.02478141 40.9169645011 202.283566703 22.0830354989 4.97521858899 53.8843084177
4320 2.15585480825 18.2482782592 144.340140684 354.26713286 0.591911173372 0.50810889546 4.01316537565 140.619681695 321.214322319 181.937320032 0 1682.10059577 40.957915738 198.022923285 22.042084262 4.89940423117 53.7856776808
4344 2.12192050407 19.367556539 145.622405793 354.281201952 0.590599561121 0.553026168093 1.33906141286 143.236110904 320.941101813 171.870728984 0 1682.17683322 40.8300448081 195.983414851 22.1699551919 4.82316678324 54.0588981865
4368 2.08812907354 19.5899951517 141.700084284 354.295413925 0.589893227538 0.570550264683 1.75796957257 142.786173009 321.026907062 170.622923161 0 1682.25331993 40.8105079109 193.117685251 22.1894920891 4.74668006334 53.9730929375
4392 2.05592158805 19.2293680015 139.850039655 354.309164638 0.589673493735 0.58897986836 1.06391534333 143.448266655 321.150437635 170.639744803 0 1682.32637027 40.8023986517 192.389873003 22.1976013483 4.6736297303 53.8495623649
4416 2.02378338597 17.2943538081 142.485986345 354.323101843 0.58987523884 0.608420483918 0.411660959021 144.066941473 320.947212289 165.647206858 0 1682.3997494 40.9473868284 189.773919266 22.0526131716 4.60025059867 54.0527877108
4440 1.99479198853 16.7415915605 140.374843576 354.335873761 0.590395286696 0.625489583752 2.47768296245 141.970558405 321.152638003 168.845519768 0 1682.466304 41.1084472267 185.375997653 21.8915527733 4.53369600184 53.8473619969
4464 1.96685428522 16.7401230553 140.144122397 354.34837447 0.591393704285 0.644564452586 1.46814396747 142.947523404 321.159180461 168.152395791 0 1682.52929364 41.0151324254 184.146191334 21.9848675746 4.47070635863 53.8408195385
4488.0 1001.93917442 15.817282649 144.95068761 354.360959755 0.592577105635 0.651020365896 1.49771657747 142.897726195 320.906688906 159.469020006 0 1682.59225621 41.0914252085 183.982914778 21.9085747915 4.40774378912 54.0933110934
4512 373.037039927 5197.9951307 180.355618127 358.443490088 7.58378225664 15.9203485587 45.6333559284 72.4190231675 275.310531307 903.495076126 0 1148.54010065 39.8551148902 411.488166681 23.1448851098 538.459899353 99.6894686923
4536 89.8143735615 3328.01287544 186.598468746 378.253901339 10.5485646854 24.2481541992 39.4096962932 47.5396834827 274.847618723 360.289898248 0 1484.09710124 39.0675225201 457.856770513 23.9324774799 202.902898763 100.152381276
4560 33.9362351543 1123.21011974 183.175231588 391.159518543 7.86483789954 12.2211271196 31.3866624468 57.3678539901 293.710949595 269.571623757 0 1606.80567539 39.0922440345 448.369060957 23.9077559655 80.194324606 81.2890504045
4584 21.7721369827 414.230085299 175.398784688 393.846255609 1.65629127278 8.50770948235 20.967210726 75.0225329085 309.857925958 341.378361182 0 1637.25598277 39.4194873531 420.451609586 23.5805126469 49.7440172282 65.1420740418
4608 17.1916062115 265.179299902 177.947436605 394.165615295 0.842905903822 1.00327951864 11.6902608684 92.297938413 314.91173804 361.626969237 0 1648.01454765 39.6141491398 402.498172924 23.3858508602 38.9854523537 60.088261959
4632 14.4433581057 213.393715031 174.656557318 394.399316799 0.947761488839 1.70581683806 7.65862265815 95.2884822146 316.630819137 358.732950196 0 1654.25884458 39.6715414346 384.021901569 23.3284585654 32.7411554234 58.3691808624
4656 12.586862807 163.832129671 177.364641502 394.536468886 0.21052055655 2.78266704553 6.94282498883 95.5275185225 318.244382748 372.772657418 0 1658.50913031 39.8123782778 379.229479719 23.1876217222 28.4908696923 56.7556172517
4680 11.2377431154 146.842001542 172.813465852 394.584396582 0.316773669024 1.02918847953 7.87102703754 96.1986142314 319.186132811 380.968446431 0 1661.55806353 39.8437491499 374.029894771 23.1562508501 25.4419364717 55.8138671889
4704 10.1128170178 136.680483159 168.298517625 394.637075984 0.369725586263 1.14359436121 7.94666991297 95.902934155 319.391383006 366.655362253 0 1664.07712919 39.8102079885 373.392881156 23.1897920115 22.9228708089 55.6086169932
4728 9.17743610013 122.877291596 168.699363122 394.695678798 0.426707457481 0.915307112185 6.33288448189 97.6294221495 319.533039155 351.255001366 0 1666.1849809 39.8178160734 369.034751097 23.1821839266 20.8150190988 55.466960844
4752 8.41333866033 108.770237941 169.623438244 394.754169291 0.452463930177 0.576989616227 7.42562399141 96.7907531697 319.99218736 351.149107066 0 1667.92093143 39.8764557919 350.685650543 23.1235442081 19.0790685738 55.0078126395
4776 7.77985308021 97.801395061 167.001599416 394.809442352 0.496326801765 1.02372481194 4.5344180874 99.1360879462 320.251903138 344.969466923 0 1669.35122063 39.8967432549 346.325043413 23.1032567451 17.648779374 54.7480968612
4800 7.25044603684 85.0454499217 164.235420148 394.861971106 0.489596067545 0.475379253663 5.55828789172 98.6147656802 320.805658745 350.778120167 0 1670.56181926 40.0235815173 336.215913497 22.9764184827 16.4381807405 54.1943412545
4824 6.7771479479 88.7529578066 165.242260809 394.911839145 0.497816528434 0.632572433776 0.663527201639 103.29424469 320.377395002 319.280401352 0 1671.61733591 39.9028396347 336.532641663 23.0971603653 15.3826640925 54.6226049976
4848 6.36816577854 79.8925412751 166.943298205 394.959084663 0.517457487631 0.861431679708 5.76752133313 97.8945048357 320.525300704 309.50381005 0 1672.54988509 39.9890864974 329.530550251 23.0109135026 14.450114913 54.4746992951
4872 6.00239563144 72.1254237584 160.650746924 395.006433713 0.536105809852 0.173495926773 4.21618386109 100.067780689 320.608546232 302.334507952 0 1673.37499411 39.992849863 327.048379863 23.007150137 13.6250058897 54.3914537676
4896 5.7007415312 58.0281176495 164.992734789 395.047173295 0.522043635675 0.505241894312 3.55093683253 100.374604342 320.936331015 307.604470118 0 1674.07211355 40.2352045851 314.260592095 22.7647954149 12.9278864522 54.0636689848
4920 5.42272229809 61.5599768505 160.495302187 395.086466649 0.528344019312 0.720451079365 3.81417869414 99.8505595569 320.977813331 298.994676233 0 1674.69248058 40.1032551593 306.448325099 22.8967448407 12.3075194232 54.0221866682
4944 5.17156123675 57.0335390509 163.199354774 395.124721739 0.549426350963 0.93984281666 3.62081371348 99.7651953786 320.85250166 287.254821664 0 1675.26262599 40.1598796961 299.518764507 22.8401203039 11.7373740118 54.1474983393
4968 4.95824074552 51.6915203091 160.461787521 395.160155371 0.561439988019 0.0391939310143 0.869818590874 103.369392118 321.062097483 291.407979426 0 1675.74815444 40.2145524009 291.265300496 22.7854475991 11.2518455619 53.9379025166
4992 4.76629454481 48.2935646851 156.234230566 395.192554648 0.533752614255 0.108886235089 0.891832597716 103.272973904 321.557102928 300.719111055 0 1676.18511485 40.2995555071 282.897159734 22.7004444929 10.8148851527 53.4428970719
5016 4.58868817365 45.5344145156 156.285272485 395.222335301 0.513231472096 0.221814468449 1.5776598515 102.464958905 321.445020895 291.894189365 0 1676.58850119 40.368446875 281.984663837 22.631553125 10.4114988092 53.5549791046
5040 4.42206009206 48.5402782517 155.988242098 395.250418203 0.500199701386 0.334823147175 2.09098279222 101.823576155 321.470926416 285.571338905 0 1676.96085407 40.2234228934 278.862504966 22.7765771066 10.0391459306 53.5290735832
5064 4.26169345978 44.1790640386 158.152202671 395.277960007 0.495573304197 0.500507970193 2.46659628643 101.259362432 321.472999123 283.060898818 0 1677.32604364 40.3230687042 271.804592712 22.6769312958 9.67395636184 53.5270008768
5088 4.11540438472 42.9933113842 160.814900771 395.303982239 0.498596169909 0.59736028224 1.64589115226 101.954170155 321.329965246 272.338053251 0 1677.65698846 40.3292970033 266.950065833 22.6707029967 9.34301154169 53.6700347533
5112 3.9847963526 40.5274678668 151.532183844 395.328230564 0.504203430433 0.644577726486 1.50186703971 102.021121238 321.67510678 281.051823487 0 1677.95380884 40.3643696884 259.949137218 22.6356303116 9.04619116264 53.3248932198
5136 3.85661112133 44.8563369006 151.469607758 395.353136681 0.511508123063 0.665248997291 1.47211286553 101.997993332 321.441144266 270.370537377 0 1678.23916922 40.1970588233 255.9616919 22.8029411767 8.7608307777 53.5588557333
5160 3.73540761209 41.9254989288 152.874753597 395.377827855 0.519830829213 0.711161025659 1.26832790597 102.122852383 321.57456602 265.960536451 0 1678.51634227 40.3112157174 253.436243821 22.6887842826 8.48365772622 53.4254339794
5184 3.62389732748 34.5678764536 153.887074477 395.401676156 0.529984117784 0.80241518614 2.71558945469 100.550335084 321.401767129 257.334353071 0 1678.77105028 40.4446088678 255.438094733 22.5553911322 8.22894971983 53.5982328702
5208 3.52503196397 32.2643875504 153.610245828 395.423907836 0.541862133495 0.845804365936 1.84366419523 101.344761469 321.45560646 254.920217716 0 1678.99646189 40.5422654357 250.990631562 22.4577345643 8.00353810733 53.5443935393
5232 3.430726631 32.1935272463 157.390226598 395.446206391 0.55466713338 0.871413486145 0.918137932799 102.209575055 321.091542635 235.676685415 0 1679.20962966 40.5406227188 252.965237827 22.4593772812 7.79037033422 53.9084573642
5256 3.34823255057 28.3860666326 156.17610077 395.46666954 0.566363262675 0.887115186721 0.586599252453 102.493252758 321.198999103 236.581572163 0 1679.39889502 40.7118834965 249.19068121 22.2881165035 7.60110497821 53.801000896
5280 3.26662969856 31.5000124505 152.084678765 395.48784964 0.578253063336 0.912409951177 2.28408758203 100.737399762 321.30299642 231.792199612 0 1679.58102174 40.5277729753 247.938979377 22.4722270247 7.41897825654 53.6970035796
5304 3.1820114126 30.7233859734 149.919847788 395.510886561 0.592306507675 0.959801532073 1.16897094787 101.76803445 321.359254127 230.415093475 0 1679.77190935 40.5104650669 243.221054189 22.4895349331 7.22809064659 53.6407458726
5328 3.10851795044 27.1452506272 152.637316472 395.531872765 0.605207685391 0.982642799011 2.66274082502 100.217535925 321.302665079 229.229697605 0 1679.94124927 40.7339410809 236.181006102 22.2660589191 7.05875072996 53.6973349205
5352 3.03688766437 30.7083909246 150.224020433 395.55301911 0.596721291354 0.0516808708962 3.11834913872 100.680229588 321.240303107 221.745114132 0 1680.1016704 40.5765036319 234.563618729 22.4234963681 6.89832959476 53.7596968921
5376 2.96471266576 28.2893985973 147.517054327 395.574218092 0.578891934941 0.121304699129 1.7158184814 102.009766792 321.417264912 222.059038117 0 1680.26522454 40.5849337596 232.336378089 22.4150662404 6.73477545437 53.5827350871
5400 2.89953750837 25.6573606684 150.834191427 395.593275056 0.564527372549 0.171716550276 2.06344458351 101.607036437 321.305683958 217.255619857 0 1680.41456543 40.757291746 229.454650508 22.242708254 6.58543456737 53.6943160412
5424 2.83414794367 27.458755112 147.649909531 395.612370577 0.551924118726 0.206620408507 1.52699842976 102.102086465 321.273146086 213.39750573 0 1680.56055463 40.5604720919 227.892262429 22.4395279081 6.43944536965 53.7268539138
5448 2.77198293509 26.680162539 148.944800744 395.630553374 0.54154204112 0.256368203988 0.858345040481 102.713191339 321.148159908 208.769237669 0 1680.7011228 40.5380248984 223.636566681 22.4619751016 6.29887719787 53.8518400915
5472 2.71428946002 26.9886245194 146.93780967 395.647505086 0.533436152001 0.310355223982 0.999374751099 102.509328786 321.295138445 208.794656965 0 1680.83358538 40.691414285 217.868007225 22.308585715 6.16641461781 53.7048615544
5496 2.6563230705 26.8323905698 143.842490032 395.664665541 0.526631051395 0.336578401216 2.27746464617 101.194660359 321.31204731 205.950206764 0 1680.96372252 40.572192733 216.403694115 22.427807267 6.03627747744 53.687952689
5520 2.60481741002 24.2575280228 141.725724413 395.680061104 0.52211585226 0.408834588261 3.14906407197 100.239924383 321.646909926 213.08062179 0 1681.08191618 40.7303583098 214.310136402 22.2696416902 5.91808382144 53.3530900731
5544 2.55292328137 24.7831342832 145.95297793 395.695780979 0.519765898282 0.470246536103 1.1190976511 102.195108935 321.366189158 208.188141951 0 1681.19833127 40.5979014581 210.456152021 22.4020985419 5.801668733 53.6338108417
5568 2.50475667334 20.8568908916 149.258746025 395.710614007 0.518668965056 0.494498190497 1.99444306765 101.281775769 321.300525848 203.866057228 0 1681.30938513 40.8788181712 207.86593867 22.1211818288 5.69061487364 53.6994741514
5592 2.46058936317 20.5384064763 146.808417437 395.724450644 0.51842424642 0.517648820581 0.676416481414 102.563059807 321.330270128 203.694335398 0 1681.40955121 40.8882348489 203.596239612 22.1117651511 5.59044878936 53.6697298717
5616 2.41827081834 21.6319044415 145.154613471 395.737942337 0.518580202683 0.532231566174 0.306123799459 102.905122094 321.322702544 200.934246244 0 1681.50520975 40.8218560118 199.588700176 22.1781439882 5.49479025329 53.6772974549
5640 2.37625346713 20.5601701645 143.507332599 395.751582223 0.51907507887 0.547986620522 1.95959786901 101.221758208 321.313723956 196.607498896 0 1681.60054879 40.8581709378 199.803423818 22.1418290622 5.39945121152 53.6862760435
5664 2.33409936301 19.4233248888 141.426298308 395.765532309 0.520274946274 0.586650113025 2.621593432 100.505949199 321.564216987 202.253256961 0 1681.69630748 40.9280469282 195.189933258 22.0719530718 5.30369251565 53.4357830123
5688 2.29260886244 20.8044881247 142.805123066 395.779558656 0.522588154057 0.62280982646 1.2903186895 101.784724673 321.290302446 194.115932849 0 1681.78927325 40.7469892257 193.871313606 22.2530107743 5.21072674569 53.7096975532
5712 2.25580324656 20.4008395105 144.363307776 395.792275265 0.525063620959 0.627571387313 0.752450387579 102.302639338 321.273923039 189.862656461 0 1681.8738817 40.9178868358 190.666361724 22.0821131642 5.12611829865 53.7260769605
5736 2.21903632641 19.1129792073 141.176308183 395.80525005 0.527700649517 0.637024275234 1.24225944749 101.787765576 321.323733843 185.135169162 0 1681.9570165 40.9008771743 196.549298586 22.0991228257 5.04298350188 53.6762661563
5760 2.18476560742 18.8346937019 140.415833413 395.817601458 0.530455287605 0.657549787113 1.57599876705 101.4183947 321.390160568 189.046983926 0 1682.03520166 40.9733445128 191.463270012 22.0266554872 4.96479833901 53.6098394317
5784 2.15188724662 18.063711615 142.729333224 395.82970121 0.533522329849 0.668664836059 0.865655751118 102.102455872 321.394901961 186.178396357 0 1682.10981916 41.0000400937 190.547382039 21.9999599063 4.89018084156 53.6050980387
5808 2.11729654041 21.3633369758 141.479392311 395.842710923 0.536948925736 0.685591371473 1.30147598965 101.633272789 321.115752481 178.213379394 0 1682.18643088 40.6659869554 189.75764263 22.3340130446 4.81356911816 53.8842475179
5832 2.08410134327 17.3589978673 143.253940635 395.855481369 0.540615064633 0.698863563379 0.681589017267 102.223450984 321.23056011 177.867831167 0 1682.26329899 40.9954729894 187.121611516 22.0045270106 4.7367010062 53.7694398896
5856 2.05436072949 16.6973105284 141.164450195 395.867174105 0.544123792048 0.714080576205 1.83904164205 101.035579883 321.201978945 175.435566227 0 1682.33108585 41.0700946209 186.589543926 21.9299053791 4.66891414525 53.7980210542
5880 2.02150426454 19.6056364081 141.024254648 395.880384095 0.548310270141 0.718278974097 0.283455608457 102.569571051 321.005576884 168.643095291 0 1682.40392472 40.717019372 184.204336453 22.282980628 4.59607527964 53.9944231159
5904 1.98993126108 16.1107025952 141.17590626 395.893378577 0.552376576649 0.73598223884 2.64226869274 100.175993914 321.11461546 167.601666552 0 1682.47715265 41.095982066 182.958435326 21.904017934 4.52284735371 53.8853845393
5928.0 1001.96345371 15.1074750884 142.487945669 395.904515347 0.556197990939 0.751083931614 1.64771761353 101.140485116 321.207181354 166.803675471 0 1682.53784777 41.2482806655 182.793273876 21.7517193345 4.46215222429 53.7928186452
5952 376.244249911 5204.56827116 181.088328841 399.072360932 4.38980383076 19.4755971284 28.5444681525 48.5177699555 275.254025124 882.331931002 0 1146.06303071 39.8641821605 400.614782501 23.1358178395 540.936969287 99.7459748753
5976 90.4062364328 3367.1315716 184.479136773 415.11634305 8.49948333706 19.4176285427 24.1455363072 32.8210087623 274.795127441 396.954664363 0 1482.89284706 39.0648835138 458.553798679 23.9351164862 204.107152931 100.204872558
6000 33.7829137076 1168.60821116 179.548667952 424.54938537 3.95265700295 10.8106675829 22.8140885253 37.8732015179 293.156605553 288.747295689 0 1606.91177953 39.0713270442 452.225036127 23.9286729558 80.0882204612 81.8433944465
6024 21.3722416884 434.08145041 174.647768061 426.270174069 1.51591793574 4.68236709908 12.5795863771 54.9519545183 308.999373364 328.02131769 0 1638.01085529 39.3638265602 403.455999798 23.6361734398 48.9891447073 66.0006266348
6048 16.9222735461 265.647341422 167.627156838 426.550485978 0.75534994365 0.659655968767 6.55498840089 65.4795197082 315.379856777 362.351513634 0 1648.63579005 39.6270071869 387.115120713 23.3729928131 38.3642099483 59.6201432223
6072 14.3110904897 203.548528266 172.547584517 426.749024431 0.838095029018 0.753750021839 6.76490379237 64.8942267253 317.166649742 373.014881697 0 1654.59055447 39.7199826021 371.272312353 23.2800173979 32.409445528 57.8333502575
6096 12.4618723846 172.085347291 167.312890914 426.923555291 0.837388849301 0.980700854933 4.79966538073 66.4586896232 318.435327527 380.920409111 0 1658.774342 39.7768914338 359.535723251 23.2231085662 28.2256579926 56.5646724726
6120 11.0779572602 144.888475668 169.385609596 427.076189822 0.90772190418 0.697117197823 8.43554418425 62.8834268908 319.086898503 380.947617919 0 1661.90468876 39.8135476766 349.475462287 23.1864523234 25.0953112303 55.9131014965
6144 10.018491711 120.874684612 168.354950446 427.21253299 0.884249375981 0.262721585837 2.81511246505 68.8253835822 319.934791075 383.605952397 0 1664.317476 39.9284718801 348.618423924 23.0715281199 22.6825239918 55.0652089245
6168 9.09811355363 130.391259798 166.917808715 427.335102464 0.822483716989 0.668711544949 5.21051384865 65.9631884241 319.265644839 337.122721794 0 1666.35035152 39.759272278 350.991909396 23.240727722 20.6496484769 55.7343551599
6192 8.35655627281 102.615491748 168.960594871 427.439666559 0.811070146502 0.0733422036665 3.27762948282 68.3982916069 320.015631218 342.070337153 0 1668.05711098 39.9305370305 343.440227599 23.0694629695 18.94288901 54.9843687808
6216 7.7638671663 92.0209940507 164.797935248 427.525534718 0.751688240915 0.376891672233 3.50736699009 67.8385183782 320.654026819 357.414381668 0 1669.40193443 39.9814744056 331.021481726 23.0185255944 17.598065568 54.3459731802
6240 7.22596745567 92.0254466895 163.39885299 427.605034522 0.731403538909 0.71271960324 3.3797319042 67.5711104306 320.406557657 331.319730685 0 1670.60456334 39.9109985761 336.929557013 23.0890014239 16.3954366569 54.5934423419
6264 6.74781662899 84.0004482089 161.523469862 427.680526794 0.742568921589 0.925045089722 1.05023789868 69.6016212955 320.529398416 322.122197292 0 1671.68781428 39.9511651991 331.478109095 23.0488348009 15.3121857115 54.4706015835
6288 6.34645257819 74.0252778747 156.811089144 427.749651382 0.761830124109 1.02144666007 2.17226127406 68.2948105586 321.097816001 332.006125524 0 1672.60092626 40.0258692255 325.421283134 22.9741307745 14.399073732 53.9021839979
6312 5.99119322978 71.1520205764 164.424850535 427.815610222 0.74485518758 0.120790439033 2.00082462959 69.317919521 320.841709943 320.180203956 0 1673.40332993 40.018949186 315.213351796 22.981050814 13.5966700664 54.1582900564
6336 5.68647153989 62.389005225 159.124145058 427.872250245 0.705289073361 0.333573380167 2.11728053048 68.9716067697 321.228270123 320.331373855 0 1674.09913596 40.1392807578 313.439805989 22.8607192422 12.900864032 53.7717298757
6360 5.40734328702 65.0862655333 161.869011651 427.924541209 0.681231400912 0.421364532242 2.24823041067 68.7246324466 321.180024009 312.552071968 0 1674.72658325 40.0825483538 301.825508575 22.9174516462 12.2734167417 53.8199759907
6384 5.16086875854 57.4597447804 160.141897663 427.971701138 0.667791455104 0.519680157717 1.94542931252 68.8953979353 321.309769739 314.465268829 0 1675.28557115 40.1108242151 290.747487672 22.8891757849 11.7144288445 53.6902302602
6408 4.9415003338 51.1132085874 161.857174943 428.014948562 0.660441587386 0.58272533006 2.35991591333 68.3819686064 321.168730187 297.19910798 0 1675.78674675 40.2371997873 292.274571445 22.7628002127 11.2132532424 53.8312698124
6432 4.73971725547 54.8251821087 164.657253813 428.056169416 0.658828435963 0.664141873597 0.537504367189 70.0833559068 321.013342959 280.058782231 0 1676.23905298 40.1370027981 286.551484958 22.8629972019 10.7609470106 53.98665704
6456 4.55785843173 44.6603870398 160.279483802 428.094861015 0.660345196523 0.728139117553 2.47122465533 68.0454300151 321.33945431 282.731825599 0 1676.65708017 40.3452602908 284.420212033 22.6547397092 10.3429198211 53.6605456897
6480 4.39231245407 45.908552762 164.41464464 428.131652689 0.666052529359 0.791297098829 2.17002110249 68.2409765791 321.060523361 269.575608994 0 1677.03007063 40.2998105518 279.085736932 22.7001894482 9.96992936416 53.9394766381
6504 4.24062322531 40.2744187884 158.262491464 428.166974656 0.67436317544 0.842776055249 0.688702658577 69.6271834538 321.349399492 268.041310554 0 1677.37636044 40.4259440052 281.504306329 22.5740559948 9.62363955806 53.6506005073
6528 4.09408054588 45.7957261099 155.880035265 428.202782559 0.683190264329 0.849501318935 1.29394316807 68.9705826888 321.179902142 259.512656274 0 1677.70212965 40.2176341605 276.731356535 22.7823658395 9.29787034877 53.8200978569
6552 3.95626064981 39.2616560099 150.98086964 428.238095282 0.691797330416 0.862578326319 1.78762620072 68.4199028599 321.581425261 274.200238258 0 1678.01752858 40.3730506009 263.331513433 22.6269493991 8.98247141681 53.4185747379
6576 3.83252249176 38.6581521103 152.778856318 428.271280115 0.700922439096 0.902425932781 0.967501411323 69.1578701009 321.439893564 261.973874047 0 1678.29764009 40.3791878836 266.743582929 22.6208121164 8.70235990723 53.560106435
6600 3.71573984695 40.4862333012 158.095081476 428.304041451 0.710948727977 0.942930392118 1.05412425225 68.9879551762 321.062567765 248.296139738 0 1678.56012255 40.2888086253 260.683063057 22.7111913747 8.43987744496 53.9374322341
6624 3.59742090458 37.1452400752 152.7321304 428.338817211 0.721784969818 0.940895335708 1.36593218947 68.6325702929 321.041966637 240.17052903 0 1678.82804543 40.31679017 257.553243928 22.68320983 8.1719545638 53.9580333623
6648 3.49601187297 39.6598946093 149.316691312 428.369981067 0.731337294234 0.947208757795 0.272981743988 69.6784911359 321.318750236 241.32044585 0 1679.05815566 40.2931946516 251.139068948 22.7068053484 7.94184433521 53.681249763
6672 3.40438458023 32.2706023695 150.074499464 428.399282666 0.739615509236 0.941256615479 0.995860383959 68.9239848245 321.598498366 249.639923504 0 1679.2703658 40.5806055107 245.525737606 22.4193944893 7.72963419422 53.4015016333
6696 3.31848869271 31.2348897747 155.363956638 428.427782248 0.747348951118 0.946354202458 0.592527173437 69.2859874242 321.347329575 245.03316134 0 1679.46427889 40.5627506331 237.540648385 22.4372493669 7.53572110047 53.6526704238
6720 3.23506538029 28.6744663427 151.242449292 428.456469828 0.75514346489 0.974336924449 2.13126149715 67.6827882849 321.542842174 247.44093737 0 1679.65366784 40.629202536 232.337985754 22.370797464 7.34633215261 53.4571578248
6744 3.15015201099 34.2840416895 150.639263148 428.486716984 0.753244092055 0.0377418200047 2.74297984182 67.9793172613 321.325809201 234.159391409 0 1679.84150052 40.3236746695 228.756015701 22.6763253305 7.15849947911 53.6741907984
6768 3.06760088363 32.1204406761 147.514460666 428.516184478 0.727116900539 0.127808108509 2.37131572658 68.2575747857 321.325444049 232.031824264 0 1680.02940124 40.3813955853 221.714495142 22.6186044147 6.97059875564 53.6745559501
6792 2.99455936404 30.4661728171 152.595877011 428.542099449 0.707274312256 0.20567200289 2.75498725103 67.7899669835 321.200387372 221.690564336 0 1680.19747971 40.563369937 216.207512568 22.436630063 6.80252028022 53.7996126269
6816 2.92376098156 27.5682599825 148.650609015 428.567175938 0.690502437683 0.249950437438 1.18057510978 69.3117960761 321.19495716 217.754388025 0 1680.35794222 40.6001269934 212.195350364 22.3998730066 6.64205777686 53.8050428395
6840 2.86024158304 24.9048553999 150.170722344 428.589695521 0.676755740254 0.279879340644 0.425009675229 70.0286597219 321.210150625 212.385745746 0 1680.50288408 40.7097500655 210.592106901 22.2902499345 6.4971159095 53.7898493743
6864 2.80153191301 25.6082882666 148.26319051 428.610562199 0.664945932777 0.302989998114 0.551970493425 69.8695313757 321.231903409 211.212400276 0 1680.63575404 40.6729646905 205.295742382 22.3270353095 6.36424595542 53.76809659
6888 2.74555517136 25.2167414016 151.970402424 428.630531661 0.654420423229 0.319152093262 0.632330585721 69.7635652354 321.237849916 209.174138716 0 1680.76276196 40.6938665152 199.466228589 22.3061334848 6.23723802956 53.7621500828
6912 2.69148631649 24.316255734 148.265563363 428.649911642 0.644934459958 0.345970823029 0.658621830405 69.700561244 321.201128447 204.81188498 0 1680.8853983 40.7120965616 200.834182146 22.2879034384 6.11460169742 53.7988715517
6936 2.64146640945 22.3923820008 146.015747958 428.667943921 0.636819620627 0.358725204122 0.592797284932 69.7437139688 321.386889342 207.520928645 0 1681.00000324 40.8871363982 199.341057233 22.1128636018 5.99999675343 53.6131106572
6960 2.58940685533 23.215357872 144.156518443 428.686837138 0.628822446129 0.373294267302 0.64163411647 69.6694120307 321.34492164 204.49168408 0 1681.11642483 40.7163153579 198.06697836 22.2836846421 5.88357516748 53.6550783588
6984 2.54210901646 20.6535939567 141.608497452 428.704131149 0.62216155474 0.398695847293 1.51336256593 68.7616488818 321.52757596 208.398623882 0 1681.22522061 40.9373729454 196.988666984 22.0626270546 5.77477938597 53.4724240393
7008 2.49531599519 23.2902134607 141.687425784 428.721384771 0.61613804836 0.407761812858 0.43092198518 69.823793382 321.472262101 206.217136154 0 1681.32964716 40.6918489775 196.015570738 22.3081510225 5.67035283019 53.5277378983
7032 2.44709279428 21.6667262394 148.024965657 428.739334107 0.610404660504 0.432091123869 1.41387210804 68.8042979995 321.126100957 195.676501136 0 1681.43902722 40.7500810631 194.236037495 22.2499189369 5.56097277825 53.8738990425
7056 2.40659917623 20.2152296952 147.916322606 428.754559431 0.6063213727 0.455888639318 1.1010285279 69.0822020283 321.226372574 191.840543864 0 1681.53242866 40.9525567642 193.639993308 22.0474432358 5.46757133499 53.7736274247
7080 2.36748026501 20.100845532 145.591945458 428.769420362 0.602806625991 0.47108955531 1.77294448162 68.3837389744 321.297399693 193.265828187 0 1681.62070914 40.8953989721 190.229229353 22.1046010279 5.37929085778 53.7026003061
7104 2.32854500517 21.6221903888 144.260033361 428.784375671 0.599732116398 0.483966582446 1.46818979166 68.6637358378 321.206216976 186.364007031 0 1681.70818962 40.7590495252 190.975826039 22.2409504748 5.29181037167 53.7937830227
7128 2.28995245358 18.1977526342 143.309226771 428.799377598 0.597265392343 0.510489394235 0.147642083651 69.945225531 321.2604155 187.164469159 0 1681.79701058 41.049421443 188.844820183 21.950578557 5.20298941466 53.7395844993
7152 2.25382099355 20.7830871995 143.608020932 428.813601587 0.595250812208 0.514800696109 0.786566562621 69.2897803414 321.234498753 183.98698253 0 1681.87780991 40.8120739145 186.875712111 22.1879260855 5.12219008518 53.7655012465
7176 2.21552687517 19.3478640864 147.152718944 428.828878179 0.593464138749 0.535097398406 0.519887075374 69.5226732072 320.922684817 172.166198479 0 1681.96502068 40.9449505633 186.055775628 22.0550494367 5.03497931144 54.0773151819
7200 2.18036737714 17.9300727836 145.217351054 428.843102494 0.592163746865 0.542636496301 1.15941426345 68.8626829983 321.019422674 170.444576955 0 1682.04504427 40.9935945225 184.297530342 22.0064054775 4.95495572833 53.9805773253
7224 2.14864332338 17.1112237162 142.520073 428.856110157 0.591174636789 0.548427298607 0.663020626444 69.3412672804 321.160803232 171.901739938 0 1682.11763007 41.1120259239 183.697049576 21.8879740761 4.88236992427 53.8391967675
7248 2.11749012346 17.7583309792 142.536749655 428.869051387 0.590261249078 0.551011558835 1.16728665104 68.8223891532 321.012292659 167.789128873 0 1682.1877638 41.0012735368 183.237942196 21.9987264632 4.81223619669 53.9877073403
7272 2.08550671148 18.5836036301 141.219795314 428.882516852 0.58941554868 0.554462125721 0.732787696011 69.2408177766 321.120950158 167.397306054 0 1682.25967122 40.8800663831 182.781494095 22.1199336169 4.74032877339 53.8790498411
7296 2.05529760875 17.1554584142 143.574290452 428.895409912 0.588814812759 0.570849412249 0.206636294404 69.7382895673 320.936929595 163.635421207 0 1682.32869951 41.008551263 180.486953831 21.991448737 4.67130048488 54.0630704038
7320 2.02621300931 19.106109252 144.650119182 428.907993641 0.58846361867 0.578699431116 1.66160801552 68.2632352932 320.835357752 158.452925206 0 1682.39458145 40.9577151165 177.348695191 22.0422848835 4.60541854066 54.1646422471
7344 1.99624536529 16.4155922321 143.236350214 428.92114576 0.588487716869 0.596037503037 1.1630580728 68.7312709464 320.827865765 155.437727376 0 1682.46269842 41.0527388169 176.347056756 21.9472611831 4.53730157423 54.1721342344
7368 1.9671544076 18.4381714283 139.542554454 428.934106906 0.58874910639 0.60359617834 0.660332975512 69.2132148333 320.970137269 154.970704031 0 1682.52808176 40.8994132183 175.416542219 22.1005867817 4.47191823567 54.0298627306
7392 1.93862867756 16.2042165675 140.174228283 428.947011032 0.589164933745 0.612389300452 1.14685022694 68.704584506 320.95320976 156.723969222 0 1682.59324129 41.0321746865 172.6332689 21.9678253135 4.40675870365 54.0467902396
7416 1.91240735808 15.2324839941 139.600951112 428.95905132 0.589708161943 0.61715536704 0.538805430539 69.2952797193 321.078075036 157.768649923 0 1682.65324889 41.1690978505 170.998755958 21.8309021495 4.34675110656 53.9219249632
7440 1.8862438112 16.1744706944 143.239888771 428.971242698 0.590332309932 0.623683708958 0.942911234412 68.8718300475 320.837455344 150.554446239 0 1682.71192568 40.9935569133 169.455778717 22.0064430867 4.28807431304 54.1625446551
7464 1.86095858488 16.3053041439 139.449144442 428.983200832 0.591150198432 0.639974613341 1.29779978384 68.4878745713 320.903155874 152.247920172 0 1682.76940688 41.0115625871 166.033103006 21.9884374129 4.23059311458 54.0968441252
7488 1.83591061289 15.9596702766 141.614639484 428.995227196 0.592164617652 0.642363442562 0.685287285351 69.0849574572 320.837578071 147.516584216 0 1682.82649895 41.1114195028 164.722416816 21.8885804972 4.17350104165 54.1624219279
7512 1.81252969689 14.0601743845 143.927439135 429.006621612 0.593203894287 0.652786694591 0.980750751837 68.766637046 320.770209427 143.665973963 0 1682.88007002 41.2740293519 162.527131245 21.7259706481 4.11992997588 54.2297905722
7536 1.79212353931 13.1882192214 137.288121889 429.016704665 0.594192602232 0.651420935427 0.145804825468 69.591876971 321.053785187 150.351321492 0 1682.92687793 41.4489104809 160.440797305 21.5510895191 4.07312206628 53.9462148122
7560 1.77086051055 13.3264604736 140.249681098 429.027351715 0.595188092193 0.650179418412 0.373466978581 69.3538137944 320.926943189 146.366591871 0 1682.97488418 41.3838591223 159.451165582 21.6161408777 4.02511581116 54.0730568102
7584 1.75061840143 13.42417335 136.015340065 429.037623727 0.59614160322 0.652724874122 0.548244369039 69.1652654257 321.065993708 149.249478309 0 1683.02072395 41.3489535991 159.486390448 21.6510464009 3.97927604698 53.9340062916
7608 1.731272388 13.65920899 135.076691495 429.047568593 0.597109353892 0.657112622601 0.679555148075 69.0186542813 321.222079467 154.024253885 0 1683.06464786 41.33423055 158.580503808 21.66576945 3.93535213692 53.7779205323
7632 1.71230492925 12.7543774565 138.129686944 429.057443768 0.598120717266 0.659546060135 0.804516841279 68.8803726126 321.179129422 151.334312452 0 1683.10789925 41.4539359723 160.688594224 21.5460640277 3.89210074798 53.8208705776
7656 1.69306309455 15.6772052442 135.209733953 429.067591704 0.599165179203 0.660483962334 0.96141344308 68.7113457109 321.190997556 152.483236734 0 1683.15085857 41.168127235 159.799184427 21.831872765 3.8491414234 53.8090024434
7680 1.67189949292 13.4217920614 138.639957627 429.07890814 0.600346647728 0.664455687031 0.242938444491 69.4133510798 321.014673982 147.71796637 0 1683.19901592 41.2580544229 159.947998809 21.7419455771 3.80098407847 53.9853260169
7704 1.65161004496 14.7169151539 137.386053294 429.089913855 0.601490820061 0.662066519904 0.499059959635 69.1474688442 320.898160577 144.917195545 0 1683.2443233 41.0040674499 158.161498145 21.9959325501 3.75567668968 54.101839422
7728 1.63280440459 12.9830313258 137.804289989 429.100254874 0.602555615958 0.668835149061 0.658923377152 68.9694309827 321.001424437 143.696367129 0 1683.28790061 41.3175999596 158.450983084 21.6824000404 3.71209938221 53.9985755625
7752 1.61355375873 13.4289718905 139.385199151 429.110984747 0.603716215888 0.667604988366 0.876191796453 68.7415022516 320.764664497 136.967300574 0 1683.33112609 41.1788859213 156.766497972 21.8211140787 3.66887390757 54.2353355025
7776 1.59498806635 13.4626174841 136.763567395 429.121474681 0.604869534167 0.672890078899 1.05068737842 68.5500783266 320.81001294 135.219861387 0 1683.37328562 41.1664405939 156.157555232 21.8335594061 3.62671437793 54.1899870588
7800 1.57845271397 11.6810070666 139.173477659 429.130938435 0.605975749981 0.678352734078 1.10647196479 68.4782611152 320.821675338 133.09655014 0 1683.4116605 41.5417929969 155.585526489 21.4582070031 3.58833949728 54.1783246607
7824 1.56253950895 12.2044547855 139.740796759 429.140156854 0.607046866447 0.677931651657 1.14429817006 68.4305664565 320.768037302 130.050901727 0 1683.44746493 41.3921266309 153.084785261 21.6078733691 3.55253506575 54.2319626974
7848 1.54640288634 11.9733947956 135.122290893 429.149617968 0.608149157159 0.678666595555 0.204984074944 69.3585822039 320.919505939 133.673051023 0 1683.48416098 41.433514232 152.637736162 21.566485768 3.51583901125 54.0804940601
7872 1.5306625319 12.1169433526 134.894695181 429.158958927 0.609208888185 0.679472152483 1.25004757454 68.3023124569 321.048258235 136.41182615 0 1683.51977784 41.3818234677 151.262848803 21.6181765323 3.4802221537 53.9517417647
7896 1.5153312764 12.283475563 135.860205247 429.168165959 0.610276293643 0.682441463789 1.27370101935 68.2654152629 320.995707909 136.762008256 0 1683.55487111 41.5341825197 148.947861359 21.4658174803 3.44512888458 54.0042920901
7920 1.49884520081 12.4191287599 136.975262176 429.17818954 0.611467397665 0.686246140523 1.38460048279 68.1394964377 320.79226472 131.238354389 0 1683.59164513 41.2565725535 148.701654243 21.7434274465 3.40835486768 54.2077352791
7944 1.4834343678 12.1985026796 134.451914621 429.187677782 0.612627028212 0.689941866428 1.43362183042 68.076131492 320.9409335 134.41738269 0 1683.62679831 41.3073670973 146.497724973 21.6926329027 3.37320168319 54.0590664991
7968 1.46868463538 11.5639976997 138.25109435 429.196869292 0.613805582185 0.693577747297 0.447391954085 69.0483554237 320.819552835 129.391537035 0 1683.66054529 41.4392730824 145.353048534 21.5607269176 3.33945470343 54.180447164
7992 1.45422149834 10.8873008421 135.200331038 429.205989815 0.614983423686 0.69351068612 0.458496678664 69.0270193953 320.877620486 129.491562419 0 1683.6935963 41.5880605694 145.24792857 21.4119394306 3.30640369096 54.1223795127
8016 1.44030055807 11.0867421457 134.261647894 429.214871146 0.616116050293 0.695251047025 0.437468863063 69.0362928931 321.039589569 131.985487504 0 1683.72508763 41.5189471952 144.176512595 21.4810528048 3.27491236782 53.9604104304
8040 1.42727373312 11.4201921234 133.971983434 429.223275191 0.617189368248 0.695732939324 0.364307258793 69.0994952419 321.040531575 133.066674816 0 1683.7548793 41.6363616252 142.163246662 21.3636383748 3.24512069286 53.9594684243
8064 1.41337941512 11.3898215174 133.835540797 429.232340081 0.61832057049 0.693070974804 0.368478033775 69.0877903393 320.939066787 130.16430864 0 1683.78610286 41.4509429348 142.205023204 21.5490570652 3.21389713123 54.0609332122
8088 1.39958243678 11.2542628845 133.299538703 429.241446362 0.619413592107 0.695660557615 1.36483711281 68.0786423747 320.975217613 131.022141439 0 1683.81730438 41.4155203458 141.258736508 21.5844796542 3.18269561707 54.0247823864
8112 1.38547734886 11.7331811847 135.605179157 429.25086639 0.620569305083 0.695846014726 0.398338691872 69.0343795973 320.72100489 122.075904052 0 1683.84905326 41.2774009502 143.346302967 21.7225990498 3.15094673192 54.2789951093
8136 1.37178453925 11.5141746509 137.277186813 429.260120167 0.621687053651 0.69874756673 0.406146886739 69.0132983251 320.596654596 116.73781349 0 1683.88031119 41.3485348559 142.405965608 21.6514651441 3.11968880904 54.403345403
8160 1.35899749195 12.7591572875 135.320044081 429.268861035 0.622764671452 0.701341074265 1.35644057515 68.0505926429 320.766129518 116.224658397 0 1683.909461 41.4018573289 140.526859125 21.5981426711 3.09053898997 54.2338704814
8184 1.34506226607 12.1885512537 133.663028191 429.27849874 0.623983020248 0.700496860868 0.4093858581 68.9876355202 320.7117452 116.653999643 0 1683.94064655 41.1707528329 139.6863197 21.8292471671 3.05935344763 54.2882547989
8208 1.33222337105 10.5150066077 132.906770312 429.28748358 0.625079622732 0.703334397328 1.38185763119 68.0022447675 320.770075577 116.801944375 0 1683.97034733 41.5177412073 140.866384958 21.4822587927 3.0296526596 54.2299244226
8232 1.32062227834 10.1457115903 132.314473599 429.295691042 0.626123494129 0.704388264074 0.271434099169 69.1023630993 320.891956212 119.529551023 0 1683.99686881 41.6175224685 140.055818886 21.3824775315 3.00313118426 54.1080437876
8256 1.30921417922 9.76343453493 132.111994761 429.303845896 0.627124041277 0.704543919361 1.15558998417 68.2088961585 320.967878065 121.731012304 0 1684.02290613 41.7224048054 139.288028024 21.2775951946 2.97709385997 54.0321219341
8280 1.29758703633 10.543335993 132.248094243 429.312244288 0.628140070163 0.703962253669 0.0660424150844 69.2896109726 320.907704492 120.643432532 0 1684.04901757 41.5002985593 140.526670453 21.4997014407 2.95098242594 54.0922955068
8304 1.28595646599 10.7864216295 134.800084574 429.320734329 0.629127583609 0.701633393272 0.988391023976 68.3601136689 320.773852278 116.659295763 0 1684.07524829 41.3948888886 140.756671345 21.6051111114 2.92475169985 54.2261477211
8328 1.27489864567 9.73292355056 135.660173664 429.32889021 0.630059066297 0.701021481491 0.869733250823 68.4702959909 320.73899808 114.737301668 0 1684.10072599 41.6690601056 140.016674397 21.3309398944 2.89927400705 54.2610019196
8352 1.26431516764 9.33094538959 132.738179413 429.336774064 0.630934702832 0.699350727083 0.722542880266 68.6103976252 320.819550862 115.906131947 0 1684.1249149 41.794489162 139.298676649 21.205510838 2.87508509347 54.1804491376
8376 1.25356286745 11.4042590648 132.36624814 429.344862773 0.631822752082 0.70110304387 0.589249939854 68.73296149 320.867658596 115.554752728 0 1684.14879861 41.3273285622 138.613675359 21.6726714378 2.85120138702 54.1323414033
8400 1.24223397498 9.55938904554 134.070999109 429.353473136 0.632761841162 0.700198726915 0.515899004513 68.7976672902 320.730882321 112.390592809 0 1684.17486673 41.6729915569 138.95275329 21.3270084431 2.82513326375 54.2691176778
8424 1.23181305802 10.3696706503 136.558724376 429.361474313 0.633616354614 0.702412485716 0.369567470657 68.932929375 320.599165312 107.163855477 0 1684.19832352 41.4734502509 138.315452371 21.5265497491 2.80167646939 54.4008346876
8448 1.2213372013 9.44338788149 135.831356056 429.369597273 0.634488004817 0.702524445608 0.239148148913 69.0542421267 320.552877174 104.521847874 0 1684.2223348 41.6781659631 136.706492105 21.3218340369 2.77766519387 54.447122825
8472 1.21175584665 9.2584194091 135.164925673 429.377097684 0.635273484123 0.701240942238 0.0437305366009 69.2426573516 320.484620919 101.913465698 0 1684.24417775 41.7348145513 135.141659336 21.2651854487 2.75582224235 54.5153790804
8496 1.20254041572 8.73428559833 131.481000797 429.384376481 0.635998917447 0.698240145929 0.827111340079 68.4542731146 320.696384164 104.164187488 0 1684.26528151 41.9107225216 134.617159986 21.0892774784 2.73471848209 54.3036158355
8520 1.19300957835 9.2633916887 132.498371497 429.391971982 0.636723296759 0.695418621201 0.643004072707 68.6328820266 320.589490447 101.366622343 0 1684.28669372 41.7026278879 135.088639834 21.2973721121 2.71330627101 54.410509552
8544 1.1836232749 8.84260305123 131.316879731 429.399520217 0.637429612293 0.699517533645 1.43903494419 67.8244976918 320.682935413 103.30748946 0 1684.30813618 41.8327879516 134.581587792 21.1672120484 2.69186381442 54.317064586
8568 1.17484714183 8.57046494773 129.50071073 429.406640021 0.638135312098 0.7024559289 1.19066298664 68.0621057506 320.782922461 105.991325741 0 1684.32817709 41.9300424979 134.087755162 21.0699575022 2.67182290716 54.217077538
8592 1.16626474575 8.50361767913 130.722484945 429.413662005 0.638829211022 0.701532526976 0.938680162282 68.3072960933 320.822193098 106.202495061 0 1684.34767753 41.9414118356 133.621968657 21.0585881644 2.65232246231 54.1778069015
8616 1.15743422007 8.52864134765 130.761209482 429.420949249 0.639571641409 0.708062138059 0.698934366347 68.5324826045 320.792463673 107.195551008 0 1684.36769193 41.9109765093 133.168654017 21.0890234907 2.63230806483 54.2075363259
8640 1.14875761469 8.58593414629 128.695751758 429.428172472 0.640355579748 0.711504127829 0.457389344477 68.7625784754 320.896613741 110.858044283 0 1684.38735697 41.8751412462 131.749158123 21.1248587538 2.61264302364 54.1033862578
8664 1.1393412829 9.31891938929 133.002311497 429.436083758 0.641221811032 0.709364063109 0.298665619136 68.9146647476 320.605649913 104.565912806 0 1684.40839752 41.5815171384 130.365982543 21.4184828616 2.59160247748 54.3943500862
8688 1.13012568613 9.10161759395 133.67733712 429.443900183 0.642036978669 0.708948922435 0.125356095323 69.0797578198 320.556407662 101.4599286 0 1684.42939875 41.6390869067 129.018483025 21.3609130934 2.57060124662 54.4435923375
8712 1.12196166339 8.07768384409 134.829934159 429.450886404 0.64274108637 0.706670693384 0.867138072153 68.3325637431 320.422555981 94.7612349615 0 1684.4483302 42.0194255847 129.688293306 20.9805744153 2.55166979286 54.5774440185
8736 1.11374095416 8.65280989257 132.429391695 429.45798044 0.643443369806 0.70564900796 0.616893327443 68.5760338534 320.420875886 91.6913502164 0 1684.4667889 41.7871174299 129.356877719 21.2128825701 2.53321109791 54.5791241129
8760 1.10518823217 8.36036232588 130.192119605 429.465424969 0.644159714122 0.704610846429 0.402702879323 68.7831015907 320.53416628 91.5756871685 0 1684.48627045 41.8765468486 131.021693141 21.1234531514 2.51372954455 54.4658337188
