Time EBV Teff Treg ODC_le1 ODC_le2 ODC_le3 ODC_le4 ODC_le5 NK IL2 DAC Resting_Teff Resting_Treg EffectorMemory Resting_Treg_temp Resting_Teff_temp NK_temp
0.0 0 0 0 0 0 0 0 500 375 1000 0 1687 63 0 0 0 0
24 0 0 0 0 0 0 0 500 336.279789971 908.048253598 0 1687 63 0 0 0 38.7202100291
48 0 0 0 0 0 0 0 500 335.391027502 823.849847309 0 1687 63 0 0 0 39.6089724976
72 0 0 0 0 0 0 0 500 334.559882085 745.880698262 0 1687 63 0 0 0 40.4401179151
96 0 0 0 0 0 0 0 500 333.760437385 673.915002205 0 1687 63 0 0 0 41.2395626152
120 0 0 0 0 0 0 0 500 332.995774144 607.703333798 0 1687 63 0 0 0 42.0042258555
144 0 0 0 0 0 0 0 500 332.2684442 546.975994766 0 1687 63 0 0 0 42.7315557996
168.0 1000 0 0 0 0 0 0 500 331.580390823 491.447224652 0 1687 63 0 0 0 43.4196091775
192 587.94283022 2674.42256109 91.5619289612 4.47673168998 18.9970923557 71.5351553232 179.581289232 225.4097314 319.455578209 5741.3447637 0 1039.6715255 41.772295668 0 21.227704332 647.328474501 55.5444217919
216 137.499203655 6784.01651508 177.092843203 77.1671897686 42.9765615903 91.2331958874 123.78668236 164.836370394 264.686846407 489.651395636 0 1394.78637682 38.9793596169 598.149573019 24.0206403831 292.213623178 110.313153594
240 33.6213090553 2273.49294374 183.86692157 169.700306996 35.512334224 61.9009225454 96.6449562283 136.241480007 279.504757938 233.182742962 0 1602.62408056 38.8712751282 552.49840503 24.1287248718 84.3759194359 95.4952420623
264 16.9290854561 561.662843424 170.330408633 194.068575517 12.0369886352 31.9443615849 74.0051283083 187.944945954 304.0445116 237.980069 0 1647.20864339 39.0894117553 506.971570885 23.9105882447 39.7913566105 70.9554884009
288 13.170222373 230.231347619 167.511546643 196.546173289 2.51187921377 10.0798138784 40.039084633 250.823048986 314.885136658 291.484711802 0 1656.96808566 39.5095323343 476.178200739 23.4904676657 30.0319143362 60.1148633428
312 11.3885791702 168.032334675 169.172253991 196.808491759 0.592396326313 4.31927526195 23.3906033921 274.889233261 317.576864701 325.038199508 0 1661.1434616 39.6874496185 444.957373606 23.3125503815 25.8565383969 57.4231352998
336 10.1711043066 137.65169349 172.215634318 196.940533864 0.897388689226 2.26720651439 21.4598412529 278.435029679 318.901079133 352.623602844 0 1663.93423788 39.7865204257 410.957936787 23.2134795743 23.0657621204 56.0989208675
360 9.23616310153 119.318558833 167.044657172 197.075900502 0.960412894164 0.68329184825 18.721026146 282.55936861 319.944688549 370.804902431 0 1666.0620523 39.854004298 391.522490694 23.145995702 20.937947703 55.0553114518
384 8.44963877317 109.068615659 172.061141262 197.205239563 0.969160264309 0.806269755927 16.3646760071 284.65465441 319.987445635 355.540319846 0 1667.83634948 39.8706159044 380.158069259 23.1293840956 19.1636505153 55.0125543654
408 7.81357748049 102.293852649 163.097916063 197.317297094 0.938418371755 0.383009672275 15.3940696409 285.967205221 320.532577728 359.171411832 0 1669.27484115 39.8746031555 371.411950428 23.1253968445 17.7251588474 54.4674222723
432 7.25691409778 100.029857547 165.056984499 197.419224566 0.903892581152 0.92856086772 10.5493428482 290.198979137 320.396123509 342.05736677 0 1670.52845543 39.8560305587 365.669624978 23.1439694413 16.4715445657 54.6038764918
456 6.77278812857 85.2665502146 162.270006816 197.510690492 0.867012386893 0.245861081161 13.990897389 287.385538651 320.851819746 344.257954099 0 1671.63274237 39.9478480203 353.50347683 23.0521519797 15.3672576291 54.1481802548
480 6.34590571134 85.6733536667 163.90849314 197.594041369 0.841301738478 0.516717365163 15.7283422399 285.319597288 320.364604126 307.122574713 0 1672.59117122 39.9006490827 355.910568335 23.0993509173 14.4088287805 54.6353958741
504 5.97417077206 68.2705975837 158.589169106 197.669533092 0.822067540798 0.709829965867 11.4763614345 289.322207966 320.934851781 315.62043557 0 1673.44318748 40.0565209745 347.823045623 22.9434790254 13.5568125199 54.0651482193
528 5.66895544266 63.0460601101 163.779276374 197.734052052 0.808511117196 0.431871706679 9.59385712006 291.431708004 320.896919038 312.782033215 0 1674.13603168 40.0919570582 337.442953003 22.9080429418 12.8639683177 54.1030809624
552 5.38755514288 66.8784289854 161.072605454 197.795302658 0.80212625084 0.980854976467 8.35169618154 292.070019934 320.82104021 295.452051189 0 1674.76850917 40.036997743 331.73996051 22.963002257 12.2314908294 54.1789597901
576 5.12407774313 59.9437656899 157.172224262 197.854618639 0.777024580076 0.696971559464 8.48460491965 292.186780302 321.051042975 295.884927337 0 1675.36546988 40.0733122273 323.361300783 22.9266877727 11.6345301239 53.9489570251
600 4.89546680956 55.0303702134 154.424820011 197.907953205 0.775954541324 0.227030734893 8.89783401355 292.191227505 321.218664195 295.900805796 0 1675.88522711 40.1214753513 320.612632084 22.8785246487 11.114772893 53.7813358055
624 4.68648066313 58.1492185251 152.056441243 197.957879954 0.754169527302 0.595986362355 4.79331673642 295.89864742 321.260274176 289.046852227 0 1676.35499015 40.0418637419 316.376462506 22.9581362581 10.6450098505 53.7397258242
648 4.49583885161 48.1085952341 157.898189648 198.004803718 0.749674376523 0.174821217932 9.27554760045 291.795153087 321.242675184 284.460000412 0 1676.79316321 40.2286257737 312.402483157 22.7713742263 10.2068367869 53.7573248168
672 4.32375949318 46.7581289235 154.575437724 198.047942099 0.727615476774 0.531980358389 6.13253540523 294.559926661 321.376427994 281.456339963 0 1677.18236465 40.219825012 307.625444674 22.780174988 9.81763535489 53.6235720064
696 4.17011255546 43.8214404043 160.246152659 198.087330101 0.726718488529 0.846071212937 5.73638799255 294.603492205 321.117735263 266.415340268 0 1677.53227063 40.2961773719 305.982332363 22.7038226281 9.46772936971 53.8822647375
720 4.0350492108 39.5428009407 162.048102947 198.12345817 0.737024832354 0.0624513611544 6.03780832142 295.039257315 321.165327187 262.750350953 0 1677.84094894 40.4257594583 300.337295802 22.5742405417 9.15905105612 53.8346728135
744 3.90588535528 39.5915389866 162.450679215 198.158749342 0.71247536365 0.412353717765 7.00151581425 293.714905762 321.02783425 256.903075152 0 1678.13158491 40.369136156 291.946540129 22.630863844 8.86841508509 53.9721657502
768 3.78533099061 39.2797794791 159.019030035 198.192048934 0.705850437247 0.679204310516 5.54831813792 294.874578181 321.07886377 251.727742305 0 1678.40357151 40.3268590959 285.655228287 22.6731409041 8.59642849342 53.9211362309
792 3.66847358639 39.8111538407 155.373172537 198.225272023 0.707857015956 0.826091515579 5.31084268063 294.929936765 321.232863576 250.705050177 0 1678.66710346 40.2895956914 278.357549793 22.7104043086 8.33289654 53.7671364249
816 3.55956076646 35.406441067 152.722079442 198.257470221 0.718500605845 1.10284438349 10.238450426 289.682734364 321.205877294 244.207706118 0 1678.91562839 40.4148263006 278.723150166 22.5851736994 8.08437160721 53.7941227062
840 3.4588854823 37.5263550654 152.733123718 198.288022471 0.700096787997 0.303187985671 3.75593141724 296.952761339 321.278241558 241.026313716 0 1679.14272149 40.3311296052 273.828615663 22.6688703948 7.85727851125 53.7217584425
864 3.35983623242 32.5408661169 159.331516204 198.318212809 0.68675800813 0.479319139096 4.47126160317 296.04444844 320.901644711 228.425242536 0 1679.36795245 40.4319874053 266.841756123 22.5680125947 7.63204755106 54.0983552895
888 3.27379009681 33.7727524941 151.24943517 198.344816317 0.681262652064 0.600396069993 4.87885075263 295.494674208 321.15410408 228.491733768 0 1679.56362744 40.4552717204 263.384896363 22.5447282796 7.43637256211 53.8458959206
912 3.18547028954 34.2463521976 147.622776828 198.372731977 0.680635604159 0.745405840877 6.85317152223 293.348055055 321.241740332 228.386941705 0 1679.76169683 40.3425704017 258.593130003 22.6574295983 7.2383031727 53.7582596689
936 3.10493664616 29.1377980609 149.682275367 198.398969333 0.686331161804 0.885503510316 3.03592237235 296.993273623 321.28950338 228.225374324 0 1679.94699367 40.5440699913 255.428719861 22.4559300087 7.05300633156 53.7104966208
960 3.03431398074 27.1225086571 148.270445694 198.422791182 0.692475733229 0.0175258912472 4.06657962442 296.800627569 321.458709017 229.586073913 0 1680.10841846 40.652048096 253.662846829 22.347951904 6.89158154385 53.5412909837
984 2.96203576623 31.5755641719 147.140751603 198.447428035 0.671244801062 0.183431478983 5.60536256623 295.092533119 321.233841313 219.789709135 0 1680.26886386 40.3809648902 253.241946487 22.6190351098 6.73113613819 53.7661586872
1008 2.89291282998 28.4715830746 150.290972147 198.47094083 0.657597020656 0.364018062973 4.87146137119 295.635982715 321.219322121 218.00552783 0 1680.42689646 40.5038963314 249.082570241 22.4961036686 6.57310353632 53.7806778794
1032 2.83112562642 24.5746518005 146.772810063 198.492114105 0.650970506526 0.530081827574 3.23897788272 297.087855678 321.54729398 225.582692517 0 1680.56975604 40.789362955 243.503651031 22.210637045 6.43024396486 53.452706021
1056 2.77250025368 27.1351743449 150.22282048 198.512509693 0.649464725618 0.679059680781 4.32715188927 295.831814011 321.165845494 209.206260761 0 1680.70085553 40.6121512174 246.245986239 22.3878487826 6.29914447285 53.8341545061
1080 2.71383682114 25.5220905321 147.761405412 198.533371902 0.651537930719 0.743826612451 1.77907673293 298.292186822 321.186037184 208.451031667 0 1680.83388548 40.6388373422 243.188385073 22.3611626578 6.16611452333 53.8139628163
1104 2.65999189348 25.5044748475 146.605134624 198.553010187 0.655497114777 0.832497138618 4.57326084197 295.385734717 321.325805847 209.351718447 0 1680.95585465 40.6094563087 241.393376102 22.3905436913 6.04414535166 53.6741941537
1128 2.6037324508 24.1812938632 145.25076912 198.574137543 0.662826670993 0.948254746938 5.90100582433 293.913775215 321.33414194 207.341170245 0 1681.08391778 40.7204177395 238.979250407 22.2795822605 5.91608222485 53.6658580609
1152 2.55105672305 23.3978986702 146.467919851 198.594610404 0.671984269612 0.0582000970068 4.81238807702 295.862817152 321.256954084 203.577770423 0 1681.20342729 40.7303694063 234.854314888 22.2696305937 5.79657271122 53.743045917
1176 2.50485009288 21.9678324724 145.499867966 198.61281884 0.656614795672 0.141063149609 3.88367325766 296.705829957 321.411818303 205.462409712 0 1681.30895482 40.8182405599 231.122851445 22.1817594401 5.69104518042 53.588181698
1200 2.45798470155 23.8660758844 143.094837205 198.631233666 0.64408507478 0.271300932844 4.125363822 296.328016504 321.305088583 203.545481169 0 1681.41343345 40.60749971 227.658816972 22.39250029 5.58656654807 53.6949114171
1224 2.41029335561 23.6983749055 147.388060539 198.650019492 0.634847176234 0.375596857765 4.72629029125 295.613246183 321.206427578 196.762948984 0 1681.52159092 40.6010592803 222.550698708 22.3989407197 5.47840907729 53.7935724226
1248 2.36754110429 19.9987156504 145.806829321 198.666979745 0.629089326743 0.455474399204 2.60543174358 297.643024786 321.150575695 190.868236481 0 1681.62030769 40.8870200758 223.717136167 22.1129799242 5.37969231404 53.8494243053
1272 2.32826940596 19.627800775 143.690313005 198.682713851 0.625383271851 0.511901367586 3.00100516941 297.17899634 321.328603134 194.199892001 0 1681.70984164 40.9563915725 219.046540933 22.0436084275 5.29015835971 53.671396867
1296 2.2881101587 21.3048801419 144.665959243 198.699008238 0.623808064228 0.622849058437 5.58238931827 294.471945321 321.20490967 190.56635864 0 1681.79961445 40.7487257868 213.716368902 22.2512742132 5.2003855488 53.7950903308
1320 2.25053928094 19.8341140007 141.250841455 198.714509746 0.62491795353 0.699723322262 1.84578139872 298.115067579 321.369290176 192.179773873 0 1681.88573634 40.9181013955 212.615919278 22.0818986045 5.11426366122 53.6307098244
1344 2.21254689443 19.4997246759 143.260879731 198.730497657 0.627398383167 0.753728691424 3.36051242488 296.527862844 321.324422703 191.744461485 0 1681.97121354 40.8270909153 207.75478351 22.1729090847 5.02878646347 53.6755772979
1368 2.17647635379 18.6757749935 147.063804791 198.746011071 0.631267008259 0.820823274954 4.58045790287 295.221440743 321.122949534 184.709842066 0 1682.05337136 40.8927505661 205.164803741 22.1072494339 4.9466286399 53.8770504662
1392 2.14299152016 17.5608768526 142.413338238 198.760748362 0.636267296392 0.87324320058 2.40766767042 297.322073471 321.283075881 185.660781975 0 1682.13006722 41.0329683236 201.785183769 21.9670316764 4.86993277545 53.716924119
1416 2.11109720447 17.7030422125 141.909954342 198.775122082 0.641973333849 0.91809275331 3.01879394001 296.646017891 321.272537928 183.822909581 0 1682.20230108 41.0067951466 199.588958849 21.9932048534 4.79769892093 53.7274620723
1440 2.08036155303 17.3036721485 141.927956406 198.789315106 0.648536901949 0.968918183726 1.46722212588 298.126007682 321.311879628 184.048035326 0 1682.27203205 41.0220326979 196.608835553 21.9779673021 4.72796795085 53.6881203722
1464 2.05118232031 16.4795520223 146.329086456 198.803128953 0.655441399675 0.992821402449 3.72535319899 295.823255046 321.107768768 174.41412486 0 1682.33844366 41.0998287517 195.737328901 21.9001712483 4.66155634199 53.8922312323
1488 2.0234050205 16.6152978177 142.429764639 198.816497487 0.648006229964 0.0373424982936 1.76506433079 298.733089454 321.234795411 177.34275745 0 1682.401853 41.2117296553 191.05461361 21.7882703447 4.59814700311 53.7652045891
1512 1.99476086656 17.6329256323 141.622438047 198.830219655 0.635406497273 0.07074552141 3.12223875812 297.341389568 321.196659976 175.588396157 0 1682.46577362 40.9295079217 188.549083097 22.0704920783 4.5342263782 53.8033400243
1536 1.96460101162 19.0968746733 141.82963621 198.844599202 0.62339689301 0.147140807478 3.8302771679 296.554585929 321.176504532 171.443369664 0 1682.53406032 40.9299043586 184.25876008 22.0700956414 4.46593967692 53.8234954689
1560 1.93662179013 16.6487234465 139.124039051 198.857907973 0.613980018558 0.216009397766 4.14710262958 296.164999981 321.289092027 174.761818403 0 1682.59790544 41.0120376485 181.149625989 21.9879623515 4.40209455673 53.7109079735
1584 1.90934678956 16.2776867889 137.031042311 198.870884906 0.606051602163 0.255270063941 2.44738446676 297.820408961 321.369324454 173.514664951 0 1682.66007013 41.1211085942 181.184907717 21.8788914058 4.33992986584 53.6306755468
1608.0 1001.88365989 16.2282690589 140.038076306 198.883130396 0.599653929336 0.318882945104 1.40823640496 298.790096325 321.192325237 169.846494092 0 1682.71794648 40.9995438376 178.318841991 22.0004561624 4.28205352317 53.8076747637
1632 375.22654999 5142.23406648 180.096559091 207.456989598 13.1919661263 40.4262013787 89.9295373385 148.995305559 275.41013101 907.936083782 0 1146.96768356 39.8701908227 390.260386058 23.1298091773 540.032316438 99.5898689902
1656 90.294292893 3391.92134508 181.1309694 254.880252594 22.4023665949 46.2249438004 82.6728838082 93.819553203 274.798981666 378.9853517 0 1483.07629655 39.0640274753 445.484526736 23.9359725247 203.923703455 100.201018335
1680 33.5547213349 1179.69173281 177.070383919 282.759130194 12.7630428432 42.0982114346 50.6106005541 111.769014974 292.833699795 269.265896588 0 1607.3444079 39.0667724219 449.843027451 23.9332275781 79.6555921006 82.1663002057
1704 21.0865721794 429.896261417 176.474952705 289.390576798 4.46188291881 12.6774096905 46.6050187959 146.865111798 308.832281245 299.245344178 0 1638.64917327 39.365909017 424.790575252 23.634090983 48.3508267367 66.1677187554
1728 16.7350953282 241.534203342 179.71721329 290.513285513 0.345808135145 4.46242241212 31.6761044091 173.002379531 315.113507125 355.400144734 0 1649.08163976 39.6693796717 390.49561095 23.3306203283 37.9183602389 59.8864928756
1752 14.3160519789 190.402888164 171.150839898 290.687456355 1.01453129695 3.20077946627 15.5396419474 189.557590935 317.769732152 399.290973335 0 1654.61849548 39.7818443017 369.757926069 23.2181556983 32.3815045211 57.2302678485
1776 12.5109439019 181.171377847 176.028956635 290.768979244 0.404198249609 2.04801561173 15.6558982644 191.122908631 318.105834039 382.670444169 0 1658.64711246 39.7235530415 354.26580081 23.2764469585 28.3528875435 56.8941659614
1800 11.0942586255 145.871348028 173.415816989 290.86663153 0.590110277414 0.664073803957 15.1842345041 192.694949885 319.005379505 382.441188147 0 1661.87094651 39.8230195105 332.932615661 23.1769804895 25.1290534897 55.994620496
1824 9.99986342191 134.282000507 167.653375551 290.965663646 0.681732449828 0.655137998897 17.1035213918 190.593944514 319.452229696 355.65155452 0 1664.33472666 39.8285314319 347.782134753 23.1714685681 22.6652733464 55.5477703048
1848 9.06590710336 117.031063242 166.027616731 291.066014862 0.712516706894 1.70770129517 15.2413470037 191.272420132 319.594273555 343.849690698 0 1666.43897075 39.8453938582 346.357034924 23.1546061418 20.5610292515 55.4057264452
1872 8.35023883943 104.224315823 162.793432846 291.154136174 0.7078097592 0.144854418511 9.79452560619 198.198674042 320.295234079 349.631964314 0 1668.07150051 39.9272424156 345.931192187 23.0727575844 18.9284994951 54.7047659212
1896 7.71137637335 99.1621448686 163.984378607 291.237102314 0.700841704115 1.11242022054 8.47765756932 198.471978192 320.061190829 329.945916402 0 1669.50437936 39.8938607763 346.231749282 23.1061392237 17.4956206436 54.938809172
1920 7.18378649977 92.7277269012 168.693713127 291.313830263 0.731489827311 0.994433738375 8.50332656065 198.456919611 320.131015173 321.504039467 0 1670.7018949 39.9330609336 329.012497396 23.0669390664 16.2981051003 54.8689848278
1944 6.7380651371 78.501362054 165.300437921 291.382946517 0.707603835124 0.618057092338 4.09865772129 203.192734835 320.58443832 322.420564699 0 1671.71922935 40.0386070519 322.208159944 22.9613929481 15.2807706576 54.4155616811
1968 6.34530510551 77.2500673985 163.177429197 291.446870168 0.718110417081 1.06258277225 6.71309622795 200.059340415 320.766133618 312.890805105 0 1672.60160319 39.9932563781 323.027248413 23.0067436219 14.398396814 54.2338663828
1992 5.98650482274 70.7032738419 159.089918066 291.509003417 0.697077986255 0.490496231227 6.87812532447 200.425297042 320.882752227 310.111681954 0 1673.41332691 40.0280059116 318.984515498 22.9719940884 13.5866730966 54.1172477742
2016 5.6898694852 58.9187900752 165.887559125 291.562013987 0.699158626731 0.913900299791 4.70442720246 202.120499885 320.969002396 309.484731949 0 1674.09674688 40.2312422743 311.03101638 22.7687577257 12.903253119 54.0309976049
2040 5.41907148765 62.6645167194 161.929530003 291.612746813 0.678388578758 0.333631008273 4.96852493485 202.406708665 321.004786533 301.283211955 0 1674.70322446 40.1416291285 300.565292948 22.8583708715 12.2967755446 53.9952134672
2064 5.17754824285 56.6453256364 162.932316283 291.658658996 0.669021800499 0.755765203528 9.21860237944 197.697951621 321.197474108 302.671967871 0 1675.25255968 40.2058343866 292.215012775 22.7941656134 11.7474403246 53.8025258923
2088 4.96481982083 51.0308801552 159.002340151 291.701166045 0.684701688716 1.03152355708 2.56002010856 204.022588601 321.324813031 301.259839154 0 1675.73570363 40.2716057022 289.540201582 22.7283942978 11.2642963697 53.6751869692
2112 4.77218264296 51.6632602376 154.966820497 291.741507753 0.666734814691 0.285618007242 5.30775159134 201.998387834 321.585501623 302.893416823 0 1676.17016177 40.2445597306 285.181510463 22.7554402694 10.8298382339 53.4144983781
2136 4.58091156872 48.6411159016 159.321515115 291.781934136 0.65440769948 0.597778761159 3.33593176161 203.629947642 321.212489414 286.469534808 0 1676.60121683 40.2306674911 282.916516058 22.7693325089 10.3987831697 53.7875105865
2160 4.40692805415 46.7874186089 158.626402716 291.819958346 0.656815027935 0.795580642679 5.87326062426 200.854385359 321.201004655 281.69099111 0 1676.99441236 40.2312758461 273.873367104 22.7687241539 10.0055876395 53.7989953455
2184 4.24299922819 48.0812464797 156.594088865 291.85769884 0.673489210997 1.10195589108 6.89583918516 199.471016873 321.226536521 271.186337152 0 1677.36315382 40.1729272515 271.125685843 22.8270727485 9.63684617873 53.7734634796
2208 4.10348239373 39.0227066256 159.896623009 291.891439588 0.664899089003 0.368013529935 4.69236296376 202.38328483 321.280346958 266.606923944 0 1677.68720397 40.4662432561 269.115777903 22.5337567439 9.31279603688 53.7196530424
2232 3.96361143218 44.6469690984 153.854927781 291.925731246 0.655720708564 0.616646974085 4.91050674068 201.891394331 321.141379102 256.771188247 0 1677.99635489 40.1983892456 265.806806615 22.8016107544 9.00364511463 53.8586208988
2256 3.83248297543 41.5598963352 150.655247936 291.958853356 0.658232744314 0.770821384336 2.96156986506 203.650522651 321.383215941 260.124271136 0 1678.29567756 40.2866565769 258.42616936 22.7133434231 8.7043224406 53.6167840598
2280 3.7171878187 35.935774936 154.105150058 291.989157698 0.66536359974 0.871702910903 3.14857695683 203.325198835 321.375734065 256.692125176 0 1678.55965832 40.4200873207 255.910931173 22.5799126793 8.44034168082 53.6242659357
2304 3.61050222991 34.115980651 153.247188228 292.018443386 0.6760687444 0.957436947353 3.91329463606 202.434756287 321.413404681 254.158629732 0 1678.80192714 40.4711950109 252.078394729 22.5288049891 8.19807286617 53.5865953194
2328 3.50786482055 37.1047239699 152.937873343 292.047834067 0.67301538076 0.0399503907374 2.63630823162 204.602891931 321.318138635 248.315004535 0 1679.03207233 40.3642575013 245.010273647 22.6357424987 7.96792767293 53.6818613662
2352 3.40374890137 32.5489043801 148.806443685 292.077647477 0.647348802151 0.153043229981 3.76561946794 203.356341024 321.401602338 244.092726827 0 1679.2697812 40.4906251672 240.806661777 22.5093748328 7.73021880646 53.5983976627
2376 3.31859760891 30.0106789974 151.72927935 292.1019216 0.630858994615 0.258674795977 4.4078849822 202.600659628 321.439314781 244.336656679 0 1679.46400979 40.5775792016 238.030581425 22.4224207984 7.53599021463 53.5606852199
2400 3.23856081074 31.5255734524 152.568020698 292.124801537 0.619503426625 0.37550083836 3.72956419025 203.150630008 321.334457936 234.231537337 0 1679.64463044 40.507879919 237.785682119 22.492120081 7.35536956348 53.6655420649
2424 3.15851384119 29.6671111747 153.737705106 292.147914192 0.612539732958 0.483520312926 3.24540426795 203.510621494 321.164006978 225.091266965 0 1679.82596573 40.5583563688 235.664586434 22.4416436312 7.1740342765 53.8359930227
2448 3.08163952397 30.1023131795 151.071424995 292.170479903 0.608914540507 0.544590963562 3.72562391643 202.950390677 321.067770189 217.899257204 0 1679.99960117 40.5282577291 231.123128688 22.4717422709 7.00039883728 53.9322298117
2472 3.01035693321 29.5257035461 151.397450256 292.191840162 0.608622615323 0.64460536128 2.73644455895 203.818487303 321.0681213 211.065615241 0 1680.16169792 40.5441713329 228.83304922 22.4558286671 6.83830208515 53.9318787009
2496 2.94678322889 25.3638616184 148.326183747 292.211357068 0.610875859213 0.704480157023 1.18490092522 205.288385991 321.368396058 219.207576839 0 1680.30800003 40.7801497266 225.0224387 22.2198502734 6.69199997717 53.6316039424
2520 2.88662283293 27.252094352 149.508657977 292.230304454 0.614008290278 0.730389377528 2.47665529759 203.948642581 321.246466698 211.111966381 0 1680.44316844 40.6597658024 227.445826633 22.3402341976 6.55683155899 53.753533303
2544 2.82432459294 28.7095350019 145.306876527 292.250474954 0.618914757426 0.78423503707 2.07291150461 204.273463748 321.268541132 211.336727006 0 1680.58246543 40.4989072133 225.040802022 22.5010927867 6.41753457639 53.731458869
2568 2.76096354129 27.6348141478 143.647052856 292.271649387 0.625818244776 0.861632389794 2.88295777519 203.357942204 321.419435418 213.194689091 0 1680.72670445 40.5901774438 220.036584286 22.4098225562 6.2732955566 53.5805645824
2592 2.705883835 24.0285521074 148.681606083 292.290682861 0.633879790683 0.931650747805 2.92125778339 203.222528817 321.407298955 213.121291652 0 1680.85334818 40.7750846239 217.416548022 22.2249153761 6.1466518207 53.5927010458
2616 2.65069805463 25.5838573023 148.789199956 292.310420905 0.643464816463 0.975057626209 4.14638970363 201.924666949 321.054915288 199.279204661 0 1680.97695601 40.6366254066 217.057593075 22.3633745934 6.02304399422 53.9450847131
2640 2.5976868442 23.7959018974 150.249405191 292.330064857 0.648489171749 0.0571995853217 5.18167068703 201.782575699 321.034264965 193.070095898 0 1681.0979405 40.7338382182 213.912999533 22.2661617818 5.90205950707 53.965735036
2664 2.55006614223 22.105985375 146.492196604 292.347848035 0.633430847193 0.132590927019 2.76817137214 204.117958819 321.13255811 194.15312821 0 1681.20681947 40.8651326384 211.050577645 22.1348673616 5.79318053095 53.8674418907
2688 2.50458581746 24.2578283374 144.316730176 292.364774937 0.621094523603 0.211048224302 4.18566699485 202.617415321 321.082363564 192.272866917 0 1681.30817168 40.6200440732 207.446258631 22.3799559268 5.69182832801 53.9176364364
2712 2.46004377503 21.1456176064 143.524740425 292.381356585 0.611428497038 0.296445636898 2.56610372439 204.144665557 321.364201232 195.126541514 0 1681.41087519 40.890447268 206.131736305 22.109552732 5.58912481777 53.6357987688
2736 2.4174273302 21.6585353542 142.336765967 292.397281249 0.603780165765 0.330489262501 1.89933769096 204.769111632 321.277074053 193.432954746 0 1681.50669339 40.7775000294 205.892884005 22.2224999706 5.49330661171 53.7229259479
2760 2.37422646244 21.6727158208 144.829614121 292.413516773 0.596904114862 0.365255468072 2.40057347024 204.223750175 321.227081582 191.677764445 0 1681.60459815 40.7911101294 200.935912834 22.2088898706 5.39540185709 53.7729184187
2784 2.33449957322 20.2025071657 143.802020766 292.428555366 0.591538855979 0.399307366513 2.54248329456 204.038115117 321.329258084 194.749625861 0 1681.69520196 40.8637220803 197.274899924 22.1362779197 5.30479804605 53.6707419165
2808 2.29391630596 23.0075550217 141.35236642 292.44405446 0.587042278568 0.441160099106 2.87034414201 203.65739902 321.292568575 193.054389803 0 1681.7857424 40.6236339148 193.845694943 22.3763660852 5.214257602 53.7074314253
2832 2.25468351448 20.9230849448 146.199285391 292.459203985 0.584099338278 0.495059524972 3.08137713208 203.38026002 321.200309361 186.7069463 0 1681.87569871 40.783754355 192.597724636 22.216245645 5.12430129262 53.7996906401
2856 2.22088798814 16.9535665193 143.284774684 292.472419088 0.582832032544 0.549246944106 1.62537402964 204.770127906 321.294217003 188.357866762 0 1681.95421384 41.1814279191 191.471416029 21.8185720809 5.04578616345 53.7057829972
2880 2.18699564761 18.0016118353 142.312444535 292.485857168 0.582368963533 0.57485920352 2.308782317 204.048132349 321.298578298 186.167485013 0 1682.03011344 40.9968795176 190.503352744 22.0031204824 4.96988655874 53.701421703
2904 2.15493440679 18.2022633052 141.879786311 292.49875925 0.582542476469 0.598517789515 1.80619224594 204.513988239 321.219471949 181.81659561 0 1682.10283916 40.9787255139 191.583586767 22.0212744861 4.89716084647 53.7805280519
2928 2.12187790371 18.5613354552 144.390824252 292.512275408 0.583431151699 0.647842853801 2.46223160157 203.794218986 321.122400391 177.195955737 0 1682.17734212 40.9027811504 186.836959806 22.0972188496 4.82265788355 53.8775996099
2952 2.08909007173 18.8668004511 143.269659983 292.525926868 0.585602808652 0.701056090658 2.14130534192 204.046108891 320.996574616 168.616342828 0 1682.25161689 40.9228532729 188.226770774 22.0771467271 4.74838311536 54.0034253849
2976 2.05814298021 16.9941305428 143.365810482 292.539067907 0.58844924563 0.719919601913 1.68699491087 204.465568335 321.141580515 169.614335176 0 1682.32230263 41.0277767423 185.692661554 21.9722232577 4.6776973762 53.8584194855
3000 2.02988055481 15.772882539 141.817958163 292.551302897 0.591406617261 0.739140271224 0.89350820314 205.224642012 321.304019195 171.871580419 0 1682.38709367 41.1997335964 184.307889037 21.8002664036 4.61290633726 53.6959808053
3024 2.00231183946 16.3299526849 141.175161189 292.563465593 0.594544342692 0.749141626407 1.07045876912 205.022389669 321.108588681 169.706326722 0 1682.44910667 41.076487066 183.033214096 21.923512934 4.55089333035 53.8914113199
3048.0 1001.97479556 18.3055090227 138.866037694 292.575840581 0.597902231773 0.762905776907 1.28885069628 204.774500714 321.243319562 170.776039254 0 1682.51093946 40.8927078642 181.85940549 22.1072921358 4.4890605397 53.7566804391
3072 375.059054888 5194.3938046 186.846649859 299.428775374 9.95297418687 30.6859214922 62.7194952411 97.2128337053 274.843010936 834.280756954 0 1146.75120231 39.8581263794 392.892771388 23.1418736206 540.248797689 100.156989065
3096 90.8438299221 3285.12003507 187.984514245 329.511222397 15.8702261272 35.9662950723 53.6623302683 64.9899261356 275.316154838 379.936889901 0 1482.49352298 39.0775948087 447.770737686 23.9224051913 204.506477018 99.6838451632
3120 34.4507956075 1139.82475165 182.418281577 351.257097272 10.4471180704 23.232841639 36.9739452799 78.0889977386 293.596177029 292.800839538 0 1605.60456578 39.0914820808 457.085374066 23.9085179192 81.3954342211 81.403822972
3144 21.6766306896 438.01614991 172.788714349 355.834929812 2.20518984658 13.9847554461 23.350551355 104.62457354 308.879641432 317.573731201 0 1637.31065782 39.3702519379 433.83955994 23.6297480621 49.6893421817 66.1203585693
3168 17.0290808924 268.665437988 165.676800099 356.127083224 1.26504958095 2.97975496816 21.1494018987 118.478710328 315.11761086 361.780286673 0 1648.3606985 39.5983249545 412.077253032 23.4016750455 38.6393015005 59.8823891414
3192 14.3998131541 204.420615334 178.125427156 356.313512761 0.630727255387 0.729113550051 12.9730159744 129.353630459 317.162573996 380.776664514 0 1654.39594254 39.7215432294 393.678755397 23.2784567706 32.604057464 57.8374260049
3216 12.4813001639 177.013510192 175.29087681 356.452793604 0.659330684144 1.05956022055 13.4718206071 128.356494884 317.667593675 359.52626315 0 1658.70435381 39.721551122 386.22087159 23.278448878 28.2956461934 57.3324063256
3240 11.0756755141 150.236071929 173.932040185 356.576008038 0.721636704263 0.296881549806 13.0333911342 129.372082574 318.559615848 357.086440276 0 1661.89498644 39.7764703189 383.161536943 23.2235296811 25.1050135622 56.4403841531
3264 9.96071874396 134.956562379 174.628721574 356.691581689 0.737534922361 0.98046538032 7.97365449528 133.616763513 318.844467683 338.445173534 0 1664.41128854 39.7898137412 386.675343729 23.2101862588 22.5887114592 56.1555323183
3288 9.06472989386 117.90753082 173.678386921 356.79898261 0.771707262376 1.07670290833 8.50359212923 132.84901509 319.257991831 335.922086823 0 1666.44737162 39.8590482202 372.270446681 23.1409517798 20.5526283829 55.7420081702
3312 8.34306594984 104.897497806 172.320583752 356.895044927 0.772702544226 1.07641480122 9.93101065989 131.324827068 319.678198326 330.051192775 0 1668.08705059 39.9321478767 362.954733147 23.0678521233 18.9129494081 55.3218016754
3336 7.74498287713 92.7865310049 171.933274452 356.984803182 0.845036631843 0.759156605634 4.95201843559 136.458985145 320.036685859 329.026350792 0 1669.43979075 39.9658761757 354.721698356 23.0341238243 17.56020925 54.9633141425
3360 7.22698600817 88.9000053869 163.780191602 357.072319733 0.827046448432 0.163396430198 6.69285107268 135.244386315 320.548467712 342.574789571 0 1670.60630776 39.941453956 336.138741869 23.058546044 16.3936922405 54.4515322888
3384 6.7640226532 86.5881555261 171.173772074 357.152286401 0.794069150356 0.814713889899 10.3589664798 130.879964079 320.454096548 321.842890725 0 1671.6503339 39.9291838542 327.21314857 23.0708161458 15.3496660957 54.5459034531
3408 6.35972786527 75.103683177 171.96756829 357.22654533 0.806207802828 0.450011305014 4.95757900607 136.559656556 320.251695203 298.930780279 0 1672.5701754 40.0090724787 329.879889751 22.9909275213 14.4298245979 54.7483047982
3432 6.01244890812 75.6151819742 163.141641548 357.293406029 0.784338715184 0.655325297199 4.36812427657 136.898805682 320.553365477 297.083821196 0 1673.35322126 39.9889127159 319.214510382 23.0110872841 13.6467787359 54.4466345238
3456 5.69739288843 62.1520421988 159.782865535 357.356644939 0.787189541943 1.01059494319 3.91497904554 136.93059153 321.257109861 314.499749243 0 1674.07515701 40.1505378366 306.510805337 22.8494621634 12.924842987 53.7428901401
3480 5.41969543407 65.7415255782 157.57933376 357.416454975 0.81093976638 1.21345494841 3.88817762461 136.670972685 320.891314437 297.059478255 0 1674.69326421 39.9935883354 311.747200738 23.0064116646 12.3067357894 54.1086855644
3504 5.16509827695 55.1280969547 165.311299622 357.473965871 0.782626260531 0.47635972061 2.50590167397 138.761146474 320.614856579 277.875164078 0 1675.27780223 40.179614119 309.951443883 22.820385881 11.7221977695 54.3851434221
3528 4.94573258242 54.7103483088 169.461137673 357.524412443 0.76974856596 0.698904522821 5.17425815729 135.832676311 320.454196612 263.321575934 0 1675.7730546 40.1470525674 299.885083469 22.8529474326 11.2269454032 54.5458033895
3552 4.74554535687 57.4633135821 161.088765301 357.572183609 0.775366047623 1.03721737133 6.11860516904 134.496627803 320.612314197 254.62298716 0 1676.22562236 40.1211556554 293.633662212 22.8788443446 10.7743776418 54.387685804
3576 4.55778976699 46.1937790316 152.907738766 357.61971266 0.795690793923 1.17636506953 2.2121967358 138.19603474 321.356748203 275.480123861 0 1676.65535032 40.2930417051 285.011451189 22.7069582949 10.3446496829 53.6432517977
3600 4.38651005935 46.8975857466 157.170535717 357.664843786 0.772219476019 0.379220886123 3.87565207487 137.308063777 321.043141622 263.012261245 0 1677.04117333 40.2395448893 282.680981971 22.7604551107 9.95882667454 53.9568583792
3624 4.23258729006 44.9432543925 155.261571487 357.70576555 0.757014449106 0.55343372059 3.03448030717 137.949305973 321.083385496 258.667109015 0 1677.39056311 40.2789136391 281.226592559 22.7210863609 9.60943688924 53.9166145051
3648 4.08248740645 42.6239484183 154.670683969 357.746507136 0.74841792201 0.665251635136 5.37929090196 135.460532405 321.071033152 254.860570962 0 1677.72947498 40.2761081419 276.495284944 22.7238918581 9.27052502053 53.9289668495
3672 3.95134469873 40.0910646039 153.499529351 357.783169486 0.750533551104 0.869412932384 2.78405763095 137.812826399 321.328443193 253.902806544 0 1678.03076729 40.4453814629 274.70883071 22.5546185371 8.96923270828 53.6715568085
3696 3.82433707939 39.7116433874 152.908146268 357.820116621 0.757986926985 0.967633719723 4.38607563268 136.068187099 321.291851985 252.359058877 0 1678.31547128 40.3463993642 270.558111765 22.6536006358 8.68452872127 53.7081480159
3720 3.70961148131 39.2953355345 153.07448386 357.855018822 0.770606449031 1.07400876304 1.4908386186 138.809527347 321.283755395 249.953907596 0 1678.57542848 40.3525333057 267.219692704 22.6474666943 8.42457152222 53.716244606
3744 3.5961568074 40.1367085413 155.332734973 357.890676305 0.751817401063 0.145477274789 1.88364435528 139.328384664 321.090809917 240.672881288 0 1678.83115849 40.2923402353 260.664558688 22.7076597647 8.16884151281 53.9091900842
3768 3.48832400169 34.6587917671 152.166390168 357.924427493 0.72745923844 0.269541769887 4.06244725874 137.01612424 321.186176536 239.655226307 0 1679.07669741 40.3917117246 256.867083928 22.6082882754 7.92330259305 53.8138234653
3792 3.39423539991 34.4051862292 148.953199558 357.953915399 0.711240746436 0.368213985306 1.62233336362 139.344296505 321.427827242 238.461363414 0 1679.29126414 40.4719557347 256.597145741 22.5280442653 7.70873585798 53.5721727593
3816 3.30777694781 31.5589376175 152.05457941 357.981200427 0.699135737452 0.415593486335 0.951867555408 139.952202793 321.394627165 241.064978295 0 1679.48775908 40.5209433077 247.961390224 22.4790566923 7.51224091621 53.6053728357
3840 3.22901142315 28.1217788528 149.520909893 358.006302575 0.690076371556 0.477266421491 1.88888468996 138.937469942 321.682678816 250.780832859 0 1679.66814284 40.6726988767 241.164455337 22.3273011233 7.33185716071 53.3173211848
3864 3.15576822488 28.2685783844 151.012539375 358.029935317 0.683501932418 0.510622564366 1.63382777781 139.142112408 321.672871061 250.313610358 0 1679.83357363 40.6331788551 235.978150987 22.3668211449 7.16642636581 53.3271289403
3888 3.07883975725 29.4779950203 149.714994933 358.05513305 0.678178120947 0.557445215464 0.710445138689 139.998798475 321.613849063 246.268844273 0 1680.0057137 40.5008170564 230.41346466 22.4991829436 6.99428629908 53.3861509384
3912 3.00811271774 26.5566704704 149.063221492 358.078704489 0.674296953861 0.572803497534 1.54486185547 139.129333204 321.645494027 241.422560425 0 1680.1678532 40.6672666602 230.163383224 22.3327333398 6.83214679629 53.3545059738
3936 2.94287620071 25.9528464684 154.393820333 358.100835918 0.671866447569 0.623120565698 2.03016900287 138.574008066 321.402528864 227.973940401 0 1680.3162413 40.727369828 229.196193543 22.272630172 6.6837586948 53.5974711371
3960 2.87773257601 27.3033922536 152.490131218 358.123379512 0.671270531691 0.67742678137 1.59735273179 138.930570443 321.108675944 219.078534647 0 1680.46159588 40.5433886566 224.60946391 22.4566113434 6.53840411719 53.8913240567
3984 2.81977593994 24.0796347267 149.623480166 358.143872278 0.671862647343 0.707979655605 2.78196196575 137.694323453 321.363980381 220.303774063 0 1680.59544867 40.7824927004 221.372768148 22.2175072996 6.40455132975 53.6360196202
4008 2.75769515794 27.646772989 148.448241396 358.16634178 0.674277437712 0.780945433495 3.2755770586 137.10285829 321.260194459 210.54305113 0 1680.73356356 40.5317656777 220.466164218 22.4682343223 6.266436435 53.7398055426
4032 2.69797654511 24.007585194 148.629523958 358.188548689 0.678293890463 0.813752540339 1.766507165 138.552897715 321.292621393 207.146898606 0 1680.87053129 40.7197281583 217.891327697 22.2802718417 6.12946871406 53.707378608
4056 2.6461792394 25.0521318441 150.268818066 358.208331053 0.682436851148 0.836893183304 1.75195923741 138.520379675 320.944810096 194.761571895 0 1680.98769698 40.6715904315 216.496916827 22.3284095685 6.01230302345 54.0551899054
4080 2.59360192115 23.4114672559 148.181314608 358.228947023 0.687293871188 0.855809707216 1.88524806426 138.342701334 321.013759833 194.551990568 0 1681.10679333 40.6990483893 210.481670908 22.3009516107 5.89320666697 53.9862401684
4104 2.545970812 22.4603403118 151.086219872 358.248125568 0.692402522873 0.88686558948 1.67254362971 138.50006269 321.032558689 188.311624725 0 1681.2158935 40.8417959109 207.812595876 22.1582040891 5.78410649849 53.9674413126
4128 2.49852570616 23.1212009941 141.341344753 358.267742822 0.698172439503 0.916343696837 1.51731631919 138.600424722 321.286426082 196.230549722 0 1681.32255464 40.7311745398 203.417336958 22.2688254602 5.67744536188 53.7135739195
4152 2.451155715 24.0209882556 147.217622722 358.287879229 0.704488706958 0.927154570733 0.465301815969 139.615175678 321.061369055 186.87352154 0 1681.42896068 40.6158244442 200.346285188 22.3841755558 5.57103932314 53.938630946
4176 2.40470593491 22.4297063228 148.21818043 358.308187959 0.710835735771 0.929787119014 1.42632671887 138.624862467 320.831880303 178.542351467 0 1681.53494038 40.7109272595 198.50579445 22.2890727405 5.46505961898 54.1681196977
4200 2.36063905529 20.2539385125 143.914573465 358.32799345 0.716955449688 0.940598984436 2.23778756304 137.776664553 320.941341701 175.495547615 0 1681.63576891 40.8693260084 199.707186701 22.1306739916 5.36423109463 54.0586583005
4224 2.32090362735 23.4333547428 141.053608709 358.346325205 0.722966840617 0.96508478899 0.704708592442 139.260914573 321.021257845 174.300976315 0 1681.72475803 40.6500923702 199.072560375 22.3499076298 5.27524196913 53.9787421557
4248 2.27856784204 21.0032407546 144.964994278 358.366383206 0.729908555202 0.99694550741 1.45131435061 138.45544838 320.852483734 167.011958227 0 1681.82173781 40.8714350384 195.655544647 22.1285649616 5.17826219266 54.1475162675
4272 2.24094299975 19.0009115396 144.971393076 358.384690282 0.733220943692 0.0126984515709 1.87378876451 138.995601558 320.85314361 164.463880787 0 1681.90769656 40.9802939513 193.39334052 22.0197060487 5.09230344175 54.1468563909
4296 2.20682891121 17.7895540578 140.238313835 358.401376972 0.717400628874 0.061370991728 1.01556737225 139.804284036 321.153228388 172.56180108 0 1681.98538943 41.0475316766 191.33138293 21.9524683234 5.01461056632 53.8467716136
4320 2.17186325019 19.4239215069 141.634393658 358.418379362 0.702180343325 0.0840091244683 0.33998058768 140.455450582 321.015359953 167.97041565 0 1682.06368195 40.8469050933 193.294902677 22.1530949067 4.93631804501 53.9846400486
4344 2.13890432427 17.3332159228 139.299008063 358.434325596 0.688344117428 0.102687585281 1.52770807248 139.246934629 321.248759346 175.479866902 0 1682.13931389 41.0512244362 190.402575317 21.9487755638 4.86068610954 53.7512406547
4368 2.10587876969 18.7987406005 142.232335259 358.450236229 0.675106656404 0.12757161682 1.75814784326 138.988937654 321.166626189 171.914275964 0 1682.21354896 40.8950057122 188.698983315 22.1049942878 4.7864510422 53.833373812
4392 2.07520896789 16.9110993779 141.679453117 358.464964153 0.66355567067 0.159955869979 1.78397168236 138.927552624 321.18699492 174.864587945 0 1682.28374765 41.0542237946 185.138398581 21.9457762054 4.71625235083 53.8130050808
4416 2.04563701204 16.3481355888 142.830674402 358.479135349 0.653003714946 0.173623814526 0.778551622328 139.9156855 321.225569551 174.867577422 0 1682.35100689 41.1110070215 181.794843208 21.8889929785 4.64899310508 53.7744304503
4440 2.01648861845 17.0288854558 141.512344962 358.493084297 0.643069311313 0.204828290565 2.73656534765 137.922452753 321.119753683 170.669263198 0 1682.41661017 40.987562604 181.572701708 22.012437396 4.5833898345 53.8802463184
4464 1.9885421648 16.1733144169 144.037653278 358.506452226 0.634160659771 0.218444625453 0.644732021333 139.996210467 321.006447232 164.561435582 0 1682.48031393 41.0824302138 179.437599934 21.9175697862 4.51968606755 53.9935527692
4488.0 1001.96205151 16.6199030763 142.289531889 358.519126464 0.625961671742 0.227594041811 0.446597549369 140.180720273 320.937570306 159.39894619 0 1682.54045707 41.0716244641 181.347330365 21.9283755359 4.4595429274 54.0624296946
4512 376.044088388 5188.482617 182.86986922 363.268717403 6.58866994797 17.995837465 40.6757900674 71.4709851166 275.319826726 899.732156098 0 1146.25112597 39.8636102118 377.789925101 23.1363897882 540.748874026 99.6801732745
4536 90.5045736716 3331.0817552 186.798528122 387.38194967 10.3164731176 21.7108050451 30.5184100926 50.0723620751 274.946325888 387.833811664 0 1482.84810036 39.0697439272 431.008551641 23.9302560728 204.151899638 100.053674113
4560 34.1683344049 1139.63384541 181.129085343 399.121842547 6.47145824994 20.2318848621 24.4983157649 49.6764985758 293.464445329 284.283220893 0 1606.18709543 39.0864782654 439.520180044 23.9135217346 80.8129045685 81.5355546714
4584 21.732916669 431.226921496 169.281049777 402.535270672 0.710132887507 11.3450684241 24.0345120203 61.3750159964 309.300534493 327.975054578 0 1637.24720357 39.3841034419 424.955935528 23.6158965581 49.7527964264 65.6994655076
4608 17.1704858435 261.038545637 174.16870365 402.91399433 1.13769421179 5.4093115018 12.4878236885 78.0511762674 315.31506422 371.505172865 0 1648.07924804 39.6307035772 401.771504024 23.3692964228 38.9207519594 59.6849357803
4632 14.5266436978 208.046962733 175.412500131 403.022210547 0.437303490921 1.0083612519 8.29448681706 87.2376378931 317.268473882 382.6808592 0 1654.11064252 39.718198524 391.381124995 23.281801476 32.889357475 57.7315261183
4656 12.596544578 177.665502932 173.651110108 403.134939837 0.579489556613 0.785021629182 8.5905644333 86.9099845439 317.962886016 369.994189067 0 1658.45286079 39.7330661281 385.981370928 23.2669338719 28.547139204 57.0371139851
4680 11.1564851215 157.957780403 165.812908084 403.244972999 0.624580819443 1.07497195105 6.06483630628 88.9906379244 318.954319447 379.454824765 0 1661.70708875 39.7493859893 367.786758346 23.2506140107 25.2929112463 56.0456805539
4704 10.0146591443 132.105324053 168.949179352 403.355199539 0.730207032497 1.00028337597 5.11797525029 89.7963348017 319.549929167 382.830389979 0 1664.29983721 39.8211825286 349.857240231 23.1788174714 22.7001627899 55.4500708333
4728 9.11488069749 116.132166718 170.320809802 403.454822293 0.690204694679 0.749054241153 4.98233793799 90.1235808333 319.946182247 371.746896439 0 1666.33966882 39.8751938036 345.697748378 23.1248061964 20.6603311761 55.0538177535
4752 8.38981694292 105.488112786 167.544257143 403.54205873 0.721161819516 1.15665340625 4.72385317587 89.856272868 320.242121916 368.544054502 0 1667.98076435 39.911172852 335.442211932 23.088827148 19.0192356495 54.7578780843
4776 7.77794400994 95.5341681007 169.281908234 403.625322475 0.729730332138 0.685648576861 3.25907450274 91.700224113 320.588164754 361.49800572 0 1669.36366508 39.9330424556 330.06275893 23.0669575444 17.6363349184 54.4118352468
4800 7.26197649554 85.2099086711 169.933800336 403.700798087 0.741287503105 0.984069213105 3.24453885538 91.3293063418 320.582200426 349.31218721 0 1670.53662965 40.0198589755 322.803723999 22.9801410245 16.4633703499 54.4177995749
4824 6.81444568807 86.7554116388 173.110424922 403.77091201 0.712814111917 0.255422483661 2.69143837488 92.5694130191 320.247694341 320.135628709 0 1671.53864946 39.9441164966 319.530468144 23.0558835033 15.4613505338 54.7523056596
4848 6.4151589749 74.4730340611 168.961698513 403.834042964 0.686312343999 0.559410379673 3.62318588067 91.2970484314 320.575467743 321.684417451 0 1672.44648772 40.0252820987 307.237608915 22.9747179013 14.5535122764 54.4245322577
4872 6.06279468759 70.2692177303 168.394127085 403.89205045 0.685170845761 0.744509955464 3.17097697696 91.5072917712 320.443581162 297.202739467 0 1673.24522127 40.0749587543 309.432205728 22.9250412457 13.7547787293 54.5564188386
4896 5.75669604944 61.9889197006 166.671324723 403.945538354 0.692400657795 0.834118574954 3.2226657334 91.3052766794 320.86549177 303.046102485 0 1673.94121056 40.1470020195 300.490375373 22.8529979805 13.0587894399 54.1345082308
4920 5.49320889999 58.2106876706 162.25074569 403.994633645 0.705985957028 0.954585379155 3.49327085675 90.8515241618 321.211909889 305.00564246 0 1674.54088222 40.2158046919 297.663648377 22.7841953081 12.459117778 53.7880901112
4944 5.24587489344 60.8950865446 155.388158313 404.043351531 0.688977398943 0.107243057138 2.67695600953 92.4834720029 321.202001827 299.735234841 0 1675.0920959 40.085720729 299.052779619 22.914279271 11.907904096 53.7979981737
4968 4.99250271241 59.0136236466 155.718899588 404.093136333 0.654985138624 0.32398140815 4.26991905712 90.6579780626 321.051754078 285.904350052 0 1675.6626698 40.0667027053 296.41384431 22.9332972947 11.337330202 53.9482459224
4992 4.78138458189 50.1617455749 156.806682937 404.135014828 0.639498859611 0.513895413812 2.98347743125 91.7281134675 321.332177608 287.776971153 0 1676.14828371 40.2357280315 291.044057624 22.7642719685 10.8517162887 53.6678223924
5016 4.60397869839 48.8443854879 156.12194786 404.171170844 0.636790921506 0.645891675263 3.01884796599 91.5272985931 321.481969486 290.471674909 0 1676.55008992 40.2435927071 289.869917149 22.7564072929 10.4499100816 53.5180305142
5040 4.44106453967 47.5643317224 159.163825572 404.205644054 0.639461211476 0.700161869198 0.942078770027 93.5126540948 321.337464259 283.688342552 0 1676.920245 40.2895356803 285.832300553 22.7104643197 10.0797549944 53.6625357416
5064 4.28521315955 43.0091563309 161.999136868 404.240026535 0.64457744333 0.784130735149 2.75355633239 91.5777089544 321.405519426 279.438725865 0 1677.27373483 40.355113083 280.019584267 22.644886917 9.72626516488 53.5944805747
5088 4.14451937721 41.8539320134 163.76860222 404.272506803 0.653048955934 0.835434483621 1.29000439221 92.9490053652 321.24360953 274.205885187 0 1677.59250641 40.3655700396 271.308653828 22.6344299604 9.40749358261 53.7563904702
5112 4.00896685351 40.4122264727 156.928578312 404.305319952 0.662799885505 0.867853441698 1.83872383279 92.3253028875 321.287411515 272.089474866 0 1677.89786237 40.3363933991 262.992794447 22.6636066009 9.1021376256 53.7125884858
5136 3.88032970692 39.4785425403 151.226611557 404.338013733 0.674208233456 0.922595334135 1.24484471372 92.8203379855 321.489361733 268.851781295 0 1678.18795583 40.3121183806 262.633719487 22.6878816194 8.81204417149 53.510638268
5160 3.75244836996 39.8728977124 150.320768288 404.372232711 0.687661985114 0.976456330849 1.76771099893 92.1959379742 321.361684217 258.849077336 0 1678.47601515 40.2712129072 259.852439659 22.7287870928 8.52398485187 53.6383157837
5184 3.63848841307 35.8513044232 152.779330658 404.404275369 0.688562003589 0.0446493058597 1.92348634344 92.9390269777 321.478887145 255.955082335 0 1678.73721956 40.4064403304 257.506875843 22.5935596696 8.26278043865 53.5211128554
5208 3.53572556713 35.4899215497 151.41834984 404.433300359 0.662873094972 0.112275365294 1.85677180635 92.9347793746 321.490914397 256.457190171 0 1678.97049215 40.4306002055 251.008553271 22.5693997945 8.02950784849 53.5090856035
5232 3.43376856454 34.49635878 152.190567092 404.461884258 0.640154581254 0.153186971043 0.922584870767 93.8221893186 321.358201682 246.296683672 0 1679.19998202 40.3755697623 251.078804734 22.6244302377 7.80001797343 53.6417983188
5256 3.34095673807 30.9240829044 156.343026023 404.487799148 0.621291618316 0.196763137674 1.71460935399 92.9795367422 321.177021261 235.422876221 0 1679.41274795 40.5376443995 250.422490616 22.4623556005 7.58725205082 53.8229787398
5280 3.25781656249 30.5954986893 157.416091772 404.511001194 0.606796004253 0.25301166479 1.16271565511 93.4664754818 321.174250432 228.265965808 0 1679.60116586 40.541946842 245.357613039 22.458053158 7.39883413424 53.8257495688
5304 3.17266401138 31.8659647484 150.669113409 404.53484658 0.59402077709 0.300692077408 1.8034485812 92.7669919843 321.132589211 224.37911324 0 1679.79226313 40.4511704375 239.778817541 22.5488295625 7.20773686459 53.8674107898
5328 3.09095107701 29.4166559205 149.626746413 404.557889593 0.583822657767 0.345022211614 0.389187434848 94.1240781028 321.073689257 216.225722046 0 1679.97770056 40.497659917 239.691559131 22.502340083 7.02229943389 53.926310744
5352 3.02046466659 27.3036137826 149.775227362 404.577953291 0.576069662226 0.37743987119 2.56951932991 91.8990178454 321.361549648 220.153801736 0 1680.13995531 40.6757955607 235.023177932 22.3242044393 6.86004468819 53.6384503529
5376 2.95338313552 27.965123695 149.112528466 404.597257714 0.570195497623 0.41682262609 1.64550931424 92.7702148482 321.237619283 218.614472412 0 1680.29112095 40.5979300322 229.832708743 22.4020699678 6.70887904427 53.7623807179
5400 2.88955405546 26.4753264492 149.561021403 404.615868106 0.565668305545 0.44164731606 0.661399586999 93.7154166848 321.370495207 215.662996263 0 1680.43707013 40.7387922749 229.047326756 22.2612077251 6.56292986928 53.6295047939
5424 2.82739207413 30.3803426767 146.546346067 404.634258652 0.561992871862 0.460598268451 0.672201299258 93.6709489079 321.362634652 215.294952433 0 1680.57546508 40.4793896854 224.590446468 22.5206103146 6.42453492181 53.6373653485
5448 2.76485757912 25.0988358528 145.956948197 404.653059725 0.55900614035 0.485304546895 0.755602509734 93.5470270779 321.514448776 220.566170231 0 1680.71890351 40.6902763778 218.612353754 22.3097236222 6.28109648332 53.4855512245
5472 2.71187286795 24.4440054974 145.408195895 404.669256639 0.5571974086 0.506341261517 1.42132589775 92.8458787934 321.63400816 220.784467796 0 1680.84023627 40.8260717648 217.123062161 22.1739282352 6.1597637315 53.3659918402
5496 2.65774864272 25.2085170623 146.872566149 404.686086936 0.556037856353 0.53310862303 2.18651151103 92.0382550735 321.416592398 216.450048204 0 1680.96165566 40.7218084155 212.808744576 22.2781915845 6.03834433854 53.5834076029
5520 2.60568456964 24.638196194 146.696381897 404.702586995 0.556279994704 0.593343666271 2.82760185471 91.3201874893 321.334757333 212.236358802 0 1681.07944624 40.6717762379 208.90865854 22.3282237621 5.92055375756 53.6652426677
5544 2.55726231485 21.5035857398 145.495320961 404.718257372 0.557644402698 0.609786373628 0.40912740018 93.7051844515 321.559140619 215.019590451 0 1681.1907674 40.897764745 205.298661371 22.102235255 5.80923259938 53.4408593813
5568 2.50734707105 24.1796766211 150.374711635 404.734769694 0.559317817053 0.620942886525 0.132796615208 93.9521729875 320.991195701 194.781856501 0 1681.30133282 40.6086324419 206.854207023 22.3913675581 5.69866717275 54.0088043001
5592 2.45820888403 22.5386813887 148.887847902 404.751401926 0.561167764701 0.629119234972 0.872390566919 93.1859205078 320.96693584 189.028166034 0 1681.41332034 40.6775716889 202.577176757 22.3224283111 5.58667965926 54.0330641605
5616 2.41657071534 19.3014255018 145.059263845 404.765804306 0.562897511747 0.630641743287 1.24713369722 92.7935227413 321.253522072 194.268476614 0 1681.51012441 41.0167930114 197.642401129 21.9832069886 5.48987558844 53.7464779288
5640 2.37467492968 21.4093528549 145.465631011 404.780596975 0.564986160615 0.657057110979 1.62698843739 92.3703713164 321.160201183 189.357578167 0 1681.60319473 40.7373236504 194.98630739 22.2626763496 5.39680526466 53.8397988178
5664 2.33437045399 18.722648596 145.615992959 404.795136393 0.567489135438 0.664587117769 0.991069380037 92.9817179739 321.241885364 189.730631879 0 1681.69616566 41.0114916375 191.587285555 21.9885083625 5.30383433753 53.7581146362
5688 2.29827619621 17.7146411038 145.986659013 404.808427957 0.569787688151 0.668139306397 1.14909736301 92.8045476856 321.162980472 186.671421962 0 1681.77859145 41.1250425874 190.321662962 21.8749574126 5.22140854958 53.8370195289
5712 2.26453648825 18.6436539066 142.520690083 404.821093851 0.57221062239 0.693643733157 1.15173678679 92.7613150064 321.402848364 190.559551298 0 1681.85458676 40.9999528664 187.271427562 22.0000471336 5.14541324006 53.5971516367
5736 2.23042181939 18.136130607 141.02495472 404.834155001 0.575077080455 0.702179147106 1.24080819238 92.6477805792 321.474422008 192.471006121 0 1681.93222697 41.0793565101 187.347449284 21.9206434899 5.0677730254 53.5255779925
5760 2.19385692653 19.0043729267 141.605960388 404.848454305 0.578389257144 0.715537231608 1.50635866758 92.3512605389 321.308945488 187.232163697 0 1682.01416277 40.9131701443 187.46674165 22.0868298557 4.98583723227 53.691054513
5784 2.15769670138 20.4713271147 144.903681349 404.862915935 0.581790149679 0.717129534661 0.807050417898 93.0311139628 320.9809912 174.064684202 0 1682.09538475 40.7658681266 187.71363042 22.2341318734 4.90461524896 54.0190088009
5808 2.12454845137 18.5564283802 146.853812246 404.876464366 0.585101120605 0.738942541903 0.908513790246 92.8909781811 320.973215965 168.924552656 0 1682.17203527 41.07761419 185.08318909 21.92238581 4.82796472312 54.0267840353
5832 2.09335936046 20.1435655611 145.656955773 404.889481794 0.588495264314 0.741180549216 0.951837875649 92.8290045171 320.909639478 163.624308607 0 1682.24172874 40.8163886958 183.574974337 22.1836113042 4.75827125522 54.0903605231
5856 2.06150104623 17.3423228312 144.17580485 404.903059904 0.592042642092 0.750619142867 1.05573668057 92.6985416303 320.87588296 161.295097961 0 1682.31450106 40.981858811 181.255149206 22.018141189 4.68549893807 54.1241170403
5880 2.03181161434 15.8577822842 140.545928554 404.915979842 0.595459185609 0.752880825653 1.05843889973 92.6772412473 321.041033885 162.531252867 0 1682.38257376 41.1799001205 181.036453405 21.8200998795 4.6174262393 53.9589661153
5904 2.00462346456 18.3493652432 137.955868905 404.928044298 0.598610426504 0.756696450857 0.914371596048 92.8022772289 321.165044493 164.84404726 0 1682.44348081 40.9365630048 179.882704953 22.0634369952 4.5565191868 53.8349555076
5928.0 1001.97498361 16.9903652823 140.914295448 404.941459352 0.602156011854 0.761318599096 0.964990013177 92.7300760233 321.01573073 160.860265966 0 1682.51087558 41.0255405571 178.830408615 21.9744594429 4.48912441427 53.984269271
5952 371.868374471 5151.73241805 173.376288027 407.632438256 3.02129945824 12.8210873477 31.8797356767 44.6454392605 275.18164035 877.917066709 0 1149.35821428 39.8584304405 405.960487967 23.1415695595 537.641785714 99.8183596507
5976 89.4419633812 3356.15947078 183.824013133 423.338355643 7.72985420239 16.4780976666 23.4226520669 29.0310404201 274.757856836 381.355744577 0 1484.65947873 39.0618451447 458.479358878 23.9381548553 202.340521266 100.242143165
6000 33.5029845004 1138.80499415 180.742035091 430.832740694 2.33146420316 8.76333555133 18.3735701576 39.6988893937 293.438961003 298.533437011 0 1607.62745139 39.0775032354 451.065210942 23.9224967646 79.3725486044 81.5610389983
6024 21.3688622837 436.08855386 173.656131981 432.448119654 1.9181212946 2.24249330271 15.3078909754 48.0833747725 309.295273897 318.037679605 0 1638.05419191 39.3733845531 443.095436354 23.6266154469 48.9458080836 65.7047261042
6048 16.8308123909 270.210663504 174.968037777 432.932360097 0.0837968423849 2.38350750067 11.6766821328 52.9236534266 314.801712507 348.304473678 0 1648.8007532 39.5957653124 413.808718168 23.4042346876 38.199246798 60.1982874943
6072 14.196625788 198.261089443 175.346692791 432.999474739 0.39102932296 1.50634384195 8.35739963354 56.7457524623 317.000690933 362.321015499 0 1654.85098394 39.7353195549 396.561146423 23.2646804451 32.1490160565 57.9993090683
6096 12.3462238876 171.764469558 175.569097114 433.094894069 0.523758260105 0.816589074594 2.98318877927 62.5815698162 317.784621725 360.992986734 0 1659.0108923 39.7306413594 378.682814131 23.2693586406 27.9891076942 57.2153782756
6120 11.0112032794 153.927872632 167.248228562 433.189162067 0.552193532057 0.529947616057 7.57081626312 58.1578805208 319.085838436 368.37908212 0 1662.04801157 39.7802662438 376.383821019 23.2197337562 24.9519884224 55.914161565
6144 9.86014500151 131.774572938 169.062231874 433.284677817 0.601393021351 0.44277900697 5.27297284152 60.3981773128 319.027965207 355.167846119 0 1664.63252813 39.7828186059 363.823520106 23.2171813941 22.3674718688 55.9720347941
6168 8.98489200846 117.997538695 172.2484047 433.368802651 0.614976357488 0.90481043098 3.26828824533 61.8431223146 319.454345598 340.656196736 0 1666.62610505 39.8473340126 358.728256572 23.1526659874 20.3738949414 55.5456544035
6192 8.2558482016 106.71905431 168.991930283 433.448229948 0.611868389336 0.258290974774 3.70569501186 61.9759156759 319.610436056 329.129187918 0 1668.27127125 39.8648190053 356.442540117 23.1351809947 18.7287287399 55.3895639447
6216 7.65183056229 92.7740454068 170.797887464 433.516478518 0.591003870844 0.554207429781 3.48417002723 61.8541401541 320.046924603 318.691001509 0 1669.65403391 40.003427616 356.501924625 22.996572384 17.3459660889 54.9530753983
6240 7.12817117938 82.58837051 162.463828115 433.579697257 0.603344915593 0.863607670446 2.64169259487 62.3116575612 320.594685601 333.291229521 0 1670.83382195 40.0012959654 342.717839038 22.9987040346 16.1661780484 54.4053143999
6264 6.68479613799 76.4934403756 171.995183172 433.639124804 0.631914944592 1.00281937112 4.43518717932 60.2909537008 320.349535217 320.660106866 0 1671.83710251 40.0265698159 330.362183162 22.9734301841 15.1628974804 54.6504647841
6288 6.31120470636 71.7054317636 162.38564945 433.694935959 0.646960183606 0.329095816302 3.23641476473 62.0925932753 320.842979676 328.761223888 0 1672.68429035 40.05800988 317.952778016 22.94199012 14.3157096411 54.1570203248
6312 5.97143633827 69.095636993 161.586268699 433.747823267 0.630111163588 0.526913404858 3.18147918837 61.9136729758 320.990533485 322.956845685 0 1673.45191776 40.0700944261 309.627303963 22.9299055739 13.5480822348 54.0094665162
6336 5.68512398946 61.1338167251 165.748117337 433.79413584 0.628318884601 0.65653045032 1.62358220454 63.2974326202 321.183366476 320.828674932 0 1674.10606157 40.1822002298 303.663210026 22.8177997702 12.8939384211 53.8166335254
6360 5.42536486019 59.8030285888 166.114654581 433.83835286 0.633063328162 0.727894611694 1.93266111865 62.8680280805 321.111773767 317.640055383 0 1674.69080817 40.1579375499 288.492971896 22.8420624501 12.3091918258 53.8882262345
6384 5.17030709975 61.0875182822 168.523189427 433.884351327 0.641087223495 0.770745322915 1.41607021035 63.2877459154 320.604300211 288.265622102 0 1675.26082427 40.0571029344 282.303754501 22.9428970656 11.7391757261 54.3956997895
6408 4.94602943123 54.2214247536 159.889100879 433.927290305 0.650195320082 0.804672895743 0.545755532112 64.0720859462 321.165274388 287.571035504 0 1675.77617997 40.2230897124 279.698287831 22.7769102876 11.2238200264 53.8347256132
6432 4.73629059593 54.5942236187 161.941401998 433.969890496 0.660990016508 0.839411684328 1.56659723275 62.96311057 321.02178231 275.390186286 0 1676.24628805 40.1453961874 272.535949243 22.8546038126 10.7537119414 53.9782176909
6456 4.550831139 50.2258976695 160.275152149 434.009826366 0.672162590698 0.862596833731 1.28207256351 63.173341646 320.867001656 261.524733079 0 1676.66917871 40.2256389471 273.419342518 22.7743610529 10.3308212882 54.1329983446
6480 4.38759707297 42.6643797106 154.288274114 434.046966069 0.684016234497 0.920427379394 0.597032269367 63.7515580476 321.322955373 271.383647593 0 1677.042945 40.3871274506 268.170904039 22.6128725494 9.9570549955 53.6770446283
6504 4.22984498028 45.2403513278 158.285455883 434.084881574 0.696427829537 0.910857842883 1.04867888407 63.2591538688 321.017429141 259.542797529 0 1677.39675023 40.301786009 259.19146467 22.698213991 9.60324976508 53.9825708602
6528 4.09139287994 37.7090907875 159.890959669 434.119914531 0.707135544039 0.927095463445 2.13354932478 62.1123051361 321.07191542 255.882087599 0 1677.71470581 40.4833645682 253.440348943 22.5166354318 9.2852941794 53.9280845814
6552 3.9672158389 38.3524669527 154.358853186 434.152861171 0.718571271692 0.984961064122 0.896697413815 63.2469090793 321.37540409 254.376878239 0 1677.99485521 40.4408051839 256.248963042 22.5591948161 9.00514478674 53.6245959108
6576 3.85394572059 37.9326869237 153.012821918 434.184330848 0.728836434683 0.00557824471961 3.55920712641 61.5220473455 321.438558232 257.194575714 0 1678.25199942 40.4902400511 250.733526776 22.5097599489 8.74800057637 53.5614417686
6600 3.7382581643 37.905389077 151.215818067 434.216958625 0.699938873176 0.148538748195 2.23758803673 62.6969757162 321.477677744 258.297111812 0 1678.51101679 40.3672519511 246.853305591 22.6327480489 8.48898320722 53.5223222574
6624 3.62513695918 38.0861292692 152.249366182 434.248667462 0.676566225246 0.210393495203 2.08847166457 62.775901152 321.246065592 246.577126302 0 1678.76543259 40.3037715356 245.631344959 22.6962284644 8.23456740206 53.7539344091
6648 3.5227627739 35.6382466578 148.84636975 434.277331463 0.658041394314 0.253190753993 0.768497790198 64.0429385974 321.634898107 253.283973971 0 1678.99932278 40.4053168956 241.019329676 22.5946831044 8.00067721514 53.3651018938
6672 3.42933688623 32.9306661614 153.934842605 434.303544506 0.642596906445 0.285836965718 1.29396241132 63.4740592102 321.577612177 253.607221073 0 1679.21300011 40.5220873511 233.0677011 22.4779126489 7.78699988207 53.4223878237
6696 3.33606422713 35.3995318464 150.871226955 434.329833982 0.62886251714 0.321303836224 0.875918023042 63.8440816415 321.251462029 239.061576606 0 1679.42131729 40.3661196149 234.592959369 22.6338803851 7.57868270148 53.7485379721
6720 3.2521097042 29.86484945 150.484695282 434.353659647 0.61776599801 0.348648144943 1.26944434012 63.4104818694 321.38445754 236.610346705 0 1679.61469432 40.5844403655 233.430723106 22.4155596345 7.38530567205 53.6155424615
6744 3.17398218457 30.1309330698 149.340803119 434.376021186 0.608537236972 0.372719095896 1.55361030896 63.0891121713 321.372955736 229.225814315 0 1679.79139806 40.5615218443 236.399730688 22.4384781557 7.20860193547 53.6270442654
6768 3.10232598082 27.0196959888 148.969878225 434.396736813 0.601318952643 0.409685527919 0.665887716812 63.9263709888 321.592203939 237.825328017 0 1679.95506782 40.6982407745 230.718830867 22.3017592255 7.04493217167 53.4077960616
6792 3.0230329152 31.2611126438 150.937103404 434.41995449 0.594583946309 0.444837342911 2.07032356787 62.4703006521 321.084511466 219.786148411 0 1680.13018347 40.3827142463 228.497305127 22.6172857537 6.86981652293 53.9154885348
6816 2.95133010692 27.6310360077 148.209869383 434.441278436 0.590061180001 0.478329709355 1.29256767534 63.1977629991 321.30179709 219.047626632 0 1680.29561658 40.5944943266 228.478510334 22.4055056734 6.70438340962 53.6982029114
6840 2.88526324313 29.0622109879 152.292755013 434.461257864 0.586737763328 0.501595892259 1.40210581095 63.0483026686 321.073661579 210.885684129 0 1680.44482412 40.5482188528 221.964122915 22.4517811472 6.55517587078 53.9263384217
6864 2.82352245331 25.9516442159 153.031965835 434.48025433 0.584344600697 0.523831378708 1.41501826939 62.9965514207 321.190808384 208.688856506 0 1680.58630286 40.6983697944 216.952625283 22.3016302056 6.41369713712 53.8091916171
6888 2.76130323404 26.6032116846 151.858237552 434.499758826 0.582931737537 0.553357910328 1.47177178877 62.8921797369 321.018756694 201.729588453 0 1680.7261609 40.6340296913 212.351085727 22.3659703087 6.27383909407 53.9812433074
6912 2.70167430047 24.5054868555 146.282230004 434.518836873 0.582396130531 0.575667549061 0.497046009098 63.8260534373 320.986604237 195.696354996 0 1680.86152661 40.6662276738 213.979230014 22.3337723262 6.13847338897 54.013395764
6936 2.6485656873 22.8895206608 147.15719805 434.536179332 0.582390157713 0.591208187551 1.34639632118 62.9438260015 321.039410972 191.979549515 0 1680.98341653 40.8484409709 212.754406188 22.1515590291 6.01658346091 53.9605890286
6960 2.60058990627 22.4435065737 147.271205042 434.552153651 0.582802228089 0.600551103976 1.05737074102 63.2071222758 321.143733229 193.756812407 0 1681.09185992 40.7962909288 210.770546559 22.2037090712 5.90814007172 53.8562667715
6984 2.55168868015 21.7755716796 147.834265233 434.568756795 0.583403572303 0.606765756163 0.840078177439 63.400995698 321.125032337 194.498526128 0 1681.20263906 40.8192911428 206.076427052 22.1807088572 5.79736093109 53.8749676639
7008 2.50656576446 21.7589512519 150.354409492 434.584378501 0.584019428728 0.606636145746 0.526909031856 63.6980568921 320.904104512 184.792091445 0 1681.30470538 40.7869942039 204.68613191 22.2130057961 5.69529461354 54.0958954885
7032 2.46398289121 19.7864566177 148.809069183 434.599396345 0.584602146281 0.607771826664 0.143921227401 64.0643084541 320.913704359 182.872859848 0 1681.40238179 40.9764490841 200.533118967 22.0235509159 5.5976182067 54.0862956418
7056 2.42209374757 19.6288286271 143.033690552 434.614439835 0.58521633623 0.616599940432 1.74616762466 62.4375762626 321.151751642 185.976839336 0 1681.49719114 40.968598366 198.636337261 22.031401634 5.5028088581 53.8482483594
7080 2.37966376041 21.1392080552 142.262121941 434.629968232 0.586380030854 0.633710310989 0.379490649925 63.7704507754 321.271406117 186.799456182 0 1681.59236153 40.8078725448 197.854449333 22.1921274552 5.40763846035 53.7285938838
7104 2.33982423534 19.7053440844 144.114823227 434.644833726 0.587621912577 0.639620813846 0.959796114475 63.1681274329 321.193515027 186.697066289 0 1681.68322868 40.8995552021 195.28373531 22.1004447979 5.31677131199 53.8064849741
7128 2.30384132056 18.0203930231 146.922294248 434.658508305 0.588847504425 0.644640184755 1.41053051133 62.6974734944 321.082599732 181.285102319 0 1681.76588215 41.0932218932 193.891191311 21.9067781068 5.23411784606 53.9174002691
7152 2.26731813563 20.379385433 143.923690621 434.672639555 0.590234361486 0.64965282101 0.905903954614 63.181569307 321.040987696 177.467770884 0 1681.84700575 40.7896250358 192.659786381 22.2103749642 5.15299423944 53.9590123054
7176 2.2309077249 18.8533792313 143.371130908 434.686990432 0.59170766576 0.655481577677 1.41864034455 62.6471799798 321.289638677 181.712444384 0 1681.9306899 41.0202403989 187.629100316 21.9797596011 5.06931009846 53.7103613239
7200 2.19537462049 19.5073900265 144.110756769 434.701260529 0.593377055657 0.671062858781 1.89820236601 62.1360971904 321.008267416 177.274329249 0 1682.01037728 40.8379526567 183.868673973 22.1620473433 4.98962271841 53.991732585
7224 2.16252628446 18.6946234555 143.224106282 434.714701 0.595411377234 0.691779415876 1.2733787311 62.7247294749 321.195245457 176.249940085 0 1682.08550915 40.9514678364 183.253890453 22.0485321636 4.91449084437 53.8047545444
7248 2.12916692194 17.7676968918 144.421737133 434.7286119 0.597678341787 0.700139089442 1.71647350109 62.2570971667 321.017163779 172.869907042 0 1682.16093886 40.9662292539 180.778195238 22.0337707461 4.83906113306 53.9828362216
7272 2.09656826666 16.7630094975 143.871722611 434.742471855 0.60005030736 0.701976719049 1.16068529529 62.7948158229 321.118152953 168.32056524 0 1682.23541994 41.0905296248 182.388190825 21.9094703752 4.76458005893 53.8818470483
7296 2.06632180423 16.7526635886 141.905691625 434.755576064 0.602313839892 0.70936781431 1.50901063694 62.4237316443 321.066173432 168.397658242 0 1682.30388194 41.0637162936 180.096624367 21.9362837064 4.69611805379 53.9338265694
7320 2.03616177386 17.8073377105 144.12161559 434.768887859 0.604867483275 0.725817925084 0.854045100487 63.0463816318 321.047207608 165.779041748 0 1682.37222214 41.0278975533 175.96874919 21.9721024467 4.62777785404 53.9527923929
7344 2.00491712635 17.7995236072 141.941980662 434.782950222 0.607608876034 0.725820148196 1.30248858391 62.5811321693 320.903471467 159.417358063 0 1682.44244027 40.9172832636 176.937583063 22.0827167364 4.55755972204 54.0965285343
7368 1.97628351221 16.7384783821 139.858816354 434.79608849 0.610209355539 0.734710081616 1.63140089362 62.2275911786 320.941671293 156.816584837 0 1682.50784415 41.0059303376 178.950165269 21.9940696624 4.49215584351 54.0583287081
7392 1.94885654806 17.7284241414 138.242729485 434.808907658 0.61282321226 0.736725548128 0.934979583798 62.9065639977 321.044860552 158.740811577 0 1682.56995226 40.9726020482 176.986814466 22.0273979518 4.43004773723 53.9551394493
7416 1.92225019431 15.7096150439 142.137887379 434.821570038 0.615360063688 0.738256127532 1.21773681999 62.6070769499 320.929509177 155.218509604 0 1682.63084604 41.128034286 176.12252637 21.871965714 4.36915395412 54.0704908243
7440 1.89692496201 15.8864518241 136.289856444 434.833836002 0.617802497438 0.742491860155 1.44938057639 62.356489063 321.267274887 162.026696544 0 1682.68853597 41.2158737224 175.340307682 21.7841262776 4.31146402783 53.7327251137
7464 1.87143213598 16.7383630963 137.889457632 434.846400341 0.620357127983 0.745655942613 0.707566122142 63.0800204653 321.111365483 159.111912492 0 1682.74571908 41.0079425654 174.669222646 21.9920574346 4.25428091194 53.8886345182
7488 1.84722094629 15.3885172307 141.912044863 434.858541428 0.622809207662 0.747668508979 0.920115456008 62.8508653985 320.978335112 154.931546021 0 1682.80095931 41.1100737607 173.08306584 21.8899262393 4.19904068494 54.0216648895
7512 1.8229942089 15.1653163991 143.38223691 434.870898894 0.625210259096 0.745379567685 1.15793477665 62.6005765022 320.981327138 152.395319693 0 1682.85571829 41.0865347614 171.585438331 21.9134652386 4.14428170556 54.0186728626
7536 1.79786098764 14.8993231605 145.164985607 434.883944224 0.627678992333 0.742270693519 0.460681540882 63.2854245491 320.675133968 143.495636745 0 1682.91268484 41.096730998 169.176719029 21.903269002 4.0873151555 54.3248660327
7560 1.77640300373 15.8911068508 141.906783658 434.89526748 0.629700662392 0.73852162402 0.589500977299 63.1470092561 320.845529032 143.161963422 0 1682.96172865 41.1388051448 166.904555115 21.8611948552 4.03827134064 54.1544709685
7584 1.75415159849 14.6551518137 142.505077802 434.907193091 0.631734213205 0.737031794289 0.76955413253 62.9544867688 320.645918229 136.148055392 0 1683.01225189 41.1907807281 167.684572462 21.8092192719 3.98774810491 54.354081772
7608 1.73229879873 14.4506223817 137.520285907 434.919090949 0.633725076394 0.739123478183 0.935701202213 62.7723592941 320.805416061 138.97135888 0 1683.06161988 41.1314127796 165.547904537 21.8685872204 3.93838011311 54.1945839404
7632 1.71001800896 14.6099467472 140.021257092 434.931416681 0.635779529483 0.741589305708 1.13893273807 62.552281745 320.598236936 131.68225787 0 1683.11185926 41.0631231741 164.502434847 21.9368768259 3.88814073412 54.4017630651
7656 1.6899318312 14.9593035495 135.371283855 434.942701553 0.637646611144 0.742821736588 0.238874713451 63.4379553848 320.893797814 137.810109013 0 1683.1578611 41.1357536696 161.539170776 21.8642463304 3.84213889754 54.1062021869
7680 1.66925770381 14.7111710537 138.187487431 434.954492488 0.639549754999 0.742627832922 0.387481282606 63.2758486414 320.860078338 136.171688381 0 1683.20476269 41.1742295672 160.65950168 21.8257704328 3.79523730658 54.1399216627
7704 1.64964699174 14.0340695168 137.9225913 434.965845548 0.641363094885 0.746095071253 1.48262854647 62.1640677384 320.816810006 135.525883536 0 1683.24940605 41.2045835951 157.876182429 21.7954164049 3.75059394853 54.1831899948
7728 1.63102143668 12.3739566295 140.392945982 434.976784577 0.643138485828 0.745807829135 0.541708106282 63.0925610012 320.655563601 130.598522968 0 1683.29213473 41.4294388708 158.16297218 21.5705611292 3.70786526044 54.3444364
7752 1.61269522323 12.6790420943 137.034833258 434.987700128 0.644876452979 0.747107321374 0.592248865508 63.0280672315 320.757466078 129.767237648 0 1683.33353366 41.3470335291 159.460699642 21.6529664709 3.66646633178 54.2425339234
7776 1.59428577636 13.3175939523 136.124893125 434.998820935 0.646618430031 0.745487835775 0.66529108023 62.9437817188 320.804369108 131.542819691 0 1683.3749797 41.2094832014 156.802416202 21.7905167986 3.62502029172 54.1956308929
7800 1.57729074753 11.9411350277 132.979415009 435.009228523 0.648184327875 0.742928032586 0.668944018621 62.930715097 321.049479408 137.562968167 0 1683.41417048 41.4836235195 156.216895445 21.5163764805 3.58582951378 53.9505205929
7824 1.55913791246 12.7954478051 133.941957842 435.020497588 0.649857568199 0.750878279121 1.7313117328 61.8474548312 320.979776643 138.033136899 0 1683.45480637 41.2553947706 153.703065474 21.7446052294 3.54519362005 54.0202233575
7848 1.54319368357 12.0471032641 133.915144165 435.030529563 0.651426971343 0.750695298417 0.68864698176 62.8787011852 321.12699508 142.567173148 0 1683.49144325 41.4193707861 151.282281771 21.5806292139 3.50855673953 53.873004921
7872 1.52719669995 13.4477263936 134.233015867 435.040723797 0.652997979409 0.757211901458 1.64554229473 61.9035240265 321.104315476 142.589291221 0 1683.52739357 41.2214091911 148.948207263 21.7785908089 3.47260642323 53.8956845252
7896 1.51069789355 12.9972457033 138.017245659 435.051377238 0.654733801063 0.764212675132 0.64202514274 62.8876511421 320.826837694 134.771982911 0 1683.56479706 41.2271589287 148.667580929 21.7728410713 3.43520293778 54.1731623066
7920 1.4943487483 13.2548634829 137.825795749 435.062078142 0.656485302726 0.760556930367 0.661273157504 62.8596064668 320.726650342 128.391361243 0 1683.60171024 41.1419992561 150.381504583 21.8580007439 3.39828974976 54.2733496588
7944 1.47913440124 11.1456911489 135.171354988 435.07216758 0.658095746265 0.765595033253 0.602738150471 62.9014034891 320.922831746 131.925479255 0 1683.6370031 41.5528457175 148.142933556 21.4471542825 3.36299689114 54.0771682546
7968 1.46470452079 11.2175787824 134.146562554 435.081856581 0.659647709841 0.761862375728 0.521502797684 62.9751305351 320.97698969 133.783948384 0 1683.66967781 41.5133425848 146.965676491 21.4866574152 3.33032218203 54.0230103112
7992 1.45083009511 10.7983579535 134.497383975 435.091284397 0.66110221055 0.764730026449 1.40042892307 62.0824544423 320.997314501 133.221475735 0 1683.70135156 41.6130543939 146.846961848 21.3869456061 3.29864843104 54.0026854997
8016 1.43610621623 11.1446518343 134.838727296 435.101412008 0.662709665376 0.765788650468 0.346047622431 63.124042053 320.976737925 132.656674709 0 1683.73452712 41.4915505616 144.75710139 21.5084494384 3.26547287366 54.0232620765
8040 1.42247034245 11.0156165844 134.905231128 435.110906188 0.664158128885 0.763407105223 0.23715841342 63.2243701641 320.901084578 129.930621414 0 1683.76555148 41.5142388765 144.720192079 21.4857611235 3.23444851418 54.0989154225
8064 1.40954366067 10.6897380043 136.301558907 435.120010002 0.665484957327 0.760911005012 0.0902546771009 63.3633393579 320.789791807 126.376068267 0 1683.79500231 41.5822564622 142.718916813 21.4177435378 3.20499768405 54.2102081937
8088 1.39619369356 11.7327087428 137.881734598 435.129518862 0.666799989936 0.757760979922 0.980629223499 62.4652909442 320.531832213 116.47111809 0 1683.82483768 41.3082279198 141.777080366 21.6917720802 3.1751623162 54.468167788
8112 1.38317239357 10.4358684518 134.172472541 435.138899604 0.668041906929 0.754542091403 0.857511760709 62.5810046369 320.789787623 119.36640746 0 1683.85487304 41.6169086875 141.851520255 21.3830913125 3.14512695889 54.2102123779
8136 1.37037038815 11.0340604562 135.392528486 435.148225727 0.669218043765 0.751085288413 0.728207620266 62.70326332 320.640027645 115.290273443 0 1683.88364437 41.4335911481 140.95711646 21.5664088519 3.1163556243 54.3599723558
8160 1.35835084139 9.97459035846 132.428017755 435.157076309 0.670297070053 0.75028169843 0.548105332633 62.8742395895 320.871552519 120.6974731 0 1683.9113888 41.7283321776 139.111592202 21.2716678224 3.08861118995 54.128447482
8184 1.34610134548 12.0529048218 132.407925288 435.166191803 0.671372129251 0.748420781756 0.393179370423 63.020835915 320.840260223 119.687433279 0 1683.93866501 41.3224435478 138.304374027 21.6775564522 3.06133498339 54.1597397784
8208 1.33389776685 10.5658669565 134.554395228 435.175370388 0.672403587787 0.745547521265 0.244737777925 63.1619407249 320.757682326 116.795403019 0 1683.96669458 41.5644108034 137.529064012 21.4355891966 3.03330541041 54.2423176755
8232 1.32197064818 10.2115121686 134.787478915 435.184435943 0.67336267787 0.744453255596 0.0810858062667 63.3166623171 320.682133623 114.749563049 0 1683.99373743 41.5869195367 136.802898932 21.4130804633 3.00626256592 54.3178663785
8256 1.30910243343 11.2988498153 134.875560261 435.194323384 0.674360248595 0.74149889247 0.9953991666 62.394418308 320.549947658 109.97460348 0 1684.02247636 41.2924898113 136.10713332 21.7075101887 2.97752363388 54.4500523428
8280 1.29681851241 10.2403808794 135.136295433 435.203866599 0.675290056087 0.7396835455 0.874459863367 62.5066999356 320.585896296 109.174250887 0 1684.05074656 41.5380754663 134.444859321 21.4619245337 2.94925343345 54.4141037055
8304 1.28468168515 10.094196684 133.152631179 435.213397582 0.676181371205 0.737480844465 0.751916908256 62.621023293 320.625295593 108.384851881 0 1684.07833002 41.5657590721 134.806137563 21.4342409279 2.92166997636 54.3747044083
8328 1.27258586212 10.8279453769 132.530965345 435.222998758 0.677035082019 0.734895584046 0.635378358227 62.7296922176 320.655779878 108.279455671 0 1684.10548474 41.3510623417 135.170535687 21.6489376583 2.89451525141 54.3442201228
8352 1.26082451983 10.8099474339 130.506007834 435.232433802 0.677829344644 0.732567434343 0.502033093596 62.8551363247 320.788737375 111.833846348 0 1684.13240065 41.4599507953 133.572759441 21.5400492047 2.86759934842 54.2112626261
8376 1.25035217116 9.16430195754 135.51860407 435.240918356 0.678512114243 0.734520832233 1.2723914707 62.0736572259 320.648646003 107.960203366 0 1684.15663466 41.8212431512 133.013228379 21.1787568488 2.84336533182 54.3513539977
8400 1.2405139552 9.61390597561 131.131775682 435.248962188 0.679185661025 0.736161788017 1.0022104493 62.3334799134 320.810794719 110.982137146 0 1684.17884633 41.6839810974 133.470249502 21.3160189026 2.82115366885 54.1892052821
8424 1.22989797645 9.93044104708 133.633052148 435.257722779 0.679896426612 0.733517507964 0.805027486575 62.5238357993 320.678008254 108.853808843 0 1684.20279848 41.5763390829 131.944888428 21.4236609171 2.79720151632 54.3219917473
8448 1.22009088054 9.73286269898 132.227088793 435.265891441 0.680551379414 0.734821550563 0.545208619354 62.7735270091 320.788822705 110.420342317 0 1684.22524524 41.6965171279 131.452718673 21.3034828721 2.77475475587 54.2111772963
8472 1.20987391114 9.16839208136 134.239296935 435.274480083 0.68123679849 0.73640550181 0.322118973456 62.9857586428 320.753066362 108.898387834 0 1684.2484405 41.7521571247 129.990490716 21.2478428753 2.75155949231 54.246933639
8496 1.20042086452 9.90117276667 133.816441073 435.282499191 0.681870465936 0.735846616372 1.05076633312 62.2490173931 320.628576483 104.596192372 0 1684.26992994 41.7449571088 130.543381419 21.2550428912 2.73007005162 54.3714235179
8520 1.19049129191 9.27431665422 131.48487358 435.290999096 0.682580925838 0.742654237014 0.807296570599 62.4764691695 320.690833467 106.224504783 0 1684.29237151 41.6851599011 130.1189488 21.3148400989 2.70762848207 54.3091665343
8544 1.18114994214 8.70935252833 131.579810146 435.29906894 0.683290791375 0.741858653603 0.539056854287 62.7367247606 320.734266905 106.674841999 0 1684.3138039 41.876985681 128.716088622 21.123014319 2.6861960922 54.2657330962
8568 1.17250883605 8.4677924163 131.15092582 435.306598311 0.68393381715 0.743369016768 1.21657110905 62.0495277457 320.737114586 105.981468898 0 1684.33351761 41.9607330902 128.340763679 21.0392669098 2.66648238735 54.2628854148
8592 1.16378963915 9.84445607355 132.060063115 435.314259583 0.684611865726 0.745077144291 0.904754690303 62.3512967165 320.728822907 104.072242672 0 1684.35300413 41.6021898326 127.976708407 21.3978101674 2.64699586909 54.2711770943
8616 1.15457450602 8.60418277761 130.737672478 435.322427679 0.685357031378 0.751286788217 1.62872997451 61.6121985264 320.727015332 105.212219537 0 1684.37413182 41.8699482154 127.635696357 21.1300517846 2.62586816979 54.2729846691
8640 1.14623614339 8.3427058173 129.717147714 435.329883164 0.686109300441 0.756545129097 0.28929093264 62.9381714731 320.853040843 107.777013168 0 1684.3931769 41.9666266424 127.316641577 21.0333733576 2.60682309409 54.1469591575
8664 1.13777298552 8.54645636587 128.433914671 435.337514389 0.686873474206 0.755207835044 0.97799421134 62.2424100901 320.93425053 110.983415079 0 1684.41229439 41.8689185255 127.006903664 21.1310814745 2.58770560842 54.0657494714
8688 1.12930773471 8.29134080741 133.044999373 435.345213049 0.687634338197 0.753999840117 0.671640157536 62.5415126144 320.716730021 107.015391325 0 1684.43158758 41.9451576527 125.719621758 21.0548423473 2.56841241457 54.2832699802
8712 1.12114567897 8.27807862338 132.374267082 435.352698857 0.688360823493 0.75673158242 1.33749622357 61.8647125127 320.652254128 103.543658387 0 1684.45010966 41.9355909336 125.450074476 21.0644090664 2.54989033227 54.3477458734
8736 1.11318189064 8.63341097901 130.356442043 435.360063341 0.689087758827 0.75687680048 0.996795745269 62.1971763543 320.757492521 104.871241758 0 1684.46810989 41.8110350725 124.207627968 21.1889649275 2.53189010852 54.2425074796
8760 1.10446601728 9.94086172937 128.87438779 435.368192753 0.689847892778 0.752384873396 0.733087679628 62.4564868009 320.797961897 105.911828087 0 1684.48755884 41.4855079543 123.981698458 21.5144920457 2.51244115635 54.202038104
