Time EBV Teff Treg ODC_le1 ODC_le2 ODC_le3 ODC_le4 ODC_le5 NK IL2 DAC Resting_Teff Resting_Treg EffectorMemory Resting_Treg_temp Resting_Teff_temp NK_temp
0.0 0 0 0 0 0 0 0 500 375 1000 0 1687 63 0 0 0 0
24 0 0 0 0 0 0 0 500 336.279789971 908.048253598 0 1687 63 0 0 0 38.7202100291
48 0 0 0 0 0 0 0 500 335.391027502 823.849847309 0 1687 63 0 0 0 39.6089724976
72 0 0 0 0 0 0 0 500 334.559882085 745.880698262 0 1687 63 0 0 0 40.4401179151
96 0 0 0 0 0 0 0 500 333.760437385 673.915002205 0 1687 63 0 0 0 41.2395626152
120 0 0 0 0 0 0 0 500 332.995774144 607.703333798 0 1687 63 0 0 0 42.0042258555
144 0 0 0 0 0 0 0 500 332.2684442 546.975994766 0 1687 63 0 0 0 42.7315557996
168.0 1000 0 0 0 0 0 0 500 331.580390823 491.447224652 0 1687 63 0 0 0 43.4196091775
192 587.94283022 2674.42256109 91.5619289612 4.47673168998 18.9970923557 71.5351553232 179.581289232 225.4097314 319.455578209 5741.3447637 0 1039.6715255 41.772295668 0 21.227704332 647.328474501 55.5444217919
216 136.977591949 6895.27924327 164.495594898 82.5884127932 41.8559777672 79.8684023313 127.190466956 168.496740153 264.556574252 491.523766468 0 1395.3838394 38.9739351749 623.69249864 24.0260648251 291.616160596 110.443425749
240 32.8034928256 2388.6897627 176.933509051 169.186910962 29.1804241898 66.1731006719 99.7936518026 135.665912374 278.679371093 225.303727088 0 1604.18196395 38.8570855753 511.513579603 24.1429144247 82.8180360526 96.3206289072
264 16.2160889052 550.999116597 172.191535531 192.625822374 12.2543568505 36.3965408582 70.7175657441 188.005714173 303.76368692 236.670943902 0 1648.80161753 39.0737073424 479.516915619 23.9262926576 38.198382474 71.2363130802
288 12.6642868667 216.488432303 168.052787692 195.226550107 0.966555823296 13.4190583744 37.5040627162 252.883772979 314.991047819 280.866271284 0 1658.12819262 39.5254272314 434.868709957 23.4745727686 28.8718073772 60.008952182
312 11.0954639082 148.600037517 166.114119722 195.391130292 1.12645398765 4.80811279312 22.0324909639 276.641811964 318.323244664 328.287002319 0 1661.85265543 39.8042429521 411.961797883 23.1957570479 25.147344571 56.6767553364
336 10.0108465294 129.877983833 161.958419878 195.528858979 0.433017792025 2.791964916 15.5828379366 285.663320376 319.687015948 373.314704759 0 1664.31434944 39.8459667358 389.692249995 23.1540332642 22.6856505619 55.3129840522
360 9.07466311285 124.382041153 167.988820356 195.615086713 0.660889672087 1.18219449584 16.6088832841 285.932945835 319.79365674 358.782515201 0 1666.41318859 39.8066298935 382.00807206 23.1933701065 20.5868114086 55.2063432605
384 8.31572327987 109.638151885 168.754500263 195.704980945 0.711573741494 1.16453607167 13.0034928808 289.415416361 320.09452542 353.300188368 0 1668.14233144 39.8844094812 373.781686719 23.1155905188 18.857668564 54.9054745803
408 7.65928492356 102.944399561 169.092573289 195.792681063 0.712046663051 0.986213032671 11.5356362438 290.973422998 319.694229767 328.653139342 0 1669.6099525 39.8118801156 361.502153654 23.1881198844 17.3900475034 55.3057702335
432 7.14408031552 82.4154796725 171.473593271 195.869066107 0.737677054385 0.165227387582 13.5662659519 289.661763499 320.409295178 326.498313098 0 1670.80362862 40.0431530446 357.585566385 22.9568469554 16.1963713764 54.5907048227
456 6.69380889021 84.607400395 168.084429478 195.940226398 0.721779358675 0.368576483115 12.6180514501 290.35136631 320.309278095 314.458309161 0 1671.81099171 39.9529106576 346.119388917 23.0470893424 15.1890082876 54.6907219056
480 6.29047239342 73.5812386255 164.717687102 196.007424179 0.725331625091 0.508011975077 14.4011986618 288.358033559 320.775775395 324.566125134 0 1672.72729105 40.029494663 328.79753052 22.970505337 14.2727089503 54.224224606
504 5.96177061134 63.4726901349 168.996662969 196.06578143 0.717818697711 0.365982413862 10.9443549496 291.906062509 321.07812925 326.180296306 0 1673.47927619 40.1558188651 318.401020283 22.8441811349 13.5207238146 53.9218707507
528 5.66623326053 66.9521818924 170.128816974 196.120187826 0.717477802886 1.06647832129 13.5040791261 288.591776924 320.565952071 302.40239987 0 1674.13968556 40.0413483098 312.542313569 22.9586516902 12.8603144402 54.4340479295
552 5.39231942745 61.2694530279 159.647370281 196.174156137 0.726387427637 0.803546939192 8.3707526629 293.925156833 321.067919727 305.668625322 0 1674.7627976 40.1173714581 302.150437334 22.8826285419 12.2372024049 53.9320802736
576 5.14594187608 57.0137311988 161.394630798 196.225363299 0.723053589755 0.334511676176 4.42583558029 298.291235855 321.129956114 293.500980839 0 1675.32151449 40.1568673551 298.18005143 22.8431326449 11.6784855124 53.8700438862
600 4.93908969307 53.6271556778 158.460315384 196.269331986 0.709312000535 0.666195388208 7.32107871315 295.034081912 321.352365928 298.655301632 0 1675.79194062 40.2091439395 293.281353757 22.7908560605 11.2080593807 53.6476340722
624 4.73337008637 55.9286800535 160.449215438 196.314768357 0.719051376154 1.08706674772 6.64963053824 295.229482981 321.198881656 286.796159611 0 1676.25162722 40.0943107092 290.429059408 22.9056892908 10.7483727809 53.8011183444
648 4.53534311439 53.5826549409 156.342185274 196.359913839 0.693331594981 0.492465101447 7.20171649667 295.252572968 320.992572707 273.495884152 0 1676.70032346 40.1258070244 289.58521726 22.8741929756 10.2996765385 54.0074272937
672 4.3626520196 43.8527350863 159.706338986 196.400077632 0.688203775581 0.715636287484 6.29016993466 295.905912371 321.112756004 270.736111943 0 1677.09602892 40.2913471094 283.950210403 22.7086528906 9.90397108088 53.8872439965
696 4.20749450253 42.4959770271 157.312804857 196.437685057 0.699603065805 1.07038158578 6.88634283704 294.905987455 321.283869731 268.278825884 0 1677.44785425 40.3086984809 280.475382123 22.6913015191 9.55214574817 53.7161302693
720 4.07140783012 38.6741892575 155.592305596 196.471940926 0.685023384128 0.381223350627 8.14154097994 294.320271359 321.368067303 269.183830897 0 1677.75952397 40.4628368682 275.819902098 22.5371631318 9.24047602592 53.6319326974
744 3.93503857604 41.6621092647 154.693872402 196.506701767 0.677941053658 0.670339658395 4.95559117952 297.189426341 321.237402307 259.856490998 0 1678.06286049 40.2628387529 273.140238021 22.7371612471 8.93713950563 53.7625976937
768 3.81476103673 38.3575442159 155.252577484 196.538342776 0.682660327682 0.877377106021 4.53191970923 297.369700081 321.313418669 260.591106482 0 1678.33771788 40.3561836883 265.504311859 22.6438163117 8.66228212437 53.6865813318
792 3.70280003655 34.3938206672 158.478720533 196.56909723 0.69533483667 1.07929604004 5.52596244161 296.130309451 321.100557191 251.876978758 0 1678.59319627 40.4830089956 255.817919843 22.5169910044 8.40680373392 53.8994428098
816 3.59214424724 37.0170595856 157.728272128 196.600749973 0.687349067054 0.281269250951 3.82778169559 298.602850013 320.934454527 237.84581234 0 1678.84069165 40.3341006566 249.236559971 22.6658993434 8.15930835176 54.0655454736
840 3.4919722788 33.4828816633 154.737518462 196.629602089 0.674152685485 0.459053027751 5.26716573058 296.970026467 321.18420017 237.184864122 0 1679.07013055 40.476260941 243.347172107 22.523739059 7.92986945436 53.8157998307
864 3.39887368197 33.9680555254 151.554699364 196.656799906 0.668820039988 0.618242533798 6.15222536596 295.903912154 321.304627133 238.81260291 0 1679.28075447 40.4592526717 238.194305941 22.5407473283 7.71924552837 53.695372868
888 3.30945958313 37.2097548682 153.438096385 196.683554595 0.670217282102 0.76934761586 4.86860220539 297.008278301 321.018202803 223.994653448 0 1679.48124479 40.3178375715 237.579408226 22.6821624285 7.51875521475 53.9817971973
912 3.22167643273 29.4987250418 150.286138532 196.710705737 0.677707915489 0.963629235947 5.57952644346 296.068430668 321.162234691 224.637289712 0 1679.68299929 40.5665901213 232.458577545 22.4334098787 7.31700071496 53.8377653092
936 3.13787412943 29.1502101609 147.636200925 196.737741582 0.685482325194 0.111034199351 3.14310100658 299.322640886 321.319489463 223.250448383 0 1679.87236776 40.5532857131 228.889777384 22.4467142869 7.12763223821 53.6805105371
960 3.06007979132 27.9256272601 148.724507108 196.763194494 0.667614700558 0.285894261971 4.16458715623 298.118709387 321.164770248 213.80957533 0 1680.04899623 40.5927010063 230.631301682 22.4072989937 6.951003766 53.8352297528
984 2.99226757572 25.5356655895 149.000264277 196.785449009 0.657387842258 0.428398457324 5.01394843019 297.114816262 321.256409767 213.282753094 0 1680.20462631 40.7559337374 229.567503916 22.2440662626 6.79537369456 53.7435902337
1008 2.92922200657 25.2630348308 153.675114149 196.80635232 0.652147033035 0.553258321769 3.38126635141 298.606975974 321.112422835 208.556992883 0 1680.34723379 40.7488417286 226.729701558 22.2511582714 6.65276621399 53.8875771651
1032 2.86828705364 26.0595167226 148.257986462 196.826880302 0.650305181184 0.627592260645 1.71622844913 300.178993807 321.181641054 211.717389028 0 1680.48476194 40.7026016382 221.321956988 22.2973983618 6.51523806019 53.8183589461
1056 2.80801803891 25.4736091243 150.428360976 196.847594893 0.650665630633 0.695475569815 3.15351295564 298.652750951 321.123133618 203.617614477 0 1680.62109151 40.691339338 222.250103001 22.308660662 6.3789084908 53.876866382
1080 2.75087618138 25.2102184521 143.94791685 196.867702369 0.65403947352 0.815117434732 1.1723346262 300.490806096 321.368306376 211.341792334 0 1680.75026006 40.6552186744 218.428857048 22.3447813256 6.24973993672 53.6316936248
1104 2.69442055464 23.4151147543 145.484899435 196.888128873 0.65966187475 0.872144019133 3.38815396272 298.19191127 321.352124719 207.114301941 0 1680.87881775 40.7531854113 218.829065173 22.2468145887 6.12118224632 53.6478752814
1128 2.64248360471 25.530155873 152.11697929 196.907492102 0.667137681678 0.954036832919 3.97383450137 297.497498882 320.880575049 189.808716022 0 1680.99567696 40.6331144551 218.389662156 22.3668855449 6.00432304227 54.1194249516
1152 2.59174465547 22.1542513434 149.412687496 196.927022895 0.676130260799 0.996638854658 2.59777071026 298.802437279 320.98556411 189.13903567 0 1681.11194201 40.8160116088 217.162504362 22.1839883912 5.88805798513 54.0144358901
1176 2.54123115925 25.4910685947 145.134949144 196.947076985 0.676033320076 0.106551028295 6.24561824194 296.024720424 321.032179726 187.492959124 0 1681.22446016 40.5616428916 214.188906955 22.4383571084 5.77553984311 53.9678202742
1200 2.49404879018 21.961321658 143.053551279 196.965876061 0.662025303628 0.222291836223 3.50009184648 298.649714953 321.286099747 191.938907905 0 1681.33407306 40.9329023941 212.41926979 22.0670976059 5.66592694449 53.7139002535
1224 2.44982715462 20.5993634739 139.196337696 196.983492316 0.651287193015 0.299446127673 4.43918811846 297.626586245 321.557810622 201.620870234 0 1681.43394605 40.8887570662 209.903382279 22.1112429338 5.56605395354 53.4421893781
1248 2.40727230787 23.150660205 142.978280116 197.000502804 0.64344654287 0.385339712002 2.18738171226 299.783329229 321.358553803 197.922472554 0 1681.52931201 40.6921977837 206.644822717 22.3078022163 5.47068799395 53.6414461977
1272 2.36385293031 21.9695162761 145.247225644 197.017982739 0.6373903644 0.45182269775 2.27494837494 299.617855824 321.154280685 187.48679257 0 1681.62817922 40.7696058428 206.570692619 22.2303941572 5.3718207817 53.8457193152
1296 2.32183095388 21.0820272975 143.984502303 197.035073092 0.633396905528 0.53003711432 3.2137042527 298.587788635 321.03313086 182.866301594 0 1681.72303784 40.7490120268 205.610592421 22.2509879732 5.27696216311 53.9668691405
1320 2.28382634246 21.1805677781 143.234244734 197.05072753 0.631526237144 0.585976045737 3.54474629353 298.187023894 321.229308741 184.290537395 0 1681.81017217 40.872557233 202.8098113 22.127442767 5.18982783487 53.7706912596
1344 2.24602030112 19.5537549386 146.634192802 197.066535841 0.631583066134 0.678994830274 3.88051713863 297.742369124 321.031868317 180.026730343 0 1681.89571837 40.8738129231 199.269470036 22.1261870769 5.10428162597 53.9681316837
1368 2.21015194251 17.8271360941 142.812465381 197.081808203 0.633571011082 0.749112226792 2.98826627622 298.547242283 321.218169848 181.459432045 0 1681.97778115 41.0393154894 196.939250649 21.9606845106 5.02221884765 53.7818301528
1392 2.17590223574 19.4147444772 141.023635532 197.096686589 0.636811350319 0.798405898033 2.9166744336 298.551421729 321.258977208 183.529499192 0 1682.05447446 40.8341696737 193.820242703 22.1658303263 4.94552553645 53.7410227925
1416 2.14036123572 18.7498540854 141.213010267 197.112472606 0.641350696371 0.832549271332 2.25410478304 299.159522644 321.24626849 181.956688981 0 1682.13501622 40.8575977439 191.897836142 22.1424022561 4.86498377707 53.7537315101
1440 2.1075654403 17.2723841154 142.403819121 197.127379937 0.646002172041 0.866173193883 3.12850102221 298.231943675 321.132435854 175.320788694 0 1682.21021553 41.0273780529 194.037639149 21.9726219471 4.78978446666 53.8675641463
1464 2.07797059913 17.2241029267 141.130282464 197.141137095 0.651261714501 0.92379180938 3.36702017266 297.916789208 321.340504675 179.98287332 0 1682.27760689 41.0456069388 189.295735282 21.9543930612 4.72239310814 53.6594953255
1488 2.04969334881 15.6505726315 139.946340632 197.154582488 0.657270566471 0.966506000408 2.43409922219 298.787541723 321.36391605 180.9714617 0 1682.34239116 41.2423513564 187.740561091 21.7576486436 4.65760884267 53.6360839501
1512 2.02068430304 16.3989743579 137.519662041 197.168701371 0.660363198269 0.0215563637945 2.73322310764 299.41615596 321.39749546 180.447443362 0 1682.40751084 41.090290579 189.225071211 21.909709421 4.59248915823 53.6025045409
1536 1.99176053513 19.0344379557 141.944829699 197.182840889 0.647699232915 0.117402287151 4.071818501 297.98023909 321.191012979 173.383386941 0 1682.47246959 40.9107820857 186.820399415 22.0892179143 4.52753041271 53.8089870212
1560 1.96278898093 16.0043251137 142.856012274 197.196953324 0.636701767411 0.169844414317 3.59887707671 298.397623417 321.136701073 169.585756511 0 1682.53883011 41.1013003945 185.526836841 21.8986996055 4.46116988537 53.8632989271
1584 1.93600522158 17.4217065633 140.716118325 197.209982178 0.627922767532 0.24363863658 3.66602272979 298.252433688 321.20139234 168.172740748 0 1682.59938568 41.0410738017 184.358821603 21.9589261983 4.40061431906 53.7986076605
1608.0 1001.90707197 16.4157112339 138.328982155 197.224071442 0.61983874639 0.287193112037 2.38559512095 299.483301579 321.193034942 169.565791708 0 1682.66464876 40.9842300325 180.339314316 22.0157699675 4.33535123995 53.8069650587
1632 373.235475326 5160.72904687 181.936237266 204.691902374 12.0695869254 44.5885087492 99.8115124916 138.83848946 275.118387733 895.558256828 0 1148.28577336 39.8550242584 409.082785491 23.1449757416 538.714226637 99.8816122679
1656 89.5806626078 3356.06177059 185.680328667 249.379433309 24.034360609 47.7331909577 83.5622117742 95.2908033507 274.777242955 364.561870504 0 1484.44881443 39.0633926293 435.168532708 23.9366073707 202.55118557 100.222757046
1680 33.6659228082 1128.17691314 180.674927801 278.233156349 13.3207528064 33.9267124989 52.8261147487 121.693263597 293.458850654 293.332251943 0 1607.28271971 39.0813339046 454.478785726 23.9186660954 79.7172802873 81.541149347
1704 21.3753469579 426.270136177 178.057207024 283.763697756 3.15635282178 13.2875561502 43.3381623313 156.454230941 308.88484046 308.677039336 0 1638.02117382 39.3739083146 440.132180692 23.6260916854 48.9788261825 66.1151595405
1728 16.9698088887 264.48917851 171.631002643 284.344817322 1.41100033877 2.74648955364 26.0768953247 185.420797461 314.874408877 348.386066815 0 1648.51154671 39.613386553 428.369919533 23.386613447 38.4884532854 60.1255911241
1752 14.3590343551 204.956940542 167.044627069 284.547424935 0.655280496311 0.460295672573 20.1159403186 194.221058578 317.415811758 389.987830463 0 1654.48151101 39.7171483782 415.200435189 23.2828516218 32.5184889881 57.5841882426
1776 12.4736651354 176.928508125 172.619195632 284.703947251 0.897615950144 3.05075659703 14.0573082092 197.290371993 318.388854931 388.53376762 0 1658.73400859 39.7341032992 404.900134422 23.2658967008 28.2659914143 56.6111450701
1800 11.033860148 156.844132892 171.958548061 284.819533672 0.279085008282 1.43536363137 19.2772951429 194.188722546 318.808206785 376.034920151 0 1661.98443458 39.7519767596 392.502506149 23.2480232404 25.0155654175 56.1917932155
1824 9.92943773586 138.803511006 171.524500419 284.880301432 0.464294564045 1.62904703429 13.1280009559 199.898356015 319.249085231 361.824466909 0 1664.48308251 39.783595488 393.808106109 23.216404512 22.5169174929 55.7509147701
1848 9.00389873149 125.739639401 168.547473633 284.956725397 0.55070007582 0.364659263363 8.65947810853 205.468437155 319.554628477 350.627102289 0 1666.56872437 39.7814624274 383.628831037 23.2185375726 20.4312756257 55.4453715234
1872 8.24623492727 107.37539741 173.001888609 285.030629963 0.582721631547 0.576687206601 12.1927421733 201.617219026 319.663174337 342.798959525 0 1668.29069615 39.8469215352 362.793027583 23.1530784648 18.7093038481 55.3368256638
1896 7.65046542018 89.9090860085 171.314961308 285.098184758 0.634264143572 1.50162657098 10.0952118757 202.670712652 320.352047403 347.163682149 0 1669.65610364 39.9875790357 352.27405624 23.0124209643 17.3438963643 54.6479525974
1920 7.14025757451 88.5906834703 166.96421898 285.164701376 0.635812162697 0.516180276736 10.0400284233 203.643277762 320.529913895 334.814303683 0 1670.80294629 39.9523569583 351.493712979 23.0476430417 16.1970537132 54.4700861061
1944 6.69904247372 77.8316212853 161.71047647 285.225829523 0.635459819732 0.158955871899 8.06278248927 205.916972296 321.147598639 346.840929482 0 1671.80947696 40.0546114424 341.040343147 22.9453885576 15.190523038 53.8524013614
1968 6.31579232913 76.506538907 157.756811204 285.280828258 0.616291880385 0.656080030526 4.88257774005 208.564222091 321.241874562 342.514075106 0 1672.67016457 40.0011363294 343.069734284 22.9988636706 14.3298354299 53.7581254386
1992 5.96129722042 70.2562740976 165.04403537 285.33496936 0.640489832548 1.14797351482 7.2122249913 205.664342302 321.086010045 333.506559757 0 1673.47160459 40.0243049167 329.755810499 22.9756950833 13.5283954071 53.9139899555
2016 5.66624659034 63.3169018279 166.286349562 285.383654473 0.638696480908 0.805209151372 7.05154820403 206.120891691 321.283559588 325.251631503 0 1674.14654121 40.1439333666 326.674590251 22.8560666334 12.8534587864 53.7164404123
2040 5.40387752258 60.5660158793 165.851627972 285.429607974 0.64336981022 0.213910599349 5.29719073692 208.41592088 321.26937851 316.54019138 0 1674.74176773 40.1978194207 321.888468044 22.8021805793 12.2582322721 53.7306214909
2064 5.17313167374 52.2466357827 163.299758888 285.470989502 0.624073843861 0.508393854317 7.64452778684 205.752015013 321.372300753 319.228812106 0 1675.26587865 40.2748837736 315.116980617 22.7251162264 11.7341213525 53.6276992477
2088 4.96532876339 51.4024195673 164.081361679 285.509396707 0.628934085064 0.892253336614 5.90056193539 207.068853936 321.339355973 314.641075567 0 1675.73380671 40.248490323 308.054099819 22.751509677 11.2661932868 53.6606440276
2112 4.76295041713 58.2366590127 164.846813538 285.549013502 0.628818699522 0.235392184477 6.44308067513 207.143694939 320.959518625 288.037016289 0 1676.18319427 40.0530615168 304.782784856 22.9469384832 10.8168057311 54.0404813753
2136 4.56552640893 53.8515166798 161.786023176 285.58841686 0.616911944723 0.649734119169 8.10894962371 205.035987452 321.101784712 281.748923531 0 1676.63408855 40.1682403237 293.852525558 22.8317596763 10.3659114492 53.8982152887
2160 4.39344427597 43.9212909258 157.799486162 285.624183301 0.626729749823 0.91576867346 3.75998562961 209.073332647 321.34403702 286.767238756 0 1677.02726686 40.3048089482 284.865740849 22.6951910518 9.97273313573 53.6559629804
2184 4.24070985332 43.0954641158 160.851867979 285.657903837 0.645066999701 1.06000535684 4.65856133912 207.978462468 321.45523982 280.327620096 0 1677.37354683 40.325185092 279.318956243 22.674814908 9.62645317094 53.5447601809
2208 4.09641386357 42.3008065139 159.188841434 285.69204007 0.666011424119 0.250887878448 4.20692667554 209.184133952 321.198597425 268.918765738 0 1677.69907502 40.3046426545 275.669097393 22.6953573455 9.30092498234 53.8014025753
2232 3.96017344574 45.6123819005 161.246176097 285.725356596 0.648485741824 0.387375670311 4.72557586307 208.513206129 320.851671049 249.395302635 0 1678.00565742 40.226890951 269.08639623 22.773109049 8.99434258077 54.1483289518
2256 3.83574794289 35.7263992032 160.752385095 285.756186366 0.640563834541 0.564384399811 5.53182335951 207.50704204 321.073992057 250.915508147 0 1678.29197301 40.4621942959 261.42242692 22.5378057041 8.70802699295 53.9260079436
2280 3.72130563594 35.6297245743 153.540992278 285.785292437 0.642268081309 0.777967040542 4.71658940559 208.077883036 321.355932856 252.514427245 0 1678.55154101 40.4919806002 257.702145111 22.5080193998 8.44845898967 53.6440671451
2304 3.61597541281 33.3406145205 154.123437869 285.813127108 0.651173488957 0.913281038431 3.53341404192 209.089004323 321.196143255 240.79601158 0 1678.79057115 40.5407531546 262.310033462 22.4592468454 8.2094288543 53.8038567457
2328 3.51535531365 35.4439409679 151.272955944 285.840947435 0.663654568497 0.99861233742 4.28030489708 208.216480763 321.309759381 240.771141758 0 1679.01631886 40.4229673143 257.494792194 22.5770326857 7.98368114053 53.6902406195
2352 3.42155461705 31.8849884209 154.573604174 285.867437059 0.642128755637 0.155260159015 2.61317814877 210.721995878 321.296104589 238.625559669 0 1679.2310102 40.5733096553 253.331702518 22.4266903447 7.76898980026 53.703895412
2376 3.3366288524 31.094262782 150.524928646 285.891327652 0.626036432666 0.264512283661 3.41996300239 209.79816063 321.530871723 243.561282696 0 1679.42387604 40.5949264616 247.759524883 22.4050735384 7.57612396371 53.4691282779
2400 3.2508871947 31.5640416292 147.052715254 285.915531702 0.614425900693 0.383497228206 3.48038246507 209.606162704 321.465482667 240.714835283 0 1679.61576568 40.4763940276 247.634613038 22.5236059724 7.38423432473 53.5345173336
2424 3.16569778033 33.6530307121 145.823337543 285.939849261 0.607223841646 0.478474103899 3.74162145465 209.23283134 321.562410004 237.97534563 0 1679.80803448 40.4227382827 244.961054377 22.5772617173 7.1919655242 53.4375899968
2448 3.08373442865 28.6722755552 148.503884607 285.963676215 0.60473801586 0.619273024425 4.79459654826 208.017716197 321.43506556 234.244130945 0 1679.99488056 40.5479249079 242.629212501 22.4520750921 7.00511943862 53.5649344406
2472 3.00977025612 29.7675546684 151.882426248 285.985737104 0.607716515859 0.755323936216 3.21934730199 209.431875142 321.278348453 227.75954349 0 1680.16184104 40.4786146684 237.818015188 22.5213853316 6.83815895959 53.7216515477
2496 2.93957832271 26.7419999024 155.276159274 286.007356792 0.614297237772 0.834315696218 3.53009897099 209.013931304 321.171245841 218.60095093 0 1680.32211948 40.6071797938 235.422311494 22.3928202062 6.67788052262 53.8287541598
2520 2.8798626149 25.4431048723 153.419384974 286.026377453 0.621486331059 0.865778296714 1.95706623502 210.529291685 321.242414833 214.688982006 0 1680.45939492 40.7595413126 234.360404224 22.2404586874 6.54060508081 53.7575851682
2544 2.81683388109 26.0475532452 146.256488881 286.047143989 0.629847032355 0.892685460799 2.89731686293 209.533006655 321.442889962 220.605730425 0 1680.60045752 40.6195398851 228.63491686 22.3804601149 6.39954247922 53.5571100383
2568 2.75996655289 23.3680767295 148.89406588 286.0665459 0.638977595614 0.981409033552 4.15991539066 208.15315208 321.348552944 217.141985819 0 1680.73109856 40.8110609333 226.321586947 22.1889390667 6.26890144174 53.6514470568
2592 2.70837739965 24.3454632996 145.59658614 286.084771156 0.646848082136 0.025044904398 3.03089277181 210.212443086 321.488445691 218.525727021 0 1680.84791057 40.786839257 224.275070373 22.213160743 6.1520894339 53.5115543101
2616 2.65583334434 25.9246889628 141.32941878 286.103523955 0.629850230339 0.0964973395926 3.14998716107 210.020141314 321.708005451 225.057340956 0 1680.96510885 40.5815386792 220.566758831 22.4184613208 6.03489115284 53.2919945501
2640 2.60035039214 24.6457625974 144.762313839 286.12322347 0.614893051992 0.203794317246 3.67491912058 209.383170041 321.510254532 219.491866347 0 1681.09089211 40.6292691171 218.200589566 22.3707308829 5.90910788861 53.4897454689
2664 2.55249956837 23.3202647065 144.529165294 286.140207483 0.604804780308 0.291624849903 3.41988331423 209.543479573 321.521327603 217.294485212 0 1681.20049716 40.7275810826 216.086256552 22.2724189174 5.79950284004 53.4786723982
2688 2.50511558289 21.8599728114 144.735227851 286.157092196 0.59687580865 0.34279341577 3.28458731073 209.618651269 321.466200804 212.821924438 0 1681.3082055 40.8025283566 216.068438218 22.1974716434 5.69179450097 53.5337991968
2712 2.4607669961 22.103944011 144.50977178 286.172999568 0.590796762144 0.390682459303 2.8726283934 209.972892818 321.453936492 210.522753935 0 1681.40821957 40.7375373608 213.294663921 22.2624626392 5.59178042902 53.5460635092
2736 2.41524349865 24.1818870993 142.425923469 286.189480913 0.586414143448 0.467239268109 3.65568803417 209.101177641 321.496459079 210.095831041 0 1681.51053509 40.6173454708 207.881130798 22.3826545292 5.48946491084 53.5035409213
2760 2.3703480352 21.8590823463 144.034789259 286.205952622 0.584519138011 0.561930434037 4.42356586702 208.224031939 321.390092867 201.442612945 0 1681.6134299 40.77238561 208.687425524 22.22761439 5.38657009503 53.6099071338
2784 2.33081816708 20.3984501798 147.249375675 286.220699262 0.584845969422 0.618009829023 2.64445926931 209.931985671 321.261990216 196.213206541 0 1681.70325941 40.818150394 205.692052254 22.181849606 5.29674059046 53.738009785
2808 2.29174585185 20.0250206889 143.389638427 286.235547537 0.586514476198 0.679182275696 1.87857967572 210.620176036 321.299365685 194.721354857 0 1681.7918248 40.8335972893 204.858981127 22.1664027107 5.20817519753 53.7006343153
2832 2.25484027225 19.0929695858 145.821868857 286.249861772 0.58929753284 0.730956143096 1.9148778192 210.515006733 321.327227293 193.445181862 0 1681.87592512 40.9091821641 200.220509467 22.0908178359 5.12407488488 53.6727727081
2856 2.21962879239 19.4209576395 145.041593511 286.263818644 0.593329568998 0.801099337636 3.75287867644 208.588873773 321.236563905 190.679411892 0 1681.95557811 40.8621657571 195.870492954 22.1378342429 5.04442189299 53.7634360953
2880 2.1823638265 18.5811437427 144.146496953 286.278959712 0.59922148607 0.855093047307 2.99472632768 209.271999427 321.215814859 185.479088216 0 1682.04002246 40.9062578694 193.791958299 22.0937421306 4.95997754121 53.7841851412
2904 2.14782993792 20.3677919316 139.854542117 286.293373283 0.605707482207 0.880681683235 0.979737333258 211.240500218 321.379862588 186.603987659 0 1682.11825633 40.843701766 190.88456821 22.156298234 4.88174367449 53.6201374125
2928 2.11527606744 16.8524809907 141.214596364 286.307321484 0.611997637836 0.887754710836 1.78657450526 210.406351662 321.437189354 187.1328945 0 1682.19315219 41.1030900893 191.038708849 21.8969099107 4.80684780791 53.5628106471
2952 2.08452765365 18.4832397295 142.68693052 286.320832633 0.618390616349 0.925253097305 2.33187514623 209.803648507 321.333850357 181.936385043 0 1682.26233113 40.9566378913 191.324617539 22.0433621087 4.7376688744 53.6661496441
2976 2.05250022377 18.7725767469 142.709629137 286.335281264 0.625966842968 0.973422936589 4.11763429432 207.947694663 321.14672069 177.83527982 0 1682.33430443 40.8348654842 188.707026437 22.1651345158 4.66569556618 53.853279311
3000 2.02124051788 19.7184698663 141.592803056 286.349786684 0.634287304317 0.998718196878 1.90263745947 210.114570355 321.119556469 172.721556826 0 1682.40517189 40.8172221957 186.241068964 22.1827778043 4.59482811308 53.8804435322
3024 1.9900568417 16.3050021878 142.999003185 286.36466123 0.636843908507 0.0340513821799 2.74745745635 210.216986024 320.947736691 162.930861023 0 1682.47679324 41.0672485933 187.904338138 21.9327514067 4.52320676059 54.0522633099
3048.0 1001.96242758 16.6023544352 141.651161942 286.377887111 0.624607882321 0.0612452413026 2.156968579 210.779291187 321.113791474 163.759036739 0 1682.53967429 41.1092688391 185.591504606 21.8907311609 4.46032571226 53.8862085266
3072 373.772923807 5233.17383037 174.576452183 292.255082848 10.305278775 34.1765038098 61.7986051104 101.464529457 275.340306637 900.566225577 0 1147.91655387 39.8517525219 419.19564105 23.1482474781 539.083446128 99.6596933636
3096 89.3002078414 3371.52665437 193.504410414 324.210105911 16.4749326893 36.963108334 50.1655049203 72.1863481465 274.486351596 358.073558764 0 1484.83082591 39.0597583675 444.997103741 23.9402416325 202.169174091 100.513648405
3120 33.7488507017 1135.14788946 180.285135589 344.800541846 10.6646313804 24.9043712283 41.3438783548 78.2865771912 293.861760173 298.931840316 0 1607.19117912 39.0856504142 440.948036365 23.9143495858 79.8088208859 81.1382398272
3144 21.3804104232 435.792146788 172.884785699 350.17448807 5.69339155292 13.8681541362 22.1169538537 108.147012388 309.195983901 319.183100831 0 1638.00003083 39.3688425939 421.412638207 23.6311574061 48.9999691694 65.8040160996
3168 16.9349037223 259.10810811 174.159654879 350.728883954 0.50772615005 4.32395712471 26.8067491386 117.632683633 315.467198059 369.252513337 0 1648.61775107 39.6379316694 395.11300262 23.3620683306 38.3822489354 59.5328019415
3192 14.2892427109 205.971997127 169.809579794 350.921251147 0.38171832472 3.82515386269 15.4234871994 129.448389467 317.255260969 373.262584042 0 1654.63065503 39.7127811783 384.950608152 23.2872188217 32.3693449764 57.7447390314
3216 12.422404081 179.52200558 176.168964738 351.037281274 0.62645913486 1.47710988083 13.2179042275 133.641245483 317.782200908 350.252299682 0 1658.84403497 39.7264100549 391.579795049 23.2735899451 28.155965034 57.2177990923
3240 11.031900167 153.277983483 172.38285344 351.155774871 0.698827124809 1.42688815273 9.142233693 137.576276159 318.714128336 365.14578739 0 1661.99370125 39.7637101367 369.258724468 23.2362898633 25.0062987548 56.2858716645
3264 9.91505387815 129.494887046 170.548832024 351.278929975 0.803217752707 0.579093115325 5.85328767941 141.485471478 319.393790566 356.699916087 0 1664.52855199 39.848687991 367.751028337 23.151312009 22.4714480073 55.6062094344
3288 9.04475519075 116.398795114 170.511234933 351.389965956 0.816776923273 0.431590001068 7.15021657335 140.211450547 319.663256037 348.413112974 0 1666.49577075 39.8738381746 367.681691522 23.1261618254 20.5042292481 55.3367439634
3312 8.30604695173 108.610881928 170.679986035 351.493348862 0.802222766114 0.24631138796 6.13697967225 141.321137313 319.726360683 336.433162861 0 1668.15785942 39.8561010345 356.873307142 23.1438989655 18.8421405819 55.2736393178
3336 7.6837970482 95.7677349466 172.333731794 351.58516554 0.783973350143 0.926925681554 4.80419366488 141.899741764 319.867186971 326.158799564 0 1669.57283753 39.9292308917 341.919825323 23.0707691083 17.427162475 55.1328130298
3360 7.16833949662 81.7677410697 164.115230259 351.668366583 0.821396379078 1.39649635201 5.87453840299 140.239202284 320.639350515 335.390989716 0 1670.74753645 40.0386898183 336.527025346 22.9613101817 16.2524635566 54.3606494854
3384 6.74808692255 77.178498124 166.191930885 351.742007686 0.812428046468 0.98701604375 7.86471585449 138.59383237 320.931833225 336.253569186 0 1671.70231104 40.0922856575 330.39968564 22.9077143425 15.2976889588 54.0681667754
3408 6.3524754755 76.9694079214 167.517917612 351.817021284 0.844217045339 0.45028747772 6.97479812896 139.913676065 320.814954156 325.136957821 0 1672.5861154 39.9921742026 320.865287054 23.0078257974 14.4138845977 54.1850458445
3432 5.99832025107 69.4753599914 165.657531659 351.888708242 0.826130751714 0.742343232938 3.90590955131 142.636908222 320.719296874 310.487022865 0 1673.39080604 40.0693582885 320.00464564 22.9306417115 13.60919396 54.2807031271
3456 5.68301664201 63.2995897409 168.176723388 351.955601906 0.828982527722 0.993515775339 5.12114498761 141.100754803 320.436567413 287.605688438 0 1674.10358886 40.0924252993 319.520248646 22.9075747007 12.8964111469 54.5634325873
3480 5.42118900061 54.5114876803 170.352553297 352.012835271 0.789976685086 0.398529563571 6.67140163512 140.127256846 320.404801797 277.204927463 0 1674.70387731 40.259602024 313.719532278 22.740397976 12.2961226942 54.5951982038
3504 5.17994865857 58.2853100095 161.712290679 352.066122011 0.773836292995 0.667597857661 4.07129224007 142.421151599 320.714123394 281.019198792 0 1675.2423266 40.1231342519 299.378224401 22.8768657481 11.7576734067 54.2858766064
3528 4.95812202549 57.3654546867 158.182208448 352.116903177 0.776058762259 0.933547718602 5.0401219569 141.133368386 320.932911924 279.76912908 0 1675.74524667 40.1392698465 291.23703507 22.8607301535 11.2547533341 54.0670880768
3552 4.75601562337 51.2607564032 154.255004235 352.165484562 0.767866192647 0.184814906265 1.597958134 145.283876206 321.293428762 286.052469302 0 1676.20490211 40.2151065456 286.800905619 22.7848934544 10.7950978891 53.7065712385
3576 4.57199483577 48.1202711294 154.787237035 352.210029165 0.739686789005 0.394419062877 3.83425794986 142.821607034 321.352838378 282.543654165 0 1676.6225122 40.2569771722 288.130588763 22.7430228278 10.3774878051 53.6471616227
3600 4.4007126095 50.6520770436 156.561799536 352.251968735 0.727410344038 0.637422967768 3.68075262268 142.702445331 321.288100028 279.825200292 0 1677.00675656 40.1607152635 277.747302452 22.8392847365 9.99324344574 53.7118999726
3624 4.23966268647 48.3417150908 156.030957223 352.292586786 0.726095973529 0.736107326174 1.58640470643 144.658805208 321.366516208 275.414305229 0 1677.37254164 40.1976989706 273.652456223 22.8023010294 9.62745836656 53.6334837928
3648 4.08398872206 44.5133313808 161.781469164 352.333373111 0.728090759619 0.798231386521 3.58039015623 142.559914587 320.81238339 250.743931346 0 1677.72509206 40.235235203 272.387762435 22.764764797 9.27490794586 54.1876166108
3672 3.9471870156 43.5004943701 157.619471313 352.370756114 0.736581188041 1.01406198674 6.51949701569 139.359103697 321.002166481 248.754527598 0 1678.03604369 40.2864260533 262.123815102 22.7135739467 8.96395631654 53.9978335196
3696 3.82306135926 38.5678668921 152.580666289 352.405480852 0.710538552753 0.154998073864 1.25152166297 145.477460859 321.406947744 253.966180933 0 1678.31921589 40.3757271873 258.117787931 22.6242728127 8.68078411217 53.5930522566
3720 3.70685789297 34.946547708 157.314346058 352.437826592 0.687772545853 0.265523751004 2.80231633808 143.806560774 321.268801602 247.084054054 0 1678.584642 40.5264916907 251.858273744 22.4735083093 8.41535799975 53.731198399
3744 3.60672158547 35.1061443672 151.198423101 352.46575584 0.672604700456 0.339005959747 1.65013296177 144.872500538 321.519847359 256.068417023 0 1678.81094575 40.4642493517 244.487146413 22.5357506483 8.18905424797 53.4801526414
3768 3.50555538741 38.1060399796 153.712310278 352.494171692 0.659509077338 0.379282251691 1.79067497613 144.676362003 321.292860494 245.772390534 0 1679.03708046 40.3231696167 240.793984902 22.6768303833 7.962919544 53.7071395063
3792 3.40433224646 33.4399677188 158.042285295 352.52290388 0.648346160651 0.418045105045 1.11399135842 145.296713496 320.977231312 232.435847507 0 1679.26731147 40.4230717113 236.79692064 22.5769282887 7.73268852838 54.0227686885
3816 3.31689284899 32.170848434 152.943536716 352.548051622 0.640832268255 0.489165942103 1.64931977619 144.672630392 321.24584469 234.429602571 0 1679.46635424 40.4709638456 230.436721823 22.5290361544 7.53364575956 53.7541553106
3840 3.23326783931 31.4847380778 150.777755064 352.572496434 0.635757002519 0.521984786985 2.14846420328 144.121297573 321.321388765 233.333005917 0 1679.65554165 40.4597189654 227.646762288 22.5402810346 7.34445835285 53.6786112356
3864 3.15653426487 27.5582997137 148.790903474 352.595340529 0.632682753338 0.573770249991 2.27384666817 143.9243598 321.543589591 240.333293793 0 1679.83181307 40.6641161998 220.435277451 22.3358838002 7.16818693488 53.4564104095
3888 3.08196015792 31.4804248507 150.110424213 352.618006281 0.631700326123 0.635118722601 2.34944628741 143.765728383 321.432865801 235.099898406 0 1679.99806937 40.4298415322 213.872107073 22.5701584678 7.00193063625 53.5671341991
3912 3.01083776465 26.1692136303 149.106620813 352.640144092 0.632830085517 0.682590288176 1.32366526325 144.720770272 321.513756351 233.905666362 0 1680.1617968 40.6901145539 211.756133602 22.3098854461 6.83820320492 53.4862436497
3936 2.94609645133 28.6999691386 148.290654373 352.660810799 0.635039535167 0.721291274924 0.961442858986 145.021415532 321.491872676 227.76851438 0 1680.3080599 40.6135137847 209.871061327 22.3864862153 6.69194010708 53.5081273248
3960 2.88068470359 25.8270672584 149.741263166 352.682254575 0.638613695359 0.765130104091 1.73922884158 144.174772784 321.367371481 222.71543965 0 1680.45619958 40.6555268372 207.326241956 22.3444731628 6.54380042581 53.6326285197
3984 2.82030231034 23.7989299032 146.589307253 352.702614976 0.643010064973 0.796731642577 2.26222590793 143.59541741 321.510785138 220.815848132 0 1680.59434769 40.8029584161 208.032560965 22.1970415839 6.40565231467 53.4892148627
4008 2.76295732614 26.8760283371 151.535552502 352.722503221 0.647882852622 0.808316250073 1.6833604873 144.137937189 321.221111677 209.005757139 0 1680.72284557 40.6392860189 206.894054767 22.3607139811 6.27715443247 53.7788883233
4032 2.70367687712 24.5472293215 147.914143536 352.743670165 0.653504338684 0.83822310174 1.31311280591 144.451489589 321.069493131 202.739027882 0 1680.85710492 40.6788372986 204.947018221 22.3211627014 6.14289508375 53.9305068692
4056 2.64957994012 22.6542766298 148.800469209 352.763569749 0.659450603495 0.879319314898 1.5975990036 144.100061329 321.285254945 201.272707868 0 1680.98062901 40.7889654999 202.26246678 22.2110345001 6.01937098763 53.7147450553
4080 2.59799952851 24.0333693105 146.732016153 352.783116135 0.666340672549 0.908224789565 1.78251071292 143.859807691 321.16604765 197.993017977 0 1681.0967836 40.6973814307 198.87381506 22.3026185693 5.90321640435 53.8339523511
4104 2.54791770813 24.3018694809 145.025657493 352.802678371 0.673731169968 0.936298839641 1.92408854847 143.663203071 321.221345853 195.804128076 0 1681.21034779 40.6805213666 196.75413866 22.3194786334 5.7896522119 53.778654148
4128 2.50087977794 22.2310162722 147.548407568 352.82161394 0.681195358417 0.948454972785 0.915659106299 144.633076623 321.069208873 189.248330054 0 1681.3179257 40.8402119591 197.706713926 22.1597880409 5.68207430234 53.9307911279
4152 2.45532149866 23.100955281 142.040909902 352.840501743 0.688646941103 0.959432837677 0.854321728892 144.65709675 321.184084837 191.890975146 0 1681.41992738 40.6550592792 194.895141735 22.3449407208 5.58007261967 53.8159151637
4176 2.41059604689 21.3698745597 144.847011869 352.85959474 0.696135631509 0.968557852621 1.79496882117 143.680742955 321.233042848 189.640092501 0 1681.52218079 40.7837777939 192.288395306 22.2162222061 5.47781920754 53.7669571526
4200 2.36910292302 21.4904637189 146.45496217 352.877818436 0.703319599415 0.977840304114 1.51384621629 143.927175445 321.116826589 187.379028127 0 1681.61606364 40.7594189162 187.958584759 22.2405810838 5.38393635953 53.8831734118
4224 2.3277288439 20.6285774616 143.984377166 352.896502975 0.710775205938 1.00199867997 0.256248029506 145.13447511 321.102055349 185.886229233 0 1681.71023051 40.8291606675 183.876443942 22.1708393325 5.2897694888 53.8979446512
4248 2.29060542989 20.1591982632 143.763448819 352.913447021 0.69447733808 0.0303756663341 0.727855799038 145.633844176 321.211596216 181.738983484 0 1681.79473762 40.8622660979 185.889559371 22.1377339021 5.20526238665 53.7884037843
4272 2.25349699903 20.2466325192 143.087546475 352.930265047 0.678580827012 0.046154246033 1.28004125173 145.064958629 321.114042918 179.117662649 0 1681.87875228 40.8498727608 185.018361106 22.1501272392 5.12124772369 53.8859570822
4296 2.21619752887 18.9806706457 142.649261042 352.94706224 0.663603589162 0.104236786237 2.82337262497 143.46172476 321.19045216 179.933416867 0 1681.96325951 40.8865121746 183.240808803 22.1134878254 5.0367404877 53.8095478407
4320 2.18111522478 17.7580986653 145.849427337 352.96279198 0.650968367886 0.146072811104 1.23419384875 145.005972993 321.064936534 173.270579454 0 1682.04354024 41.0232037241 182.648061411 21.9767962759 4.95645976249 53.9350634667
4344 2.1494051389 18.0643572921 143.138127894 352.976972605 0.64015149044 0.159966687652 1.41206073315 144.810848484 321.101207895 171.322444293 0 1682.11546871 41.0079563355 185.065205883 21.9920436645 4.88453129699 53.8987921052
4368 2.11736285336 19.7760665705 143.217975599 352.991275972 0.629685899147 0.17621628298 0.665956596665 145.53686525 320.932906683 166.171930475 0 1682.18724808 40.8182225519 185.502601519 22.1817774481 4.81275192567 54.0670933179
4392 2.08443077577 19.1470939332 142.920219484 353.005959205 0.619365400865 0.198734778261 2.04964344454 144.126297172 321.056305643 168.499853486 0 1682.26182241 40.8207918102 181.071259098 22.1792081898 4.7381775939 53.9436943576
4416 2.05499300507 17.5215117654 144.387269195 353.019080884 0.610827698644 0.225758630658 1.10470737165 145.039625415 320.974036735 163.374447048 0 1682.32996283 41.1232594171 179.867252448 21.8767405829 4.67003717527 54.0259632653
4440 2.02358377936 17.8806602819 142.407503257 353.033093249 0.602297233359 0.251842082073 2.41769937175 143.695068064 320.846508096 159.580167167 0 1682.39999477 40.8864685302 176.747571264 22.1135314698 4.60000523066 54.1534919048
4464 1.99570909584 15.6090296242 141.250892378 353.045552585 0.595528460466 0.292189969435 2.36513633403 143.701592651 321.091616443 163.691322509 0 1682.4644891 41.1860790474 173.822674101 21.8139209526 4.53551090081 53.908383558
4488.0 1001.96993537 15.6192123 138.150586259 353.057108349 0.589873738672 0.310323088198 1.16482090179 144.877873923 321.314597133 169.696290949 0 1682.52294421 41.1748495162 172.029509554 21.8251504838 4.4770557952 53.6854028677
4512 373.16434197 5216.38659744 179.821455892 358.234755033 6.79458976708 18.5279743881 50.6509733467 65.7917074659 275.074126228 880.700081664 0 1148.24115804 39.8499896657 406.406119914 23.1500103343 538.758841969 99.9258737723
4536 89.7774842095 3382.12802554 185.570112939 379.322259468 12.8320192078 22.4764328892 34.1113299383 51.2579584978 274.829663245 376.395619347 0 1484.07740139 39.0618907826 479.225423559 23.9381092174 202.92259862 100.170336755
4560 33.4103154793 1171.07130798 179.575093689 394.881438395 8.98235969385 17.143096463 26.8112989535 52.1818064951 292.910920895 279.140409267 0 1607.69254189 39.0666091421 463.723269642 23.9333908579 79.3074581187 82.0890791061
4584 21.0093483926 432.885854513 171.363881673 397.98011748 1.60029631339 5.66732306293 20.2438133682 74.5084497762 308.998310675 317.756249852 0 1638.80560178 39.3584311282 441.155485289 23.6415688718 48.1943982263 66.0016893257
4608 16.5889286429 262.948566271 171.531541285 398.629019992 1.18835590168 1.50863180229 13.2346427018 85.4393496026 314.823068291 348.026414432 0 1649.34453346 39.5944899793 407.915875374 23.4055100207 37.6554665464 60.1769317096
4632 14.1134534294 209.394364486 166.421539846 398.782984822 0.347183107442 0.630832184062 6.4470641036 93.7919357831 317.476693916 378.006551414 0 1655.02689442 39.6953057445 400.333421912 23.3046942555 31.9731055877 57.5233060842
4656 12.2482346144 176.104180788 177.452037903 398.864724067 0.396585582387 0.440308128169 5.86528241376 94.4330998097 317.596867489 353.605128341 0 1659.22089501 39.7011682134 402.442802025 23.2988317866 27.7791049904 57.4031325118
4680 10.8456487132 148.576445718 171.23578006 398.939927629 0.415124509564 0.509508689862 5.81351969289 94.3219194794 318.611665704 352.433764733 0 1662.41130858 39.7806839002 386.389586232 23.2193160998 24.5886914247 56.3883342964
4704 9.81758375563 125.660532437 170.47355544 399.005965936 0.46736853012 0.519112645503 5.46541159258 94.5421412965 319.76258741 371.223648968 0 1664.76159614 39.8877199732 373.32500678 23.1122800268 22.2384038693 55.2374125903
4728 8.94159535418 122.569918147 168.528249736 399.074245697 0.519450137389 1.11792639143 3.99227487009 95.2961029049 319.752111467 355.702640416 0 1666.71937034 39.8213171866 366.780346008 23.1786828135 20.2806296606 55.2478885335
4752 8.20745935736 113.372108012 168.074816862 399.142676166 0.536857142121 0.760544965214 5.34630713509 94.2136145927 320.17482427 349.613066534 0 1668.38117427 39.8408035732 354.882716819 23.1591964268 18.6188257314 54.8251757306
4776 7.57501604048 97.6836667552 176.811329564 399.209638357 0.581425281265 1.07889811879 4.43540426983 94.6946339739 319.725294457 319.721892911 0 1669.81180582 39.8921696994 344.466075498 23.1078303006 17.1881941893 55.2747055436
4800 7.07864524881 81.1563303864 176.771628125 399.26995605 0.588524361829 0.498742287325 4.57640105598 95.0663762457 320.09445195 308.495567035 0 1670.95218413 40.0516126228 344.032457624 22.9483873772 16.0478158756 54.9055480502
4824 6.65538651154 74.3559019064 167.178956186 399.324357197 0.59121475104 0.724541005615 4.21254088744 95.1473461594 320.474347276 314.149868284 0 1671.90711121 40.0657640914 335.354192988 22.9342359086 15.0928887945 54.5256527243
4848 6.27416140959 77.2392542246 167.598876798 399.377553709 0.615067082249 1.00062384241 3.28149642754 95.7252589394 320.420711419 303.254358705 0 1672.7623615 39.9942577163 321.605343016 23.0057422837 14.237638505 54.5792885813
4872 5.93807068138 71.1011020795 164.448725069 399.428938613 0.611853923589 0.216170703485 1.96212402217 97.7809127381 320.622609276 303.509052122 0 1673.52410477 40.0282477752 313.030985842 22.9717522248 13.4758952385 54.3773907249
4896 5.64950669852 63.7726396282 162.758686881 399.473727549 0.58950249593 0.395831822206 3.00410176381 96.5368363702 320.892241432 308.156204069 0 1674.18164507 40.1065974359 301.22465057 22.8934025641 12.8183549316 54.1077585685
4920 5.38130526862 60.8827756308 157.175887358 399.516345498 0.580727133604 0.55903600976 4.8659802345 94.4779111248 321.248215091 303.696200395 0 1674.78963394 40.1605876244 301.338689751 22.8394123756 12.2103660628 53.7517849093
4944 5.13696142817 59.1731214571 159.047188675 399.556970417 0.586969129417 0.753208999501 3.29910048438 95.8037509707 321.106488564 300.27617272 0 1675.33816941 40.0824793327 292.252068907 22.9175206673 11.6618305945 53.8935114367
4968 4.90197527622 59.8225988973 161.118797205 399.5987259 0.602755530674 0.845549127393 1.9532268372 96.9997426057 320.713231451 276.336732814 0 1675.86781509 40.0690668361 287.665994635 22.9309331639 11.1321849126 54.2867685499
4992 4.69427249234 47.8503641342 159.070062018 399.638445673 0.621354363443 0.9433614445 2.06197086956 96.73486765 321.047203496 278.018201804 0 1676.34591762 40.27530141 278.005751869 22.72469859 10.6540823823 53.9527965047
5016 4.51320569715 46.7198228938 161.159826129 399.675397333 0.618794655485 0.159812412058 5.40951193295 94.1364836675 321.039426351 271.588301914 0 1676.75497965 40.2608566038 269.118933993 22.7391433962 10.2450203529 53.9605736494
5040 4.35545540885 42.374533444 155.364591214 399.707887096 0.600635505263 0.349968093984 2.30695761886 97.0345516867 321.388004929 276.506071583 0 1677.11711821 40.4313647473 263.510335395 22.5686352527 9.88288179956 53.6119950718
5064 4.19965520954 43.9757576019 155.584733986 399.740385685 0.589694695722 0.435206255376 2.51839524155 96.7163181228 321.20382168 268.748320557 0 1677.46328098 40.2361079122 256.111912922 22.7638920878 9.53671902605 53.7961783212
5088 4.05433364297 40.6030843466 158.389932076 399.771355885 0.58338249045 0.489845466048 1.59948148361 97.5559346753 321.060723289 255.353812326 0 1677.79455592 40.3307522524 252.44212201 22.6692477476 9.20544408224 53.9392767116
5112 3.93316736995 35.0263910433 159.673651975 399.797835566 0.580779251324 0.560016241141 2.9220310169 96.1393379253 321.250919162 255.924766072 0 1678.07419336 40.5666351975 248.645600471 22.4333648025 8.92580664247 53.7490808389
5136 3.81481861703 41.3239496237 149.336467533 399.824451422 0.581297532025 0.628441198257 2.2686102277 96.6971996204 321.42179685 253.659256016 0 1678.33743561 40.3383344024 248.643245571 22.6616655976 8.66256439462 53.5782031507
5160 3.69219553937 38.2169842705 152.93896225 399.853029798 0.585427134847 0.685726853268 0.936019378195 97.9397968368 321.133108973 246.747726478 0 1678.61388706 40.3352316987 242.130118344 22.6647683014 8.3861129466 53.8668910275
5184 3.58599166051 31.9676806885 156.266838124 399.878762406 0.590323921999 0.714621160065 1.14441710192 97.6718754105 321.305950529 241.864564513 0 1678.85908979 40.5819789527 240.334058383 22.4180210473 8.14091021998 53.6940494718
5208 3.49205129522 33.7919373005 151.746567479 399.902377127 0.59613059306 0.767106437045 1.91378654611 96.8205992975 321.361385757 243.745955653 0 1679.07025336 40.4782072364 235.130842835 22.5217927636 7.92974664763 53.6386142441
5232 3.39735788839 33.8399012211 151.448323514 399.927125859 0.604799251124 0.857511675571 2.73519014615 95.8753730691 321.30046 237.611803663 0 1679.2843439 40.4833207962 231.613845657 22.5166792038 7.71565610207 53.6995400006
5256 3.30913140265 29.6468492906 155.887192093 399.951201281 0.615179126086 0.872141170238 0.527738865188 98.0337395579 321.158014757 229.466115012 0 1679.48543044 40.592825614 229.462908153 22.407174386 7.5145695689 53.8419852436
5280 3.23139681113 28.5428000185 151.147871221 399.973301651 0.624585608556 0.897319364848 0.927797106409 97.5769962702 321.2725729 229.158452294 0 1679.66259902 40.6654224887 228.639762255 22.3345775113 7.33740098037 53.7274271003
5304 3.15555563993 28.2969740452 150.05817718 399.99572568 0.634266387838 0.901436610577 1.36386258658 97.1047087356 321.320011244 229.211518686 0 1679.83404699 40.6639520312 223.28242984 22.3360479688 7.16595301025 53.6799887563
5328 3.08280069872 28.4509926155 147.086649859 400.018078964 0.643382207131 0.900792474035 1.74706425274 96.6906821024 321.43471455 230.16666411 0 1679.99741406 40.5650997664 221.425901558 22.4349002336 7.00258594798 53.5652854503
5352 3.0144237753 28.9619529402 146.906160437 400.039874294 0.652243596259 0.91563779988 0.967106519729 97.4251377911 321.525185192 228.914576916 0 1680.15376371 40.6574069918 218.840248622 22.3425930082 6.84623629186 53.474814809
5376 2.94875129039 26.5180036207 147.29672164 400.061570099 0.661104935873 0.935375828956 2.11662491668 96.2253242198 321.607488691 231.015364301 0 1680.30289959 40.7124984726 215.635253547 22.2875015274 6.69710041328 53.3925113095
5400 2.88403501268 27.7912883693 153.134601446 400.083729614 0.670267197476 0.942340345343 1.31286929893 96.990793545 321.297938383 219.892598096 0 1680.44835065 40.5966351937 211.845726594 22.4033648063 6.55164935203 53.7020616175
5424 2.82032147053 28.2754685916 155.366438127 400.106342048 0.67929545197 0.943037555593 0.541680350307 97.7296445949 320.886062858 201.245599094 0 1680.59198042 40.558394492 211.292704671 22.441605508 6.40801958552 54.1139371425
5448 2.75982079037 24.1052323521 148.251773211 400.128578071 0.688033052183 0.969154969247 1.62323947272 96.5909944351 321.069235003 197.827052305 0 1680.7309111 40.7830884686 212.916839551 22.2169115314 6.26908890631 53.9307649974
5472 2.70195690716 25.9166346875 146.022330408 400.150585992 0.69674172188 0.968069867142 1.68523542347 96.4993669963 321.154470111 194.524607795 0 1680.86088806 40.6495966126 212.602462012 22.3504033874 6.13911194535 53.8455298896
5496 2.64699806306 24.2044658056 146.273075975 400.172196088 0.705506694744 1.00095330309 1.58427569767 96.5370682173 321.118032223 196.127530268 0 1680.98609586 40.7291190032 206.622579352 22.2708809968 6.01390414312 53.8819677779
5520 2.59317223972 24.6671983904 145.419433125 400.193987475 0.701315007174 0.0292147747657 2.52916031528 96.5463224282 321.11933462 196.196548813 0 1681.10699743 40.6087790431 202.045508619 22.3912209569 5.89300257191 53.8806653806
5544 2.54335571689 22.2804103806 146.899365603 400.214123391 0.683233402325 0.10017230945 1.2646454486 97.7378254497 321.188478848 190.268451165 0 1681.22136212 40.7981293474 203.778892769 22.2018706526 5.7786378809 53.8115211529
5568 2.49953725249 20.1640066417 143.830128989 400.231742768 0.668869721217 0.149538687144 0.739526331837 98.2103224927 321.357769452 197.802931805 0 1681.32202829 40.9818628188 199.559453579 22.0181371812 5.67797171679 53.6422305483
5592 2.45458199497 21.7593192583 145.981217935 400.249763898 0.655226288932 0.172862995843 1.37753948455 97.5446073333 321.182149665 192.22765389 0 1681.42270574 40.8147893325 196.638268484 22.1852106675 5.57729426902 53.817850336
5616 2.41111566073 22.4198111933 147.127445755 400.267154496 0.642686812581 0.188282548013 0.987865804271 97.9140103393 321.127800243 186.766499125 0 1681.52074028 40.7235052152 195.956164788 22.2764947848 5.4792597284 53.8721997576
5640 2.36891617494 21.6447497443 146.993056086 400.284022813 0.631374368936 0.239772452595 2.49260647658 96.3522238896 321.030649089 181.263711948 0 1681.61668265 40.7789068102 195.391109894 22.2210931898 5.3833173557 53.9693509118
5664 2.3288217906 20.1831315446 142.097781709 400.300066268 0.621908100895 0.266585575166 0.956238184654 97.8552018717 321.177120327 184.508319664 0 1681.70807231 40.8837026137 193.893775096 22.1162973863 5.29192769776 53.8228796742
5688 2.28646958955 21.4743461239 143.257612589 400.317055344 0.612396635052 0.276019403128 0.642479785093 98.1520488337 320.918471414 174.532584377 0 1681.80277367 40.6931172159 195.462556725 22.3068827841 5.1972263337 54.0815285868
5712 2.24887583346 19.2754836755 142.812275397 400.332182886 0.604363050143 0.298702292133 2.03940752968 96.7253442427 321.139157223 178.581804041 0 1681.8895038 40.9208033155 191.258308429 22.0791966845 5.11049620486 53.8608427778
5736 2.21384681547 18.8309709692 144.149408563 400.346334038 0.59766691244 0.329254815335 1.28862117491 97.4381230601 321.074282639 175.814280201 0 1681.96904863 40.940431956 190.239911932 22.059568044 5.0309513765 53.9257173614
5760 2.18037738361 19.2635281682 138.928509067 400.35992261 0.591752929332 0.34382478512 1.49985027548 97.2046494005 321.340625302 183.174306404 0 1682.04506164 40.9454945228 186.385465381 22.0545054772 4.95493836414 53.6593746983
5784 2.14651920111 22.0407303898 140.022617828 400.373748858 0.586238413629 0.357642929086 0.77240406502 97.9099657347 321.291288683 179.322046809 0 1682.12102118 40.7856378665 185.727641331 22.2143621335 4.8789788276 53.708711318
5808 2.11035216018 18.9247650477 142.715436475 400.388618891 0.580636499672 0.376546436885 1.23111520415 97.4230829689 320.997431708 168.158586987 0 1682.20289926 40.8218824726 190.042551474 22.1781175274 4.79710074641 54.0025682922
5832 2.08009089467 16.1727693824 138.484718943 400.401151928 0.576419486655 0.390794628396 1.32306903418 97.308564923 321.406391794 178.250408744 0 1682.27324166 41.1847203962 187.403505597 21.8152796038 4.72675834371 53.5936082067
5856 2.05189805328 19.0358764082 140.858926312 400.412913103 0.572758207613 0.400356203593 1.30650589475 97.3074665922 321.311531075 174.355888037 0 1682.33663242 40.9964210552 185.913559804 22.0035789448 4.66336758575 53.6884689254
5880 2.02088962626 16.5005059904 141.683781958 400.425952721 0.569073119799 0.416184770105 0.50827881476 98.0805105751 321.15433578 172.300294723 0 1682.40691011 41.066854146 184.555658865 21.933145854 4.59308989076 53.8456642204
5904 1.99360613255 16.3284367932 140.621011209 400.437524757 0.566104605534 0.42616515471 0.481037813143 98.0891676703 321.261530683 172.724444076 0 1682.46912419 41.1255317726 183.275227473 21.8744682274 4.53087581213 53.7384693176
5928.0 1001.96702341 15.9816384732 145.345978129 400.448895821 0.563381802871 0.434580184394 1.43152094463 97.1216212476 321.039500839 165.756027649 0 1682.5292767 41.1063364148 182.114559696 21.8936635852 4.47072330471 53.960499162
5952 370.52720431 5231.17267216 177.497953109 404.205215787 7.04354257459 12.4041298154 28.9087352562 47.4383765668 274.784221621 880.631912061 0 1150.07651083 39.8359658919 383.062587412 23.1640341081 536.923489173 100.21577838
5976 88.6257669629 3340.07733008 179.9523407 419.127931359 7.4135391252 18.1658803508 19.7858119171 35.5068372479 274.835622843 373.675431603 0 1486.20189695 39.0606809838 451.14848715 23.9393190162 200.798103052 100.164377158
6000 33.2278238025 1165.56479046 177.69964701 426.841097512 3.75946079154 11.9824291615 19.2760415155 38.1409710202 293.313182681 274.681741672 0 1608.17668965 39.0686247108 461.267778221 23.9313752892 78.8233103546 81.6868173196
6024 20.9417310653 435.726165755 173.426321385 428.87730969 2.62936920856 5.95131828613 11.4565926828 51.0854101332 309.026002837 309.160355818 0 1638.96354576 39.3590861316 420.078771325 23.6409138684 48.036454243 65.9739971639
6048 16.6102806528 252.608777923 173.063736974 429.585200358 1.03351322427 1.76915725744 13.3523290192 54.2598001413 315.056741576 339.8363479 0 1649.33939003 39.6419754441 408.387647649 23.3580245559 37.6606099702 59.9432584245
6072 14.1195642657 191.14981194 164.713579292 429.742214426 0.284071320125 1.83844522116 6.96848922668 61.1667798069 317.775844049 396.202554436 0 1655.04043005 39.7551719949 380.347062973 23.2448280051 31.9595699524 57.2241559524
6096 12.3147277115 172.584342403 171.116606625 429.823030334 0.491955842282 1.60781939811 5.88856154223 62.1886328843 318.294939564 378.533099704 0 1659.08930285 39.7349447461 373.061920736 23.2650552539 27.910697154 56.7050604369
6120 10.9725055524 147.65610708 168.317349271 429.915301741 0.53290526468 0.521902407914 3.70863727294 65.321253314 319.391132642 382.441102458 0 1662.15179031 39.8370472804 370.625923073 23.1629527196 24.8482096967 55.6088673588
6144 9.88132117239 135.18750673 179.678634259 430.001197011 0.572303916169 1.01192853266 4.27188137078 64.1426891699 318.938845792 350.427855045 0 1664.59560535 39.8037125408 366.36221347 23.1962874592 22.4043946542 56.0611542086
6168 9.03209348532 111.951867963 169.149239252 430.08267835 0.618987480234 0.391733264782 3.47628277576 65.4303181301 319.923847149 360.870518722 0 1666.53516768 39.9195137878 360.151767029 23.0804862122 20.4648323285 55.076152852
6192 8.2901728103 107.020094962 171.441969831 430.16167683 0.620125731561 0.846739325149 3.23110532963 65.1403527837 319.702126972 337.316936352 0 1668.19571278 39.8703433155 352.410131152 23.1296566845 18.8042872269 55.2978730295
6216 7.67370860647 98.924365494 167.686958504 430.235502385 0.657516945104 1.11037005939 4.38685189376 63.609758717 319.83863266 320.558071447 0 1669.59318935 39.9027104719 342.168225401 23.0972895281 17.4068106588 55.1613673413
6240 7.14007533692 91.8703486809 165.110404003 430.306304259 0.645725643299 0.598585051574 3.70136943942 64.7480156067 320.285248204 317.498033203 0 1670.79922131 39.9251411953 331.372025727 23.0748588047 16.2007786967 54.714751797
6264 6.69477072998 76.5535185745 168.592823463 430.368681122 0.648079210959 0.733776872018 1.90346789245 66.3459949028 320.474742246 314.56149775 0 1671.8185503 40.0691979529 327.123724004 22.9308020471 15.1814497054 54.5252577547
6288 6.32233299312 72.8606818578 166.987057413 430.424838827 0.662328978516 0.890362589733 2.29891077882 65.7235588265 320.549800276 308.242298633 0 1672.65807007 40.0449859077 321.982811604 22.9550140923 14.3419299308 54.4501997249
6312 5.98129820578 72.0343007461 163.028035372 430.480903354 0.688561704581 1.10545431048 3.35045553676 64.3746250942 320.71523532 302.640957121 0 1673.42752999 40.038577331 314.206064479 22.961422669 13.572470015 54.2847646806
6336 5.68017190682 61.6033551641 166.503557246 430.533156742 0.659256791345 0.338829433458 1.14721101308 67.3215460207 321.097517471 308.425886694 0 1674.11499407 40.1667394591 305.221426668 22.8332605409 12.8850059384 53.9024825303
6360 5.40289668986 60.8477065931 157.806840793 430.581879385 0.640796650612 0.470333058421 1.95769767975 66.3492932267 320.972921539 302.660902311 0 1674.73640667 40.0933249357 298.316947307 22.9066750643 12.2635933303 54.0270784619
6384 5.14586665691 59.2150231083 161.992167566 430.628377692 0.632566243125 0.56521277007 1.68024688619 66.4935964095 320.808731184 289.154039843 0 1675.31650955 40.0675566739 285.666028011 22.9324433261 11.6834904516 54.191268817
6408 4.92994044894 52.5687976853 158.971190232 430.66895143 0.63000866448 0.615864830193 1.88363733333 66.201537742 321.136980685 284.235201198 0 1675.81417089 40.266334885 286.468370633 22.733665115 11.1858291191 53.8630193157
6432 4.73679204937 47.1229869636 156.992726535 430.706764276 0.632711044852 0.738025458346 2.63524249718 65.2872567243 321.417602431 287.611367882 0 1676.25262387 40.3385620925 286.334749128 22.6614379075 10.747376134 53.5823975698
6456 4.56274675841 47.4051146082 158.587568211 430.742488554 0.640018679954 0.789127939581 1.25824266026 66.5701221672 321.343376822 282.787120881 0 1676.64419312 40.2665932835 284.243688889 22.7334067165 10.3558068872 53.6566231795
6480 4.40151871385 42.463508033 157.772272841 430.777268463 0.649497039532 0.844021166427 1.71729502994 66.0119183013 321.449582384 285.744818395 0 1677.01086785 40.3615866731 279.072767919 22.6384133269 9.98913215564 53.5504176175
6504 4.25978619111 41.9950993323 161.771827252 430.809411209 0.660388885586 0.912961667874 1.81594688988 65.8012913486 321.409211037 282.046947567 0 1677.33248205 40.3747885632 272.961361049 22.6252114368 9.66751795088 53.5907889642
6528 4.11545125145 44.4417277974 155.486712589 430.843915083 0.674617251021 0.966015801404 1.10580409777 66.4096477668 321.278165693 269.591010287 0 1677.65580025 40.2849558813 271.70370023 22.7150441187 9.34419975649 53.7218343079
6552 3.9776893748 42.1005471768 158.915640966 430.878744575 0.689226907887 0.971400008206 1.44288160134 66.017746908 321.244664354 260.026212644 0 1677.96752372 40.2870027149 267.090775384 22.7129972851 9.03247628462 53.7553356473
6576 3.85357201257 36.7510395351 160.062730341 430.911819287 0.695834994303 0.0327050069805 3.45414466597 64.905496046 321.115920311 252.428959358 0 1678.25226865 40.4773457539 265.277428159 22.5226542461 8.74773135422 53.88407969
6600 3.74101678738 36.2955889548 155.370163379 430.942152537 0.669446924623 0.134541522153 1.27960695012 66.9742520662 321.262130094 254.172098457 0 1678.50607247 40.4373224157 257.420883874 22.5626775843 8.49392753215 53.7378699071
6624 3.63248045389 33.5498227932 150.377574914 430.971226294 0.64796805273 0.208414566674 1.12913152424 67.0432595633 321.604106872 258.726267066 0 1678.75290256 40.5222943694 254.515134282 22.4777056306 8.24709744698 53.3958931286
6648 3.53063511008 36.6656418584 152.455021048 430.998490488 0.630888579912 0.267011947115 0.898094421484 67.2055145639 321.378909573 249.50898923 0 1678.98089345 40.3632840325 251.055063943 22.6367159675 8.01910655732 53.6210904282
6672 3.4310493505 38.3189051626 151.272636249 431.025249281 0.616484871927 0.307773325074 1.71354133005 66.3369511923 321.34792195 242.2931788 0 1679.20513755 40.2927755145 248.295578579 22.7072244855 7.79486245943 53.6520780507
6696 3.33430661594 36.240703407 149.305423348 431.05144208 0.605250423328 0.38795373119 1.44071427464 66.5146394915 321.42990259 239.679188993 0 1679.42573796 40.3894506504 244.06782804 22.6105493496 7.5742620484 53.5700974113
6720 3.24506858813 33.419149752 146.511688463 431.075899562 0.597015387753 0.40870626659 1.1312684205 66.7871103634 321.507438485 242.350343841 0 1679.62788025 40.3992467752 240.274467122 22.6007532248 7.37211975369 53.4925615155
6744 3.15796698015 30.7919985782 146.11260083 431.100118772 0.590072021067 0.438857085786 1.80735968714 66.063592435 321.663594971 243.04182574 0 1679.82622282 40.4968491904 235.106250138 22.5031508096 7.17377718706 53.3364050302
6768 3.07936237338 29.8303124433 153.257346307 431.122331901 0.585205194602 0.477056865169 1.26131593915 66.5540901007 321.307713231 231.998403485 0 1680.00410274 40.4746815155 231.49004475 22.5253184845 6.99589726072 53.69228677
6792 3.01035075236 28.8574878687 153.326058855 431.142173072 0.582128486599 0.504941087812 1.47684469448 66.29391266 321.203703014 218.928811155 0 1680.16246166 40.6105718114 233.166911549 22.3894281886 6.83753834758 53.7962969866
6816 2.93677640189 29.2099850611 150.448747008 431.163730379 0.579599081291 0.525496508391 1.91242966137 65.8187443702 321.047083602 211.612224844 0 1680.32707632 40.503700923 230.035910868 22.496299077 6.67292368082 53.9529163993
6840 2.87260662586 26.1650876127 149.72347979 431.182913578 0.578245374904 0.546103830235 1.07939211173 66.6133451051 321.132395473 207.312690179 0 1680.47476066 40.6922444292 229.295277811 22.3077555708 6.52523934707 53.8676045281
6864 2.81479964695 26.6497701294 149.884301765 431.200535441 0.57768445401 0.570174241577 1.06062895131 66.5909769121 321.236935128 208.432367592 0 1680.60593946 40.6712826388 223.920544556 22.3287173612 6.39406054219 53.7630648729
6888 2.7563781422 25.445745612 143.85518159 431.218710953 0.577987539576 0.605960764275 1.07961208373 66.5177286599 321.463429106 215.243943409 0 1680.73809001 40.6842865751 220.87711129 22.3157134249 6.26190999014 53.5365708946
6912 2.69745549131 26.3540761825 147.017838285 431.237459583 0.578881430365 0.608857998368 1.22524295505 66.3495580338 321.305243231 209.29753174 0 1680.87030363 40.5487541544 218.280023746 22.4512458456 6.12969637536 53.6947567703
6936 2.64192432062 24.1009641149 149.611508705 431.255541216 0.580288523981 0.642774901718 2.22611257026 65.2952827884 321.120853892 199.414802579 0 1680.99753151 40.7219929026 219.760047766 22.2780070974 6.00246849892 53.8791461094
6960 2.59138182818 25.1599166517 145.874884915 431.272382816 0.582222569335 0.649188284379 1.13170751486 66.3644988163 321.163420953 198.736513663 0 1681.1116962 40.6494603496 216.529052767 22.3505396504 5.88830380661 53.8365790476
6984 2.54208083543 22.5223759633 141.709106294 431.289187648 0.584343365387 0.668124050043 2.00022302268 65.4581219145 321.42201435 202.194687343 0 1681.2242634 40.7822554136 218.397885147 22.2177445864 5.77573660247 53.5779856509
7008 2.49829872102 21.9426236007 146.371890967 431.304446768 0.586798302552 0.681601958075 0.695236585337 66.7319163861 321.222973764 196.927402415 0 1681.3241868 40.8714190721 216.413833737 22.1285809279 5.67581320562 53.7770262368
7032 2.45077410417 23.1418589569 143.188510011 431.321392504 0.589672227231 0.691626837817 0.577594724621 66.8197137072 321.306977719 198.692765416 0 1681.43035803 40.6703491028 210.780938585 22.3296508972 5.56964197716 53.6930222816
7056 2.40734186744 20.2241040167 147.673815114 431.337244389 0.592355232238 0.693016422389 1.34518548851 66.032198468 321.284548578 195.41453409 0 1681.53044789 40.9206748052 207.451062783 22.0793251948 5.46955211259 53.7154514231
7080 2.3639273643 24.2377062333 145.680476542 431.353453146 0.595234364008 0.710689492447 2.11051737418 65.2301056236 320.945249608 184.928525865 0 1681.62612654 40.5332738866 207.30353063 22.4667261134 5.37387346672 54.054750393
7104 2.3228763116 19.2620711281 148.669223431 431.369134699 0.598286167792 0.711252936258 0.841146199303 66.4801799983 320.961236199 180.351081539 0 1681.72181336 40.9357685806 204.378477523 22.0642314194 5.27818664829 54.0387638021
7128 2.28510030612 20.2375171814 143.804370398 431.383883272 0.601036669363 0.709377494409 0.465407628367 66.8402949362 321.18270597 181.072076623 0 1681.80731558 40.9003097659 202.656718132 22.0996902341 5.19268442635 53.8172940306
7152 2.24702333127 18.8412205019 142.210456937 431.399067151 0.603813788649 0.718223204712 1.10795003791 66.1709458184 321.199693318 179.250160018 0 1681.89370002 40.9374805596 205.006577733 22.0625194404 5.10629998571 53.8003066826
7176 2.20993081711 19.0900132172 143.263790977 431.414178148 0.606603741438 0.715305749598 0.757594092781 66.5063182683 321.056454262 175.186106308 0 1681.97745052 40.8816119169 203.432137556 22.1183880831 5.02254948556 53.9435457385
7200 2.17608668244 19.0901026012 141.240851167 431.428249998 0.609125034813 0.716848883581 0.278226942782 66.967549141 321.118822044 174.618023037 0 1682.05457001 40.9302696593 202.022326018 22.0697303407 4.94542999516 53.8811779565
7224 2.14325812025 18.653227388 143.155390244 431.442166648 0.611570010909 0.723906449857 1.7644917484 65.4578651434 321.212715313 177.765325572 0 1682.12891154 40.9030882605 197.784288181 22.0969117395 4.87108846328 53.7872846877
7248 2.11000980879 17.4018700127 146.401487268 431.456540915 0.614286333 0.731137055474 1.29202441622 65.9060112813 320.954251573 171.703363098 0 1682.20454634 41.004177673 193.790278526 21.995822327 4.79545366897 54.0457484283
7272 2.07839954051 17.105894599 143.967635754 431.470480416 0.617041885346 0.737869255787 0.766316977156 66.408291466 321.011614924 171.120151515 0 1682.2763225 41.0225524174 190.044327926 21.9774475826 4.72367750593 53.988385077
7296 2.04895477669 17.7167884444 140.794755007 431.48371414 0.619592598303 0.737944561167 1.17214297208 65.986605729 321.098484725 170.00531232 0 1682.34310078 40.9793067485 188.492446954 22.0206932515 4.65689922605 53.9015152762
7320 2.02003257763 16.6732260763 139.057581657 431.496952829 0.622049919183 0.734777617494 0.579067134234 66.5671525006 321.301203129 173.99719148 0 1682.40891235 41.0573752307 188.004767037 21.9426247693 4.5910876504 53.6987968719
7344 1.99211065255 16.8469872691 137.001919226 431.509964734 0.624390488493 0.735422514118 0.948806522583 66.1814157416 321.404966307 180.025393257 0 1682.47198227 41.0023067026 183.677607898 21.9976932974 4.5280177364 53.5950336938
7368 1.96364234412 17.9451245939 141.299302744 431.523471425 0.626777303735 0.738312192971 1.36042401691 65.7510150615 321.210261967 174.276526799 0 1682.5361536 40.8974651578 181.517212903 22.1025348422 4.46384640416 53.7897380342
7392 1.93479630315 17.0595932118 139.158698383 431.53741206 0.629190251633 0.734517914957 0.824936935454 66.273942838 321.243940842 171.492231286 0 1682.6018737 40.9939790513 181.497869555 22.0060209487 4.39812630696 53.7560591592
7416 1.90866348282 15.247030902 139.777565715 431.550268486 0.631355044095 0.737869457683 1.15669703444 65.9238099779 321.235198132 168.610241108 0 1682.66179905 41.1705886486 181.51898604 21.8294113514 4.33820095743 53.7648018691
7440 1.88388793097 15.5690371651 141.753868628 431.562662409 0.633432930504 0.738476744244 0.441053550365 66.6243743667 321.069464353 162.649648821 0 1682.71778718 41.1029870876 181.567940939 21.8970129124 4.28221282619 53.9305356477
7464 1.86105133931 14.0628340649 141.128972185 431.574267893 0.635310628859 0.734686781944 0.648478376858 66.4072563195 321.167859426 162.404197718 0 1682.77032928 41.3444658363 181.677301877 21.6555341637 4.22967072724 53.8321405745
7488 1.83791631337 14.1675936991 138.651110854 431.586206247 0.637213980588 0.744445231011 1.85930038266 65.1728341597 321.216812682 163.076267655 0 1682.8226238 41.2990495124 179.856332754 21.7009504876 4.17737620294 53.7831873194
7512 1.81501170713 15.0220367315 137.407928396 431.598212859 0.639395751186 0.76362041967 1.0531883995 65.9455825708 321.226066569 163.045147452 0 1682.87415116 41.1484999519 179.133028158 21.8515000481 4.12584884412 53.7739334319
7536 1.79044692377 16.1758428153 141.178750894 431.61130752 0.641872585874 0.763749588909 1.39111866738 65.5919516379 320.943169351 153.171184277 0 1682.92941427 41.0133909378 179.440367629 21.9866090622 4.07058573918 54.0568306502
7560 1.76738129154 15.8187500536 139.112641634 431.62381455 0.644214943878 0.761398766138 0.668767671326 66.3018040694 321.004852802 152.237939067 0 1682.98174984 41.0125584461 178.81826267 21.9874415539 4.01825016715 53.9951471994
7584 1.7457421152 14.7845112596 139.327792155 431.635738843 0.64636770546 0.761300731199 0.87820945092 66.0783832702 320.979937248 152.027482625 0 1683.03116084 41.1110045845 175.313753698 21.8889954155 3.96883915976 54.020062753
7608 1.72575120618 13.7106048062 139.447082366 431.646922466 0.648320105956 0.75971417866 1.01175314111 65.9332901088 321.061046152 152.251810642 0 1683.0770839 41.3052251297 172.942205841 21.6947748703 3.92291610251 53.938953849
7632 1.70591907174 13.1486248528 141.260825123 431.658179411 0.650223837297 0.759401344223 1.14662385467 65.7855715537 321.011588308 149.11896303 0 1683.12210338 41.3535336816 171.666367553 21.6464663184 3.87789662773 53.9884116926
7656 1.68636883309 13.2461086724 138.82903856 431.669438234 0.652169717483 0.764655283315 0.266750216777 66.6469865487 321.039601481 149.790478557 0 1683.16633035 41.3103901246 169.490775116 21.6896098754 3.83366964996 53.96039852
7680 1.66777669193 14.1383387627 140.908180069 431.680298624 0.653994552889 0.76055076291 0.362240814435 66.5429152464 320.939099988 145.241091834 0 1683.20851854 41.2621530918 166.42067277 21.7378469082 3.7914814611 54.0609000127
7704 1.64896515375 13.877568998 140.151322749 431.691441704 0.655765751933 0.756511897888 0.482815641067 66.4134650051 320.825423298 141.716217353 0 1683.25093564 41.1804024351 165.440254109 21.8195975649 3.74906436552 54.1745767026
7728 1.62782566387 13.8749900124 137.00422298 431.704152137 0.657682244557 0.754266692839 0.752643222533 66.1312557034 320.833687372 137.520005954 0 1683.29853657 41.1148746471 166.518983872 21.8851253529 3.70146343935 54.1663126286
7752 1.60993237967 13.0791492657 136.36828455 431.715069248 0.659239806362 0.750626090633 0.843803897276 66.0312609582 320.967353911 139.906569332 0 1683.33974701 41.2929445659 163.638253846 21.7070554341 3.66025299337 54.0326460901
7776 1.59283837396 11.9133781405 138.451912546 431.725636649 0.660692932593 0.750008588245 0.891698507359 65.9719633233 320.914662288 137.841414908 0 1683.37895623 41.5048647825 161.867287891 21.4951352175 3.62104377284 54.0853377128
7800 1.57675013665 12.0068287387 137.426541257 431.735707874 0.662072055133 0.752604788883 0.88166024841 65.9679550344 320.898456548 137.542811917 0 1683.41537749 41.4622090226 161.138375128 21.5377909774 3.58462251901 54.1015434532
7824 1.55954695434 12.1882351168 137.426991005 431.746615102 0.663570304291 0.754053396527 0.953889011701 65.8818721862 320.824141032 134.444378722 0 1683.45419529 41.3892651858 158.492817797 21.6107348142 3.54580471646 54.175858969
7848 1.544008515 12.043406776 137.951662309 431.756592217 0.664924418539 0.75401764238 0.935087791138 65.8893779316 320.85521483 133.720172598 0 1683.4896579 41.4392562027 156.93413649 21.5607437973 3.51034210066 54.1447851707
7872 1.52880037668 11.9652737711 136.178795445 431.76647496 0.666289915881 0.761614683058 0.889465401786 65.9161550397 320.949955073 136.586498071 0 1683.52418461 41.4455340363 154.452006461 21.5544659637 3.47581539525 54.0500449281
7896 1.51342578143 12.2427660614 134.4239344 431.776587907 0.667768101819 0.766934552758 0.868373586618 65.9203358528 321.122709598 140.687745595 0 1683.55884831 41.344904263 153.039744281 21.655095737 3.44115169547 53.8772904027
7920 1.49699280277 13.6302220856 135.012525243 431.787536934 0.669427985015 0.772455560787 0.925711485317 65.8448680352 320.942407069 136.823042051 0 1683.59567273 41.1139868945 151.687341207 21.8860131055 3.40432727542 54.0575929323
7944 1.48118350855 11.5200043443 137.462407806 431.798210756 0.671046469123 0.771140049451 0.967010558036 65.7925921681 320.87962744 132.841832356 0 1683.63216941 41.4524592787 151.399127556 21.5475407213 3.36783059556 54.1203725609
7968 1.46673758152 11.6548992535 133.78663149 431.808086787 0.672508727299 0.770668902429 0.926641178163 65.822094406 321.046354277 136.608016268 0 1683.66502999 41.4537500201 150.133508729 21.5462499799 3.33497001364 53.9536457237
7992 1.45282934305 11.072265755 138.333269919 431.817707934 0.67389424612 0.769088577978 0.861658174618 65.8776510674 320.792060751 126.555244291 0 1683.69669107 41.5367076963 151.900381266 21.4632923037 3.30330893066 54.2079392503
8016 1.43912742629 11.440874969 135.370275313 431.827296347 0.675277710328 0.776870330397 1.77266095698 64.9478946562 320.764770422 124.095093134 0 1683.72766606 41.4544717361 152.64080988 21.5455282639 3.27233394146 54.2352295794
8040 1.42572855002 12.2325956372 134.747346151 431.836781475 0.676745470889 0.780553836329 0.679418144054 66.0265010741 320.874018742 125.059290308 0 1683.75813591 41.4669693523 151.422019724 21.5330306477 3.24186409623 54.1259812589
8064 1.41037551412 12.3944075842 137.009035157 431.847785614 0.678388083575 0.776339056161 0.745814384707 65.9516728623 320.6549753 120.155142337 0 1683.7923263 41.1730583911 150.254364032 21.8269416089 3.20767370427 54.345024701
8088 1.39615012603 10.9760117442 137.459824897 431.858112619 0.679869489295 0.775489963598 0.738016858491 65.9485110703 320.540075591 115.625483408 0 1683.82515546 41.47398492 149.13742676 21.52601508 3.17484454267 54.4599244099
8112 1.38296573259 10.5031320096 133.932781681 431.86779852 0.681243890215 0.778649296524 0.658584993235 66.0137233003 320.762978637 118.856466735 0 1683.85530961 41.5992133894 148.049901895 21.4007866106 3.14469039575 54.2370213638
8136 1.37096859627 10.0423818137 133.941718194 431.876710077 0.682498202523 0.775675799226 0.515496299479 66.1496196224 320.818786163 119.525668831 0 1683.88275708 41.7280806758 147.024805727 21.2719193242 3.11724292856 54.1812138382
8160 1.35887604015 10.0766715489 131.380368565 431.885788223 0.68372958826 0.776375646326 0.379345156086 66.2747613871 320.958187114 123.805195952 0 1683.91016505 41.7025592544 146.026567598 21.2974407456 3.08983495389 54.0418128874
8184 1.34698754797 10.0594323752 132.807423484 431.894808339 0.684933212283 0.776266338879 0.237619656771 66.4063724533 320.961080059 123.562507722 0 1683.93712295 41.6868402623 145.082927526 21.3131597377 3.06287705285 54.0389199415
8208 1.33459069758 10.5062032748 135.154467036 431.904316289 0.686168856596 0.775123751903 1.14265151291 65.4917395898 320.838996683 121.107868483 0 1683.96500157 41.524469956 144.169954584 21.475530044 3.03499843834 54.1610033183
8232 1.32199768917 10.9422417673 136.435892092 431.914083239 0.687420870263 0.774907406405 1.06857898716 65.5550094976 320.724491055 117.696574428 0 1683.9933826 41.3914955225 143.290876339 21.6085044775 3.00661740661 54.2755089456
8256 1.31070713505 9.62954446172 134.878732553 431.922934594 0.688519444132 0.772509566514 0.910597101752 65.7054392941 320.774065318 116.578343942 0 1684.01957525 41.7658143976 143.420176082 21.2341856024 2.98042475495 54.2259346826
8280 1.29857301822 10.2109100912 132.239897638 431.932548472 0.689689416714 0.772228817772 0.818883696059 65.786649598 320.769172013 115.432699412 0 1684.04680414 41.5600211013 144.570372333 21.4399788987 2.95319586745 54.2308279877
8304 1.28765451129 10.1783294454 130.197166454 431.941290233 0.690709473521 0.768634723913 0.650093878916 65.9492716913 320.941962839 119.812315143 0 1684.07172426 41.5988374041 142.744001918 21.4011625959 2.92827574124 54.0580371624
8328 1.27702493809 9.48380714889 129.860375752 431.949884456 0.691683965079 0.772155327655 1.45193255919 65.1343436927 321.064789825 123.512176236 0 1684.09604782 41.7720013546 141.956696376 21.2279986454 2.90395218524 53.9352101758
8352 1.26635981164 10.1480326784 133.755069401 431.958592092 0.692686857632 0.773325052714 1.26776413999 65.3076318585 320.901656725 119.961796795 0 1684.11999606 41.554296009 140.214295572 21.445703991 2.88000394107 54.0983432759
8376 1.25594090312 9.94023297479 132.384442223 431.967182121 0.693666770642 0.772479864742 1.07528567087 65.4913855736 320.941096917 122.105997357 0 1684.14377071 41.6280452505 138.521887231 21.3719547495 2.8562292915 54.0589030839
8400 1.24540494034 9.93227676392 134.616192394 431.975953851 0.69464973305 0.771244381518 0.899357548919 65.6587944861 320.761607705 117.236585315 0 1684.1675857 41.5734490326 137.875817043 21.4265509674 2.83241430699 54.2383922965
8424 1.23458833021 9.71835118579 134.848528053 431.985049641 0.695629971349 0.768446313776 0.755646654797 65.7952274195 320.657343299 111.95752164 0 1684.19215601 41.6084139172 137.254615258 21.3915860828 2.80784399047 54.3426567017
8448 1.22449487981 9.13249197096 130.762868844 431.993620993 0.696530227227 0.768723128339 0.555572904083 65.985552748 320.893764225 115.479045041 0 1684.21531919 41.8013133036 137.631128735 21.1986866964 2.78468081473 54.1062357764
8472 1.21408300382 10.5463046927 130.458982775 432.002548767 0.697454341129 0.771309547848 1.38295534824 65.1457319966 320.884066573 115.590922592 0 1684.23861576 41.5016788712 137.033256966 21.4983211288 2.76138424102 54.1159334276
8496 1.20336746827 9.54642265544 134.417230877 432.011830032 0.6984520841 0.771828680081 0.245955108661 66.2719340956 320.603031396 109.015383478 0 1684.26302176 41.6087927183 136.460631428 21.3912072817 2.7369782465 54.3969686045
8520 1.19310146254 9.22048242023 132.790427679 432.02081211 0.699369052812 0.770496688308 1.08363191085 65.4256902385 320.653703676 106.706444456 0 1684.28646296 41.7072165623 136.906452142 21.2927834377 2.71353704709 54.3462963254
8544 1.18348932525 10.188211605 134.788025081 432.02930325 0.700237356162 0.771091895581 0.87065216252 65.6287153361 320.573192531 101.292619372 0 1684.30810152 41.4897320306 137.365564658 21.5102679694 2.6918984871 54.4268074703
8568 1.17422250194 9.5573498447 133.655447187 432.037564866 0.701052865129 0.767895987831 0.642968952642 65.8505173293 320.583875672 101.145701879 0 1684.32950696 41.8302941385 135.836497474 21.1697058615 2.67049304858 54.4161243289
8592 1.16533071828 8.50458234607 132.398708458 432.045562575 0.70181144221 0.766912507022 0.385528510372 66.1001849663 320.627128333 101.935164092 0 1684.34977905 41.9314278243 134.347524242 21.0685721757 2.65022095772 54.3728716679
8616 1.15586776874 8.72392399797 134.795104333 432.054150751 0.702594302116 0.767131714555 1.17944117732 65.296682055 320.52005162 97.7249397421 0 1684.3711312 41.8197482026 132.897446708 21.1802517974 2.62886880338 54.4799483809
8640 1.14748998861 8.35052737247 129.778736629 432.061821025 0.703286213407 0.765808620765 0.890690685936 65.5783934556 320.746111021 103.216074928 0 1684.39032623 41.967249734 131.484629235 21.032750266 2.60967377595 54.2538889797
8664 1.13929830744 8.31761346921 129.058495712 432.069382551 0.70395131435 0.764007816992 0.592113355439 65.8705449626 320.855982828 106.058843502 0 1684.40893187 41.9687826267 131.097064362 21.0312173733 2.5910681378 54.1440171732
8688 1.13067880181 8.92309019452 130.458339152 432.077405559 0.704631593809 0.763153935089 0.333480477377 66.1213284356 320.73337014 103.653138122 0 1684.42829003 41.7351365772 132.71749103 21.2648634228 2.57170997669 54.2666298611
8712 1.12248762514 8.21145831801 130.419951092 432.085093876 0.705255088277 0.762363666431 1.04317760412 65.4041097653 320.757013272 105.228172 0 1684.44710566 41.975998978 131.338381688 21.024001022 2.55289434324 54.2429867288
8736 1.11400098763 10.4015834704 130.834922016 432.093126148 0.705897988626 0.761097555957 0.78474532535 65.6551329827 320.685240868 102.701222775 0 1684.46600685 41.5725893015 129.993263675 21.4274106985 2.53399315853 54.3147591334
8760 1.10550625847 8.17992866906 131.223672178 432.101234925 0.70654589117 0.765594805252 1.52103016746 64.9055942116 320.684748924 103.164141786 0 1684.48563468 41.9512962601 128.681832 21.0487037399 2.51436532212 54.3152510765
