Time EBV Teff Treg ODC_le1 ODC_le2 ODC_le3 ODC_le4 ODC_le5 NK IL2 DAC Resting_Teff Resting_Treg EffectorMemory Resting_Treg_temp Resting_Teff_temp NK_temp
0.0 0 0 0 0 0 0 0 500 375 1000 0 1687 63 0 0 0 0
24 0 0 0 0 0 0 0 500 336.279789971 908.048253598 0 1687 63 0 0 0 38.7202100291
48 0 0 0 0 0 0 0 500 335.391027502 823.849847309 0 1687 63 0 0 0 39.6089724976
72 0 0 0 0 0 0 0 500 334.559882085 745.880698262 0 1687 63 0 0 0 40.4401179151
96 0 0 0 0 0 0 0 500 333.760437385 673.915002205 0 1687 63 0 0 0 41.2395626152
120 0 0 0 0 0 0 0 500 332.995774144 607.703333798 0 1687 63 0 0 0 42.0042258555
144 0 0 0 0 0 0 0 500 332.2684442 546.975994766 0 1687 63 0 0 0 42.7315557996
168.0 1000 0 0 0 0 0 0 500 331.580390823 491.447224652 0 1687 63 0 0 0 43.4196091775
192 587.94283022 2674.42256109 91.5619289612 4.47673168998 18.9970923557 71.5351553232 179.581289232 225.4097314 319.455578209 5741.3447637 0 1039.6715255 41.772295668 0 21.227704332 647.328474501 55.5444217919
216 137.332404914 6974.75822525 165.845593944 82.5721966113 51.7210648837 94.3816492545 123.52876643 147.796322821 264.465672679 472.84416284 0 1394.74221306 38.9715811123 591.279714543 24.0284188877 292.257786943 110.534327322
240 32.7844924943 2399.18557831 172.07185102 176.10392457 30.4867816618 66.9420352695 95.0178505425 131.449407956 278.636787962 234.026399454 0 1604.1758138 38.8557515082 539.440962135 24.1442484918 82.8241862017 96.3632120388
264 16.1367445034 576.421589805 170.18082812 200.946930564 13.9722296708 42.537327625 68.0742863451 174.469225795 303.476550474 235.550033597 0 1648.9297478 39.0568432218 504.809973116 23.9431567782 38.0702521993 71.5234495263
288 12.5618202855 212.10437656 163.200277202 204.907615186 3.79432824038 9.33926438656 45.5938970374 236.36489515 315.525592404 304.898606753 0 1658.36939586 39.5386502596 465.391429326 23.4613497404 28.6306041391 59.4744075962
312 11.0044286399 160.280740114 167.178591071 205.177205407 0.730582268005 2.28282751984 29.3786903321 262.430694473 318.339828091 341.996727179 0 1662.0342741 39.7264129652 439.2392378 23.2735870348 24.9657259034 56.6601719092
336 9.8522078898 134.449915809 170.624243682 205.310658559 0.867468549847 1.29000040018 25.3215819418 267.21029055 319.034088027 356.183058008 0 1664.64913747 39.7723027804 414.467625952 23.2276972196 22.3508625329 55.9659119736
360 8.97662208671 112.561296917 170.714053447 205.434204 0.89119885802 0.602407273833 13.2639456759 279.808244192 319.903609709 365.65851271 0 1666.65266815 39.8894132548 403.208042216 23.1105867452 20.3473318543 55.0963902912
384 8.24011027545 115.939487794 169.316037554 205.547588712 0.879900491071 1.17785374484 11.5128073267 280.881849726 319.853704026 351.577700788 0 1668.30080908 39.8120506764 387.969981179 23.1879493236 18.6991909213 55.1462959745
408 7.58357790444 108.668035823 167.03536828 205.660384769 0.926529820585 1.4514764152 10.0395304512 281.922078544 319.868784968 329.556668857 0 1669.78058431 39.8005902339 378.374815174 23.1994097661 17.2194156887 55.1312150327
432 7.03100438375 93.341269628 161.283401937 205.765594384 0.914118384943 1.00686927296 16.9418419164 275.371576042 320.373282443 330.614280954 0 1671.03835167 39.8650906224 364.02858277 23.1349093776 15.9616483267 54.626717557
456 6.5707718264 81.723526051 165.902261612 205.857924828 0.899055864669 0.0826892322507 11.3401346236 281.820195451 320.573484074 322.6281945 0 1672.08525544 39.9344924081 361.564385111 23.0655075919 14.9147445551 54.4265159266
480 6.19887934254 71.2880627171 172.47911097 205.934686281 0.872534631926 1.03514027517 8.91071696572 283.246921846 320.640045531 320.907494148 0 1672.93696731 40.0458824407 346.813420118 22.9541175593 14.0630326855 54.359954469
504 5.87175044077 74.0303189902 157.6363319 206.006365451 0.880146897041 0.723539438449 8.13592269732 284.254025517 321.228851093 327.932642326 0 1673.67291173 39.9901871001 338.450890077 23.0098128999 13.3270882746 53.7711489079
528 5.55746542985 65.1485106423 165.624327687 206.079154097 0.893378370926 1.38764692265 8.73305025425 282.906770355 320.840288068 309.799002304 0 1674.38370487 40.0424096149 331.873984429 22.9575903851 12.6162951291 54.1597119329
552 5.29750967313 63.2514213324 160.704253716 206.143458847 0.89237056338 0.95717767127 6.45804988151 285.548943036 321.014016315 298.391016579 0 1674.97582498 40.0855104591 333.137511116 22.9144895409 12.0241750157 53.9859836851
576 5.04550758422 62.3060348801 161.990874503 206.20890411 0.887270990352 0.416449329856 6.77386305707 285.713512512 320.788817301 285.490648664 0 1675.54136038 40.027799636 322.108258593 22.972200364 11.458639618 54.2111826993
600 4.81859515172 51.2983415757 161.077926212 206.269386951 0.869668346329 0.792652948075 7.10880542713 284.959486328 321.008281302 284.49972146 0 1676.0611897 40.1824118346 314.22169987 22.8175881654 10.9388103008 53.9917186987
624 4.62437325085 52.6490656568 157.356223376 206.323169448 0.877996961376 1.25268292106 9.07379488673 282.472355783 320.999522691 279.048821326 0 1676.49987968 40.1462998988 303.172086243 22.8537001012 10.5001203178 54.0004773093
648 4.44123851118 46.6029620618 157.499071688 206.375833816 0.860394188613 0.712201832603 6.79546392163 285.256106241 321.359313565 283.124230326 0 1676.91744258 40.2516884457 293.074032732 22.7483115543 10.0825574227 53.640686436
672 4.28222133793 42.1820345414 157.553319968 206.422862689 0.863227575262 1.12342042296 8.8340589404 282.756430373 321.52196471 285.414407408 0 1677.28021579 40.359330131 285.657606056 22.640669869 9.71978421228 53.478035291
696 4.13913660996 43.7774088636 154.673672315 206.466249023 0.838437610359 0.437120998538 7.07205733272 285.186135036 321.580565258 282.863649678 0 1677.60277595 40.2926163128 280.531930758 22.7073836872 9.39722405224 53.4194347425
720 3.99928426878 41.0676981564 156.181037719 206.509111535 0.827232968279 0.766180428319 6.40892984797 285.488545221 321.467986362 282.21800991 0 1677.91924956 40.3133391897 268.57450948 22.6866608103 9.08075044233 53.5320136387
744 3.87118086771 44.2962199401 157.089848336 206.549514691 0.829072304766 0.975971115496 6.15348958103 285.491952308 321.412488437 267.911540368 0 1678.2095737 40.3278154928 266.574496842 22.6721845072 8.7904262955 53.5875115635
768 3.74702418764 37.3579703941 155.751555249 206.590202474 0.82667273837 0.266227992968 6.76511668563 285.55178011 321.413312933 259.110533319 0 1678.49240497 40.4409218015 266.391688666 22.5590781985 8.50759502648 53.5866870675
792 3.64145577849 37.1122008699 151.971344734 206.625222368 0.809328526726 0.539462181608 5.70764347768 286.318343446 321.458974593 259.403439843 0 1678.73102644 40.3937557864 261.696865953 22.6062442136 8.26897355537 53.5410254078
816 3.53331983005 38.0036273698 156.82048406 206.661613227 0.801473618778 0.692310106156 2.54508686238 289.299516185 321.152436963 243.83138157 0 1678.97429342 40.3455826644 257.74800492 22.6544173356 8.02570657785 53.8475630372
840 3.43065926842 33.5758460792 154.739819387 206.696998198 0.799786157483 0.846362259283 6.0735408188 285.583312566 321.120622462 238.487231364 0 1679.20831156 40.4611248245 249.547882184 22.5388751755 7.79168844283 53.8793775388
864 3.33999206734 30.9990998244 148.436901453 206.729223838 0.805622871284 1.03243087157 5.33809697896 286.09462544 321.515996914 245.344837454 0 1679.41488345 40.5372641683 244.180558331 22.4627358317 7.58511654999 53.4840030866
888 3.25184259865 34.7321833913 151.105413502 206.76119791 0.784095193112 0.170285634889 4.76444470705 287.519976555 321.130489593 231.339396459 0 1679.6109534 40.3109181152 242.376007651 22.6890818848 7.38904659628 53.8695104071
912 3.16117541017 32.6856936535 147.567363119 206.793966595 0.762263070966 0.332164648362 4.81266274106 287.298942945 321.114870009 221.969274277 0 1679.81688343 40.3735411525 244.847495363 22.6264588475 7.18311657417 53.8851299917
936 3.08339484016 29.0632880728 146.732674214 206.822184159 0.748853598868 0.471623052162 5.41741318688 286.539926003 321.517902886 230.638513778 0 1679.99619899 40.5688189719 238.678677535 22.4311810281 7.00380101276 53.4820971144
960 3.01455972366 28.2516911321 148.311693059 206.847410309 0.741462777096 0.573545909865 4.06320639727 287.774374607 321.56694513 234.607850727 0 1680.15310596 40.6277041961 232.210344424 22.3722958039 6.84689403974 53.4330548704
984 2.94877525982 25.735745492 143.192614022 206.871872583 0.737392421884 0.678101571885 3.47017500844 288.242458415 321.833820866 243.820960326 0 1680.30260926 40.7059766421 229.151359346 22.2940233579 6.697390736 53.1661791347
1008 2.8852650136 27.4121321262 149.096143367 206.895938919 0.736882969512 0.77663992265 4.75145972688 286.839078462 321.517586086 235.348145852 0 1680.44539389 40.5888641406 225.513599452 22.4111358594 6.55460611241 53.4824139141
1032 2.82271396189 27.3712083865 144.947468113 206.920205949 0.739688815069 0.846601974132 2.14200606064 289.351497201 321.577913275 230.648234946 0 1680.58649314 40.5455561923 227.042923289 22.4544438077 6.41350686196 53.4220867258
1056 2.76039333942 28.2892933649 150.615321883 206.945046959 0.744230187891 0.917909520031 4.7007771281 286.692036205 321.212552611 217.351515805 0 1680.72704234 40.5089185752 220.966665736 22.4910814248 6.27295766165 53.7874473897
1080 2.69794569454 26.8163635476 142.904913677 206.970716118 0.751361198846 0.0330975450677 6.40466190844 285.84016323 321.413826748 216.570244878 0 1680.86884944 40.5330724834 219.262238952 22.4669275166 6.13115056099 53.5861732525
1104 2.64116604083 25.5190327427 144.5086453 206.99435425 0.731100435403 0.150395138276 3.48507494624 288.63907523 321.423174034 213.491621389 0 1680.99816684 40.5884333428 215.883563701 22.4115666572 6.0018331583 53.576825966
1128 2.59010595234 24.6984183716 151.000659483 207.015531485 0.715944915414 0.26942060148 5.7874335285 286.211669469 321.153594071 201.712466189 0 1681.11514795 40.7208020369 213.811476166 22.2791979631 5.88485204591 53.846405929
1152 2.5426585787 22.8823983141 145.839865829 207.035235907 0.705803422887 0.425160358008 6.55258385558 285.281216456 321.328260767 202.630458862 0 1681.22332834 40.8116517345 211.974512285 22.1883482655 5.7766716632 53.6717392335
1176 2.49681782431 21.6812965064 144.73163175 207.054411798 0.700103081525 0.543272195031 3.251433109 288.450779817 321.479338814 206.182377981 0 1681.32737149 40.8538994534 207.422968613 22.1461005466 5.67262851254 53.5206611863
1200 2.45385531224 21.4347642784 141.954783364 207.072591058 0.696565049067 0.579277605061 2.74392094192 288.907645346 321.575083375 208.844829768 0 1681.4246389 40.8354113337 206.98246459 22.1645886663 5.57536109684 53.4249166255
1224 2.40837599603 22.8162155204 143.899088139 207.092103197 0.694481334406 0.659106475439 3.73220134427 287.822107649 321.301292721 199.988173877 0 1681.52643342 40.6739903854 204.814798233 22.3260096146 5.47356658245 53.6987072797
1248 2.36521123074 21.9627008549 148.442865067 207.110937506 0.694308683112 0.714598563153 3.4921456232 287.988009625 321.087283692 189.571992139 0 1681.6249541 40.760654239 202.921267497 22.239345761 5.37504589758 53.9127163086
1272 2.32429672039 19.9303244808 147.365424119 207.129129157 0.696207944294 0.832999280865 6.8429395114 284.498724106 321.013880364 182.772487866 0 1681.71815169 40.8622576314 202.09765173 22.1377423686 5.28184831369 53.9861196363
1296 2.28738440825 17.981539559 145.724924468 207.145895731 0.700511305374 0.90709848812 3.64721027017 287.599284206 321.068932702 177.792038876 0 1681.80301946 41.0829629114 205.326579548 21.9170370886 5.19698053712 53.9310672988
1320 2.24813797904 19.7355349438 145.2480083 207.164154848 0.706371026131 0.959121786299 5.05480897533 286.115543364 320.96667147 173.70708879 0 1681.89044254 40.8233368012 201.647948734 22.1766631988 5.10955746423 54.0333285302
1344 2.2123489738 19.3759758669 143.783519492 207.18122355 0.707888537895 0.0222289775871 3.90447645627 288.184182478 321.06435174 174.758035865 0 1681.97235448 40.9284974345 197.248797276 22.0715025655 5.02764551534 53.9356482603
1368 2.17817463487 17.4173083725 137.953256675 207.197577813 0.693239080557 0.114801328733 2.53541516728 289.45896661 321.444606469 183.514415716 0 1682.05048161 41.0811866442 197.034474488 21.9188133558 4.94951839129 53.5553935314
1392 2.14478030401 17.1426631599 142.133740463 207.213494024 0.680499396819 0.150826279088 1.22346523452 290.731715066 321.329951607 181.402635051 0 1682.12617336 41.0856021754 194.922010416 21.9143978246 4.8738266387 53.6700483935
1416 2.11230275015 17.6068492292 138.773538423 207.228934381 0.668963084563 0.19822470043 2.80252899129 289.101348842 321.374465031 185.358111721 0 1682.19933809 40.9894377162 192.024334778 22.0105622838 4.80066191077 53.6255349697
1440 2.08268007389 17.6399306059 142.605392985 207.243004411 0.659591511167 0.256446777885 4.86004173493 286.980915565 321.222896016 178.861877256 0 1682.26669857 40.9891078309 192.216441347 22.0108921691 4.73330142541 53.7771039848
1464 2.0522363455 18.0692843411 144.387265047 207.25748393 0.651837148668 0.346933032842 2.11072905382 289.633016835 321.034110219 171.23315585 0 1682.33544847 40.9444606551 191.552897069 22.0555393449 4.66455153166 53.9658897816
1488 2.02234119496 18.4438857339 140.953383693 207.271760732 0.645551684169 0.380931300713 1.4479903587 290.253765925 321.184620931 171.375883583 0 1682.4032652 40.9439745041 190.959890269 22.0560254959 4.59673480282 53.8153790699
1512 1.99360254336 17.327461353 143.323667809 207.285561413 0.640275311946 0.424262230979 2.60632643171 289.043574613 321.073684982 168.069572852 0 1682.46839872 40.944697734 189.471656835 22.055302266 4.53160127509 53.9263150186
1536 1.9644509335 18.3936475251 139.486439472 207.299659411 0.635937900822 0.459508338256 2.96006234663 288.644832003 321.12586596 169.353735368 0 1682.53398053 40.8371228346 186.147980699 22.1628771654 4.46601947149 53.8741340402
1560 1.93795851002 15.5123902827 139.244947301 207.312577471 0.632723023884 0.487863966066 1.8224787785 289.744356761 321.337252083 175.578361813 0 1682.59539339 41.1614956794 182.004270328 21.8385043206 4.40460661142 53.6627479175
1584 1.91337006085 15.4015479494 138.623760441 207.324672679 0.630430856416 0.53978822552 4.28299380279 287.222114437 321.357078252 175.165595671 0 1682.65117025 41.1616927675 181.97181321 21.8383072325 4.34882975217 53.6429217486
1608.0 1001.88783703 17.8326067801 141.170738467 207.337361406 0.62905007034 0.579365030124 1.05496458371 290.39925891 321.204384327 170.272262411 0 1682.70812474 40.87640321 179.060806438 22.12359679 4.29187525856 53.7956156734
1632 375.31892915 5212.77895886 181.475779789 216.586871696 15.6421634693 40.4458213155 87.3823386531 139.942804866 274.939063284 853.812506623 0 1146.56489277 39.8565536315 386.587152593 23.1434463685 540.435107231 100.060936716
1656 89.864737476 3358.44221744 181.007997757 260.620501431 18.6459178525 54.7139543185 74.4522812936 91.5673451045 274.92282821 386.552737818 0 1483.93404406 39.0642607771 454.377039748 23.9357392229 203.065955934 100.07717179
1680 33.8095512064 1142.70126009 179.301736694 284.459577856 10.6202080072 32.9932669885 58.4300304075 113.496916741 293.742616014 312.432614667 0 1606.9942444 39.0809531597 439.939472684 23.9190468403 80.0057555936 81.2573839866
1704 21.4596840298 430.895945169 175.182198311 289.856862851 3.50055636072 14.8090848902 42.4037372825 149.429758616 309.322480172 320.672871902 0 1637.85493702 39.3786453899 433.568742701 23.6213546101 49.145062976 65.677519828
1728 17.0307276979 259.148214923 173.660595471 290.580376707 1.17090754154 4.76902672433 30.2914490634 173.188239964 315.539292768 376.416046249 0 1648.4101015 39.6428405859 407.438238976 23.3571594141 38.5898984967 59.4607072327
1752 14.3108782384 223.861994843 171.890952029 290.784236643 0.922606986611 2.7121365844 20.966226876 184.61479291 316.502456935 354.820163165 0 1654.53026904 39.6320037223 393.025381315 23.3679962777 32.4697309537 58.4975430657
1776 12.3949106379 172.569540366 173.388872192 290.885800438 0.536032211326 3.29139361527 15.6557993186 189.630974417 317.960678658 353.476226877 0 1658.91692592 39.7620118901 393.547510991 23.2379881099 28.0830740803 57.0393213425
1800 10.9960615081 153.056573994 181.420417864 291.023995918 0.030514393296 1.3016608004 18.1494650848 189.494363804 318.334722472 340.960204942 0 1662.07478473 39.7800426222 379.859739942 23.2199573778 24.9252152708 56.6652775283
1824 9.89982410559 132.13594806 172.074073384 291.036130294 0.147502547023 1.52400732738 12.2247284623 195.06763137 318.952967126 336.701474533 0 1664.55751401 39.8291487808 374.491960923 23.1708512192 22.4424859856 56.0470328747
1848 8.9867913434 129.333725702 167.8019317 291.075419636 0.393353562901 1.91373090414 12.8776332242 193.739862673 319.220293695 325.466026167 0 1666.60349781 39.770663929 363.631468789 23.229336071 20.396502188 55.7797063051
1872 8.24331477685 100.759453702 169.324593639 291.12972832 0.448433503777 1.20223078719 10.9767675343 196.242839855 319.939656956 333.648393313 0 1668.31263015 39.9395295968 351.002950191 23.0604704032 18.6873698513 55.0603430446
1896 7.66748099276 89.3304794062 166.693684524 291.180255731 0.482000584974 0.988767045082 7.78601939545 199.562957244 320.430035517 342.944125991 0 1669.62026448 40.0058191902 341.020651215 22.9941808098 17.3797355159 54.5699644836
1920 7.18561004823 85.925219064 167.774674643 291.228700849 0.497823029828 0.551007829566 8.74897625889 198.973492033 320.750667549 343.572700683 0 1670.71028433 40.022295034 332.439796331 22.977704966 16.2897156654 54.2493324518
1944 6.72033119219 85.8786861416 159.735727529 291.279784764 0.511274973578 0.319636915606 6.92816851889 200.961134828 320.63193852 331.405519164 0 1671.74718318 39.9207065019 324.373373106 23.0792934981 15.2528168168 54.3680614804
1968 6.33037335801 71.0859541816 163.553343509 291.325845502 0.526146010272 1.01351248886 10.0249125693 197.10958343 321.091376126 338.618004142 0 1672.64249579 40.0798956619 310.936796542 22.9201043381 14.3575042124 53.9086238742
1992 5.98161535236 72.3592010179 165.628233477 291.371374894 0.539223072107 0.777595832058 8.01140565749 199.300400545 320.747801284 314.985067411 0 1673.42395803 40.0012688962 308.263054632 22.9987311038 13.5760419691 54.2521987166
2016 5.67664009899 61.6555152887 164.296084502 291.413899152 0.534515887205 0.402152947764 4.98132907267 202.668102941 320.92209698 311.378793188 0 1674.12131801 40.1309191454 302.67081625 22.8690808546 12.878681985 54.0779030206
2040 5.41451072049 61.3438102649 162.365592956 291.451727547 0.536126537327 0.7101041498 3.99993490871 203.302106857 321.205066561 314.483952008 0 1674.71231298 40.0979986743 290.379827704 22.9020013257 12.2876870155 53.7949334394
2064 5.16240020159 58.8894446873 161.646940432 291.490782064 0.560162535919 1.07712020084 5.95185245112 200.920082749 321.059875788 298.619753641 0 1675.28170214 40.1133308666 287.992478647 22.8866691334 11.7182978565 53.9401242126
2088 4.93638098295 51.4465339723 156.807872581 291.529045459 0.568038615817 0.502635632537 3.92504539129 203.475234902 321.211482194 294.398095211 0 1675.79782648 40.2354290667 285.710001375 22.7645709333 11.2021735175 53.7885178064
2112 4.73716727342 49.6710005517 162.798020664 291.564178994 0.572027416594 0.788653756952 6.08079138146 200.994348452 320.915612753 276.99270266 0 1676.24742714 40.2243665915 285.590537111 22.7756334085 10.7525728614 54.0843872474
2136 4.56672476678 42.0156935275 164.129002534 291.596069834 0.590077058536 0.99439291819 2.94332609863 203.876134091 321.186691615 281.993974753 0 1676.64096955 40.4671332206 274.771632638 22.5328667794 10.3590304491 53.8133083851
2160 4.40973507329 45.3517155877 158.078462473 291.626999047 0.580067715603 0.245151608532 7.28278346967 200.264998159 321.323763197 276.993306492 0 1676.99196915 40.3271762593 275.115689126 22.6728237407 10.0080308517 53.6762368039
2184 4.25444653578 46.3758201136 160.223947112 291.657857615 0.56973505434 0.489733308766 4.90559759475 202.377076427 320.879384352 258.273782236 0 1677.34068766 40.2572942888 274.050017634 22.7427057112 9.65931233845 54.1206156482
2208 4.10971928059 43.4125933039 153.982674118 291.687426924 0.571401802859 0.714088574102 4.148915276 202.878167423 321.263784947 260.2148725 0 1677.67023133 40.3390949038 268.808623066 22.6609050962 9.32976867029 53.7362150532
2232 3.96896684201 44.0198711087 152.296474398 291.717571257 0.583408583872 0.890338292542 2.52823424017 204.280447627 321.138674175 254.028834712 0 1677.98515784 40.2232156219 264.5312756 22.7767843781 9.01484216161 53.8613258253
2256 3.84029785961 41.7899017498 153.026634621 291.746818842 0.6003658859 0.974359842391 3.48780810778 203.190647322 321.22842672 252.441902317 0 1678.27709154 40.2385679082 258.369283624 22.7614320918 8.72290846276 53.7715732802
2280 3.72758153181 34.6656545013 152.132201762 291.773614066 0.590468154715 0.139451161665 4.38542419872 203.11104242 321.508091391 254.412669646 0 1678.53798567 40.512646073 258.890400666 22.487353927 8.46201432628 53.4919086096
2304 3.62446593791 35.2033928432 149.917451665 291.798119493 0.575720348079 0.317272399863 3.73745513418 203.571432625 321.581211496 257.324173786 0 1678.77021671 40.460719622 254.761872169 22.539280378 8.22978329009 53.4187885043
2328 3.52611381427 34.5575007054 151.653887268 291.821700549 0.568324585041 0.482420022649 4.92617387011 202.201380973 321.417095841 250.151070372 0 1678.99226406 40.4253649521 257.087867428 22.5746350479 8.00773594248 53.5829041593
2352 3.42594905677 37.53106863 154.388050989 291.846233916 0.567566462916 0.600945829047 3.59160677343 203.393647018 321.123973018 236.463303103 0 1679.21640667 40.283781108 252.684658123 22.716218892 7.78359333316 53.8760269819
2376 3.3323503402 32.6898844011 151.831077956 291.869884663 0.571586426374 0.717098543504 1.90114662994 204.940283737 321.341866459 239.385939844 0 1679.43166654 40.4955992782 245.267701985 22.5044007218 7.56833346188 53.6581335416
2400 3.24680944228 31.6035296074 151.360041452 291.892298881 0.577824978072 0.760293731972 2.82460161126 203.944980798 321.438393665 239.142022923 0 1679.62660742 40.5800090005 239.507820699 22.4199909995 7.37339257623 53.5616063357
2424 3.16208693407 30.824407504 156.164140683 291.915373191 0.586015442189 0.819931280479 3.84173267725 202.83694741 320.992196633 219.214447922 0 1679.81663539 40.4880539019 241.188555714 22.5119460981 7.18336461238 54.007803367
2448 3.08179046005 31.3372904382 150.412706152 291.93818585 0.597120679347 0.9279154292 4.5291312424 202.007646799 321.066794666 214.083305598 0 1679.99813316 40.4465301863 240.032081392 22.5534698137 7.00186683435 53.9332053347
2472 3.01225590866 25.6008997217 149.596905789 291.958834366 0.609547390142 0.994476447508 2.39820085656 204.03894094 321.209570308 214.752453369 0 1680.15930061 40.7546972967 241.145325477 22.2453027033 6.84069938998 53.7904296925
2496 2.9472974917 26.6836072123 148.023239011 291.978843681 0.606404429523 0.0548722465553 3.00961512405 204.350264519 321.334330303 218.457585987 0 1680.30559926 40.6692268059 234.737942089 22.3307731941 6.69440073414 53.6656696976
2520 2.87946770135 29.9173145663 147.47060944 291.999707066 0.588889555205 0.135993092015 2.08119503874 205.194215249 321.175208833 212.863438879 0 1680.45712851 40.5023578704 229.792416988 22.4976421296 6.54287148885 53.8247911676
2544 2.8190295427 23.8427463367 148.131025619 292.018231773 0.575941855241 0.21011923295 2.515782278 204.679924861 321.345027044 215.771577822 0 1680.59708289 40.7913698208 226.339137898 22.2086301792 6.40291710754 53.6549729565
2568 2.7591626206 27.203161816 148.765193547 292.036595786 0.564968261574 0.251030415959 3.08976371201 204.057641825 321.169127676 208.529507074 0 1680.73017601 40.5283045903 224.164880243 22.4716954097 6.26982399083 53.8308723244
2592 2.70349426834 24.2598066912 148.771940925 292.053737635 0.556892544334 0.336604836303 2.23211790382 204.82064708 321.117298374 201.899500496 0 1680.85803428 40.7046218924 226.215803161 22.2953781076 6.1419657169 53.8827016263
2616 2.65071590456 24.2268673573 141.462353739 292.070122308 0.551612363379 0.420204261991 4.16458031007 202.793480757 321.559749886 212.980123461 0 1680.97791636 40.7441188957 221.474553056 22.2558811043 6.0220836344 53.4402501143
2640 2.59917116842 24.143039074 144.139740726 292.086329914 0.549421388122 0.532415076216 5.00638854001 201.825445082 321.383228249 208.502883878 0 1681.09411225 40.6674224575 220.113309662 22.3325775425 5.90588774364 53.6167717509
2664 2.5495725411 22.0354521448 147.731557503 292.102212237 0.550017581994 0.607791529703 3.79886755803 202.941111093 321.344432822 205.336856533 0 1681.20730992 40.7934542359 216.959771953 22.2065457641 5.79269007683 53.6555671782
2688 2.50009063047 23.3607856277 145.51044916 292.118415125 0.552574934404 0.671013706919 3.71150230324 202.946493931 321.127442544 194.37638192 0 1681.31873905 40.6887201133 217.994543204 22.3112798867 5.6812609463 53.8725574559
2712 2.45141212124 25.4373697656 143.943291311 292.134775664 0.557307848436 0.771283795154 4.56236784673 201.974264846 321.148094453 192.612049059 0 1681.42789324 40.5381617178 213.219045056 22.4618382822 5.57210675785 53.8519055474
2736 2.40640046994 19.8704978898 143.710613358 292.150360796 0.564295465184 0.848258937994 3.10319478034 203.333890021 321.310408303 194.931549068 0 1681.53250672 40.9311506781 211.744048537 22.0688493219 5.46749328056 53.6895916971
2760 2.36515010474 20.1271657307 146.230711041 292.165097119 0.572267824516 0.898792022378 1.30983207979 205.054010955 321.368800468 194.11652066 0 1681.6263515 40.9891921189 206.526446027 22.0108078811 5.37364849937 53.6311995324
2784 2.3249931922 19.7179606707 143.540981642 292.179905866 0.580870579359 0.926941636222 1.50686556129 204.805416357 321.344821729 196.395335965 0 1681.71702241 40.9199343799 201.636289313 22.0800656201 5.28297759216 53.6551782716
2808 2.28425872768 20.8098981763 143.238314338 292.195430629 0.590312238038 0.957577671424 2.86496580206 203.39171366 321.25143123 190.83607572 0 1681.80819675 40.7451472955 199.068128114 22.2548527045 5.19180324411 53.7485687704
2832 2.24557456474 22.4891751424 141.089527217 292.210677978 0.598326129952 0.0170797159277 3.98473551494 203.189180662 321.33932195 188.757491722 0 1681.89630331 40.7771151551 198.581151036 22.2228848449 5.10369668703 53.6606780503
2856 2.20790333825 19.6834666152 142.980102992 292.225683667 0.584592893808 0.0754602566074 1.12205246921 205.992210714 321.292357477 188.968266521 0 1681.98192844 40.8415751587 194.317542141 22.1584248413 5.01807156267 53.7076425233
2880 2.17287558257 20.6738758647 144.19001455 292.23956405 0.572868525529 0.104992752601 1.02653345903 206.056041213 321.187935929 183.449896502 0 1682.06106338 40.7740220145 192.289534115 22.2259779855 4.93893661649 53.8120640712
2904 2.13771560741 20.0652438396 143.546869603 292.253445678 0.561852189276 0.136424772752 3.02502087539 204.023256485 321.125613884 177.958748037 0 1682.14082195 40.7781475939 192.360019773 22.2218524061 4.85917804698 53.8743861161
2928 2.09932858214 21.5082287403 144.672973967 292.268566484 0.551028329462 0.186399773153 3.54347224971 203.450533164 320.808269466 165.774215616 0 1682.2261497 40.5482352462 191.533654671 22.4517647538 4.77385029614 54.1917305347
2952 2.06615222959 18.5014580961 146.998599599 292.281638528 0.543505532804 0.270895413146 3.3081992738 203.595761252 320.852647153 161.547658072 0 1682.30372254 40.9201947022 187.880727808 22.0798052978 4.69627746129 54.1473528472
2976 2.03408117052 18.6719326117 142.432159501 292.294325463 0.538161543875 0.349724112947 1.9899504263 204.827838455 320.845046414 160.09650541 0 1682.37581264 40.8007814782 185.429874504 22.1992185218 4.62418735548 54.1549535864
3000 2.00502287023 17.1372014454 141.257504479 292.30589961 0.534478091838 0.378821654092 1.37931775275 205.401482892 320.972056648 160.161404174 0 1682.44267446 40.9926326218 183.131056206 22.0073673782 4.55732554334 54.0279433524
3024 1.97301544823 17.4745932476 138.282760605 292.318760179 0.531288608317 0.424722822922 2.25893501525 204.466293375 321.005036417 160.60868806 0 1682.51453558 40.8811478074 180.994022017 22.1188521926 4.48546442101 53.9949635834
3048.0 1001.94552895 16.0132151773 140.354777086 292.329918926 0.529319825536 0.445971924006 0.547982603054 206.146806722 320.979843361 157.473004339 0 1682.57783146 41.0773974044 179.994978732 21.9226025956 4.42216854307 54.0201566398
3072 390.232978093 5371.14059949 178.060876501 297.74430602 6.43476299512 32.3504840739 58.7533582188 104.717088693 275.237221669 918.439925404 0 1135.48325906 39.8761079951 392.556224498 23.1238920049 551.516740945 99.7627783319
3096 91.9590281407 3472.44869347 184.072617486 327.068219016 17.5430145604 28.3568393531 54.9537140283 72.0782130423 274.30018435 367.955288334 0 1479.69541641 39.0620878949 441.24529369 23.9379121051 207.30458359 100.699815651
3120 33.7429834854 1185.74110783 177.028362779 346.144489558 6.89637444402 21.9661081815 49.5139491925 75.479078625 292.469013849 267.157270055 0 1606.83364836 39.0646065302 447.698877294 23.9353934698 80.1663516429 82.530986152
3144 21.2741259249 430.722988786 169.785089194 350.756847752 1.64011607254 11.4801356544 24.4936772384 111.629223283 309.466003504 324.214787373 0 1638.26263395 39.3734024938 435.888846681 23.6265975062 48.7373660515 65.5339964972
3168 16.6648773793 272.977564504 163.615525906 351.254537224 1.58343456252 2.98671988895 19.2339813799 124.941326946 314.585274072 339.998223811 0 1649.12538239 39.5578180993 420.064686619 23.4421819007 37.8746176102 60.4147259286
3192 13.9934342259 208.446875401 167.104202131 351.467123877 0.226684553078 1.90612031266 13.5660116557 132.834059602 316.942445051 355.102211355 0 1655.25968713 39.6631055688 405.191514629 23.3368944312 31.7403128767 58.0575549497
3216 12.1874353806 161.323487187 167.493600297 351.535422683 0.492827362964 2.82566174871 13.436434355 131.709653851 318.744602133 389.057783226 0 1659.40018518 39.7948170422 390.381478461 23.2051829578 27.5998148239 56.255397868
3240 10.8846883337 144.517170476 179.371724651 351.633835015 0.646327941863 1.73125112401 9.93884773776 136.049738182 318.941094864 370.815093254 0 1662.33827567 39.8081026871 389.334514447 23.1918973129 24.6617243333 56.058905137
3264 9.85311529192 127.389209073 176.555723999 351.736586885 0.69902167669 1.05032697099 9.88320342126 136.630861047 319.282364874 362.813234784 0 1664.67278906 39.8500761738 384.140658332 23.1499238262 22.3272109446 55.7176351266
3288 9.00559286649 113.359833818 169.498366564 351.834236101 0.735544338304 0.0852314404254 11.3094055321 136.035582589 320.048890848 368.725648594 0 1666.58875702 39.884934066 377.305507297 23.115065934 20.4112429796 54.9511091526
3312 8.25854482734 108.30587976 163.93679206 351.927989469 0.730127025731 1.14385800341 8.07353947861 138.124486024 320.10118186 349.558434871 0 1668.2641307 39.8525343665 377.046385352 23.1474656335 18.7358693033 54.8988181405
3336 7.63124750896 96.9716612212 166.306762619 352.014516678 0.732398475736 0.974230860754 5.60066342635 140.67819056 320.391362857 349.160694106 0 1669.6889968 39.9065217652 366.450921982 23.0934782348 17.3110032024 54.6086371437
3360 7.11129575946 86.2162094616 163.399960087 352.091145988 0.71622706562 0.852918990101 10.2455706229 136.094137334 320.864698682 350.526100125 0 1670.87254953 39.9961312964 361.293606284 23.0038687036 16.1274504776 54.1353013185
3384 6.66543843846 86.9175482066 165.728982291 352.162396846 0.755096404238 0.409179538576 7.09342112907 139.579906083 320.491940352 327.906247424 0 1671.86982787 39.8950146813 358.434516681 23.1049853187 15.130172131 54.5080596492
3408 6.25108082169 73.2761157309 165.600170541 352.234469649 0.75012756961 0.896254072673 5.07506530333 141.044083406 320.630703485 317.082576185 0 1672.81323733 40.0008680806 351.839418132 22.9991319194 14.1867626682 54.3692965162
3432 5.89394159647 75.3340954891 162.693197028 352.30159108 0.775364668199 1.20712464632 6.14562966657 139.570289939 320.437769144 299.844718836 0 1673.61515013 39.9252765242 344.397311924 23.0747234758 13.3848498766 54.5622308569
3456 5.5845666541 63.3686119095 164.883319199 352.363182426 0.7538640567 0.73696444297 5.84704675205 140.298942322 320.647671164 293.145148666 0 1674.3246499 40.0820034342 337.948970489 22.9179965658 12.6753501017 54.3523288366
3480 5.32103175397 55.1465032971 161.856662628 352.418013456 0.751485348708 0.101971674385 7.6079363336 139.120593187 320.995475024 295.974081742 0 1674.92775499 40.2093031366 330.842463074 22.7906968634 12.07224501 54.0045249773
3504 5.09634725123 57.8379826952 157.207724173 352.465601222 0.722659916456 0.393929755733 2.46934030704 143.948468799 321.377409952 304.972969779 0 1675.4342943 40.1614569962 320.676084607 22.8385430038 11.5657057075 53.6225900486
3528 4.87541045152 52.20268822 157.641119115 352.513088518 0.709176983847 0.658980121765 4.59619813473 141.522556242 321.344958069 302.624146909 0 1675.93412075 40.2000676626 316.374294484 22.7999323374 11.0658792548 53.655041932
3552 4.6810778295 52.7650298116 162.833980772 352.556407196 0.713026999858 0.884896510909 2.95697609001 142.888693204 321.131749742 289.658708792 0 1676.37237952 40.1521838016 308.768599328 22.8478161984 10.6276204864 53.8682502588
3576 4.49615922247 50.0886948207 157.765924754 352.599883651 0.726130337473 0.972738305408 1.48080900804 144.220438699 321.159975546 280.963490381 0 1676.79081281 40.1754708466 308.624926542 22.8245291534 10.209187192 53.8400244548
3600 4.31956145394 47.2961122059 161.335825249 352.643273954 0.705757739195 0.115119526194 2.94169952951 143.594149252 320.788490297 262.399718948 0 1677.19052963 40.1925451326 304.361010369 22.8074548674 9.80947036907 54.2115097039
3624 4.16434484666 45.6160780219 158.868367681 352.681194227 0.677271604087 0.240604592035 2.71222138561 143.688708192 321.014817451 257.921394339 0 1677.54497268 40.2730760509 298.213013346 22.7269239491 9.45502731838 53.9851825493
3648 4.02276575454 40.7498830681 158.755545454 352.715827303 0.659246728779 0.399760624365 2.95203531738 143.273130028 321.002171672 253.373234996 0 1677.86590806 40.3226225337 293.295023246 22.6773774663 9.13409194193 53.997828329
3672 3.89974688216 37.7577049496 155.854425596 352.74632231 0.651225786685 0.545745932975 2.42297176836 143.633734202 321.34726003 257.27004017 0 1678.14809203 40.4881671436 289.449059581 22.5118328564 8.85190796968 53.6527399706
3696 3.77920830279 40.5665332581 155.728900218 352.776898404 0.647731818679 0.616951224764 4.10302818608 141.855390367 321.036379978 247.996292729 0 1678.4163226 40.2962244904 287.190429442 22.7037755096 8.58367740408 53.963620023
3720 3.6659697519 36.1420904095 153.475458973 352.806471733 0.649195820425 0.728695206409 3.47433780136 142.34129944 321.201907161 248.021255992 0 1678.67616985 40.4541072225 280.776554912 22.5458927775 8.32383015269 53.7980928399
3744 3.56051292133 34.5344986715 155.702034762 352.834992059 0.653944215579 0.787217869849 1.6728341965 144.051011659 321.170671465 243.238099053 0 1678.9142826 40.4311889262 274.368107271 22.5688110738 8.08571739923 53.8293285362
3768 3.46656380763 31.0195705338 154.28395265 352.861344104 0.660410019106 0.847424601672 1.33004662712 144.300774649 321.530479004 251.389804712 0 1679.12937032 40.5855965019 267.828170852 22.4144034981 7.87062968598 53.4695209971
3792 3.37344050763 33.0646466064 156.016396727 352.88848559 0.668885882779 0.903211397097 3.09396116682 142.445455964 321.180947727 240.833945165 0 1679.33784138 40.4386400525 263.005419494 22.5613599475 7.66215862705 53.8190522734
3816 3.28469647024 33.1354480313 150.217378222 352.915437444 0.679526361241 0.974960566471 1.69294489961 143.737130729 321.402876049 240.575408469 0 1679.53933911 40.4803588371 257.910380975 22.5196411629 7.46066089298 53.5971239522
3840 3.20012341861 31.3224870839 153.559204004 352.942257206 0.691404118892 0.99164527769 1.27116364338 144.103529754 321.219102635 230.719458461 0 1679.73172247 40.5397789961 255.419172719 22.4602210039 7.26827753486 53.7808973655
3864 3.11994426711 29.0265878107 150.769068534 352.968796698 0.70338099297 1.03443929067 1.64020207055 143.653180948 321.295978572 230.867004634 0 1679.91355433 40.5805792774 249.391577133 22.4194207226 7.08644567453 53.7040214288
3888 3.05080735538 27.8240410239 155.693952236 352.992348306 0.691513690018 0.0917099096423 2.40886708365 143.815561012 321.071228242 221.320227984 0 1680.07102379 40.6277684615 246.940931953 22.3722315385 6.92897621787 53.9287717583
3912 2.98703506444 25.2693391374 151.211987216 353.013968892 0.673452508944 0.14258223398 2.93278172869 143.237214637 321.439955483 228.316212752 0 1680.21688426 40.7811410485 240.995799767 22.2188589515 6.78311574507 53.5600445175
3936 2.92151519889 30.1685175002 148.194826521 353.036097151 0.657230256987 0.204687915516 2.6583370194 143.443647658 321.429166063 225.399364431 0 1680.3619213 40.4734164036 238.481932022 22.5265835964 6.63807870394 53.5708339377
3960 2.85422805952 26.5926302963 144.92398868 353.058812522 0.643164001375 0.282631087664 1.58999112317 144.425401267 321.545695074 226.381766783 0 1680.51563199 40.6108357434 238.338116467 22.3891642566 6.48436801133 53.4543049268
3984 2.79246118775 25.6939381168 150.221165505 353.079735832 0.632227089714 0.321949717882 2.28231249191 143.683774869 321.261281873 215.786225695 0 1680.65603211 40.6617290867 237.366961851 22.3382709133 6.34396789231 53.7387181275
4008 2.73503431816 26.4503992101 150.329967899 353.099300175 0.623402480712 0.36492997582 1.72362948827 144.188737881 321.202650743 209.557917008 0 1680.78597534 40.632661619 233.740933179 22.367338381 6.21402465941 53.7973492583
4032 2.67894853335 23.552964215 148.20698707 353.118556973 0.615945917707 0.387893686823 1.18833158891 144.689271834 321.324512704 211.241880241 0 1680.91390205 40.7434219307 229.517533483 22.2565780693 6.08609794854 53.6754872965
4056 2.62596406139 24.4773003138 150.043199954 353.136916274 0.609716503607 0.428007359384 1.45430021124 144.371059652 321.150839251 203.23549464 0 1681.03323425 40.6507109602 225.627538293 22.3492890398 5.96676575286 53.8491607494
4080 2.57910986522 21.5616255306 146.661226271 353.153318738 0.605120016336 0.445581501329 1.33324262881 144.462737117 321.444263429 206.955346183 0 1681.14129601 40.8872796209 224.106310484 22.1127203791 5.85870399082 53.5557365721
4104 2.5299465468 22.9754724949 144.286946984 353.170726591 0.601041136596 0.481135215236 2.44383985035 143.303257208 321.330012981 205.891937607 0 1681.25141746 40.7429105933 218.870758042 22.2570894067 5.74858254608 53.6699870201
4128 2.48286602452 23.1192648407 142.866517017 353.187624066 0.598727264364 0.556245423955 2.36993447078 143.287468776 321.499175489 208.510689383 0 1681.3582243 40.7404292687 213.007491438 22.2595707313 5.64177570342 53.5008245121
4152 2.43551654289 24.4389466731 142.697606074 353.204904262 0.598047777675 0.592245892914 2.47084098299 143.133961085 321.28661792 199.433148106 0 1681.46414647 40.5761452331 217.252114083 22.4238547669 5.53585353018 53.7133820804
4176 2.39132051572 21.1828725804 147.056618832 353.22133716 0.598607907517 0.639361231152 1.34139194381 144.199301758 321.17038588 194.214174048 0 1681.5661201 40.8199843304 214.6387744 22.1800156696 5.4338799051 53.8296141212
4200 2.3471303748 23.6724064812 147.048567385 353.238105036 0.600139686315 0.665563388396 0.323719119982 145.17247277 320.951923949 184.701188744 0 1681.66463652 40.5886562306 211.316708078 22.4113437694 5.33536348396 54.0480760521
4224 2.30335132284 23.13176731 145.324872942 353.255082094 0.602202506348 0.685578228333 1.3542705932 144.102866578 320.971584205 175.055552992 0 1681.76437231 40.6577439295 214.180226365 22.3422560705 5.23562768848 54.0284157956
4248 2.26145066827 19.9076883505 140.915286559 353.271698107 0.604602500285 0.695396766525 1.3018020042 144.126500623 321.134562336 179.316147495 0 1681.86015325 40.8163060186 213.050283236 22.1836939814 5.13984675 53.8654376647
4272 2.22506329599 19.4541871855 142.060265501 353.286439229 0.607277943904 0.745199473263 3.70517719763 141.655906157 321.302322323 181.222258162 0 1681.94355405 40.9287593171 211.10300933 22.0712406829 5.05644595347 53.6976776775
4296 2.18866163763 20.6711068736 145.422169315 353.301509213 0.61088398422 0.760260505964 1.23386078381 144.093485513 320.916451536 172.196022931 0 1682.02544584 40.7968566166 208.299664338 22.2031433834 4.97455415959 54.0835484651
4320 2.15241487959 19.6922707225 142.142310669 353.316859737 0.614738468609 0.768745076969 0.818492184338 144.481164534 321.092456727 174.446660608 0 1682.10787354 40.8732675813 203.791024938 22.1267324187 4.89212646009 53.9075432738
4344 2.11613434358 20.246853595 143.542575265 353.332585207 0.618753627036 0.792944225119 3.43523753045 141.820479411 320.938156636 167.227832115 0 1682.18945747 40.743446214 202.476162382 22.256553786 4.81054253803 54.0618433652
4368 2.08297654284 18.5339715931 142.297311807 353.347295484 0.6232568766 0.826391273211 2.77031929213 142.432737075 321.034919485 168.445646563 0 1682.26554804 40.9171529966 198.381606967 22.0828470034 4.7344519605 53.9650805156
4392 2.05272706162 16.8813653924 141.297626931 353.361021647 0.627833198842 0.838519827567 0.895290240766 144.277335086 321.121663758 170.8251081 0 1682.33467761 41.0449188754 196.438073 21.9550811246 4.66532239375 53.8783362432
4416 2.02457697116 15.8234161211 143.152752415 353.374070301 0.632115872395 0.835944648598 0.872539319625 144.285329859 321.08827535 169.485285173 0 1682.39904153 41.1825418971 193.686549397 21.8174581029 4.6009584744 53.9117246505
4440 1.99297731952 18.58604311 140.464019166 353.389044286 0.637154151475 0.862338880765 1.20444866701 143.907014015 320.938608968 163.288094651 0 1682.46895317 40.7942012036 193.028993992 22.2057987964 4.5310468357 54.0613910326
4464 1.96370092844 18.6693781778 141.243616535 353.403244062 0.64223709383 0.876523169887 2.35836148495 142.71963419 320.918370349 157.675774805 0 1682.5359511 40.8836593007 193.494697403 22.1163406993 4.46404890036 54.0816296514
4488.0 1001.934611 17.1088051844 138.577992949 353.417681888 0.647623442946 0.886176366818 0.546841251887 144.501677051 321.056090646 161.626201631 0 1682.60200628 40.9330419985 191.055290121 22.0669580015 4.39799372207 53.9439093546
4512 367.41390028 5207.2068756 169.783048864 358.431903926 5.62100269119 19.8810468547 41.7025630172 74.3634835116 274.812808861 883.166865258 0 1152.45439717 39.8282504248 384.759300038 23.1717495752 534.545602836 100.187191139
4536 87.6449535505 3352.00353904 178.13827509 381.797630525 12.1491951142 21.2834036674 40.7043664173 44.0654042771 274.493876349 360.430406375 0 1487.81615822 39.0537560736 443.928814909 23.9462439264 199.183841785 100.506123652
4560 33.027748681 1124.06462231 177.402641745 395.715439102 5.60977632537 13.3267403959 28.4099998887 56.9380442887 293.872595572 304.590965097 0 1608.75229218 39.0766422115 472.491463837 23.9233577885 78.24770782 81.1274044287
4584 21.0759609737 433.59621067 177.222199845 398.08293001 1.4651132451 9.56756090378 21.1384936505 69.7459021917 309.142472978 317.764557074 0 1638.69263157 39.3621483467 453.216800437 23.6378516533 48.3073684274 65.857527023
4608 16.6424587386 264.630422509 182.090191274 398.448989102 0.934497712569 3.52372999958 11.3942015634 85.6985816229 314.444722318 342.477669094 0 1649.20859477 39.5803406452 413.830952414 23.4196593548 37.7914052313 60.5552776827
4632 14.1872904248 180.493696571 183.019182985 398.648846799 0.235707063745 2.04250357643 11.9384161736 87.134526388 317.737909395 389.545508584 0 1654.93150301 39.8371193576 387.194893423 23.1628806424 32.0684969872 57.2620906054
4656 12.4685973868 176.449344848 173.865977432 398.718278979 0.464848265818 0.582651736636 7.51899177699 92.7152292427 318.327527251 386.797370853 0 1658.75655984 39.7437062693 373.077343897 23.2562937307 28.2434401587 56.6724727493
4680 11.0726454983 155.573855282 168.323229071 398.808382276 0.564030586093 0.819621335459 10.4181215051 89.3898442983 319.113807548 382.372769015 0 1661.90530452 39.7725972923 363.685795919 23.2274027077 25.0946954863 55.8861924526
4704 9.90300326172 136.569139163 173.144228927 398.908793128 0.627202453095 1.08154642855 5.24050722699 94.1419507639 318.950056723 351.283618142 0 1664.53226673 39.7648370372 355.778944781 23.2351629628 22.4677332689 56.0499432777
4728 9.03098339838 108.116806662 173.279416017 398.993193414 0.596266192708 0.552157639081 5.02601067216 94.8323720829 319.655576019 349.726467634 0 1666.53669593 39.9263360604 351.154492548 23.0736639396 20.4633040682 55.3444239814
4752 8.34268312583 101.831241307 167.741957264 399.065038282 0.621885918563 1.03527342869 2.70251090087 96.5752914706 320.255281969 353.362711088 0 1668.09410839 39.9524494705 343.174332717 23.0475505295 18.9058916085 54.7447180319
4776 7.74566103729 93.6612861326 169.468824888 399.134217435 0.607287835356 0.444891899643 3.8884356583 95.9251671721 320.555660402 353.975108517 0 1669.44405589 40.0009117756 331.834877773 22.9990882244 17.5559441081 54.444339599
4800 7.23287025293 86.6814065616 171.748839091 399.196421322 0.608786450838 0.745627167506 2.39396318352 97.0552018766 320.391536054 334.508083279 0 1670.59991126 40.0008179449 327.807640938 22.9991820551 16.4000887466 54.6084639464
4824 6.77242062186 81.6895275298 170.82904534 399.257624494 0.637183967341 1.08363475941 5.33086167768 93.6906951019 320.199607974 317.16257564 0 1671.63271068 39.9574484735 324.031330264 23.0425515265 15.3672893178 54.8003920267
4848 6.39495131956 71.3617349725 167.77396253 399.314347981 0.671480719661 0.40523675353 3.02180968494 96.5871248613 320.716569474 317.892422671 0 1672.50009553 40.1182698002 322.415410932 22.8817301998 14.4999044672 54.2834305265
4872 6.0490734191 69.0964452614 169.836871053 399.369679633 0.658284604945 0.625821446457 3.79434310846 95.5518712075 320.425130096 299.554331708 0 1673.2753016 40.0555027983 317.263669205 22.9444972017 13.7246984006 54.5748699042
4896 5.74989398725 66.3974366938 161.844349469 399.419920267 0.665124194821 0.849106720768 3.78090574234 95.2849430753 320.99610643 307.593891486 0 1673.95528876 40.1043246142 308.519212503 22.8956753858 13.0447112454 54.003893571
4920 5.4695319951 63.7035147173 165.789912746 399.47048841 0.684918207831 0.983442149482 1.79045188549 97.0706993475 320.749396579 293.862396052 0 1674.58423446 40.0508535596 304.501458958 22.9491464404 12.415765541 54.2506034221
4944 5.22366839737 61.2596626401 162.607393073 399.518206942 0.684117630533 0.113836742629 3.2750541431 96.4087845429 320.771325106 279.595762571 0 1675.14489026 40.1405074901 307.041214692 22.8594925099 11.8551097429 54.228674895
4968 4.99402783272 56.4562642611 163.686804745 399.563256696 0.655032338565 0.342389616618 2.49954875412 96.9397725952 320.871283355 274.155332436 0 1675.6657121 40.1848752004 298.978857926 22.8151247996 11.3342879066 54.1287166452
4992 4.78494908151 54.3991881655 157.473631765 399.604727995 0.63957131415 0.480423223473 1.54577450893 97.7295029595 320.796263699 268.540878679 0 1676.13567677 40.1295990421 296.357713509 22.8704009579 10.86432323 54.2037363014
5016 4.59097592573 48.5286344861 156.763596157 399.644183871 0.63269862628 0.580452029029 3.43923781814 95.7034276558 320.962157331 267.061989728 0 1676.57741399 40.2143662506 292.848652635 22.7856337494 10.4225860074 54.0378426699
5040 4.42421148461 44.4077726689 159.463551743 399.67931139 0.634304395695 0.702230453241 0.619215895914 98.3649378657 321.124926035 271.503495035 0 1676.95856383 40.3211549494 281.058778009 22.6788450506 10.0414361737 53.8750739651
5064 4.26488224084 44.1943713496 156.662934812 399.714310311 0.638151919217 0.729155962524 2.93213338715 95.986248421 321.239437764 269.814217738 0 1677.31808157 40.3190468051 271.886421335 22.6809531949 9.68191843585 53.7605622367
5088 4.1206066113 42.2554783817 156.816844412 399.747399114 0.644304641055 0.793496955391 2.82866290355 95.9861363865 321.413470893 269.520481494 0 1677.64640473 40.3731767887 263.917947477 22.6268232113 9.35359527671 53.586529108
5112 3.99148204762 43.2180834239 156.724793374 399.778348856 0.652037325452 0.829698583228 1.39625828677 97.3436569492 321.39560594 264.572073612 0 1677.9379019 40.3366980674 260.105715863 22.6633019326 9.06209809969 53.6043940603
5136 3.86083635147 42.2249841102 155.306558927 399.81113857 0.662122413889 0.886391647699 2.12352473782 96.5168226313 321.180473624 255.700443634 0 1678.23077131 40.2542136389 257.019313991 22.7457863611 8.76922869201 53.8195263765
5160 3.73936385395 37.2200350119 152.764280175 399.84315363 0.673130010092 0.896129290502 0.746507180111 97.8410798904 321.277539721 250.242522797 0 1678.50845109 40.3779926133 257.511540637 22.6220073867 8.49154891284 53.7224602793
5184 3.62900393437 36.3821525389 152.288951521 399.873635764 0.683961028919 0.950254948111 1.98379594645 96.5083523127 321.258974009 246.864654655 0 1678.75871877 40.3939015027 252.543061807 22.6060984973 8.24128123428 53.7410259912
5208 3.52424526395 38.7743622751 150.081402603 399.903945663 0.695752778369 0.967615537845 1.19113588554 97.2415501356 321.202868147 238.654825502 0 1678.99375449 40.2991927852 251.13397113 22.7008072148 8.00624551142 53.7971318533
5232 3.42384016781 33.7143470118 152.023584151 399.934373154 0.708013970943 0.999169157029 2.30857254112 96.0498711779 321.236154271 235.696733176 0 1679.22378102 40.4539337518 248.286280897 22.5460662482 7.77621898621 53.7638457294
5256 3.33262730862 32.9096219227 149.943424626 399.963112756 0.701725541946 0.0900529290347 1.08306169263 98.1620470814 321.352272441 235.82478588 0 1679.43044442 40.4568165519 245.89580875 22.5431834481 7.56955558206 53.6477275594
5280 3.24724432331 31.3923260147 153.80064356 399.989984507 0.679174277376 0.1359609471 1.84545949245 97.3494207769 321.327340113 228.936950753 0 1679.62487765 40.5347945716 245.066495301 22.4652054284 7.37512235133 53.6726598874
5304 3.16022337101 32.0854909524 152.227598077 400.017227538 0.658488941167 0.182699267321 1.77952190551 97.3620623485 321.026802664 221.478521098 0 1679.81942685 40.3856299629 240.582304216 22.6143700371 7.18057314758 53.9731973367
5328 3.08421938108 30.3019076365 154.642597522 400.040973679 0.642536210744 0.236025915316 1.2762983363 97.8041658594 321.067142219 216.633767624 0 1679.99452312 40.567000003 234.670170646 22.432999997 7.0054768772 53.932857782
5352 3.01493167293 25.8015914312 150.457020983 400.06264744 0.629558499314 0.265983154638 0.575069339761 98.4667415668 321.159287667 214.192891224 0 1680.15299463 40.7323335816 236.075725414 22.2676664184 6.84700537305 53.8407123341
5376 2.95448994233 24.9118565288 151.107080115 400.081609774 0.619181604367 0.303445738688 0.490906136645 98.5048567472 321.223331691 215.000580302 0 1680.29079109 40.7998320657 231.868555769 22.2001679343 6.70920891438 53.7766683096
5400 2.89511532268 25.7756794066 148.247279682 400.100322702 0.609997352114 0.324090872178 1.44470920814 97.5208798664 321.306795397 216.604949491 0 1680.42484844 40.7688787972 228.001830882 22.2311212028 6.57515155729 53.6932046038
5424 2.83290870825 26.6013496447 145.920524694 400.120051314 0.601231129293 0.349677516637 1.59547255202 97.3335674886 321.319944577 215.547997928 0 1680.56412053 40.6106827465 225.595040314 22.3893172535 6.43587947672 53.6800554232
5448 2.76567661563 31.6248079523 148.78019465 400.141558357 0.59297625709 0.391851504676 2.04795195028 96.8256619315 320.938972493 198.986572939 0 1680.71293743 40.3360970924 224.39843074 22.6639029076 6.28706256963 54.0610275075
5472 2.70409881604 25.593895769 146.516259793 400.161485689 0.587434729694 0.452572503217 1.23580059197 97.5627064872 321.129863793 203.710369278 0 1680.85572297 40.606663954 218.58830676 22.393336046 6.1442770317 53.8701362078
5496 2.65049241628 25.0035499839 145.560328264 400.179070777 0.583652856727 0.472866089843 2.13459417454 96.6298161028 321.273970666 203.727768943 0 1680.97751682 40.6254077785 216.203766665 22.3745922215 6.0224831773 53.7260293348
5520 2.59869226367 23.7005647939 148.22398468 400.196305721 0.580736744871 0.489179220784 0.996785141071 97.7369931734 321.185298596 200.82776363 0 1681.09541938 40.6962715503 210.18973934 22.3037284497 5.90458062495 53.8147014048
5544 2.55009214583 22.0861211346 149.626486214 400.212719206 0.578711473293 0.531787389206 1.67802837279 96.998753559 321.161021766 196.888189196 0 1681.20649129 40.8401378083 208.486716079 22.1598621917 5.7935087132 53.8389782348
5568 2.50268039206 22.6499036386 146.705556631 400.228994518 0.577702625664 0.554701095752 1.37898678802 97.2596149737 321.126464121 194.611244699 0 1681.31322485 40.7429771238 205.003283872 22.2570228762 5.68677515209 53.8735358795
5592 2.45473539667 24.8339344884 143.182001523 400.245749497 0.577275725905 0.567702104658 1.18186003708 97.4274126362 321.125477213 191.373098631 0 1681.42066149 40.5782503782 201.859062686 22.4217496218 5.57933851393 53.8745227874
5616 2.4112455999 20.2169876409 140.151980193 400.261225925 0.577134088375 0.573650915074 0.783012083961 97.8049769878 321.563381148 201.644866802 0 1681.52156032 40.9136954313 198.966842387 22.0863045687 5.47843967743 53.4366188524
5640 2.37352934864 18.9091973325 143.722507835 400.274874811 0.577312183315 0.601302611645 2.0310567401 96.5154536541 321.498514382 201.547874996 0 1681.60789441 41.0479817235 198.234949454 21.9520182765 5.39210559098 53.5014856186
5664 2.33303091241 22.1064090178 145.291605409 400.289786953 0.578021463888 0.608937853185 1.52818947621 96.9950642542 321.322760691 195.93743611 0 1681.69797208 40.7830082273 193.729756284 22.2169917727 5.30202792046 53.6772393097
5688 2.29226657891 19.3843066435 140.759474208 400.305081871 0.57892201005 0.614946143778 1.08849894587 97.4125510301 321.49526664 201.671339992 0 1681.7909637 40.899482209 189.474188838 22.100517791 5.20903630196 53.5047333606
5712 2.25374972061 21.3249879227 140.142808504 400.319811366 0.580146981818 0.640238253797 0.509240442585 97.9505629569 321.461482935 197.28164346 0 1681.87694832 40.6706127052 190.403552757 22.3293872948 5.12305168176 53.5385170652
5736 2.21428780787 19.5167027395 140.407465473 400.335204144 0.581691883356 0.638423508913 0.0876692307098 98.357011234 321.4802468 194.702146244 0 1681.9674093 40.8430257627 190.39606776 22.1569742373 5.03259069825 53.5197532002
5760 2.17661463842 20.3189910338 141.919269342 400.350195259 0.5831171377 0.641555484008 1.58235480341 96.842777317 321.261700532 187.917783278 0 1682.0520206 40.71336388 189.472589264 22.28663612 4.9479793983 53.7382994686
5784 2.14334139839 19.343362004 144.073180823 400.363685331 0.584511031169 0.649928305502 1.80993088816 96.5919444449 321.326651457 185.641033391 0 1682.12906634 40.9569045781 185.730608853 22.0430954219 4.87093366148 53.673348544
5808 2.10907832301 17.6506001509 141.722155792 400.377834022 0.586144679181 0.65566148273 1.14525333257 97.2351064847 321.308256683 185.016635844 0 1682.20651754 40.9715469171 184.165855898 22.0284530829 4.79348246248 53.6917433171
5832 2.07632170457 18.5792330381 141.176468218 400.391615868 0.587823773612 0.662914656567 0.409517989499 97.9481277125 321.205646869 179.194063531 0 1682.28050009 40.9102326534 182.735644244 22.0897673466 4.7194999147 53.7943531319
5856 2.04646485404 16.5034772351 140.909557293 400.404405054 0.589541813646 0.679994499653 2.48301204484 95.8430465884 321.294827802 179.850904789 0 1682.349289 41.123039922 180.445690048 21.876960078 4.65071100324 53.7051721982
5880 2.01683242106 17.460470431 143.230690447 400.417325996 0.591628065947 0.69036679988 1.58318744756 96.7174916914 321.100443231 170.240035835 0 1682.41552511 40.9250402172 181.279084558 22.0749597828 4.58447488726 53.89955677
5904 1.98679882572 16.6716812355 143.180883229 400.430665502 0.593832442742 0.695079310004 1.75476873365 96.5256540127 321.001260289 164.165796207 0 1682.48399396 41.0168992498 181.113004781 21.9831007502 4.51600604255 53.9987397121
5928.0 1001.95980883 15.515331109 139.580539381 400.442871631 0.596094265545 0.71345075825 1.7051223541 96.5424609919 321.186955834 167.358679777 0 1682.54582592 41.1715587951 180.085340555 21.8284412049 4.45417407885 53.813044167
5952 371.433205878 5153.56216685 179.003650186 403.788149852 5.97402202574 14.876398838 26.4627151243 48.8987141611 275.157621254 897.865041819 0 1149.68885326 39.8549042115 400.732580985 23.1450957885 537.311146742 99.8423787472
5976 89.7334247068 3304.65041263 183.326077934 419.374394846 6.64102637477 22.6166651644 21.8777179817 29.4901956345 275.247300932 388.865781955 0 1484.4154609 39.0693136325 442.744914642 23.9306863675 202.584539095 99.7526990692
6000 33.6355781903 1167.95222149 174.276238495 427.961287145 3.69139935131 15.0731606549 23.8338210708 29.4403317787 293.484948626 291.96791652 0 1607.28322256 39.0730988838 426.305154995 23.9269011162 79.7167774364 81.5150513749
6024 21.219048072 427.996774762 171.000064272 429.321675894 1.39650901908 6.22358038728 9.26436375253 53.793870948 309.199430944 311.213255346 0 1638.37464112 39.3747160259 427.651892296 23.6252839741 48.6253588757 65.8005690565
6048 16.715812499 270.066985973 165.452862432 429.640561972 0.327644985462 2.4614747434 10.9414070999 56.6289111996 314.80750406 337.823791553 0 1649.04814099 39.5875793304 416.272845609 23.4124206696 37.951859011 60.1924959415
6072 14.0755026243 204.01421133 167.427048145 429.744633129 0.475726666931 1.41966932704 5.29628932423 63.0636815533 317.106442257 361.800157085 0 1655.10307836 39.7029531628 400.270393097 23.2970468372 31.8969216357 57.8935577436
6096 12.2315260033 172.856806727 169.914793945 429.86200794 0.597518391902 0.90210574799 4.28245645438 64.3559114667 317.985843013 362.615877775 0 1659.2736967 39.7362661392 384.538628754 23.2637338608 27.7263032976 57.0141569879
6120 10.9106472292 140.008871332 173.862048382 429.964224383 0.582841734496 0.622325113137 5.49121247501 63.3393962954 319.292356599 388.776346541 0 1662.28915929 39.8355671431 361.073264241 23.1644328569 24.7108407115 55.7076434021
6144 9.8270994064 130.805934723 169.010023981 430.05779571 0.618237896962 1.01106152977 3.2141566189 65.0987482455 319.313959594 355.878153576 0 1664.72069804 39.8201030645 365.138108079 23.1798969355 22.2793019593 55.6860404072
6168 8.96572980596 114.70263252 169.874540562 430.140109355 0.587492542655 0.611972002458 2.39380184871 66.266624252 319.92527565 358.803724508 0 1666.6805057 39.8980476785 347.536572929 23.1019523214 20.3194943024 55.0747243514
6192 8.23753985272 107.571439408 166.809549473 430.215711983 0.608479229565 0.926576694973 3.27098540604 64.9782466868 320.106949368 348.805148065 0 1668.31528551 39.8682632865 338.953222443 23.1317367135 18.6847144895 54.8930506333
6216 7.63574667085 98.3625596692 169.78611892 430.286254538 0.60965024624 0.260936709093 4.25346119075 64.589697317 320.171424983 338.141338177 0 1669.6797409 39.9010502438 329.772531897 23.0989497562 17.3202590984 54.828575018
6240 7.11730778204 84.1613951797 160.743319555 430.349170413 0.587530367561 0.480914205547 0.977362516721 67.6050224976 320.735501261 337.405884987 0 1670.85787283 39.9894992679 330.644900547 23.0105007321 16.1421271654 54.26449874
6264 6.66734224743 87.5756466811 164.497476906 430.406486089 0.58602385455 0.664623130302 2.20556341553 66.1373035118 320.429008999 319.637355473 0 1671.8645836 39.892401269 324.538304971 23.107598731 15.1354163995 54.5709910021
6288 6.25387672518 75.0311080196 162.154728283 430.463347812 0.600389030846 0.821473158854 3.30165135878 64.8131386399 320.414289462 304.197274856 0 1672.80547384 39.9848961724 325.253662709 23.0151038276 14.19452616 54.5857105391
6312 5.90743450872 69.1379990882 162.986003738 430.515625232 0.62405892791 0.941083764266 1.7244312981 66.1948007787 320.561149973 293.148191369 0 1673.59407879 40.0580275535 321.838952555 22.9419724465 13.4059212039 54.4388500278
6336 5.60108453986 66.2367939621 159.1429503 430.566546697 0.651799058221 1.02150076192 0.824889021203 66.9352644627 320.626849908 284.55214918 0 1674.2849826 40.0411231171 320.490287586 22.9588768829 12.7150173969 54.3731500926
6360 5.33963230939 56.5093819941 160.002896671 430.612897144 0.628191242237 0.0848594408072 1.56065848691 67.1133936869 320.981347337 292.207653534 0 1674.88568073 40.2024067426 314.101572319 22.7975932574 12.1143192693 54.0186526636
6384 5.10897390285 56.3222533267 149.683299594 430.653389402 0.59549462249 0.151996991071 0.957168536267 67.6419504486 321.593484667 304.014676645 0 1675.40729877 40.2012969668 315.41260388 22.7987030332 11.5927012331 53.4065153341
6408 4.88242186003 54.9247776705 158.470105476 430.692937671 0.568049797083 0.218194487345 2.4656133177 66.0552047276 321.237627585 295.250050742 0 1675.91689332 40.1620419202 306.004468003 22.8379580798 11.0831066822 53.7623724157
6432 4.68099901108 54.5662055476 157.122839551 430.728238713 0.550492782001 0.334301054879 2.52359519749 65.8633722533 321.213014064 285.021119613 0 1676.37208958 40.1426400992 304.215930688 22.8573599008 10.6279104185 53.7869859366
6456 4.48652808553 53.955592437 157.302056453 430.762928349 0.540638099884 0.425695821253 1.63956022511 66.6311775059 321.110864291 275.312559646 0 1676.81111632 40.1301542846 293.873148777 22.8698457154 10.1888836818 53.8891357096
6480 4.31774433499 46.1471288507 156.736428057 430.793872209 0.535780170611 0.472552732277 1.41820512887 66.77958976 321.272641172 279.382307296 0 1677.19660114 40.2392871802 286.917159796 22.7607128198 9.80339885617 53.7273588288
6504 4.16515991423 41.5173934951 154.136744121 430.822718252 0.533616131252 0.516937007809 1.95466174418 66.1720668658 321.513691242 280.706137983 0 1677.54414922 40.3379467179 284.15640242 22.6620532821 9.45585078024 53.4863087592
6528 4.02481586026 45.8511527325 156.066186929 430.850166964 0.534731438575 0.581905674287 1.26751390216 66.7656820214 321.135882906 262.413255975 0 1677.85896763 40.2049473818 282.365661483 22.7950526182 9.14103237133 53.8641170945
6552 3.89397198774 39.8641620578 158.587203308 430.876753553 0.538147773298 0.617254217702 0.507610701063 67.4602337561 321.377883461 263.581313978 0 1678.15855488 40.3602176551 273.485742305 22.6397823449 8.84144512093 53.6221165396
6576 3.7763462088 35.1713756135 160.150400857 430.901601827 0.542120864945 0.636981334842 1.53657843203 66.3827175416 321.291713512 257.123887405 0 1678.42666122 40.4708786517 272.536427421 22.5291213483 8.57333877997 53.7082864892
6600 3.66861762364 36.219166348 156.774127209 430.925238773 0.547023426174 0.673601356657 1.35334339922 66.5007930462 321.250420387 252.318645133 0 1678.66995883 40.4460592558 268.081360744 22.5539407442 8.33004117266 53.749579614
6624 3.57094740431 32.3545478251 155.213693096 430.947494192 0.552908788254 0.715263577512 1.95876294114 65.8255705017 321.353833493 253.138673746 0 1678.89328309 40.5661113196 264.442525079 22.4338886804 8.1067169137 53.6461665085
6648 3.48014907876 35.898736985 157.020924911 430.968979917 0.559349768706 0.722470426447 0.50642600232 67.2427738866 321.253307568 244.941141183 0 1679.09761388 40.479009484 257.539471518 22.520990516 7.90238611485 53.746692433
6672 3.38283501514 35.5265301409 153.093068358 430.992922821 0.566276329232 0.729794642524 1.31140363748 66.3996025704 321.179177529 237.258473563 0 1679.31464376 40.324841765 257.24742552 22.675158235 7.68535624178 53.8208224721
6696 3.29052918272 30.9116952989 148.857642925 431.016567208 0.573274489503 0.74311345612 1.03240188023 66.6346429671 321.501833795 242.944803003 0 1679.52670996 40.5274985 250.552068603 22.4725015 7.47329004216 53.498166206
6720 3.21010453555 30.0130765091 150.782762418 431.037962226 0.579637009807 0.764697351741 2.44465382282 65.1730495909 321.514077634 241.180496306 0 1679.7096689 40.5693497659 244.623248944 22.4306502341 7.29033110319 53.4859223671
6744 3.13228846618 30.1097704353 149.724527225 431.059427967 0.586718657814 0.77871962794 0.847562919015 66.727570829 321.534326325 237.699497772 0 1679.88648654 40.6440147983 241.269409755 22.3559852017 7.11351345906 53.4656736762
6768 3.05147815719 33.3631207972 149.101287484 431.082576038 0.594021340407 0.777348958749 1.43828086287 66.1077728004 321.300668194 224.545884322 0 1680.0661337 40.393206289 241.201200369 22.606793711 6.93386630286 53.6993318075
6792 2.97805563086 27.3709072407 147.799318371 431.104400671 0.600905703851 0.808240341634 2.78592776834 64.700525516 321.381564498 226.467024415 0 1680.23510401 40.6037879485 237.49754695 22.3962120515 6.76489598856 53.6184355035
6816 2.90945164965 33.0183426484 152.53862911 431.125542419 0.608724135187 0.839239844518 1.02406054879 66.4024330535 321.062636075 211.738612269 0 1680.38789786 40.3687729548 233.308142003 22.6312270452 6.61210213506 53.9373639258
6840 2.83853907352 28.5629942337 150.525866257 431.148226962 0.616985264721 0.837847209484 1.46013439634 65.9368061678 320.973427779 205.939975733 0 1680.54922748 40.4501786942 229.555818572 22.5498213058 6.45077251459 54.0265722222
6864 2.77383993028 28.3702758732 143.580362573 431.16969968 0.624750371831 0.847766033486 0.712003230828 66.6457806849 321.192363325 204.026459746 0 1680.69654892 40.4954387953 229.207830816 22.5045612047 6.30345107951 53.8076366758
6888 2.71357496827 27.7163603376 148.05818613 431.190406349 0.632266090971 0.871570400906 1.82653806119 65.4792190984 321.039527054 197.268169518 0 1680.83433686 40.614418945 226.043363771 22.385581055 6.16566313498 53.9604729473
6912 2.66086043192 22.0709472642 149.150961115 431.209116962 0.639453428811 0.886412493299 1.72497408876 65.5400430281 321.124546882 199.649447676 0 1680.95593185 40.8790167584 220.282235127 22.1209832416 6.04406815276 53.8754531192
6936 2.61197467173 23.0684690312 148.615019556 431.227001168 0.646574015178 0.905310640688 0.507419515487 66.7136946616 321.180707145 198.398463917 0 1681.06613041 40.795698123 217.910258571 22.204301877 5.93386958428 53.8192928555
6960 2.56313305134 24.1710909951 147.301786257 431.245410971 0.653787778586 0.906276490108 1.35720300161 65.8373217599 321.268638185 199.850015012 0 1681.17642422 40.7419321987 212.890142835 22.2580678013 5.82357577763 53.731361816
6984 2.51491052838 22.0500972559 146.137350796 431.264141258 0.66114312213 0.923526966202 1.18424731091 65.9669413435 321.332069407 201.379729047 0 1681.28589135 40.8008400723 210.124691086 22.1991599277 5.71410864728 53.6679305936
7008 2.47026311262 21.3152502031 144.005779115 431.281998676 0.668071458676 0.92828769919 1.92912530597 65.1925168612 321.356438347 201.903041989 0 1681.38741057 40.8368232293 209.57411676 22.1631767707 5.61258943183 53.6435616541
7032 2.42705287842 21.7775582056 144.230019733 431.299773745 0.674925200431 0.932087546089 0.648625388117 66.444588121 321.423323815 202.230605616 0 1681.48523942 40.8175527118 207.24104552 22.1824472882 5.51476057902 53.5766761863
7056 2.38406477422 23.880491605 144.250662526 431.317957526 0.681721323726 0.928093781553 0.404838249149 66.6673891207 321.43600002 199.556692243 0 1681.5816321 40.6550098952 206.107785805 22.3449901048 5.41836789475 53.5639999813
7080 2.34053080651 20.4763376212 147.312998708 431.336894966 0.688311722167 0.920962718759 1.22194902274 65.8318815711 321.126388569 188.392608414 0 1681.68148102 40.8825196082 206.120484672 22.1174803918 5.31851897748 53.8736114325
7104 2.30041394983 20.8606341071 147.7432779 431.354823933 0.694402866765 0.926404849544 0.901483832238 66.1228845193 321.00632687 183.921302284 0 1681.77186048 40.7745470273 201.315455457 22.2254529727 5.22813952001 53.9936731315
7128 2.2620065868 19.0042315289 145.271226535 431.372435046 0.700232287553 0.927117731942 0.545551344651 66.454663591 321.093296946 181.0360268 0 1681.85967986 40.9232244654 201.712049194 22.0767755346 5.14032014369 53.9067030548
7152 2.22206195978 20.923876135 143.909401952 431.391228867 0.706185498985 0.922426909227 0.295724755756 66.6844339698 320.962587212 173.210662735 0 1681.94890735 40.7130843625 202.152833646 22.2869156375 5.05109265342 54.0374127885
7176 2.18559162522 19.8198861516 142.461264532 431.408824331 0.711429373115 0.918932589292 0.919494165549 66.0413195419 321.084575027 171.873261883 0 1682.03261616 40.8745056764 200.781523426 22.1254943236 4.96738383625 53.9154249744
7200 2.15191378116 18.9747659854 144.265747722 431.425451406 0.716152738597 0.916857743114 0.440499552657 66.5010385601 320.956207923 168.216125979 0 1682.10914746 40.8830009147 198.527152948 22.1169990853 4.89085254053 54.0437920778
7224 2.11918151618 17.8644803147 148.210267086 431.441968954 0.72064684498 0.911009208827 0.949084356076 65.9772906365 320.767700203 159.424013519 0 1682.18398658 41.0136451165 197.425174507 21.9863548835 4.81601341869 54.232299798
7248 2.08856330486 16.3682733345 142.15313829 431.45774655 0.724856976863 0.920735875361 1.35036011444 65.5463004846 320.970353226 163.448706 0 1682.25387583 41.1543066436 194.496251503 21.8456933564 4.74612416763 54.0296467749
7272 2.05973917326 16.4723877148 144.180713135 431.472899688 0.729002837297 0.930582929993 1.68626292227 65.1812516231 320.7578142 154.463170578 0 1682.3190827 41.1163592113 196.574980996 21.8836407887 4.68091730314 54.2421858006
7296 2.03074892195 16.5863287602 141.30015585 431.488444977 0.733210659966 0.926520507763 1.076446278 65.7753775777 320.867342459 153.307216401 0 1682.38452223 41.0668136762 197.698045728 21.9331863238 4.61547777046 54.1326575424
7320 2.00135915268 16.2843318766 142.655734519 431.50452363 0.737336031875 0.923452566546 0.503871597803 66.3308161749 320.889323702 151.62896747 0 1682.45120694 41.085319441 196.884347053 21.914680559 4.54879305545 54.1106762993
7344 1.97437277763 15.241158995 139.426283993 431.519576665 0.741078158102 0.923004305718 0.827994198343 65.9883466734 321.009949933 157.189914816 0 1682.5130411 41.2422305678 194.22589193 21.7577694322 4.48695889847 53.9900500678
7368 1.94791322884 16.1993915346 139.951045397 431.534611911 0.74474492682 0.92279256415 0.143042657168 66.6548079418 321.084485221 160.405264489 0 1682.57233028 41.0521293602 190.750743838 21.9478706398 4.42766971784 53.9155147801
7392 1.92232510152 15.0238378533 142.02811985 431.549418005 0.748167552888 0.916429236365 0.444129817533 66.3418553889 321.006104813 159.140650218 0 1682.63096218 41.2206035053 188.421478856 21.7793964947 4.36903781518 53.9938951879
7416 1.89577971223 16.5613338112 137.863877235 431.565059322 0.751632238673 0.917618575473 0.796361000735 65.9693288635 321.114793848 163.016895018 0 1682.69008451 40.9457399364 185.271913466 22.0542600636 4.3099154905 53.8852061526
7440 1.87162832072 14.6617045703 140.264490292 431.579545131 0.754760366866 0.914064717649 1.05215003324 65.6994797515 321.184909579 164.117817336 0 1682.74600208 41.2380379672 182.2649614 21.7619620328 4.2539979214 53.8150904223
7464 1.84712250645 15.8969246237 140.614047383 431.59449783 0.757932760274 0.918819573191 1.32581579032 65.402934047 320.921376973 154.504669446 0 1682.80110671 41.0740335559 184.319545467 21.9259664441 4.19889328525 54.0786230284
7488 1.82314930938 15.2876701973 140.08036717 431.609380612 0.761065671652 0.921995139506 1.59082593464 65.1167326429 320.921336156 151.732668931 0 1682.8553745 41.0784460223 184.434847467 21.9215539777 4.14462549983 54.0786638451
7512 1.80006229483 14.1806477019 142.463370994 431.623958434 0.764094627371 0.918925776211 0.836795607922 65.8562255556 320.903695467 150.655087519 0 1682.90826953 41.2461786878 180.638723237 21.7538213122 4.0917304701 54.0963045337
7536 1.77857873979 13.7281775872 139.186777548 431.637744736 0.766844707814 0.916741514232 1.00909975287 65.6695692901 320.952226438 150.427988993 0 1682.9572095 41.3186411139 180.925391375 21.6813588861 4.04279049453 54.0477735633
7560 1.75825465144 13.5014780377 138.755032476 431.650987134 0.769460025895 0.922400372033 1.11537841103 65.5417740574 321.011036982 148.760244182 0 1683.00340389 41.3467377645 181.29106412 21.6532622355 3.99659610701 53.9889630193
7584 1.73830430271 13.1779318109 138.206287782 431.664180417 0.77203598648 0.920202673941 0.22911198123 66.4144689424 320.989806273 149.040799628 0 1683.04876813 41.3937433724 179.672845508 21.6062566276 3.95123187303 54.0101937282
7608 1.71760472084 15.0951254531 138.255795676 431.678076595 0.774627247893 0.918390656413 1.39718464368 65.2317208579 321.029355653 148.49930921 0 1683.0947325 41.0322625719 178.166028944 21.9677374281 3.90526749445 53.9706443478
7632 1.69671924209 13.5484425487 139.167584122 431.692316429 0.77727842451 0.918056905898 0.5866039746 66.0257442664 320.926572275 146.102817541 0 1683.14268763 41.2594767102 176.726341667 21.7405232898 3.85731237274 54.0734277256
7656 1.67670433616 13.893762619 136.173871887 431.706173679 0.779737198006 0.914277297352 0.747080969745 65.8527308566 321.036459301 147.216829217 0 1683.18806926 41.2208263555 176.372514431 21.7791736445 3.81193073825 53.9635407
7680 1.65686409604 13.911755778 138.665714764 431.720117142 0.782076542235 0.909318312844 0.913480783387 65.6750072206 320.927531554 142.011534201 0 1683.23290235 41.162648155 178.046430899 21.837351845 3.76709765142 54.0724684474
7704 1.63815414912 12.9413381718 137.80516859 431.733458364 0.78427869219 0.918157150832 0.998862585427 65.5652432087 320.906936195 140.893902435 0 1683.27573706 41.3247604645 177.756690323 21.6752395355 3.72426293494 54.0930638063
7728 1.61972553766 13.6683416734 139.115903641 431.746786535 0.786485063239 0.914035074726 1.10554993724 65.4471433904 320.79639958 136.76436066 0 1683.31752973 41.3148470186 175.527795947 21.6851529814 3.68247026626 54.2036004208
7752 1.60041497029 13.3158462712 135.337783421 431.760956203 0.788720888825 0.909298658556 0.279428635994 66.2615956142 320.94001119 139.385509072 0 1683.36106296 41.209750672 174.379757081 21.790249328 3.63893703557 54.0599888109
7776 1.58342327673 12.6613712499 134.4843533 431.773599316 0.790593214055 0.903786654417 0.326718992602 66.2053018242 321.106072554 143.2107338 0 1683.40002913 41.3473957464 173.283740694 21.6526042536 3.59997086527 53.8939274466
7800 1.56573414053 13.0712743494 136.834056524 431.786937715 0.792444646048 0.898731712435 0.427524937885 66.0943609892 320.957073726 139.567494359 0 1683.43978865 41.2145939698 174.240150051 21.7854060302 3.56021134589 54.0429262753
7824 1.54949967435 13.3332873448 139.031341209 431.79933963 0.794063254853 0.893988888886 0.448899565371 66.063708662 320.951696633 137.748099694 0 1683.47697725 41.3045915582 172.237725984 21.6954084418 3.52302274974 54.0483033681
7848 1.53151851526 12.3195626598 137.812819201 431.813257595 0.795785336795 0.893919405052 0.58217199346 65.9148656703 320.895482847 136.241061955 0 1683.51765077 41.3290937356 169.339502038 21.6709062644 3.48234922394 54.1045171545
7872 1.51604264771 11.3648055562 138.592020777 431.82539226 0.797264516382 0.893045250349 0.569641528652 65.9146564455 320.849111241 134.378786016 0 1683.55326963 41.5484927829 166.550387449 21.4515072171 3.44673036969 54.15088876
7896 1.50102019941 13.8505398528 135.645158948 431.837311992 0.798651874732 0.887390039846 0.547388145758 65.9292579483 320.942310244 134.133789873 0 1683.58701712 41.3092303369 164.845879116 21.6907696631 3.41298287641 54.0576897569
7920 1.48449896605 12.0043217512 137.28779184 431.850582865 0.800083349957 0.882675985217 0.63093384075 65.8357239594 320.843425689 132.690393362 0 1683.62438513 41.3396788833 164.189287772 21.6603211167 3.37561486708 54.1565743117
7944 1.46926035272 11.5254091508 144.200213918 431.862975772 0.801331300755 0.878759568338 0.640125463785 65.8168078958 320.50248894 119.596817103 0 1683.65916314 41.4277250129 163.610693546 21.5722749871 3.34083686013 54.4975110613
7968 1.45496353019 10.9642942206 141.614529059 431.874737502 0.802453504925 0.877012399816 0.592514596994 65.8532819966 320.343437863 112.739478768 0 1683.69185144 41.5609967076 162.066825127 21.4390032924 3.30814855979 54.6565621384
7992 1.44175995412 10.5555211765 136.305701174 431.885717504 0.803466015097 0.877632571356 0.475815267618 65.9573686432 320.626039854 115.585760305 0 1683.72202735 41.6766631683 160.592097466 21.3233368317 3.27797265183 54.3739601468
8016 1.42792431659 11.7295758554 134.966898073 431.897346512 0.804521967055 0.878613966121 1.40929265224 65.0102249038 320.698002064 116.912203391 0 1683.75290434 41.3656518622 159.16598099 21.6343481378 3.24709565433 54.301997937
8040 1.41427032344 10.7762752271 134.714722497 431.908949264 0.805603996775 0.878855676876 0.340578307677 66.0660127558 320.783413945 120.597531685 0 1683.78422093 41.5694376206 156.81362951 21.4305623794 3.21577906979 54.2165860563
8064 1.40019323601 11.2546666143 135.466948231 431.921045565 0.806671412011 0.878128196451 1.31207577367 65.0820790536 320.708271275 119.092506354 0 1683.81586558 41.4127865301 154.540145938 21.5872134699 3.18413442239 54.2917287265
8088 1.38680840129 10.7078211992 132.535075102 431.932675466 0.807705564665 0.87916030087 0.241179966192 66.139278703 320.925688641 124.055531799 0 1683.84652304 41.5522949328 152.342717471 21.4477050672 3.15347696213 54.0743113601
8112 1.37405518985 12.0141838511 133.434132415 431.943875262 0.808657083901 0.876621101913 1.141800877 65.2290456762 320.876629927 123.286998939 0 1683.87538935 41.4413225725 151.213344109 21.5586774275 3.1246106531 54.1233700736
8136 1.36121780606 10.5489344252 136.121298485 431.955267769 0.809596168773 0.875164596276 1.0544718192 65.3054996474 320.771604769 121.451318163 0 1683.90462011 41.5537188817 150.116080301 21.4462811183 3.09537988719 54.2283952317
8160 1.34821311696 12.0934813675 135.502052836 431.966932284 0.810525278186 0.873601882991 0.987876215092 65.3610643403 320.680060876 117.769362635 0 1683.93381328 41.3301574776 149.064010529 21.6698425224 3.06618672067 54.3199391253
8184 1.33533558667 10.4281531987 134.381886543 431.978607092 0.811389071279 0.869214508812 0.926693703591 65.414095625 320.756878049 119.004729929 0 1683.96333233 41.5478617959 147.070391265 21.4521382041 3.03666766883 54.2431219522
8208 1.32405197947 9.72881512471 133.688798242 431.988939707 0.812087601265 0.864302983055 0.758861430143 65.5758082795 320.855025963 117.951285403 0 1683.989283 41.759314458 147.132410992 21.240685542 3.01071700226 54.1449740379
8232 1.31243470072 10.0990835845 134.813610455 431.999679385 0.812787069623 0.866650954713 0.608084788922 65.7127978021 320.853208971 118.507479438 0 1684.01543918 41.6158322228 145.215324097 21.3841677772 2.98456081608 54.1467910299
8256 1.30092895635 10.270921234 133.708019227 432.010419357 0.813480028825 0.863211736564 0.468005888545 65.8448829903 320.822299849 117.923473968 0 1684.04146274 41.5480182259 146.314292873 21.4519817741 2.95853725888 54.177700152
8280 1.28940407424 9.89577505989 132.910602519 432.021281731 0.81411819797 0.85886035784 0.338773847268 65.9669658665 320.81885159 118.256743112 0 1684.06775727 41.6446967508 145.44422086 21.3553032492 2.93224273159 54.1811484112
8304 1.27778858867 9.82645768665 133.736958856 432.032336433 0.814700924365 0.857813024062 1.21755975559 65.0775898635 320.733742236 115.582162298 0 1684.09411253 41.6447705094 144.608287466 21.3552294906 2.90588747144 54.2662577649
8328 1.26624981713 10.5444674226 135.225187996 432.043425872 0.815260905243 0.855828248846 1.10024762013 65.1852373541 320.619779586 110.976590335 0 1684.11999167 41.4170720935 144.783431543 21.5829279065 2.88000832957 54.3802204155
8352 1.25573214292 10.1566380848 133.204604519 432.053629123 0.815796033466 0.8596182922 0.900408994892 65.3705475572 320.754576502 109.370729471 0 1684.14428949 41.6712665374 146.971207828 21.3287334626 2.85571050787 54.2454234992
8376 1.24514230175 9.28594019091 133.543622275 432.063995959 0.816320294479 0.854974770945 0.729743087065 65.534965889 320.653806562 107.067090857 0 1684.16841049 41.779794985 148.124133859 21.220205015 2.8315895129 54.3461934394
8400 1.23492841485 10.0732264219 133.742023808 432.074084661 0.816774069088 0.850436384362 0.536406306235 65.72229858 320.676914252 106.58757257 0 1684.19131384 41.5279678752 148.262521058 21.4720321248 2.80868616106 54.3230857491
8424 1.22410568727 9.65911203586 136.454005163 432.084872002 0.817212953066 0.851275657819 0.387065421318 65.8595739662 320.427667569 100.571401691 0 1684.21597126 41.6176494339 146.450295107 21.3823505661 2.78402873782 54.5723324325
8448 1.21454171028 8.87947482078 134.640708771 432.094489258 0.817596987581 0.849946158295 0.149107285614 66.088860311 320.554789408 101.39466853 0 1684.23799325 41.8742564298 144.689433311 21.1257435702 2.7620067494 54.4452105933
8472 1.20464617203 9.97548713795 133.315640172 432.10452458 0.817959253548 0.846303016922 0.948398658303 65.2828144923 320.500691999 100.177549218 0 1684.26005112 41.511221648 142.977234439 21.488778352 2.73994887997 54.4993080022
8496 1.19515440312 8.82493833477 132.381737003 432.11423232 0.818299414396 0.845849678628 0.715027929549 65.5065906584 320.665685832 103.442512577 0 1684.28199492 41.8633321734 141.312512987 21.1366678266 2.7180050819 54.3343141689
8520 1.18587434139 8.82322500353 133.33859053 432.123802175 0.818603386648 0.841751293482 0.477736322992 65.7381068228 320.63180168 101.499020585 0 1684.30304273 41.8458655716 141.672271454 21.1541344284 2.69695726787 54.368198321
8544 1.17709321137 8.53396881467 133.169550764 432.13292976 0.818849784752 0.839413272091 0.201829373923 66.0069778103 320.496468644 97.0310839824 0 1684.32308593 41.9445770545 143.020705198 21.0554229455 2.67691406575 54.5035313569
8568 1.16819973322 8.7153765895 132.445216648 432.142246391 0.819057413168 0.836411361948 0.941961543679 65.2603232909 320.505779031 95.6297065914 0 1684.34317764 41.8543973244 142.392036988 21.1456026756 2.65682235609 54.4942209704
8592 1.15963375273 8.43787035809 131.94623161 432.151289315 0.819220492964 0.831719507777 0.66374857725 65.5340221075 320.516112738 95.2286191154 0 1684.36273329 41.9532578606 141.770930863 21.0467421394 2.63726671359 54.4838872628
8616 1.1510120387 8.83495147039 130.337803012 432.160460393 0.819350035596 0.828573947084 0.392411050169 65.7992045747 320.639269211 98.3754194126 0 1684.38214923 41.7874929894 140.189901182 21.2125070106 2.61785077238 54.3607307895
8640 1.14256725744 8.39456036873 130.499836051 432.169511291 0.819439479752 0.827729280231 1.10692190736 65.0763980426 320.685746306 100.066527164 0 1684.40147709 41.9425241733 139.635208601 21.0574758267 2.59852290974 54.3142536945
8664 1.13368880985 10.3993247663 134.589531346 432.179100569 0.819553432045 0.829280751199 0.85877864961 65.313286599 320.425245812 93.7312524097 0 1684.42119998 41.4619149703 138.1167912 21.5380850297 2.57880001509 54.5747541889
8688 1.12460706096 8.52145507507 132.719632651 432.188988909 0.819690851774 0.834268962943 1.62700781055 64.5300434663 320.555498554 96.4167034401 0 1684.44214815 41.8478998321 136.638050587 21.1521001679 2.55785184567 54.444501447
8712 1.11659419787 9.06959115209 131.081160472 432.197781657 0.819858212728 0.834370822109 0.318411985255 65.8295773241 320.611452732 96.772098341 0 1684.46044485 41.9041079206 136.188786393 21.0958920794 2.5395551464 54.3885472694
8736 1.10830298183 8.61876785197 131.051105863 432.206948286 0.820002640762 0.832683634976 1.04264661055 65.0977188283 320.539307293 94.2383506911 0 1684.47914549 41.7937054232 137.744396338 21.2062945768 2.52085451303 54.4606927082
8760 1.10043760822 8.0632630251 131.830360288 432.215709121 0.820116956524 0.829097938358 0.738625791212 65.3964501938 320.619665235 95.4638698967 0 1684.49719101 41.9985645415 136.304264536 21.0014354585 2.50280899235 54.3803347659
