Time EBV Teff Treg ODC_le1 ODC_le2 ODC_le3 ODC_le4 ODC_le5 NK IL2 DAC Resting_Teff Resting_Treg EffectorMemory Resting_Treg_temp Resting_Teff_temp NK_temp
0.0 0 0 0 0 0 0 0 500 375 1000 0 1687 63 0 0 0 0
24 0 0 0 0 0 0 0 500 336.279789971 908.048253598 0 1687 63 0 0 0 38.7202100291
48 0 0 0 0 0 0 0 500 335.391027502 823.849847309 0 1687 63 0 0 0 39.6089724976
72 0 0 0 0 0 0 0 500 334.559882085 745.880698262 0 1687 63 0 0 0 40.4401179151
96 0 0 0 0 0 0 0 500 333.760437385 673.915002205 0 1687 63 0 0 0 41.2395626152
120 0 0 0 0 0 0 0 500 332.995774144 607.703333798 0 1687 63 0 0 0 42.0042258555
144 0 0 0 0 0 0 0 500 332.2684442 546.975994766 0 1687 63 0 0 0 42.7315557996
168.0 1000 0 0 0 0 0 0 500 331.580390823 491.447224652 0 1687 63 0 0 0 43.4196091775
192 587.94283022 2674.42256109 91.5619289612 4.47673168998 18.9970923557 71.5351553232 179.581289232 225.4097314 319.455578209 5741.3447637 0 1039.6715255 41.772295668 0 21.227704332 647.328474501 55.5444217919
216 138.050471367 6872.49217355 175.672478105 80.1471289543 43.5983651273 96.9591261477 133.510282417 145.785097354 264.630241697 493.363332564 0 1393.84975257 38.9771122411 589.617433234 24.0228877589 293.150247429 110.369758303
240 33.3202789461 2340.93583112 173.308280009 166.095564611 32.9536823735 70.7780223364 92.931403537 137.241327142 279.025797785 240.598172825 0 1603.09425901 38.8634617492 528.427483843 24.1365382508 83.9057409881 95.9742022159
264 16.4714769326 566.021873561 169.724103685 189.256647487 14.7591371232 39.7109885161 78.7779011528 177.495325721 303.476994124 229.594995508 0 1648.1856297 39.0721354565 499.609509222 23.9278645435 38.8143702968 71.5230058767
288 12.8346640981 213.217370501 168.607439419 192.093890663 4.54431972776 7.69994624905 51.741340715 243.920502645 315.2117622 298.844690967 0 1657.75368824 39.5456323441 456.519444095 23.4543676559 29.2463117618 59.7882378008
312 11.2241752308 158.808349224 165.157764375 192.717445196 0.35447320842 5.25680440537 29.5475885657 272.123688625 318.361887605 351.333081274 0 1661.54386152 39.7454953498 416.957661563 23.2545046502 25.4561384827 56.6381123959
336 10.0701744974 132.568240398 166.129962318 192.809927653 0.652457482145 0.970740613897 17.855880264 287.710993987 319.502117541 378.809290002 0 1664.17527087 39.8295053082 394.121949594 23.1704946918 22.8247291304 55.4978824594
360 9.1347349672 120.975122702 169.291819739 192.914438344 0.785066007638 0.25991013814 16.3781513344 289.662434176 319.74347359 370.448316489 0 1666.28249424 39.8240524773 382.002494091 23.1759475227 20.7175057569 55.2565264104
384 8.37539555462 109.007246494 169.723617053 193.017289517 0.808926421339 1.10490308659 16.1746595518 288.894221423 320.166477717 361.593185548 0 1668.00748805 39.8780467507 367.49774282 23.1219532493 18.9925119495 54.8335222833
408 7.73667499663 99.7794038027 171.237557835 193.118422296 0.875854822927 0.707330567074 11.8863592571 293.412033056 320.196234796 343.129795428 0 1669.45180532 39.9123288066 358.764349843 23.0876711934 17.5481946807 54.8037652049
432 7.20107046893 85.9146857592 168.444030952 193.213705319 0.895564442747 0.992718479297 9.89487674662 295.003135013 320.330493541 325.816629915 0 1670.66711308 39.9725937103 367.305314294 23.0274062897 16.3328869242 54.6695064595
456 6.77159801923 83.2351175778 164.047738235 193.296782872 0.898390620573 0.944730612391 10.9438888811 293.916207013 320.733041879 330.249576412 0 1671.64108343 39.9892477947 362.431654281 23.0107522053 15.3589165678 54.2669581214
480 6.36614783975 81.520138792 161.785954099 193.378726354 0.879428682546 1.13941920975 9.68482827361 294.91759748 320.684966565 322.498802404 0 1672.55181699 39.950218407 354.722674735 23.049781593 14.4481830149 54.3150334358
504 5.9991120229 71.4647619131 162.819095759 193.457543895 0.883288547363 1.0447563586 12.8559939483 291.75841725 320.965965899 320.962682076 0 1673.38503448 40.016162766 345.713700477 22.983837234 13.6149655154 54.034034102
528 5.67454641892 68.9487011021 158.648261575 193.529733123 0.856604480236 0.921481534052 10.4660549725 294.22612589 321.113108298 318.324565578 0 1674.11692068 39.9991991209 338.507968186 23.0008008791 12.8830793176 53.886891703
552 5.37769786631 62.615342547 160.083242491 193.597608233 0.828927659296 0.73744355092 9.34301867684 295.49300188 321.169514254 309.141147852 0 1674.79287649 40.086455915 328.934691566 22.913544085 12.2071235063 53.8304857461
576 5.13346695518 59.272428714 161.056016102 193.655668875 0.842187586851 1.23261063669 7.44062701288 296.828905889 321.270019062 305.719813617 0 1675.34782662 40.1125141798 320.04458877 22.8874858202 11.6521733813 53.7299809389
600 4.90329186846 57.2276885463 159.411483908 193.713819316 0.840093305107 0.758588765737 7.24043491661 297.447063697 321.082065378 292.488854273 0 1675.86756358 40.1193334298 314.71513968 22.8806665702 11.1324364161 53.9179346223
624 4.70099927968 55.1859420507 155.190734901 193.766970635 0.840942192927 0.135908245343 10.6255029984 294.630675928 321.367858212 290.732945559 0 1676.32645855 40.1246286831 313.663976952 22.8753713169 10.6735414454 53.6321417888
648 4.50579939409 55.7872948018 156.649463011 193.819547069 0.818412938961 0.71697041681 5.79990969011 298.845159885 321.225279108 282.398738853 0 1676.76441842 40.0471003927 307.118655697 22.9528996073 10.2355815778 53.7747208925
672 4.33048692113 48.9517430723 157.301045095 193.868240081 0.813609973811 0.0919566935404 8.09444034852 297.131752903 321.29443816 282.288185555 0 1677.16536597 40.161058 299.012610615 22.838942 9.83463403115 53.7055618409
696 4.17617597753 43.6858849963 156.09895941 193.911691877 0.78718581879 0.504526509869 7.83511340451 296.96148239 321.40816403 277.750336898 0 1677.51914761 40.3284130852 294.357728421 22.6715869148 9.48085238749 53.5918359701
720 4.03469100126 41.991651474 151.305446605 193.9521797 0.78267162356 0.908077223236 6.7031486562 297.653922797 321.775817078 286.87165516 0 1677.83899155 40.3080129609 285.978804234 22.6919870391 9.16100844621 53.2241829227
744 3.90747399959 38.7829241805 152.734774181 193.98977898 0.773360759836 0.296440577819 9.51107363365 295.429346049 321.769613566 287.716976352 0 1678.12892047 40.3813720808 278.707074542 22.6186279192 8.87107952508 53.2303864346
768 3.78899063215 39.1874357764 154.311794021 194.025127105 0.759710279689 0.602252494512 4.93195491282 299.680955208 321.677414039 283.34919536 0 1678.39598113 40.3442874412 270.606385869 22.6557125588 8.60401887045 53.3225859613
792 3.67451929756 38.076271792 156.401055495 194.060009325 0.758426278924 0.855142876139 4.36944206004 299.95697946 321.505767982 268.442167014 0 1678.6557571 40.3885751267 269.261717704 22.6114248733 8.34424290168 53.4942320186
816 3.56297995941 36.9454788328 154.088203078 194.095257183 0.767904105215 1.07946915534 5.89648321071 298.160886346 321.18493816 250.792793855 0 1678.90654342 40.323049679 270.501772912 22.676950321 8.09345657552 53.8150618404
840 3.46230687385 37.8544032779 150.170817491 194.128205558 0.757004483111 0.288096289902 4.5312663299 300.295427339 321.452006793 248.896023364 0 1679.13511097 40.3329717617 268.913630285 22.6670282383 7.86488903404 53.5479932079
864 3.3626624254 37.2707950216 155.118832508 194.160991312 0.741671391703 0.519181258509 8.38135888164 296.196797156 321.206993883 239.918150602 0 1679.36071265 40.3368063233 260.213429052 22.6631936767 7.63928734745 53.7930061173
888 3.27062911668 31.0257776817 152.614039678 194.19174191 0.737259705729 0.733851159703 6.57248076332 297.764666461 321.29059431 236.706859037 0 1679.57184671 40.5268183698 255.35356145 22.4731816302 7.42815328698 53.7094056901
912 3.18791777996 28.999287288 151.468590925 194.220101979 0.739908091229 0.885578839324 5.89673484608 298.257676244 321.239381848 231.827061192 0 1679.7597676 40.5862793135 252.104107143 22.4137206865 7.24023239837 53.7606181529
936 3.11426959188 29.0025406419 149.040035736 194.246158 0.747054930575 0.997690223516 2.26703331253 301.742063533 321.424191759 231.17395886 0 1679.92718537 40.6177935687 251.26321237 22.3822064313 7.07281463444 53.5758082415
960 3.04303505538 27.3796327025 151.756249681 194.271761818 0.726221371854 0.0951268351037 2.64417247827 302.262717497 321.460952294 230.996668293 0 1680.08968516 40.7447282297 245.828340694 22.2552717703 6.9103148366 53.5390477064
984 2.97431557646 27.8355881226 152.677489185 194.296295907 0.706599472331 0.195189652739 3.87926295068 300.922652017 321.38859959 227.292174019 0 1680.24384061 40.6047630002 240.935698866 22.3952369998 6.75615939428 53.6114004107
1008 2.90446020276 27.9727286232 154.765101013 194.32119844 0.691514272607 0.347985277166 2.41708828425 302.222213726 320.966622813 209.482897199 0 1680.40139019 40.570951789 239.49891253 22.429048211 6.59860980731 54.033377188
1032 2.84011917825 28.1055197854 149.40728038 194.344261728 0.681783925248 0.438575413926 1.44397264467 303.091406288 321.21168369 209.544236046 0 1680.54709252 40.5492035962 236.430701474 22.4507964038 6.45290747802 53.7883163103
1056 2.77818991542 24.3875770015 145.453725811 194.366687793 0.674942288539 0.510849740143 2.33779089729 302.109729281 321.408951313 216.338269355 0 1680.6887275 40.7176553066 230.752527766 22.2823446934 6.31127249564 53.591048688
1080 2.72213913056 23.6657876048 146.2792745 194.387256682 0.671052326343 0.588755645787 4.45499863373 299.897936712 321.593870076 219.069278003 0 1680.8168126 40.8193969868 225.576277879 22.1806030132 6.18318739589 53.406129925
1104 2.67279208915 22.734414379 146.748494392 194.405653159 0.67017447347 0.691825217583 5.56414233831 298.668204811 321.528416693 219.341001718 0 1680.92901481 40.855858653 223.733639357 22.144141347 6.07098519276 53.4715833075
1128 2.62212381338 22.9900930062 148.169298613 194.424914842 0.672057934407 0.767650817865 2.10269579235 302.032680613 321.452553883 216.75720498 0 1681.04326856 40.8202292547 218.212999919 22.1797707453 5.95673144489 53.5474461177
1152 2.57239892885 22.0662455409 148.574023331 194.444256859 0.675036929284 0.795939151409 3.73521289655 300.349554163 321.382118559 211.378610133 0 1681.15583065 40.8129955664 216.050732863 22.1870044336 5.84416934892 53.6178814414
1176 2.5244579512 25.2796054996 148.666272334 194.46336623 0.679725731046 0.882449171427 3.09383710243 300.880621765 321.173647963 202.317689375 0 1681.26267852 40.5656688142 214.141710268 22.4343311858 5.73732147925 53.8263520377
1200 2.47738682452 21.4745540944 144.770552448 194.482647688 0.686386070989 0.937681231824 2.51223905381 301.381045956 321.330062612 204.864500144 0 1681.37109513 40.8148096089 210.511640435 22.1851903911 5.62890487346 53.6699373881
1224 2.43490187779 20.4796469726 147.003582686 194.50054708 0.69358261064 0.999667781941 2.22203598295 301.584166544 321.354886638 201.483554712 0 1681.46769789 40.8772107665 207.142990842 22.1227892335 5.53230211409 53.6451133624
1248 2.39447926411 20.3480016196 146.188091972 194.517776501 0.678274400269 0.085143871554 3.69927670207 301.019528525 321.396705852 202.001976352 0 1681.55947157 40.8878414491 203.088720993 22.1121585509 5.44052843288 53.6032941488
1272 2.35202169112 21.7142865909 145.371267741 194.535776074 0.66360343707 0.166322829239 3.70654951658 300.927748143 321.222091225 196.199863706 0 1681.65446204 40.7112407418 199.293738644 22.2887592582 5.3455379602 53.7779087757
1296 2.30875774694 23.7166817301 144.779999799 194.554073366 0.650729590766 0.21670476092 1.07767305427 303.500819229 321.113746542 187.325104334 0 1681.75155383 40.5648472546 198.604117077 22.4351527454 5.24844616555 53.8862534584
1320 2.26625549529 21.6683960502 147.372441375 194.572051875 0.639828862382 0.29260777661 3.39950332754 301.096008158 320.983960786 179.22663594 0 1681.84894506 40.7276692586 196.159903279 22.2723307414 5.15105494211 54.0160392146
1344 2.22848223705 19.0609321737 145.058990759 194.588081995 0.632064990322 0.351851913321 1.94050964645 302.487491454 321.022987856 174.880538408 0 1681.93545685 40.8888814044 197.89333914 22.1111185956 5.06454314705 53.9770121443
1368 2.19265441365 19.7327207956 144.114046503 194.603373008 0.626189068677 0.431329958011 4.1629479949 300.17615997 321.005853106 172.398591889 0 1682.01649769 40.8326831843 194.700274316 22.1673168157 4.9835023092 53.9941468941
1392 2.16049722079 18.7304468702 145.292481666 194.6172095 0.622733413105 0.493717141512 2.76115714718 301.505182798 321.0092539 170.281616512 0 1682.09054992 41.0454595939 190.743795448 21.9545404061 4.90945008337 53.9907461003
1416 2.12751450802 17.466808748 142.915458722 194.631551738 0.620561990478 0.55585398327 2.6328723585 301.55915993 321.148857792 173.500920995 0 1682.16523813 41.0551487134 186.019115295 21.9448512866 4.8347618701 53.8511422086
1440 2.09523749154 18.102122059 142.95972816 194.645770037 0.619703139167 0.6023542773 1.4878895258 302.644283021 321.034262129 168.885990605 0 1682.23764862 40.9089383715 186.460768764 22.0910616285 4.76235138362 53.9657378711
1464 2.0638573667 17.4321148244 144.638734584 194.659795442 0.619713814763 0.645805709127 3.25646494667 300.818220088 320.978341017 165.151665523 0 1682.30898809 40.960456602 183.036752826 22.039543398 4.69101190816 54.0216589832
1488 2.03416133846 17.1856167982 139.009804136 194.67327872 0.620939979115 0.704745557457 2.71882843293 301.28220731 321.156024287 168.924192099 0 1682.3767868 41.0445618181 181.740342739 21.9554381819 4.62321319739 53.8439757134
1512 2.00232066686 16.7543970145 143.246355847 194.688003259 0.623748142468 0.774179992243 2.73807008313 301.175998524 320.9444014 161.359435449 0 1682.44862763 41.0014942943 180.555630927 21.9985057057 4.55137237208 54.0555986004
1536 1.97460671106 15.7302786587 141.887048291 194.701077479 0.627061109817 0.79893109623 3.00916886282 300.863761452 320.976806131 159.804917798 0 1682.51218787 41.14973665 178.483155971 21.85026335 4.48781212717 54.0231938695
1560 1.948554329 15.1974478438 142.114301291 194.713606597 0.630851167824 0.840726294016 2.94621700732 300.868598933 320.972844913 158.651465314 0 1682.57146079 41.2100543796 175.571114505 21.7899456204 4.42853920718 54.0271550872
1584 1.9234543266 15.1273782786 139.737738351 194.725916868 0.635254460686 0.877373106441 2.74742418122 301.014031383 321.049509648 159.049859234 0 1682.62835221 41.2014885381 173.799003656 21.7985114619 4.37164779 53.9504903525
1608.0 1001.89910943 15.3539913662 139.832517453 194.738100598 0.640239250961 0.92293649547 2.42520039755 301.273523259 321.049063532 159.747219603 0 1682.68356919 41.1863801263 170.162541909 21.8136198737 4.31643080628 53.9509364687
1632 375.562206874 5175.84217794 172.103901466 203.668900061 14.4407461605 43.3092727856 90.2781870777 148.302893916 275.478527844 920.520396787 0 1146.64272974 39.8643768968 416.011683997 23.1356231032 540.357270255 99.5214721564
1656 89.8264999082 3392.86716098 184.78227888 253.238647488 24.6972472276 48.0055563344 73.871424623 100.187124328 274.62373472 369.946507905 0 1483.85794604 39.0602480805 429.303743199 23.9397519195 203.142053952 100.376265281
1680 33.6595539945 1138.16247316 181.596524511 279.593763731 10.2542076592 35.8163131883 71.7227458692 102.612969553 293.370566927 270.940971481 0 1607.29705668 39.0818845662 437.826372775 23.9181154338 79.7029433123 81.6294330739
1704 21.4017016404 427.721278732 170.637279404 284.719337851 4.08296116442 22.061775804 34.0382739482 155.097651234 309.443076548 320.933877095 0 1638.00141413 39.3876967004 393.790179827 23.6123032996 48.9985858698 65.5569234527
1728 17.011473343 255.703527705 168.158229758 286.033009325 2.55949121204 7.27532560351 34.8103142852 169.321859575 315.536847 365.365972948 0 1648.45934515 39.6559962409 387.293938918 23.3440037591 38.5406548446 59.4631530009
1752 14.4190517927 209.759573124 176.843088934 286.32551666 0.819124405792 2.79805152814 21.8395921253 188.217715282 317.186999059 380.465251449 0 1654.33995081 39.695116764 367.375725926 23.304883236 32.6600491832 57.8130009417
1776 12.5654805477 164.889622115 178.763078088 286.451548683 0.245104824598 1.85700945482 17.0247956005 194.421541438 318.067020929 371.009321268 0 1658.55478207 39.8034333622 362.974863494 23.1965666378 28.4452179292 56.9329790712
1800 11.2390774617 141.854428205 182.232979944 286.500629539 0.344545812263 1.45748174809 10.0595853769 201.637757524 319.005679368 374.164016717 0 1661.56653589 39.8843743506 351.457854866 23.1156256494 25.4334641034 55.9943206328
1824 10.1868470699 131.908397028 183.062785997 286.561404742 0.483188544335 1.11236843876 12.5669676376 199.276070638 319.055699347 353.156558515 0 1663.92875033 39.8673865775 349.503567394 23.1326134225 23.0712496701 55.944300654
1848 9.32264326693 115.166907598 169.228701515 286.629485759 0.550261639809 1.46193292632 8.77230589538 202.586013781 320.000142374 370.914333128 0 1665.88473433 39.9212598553 338.206917337 23.0787401447 21.1152656633 54.9998576268
1872 8.57336317468 105.474990668 174.112163657 286.703026191 0.581775209045 0.413937933542 10.2912731283 202.009987539 319.884975658 347.283832879 0 1667.57047533 39.9343806852 336.894645059 23.0656193148 19.4295246665 55.1150243425
1896 7.94890695717 97.5108833512 168.806605779 286.769688794 0.588328069305 0.296148211905 6.43290069329 205.912934233 320.336545935 346.729185551 0 1668.98481983 39.9821329936 330.834862856 23.0178670064 18.0151801685 54.6634540659
1920 7.40102462789 88.4082376011 166.757987282 286.832499293 0.59106702505 0.121429955875 9.36162545562 203.093378272 320.472875478 339.514764101 0 1670.21620375 39.9654731314 324.56340588 23.0345268686 16.7837962435 54.5271245226
1944 6.93244447441 85.5422132103 164.022267345 286.889496382 0.582535874759 0.83762905122 7.63769283245 204.052645861 320.540557423 324.505285025 0 1671.27520267 39.971992341 328.730418791 23.028007659 15.7247973311 54.4594425777
1968 6.51714512807 82.3583194132 164.255794857 286.943385482 0.575604576212 0.715249872359 9.43292313699 202.332836933 320.667012311 316.052061729 0 1672.21540081 40.0048134709 322.212130802 22.9951865291 14.7845991906 54.33298769
1992 6.15539338641 65.8683802731 163.848584696 286.993731111 0.590895670391 0.321545819566 5.22172795415 206.872099445 321.0726123 324.461564305 0 1673.04258536 40.1606776828 313.374818455 22.8393223172 13.9574146319 53.9273877006
2016 5.84630375046 62.6263717961 159.622847549 287.039076795 0.589023486907 0.822422439432 9.50328701235 202.046190267 321.280930983 332.748487584 0 1673.74015814 40.1624263889 299.652813808 22.8375736111 13.2598418549 53.719069018
2040 5.5687463575 59.1965696694 164.558752523 287.082176956 0.582549240712 0.397251337628 5.73662492386 206.201397543 321.364172127 324.733308833 0 1674.36772488 40.1708229097 295.26046932 22.8291770903 12.6322751179 53.6358278741
2064 5.31158979255 58.667974339 163.473072785 287.123332208 0.581066529698 0.667081962465 3.13507733894 208.493441962 321.176024934 308.666847867 0 1674.94656631 40.1423014486 294.592603948 22.8576985514 12.053433687 53.8239750665
2088 5.07686417173 53.2688215066 159.554541844 287.163079155 0.593782045717 0.898114185597 5.90674642309 205.438278192 321.317396561 309.295669045 0 1675.47936539 40.2083588881 288.18754921 22.7916411119 11.5206346111 53.6826034401
2112 4.87063000055 53.7822978166 161.17790394 287.200749078 0.61337747767 0.227842678818 8.27634769124 203.681683075 321.232761196 300.620222891 0 1675.94539777 40.1904203718 282.483348023 22.8095796282 11.0546022221 53.7672388043
2136 4.66945563032 52.0066522178 156.237490215 287.239080641 0.602035061806 0.58029069078 3.91500799644 207.663585611 321.400532786 296.936667009 0 1676.40030381 40.2058638343 274.389603215 22.7941361657 10.5996961871 53.5994672144
2160 4.48158233457 51.0224517909 159.068986467 287.276285511 0.609066349406 0.877417824366 6.25566514901 204.981565167 321.166031 282.334953278 0 1676.82365179 40.1747942364 267.764365286 22.8252057636 10.1763482082 53.8339690005
2184 4.30996182641 50.7536043561 157.990844529 287.312371018 0.612708209827 0.198288080541 7.91699143785 203.959641255 321.068749514 268.959636473 0 1677.21160346 40.1507567937 260.443055223 22.8492432063 9.78839653345 53.9312504871
2208 4.16839925598 37.9929109322 153.701615883 287.342678894 0.599361374969 0.436723405868 3.01285253376 208.608383793 321.578618789 278.633579938 0 1677.54184222 40.5198841178 259.931311795 22.4801158822 9.45815777653 53.4213812121
2232 4.03924527801 41.0331741607 155.601348519 287.37084712 0.594864112385 0.56424279933 3.69780657545 207.772239393 321.434707056 272.83243398 0 1677.82928698 40.3290771144 256.208240097 22.6709228856 9.1707130136 53.565292945
2256 3.90670243959 37.9306183465 155.685884178 287.40066131 0.598244998741 0.75563397686 3.82618962602 207.41927009 321.387174075 269.746979985 0 1678.12999457 40.3868927421 247.470022874 22.6131072579 8.87000543113 53.6128259261
2280 3.78624781 36.8671616014 154.786957712 287.428994552 0.608945920776 0.881023280585 2.41664116024 208.664395088 321.279226805 260.606765555 0 1678.40328026 40.4204464931 242.62678384 22.5795535069 8.59671973632 53.7207731961
2304 3.68265343098 34.9556951163 156.904270122 287.454598412 0.622445610714 1.00676985894 3.86741388878 207.048772231 321.508280999 259.562689688 0 1678.64091915 40.5647056862 235.697508573 22.4352943138 8.35908084643 53.4917190021
2328 3.58375086656 36.848284775 154.649361348 287.479585712 0.60197387676 0.170712529689 4.17984643135 207.567881451 321.434705438 254.52232506 0 1678.86216401 40.4169878694 233.356670893 22.5830121306 8.13783598366 53.5652945631
2352 3.49120669854 31.9435043309 156.387862541 287.502925265 0.588764186859 0.345745640845 4.11570798545 207.446856923 321.426511918 250.800350914 0 1679.07399298 40.5796822225 231.540035176 22.4203177775 7.92600701169 53.5734880824
2376 3.39746755794 32.8056000012 149.030857347 287.526793995 0.581554931703 0.478876351977 3.45045021994 207.962324502 321.462937084 247.214609582 0 1679.28428981 40.481640203 231.979296989 22.518359797 7.71571018258 53.5370629172
2400 3.30873239456 32.1394792832 151.024646226 287.549817592 0.57871802725 0.532422581312 2.69402481555 208.645016985 321.41701978 240.883683851 0 1679.48560117 40.519414337 226.991583339 22.480585663 7.51439882291 53.5829802208
2424 3.22232304799 30.8352472143 151.780213174 287.572785418 0.579289499075 0.642587283923 1.81263634895 209.392701451 321.188006917 229.900036988 0 1679.68012255 40.4752022466 226.304003186 22.5247977534 7.31987744573 53.8119930838
2448 3.14490541467 27.3489985226 147.312627031 287.593970932 0.582633508194 0.708669757694 2.33425121877 208.780474584 321.507190979 233.591198428 0 1679.85831853 40.6833099457 225.902948159 22.3166900543 7.14168147105 53.4928090218
2472 3.07192731398 25.7531138942 151.65687581 287.614576471 0.587942801429 0.777638899786 2.57811519576 208.441726633 321.439364065 231.451316283 0 1680.02427717 40.7603889402 219.985728401 22.2396110598 6.97572282168 53.5606359361
2496 3.00436001505 26.4671592668 148.470479518 287.634306169 0.595136164238 0.836623852928 3.44468236391 207.489251451 321.51292472 229.894354252 0 1680.17638614 40.6755148889 219.437820588 22.3244851111 6.82361385366 53.4870752812
2520 2.94054508723 25.4465510755 147.8205753 287.653610579 0.604085840823 0.914764693503 4.02313655213 206.804402335 321.449791379 227.233902887 0 1680.32162566 40.7392723828 220.091645379 22.2607276172 6.67837433497 53.5502086213
2544 2.8777601577 27.0110311686 150.393342662 287.67334243 0.615151976591 0.979242030809 3.65625156619 207.076011997 321.374399979 221.518107936 0 1680.46328567 40.6819587188 216.991227261 22.3180412812 6.5367143243 53.6256000216
2568 2.81782105689 27.4245817465 150.599647407 287.692865098 0.614154529554 0.0465037925517 2.15001433889 209.496462242 321.152442464 208.720324092 0 1680.59829759 40.5951019409 220.062030159 22.4048980591 6.4017024073 53.8475575371
2592 2.75892803438 25.0395620445 149.153413202 287.712052875 0.597465060602 0.105001218638 2.73246343611 208.85301741 321.227082409 211.214999308 0 1680.73208274 40.6614948507 214.347691071 22.3385051493 6.26791725542 53.7729175916
2616 2.70204377434 24.4927219974 148.471877356 287.730503991 0.5840509973 0.213625199343 2.11550357625 209.356316237 321.258952139 204.834019105 0 1680.86188971 40.789693016 214.931073502 22.210306984 6.13811028677 53.7410478614
2640 2.64963984803 25.011368365 144.150898372 287.747509797 0.57395080636 0.251685087069 0.23726760709 211.189586703 321.304679768 204.456657033 0 1680.97955684 40.6397698086 215.708355711 22.3602301914 6.02044315908 53.6953202329
2664 2.59448134231 26.3839651963 145.268642965 287.765465769 0.564285752236 0.273732534049 0.847823790629 210.548692155 321.052975761 195.050020643 0 1681.10301376 40.4902506228 215.52179658 22.5097493772 5.8969862398 53.9470242396
2688 2.53966596391 25.381074144 145.303716489 287.783399836 0.555912833062 0.328207181732 0.490075164936 210.842404986 321.163346466 191.836843437 0 1681.22771705 40.5478224898 214.539147932 22.4521775102 5.77228294548 53.8366535349
2712 2.48682150094 23.8034516149 142.993168918 287.80083013 0.549804742336 0.40564555097 1.97699966358 209.266719914 321.084651942 189.457592503 0 1681.34799052 40.6319943746 211.75358571 22.3680056255 5.65200947232 53.9153480584
2736 2.44154147912 20.7572889158 141.798872434 287.815936412 0.546529108434 0.457328663494 3.6718202162 207.508385601 321.392163762 196.243438379 0 1681.45249521 40.8595632972 209.285431385 22.1404367028 5.54750478143 53.6078362387
2760 2.40085085342 21.1145756143 141.810221425 287.829692888 0.545168382237 0.528142935567 1.82815012107 209.268845674 321.448272817 200.601045096 0 1681.5451524 40.9008506436 204.100018474 22.0991493564 5.45484759141 53.5517271834
2784 2.36014763866 19.9311192605 144.556415606 287.843673174 0.545116354085 0.565135355985 3.14007827865 207.905996838 321.428965902 197.944683932 0 1681.63710422 40.8880472796 204.091690014 22.1119527204 5.36289577939 53.571034099
2808 2.32051618023 20.3106321494 143.062880467 287.857532392 0.546278637873 0.613100561624 2.37419836395 208.608890046 321.440970143 200.306158516 0 1681.72654704 40.8187751663 200.323627274 22.1812248337 5.27345295188 53.5590298577
2832 2.28123472084 20.5124317524 141.062930183 287.871548478 0.548468912015 0.6480559718 1.67427615184 209.257650487 321.542886407 203.536547089 0 1681.81579267 40.8494589228 195.834600735 22.1505410772 5.18420732586 53.4571135934
2856 2.24449563353 19.3318853885 142.108428391 287.884936971 0.551069594334 0.66564452998 1.74375878425 209.154590122 321.503277099 199.919124992 0 1681.8993041 40.8849276239 196.543848697 22.1150723761 5.10069589622 53.4967229015
2880 2.20842374828 19.3500143901 145.692212419 287.898364424 0.554020058206 0.689739910457 2.78781598109 208.070059628 321.25487714 188.497221207 0 1681.98091474 40.8577115331 198.289261842 22.1422884669 5.01908525849 53.7451228605
2904 2.17242956649 19.8121380505 142.8389799 287.912066484 0.557869791823 0.726986899664 1.87495399932 208.928122826 321.146846563 181.779659902 0 1682.06238326 40.83702099 198.052677023 22.16297901 4.93761673215 53.8531534379
2928 2.1372790973 19.2708942969 142.703685203 287.925769353 0.562243607035 0.753259297102 1.94386357475 208.814864169 321.129345117 179.565606736 0 1682.14215768 40.8696357796 194.000049857 22.1303642204 4.85784231631 53.870654884
2952 2.10479011885 18.1874334288 141.83076635 287.938740138 0.566809717638 0.764329134388 0.728764381765 210.001356629 321.303348413 181.542978857 0 1682.2164056 40.959462459 190.163167036 22.040537541 4.7835943961 53.6966515881
2976 2.07544218986 16.1205384279 141.558057832 287.950722977 0.571071884282 0.77709838297 1.10887634077 209.592230416 321.358442303 183.528815249 0 1682.28379792 41.182968084 187.556264251 21.817031916 4.71620207837 53.6415576973
3000 2.04345980403 21.0806171576 143.655617196 287.964082159 0.57593953027 0.791213032088 1.95210241278 208.716662867 321.091832406 174.135279364 0 1682.35419951 40.7044639933 184.10947313 22.2955360067 4.64580048803 53.9081675948
3024 2.00907880914 17.8983423434 143.107367667 287.978814303 0.581830513957 0.829825299446 3.19484105783 207.414688826 320.979209579 169.069112165 0 1682.43252755 40.8464998756 181.845108569 22.1535001244 4.56747245093 54.0207904213
3048.0 1001.98046907 19.1474582368 141.878351066 287.991392409 0.587617450808 0.877373578656 3.59333691084 206.950279651 321.090147121 167.237877712 0 1682.49791127 40.8690777271 179.734564862 22.1309222729 4.50208873026 53.9098528798
3072 372.4151583 5133.29370829 184.150174518 295.275551761 11.9290145095 29.0502557644 61.7685994947 101.976578471 275.279452596 910.01123288 0 1149.06992744 39.863136397 389.16266956 23.136863603 537.930072563 99.7205474046
3096 90.487581503 3276.87893226 192.80981215 329.711717815 16.2309967696 38.2218015099 47.8398485929 67.9956353131 275.338835443 376.483731286 0 1483.18518503 39.076658551 459.941883479 23.923341449 203.814814975 99.661164558
3120 34.5226547509 1112.26624638 184.818358729 349.093298634 7.83965448004 17.7218387767 47.0344102346 78.3107978747 293.977996641 297.422340695 0 1605.56749441 39.1013471185 459.771095143 23.8986528815 81.4325055883 81.0220033595
3144 21.8850153026 432.058065969 173.471671539 352.485357369 0.125419734096 11.0485702989 33.7850335914 102.555619007 309.180639946 322.195768815 0 1636.90423998 39.3904448931 437.207892684 23.6095551069 50.0957600175 65.8193600546
3168 17.3486644 263.209057307 175.111657988 352.758399413 1.06263875386 6.50644630776 15.3208058064 124.351709719 315.291124589 371.841340342 0 1647.70040893 39.6457367727 417.036581486 23.3542632273 39.2995910714 59.7088754114
3192 14.5479183099 217.174545279 171.822700544 353.031567776 0.635557109355 2.01757131844 16.3335206151 127.981783181 317.006965477 377.342181582 0 1654.03143661 39.6791009211 385.302493762 23.3208990789 32.9685633854 57.9930345241
3216 12.5759085051 177.013861482 176.59081568 353.198102467 0.787802191442 0.979245669689 12.3821046186 132.652745053 317.519619159 350.848371281 0 1658.49015287 39.7213875471 382.682675157 23.2786124529 28.5098471296 57.4803808421
3240 11.1425522481 151.223607472 170.586613556 353.354903081 0.995109179425 3.03080197294 12.6636017854 129.955583981 318.48448864 348.037489957 0 1661.74935254 39.793766362 370.391183344 23.206233638 25.2506474652 56.5155113612
3264 10.0526549496 130.826702387 170.384783947 353.456099394 0.233869049507 1.46277687016 9.31072679385 135.536527893 319.6725504 363.901241488 0 1664.23152456 39.8775382629 357.374912829 23.1224617371 22.7684754361 55.3274496007
3288 9.15818333562 117.783043768 177.58130073 353.495513932 0.299337760523 0.422397028049 9.51924659777 136.263504682 319.6132006 353.445531358 0 1666.24134487 39.8688347482 346.049239535 23.1311652518 20.7586551329 55.3867994007
3312 8.44728227746 101.881072111 165.521215095 353.534384437 0.35633495897 1.16214055816 6.46805394471 138.479086101 320.48517344 365.22970377 0 1667.86278454 39.9795815877 345.12779629 23.0204184123 19.1372154595 54.5148265608
3336 7.80306424607 101.236125915 170.611724681 353.580668378 0.411826372364 0.903364291258 4.05963602415 141.044504935 320.144791245 341.814742416 0 1669.29841142 39.8862822465 333.312282874 23.1137177535 17.7015885837 54.8552087561
3360 7.2423157683 88.503105814 169.707285158 353.627688949 0.414358706768 0.423776519954 5.1994521591 140.334723665 320.04659788 325.167887633 0 1670.56800288 39.9332975815 323.226649067 23.0667024185 16.4319971174 54.9534021204
3384 6.79243400655 84.3404046399 168.505659208 353.668214906 0.433130572914 0.772935485624 4.36143881702 140.764280219 320.352311322 313.562985362 0 1671.59207556 39.9840936641 315.496146616 23.0159063359 15.4079244411 54.6476886793
3408 6.36903940617 78.6405022928 161.731724753 353.711120873 0.441245887148 0.357179732313 6.12196280476 139.368490703 320.354983596 303.955649076 0 1672.54179804 39.9455619668 307.498657552 23.0544380332 14.4582019652 54.6450164046
3432 6.01413386051 65.4132210695 162.496429662 353.749519736 0.459408177228 0.895897685361 6.41633659878 138.478837803 320.673552415 297.138955247 0 1673.3575447 40.1316253734 309.515667919 22.8683746266 13.6424553042 54.3264475859
3456 5.72199980096 59.5752879729 162.968801514 353.785221106 0.487130353852 0.350224787578 6.20401214761 139.173411605 320.961863708 302.20842457 0 1674.021342 40.1829529281 303.806697271 22.8170470719 12.9786580008 54.0381362928
3480 5.46550650998 55.3199259247 161.44798583 353.818678611 0.488653669525 0.61966982972 3.58403673941 141.488961151 321.274708885 311.435831975 0 1674.60439271 40.2507246123 295.993857125 22.7492753877 12.3956072903 53.7252911162
3504 5.2148142421 62.6124542272 156.956334203 353.853588007 0.505187047441 0.841649310466 2.24517438838 142.554401247 321.158997804 302.915180991 0 1675.16139454 40.0653655553 288.043602506 22.9346344447 11.8386054569 53.8410021964
3528 4.97296503212 58.1062655703 158.554427441 353.890529802 0.532889878879 0.0343490985439 6.03773097422 139.504500247 321.015270886 284.146522991 0 1675.71033495 40.1181718658 290.581486813 22.8818281342 11.289665051 53.9847291147
3552 4.75120773369 52.5171217778 151.416523579 353.926127918 0.511294592777 0.344935540216 4.33543549355 140.882206455 321.266981636 283.865224536 0 1676.21168901 40.1438469627 288.085298939 22.8561530373 10.7883109916 53.7330183648
3576 4.56279835776 50.2599774596 154.750038192 353.957057009 0.51173577447 0.714110899478 6.33694560847 138.480150709 321.410477959 283.897970921 0 1676.64162589 40.2045578937 280.766175693 22.7954421063 10.358374109 53.5895220413
3600 4.38291955582 51.3528629161 164.082785865 353.988424866 0.529621674604 0.905652393469 3.5848002838 140.991500782 320.729772696 261.270382407 0 1677.04374437 40.0958158182 272.943880887 22.9041841818 9.95625562747 54.2702273051
3624 4.22092205546 42.8975380029 155.64777821 354.01898993 0.549614898265 0.0343665980299 4.39279287154 141.004235702 321.080750038 261.735580259 0 1677.4175502 40.3231356716 271.06734026 22.6768643284 9.5824497982 53.9192499624
3648 4.08532590301 39.6655297996 156.874474289 354.045382512 0.53022578 0.267547035843 6.02826630618 139.128578366 321.192576115 260.587246623 0 1677.72663376 40.3916228883 267.156177829 22.6083771117 9.27336624484 53.8074238861
3672 3.95807184081 42.7206598819 155.692017566 354.0703337 0.522550036526 0.435279981772 1.54342930208 143.42840698 321.192750209 256.317053319 0 1678.01232854 40.2878152738 261.237541847 22.7121847262 8.98767146036 53.8072497917
3696 3.8282743449 39.8751680714 149.588835086 354.096381774 0.519549785731 0.489018779862 1.63867702631 143.256372634 321.276216532 250.471862466 0 1678.30515393 40.2894696989 267.642917558 22.7105303011 8.69484606533 53.7237834688
3720 3.71147349324 35.3138330181 154.475698585 354.120523312 0.519923166682 0.577586165894 4.14457000795 140.637397348 321.272452166 247.634145175 0 1678.57237379 40.4372374355 265.369667369 22.5627625645 8.42762620875 53.7275478347
3744 3.60180884301 34.6174818022 155.481829991 354.144021934 0.525503436459 0.695815438826 3.35985291429 141.274806276 320.983317319 236.59560899 0 1678.82035253 40.4266797306 261.741062339 22.5733202694 8.17964746594 54.0166826822
3768 3.4933064718 38.6538544312 153.295306262 354.168332296 0.534560983521 0.760493257864 2.79757816405 141.739035299 320.905135823 225.476519487 0 1679.06326032 40.2809681849 256.946364073 22.7190318151 7.93673968274 54.0948641776
3792 3.39345299878 37.9769588177 148.151146635 354.191816055 0.545349608714 0.80624290906 1.92310356373 142.533487864 321.067235069 226.423764639 0 1679.28983463 40.2924031527 251.830071797 22.7075968473 7.71016537416 53.9327649318
3816 3.29764849103 31.6816908863 149.001134298 354.215495516 0.557331197656 0.849068166785 1.96984330126 142.408261818 321.169876701 224.46311801 0 1679.51011415 40.5018807925 249.38664255 22.4981192075 7.4898858488 53.8301232995
3840 3.21533553046 30.1888431983 151.058224997 354.236851931 0.569417838575 0.895835957783 1.2819145252 143.015979748 321.1344125 219.948662154 0 1679.69684626 40.5268254733 250.183277604 22.4731745267 7.30315373743 53.865587501
3864 3.13560824821 30.9383636437 148.164661199 354.258534709 0.582100755553 0.925944844112 1.58636143072 142.647058261 321.189415957 219.75008155 0 1679.8764431 40.4578787159 249.358600755 22.5421212841 7.12355689641 53.8105840435
3888 3.06123866656 28.6588101301 147.17916088 354.27972021 0.594846171798 0.963794693997 2.63477248849 141.526866436 321.384396169 223.714330679 0 1680.04649043 40.5759360028 246.932896376 22.4240639972 6.95350956609 53.6156038317
3912 2.98961957929 28.6763707618 149.358975464 354.301081667 0.607430543863 0.0213379478225 2.57067024343 142.499479598 321.275833981 220.228080382 0 1680.20863981 40.5826733452 243.876616788 22.4173266548 6.7913601864 53.7241660196
3936 2.91867398327 28.8872201287 145.117500638 354.322613207 0.588628013553 0.111287148842 1.60948773978 143.367983891 321.313956047 221.50286551 0 1680.3681078 40.4748982571 238.311158092 22.5251017429 6.63189219751 53.6860439533
3960 2.85331698214 27.6564911611 145.036119977 354.34234491 0.573310001491 0.146565061286 1.4544059896 143.483374037 321.56305305 225.372648114 0 1680.51722914 40.5596452861 234.27158814 22.4403547139 6.48277085883 53.4369469509
3984 2.79011082072 27.1186432181 149.465666267 354.361384928 0.560548601106 0.230089516574 3.1434467726 141.704530182 321.248363941 211.688956704 0 1680.66046159 40.5555338779 236.487086421 22.4444661221 6.33953841475 53.7516360594
4008 2.73398219432 24.9555465822 143.328217828 354.378333607 0.551869216029 0.307160641488 2.38681207148 142.375824464 321.589051857 219.838593506 0 1680.78976146 40.7975506068 233.962471577 22.2024493932 6.21023853624 53.410948144
4032 2.67951328621 27.0311320453 143.645009459 354.39488878 0.545201292835 0.342485658077 1.6654434579 143.051980811 321.623666295 220.53237388 0 1680.91145742 40.5815954482 231.601217015 22.4184045518 6.08854258254 53.3763337058
4056 2.62143675468 25.7747045716 145.783092942 354.412709091 0.539349825282 0.38291074715 2.31645851514 142.348571822 321.34476617 211.834223099 0 1681.04246263 40.5491681394 229.580598991 22.4508318606 5.957537366 53.6552338307
4080 2.57169998678 22.5507536096 144.914066315 354.428146291 0.53535904657 0.423129484821 3.36919597702 141.244169201 321.507689811 216.839938829 0 1681.15734516 40.790722447 222.961641547 22.209277553 5.84265483652 53.4923101893
4104 2.52390250781 23.516136674 144.929019568 354.443180606 0.533558300797 0.508436530287 2.24021253639 142.274612027 321.42223326 212.6420619 0 1681.26499732 40.6999520481 220.701358521 22.3000479519 5.73500268133 53.5777667403
4128 2.47637165473 23.0042837788 144.495281116 354.458393217 0.533596645171 0.560533750086 2.22579848013 142.221677908 321.499277088 212.395108414 0 1681.37284114 40.7469593597 216.749496832 22.2530406403 5.62715885793 53.5007229126
4152 2.42936704569 23.1659499764 142.682645221 354.473747969 0.534820967157 0.582598592502 0.30002999106 144.108802481 321.449372425 208.609795039 0 1681.47851445 40.6315224561 216.009275438 22.3684775439 5.52148555497 53.5506275755
4176 2.3864813923 20.3645838752 148.284013065 354.488054896 0.5363199108 0.604655035059 2.08188605089 142.289084107 321.328730451 203.075742482 0 1681.57736406 40.863877818 213.486942287 22.136122182 5.4226359422 53.6712695495
4200 2.34488103293 20.8877595783 145.825133882 354.502229 0.538501354725 0.635147107972 0.795802083827 143.528320454 321.309446942 200.271554696 0 1681.67127508 40.8094858387 209.237166794 22.1905141613 5.32872492472 53.6905530587
4224 2.30432196926 21.3882464874 145.370092356 354.516357861 0.541280073957 0.658222309748 1.49262569449 142.791514062 321.323092246 193.824567243 0 1681.76324052 40.8065803701 209.219516248 22.1934196299 5.23675947772 53.6769077548
4248 2.26558069627 19.4748359909 146.812440045 354.530164757 0.544514130919 0.674307027527 1.09544595748 143.155568127 321.145199661 186.545998993 0 1681.85135847 40.8738072728 209.273369897 22.1261927272 5.14864153456 53.8548003397
4272 2.23096635759 18.5284523799 144.493600636 354.542774792 0.547520146576 0.677532485038 1.38893056652 142.84324201 321.193065927 185.051449291 0 1681.93055944 40.9931884236 208.44113203 22.0068115764 5.06944055787 53.8069340736
4296 2.19396932567 19.4080248095 143.851862591 354.556550361 0.5508733854 0.689306404752 1.94865157905 142.25461827 321.119247469 177.288388909 0 1682.01351482 40.8501131689 210.709691258 22.1498868311 4.98648518138 53.8807525316
4320 2.1583650947 19.8966043895 142.541106836 354.570114196 0.554525774317 0.706208765804 1.41894459963 142.750206665 321.003847401 172.483100627 0 1682.09363175 40.7500814816 211.983590471 22.2499185184 4.90636824678 53.9961525998
4344 2.12386542759 19.5882519696 141.448051208 354.583563291 0.558451480934 0.732229220718 0.816199660261 143.309556347 321.181906621 176.137246692 0 1682.17254512 40.8488858616 206.412318705 22.1511141384 4.82745487697 53.8180933793
4368 2.08763986458 19.0350997991 143.152151568 354.598033351 0.563087670415 0.752400978667 2.45640360319 141.630074397 320.993487369 171.239415846 0 1682.25412902 40.7855316519 202.131686899 22.2144683481 4.74587098172 54.0065126313
4392 2.05489621505 19.9365555642 141.112786564 354.611440826 0.567811647283 0.781599540454 1.77800006983 142.261147917 321.01390681 168.818934643 0 1682.32843968 40.754300604 200.046683101 22.245699396 4.67156032371 53.9860931911
4416 2.02173306691 19.6746713472 143.766034554 354.625362792 0.573139705176 0.804804300545 3.20801125992 140.788681943 320.875313107 160.229623633 0 1682.40371067 40.7743483308 198.155239226 22.2256516692 4.59628932888 54.1246868934
4440 1.9907966567 16.3210833708 141.02694753 354.638685616 0.578985372259 0.845297968459 0.41860383974 143.518427204 321.01583592 163.393902974 0 1682.47509563 41.0687945294 194.430898692 21.9312054706 4.52490437428 53.9841640804
4464 1.96434587143 15.6774011234 141.407510781 354.65035536 0.584302070601 0.849557071554 1.26377964372 142.652005854 321.163214651 166.31514012 0 1682.5355116 41.1553904744 190.9011336 21.8446095256 4.46448840258 53.8367853498
4488.0 1001.93595496 16.2150556078 137.71956086 354.663179057 0.590153658072 0.858821955074 1.35038680828 142.537458521 321.267984666 169.387859918 0 1682.5993335 41.0368877014 189.547834919 21.9631122986 4.40066649946 53.7320153347
4512 370.306595337 5203.94676505 174.182937205 358.638886564 4.81106612432 26.3200044105 38.989452045 71.2405908558 275.031247332 892.592233857 0 1150.40671627 39.8444159846 411.682499164 23.1555840154 536.593283731 99.9687526687
4536 88.8748121403 3343.37097295 186.414199751 381.022495811 9.20700398992 23.2536659783 42.6858654405 43.8309687797 274.941523121 392.45499591 0 1485.80435535 39.0602061654 447.919222233 23.9397938346 201.195644654 100.058476879
4560 33.3596500225 1144.44071561 176.471977944 392.374281559 6.10548277182 12.9095917766 30.4233637664 58.1872801259 293.444898946 289.780730994 0 1607.92298858 39.0746399056 461.34721411 23.9253600944 79.0770114237 81.5551010545
4584 21.1064872271 439.650035273 176.610013892 395.001959188 1.59350075553 9.88333465306 16.3895876378 77.1316177646 308.643008742 296.273080175 0 1638.57167422 39.3501403406 439.377038095 23.6498596594 48.4283257774 66.3569912583
4608 16.704471199 264.130653504 167.530927432 395.21630003 0.598299716254 2.93097261534 17.2206845598 84.033743078 315.111981266 350.903154942 0 1649.10380048 39.6112407202 414.769341501 23.3887592798 37.8961995155 59.8880187351
4632 14.0848744393 215.133844277 174.932844945 395.403564565 0.820744820055 1.54617100821 11.3618801151 90.8676394914 316.619334736 350.5912442 0 1655.05640384 39.6563408979 395.693748869 23.3436591021 31.9435961557 58.380665265
4656 12.2450356293 173.08130687 168.304849933 395.594500476 0.973866935199 1.62975014736 8.91449380982 92.8873886315 318.031982308 365.200482985 0 1659.24413846 39.7335579916 378.737135496 23.2664420084 27.7558615365 56.9680176931
4680 10.8476766763 147.839582599 171.171455154 395.766122913 0.921202724985 1.13654080724 9.3329630327 92.8431705216 318.643402099 352.119435352 0 1662.40911211 39.7843034641 376.378105369 23.2156965359 24.5908878895 56.3565979013
4704 9.78088925014 137.56985997 166.737893602 395.907547413 0.905298912472 1.10949041477 7.04364732776 95.0340159314 319.365129364 353.940778691 0 1664.81626712 39.7779192536 367.315537795 23.2220807464 22.1837328799 55.6348706364
4728 8.92379603997 115.601411484 170.105627961 396.032135343 0.886822151641 0.643956415594 3.84253044402 98.5945556455 319.874431599 359.683736375 0 1666.773096 39.87970306 353.256276384 23.12029694 20.2269039948 55.1255684014
4752 8.21018448175 105.578141548 170.214798719 396.142291249 0.879394555352 0.07903995522 5.5451186639 97.354155576 319.970707861 340.143705996 0 1668.38254174 39.8952365815 354.219169714 23.1047634185 18.6174582562 55.0292921402
4776 7.60230980414 94.752332221 168.851010427 396.239814655 0.821405598313 0.550211003948 2.36459774839 100.023970994 320.052039885 322.077002101 0 1669.75781376 39.9376551249 355.712622894 23.0623448751 17.2421862377 54.947960116
4800 7.09389496416 89.4201188062 166.175890205 396.32411399 0.807643331468 0.828215555253 4.28134212356 97.7586849989 320.45633342 320.94085519 0 1670.91123413 39.980625804 346.507834627 23.019374196 16.0887658661 54.5436665803
4824 6.6465578404 78.5750530767 162.297933698 396.402452861 0.777861917537 0.171088996392 2.49721262576 100.151383599 320.678078242 324.807279039 0 1671.92312201 40.0191372059 337.082445489 22.9808627941 15.076877987 54.3219217587
4848 6.26556678772 74.1144105263 165.357414603 396.469365133 0.737331180836 0.399422844548 3.06455940281 99.3293214386 320.660411226 319.113580179 0 1672.78435331 40.0260798041 326.781672938 22.9739201959 14.2156466936 54.3395887747
4872 5.92648554809 70.8553350433 163.535769796 396.529968195 0.718499316074 0.617908452164 3.07944520724 99.0541788285 320.848731676 316.383608281 0 1673.55110112 40.0384388575 313.987592259 22.9615611425 13.4488988782 54.1512683249
4896 5.60858771148 66.6120576546 162.795229741 396.589177019 0.71455402317 0.711606916839 2.22143194477 99.7632300952 320.733747651 299.908391218 0 1674.26572343 40.0060578739 310.752687921 22.9939421261 12.7342765717 54.2662523496
4920 5.35708830771 57.4305085965 165.580399056 396.638440838 0.718721678287 0.852007307446 3.84586141261 97.9449687629 321.003156029 300.631664496 0 1674.84903789 40.2309633835 303.361403127 22.7690366165 12.1509621096 53.9968439721
4944 5.12080952343 57.1060163658 162.075238603 396.687547641 0.732302065067 0.0978358477627 5.10905779883 97.3732566464 321.180987414 294.239510552 0 1675.38134673 40.21162306 297.784359345 22.78837694 11.6186532711 53.8190125868
4968 4.91297563058 49.5902365267 163.980763405 396.731941032 0.6976344384 0.200956758009 1.24863369136 101.12083408 321.24133992 295.998464819 0 1675.85343217 40.2951281034 289.213182126 22.7048718966 11.1465678264 53.7586600809
4992 4.71111749052 57.2014007973 159.927538737 396.774953085 0.671567239696 0.384842403307 4.28452686267 97.8841104092 321.110600087 279.770264165 0 1676.30227417 40.1073861744 285.9998823 22.8926138256 10.6977258251 53.8893999141
5016 4.5104164457 56.5912349751 158.950308685 396.81838548 0.660962494242 0.591941105919 3.46795685282 98.460754066 320.779189677 262.543659347 0 1676.75307445 40.0411030801 279.210073162 22.9588969199 10.2469255475 54.2208103241
5040 4.33367794098 47.3499214938 155.407908373 396.857959926 0.660063083405 0.707906257096 4.26594698234 97.5081237502 320.905610011 257.798840147 0 1677.1592048 40.207939595 275.514612601 22.792060405 9.84079520087 54.0943899898
5064 4.17764662278 41.3867405206 157.943004998 396.894428984 0.6675550455 0.869349288129 2.44681429121 99.1218523904 320.915223387 249.910646419 0 1677.51546047 40.3316268002 274.730547353 22.6683731998 9.4845395313 54.0847766133
5088 4.04399354282 36.5582099754 155.746539645 396.927253275 0.678814783412 0.925599548719 2.19721597903 99.2711164128 321.334807622 261.3721901 0 1677.82260652 40.524341967 265.956854902 22.475658033 9.17739348111 53.6651923786
5112 3.92116750085 39.3772004336 155.546689135 396.958939359 0.691325690216 0.986830595538 1.67839954847 99.6845048058 321.348263616 259.532796273 0 1678.09815404 40.4022111565 262.009823859 22.5977888435 8.90184595916 53.6517363846
5136 3.79832255763 42.9707611193 153.762179762 396.992297139 0.70644710725 1.05654073752 3.27907531974 97.965639696 321.247780957 252.63784885 0 1678.37231875 40.2336170086 256.175993768 22.7663829914 8.62768124544 53.7522190442
5160 3.68014179272 39.303372299 144.979243725 397.025840395 0.698307856657 0.196977075881 2.77149622112 99.3073784508 321.585610077 256.473449574 0 1678.64158137 40.334550694 257.951637104 22.665449306 8.3584186278 53.414389924
5184 3.56975117752 37.0595290756 148.338163153 397.057245868 0.677333159351 0.270534075569 1.26514255673 100.72974434 321.561675407 252.45668347 0 1678.8925664 40.3840533331 257.928851617 22.6159466669 8.10743360264 53.438324594
5208 3.46768097431 33.3377066188 150.114881058 397.086351911 0.660717259861 0.297552134215 0.623422565419 101.331956129 321.593685866 251.746281161 0 1679.12580396 40.5179364908 254.38501815 22.4820635092 7.87419604427 53.4063141344
5232 3.37449190956 30.9397322425 149.726318309 397.113064979 0.64734095556 0.359920916064 1.63666774378 100.243005405 321.505798792 250.910930089 0 1679.33703419 40.5466461901 248.606493932 22.4533538099 7.66296580833 53.4942012083
5256 3.28417134182 34.0829282087 160.488506246 397.139189406 0.636887288226 0.402910177527 1.66406762548 100.156945502 320.911111019 224.095596837 0 1679.54030702 40.4740202865 245.40358204 22.5259797135 7.45969297833 54.0888889816
5280 3.19899572377 32.5688212893 160.766045269 397.164128497 0.628901987633 0.45023304921 1.54750922599 100.209227239 320.619990148 206.368374873 0 1679.73326075 40.4861716259 240.835292949 22.5138283741 7.26673925418 54.3800098526
5304 3.11920280188 28.2588722347 151.432989568 397.187842792 0.62328429426 0.512831358386 2.24022993117 99.4358116232 320.89815127 205.318438965 0 1679.91566096 40.6171395727 241.548785808 22.3828604273 7.08433903723 54.1018487307
5328 3.04497086809 28.5270129952 146.24946107 397.210303105 0.620356713628 0.558464016131 0.78202135517 100.82885481 321.178621266 210.499459601 0 1680.08381562 40.612954751 236.632167124 22.387045249 6.91618437893 53.8213787352
5352 2.97962149029 24.7260117349 151.572929878 397.230461922 0.618684277253 0.579324493088 1.00939775307 100.562131554 321.297109593 215.703245805 0 1680.23369157 40.805402525 230.365080455 22.194597475 6.7663084302 53.7028904076
5376 2.91626044838 28.4941507985 148.900207465 397.250395486 0.618155821021 0.631454314329 2.14008614205 99.3599082358 321.190886842 213.481764157 0 1680.37546586 40.6207620692 226.540863375 22.3792379308 6.62453414247 53.8091131588
5400 2.84087703059 29.0231999389 147.862680494 397.27470847 0.620075133395 0.696641932253 1.94263852774 99.4659359357 321.009703051 203.681108898 0 1680.54346476 40.4330782251 222.193606075 22.5669217749 6.45653524078 53.99029695
5424 2.78029551276 25.2824940315 147.936474095 397.294802364 0.622966284504 0.72220640358 1.12359447271 100.236430475 321.13871512 205.409344265 0 1680.68335371 40.6425805914 219.20138382 22.3574194086 6.3166462885 53.8612848805
5448 2.7207827085 28.1314576344 146.443409189 397.315072978 0.626140908237 0.727916504355 1.35468441665 99.9761851927 321.142566614 201.794195467 0 1680.81685751 40.4917856132 215.613713237 22.5082143868 6.18314249375 53.8574333867
5472 2.66448864553 22.5843391006 149.633858986 397.334765252 0.629907809439 0.765631923951 0.409195231718 100.860499782 321.115943918 200.234419071 0 1680.94687889 40.8016835016 211.403790813 22.1983164984 6.05312110844 53.8840560825
5496 2.61658696836 22.212536709 147.406502027 397.351956031 0.633532921036 0.764085635564 1.1261492366 100.124276175 321.265569089 201.583670741 0 1681.05632994 40.8921846185 208.476470464 22.1078153815 5.94367005488 53.7344309113
5520 2.56801428382 24.8899877121 147.345909146 397.369813934 0.637162466059 0.764089580654 0.928674390485 100.300259628 321.323422046 197.690277731 0 1681.16461703 40.6408238851 208.74450957 22.3591761149 5.83538296674 53.6765779549
5544 2.52067434016 22.8744888414 143.088584487 397.38764737 0.640773367169 0.767309575256 0.704200604276 100.500069083 321.393195378 200.239266071 0 1681.2727199 40.7522093325 209.158198421 22.2477906675 5.72728009966 53.606804623
5568 2.47319017603 21.5696183198 147.705727881 397.4059785 0.6444886497 0.78209475067 0.517056756008 100.650381343 321.174451973 195.039806598 0 1681.38023581 40.7850784093 204.798487622 22.2149215907 5.61976418527 53.8255480275
5592 2.42786070011 21.1509190353 151.178509703 397.423914618 0.648332815213 0.786754756436 0.270947959401 100.87004985 320.892127234 181.806983903 0 1681.48301338 40.7955531486 203.702678724 22.2044468514 5.51698661629 54.1078727665
5616 2.38637837415 21.9214836386 146.686147075 397.440720366 0.651920832765 0.791400570169 0.835086787473 100.280871443 321.001177885 180.427509806 0 1681.57788609 40.9079416567 200.761439563 22.0920583433 5.42211391187 53.998822116
5640 2.34718499436 18.53607646 140.885142436 397.456956362 0.655277878306 0.788147877872 1.31397240183 99.7856454794 321.36029751 189.911684596 0 1681.66745394 41.0599259903 198.047816317 21.9400740097 5.33254605826 53.6397024907
5664 2.31099228351 20.7781581924 141.913035019 397.472268403 0.658586059238 0.807413183823 1.59433062979 99.4674017233 321.354759907 190.693303001 0 1681.7486382 40.8619878084 195.557854818 22.1380121916 5.2513618009 53.6452400933
5688 2.27223003413 19.6866395667 145.323688904 397.489028861 0.662628013182 0.831589566877 2.06802240353 98.948731155 321.159466099 183.438531965 0 1681.83676008 40.9449544511 194.217053715 22.0550455489 5.16323991531 53.8405339013
5712 2.23743497923 18.8680073084 137.477518007 397.504413053 0.666598086072 0.834567720389 0.36130885363 100.633112286 321.582584514 195.918761073 0 1681.91581552 40.9719814293 191.048729756 22.0280185707 5.08418447709 53.4174154863
5736 2.19963681969 20.7308918876 142.284193325 397.521503531 0.670850632036 0.836222421993 0.896118355141 100.075305059 321.387287198 191.192370744 0 1682.00010985 40.743261849 187.109807204 22.256738151 4.99989015272 53.6127128029
5760 2.16262782325 19.3116013193 144.786120054 397.538631427 0.675050863917 0.845585957807 1.40437520031 99.5363565501 321.216727341 183.461669542 0 1682.08465336 40.8436808675 185.373359334 22.1563191325 4.91534664221 53.78327266
5784 2.13049413147 16.9423437537 141.148385361 397.553834334 0.679078128028 0.86211662069 0.599040648696 100.305930268 321.32504067 186.305506281 0 1682.15863154 41.0970276118 181.83650231 21.9029723882 4.84136845959 53.6749593307
5808 2.09831893042 18.3731213161 144.422790458 397.569382915 0.683305541104 0.873998993643 1.83867322468 99.0346393249 321.134633141 176.753228605 0 1682.23109967 40.9811183466 180.450063669 22.0188816534 4.76890032748 53.8653668598
5832 2.06817722698 18.3197230856 141.34052097 397.584259719 0.687697110177 0.898527455507 1.93985586576 98.8896598489 321.236008271 176.016992581 0 1682.29970653 41.0149470024 178.218274594 21.9850529976 4.70029346996 53.7639917298
5856 2.03743497717 16.1713384991 145.398183114 397.599761833 0.692470128884 0.903581806339 1.15391374857 99.6502724828 320.958311259 164.33165215 0 1682.36960516 41.1244672921 180.081432865 21.8755327079 4.63039484105 54.0416887418
5880 2.00987304667 16.1491873057 139.844659077 397.613953246 0.696799733517 0.910454481191 1.16232088899 99.6164716499 321.232047753 168.296830925 0 1682.43213179 41.1168350984 180.934317406 21.8831649016 4.56786820961 53.7679522479
5904 1.98240861235 17.1484264276 140.625111506 397.628379876 0.701221213765 0.913057898045 1.19908681988 99.5582541917 321.056207923 165.05511861 0 1682.49390505 40.9702476373 179.815733732 22.0297523627 4.50609494675 53.9437920775
5928.0 1001.95489364 15.8380513744 140.097343506 397.643127308 0.70560028972 0.911386093478 1.27638921119 99.4634970972 321.091964872 166.396781663 0 1682.55670915 41.1079596812 175.861004309 21.8920403188 4.44329085301 53.9080351286
5952 373.570782237 5156.26953579 179.284074337 402.391958746 6.96094115802 11.8627752501 30.8202499493 47.9640748956 275.39336307 902.116134431 0 1148.181733 39.8638329684 389.451158582 23.1361670316 538.818267003 99.6066369306
5976 90.3402146893 3332.27923246 184.085124056 417.008397476 9.47509221094 14.3051079436 28.6644987549 30.5469036137 275.174594931 379.942897554 0 1483.26442751 39.0705323092 449.654002984 23.9294676908 203.735572497 99.8254050696
6000 33.8267102473 1165.65248802 178.732319962 427.758958327 4.18733913587 9.13551024116 29.500266908 29.4179253879 293.076784194 279.508893373 0 1606.80692514 39.0736585311 477.948100692 23.9263414689 80.1930748631 81.9232158066
6024 21.3069768865 438.651640392 172.35048188 430.180216258 2.21492761041 2.42375063892 21.3301433312 43.8509621614 309.1732375 319.4277724 0 1638.15804813 39.3661720113 456.518262009 23.6338279887 48.8419518703 65.826762501
6048 16.8446384441 268.212211555 177.819372437 430.678655785 1.32703856154 0.278391819445 10.811813852 56.9040999814 314.860969857 359.073832093 0 1648.78134093 39.5972915744 422.726041142 23.4027084256 38.2186590696 60.1390301438
6072 14.2135415062 209.136759088 169.715363869 430.969370755 0.24324795757 1.25418706075 7.56807725083 59.9651169756 317.164510242 383.54446019 0 1654.78691145 39.6813156511 398.959449164 23.3186843489 32.2130885571 57.8354897586
6096 12.367073912 182.352214474 171.293116269 431.030456237 0.315762763592 0.331910094899 6.35401148148 61.9678594224 318.171690037 374.370404381 0 1658.96511566 39.7133819868 392.316055661 23.2866180132 28.0348843401 56.8283099635
6120 10.8904908668 153.248524294 170.62191886 431.095272686 0.351432582397 0.343469752376 3.11269431588 65.0971306627 318.548943094 353.027588343 0 1662.29737441 39.7531619725 389.932432149 23.2468380275 24.7026255916 56.4510569067
6144 9.80113081213 129.364289915 174.736769672 431.152593562 0.382952845712 0.738794936616 2.88679799429 64.8388606606 319.12653547 347.748001686 0 1664.78408952 39.8396449331 379.201249464 23.1603550669 22.2159104839 55.873464531
6168 8.95868726673 113.095941172 168.667410134 431.208149572 0.445031260653 0.95634226904 2.32100518274 65.0694717148 319.839878799 357.250503702 0 1666.69598424 39.8970832428 365.285643313 23.1029167572 20.3040157668 55.1601212018
6192 8.2500309151 109.701800874 170.962353862 431.266486339 0.475559720684 0.0875945508667 2.23339092103 65.9369684685 320.115066631 350.790780549 0 1668.29031772 39.8729283432 350.493532388 23.1270716568 18.7096822826 54.88493337
6216 7.65299959599 94.9196241356 164.04991229 431.318241748 0.449861648915 0.397235007827 0.226074986605 67.6085866079 320.685392801 354.601803686 0 1669.64708158 39.9524165621 346.305621958 23.0475834379 17.3529184206 54.3146071999
6240 7.13507081132 85.7883892396 164.067119905 431.365499576 0.453262014318 0.602143096435 2.83391887046 64.745176442 320.842401554 353.967991413 0 1670.81637129 39.9663170159 333.194601068 23.0336829841 16.1836287114 54.1575984467
6264 6.69814947631 83.7547414895 167.02479425 431.409394719 0.47538668288 0.778505473475 2.74280435142 64.5939087728 320.489104747 326.790304595 0 1671.80317304 39.9617480375 337.015725514 23.0382519625 15.1968269637 54.5108952538
6288 6.28454693601 74.1787778678 162.999659032 431.45639475 0.509090537281 0.905261015667 2.75566239069 64.3735913057 320.598409732 318.58167181 0 1672.73572345 39.9884038121 332.038649741 23.0115961879 14.2642765508 54.4015902681
6312 5.95247575992 71.5759749147 164.087542174 431.499284663 0.544870751064 1.00371390773 2.8596300831 64.0925005948 320.964836213 317.775175666 0 1673.49488253 40.0542115916 322.302834382 22.9457884084 13.5051174777 54.0351637874
6336 5.63047168554 69.5588236922 164.09488872 431.543712793 0.516135985682 0.155047071325 1.1779918595 66.6071122901 320.708953667 300.844971723 0 1674.21757885 40.0102757221 312.10620066 22.9897242779 12.7824211569 54.2910463336
6360 5.35615586963 61.0813826187 163.325499357 431.581528163 0.495606346307 0.297626944575 1.93048869688 65.6947498484 320.81349807 289.097311908 0 1674.84423921 40.1214656094 312.99423256 22.8785343906 12.1557607976 54.1865019305
6384 5.12017852052 55.7438473127 159.085868577 431.61468172 0.487023809362 0.414707638137 1.21246242061 66.2711244114 321.365095917 296.421883593 0 1675.38259075 40.211877621 307.593760204 22.788122379 11.6174092513 53.6349040833
6408 4.89945983161 58.7067372055 160.292671068 431.646780233 0.485182402397 0.495468120269 1.4470469345 65.9255223097 320.826658023 280.182289313 0 1675.87408235 40.0622867106 303.678696664 22.9377132894 11.1259176536 54.1733419781
6432 4.69297895772 50.6747835193 158.349313595 431.678163711 0.48690437478 0.529646719283 1.661647614 65.6436375803 321.203132014 277.992236503 0 1676.34822073 40.2462574051 301.157706129 22.7537425949 10.651779276 53.7968679864
6456 4.5171963913 49.6584878798 156.063424609 431.706140295 0.490583450568 0.574038034782 0.361507365932 66.8677308531 321.365585669 283.155209387 0 1676.74657125 40.2455612762 291.04629609 22.7544387238 10.25342875 53.6344143317
6480 4.3473986567 46.6686648758 159.260641985 431.734490803 0.496653064385 0.635872239951 2.03032378611 65.1026601065 321.180778269 274.374989798 0 1677.12999555 40.2554854991 283.51345046 22.7445145009 9.87000445623 53.8192217314
6504 4.19888056312 40.4329214207 162.844469795 431.760602707 0.505668143818 0.722895874894 2.28344328049 64.7273899937 321.268760092 274.051067122 0 1677.46923623 40.377608104 275.190373343 22.622391896 9.53076377079 53.7312399088
6528 4.06051189329 41.3957622496 164.21735864 431.786320003 0.51795810932 0.77596284755 1.46687354456 65.452885495 320.914791597 254.715006493 0 1677.78095924 40.3213146151 272.895157969 22.6786853849 9.21904076016 54.0852084041
6552 3.93676548381 40.1181203151 152.017063948 431.810659231 0.53087259719 0.815269331773 0.418380304281 66.4248185354 321.453128114 265.317825773 0 1678.06296494 40.3951072062 266.638900712 22.6048927938 8.93703506244 53.5468718862
6576 3.81353714152 38.3188980749 153.280308537 431.836308252 0.54466809619 0.844312611198 1.46857186736 65.3061391731 321.498319379 265.655202713 0 1678.34077399 40.3711782928 260.240837029 22.6288217072 8.65922601403 53.5016806213
6600 3.69953629335 38.0915997995 154.145681959 431.861425141 0.559057158149 0.891921488653 1.33227147086 65.3553247407 321.300848102 250.991460994 0 1678.59834443 40.3506467038 265.464319625 22.6493532962 8.40165556951 53.6991518984
6624 3.59091742317 37.0584375756 155.349485894 431.886747761 0.57389693443 0.899924415495 1.21566465283 65.423766236 321.105493877 241.575587432 0 1678.84464267 40.393321918 261.988245022 22.606678082 8.15535733353 53.8945061236
6648 3.48288559293 34.3323910767 150.575898857 431.913389818 0.589077638463 0.923386970027 1.13696409288 65.4371814802 321.279294295 240.7180674 0 1679.08911198 40.4023627069 257.136625666 22.5976372931 7.91088802527 53.720705706
6672 3.39330080368 30.2394028982 153.839754495 431.936669619 0.60213925467 0.942317625093 0.627649818691 65.8912236818 321.422319512 242.757559544 0 1679.29603132 40.6511302423 251.159460816 22.3488697577 7.7039686815 53.5776804883
6696 3.30954548862 30.9882287767 152.467915201 431.959478215 0.614575225904 0.93649116665 1.06192131715 65.4275340746 321.370709947 242.050603795 0 1679.48458609 40.5707745241 244.778730316 22.4292254759 7.51541390913 53.6292900536
6720 3.22241032243 33.204204776 151.923277996 431.984330163 0.627250494303 0.938370347008 0.643343467742 65.8067055271 321.30020637 233.333967782 0 1679.67881301 40.3835446464 241.145448617 22.6164553536 7.32118699598 53.6997936309
6744 3.14229800991 30.8506614493 153.857835807 432.008236689 0.638805974294 0.936553700859 1.08470248756 65.3317011481 321.150249882 224.882715961 0 1679.86283125 40.5597207946 237.915586141 22.4402792054 7.13716875499 53.8497501182
6768 3.07030961195 26.6744300625 147.771384423 432.030626074 0.649332559283 0.953505522854 1.29293828597 65.0735975572 321.487571492 231.089023182 0 1680.02779052 40.7315142037 236.072375252 22.2684857963 6.97220948117 53.5124285091
6792 3.00222485073 29.9457352744 150.309072723 432.052639288 0.659556346019 0.971167308044 1.42482057992 64.8918164777 321.425649435 226.272196172 0 1680.18056353 40.5819521624 232.641275206 22.4180478376 6.81943647466 53.5743505654
6816 2.93381613018 29.0500430032 145.767121026 432.075627905 0.670157449244 0.972492400466 1.64725900452 64.6344632407 321.470873328 224.532660977 0 1680.33498947 40.5497040367 234.492708057 22.4502959633 6.66501053206 53.5291266721
6840 2.86193217319 29.5769234485 151.691786162 432.100773322 0.681306433611 0.981611638072 2.02202996373 64.2142786424 321.136416468 213.181404698 0 1680.49615161 40.4514763726 228.621482664 22.5485236274 6.5038483948 53.8635835327
6864 2.79839371589 25.6678788275 147.618686428 432.12388827 0.691333549491 0.978236923556 0.192500248646 66.0140410075 321.315039225 216.74061155 0 1680.64292159 40.6932677946 220.408680763 22.3067322054 6.35707841577 53.6849607752
6888 2.7400211669 24.4614220385 150.627887546 432.145888245 0.700116757409 0.971816052644 1.23688236126 64.9452965832 321.086394543 207.06018715 0 1680.77499805 40.6858960141 216.727789838 22.3141039859 6.22500195256 53.9136054574
6912 2.68457116121 24.8878221042 149.130237626 432.167488709 0.708721460341 1.00085306423 1.1471436517 64.9757931144 321.235655296 203.478340998 0 1680.90091593 40.7120795113 215.29614163 22.2879204887 6.09908407608 53.7643447047
6936 2.63166064018 25.6605617834 150.170980036 432.188395955 0.690102555042 0.0243010250232 1.09756688147 65.9996335835 321.143757854 196.291922453 0 1681.02105262 40.7255120245 213.120872586 22.2744879755 5.97894738151 53.8562421465
6960 2.58070075689 22.3436468795 147.625518951 432.208359745 0.671455896755 0.061584453132 0.987783834939 66.0708160697 321.148583491 196.508682019 0 1681.13699141 40.8113923417 210.242728539 22.1886076583 5.86300859084 53.8514165097
6984 2.53352270496 21.2543560054 145.398283614 432.226712787 0.655031016659 0.0829205423103 0.796880486742 66.2384551668 321.416976273 201.29890946 0 1681.24420079 40.8661363201 207.591992421 22.1338636799 5.7557992169 53.5830237278
7008 2.4904497132 19.8854995466 143.397364965 432.243376442 0.640916444272 0.1221474451 2.43710615184 64.5564535167 321.54977274 206.694138201 0 1681.34263767 40.995850267 204.241171619 22.004149733 5.65736233566 53.4502272605
7032 2.44528014804 23.0801489724 147.629609754 432.260783513 0.627296486815 0.150961757953 1.21075647531 65.750201766 321.213647968 198.147162966 0 1681.44285731 40.6842294273 200.149220447 22.3157705727 5.55714268981 53.7863520322
7056 2.40300013058 20.5242981628 144.552864987 432.277035883 0.615278641445 0.177417042335 1.90090683505 65.0293615978 321.2692537 196.622672163 0 1681.54023182 40.904958033 199.239856986 22.095041967 5.45976818187 53.7307463001
7080 2.36077693927 21.3181449557 146.896969135 432.29324606 0.604063438339 0.193850446314 0.637440989834 66.2713990649 321.100683429 189.435684588 0 1681.63470076 40.7366571404 194.613506341 22.2633428596 5.36529924541 53.8993165719
7104 2.32163768887 20.3801584517 146.688231179 432.308268044 0.594126850047 0.212212665372 1.26812664839 65.6172657914 321.088636006 183.868478196 0 1681.72458913 40.8988586087 194.181191404 22.1011413913 5.27541086873 53.9113639946
7128 2.28411951427 20.4382449064 140.985866807 432.322677015 0.585205141842 0.232992629263 0.849792967676 66.0093322461 321.323240654 188.537033306 0 1681.80938056 40.8438445356 191.916932912 22.1561554644 5.19061944188 53.6767593471
7152 2.24826473746 17.7116578448 139.28095561 432.336467813 0.577029231321 0.241279745243 0.408598071143 66.436625139 321.543309956 193.004972181 0 1681.89176529 41.0948881881 192.785354183 21.9051118119 5.10823471562 53.4566900449
7176 2.21197458519 20.6845545685 145.033191514 432.350454908 0.569096517357 0.255452446509 0.999575054196 65.8254210739 321.134477095 183.000254692 0 1681.9720331 40.7179538129 190.748154394 22.2820461871 5.02796690791 53.8655229053
7200 2.17543233262 19.6366326154 145.745049596 432.364580666 0.561684845692 0.282297708062 1.60181758621 65.1896191932 321.223199622 179.92308723 0 1682.05605212 40.9308240149 187.868567564 22.0691759851 4.94394788699 53.7768003789
7224 2.14267487284 18.4712247906 140.855288013 432.37729361 0.555565467059 0.294479415255 1.08410641865 65.6885550885 321.362249585 185.974395296 0 1682.13034696 40.9232986395 185.161443548 22.0767013605 4.86965304153 53.637750416
7248 2.10833105516 18.2609365884 143.847451779 432.390684105 0.549433433171 0.302927581516 0.670886767891 66.0860681122 321.04264084 176.868087522 0 1682.20787635 40.897503311 182.655494817 22.102496689 4.79212365595 53.9573591605
7272 2.0758358472 18.6605435986 141.42993107 432.403420499 0.543951586766 0.320100996408 1.17713249732 65.5553944204 321.118979673 171.836059825 0 1682.28183101 40.9299044706 184.189220344 22.0700955294 4.71816899487 53.8810203278
7296 2.04563709242 16.0837558847 142.875561096 432.415325061 0.539220264855 0.329315942757 0.611050514068 66.1050882167 321.069690165 167.625880542 0 1682.35114948 41.153199743 184.791686273 21.846800257 4.6488505249 53.9303098358
7320 2.0171121562 17.718322807 141.530590308 432.426637719 0.535006464411 0.348735258574 0.963062141214 65.7265584167 321.086123697 166.152181832 0 1682.4153971 41.0264201876 181.506873439 21.9735798124 4.584602899 53.913876304
7344 1.98684112748 19.2073532455 138.657492511 432.43872655 0.531063883023 0.368738010554 0.419043428645 66.2424281275 321.029525725 161.434791499 0 1682.48295155 40.7733614431 185.241330858 22.2266385569 4.51704844957 53.9704742757
7368 1.95592904304 17.3212741041 140.145061683 432.451173756 0.527360074916 0.374914266135 0.956980654497 65.6895712483 320.89335428 155.999376335 0 1682.55379319 40.9856226996 184.999793971 22.0143773004 4.44620681467 54.106645721
7392 1.92895321691 15.4470065464 136.842661105 432.462126817 0.524240061231 0.377903641982 0.323594019158 66.3121354604 321.174934367 162.757251636 0 1682.61568603 41.1564018119 182.866605876 21.8435981881 4.38431397178 53.8250656334
7416 1.90246475346 15.8759255848 140.271252721 432.472969136 0.521320044198 0.389469018912 0.666531242018 65.949710558 320.955346365 156.925728123 0 1682.67532601 41.0500023338 180.901430858 21.9499976662 4.32467399575 54.0446536361
7440 1.87563105931 16.0224463822 137.42903827 432.484047953 0.518592169943 0.394959631228 1.0581446841 65.5442555609 321.136179293 158.526026253 0 1682.73622377 41.0415759028 180.054103805 21.9584240972 4.26377623071 53.8638207076
7464 1.85112362318 15.4812788756 142.345444128 432.494255472 0.516235174861 0.40288807046 0.34041871412 66.2462025685 320.926825148 152.114689948 0 1682.7923376 41.1945397919 178.240923452 21.8054602081 4.20766240604 54.0731748524
7488 1.82785656811 14.9341421904 141.650155333 432.504030125 0.514167415453 0.413354066967 1.56730049937 65.0011478928 320.881275682 149.427605631 0 1682.84520798 41.2139652514 178.52365112 21.7860347486 4.15479202005 54.1187243186
7512 1.80569478095 15.043876414 142.36478762 432.513422747 0.512518736669 0.427697865288 0.740934537715 65.8054261132 320.702571134 143.099845229 0 1682.89542913 41.1857686444 177.838593068 21.8142313556 4.10457087561 54.2974288661
7536 1.7828950715 15.6215820829 138.781933578 432.523176936 0.511028394921 0.439108101238 0.969798619554 65.5568879479 320.821089519 143.443963471 0 1682.94651983 41.0169909265 177.246363597 21.9830090735 4.05348016857 54.1789104814
7560 1.76176155596 13.4878885575 134.437916512 432.532306183 0.50978518387 0.443249736821 0.135566824904 66.3790920706 321.206173477 152.076772094 0 1682.99548212 41.3605934861 176.689098215 21.6394065139 4.00451787818 53.7938265233
7584 1.73971709314 16.0581720465 136.847951891 432.541922976 0.508559100211 0.449088093734 1.36330845134 65.1371213781 320.998195635 148.034507823 0 1683.04437425 40.9534880088 176.198674753 22.0465119912 3.95562574921 54.001804366
7608 1.71861776619 15.2370451041 139.111256629 432.55122178 0.507553312605 0.457780615908 0.54636289849 65.9370813926 321.030607532 147.395107059 0 1683.09284201 41.1512044989 174.804107837 21.8487955011 3.90715799047 53.9693924689
7632 1.69867619431 13.4144960681 136.707987915 432.560100088 0.506756542005 0.466384586509 0.676757213753 65.7900015693 321.147539413 152.331843287 0 1683.1384284 41.3008513653 172.50882205 21.6991486347 3.86157160067 53.8524605872
7656 1.67881309575 12.8922659034 139.461031797 432.56903503 0.506103629721 0.471390207956 0.822747411905 65.6307237198 321.032357884 149.768525301 0 1683.18364553 41.3790358685 170.31987941 21.6209641315 3.81635447575 53.9676421166
7680 1.66117363578 12.341662096 138.405090815 432.577049824 0.505643115253 0.483665495503 0.835835017415 65.5978065477 321.122604432 151.783615447 0 1683.22396118 41.4920119669 167.238296181 21.5079880331 3.77603882159 53.8773955686
7704 1.64372452873 12.5045095898 136.810324885 432.585056596 0.505381233547 0.494985164359 0.849834444331 65.5647425611 321.22286881 154.226658655 0 1683.26339861 41.4314206863 164.277792276 21.5685793137 3.73660139409 53.7771311905
7728 1.62530060704 14.2345125042 136.157339437 432.593600403 0.505260980636 0.50037455081 0.945014576207 65.4557494887 321.115264481 149.622349203 0 1683.30458717 41.1553260261 164.379352286 21.8446739739 3.69541283127 53.8847355191
7752 1.60643028311 12.8369042044 133.070028241 432.602450459 0.505169197037 0.501256475281 0.0888353048947 66.3022885639 321.270894826 153.623736953 0 1683.34767091 41.3111303181 164.505730402 21.6888696819 3.65232909775 53.7291051743
7776 1.58948032921 12.1888135994 134.079252825 432.610487647 0.505098936696 0.501903022992 0.12790729137 66.2546031015 321.29256326 154.854654664 0 1683.38646228 41.4412050275 163.69869437 21.5587949725 3.61353772207 53.7074367409
7800 1.57142365155 12.7478068746 136.79341438 432.61914334 0.505044870207 0.505094251884 1.24189159256 65.1288259452 321.126284551 150.143282909 0 1683.42702174 41.2812475918 162.912888909 21.7187524082 3.57297825949 53.8737154499
7824 1.55422299136 13.1681598701 135.368256125 432.627481886 0.505131943365 0.511395170854 0.308022221905 66.0479687777 321.180460499 150.976574744 0 1683.465944 41.2027224282 161.224066495 21.7972775718 3.53405599953 53.8195395016
7848 1.53819163988 13.1043189631 134.255325963 432.63533869 0.505244841334 0.516084724982 1.31462109398 65.0287106494 321.249516585 151.380251402 0 1683.50262104 41.28856803 160.602978328 21.71143197 3.4973789611 53.7504834152
7872 1.52145261201 12.0771198215 134.738249301 432.643633194 0.505508898241 0.525842989955 0.366715043928 65.9582998731 321.1663634 147.806522378 0 1683.54064971 41.3764780079 162.009434662 21.6235219921 3.45935029478 53.8336366009
7896 1.50528255951 12.5574035697 138.734610643 432.651737825 0.505844008069 0.526670576362 0.411117145867 65.9046304446 321.024065626 141.45505424 0 1683.57721893 41.2943503954 161.388383784 21.7056496046 3.4227810728 53.9759343744
7920 1.48859567639 11.94551386 140.238994767 432.660199145 0.506217762441 0.530359258707 0.494845090751 65.8083787427 320.754341069 132.752756857 0 1683.61510893 41.3524990323 160.835606275 21.6475009677 3.38489107431 54.2456589318
7944 1.47403347232 13.2044213154 134.28317342 432.667666557 0.506598552564 0.534327406581 0.448835450772 65.8425720322 320.9981268 133.985780949 0 1683.64844328 41.446736377 161.301481348 21.553263623 3.35155671991 54.0018732009
7968 1.45869340114 11.4668638486 133.765060457 432.675619631 0.507046615461 0.535522986274 0.469811129402 65.8119996376 320.992340304 135.087620568 0 1683.68318374 41.4452711254 159.814878536 21.5547288746 3.31681626257 54.0076596965
7992 1.44475269351 11.1006847249 133.722245034 432.682926331 0.507461666655 0.535373727373 0.409353627454 65.8648846468 321.116296013 138.400540425 0 1683.71500239 41.5268467122 157.396229445 21.4731532878 3.28499761414 53.8837039876
8016 1.43076939808 11.0231787229 136.170302562 432.690332568 0.507884820028 0.538868279432 0.353487012905 65.9094273195 321.005401611 135.343615661 0 1683.74671335 41.5217462317 157.041309919 21.4782537683 3.25328665236 53.9945983894
8040 1.41702620859 11.7968434932 135.788450722 432.697688896 0.508343491607 0.542501651956 0.28986366963 65.9616022909 320.942037199 131.509485725 0 1683.77765186 41.3472271965 157.698718577 21.6527728035 3.2223481404 54.0579628016
8064 1.40359645301 11.6943204344 135.473754251 432.704953499 0.508833857879 0.545523418971 1.214580407 65.026108817 320.853726255 128.926121699 0 1683.80818259 41.3620651266 157.351265529 21.6379348734 3.19181741178 54.1462737459
8088 1.39074454294 10.406276662 133.902086095 432.711978097 0.50939208471 0.552351014059 1.09963344019 65.1266453638 321.033386966 131.862752135 0 1683.83777181 41.6501128288 156.073914328 21.3498871712 3.16222819628 53.9666130349
8112 1.37751775974 10.7304300707 135.847042931 432.719284118 0.509994553419 0.552957100498 1.03185335108 65.1859108764 320.857926742 128.702206623 0 1683.86755906 41.5238488809 153.854834845 21.4761511191 3.1324409407 54.1420732583
8136 1.36486870534 10.943212978 133.558449031 432.726345417 0.510625142402 0.557505365562 0.92355981622 65.2819642584 320.980444657 129.276796546 0 1683.89619456 41.4580052793 154.665448721 21.5419947207 3.10380544674 54.0195553433
8160 1.35232143239 10.8142809332 137.50093515 432.733423876 0.511291002136 0.559533018069 0.821107357055 65.3746447461 320.883600812 125.673316813 0 1683.92468834 41.4688302667 152.519248595 21.5311697333 3.07531165805 54.1163991888
8184 1.33999695634 10.3979323559 136.804036014 432.74045006 0.511959180628 0.560039085852 0.713711862823 65.4738398103 320.777704358 123.326802272 0 1683.95282536 41.568988531 150.441410359 21.431011469 3.04717464515 54.2222956425
8208 1.32823629284 9.89157527879 131.816961403 432.747224038 0.512617623666 0.562955713211 0.568140063474 65.6090625611 320.986991594 126.861259303 0 1683.97972947 41.7155290516 149.410323758 21.2844709484 3.02027053097 54.0130084063
8232 1.31677357022 10.7151404666 134.643117034 432.753893016 0.513291801004 0.568449010409 1.40278091332 64.7615852588 320.883804896 122.966941942 0 1684.00563687 41.6069449247 148.422845883 21.3930550753 2.99436313438 54.1161951046
8256 1.30503350098 10.6143001223 131.772660214 432.760793581 0.51407026715 0.572486585155 0.268082681121 65.8845668853 321.005453 126.802042485 0 1684.03209452 41.4850130033 147.469412114 21.5149869967 2.96790547959 53.994547001
8280 1.29400826964 9.63890771228 131.011231525 432.767340415 0.514806789398 0.573883696683 1.09254882857 65.0514202704 321.064407512 128.285571674 0 1684.05746755 41.7462532761 147.544013344 21.2537467239 2.94253245536 53.9355924891
8304 1.28312089092 9.54434662445 132.932648839 432.773869996 0.515606041565 0.581627828573 0.900604864485 65.2282912687 320.966998494 124.609455556 0 1684.08219215 41.7571421445 148.63488266 21.2428578555 2.91780785329 54.0330015061
8328 1.27243631832 10.4229451537 134.268952947 432.780342471 0.516460658376 0.58531612358 0.707939715128 65.4099410315 320.932807389 121.093048893 0 1684.10641377 41.7168685989 147.736210464 21.2831314011 2.8935862304 54.0671926116
8352 1.26191937974 9.41969203219 130.173559548 432.786777441 0.517326094689 0.586080284858 0.514874209767 65.5949419692 321.022055226 123.500366861 0 1684.13033805 41.7718151686 149.840992653 21.2281848314 2.86966195343 53.9779447748
8376 1.25185979205 10.1783410377 129.842967466 432.79299312 0.518160038135 0.589864686313 1.28682537115 64.8121567841 321.06366913 124.638398708 0 1684.15312974 41.6973706327 148.943004461 21.3026293673 2.84687026143 53.9363308709
8400 1.24082166206 10.2547683761 132.704622029 432.799883143 0.519127187301 0.593336639641 1.14220145155 64.945451578 320.884047741 121.574125272 0 1684.17782986 41.469552439 148.090036768 21.530447561 2.82217014335 54.1159522598
8424 1.22985545423 9.9780121255 133.125863563 432.806802218 0.520104359271 0.593863187921 1.00531247097 65.0739177636 320.851560774 118.631759055 0 1684.20279911 41.5289030499 148.260684774 21.4710969501 2.79720089149 54.1484392264
8448 1.21947415671 9.45559639495 134.754229238 432.8134215 0.52103956883 0.594124626651 0.829849933129 65.2415643714 320.681260018 113.080695788 0 1684.22655139 41.6721153504 147.45473479 21.3278846496 2.77344861058 54.3187399826
8472 1.20966976239 9.16041462816 132.044646411 432.819735956 0.521940144613 0.596172501086 0.61128680598 65.450864592 320.860038054 113.461036983 0 1684.24894119 41.769178155 148.653486674 21.230821845 2.75105881025 54.1399619466
8496 1.200015232 9.94565616116 131.701671508 432.826014928 0.522841293095 0.597707066081 0.387848905291 65.6655878069 320.859379745 114.58925165 0 1684.27071862 41.6061144043 146.869164678 21.3938855957 2.72928138767 54.1406202552
8520 1.19011224062 9.62137056167 133.398835873 432.83251957 0.523766400553 0.597180038428 0.195037619776 65.8514963704 320.71348713 109.961525278 0 1684.29315246 41.5922978029 147.102128772 21.4077021971 2.70684754056 54.2865128709
8544 1.18024294174 10.1452220691 130.633256569 432.839067569 0.524667655923 0.597246648008 1.00495576101 65.0340623661 320.808626208 112.038365466 0 1684.31536104 41.4276799932 146.375711522 21.5723200068 2.68463896029 54.1913737923
8568 1.17065613107 9.0298284426 130.601709698 432.845491863 0.525589994877 0.602540123543 0.787503538532 65.2388744795 320.890349908 114.738095331 0 1684.33749524 41.7481466046 144.678996941 21.2518533954 2.66250476404 54.1096500924
8592 1.16105869308 9.39541394707 134.05321383 432.851987908 0.526561145246 0.605889156302 0.581105167721 65.4344566224 320.683877393 107.447929052 0 1684.35911303 41.5999959864 146.008420825 21.4000040136 2.64088697513 54.3161226072
8616 1.1512732862 8.8671940149 131.579645934 432.858679335 0.527581673807 0.610337838966 0.394821127142 65.6085800243 320.761676289 108.582708433 0 1684.38152015 41.7705591153 144.346404017 21.2294408847 2.61847984841 54.2383237117
8640 1.1428632797 8.37222400387 132.71023991 432.864486481 0.528488176708 0.611881691614 1.10415114185 64.8909925088 320.705027698 105.491449277 0 1684.40081929 41.9495691744 143.728062114 21.0504308256 2.59918071167 54.2949723029
8664 1.1346987711 8.30696610289 132.715253906 432.870174765 0.52936723565 0.610464180068 0.80356229221 65.1864315266 320.745291011 106.157560329 0 1684.41937253 41.9622986732 142.133218036 21.0377013268 2.58062746892 54.2547089893
8688 1.12632905723 8.34053348724 133.218069014 432.876058515 0.530261246873 0.609091409304 0.525551294311 65.4590375343 320.69227977 104.793750742 0 1684.43833773 41.9286570194 140.579271833 21.0713429806 2.56166226877 54.3077202309
8712 1.11773810514 8.45344739939 132.883098527 432.882153731 0.531164329138 0.608424542074 0.270674712011 65.7075826854 320.648622685 103.48047323 0 1684.4577743 41.8633531694 139.065155788 21.1366468306 2.54222570716 54.3513773156
8736 1.10987740709 8.09000683417 131.612373559 432.887781077 0.531971926668 0.608496330589 0.956098669542 65.0156519962 320.691181624 102.244261664 0 1684.47577043 42.0072545193 138.576854032 20.9927454807 2.52422957373 54.308818377
8760 1.10223049129 8.00438017688 131.179130639 432.893302051 0.532760847893 0.607678310058 0.629248329126 65.3370104617 320.642727451 99.1129526362 0 1684.49315389 42.0302393943 139.110016791 20.9697606057 2.50684611474 54.3572725497
