Time EBV Teff Treg ODC_le1 ODC_le2 ODC_le3 ODC_le4 ODC_le5 NK IL2 DAC Resting_Teff Resting_Treg EffectorMemory Resting_Treg_temp Resting_Teff_temp NK_temp
0.0 0 0 0 0 0 0 0 500 375 1000 0 1687 63 0 0 0 0
24 0 0 0 0 0 0 0 500 336.279789971 908.048253598 0 1687 63 0 0 0 38.7202100291
48 0 0 0 0 0 0 0 500 335.391027502 823.849847309 0 1687 63 0 0 0 39.6089724976
72 0 0 0 0 0 0 0 500 334.559882085 745.880698262 0 1687 63 0 0 0 40.4401179151
96 0 0 0 0 0 0 0 500 333.760437385 673.915002205 0 1687 63 0 0 0 41.2395626152
120 0 0 0 0 0 0 0 500 332.995774144 607.703333798 0 1687 63 0 0 0 42.0042258555
144 0 0 0 0 0 0 0 500 332.2684442 546.975994766 0 1687 63 0 0 0 42.7315557996
168.0 1000 0 0 0 0 0 0 500 331.580390823 491.447224652 0 1687 63 0 0 0 43.4196091775
192 587.94283022 2674.42256109 91.5619289612 4.47673168998 18.9970923557 71.5351553232 179.581289232 225.4097314 319.455578209 5741.3447637 0 1039.6715255 41.772295668 0 21.227704332 647.328474501 55.5444217919
216 137.185176175 6934.89257448 167.031809792 78.8718828552 51.1259000561 92.4786598561 122.385215362 155.13834187 264.440016969 481.536526267 0 1394.97999589 38.9726907676 596.773379543 24.0273092324 292.020004113 110.559983032
240 32.8601864165 2392.80541161 170.679888084 168.989970095 36.2573776906 61.2345907417 93.2739184672 140.244143006 278.586741886 224.246651043 0 1604.00889949 38.8567308044 577.879795492 24.1432691956 82.9911005134 96.4132581146
264 16.0356221859 593.891460442 170.418881175 195.409553787 11.7949874369 37.6808642835 75.7435349489 179.371059543 302.948211994 223.092816678 0 1649.09771523 39.0432756082 512.578837071 23.9567243918 37.9022847729 72.0517880064
288 12.4255262854 219.047996734 162.012548617 198.872402105 3.48745912061 13.7306880127 41.5026575648 242.406793197 315.526043808 312.892944576 0 1658.65184161 39.4995111006 452.522261248 23.5004888994 28.348158388 59.4739561923
312 10.8018871849 161.237086667 165.540261682 199.240647711 0.882972581974 5.45547887658 27.5946020399 266.826298791 317.909456868 325.162636706 0 1662.46607303 39.681139317 428.668090828 23.318860683 24.533926968 57.0905431322
336 9.71774191477 128.624560439 164.016609337 199.374964277 0.16411503925 2.46043856408 19.9082088383 278.092273281 319.442368344 349.256564716 0 1664.96937887 39.8345980549 423.88712457 23.1654019451 22.0306211262 55.5576316562
360 8.82345507524 122.819722027 165.134485414 199.421620329 0.462079846622 1.22001289551 24.8393326315 274.056954297 319.561647328 344.038947914 0 1666.97473854 39.7855127554 411.483336043 23.2144872446 20.0252614621 55.4383526729
384 8.0952460197 111.464845061 162.067636602 199.489014836 0.579977614986 1.35575707335 11.7767226469 286.798527829 320.072572479 347.811450085 0 1668.62996532 39.8289675875 400.318636089 23.1710324125 18.3700346815 54.927427521
408 7.46245713152 96.845521294 163.260316929 199.561678145 0.62528659686 0.969478528991 16.8072878163 282.036268913 320.240561464 345.105155399 0 1670.06069172 39.8542999557 387.458001825 23.1457000443 16.9393082814 54.7594385367
432 6.95379068409 94.6672321309 164.026895871 199.627428181 0.63434854946 1.25284300153 13.7623770678 284.7230032 320.627337579 338.58280415 0 1671.21427194 39.8614977921 378.564484623 23.1385022079 15.7857280638 54.3726624214
456 6.49741108988 87.0099970677 167.004751257 199.694479602 0.679680107215 1.31121922135 9.82342863714 288.491192432 320.376373779 320.649874426 0 1672.24805109 39.8997540458 369.835745812 23.1002459542 14.7519489108 54.6236262218
480 6.09092856239 77.0947758548 161.624449653 199.763201029 0.728924175547 1.25835981631 13.6043355767 284.645179403 320.649468023 311.475130065 0 1673.16891459 39.9251786442 363.954938292 23.0748213558 13.8310854144 54.3505319775
504 5.7615974821 68.3677992898 162.601249243 199.824605018 0.741651544624 1.08738998888 11.6932861215 286.653067327 321.051971604 312.473646708 0 1673.92560595 40.0659465111 357.49222177 22.9340534889 13.0743940529 53.948028397
528 5.47802727382 66.3158659789 162.851994748 199.880304712 0.727296253984 0.619460207885 5.17195912054 293.600979706 321.037009029 315.34812611 0 1674.56533265 40.0368675027 343.449108975 22.9631324973 12.4346673483 53.9629909713
552 5.22041682219 56.3512697941 167.380309606 199.932915183 0.726796607654 0.0828705968224 8.71846229781 290.538955314 320.934080862 303.955458472 0 1675.15494344 40.1991824808 337.668646381 22.8008175192 11.8450565563 54.0659191386
576 4.98713655618 59.9837318354 158.646487146 199.981733981 0.704100938559 0.677553626208 9.97674554358 288.659865911 321.029194981 297.731074336 0 1675.67540414 40.0566348712 327.396171489 22.9433651288 11.3245958571 53.9708050194
600 4.77868907723 51.5209515511 160.267958448 200.027022006 0.704401617353 0.243188570319 9.87620209635 289.14918571 321.415173903 297.082901578 0 1676.15417098 40.2236320154 322.985600467 22.7763679846 10.8458290241 53.5848260979
624 4.58748776051 53.4017688507 157.089311446 200.069614079 0.690199038265 0.62354274302 5.35994550111 293.256698639 321.445833444 293.768949173 0 1676.5822036 40.1028338615 320.858464986 22.8971661385 10.4177963984 53.5541665561
648 4.40516280581 50.2919234883 160.287179555 200.111641438 0.694186712878 0.884526758745 4.90229149524 293.407353595 321.193962988 277.090656258 0 1676.9972526 40.1881177755 319.198858131 22.8118822245 10.0027473962 53.8060370123
672 4.2387433978 45.9500849919 162.060512643 200.152221205 0.713520277705 1.19027144948 7.39253418889 290.551452879 320.909937205 266.274018511 0 1677.37506294 40.2351810219 310.593749642 22.7648189781 9.62493705634 54.0900627952
696 4.08709400994 42.8986924622 158.2376058 200.191630763 0.718461680232 0.532438321953 5.92104332759 292.636425907 320.968358963 258.731900304 0 1677.71872699 40.2652759382 305.307817299 22.7347240618 9.28127300993 54.0316410371
720 3.95382585772 44.4255158917 157.688614908 200.227254699 0.717155162042 0.858827740104 8.03701838839 290.159744011 321.21889942 256.15234303 0 1678.02192075 40.3094724102 298.347782533 22.6905275898 8.9780792504 53.7811005801
744 3.82394032489 38.0885548344 158.247303442 200.263092881 0.704650100599 0.226656214312 3.21427858256 295.591322221 321.041564572 252.743467421 0 1678.31689681 40.3777504781 289.387531354 22.6222495219 8.68310319287 53.9584354289
768 3.71314631843 35.9334006564 156.31151149 200.293774561 0.688751663584 0.47175562501 6.86758311604 291.678135035 321.409350708 259.205050553 0 1678.56952208 40.4473123735 278.894073171 22.5526876265 8.43047791511 53.5906492923
792 3.60723168289 36.3913037697 149.853843447 200.323553752 0.685030840227 0.707105391736 4.29806145827 293.986248557 321.676777963 266.285065247 0 1678.80913488 40.4492792039 271.49502749 22.5507207961 8.19086511724 53.3232220376
816 3.50657718302 34.2596037859 147.54974321 200.35268394 0.688062805725 0.816544967877 5.67431746737 292.468390819 321.828496765 269.320600485 0 1679.03677026 40.4442999752 268.933990529 22.5557000248 7.96322973863 53.1715032351
840 3.40998895156 34.2841292968 152.384442699 200.381676017 0.697076552308 0.992078742753 4.73396795331 293.195200735 321.700562809 262.544822972 0 1679.2553001 40.4402089134 264.837815599 22.5597910866 7.74469990009 53.2994371911
864 3.31187356288 39.370089608 152.929227188 200.411941124 0.680497509478 0.252493215423 3.26218731362 295.392880837 321.216668266 244.669045238 0 1679.47197963 40.1523111851 260.426775074 22.8476888149 7.52802037383 53.7833317345
888 3.21347410662 42.1402327213 154.771983754 200.442360688 0.66584358293 0.448353060315 5.3460702951 293.097372373 320.877618731 219.335122188 0 1679.69485245 40.1429701165 258.693868471 22.8570298835 7.30514755146 54.12238127
912 3.12006904526 32.2896816119 145.597478849 200.471687704 0.661625809976 0.689895885145 7.0119835297 291.164807071 321.318573828 227.24411043 0 1679.910529 40.399152024 253.508609493 22.600847976 7.0894709977 53.6814261727
936 3.04476665525 27.83904052 147.469969169 200.495997754 0.666327074927 0.887533867324 6.4815256013 291.468615702 321.560253423 233.360233234 0 1680.08443349 40.6343779773 247.919636006 22.3656220227 6.91556651348 53.4397465771
960 2.97146761958 28.7109052395 147.93404452 200.520540855 0.677541373814 1.0579591998 1.95601517746 295.787943394 321.474092742 227.679886722 0 1680.24893969 40.522606845 246.867353051 22.477393155 6.75106030698 53.5259072589
984 2.9087759142 23.8750602277 150.617312696 200.542345844 0.678995950152 0.149028981849 4.26093013443 294.368699089 321.376611196 221.733320535 0 1680.39449388 40.8508008623 249.869799101 22.1491991377 6.60550612217 53.623388805
1008 2.84731087891 26.6535421139 149.505930057 200.563850784 0.664299070403 0.271817870315 3.5665109959 294.93352128 321.21108461 217.879899167 0 1680.5314931 40.6125598428 245.170480069 22.3874401572 6.46850690135 53.7889153903
1032 2.78441727409 27.6430974134 144.886288519 200.58591172 0.653330236035 0.394997643448 3.29692614196 295.068834259 321.387413805 220.619782626 0 1680.67299515 40.5295878163 238.961102706 22.4704121837 6.32700485301 53.6125861957
1056 2.72641639663 27.3194004777 145.095496377 200.606423333 0.646202147702 0.448178125336 1.58382213896 296.715374255 321.459465869 217.696660554 0 1680.80503864 40.5565335636 237.240045282 22.4434664364 6.19496136177 53.5405341315
1080 2.67106857176 26.0010700236 144.558406673 200.626219055 0.641000741803 0.499511977121 3.62787416127 294.605394064 321.519039905 218.822637743 0 1680.93113692 40.642176779 235.666353337 22.357823221 6.06886307829 53.4809600952
1104 2.61710297376 25.1936749615 149.506046479 200.645792893 0.638083683378 0.580807369898 3.56105393634 294.574262117 321.254445426 209.205200758 0 1681.05307302 40.6213853114 233.426646702 22.3786146886 5.94692697806 53.7455545747
1128 2.56304520583 24.8939734603 148.458494531 200.665763064 0.638200011247 0.683767604033 2.64672343412 295.365545886 321.176625031 201.393834445 0 1681.17543855 40.6218093838 232.434159135 22.3781906162 5.82456144998 53.82337497
1152 2.51403442812 23.7040069073 154.036893421 200.684273237 0.640252973961 0.725505214924 2.15177612378 295.79819245 320.912659789 187.2106671 0 1681.2872466 40.713764084 230.775184277 22.286235916 5.71275340126 54.0873402116
1176 2.46786571156 23.1638299748 146.730488958 200.702110106 0.643031399221 0.766995333593 2.31064161761 295.577221543 321.111259222 190.713183362 0 1681.39203599 40.7099911907 226.363493785 22.2900088093 5.60796400951 53.8887407782
1200 2.42301356262 22.2456243454 140.399541508 200.719857306 0.647482421012 0.852471353178 3.28953187872 294.490657041 321.50564001 202.381645687 0 1681.49416963 40.7855280855 220.330294599 22.2144719145 5.50583036809 53.494359991
1224 2.37863903454 23.5028883718 148.553997607 200.737899091 0.654352088322 0.936747304694 3.32559489731 294.345406618 321.074010278 188.216388289 0 1681.59432536 40.7191374789 218.58774182 22.2808625211 5.40567463924 53.9259897227
1248 2.33666138403 22.6271945714 148.844619401 200.755483923 0.662597386865 0.977217282548 2.14204034739 295.46266106 321.043546459 181.072428162 0 1681.68944903 40.7251316806 218.018859853 22.2748683194 5.31055097064 53.9564535414
1272 2.29593749955 20.6961736425 144.680595545 200.773025517 0.661871523427 0.0522563511237 3.81567162591 294.697174982 321.075464376 182.645238226 0 1681.78214726 40.7975383819 214.651141439 22.2024616181 5.21785273904 53.9245356249
1296 2.25327703111 21.8415231391 143.150838285 200.791420104 0.646402733181 0.156662525225 2.99771965074 295.407794987 321.097906867 178.451596597 0 1681.8784924 40.7553333783 211.582298594 22.2446666217 5.12150759772 53.902093134
1320 2.21418603029 20.2066002628 138.641413806 200.808230258 0.634689422857 0.23628106093 3.66072731725 294.660071941 321.371185849 186.200976993 0 1681.96784282 40.8664902365 206.763612002 22.1335097635 5.03215718093 53.6288141513
1344 2.17549112189 20.6975877044 139.665695949 200.824885828 0.625265649142 0.313349838496 4.38033079872 293.856167885 321.264238173 182.934792986 0 1682.05478369 40.7326820988 206.129429261 22.2673179012 4.9452163064 53.7357618278
1368 2.13975920283 20.1852717117 144.338988813 200.840333924 0.618833981029 0.401736272798 3.59289188877 294.546203933 321.098281319 176.975024832 0 1682.13592234 40.7438962859 203.695578822 22.2561037141 4.86407765773 53.9017186819
1392 2.10692519547 20.0077888438 145.018722688 200.854635703 0.614536071091 0.460343946455 3.3703570928 294.700127186 321.10868221 172.82873122 0 1682.21136326 40.9125513001 202.391415142 22.0874486999 4.78863674131 53.8913177906
1416 2.07482648791 18.4506746251 141.544704564 200.868754177 0.611977913505 0.540685352752 4.04947825819 293.929104299 321.183026315 175.330398361 0 1682.28407658 40.901719108 199.268918305 22.098280892 4.71592341897 53.8169736856
1440 2.04231304275 20.2376758968 140.862729303 200.883241575 0.611397069893 0.632887644044 4.8956479996 292.976825712 321.183104958 173.894986218 0 1682.35701844 40.743413819 195.380537768 22.256586181 4.64298156471 53.8168950426
1464 2.01078728118 17.549833719 145.406022048 200.897521731 0.612711152619 0.687323140792 2.70544553651 295.096998439 320.871851328 163.689655437 0 1682.4291045 40.9073390489 194.628248901 22.0926609511 4.57089550414 54.1281486727
1488 1.98254637725 16.7511207244 140.496937926 200.910541844 0.61483655914 0.739345927595 2.88868090498 294.846594764 321.167954464 167.869304494 0 1682.49388137 41.0500753537 192.048084454 21.9499246463 4.50611862925 53.8320455361
1512 1.95570830555 16.1860280792 140.64221241 200.923140019 0.617651882599 0.761368540397 1.90038890124 295.797450657 321.196779421 168.285404595 0 1682.55482733 41.0771539215 190.579838904 21.9228460785 4.44517267186 53.8032205799
1536 1.92866672666 16.0419016014 142.393293639 200.936071935 0.620799001042 0.782682600584 2.04274468433 295.617701779 320.99626762 162.578761212 0 1682.61605357 41.0642741356 190.203917941 21.9357258644 4.3839464299 54.0037323803
1560 1.90417231596 14.6305570598 141.679109751 200.948005457 0.624202745138 0.820091943988 1.64360187897 295.964097975 321.083424202 161.642786089 0 1682.6723395 41.2783959963 188.943381301 21.7216040037 4.32766050252 53.9165757983
1584 1.87755332951 16.6336675588 142.855165917 200.961231333 0.628508916996 0.852083315817 4.8287058358 292.729470599 320.749116975 150.181685175 0 1682.73124396 40.9118516299 187.784134388 22.0881483701 4.26875604446 54.2508830258
1608.0 1001.85281465 15.0415064071 139.917203039 200.973782467 0.633280166161 0.886544934442 3.64463233867 293.861760094 320.976972203 153.200905775 0 1682.78830963 41.1473919353 185.73983187 21.8526080647 4.21169037102 54.0230277976
1632 374.072573654 5220.27376087 177.016555283 209.530813298 13.4644333228 45.41830951 85.0838039881 146.502639881 275.341044979 916.142699263 0 1147.67505666 39.8527829512 398.850753994 23.1472170488 539.324943341 99.6589550217
1656 89.6694973562 3350.03482156 189.946663011 252.838885113 23.9116110504 47.2649743818 80.1496777444 95.834851711 274.918664961 399.246307602 0 1484.32607502 39.0632638566 453.678007 23.9367361434 202.673924982 100.08133504
1680 33.6444830159 1159.2291747 181.165463125 280.511816521 11.002638415 34.5423067698 58.9605056358 114.982732659 293.180901635 277.454637803 0 1607.25800806 39.0746820579 465.441051074 23.9253179421 79.7419919422 81.8190983657
1704 21.3119261334 432.878516126 175.783981615 286.542657907 2.1648414196 15.0455951616 44.2136771946 152.033228317 308.97492609 314.163718641 0 1638.15759852 39.3704044854 432.416817431 23.6295955146 48.8424014785 66.0250739107
1728 16.9460629379 251.676925134 180.535129191 287.412831703 3.13317500304 7.5035884483 29.1666891147 172.783715732 315.208425394 366.341104732 0 1648.60564571 39.6533092405 408.243146043 23.3466907595 38.3943542949 59.7915746066
1752 14.3833096367 207.879907825 181.937982871 287.69847302 0.203946074814 2.64124686883 21.7814223129 187.674911724 317.035322458 365.078298012 0 1654.43446325 39.7208189614 392.923486275 23.2791810386 32.5655367476 57.9646775424
1776 12.5072296445 163.396802545 186.054640773 287.783094278 0.543511504327 1.35139069235 18.5042366107 191.817766915 317.61995098 353.378315563 0 1658.67450856 39.7903077488 380.21571582 23.2096922512 28.3254914396 57.3800490203
1800 11.1676439536 140.18018485 176.082518219 287.884369283 0.613007562352 0.754647114655 13.1377694248 197.610206615 318.9212512 369.773131616 0 1661.71622664 39.8594947564 374.033876315 23.1405052436 25.2837733588 56.0787488009
1824 10.0816715507 133.96952003 171.914929958 287.979035577 0.644595246232 0.494060012554 9.7280539571 201.154255207 319.319960798 365.617246072 0 1664.15359695 39.8334657676 363.993128182 23.1665342324 22.8464030475 55.6800392027
1848 9.16183889122 118.311388671 168.464432934 288.073613868 0.678275876182 0.980478551411 12.6959946782 197.571637027 319.640583421 353.645485673 0 1666.23002045 39.8651042156 368.050199045 23.1348957844 20.7699795472 55.3594165791
1872 8.44510480012 105.71196244 168.240223668 288.155986752 0.662459455316 0.346997128566 11.5712117763 199.263344888 320.318983188 367.593202586 0 1667.8583267 39.9210279708 354.404105389 23.0789720292 19.141673298 54.6810168121
1896 7.80921730852 100.55341505 168.988505997 288.234890185 0.698694876619 0.631971506575 8.44788259376 201.986560838 320.263938547 352.879650683 0 1669.28708254 39.8986105861 347.193077585 23.1013894139 17.7129174596 54.7360614539
1920 7.23326745828 101.754608528 164.766247316 288.315901241 0.702838293756 0.609304302898 7.48836554406 202.883590619 320.062608863 324.859533664 0 1670.57455243 39.8158096596 340.177970397 23.1841903404 16.425447576 54.937391138
1944 6.72294535141 85.20923254 164.047215893 288.39394142 0.733365687576 1.403633676 8.72338244082 200.745676776 320.112489125 308.055325488 0 1671.73503255 39.8914058707 332.92469197 23.1085941293 15.2649674496 54.8875108752
1968 6.31505606298 78.8471788247 160.67781747 288.46297476 0.747985390376 1.28234078 8.50934111346 200.997357956 320.376824399 296.949241508 0 1672.66277526 39.9255948432 335.397916326 23.0744051568 14.3372247452 54.6231756013
1992 5.97169620958 67.7685953831 169.823049204 288.525415074 0.746417505083 0.988669338859 6.58820223456 203.151295847 320.517146544 293.449020837 0 1673.45305571 40.0957803632 327.89925151 22.9042196368 13.5469442865 54.4828534561
2016 5.67334795264 63.9399734618 163.340593543 288.583410888 0.749286302247 0.43736641428 4.70562049487 205.524315901 320.768066996 293.386693875 0 1674.12955619 40.1408574044 322.640312068 22.8591425956 12.8704438155 54.2319330049
2040 5.40671917407 60.5109769845 157.774089229 288.636968137 0.737198242105 0.696179910264 4.27351329186 205.656140419 321.349989623 305.523985816 0 1674.73431083 40.1895539744 312.838498956 22.8104460256 12.2656891725 53.6500103771
2064 5.15581259506 60.5829247714 158.485448092 288.689697441 0.745986500445 1.00637312091 5.47921443363 204.078728504 321.130004818 294.855244132 0 1675.29655834 40.1104866099 312.683547617 22.8895133901 11.7034416593 53.8699951827
2088 4.92468865299 61.095582475 154.693050829 288.740556116 0.726288638762 0.448347553094 6.98638234491 203.098425348 321.057355975 287.022227404 0 1675.81659352 40.0551823362 307.892157924 22.9448176638 11.1834064775 53.9426440255
2112 4.70872027883 53.9662456795 160.032499045 288.789127893 0.721954941866 0.814197172949 5.28263084721 204.392089145 320.855237112 270.512311561 0 1676.3057195 40.0867081571 309.737551863 22.9132918429 10.6942805019 54.1447628884
2136 4.52046931115 50.0422452154 157.935717091 288.833645104 0.735498684826 1.10964157236 6.39790994363 202.923304695 320.893544837 262.257685372 0 1676.73524752 40.1605747473 310.402489203 22.8394252527 10.2647524805 54.1064551633
2160 4.34968931803 47.1435522859 154.988708489 288.876266248 0.728978142241 0.388338063553 5.88683404623 204.119583501 321.047741583 267.596119537 0 1677.12272961 40.2001515747 300.089825894 22.7998484253 9.87727039468 53.952258418
2184 4.19326753354 50.3888043226 155.545714965 288.915966088 0.718618209745 0.628229566851 3.87658576357 205.860600373 321.163728691 262.283507656 0 1677.47690204 40.1737304112 291.471379152 22.8262695888 9.52309795824 53.8362713098
2208 4.04085827103 44.7452676939 149.430515134 288.955831605 0.718750991856 0.828093610225 7.03838898338 202.45893481 321.382424147 262.260645631 0 1677.82196362 40.221382419 293.652029768 22.778617581 9.17803638164 53.6175758539
2232 3.90324192539 43.989114461 153.74578029 288.993426744 0.724361699232 0.0710292795943 6.35324461477 203.857937663 321.230714442 257.132866163 0 1678.13445129 40.2326789246 285.765578286 22.7673210754 8.86554871191 53.7692855589
2256 3.77893852136 41.1322752758 155.597028931 289.027936389 0.699151215835 0.283776415759 3.10813002262 206.881005958 321.173306878 253.209004317 0 1678.41689805 40.2696616292 278.04009942 22.7303383708 8.58310195449 53.8266931222
2280 3.66712181542 36.5252976374 150.856957532 289.059078363 0.684795951071 0.466925294278 5.1647798401 204.624420552 321.496675437 259.339846143 0 1678.67341245 40.4455797765 274.25034208 22.5544202235 8.32658755164 53.5033245635
2304 3.56007770743 38.1557739331 150.464877288 289.089335406 0.677647887655 0.556307938267 2.25936156491 207.417347204 321.437423607 256.695139839 0 1678.91344947 40.3272199098 268.283039464 22.6727800902 8.08655052688 53.5625763936
2328 3.46083342202 34.4684871811 149.920408727 289.117988317 0.674140968165 0.624868150341 0.962138762371 208.620863802 321.634453633 258.451761516 0 1679.14065418 40.4548298293 263.226226916 22.5451701707 7.85934581777 53.3655463673
2352 3.36602519035 34.0208298975 155.230898199 289.146052097 0.673625011487 0.724312120764 5.43841920234 204.017591569 321.263331532 240.1822398 0 1679.35422245 40.4179084368 265.549062172 22.5820915632 7.64577755581 53.7366684682
2376 3.27319956672 32.1217264202 152.093485424 289.174389833 0.678201036092 0.835401563011 3.93324311763 205.378764451 321.258667596 234.413112716 0 1679.56546152 40.5025697623 262.26524424 22.4974302377 7.43453848488 53.741332405
2400 3.18640025293 36.1381301507 150.944378875 289.201877713 0.686074428244 0.930012262825 3.10916569529 206.072869901 320.993364217 220.365278315 0 1679.7579658 40.2438094084 261.468921833 22.7561905916 7.24203420136 54.0066357833
2424 3.10163420345 31.0020402549 147.023402625 289.229654975 0.678899120689 0.116664624454 3.17124887505 206.803532405 321.239328839 220.783560803 0 1679.95381344 40.4901241927 259.947829693 22.5098758073 7.04618655923 53.7606711611
2448 3.02279558701 29.2166294827 152.078520192 289.255487485 0.659782308838 0.241675402776 4.0148177931 205.82823701 320.954715743 209.719854635 0 1680.13211782 40.4921657568 259.836128914 22.5078342432 6.86788218505 54.0452842581
2472 2.95182668089 28.5366081605 147.610724943 289.27876501 0.647291844639 0.342621970601 1.26714271323 208.464178462 321.17690506 211.413753204 0 1680.29467418 40.6160814926 256.200443487 22.3839185074 6.70532581803 53.8230949406
2496 2.88499805384 26.3133351464 146.753076829 289.300833242 0.638060372263 0.407566490701 2.3145598027 207.338980093 321.265435364 211.581321938 0 1680.44671996 40.7050808366 253.991573519 22.2949191634 6.55328003852 53.7345646371
2520 2.82334843051 25.2884325998 141.641734428 289.321397504 0.631699042425 0.474706200082 2.94363525618 206.628561998 321.602949599 223.616631902 0 1680.5864321 40.6943128685 248.216318974 22.3056871315 6.41356789758 53.397050402
2544 2.76355787546 25.786569681 145.258337844 289.341616978 0.628482241079 0.59223353075 4.40127822977 205.036389021 321.506591422 218.843871913 0 1680.72123587 40.6243891891 248.775797062 22.3756108109 6.27876413232 53.4934085788
2568 2.70909268259 24.7783024683 149.00485082 289.360381812 0.628923934665 0.682694685966 2.43347684678 206.894522721 321.317017834 213.613310152 0 1680.84613739 40.7762536319 246.504253353 22.2237463681 6.15386260952 53.6829821663
2592 2.65236086584 26.7817118174 147.313562839 289.380386927 0.631866467066 0.774385081025 4.84778446465 204.365577061 321.20990289 207.619951851 0 1680.97210099 40.5060608538 243.616631624 22.4939391462 6.02789900894 53.7900971109
2616 2.59583505875 28.7650513366 146.042860825 289.400901362 0.638444993394 0.888676789994 4.32279316067 204.749183694 321.093800604 198.223381861 0 1681.09989397 40.4770503333 242.968570304 22.5229496667 5.90010603464 53.906199397
2640 2.54594178971 22.1087392885 147.192608382 289.419598201 0.646155604275 0.922519700892 2.28775916282 206.723967331 321.332889226 203.645625063 0 1681.21594638 40.8299851422 237.701471366 22.1700148578 5.78405362024 53.6671107744
2664 2.50048941782 21.7864379544 144.585693876 289.437159775 0.653682052082 0.936830491111 2.85621800587 206.116109676 321.472370886 208.474586223 0 1681.31900771 40.8328521316 233.800195546 22.1671478684 5.68099229186 53.5276291145
2688 2.45506589021 21.6497844458 143.936790773 289.455248666 0.66210562901 0.989562830822 2.44321491762 206.449867957 321.464912664 209.970624765 0 1681.4215323 40.7922843676 230.229764488 22.2077156324 5.57846769865 53.5350873369
2712 2.40891808476 22.7274816461 149.749885986 289.474074401 0.654356782633 0.0550275689733 4.25286993184 205.563671315 321.089190806 197.085875474 0 1681.52530469 40.6834528057 225.021595127 22.3165471943 5.47469531084 53.9108091945
2736 2.36734722162 20.8554330813 149.979693397 289.490962779 0.639423963992 0.0951653419114 1.64677891468 208.127669001 321.048433637 188.473740517 0 1681.62113972 40.932307808 221.151205512 22.067692192 5.37886027811 53.9515663641
2760 2.32586812734 21.1488173335 145.093490966 289.507731633 0.625621682417 0.123722766782 1.14541599668 208.597507922 321.161916499 188.060722958 0 1681.71449744 40.84262919 217.591745471 22.15737081 5.28550256092 53.838083502
2784 2.28709448901 19.7324513411 143.050760115 289.523352945 0.613562387616 0.157181587946 0.359912315236 209.345990764 321.276530451 187.900037982 0 1681.80307277 40.9577619353 217.20254707 22.0422380647 5.1969272344 53.7234695491
2808 2.25079461215 18.9357433698 146.041999621 289.537949151 0.603040815657 0.189296900351 2.31978330664 207.349929827 321.135033847 182.072694887 0 1681.88519866 40.9314424284 216.976891898 22.0685575716 5.11480134476 53.8649661541
2832 2.21542563583 21.0951719 141.568211476 289.552163142 0.593632918584 0.211119562521 1.24752642682 208.395557951 321.249849699 184.614981241 0 1681.96474361 40.775383063 213.912924058 22.224616937 5.03525639105 53.7501503017
2856 2.17900732585 19.805233483 140.376827667 289.566808386 0.584607006431 0.241977643976 2.38642432933 207.220182634 321.321594492 187.326284283 0 1682.04734503 40.8095840065 211.99040751 22.1904159935 4.95265496802 53.6784055089
2880 2.14547922504 17.7932162294 140.73633369 289.58031792 0.577191881234 0.279126029521 2.17479349656 207.388570673 321.39257744 188.041371655 0 1682.12431964 41.0076533579 211.287802015 21.9923466421 4.87568036316 53.6074225606
2904 2.11078568095 23.113119517 140.692281852 289.594348241 0.570462363912 0.312882924041 1.21679004555 208.305516426 321.329461184 183.028093384 0 1682.2007139 40.5507589382 209.701641778 22.4492410618 4.79928609626 53.6705388167
2928 2.07492306075 19.1346274864 142.2143618 289.608931203 0.5643817184 0.346067688313 1.51846211853 207.962157272 321.283712328 180.744146677 0 1682.28328958 40.8070677596 209.273436856 22.1929322404 4.71671041973 53.7162876731
2952 2.04202947565 18.6674264169 143.948515122 289.622400645 0.559738475428 0.404200498949 4.40513651408 205.008523867 321.110999369 176.232739721 0 1682.35778672 40.8057891004 206.955104656 22.1942108996 4.64221328269 53.8890006315
2976 2.012277398 16.7282432111 143.835381004 289.634690408 0.556933241627 0.4627717632 3.87869705384 205.466907534 321.076703518 171.931074039 0 1682.42628102 41.0276347524 203.828152806 21.9723652476 4.57371898527 53.9232964822
3000 1.98224043857 18.7018448835 143.46507677 289.647236694 0.555626810122 0.528660883393 2.44615719548 206.822318417 321.111222753 167.04643332 0 1682.49369033 40.8353833962 201.870646228 22.1646166038 4.50630966771 53.888777248
3024 1.9531100963 17.7044481385 139.9669244 289.659571995 0.555411800474 0.561679176561 3.00260743291 206.220729596 321.175128036 170.6870922 0 1682.5598857 40.8696967633 197.118852595 22.1303032367 4.44011429824 53.824871965
3048.0 1001.9259016 15.4878669976 138.958875123 289.671263404 0.55585450126 0.587720322583 1.32854532759 207.856616445 321.255923369 171.5845798 0 1682.62260129 41.1491855443 195.558357837 21.8508144557 4.37739871603 53.7440766314
3072 368.881800287 5246.70083183 172.606615365 294.790488533 7.54317740437 28.7357635963 63.5810205548 105.349549912 274.573192597 837.647796167 0 1151.1980491 39.830727732 397.588820325 23.169272268 535.80195091 100.426807403
3096 88.2401635117 3294.74005156 185.431806962 324.273735926 13.8826055457 33.1365137903 50.3957143881 78.3114303499 274.948075662 370.325422983 0 1487.03948031 39.062628434 426.882944408 23.937371566 199.960519692 100.051924338
3120 33.5575510489 1139.02627429 175.356542188 340.621512372 8.11034024995 26.1910426871 39.8619197263 85.2151849648 293.784499349 282.447796478 0 1607.59434565 39.0819016988 448.208858937 23.9180983012 79.4056543513 81.2155006517
3144 21.1486082952 439.284406128 172.601942657 345.914437256 7.21320493534 10.3499498333 30.5440247552 105.978383221 308.596927104 298.827202632 0 1638.45806075 39.3501403214 421.788010435 23.6498596786 48.5419392545 66.4030728963
3168 16.7444280924 259.331278778 169.057731121 347.315726672 1.78819512679 5.45796900214 18.6791664606 126.758942739 315.006069618 349.772644265 0 1649.01650435 39.6180371177 404.775965836 23.3819628823 37.9834956563 59.9939303827
3192 14.2144058352 199.215990011 182.568246051 347.685574185 0.367148877832 2.18278541912 14.47611254 135.288378979 316.647822494 345.568587972 0 1654.81565504 39.7344622918 389.492334869 23.2655377082 32.1843449669 58.3521775067
3216 12.4975288986 159.664762721 178.330181589 347.773587954 0.473757799825 0.480306195078 10.6111708275 140.661177224 318.534393513 383.371265487 0 1658.73438951 39.8586601186 366.029572013 23.1413398814 28.2656104979 56.4656064873
3240 11.1437141843 148.187864369 179.605497649 347.860999685 0.542834623163 0.896358275467 7.39534318374 143.304464233 318.767086501 369.883352535 0 1661.75989974 39.8197834688 356.378287266 23.1802165312 25.2401002638 56.2329134996
3264 10.0627196548 127.532021965 180.088241085 347.947197307 0.590660237471 1.34257599098 11.2941960378 138.825370427 319.298370335 366.989524585 0 1664.20890543 39.8860244256 338.887730662 23.1139755744 22.7910945797 55.7016296659
3288 9.19875167492 111.309895176 176.188852397 348.032671232 0.663553169395 0.303449847858 11.2808922375 139.719433514 319.73917879 358.705212235 0 1666.1642219 39.9472086257 336.015835427 23.0527913743 20.8357781075 55.2608212099
3312 8.48556295731 101.754165828 178.452318622 348.112396038 0.650499295878 0.251878374255 9.49553625186 141.489690041 319.849621634 348.4737017 0 1667.77405605 39.9711478884 320.709384706 23.0288521115 19.2259439575 55.1503783666
3336 7.84128446083 101.179870424 167.562663547 348.188811441 0.644609026717 0.153143089295 6.39094702642 144.622489417 319.711613696 320.439138276 0 1669.20986653 39.8820115776 319.995758896 23.1179884224 17.790133477 55.2883863045
3360 7.28448066844 94.1835691972 162.09516764 348.258353401 0.626100153743 0.805356693048 7.6328643564 142.677325396 320.211359468 314.847982694 0 1670.472692 39.915764526 312.549359722 23.084235474 16.5273080091 54.7886405329
3384 6.81832947926 84.5990752157 155.133295267 348.320446828 0.610405017936 0.296537524199 5.49851944799 145.274091182 320.831890963 321.445489432 0 1671.53380263 39.9927703379 312.393486216 23.0072296621 15.4661973714 54.1681090372
3408 6.41858365306 75.299658852 160.261371952 348.37523834 0.607096392083 0.831232777756 6.96346476944 143.222967721 321.116404335 324.956985746 0 1672.44199137 40.0550668387 307.787403416 22.9449331613 14.5580086385 53.8835956654
3432 6.07559377059 66.7125619263 161.79223799 348.425383328 0.597308743728 0.300468043354 4.34206220395 146.334777681 321.195109221 328.811339549 0 1673.22291243 40.1554299539 302.102217682 22.8445700461 13.7770875724 53.8048907797
3456 5.76137780398 65.191841647 166.965707141 348.472526322 0.592713892947 0.73802803698 2.36391732351 147.832814425 320.693832696 307.5760853 0 1673.92668537 40.0888617793 296.508438347 22.9111382207 13.0733146349 54.3061673041
3480 5.50089397781 58.1000965815 168.128742254 348.514097799 0.607034540966 0.885462425672 1.37422702455 148.61917821 321.125539989 308.685915391 0 1674.52455041 40.2270982384 287.260739385 22.7729017616 12.4754495936 53.8744600109
3504 5.25417323582 57.1780902744 165.704515514 348.556613927 0.622570859234 0.140580268417 7.07294063573 143.60729431 320.877558136 297.712197842 0 1675.07743679 40.1698621216 278.997902575 22.8301378784 11.9225632184 54.1224418648
3528 5.02729074884 52.4311370024 169.358556705 348.597098753 0.604289327604 0.507237661484 7.25859705402 143.032777204 320.782341604 282.003651918 0 1675.59315537 40.2422832957 273.611997528 22.7577167043 11.4068446374 54.217658396
3552 4.83349088019 46.942849189 160.407986339 348.632703397 0.604902875189 0.694957126461 3.66584095997 146.401595642 321.273742208 290.464192679 0 1676.03532948 40.3624268971 265.941459143 22.6375731029 10.9646705272 53.7262577923
3576 4.65555597113 49.7114026725 158.795428197 348.666958421 0.613720577253 0.815705801843 3.77605245968 146.127562741 321.214997038 284.677472462 0 1676.43310383 40.2217878767 261.402732854 22.7782121233 10.5668961761 53.7850029621
3600 4.47493601309 45.4647223275 155.615857466 348.703849118 0.631164599469 1.00954840754 3.16959974858 146.485838126 321.26035178 278.539483963 0 1676.84174069 40.2738205693 259.988603011 22.7261794307 10.1582593195 53.7396482206
3624 4.31655688418 41.4165790193 155.007505787 348.737929684 0.6204380481 0.225938769893 2.8094648938 147.606228604 321.392002097 277.74802663 0 1677.2033244 40.3832786368 256.172556289 22.6167213632 9.79667561057 53.6079979032
3648 4.17884832637 43.1453555435 157.162129238 348.767704943 0.605447141545 0.379275799561 3.78435432631 146.46321779 321.396471058 274.925710018 0 1677.5146194 40.3442266501 249.509212097 22.6557733499 9.48538060811 53.6035289424
3672 4.03600832418 41.7334706135 159.20697879 348.799048472 0.597300167988 0.506068241419 3.31870086262 146.778882257 321.223605021 261.01424559 0 1677.83585608 40.3070564988 247.656765286 22.6929435012 9.16414392111 53.7763949791
3696 3.91385051164 39.0677966886 153.549975541 348.826533541 0.596139160655 0.64482968946 4.90471676161 145.027780847 321.55134638 267.43449545 0 1678.11594753 40.4469063212 240.650238806 22.5530936788 8.88405247553 53.4486536208
3720 3.79192502965 40.0994850041 151.974250602 348.854941548 0.601734622588 0.779103177793 3.68155864536 146.082662006 321.317626804 255.897946197 0 1678.3876658 40.2893636475 242.146217674 22.7106363525 8.61233420952 53.6823731969
3744 3.67284792922 36.2372336441 152.903312927 348.883975305 0.61222597974 0.868342504629 2.58853377503 147.046922436 321.280151218 245.292110636 0 1678.65998657 40.4401746946 242.051810776 22.5598253054 8.34001343158 53.7198487822
3768 3.55871384863 38.180953061 149.966661104 348.91327377 0.625684115698 0.934082788279 2.4544782773 147.072481049 321.140533223 237.319557281 0 1678.91480393 40.2727225581 239.30323938 22.7272774419 8.08519607721 53.8594667769
3792 3.4515102914 35.6547732752 153.807288689 348.942320502 0.638288016884 0.0207521502578 5.0584829681 145.340156363 320.994057897 222.997624186 0 1679.15899557 40.3472195471 242.906627768 22.6527804529 7.84100443776 54.0059421034
3816 3.35857615128 33.4824849807 150.815402772 348.967997832 0.617298578569 0.185780033715 2.87279187797 147.356131679 321.117962624 224.316271809 0 1679.3726678 40.5084225488 238.923541822 22.4915774512 7.62733220415 53.8820373763
3840 3.27105804841 31.0148209012 151.544729663 348.992127167 0.601609327267 0.237217474355 1.70167656081 148.467369471 321.12590347 222.793727632 0 1679.57124145 40.5541753964 233.550479444 22.4458246036 7.42875855772 53.8740965306
3864 3.18887077038 31.7764491272 152.686160302 349.014847962 0.589464051575 0.312038392299 2.26111648142 147.822533113 321.078919487 217.606058691 0 1679.7565298 40.4834406454 228.709964263 22.5165593546 7.24347020607 53.9210805131
3888 3.11160851575 30.8573816264 147.018279091 349.036358878 0.580211557465 0.363927092287 2.65349086108 147.366011611 321.2683195 220.678926024 0 1679.93216369 40.5556913725 225.421899499 22.4443086275 7.06783631974 53.7316805008
3912 3.03963804254 26.5044692797 152.83007107 349.05661291 0.57439445756 0.452110171949 1.71233737972 148.204545081 321.242009732 215.181955403 0 1680.09715402 40.7449386427 226.407966471 22.2550613573 6.90284598222 53.7579902683
3936 2.97273655353 29.794956011 150.749438245 349.075727642 0.570991600567 0.49087234364 2.60722877215 147.255179642 321.201181475 212.56832826 0 1680.24663371 40.5344326421 222.695913281 22.4655673579 6.75336629675 53.7988185251
3960 2.90634540525 27.6040135059 150.240409741 349.095040805 0.569469191246 0.551942310754 2.52535665124 147.258191042 321.047314217 206.195429126 0 1680.39755814 40.6044835385 223.293948713 22.3955164615 6.60244187082 53.9526857831
3984 2.84148737003 25.252768898 152.079560914 349.114325602 0.570307418255 0.626041582278 0.405791553762 149.283533844 321.024166753 202.217565649 0 1680.5453119 40.7004361431 218.180901654 22.2995638569 6.45468810534 53.9758332471
4008 2.78678731237 23.4522389267 148.152375658 349.130979203 0.572091890767 0.64449491907 0.696094979746 148.956339008 321.233986634 205.99346535 0 1680.67058602 40.8354048667 217.321137138 22.1645951333 6.32941398583 53.7660133668
4032 2.7334988003 25.9846513059 150.93219637 349.147578718 0.574350477523 0.666459182607 1.94800245259 147.663609169 321.207838269 199.580519633 0 1680.79082196 40.7784057459 214.754219714 22.2215942541 6.20917804793 53.7921617313
4056 2.68058775572 22.8337675267 143.018291471 349.164462253 0.577481650923 0.698411144199 2.22983834074 147.329806611 321.409610713 209.295985808 0 1680.91092887 40.8224645783 211.453629317 22.1775354217 6.08907113593 53.5903892869
4080 2.62762789495 26.2478607883 141.431925562 349.181807973 0.581702686499 0.736342078047 1.58646277741 147.913684486 321.505165601 210.821240795 0 1681.02903851 40.6014113958 207.55452986 22.3985886042 5.97096149525 53.4948343992
4104 2.57360250406 24.8262561199 144.511576519 349.200013932 0.586816586744 0.754811542195 1.16090877421 148.297449165 321.294226969 203.735863677 0 1681.15171743 40.6306925337 206.876585013 22.3693074663 5.84828257865 53.7057730318
4128 2.52432250976 22.6042081593 144.175499175 349.217104105 0.591785959646 0.761812172506 0.436731947208 148.992565816 321.303983183 202.846009107 0 1681.26418434 40.7406405222 205.418470536 22.2593594778 5.73581566552 53.6960168179
4152 2.47829058308 22.402235619 145.583868992 349.233505819 0.596546577783 0.773587248168 1.49550597399 147.900854382 321.396680007 202.000330429 0 1681.36878867 40.768917043 202.157932351 22.231082957 5.63121133624 53.6033199934
4176 2.43252523467 21.3916898972 144.175572336 349.250256802 0.60184362648 0.806709325947 2.5613689736 146.779821272 321.32165208 195.593556561 0 1681.47254515 40.7992100283 205.116814242 22.2007899717 5.52745485921 53.6783479205
4200 2.39064205732 20.7849608803 141.92442159 349.266007873 0.607446606017 0.835107798962 2.35187253362 146.939565189 321.388821971 199.63103425 0 1681.5676755 40.8238160446 202.093405821 22.1761839554 5.43232450276 53.6111780296
4224 2.34608695126 22.9617069383 146.881240972 349.2832443 0.614182463528 0.859128155842 2.46811099045 146.775334091 321.114128013 188.069241189 0 1681.66715639 40.6074208414 200.293400285 22.3925791586 5.33284361574 53.8858719873
4248 2.30427562696 19.3695319973 143.836025512 349.299903678 0.621160131154 0.894587556456 1.37478277022 147.809565865 321.149012512 185.715231793 0 1681.76369553 40.9065519871 200.623144538 22.0934480129 5.23630447247 53.8509874888
4272 2.26679670397 20.9489026941 143.903122028 349.315266038 0.62790789913 0.898964687939 0.991070371981 148.166791004 321.133425051 181.792502045 0 1681.84882503 40.9143367127 198.091260577 22.0856632873 5.15117497777 53.8665749496
4296 2.22895361518 19.5288350017 142.908523316 349.331209439 0.634782432705 0.908068143436 1.69353296877 147.432407016 321.125966524 180.466757539 0 1681.93465821 40.95079563 195.739934269 22.04920437 5.06534179218 53.8740334761
4320 2.1948146438 17.8930975078 140.319441202 349.34598041 0.641271724426 0.930026593146 2.05917333524 147.023547937 321.389314486 186.852735562 0 1682.01253749 41.0228575832 192.622351311 21.9771424168 4.98746251241 53.6106855148
4344 2.16054716731 21.6862993208 145.002119802 349.361199844 0.648341366819 0.954841097337 2.48333761052 146.552280081 321.03466363 173.669607535 0 1682.08868303 40.6975726748 194.602911352 22.3024273252 4.9113169745 53.9653363703
4368 2.12363511846 18.0752767464 141.88982621 349.37806377 0.65656193884 0.977767787835 1.23890926121 147.748697242 321.034934253 170.147726459 0 1682.17323311 40.9287288478 195.652818995 22.0712711522 4.82676689424 53.9650657475
4392 2.08894099454 18.449037395 141.323320227 349.394383885 0.664522450119 0.996517657271 2.83362800651 146.110948002 320.973694995 165.607174671 0 1682.25179279 40.8862579986 194.731364262 22.1137420014 4.74820721862 54.0263050052
4416 2.05722312587 16.6322536269 141.084262717 349.409690494 0.664214485655 0.0430096484975 1.13660234165 148.746483031 321.077668701 167.383170792 0 1682.32455564 41.0807757619 190.985352699 21.9192242381 4.67544436155 53.9223312997
4440 2.02820822897 18.5619481278 142.316623894 349.42370474 0.65141661296 0.0705833429546 1.27219148946 148.582103815 321.053555033 163.292238553 0 1682.38966521 40.8672492906 190.394603035 22.1327507094 4.61033479983 53.9464449676
4464 1.99915452363 18.0229056251 141.944070653 349.437670513 0.639325316176 0.100646300378 0.451188898235 149.371168973 320.988859629 162.95870409 0 1682.4558196 40.9302560374 186.936200083 22.0697439626 4.54418040579 54.0111403711
4488.0 1001.96882146 17.9702248397 145.394260654 349.452193462 0.627299675243 0.119836649426 0.843599935429 148.957070279 320.652356683 149.915325721 0 1682.5243042 40.8973935079 186.623231112 22.1026064921 4.4756958101 54.3476433173
4512 368.880643163 5283.03204615 177.981027934 354.284982348 8.70211632873 18.3798806137 52.455373631 66.1776470799 274.591344657 852.477575856 0 1151.18985427 39.8225121592 406.478305701 23.1774878408 535.810145742 100.408655344
4536 88.3063640929 3343.19414255 184.674368942 377.389644087 10.8668781675 23.8957896977 34.9359758179 52.9117122311 274.890972551 362.06823749 0 1486.84702582 39.0592319186 458.826664822 23.9407680814 200.152974195 100.109027449
4560 33.2343355285 1116.76341918 180.211061169 390.907884271 6.58249503347 17.9913953135 28.7915654238 55.726659959 293.753898293 302.126378747 0 1608.29377013 39.0805604158 462.918160397 23.9194395842 78.7062298849 81.2461017071
4584 21.1683789207 431.926817717 175.311571982 393.635924461 2.41910024023 7.88423584767 21.2245941168 74.8361453349 309.065874479 313.214598575 0 1638.46835109 39.3634429092 437.283285557 23.6365570908 48.5316489249 65.9341255213
4608 16.7736319603 256.859388778 170.926220342 394.29020249 0.633580634688 4.89404506747 14.9398983616 85.2422734474 315.482668803 375.258870157 0 1648.9629116 39.6221766533 407.447482937 23.3778233467 38.0370884133 59.517331197
4632 14.1779829398 202.726973719 168.054802155 394.526731547 1.16603733436 1.82784834039 13.1602003847 89.3191823951 317.650794289 385.039074336 0 1654.89263524 39.7252747307 402.413162135 23.2747252693 32.1073647713 57.3492057118
4656 12.3334365189 185.552159906 167.987742557 394.613529606 0.490627605985 0.95605940837 10.6236699835 93.3161133973 318.180390459 376.256092382 0 1659.03195429 39.6921500724 392.680762211 23.3078499276 27.9680457207 56.8196095409
4680 10.8723528032 148.714541167 165.507030584 394.716672742 0.590748673426 0.532882705583 9.6802232326 94.4794726471 318.83806146 371.162096252 0 1662.34330069 39.7588069185 385.087084924 23.2411930815 24.6566993197 56.1619385399
4704 9.72766244327 136.397057999 161.337225977 394.816829591 0.593307186045 0.383194184558 6.13211311036 98.0745559291 319.015421789 340.174437065 0 1664.92308863 39.7596320078 392.675692322 23.2403679922 22.0769113772 55.9845782112
4728 8.863216154 111.159437827 165.098470253 394.899535578 0.603867822735 0.978053677783 7.25729645089 96.261246472 319.964828426 359.529242876 0 1666.90982409 39.9001910488 377.084384278 23.0998089512 20.0901759233 55.035171574
4752 8.19008922724 101.401255706 164.646005874 394.971410334 0.604388526448 0.743729322152 6.88470867548 96.7957631432 320.602219767 370.77405973 0 1668.4317787 39.9135449284 373.417305071 23.0864550716 18.568221314 54.3977802336
4776 7.57615010926 100.303075633 164.90194345 395.043143633 0.605133479662 0.263028369843 3.82847518233 100.260219337 320.473246951 360.759729967 0 1669.80436902 39.8386824043 359.190082362 23.1613175957 17.1956309861 54.5267530489
4800 7.02986549447 92.4071822271 166.915991328 395.109803016 0.590242873375 0.641048150542 3.62880796269 100.030097998 320.381405246 335.438862717 0 1671.0446618 39.8977691058 352.865160444 23.1022308942 15.9553382081 54.6185947541
4824 6.58466893809 80.0938350414 162.009502142 395.168291807 0.604672615977 0.820891291221 2.28245091463 101.123693372 320.90760044 334.798223907 0 1672.05991617 39.9783536538 348.988216514 23.0216463462 14.9400838434 54.0923995605
4848 6.19617682075 74.4064771069 172.078133671 395.224553412 0.631425286395 0.987046966168 2.2047712011 100.952203136 320.445687651 309.089217613 0 1672.94058698 40.024232309 343.866569965 22.975767691 14.0594130307 54.5543123491
4872 5.86691785066 64.8175390839 168.760003875 395.277558763 0.663781200293 1.09101501339 3.26718317025 99.7004618538 320.673991815 302.672829145 0 1673.68991388 40.1146442727 339.33521341 22.8853557273 13.3100861297 54.3260081856
4896 5.58755246475 62.4792657034 167.590651353 395.326115147 0.651175318879 0.316712647724 3.32141540693 100.38458148 320.921927911 303.062217683 0 1674.32295196 40.1353350122 332.493088617 22.8646649878 12.6770480459 54.0780720894
4920 5.32707031292 57.6675091399 169.457276337 395.372069622 0.634717762324 0.498303842947 2.3178274786 101.177081296 320.699086918 293.85704232 0 1674.9128578 40.175623008 320.112352875 22.824376992 12.0871422096 54.3009130821
4944 5.10377475712 50.8521273371 163.20378032 395.412624499 0.628961012358 0.577277914832 1.73403811933 101.647098455 321.145702999 299.464983445 0 1675.4215415 40.2712963922 314.971756362 22.7287036078 11.57845851 53.8542970014
4968 4.89370271042 51.8609566039 159.246431291 395.452236944 0.628380664722 0.64770363195 1.02912921343 102.242549547 321.352822265 299.401691827 0 1675.89393762 40.2194226158 308.620409649 22.7805773842 11.1060623951 53.6471777357
4992 4.68992279991 51.4521198527 159.888693408 395.492408681 0.632223889835 0.765992748414 4.28916930432 98.8202053775 320.967678033 281.281879475 0 1676.35198405 40.162151651 307.408777341 22.837848349 10.6480159606 54.0323219668
5016 4.51485478945 46.6307339678 160.563728809 395.528784188 0.643591863934 0.869757500594 0.864693988997 102.093172459 321.202987716 282.125790021 0 1676.75266702 40.2893275259 299.530375549 22.7106724741 10.2473329889 53.7970122848
5040 4.35828739113 46.3278787819 161.171405487 395.563186621 0.656540780716 0.933676912141 3.09028102572 99.7563146619 321.394734025 282.205014072 0 1677.10881047 40.3341187306 289.395846478 22.6658812694 9.89118953986 53.6052659757
5064 4.20101021973 44.8281405429 155.800350634 395.599826408 0.673147368554 1.0019471391 2.51408942619 100.210989659 321.302985786 278.500487461 0 1677.46138886 40.260184027 281.515449145 22.739815973 9.53861114811 53.6970142142
5088 4.05647931049 42.4707957554 155.453817136 395.634346759 0.64238040955 0.116559907724 2.72068496601 100.886027959 321.35064809 268.698237625 0 1677.79014917 40.3322958387 279.761764522 22.6677041613 9.20985084113 53.6493519104
5112 3.91725855599 42.9013415055 153.689910861 395.667338559 0.617984505017 0.191953430862 0.977452550077 102.545270956 321.144971894 258.448591158 0 1678.1030955 40.258649379 274.601502291 22.741350621 8.89690450578 53.8550281058
5136 3.79319283535 41.5102225367 154.091020152 395.696696618 0.598686707727 0.222365633251 0.893134313653 102.589116728 321.231155831 252.875111637 0 1678.38538084 40.2984061849 270.611614605 22.7015938151 8.614619175 53.7688441691
5160 3.67575306494 37.4095318979 156.194224661 395.7245556 0.583286468699 0.314941468109 2.56261080416 100.814605661 321.068150541 241.772720274 0 1678.65307176 40.4156114155 269.297209784 22.5843885845 8.34692824707 53.9318494595
5184 3.56946570766 35.9718338399 153.28439606 395.749996583 0.573259628353 0.383437870809 2.9428667491 100.35043917 321.311987572 245.167322306 0 1678.89339091 40.3972068423 260.82590074 22.6027931577 8.10660909784 53.6880124286
5208 3.46474205948 37.0222426338 150.984798918 395.775444804 0.566741926521 0.450375969805 1.38267752348 101.824759777 321.165483049 236.48133809 0 1679.12939165 40.3420263902 258.174449143 22.6579736098 7.8706083578 53.8345169509
5232 3.3716168568 31.9275766499 150.849026606 395.798529889 0.563535277954 0.528844685286 3.40206913407 99.7070210153 321.315228932 236.16067015 0 1679.34350547 40.5344630493 255.062113573 22.4655369507 7.65649454327 53.6847710688
5256 3.28283442994 31.6501387766 153.554880347 395.821083429 0.563840430989 0.604144221662 2.33084995064 100.680081969 321.105780352 223.91947607 0 1679.54416059 40.5445663847 254.287549003 22.4554336153 7.45583941573 53.8942196486
5280 3.20257115768 29.6837013723 153.528177586 395.842056106 0.56596268978 0.630944559167 1.0547509861 101.90628566 321.128071987 225.801697352 0 1679.72730127 40.617994609 247.105402289 22.382005391 7.27269874 53.8719280135
5304 3.12617988527 32.7876359412 155.125100259 395.862596485 0.568585919153 0.652559001498 1.69302301515 101.22323558 320.987095791 215.235338766 0 1679.89842146 40.4607434031 244.453130146 22.5392565969 7.10157855263 54.0129042097
5328 3.04922595025 29.2549650199 146.905746647 395.883923482 0.572657004212 0.708904931876 2.37569523275 100.45881935 321.233279985 222.252649296 0 1680.07274003 40.5150195111 239.382743128 22.4849804889 6.92725997631 53.7667200154
5352 2.97416203377 33.0005364648 150.614379932 395.905438882 0.578482335512 0.75148937533 2.07929846339 100.685290945 321.084960786 213.937942366 0 1680.24089099 40.356352646 233.915431685 22.643647354 6.75910902128 53.9150392147
5376 2.90306855897 26.0032803907 147.882255451 395.926549437 0.584964085801 0.770766615442 1.7141754006 101.003544463 321.25305663 213.29692523 0 1680.40590544 40.7192802904 234.746906702 22.2807197096 6.5940945718 53.7469433704
5400 2.83976424093 25.96289585 152.142935757 395.946000584 0.591380523548 0.783474314086 1.03318884231 101.645955737 321.045593718 203.44050745 0 1680.54862717 40.6373298037 232.934746058 22.3626701963 6.45137284046 53.9544062824
5424 2.77998033577 24.0294515212 149.513734639 395.964972896 0.597493057677 0.786316125467 1.25394020047 101.397277721 321.10403782 203.04788224 0 1680.68510677 40.7547563624 230.365088971 22.2452436376 6.31489324101 53.89596218
5448 2.72391637327 26.805465045 146.166429046 395.98332146 0.603366116454 0.802666534417 2.30923131754 100.301414573 321.132143315 202.215843679 0 1680.81090009 40.5997109741 226.203714872 22.4002890259 6.18909992223 53.8678566852
5472 2.66575718015 26.3739265992 145.308475171 396.002964176 0.610254780408 0.836166035448 2.51009767636 100.040517333 321.21347375 199.539288669 0 1680.94271681 40.6138847057 224.306347205 22.3861152943 6.05728319705 53.7865262502
5496 2.61176647048 24.1173915751 144.583423024 396.021802846 0.617367628388 0.851703254252 1.57391988285 100.93520639 321.278355777 203.336681263 0 1681.06534286 40.6640985749 218.819815742 22.3359014251 5.9346571543 53.7216442234
5520 2.55961872095 24.7002124144 141.423175173 396.040588919 0.624676813822 0.875432717014 1.57473150824 100.884570043 321.410387274 207.615434886 0 1681.18323201 40.6231965392 212.757332144 22.3768034608 5.81676800149 53.589612726
5544 2.51176485724 23.0577431781 146.48391113 396.058375002 0.632003282025 0.907308156503 1.36059527286 101.041718288 321.330019559 206.186573958 0 1681.29232403 40.6864202459 208.089851228 22.3135797541 5.70767598079 53.6699804416
5568 2.46579349436 21.9264630185 146.068616322 396.075994051 0.639855501217 0.935325650613 2.09029625359 100.258528544 321.336716648 202.202374327 0 1681.39692616 40.7593415236 205.751792674 22.2406584764 5.60307384897 53.6632833526
5592 2.42159657064 22.6428168668 143.742290811 396.093464262 0.648103868711 0.962599371514 2.76033511939 99.5354973791 321.374747517 203.1780222 0 1681.49675119 40.7004081384 202.627944108 22.2995918616 5.50324881519 53.6252524831
5616 2.37456550674 24.1962671397 147.699598814 396.112669573 0.657653377364 0.994886386525 1.64682577352 100.587964891 320.956531417 184.595568213 0 1681.60207827 40.5479239882 202.68895271 22.4520760118 5.39792173568 54.0434685836
5640 2.33158013149 19.664064014 142.542073265 396.1308165 0.666776134872 0.995711331342 1.39173520413 100.81496083 321.24699196 187.923533684 0 1681.701821 40.8980923875 202.8139702 22.1019076125 5.29817901029 53.7530080407
5664 2.29393424354 22.7506274492 141.215022239 396.147195026 0.674785036013 1.00025210959 0.829064687967 101.348703142 321.419655973 190.625277945 0 1681.78638578 40.7009310274 199.158671358 22.2990689726 5.21361423302 53.5803440274
5688 2.2522055433 20.2955613347 145.089450169 396.165898422 0.683545217727 0.997294067265 1.59348355036 100.559778744 321.060152141 183.076555131 0 1681.88098589 40.7721822067 196.746442868 22.2278177933 5.11901412064 53.9398478595
5712 2.21453846111 19.2644608813 142.094758053 396.18329309 0.691586969668 1.00603090681 1.10898077578 101.010108259 321.170765162 182.389463398 0 1681.96693734 40.8586144727 193.523373203 22.1413855273 5.03306267087 53.8292348383
5736 2.17978549683 18.6382610779 143.013101645 396.199698351 0.685732209687 0.0515757623843 2.43282756609 100.630166112 321.141888635 177.882645281 0 1682.04637871 40.985496643 191.548560744 22.014503357 4.95362130187 53.8581113648
5760 2.14812717647 17.5092189861 138.680453362 396.214596438 0.672132942378 0.069668253577 1.65559663155 101.388005735 321.402546381 183.521241715 0 1682.11880662 41.1035346162 191.657986145 21.8964653838 4.88119339427 53.5974536193
5784 2.11649932908 19.0063894484 144.541434446 396.22940478 0.659089061712 0.0854779328104 0.912871336019 102.11315689 321.120150449 176.528483153 0 1682.18972933 40.9222147801 188.880874473 22.0777852199 4.81027067537 53.8798495512
5808 2.08283429539 17.2302499025 140.36981303 396.24509358 0.64565965726 0.10224012167 1.35245512781 101.654551515 321.289758907 180.26579155 0 1682.26617483 41.0112026148 185.296393104 21.9887973852 4.7338251784 53.7102410937
5832 2.05392767519 17.3404792842 137.179530312 396.258512418 0.634659053061 0.123591453062 0.464010790052 102.519226287 321.580852256 188.384195552 0 1682.33202924 41.0217128063 181.921361333 21.9782871937 4.66797077399 53.4191477444
5856 2.02277241723 16.9092803631 138.713452164 396.272931926 0.623351234328 0.150869998238 0.7640429091 102.188803934 321.437278479 183.96290823 0 1682.40236218 41.0069445418 182.672769935 21.9930554582 4.5976378308 53.5627215216
5880 1.99397081493 16.54546605 139.96291082 396.286233377 0.613394460122 0.160006485463 0.953619045129 101.986746634 321.344620077 180.266190703 0 1682.46787719 41.0386319449 182.491416073 21.9613680551 4.53212281861 53.6553799229
5904 1.96556517814 17.6236333173 140.751102267 396.299332007 0.60389114704 0.172708137258 1.13635038482 101.787718325 321.175591249 172.541009755 0 1682.53177092 40.896903654 184.342922622 22.103096346 4.46822909327 53.8244087513
5928.0 1001.93614015 17.0194657585 140.733786978 396.312886876 0.594447806948 0.195560388755 0.410848601701 102.486256328 321.139987594 170.115624773 0 1682.59843437 40.9162509027 181.234469468 22.0837490973 4.40156564393 53.8600124063
5952 368.596962173 5180.33467715 170.847255375 400.225730055 5.3584860082 15.4059495769 34.7599367869 44.2498975746 275.086759827 889.594193705 0 1151.73386548 39.8388444771 396.448151151 23.1611555229 535.266134536 99.9132401738
5976 88.5589666727 3340.89494004 184.493263197 415.82278734 7.97838710169 24.2388269522 20.1137215347 31.8462770727 274.891009761 393.339845806 0 1486.33957133 39.0585536081 451.814300339 23.9414463919 200.660428682 100.10899024
6000 33.2806864111 1134.07182891 180.207470827 425.508886074 4.12901925488 16.8189253707 22.502192605 31.0409766969 293.558482348 289.907692944 0 1608.14548842 39.0761965365 459.758467933 23.9238034635 78.854511593 81.4415176518
6024 21.2079922547 420.893655834 177.361052532 426.894664221 1.03039908476 6.91532637253 13.9096181521 51.2499921706 309.31953271 324.69828576 0 1638.43281612 39.3821235492 423.176805653 23.6178764508 48.5671838913 65.6804672899
6048 16.7998673196 263.577382353 172.514512837 427.192979673 1.04625038034 2.85286183 9.29456130196 59.613346816 315.006769111 357.588249966 0 1648.88057782 39.6009412515 394.760117445 23.3990587485 38.1194221895 59.9932308889
6072 14.2383155353 203.668152441 168.658248736 427.265606935 0.425114114339 1.65919339694 6.31487822097 64.335207334 317.407586622 376.423450007 0 1654.75661486 39.7190538692 387.164026327 23.2809461308 32.243385154 57.5924133779
6096 12.3318325869 178.365463839 166.620784022 427.378268483 0.560789215294 0.877831454765 4.69209981762 66.4910110311 317.983425898 367.686247897 0 1659.03209906 39.7064654172 375.176212531 23.2935345828 27.9679009511 57.016574102
6120 10.9408679375 144.801004369 164.59701597 427.483046026 0.576972936774 0.394850457916 3.21800935828 68.327121222 319.403754339 382.460819532 0 1662.2130497 39.8187194733 369.531163769 23.1812805267 24.7869503119 55.596245661
6144 9.8586772328 125.651627251 174.577056996 427.572681388 0.581152532683 0.828158428128 4.30265215691 66.7153554959 319.494146002 375.187821425 0 1664.65819965 39.8523607624 353.474435502 23.1476392376 22.3418003657 55.5058539981
6168 9.00973024824 112.25723428 174.521409253 427.653688971 0.599443667622 0.13781462752 4.08181811022 67.5272346251 319.649059405 353.23394257 0 1666.58154839 39.901801563 354.342171162 23.098198437 20.4184516197 55.3509405956
6192 8.2979633265 100.72970548 176.590145941 427.725282298 0.56879985424 0.506698155144 3.07579161695 68.1234280774 319.862037073 334.633756113 0 1668.19305058 39.95788814 348.270084773 23.04211186 18.8069494366 55.1379629276
6216 7.70166778198 92.7891098374 169.005466429 427.78899747 0.573918228749 0.731313895532 3.43743667515 67.4683337318 320.019984839 326.82689562 0 1669.53624205 39.9526474956 345.855899254 23.0473525044 17.463757962 54.9800151612
6240 7.20946310674 86.2762411961 169.135594987 427.847140821 0.605597766473 1.09523936138 3.53263815428 66.919383898 320.347696439 327.398139408 0 1670.65418108 40.0137895137 339.534402373 22.9862104863 16.345818938 54.652303561
6264 6.76468637376 77.9668711357 169.310703326 427.904396304 0.587662661672 0.389942167448 1.65717572929 69.4608231394 320.319033798 319.864731324 0 1671.65839022 40.0368994098 330.806636927 22.9631005902 15.3416097965 54.6809662023
6288 6.38817374241 68.075656101 165.931942466 427.954390694 0.579387591485 0.578159600866 2.29654610521 68.59151601 320.918707358 328.068391354 0 1672.5174554 40.1553224587 318.826461877 22.8446775413 14.4825446152 54.0812926423
6312 6.07584796214 66.9914611403 169.7702837 427.998040743 0.582394513912 0.648582660459 1.38757439355 69.3834076906 321.163543556 328.255557589 0 1673.22562061 40.1867256564 311.950774204 22.8132743436 13.7743794033 53.8364564445
6336 5.76246825965 63.1377456847 162.343221528 428.04461592 0.592173365489 0.78064280868 1.62534815935 68.9572197482 321.110154852 323.841869935 0 1673.92611578 40.1147676107 306.497915063 22.8852323893 13.0738842366 53.8898451483
6360 5.50622979465 58.9855617677 165.754084987 428.085508084 0.607037881176 0.844683364619 1.19713847171 69.2656321997 321.277755891 319.843759747 0 1674.51126308 40.2020581557 303.86257161 22.7979418443 12.4887369335 53.7222441094
6384 5.26840337286 57.3947819937 158.877338363 428.126275861 0.624763615697 0.912528381801 1.60670026643 68.7297318766 321.55645863 321.70866576 0 1675.04749633 40.1962990796 303.52108434 22.8037009204 11.952503686 53.4435413698
6408 5.03763320113 58.5982310842 158.856322212 428.16890826 0.644393353586 0.938077292802 1.15370397248 69.094917123 321.210951419 304.059229403 0 1675.56510972 40.1251333626 302.272120598 22.8748666374 11.4348902939 53.7890485816
6432 4.83428423963 48.0145338543 160.807809707 428.209293263 0.662531692217 0.959142141638 1.33389462037 68.835138284 321.496214412 306.197404047 0 1676.03314201 40.342802104 295.425589288 22.657197896 10.9668580058 53.5037855885
6456 4.63382219315 53.4890006318 163.483068613 428.251938801 0.672391526073 0.0482257166774 2.51483984535 68.5126041125 320.796526244 272.436926114 0 1676.47667396 40.1203002806 294.894880353 22.8796997194 10.5233260565 54.2034737564
6480 4.45444777255 47.9968628865 159.840495339 428.290750041 0.63948676425 0.143278698136 2.51585630252 68.4106281954 320.912201464 268.194354082 0 1676.88709839 40.2320600935 287.4609392 22.7679399065 10.1129016226 54.0877985366
6504 4.29526658562 45.1424186227 159.054219677 428.324963479 0.614776491314 0.196967456306 1.25901123758 69.6042813373 321.138220013 264.8748812 0 1677.24925763 40.291105793 283.373329959 22.708894207 9.75074238283 53.8617799874
6528 4.14859568864 43.6164975874 157.739984353 428.356463573 0.594531327521 0.236968610288 1.84830788491 68.9637286058 321.214784147 266.23375587 0 1677.58201989 40.3243409982 275.308227915 22.6756590018 9.41798012622 53.7852158535
6552 4.01466256417 40.2196192256 156.185051778 428.385317622 0.578263456773 0.28028313975 1.22099993231 69.5351358502 321.192612392 258.857423796 0 1677.88598762 40.3725679977 275.295720491 22.6274320023 9.11401239404 53.8073876087
6576 3.88631817022 41.307716888 153.802211579 428.413168068 0.565334473524 0.350003008681 2.49852487771 68.1729695734 321.148655573 250.776638989 0 1678.17449497 40.3039597293 273.73632366 22.6960402707 8.82550504126 53.8513444272
6600 3.76276721439 36.7986279397 156.708165822 428.440347433 0.556743789113 0.400979168605 0.78216499156 69.8197646192 321.083334796 243.3494632 0 1678.45551308 40.3960491227 270.998421933 22.6039508773 8.5444869328 53.916665204
6624 3.65590914252 38.7065150622 152.498038873 428.464274133 0.550926340661 0.440387382981 1.71701191838 68.8274002268 321.274392101 248.380451833 0 1678.69759301 40.3702602075 262.00076581 22.6297397925 8.30240700538 53.7256078992
6648 3.55177894137 35.8693314146 158.906100361 428.488067686 0.547407996006 0.491860248195 0.62960150194 69.8430625691 321.029599567 237.321474914 0 1678.9342349 40.4376013505 254.976617772 22.5623986495 8.06576511716 53.9704004336
6672 3.45655181558 32.458396059 149.876084721 428.510341325 0.545546390449 0.520128517576 1.40433062816 69.0196531405 321.431949361 244.242504287 0 1679.15066355 40.4994137217 253.559901128 22.5005862783 7.84933646681 53.5680506389
6696 3.36185765426 35.8482131776 154.360716296 428.533068951 0.545908842032 0.585483977897 1.1598916394 69.1756465907 321.136784882 234.639735607 0 1679.36201585 40.3332795395 247.829368946 22.6667204605 7.63798415965 53.863215118
6720 3.27719391339 29.8007022411 151.59724145 428.553990908 0.547940966824 0.608816071536 0.757314088932 69.5319379665 321.528815171 244.014398821 0 1679.55824648 40.6005432911 240.822304439 22.3994567089 7.44175352964 53.4711848297
6744 3.19658503065 28.4720361591 148.894977027 428.574503591 0.550315809917 0.619624271803 1.31512924229 68.9404270861 321.633556822 246.905384175 0 1679.74056433 40.6200073292 238.429823212 22.3799926708 7.25943568558 53.3664431781
6768 3.11605450235 30.2523015688 150.021906797 428.595618415 0.553106227146 0.633731915547 0.927360847727 69.2901825962 321.454266868 237.596521429 0 1679.92112429 40.5028632575 235.474562785 22.4971367425 7.07887572031 53.545733132
6792 3.03535400937 34.0366948491 149.652768956 428.617452842 0.55647856169 0.647128334873 0.613115007147 69.5658252558 321.188446834 223.713467016 0 1680.10143663 40.3137443199 231.936678243 22.6862556801 6.89856338471 53.8115531665
6816 2.96077851545 29.4689876928 150.920864043 428.638279592 0.559875161772 0.659600634913 1.15783539326 68.984409219 321.116353999 213.551041662 0 1680.27343387 40.5236357106 232.678036438 22.4763642894 6.72656614667 53.8836460017
6840 2.89496742953 27.5756528298 153.927422101 428.657215807 0.563352565406 0.668703157853 1.45927987118 68.6514485998 320.931822543 207.293668964 0 1680.42327155 40.593972591 227.828690628 22.406027409 6.5767284594 54.0681774572
6864 2.83334805698 25.4115911656 147.968323303 428.675454094 0.56704500458 0.693835404991 1.62707985596 68.4365856417 321.289717053 212.752567566 0 1680.56357308 40.6777600821 222.491780942 22.3222399179 6.43642692996 53.710282947
6888 2.7722597468 26.969839789 145.580728591 428.694062841 0.571277438852 0.69803565061 0.863160138425 69.1734639322 321.273953984 208.689706227 0 1680.70073529 40.5544566691 222.505251212 22.4455433309 6.29926471913 53.7260460166
6912 2.71193420549 24.7616802488 146.616192316 428.712987625 0.575747490599 0.71694355829 1.08909226802 68.9052290596 321.260131514 207.851589378 0 1680.83867305 40.693011897 217.778960956 22.306988103 6.16132696359 53.7398684863
6936 2.65717743633 24.766839855 147.31733102 428.730672755 0.58039677477 0.7411955516 1.13676411412 68.8109708064 321.283967452 205.756391417 0 1680.96251385 40.6485353879 212.492123758 22.3514646121 6.03748616725 53.7160325485
6960 2.60476284067 24.7892630021 147.910744513 428.748092487 0.585585575387 0.77726329607 1.10895353133 68.7801051116 321.093572893 199.0483686 0 1681.08139008 40.6678686189 209.50673551 22.3321313811 5.91860993655 53.9064271075
6984 2.55576128276 23.6915502356 148.493813811 428.764852211 0.591078989275 0.78669991107 1.03609423237 68.821274658 321.169428478 197.202843836 0 1681.19303938 40.7339436937 204.905896677 22.2660563063 5.80696063813 53.8305715226
7008 2.50773458741 22.7560143608 146.323033005 428.781751752 0.596724486521 0.795541799528 0.960670196667 68.8653117666 321.061550338 191.9912834 0 1681.30152223 40.7096714682 205.498821462 22.2903285318 5.69847778441 53.9384496623
7032 2.46247492292 21.630977758 147.178171684 428.798128887 0.602250463586 0.809539264785 1.79600086767 67.9940805182 321.177217535 189.152917452 0 1681.40471549 40.7982694514 204.226936793 22.2017305486 5.59528452292 53.822782465
7056 2.42124183718 19.6068294686 145.146343461 428.813450694 0.607542003465 0.815055335146 0.511123296836 69.2528286721 321.176240689 186.905036664 0 1681.49932239 40.9830892062 207.047121563 22.0169107938 5.50067762089 53.823759311
7080 2.38114118169 20.8395901396 142.85605875 428.828734883 0.612687259188 0.816154388745 0.215460401725 69.526963069 321.192035592 187.995738764 0 1681.58916563 40.8165361631 205.90550285 22.1834638369 5.41083438748 53.8079644088
7104 2.33922134277 20.1490153258 142.514836196 428.845129621 0.618039877838 0.824315193856 2.01347377566 67.6990415328 321.133257669 184.76523117 0 1681.68417035 40.8458534215 205.872715801 22.1541465785 5.31582966262 53.8667423308
7128 2.29993458688 19.3614511715 142.408117792 428.860899609 0.623390305446 0.832112397688 0.726320094751 68.9572775945 321.314056892 189.166762325 0 1681.77360415 40.9089940483 201.104825434 22.0910059517 5.22639586434 53.6859431079
7152 2.26090043688 18.5204921913 147.231722194 428.876973985 0.628659099955 0.832688237641 0.471447297332 69.1902313813 321.016582146 180.955854083 0 1681.86241695 40.97612443 197.639527567 22.02387557 5.13758306039 53.9834178542
7176 2.22579293987 19.4701537956 141.516832475 428.89178755 0.633431325391 0.838741999765 1.05520114731 68.5808379787 321.27814222 184.996967793 0 1681.94166961 40.8783293481 194.398928365 22.1216706519 5.05833040058 53.7218577807
7200 2.18877348478 19.0908232629 146.751231328 428.907787081 0.63848309908 0.838557321963 0.76514621265 68.8500262867 320.909528275 172.104303146 0 1682.02548257 40.8794846548 193.305000587 22.1205153452 4.97451744391 54.0904717251
7224 2.15300904559 19.5094792824 139.513285452 428.923626941 0.643496510998 0.851534314981 1.41745496964 68.1638872645 321.184408918 177.624004585 0 1682.10627751 40.8185283811 190.366006927 22.1814716189 4.89372250202 53.815591082
7248 2.11848270579 19.4975130598 140.014826809 428.939292381 0.648542165145 0.859364436901 1.04736908166 68.5054319366 321.254518748 180.671951116 0 1682.18461842 40.8409186368 185.672877956 22.1590813632 4.81538159343 53.7454812524
7272 2.08582421909 19.4809279584 141.665615645 428.95446202 0.653312758289 0.853713606267 0.639507518818 68.899004098 321.269841935 179.673174429 0 1682.2587465 40.8121490073 183.210791502 22.1878509927 4.74125351213 53.7301580654
7296 2.05448061903 16.4707046065 142.494827003 428.969350962 0.657797661252 0.85276810938 1.18177163686 68.3383116323 321.143724393 174.159983232 0 1682.33091171 41.1009108367 183.783799067 21.8990891633 4.66908830067 53.8562756071
7320 2.02583323877 18.2025518131 141.911700015 428.983248963 0.661842441338 0.850366010825 0.614820900483 68.8897216862 321.040249621 168.27079376 0 1682.39521736 40.90575794 183.482135173 22.09424206 4.60478265161 53.9597503788
7344 1.99585946233 19.9151012734 140.306868489 428.998093711 0.665941597812 0.845597984339 1.14041349488 68.3499532129 321.086741989 165.300693682 0 1682.46269228 40.7788119401 180.308255055 22.2211880599 4.53730773851 53.9132580116
7368 1.96441427728 18.4246693145 140.529815748 429.014008822 0.670314770389 0.858183240721 1.72960830335 67.7278848645 321.003784385 158.255641729 0 1682.53395193 40.8216057329 182.232846356 22.1783942671 4.46604808565 53.9962156152
7392 1.93618624547 15.572056032 141.167076485 429.02860607 0.67436492961 0.859478486093 1.19749090442 68.2400596111 320.984034105 158.140236043 0 1682.59915738 41.1321048429 180.18754526 21.8678951571 4.40084263314 54.0159658953
7416 1.91075599817 15.0210597363 138.457517595 429.042016799 0.678097519379 0.868271731077 0.52242320088 68.8891907509 321.165092978 162.167085917 0 1682.65715264 41.2099268306 178.277965672 21.7900731694 4.34284737054 53.8349070223
7440 1.8863219631 15.1965381614 139.562625546 429.055142762 0.6817504447 0.874155342665 1.81692096327 67.5720304884 321.145095662 163.272208128 0 1682.71236488 41.1509811219 176.464137151 21.8490188781 4.2876351323 53.8549043387
7464 1.8601597544 15.5321949281 139.347010162 429.06946716 0.685722421206 0.872425220619 0.237296232895 69.1350889668 321.043890772 158.335664634 0 1682.77130043 41.0646736186 177.72057199 21.9353263814 4.22869958139 53.9561092286
7488 1.83469719935 16.0862838476 137.933466786 429.083683269 0.689508279675 0.873852600541 1.63251782511 67.720438027 321.045218771 157.276118389 0 1682.82889501 40.9922226567 177.0022347 22.0077773433 4.17110500591 53.9547812293
7512 1.81101274268 16.4323453037 139.474762607 429.09715745 0.693186908765 0.880882792692 0.935543118688 68.3932297311 321.026173486 153.760499201 0 1682.88303263 41.0719405976 176.376132466 21.9280594024 4.11696738793 53.9738265141
7536 1.78719303732 16.3331669695 140.146643074 429.110961009 0.696889294181 0.880870643917 0.277235942655 69.0340431114 320.961371232 150.182528704 0 1682.93702078 41.0881341132 173.866808468 21.9118658868 4.06297923228 54.0386287684
7560 1.76518964693 14.4488549646 138.637298871 429.123941997 0.700240832097 0.878284090752 0.537583228577 68.7599498532 321.084319631 153.175248207 0 1682.9874307 41.2423796393 171.454877004 21.7576203607 4.0125693176 53.9156803694
7584 1.7441160147 15.2242987507 138.999799698 429.136585651 0.703378379062 0.872970392809 0.764972776315 68.5220928019 320.984964763 150.601236876 0 1683.03463282 41.0338272763 170.16234598 21.9661727237 3.9653671966 54.0150352373
7608 1.72332902393 13.6991058987 137.69795461 429.14926289 0.706356564015 0.868403669581 0.988821967502 68.2871549098 321.09663846 151.863268033 0 1683.0823631 41.2607192739 168.934995509 21.7392807261 3.91763691114 53.9033615402
7632 1.70192557419 15.2248303761 140.466668438 429.162532644 0.709335067536 0.866679383011 1.2583283957 68.0031245116 320.820712748 143.068949522 0 1683.13013699 40.9862364038 168.772630581 22.0137635962 3.86986302148 54.1792872526
7656 1.68137664594 14.5902029658 139.568490994 429.175483915 0.712238516765 0.873091323764 1.47560932201 67.7635769242 320.954824894 142.142174126 0 1683.17734692 41.194737416 168.652848634 21.805262584 3.82265309277 54.0451751064
7680 1.66186404073 14.0745420166 134.856919622 429.18797943 0.715047141895 0.877454032111 1.6484688648 67.571050533 321.110374562 148.627558862 0 1683.22155105 41.1481521836 166.615491019 21.8518478164 3.77844896883 53.8896254381
7704 1.64333137071 12.5436222574 137.715292819 429.200030946 0.717828465545 0.885280327015 0.767335232293 68.4295250303 321.079184031 147.631132419 0 1683.26422844 41.4182362394 165.624526335 21.5817637606 3.73577157362 53.9208159694
7728 1.62539033117 14.0082125082 138.148705598 429.211873505 0.720561461915 0.884016465545 0.880008224913 68.3035403442 321.003737718 144.507533835 0 1683.30466035 41.2922138865 162.74189044 21.7077861135 3.69533966427 53.9962622819
7752 1.60732327158 12.6603651642 137.642852529 429.223977962 0.723325114508 0.889924812322 0.998260748327 68.1645113642 321.021490679 145.018945433 0 1683.34577342 41.35003871 160.954761146 21.64996129 3.65422659046 53.9785093217
7776 1.58946239834 13.9638596143 137.269968689 429.236124897 0.726030571465 0.885058912855 1.13750491316 68.0152807067 320.914101369 141.310544897 0 1683.38580496 41.1300316661 160.245446309 21.8699683339 3.61419505561 54.0858986312
7800 1.57244614813 12.2498466793 136.817562522 429.247867439 0.728589752962 0.886262587215 1.22284344593 67.9144367762 321.042681917 143.238440266 0 1683.42501054 41.3992298522 158.600044984 21.6007701478 3.57498947416 53.9573180835
7824 1.55593403161 13.5488789486 139.974883651 429.259423889 0.731038456167 0.884902126197 1.29223691358 67.8323986163 320.726533394 134.323438455 0 1683.46195969 41.1422909121 158.003634823 21.8577090879 3.53804032009 54.2734666063
7848 1.53823321752 13.0027027541 138.511589733 429.271992636 0.733639040003 0.881745425954 0.454436950902 68.6581859481 320.783690722 130.879252986 0 1683.50234734 41.2679550857 157.44814003 21.7320449143 3.49765267715 54.2163092782
7872 1.52209207584 12.848169495 136.667187656 429.283619435 0.735955499441 0.883441610999 1.51663373097 67.5803497253 320.778168392 129.449961016 0 1683.53906143 41.2848407022 156.917815491 21.7151592978 3.46093858879 54.2218316079
7896 1.50673344018 11.646635352 137.230968492 429.29483256 0.738242614135 0.890587412278 1.52632329819 67.5500141169 320.834564064 128.776115072 0 1683.57422952 41.4624328927 155.449110474 21.5375671073 3.42577049506 54.1654359359
7920 1.49147001486 12.0907343946 135.788908716 429.306125421 0.740580063661 0.890919574283 0.553248367787 68.5091265745 320.810686243 127.848147463 0 1683.60868897 41.3632581065 155.037245372 21.6367418935 3.39131104679 54.1893137576
7944 1.47648219439 11.6008290029 134.712576036 429.317362131 0.742820721013 0.88719876767 0.579933509538 68.4726848721 320.859801799 127.591162595 0 1683.64282462 41.4378966712 155.67223311 21.5621033288 3.35717539556 54.1401982013
7968 1.46209167513 11.7204448648 135.974519958 429.328290722 0.744928863669 0.889937875408 1.56276686219 67.4740756785 320.861170809 126.209032083 0 1683.67540774 41.3911180697 154.326978203 21.6088819303 3.32459227402 54.1388291918
7992 1.44753591958 11.960283902 135.530239383 429.339487263 0.747155222135 0.893928377466 0.563876475762 68.4555526633 320.790464219 125.737943611 0 1683.70833265 41.3315470253 153.014658561 21.6684529747 3.29166736215 54.2095357814
8016 1.4336965632 11.1042550766 134.173336112 429.350268822 0.749238962721 0.890608834197 0.539274474928 68.4706089076 320.891496733 127.861591552 0 1683.74005919 41.5087854752 151.767093335 21.4912145248 3.25994082577 54.1085032673
8040 1.4199911646 10.7695077881 137.10742629 429.361078527 0.751240111035 0.886498428331 0.516111216001 68.4850717189 320.724752941 122.1106109 0 1683.77123776 41.5712490285 150.57244906 21.4287509715 3.22876225302 54.2752470591
8064 1.40624502786 11.9064333665 136.05977877 429.372054423 0.753184540505 0.883702366485 0.50260727011 68.488451401 320.695021546 118.51809786 0 1683.80218522 41.3842121954 150.403209693 21.6157878046 3.19781479475 54.3049784539
8088 1.39214702608 11.9754194738 135.370569274 429.383452656 0.755126289571 0.880861306785 0.524242618999 68.4563171303 320.77956206 119.557012483 0 1683.83405298 41.3159179303 148.294080811 21.6840820697 3.16594703182 54.2204379403
8112 1.37860233736 11.4823132682 137.052302875 429.394540285 0.756926353032 0.875476929308 0.520805802742 68.4522506315 320.609057549 114.617251505 0 1683.86515204 41.5560797673 148.226890777 21.4439202327 3.13484797543 54.3909424513
8136 1.36626946476 10.0695950295 134.264497891 429.404753735 0.758490833826 0.87081447439 0.436224900371 68.5297160573 320.770384475 118.48624485 0 1683.89338688 41.7094069486 146.207388929 21.2905930514 3.10661312954 54.2296155254
8160 1.35394539682 10.3893593186 134.624658426 429.415073183 0.759988093422 0.867313306406 0.356900072015 68.6007253466 320.768120119 118.75682919 0 1683.92116482 41.5872801732 145.242207522 21.4127198268 3.07883518974 54.2318798813
8184 1.34162020513 10.1341854371 134.440739561 429.42550809 0.761431082102 0.865649367524 0.282321412393 68.6650900493 320.776686845 117.152964102 0 1683.94923267 41.6487965392 145.293843125 21.3512034608 3.05076734423 54.223313155
8208 1.32888425936 13.3501403125 137.340885665 429.436412689 0.762885334882 0.864262966028 1.24677697579 67.6896620354 320.418968554 105.98049563 0 1683.97724568 41.0634567513 145.359468093 21.9365432487 3.02275433144 54.5810314466
8232 1.31529687391 10.2041615239 135.235986518 429.448185433 0.764461858785 0.867100974156 1.27699329722 67.6432584382 320.510528252 107.161235946 0 1684.00883772 41.5785291564 143.476082372 21.4214708436 2.99116229314 54.4894717484
8256 1.30361032425 9.87171943155 135.692705364 429.458428729 0.765846851642 0.869271867432 1.17194755446 67.7345049989 320.557624054 106.830046308 0 1684.03552337 41.6661906054 141.650391791 21.3338093946 2.96447664488 54.4423759463
8280 1.29255354837 9.5797954149 131.230191224 429.468222257 0.767174563025 0.870451016694 1.02766139419 67.8664907704 320.798514693 113.026248922 0 1684.06075982 41.7568346811 139.87891453 21.2431653189 2.93924019012 54.2014853074
8304 1.28125726502 10.3417296849 133.425908444 429.47833233 0.768493132401 0.866431859187 0.919921211621 67.9668214682 320.660964394 109.020846272 0 1684.08613516 41.5368785622 140.13074117 21.4631214378 2.91386485106 54.3390356059
8328 1.27053306325 9.98268184917 133.438430098 429.488029156 0.769705910888 0.863420384388 0.772589861233 68.1062546886 320.731759321 110.660152238 0 1684.11061732 41.6241495612 138.420490932 21.3758504388 2.88938269854 54.2682406791
8352 1.25954336419 9.50051940953 132.70281505 429.498067079 0.770913744362 0.86124624179 0.651935900792 68.2178370355 320.748618963 111.231008369 0 1684.13564127 41.7241517565 136.759453632 21.2758482435 2.86435874592 54.2513810373
8376 1.24910494611 10.0200005689 131.141058923 429.507697364 0.772022144703 0.85793319734 0.496730689886 68.3656166055 320.858002493 114.210806602 0 1684.15920867 41.5820685248 135.145418444 21.4179314752 2.84079134249 54.1419975069
8400 1.23773163064 9.98178055813 131.930921369 429.518297711 0.773169712828 0.853303036129 0.427251065996 68.4279784752 320.792086198 113.070932653 0 1684.18488488 41.5318531587 134.559311054 21.4681468413 2.81511513726 54.207913802
8424 1.22735686889 9.70784410117 133.901307949 429.528066118 0.774156645962 0.849493435593 0.282683935605 68.5655998659 320.663803477 107.839663783 0 1684.2085745 41.6041418973 135.998340581 21.3958581027 2.79142551496 54.336196523
8448 1.21670799083 9.26571678098 132.824599891 429.53819155 0.775112064759 0.847890467254 1.1636079633 67.6751979561 320.604272604 105.266825716 0 1684.23288564 41.7298736969 135.430134712 21.2701263031 2.7671143739 54.3957273958
8472 1.20739908828 8.77022648776 132.533757241 429.547126087 0.775958230837 0.848839189103 0.935135635995 67.8929408588 320.68689639 106.24371185 0 1684.25424314 41.9023605244 133.89565288 21.0976394756 2.74575687484 54.3131036108
8496 1.19790526485 9.49187323039 132.108269686 429.556319422 0.776807679938 0.846452760638 0.73477715674 68.0856429818 320.666644463 106.047872973 0 1684.27549153 41.6301095461 132.401875288 21.369890454 2.72450848646 54.3333555375
8520 1.18805613705 9.01399530319 132.841574563 429.565944629 0.777649975801 0.842818759596 0.57332689105 68.2402597463 320.672501902 104.674267466 0 1684.29799788 41.7712609716 131.946524241 21.2287390284 2.70200213753 54.3274980985
8544 1.17892200057 8.91711131117 131.646477145 429.57495183 0.778399464678 0.844199461059 1.3476525732 67.4547966725 320.693220323 105.240589176 0 1684.31877833 41.7951133889 131.497527645 21.2048866111 2.68122168505 54.3067796774
8568 1.16939383431 9.54822527431 130.77024684 429.584431637 0.779186438626 0.843771875127 1.16541235246 67.6271976979 320.689594021 104.747166647 0 1684.34023352 41.6127255854 131.0683458 21.3872744146 2.65976649379 54.3104059796
8592 1.15974339537 9.46853610555 132.669475838 429.594122038 0.779988187231 0.843748891933 0.999506248816 67.7826346351 320.62270692 101.216215762 0 1684.36211915 41.5974218761 130.671127424 21.4025781239 2.63788086335 54.3772930806
8616 1.15037998996 8.69562772824 131.510411201 429.603611192 0.780764846081 0.843458858334 0.815855412436 67.956309693 320.614728656 100.788817032 0 1684.38359922 41.8244175253 130.290552359 21.1755824747 2.61640079006 54.3852713441
8640 1.14203640183 9.22727961065 131.480030069 429.61214012 0.781457509111 0.845740251052 0.543710454312 68.2169516674 320.72837813 100.078670801 0 1684.40264879 41.8747480021 129.922915139 21.1252519979 2.59735122232 54.2716218706
8664 1.13292375401 8.53424016926 132.336192168 429.621535452 0.782220317037 0.844616902421 0.351878707319 68.3997486229 320.636624816 100.261150297 0 1684.42327218 41.85467497 128.580198663 21.14532503 2.57672783847 54.3633751847
8688 1.12452961075 8.29820176062 130.190576591 429.630265146 0.782897639855 0.843337984603 1.10252944639 67.6409697843 320.733266203 103.133564176 0 1684.44242876 41.9403848278 127.27105576 21.0596151722 2.55757125381 54.2667337968
8712 1.11538709037 9.76255212229 134.717705876 429.639856241 0.783632876138 0.842572574638 0.925106966117 67.8088313433 320.455040921 96.0291229644 0 1684.46267149 41.4365034722 125.994303742 21.5634965278 2.537328524 54.5449590791
8736 1.10651409319 8.29517113673 133.323181189 429.649248547 0.784307630894 0.83819045059 0.737160130654 67.9910932423 320.426258621 93.5309567125 0 1684.48327316 41.8943544925 124.749716594 21.1056455075 2.51672684975 54.5737413789
8760 1.09802863779 8.76579042782 129.991726086 429.658308777 0.784936629698 0.841462786294 1.5047957665 67.210496042 320.585423203 95.7747362466 0 1684.50238817 41.7141619917 123.535402987 21.2858380083 2.49761184797 54.4145767975
