Time EBV Teff Treg ODC_le1 ODC_le2 ODC_le3 ODC_le4 ODC_le5 NK IL2 DAC Resting_Teff Resting_Treg EffectorMemory Resting_Treg_temp Resting_Teff_temp NK_temp
0.0 0 0 0 0 0 0 0 500 375 1000 0 1687 63 0 0 0 0
24 0 0 0 0 0 0 0 500 336.279789971 908.048253598 0 1687 63 0 0 0 38.7202100291
48 0 0 0 0 0 0 0 500 335.391027502 823.849847309 0 1687 63 0 0 0 39.6089724976
72 0 0 0 0 0 0 0 500 334.559882085 745.880698262 0 1687 63 0 0 0 40.4401179151
96 0 0 0 0 0 0 0 500 333.760437385 673.915002205 0 1687 63 0 0 0 41.2395626152
120 0 0 0 0 0 0 0 500 332.995774144 607.703333798 0 1687 63 0 0 0 42.0042258555
144 0 0 0 0 0 0 0 500 332.2684442 546.975994766 0 1687 63 0 0 0 42.7315557996
168.0 1000 0 0 0 0 0 0 500 331.580390823 491.447224652 0 1687 63 0 0 0 43.4196091775
192 587.94283022 2674.42256109 91.5619289612 4.47673168998 18.9970923557 71.5351553232 179.581289232 225.4097314 319.455578209 5741.3447637 0 1039.6715255 41.772295668 0 21.227704332 647.328474501 55.5444217919
216 137.270850924 6787.52246616 173.648024265 78.9394557978 42.4787286086 90.6255793022 144.253344106 143.702892185 264.802659503 492.807046918 0 1395.18556979 38.9790174046 578.123458124 24.0209825954 291.814430209 110.197340497
240 33.4182682741 2343.20525417 172.701707716 160.928639295 29.1175136393 56.9832303359 105.34670962 147.623907109 279.246420942 236.441345847 0 1602.93319195 38.864908427 549.511283629 24.135091573 84.0668080463 95.7535790581
264 16.5231336099 576.072290279 170.479497219 185.542006203 9.75307090725 38.0827317824 76.340818618 190.28137249 303.498710439 231.975535971 0 1648.05622068 39.0672516623 516.576797015 23.9327483377 38.94377932 71.5012895614
288 12.8200013415 225.051137816 167.458412778 188.000010404 1.74554700873 11.1393299848 46.5481752373 252.566937365 315.051381362 297.397869019 0 1657.75527825 39.4999249245 473.365713168 23.5000750755 29.244721745 59.9486186388
312 11.1988192586 155.878132716 175.584579231 188.280780127 0.964300984677 4.50154615814 28.2842880219 277.969084708 318.141036727 333.421444796 0 1661.60807137 39.760278293 453.248146138 23.239721707 25.3919286285 56.8589632731
336 10.0517997845 144.011872827 172.534134136 188.382975925 0.326151412439 1.62229110621 17.0630086588 292.605572897 319.069237484 358.555316059 0 1664.20045249 39.761093211 419.77364086 23.238906789 22.7995475097 55.9307625162
360 9.08425027237 123.069744231 169.103799454 188.450608233 0.535895544962 1.51459771509 19.6820871577 289.816811349 319.332423848 349.459272636 0 1666.38629849 39.7886100298 406.586951712 23.2113899702 20.6137015075 55.6675761529
384 8.30245351992 105.869690547 165.110129431 188.524879864 0.565159531769 0.787197621016 11.8021749973 298.320587986 320.004094807 353.889142414 0 1668.16666206 39.8720372414 390.555582098 23.1279627586 18.8333379407 54.995905193
408 7.66382650005 99.1274030217 171.809858999 188.595429415 0.602659943592 0.177877418304 14.0175244338 296.606508789 320.033272982 343.442735459 0 1669.60947174 39.8729542777 370.054066351 23.1270457223 17.3905282569 54.9667270186
432 7.10476394092 96.0914829841 164.297277917 188.663228082 0.597188032058 0.0402979114752 16.4155563594 294.283729615 320.187568913 332.747697584 0 1670.86816318 39.8411365781 355.119860201 23.1588634219 16.1318368249 54.8124310878
456 6.63651169092 81.8092246733 167.174891544 188.723818214 0.608995360266 1.31023012704 9.43484098811 299.92211531 320.423331556 326.176202204 0 1671.93967321 39.9550940299 337.781513814 23.0449059701 15.0603267852 54.5766684448
480 6.24948883552 74.5128705432 167.079488 188.778718589 0.610868499839 0.123514878835 9.63598801079 300.850910021 320.575077851 314.945296337 0 1672.81832685 40.0014029134 333.922027012 22.9985970866 14.1816731538 54.4249221495
504 5.91749138849 71.7496465267 157.097744498 188.828029518 0.603495889814 0.831394811113 7.52607716555 302.211002616 321.067119353 315.586734232 0 1673.57212696 40.0413015866 336.85737733 22.9586984134 13.4278730374 53.9328806479
528 5.61420545693 63.7648029702 155.606270419 188.876472861 0.614427542982 0.58386209262 12.3500015172 297.575235987 321.461135551 330.268974155 0 1674.25963294 40.0872416808 322.278545323 22.9127583192 12.7403670631 53.5388644498
552 5.34150380472 61.7891643942 159.565923463 188.922908537 0.636162262565 1.20745813436 9.08774465885 300.145726408 321.344596463 323.475920439 0 1674.87412056 40.0605760196 312.860477426 22.9394239804 12.1258794394 53.6554035372
576 5.10333124797 59.1372227265 165.874737256 188.96656058 0.638573339355 0.888523468103 13.8263765284 295.679966084 320.980243621 299.80552339 0 1675.41694842 40.1250863008 312.868619874 22.8749136992 11.5830515836 54.0197563794
600 4.87921803479 54.4440837024 160.884296111 189.009348212 0.627545565163 0.56133055365 9.29335813728 300.508417532 321.121533528 296.629336705 0 1675.92391339 40.1524441557 303.761239615 22.8475558443 11.0760866137 53.8784664721
624 4.6898366555 46.7976332873 157.503228732 189.046729346 0.635137675455 0.939568157788 6.83035964106 302.54820518 321.690449802 306.84339509 0 1676.35827854 40.308533396 297.412814913 22.691466604 10.6417214568 53.3095501986
648 4.51628008425 47.1135206326 155.139066434 189.082620612 0.624288763361 0.241641647347 4.70282553054 305.348623447 321.663467916 303.857036406 0 1676.74931662 40.2709490504 294.303932787 22.7290509496 10.2506833804 53.3365320849
672 4.35279939217 41.7892591615 161.27592545 189.116703747 0.611236442306 0.536123551866 4.21079045607 305.525145803 321.501330139 293.972565711 0 1677.12230351 40.4008138091 289.254979783 22.5991861909 9.87769649355 53.498669862
696 4.20225797609 44.6394182237 156.581194538 189.148962993 0.612651207857 0.754649228791 5.052932183 304.430804388 321.610907313 288.892512813 0 1677.46031751 40.3007629571 283.368478747 22.6992370429 9.53968249475 53.3890926879
720 4.06602382609 41.5184130562 159.659548611 189.179532017 0.626708791903 1.06529445576 7.63325396455 301.495210771 321.47745575 283.782253899 0 1677.76972939 40.3588499264 277.477275586 22.6411500736 9.23027060519 53.5225442507
744 3.93357046488 40.6793977277 162.049140831 189.210353981 0.612387880825 0.394214658769 9.33497652994 300.448066949 321.33708097 269.99133214 0 1678.06802074 40.3231138468 273.74834378 22.6768861532 8.93197926414 53.6629190304
768 3.80909617925 38.4092043147 159.193979368 189.239797591 0.611477517912 0.79049559098 9.41710972573 299.941119574 321.312153001 262.87071324 0 1678.35112664 40.3898990357 269.668196198 22.6101009643 8.64887336089 53.6878469994
792 3.69936573622 35.377798453 156.934692457 189.266875984 0.625408780353 1.0437891824 5.38536941406 303.678556639 321.516504124 265.600409188 0 1678.60085104 40.4546277549 263.605187081 22.5453722451 8.39914896482 53.483495877
816 3.59554785547 35.9461815936 155.798460208 189.293993316 0.6402984033 0.24167675573 6.10341654613 303.720614978 321.344590692 254.00588201 0 1678.8353667 40.4295039225 263.13077031 22.5704960775 8.1646332992 53.6554093083
840 3.49179721753 33.5864455328 153.802238807 189.321810128 0.628202014563 0.472199433152 4.21290131862 305.364887106 321.386145813 252.740376533 0 1679.07040255 40.468580548 255.32874954 22.531419452 7.92959745 53.6138541871
864 3.39773692889 37.3136397575 157.632412086 189.347462271 0.625902421432 0.692702730482 7.40118194683 301.93275063 321.070726923 236.787889901 0 1679.2822572 40.3959441546 248.324688042 22.6040558454 7.71774279558 53.9292730771
888 3.30553577649 32.269717163 153.533087158 189.373413713 0.633346041584 0.926459607238 6.62655920437 302.440221434 321.232968854 234.363930363 0 1679.49334695 40.5583977354 242.261218039 22.4416022646 7.50665304524 53.7670311463
912 3.22264547361 30.2513775194 148.864934073 189.397622516 0.629624972602 0.152192569954 5.92196123019 303.898598711 321.43067061 236.921942674 0 1679.68098808 40.5604273817 238.753199658 22.4395726183 7.31901191506 53.5693293903
936 3.14251961975 30.0133792946 146.244260932 189.421111695 0.615693721643 0.349824713537 4.20446898791 305.408900882 321.496296038 235.755569765 0 1679.86205283 40.540907604 237.661253929 22.459092396 7.13794717043 53.5037039624
960 3.06862304271 26.902203218 147.636379214 189.442956726 0.60940373394 0.523030353682 5.87494539588 303.54966379 321.622499283 235.702841664 0 1680.03128292 40.7048445297 237.927694791 22.2951554703 6.96871708221 53.3775007176
984 3.00091729142 29.3891803895 149.032479157 189.463338695 0.60956123869 0.681456712442 2.86898178938 306.376661565 321.446261101 229.699048263 0 1680.18330086 40.5575496755 236.369069928 22.4424503245 6.81669914402 53.5537388998
1008 2.92945978581 28.907627688 149.532540461 189.485441918 0.614013309219 0.808750633257 6.73811501872 302.353679121 321.253127097 223.277472748 0 1680.34379856 40.4976081611 232.081608271 22.5023918389 6.65620143634 53.7468729035
1032 2.85909454727 27.5024887867 146.67825545 189.507990066 0.623096336713 0.914266391147 2.73356673519 306.221080471 321.255263021 216.866809852 0 1680.50367415 40.5468876408 231.287091924 22.4531123592 6.49632584556 53.7447369791
1056 2.79867824128 26.0167083572 148.773874465 189.528110201 0.633379661228 0.997468204173 4.40262087381 304.43842106 321.340140709 214.087239867 0 1680.6424855 40.6978906701 228.817574262 22.3021093299 6.35751449693 53.6598592913
1080 2.74166728853 24.4271382784 148.85256103 189.54750452 0.62041981429 0.153135777652 4.63702992086 305.041909967 321.304353521 212.557943624 0 1680.77179411 40.7240413938 225.61300961 22.2759586062 6.22820588677 53.6956464799
1104 2.68431962692 22.9336842373 152.92902221 189.566964748 0.607624415471 0.255685548555 2.23612071895 307.333604569 321.244160453 206.997458933 0 1680.90182734 40.7820225134 219.830115892 22.2179774866 6.09817265585 53.7558395477
1128 2.63407926319 22.6904442929 151.684922775 189.58405245 0.598688774767 0.33857600009 5.82635196129 303.652330814 321.098588078 200.807035181 0 1681.01615091 40.8120222614 219.341161363 22.1879777386 5.98384908726 53.9014119225
1152 2.5850494727 21.7498915513 150.126546574 189.600837915 0.592943739227 0.438155801527 4.32568100189 305.042381543 321.030644073 196.326073924 0 1681.12739234 40.8483688742 217.081760584 22.1516311258 5.87260766036 53.9693559272
1176 2.53713909416 24.8016586247 148.635590806 189.617428694 0.590054327154 0.543679918546 3.76691423263 305.481922828 321.071601533 190.802073458 0 1681.23438922 40.6321208475 216.084613675 22.3678791525 5.76561077971 53.928398467
1200 2.48727876985 22.6745558566 149.174152702 189.6349852 0.589650379962 0.607417170245 2.81080732311 306.357139926 321.001731307 187.92234643 0 1681.34753073 40.6891875401 213.264531914 22.3108124599 5.65246926673 53.9982686939
1224 2.44154507083 23.6022447923 143.173726139 189.651416636 0.591257074088 0.685870171449 3.22284481335 305.848611305 321.190983959 190.124696242 0 1681.45132717 40.6660136415 211.704861159 22.3339863585 5.54867283047 53.8090160414
1248 2.39659999546 20.8217415613 144.995911045 189.667941439 0.594899062442 0.751937358109 1.66287105065 307.322351089 321.277273823 194.027913801 0 1681.55393179 40.810738255 205.441050317 22.189261745 5.44606821418 53.7227261771
1272 2.35635516865 20.9345543595 139.367484295 189.68310754 0.599356465426 0.800168763117 2.37541729959 306.541949932 321.601405429 203.329903315 0 1681.64613759 40.9401803856 200.539559377 22.0598196144 5.35386240736 53.3985945719
1296 2.3149324488 20.9058427387 141.452034065 189.699128557 0.605255974252 0.844810642848 1.45957541929 307.391229407 321.436230431 197.69862037 0 1681.73941599 40.8475261145 200.855964968 22.1524738855 5.26058400863 53.5637695699
1320 2.27490527302 20.6193123663 146.793085295 189.715049286 0.61189043642 0.879652957941 3.42454240886 305.368864911 321.124970804 187.792074666 0 1681.82951497 40.7573587202 199.303965829 22.2426412798 5.17048502981 53.8750291969
1344 2.23678433113 22.083645878 142.590638527 189.730650873 0.61921705654 0.925168062742 3.11425488214 305.610709125 321.193270417 183.846534349 0 1681.91583125 40.7109143648 198.901927162 22.2890856352 5.08416875253 53.8067295831
1368 2.19647962519 21.3154627605 142.687969795 189.74766265 0.628638447871 1.01991895971 3.29082103679 305.312958906 321.074455947 178.761735694 0 1682.00679627 40.6890824272 196.633679543 22.3109175728 4.99320372853 53.9255440533
1392 2.15886831434 22.0109896515 142.990826177 189.76388282 0.619371544792 0.0799880613902 3.171295147 306.365462427 321.038321251 170.315537359 0 1682.09214724 40.6847238032 200.415427375 22.3152761968 4.90785275631 53.961678749
1416 2.12006517184 18.9009799476 145.90610125 189.780546233 0.606113146134 0.180211767056 5.38402350698 304.049105347 320.777907559 160.838493951 0 1682.18063181 40.814732366 199.20513394 22.185267634 4.81936819474 54.2220924419
1440 2.08977432852 17.1493182904 141.246075527 189.79353685 0.597732642034 0.240120023018 1.93368027893 307.434930206 321.05146643 164.601713741 0 1682.25116841 41.1504107169 197.213133933 21.8495892831 4.74883159401 53.94853357
1464 2.05697142221 17.8924817383 143.187815908 189.807627679 0.590080235234 0.312984724179 4.11621307625 305.173094285 320.857495965 159.912966173 0 1682.32422058 40.8952917538 194.348244527 22.1047082462 4.67577941621 54.1425040355
1488 2.02607721047 16.9795747967 142.310796912 189.820960308 0.584972099176 0.402111007168 2.94111022134 306.250846365 320.897229924 158.783240428 0 1682.39481595 40.9988896586 192.650551893 22.0011103414 4.6051840501 54.1027700762
1512 1.999140648 15.5187337675 141.715460125 189.832670573 0.581740923111 0.439342748149 3.05658402187 306.089661734 320.972890273 161.01556862 0 1682.45681433 41.2116134956 189.111151057 21.7883865044 4.54318566564 54.0271097279
1536 1.9718603565 16.3279568207 144.266808919 189.844633978 0.579366086146 0.488950103576 3.30905313665 305.777996696 320.776701016 154.76222468 0 1682.5180182 41.047826734 186.757406394 21.952173266 4.48198180276 54.2232989849
1560 1.94319077173 18.1494069648 140.90322191 189.857345515 0.578038827532 0.537301886534 0.979191735625 308.048122035 320.83634159 151.335786498 0 1682.58229179 40.8570654414 186.528866006 22.1429345586 4.41770820992 54.1636584103
1584 1.91594992894 17.3328679262 139.070603294 189.869579561 0.577544011068 0.585023081977 5.4039683797 303.563884966 321.00892379 153.299279914 0 1682.64446431 40.9388301409 185.394313403 22.0611698591 4.35553568876 53.991076211
1608.0 1001.88986444 15.1300327382 141.119303454 189.881462694 0.578534857229 0.662819930521 1.57485640285 307.302326116 320.936789191 151.90969784 0 1682.7043435 41.1670742868 184.336145105 21.8329257132 4.29565649591 54.0632108098
1632 375.443684367 5192.07905714 181.550646136 200.216897218 16.4651701405 40.4719448538 97.3174620946 145.528525694 275.450693682 913.830899585 0 1146.78383066 39.8601322403 406.385272707 23.1398677597 540.216169333 99.5493063188
1656 90.1950820222 3418.82150014 185.963675333 247.29158307 26.6669153575 50.9283670978 81.1019254761 94.0112089991 274.478713441 358.808383249 0 1483.10899017 39.0600469907 452.23688982 23.9399530093 203.891009826 100.52128656
1680 33.5308378702 1163.32183378 176.557233169 274.999922145 12.652518038 38.6106879582 63.609365783 110.127506076 293.09229237 298.068465812 0 1607.44062889 39.0686622063 455.62347391 23.9313377937 79.5593711069 81.9077076308
1704 20.9949270037 441.242461707 167.885962791 281.871084071 5.37281835993 14.3250582429 41.8151028714 156.615936455 308.706913566 305.035008748 0 1638.79012398 39.3414496475 432.561965916 23.6585503525 48.2098760119 66.2930864349
1728 16.5660056363 263.543751748 163.216826128 283.09535162 1.94537646076 9.80671162201 35.4942217903 169.658338508 315.115464726 348.786961995 0 1649.39899236 39.6012509726 411.574642887 23.3987490274 37.6010076326 59.8845352748
1752 14.0040505111 209.442836491 166.313268391 283.467596803 0.30037098034 6.21696850104 14.7277724198 195.287291297 317.368046142 376.418610019 0 1655.26224338 39.6885174433 389.433635842 23.3114825567 31.7377566114 57.6319538589
1776 12.1710620639 167.672225531 169.343307986 283.578389001 0.620146543379 0.399942599315 16.5136831776 198.887838679 318.386177337 378.030232118 0 1659.41816821 39.7528901637 380.317199444 23.2471098363 27.5818317905 56.6138226635
1800 10.8784615407 142.743274949 173.621108368 283.689014087 0.71802500068 1.85051855987 13.3160950352 200.426347318 319.093217056 373.760053591 0 1662.36320216 39.8431829105 381.820808012 23.1568170895 24.6367978396 55.9067829449
1824 9.82965754088 134.857348008 175.2547176 283.804529756 0.772617671419 0.647734753206 10.9819248877 203.793192932 319.193866589 356.879734912 0 1664.71808799 39.8171321855 374.530914799 23.1828678145 22.2819120103 55.8061334114
1848 8.95638735208 119.283289313 172.861544444 283.911964774 0.765278017865 0.98048294101 11.0725673013 203.269706967 319.438307823 345.560113123 0 1666.69068382 39.8428802793 365.648114731 23.1571197207 20.3093161723 55.5616921778
1872 8.27368832725 95.5221640638 171.55683588 284.001174806 0.75405449557 1.16386746109 8.07667519431 206.004228043 320.375338049 361.111275452 0 1668.25633992 40.0082171796 357.255996454 22.9917828204 18.7436600734 54.6246619516
1896 7.65809931294 97.1763844253 164.424042442 284.087922028 0.751806470458 1.0990100593 9.9115746286 204.149686814 320.48806532 349.632723336 0 1669.62902306 39.9135107184 348.044272629 23.0864892816 17.3709769363 54.5119346809
1920 7.13315489891 86.7571495115 169.149001801 284.16631517 0.730958265227 0.904890050701 7.04255782997 207.155278685 320.456419142 339.043379986 0 1670.81934499 39.9606424538 332.851031198 23.0393575462 16.1806550047 54.5435808588
1944 6.68869941261 79.1268134585 163.957656774 284.235577596 0.701912066593 0.6340386768 11.2192180003 203.209253661 320.80303831 332.732815517 0 1671.83015759 40.0381486816 328.446190456 22.9618513184 15.1698424032 54.196961691
1968 6.28655217735 77.0348835662 163.724005976 284.300998345 0.695275819843 0.519858736819 9.2710577118 205.212809387 320.533213193 311.780506461 0 1672.7308877 39.9706043471 324.055502893 23.0293956529 14.2691123001 54.4667868075
1992 5.92544794595 74.7238408584 162.275865931 284.362784665 0.703459698422 0.950530325586 4.27528636173 209.707938949 320.434167295 298.860464715 0 1673.54321981 39.9236157793 314.579641546 23.0763842207 13.4567801885 54.5658327056
2016 5.62763002428 56.7006059212 166.139294189 284.417025097 0.687271955727 0.377243792818 5.93129263141 208.587166523 321.00534816 308.049837406 0 1674.23792616 40.2477323991 301.576302228 22.7522676009 12.7620738333 53.9946518404
2040 5.37529829521 58.6766119185 166.20263717 284.463892702 0.679072495368 0.716774899629 3.92233880164 210.217921102 320.885086352 295.251945743 0 1674.80508309 40.1836487872 298.032150439 22.8163512128 12.1949169082 54.1149136493
2064 5.14074566175 53.939360842 158.068655168 284.509640635 0.691152404127 0.986951348035 4.58574827298 209.22650734 321.291260467 303.633994795 0 1675.33656499 40.2270200906 289.016873813 22.7729799094 11.6634350022 53.7087395335
2088 4.92601932708 56.5892035107 157.667392001 284.553673543 0.676099937402 0.350134287898 5.51846668213 208.90162555 321.366255085 294.008317108 0 1675.81882124 40.1528794046 288.742575025 22.8471205954 11.1811787528 53.6337449154
2112 4.72371949663 54.24885917 156.667446186 284.595841212 0.6693777094 0.781122250678 7.0586914904 206.894967338 321.304320974 292.365471203 0 1676.27514675 40.1275175494 281.689345383 22.8724824506 10.7248532496 53.6956790264
2136 4.53185163144 49.8532951533 149.771772271 284.637906537 0.6861880366 1.08790451168 4.62303508823 208.964965827 321.531048557 293.649757579 0 1676.70908032 40.1574310905 280.844393779 22.8425689095 10.2909196737 53.4689514433
2160 4.36065763457 45.9604466561 158.661872048 284.678322006 0.708737919746 0.351949416853 4.30413797798 209.95685268 321.333800935 286.983177894 0 1677.09955992 40.2355530146 274.024620307 22.7644469854 9.90044007158 53.6661990658
2184 4.20484023879 44.8559627685 152.600451093 284.716585629 0.69570123952 0.589232529553 4.46681281244 209.53166779 321.560985201 287.185146282 0 1677.45273782 40.2643223501 264.614708055 22.7356776499 9.54726217097 53.4390147995
2208 4.06667732616 38.6300241465 157.72367337 284.751406643 0.69562413816 0.793272481765 5.70774528345 208.051951454 321.578899882 278.913507766 0 1677.7694916 40.4240764362 264.298873543 22.5759235638 9.23050840023 53.4211001188
2232 3.93725259005 43.2990378407 151.858165894 284.785348531 0.704827631462 0.955483512067 3.6618426378 209.892497688 321.661421055 277.117075669 0 1678.05864295 40.2691634898 261.516586264 22.7308365102 8.94135704324 53.3385789455
2256 3.80273136859 38.4452531873 155.485153787 284.822495686 0.718829526515 0.148377175842 5.30694886933 209.003348742 321.184708106 259.137488341 0 1678.36319257 40.3179642406 259.504060244 22.6820357594 8.63680742851 53.8152918949
2280 3.68230857229 43.5894257825 153.994507333 284.856630891 0.697322812044 0.343696606868 2.22998848046 211.87236121 321.041899748 240.938525903 0 1678.6349756 40.2463470443 258.000844383 22.7536529557 8.36502439556 53.9581002529
2304 3.56732160609 35.6558573666 147.200763324 284.889477675 0.685049169977 0.561317990675 4.93747715819 208.926678007 321.420615936 245.056535471 0 1678.8977195 40.3952842228 258.992043083 22.6047157772 8.1022804976 53.5793840645
2328 3.4711907044 32.131398555 155.393770505 284.917497268 0.683720028616 0.725494967335 3.31484801164 210.358439725 321.328381195 242.770360243 0 1679.11873887 40.5643704307 254.400056664 22.4356295693 7.88126112365 53.6716188053
2352 3.3795270478 32.7991967033 154.090744318 284.945004239 0.687554165569 0.850456235077 3.57687306878 209.940112292 321.184002531 235.192986961 0 1679.32500261 40.4978832488 251.449237501 22.5021167511 7.67499738507 53.81599747
2376 3.29512381906 29.6568671277 150.898936587 284.971231816 0.69584121197 0.96741844377 2.37144892889 210.9940596 321.398494221 237.811194208 0 1679.51849304 40.6643272964 248.075003512 22.3356727036 7.48150695155 53.6015057803
2400 3.21863710761 29.4630854967 145.855594364 284.995927489 0.706692873228 1.06510909418 4.61946086066 208.612809684 321.644839055 241.359728882 0 1679.69107213 40.6272633955 250.016835887 22.3727366045 7.30892786242 53.3551609463
2424 3.14055285494 29.2835144497 148.905821108 285.021792972 0.693220411842 0.240415024271 5.12581044754 208.918761145 321.498170824 238.663849442 0 1679.86679002 40.5583236493 244.278140883 22.4416763507 7.133209979 53.5018291765
2448 3.06557909738 29.1167520783 147.697477008 285.04665762 0.679735845002 0.376364324972 2.58602996753 211.311212243 321.596221968 238.071375621 0 1680.03635092 40.5382968472 242.059275088 22.4617031528 6.96364907223 53.4037780332
2472 2.9891323901 31.32640505 150.384228252 285.072217114 0.670665155371 0.503779330765 3.39811836135 210.355220039 321.297284815 226.344853967 0 1680.20917075 40.5461533578 236.398901164 22.4538466422 6.79082924307 53.7027151856
2496 2.92042011254 26.1930093831 151.660719459 285.095534046 0.666771092436 0.597216873416 1.62669491207 212.013783077 321.21601098 219.924548788 0 1680.36618127 40.6555166446 237.059813654 22.3444833554 6.63381872298 53.7839890212
2520 2.85632924607 31.4136327285 145.279100518 285.117693129 0.664933735539 0.63233218657 0.626118256637 212.958922692 321.399551999 220.187174463 0 1680.50980902 40.4718148255 232.096286829 22.5281851745 6.49019097187 53.6004480022
2544 2.7920645024 26.5531899959 147.669363753 285.140380529 0.664772672358 0.693538036275 2.74785691901 210.753451844 321.267563873 217.342097086 0 1680.65595212 40.5624328839 228.556386339 22.4375671161 6.34404787973 53.7324361277
2568 2.72986044807 27.2649071483 147.4102066 285.162872836 0.666522266456 0.744485252027 3.81180298811 209.614316658 321.167113383 206.004775675 0 1680.79679935 40.5679979544 230.258201217 22.4320020456 6.20320064822 53.8328866174
2592 2.671368405 26.0282459399 144.303168882 285.184580586 0.670023937927 0.798061443066 2.58690443257 210.760429601 321.361501189 209.569837422 0 1680.92914306 40.5388075383 226.233354008 22.4611924617 6.07085694054 53.638498812
2616 2.61433184429 26.7185446808 146.918021541 285.20634541 0.674797893554 0.838702235848 2.35820552759 210.921948934 321.139461698 202.082785182 0 1681.05747201 40.4531025353 223.535899904 22.5468974647 5.94252798646 53.8605383029
2640 2.56371325857 21.9780944359 144.646813488 285.226211508 0.680165348453 0.885053949793 2.46906742135 210.739501773 321.383666519 204.005570897 0 1681.1756524 40.840002976 222.125407672 22.159997024 5.82434759588 53.6163334818
2664 2.51467396587 24.6300517935 143.220159086 285.246009373 0.68683045415 0.932877152547 1.49601208501 211.638270936 321.442683921 204.545172322 0 1681.28596543 40.7195896106 217.976431068 22.2804103894 5.71403456179 53.5573160794
2688 2.46411933119 25.8064046177 148.696333135 285.267052285 0.694881604441 0.971628220471 1.85192271954 211.214515171 321.009160083 190.666456312 0 1681.39903153 40.5395227056 216.087368018 22.4604772944 5.60096846694 53.9908399175
2712 2.41888518724 21.1327226093 143.840805149 285.286474514 0.702993921549 1.01218142691 1.63628538566 211.362064753 321.296040504 197.181829219 0 1681.50371037 40.828049657 211.516200732 22.171950343 5.49628962656 53.7039594967
2736 2.3784751013 20.1104477445 143.010757407 285.304336426 0.70824644671 0.0434220306017 3.91235654882 210.031638549 321.532778217 201.174726427 0 1681.59619635 40.9705678616 208.218810394 22.0294321384 5.40380364513 53.4672217836
2760 2.33482672112 22.3925517681 143.608199759 285.323773389 0.691486249976 0.141437371105 3.65344358739 210.189859403 321.367369027 197.076791568 0 1681.69281957 40.6341363387 205.212579132 22.3658636613 5.30718042185 53.6326309735
2784 2.29185560669 20.2723478693 143.988760066 285.342843644 0.677921685728 0.252294193033 3.37757839218 210.349362086 321.319121745 194.635687213 0 1681.79124431 40.800030211 201.448405997 22.199969789 5.20875569024 53.6808782555
2808 2.25385213018 20.5896423381 146.813023479 285.359717675 0.667739596989 0.279693535015 1.66953761987 212.023311574 321.178223023 188.371152272 0 1681.8774478 40.7715328434 197.968150123 22.2284671566 5.12255219683 53.8217769778
2832 2.21713995186 19.1482442584 140.631133505 285.376054664 0.658815307431 0.31650626308 1.84461285899 211.804010907 321.443248693 194.587399581 0 1681.96140635 40.9059585862 193.71089326 22.0940414138 5.03859364286 53.5567513074
2856 2.18152532903 18.9061653714 142.75932661 285.391962538 0.651251306463 0.377049549094 3.89573792704 209.68399868 321.345500899 190.841743093 0 1682.04199716 40.8846284385 191.662902621 22.1153715615 4.9580028368 53.6544991021
2880 2.14620114688 21.4813102007 141.020421817 285.407832702 0.645067457079 0.408581803078 2.04274974699 211.495768291 321.373988169 188.535461426 0 1682.12152022 40.7406356474 187.830682063 22.2593643526 4.87847977828 53.6260118315
2904 2.11346420855 17.1655944503 145.898850127 285.42264586 0.639998976794 0.438637766531 2.88615293657 210.612564461 321.025604949 177.739060112 0 1682.19708976 41.0573758928 185.193849852 21.9426241072 4.80291023198 53.9743950519
2928 2.08362313524 16.3334051333 142.81065947 285.436254633 0.636120972488 0.466423087567 0.364615042535 213.096586265 321.210939202 180.105393904 0 1682.265091 41.1483408988 181.750237686 21.8516591012 4.73490899693 53.789060799
2952 2.05260184188 19.8179758372 141.059950357 285.450526366 0.632569259843 0.485097559366 1.10838742903 212.323419387 321.17914828 173.906773992 0 1682.33404526 40.8238307942 181.481019629 22.1761692058 4.66595473106 53.8208517211
2976 2.0209379708 18.6143770245 138.448802144 285.465240395 0.629472271438 0.508146604263 2.01577158741 211.381369142 321.268209499 174.439070398 0 1682.40599004 40.8498733921 182.247205377 22.1501266079 4.59400995418 53.7317905016
3000 1.99233457297 16.3874019391 141.838229968 285.478673474 0.62710127289 0.534541713805 3.50339306796 209.856290472 321.184394249 174.399345817 0 1682.47171894 41.0655958429 178.129784034 21.9344041571 4.52828106036 53.8156057517
3024 1.96599476039 16.171459161 142.987509999 285.491176216 0.625551150605 0.556165764674 1.69717495533 211.629931914 321.147806566 172.735203682 0 1682.53157749 41.0826845773 175.186873071 21.9173154227 4.46842250808 53.8521934348
3048.0 1001.93901678 16.1749273491 140.241927882 285.504129103 0.624481134587 0.590041717423 3.02659598814 210.254752057 321.283762691 173.565128772 0 1682.59251008 41.0429116906 174.372649237 21.9570883094 4.40748991513 53.7162373093
3072 373.182380499 5274.94816588 172.290802036 292.642339397 13.4423242586 32.7550453623 64.5429467993 96.6173441827 274.801372834 898.786598304 0 1147.98494992 39.8366389629 384.966049617 23.1633610371 539.015050072 100.198627167
3096 89.1280345599 3363.44027777 187.73175943 331.67964554 16.4808817391 32.0790657033 49.5109995065 70.2494075112 274.903174481 373.590095824 0 1485.3132579 39.06113534 455.009172152 23.93886466 201.686742092 100.09682552
3120 33.3801552739 1142.16579585 180.984951502 349.011889111 6.14118439247 17.6888151922 48.2967497102 78.8613615939 293.400606899 286.827148271 0 1607.88134474 39.0748431177 451.291755231 23.9251568823 79.1186552585 81.5993931015
3144 21.1371952423 426.850820048 171.51422339 351.711266557 2.1086060829 9.53485068259 26.3155436681 110.329733009 308.88398038 297.031195473 0 1638.54322764 39.3722968843 443.033459731 23.6277031157 48.4567723558 66.1160196206
3168 16.7703787955 254.00790315 171.999301478 352.126944048 0.595712978354 3.6357833841 23.3815900171 120.259969572 315.477587587 368.739865336 0 1648.9846294 39.6375738307 410.578803292 23.3624261693 38.0153705904 59.5224124132
3192 14.2415093503 198.040940689 171.152643737 352.307301676 0.785669245509 0.372591847377 10.8515671114 135.68287012 317.629960483 393.714240287 0 1654.7610075 39.7406583481 396.739970056 23.2593416519 32.2389924926 57.3700395177
3216 12.3974353826 169.88409225 179.575937334 352.471581178 0.815779491453 1.55191612071 12.4498082869 132.710914923 318.08480284 378.021818307 0 1658.91387154 39.7594647316 386.106140264 23.2405352684 28.086128456 56.9151971604
3240 11.0525008509 146.889582317 170.779031538 352.621324468 0.900463888053 1.10041149262 6.89892569052 138.478874461 319.266341911 388.7980916 0 1661.9720045 39.8352159841 377.138733757 23.1647840159 25.0279954922 55.7336580891
3264 9.90619317536 146.211718212 168.431212321 352.771218843 0.899909993708 0.123741969393 11.4482945501 134.756834644 319.001814112 353.4854914 0 1664.51897364 39.7304743763 369.931136819 23.2695256237 22.4810263563 55.9981858886
3288 8.98217716163 117.036707796 175.134369354 352.900485899 0.873974229514 0.70395521478 11.4637351545 134.057849502 319.386666134 340.585944831 0 1666.63121524 39.8496500918 359.559121709 23.1503499082 20.3687847575 55.6133338665
3312 8.25640649134 103.780744951 170.226801317 353.012679451 0.907850656362 0.864809170171 8.17504248401 137.039618239 319.700705641 330.177021639 0 1668.27934566 39.9202246645 351.621674318 23.0797753355 18.720654336 55.2992943589
3336 7.67363414296 91.4567787681 166.872217387 353.112589229 0.896723870684 0.458381425062 4.75519266623 140.777112809 320.429539517 339.700607373 0 1669.60682216 40.0085091254 343.863896385 22.9914908746 17.393177832 54.5704604835
3360 7.16259234067 91.5647483159 170.925568384 353.20389149 0.877796640075 0.896006264102 4.75165245525 140.270653151 320.139859826 322.097102503 0 1670.75218536 39.9450237965 333.705691881 23.0549762035 16.2478146348 54.8601401739
3384 6.71035736939 81.2996420266 170.102435102 353.290661481 0.898119272457 0.438239615026 7.61595813045 137.757021501 320.099810853 302.414293247 0 1671.77608844 39.9834515691 332.975321236 23.0165484309 15.2239115506 54.9001891476
3408 6.32027894427 74.9893732998 164.163507683 353.370244524 0.881584176663 0.934589522391 4.5303509449 140.283230832 320.65241846 309.925099944 0 1672.66195814 40.0365021519 318.076836412 22.9634978481 14.3380418543 54.3475815406
3432 5.9688274445 66.4587931078 159.132755732 353.446453107 0.895035667856 0.258559559985 6.11763049714 139.282321168 320.919059437 311.780371867 0 1673.45846705 40.102896679 310.751945302 22.897103321 13.5415329493 54.0809405638
3456 5.67605376648 65.9467370739 162.311075864 353.512553169 0.86221725924 0.618435778793 4.28564455403 140.721149239 320.998131614 305.505110444 0 1674.12353587 40.1287023021 303.93175608 22.8712976979 12.8764641291 54.0018683865
3480 5.40470376512 62.3680431049 160.417072406 353.575431671 0.851794792386 0.826783657292 5.41027326372 139.335716616 320.965912897 299.477955664 0 1674.73430829 40.1055959296 299.05631398 22.8944040704 12.2656917049 54.0340871036
3504 5.14918634604 62.9569210114 158.766455432 353.637390075 0.85489874156 0.932118876566 2.577426656 141.998165651 321.189230733 294.581036393 0 1675.30967129 40.0651460471 289.160223685 22.9348539529 11.6903287018 53.8107692675
3528 4.92115575793 54.0972370361 159.425819432 353.695514749 0.843750064841 0.111390399185 2.96216677441 142.387178013 321.041922342 285.298911841 0 1675.82909939 40.1544897299 290.661689379 22.8455102701 11.1709006075 53.9580776582
3552 4.71766154679 57.8881490007 156.61326375 353.747640403 0.804247278954 0.283551536083 3.79388452637 141.370676256 321.027182629 271.837545206 0 1676.28796107 40.1165027376 290.403032669 22.8834972624 10.7120389242 53.9728173714
3576 4.52671168446 50.3244755176 157.008040808 353.796570394 0.775901224261 0.373242970025 1.56645949227 143.48782592 320.956110258 262.508240038 0 1676.72229077 40.1974060289 295.35583906 22.8025939711 10.2777092207 54.0438897427
3600 4.36216659123 43.3573125402 154.699494237 353.839123267 0.758426682593 0.567576333539 6.17901765471 138.655856062 321.186534988 269.111640778 0 1677.09883711 40.3304891156 291.03141401 22.6695108844 9.90116288681 53.8134650125
3624 4.20535551467 45.9244125834 155.071674075 353.880635783 0.755603636737 0.805414556986 2.57106093769 141.987285086 321.210637597 264.653318566 0 1677.45059766 40.2281009055 284.94186778 22.7718990945 9.54940233063 53.7893624031
3648 4.06530656104 40.4986297227 162.861049226 353.919121293 0.760572391782 0.935467170389 3.56466120703 140.820177938 320.995859785 253.908392526 0 1677.77110089 40.364469039 279.223356201 22.635530961 9.22889910474 54.0041402158
3672 3.93807366294 37.9506554541 155.771449793 353.955627706 0.766278720266 0.0640277953274 4.11103453702 141.103031241 321.22214641 255.817896314 0 1678.06003 40.4160105935 275.369285568 22.5839894065 8.93996999895 53.7778535905
3696 3.81888330859 37.9675625068 156.749601577 353.990293517 0.739346303083 0.248032356559 3.41707453155 141.605253292 321.132946783 247.140100424 0 1678.32932287 40.4041437079 274.245110241 22.5958562921 8.67067712611 53.8670532176
3720 3.71129619489 34.9245585243 155.163505961 354.021566614 0.720601038369 0.348330382732 3.40569888077 141.503803085 321.474135443 254.206659544 0 1678.57529102 40.5241418314 267.694112224 22.4758581686 8.42470897205 53.5258645574
3744 3.60449523493 32.9678224548 151.56021941 354.052800068 0.706100739144 0.409141735441 2.5956933095 142.236264148 321.478997851 256.557721216 0 1678.81611958 40.5228562113 263.962835408 22.4771437887 8.18388041902 53.5210021491
3768 3.50722209712 33.366458682 154.564201445 354.081540691 0.694914113194 0.440564452755 1.43996787582 143.343012868 321.446684228 253.27968107 0 1679.03595847 40.4801950098 257.996672251 22.5198049902 7.96404152661 53.553315772
3792 3.41557711404 33.7425864104 156.105342537 354.108953411 0.685865966332 0.484139654087 1.06517181755 143.655869151 321.347028733 245.96726908 0 1679.24298056 40.4521868379 253.821699327 22.5478131621 7.75701943786 53.6529712677
3816 3.32664027503 30.7511180719 158.063221358 354.135952469 0.678930465284 0.536822944309 2.64577890736 142.002515214 321.139597796 236.869967679 0 1679.44554612 40.5699298454 248.210575385 22.4300701546 7.55445387749 53.8604022045
3840 3.24684500773 32.5830709063 149.498191904 354.160598387 0.675098725315 0.620170531102 3.70372260693 140.84040975 321.426253569 238.866459339 0 1679.62553839 40.4800321473 246.173310665 22.5199678527 7.37446160154 53.5737464314
3864 3.16472632829 31.0806486076 154.527752786 354.186511369 0.673791262486 0.652350884555 2.1431252785 142.344221205 321.28553912 229.388056981 0 1679.81205046 40.5589108574 242.622857458 22.4410891426 7.18794953068 53.7144608802
3888 3.08916532094 28.8342323323 150.034653942 354.21094095 0.67468173967 0.741306326759 3.14990212761 141.223168856 321.305599162 227.09487569 0 1679.98410866 40.6340583183 240.527904571 22.3659416817 7.01589133175 53.6944008383
3912 3.01546537765 27.8064291523 152.210545395 354.235442088 0.678861409442 0.851133316223 4.09976529066 140.134797896 321.255227085 221.550803985 0 1680.15011922 40.5879353747 235.832240864 22.4120646253 6.84988077306 53.7447729149
3936 2.94983117139 26.9226585885 149.31683907 354.257954172 0.685265743041 0.888067119653 1.72786027024 142.440852695 321.393746122 225.303164549 0 1680.29962817 40.6481262773 230.63466963 22.3518737227 6.70037182858 53.6062538781
3960 2.88749939154 25.3978025672 150.621096108 354.28001571 0.692176716334 0.917299740545 0.228999524841 143.881508309 321.373537603 222.546352644 0 1680.4414832 40.722964995 226.941211008 22.277035005 6.55851679059 53.6264623974
3984 2.82587905576 24.4871561309 150.319256945 354.302528246 0.699343574238 0.927855017122 1.81104660045 142.259226563 321.236232455 214.519083723 0 1680.58164712 40.8082065372 224.557767275 22.1917934628 6.41835287253 53.7637675455
4008 2.77074723775 25.7646963656 150.282349641 354.323300533 0.706594473369 0.975392244246 2.91671981628 141.077992933 321.239229462 211.976189116 0 1680.70547101 40.6518259505 221.514844174 22.3481740495 6.29452898473 53.7607705382
4032 2.71390180336 24.8127315311 149.777960393 354.345405019 0.71522030085 0.993260695641 1.29608945002 142.650024535 321.029717457 204.296196646 0 1680.83387157 40.6459398562 216.873675908 22.3540601438 6.16612842477 53.9702825433
4056 2.66155405348 21.7244910443 146.417338457 354.366422305 0.723713638084 1.03624310947 2.35568515883 141.517935789 321.365261285 207.49280351 0 1680.95444115 40.9007815909 215.480046927 22.0992184091 6.04555884629 53.6347387156
4080 2.60743734322 24.747194953 144.970077453 354.388873161 0.733589588654 1.0594353115 0.676999539013 143.1411024 321.2428467 200.051488304 0 1681.07527182 40.6853718021 215.263911263 22.3146281979 5.92472817342 53.7571533
4104 2.55682118971 26.4551125337 147.310674397 354.410382062 0.723366018036 0.0975487299736 1.82673914062 142.94196405 321.03729263 192.856384967 0 1681.18921602 40.558658664 212.272540436 22.441341336 5.81078397625 53.9627073706
4128 2.5067547608 22.0776989304 145.800661984 354.431573324 0.705719479144 0.144378572921 2.01965964464 142.698668979 321.051382854 192.422320828 0 1681.30397287 40.7597226315 207.614536454 22.2402773685 5.69602712753 53.9486171464
4152 2.4607734456 23.1757773361 145.76040793 354.450962461 0.690985277075 0.195405292471 2.92640742618 141.736239544 321.190171694 191.435485418 0 1681.40785862 40.7035553517 203.319975019 22.2964446483 5.5921413776 53.8098283064
4176 2.4187279229 23.9151951767 146.643886596 354.468663773 0.678671494334 0.223368726281 1.59896702189 143.030328984 321.198141279 188.391204252 0 1681.50406108 40.785891735 200.334083732 22.214108265 5.49593891908 53.8018587217
4200 2.37542501579 22.2224435286 144.98816272 354.486892317 0.666892680882 0.254955020335 1.44158676074 143.149673221 321.127456802 186.983276193 0 1681.60215701 40.8161840477 197.570894611 22.1838159523 5.39784298531 53.8725431979
4224 2.33582383084 18.3970978388 144.349230419 354.50358406 0.657154848565 0.300770466567 2.98168233922 141.556808286 321.273605732 189.869869007 0 1681.69318759 41.0622537985 193.057068736 21.9377462015 5.3068124094 53.7263942682
4248 2.29772860145 19.4683947645 145.222850522 354.519689003 0.648894737439 0.337634853742 2.45683815041 142.036943256 321.322720656 190.060650027 0 1681.77874462 40.9100279923 189.845970275 22.0899720077 5.22125537327 53.6772793445
4272 2.26026390503 22.4876540809 145.806923789 354.53560106 0.641803889188 0.367963115413 0.941043665897 143.51358827 321.124868132 180.847129475 0 1681.86266902 40.7201606029 190.784093415 22.279839397 5.13733097686 53.875131868
4296 2.22184103871 19.526159139 144.954036574 354.552019276 0.635056381533 0.382170821178 0.608061109624 143.822692412 321.050677058 178.078511929 0 1681.95046832 40.8722306471 188.77375726 22.1277693529 5.04953167263 53.9493229426
4320 2.18821853 18.6427152257 142.208155703 354.566480793 0.629606746073 0.411766694464 1.83397921958 142.558166547 321.170675236 177.84432306 0 1682.02745771 40.9922330263 187.898795506 22.0077669737 4.97254228576 53.8293247645
4344 2.15509094399 17.3243598608 143.954461761 354.580832642 0.624905128252 0.432474606197 1.07694289107 143.284844732 321.124536954 176.793782385 0 1682.10273326 41.0629689895 185.191580195 21.9370310105 4.89726674014 53.8754630461
4368 2.12307138918 18.2945616172 143.996876107 354.594817614 0.620892733463 0.462516567526 2.23799428922 142.083778796 321.220827617 176.8551752 0 1682.17471139 40.9201057927 181.683043569 22.0798942073 4.82528860981 53.7791723832
4392 2.0906211372 18.034879467 144.420304085 354.609123306 0.617590987602 0.490514890072 2.49394053051 141.788830286 321.035463042 173.616398254 0 1682.24819604 40.9164903651 178.350396345 22.0835096349 4.75180395396 53.9645369582
4416 2.06191742455 15.670633324 144.031012838 354.621904256 0.615094993921 0.500096139294 1.44602663228 142.816877978 321.12124269 170.920381567 0 1682.31463323 41.2390997801 178.201587459 21.7609002199 4.68536676444 53.8787573103
4440 2.03500651684 16.0673152576 140.791531917 354.634004666 0.613076882972 0.521338527394 1.22589301293 143.005686911 321.233983586 172.964090611 0 1682.37566866 41.2204894257 176.101000096 21.7795105743 4.62433133021 53.7660164141
4464 2.00609002936 15.9069461551 140.374712735 354.647145539 0.611270911696 0.536508078292 1.26886540205 142.936210069 321.256333086 173.191599281 0 1682.44076656 41.1446525818 175.12606856 21.8553474182 4.55923343104 53.7436669141
4488.0 1001.97821127 18.1825238506 141.024652697 354.659962633 0.609970708214 0.558653653786 1.22829032164 142.943122684 321.184877862 168.937315667 0 1682.50307708 40.8687448173 175.213458971 22.1312551827 4.49692291342 53.8151221378
4512 372.426702285 5146.18352244 180.23192689 358.651763221 6.60812316127 22.8639745516 44.5808677573 67.295271309 274.989828875 886.238062988 0 1148.85271407 39.8574000091 394.086811875 23.1425999909 538.147285927 100.010171125
4536 90.101925991 3260.5431944 191.195204074 380.069075233 8.96607884725 23.3636034203 35.2152171538 52.3860253465 275.152922053 374.059020738 0 1483.8012957 39.0751641817 449.776185026 23.9248358183 203.198704297 99.8470779469
4560 34.4189758009 1126.83706745 183.942318054 394.417480388 8.00246247763 12.6081090017 30.759036075 54.2129120587 294.016804234 292.683077555 0 1605.77603272 39.0956341598 451.64027745 23.9043658402 81.223967273 80.9831957655
4584 21.8838688511 438.773245164 176.438698402 397.695639939 2.21405685891 6.66350613995 22.2206677258 71.2061293371 309.075269808 318.034203332 0 1636.90529419 39.3842143261 435.953973597 23.6157856739 50.0947058043 65.9247301916
4608 17.2572258206 264.469331385 166.95077174 398.120438696 0.595600462018 1.57912970482 11.8969984327 87.8078327052 315.382534383 377.325632141 0 1647.87984385 39.6292483167 413.798864695 23.3707516833 39.1201561462 59.6174656171
4632 14.5631655299 211.070987766 172.600932724 398.309162928 0.835267617577 0.329693718899 11.8387515852 88.6871241509 317.34005147 393.247962371 0 1654.01888881 39.7027992488 396.823452765 23.2972007512 32.9811111868 57.6599485297
4656 12.6050543441 178.694443277 176.402292633 398.491369364 0.900459983116 1.89386875683 6.79259657707 91.9217053199 317.796915433 368.605356365 0 1658.43038562 39.7240610217 395.491403823 23.2759389783 28.5696143774 57.2030845665
4680 11.1166472242 159.593145115 180.830395451 398.664868333 0.919301502467 1.07315580567 6.79976694993 92.5429074095 318.10812955 343.643263424 0 1661.78910657 39.7388710237 372.853240435 23.2611289763 25.2108934188 56.8918704496
4704 9.98080735518 124.536616133 173.914602593 398.81425995 0.911730644542 0.945347492594 8.851298738 90.4773631753 319.331959871 354.915407645 0 1664.38489423 39.8755984642 362.8781652 23.1244015358 22.6151057653 55.6680401292
4728 9.10618164715 119.016813433 170.474157282 398.940286791 0.900867422189 0.59863629455 4.98427396563 94.575935527 319.584586024 345.847399819 0 1666.35710767 39.8668207929 359.421103062 23.1331792071 20.6428923244 55.4154139759
4752 8.35419482473 111.438333365 166.798582445 399.055891032 0.899486339809 1.15539118305 5.47051614209 93.4187153039 319.807549104 332.207479062 0 1668.04839765 39.8502944355 357.199595631 23.1497055645 18.9516023402 55.1924508954
4776 7.73997887252 90.0781738801 168.193954378 399.156211772 0.860480130127 0.752684057068 3.54878929257 95.6818347485 320.287900761 338.021355447 0 1669.45462063 39.9922962078 351.358280737 23.0077037922 17.5453793651 54.7120992383
4800 7.21921854205 84.0012877246 165.313362289 399.245764768 0.84083237338 0.176778825107 5.93266473342 93.8039593012 320.60511522 335.376835558 0 1670.63020289 40.0126431521 347.241719231 22.9873568479 16.3697971034 54.3948847793
4824 6.76272214895 85.7479022552 170.195874585 399.325839607 0.801495934543 0.59709180896 2.75790678468 96.5176658653 320.218043906 319.58072032 0 1671.65109585 39.9181324317 337.607424869 23.0818675683 15.348904139 54.7819560934
4848 6.36213346671 74.0091185338 167.262598173 399.398819474 0.797130995419 0.939397025486 7.01215158992 91.8525009162 320.759473819 319.451813415 0 1672.57033377 40.0709520481 324.909910918 22.9290479519 14.4296662255 54.2405261811
4872 6.01829421818 72.8398915365 163.05700342 399.464840075 0.772299635928 0.24997315104 3.58275045551 95.9301366831 321.041248723 319.584605261 0 1673.34554698 40.0569884821 315.502245714 22.9430115179 13.6544530179 53.9587512768
4896 5.72165963002 58.8406107121 162.016531703 399.522160762 0.743045929047 0.470686640762 2.61994179677 96.6441648721 321.30164943 325.897065263 0 1674.02495714 40.2215608768 310.788358993 22.7784391232 12.975042858 53.6983505698
4920 5.4676948766 57.1033700623 167.37539356 399.572323725 0.733213179135 0.715666542608 2.7999420035 96.1788545503 321.266949739 318.293062982 0 1674.59978671 40.2424571789 304.724160721 22.7575428211 12.4002132862 53.7330502611
4944 5.22187794103 60.9432075523 167.986979684 399.622988793 0.736589051276 0.840654000462 3.2649532781 95.5348148775 320.691272635 289.458797544 0 1675.14719304 40.1029242342 302.542464171 22.8970757658 11.8528069494 54.3087273643
4968 5.00325113841 50.6677891161 165.828940442 399.670548757 0.746838026471 0.925493150509 1.31233167508 97.3447883919 321.070395036 296.157295643 0 1675.64898201 40.2753403605 289.103322083 22.7246596395 11.3510179845 53.9296049635
4992 4.80476174812 53.1620892886 162.308781038 399.716254761 0.759326608131 0.998245038049 1.03723323597 97.4889403577 321.268640693 296.468801146 0 1676.09339251 40.1596742583 276.014923868 22.8403257417 10.9066074829 53.731359307
5016 4.62213460966 44.729859471 169.553705117 399.760344108 0.744143133326 0.0760013415241 2.57874712812 96.8407642893 320.866467895 277.947735673 0 1676.51243965 40.3673635314 275.121172757 22.6326364686 10.4875603407 54.1335321044
5040 4.46203488554 42.3388070268 164.242515699 399.79882387 0.712400713072 0.177747610497 1.61597174432 97.6950560631 321.02514879 275.482881025 0 1676.87669923 40.4409378629 263.71275717 22.5590621371 10.1233007665 53.9748512097
5064 4.3179132561 41.4719345144 152.208366093 399.833310578 0.689282414853 0.300826048386 4.23518264136 94.9413983181 321.58624077 278.258077395 0 1677.20287437 40.446154039 271.098837709 22.553845961 9.79712561951 53.4137592302
5088 4.17827107789 39.9595164606 154.685630874 399.866897637 0.674077103343 0.42212155815 1.84245758602 97.1944461161 321.693981107 288.10714563 0 1677.51736308 40.4135617317 259.294607471 22.5864382683 9.48263691657 53.3060188925
5112 4.04518167957 40.3919688001 156.147648274 399.899370057 0.664050402701 0.488293076283 1.4716424993 97.4766439653 321.520975231 278.961279698 0 1677.81652954 40.3483617911 259.38765864 22.6516382089 9.18347045448 53.4790247684
5136 3.91592675969 41.3251878975 154.130629345 399.931527769 0.656733174452 0.541300993208 1.13423276906 97.7362052952 321.449161515 269.827958496 0 1678.1072609 40.2977842166 260.0145432 22.7022157834 8.8927390968 53.5508384843
5160 3.79193881348 38.0025115205 159.459902626 399.963103681 0.65232696612 0.598598795967 2.73528232835 96.0506882287 321.191222289 257.240428455 0 1678.38893061 40.35249859 255.275527463 22.64750141 8.61106938265 53.8087777108
5184 3.68414012967 34.2855083903 155.690697379 399.991289922 0.651042346892 0.646801422504 2.85701805018 95.8538482587 321.49798115 261.363668584 0 1678.6367015 40.5427682311 247.429498865 22.4572317689 8.36329849008 53.5020188497
5208 3.5747320203 36.2504527886 152.995471904 400.020759329 0.652912167314 0.71799099516 1.1129242079 97.4954133013 321.373882062 253.088916483 0 1678.88035304 40.3496297361 244.397444093 22.6503702639 8.11964695142 53.626117938
5232 3.4793593155 32.7608445583 153.614491988 400.047305215 0.656143922263 0.750149281159 1.98765622179 96.5587453607 321.573839072 253.703936746 0 1679.10025983 40.5528079652 239.98451788 22.4471920348 7.89974016793 53.4261609278
5256 3.38469110414 35.7417875516 156.978884865 400.074550217 0.661040631671 0.804970198493 2.88965634312 95.5697826105 321.072537955 234.651961319 0 1679.31117878 40.3850744369 236.994088886 22.6149255631 7.688821214 53.9274620446
5280 3.2926738533 32.8141185514 155.121073469 400.102016593 0.667969104773 0.862922920412 2.77385794823 95.5932334344 320.980737102 225.918428914 0 1679.52013972 40.4192249509 232.593654225 22.5807750491 7.47986027221 54.019262898
5304 3.20973817318 30.3985477567 153.496601753 400.12772244 0.675645692499 0.8871685662 2.42170876095 95.8877545411 320.973469111 221.872587925 0 1679.70971319 40.5287484318 225.836141512 22.4712515682 7.29028679951 54.0265308888
5328 3.13118883125 27.6123314992 154.146549319 400.152981851 0.683647767771 0.900414191234 1.98145209204 96.2815040983 321.211162131 222.623539364 0 1679.88855413 40.6366136551 218.779964748 22.3633863449 7.11144586192 53.7888378685
5352 3.05695010653 29.8126948507 149.234465763 400.17773427 0.691835729839 0.923811376405 0.404389573417 97.8022290513 321.280188578 219.739244543 0 1680.05611628 40.5512000975 217.230722766 22.4487999025 6.94388371612 53.7198114215
5376 2.98719180805 27.0876879251 150.562885215 400.201827453 0.699801703046 0.932893958292 1.72197985752 96.4434970286 321.226763 216.831708205 0 1680.21541368 40.6822556979 213.030046394 22.3177443021 6.78458631396 53.7732369995
5400 2.92253663647 26.0526093169 148.017311894 400.224927647 0.70794732036 0.973839036647 2.79852187672 95.2947641202 321.33334876 215.887478053 0 1680.36198448 40.7032307084 212.093684235 22.2967692916 6.63801551608 53.6666512401
5424 2.8609691645 26.8597808749 146.770706121 400.247678197 0.716894835178 1.01012682397 1.79428451254 96.2310156316 321.416039332 216.32137822 0 1680.50101898 40.6496616227 208.527541831 22.3503383773 6.49898101187 53.5839606678
5448 2.8001811064 25.2803742529 143.53715804 400.2704908 0.697435536558 0.0467399753798 0.901289514717 98.0840441738 321.601505548 221.369705666 0 1680.6392286 40.7302381072 205.266392818 22.2697618928 6.36077139171 53.3984944517
5472 2.74273065651 26.9460760316 146.208622235 400.291870341 0.677920646185 0.0728833174766 0.922797416013 98.0345282796 321.39382454 211.971144435 0 1680.76865763 40.6368217228 208.242699988 22.3631782772 6.23134235899 53.6061754596
5496 2.68368092318 23.7380988812 147.90330685 400.313690078 0.659042339188 0.10179375874 1.08914922484 97.8363246 321.161027154 204.848662133 0 1680.90261144 40.706677415 206.331822185 22.293322585 6.09738855141 53.8389728459
5520 2.62981483351 24.4831196066 147.234651739 400.333486721 0.643189732074 0.165129122399 2.96239275376 95.8958016717 321.275108055 203.618279605 0 1681.02473727 40.6891986529 202.675617588 22.3108013471 5.97526271997 53.7248919449
5544 2.57931195698 24.8240460983 144.28421472 400.351999499 0.629936402136 0.193242953917 0.770518419851 98.0543027259 321.312959577 204.348517405 0 1681.13862654 40.6087571527 200.286456322 22.3912428473 5.86137344925 53.6870404229
5568 2.53319674602 20.3985362735 142.949306536 400.368890242 0.618534329176 0.211565646335 1.39685771154 97.4041520711 321.559337211 211.777239265 0 1681.24559522 40.9601513242 197.149331459 22.0398486758 5.75440477307 53.4406627884
5592 2.48646008442 23.1314452088 146.82353044 400.386013981 0.607657411763 0.232076508874 1.10272776359 97.6715243352 321.340758829 204.229590473 0 1681.3501131 40.7561763812 193.275409123 22.2438236188 5.64988688972 53.6592411706
5616 2.44274604295 21.8329030952 147.15778368 400.402051984 0.598125303729 0.265466065212 2.65049170007 96.0838649475 321.250786234 198.380313074 0 1681.44967378 40.8086494147 190.697667454 22.1913505853 5.55032621248 53.7492137661
5640 2.40279018434 18.7706268881 145.209853384 400.416749474 0.590201451245 0.281536047516 1.04703478041 97.6644782471 321.398204714 200.112920626 0 1681.54156194 41.0630497793 188.257452773 21.9369502207 5.4584380514 53.6017952862
5664 2.36359947877 21.2331006745 146.717650269 400.431216286 0.582843489829 0.297624951841 1.43535222004 97.2529630526 321.290108841 194.723555883 0 1681.62894178 40.8006935898 185.098589248 22.1993064102 5.37105821294 53.7098911584
5688 2.32158910511 20.7653845345 147.691550851 400.44679526 0.575579503221 0.321982386275 1.02436691256 97.6312759387 320.996089684 181.88696503 0 1681.72440748 40.8687723189 184.130494973 22.1312276811 5.27559250877 54.0039103155
5712 2.28261972695 19.0418161725 145.748053605 400.461332266 0.569549710813 0.343901035069 0.468160465504 98.1570565228 320.99047232 179.874268309 0 1681.81294824 40.9258513194 181.275984545 22.0741486806 5.18705175112 54.0095276794
5736 2.24771951187 18.7196266501 139.226946698 400.474436962 0.564612494994 0.367551688443 1.68358410944 96.9098147458 321.351044107 185.847466301 0 1681.89249873 40.9826894263 180.591264857 22.0173105737 5.10750125904 53.6489558926
5760 2.21189630297 18.8150508433 145.482667251 400.487990148 0.560314096313 0.395360003966 0.984946674049 97.5713890782 321.043241644 174.422953506 0 1681.97361443 40.9941441398 181.974248144 22.0058558602 5.02638555844 53.9567583561
5784 2.17795947554 19.767858834 145.922292374 400.50094212 0.5566670613 0.413756455045 2.21508744171 96.3135469226 321.028924895 170.9149283 0 1682.05024326 40.9049529589 178.472288959 22.0950470411 4.94975672862 53.9710751052
5808 2.14556163606 16.6791313209 144.65940993 400.513423496 0.553866402314 0.443266170987 1.35120336647 97.1382405652 321.067687374 170.803329884 0 1682.12464848 41.1446391634 179.11436604 21.8553608366 4.87535151644 53.9323126257
5832 2.11428923685 18.3178122174 139.576304909 400.525597111 0.551687989915 0.459178089339 0.468177212213 97.995359598 321.25401323 175.999534812 0 1682.19480416 40.9570120957 176.821485518 22.0429879043 4.80519583067 53.7459867695
5856 2.08405058606 16.9879783049 143.229973583 400.537497142 0.54980597434 0.470181745388 1.55352575765 96.8889893808 321.164171418 173.487205751 0 1682.26390401 41.0787280543 174.677746507 21.9212719457 4.73609598634 53.8358285818
5880 2.05604389566 15.6268413868 141.649347422 400.548639624 0.5483059934 0.480849873399 1.5105535538 96.9116509561 321.266792196 175.436989081 0 1682.32797492 41.2421805422 173.642648291 21.7578194578 4.67202506852 53.7332078036
5904 2.02698079381 17.7499105342 142.175648035 400.560333895 0.546986005733 0.488319322774 0.576402969952 97.8279578073 321.185230344 170.945642458 0 1682.39307053 41.0240373863 172.706508022 21.9759626137 4.60692946803 53.8147696554
5928.0 1001.9969364 17.1687449704 140.919643651 400.572572403 0.545794031942 0.499395616488 0.736162473451 97.6460754761 321.150323983 168.247213237 0 1682.46076606 40.9512945654 171.899110222 22.0487054346 4.53923393514 53.8496760171
5952 370.882713147 5163.78577457 177.085702571 403.508452991 3.21745672087 15.1441873893 29.3402095394 48.7896933602 275.000095934 878.695137998 0 1149.98966668 39.8493399233 398.731343148 23.1506600767 537.010333311 99.9999040662
5976 89.6099157194 3314.6785978 187.517120746 419.309432041 10.8037733114 18.2293102284 20.5213507949 31.1361336253 275.179840842 395.723340959 0 1484.62799916 39.0682140795 457.856108797 23.9317859205 202.372000839 99.8201591581
6000 33.8486997483 1157.31456434 185.228437568 429.039342744 3.58759990074 11.0362187629 18.4469474743 37.8898911193 293.45460452 287.809996814 0 1606.86906622 39.0778699243 455.307662912 23.9221300757 80.130933778 81.5453954802
6024 21.4666194355 425.399600681 182.609187964 430.810328419 2.87761292239 6.37975765885 13.6206550954 46.3116459051 308.7397198 295.784083163 0 1637.83442988 39.3831962326 433.988297397 23.6168037674 49.1655701162 66.2602802002
6048 17.0207240221 254.518377913 173.872047882 431.297764373 0.725797510779 2.18402290885 10.5094016263 55.2830135817 315.12162444 357.222546655 0 1648.43151173 39.6544415413 396.54088709 23.3455584587 38.5684882699 59.8783755599
6072 14.4323111712 199.767634088 176.615474942 431.52340891 0.995714252079 0.93485848692 5.26933896045 61.2766793916 317.318979658 384.151815426 0 1654.33276001 39.7426923641 375.00312862 23.2573076359 32.6672399893 57.6810203423
6096 12.6415996587 168.753991514 179.110628751 431.713035896 0.907355089752 0.567607990823 2.09860487436 64.7133961504 318.374145965 387.708113128 0 1658.38802507 39.8009203968 366.912894488 23.1990796032 28.6119749279 56.6258540351
6120 11.2566125608 146.613881933 180.958083743 431.868178165 0.889817030796 1.0143403165 2.50942245122 63.7182420376 318.931239038 377.787182003 0 1661.51521612 39.8416837044 360.117537439 23.1583162956 25.4847838761 56.0687609624
6144 10.1717187041 131.770710963 180.90375476 432.003732969 0.866280638739 0.410607889633 3.59215149988 63.1272270038 319.168506986 363.17329656 0 1663.95990531 39.8636424394 351.608113263 23.1363575606 23.0400946898 55.8314930146
6168 9.2522731437 115.184413601 171.280930012 432.123355956 0.822479835877 0.618742821017 1.48337865325 64.9520427351 319.577910187 355.780269536 0 1666.02942227 39.884318376 347.419643083 23.115681624 20.9705777237 55.4220898129
6192 8.50533662452 104.687248013 166.537085171 432.226075622 0.811764105601 0.931980715137 5.04202075778 60.9881588008 320.122726472 350.439834791 0 1667.72101472 39.9248509146 347.737128788 23.0751490854 19.278985273 54.8772735283
6216 7.88098017623 97.8757519305 172.678300248 432.320417892 0.839208460073 0.155843483633 0.880042772038 65.8044873928 320.155323064 339.834066281 0 1669.12864016 39.92447194 341.4691656 23.07552806 17.8713598399 54.844676936
6240 7.33625775017 84.304224939 167.112343499 432.406975308 0.776074198934 0.320930407874 2.65950132232 63.8365187634 320.462903303 339.833417719 0 1670.36604214 40.0075391816 336.348633416 22.9924608184 16.6339578571 54.5370966973
6264 6.86486122462 90.1078904004 168.368426858 432.482369537 0.740181609334 0.467591959017 2.90209096668 63.4077659289 320.353249028 320.15644891 0 1671.42171082 39.9203033066 328.408219521 23.0796966934 15.5782891709 54.6467509722
6288 6.42850728044 76.1225670951 171.635487014 432.554394982 0.72687855332 0.726677732524 1.78336424581 64.2086844876 320.305046252 306.003143013 0 1672.41450744 40.0248706625 317.493625219 22.9751293375 14.5854925526 54.6949537479
6312 6.07213376128 68.9973953231 166.152721861 432.616749643 0.7330847507 0.878947841397 0.978002181958 64.7932155843 320.59670584 298.116082896 0 1673.22475277 40.0872489374 315.225037363 22.9127510626 13.7752472228 54.4032941602
6336 5.77681488332 63.6382207594 162.672677994 432.672012067 0.745109588136 0.91623117411 0.683604120449 64.9830430513 320.938037141 307.867518666 0 1673.89687025 40.1540876624 303.607228121 22.8459123376 13.1031297449 54.0619628591
6360 5.50069455272 56.5335264105 156.957253962 432.727232277 0.758615647548 0.963458724065 2.27212710888 63.2785662431 321.385774022 317.889306907 0 1674.52203547 40.2048637434 295.602651013 22.7951362566 12.4779645217 53.6142259777
6384 5.25459642608 58.0276357039 161.58232185 432.77980884 0.77344900757 1.02211544804 1.51694433623 63.9076823688 321.165364613 308.536542529 0 1675.07412643 40.1156861933 288.483182703 22.8843138067 11.9258735649 53.8346353868
6408 5.01897742458 53.8753269028 158.83889117 432.831890781 0.735596763151 0.165034411872 1.76032403297 64.5071540122 321.319399037 306.417894082 0 1675.60911562 40.1882469736 279.157670881 22.8117530264 11.3908843721 53.6806009627
6432 4.82131675149 49.9120390913 161.637020932 432.875292709 0.70655154665 0.311815627771 1.42711789196 64.6792222258 321.36174447 299.077324171 0 1676.05995296 40.2630221364 277.464623937 22.7369778636 10.9400470327 53.63825553
6456 4.63946055138 47.7674988892 159.009494109 432.915460259 0.688049737916 0.453982157152 1.9077779376 64.0347299089 321.548468923 303.394933151 0 1676.4704807 40.2681481932 268.098171352 22.7318518068 10.5295192932 53.4515310767
6480 4.46999464314 41.7736976651 164.303154201 432.95354117 0.677251000071 0.533747882941 2.37167218343 63.4637877649 321.34757943 291.410044277 0 1676.85757388 40.4088701167 264.982412645 22.5911298833 10.1424261161 53.6524205704
6504 4.31870414327 44.2374800257 158.84557878 432.988379319 0.672910534104 0.653224541536 2.46829160942 63.217193997 321.348167852 283.026081681 0 1677.1976183 40.3200200363 262.659876414 22.6799799637 9.80238169617 53.6518321483
6528 4.18287392097 43.2868025286 156.743596731 433.020639856 0.673514742058 0.701845541371 0.451644827023 65.1523550347 321.582471277 286.879672998 0 1677.50681512 40.3804467841 254.469800977 22.6195532159 9.49318487978 53.4175287236
6552 4.04861563545 43.2642627509 159.697967961 433.053635641 0.675207817343 0.724932604504 1.54526055983 64.000963378 321.301262324 272.478606341 0 1677.80766922 40.3051657645 248.316449021 22.6948342355 9.19233077323 53.6987376764
6576 3.91393642652 44.1096586616 160.027129852 433.087968943 0.677968831685 0.731834852314 0.782302549327 64.7199248245 321.025642783 252.609807362 0 1678.10972869 40.2099554804 248.779237894 22.7900445196 8.89027130541 53.9743572175
6600 3.78730124295 37.7749782872 154.944833114 433.121497157 0.68183928335 0.808317864997 3.7838878224 61.6044578732 321.062098561 248.621663108 0 1678.3996284 40.3654017126 242.999440778 22.6345982874 8.60037159175 53.9379014393
6624 3.67622441099 41.1943061744 160.585335736 433.152081001 0.688324830767 0.848115612128 1.54802580134 63.7634527557 320.856051726 233.380982549 0 1678.65045141 40.3091882773 235.008283346 22.6908117227 8.349548581 54.1439482742
6648 3.56696357032 35.2945336055 155.835948322 433.183398414 0.695596168692 0.849956958472 0.421912330174 64.8491361299 320.992255033 230.737055673 0 1678.89905296 40.4123633082 231.777576165 22.5876366918 8.10094703092 54.0077449672
6672 3.4589109673 36.7390470338 152.63382972 433.215653098 0.702488976829 0.8616253356 2.33114582466 62.8890867661 320.892405972 220.562740069 0 1679.14266066 40.3634956697 225.306526691 22.6365043303 7.85733933723 54.1075940278
6696 3.36534633986 30.6421272584 154.481503459 433.244690613 0.709450233892 0.88266088537 0.898578611655 64.2646196572 320.951417769 215.614636479 0 1679.35781515 40.5698779208 227.240440251 22.4301220792 7.64218484071 54.0485822309
6720 3.28268945479 31.9955475629 150.6606301 433.271275202 0.715946225824 0.891773588409 1.24412401066 63.8768809744 320.9871911 214.52071363 0 1679.54446444 40.5051116593 223.508857675 22.4948883407 7.45553555895 54.0128089005
6744 3.20198147018 28.6029913994 149.934928291 433.298133816 0.722730752759 0.910485705369 1.57005164245 63.4985980841 321.17205238 219.185484145 0 1679.72827946 40.618603066 219.295146317 22.381396934 7.27172053872 53.8279476202
6768 3.12119771833 32.0903620914 144.290522397 433.325976862 0.730109654037 0.922296372763 0.969041427536 64.0525756844 321.239209925 217.258439118 0 1679.90856732 40.437284043 218.45823768 22.562715957 7.09143267186 53.7607900755
6792 3.04758686586 30.3635433665 145.501217923 433.352236591 0.736911874534 0.929789116365 1.21507851809 63.7659839015 321.434198939 222.998140431 0 1680.07728562 40.5359714528 212.11793862 22.4640285472 6.92271437607 53.5658010613
6816 2.97692582586 26.8072330529 146.091138091 433.3782908 0.744074075375 0.956855073339 1.38001433507 63.5407657167 321.465282379 222.376075409 0 1680.23823105 40.6504943693 210.187332827 22.3495056307 6.76176894638 53.534717621
6840 2.91328197681 27.1485666412 149.493166277 433.402523778 0.751025250608 0.964429069309 1.40632302258 63.475698881 321.119482612 209.087961768 0 1680.38223687 40.6455104008 213.384824088 22.3544895992 6.61776312439 53.8805173885
6864 2.85171565101 26.4887792872 150.682395858 433.42669416 0.757705737298 0.958791090139 0.434221354441 64.4225876595 321.041418389 201.659869563 0 1680.52182745 40.6497444769 214.585163071 22.3502555231 6.47817254611 53.9585816115
6888 2.7917965464 26.5017724055 144.399985355 433.450930279 0.764046762301 0.965294231381 1.4254377539 63.3942909747 321.251559705 207.345398591 0 1680.65720503 40.6159039082 210.980007287 22.3840960918 6.34279496213 53.7484402946
6912 2.73253756498 26.1900865569 146.021578842 433.47562583 0.770791805234 0.991515758523 2.39526067585 62.3668059314 321.153503682 197.981169449 0 1680.79156129 40.633172169 215.55424763 22.366827831 6.20843870936 53.8464963176
6936 2.67518956715 25.5607246758 145.850080339 433.500066507 0.758506191752 0.0395838817378 2.35434752053 63.3474958998 321.193206774 197.852568568 0 1680.92149893 40.6409432925 212.304015844 22.3590567075 6.07850106659 53.8067932262
6960 2.62092861732 23.9150192639 146.502844455 433.523054838 0.737617690816 0.0862241078839 1.27545626254 64.3776471016 321.147882413 195.511473402 0 1681.04463794 40.671782211 211.356571506 22.328217789 5.95536205939 53.8521175875
6984 2.57253117363 22.0023945429 142.132825502 433.543428125 0.720052004407 0.118851354924 1.03965483778 64.5780136788 321.427103881 204.031062011 0 1681.15570317 40.8320743363 208.583733223 22.1679256637 5.84429682321 53.5728961188
7008 2.5256384753 22.9620525845 142.041751884 433.56307296 0.703901030065 0.133158694841 0.814486219104 64.7853810972 321.412364615 205.144603478 0 1681.261125 40.7184181354 206.051326821 22.2815818646 5.73887499071 53.5876353852
7032 2.47938351031 22.8155114056 140.381953392 433.582375745 0.688736965511 0.164989759662 0.560862604077 65.0030349263 321.553016764 210.009235551 0 1681.36589385 40.7080984698 201.775946569 22.2919015302 5.63410614184 53.4469832358
7056 2.43436959982 20.3653937402 142.511047076 433.601110424 0.674754596125 0.180513508963 0.321932660199 65.2216888117 321.644946928 211.417712108 0 1681.46895323 40.8919606214 199.779199635 22.1080393786 5.53104676285 53.3550530717
7080 2.39120852715 20.7394941497 142.299973545 433.619041802 0.661899965951 0.200362599264 1.0305402146 64.4881554192 321.563006403 211.002766593 0 1681.56632371 40.8183547395 195.06148711 22.1816452605 5.433676284 53.4369935975
7104 2.35217966152 19.6713305312 142.236319707 433.63524189 0.650750067223 0.209630314438 0.619050019546 64.8853277095 321.70717847 212.517943174 0 1681.65589007 40.9782953469 192.562788686 22.0217046531 5.34410992916 53.29282153
7128 2.31198190262 21.5283467212 141.827832048 433.651923511 0.639735590814 0.229293549917 1.26174803736 64.2172993114 321.602850369 209.179856069 0 1681.74556843 40.7478975392 190.28509371 22.2521024608 5.2544315665 53.3971496315
7152 2.2714186314 20.317595623 142.019539454 433.668768091 0.629271531543 0.253367866238 0.938984844068 64.5096076686 321.607845287 208.134913964 0 1681.83752555 40.7765903678 187.224936727 22.2234096322 5.16247444449 53.3921547132
7176 2.23218016037 20.8628758879 143.037461013 433.68509188 0.619884994034 0.278050254749 1.58608633093 63.8308865413 321.453454504 200.87908079 0 1681.92662272 40.793731774 185.328385894 22.206268226 5.07337727742 53.5465454959
7200 2.19524767143 19.7175684397 142.547190671 433.700501991 0.611762476627 0.299233140663 1.16584052175 64.2226618711 321.38848333 197.341970794 0 1682.01035559 40.7924744506 182.626889914 22.2075255494 4.98964440453 53.6115166699
7224 2.15856830507 18.2740217706 141.069459387 433.715865899 0.60407781733 0.308961847962 0.783476867242 64.5876175696 321.427936076 193.6008319 0 1682.09430542 40.948982254 180.14646818 22.051017746 4.9056945793 53.572063924
7248 2.12522724923 20.5771186039 138.378353916 433.729892427 0.597432964073 0.323390345461 1.26599712566 64.0832871391 321.478650883 192.911240025 0 1682.1689422 40.7419033361 178.799437589 22.2580966639 4.83105779219 53.5213491169
7272 2.09246973602 18.5251311735 141.833794441 433.743740016 0.591223972387 0.33063694594 0.758707146284 64.57569192 321.494514126 190.787292359 0 1682.24411648 40.9102146454 177.514867842 22.0897853546 4.75588351042 53.5054858745
7296 2.06064936566 18.1430306484 139.555292451 433.757262816 0.585473585417 0.345417481586 1.21510761867 64.0967384994 321.427570895 188.465115221 0 1682.31594631 40.8757103667 177.353913787 22.1242896333 4.68405368455 53.5724291047
7320 2.03004963705 17.0689536346 142.60448786 433.770343286 0.580354693726 0.362637936296 0.630133183942 64.6565309009 321.269112926 183.004925651 0 1682.38578021 40.9817786597 174.311163714 22.0182213403 4.61421978289 53.7308870738
7344 2.00124060602 16.5506214865 142.783686741 433.782736602 0.575801621752 0.368838678189 1.00161120642 64.2710118929 321.304533854 179.028812642 0 1682.45152317 41.0551383101 174.415695275 21.9448616899 4.54847682696 53.695466146
7368 1.97284494374 16.195419001 142.792716778 433.795032875 0.571491522948 0.375113445957 0.372107762481 64.8862543943 321.140809481 173.413472868 0 1682.51586713 41.0670246242 172.582159072 21.9329753758 4.48413286152 53.8591905188
7392 1.94767089823 14.6268710497 139.264721896 433.80600599 0.567808095564 0.382011660271 0.600708655677 64.6434655997 321.274155318 172.621593647 0 1682.57389566 41.3221218163 172.861031168 21.6778781837 4.42610433599 53.7258446822
7416 1.9243897565 14.2594192832 140.139452188 433.816218526 0.564564104351 0.389967331779 0.747595546558 64.4816544926 321.252083766 169.788021798 0 1682.62684448 41.3714472669 172.132507685 21.6285527331 4.37315551475 53.7479162345
7440 1.90072245342 16.5233016833 141.718523008 433.82666877 0.561433801021 0.397721669132 0.928102619173 64.2860731416 321.131260743 163.63686941 0 1682.67983339 41.1237471549 171.477754813 21.8762528451 4.32016660559 53.8687392568
7464 1.87578250938 14.9188538025 139.775005265 433.837760918 0.558336781997 0.407097528376 0.185204143228 65.0116006298 321.068592972 160.873664103 0 1682.73639386 41.1893661656 172.826553604 21.8106338344 4.26360613157 53.9314070283
7488 1.84992212942 16.8957071694 141.285914989 433.849355063 0.555258160455 0.411843813644 0.516183044195 64.6673599198 320.867902713 152.968717696 0 1682.79401276 40.8950178767 171.281749412 22.1049821233 4.20598723533 54.1320972871
7512 1.825887589 16.1204893101 137.806436847 433.860220092 0.552560004413 0.421236851449 0.7595353623 64.4064476905 321.189218398 159.290938902 0 1682.84914914 41.0399203677 167.86446949 21.9600796323 4.15085085154 53.8107816021
7536 1.80110602006 15.8381615787 140.532207605 433.871519363 0.549937776421 0.426073996904 1.06814390954 64.0843249551 320.887463129 151.447906957 0 1682.90503284 40.9794165565 167.572050582 22.0205834435 4.09496715342 54.1125368708
7560 1.77753851326 15.7868325444 138.790904244 433.882360772 0.547560134355 0.433205052443 1.3240475327 63.8128265099 320.979455805 151.33885501 0 1682.95862197 40.9942036456 166.341771591 22.0057963544 4.04137802575 54.0205441953
7584 1.75557598508 13.485196441 137.837959194 433.892553629 0.545666612924 0.460328722039 2.4676308617 62.6338201752 321.150067731 155.717988717 0 1683.00943238 41.3386719195 163.208576308 21.6613280804 3.99056761394 53.8499322693
7608 1.73537811925 13.3010981294 137.921452221 433.902013039 0.544318218825 0.473828804195 1.55421749633 63.5256224427 321.20362404 157.248814437 0 1683.05530889 41.3553708496 161.193817897 21.6446291504 3.94469110861 53.79637596
7632 1.71525626691 13.1352953427 140.1573568 433.911525647 0.543222133559 0.483078534394 0.657207492849 64.404966193 321.025614691 153.610224292 0 1683.1009369 41.3599130245 158.285799692 21.6400869755 3.89906309256 53.974385309
7656 1.69574379205 13.0323196905 143.194471061 433.920839742 0.54226794478 0.491044625475 0.740983126018 64.3048645632 320.909378507 145.053494972 0 1683.14518927 41.3571549789 157.485072542 21.6428450211 3.85481072244 54.0906214932
7680 1.67725526295 14.1006228559 138.397100514 433.929750278 0.541478076453 0.495361419506 0.785620543178 64.2477896834 320.929423728 143.667869022 0 1683.18695779 41.2437815808 157.715147332 21.7562184192 3.8130422071 54.0705762723
7704 1.65759535565 13.6170038367 138.710788196 433.939319783 0.540673326409 0.496319735709 0.916279047507 64.1074081086 320.824496982 139.377492734 0 1683.23133976 41.2091076934 157.962937827 21.7908923066 3.76866023814 54.1755030181
7728 1.63772183099 14.7605654536 142.877094431 433.949095471 0.539985849707 0.507500888289 1.05200677233 63.9514110194 320.475997012 128.501436606 0 1683.27584198 40.9980913868 156.25300691 22.0019086132 3.72415801733 54.5240029884
7752 1.61875219842 12.8764356374 137.373846986 433.958527955 0.539558872056 0.524713003573 1.13534484288 63.841855327 320.720841295 130.905875321 0 1683.31964969 41.3025566824 155.594380684 21.6974433176 3.68035030462 54.2791587046
7776 1.60043973175 13.919304432 135.623528265 433.967733769 0.539311170644 0.526367219967 0.222926576406 64.743661265 320.907590728 134.329939713 0 1683.3610287 41.1923553237 153.032211576 21.8076446763 3.63897129974 54.092409272
7800 1.58168939777 15.2620286356 137.212050192 433.977265342 0.539095116849 0.529724621305 0.345926056552 64.6079888643 320.780399071 131.35839819 0 1683.4031424 41.0228591047 150.567648281 21.9771408953 3.59685759644 54.2196009286
7824 1.56140418021 13.1083893318 135.582234514 433.987701687 0.538951442005 0.534494941613 0.573300738486 64.3655511914 320.896379269 134.124180465 0 1683.44942972 41.1850142776 148.198313161 21.8149857224 3.55057027539 54.1036207308
7848 1.54367963985 12.8038763652 135.657741682 433.996930732 0.538912538857 0.537849703347 0.660165946818 64.2661410802 320.854701169 132.42441763 0 1683.48999195 41.2747337495 147.901920994 21.7252662505 3.5100080446 54.1452988308
7872 1.52739243458 12.5216023701 137.850271927 434.005505064 0.538913943053 0.538919175768 0.67379481421 64.2428670043 320.765650553 127.821752208 0 1683.5270524 41.3012051011 148.588681796 21.6987948989 3.47294759203 54.2343494468
7896 1.51117774994 11.4943231568 140.279810429 434.014132787 0.538959747627 0.543779583023 0.685863860409 64.2172640231 320.626403167 122.369833015 0 1683.56414571 41.4904663225 147.340579195 21.5095336775 3.43585428245 54.3735968332
7920 1.49612616799 11.2112400192 136.775733303 434.022226099 0.539077047672 0.54958407506 0.632257096005 64.2568556836 320.697469234 121.946291465 0 1683.59843315 41.5530077049 148.121466808 21.446992295 3.40156684339 54.3025307659
7944 1.48148433234 11.498385445 132.880483632 434.030179898 0.539273367551 0.557616445861 1.55703724602 63.3158930431 320.864655057 125.163877917 0 1683.63150037 41.4647446694 148.904955203 21.5352553306 3.36849962208 54.1353449434
7968 1.46574739109 12.3729572234 132.755709046 434.038821025 0.539605573376 0.561068501655 0.571263846661 64.2892410541 320.892502859 126.798130019 0 1683.66674329 41.2382715181 148.704145305 21.7617284819 3.33325670414 54.1074971409
7992 1.45078633847 11.8344984938 136.702661003 434.047127889 0.539972461722 0.56802145906 0.538065857527 64.3068123341 320.710452495 120.535984122 0 1683.70093841 41.3417218972 149.51264197 21.6582781028 3.29906158956 54.2895475052
8016 1.43675437486 11.5928857481 133.938222869 434.055002932 0.540383771397 0.567386708382 0.468042735076 64.3691838546 320.829571968 122.117337944 0 1683.7331765 41.5263539336 149.356082369 21.4736460664 3.26682349043 54.1704280319
8040 1.42349472908 10.5089658089 133.744517039 434.06252103 0.54077141697 0.569273104391 0.350119853799 64.4773145956 320.855983399 123.411900374 0 1683.76345328 41.6617196633 149.203544145 21.3382803367 3.23654671631 54.1440166015
8064 1.41068130278 10.8881963293 134.267304732 434.06985824 0.541161716739 0.572139912593 1.20814122154 63.6086989098 320.883452177 125.188581874 0 1683.79237161 41.5427603671 147.095915607 21.4572396329 3.20762838646 54.1165478226
8088 1.39789091529 10.5159956063 137.614393145 434.077254753 0.541607941606 0.57574033806 1.0707199133 63.7346770553 320.694588675 119.164381696 0 1683.82147675 41.6125946291 146.037843819 21.3874053709 3.17852324488 54.3054113248
8112 1.38503287494 10.6153111721 133.780317332 434.084765469 0.542106451132 0.578987563719 0.946397332754 63.8477431847 320.812510337 122.007374292 0 1683.85057395 41.5675828893 144.040669136 21.4324171107 3.14942604249 54.187489663
8136 1.37147629547 13.0317784041 133.202689457 434.092768119 0.542714039563 0.587853708435 0.867298808358 63.9093653253 320.842096739 122.206372883 0 1683.88062429 41.1007267403 142.107168302 21.8992732597 3.1193757077 54.157903261
8160 1.35817806542 10.342730877 133.721931153 434.100704974 0.543376058157 0.588166021611 0.79614385768 63.9716090891 320.891372673 122.355869634 0 1683.91158817 41.6100448548 142.202236572 21.3899551452 3.0884118259 54.1086273273
8184 1.34621282129 11.0600190569 133.759814792 434.107921314 0.543973104175 0.587975602335 0.640516384317 64.1196135966 320.915360838 121.201363241 0 1683.93884495 41.6579865738 142.309346745 21.3420134262 3.06115504868 54.0846391617
8208 1.33296371911 11.6693597933 131.404293703 434.115996544 0.544660859663 0.595632067316 1.56833875742 63.1753717723 320.931943091 124.678206619 0 1683.96835393 41.2812515192 140.467474285 21.7187484808 3.03164606785 54.0680569092
8232 1.32119378998 9.8112825237 132.402220498 434.123247438 0.545418483711 0.603928874524 0.396919349891 64.3304858548 320.973453282 123.863049667 0 1683.99572169 41.7257475106 140.668191297 21.2742524894 3.00427830933 54.0265467185
8256 1.30970347374 11.0937616294 134.983193017 434.130398754 0.546186157472 0.606650927805 1.22366646564 63.4930976963 320.795926866 119.925365241 0 1684.02158226 41.5409567636 138.894027975 21.4590432364 2.97841773311 54.2040731336
8280 1.29777497573 9.90249867603 135.622134122 434.137900729 0.547069512416 0.613836059529 1.08059936787 63.6205943326 320.688566374 114.438564814 0 1684.04874571 41.6472490644 141.120759642 21.3527509356 2.95125428226 54.3114336262
8304 1.28689841668 9.69011983077 133.636678174 434.144812474 0.547911616663 0.614398468951 0.880725341857 63.8121520999 320.747808758 115.008154433 0 1684.07353317 41.7048521294 140.348619109 21.2951478706 2.92646682613 54.2521912416
8328 1.2762137428 9.66222608697 131.176679078 434.151669828 0.548734113104 0.613185485559 0.676794813237 64.0096157615 320.894573587 118.158981918 0 1684.09778855 41.7023599301 139.615254798 21.2976400699 2.90221144993 54.1054264133
8352 1.26494318281 9.84241581881 131.775936782 434.158976852 0.549590427868 0.612432537257 0.522614143711 64.15638604 320.816706042 116.325337443 0 1684.12324976 41.6214482056 138.905372928 21.3785517944 2.8767502334 54.1832939577
8376 1.2543422881 10.2539833412 131.611797399 434.165919779 0.550391392061 0.614684901098 0.319053022639 64.3499509064 320.88124015 116.032505726 0 1684.14748377 41.7142838175 139.220358555 21.2857161825 2.85251622885 54.11875985
8400 1.24339064895 11.3468858906 134.718173477 434.173165123 0.551230064166 0.615788177124 0.15128176291 64.5085348735 320.657199048 111.708925973 0 1684.1718695 41.3166029162 137.564153247 21.6833970838 2.82813049028 54.3428009519
8424 1.23190910895 9.59376349842 134.016218589 434.180841843 0.552106142227 0.615514165978 1.03445027104 63.6170875787 320.648293855 110.717691274 0 1684.1982543 41.640445858 135.955775689 21.359554142 2.80174569054 54.3517061447
8448 1.22190779028 9.01411260104 134.04144363 434.187597615 0.552910366129 0.619547852268 0.801711916219 63.8382322512 320.658052493 107.663651867 0 1684.22122092 41.8318445616 137.349676193 21.1681554384 2.77877907756 54.3419475074
8472 1.21116614764 11.197256849 134.880550653 434.194926672 0.553825651217 0.625723016626 0.628911323338 63.9966133377 320.489877099 101.95646202 0 1684.24503882 41.3215564472 135.772364205 21.6784435528 2.75496118013 54.5101229007
8496 1.20073061706 9.77437913498 134.410288462 434.202121521 0.554775561871 0.630180424785 0.442480766419 64.1704417266 320.561490006 100.261346284 0 1684.26900512 41.5688547183 136.225804516 21.4311452817 2.73099487167 54.4385099943
8520 1.19114471033 9.07408993863 132.75185687 434.208797102 0.555681520664 0.632488421946 1.19950235695 63.4035305995 320.585719527 101.469928656 0 1684.29097716 41.7578716344 135.686270297 21.2421283656 2.70902283085 54.4142804733
8544 1.18209390319 9.35560117025 131.401915411 434.2151597 0.556546645794 0.632037653494 0.92504818892 63.6712078132 320.679431457 103.360880047 0 1684.31155428 41.7308031695 134.178784994 21.2691968305 2.68844571384 54.3205685432
8568 1.17282713872 8.70084986229 131.674407441 434.221735112 0.557427141108 0.630625733562 0.675496866301 63.9147151484 320.651093421 103.166654307 0 1684.33268416 41.8658600444 132.71097094 21.1341399556 2.66731583329 54.3489065787
8592 1.1639432035 8.69439342993 130.601955107 434.228097609 0.558265180534 0.630648781389 0.397681948863 64.1853064811 320.699734167 103.697973868 0 1684.35284758 41.8546970799 132.275164897 21.1453029201 2.64715241971 54.3002658328
8616 1.15475267176 8.62860535424 131.494878521 434.234741057 0.559120079816 0.630332103096 0.151234846527 64.4245719148 320.668348339 102.202386272 0 1684.3737165 41.8614761523 131.851316281 21.1385238477 2.62628349303 54.3316516616
8640 1.14509769181 10.0745175315 133.591165993 434.241788342 0.559994778319 0.629369839422 0.950572315758 63.6182747254 320.501146724 97.6969037188 0 1684.39512462 41.3935271678 131.444378526 21.6064728322 2.60487537869 54.4988532757
8664 1.13569163525 8.61583520448 131.9938462 434.248722081 0.560864847613 0.630769036471 0.730958255451 63.8286857804 320.552405112 98.3598959648 0 1684.41694999 41.8267602747 130.071323759 21.1732397253 2.58305000525 54.4475948886
8688 1.12744071067 8.75545890876 132.860810846 434.254860724 0.561635300977 0.631245186679 0.422257772686 64.1300010165 320.482568706 94.0110848199 0 1684.43570738 41.7953386784 130.710479364 21.2046613216 2.56429261767 54.5174312944
8712 1.11936913906 8.14959401163 130.942360802 434.260917728 0.562382258884 0.631852817 0.103104422924 64.4417427739 320.636908308 95.6521329965 0 1684.45419913 41.9965019823 130.356811829 21.0034980177 2.54580086692 54.3630916923
8736 1.11054961864 9.45448895348 131.484530402 434.267595352 0.563182453288 0.630091827173 0.857491071347 63.681639297 320.504920788 93.1875172694 0 1684.47379741 41.5528487323 131.006325918 21.4471512677 2.52620258283 54.4950792121
8760 1.10192261273 8.89073410611 130.503327111 434.27418804 0.563991005802 0.635205848478 0.587355393592 63.9392597131 320.559310089 95.4988570148 0 1684.49350054 41.6748394734 129.681376384 21.3251605266 2.50649945353 54.4406899108
