Time EBV Teff Treg ODC_le1 ODC_le2 ODC_le3 ODC_le4 ODC_le5 NK IL2 DAC Resting_Teff Resting_Treg EffectorMemory Resting_Treg_temp Resting_Teff_temp NK_temp
0.0 0 0 0 0 0 0 0 500 375 1000 0 1687 63 0 0 0 0
24 0 0 0 0 0 0 0 500 336.279789971 908.048253598 0 1687 63 0 0 0 38.7202100291
48 0 0 0 0 0 0 0 500 335.391027502 823.849847309 0 1687 63 0 0 0 39.6089724976
72 0 0 0 0 0 0 0 500 334.559882085 745.880698262 0 1687 63 0 0 0 40.4401179151
96 0 0 0 0 0 0 0 500 333.760437385 673.915002205 0 1687 63 0 0 0 41.2395626152
120 0 0 0 0 0 0 0 500 332.995774144 607.703333798 0 1687 63 0 0 0 42.0042258555
144 0 0 0 0 0 0 0 500 332.2684442 546.975994766 0 1687 63 0 0 0 42.7315557996
168.0 1000 0 0 0 0 0 0 500 331.580390823 491.447224652 0 1687 63 0 0 0 43.4196091775
192 587.94283022 2674.42256109 91.5619289612 4.47673168998 18.9970923557 71.5351553232 179.581289232 225.4097314 319.455578209 5741.3447637 0 1039.6715255 41.772295668 0 21.227704332 647.328474501 55.5444217919
216 138.552539731 6900.55657228 170.442914392 73.5743134618 43.1683559245 80.0407496502 144.107533835 159.109047129 264.768108327 471.454279759 0 1393.15398832 38.9790789085 640.2891173 24.0209210915 293.846011679 110.231891673
240 33.226488893 2382.25423692 177.976561401 161.69451724 31.4405583519 68.1909966112 98.5783610453 140.095566752 278.780492332 242.990602503 0 1603.22392872 38.8596058638 560.891355248 24.1403941362 83.7760712843 96.2195076684
264 16.3239902185 578.551595247 167.360042878 184.935387179 9.83208598756 42.6458458013 77.9024558177 184.684225214 303.367836065 239.38096649 0 1648.48115491 39.0581864914 516.0597473 23.9418135086 38.5188450851 71.6321639357
288 12.6676953023 231.993852261 171.438409419 187.352473754 2.73722875827 13.531491066 42.003646984 254.375159438 314.71901037 291.634715247 0 1658.07918336 39.470136246 466.290956741 23.529863754 28.9208166365 60.2809896302
312 11.0177700906 152.558754841 173.163813811 187.785559093 1.39072343342 5.13352149963 26.4976649341 279.19253104 318.071728344 336.092071499 0 1662.00559082 39.7509561308 428.329786202 23.2490438692 24.9944091824 56.9282716562
336 9.92151303852 128.737749885 177.631011602 188.010913717 0.706058540456 2.41924433092 22.1424850049 286.721298406 319.138614585 355.245915158 0 1664.51756851 39.8598910213 400.652455004 23.1401089787 22.4824314945 55.8613854155
360 9.03347613348 118.364566074 169.277122615 188.112949705 0.719698601069 0.838901509642 16.7290539019 293.599396282 319.6709707 355.280251288 0 1666.51734032 39.8463461386 392.691858495 23.1536538614 20.482659677 55.3290293007
384 8.27963017139 112.198079942 169.788475098 188.207374304 0.738576690508 0.796604401233 16.1395467347 294.117897869 319.648130564 337.006809562 0 1668.2138434 39.8349630671 380.98097345 23.1650369329 18.7861565974 55.3518694367
408 7.6653245774 100.006321854 168.756159069 188.292006182 0.742890170816 1.43162888172 14.5680232005 294.965451565 320.133965761 334.879926033 0 1669.60839357 39.8746620285 375.299137617 23.1253379715 17.3916064324 54.8660342395
432 7.13488673169 89.4351951707 167.517078979 188.373738803 0.761034576524 0.621492514463 15.3316951083 294.912038997 320.238764769 326.547844962 0 1670.81243872 39.9305421077 365.218016313 23.0694578923 16.1875612841 54.7612352316
456 6.68430757362 78.9576330246 166.805589415 188.449166996 0.782883065691 0.653332314852 11.3899488965 298.724668727 320.556660685 326.624300058 0 1671.83827768 40.0255961625 351.993221195 22.9744038375 15.1617223168 54.4433393151
480 6.27827605718 77.785098782 162.192933993 188.523303673 0.789976314022 0.693068623625 10.2752385235 299.718412866 320.580099925 315.166800555 0 1672.74962462 39.9623644739 345.263486553 23.0376355261 14.2503753814 54.4199000751
504 5.93518402359 69.9330792886 164.695148766 188.590127668 0.788476729353 0.488039682825 11.6759745051 298.457381415 320.904763688 312.854484618 0 1673.53241232 40.0532108267 337.561069544 22.9467891733 13.4675876843 54.0952363123
528 5.62285022551 70.7088829538 161.94850429 188.65370132 0.786308756521 1.01092597083 7.6317576924 301.91730626 320.611325886 297.844277218 0 1674.2320139 39.9713695934 331.380204162 23.0286304066 12.7679861036 54.3886741149
552 5.33688727019 58.0491065207 163.219773838 188.715405114 0.780590249335 0.682867331757 9.4324127091 300.388724596 320.680766821 292.714039581 0 1674.88590452 40.1140366613 321.804585629 22.8859633387 12.11409548 54.3192331796
576 5.08595298382 57.8941040507 158.582753236 188.771865836 0.775600105756 0.240217942372 9.59208365508 300.620232461 320.834176101 288.039577357 0 1675.45271851 40.0973177831 310.787261284 22.9026822169 11.5472814942 54.1658238995
600 4.86388921319 52.9142845831 163.415699403 188.823061921 0.758583103437 0.702404409289 6.35399479366 303.361955773 320.827993787 276.136005372 0 1675.95831986 40.1610130677 305.726888853 22.8389869323 11.0416801382 54.1720062131
624 4.66601630685 48.5883361073 164.099273696 188.870423687 0.761240704516 0.0531587426173 8.83962430815 301.475552558 321.072934296 272.722709369 0 1676.40963004 40.2664193609 299.270524241 22.7335806391 10.5903699623 53.9270657044
648 4.49869070634 47.1394272589 157.159626015 188.911297171 0.735246932492 0.480429172525 5.94179120898 303.931235515 321.264781852 278.785808298 0 1676.79015995 40.3077377226 292.345709366 22.6922622774 10.2098400466 53.7352181488
672 4.33407818855 47.1109301373 162.012912223 188.952190688 0.730900816798 0.835170452976 7.47552983952 302.006208203 320.996723224 267.289166097 0 1677.15953612 40.2319674079 284.679275733 22.7680325921 9.84046387815 54.0032767762
696 4.18405105294 45.3656061115 162.215454878 188.990931747 0.726247582105 0.183057904599 7.07459673818 303.025166028 320.964424526 259.283653411 0 1677.49923903 40.2300188065 278.49205625 22.7699811935 9.5007609696 54.0355754742
720 4.04329022912 37.1787437516 159.019719203 189.027706927 0.710374520101 0.573690631461 4.15754492203 305.530683 321.237121385 260.850408618 0 1677.82354284 40.4942473731 273.315547276 22.5057526269 9.1764571561 53.7628786153
744 3.9193578685 38.7069254205 154.504725804 189.0608169 0.709560625382 0.789812039201 4.11582400921 305.323986426 321.462306891 265.579183026 0 1678.10256916 40.4138505799 265.26161511 22.5861494201 8.89743083842 53.5376931096
768 3.80351191357 37.2481625562 160.16506086 189.092886449 0.71690877048 0.951039388468 2.63599228192 306.603173111 321.174904371 254.075896395 0 1678.3642138 40.4066116808 261.013858383 22.5933883192 8.63578620238 53.82509563
792 3.6949848018 35.4886467332 153.60142858 189.12397415 0.705563043656 0.100565331503 2.74633969947 307.323557776 321.544214805 262.029584726 0 1678.61133163 40.4810239165 253.59195369 22.5189760835 8.38866837135 53.4557851952
816 3.59163593846 34.6080599284 156.591345334 189.153494681 0.683021248868 0.238349858144 2.6483826052 307.276751607 321.49755193 253.217823582 0 1678.84546105 40.5163165331 253.002495413 22.4836834669 8.15453895123 53.5024480706
840 3.48846139653 34.6873245486 152.295913612 189.182980127 0.666984435646 0.391446115474 2.86208312317 306.896506199 321.476122909 251.253719482 0 1679.07715282 40.4317259195 248.790695204 22.5682740805 7.92284717912 53.5238770918
864 3.39912436173 33.6302368188 152.939122229 189.208767568 0.659521414977 0.539896799382 1.57917197727 308.01264224 321.409463721 248.193378653 0 1679.28058242 40.4670164724 242.356014674 22.5329835276 7.71941758439 53.5905362794
888 3.29995551326 36.2710858162 149.539691654 189.237983052 0.657177302918 0.679858057835 3.9920375711 305.432944016 321.203725707 236.805390926 0 1679.50088917 40.2685370849 238.568657792 22.7314629151 7.49911082866 53.7962742933
912 3.21350264716 30.1770459043 149.096266348 189.264208872 0.66115416869 0.848145544676 4.91303030315 304.313461111 321.384304543 233.595930172 0 1679.70164492 40.5596839639 236.216325098 22.4403160361 7.29835507664 53.6156954577
936 3.13549989806 28.7754120178 152.472776734 189.288742497 0.670956760404 0.997141820519 2.94056222886 306.102596693 321.263452998 225.658002981 0 1679.8793438 40.6436697696 234.348081827 22.3563302304 7.1206561953 53.7365470026
960 3.06266293052 28.3809030526 149.596591981 189.312613729 0.682953488105 0.0880038053984 4.58130708121 305.335121897 321.316343635 225.489952476 0 1680.0434742 40.5863323163 231.806710937 22.4136676837 6.95652580101 53.6836563653
984 2.99306040355 30.7015094126 150.186363982 189.335845086 0.665602875191 0.271841404269 7.885652723 301.841057912 321.13816136 214.533262217 0 1680.19948897 40.4417096746 235.364175962 22.5582903254 6.80051103273 53.8618386401
1008 2.92460910195 28.3817619244 149.014478117 189.358751522 0.655685709852 0.473306427114 7.20154602773 302.310710313 321.21707428 215.502449811 0 1680.3551157 40.5088561066 232.222954692 22.4911438934 6.64488430053 53.7829257201
1032 2.85555420011 27.3513208857 149.792327434 189.382191582 0.653552838388 0.678284406888 3.83792214675 305.448049025 321.066966249 205.960542663 0 1680.51151009 40.529715932 232.352933689 22.470284068 6.48848991497 53.9330337516
1056 2.79309807801 26.7087807945 145.653210265 189.403901871 0.655827414172 0.761153341169 3.88191435391 305.297203019 321.189464105 204.662302632 0 1680.65405041 40.6052557778 232.687592731 22.3947442222 6.34594958768 53.8105358954
1080 2.73695878914 23.4235539033 150.266212407 189.423938092 0.660314188972 0.847472993179 5.0748944447 303.993380282 321.289036987 204.928078922 0 1680.78350597 40.8723577796 228.334980862 22.1276422204 6.216494031 53.710963013
1104 2.68002405402 26.4311712235 147.639421652 189.44486146 0.666931118202 0.886759946235 2.68565737366 306.315790102 320.992756265 197.456874338 0 1680.90962878 40.5517879176 227.30484221 22.4482120824 6.0903712194 54.0072437351
1128 2.62284426609 24.8054566874 146.554628663 189.466567769 0.675563772951 0.983397372017 2.42566510967 306.448805976 321.086940766 195.396904322 0 1681.03942001 40.5896497907 222.601475701 22.4103502093 5.96057999159 53.9130592341
1152 2.57223800448 25.8333870999 145.490037051 189.486266121 0.666251712955 0.0458742380961 3.32474477812 306.47686315 321.283706638 199.460747018 0 1681.15469011 40.5933025791 216.313792562 22.4066974209 5.84530988726 53.7162933624
1176 2.52156728022 21.8413058621 147.367381921 189.50589413 0.649976238176 0.188353807945 3.27663775105 306.379138073 321.14980438 196.626847951 0 1681.27054333 40.7861809183 212.453489881 22.2138190817 5.72945667376 53.8501956209
1200 2.47607703414 21.3950098218 143.034494083 189.523486237 0.63905633445 0.301166549785 3.49206513568 306.044225744 321.319837853 200.719598083 0 1681.37393524 40.8122846334 209.814398731 22.1877153666 5.62606475725 53.6801621471
1224 2.43353654247 21.1038186787 148.183790559 189.539997182 0.631797949498 0.413514056584 3.29367886024 306.121011952 321.171014364 193.868499598 0 1681.47106677 40.9088091889 205.522630321 22.0911908111 5.52893322684 53.8289856367
1248 2.39005225609 19.8229396101 145.872160649 189.557012324 0.626689736203 0.464751061883 3.53478636955 305.816760509 321.166087112 190.878063069 0 1681.56942402 40.91673996 203.438833907 22.08326004 5.43057598186 53.833912888
1272 2.35169275241 20.6658637075 146.021865961 189.572179068 0.623321561809 0.503333356439 1.94125283724 307.359913176 321.23595934 187.871643885 0 1681.65655526 40.8950253089 202.553964952 22.1049746911 5.34344474074 53.7640406601
1296 2.31387848287 19.4951369026 146.063251438 189.587304366 0.620983481636 0.558260994416 4.32590798554 304.907543173 321.144563373 186.421771276 0 1681.74214747 40.908096477 199.836094315 22.091903523 5.25785253156 53.8554366273
1320 2.27708866427 20.2728954169 146.750147967 189.602225575 0.620686102597 0.647943003189 2.55023077858 306.57891454 321.035003251 178.61585666 0 1681.82565603 40.917517333 201.23490943 22.082482667 5.17434397018 53.9649967499
1344 2.24089201491 19.4586896492 145.161299695 189.617159374 0.622258256559 0.716532036407 2.80901216847 306.235038164 321.148634524 179.554079178 0 1681.90777084 40.9340589163 197.760060885 22.0659410837 5.09222916223 53.8513654761
1368 2.20144358206 20.6781640962 148.289684439 189.633775446 0.625403797105 0.780843591311 3.8731877732 305.086789392 320.884316059 167.219693578 0 1681.99550837 40.6927761731 196.520109787 22.3072238269 5.00449162865 54.1156839417
1392 2.16564002486 20.1600064249 141.972707576 189.649214294 0.630353135437 0.871372593356 4.24912660488 304.599933372 320.986730857 167.159498085 0 1682.07831286 40.9551630835 195.361148916 22.0448369165 4.92168714186 54.0132691437
1416 2.13283636309 17.0354622122 138.546703376 189.663714949 0.636618124093 0.938453464195 1.14343194337 307.617781519 321.205950067 172.91911641 0 1682.15325957 41.0939575976 195.36059154 21.9060424024 4.84674042976 53.7940499337
1440 2.10311781625 16.2396199301 139.293891672 189.677182225 0.64315203334 0.968400667064 2.54179142584 306.169473649 321.435992408 180.224645491 0 1682.22113864 41.1983882259 191.49349567 21.8016117741 4.77886135945 53.5640075925
1464 2.07495699163 16.0473239599 140.275927359 189.6902543 0.649838097285 0.990956257546 1.69915838393 306.969792961 321.333471191 180.70930165 0 1682.28497263 41.1985468686 189.785276407 21.8014531314 4.71502737019 53.6665288091
1488 2.0425238609 17.502846064 139.940051528 189.705553846 0.640950407993 0.0703989457188 5.83857856741 303.744518233 321.236018712 177.817856627 0 1682.35758677 40.9956089619 186.263077507 22.0043910381 4.64241322938 53.7639812887
1512 2.01435206457 15.9485022832 138.655058501 189.718791396 0.630194218211 0.154312064086 3.11428663527 306.382415686 321.367427109 180.213223227 0 1682.42217877 41.1583418398 184.864965977 21.8416581602 4.57782123317 53.6325728918
1536 1.98601368834 17.1521233694 140.30554663 189.732081684 0.620744792195 0.20822271427 3.57566799468 305.863282815 321.26676806 174.901343452 0 1682.48566861 40.9721159797 185.590730056 22.0278840203 4.51433138767 53.7332319405
1560 1.9557510283 17.0152505242 142.074193585 189.746278206 0.612354382418 0.299684751136 4.50729673619 304.834385924 321.047129575 167.055443992 0 1682.55413584 40.9514396996 184.36825036 22.0485603004 4.44586415973 53.9528704252
1584 1.92754331388 15.6542934924 141.279163491 189.759557259 0.606725557276 0.396827705615 5.0376775913 304.199211887 321.043493574 164.147546716 0 1682.6187066 41.1117227191 182.284061189 21.8882772809 4.3812933968 53.9565064264
1608.0 1001.9015481 16.9147707203 139.855824233 189.771875713 0.60312091276 0.453088032734 3.20521833239 305.966697009 321.12605618 163.598859827 0 1682.67745809 41.0272532896 180.313327585 21.9727467104 4.32254190551 53.8739438204
1632 374.101277366 5076.22716691 180.409452969 200.215292415 17.1992363739 46.580954498 82.4760954632 153.528421249 275.833807984 923.869426687 0 1148.14860183 39.8816558285 361.136563104 23.1183441715 538.851398165 99.1661920168
1656 90.9484003856 3325.45408437 182.617210873 245.85549054 24.8025226304 48.260825801 75.4592926768 105.621868351 275.205683372 377.651822149 0 1482.17411825 39.0742141434 461.852158893 23.9257858566 204.825881749 99.7943166287
1680 34.3053492306 1154.78066305 183.74790086 271.090849766 11.2532262149 28.6383328854 62.4440332201 126.573557913 293.574389366 291.757658387 0 1605.87453812 39.0839916958 480.088725632 23.9160083042 81.1254618762 81.4256106344
1704 21.6841799929 432.613536712 180.123097945 277.67112534 5.34945355179 18.8649325107 40.4594178586 157.655070739 308.994625891 319.476727482 0 1637.34533929 39.3830404669 448.140656778 23.6169595331 49.6546607054 66.005374109
1728 17.1879499355 272.948623071 174.883404333 278.893307468 1.79709601352 3.24086632934 25.7270609612 190.341669227 315.155474693 367.935982042 0 1648.02752765 39.6079894465 422.461883233 23.3920105535 38.9724723415 59.8445253078
1752 14.4718980207 208.751169884 179.172292765 279.155041018 0.985282542678 2.17987638161 16.2462339376 201.43356612 316.831339888 372.181906472 0 1654.21550091 39.6975080513 397.033519003 23.3024919487 32.7844990897 58.1686601126
1776 12.6375326639 167.653732268 174.49187084 279.311917934 0.0827723772829 0.474327153739 18.6172536417 201.513728893 318.551525203 394.278607882 0 1658.40093464 39.8083927289 382.093948936 23.1916072711 28.5990653603 56.448474797
1800 11.2468204332 150.96530339 171.967441131 279.345471767 0.344667929493 1.79844744485 15.6406906371 202.870722221 319.18004227 400.030708642 0 1661.5283492 39.8124931437 362.692259919 23.1875068563 25.4716507981 55.81995773
1824 10.1316286214 130.857786426 167.588839859 279.414127611 0.508070383793 0.81893732642 11.3922285647 207.866636114 319.8466842 389.670747387 0 1664.04502518 39.842766923 372.724018867 23.157233077 22.9549748114 55.1533158
1848 9.19500224578 128.3981339 167.720149027 279.497417581 0.672315301617 2.43053943933 9.43339030131 207.966337376 319.782422774 371.277848215 0 1666.14254229 39.7960692203 360.825990734 23.2039307797 20.8574577103 55.217577226
1872 8.41446630488 110.219118076 174.227189845 279.59006971 0.690707676672 0.678509473442 10.8459783995 208.19473474 319.804844574 352.544844541 0 1667.91463984 39.8530661977 346.062660753 23.1469338024 19.0853601522 55.1951554263
1896 7.81697713155 93.3888414136 165.84633657 279.668101519 0.718308968977 0.699952006736 7.75519896558 211.15843854 320.850866459 368.646612827 0 1669.28318459 39.9848738754 340.414607036 23.0151261246 17.7168154085 54.1491335417
1920 7.29337618 87.4165833639 168.556417865 279.743856642 0.735673972233 0.561298583607 5.58738372533 213.371787076 320.634310477 356.818374201 0 1670.45812576 39.9495368152 333.942483499 23.0504631848 16.5418742364 54.3656895235
1944 6.83461151594 84.6142121222 165.215371239 279.815500127 0.744821720833 1.15998832328 6.53656686468 211.743122964 320.750397163 344.981992841 0 1671.49520874 39.9616871965 327.800573871 23.0383128035 15.5047912599 54.249602837
1968 6.426881581 79.0961135402 169.76780594 279.885720792 0.762211602791 0.697819170098 6.44002715181 212.214221283 320.484782422 321.837939092 0 1672.415922 39.9674807368 321.715391486 23.0325192632 14.5840779908 54.5152175786
1992 6.06992469913 68.7763619349 161.850308236 279.951105605 0.75219176386 0.229050111882 6.01035933553 213.057293184 320.950348244 315.024528251 0 1673.23217859 40.1030875091 322.922068415 22.8969124909 13.7678214086 54.0496517568
2016 5.75646341106 63.0728758564 158.448891457 280.009886207 0.73354758995 0.771712843428 7.24495734216 211.239896017 321.221803652 321.938386881 0 1673.93904443 40.1050761601 314.966121033 22.8949238399 13.0609555672 53.7781963483
2040 5.47111763352 63.4431513547 159.262174498 280.066239066 0.749145720331 1.15670936853 6.97719649177 211.050709353 321.22950442 314.735341777 0 1674.58383418 40.0957546538 309.228995108 22.9042453462 12.4161658196 53.7704955805
2064 5.21218663564 66.1299253395 160.366826268 280.120561531 0.739218579983 0.670300181568 8.7552624856 209.714657222 321.126580699 304.414946074 0 1675.16259193 39.9857239085 301.949253689 23.0142760915 11.8374080641 53.8734193015
2088 4.97778749677 54.96563208 160.286618074 280.171852511 0.753561150508 1.23382710533 7.55456515408 210.286194079 321.124383211 293.292823842 0 1675.70160256 40.1597828982 306.506467549 22.8402171018 11.2983974378 53.8756167892
2112 4.76495355884 54.4959519884 156.722570654 280.221303845 0.74923781245 0.687870786583 5.86901821089 212.472569345 321.219482246 290.642741648 0 1676.18098433 40.1221882201 295.72253325 22.8778117799 10.8190156616 53.7805177549
2136 4.57566530195 46.7643763657 157.41505676 280.266871601 0.751861469591 0.888193568423 2.64016730247 215.452906058 321.322095696 286.564542676 0 1676.61504007 40.2943697093 292.520249503 22.7056302907 10.3849599249 53.6779043039
2160 4.40558003348 48.7801926557 158.295973148 280.309868717 0.762863607734 1.03931126739 5.61701728747 212.27093912 321.216828431 276.749234313 0 1676.99883258 40.2639200236 287.498022947 22.7360799764 10.0011674145 53.7831715696
2184 4.24958112085 44.8528342031 149.392849592 280.350659908 0.740414015504 0.279115838607 3.92072780945 214.709082429 321.666065402 284.804134554 0 1677.35312859 40.3029440669 283.466394547 22.6970559331 9.64687140678 53.3339345986
2208 4.10599984251 43.7013309122 156.851938805 280.388318332 0.722481431363 0.507895965726 5.68975868315 212.691545588 321.438546547 283.012276331 0 1677.67584497 40.2342598911 273.755927754 22.7657401089 9.32415502859 53.5614534533
2232 3.97719065798 39.3925408729 152.43291342 280.422688172 0.716651520892 0.683265356581 3.71792429307 214.459470658 321.920747012 290.875336637 0 1677.97208713 40.4110841098 268.236595736 22.5889158902 9.02791286602 53.0792529883
2256 3.84835449735 37.9035362398 157.166308934 280.458119634 0.719252198431 0.846617401693 3.08685940836 214.889151357 321.590595259 281.910230148 0 1678.26131238 40.3581834196 260.708627354 22.6418165804 8.73868762001 53.4094047413
2280 3.72718435344 38.5910465558 156.630557689 280.492823258 0.72366251091 0.024507966991 3.11377017651 215.645236087 321.391688471 268.407891921 0 1678.53496807 40.330442511 255.06023523 22.669557489 8.46503192931 53.6083115297
2304 3.61673155954 34.8318007833 150.25652679 280.524811934 0.695000156401 0.120397958681 3.78423347783 214.875556473 321.629428859 264.075567268 0 1678.78729903 40.4445139161 257.110989349 22.5554860839 8.21270096387 53.3705711412
2328 3.51810989012 32.7312356296 149.349325414 280.553185707 0.674565800579 0.267301921246 3.53934124558 214.965605325 321.78431618 262.830727087 0 1679.0120453 40.5288058489 257.488503772 22.4711941511 7.98795469706 53.2156838207
2352 3.41978534911 36.0473695717 155.801925639 280.581534762 0.659967398998 0.40257334644 5.52928602199 212.82663847 321.18929572 245.862114083 0 1679.23149161 40.3462189995 253.100437322 22.6537810005 7.76850838095 53.8107042808
2376 3.3267824925 33.6582607507 155.154215431 280.608659325 0.652679281238 0.536338430864 1.24932698695 216.952995976 321.10024263 234.128859265 0 1679.44382487 40.4617801079 250.392566298 22.5382198921 7.55617512401 53.8997573709
2400 3.24105493361 30.3341501879 149.024531178 280.634155871 0.650533464232 0.688352356703 6.44064486317 211.586313445 321.378111647 234.83781971 0 1679.63882476 40.5430075967 250.171394369 22.4569924033 7.36117523776 53.6218883538
2424 3.15970769717 31.7703028101 146.350686118 280.659026595 0.65482774965 0.82231344702 3.42409316647 214.439739041 321.40973457 234.961694559 0 1679.82146512 40.4213219913 248.171853427 22.5786780087 7.17853487306 53.5902654308
2448 3.08459659257 30.4557931619 148.908493752 280.682780794 0.66199380296 0.89898911691 5.06936797159 212.686868315 321.498686234 231.99457879 0 1679.99369133 40.5692894721 246.732047683 22.4307105279 7.00630866729 53.5013137662
2472 3.00854979942 30.3903671841 153.364851968 280.707755312 0.672401101686 0.981042922683 2.98580666096 214.652994002 321.049331033 214.001838771 0 1680.16383441 40.4214940319 249.444860421 22.5785059681 6.83616559016 53.9506689676
2496 2.93578316101 27.7727043754 147.592105817 280.732489413 0.666186438822 0.0994792013586 3.72188805267 214.779956894 321.152870359 211.796160258 0 1680.32987921 40.5410098129 250.313688905 22.4589901871 6.67012078949 53.8471296411
2520 2.86919677469 29.3474870565 147.290520565 280.755105089 0.648865263958 0.199848012342 2.02795779743 216.368223837 321.317829322 212.778684953 0 1680.48071023 40.5068782085 245.540760167 22.4931217915 6.51928976795 53.682170678
2544 2.80598502275 25.7974515732 144.140712409 280.77654992 0.634999088841 0.255089321033 3.19926965449 215.134092016 321.567451476 221.781658915 0 1680.62517224 40.6366645453 242.228101089 22.3633354547 6.37482775463 53.4325485244
2568 2.74384244788 25.6681455757 142.473476605 280.79769073 0.624494993708 0.392471700646 4.23548026098 213.949862314 321.568030252 220.615641276 0 1680.76562051 40.6106022737 242.176768043 22.3893977263 6.23437948931 53.4319697484
2592 2.68602421487 25.9173465703 146.491708937 280.817543075 0.618845159862 0.476167901517 2.00789802634 216.079545838 321.460606471 214.211852067 0 1680.89699405 40.6450557502 243.291358935 22.3549442498 6.10300594301 53.5393935293
2616 2.6273645593 23.9574569216 151.179947358 280.837971265 0.614911263768 0.519180563187 3.11122210418 214.916714804 321.014443472 202.286195235 0 1681.0296836 40.6541118233 237.680286845 22.3458881767 5.97031639419 53.9855565279
2640 2.57332003886 23.5811610207 145.671913372 280.857105653 0.612832724692 0.56573170995 1.7802358641 216.184094048 321.265535596 203.040713951 0 1681.15248637 40.6797631466 235.513095435 22.3202368534 5.84751362669 53.734464404
2664 2.52351824883 23.0530798569 147.277030063 280.875053625 0.611840890516 0.597382104289 2.07187118953 215.843852191 321.153027508 197.93284825 0 1681.26553222 40.6889186137 234.551736272 22.3110813863 5.73446777932 53.8469724924
2688 2.47675693755 20.6681059973 150.046854217 280.892220071 0.612046409317 0.637799464857 3.06929696886 214.788637086 321.184021528 192.273990828 0 1681.37287756 40.8907971918 232.88176772 22.1092028082 5.62712244031 53.8159784719
2712 2.43110869353 21.7210777522 145.313291629 280.909311803 0.613096142828 0.666012246191 2.05508287272 215.756496936 321.158756251 194.096300487 0 1681.47529079 40.7466688191 227.449972313 22.2533311809 5.52470920093 53.8412437494
2736 2.38929514123 20.8375178207 145.954636009 280.925290178 0.615129673901 0.716866063157 2.58466172442 215.158052361 321.32113462 197.217798391 0 1681.57106873 40.8678520999 221.447846147 22.1321479001 5.42893126141 53.6788653803
2760 2.34538214126 24.1775585324 148.842095026 280.942452593 0.618690534925 0.770906930555 2.49278216397 215.175167778 320.917965377 181.002611689 0 1681.66822973 40.54197515 222.691279842 22.45802485 5.33177026177 54.0820346235
2784 2.30392020046 19.6100339726 144.467176765 280.959064902 0.62335196276 0.820618259084 3.17344988491 214.423514991 321.093269284 183.895446801 0 1681.76440005 40.8845095443 219.134544594 22.1154904557 5.23559994633 53.9067307165
2808 2.26423842397 21.091319934 145.096948095 280.975379948 0.628865140449 0.855764032328 2.72945510027 214.810535779 321.119040448 181.677882799 0 1681.8537132 40.7645214302 213.867660982 22.2354785698 5.14628679228 53.880959552
2832 2.22694997417 19.5555245799 143.144760644 280.991120109 0.635177755646 0.907679725974 2.99906436696 214.466958042 321.118812097 179.015455019 0 1681.93959872 40.9893010768 211.906432158 22.0106989232 5.06040127385 53.8811879029
2856 2.19193333103 20.559531729 137.613829547 281.006300346 0.641924368507 0.927879569282 2.08412208125 215.339773635 321.427637198 186.06328405 0 1682.01830097 40.8331008832 210.094695354 22.1668991168 4.98169902534 53.5723628023
2880 2.15674851614 19.392181793 143.201389056 281.021970836 0.64949209703 0.988711404255 1.19257929153 216.147246371 321.121068738 180.515821186 0 1682.09771004 40.8066834714 206.482340262 22.1933165286 4.90228995295 53.8789312626
2904 2.12208297661 18.1827864383 143.468661828 281.037857739 0.657834881339 1.01191898747 2.37975385809 214.912634534 321.108494784 178.567010336 0 1682.17674719 40.914452535 202.118014997 22.085547465 4.82325280638 53.8915052159
2928 2.09036605448 18.8149921285 140.376740905 281.052628534 0.647376643547 0.073431774943 3.17486213188 215.051700916 321.258365124 177.832323705 0 1682.24879746 40.893708821 200.989326355 22.106291179 4.75120253697 53.7416348765
2952 2.05998746801 16.3058741629 140.322515878 281.066711994 0.635571849868 0.126554544977 1.85539611604 216.315765495 321.404334651 183.269683161 0 1682.31864325 41.1429028196 196.018453654 21.8570971804 4.68135674915 53.5956653498
2976 2.03030400622 18.7847516388 140.237495205 281.080431994 0.624975169526 0.167269391902 1.51724238829 216.610081056 321.414525152 182.464163494 0 1682.38491719 40.8710744586 194.250686593 22.1289255414 4.61508280316 53.5854748485
3000 2.00026364039 17.0656396301 140.674432271 281.094295667 0.615253533179 0.20480720722 2.31072402486 215.774919568 321.278501358 178.655888725 0 1682.4535545 41.0104404582 193.606854283 21.9895595418 4.5464454964 53.7214986429
3024 1.97179784167 16.5021986547 145.699554254 281.107433941 0.607140966028 0.254919136282 0.888591391747 217.141914565 321.069035912 168.046179919 0 1682.51848792 41.1181966853 193.979201656 21.8818033147 4.48151208026 53.9309640881
3048.0 1001.94573811 15.2811971859 140.567507753 281.119482583 0.600484784034 0.28720291945 2.16400977404 215.82881994 321.111508064 166.703938354 0 1682.57786285 41.2047253394 195.421677431 21.7952746606 4.42213714458 53.8884919361
3072 376.205569524 5295.86180083 176.125203459 287.960693266 10.751311142 33.3839466708 62.9544143448 104.949634577 274.733965447 868.022735099 0 1145.67373484 39.8443849104 378.202569945 23.1556150896 541.326265153 100.266034553
3096 89.7928669833 3377.91135862 184.535807315 319.768097178 15.5475434676 42.0030920679 57.2821557328 65.399111554 274.514713742 365.206834096 0 1483.88122711 39.0614272555 435.203839941 23.9385727445 203.11877288 100.485286258
3120 33.7111737496 1125.06136153 180.528046091 339.601890373 11.2912075068 24.2102244438 45.6148310261 79.2818466508 293.600435242 298.051590779 0 1607.20762294 39.0834441792 450.101477091 23.9165558208 79.7923770586 81.3995647584
3144 21.6474994117 421.268015788 178.55004581 343.561283346 2.13173468639 9.09549225883 34.4629091349 110.748580575 309.732605797 333.843434628 0 1637.50553996 39.4024441357 439.433458176 23.5975558643 49.4944600359 65.2673942027
3168 17.1197686034 265.759242335 176.688246297 344.023621112 1.04782060382 2.53534966997 17.9551229245 134.43808569 315.074856432 354.642947139 0 1648.18812612 39.6259494404 424.389138776 23.3740505596 38.8118738714 59.9251435682
3192 14.4661189872 203.431117556 173.34155477 344.160237321 0.768615095076 2.59921720097 11.5083829328 140.963547451 317.455619924 397.823020938 0 1654.2475824 39.7208331769 391.18900374 23.2791668231 32.7524175914 57.5443800761
3216 12.5189661769 177.440476668 168.553872827 344.334183214 0.795800425869 0.967567577413 9.76908497064 144.133363812 317.878090325 368.370157784 0 1658.61844883 39.7150530028 397.561544049 23.2849469972 28.3815511651 57.121909675
3240 11.0121643904 164.166854161 166.983357902 344.490878309 0.833031284378 1.35736075107 9.18097853648 144.137751119 318.387757643 351.39611341 0 1662.00819853 39.6990428085 382.25393525 23.3009571915 24.9918014638 56.6122423574
3264 9.86122289648 128.100253443 166.591690984 344.639088228 0.951957301672 1.53139995031 11.6214337143 141.256120806 319.344512853 360.60781397 0 1664.64271919 39.8275251354 370.450616669 23.1724748646 22.3572808025 55.6554871475
3288 8.99020039184 114.071953128 167.9727761 344.772748662 0.984245862719 0.857787197629 10.8785640577 142.50665422 320.026991933 365.728923474 0 1666.62226239 39.8935584667 358.3414185 23.1064415333 20.3777376047 54.9730080672
3312 8.24964217582 109.647565287 162.140442331 344.898861264 0.96387226658 0.119820337083 12.9193478243 141.098098309 320.273738375 358.358812533 0 1668.2849654 39.8487488231 351.677384758 23.1512511769 18.7150345936 54.7262616253
3336 7.62747197897 102.705109754 165.844722809 345.008904899 0.912833158121 0.189799362234 6.72890884774 147.159553733 320.091855978 323.912673533 0 1669.69157953 39.864264055 367.820343711 23.135735945 17.3084204688 54.9081440222
3360 7.07450982271 93.4606887563 165.933781305 345.108704136 0.866573210644 0.769783053275 7.7994083901 145.455531211 320.08326461 313.95314322 0 1670.94062424 39.8722084672 354.377716399 23.1277915328 16.0593757551 54.9167353903
3384 6.62267213775 79.133004709 168.291556614 345.193781971 0.836566430171 0.301086048813 3.81635049665 149.852215054 320.445568634 314.274312827 0 1671.97720648 40.0168926624 339.99012184 22.9831073376 15.0227935162 54.5544313662
3408 6.23826421634 70.0682946588 162.977850756 345.267183219 0.805101591178 0.604371844037 3.89266964869 149.430673697 320.951123371 323.483426167 0 1672.8485613 40.0702954154 328.654155768 22.9297045846 14.1514386985 54.0488766296
3432 5.90759969536 71.0285328873 166.598562595 345.332612008 0.800267110317 0.859745489147 2.77271493993 150.234660453 320.869130902 312.681497373 0 1673.59417464 40.0352287042 321.300340184 22.9647712958 13.4058253504 54.1308690978
3456 5.61350864661 60.8900358193 163.235807491 345.394214546 0.810267009111 1.01553284088 3.0292006136 149.750784991 321.120812945 311.168425924 0 1674.26807584 40.2088336118 317.960199635 22.7911663882 12.7319241522 53.8791870548
3480 5.36484613345 57.33328593 159.569911929 345.449105565 0.791543941867 0.225795572787 2.95079020551 150.582764715 321.413628765 313.618351933 0 1674.83201738 40.2451115499 314.327388845 22.7548884501 12.167982619 53.5863712355
3504 5.12184573297 56.1271744064 155.754496553 345.50302718 0.763088120245 0.504853758566 5.00628170941 148.222749232 321.444373273 313.375068732 0 1675.37565015 40.1571169225 307.467085346 22.8428830775 11.6243498465 53.5556267267
3528 4.90525519563 60.97504614 160.392324112 345.552209234 0.758837738599 0.883471504285 6.0766973629 146.728784161 321.10015476 289.970797328 0 1675.8629225 40.0808332148 307.365041564 22.9191667852 11.1370774928 53.8998452406
3552 4.70482749695 49.775050125 160.290342756 345.599925193 0.755045331585 0.137736279431 5.0520808454 148.455212351 321.227066223 290.6221481 0 1676.3221854 40.2533514126 303.220867242 22.7466485874 10.6778145929 53.7729337772
3576 4.52617137557 49.4907529256 161.392973174 345.642859093 0.725359177452 0.291354941387 2.62677970399 150.713647084 321.167780068 282.587297552 0 1676.72401253 40.187487124 296.771644079 22.812512876 10.2759874659 53.8322199321
3600 4.35555907897 43.5491933987 156.471377824 345.684057406 0.706635157991 0.495636140943 2.00480534524 151.10886595 321.42322123 285.91279517 0 1677.11299826 40.3089514673 287.820145652 22.6910485327 9.8870017335 53.5767787703
3624 4.21581135393 41.049542631 155.704502672 345.718393198 0.697764346186 0.563948552326 3.30518526869 149.714708635 321.690047344 289.052278509 0 1677.43302022 40.4353254591 287.769260156 22.5646745409 9.5669797741 53.3099526561
3648 4.07341870358 42.0138806525 159.667995244 345.754247406 0.695022149571 0.730516946212 3.78748413591 149.032729363 321.555835697 283.106242068 0 1677.75153725 40.3051507803 279.711999668 22.6948492197 9.24846274609 53.4441643032
3672 3.93730566495 42.9654576562 152.350307597 345.789783625 0.700133714964 0.854047909579 3.24533052192 149.410704229 321.489652132 274.21946291 0 1678.05795359 40.251530315 281.421094744 22.748469685 8.94204640654 53.510347868
3696 3.80389229513 39.5255049921 161.203982031 345.826239629 0.710778322137 0.958030873936 2.83252982114 149.672421355 320.844293818 245.710413602 0 1678.3606818 40.3218078259 280.729732276 22.6781921741 8.63931819563 54.1557061821
3720 3.68743858894 37.3764534396 157.071812125 345.859667708 0.72276137038 0.988929740241 2.79082623654 149.637814946 320.95437926 238.861356833 0 1678.62616082 40.3888500036 276.765882395 22.6111499964 8.3738391754 54.0456207401
3744 3.58856622072 32.7658067382 151.987800357 345.888996014 0.707880690712 0.0892348057214 3.80109225283 149.512796237 321.617592593 253.7885271 0 1678.85340121 40.5670823233 269.600850835 22.4329176767 8.14659878471 53.3824074067
3768 3.49028790343 33.8949136694 152.765471347 345.917996496 0.685775606564 0.227404279947 2.89361439725 150.275209221 321.427232265 248.223453861 0 1679.07358323 40.4484249118 270.006892773 22.5515750882 7.92641676103 53.572767735
3792 3.39643171544 34.4188535292 148.548499783 345.945689494 0.669604787898 0.328531980427 2.92867882699 150.127494911 321.467406629 246.574525479 0 1679.28565699 40.4204961045 268.724521676 22.5795038955 7.71434300066 53.5325933712
3816 3.3030909937 33.0437521349 155.220334894 345.973414181 0.657595392052 0.411820731949 2.12612669699 150.831042999 321.226642072 240.581749256 0 1679.49675719 40.4243308281 259.266896413 22.5756691719 7.50324279995 53.7733579283
3840 3.21357667149 32.1912670796 152.041509486 346.000325974 0.648871860564 0.468053083414 2.27925475078 150.603494332 321.185711097 232.924374091 0 1679.6990723 40.4054699217 256.68210167 22.5945300783 7.30092769324 53.8142889028
3864 3.13426905589 31.1937649898 148.300978919 346.024546655 0.644283505736 0.588724238754 4.72668702647 148.015758575 321.505885834 236.468450706 0 1679.88037345 40.506597335 252.555358761 22.493402665 7.11962654718 53.4941141659
3888 3.06130589676 28.5425152851 147.97518379 346.047300834 0.644279312695 0.678847037481 1.89523720937 150.734335607 321.758205827 243.58739659 0 1680.04658625 40.5785349551 247.9556487 22.4214650449 6.95341374154 53.2417941734
3912 2.9865424789 29.8080159399 148.843578332 346.071229596 0.646438889216 0.729941031621 2.40018756008 150.152202923 321.563107897 238.278728479 0 1680.21496866 40.5202870504 240.978127167 22.4797129496 6.7850313377 53.4368921033
3936 2.91458576894 27.4947699372 151.00753695 346.094947488 0.65044094227 0.773510767221 1.8369112421 150.644189561 321.377550411 228.22283928 0 1680.37806977 40.5512091002 239.410491741 22.4487908998 6.62193022424 53.6224495891
3960 2.84848662357 26.9456071123 150.69836893 346.117407774 0.65532058524 0.83288967289 2.90913069328 149.485251275 321.208321512 217.684673872 0 1680.52812041 40.5676291442 239.170316809 22.4323708558 6.47187958096 53.7916784881
3984 2.78899457144 24.2143994258 145.777549838 346.13824705 0.661238892797 0.855760638679 0.633874308228 151.710879111 321.493701311 220.280222683 0 1680.66472333 40.7481826443 238.198355758 22.2518173557 6.33527666199 53.5062986888
4008 2.72832837462 26.5013282735 145.806014453 346.160170369 0.668199884135 0.903624958617 2.50481445968 149.76319033 321.42843995 217.594636233 0 1680.8002967 40.5518918589 234.487759568 22.4481081411 6.19970329265 53.5715600504
4032 2.67318772645 23.0261682665 145.704718787 346.180752273 0.676034997737 0.939574815897 1.03829160925 151.165346305 321.42911358 214.117528857 0 1680.92746793 40.8045244284 237.010818391 22.1954755716 6.07253206412 53.5708864202
4056 2.61795926612 24.0380496798 147.805439748 346.202053845 0.68454727655 0.96646060413 1.69026965711 150.456668618 321.217279166 205.98651933 0 1681.05110276 40.6525017272 234.75980559 22.3474982728 5.94889723145 53.7827208343
4080 2.56453629659 26.5150756526 146.462953392 346.223362709 0.693652868566 1.00676320266 3.2531618912 148.823059329 321.102496724 198.470141351 0 1681.17153051 40.5521588368 231.793796826 22.4478411632 5.82846948883 53.8975032756
4104 2.51359245037 21.9792357057 146.462392836 346.244089667 0.680206836918 0.141173275331 4.56968412085 148.364846101 321.288192561 201.064075694 0 1681.28853517 40.7736276943 227.142190715 22.2263723057 5.71146482445 53.7118074394
4128 2.46928077162 20.1544665388 145.577126133 346.26205581 0.666873400277 0.190642083153 1.54071156349 151.339717143 321.385823388 201.467023673 0 1681.39027528 40.9507144759 225.807159518 22.0492855241 5.60972471456 53.6141766121
4152 2.42722977563 22.2681962282 146.33946514 346.279083133 0.655091829954 0.22768468176 2.39462217964 150.443518176 321.230366265 198.011239981 0 1681.48455348 40.771831301 222.671937993 22.228168699 5.51544651248 53.7696337354
4176 2.38062531866 23.893892175 145.196033701 346.29796171 0.643489498252 0.268851854599 1.74168059358 151.048016345 321.148800866 193.905820767 0 1681.5888838 40.6210652033 217.878709588 22.3789347967 5.41111619654 53.8511991337
4200 2.33883914712 20.1820083698 146.840891845 346.31492787 0.634218630598 0.315968908989 2.68991314185 150.044971449 321.114338588 188.430652146 0 1681.68567941 40.9368111032 216.376341633 22.0631888968 5.31432058788 53.8856614121
4224 2.29747131273 21.685709332 144.867311068 346.331800135 0.626689270278 0.372898800585 0.644837519736 152.023774275 321.125248624 185.456459092 0 1681.77803383 40.7040862728 213.058581396 22.2959137272 5.22196616152 53.8747513765
4248 2.25890252871 20.3828972696 144.311439282 346.347636393 0.62066471415 0.403845879678 2.43987512544 150.187977889 321.249522265 185.671304568 0 1681.8668667 40.9371156857 210.94569045 22.0628843143 5.13313329624 53.7504777353
4272 2.22093571093 21.9522411648 143.20799953 346.363354009 0.615934326976 0.457578495319 2.19025635502 150.372876814 321.101381842 179.414986827 0 1681.95150765 40.6826688431 210.073250297 22.3173311569 5.04849234157 53.8986181585
4296 2.18579846185 17.9795481613 143.517882029 346.378047743 0.612753744649 0.496272021921 1.73862058578 150.774305906 321.149824881 180.624353047 0 1682.03284189 41.0017276155 208.333059175 21.9982723845 4.96715810249 53.8501751196
4320 2.15312825081 16.9196241503 140.347932825 346.391862121 0.610447005159 0.521026295331 1.11080206008 151.365862519 321.357233093 185.137052903 0 1682.10752605 41.1352692702 204.791718386 21.8647307298 4.89247394769 53.6427669072
4344 2.12047751966 18.5747244743 147.681119517 346.40583224 0.608615505884 0.537564449303 1.54798854251 150.899999263 321.001749645 173.686158094 0 1682.18046323 40.8986696775 203.46906038 22.1013303225 4.81953676953 53.9982503556
4368 2.08726511996 18.5832394297 144.23535644 346.420227595 0.60734504983 0.567021928415 1.07224100546 151.333164422 320.919562308 169.701524864 0 1682.25542021 40.8445229884 201.288711505 22.1554770116 4.74457978315 54.0804376923
4392 2.05729774536 17.1428387871 143.756057393 346.43339293 0.606536128716 0.574851747895 1.33765051052 151.047568683 321.029659541 170.11183649 0 1682.32422794 41.0142035186 197.298741111 21.9857964814 4.67577205141 53.9703404595
4416 2.02780509816 18.234171824 141.875142378 346.446524106 0.606059652706 0.590348112967 0.58152879533 151.775539333 321.104652155 168.825540442 0 1682.39118184 41.0334814689 194.533248707 21.9665185311 4.60881815629 53.895347845
4440 1.99614372844 16.9604321236 143.615394941 346.460827701 0.605965705018 0.616548426854 1.09668620712 151.219971961 320.939754955 162.666745219 0 1682.46260724 40.9787732557 192.87188609 22.0212267443 4.53739275512 54.0602450446
4464 1.96729279749 18.5397359093 140.676274978 346.474065586 0.606536992378 0.651238619911 1.32551606561 150.942642736 321.016617815 162.912336386 0 1682.52763078 40.844770132 188.418781604 22.155229868 4.4723692196 53.9833821856
4488.0 1001.9379193 17.3918478141 140.808890768 346.487764694 0.607690226184 0.669868635171 2.69419919244 149.540477252 320.979404755 160.689805413 0 1682.59441881 40.9101376363 187.102218302 22.0898623637 4.40558118552 54.0205952446
4512 378.278553778 5323.19568388 176.203998055 350.30037855 6.12877848135 22.3065406762 44.2484879687 77.0158143239 275.089985325 903.032910173 0 1144.2769875 39.8484643457 397.549825731 23.1515356543 542.723012495 99.9100146741
4536 90.0444916007 3393.3364629 185.160241036 379.270376443 13.4237754385 20.1662550053 38.4774852351 48.662107878 274.660286945 376.690153571 0 1483.47411732 39.0611224345 438.378248615 23.9388775655 203.525882671 100.339713054
4560 33.7601395949 1131.06218103 183.472010686 391.543081817 3.95275478117 15.3022534777 30.8759080186 58.3260019058 293.523024181 292.979167422 0 1607.09901535 39.0836255173 466.269313372 23.9163744827 79.9009846421 81.4769758181
4584 21.4860423345 436.169201869 174.441643104 393.402824975 1.18288162631 9.54099433949 21.0407438196 74.8325552396 309.203836207 322.854780391 0 1637.77857322 39.3725385437 438.942040586 23.6274614563 49.2214267728 65.7961637926
4608 16.9958380148 253.827849584 177.545465975 393.854006626 0.575027735921 2.26344119211 15.0114870376 88.2960374077 315.277611595 370.011054921 0 1648.48522214 39.6436324148 412.983689555 23.3563675852 38.5147778535 59.7223884045
4632 14.4673771114 193.777986647 185.755943717 394.009154047 0.681396246097 0.744312892799 6.73795701477 97.8271797991 317.406327654 387.371703081 0 1654.28708811 39.7982782506 390.293941236 23.2017217494 32.7129118831 57.593672346
4656 12.6753090379 170.422081781 178.173260589 394.153333888 0.809446363557 2.0394710901 9.19743284607 93.8003158123 318.518515101 398.134945855 0 1658.31529212 39.8057260246 376.90690816 23.1942739754 28.6847078777 56.4814848982
4680 11.2822257315 141.911804513 178.1444618 394.292070563 0.116107405233 2.82446462841 7.6245258871 95.1428315161 319.027424827 390.016440503 0 1661.45831061 39.8548537601 376.126439898 23.1451462399 25.5416893817 55.9725751724
4704 10.2262999282 129.670871024 178.716002881 394.318172813 0.21193131614 1.00926475087 10.4425803031 94.0180508168 319.537427614 388.834704535 0 1663.84279415 39.8818576933 370.007816232 23.1181423067 23.1572058495 55.4625723856
4728 9.32484059955 118.008705234 176.089543769 394.349620028 0.255616882936 0.89042255049 6.05001963368 98.4543209043 319.897448508 382.962708012 0 1665.8701762 39.8801992274 357.895349354 23.1198007726 21.1298237974 55.1025514911
4752 8.54981186243 112.315793278 176.189508227 394.389383329 0.34446682156 0.548379255874 5.05745812839 99.6603124645 319.679684755 347.248789347 0 1667.61029976 39.8558581889 360.349134006 23.1441418111 19.3897002362 55.3203152445
4776 7.923367683 88.2651804116 171.5990615 394.431122062 0.396039968417 1.08532516879 5.71393651558 98.3735762855 320.558821069 356.875443651 0 1669.05244385 40.0710321911 351.243845867 22.9289678089 17.9475561491 54.4411789303
4800 7.40987823918 88.8071957592 166.439480873 394.471863022 0.406009415006 0.506856071152 4.28602026474 100.329251227 320.993130859 366.606183576 0 1670.20249849 39.9997182242 339.713175081 23.0002817758 16.797501506 54.0068691401
4824 6.94855967461 82.9039594132 170.025475333 394.511992573 0.431240498198 0.854942327223 5.52670049083 98.6751241102 320.848170011 362.221188108 0 1671.23997785 39.9716596908 322.801165464 23.0283403092 15.7600221453 54.151829989
4848 6.52301351402 82.1537118334 163.193309188 394.555105716 0.480031716467 1.05888606365 4.79792517491 99.1080513285 320.995048167 350.989437308 0 1672.19698877 39.9507181693 309.484611329 23.0492818307 14.8030112263 54.0049518323
4872 6.14049043388 78.8008780344 162.242410852 394.600234941 0.498260724085 0.386531011639 2.46376365166 102.051209672 320.833513857 323.355706797 0 1673.06103139 39.9476484064 312.712582564 23.0523515936 13.9389686045 54.1664861431
4896 5.78052679153 67.6698279325 163.624049879 394.64515811 0.495786374375 0.569120226431 2.47504897653 101.814886312 320.430257377 293.748273712 0 1673.87738284 40.0262888142 310.603366637 22.9737111858 13.1226171523 54.5697426229
4920 5.50208880736 59.2108590142 160.165373249 394.68220389 0.506747470986 0.736958721222 3.75852514524 100.315564772 321.094546727 305.648477159 0 1674.51563905 40.1388886459 299.704664401 22.8611113541 12.4843609501 53.9054532725
4944 5.23482792667 59.6097808614 159.699742842 394.720841678 0.528697596025 0.838138337656 1.20060160929 102.711720778 320.886237535 286.271424782 0 1675.11545145 40.0821623923 301.508221221 22.9178376077 11.8845485482 54.1137624644
4968 4.99807275016 55.2905391078 158.150308614 394.758346014 0.55286798213 0.950086078921 3.06161855943 100.677081365 321.00505369 285.235400557 0 1675.65534178 40.1658562973 290.925533511 22.8341437027 11.3446582112 53.9949463098
4992 4.79351881707 48.6501464463 154.576707306 394.793645799 0.561443284967 0.12660526426 4.13726007659 100.381045575 321.349622197 294.944432194 0 1676.12197581 40.2645696319 281.479903264 22.7354303681 10.8780241905 53.6503778023
5016 4.6073467889 48.475667586 153.984737546 394.826366355 0.541330654244 0.262395813441 2.04540741098 102.324499766 321.510558999 296.097009149 0 1676.54159498 40.2387288921 274.680826698 22.7612711079 10.4584050128 53.4894410004
5040 4.43393463709 48.2916152655 161.421291099 394.85713187 0.52969694191 0.425979880967 2.68164533906 101.505545967 321.063626875 275.824671688 0 1676.93354076 40.223650664 271.209663736 22.776349336 10.0664592369 53.9363731245
5064 4.27917207498 40.0438299775 160.775997909 394.885249898 0.526149569513 0.498992411474 2.03628719099 102.05332093 321.451367467 278.522549173 0 1677.28999649 40.4629635176 262.003922832 22.5370364824 9.71000351038 53.5486325327
5088 4.13735441457 44.9128980177 155.880024182 394.911851897 0.527251128596 0.614613716767 4.00868885867 99.9375943991 321.413006994 270.111002826 0 1677.60791658 40.3327964652 257.840297572 22.6672035348 9.39208341135 53.5869930051
5112 4.00524726343 41.6685970893 152.65274991 394.93766903 0.534066648496 0.693420466456 0.842096553982 102.992747301 321.589412024 276.49465151 0 1677.90692416 40.3388863187 252.434638218 22.6611136813 9.09307583097 53.4105879758
5136 3.87032997568 43.2625994136 159.743324534 394.965337281 0.542914644126 0.753632671715 3.98377704677 99.7543383558 321.048712635 255.430722966 0 1678.20853805 40.2261008682 248.015592445 22.7738991318 8.79146194397 53.951287365
5160 3.75230087549 34.8586735632 156.090428366 394.99082098 0.554581078059 0.825708943277 2.58157532293 101.047313676 321.390326984 257.645076548 0 1678.48142694 40.4874654496 243.411905369 22.5125345504 8.51857305466 53.6096730151
5184 3.64028555802 36.2671173576 152.169263404 395.016345267 0.56901346133 0.927146529543 2.0065174652 101.480977276 321.329583149 250.050321594 0 1678.73347343 40.4279039679 242.325437974 22.5720960321 8.26652656426 53.6704168505
5208 3.53702705882 37.1316306314 149.151589011 395.041252847 0.585336458256 0.983647667834 2.27583000252 101.113933025 321.498582657 251.994624513 0 1678.96710836 40.38605599 236.855312332 22.61394401 8.03289163381 53.5014173423
5232 3.43700774563 30.9326645283 154.075209626 395.066663794 0.585835333495 0.0489326402632 1.55773711453 102.740831118 321.372863385 244.347268357 0 1679.19553732 40.5626401081 235.914823323 22.4373598919 7.80446267366 53.6271366147
5256 3.34932862155 30.4850611689 152.942999709 395.088996587 0.567299584534 0.152311648966 2.38425056056 101.807141619 321.469813288 241.2698517 0 1679.39483545 40.5980164252 234.343848601 22.4019835748 7.60516455001 53.5301867112
5280 3.26548654587 32.1647398755 148.891297678 395.110294018 0.553310736394 0.214215550218 1.20623608152 102.915943614 321.359980963 236.776193711 0 1679.58247637 40.4539412667 235.083919982 22.5460587333 7.41752362388 53.6400190363
5304 3.18647316716 29.6405576111 147.769394256 395.130410064 0.542118397852 0.268328610971 1.90451477205 102.154628155 321.587985127 239.019168347 0 1679.76387784 40.6238042442 234.024708938 22.3761957558 7.23612215196 53.4120148723
5328 3.10873977086 27.5955649522 148.109408087 395.150318799 0.532947822969 0.306080857565 1.66151018415 102.349142336 321.508480391 238.599863708 0 1679.93950815 40.6363658598 229.446239537 22.3636341402 7.06049184553 53.491519609
5352 3.03744159666 26.8135303063 152.787824514 395.168738554 0.525763838846 0.336507022213 1.19726974034 102.771720844 321.28730759 227.19222432 0 1680.10111642 40.6529187748 227.290777608 22.3470812252 6.89888357348 53.7126924092
5376 2.96978335774 26.9020912983 153.730630834 395.186402733 0.519928362535 0.361816710045 1.63543581646 102.296416378 321.26631655 221.579067912 0 1680.25433295 40.636205975 223.558529718 22.363794025 6.74566704988 53.7336834501
5400 2.90542903075 27.6464988054 150.404321297 395.203406316 0.515019862892 0.37449254533 1.0008910617 102.906190214 321.324693301 217.848799296 0 1680.39976596 40.5922462857 222.225119595 22.4077537143 6.60023403238 53.6753066989
5424 2.84334577571 26.0986708857 148.915644315 395.22002552 0.51105750957 0.403769044647 1.28282933655 102.58231859 321.300003191 217.477062144 0 1680.54082992 40.6545237772 217.15779244 22.3454762228 6.45917007276 53.6999968084
5448 2.78601321349 24.7405675995 144.33514735 395.23559553 0.508245150866 0.434585106957 2.36864272717 101.452931485 321.559208562 220.458477808 0 1680.67139191 40.7178478759 217.452041423 22.2821521241 6.32860808128 53.440791438
5472 2.72847446932 24.0097632684 144.849310141 395.251475792 0.506527262496 0.471612932466 2.51545966952 101.254924343 321.537683137 221.378725647 0 1680.80155071 40.7259029711 212.964527471 22.2740970289 6.19844928751 53.4623168631
5496 2.67308436803 24.0533669974 146.272447206 395.26704716 0.505843659318 0.491974787827 1.63679611982 102.098338273 321.421826852 215.419453052 0 1680.92713486 40.7408476089 211.735974843 22.2591523911 6.07286513801 53.5781731477
5520 2.61726510304 26.1025556376 147.140362084 395.2830603 0.506119719009 0.532962162272 1.80497101428 101.872886804 321.190139439 206.676605705 0 1681.05165715 40.5250522507 208.828918091 22.4749477493 5.94834284517 53.8098605605
5544 2.56375703616 23.3495928744 146.546635609 395.298756034 0.507056861628 0.545247641759 1.95913533625 101.689804127 321.348985957 206.403499996 0 1681.1746619 40.7479722885 203.230025645 22.2520277115 5.82533809512 53.6510140426
5568 2.5163321343 20.8771238843 148.669214746 395.31297384 0.508288958543 0.559855111622 1.80153847707 101.817343613 321.142835783 198.618290356 0 1681.283192 40.8834206806 200.960089565 22.1165793194 5.71680799994 53.8571642168
5592 2.47117558019 21.5506736724 147.533812515 395.32679979 0.509760193927 0.566823645154 0.571262012863 103.025354358 321.176344088 194.935160671 0 1681.38504331 40.8082049332 197.988042434 22.1917950668 5.61495668675 53.8236559118
5616 2.42825562538 21.1785332631 149.178806387 395.340216657 0.511274719358 0.570536162565 0.256392387824 103.321580073 321.049423333 188.834175761 0 1681.48249689 40.8233873697 196.185625266 22.1766126303 5.51750310622 53.9505766666
5640 2.38785348947 19.1713056492 146.66361551 395.353103097 0.512796134099 0.574281570326 0.826651223575 102.733167975 321.196216429 189.445806534 0 1681.57497426 40.9968518792 193.552070683 22.0031481208 5.42502573552 53.803783571
5664 2.34990900044 19.0558015859 141.710544397 395.365443311 0.514431859527 0.587107196068 1.26097253784 102.272045095 321.418780784 196.668685994 0 1681.66100153 40.9940610537 189.201081704 22.0059389463 5.33899846325 53.5812192155
5688 2.31247964525 18.8461699628 147.109306477 395.377856287 0.516421563031 0.601976357707 0.695517311734 102.808228481 321.182666829 189.945168305 0 1681.74586789 41.0044722567 186.100520069 21.9955277433 5.25413210886 53.817333171
5712 2.27623873053 18.4042031636 146.190196572 395.390116879 0.518514214172 0.610010784032 1.10289865358 102.378459469 321.139784691 181.594586583 0 1681.82822228 41.0518340697 188.079800418 21.9481659303 5.17177771286 53.8602153088
5736 2.23869471146 20.2763914111 143.474071984 395.40308258 0.520990963187 0.624001865313 0.625179508548 102.826745083 321.039676082 177.091989651 0 1681.91204277 40.8209371546 187.132908104 22.1790628454 5.08795722996 53.9603239176
5760 2.20187583137 20.9721083831 143.780790117 395.416074884 0.523654578307 0.63465078977 1.14560868559 102.280011062 321.016168741 172.943850184 0 1681.99501989 40.7512581453 186.325103795 22.2487418547 5.00498010121 53.9838312587
5784 2.16823965438 18.4173007202 142.830574242 395.428196115 0.526236786272 0.642644685787 1.48820185363 101.914720559 321.177295532 174.56969288 0 1682.07303466 41.0758395511 184.596098792 21.9241604489 4.92696533622 53.8227044678
5808 2.13492984626 19.7756738432 142.117352483 395.440450553 0.529256557671 0.672224580006 0.799268842516 102.558799467 321.063671453 170.809522443 0 1682.14775626 40.8782952892 182.03578588 22.1217047108 4.85224373955 53.9363285463
5832 2.10110178804 18.3774669964 140.444865905 395.453171082 0.532670400107 0.680393456229 1.22668078743 102.107084274 321.088044122 171.158349909 0 1682.22416669 40.8766204612 180.68319 22.1233795388 4.7758333063 53.9119558772
5856 2.06922630579 19.3912803687 141.127538693 395.465425242 0.536161760112 0.689737940707 0.545687489689 102.762987567 321.051191479 168.12587264 0 1682.29643998 40.8247046734 178.421730945 22.1752953266 4.70356001099 53.9488085209
5880 2.03860994157 17.7993877422 145.241987956 395.477452643 0.539696405596 0.704820433962 0.794057825804 102.483972691 320.921622182 161.923178922 0 1682.36620762 40.9178034565 177.253636026 22.0821965435 4.63379237708 54.0783778172
5904 2.00942979813 17.9820225869 141.732580986 395.489163018 0.543328368358 0.713941113632 0.978332954757 102.275234545 320.968467694 163.275151594 0 1682.43247562 40.9273063164 174.254138682 22.0726936836 4.56752437983 54.0315323061
5928.0 1001.98009804 16.8724995794 142.444413311 395.501188381 0.547054129309 0.715549091844 1.22089751356 102.015310884 320.936729659 157.426697729 0 1682.49899283 40.973599633 175.356545502 22.026400367 4.50100716457 54.0632703404
5952 375.085744958 5188.53904822 177.171843402 397.956190206 4.37031466147 17.0100395198 33.1732524008 47.4902032117 275.24939553 870.813610055 0 1146.93164934 39.8654712789 408.968409602 23.1345287211 540.068350657 99.7506044697
5976 90.2515793985 3396.07611804 181.698253297 416.631083173 8.0128110216 17.3801852574 22.6022352678 35.3736852799 274.818795771 392.090218847 0 1483.15098711 39.0626390549 483.229792128 23.9373609451 203.84901288 100.181204228
6000 33.2888818309 1193.45442417 172.557840848 423.81715261 3.95077202663 14.1104743755 21.2083619864 36.9132390016 292.716507739 293.513601767 0 1607.82995422 39.0560342179 491.220024124 23.9439657821 79.1700457753 82.2834922606
6024 20.762863711 448.19931726 170.939555527 425.670060909 0.377310210048 2.95913346552 17.9517579637 53.0417374518 308.734904206 314.380482249 0 1639.29774163 39.3326630887 467.122739169 23.6673369113 47.7022583682 66.2650957933
6048 16.284903477 259.632257308 172.757182259 425.8963342 0.85177681329 1.29482851389 8.00205191111 63.9550085617 315.021949768 356.148424683 0 1650.01871469 39.588569716 426.942610289 23.411430284 36.9812853043 59.9780502318
6072 13.7850385571 204.351311622 168.52947418 426.114904887 0.848423084566 0.787479911111 6.64987564035 65.5993164766 317.436190621 380.531000705 0 1655.75452067 39.6866570366 403.760405448 23.3133429634 31.2454793282 57.5638093784
6096 12.012990458 171.35278051 173.00230694 426.296546474 0.919051398392 0.956372130277 7.60476163767 64.2232683594 318.193766975 372.440919382 0 1659.75824626 39.7141656238 394.034723851 23.2858343762 27.2417537318 56.8062330239
6120 10.705065198 142.185617117 174.67376084 426.456949899 0.912640075829 0.627798975343 3.36960717842 68.6330038707 319.025792228 376.39767455 0 1662.74566002 39.8154184282 373.110538469 23.1845815718 24.2543399785 55.9742077711
6144 9.68002631403 120.625726462 167.629707906 426.593578413 0.911954569327 1.19979544884 5.77431977975 65.5203517892 319.925037792 382.686818554 0 1665.06833464 39.8868196163 368.557623195 23.1131803837 21.9316653576 55.0749622077
6168 8.86743065292 115.014332808 176.326590894 426.709793653 0.858322190754 0.584013044424 2.3485901316 69.4992809803 319.913463654 368.871132346 0 1666.90012647 39.87802755 355.337065471 23.12197245 20.0998735227 55.086536345
6192 8.18140495122 101.36531621 172.981188677 426.81219833 0.843006150181 0.84042287203 3.31803737575 68.1863352718 320.253160824 360.132063815 0 1668.45558293 39.9426798415 350.293542784 23.0573201585 18.5444170629 54.7468391751
6216 7.61093983601 94.0298832961 171.487991693 426.90389865 0.851296031668 0.0767488786521 5.38349320286 66.7845632363 320.24578481 345.637764099 0 1669.74083344 39.9378071694 349.664893016 23.0621928306 17.2591665581 54.7542151898
6240 7.0873033445 84.9412507973 169.717095822 426.991598016 0.797704652217 0.534945786399 4.08800086868 67.5877506761 320.228515002 328.372061256 0 1670.92188877 39.9640292288 347.097345731 23.0359707712 16.0781112267 54.7714849977
6264 6.64654616631 80.286862208 158.931854924 427.067564707 0.782218067293 0.702047671454 2.52426999431 68.92389956 320.852700969 326.121616693 0 1671.92404192 40.0272801815 348.541514796 22.9727198185 15.0759580725 54.1472990301
6288 6.24599158494 79.4482992147 156.69024678 427.140372074 0.781887411506 0.84921094586 2.73625867318 68.4922708953 320.847063873 325.51466541 0 1672.81999926 39.9263082295 336.783724463 23.0736917705 14.1800007317 54.1529361259
6312 5.89858839302 68.2908335644 157.40041442 427.207960783 0.789696756013 0.020816878179 3.35067290884 68.6308526737 321.128389327 326.17703084 0 1673.61358358 40.0450291185 331.542289591 22.9549708815 13.3864164175 53.8716106728
6336 5.59609344308 66.9276224499 167.160574042 427.268152311 0.737576239199 0.194130890324 2.66537615207 69.1347644068 320.955944503 310.588153523 0 1674.29772581 40.040253538 323.630490714 22.959746462 12.7022741891 54.0440554969
6360 5.31053439221 66.2796897771 167.571006357 427.324697477 0.704908531661 0.380624353432 0.876121489699 70.7136481484 320.44865712 283.41753615 0 1674.93884576 39.9778615853 316.084912616 23.0221384147 12.061154233 54.5513428792
6384 5.06669751545 57.7745346335 161.565088307 427.373665771 0.685445021163 0.468391261551 1.68533695896 69.7871609867 320.657790068 280.562823507 0 1675.49749971 40.1004853994 307.563285805 22.8995146006 11.5025002854 54.3422099309
6408 4.84942114343 50.656758575 160.885079576 427.41836603 0.676110241622 0.600688107792 1.0432888568 70.2615467632 320.864374744 275.252000882 0 1675.99338936 40.2279817439 304.952564357 22.7720182561 11.0066106383 54.1356252558
6432 4.65881104343 46.4043939735 160.908561773 427.458936531 0.673620478522 0.668990826875 1.11633797842 70.0821141853 321.218016428 282.439740819 0 1676.42805577 40.321384855 291.768512413 22.678615145 10.5719442274 53.7819835719
6456 4.48890482902 44.5779074428 158.136776815 427.49648541 0.674251170601 0.704370613123 1.93496312689 69.1899296789 321.182177019 280.778765971 0 1676.81230545 40.3281589489 287.304244765 22.6718410511 10.1876945406 53.8178229806
6480 4.33317089942 46.0575015345 158.745380105 427.53225645 0.676816584893 0.747928167332 2.53618317161 68.5068156256 321.182969972 271.642931924 0 1677.16202759 40.2375760208 290.554092178 22.7624239792 9.83797240028 53.8170300275
6504 4.18261315408 43.3444461489 157.786533344 427.568308404 0.683283770539 0.84123601419 2.02906684815 68.8781049625 321.215461436 260.814542682 0 1677.50607574 40.3662487412 292.452922525 22.6337512588 9.49392425709 53.7845385636
6528 4.04641808175 41.234203887 153.191726219 427.602436143 0.691577392174 0.889710903043 3.36656743583 67.4497081256 321.447104278 266.972169043 0 1677.81473718 40.390445698 288.041576806 22.609554302 9.18526281462 53.5528957213
6552 3.91383678014 40.10042565 155.153614927 427.637289622 0.701928981678 0.0234949495576 3.5454370812 68.0918493651 321.360639762 262.181873534 0 1678.11278645 40.3268024927 284.478279168 22.6731975073 8.88721354293 53.6393602375
6576 3.78585893717 41.8609139038 155.485681802 427.671527416 0.67245761357 0.143607590451 1.86440812011 69.6479992595 321.098967791 251.199502103 0 1678.40029828 40.2445494619 279.773858541 22.7554505381 8.59970171178 53.9010322083
6600 3.6636847202 36.0708610899 150.302752119 427.704010925 0.648593130642 0.207314587084 1.23678124707 70.2033001096 321.273088864 250.876858238 0 1678.67958579 40.3893436535 277.621058832 22.6106563465 8.3204142036 53.7269111352
6624 3.5593916108 33.7545405101 150.839908586 427.731712544 0.630667251272 0.237443379571 0.250729649559 71.1494471751 321.4848612 254.178559621 0 1678.91755541 40.478320038 273.305627115 22.521679962 8.08244458533 53.5151387998
6648 3.46343048248 32.6145062188 153.676561752 427.757246365 0.615313780315 0.261056982659 0.109548888065 71.2568339834 321.507546579 252.053106574 0 1679.13592518 40.5472869005 269.692545843 22.4527130995 7.86407481792 53.4924534201
6672 3.37194363031 32.555039006 154.600114705 427.781678504 0.601964215347 0.301367939939 0.871691296113 70.4432980446 321.323761059 243.342538718 0 1679.34154917 40.4572265744 268.647484123 22.5427734256 7.65845082276 53.6762389409
6696 3.28018189114 34.4658164883 150.35545585 427.806348067 0.590578135858 0.340734073853 0.716732678801 70.5456070441 321.320275818 240.130829373 0 1679.54760086 40.3591706727 263.210382942 22.6408293273 7.45239913675 53.679724181
6720 3.19079344811 32.3587127688 152.688339722 427.830617065 0.580904836251 0.378847564901 2.56393304907 68.645697485 321.140752731 229.55170163 0 1679.75049374 40.3980623986 260.404921668 22.6019376014 7.2495062558 53.8592472688
6744 3.11320737658 31.6904748345 156.986206294 427.851948512 0.575082984529 0.465158241466 1.98785459361 69.1199556681 320.972519099 219.716062822 0 1679.92783621 40.4785055965 253.260172993 22.5214944035 7.07216378507 54.0274809008
6768 3.03940954431 29.8403577978 153.743289963 427.872574727 0.571424367466 0.479711377984 0.483122817261 70.5931667098 320.872830031 206.818116286 0 1680.09620135 40.5939963046 254.555854704 22.4060036954 6.90379864683 54.1271699679
6792 2.96888380467 28.1894738218 145.589481438 427.892642697 0.568337130869 0.485278409375 0.940651486612 70.1130902759 321.143190768 210.082513784 0 1680.25540492 40.5712762332 254.981174484 22.4287237668 6.74459507546 53.8568092318
6816 2.9041123766 29.1088120141 145.842769435 427.911406181 0.565938502375 0.50182764784 1.22523033109 69.7955973369 321.297928999 212.376809888 0 1680.40249593 40.5689134573 250.786706852 22.4310865427 6.59750406123 53.702071
6840 2.83635507964 26.4728329371 147.481369447 427.931413653 0.564252543611 0.535451435667 1.63545819098 69.3334241763 321.192050024 209.529228101 0 1680.55581663 40.5924057298 246.091766978 22.4075942702 6.44418336218 53.8079499759
6864 2.77576065299 26.0490527944 146.007279235 427.949681119 0.56370636274 0.550862865765 0.867389441303 70.0683602111 321.259212037 209.950647466 0 1680.69315713 40.591728888 244.771740229 22.408271112 6.30684286083 53.7407879624
6888 2.7185812074 25.0787267711 146.830729166 427.96727734 0.563501229169 0.55987880616 1.02887168013 69.880470944 321.361091785 210.098386274 0 1680.82350189 40.6754735771 243.683045197 22.3245264229 6.17649810009 53.6389082142
6912 2.66252855585 25.5732606739 146.946595051 427.984887713 0.563633143458 0.582117109856 2.16436480377 68.70499723 321.306529268 210.87943725 0 1680.9496039 40.5734474212 237.989959717 22.4265525788 6.05039609347 53.6934707316
6936 2.60767258422 23.2130134936 149.028817261 428.00250276 0.564710145161 0.611283038706 0.280902163516 70.5406018919 321.136665143 202.193265859 0 1681.07503504 40.7180463136 236.670795931 22.2819536864 5.92496495907 53.863334856
6960 2.55803898496 24.9542574241 144.665859666 428.0188 0.566032459133 0.613822658773 1.28181282947 69.5195320524 321.317416106 205.383592303 0 1681.18721795 40.6346357127 230.687157438 22.3653642873 5.81278204667 53.6825838936
6984 2.50631022585 27.1896298991 147.944992807 428.036169786 0.56767042713 0.626780098301 1.38702886916 69.3823508191 321.096941715 193.742029613 0 1681.30310669 40.4951833975 229.027783413 22.5048166025 5.69689330886 53.9030582841
7008 2.45460000703 24.0754376454 146.120584388 428.053950736 0.56951863197 0.632275464663 1.54952660983 69.1947285569 321.079609361 188.864828474 0 1681.42142254 40.6643997355 228.637512799 22.3356002645 5.57857745652 53.9203906387
7032 2.40784413342 23.0228126365 142.511545853 428.070409163 0.571580452848 0.648752311391 0.519819403258 70.1894386692 321.189124055 191.330924657 0 1681.52752857 40.6602191122 224.474441778 22.3397808878 5.47247142308 53.8108759442
7056 2.36414845287 21.8899646998 144.963118135 428.086140175 0.573705321763 0.64961298544 0.424551243237 70.2659902742 321.139943641 188.474160587 0 1681.62738181 40.7672095174 221.648156259 22.2327904826 5.37261818581 53.8600563585
7080 2.32361361756 20.7204077483 142.621287013 428.101048108 0.575630863525 0.650140694463 1.22344753169 69.4497328017 321.271692716 189.910050863 0 1681.71969444 40.8431792612 219.073210418 22.1568207388 5.28030555811 53.7283072837
7104 2.28639025692 19.3315198805 143.499438556 428.115014417 0.577479443003 0.65476964011 0.894286900831 69.7584495989 321.374451725 194.005666301 0 1681.80492103 40.9871386534 213.767790981 22.0128613466 5.19507896632 53.6255482745
7128 2.24922152351 21.0743013639 143.167748151 428.129235142 0.579357936282 0.652983121621 0.602470586443 70.0359532134 321.191618502 187.658113203 0 1681.88815283 40.8102483385 212.68160658 22.1897516615 5.11184716107 53.8083814972
7152 2.21072304845 20.9193471988 145.380803634 428.144264035 0.581355864401 0.663218841362 1.37691925337 69.2342420052 321.092660039 179.128196588 0 1681.97509825 40.7739364447 213.690719894 22.2260635553 5.02490174136 53.9073399601
7176 2.17206567661 20.7992335456 141.06962771 428.159677281 0.583593881892 0.668341892388 1.19951285846 69.3888740857 321.09376854 178.574032689 0 1682.06219341 40.6845131793 210.857064696 22.3154868207 4.93780658894 53.9062314595
7200 2.13606005724 18.625406802 148.135458601 428.174336569 0.585747927949 0.6790666305 1.91406278802 68.6467860842 320.85391431 170.332922796 0 1682.14478319 40.8652705057 207.254786032 22.1347294943 4.85521680714 54.1460856891
7224 2.10201165777 18.5882014225 141.400451079 428.18848193 0.588009566897 0.678873737841 0.582078122286 69.9625566428 321.091380307 172.809288809 0 1682.22198957 40.8572588471 204.871968734 22.1427411529 4.7780104287 53.9086196925
7248 2.07065432067 17.313522805 142.581934272 428.201762184 0.590119621127 0.687131993444 0.124969959265 70.3960162417 321.233775934 175.070367899 0 1682.29393268 41.0123317076 200.717980351 21.9876682924 4.70606730971 53.7662240652
7272 2.04148605348 17.3441490634 142.908139231 428.21434143 0.592143524306 0.688153747131 0.594269838517 69.9110914598 321.069021087 171.878719376 0 1682.36004989 40.9922480178 197.787473666 22.0077519822 4.63995010943 53.9309789123
7296 2.00999006658 18.0071940222 144.667247375 428.228177289 0.59432249233 0.684442362875 0.213860463881 70.2791973916 320.924684917 163.616196792 0 1682.43062649 40.8519273627 196.968945535 22.1480726373 4.56937350512 54.0753150824
7320 1.9802588888 19.6484308073 144.872669353 428.241484537 0.596314701619 0.686351916442 0.75502399474 69.7208248498 320.794457347 155.598411599 0 1682.49849768 40.9016081111 194.282651431 22.0983918889 4.50150231715 54.205542652
7344 1.9520350424 16.3891514667 142.711973332 428.254345472 0.598220859134 0.686970924895 1.2416420041 69.2188207397 320.902147638 158.193517111 0 1682.56315104 41.0748593972 189.814124412 21.9251406028 4.43684895703 54.0978523615
7368 1.92723425223 14.7717532858 138.175650586 428.265835837 0.599968815423 0.694140238119 0.552051616279 69.888003493 321.239983846 163.765057002 0 1682.62009169 41.2849440475 190.470031757 21.7150559525 4.37990829971 53.7600161538
7392 1.90330156004 14.5214401762 138.940083973 428.277098061 0.601722099496 0.693996908913 0.846499306063 69.5806836238 321.297273443 167.462976033 0 1682.67442916 41.3057194055 186.249097941 21.6942805945 4.32557083747 53.702726556
7416 1.87890476888 17.3279419121 141.859293246 428.288760044 0.603600224629 0.709542969601 2.15095908514 68.2471376768 321.075641579 161.489259336 0 1682.72881527 40.9924290592 183.221644358 22.0075709408 4.27118472913 53.92435842
7440 1.85292533031 15.5972242527 140.836822873 428.301390337 0.605924523765 0.721138788791 1.5678372297 68.8037091202 320.966221811 156.891471905 0 1682.78771808 41.051422444 184.241586999 21.948577556 4.21228191213 54.0337781885
7464 1.8276378456 16.1024734691 141.492759662 428.313904852 0.608368602783 0.725880027192 0.978685524252 69.3731609938 320.957390539 153.978092578 0 1682.845096 41.0527067047 181.368336117 21.9472932953 4.15490399091 54.0426094606
7488 1.80210835926 15.8090561562 143.311098835 428.326768315 0.610890695522 0.72997692219 0.423954279704 69.9084097873 320.668263985 144.413316196 0 1682.90264848 40.9685278872 180.597542729 22.0314721128 4.09735151681 54.3317360145
7512 1.77845495703 14.7889996729 139.440019658 428.338898428 0.613225698981 0.729535114561 0.789645535418 69.5286952227 320.900737543 145.642306771 0 1682.95683308 41.1144540298 178.946486605 21.8855459702 4.04316691277 54.0992624565
7536 1.75700471888 13.6245892285 138.823327158 428.350079362 0.615317899181 0.729027849521 1.0439148944 69.2616599951 320.936120947 146.346949194 0 1683.00611391 41.3148221657 177.386366951 21.6851778343 3.9938860803 54.0638790527
7560 1.73666717508 14.6542550353 139.453309795 428.360842681 0.61731272837 0.732129821608 1.23987061675 69.0498441515 320.973968645 145.51030348 0 1683.05190599 41.1580643171 175.896600132 21.8419356829 3.9480940021 54.0260313544
7584 1.71475400099 13.9731762565 140.285703787 428.372622494 0.619643018316 0.751117041677 1.51221014457 68.7444073009 320.796036654 140.736842452 0 1683.10156841 41.1931269819 175.494060765 21.8068730181 3.89843158559 54.2039633452
7608 1.69338839365 14.6947318132 138.489757572 428.384299769 0.622157959107 0.758122821779 0.790946736318 69.444472713 320.932669008 142.459932564 0 1683.14962357 41.0471845636 173.167721297 21.9528154364 3.85037642378 54.0673309914
7632 1.67402117388 13.7990708752 138.778564848 428.395055065 0.624536814235 0.764361110915 0.96389915897 69.2521478511 320.878119641 141.628231142 0 1683.1942497 41.2462858392 171.966263502 21.7537141608 3.80575029174 54.1218803585
7656 1.65543048788 12.4250150296 140.139266035 428.405536611 0.626894177405 0.767617345461 1.10777698799 69.0921748778 320.801289177 137.89769019 0 1683.23686879 41.4587472975 171.799477754 21.5412527025 3.76313120603 54.1987108222
7680 1.63777155574 13.2941528952 137.498745298 428.415639914 0.629229837807 0.781702001753 2.18383742263 67.9895908238 321.000497995 140.640228521 0 1683.27666944 41.3160816359 170.689492925 21.6839183641 3.7233305507 53.999502004
7704 1.62005848282 13.3633061708 136.252393195 428.425924263 0.631789099711 0.79110932798 1.28376490242 68.867412407 320.995257536 142.898118347 0 1683.31670084 41.2486136262 168.657788981 21.7513863738 3.68329915312 54.0047424629
7728 1.60201700441 13.1295863685 134.770261471 428.436559373 0.634428192849 0.792422740509 1.43290558464 68.703684109 321.069647549 143.786228242 0 1683.35775455 41.3094741959 167.715605931 21.6905258041 3.64224544109 53.9303524503
7752 1.58508276565 12.3677107297 136.472804153 428.446692668 0.636979584427 0.794820547667 0.520581977164 69.6009252223 321.068804088 144.988763591 0 1683.39633293 41.3918814703 165.829328631 21.6081185297 3.60366706492 53.9311959115
7776 1.5688381753 11.9644528224 140.226907022 428.456553975 0.639400714449 0.794627666396 0.579820970131 69.5295966739 321.007210466 141.89752508 0 1683.43332729 41.4608077381 163.041001293 21.5391922619 3.56667270557 53.9927895336
7800 1.5519895074 13.7354921699 137.175948521 428.46693033 0.641914612793 0.799512640783 0.679673948852 69.4119684673 320.933212313 138.834206396 0 1683.47099662 41.1740446355 163.326560374 21.8259553645 3.52900337238 54.0667876864
7824 1.53485583741 12.3158906959 138.166705499 428.477641086 0.644508526659 0.79757323491 0.823993883754 69.2562832687 320.832616281 134.008078396 0 1683.51009922 41.3302038183 163.636156707 21.6697961817 3.48990077475 54.1673837184
7848 1.5193966062 11.5183717696 136.315618808 428.48744551 0.646848642697 0.801530626956 0.855817050622 69.2083581696 320.890342084 134.183420475 0 1683.54558423 41.5127282648 162.966793015 21.4872717352 3.45441576904 54.1096579154
7872 1.50461057362 11.5040435441 137.898199454 428.496950701 0.649135785908 0.805968333453 0.850991367377 69.1969538117 320.794810542 130.110706294 0 1683.57911381 41.4955023255 163.338385827 21.5044976745 3.42088618882 54.2051894571
7896 1.48832236897 12.3882759012 133.377335726 428.507569729 0.651652985657 0.803354784611 0.973522221523 69.063900279 320.936965203 130.231373457 0 1683.615562 41.2669838324 166.665725999 21.7330161676 3.38443799807 54.063034796
7920 1.47230904606 12.0210053048 136.91244974 428.518163444 0.65406692749 0.800838120405 0.0889193709736 69.9380121364 320.793533833 126.336323329 0 1683.65204436 41.3281954329 165.013967978 21.6718045671 3.3479556395 54.2064661661
7944 1.45740839334 12.0554523356 138.469913976 428.528160096 0.656248095529 0.798066034742 1.13854475099 68.8789810221 320.691245528 122.478107346 0 1683.68583168 41.3004504993 163.416538945 21.6995495007 3.31416831495 54.3087544714
7968 1.44254181389 11.5179732813 137.124516357 428.538269393 0.658373103704 0.793319789622 0.200357277497 69.8096804358 320.675651392 122.486248338 0 1683.7197942 41.4127700035 160.910773437 21.5872299965 3.28020579319 54.3243486078
7992 1.42861451787 11.315560457 135.434671385 428.547864351 0.660295740424 0.792017646043 1.198683966 68.8011382965 320.727949665 122.28934436 0 1683.75151361 41.4588368851 159.477877221 21.5411631149 3.24848638565 54.2720503339
8016 1.41390287511 12.0419656627 134.755392397 428.558132404 0.662316591156 0.792427059615 1.26007712579 68.7270468188 320.687889316 119.126001728 0 1683.78460326 41.3009794104 159.092298423 21.6990205895 3.21539673472 54.3121106837
8040 1.40071459533 10.4954965396 132.601434715 428.567455343 0.664123730256 0.792586122024 1.22124017512 68.7545946289 320.86785862 122.533556534 0 1683.81511062 41.6392067015 158.741705937 21.3607932985 3.18488937705 54.1321413797
8064 1.38838706816 10.3036778069 132.506280233 428.576272866 0.665843072631 0.795588480593 0.121928114243 69.8403674658 320.914209776 122.559652831 0 1683.84316652 41.6829351289 159.411551124 21.3170648711 3.1568334785 54.085790223
8088 1.37634091986 10.1516965744 134.643662274 428.584987195 0.667496546367 0.792719169631 1.02139548575 68.9334016026 320.827142024 120.564275713 0 1683.87054089 41.7079505996 158.095727327 21.2920494004 3.12945910836 54.1728579758
8112 1.36388336467 10.8743617509 134.255525335 428.594102587 0.669197556208 0.792670637281 0.953869599708 68.9901596192 320.822356178 119.149392618 0 1683.89844466 41.4752628955 159.812547821 21.5247371045 3.10155533407 54.1776438218
8136 1.35150027349 10.1192635284 137.411211373 428.603269487 0.67087126417 0.791461004943 0.89145156398 69.0429466797 320.696088878 116.785899794 0 1683.92684869 41.6711058637 157.548865028 21.3288941363 3.07315130329 54.3039111211
8160 1.33918170094 10.9063160356 134.592884734 428.612495031 0.672497601411 0.788584568028 0.835979844949 69.0904429539 320.697667201 117.4052033 0 1683.9544785 41.4405642557 155.357330291 21.5594357443 3.04552149497 54.3023327985
8184 1.32589413288 11.3147257525 134.190743884 428.622566948 0.674228749199 0.78849466765 0.858386432356 69.0563232028 320.764939911 116.685935874 0 1683.98458375 41.405793847 154.231993238 21.594206153 3.01541624901 54.2350600888
8208 1.31425366627 9.87549558282 130.54655436 428.631495024 0.675723975999 0.786617682835 0.766003348167 69.1401599683 321.002089361 124.331336812 0 1684.01144524 41.7024499919 152.155915124 21.2975500081 2.98855475758 53.9979106385
8232 1.30250915047 10.8206726353 135.427391576 428.640603464 0.677213400888 0.786275195513 0.686676994653 69.2092309444 320.817627431 118.442016637 0 1684.03768939 41.4104642537 153.115109002 21.5895357463 2.96231060155 54.1823725681
8256 1.29139342891 11.3843202697 136.557309886 428.649318784 0.678622335469 0.790593777141 1.55629700848 68.325168095 320.712416922 114.89707189 0 1684.06327334 41.6133774371 151.099351066 21.3866225629 2.93672665203 54.2875830773
8280 1.28012625617 10.2361605894 133.749260879 428.658248839 0.680113407934 0.792322717474 0.450467216261 69.4188478188 320.749747298 115.505598586 0 1684.08877964 41.5763881487 151.112617449 21.4236118513 2.91122035583 54.2502527013
8304 1.26921314912 9.56384400445 132.129147075 428.666992261 0.681534377808 0.789862913725 0.332290336175 69.5293201107 320.837759137 116.905243938 0 1684.11370945 41.7276736124 150.161468871 21.2723263876 2.88629054943 54.1622408625
8328 1.25866411041 10.5322612967 132.981269007 428.675532986 0.682868912609 0.789525671914 1.18778576041 68.6642866691 320.980083045 117.576861612 0 1684.1376281 41.6896841336 149.252042789 21.3103158664 2.86237189714 54.0199169546
8352 1.24795552099 10.5784568954 133.070984221 428.684293624 0.684216924011 0.788687139411 1.06444674992 68.7783555628 320.877285399 117.155897975 0 1684.16189844 41.6657078186 148.37621225 21.3342921814 2.83810155813 54.1227146007
8376 1.23596702646 11.0963001596 135.140266254 428.694211695 0.685733519927 0.78990986114 0.0503178422071 69.7798270817 320.58649824 112.007269922 0 1684.18843787 41.2306170054 146.543047367 21.7693829946 2.81156212388 54.4135017591
8400 1.22567827254 9.12272642112 134.650125838 428.70281806 0.6869965951 0.786107745389 0.913753263951 68.9103243355 320.707867865 110.891153583 0 1684.21263259 41.8039770849 146.732833692 21.1960229151 2.78736740102 54.292132134
8424 1.21630696954 8.85458627842 133.756543782 428.710733783 0.688110765473 0.782527153737 0.70669279469 69.1119355024 320.660024965 108.88697069 0 1684.23401264 41.8899595175 145.952372854 21.1100404825 2.76598735923 54.339975034
8448 1.2062277064 9.64306959625 133.834687263 428.719330111 0.689290966707 0.783115521684 0.557365952383 69.2508974475 320.638105614 106.895728603 0 1684.25653233 41.5935170463 144.212692557 21.4064829537 2.74346766849 54.361894385
8472 1.19688555759 8.77108057988 134.024494521 428.727375403 0.690380483906 0.783641936669 0.352136147168 69.4464660293 320.62373459 103.947594949 0 1684.27809364 41.8865180928 144.502414309 21.1134819072 2.7219063554 54.3762654096
8496 1.18795510351 9.57177877796 133.614167675 428.735137002 0.691410926944 0.782112379272 0.121696554441 69.6696431369 320.573879705 100.195253522 0 1684.29836139 41.8542362012 144.796151051 21.1457637988 2.7016386023 54.4261202939
8520 1.17811213299 10.005186756 133.242643083 428.743772868 0.692507115268 0.779270719384 0.978896561637 68.8055527353 320.545312862 98.5604891401 0 1684.32051083 41.7041760458 145.089671135 21.2958239542 2.67948916019 54.4546871374
8544 1.16843559969 9.40813070417 134.161649922 428.752346634 0.693560739132 0.776991418805 0.82747603204 68.9496251759 320.483176158 97.8079317922 0 1684.34236476 41.607184901 143.420782195 21.392815099 2.65763523282 54.5168238417
8568 1.15926514586 8.68958243796 130.775596769 428.760549824 0.694562235043 0.78101806248 0.625645693925 69.1382241839 320.668441265 101.843366226 0 1684.36346451 41.8530762706 141.797118821 21.1469237294 2.63653548235 54.3315587345
8592 1.1504673452 8.6818068402 131.673118896 428.76849229 0.695551331066 0.783618479338 0.39972258433 69.3526153155 320.732881862 103.236652615 0 1684.38343273 41.8395454968 140.216279619 21.1604545032 2.61656726306 54.2671181371
8616 1.14203131468 9.12364062178 129.42423912 428.776176184 0.696510279079 0.783559408766 1.15255143101 68.591202697 320.778795944 105.457364005 0 1684.40256003 41.7575106758 138.676459043 21.2424893242 2.59743996319 54.2212040552
8640 1.13212596883 10.6874729821 131.860954892 428.785284679 0.697612624289 0.7811063164 0.0483331142166 69.6876632654 320.56677007 99.5621655158 0 1684.42446234 41.2739804438 140.153878029 21.7260195562 2.57553765001 54.4332299294
8664 1.12317343916 9.13870453601 131.22100824 428.793598105 0.698568851242 0.77731150597 0.867827170916 68.8626943667 320.622744124 99.8816262808 0 1684.44531684 41.7083166147 139.632076793 21.2916833853 2.55468315308 54.3772558756
8688 1.1143718111 8.77066256391 131.005631073 428.801847345 0.69949960865 0.777136667489 0.672637861653 69.0488785174 320.665355636 99.8422818824 0 1684.46529918 41.7420209927 140.135323331 21.2579790073 2.53470081792 54.3346443634
8712 1.10628293724 8.90228400726 129.553614044 428.809495931 0.700350298084 0.778249085859 0.415259762328 69.2966449228 320.782407949 102.638658841 0 1684.4837466 41.7651821223 138.644773678 21.2348178777 2.51625339491 54.2175920503
8736 1.09743170542 8.54719846776 133.563091376 428.817940447 0.701277017509 0.778842185394 1.235280369 68.4666599805 320.492544932 96.6460277454 0 1684.50379455 41.7836059391 137.192019874 21.2163940609 2.49620544873 54.507455067
8760 1.08958220992 8.45084930277 131.48131015 428.825495852 0.702094960383 0.777392056746 0.971914814227 68.7231023162 320.544989204 95.683574495 0 1684.52170386 41.8280940112 136.772801641 21.1719059888 2.47829613516 54.4550107956
