Time EBV Teff Treg ODC_le1 ODC_le2 ODC_le3 ODC_le4 ODC_le5 NK IL2 DAC Resting_Teff Resting_Treg EffectorMemory Resting_Treg_temp Resting_Teff_temp NK_temp
0.0 0 0 0 0 0 0 0 500 375 1000 0 1687 63 0 0 0 0
24 0 0 0 0 0 0 0 500 336.279789971 908.048253598 0 1687 63 0 0 0 38.7202100291
48 0 0 0 0 0 0 0 500 335.391027502 823.849847309 0 1687 63 0 0 0 39.6089724976
72 0 0 0 0 0 0 0 500 334.559882085 745.880698262 0 1687 63 0 0 0 40.4401179151
96 0 0 0 0 0 0 0 500 333.760437385 673.915002205 0 1687 63 0 0 0 41.2395626152
120 0 0 0 0 0 0 0 500 332.995774144 607.703333798 0 1687 63 0 0 0 42.0042258555
144 0 0 0 0 0 0 0 500 332.2684442 546.975994766 0 1687 63 0 0 0 42.7315557996
168.0 1000 0 0 0 0 0 0 500 331.580390823 491.447224652 0 1687 63 0 0 0 43.4196091775
192 587.94283022 2674.42256109 91.5619289612 4.47673168998 18.9970923557 71.5351553232 179.581289232 225.4097314 319.455578209 5741.3447637 0 1039.6715255 41.772295668 0 21.227704332 647.328474501 55.5444217919
216 137.859497678 6765.31081003 173.562927812 75.5199728878 39.6437643148 87.1063826106 138.643146414 159.086733773 264.968526118 490.218464456 0 1394.4229642 38.9823606801 589.857854047 24.0176393199 292.577035804 110.031473883
240 33.6970653275 2302.46199215 178.070579074 158.956969025 30.7429867368 72.2780570831 106.164841148 131.857146007 279.364854662 235.399776267 0 1602.37205055 38.8694362622 555.622995568 24.1305637378 84.6279494526 95.6351453386
264 16.7956930832 570.592324219 171.000178982 181.899661011 15.0337851434 39.5733118606 71.0585118796 192.434730105 303.598314502 236.178920512 0 1647.45666443 39.0778057545 500.49983421 23.9221942455 39.5433355672 71.401685498
288 13.0765715723 220.917912446 169.15788382 185.346510023 4.06140981691 15.5012133667 49.9933332421 245.097533551 315.166459658 304.145989031 0 1657.20252977 39.5350052803 451.001865296 23.4649947197 29.7974702304 59.8335403425
312 11.3980195431 160.516234133 171.690591113 185.795188177 1.56373535979 1.70388161911 34.0742327978 276.862962046 318.097106961 344.649844016 0 1661.14501574 39.7267823999 427.446901037 23.2732176001 25.8549842595 56.9028930393
336 10.1601794612 149.121858121 167.826552823 185.970876432 0.750915565049 1.14625597957 27.0906369512 285.041315073 318.633706779 350.768345284 0 1663.93304157 39.6982819265 398.249308774 23.3017180735 23.0669584256 56.3662932216
360 9.16961980821 127.467825441 172.884372725 186.098578367 0.921121759248 2.05658938084 22.5592333206 288.364477172 319.224903579 340.768924198 0 1666.19279055 39.785869161 381.700740315 23.214130839 20.807209455 55.775096422
384 8.41155501418 109.302299644 172.907198328 186.221960027 0.9516167787 1.23155326543 16.2460358735 295.348834055 319.843455913 342.146691364 0 1667.9246838 39.8780998084 371.125321855 23.1219001916 19.0753162047 55.1565440871
408 7.80302507151 94.5421313846 175.307966143 186.30807993 0.0382887951398 1.60247448829 12.2385828988 299.812573888 320.22348923 339.005264754 0 1669.31284612 39.9919891459 361.647644392 23.0080108541 17.6871538774 54.7765107708
432 7.2830407191 84.6041551012 175.027637746 186.318363281 0.148181243669 0.70430766217 12.1134275936 300.715720219 320.399858615 338.056817695 0 1670.48755271 40.0146586336 350.154828209 22.9853413664 16.5124472875 54.6001413855
456 6.83715805208 78.4831381689 170.889828692 186.335952838 0.218550418466 0.722722924464 11.5202597643 301.202514054 320.724919812 339.571172046 0 1671.49860713 40.0606919757 338.81900893 22.9393080243 15.5013928741 54.2750801888
480 6.46023447808 76.3162520974 169.945390077 186.357170632 0.285925877828 0.404907266693 9.54825399094 303.403742232 320.847235664 337.297323649 0 1672.35015994 40.0591391276 329.232853867 22.9408608724 14.649840058 54.1527643364
504 6.08252093048 74.3317582949 159.251993568 186.384511405 0.329090364551 1.14069470506 10.1803937077 301.965309818 320.940390234 328.36796324 0 1673.19304791 39.9736116344 322.660772629 23.0263883656 13.8069520854 54.059609767
528 5.74138292142 70.731437568 162.727912528 186.414124562 0.359988681744 1.06367068375 11.2744781696 300.887737903 320.801107701 307.633024868 0 1673.96513532 39.9971930982 319.332412053 23.0028069018 13.0348646791 54.1988922995
552 5.4513297397 67.167965911 164.960997025 186.44322903 0.382523826048 0.743681106077 10.1140175501 302.316548488 320.690338894 296.863776872 0 1674.62296554 40.0002495415 308.732829592 22.9997504585 12.3770344578 54.3096611061
576 5.19868815274 56.1352709663 167.190555045 186.471637935 0.406451317634 0.243797504336 8.24630856493 304.631804678 320.925590281 295.733688282 0 1675.20437903 40.2028121534 295.872617002 22.7971878466 11.795620968 54.0744097191
600 4.96619424619 55.7592300721 157.836311488 186.49964068 0.417142246687 0.890226243833 8.32549677555 303.867494054 320.883679684 279.718409025 0 1675.72686533 40.1468368619 297.607196239 22.8531631381 11.2731346732 54.1163203167
624 4.75688815745 52.7107743594 159.680833499 186.527826679 0.459195488291 1.26395014767 5.58728742055 306.161740264 320.990883575 277.202140526 0 1676.20020413 40.1541224621 289.499184838 22.8458775379 10.7997958706 54.0091164254
648 4.57726631265 46.4423229353 156.467410649 186.555176331 0.477806078556 0.595447154516 5.85742523465 306.514145202 321.464064897 284.103338597 0 1676.61306892 40.3339449951 288.621888125 22.6660550049 10.3869310794 53.5359351032
672 4.41973366963 42.0039639084 158.547648179 186.580580397 0.492218222315 0.923230263693 7.52278273353 304.481188384 321.571341841 290.618547408 0 1676.97115374 40.3974660927 282.838222505 22.6025339073 10.0288462638 53.4286581594
696 4.26713701554 42.2087950459 157.860668857 186.606545734 0.486554973337 0.327567656246 7.14516993292 305.434161704 321.415574069 281.260005752 0 1677.31503958 40.3742951561 279.188011632 22.6257048439 9.68496041925 53.5844259316
720 4.12926338744 43.3412820857 160.044253975 186.630442828 0.485881501614 0.613033529786 5.91976628836 306.350875853 321.367603186 272.31244095 0 1677.62532299 40.2954390582 276.594300634 22.7045609418 9.37467701481 53.6323968141
744 3.99159113959 39.4447096417 159.128069866 186.655427553 0.49858345028 0.874252586672 8.19777501183 303.773961399 321.028066522 258.850729565 0 1677.93858063 40.4028284889 271.648885541 22.5971715111 9.0614193721 53.9719334783
768 3.87090034931 36.8069622768 154.525268944 186.678850671 0.515448590709 0.106958176688 7.01837959588 305.680362966 321.35613836 261.388145082 0 1678.21291822 40.4620064674 266.647638385 22.5379935326 8.78708178154 53.6438616406
792 3.75399004554 37.3586909831 147.611560856 186.70226164 0.505080887809 0.448012730245 6.68652183422 305.658122908 321.641794953 264.83309004 0 1678.47568978 40.3794386828 268.255839084 22.6205613172 8.52431021896 53.3582050473
816 3.64675615744 34.6946173206 151.237021016 186.724234364 0.507351492782 0.669277831528 4.76844927389 307.330687038 321.600467486 264.010329749 0 1678.72010731 40.4821521908 266.25499863 22.5178478092 8.27989268531 53.3995325149
840 3.54144229761 38.3574220121 152.916856969 186.746768141 0.519987867574 0.949347940504 5.85011758834 305.933778463 321.434874371 256.066686941 0 1678.95524126 40.3133022425 260.932346048 22.6866977575 8.04475873838 53.5651256299
864 3.43854793862 34.0892196008 150.572172663 186.769888087 0.517254982489 0.207796147279 5.10274736371 307.402313419 321.422659592 249.026708765 0 1679.18987472 40.4096294815 262.151079338 22.5903705185 7.81012528023 53.5773404087
888 3.35272772896 34.009851313 151.806765198 186.789323502 0.509234550803 0.397051054337 5.54553141458 306.758859478 321.601399981 245.994568064 0 1679.38730137 40.5783219827 259.843159023 22.4216780173 7.61269862676 53.3986000196
912 3.26448576262 32.3584165331 149.720257975 186.809651945 0.508054102021 0.558243432306 5.67590724871 306.448143272 321.494648014 244.340969271 0 1679.58492953 40.476418305 258.007252975 22.523581695 7.41507046943 53.5053519868
936 3.1787622593 33.3555058843 157.651151529 186.830011589 0.512904340029 0.7047389324 5.7876833668 306.164661772 320.92699838 223.604078635 0 1679.77765982 40.3766795552 255.385825665 22.6233204448 7.22234017831 54.0730016208
960 3.09894369485 35.2922970464 152.176472762 186.849765908 0.524092971568 0.894303004742 2.24174421976 309.490093896 320.963044035 215.117126726 0 1679.95910218 40.4012447391 249.514838583 22.5987552609 7.04089781986 54.0369559655
984 3.0180518472 31.3921718271 148.428863469 186.870868603 0.540255733782 0.990769566638 4.33962363709 307.25848246 321.085285392 213.520161362 0 1680.14174309 40.3895597574 247.059370331 22.6104402426 6.85825691124 53.9147146089
1008 2.94858807795 26.1079583166 147.808490722 186.889572176 0.528368860459 0.166003969619 4.88654049099 307.529514503 321.408020724 219.727792097 0 1680.30270017 40.6822893081 244.128273329 22.3177106919 6.69729983293 53.591979277
1032 2.8880345732 27.7265013093 144.528820597 186.905868737 0.51963952891 0.316632698656 3.29171025071 308.966148785 321.545997787 224.904577956 0 1680.44013259 40.6738114256 239.657014698 22.3261885744 6.55986741255 53.4540022138
1056 2.82436159845 24.8022313125 153.818554807 186.923150563 0.514569146572 0.429398811269 3.48207759794 308.650803881 321.232753331 217.647459669 0 1680.58403844 40.7004512018 231.744314257 22.2995487981 6.41596155607 53.7672466699
1080 2.76988032868 23.7944260477 150.932916597 186.938163471 0.513676619498 0.546072678512 6.3384170281 305.663670203 321.44912757 217.021248245 0 1680.70877686 40.8141904844 230.334171223 22.1858095156 6.29122314181 53.550872431
1104 2.71617633308 24.1408511871 143.100810843 186.953286097 0.516765628053 0.671396566726 4.21194140989 307.646610298 321.70642607 226.179504167 0 1680.83019319 40.7931426815 226.160947897 22.2068573185 6.16980680665 53.2935739301
1128 2.66461772341 21.6905593081 147.172041556 186.968219507 0.522708312119 0.785167856941 5.9057132776 305.818191046 321.597370094 224.763884076 0 1680.94774037 40.9118270448 223.339348129 22.0881729552 6.05225963328 53.4026299067
1152 2.61358814071 27.3500387732 147.302599556 186.983510372 0.532204996355 0.905901504733 3.65381092386 307.924572203 321.433864384 217.320016333 0 1681.06005138 40.4835284094 218.871834792 22.5164715906 5.93994862102 53.566135617
1176 2.55970046322 24.0716859591 147.932830142 187.000334248 0.54483692116 0.978671826921 3.18480153284 308.291355471 321.291943845 211.639725921 0 1681.18317176 40.642354826 214.762050308 22.357645174 5.81682824199 53.7080561551
1200 2.50740990931 24.3140151385 145.072217191 187.017288581 0.543213377882 0.0783373974403 3.61270080754 308.748459836 321.261871538 206.452026005 0 1681.30096821 40.5715607703 210.031999474 22.4284392297 5.69903178921 53.7381284621
1224 2.45961489555 22.144539694 145.48503836 187.032791753 0.531319195163 0.170909029694 2.43627634899 309.828703673 321.363626343 205.219627183 0 1681.41067685 40.7305788417 205.643193335 22.2694211583 5.58932314973 53.6363736579
1248 2.41572963572 21.9005420918 140.861628406 187.04701931 0.522812427705 0.258994744 4.68024454846 307.49092897 321.598545781 210.834478826 0 1681.51065379 40.7779256529 200.570150809 22.2220743471 5.48934621213 53.4014542194
1272 2.37301955192 21.3220529554 145.06791198 187.060923011 0.516885329137 0.357390737333 5.81918829782 306.245612625 321.47286058 203.468474396 0 1681.60752916 40.7997188915 199.747648189 22.2002811085 5.39247084455 53.5271394209
1296 2.33277361046 20.9175318642 145.366979854 187.074149453 0.514730777531 0.501798085455 6.51312432258 305.396197362 321.378766239 199.642380284 0 1681.69874563 40.7999449699 198.098559604 22.2000550301 5.30125436587 53.6212337611
1320 2.29399738739 21.4044042233 144.727790656 187.087099586 0.515703830979 0.584938356345 3.15989076418 308.652367463 321.255574793 193.750965022 0 1681.78683726 40.8194181036 195.626460323 22.1805818964 5.21316274108 53.7444252076
1344 2.25658108799 18.896742842 139.591970894 187.099848106 0.518223948812 0.655607660972 1.67862247879 310.047697805 321.642297013 201.732782041 0 1681.87234648 40.9637190276 193.366405014 22.0362809724 5.12765352415 53.357702988
1368 2.21875410058 20.6447670244 149.179634172 187.113037567 0.522354597502 0.72880294972 4.40130698868 307.234497897 321.042479511 183.637327016 0 1681.95706252 40.7902739722 191.256551332 22.2097260278 5.04293747542 53.95752049
1392 2.18160713607 19.8142675565 142.013001034 187.126338315 0.528191223566 0.778762301912 3.15468243813 308.412025721 321.178671964 184.687619195 0 1682.0410633 40.7689960303 189.302948037 22.2310039697 4.9589366961 53.8213280369
1416 2.14695094361 18.3080727424 141.886420753 187.139100531 0.534573121806 0.815228063275 1.5265448058 309.984553478 321.299261958 182.909628874 0 1682.12057024 40.9290893442 188.53471442 22.0709106558 4.87942976456 53.7007380421
1440 2.11496453422 17.2738441819 140.64759638 187.151211025 0.541346799898 0.867097541133 2.39826455204 309.042080082 321.371078261 184.656890906 0 1682.1937326 41.0592584839 186.830877179 21.9407415161 4.8062674047 53.6289217397
1464 2.08219366166 20.6924696746 143.974922685 187.163984336 0.549410081347 0.912179275448 2.56086800853 308.813558299 321.122951909 176.754283941 0 1682.26656488 40.7367429633 183.322656981 22.2632570367 4.7334351229 53.8770480917
1488 2.05080199067 18.1787561824 143.975027001 187.176600268 0.558035868259 0.955861098692 3.52548256875 307.784020197 321.119610239 174.778956124 0 1682.33870627 40.9339843022 179.044985246 22.0660156978 4.6612937349 53.8803897619
1512 2.02291417399 16.2217921471 146.758406938 187.188149188 0.566805722137 1.01433420762 2.76058704219 308.47012384 320.929265145 167.711728117 0 1682.40278609 41.1492730689 175.948038391 21.8507269311 4.59721391262 54.0707348555
1536 1.99524736248 15.7781094437 144.436458652 187.199954563 0.576263370859 1.04635428161 4.08247542446 307.09495236 320.951340016 164.511485348 0 1682.46538154 41.1495148644 174.981744093 21.8504851356 4.53461846459 54.0486599847
1560 1.96743599078 16.1116722944 143.369430839 187.212074304 0.571495432551 0.161683246713 5.40361597143 306.651131046 320.951615496 160.281228317 0 1682.52828887 41.1014627092 173.131032382 21.8985372908 4.47171112954 54.0483845043
1584 1.94165945914 16.8526577536 137.345584026 187.223305983 0.564236880791 0.220807530335 2.44975590077 309.541893705 321.203096579 165.370589513 0 1682.58680769 41.0909613485 171.38620303 21.9090386515 4.41319231311 53.7969034216
1608.0 1001.91576974 15.4342203861 142.592501205 187.234601104 0.557824257057 0.254870522228 0.653413633916 311.299290483 321.063874704 161.718746015 0 1682.64569894 41.1633331121 168.778178239 21.8366668878 4.35430105893 53.9361252967
1632 372.008665823 5144.94620892 183.288855431 197.525870727 18.6410640752 46.0866070627 94.5004241939 143.246033941 275.227986286 895.478893913 0 1149.30541442 39.8568519326 388.932730301 23.1431480673 537.694585576 99.7720137148
1656 90.3187295653 3266.59410429 196.990345504 248.14078756 21.311227148 48.7760520141 83.4578436955 98.3140895822 275.193869234 392.72193569 0 1483.43680396 39.0751503504 449.695387132 23.9248496495 203.563196044 99.8061307665
1680 34.5565460985 1113.42952914 181.807600489 276.76320669 13.6168338614 37.1158933163 56.3501512412 116.153914892 294.145988697 314.439293618 0 1605.49957324 39.1005345789 438.034768511 23.899465421 81.5004267595 80.8540113037
1704 22.0066619351 446.866750513 170.794212926 283.207775554 6.33348780711 13.2565041329 46.7158605569 150.48637195 309.021471306 314.993997841 0 1636.60527902 39.3744647416 442.300016872 23.6255352583 50.3947209776 65.9785286945
1728 17.2623990187 270.568050804 174.46040882 284.493374135 0.946837002502 5.36895733432 28.1593562688 181.03147526 314.61013746 348.678878538 0 1647.842574 39.6112044278 413.148839005 23.3887955721 39.1574259974 60.3898625407
1752 14.583537533 215.223625448 175.82599872 284.763898723 0.549918394587 1.41449936736 22.6531816362 190.61850188 317.212093899 379.038593967 0 1653.97473923 39.7023340959 392.728871046 23.297665904 33.0252607661 57.7879061017
1776 12.6951306549 181.494922161 173.422790463 284.899850428 0.726269183846 0.360944514954 16.4462203646 197.566715509 318.348341192 385.749890997 0 1658.25389291 39.7592912877 384.05326654 23.2407087122 28.7461070914 56.6516588092
1800 11.1415640081 162.295469933 169.190041626 285.044104614 0.768253418816 1.28328942639 14.0022861828 198.902066358 318.117073817 352.742578916 0 1661.70941141 39.6922684823 382.491244211 23.3077315176 25.2905885891 56.8829261835
1824 10.0000190703 129.678105297 174.970311304 285.179814534 0.88012400626 1.22921355585 9.07509702289 203.635750881 319.156839639 355.618837768 0 1664.33326482 39.828886593 370.813548962 23.1711134069 22.6667351827 55.843160362
1848 9.1073036805 114.675437004 166.116726601 285.302218763 0.881864413141 1.37689840747 10.4081841263 202.03083429 319.787769713 357.722535403 0 1666.35454681 39.876679036 365.196185158 23.1233209639 20.6454531898 55.2122302877
1872 8.39827762559 103.231577524 164.915029204 285.409726464 0.885586382673 0.620052008742 6.57613153664 206.508503608 320.370319806 366.426622545 0 1667.96444306 39.9270314948 362.159362431 23.0729685051 19.0355569391 54.6296801943
1896 7.7713797076 96.141215217 172.976432319 285.512475938 0.882783278543 0.323346925959 8.7325227125 204.548871145 320.119658859 339.686682325 0 1669.37657796 39.9309305426 361.371555143 23.0690694573 17.6234220415 54.8803411414
1920 7.26686477439 89.2337436356 169.73394354 285.600020521 0.856826475387 0.191624650523 9.31477060863 204.036757745 320.617503522 348.747087295 0 1670.52264414 39.9801705141 347.774170709 23.0198294858 16.477355857 54.3824964791
1944 6.80667686013 79.4480781825 167.92995821 285.682280586 0.833047379843 0.963206750291 8.54924118004 203.972224104 320.822362376 349.423319899 0 1671.55972953 39.987097783 334.997972034 23.0129022169 15.4402704645 54.1776376243
1968 6.40542707875 82.1629063981 170.082528223 285.756685063 0.798284070624 0.606097516237 7.59913887645 205.239794474 320.591790111 330.362648026 0 1672.46098333 39.9201463462 325.288907629 23.0798536537 14.539016673 54.4082098893
1992 6.03624460929 73.1788151122 162.249867772 285.827352874 0.778921895565 0.284570755051 11.0918404678 202.017314008 320.771077562 315.190434732 0 1673.3013339 40.0136736922 325.056772095 22.9863263077 13.6986661037 54.2289224385
2016 5.71822443979 64.693373356 160.96559467 285.889709402 0.76498358527 0.870399603437 7.09778309404 205.377124316 321.016494596 313.401733376 0 1674.02421963 40.095327075 317.34618084 22.9046729249 12.9757803681 53.9835054047
2040 5.4416921605 62.805547989 162.372741688 285.946242639 0.745329943421 0.396196387828 8.79654308728 204.115687943 320.843158234 297.204270301 0 1674.64995871 40.0998014293 315.401704508 22.9001985706 12.3500412844 54.1568417668
2064 5.18864067554 57.8754991736 163.774017701 285.998995096 0.737065208241 0.824307919185 5.0415513623 207.398080415 320.88003186 288.944835054 0 1675.22246302 40.1126987641 310.140769554 22.8873012358 11.7775369805 54.1199681408
2088 4.96470907694 51.0814230558 160.824443575 286.048134759 0.745469721849 0.081832976391 4.46475050179 208.659812041 320.941860772 285.101142113 0 1675.73465747 40.2601519232 302.797792099 22.7398480767 11.265342524 54.0581392291
2112 4.78025916569 47.8306026012 163.163454526 286.089601265 0.718296174474 0.392379396203 3.90844092025 208.891282244 321.401642325 292.865605324 0 1676.15698839 40.3826247645 290.494053294 22.6173752354 10.8430116089 53.5983576755
2136 4.59032373486 50.5108038967 153.90716828 286.132901686 0.709446502779 0.730738451554 5.09300317272 207.333910187 321.415986944 293.166208739 0 1676.57922888 40.2043746146 284.697233162 22.7956253853 10.4207711149 53.5840130566
2160 4.41039825315 47.4434273679 155.860742086 286.175611935 0.716775010532 0.955014731257 6.277742907 205.874855416 321.292607189 282.796566929 0 1676.98551067 40.2021626072 284.938526355 22.7978373927 10.014489325 53.7073928113
2184 4.25330011538 43.695166826 158.292491094 286.215054973 0.734626554176 1.14213071833 5.32417500003 206.584012755 321.316882942 277.771241298 0 1677.34479245 40.3216148541 280.925715092 22.6783851458 9.65520755018 53.6831170585
2208 4.11078220508 44.4351145513 151.517615727 286.253218089 0.7598828916 1.34045625686 4.62741779258 207.01902497 321.584893947 283.777459463 0 1677.66616278 40.2669114271 272.285166228 22.7330885728 9.33383721468 53.4151060535
2232 3.97635197725 40.2707651662 156.462774126 286.290858561 0.748175616417 0.568404250744 6.71529049391 205.677271078 321.603481009 278.300377801 0 1677.97365493 40.4191666344 268.72722547 22.5808333655 9.02634506657 53.3965189917
2256 3.84768703053 40.010469714 157.035283038 286.327639624 0.744646744876 0.794297799965 5.67024349965 206.463172332 321.295278763 264.630862909 0 1678.26178107 40.314372896 268.957441729 22.6856271039 8.73821892522 53.7047212376
2280 3.72302414569 41.6616320725 156.252308181 286.36458572 0.75285483225 1.00993342762 3.62190427185 208.250721748 320.969351543 243.749014323 0 1678.54197777 40.2349730719 269.513146208 22.765026928 8.45802222588 54.0306484579
2304 3.60875168647 35.6094159946 151.4706531 286.399369805 0.729262572025 0.128937876585 4.30464021665 208.43778953 321.30481753 241.753107063 0 1678.80546428 40.4611910271 269.52013462 22.5388089728 8.19453571497 53.6951824707
2328 3.50372696963 35.1729912462 151.824074839 286.431151284 0.706774062855 0.278359288057 3.40836740905 209.175347957 321.197211468 236.862731921 0 1679.04186515 40.3950774659 266.002561554 22.604922534 7.95813484514 53.8027885324
2352 3.40254414042 37.0139593828 155.576645316 286.461855094 0.691562827961 0.428973436259 4.41685891383 208.000749728 320.857733107 220.1737568 0 1679.26957417 40.3041006981 265.188613064 22.6958993018 7.73042582852 54.142266894
2376 3.30575980491 33.7999886545 156.239181921 286.491591997 0.683247672707 0.53312519184 2.35704298057 209.934992158 320.762266443 210.240469339 0 1679.48996776 40.3935935961 261.74372919 22.6064064038 7.51003223462 54.2377335572
2400 3.21988069847 30.2005397198 151.94905966 286.518483721 0.67984330246 0.661195703027 2.43298268774 209.707494586 320.931008172 210.845703773 0 1679.68690753 40.562199704 256.007978159 22.4378002959 7.31309247242 54.0689918284
2424 3.1422541791 30.100175791 149.814844696 286.54337948 0.680979651724 0.761229965114 3.94413235585 208.070278548 321.218339496 218.534211783 0 1679.86288781 40.5578001947 247.97249885 22.4421998052 7.13711218496 53.7816605043
2448 3.06491072603 29.2524349594 153.897943643 286.568915084 0.685650847062 0.848691986201 3.63222339618 208.264518687 321.032607302 214.854595747 0 1680.03742987 40.5283886734 240.7473171 22.4716113265 6.96257012536 53.9673926992
2472 2.98733942745 33.2057548001 151.824867081 286.595425347 0.69387932751 0.957560935316 2.49029972992 209.26283466 320.833001299 203.274475021 0 1680.21028274 40.3227041677 237.052675165 22.6772958322 6.78971726206 54.1669987019
2496 2.91731728802 26.2234730153 146.509697251 286.620231379 0.6934750417 0.0641081039029 1.77127680049 210.850908676 321.225060755 209.495324647 0 1680.37337099 40.6732329069 236.741239033 22.326767093 6.62662901333 53.7749392457
2520 2.85565534481 24.4675437766 143.777574926 286.642142381 0.674476919535 0.120091200623 2.46598773262 210.097301766 321.464421881 215.800864091 0 1680.5139132 40.7664222984 234.759798124 22.2335777015 6.48608680214 53.5355781195
2544 2.79537551185 28.0691523746 145.186723376 286.663458801 0.658156310623 0.193804361351 3.10987235317 209.374708174 321.431800653 216.942528764 0 1680.64832609 40.5238279536 230.12508789 22.4761720463 6.35167390657 53.5681993478
2568 2.73709320144 25.0203413868 149.349789048 286.684042418 0.644917076197 0.277732765462 3.64156454243 208.751743198 321.205614059 208.518743572 0 1680.78137845 40.6470691022 229.813239435 22.3529308977 6.21862154685 53.7943859414
2592 2.68295718057 23.2196204494 147.779382722 286.703216852 0.63524661865 0.348029249868 1.84507595097 210.468431329 321.344209399 212.065766346 0 1680.90487065 40.761022016 223.832595051 22.2389779839 6.09512934897 53.6557906014
2616 2.63336246513 22.7012550817 144.145600941 286.720891075 0.62802132351 0.395561438523 2.6703053953 209.585220768 321.587350074 219.739079716 0 1681.01783514 40.8054844559 219.25555825 22.194515544 5.98216486163 53.4126499263
2640 2.58251781021 24.8130868952 143.09351389 286.739167039 0.622152779454 0.456150510347 2.73072503565 209.451804636 321.744936912 221.64124404 0 1681.13241288 40.7374291298 214.107394683 22.2625708701 5.86758712238 53.2550630892
2664 2.53205287441 22.4632650305 147.232614646 286.757522906 0.618430169594 0.525087992964 1.84319605169 210.25576288 321.412528785 214.971758206 0 1681.24687596 40.7636564068 210.266695481 22.2363435931 5.75312403961 53.5874712157
2688 2.48767023396 20.2992323657 150.319318802 286.773901905 0.616910084798 0.609501559135 4.26959237147 207.73009408 321.187134432 206.06289254 0 1681.34871715 40.9501097272 205.792990331 22.0498902727 5.65128284528 53.8128655683
2712 2.44480516854 20.6651319991 146.833367926 286.78998953 0.617309144137 0.643927500638 1.69416896771 210.254604858 321.371005648 202.754946619 0 1681.44560943 40.9185354735 203.565315289 22.0814645264 5.55439057014 53.6289943525
2736 2.40528380562 21.1418806383 142.018289054 286.805092357 0.618405104447 0.67271004293 0.784915676198 211.118876819 321.604651798 206.177904832 0 1681.53535279 40.9113977762 202.573489503 22.0886022237 5.46464721177 53.3953482022
2760 2.36317460368 20.5507446634 145.317740302 286.821498066 0.620213676985 0.700719278207 2.30580998464 209.551758994 321.334621612 200.241031604 0 1681.63004563 40.8449853504 198.764726056 22.1550146495 5.36995436531 53.6653783888
2784 2.32375305486 20.6956908871 142.296509485 286.837178897 0.622829358671 0.74566479054 2.52438437849 209.269942576 321.523164667 203.338390485 0 1681.71970718 40.8765168589 193.262751897 22.123483141 5.28029282069 53.4768353333
2808 2.28334795109 23.0469569463 144.679312683 286.853613329 0.626496012773 0.770629273012 1.00607478804 210.743186597 321.258884921 194.61651812 0 1681.80960589 40.6186546101 190.999487326 22.3813453898 5.19039410613 53.7411150801
2832 2.24544580857 18.8446985164 143.878485715 286.869391054 0.630392369065 0.797599077208 2.22882342862 209.473794071 321.387916161 193.780678009 0 1681.89761664 40.9801888143 189.898658257 22.0198111856 5.10238335894 53.61208384
2856 2.20788534854 22.7192058522 145.61673166 286.885399557 0.63515389141 0.851299301324 3.43581497405 208.192332276 321.216028551 183.619731658 0 1681.98107473 40.6735888433 187.937528167 22.3264111566 5.01892527289 53.78397145
2880 2.17225780875 19.4041808531 147.294146426 286.900969043 0.641161546063 0.91172922516 1.43492387487 210.111216311 321.127015667 179.137011311 0 1682.06322814 40.9160533785 186.186826909 22.0839466214 4.93677185861 53.8729843341
2904 2.1381195504 18.7511705086 145.485710709 286.916279866 0.647630029137 0.9235043069 0.39389282359 211.118692975 321.109004587 174.792928452 0 1682.14039416 40.8942273113 185.519268629 22.1057726886 4.85960583681 53.8909954134
2928 2.10742340789 16.8570001464 140.613358225 286.93039291 0.653714662646 0.941813806681 1.90441237686 209.569666244 321.243591089 176.859103423 0 1682.21094707 41.0959179275 186.960058008 21.9040820724 4.78905293327 53.7564089114
2952 2.07905195044 16.4605707566 140.178192399 286.943744237 0.659710256014 0.962630670934 2.12319231175 209.310722525 321.404835737 182.053731168 0 1682.27560235 41.156312183 183.467707248 21.8436878169 4.72439764413 53.5951642639
2976 2.05022140511 16.1853238971 139.138383073 286.957630489 0.666207059975 0.979469857098 0.47707631055 210.919616284 321.426834187 182.442111773 0 1682.34080426 41.1486378882 183.145829813 21.8513621117 4.65919573659 53.5731658133
3000 2.02148859721 18.5939103595 145.671494628 286.971803919 0.672765037208 0.984273217219 1.90115126482 209.470006562 321.039619637 171.614759793 0 1682.40504924 40.9164295451 179.924549975 22.0835704548 4.59495075973 53.9603803633
3024 1.99193239814 17.3160199279 144.893524768 286.986743166 0.679591586436 0.988968917111 1.51788035341 209.826815977 320.943029618 164.311831414 0 1682.47207815 40.9386077723 179.817201284 22.0613922276 4.52792184854 54.0569703829
3048.0 1001.96272898 17.6452093869 142.965997185 287.00187542 0.68650311444 0.996825683264 1.13984771861 210.174948064 320.938903631 159.214579019 0 1682.53820455 40.9175687148 178.778499173 22.0824312851 4.46179544841 54.0610963702
3072 372.686288454 5132.88683377 182.498860677 293.175287573 8.62438521874 27.9261935778 59.0733662565 111.200767374 275.105191391 891.146279057 0 1148.7572704 39.8615292529 401.397203275 23.138470747 538.242729598 99.8948086099
3096 90.5459501547 3272.54162749 187.085617458 321.708524632 14.6561662933 34.1966876262 58.4818393618 70.9567820873 275.37795156 386.400556666 0 1483.0640395 39.0769207833 435.3116139 23.9230792166 203.935960503 99.622048441
3120 34.4263846135 1127.23320334 183.297871121 341.89024268 9.02749515355 28.5330424658 44.9247151475 75.624504554 293.681630067 289.663736528 0 1605.69869016 39.0944817328 436.401574321 23.9055182671 81.3013098417 81.3183699346
3144 22.0259153195 421.945272735 178.77080324 346.642779207 4.08379148718 18.2067741847 32.4766533045 98.5900018166 309.37686416 324.001018157 0 1636.64634135 39.4094406894 418.696706108 23.5905593105 50.3536586473 65.6231358412
3168 17.5081470168 257.121737396 178.071710352 347.660179821 1.70444902406 3.46964931354 21.6195574423 125.546164399 315.304629157 372.782227651 0 1647.35702737 39.6640791736 408.56417128 23.3359208263 39.6429726318 59.6953708445
3192 14.7884135711 205.562350735 175.108536704 348.030014404 0.921447550383 2.72272545501 17.5084276359 130.817384955 317.012762561 385.860803568 0 1653.52113913 39.7255422967 397.973958008 23.2744577032 33.4788608692 57.9872374405
3216 12.7361302466 193.532905607 167.417089411 348.181932096 0.158895451985 1.46129095839 8.74659281131 141.451288683 317.510346775 358.964816858 0 1658.10373557 39.6722643647 390.681230861 23.3277356352 28.8962644268 57.4896532263
3240 11.2566375507 152.431460098 174.073607747 348.232045335 0.329548241313 0.940808542677 12.1919598732 138.305638008 318.74296317 367.825583364 0 1661.49398918 39.7882831125 382.69905321 23.2117168874 25.506010823 56.2570368315
3264 10.0907456621 136.128902143 169.762669496 348.300076244 0.489701998903 0.463819128536 6.27964907136 144.466753557 318.92598293 352.415991873 0 1664.11687549 39.7885365145 383.715118342 23.2114634854 22.8831245087 56.0740170713
3288 9.19869099512 116.94939309 172.962732994 348.370849277 0.548554077977 1.3225903028 6.15913857891 143.598867763 319.788396739 363.628563461 0 1666.15479636 39.8918126794 370.51012265 23.1081873205 20.8452036376 55.2116032625
3312 8.42529277467 116.472609907 175.705109435 348.446095821 0.589672657538 1.14517012657 9.0595546158 140.75950678 319.249719852 323.37427621 0 1667.88031001 39.8132643265 368.110589126 23.1867356734 19.1196899872 55.7502801497
3336 7.75325767908 91.5488785393 168.800448726 348.521401297 0.610817006305 0.934705537319 9.00808638368 140.924989776 319.911542724 325.258012113 0 1669.41445979 39.942842993 360.627081826 23.0571570069 17.5855402055 55.088457277
3360 7.23662954524 86.6871069979 168.622839895 348.585613396 0.615031101797 0.483975137673 3.30514688448 147.01023348 320.458122763 329.551908751 0 1670.58986882 39.9920135429 353.03729076 23.007986457 16.4101311816 54.5418772379
3384 6.76742793637 89.0728960517 167.907905773 348.647335957 0.618846260068 0.884640070453 8.46737135051 141.381806363 320.139341864 305.383817049 0 1671.64127743 39.918972086 345.48685926 23.0810279139 15.3587225664 54.8606581375
3408 6.36327688008 72.8598431999 168.504145959 348.703807696 0.600945047316 0.554645924683 6.93248888383 143.208112448 320.544568074 311.906167171 0 1672.56719801 40.0712233374 332.704971617 22.9287766625 14.4328019873 54.4554319267
3432 6.02922597404 65.4787681551 163.117840185 348.752666209 0.610952703977 0.859138598732 3.33401949745 146.443222991 320.854924825 315.018235094 0 1673.32760922 40.159044367 327.737297751 22.8409556329 13.6723907817 54.1450751759
3456 5.71576293467 62.4827109258 164.273957307 348.802636149 0.63975410922 1.09471620251 3.68743832947 145.77545521 320.875346288 307.777735419 0 1674.03097542 40.1206304913 316.92166741 22.8793695086 12.9690245736 54.1246537135
3480 5.44689630699 60.2307820901 162.169197178 348.849735263 0.647695402183 0.267058233226 5.05628602928 145.179225073 321.152118208 313.840545491 0 1674.64197426 40.1566621156 302.798674749 22.8433378843 12.3580257394 53.8478817931
3504 5.20189814998 61.2081030844 162.28600036 348.89380284 0.632746242106 0.578835108276 4.73423591252 145.160379898 321.133459799 300.526038361 0 1675.19256335 40.0955503392 300.92592544 22.9044496607 11.8074366455 53.8665402021
3528 4.96855493533 55.590658139 156.225496431 348.937419617 0.636421610879 0.76388947194 1.57956264191 148.082706658 321.324528995 297.094144801 0 1675.7222968 40.1614790985 298.481564653 22.8385209014 11.2777031967 53.6754710062
3552 4.7625603936 54.9457820798 158.222031266 348.97816371 0.647528670128 0.862988819232 1.77858254565 147.732736255 321.035078494 277.76696201 0 1676.18824115 40.1487365754 304.552118382 22.8512634245 10.8117588478 53.9649215073
3576 4.56701068784 51.7912376965 157.111232033 349.019346111 0.663283190797 0.994038871297 5.80093896355 143.522392864 320.968567812 269.758890546 0 1676.62860746 40.1342801823 300.492167314 22.8657198176 10.371392534 54.0314321888
3600 4.39839788628 44.3114115455 159.392201537 349.056679454 0.649999075896 0.208360807365 3.78126506962 146.303695594 321.270019904 274.076122538 0 1677.01694413 40.3291477087 292.008322421 22.6708522912 9.98305586502 53.7299800967
3624 4.25210577892 43.458266111 158.851477753 349.089158842 0.631529146899 0.340321388198 3.10072855213 146.838262071 321.38763479 277.205415083 0 1677.34966497 40.3769556134 282.874397868 22.6230443865 9.65033502626 53.6123652116
3648 4.10596420368 43.5311233962 156.44208823 349.121945404 0.619699606259 0.468548772608 2.66463025391 147.125175964 321.263585352 271.252374123 0 1677.67761828 40.2964513077 276.02040021 22.7035486922 9.32238171605 53.7364146496
3672 3.97008204346 42.3539821099 151.061068728 349.153103201 0.616033872104 0.613574890297 2.87659986495 146.740688172 321.420556431 265.568345896 0 1677.9842803 40.281411392 278.947853321 22.7185886079 9.01571969744 53.5794435699
3696 3.84377367048 38.3772419867 154.512611038 349.183015357 0.618547861446 0.744652233704 4.8023399106 144.651444638 321.26401199 258.275176305 0 1678.27237788 40.3767936566 275.370004328 22.6232063433 8.72762212325 53.7359880109
3720 3.72873039821 37.2283804214 150.966455058 349.211391741 0.627283117033 0.849476440737 2.32660919697 146.985239505 321.520935682 263.000871409 0 1678.53256003 40.3671995673 271.522801755 22.6328004326 8.46743996946 53.4790643192
3744 3.6123805582 38.8288300827 156.607814007 349.241502461 0.639805630777 0.934188021387 2.16864631094 147.015857576 321.109044328 245.922790383 0 1678.79387255 40.2740006762 267.440826778 22.7259993237 8.20612744451 53.8909556731
3768 3.50711214001 35.5822472872 159.748511504 349.270187828 0.653638689444 0.9676642276 0.632628049165 148.475881206 320.936163072 232.586346765 0 1679.03483359 40.411716622 264.102336812 22.5882833779 7.96516640463 54.063836929
3792 3.41709678268 30.1194147009 152.315242714 349.29592184 0.666124835106 1.00289087639 2.30011660591 146.734945843 321.44622122 244.884625458 0 1679.24207543 40.6348753885 258.492268095 22.3651246114 7.7579245655 53.5537787815
3816 3.33332433747 31.2614875318 155.074449606 349.320927071 0.670755715949 0.0842953202478 3.6339158562 146.290106037 321.193165091 235.14982864 0 1679.43052603 40.5433461098 257.48230955 22.4566538901 7.56947396343 53.8068349105
3840 3.25268370132 30.44736554 149.960607506 349.345192489 0.650925717406 0.155386915663 0.98884141969 148.859653458 321.41619894 237.988529558 0 1679.61302894 40.5510950311 255.825164344 22.4489049688 7.38697105633 53.5838010617
3864 3.17112478031 32.9167371598 151.800400735 349.369643739 0.633341354139 0.200673927487 0.591355136015 149.204985844 321.264532196 228.440636841 0 1679.79634108 40.450927203 255.488037802 22.5490727969 7.20365892262 53.7354678048
3888 3.09395970869 28.3551128474 147.369697531 349.392769568 0.61910620697 0.308355135421 2.89184973744 146.787919352 321.576760114 235.717114536 0 1679.97278508 40.6071513385 252.483017811 22.3928486614 7.02721491958 53.4232398873
3912 3.01846941919 28.1056390208 147.178728699 349.41552271 0.609707260077 0.40604644725 2.21364549097 147.355078092 321.456564974 234.304901769 0 1680.14295535 40.5599223558 247.948631737 22.4400776441 6.8570446513 53.5434350271
3936 2.94869951966 29.4385305561 154.22569135 349.436804422 0.604179422303 0.478246228499 1.28260642513 148.198163502 321.183198318 220.258475136 0 1680.30060966 40.494678941 244.067875163 22.5053210589 6.69939033533 53.8168016828
3960 2.87808807429 27.5222262095 150.104132136 349.458700919 0.600772759346 0.540397898607 1.55457104488 147.845557379 321.127706164 215.232767643 0 1680.46082309 40.5521955241 240.50822062 22.4478044758 6.53917690717 53.8722938374
3984 2.8175029186 25.9248197995 149.604824724 349.47784919 0.599444573633 0.575964714602 2.21472008743 147.132021434 321.272318104 214.844898312 0 1680.59971112 40.6969736816 237.299115839 22.3030263183 6.40028888143 53.7276818977
4008 2.75919318717 23.8532858117 154.458732589 349.496644279 0.59894460717 0.593451955415 1.82750536843 147.48345379 320.921955989 201.766463626 0 1680.73208186 40.7454265061 233.655523733 22.2545734938 6.26791814018 54.0780440126
4032 2.70446964984 23.8070814455 149.034451672 349.514645641 0.599436163284 0.641325124488 2.18044364646 147.064149425 321.13589893 204.902361675 0 1680.85590073 40.7255198885 226.395687121 22.2744801114 6.14409926926 53.8641010709
4056 2.64908217141 23.3258304235 146.979058454 349.533279655 0.601405846785 0.680186396544 1.69288796162 147.492240141 321.275332048 205.48454742 0 1680.98142548 40.7411540289 221.61362154 22.258845971 6.0185745153 53.7246679528
4080 2.60020972104 22.5220807535 150.905536246 349.550111772 0.603931402109 0.705954823401 1.7690014243 147.371000578 321.184555045 201.531651562 0 1681.0926074 40.7820042757 216.314610433 22.2179957242 5.90739260052 53.815444956
4104 2.55065279996 22.6001721316 148.008671523 349.567586491 0.606938475546 0.719260454204 2.00582909926 147.10038548 321.040221459 191.810616831 0 1681.20437881 40.7401089471 218.183438875 22.2598910528 5.79562119332 53.9597785422
4128 2.50297344332 24.6539188256 145.395843206 349.584816072 0.610672533791 0.764329095928 3.09330136652 145.946880932 321.114214695 191.12410002 0 1681.31195794 40.6398515529 214.28177562 22.360148447 5.68804206261 53.8857853062
4152 2.45594632948 21.5459707144 145.651057566 349.602258937 0.615605672776 0.793825564924 1.22893344912 147.759376376 321.128308023 189.722837846 0 1681.41922087 40.7778128558 212.621008103 22.2221871441 5.58077912966 53.8716919779
4176 2.41270767662 22.231147866 147.587249626 349.618724724 0.620434958331 0.809737829861 2.1237045143 146.827397974 321.03271299 185.537160247 0 1681.51717356 40.7538346303 210.133395015 22.2461653696 5.48282644324 53.9672870108
4200 2.36959288688 21.2415852119 142.68513179 349.635578125 0.625856750857 0.830844878443 1.06497806646 147.84274218 321.173466085 185.98600378 0 1681.61553368 40.8568514127 209.840843132 22.1431485872 5.38446631795 53.8265339158
4224 2.3305881299 19.5722309198 140.064041979 349.651223744 0.631038864936 0.840427734844 0.711001964054 148.166307692 321.528038037 192.97398014 0 1681.70491155 41.0203618533 209.681992371 21.9796381466 5.29508845334 53.4719619645
4248 2.29197813623 20.3153342406 145.356764585 349.667101199 0.636178883736 0.838172066736 0.403837970898 148.45470988 321.190260947 186.216126096 0 1681.79128848 40.818005238 207.696640188 22.1819947619 5.20871151864 53.8097390543
4272 2.2539226499 19.0881484045 142.470467027 349.683142851 0.641355890765 0.856021932839 2.06381187401 146.755667452 321.31263614 188.838153879 0 1681.87801221 40.9165486932 204.928383711 22.0834513067 5.12198779128 53.6873638616
4296 2.21566511558 20.1833537881 139.991417057 349.699684052 0.647020542982 0.878508215299 0.795484836606 147.979302353 321.301251449 189.567066089 0 1681.96366231 40.7524738668 201.382383214 22.2475261331 5.0363376883 53.6987485526
4320 2.18032984933 18.7098364907 140.554467268 349.715353514 0.652564924041 0.883417624596 1.33061309391 147.418050843 321.365367148 188.493149969 0 1682.04474558 40.9043557259 201.006843556 22.095644274 4.95525442218 53.6346328529
4344 2.14839164261 18.5558376778 139.083694734 349.729855949 0.65784202944 0.898108774235 0.553784305131 148.160408942 321.553507918 193.41455169 0 1682.11757701 40.9444422557 197.783867694 22.0555577442 4.88242298919 53.4464920835
4368 2.11394949884 18.6915726777 147.03760504 349.745872936 0.663539879581 0.898608786977 1.11431352789 147.57766487 321.019992339 180.239574568 0 1682.19479831 40.8360917348 192.807678202 22.1639082651 4.80520169103 53.9800076624
4392 2.08157912968 19.3768011802 143.722507522 349.761295894 0.669141248073 0.919584754457 2.47158949565 146.178388608 321.041642437 172.975723678 0 1682.26827912 40.8084261177 194.045049122 22.1915738822 4.73172088245 53.9583575638
4416 2.05004713811 17.4600174946 140.59162542 349.776684406 0.675125375354 0.943490720105 1.78396521564 146.820734284 321.119823371 171.135122615 0 1682.34029492 40.9547550463 195.226911107 22.0452449536 4.65970507598 53.8801766303
4440 2.01970055596 17.5556639918 138.899646333 349.791855415 0.681294514459 0.967717262925 1.01669106112 147.542441747 321.22831886 173.480024811 0 1682.40901484 40.9247308137 193.493241422 22.0752691862 4.59098515988 53.7716811411
4464 1.98963717018 17.8299456832 139.216982478 349.807253013 0.687639824769 0.970875849977 1.30857449805 147.225656814 321.267826035 173.987660327 0 1682.47693767 40.8635866562 190.932468934 22.1364133437 4.52306232515 53.7321739667
4488.0 1001.95945567 18.5218406158 140.72762816 349.823093975 0.694174236308 0.9844720123 0.641908997311 147.85635078 321.242675377 169.192253766 0 1682.54577293 40.9644681374 189.492132647 22.0355318625 4.45422706681 53.7573246245
4512 373.742002024 5173.05009048 180.020870668 355.192763394 7.81501283377 26.6441854867 44.2072933657 66.1407449211 275.591446666 917.229403911 0 1148.1559317 39.8600207429 391.214460042 23.139979257 538.844068295 99.4085533355
4536 89.7758116441 3352.33238854 183.287404706 380.805368885 14.6046639293 26.4890379843 36.727228504 41.373700698 274.835367003 392.861775118 0 1484.06833769 39.0635725359 442.571269139 23.936427464 202.931662304 100.164632999
4560 33.6402885752 1141.42729509 175.687100358 396.400645894 7.13333042393 12.5940299352 26.8080076735 57.0639860747 293.473141325 291.743761139 0 1607.306921 39.078523982 454.428863934 23.9214760179 79.6930789918 81.5268586765
4584 21.2333462667 438.748231597 170.239458619 399.710356395 2.51726021281 5.16597870842 17.5253923802 75.0810123048 309.067992406 315.892136668 0 1638.30739657 39.3585963813 431.838643486 23.6414036186 48.6926034255 65.9320075957
4608 16.7825162224 252.283803152 172.576704666 399.985412588 0.625432873945 2.83269144327 9.09230870306 87.4641543929 315.330092403 368.569670322 0 1648.94732702 39.6366004343 408.430408095 23.3633995656 38.0526729783 59.6699075986
4632 14.1951267297 214.187126134 176.786498243 400.198658913 1.05310165037 2.01991925712 8.67704315833 88.0512770216 316.588203374 351.369523182 0 1654.82155927 39.6722962084 389.898529152 23.3277037915 32.1784407295 58.411796627
4656 12.4018464576 162.160455428 178.254966289 400.252016554 0.370097718314 1.50960903632 9.74659813228 88.1216785598 318.271259373 368.906594473 0 1658.9287765 39.8150800637 378.305926901 23.1849199362 28.0712235013 56.7287406283
4680 11.09454362 145.779040273 180.027542358 400.322236842 0.462488350668 0.819760048861 6.229502943 92.1660118163 318.797108993 357.404285918 0 1661.87572036 39.8334811414 385.225459573 23.1665188585 25.1242796382 56.2028910083
4704 10.0055089434 130.645919368 172.258841377 400.39483722 0.469228254273 0.650695482138 3.69913479274 94.7861042519 319.357093385 363.718317998 0 1664.32864206 39.8490194853 368.309782498 23.1509805146 22.671357938 55.642906616
4728 9.10343849299 113.385229942 169.998659394 400.464274991 0.497359748501 0.278611323474 5.19294173016 93.5668122079 319.50279039 347.564136497 0 1666.36732943 39.9021115128 363.412951663 23.0978884871 20.6326705678 55.4972096113
4752 8.38542362919 104.158409394 172.689747852 400.525591024 0.508397721875 0.818044424505 4.09835146875 94.0496153619 319.921141044 332.088008442 0 1667.99137315 39.9270671986 370.22954666 23.0729328013 19.0086268464 55.0788589571
4776 7.77861847833 93.9195394064 169.088261736 400.585510481 0.560930245884 1.17591982754 4.19023399435 93.4874054517 320.068145789 333.410106711 0 1669.36046853 39.9366480015 364.703743372 23.0633519984 17.6395314647 54.9318542129
4800 7.25241810256 89.94913735 171.72415638 400.645434097 0.5660192668 0.554739310088 3.61955925798 94.6142480686 320.100977382 321.707516083 0 1670.55041564 39.9532500457 355.65290694 23.0467499542 16.4495843535 54.8990226196
4824 6.79246476329 80.7124118839 165.034593334 400.701586177 0.582224002158 0.915697403044 4.38642208643 93.4140703325 320.61393546 322.640766642 0 1671.59363639 40.0078104271 350.648861458 22.9921895728 15.4063636101 54.3860645417
4848 6.38045544233 74.7625300966 162.76758384 400.756669762 0.575207840595 0.317845965428 5.70057789783 92.6496985355 320.588367284 316.247303638 0 1672.52074388 39.9959464919 347.457463136 23.004053508 14.4792561184 54.4116327177
4872 6.0219646996 73.0751302753 161.209709378 400.806104706 0.569079913753 0.625608713977 2.51181989499 95.487386772 320.817783894 313.926247844 0 1673.3302368 39.9811072993 340.071162959 23.0188927006 13.6697631978 54.1822161079
4896 5.69306155476 70.1496911331 157.098795637 400.854492618 0.583404789228 0.879260390012 3.12287277032 94.5599694333 320.983472667 312.499254953 0 1674.0718649 39.9578962512 332.523842697 23.0421037487 12.9281351008 54.0165273345
4920 5.40539051112 68.6465480825 157.516572201 400.900797799 0.607784031307 0.966761351073 4.39898789627 93.1256689235 320.922180838 298.049758734 0 1674.72609403 39.9902069233 331.91966075 23.0097930766 12.2739059694 54.0778191633
4944 5.151472857 60.4045564988 160.854044737 400.944103202 0.587101677899 0.323971812527 4.72393163797 93.420891671 321.22919452 300.357815423 0 1675.30710573 40.1049101679 321.4538586 22.895089832 11.6928942631 53.770805482
4968 4.92286756631 60.4037628929 159.957295424 400.98360762 0.574707187588 0.439120362738 1.11589290353 96.8866719272 321.141753269 292.241456489 0 1675.82380926 40.1117986659 313.995131329 22.888201334 11.1761907409 53.8582467322
4992 4.69448921096 53.9835235039 158.873851981 401.02430649 0.568877529718 0.526665695677 0.849243044095 97.0309072416 320.929245002 278.396584268 0 1676.33744088 40.0831180489 307.354235581 22.916881951 10.6625591183 54.0707549996
5016 4.5015524787 50.1520789555 161.175470539 401.060078603 0.568583116825 0.60316352955 1.7834849973 95.9846897541 320.767539916 264.685496613 0 1676.77763863 40.1586675697 302.250530783 22.8413324302 10.2223613666 54.2324600859
5040 4.33736513162 45.1973852358 161.291541511 401.091860392 0.572747265436 0.691641877788 2.98023871098 94.6635117551 320.998546733 266.487855099 0 1677.15324778 40.2650506388 291.855488217 22.7349493611 9.84675221603 54.0014532682
5064 4.18462248947 45.7326003984 158.56233143 401.122885744 0.58215681099 0.817376549068 2.89448261225 94.5830982846 321.113691418 258.958121831 0 1677.49932179 40.2909194542 286.803918608 22.7090805457 9.50067820678 53.8863085839
5088 4.0412075837 41.6863010986 160.201525109 401.153681361 0.595684590274 0.881594271566 1.77368633741 95.5953534408 321.138039143 252.432604736 0 1677.82495581 40.3388377542 281.895460004 22.6611622457 9.17504418712 53.8619608585
5112 3.90319376159 42.45470055 155.268133113 401.185143031 0.612127323179 0.97011646426 3.57278610309 93.6598270794 321.121900087 250.087475027 0 1678.13451985 40.2522573923 273.096341688 22.7477426076 8.86548014561 53.8780999144
5136 3.78247831829 36.2997832841 155.226483061 401.214410186 0.63036337097 1.0346926159 1.92768113535 95.1928526929 321.155466714 248.821343211 0 1678.41152203 40.4176488516 268.402364682 22.5823511483 8.58847796314 53.8445332874
5160 3.67470700929 35.3160559587 151.737885921 401.242092277 0.64006195834 0.0798286658607 3.98023792613 94.0577791738 321.375249795 251.888004197 0 1678.65678936 40.4676098617 264.425439152 22.5323901382 8.34321063919 53.6247502067
5184 3.56667270741 39.2784159106 160.043130192 401.270244187 0.619124951264 0.230512330129 3.04889048187 94.8312280507 320.826195355 232.722889158 0 1678.89617473 40.2347006822 261.10994333 22.7652993177 8.10382526467 54.1738046462
5208 3.46453654075 33.34507761 152.552695132 401.296892251 0.604401701788 0.304249463459 1.1411955638 96.6532610211 321.235645045 234.675197662 0 1679.13264054 40.5116893019 256.562247993 22.488310698 7.8673594558 53.7643549564
5232 3.37062721837 32.0677715955 153.42969021 401.321563901 0.593078147381 0.353333506373 2.04634865367 95.6856757928 321.18732192 230.717705495 0 1679.34482419 40.5029166831 254.376303899 22.4970833168 7.65517580649 53.8126780816
5256 3.28115399343 33.3817885048 151.280244715 401.345321531 0.584693168207 0.401137974576 1.8626015106 95.8062458162 321.066697613 226.152223423 0 1679.54617203 40.4127424959 250.755049913 22.587257504 7.45382796893 53.9333023888
5280 3.19545571942 30.6655010721 150.679021418 401.368409654 0.579042754487 0.472781951476 0.559870617601 97.0198950232 321.207713763 225.822364532 0 1679.74141049 40.4938814327 246.709020668 22.5061185672 7.2585895094 53.7922862386
5304 3.11644703161 27.2141379311 152.326280782 401.390085287 0.575554068835 0.506166856437 2.12048821804 95.4077055703 321.226056289 223.815725952 0 1679.92229801 40.6685608436 242.24542404 22.3314391563 7.07770198266 53.7739437128
5328 3.04648022028 28.3854603978 149.868570881 401.409657296 0.573946522947 0.542992484927 0.331695749128 97.1417079475 321.349153355 225.90692412 0 1680.0802085 40.5792459418 237.294592797 22.4207540581 6.91979149458 53.6508466461
5352 2.97807711858 25.3411898636 148.9404083 401.429193592 0.573272748852 0.567824053092 1.5639189559 95.8657906512 321.477828686 228.110066341 0 1680.23653872 40.7494346193 234.860797231 22.2505653806 6.7634612794 53.5221713156
5376 2.91378225343 27.1482876889 151.480105762 401.447962417 0.573353149222 0.57879346513 0.693444766581 96.7064462034 321.285022362 219.093932666 0 1680.38078689 40.5956174668 232.817236263 22.4043825331 6.61921310319 53.7149776396
5400 2.84809555885 26.982712187 147.891010328 401.467579116 0.573838157395 0.593059058312 0.955349156246 96.4101745126 321.171326362 212.116810028 0 1680.529263 40.6030663595 233.876796401 22.3969336404 6.47073699984 53.8286736398
5424 2.78953582106 25.8373597738 150.135662769 401.485471656 0.574553620993 0.607672154118 1.92269485507 95.409607715 321.140940997 208.853741577 0 1680.66261657 40.6349925782 230.297300442 22.3650074217 6.33738342205 53.8590590049
5448 2.73247061777 25.89576857 144.495602718 401.50330565 0.576063985884 0.643976475003 0.828242574059 96.4484113161 321.350130425 213.47211156 0 1680.79179014 40.6276656995 225.107356943 22.3723343004 6.20820985349 53.6498695764
5472 2.6744163747 27.1126892088 146.939697085 401.521900518 0.578591413978 0.671656520921 0.863449162535 96.3644023855 321.306148909 208.472654272 0 1680.92215909 40.512444073 222.293647844 22.4875559269 6.07784090394 53.6938510924
5496 2.61590231724 24.7083933782 145.998338467 401.541153924 0.58196386601 0.697033886253 1.99305702943 95.1867912949 321.222289974 204.084502111 0 1681.05579178 40.6687850862 219.791855179 22.3312149137 5.94420821802 53.7777100272
5520 2.56522871765 22.1815569304 144.93404673 401.558284582 0.585860565939 0.738445225055 2.71876904752 94.3986405805 321.367429221 204.759202361 0 1681.17193068 40.8034563263 218.506008798 22.1965436736 5.82806931505 53.6325707805
5544 2.5177899329 21.0679389346 146.097149845 401.574750342 0.590326164089 0.749838136337 0.372783963059 96.7123013957 321.348729098 204.42618193 0 1681.2797679 40.8700622126 213.524937551 22.1299377873 5.72023209499 53.6512709033
5568 2.47385410306 20.332036704 144.585981058 401.590394547 0.594623335716 0.765326019064 0.865182133748 96.1844739656 321.465146607 205.673241226 0 1681.37983131 40.9298510546 211.890705874 22.0701489453 5.62016868508 53.5348533944
5592 2.4318157841 19.4275334857 151.059064593 401.605738251 0.599027706342 0.769297587184 1.31243100352 95.713505453 321.128759045 192.015403914 0 1681.47544774 41.0011562658 211.393323898 21.9988437341 5.52455225565 53.8712409566
5616 2.39300159233 19.0632486681 147.248639292 401.620246454 0.603287944962 0.784484936275 1.58577590785 95.4062047575 321.308951108 195.736613783 0 1681.56352881 41.022303165 206.13326839 21.9776968349 5.43647118903 53.6910488931
5640 2.35143715123 19.9895835637 144.111284528 401.63616444 0.60796263559 0.78210260497 1.09831860433 95.8754517157 321.35371914 196.34348621 0 1681.65667182 40.8708342209 202.202103404 22.129165779 5.34332817427 53.6462808615
5664 2.31284387051 19.4548625911 146.057063476 401.651309974 0.612341838863 0.794756898756 1.44081083374 95.5007804556 321.17535084 191.325062963 0 1681.7446555 40.9344366271 197.575101496 22.0655633728 5.2553444972 53.8246491611
5688 2.27600132174 20.9288564719 143.611883344 401.666114113 0.61696407092 0.813016941776 0.699923476656 96.2039813988 321.280146857 191.447821302 0 1681.82779009 40.8474032721 193.207369054 22.1525967278 5.17220991132 53.7198531441
5712 2.2350090031 20.7021406619 141.834009302 401.683006198 0.622248400934 0.815278237067 1.29255437132 95.5869127935 321.186768251 184.259021779 0 1681.91967701 40.7240505372 195.019297005 22.2759494627 5.0803229908 53.8132317508
5736 2.19907019157 18.6182177416 144.25234389 401.698192962 0.626832450324 0.810204396603 0.618688725978 96.2460814664 321.217391834 182.714559641 0 1682.00272481 40.9854333135 191.916889833 22.0145666864 4.99727518707 53.782608168
5760 2.16623424856 21.0269394842 143.954447212 401.712385084 0.630979501055 0.815429588951 0.757198214847 96.0840076123 321.127692518 178.577762627 0 1682.07673094 40.8563072687 189.015538778 22.1436927312 4.92326906082 53.8723074836
5784 2.13164686935 17.7677561534 143.015867286 401.727673223 0.635507621468 0.82421524311 1.03767860038 95.7749253129 321.208121817 179.117925799 0 1682.15561128 41.0017925335 186.29958405 21.9982074664 4.84438871791 53.7918781844
5808 2.09899796122 17.9563879426 146.323326501 401.742437727 0.639922834209 0.829578258731 1.22969794259 95.5583632389 321.123100345 172.849868018 0 1682.22933774 40.9438842738 184.774022822 22.0561157261 4.77066225415 53.8768996566
5832 2.06888348235 17.0859580755 143.661765485 401.756353776 0.644035623552 0.831781293064 1.2870175603 95.4808117479 321.140128814 171.499968039 0 1682.2980654 41.034257691 183.385063739 21.9657423089 4.70193459575 53.859871187
5856 2.0407439741 16.8685442074 141.03151207 401.769623664 0.64795272054 0.839234581311 1.22526268008 95.5179263549 321.158138037 171.900712142 0 1682.36234796 41.1499596027 180.126684319 21.8500403972 4.63765203203 53.8418619646
5880 2.01181531944 15.8975379493 140.529878413 401.783544345 0.652113183759 0.846200388457 1.24666772577 95.4714743577 321.272205311 172.382169692 0 1682.42784673 41.1548712303 179.032055191 21.8451287696 4.57215327138 53.7277946905
5904 1.98447687046 15.765656043 142.930489589 401.796969404 0.656199981073 0.858042291509 1.17260083641 95.5161874881 321.032040325 167.795726656 0 1682.4897711 41.1430206881 176.024040275 21.8569793118 4.51022889231 53.9679596767
5928.0 1001.95929104 15.8232075905 142.806358842 401.809578954 0.660117992963 0.864540878811 0.978760223663 95.6870019515 321.10101816 165.741978326 0 1682.54735865 41.2582355766 174.161001475 21.7417644233 4.45264134425 53.8989818418
5952 372.858309907 5205.7047821 180.059299991 404.396340386 4.77925321319 15.6892598347 25.9420703026 49.1930762644 275.194991398 910.83190657 0 1148.57627678 39.8491295754 364.702780841 23.1508704245 538.423723214 99.8050086042
5976 90.0882726153 3326.94386921 185.216253194 418.050879498 6.87678563481 14.7894018072 30.4932487349 29.7896843262 275.190233688 380.002308852 0 1483.73190315 39.0697085771 460.054472297 23.9302914228 203.26809684 99.8097663134
6000 33.8775536755 1155.69862915 179.822269062 428.21666773 6.40378482129 11.3541270967 19.3791620596 34.6462582935 293.329915028 279.944229753 0 1606.78299225 39.0793456854 464.686216947 23.9206543145 80.2170077419 81.6700849741
6024 21.3908563762 447.75244613 169.032526363 431.123850407 1.5181207149 6.71064211105 17.9926274391 42.6547593292 309.090433674 319.205020831 0 1637.9461865 39.3546298993 439.853513006 23.6453701006 49.053813495 65.9095663277
6048 16.7542110081 269.498089505 166.673755587 431.556561455 0.826769099578 3.14661383478 5.62185983195 58.8481957793 315.05684064 364.861108551 0 1648.9575016 39.5814282506 404.156744586 23.4185717493 38.0424983973 59.9431593614
6072 14.2014713003 191.877781323 172.520614613 431.79268683 0.978947793026 1.10217016258 2.25216448963 63.8740307261 317.49970083 394.053356029 0 1654.85227398 39.7513659622 401.226855828 23.2486340377 32.1477260179 57.5002991717
6096 12.4270615514 172.535243866 171.310920633 431.982414414 0.905979232404 0.695278796341 4.1620408494 62.254286709 318.62040598 397.963238639 0 1658.8533147 39.76225014 388.656435542 23.2377498599 28.146685299 56.3795940222
6120 11.04410901 148.775634713 180.19039777 432.140468112 0.862714595124 0.529341709065 5.01451730483 61.4529582803 318.809145886 377.278958916 0 1661.97530182 39.788616279 378.505089197 23.2113837209 25.0246981725 56.1908541158
6144 9.92641573133 137.035294778 181.531000408 432.277098936 0.857474114977 1.0328011321 2.32659863198 63.5060271854 318.700797237 344.559668949 0 1664.49141386 39.7932952531 364.885822631 23.2067047468 22.5085861314 56.2992027652
6168 9.06899769915 114.556699914 178.559078116 432.390012914 0.792244234152 0.238229769652 2.82890862437 63.7506044592 319.437068727 349.60485748 0 1666.44787469 39.8943649128 344.498242486 23.1056350871 20.5521253039 55.5629312749
6192 8.38057510417 99.4870160145 175.630197931 432.48080798 0.747574255668 0.531907989009 4.01319965911 62.2265101173 319.846168299 342.416679292 0 1668.01044875 39.9744658765 344.352564146 23.0255341234 18.9895512442 55.1538317028
6216 7.79490374269 94.696306579 173.791746852 432.561005782 0.72991114341 0.616833670749 1.90845682181 64.1837925826 320.352151827 348.103855549 0 1669.32973823 39.9656176127 328.932908883 23.0343823872 17.6702617615 54.6478481747
6240 7.25880106184 93.0028462294 168.529196228 432.638540281 0.723846982138 0.752586844958 1.54896199858 64.3360638942 320.33771484 329.347272808 0 1670.53019165 39.9087472637 326.937477132 23.0912527362 16.4698083409 54.6622851614
6264 6.8072894618 74.7011341849 168.052468104 432.708488358 0.729835307037 0.855747593229 3.53051985935 62.1754088833 320.65300354 331.094365163 0 1671.56684348 40.0888684907 324.605411995 22.9111315092 15.4331565105 54.3469964618
6288 6.40340081578 79.941175511 172.970099013 432.776244891 0.749929739054 1.0603621031 2.96071871544 62.4527445526 320.330514273 308.330425269 0 1672.46702708 39.9544308375 312.609248735 23.0455691624 14.5329729191 54.6694857292
6312 6.05724461815 74.129922737 165.430819241 432.839329202 0.744584306447 0.163310442641 0.119757755125 66.1330182951 320.690479131 307.4172703 0 1673.25773555 40.0457100569 303.746012567 22.954289943 13.7422644482 54.3095208712
6336 5.74866882236 63.1685881431 163.340021476 432.896038248 0.703631883084 0.289544599611 4.02848723239 62.0822980381 320.863583166 304.253606866 0 1673.95778969 40.1278131494 307.397693758 22.8721868505 13.0422103055 54.136416836
6360 5.46946590822 59.4648353575 161.962494593 432.947721912 0.68390449803 0.545283755249 2.37892643452 63.4441634012 320.838600591 295.819065627 0 1674.58991707 40.1451640088 300.865247297 22.8548359911 12.4100829276 54.1613994104
6384 5.23323250977 54.769743509 158.737210143 432.992822214 0.679576105725 0.669763037294 0.401784881924 65.2560537623 321.307615122 303.037610798 0 1675.13000329 40.2790653224 294.195842364 22.7209346775 11.8699967058 53.6923848798
6408 5.01346523499 52.0280389846 157.983424157 433.036547815 0.679683754013 0.705842157511 2.46509153264 63.1128347414 321.440715018 305.623896335 0 1675.62463729 40.2482364694 287.160888729 22.7517635305 11.3753627076 53.5592849842
6432 4.81124313742 51.7786608339 165.902522924 433.078615629 0.683633234416 0.804899647371 3.22108006545 62.2117714246 321.175764446 291.858104698 0 1676.08065682 40.2239027143 279.070265845 22.7760972856 10.9193431706 53.8242355555
6456 4.62463487388 49.240038712 158.653948398 433.119445797 0.693113650844 0.865193161641 0.878449914096 64.4437974777 321.353930073 292.474382909 0 1676.50417237 40.2628588506 268.594047549 22.7371411493 10.4958276223 53.6460699288
6480 4.45573982664 44.2300885715 154.835706942 433.158403325 0.703191072002 0.887430457068 1.37919849404 63.8717766529 321.551256196 288.990128599 0 1676.88866522 40.3667178093 273.181172264 22.6332821906 10.1113347744 53.448743806
6504 4.29238588635 46.3507186368 159.277940553 433.198082692 0.713100524658 0.885578559278 0.938188421937 64.2650498033 321.072291955 268.792401468 0 1677.25316611 40.2209255556 272.155732574 22.7790744443 9.74683388045 53.9277080464
6528 4.14757709798 41.810402183 162.031984603 433.235030675 0.722641508878 0.922026933053 2.126734027 62.9935668572 321.139124146 263.237502044 0 1677.58457565 40.3455074377 267.895138819 22.6544925622 9.41542434122 53.8608758553
6552 4.01749089897 40.8693717814 158.14873733 433.269826874 0.733637597613 0.971732088046 1.04570201965 63.9791014218 321.270346384 260.619465151 0 1677.88021432 40.3888474386 265.661239821 22.6111525613 9.11978567843 53.7296536181
6576 3.89231243664 39.0867966028 155.945022976 433.304931244 0.745153913484 0.997128859512 0.98754098279 63.9652450011 321.266874169 260.934621664 0 1678.1628314 40.3728415199 257.156468173 22.62715848 8.83716859549 53.7331258332
6600 3.77122833561 38.6322003006 156.140376247 433.340482877 0.746717779275 0.022939127805 0.949797669749 64.9400625475 321.143250097 244.542078279 0 1678.4362376 40.3669945689 261.241314401 22.633005431 8.56376239923 53.8567499046
6624 3.6603105165 33.4053964493 157.742935315 433.37322553 0.716334094397 0.0753158432612 0.789446856924 65.045677676 321.096377516 242.454127321 0 1678.68978416 40.5189984755 255.87092999 22.4810015244 8.31021583908 53.9036224857
6648 3.55936037255 33.0855246113 156.210320995 433.402734136 0.691001731943 0.121659804612 1.44914010719 64.3354642214 321.133663219 240.084177787 0 1678.91757398 40.4887040831 252.178903671 22.5112959168 8.08242601117 53.8663367833
6672 3.46270167685 35.7938004439 150.017833937 433.430813541 0.669571930976 0.199091802313 1.9959764368 63.7045462895 321.432240519 242.239984769 0 1679.13593539 40.440553691 248.204297239 22.5594463089 7.86406460901 53.5677594828
6696 3.36654413159 32.8555641447 152.623996441 433.458708101 0.651697948488 0.268520824644 0.610693530516 65.0103795966 321.240689422 235.050131037 0 1679.35466392 40.5244054601 242.850534568 22.4755945398 7.64533607567 53.7593105794
6720 3.27984527961 31.3143409779 151.910325573 433.483927395 0.637336062647 0.288466613855 1.11665853327 64.4736113958 321.119153069 226.365213995 0 1679.55066825 40.5010702998 243.03712344 22.4989297001 7.44933174447 53.880846933
6744 3.19878890795 30.7295551641 151.405468014 433.507615581 0.625048994366 0.316572470492 1.49885598755 64.0519069677 321.133793554 225.39776146 0 1679.73420185 40.5036207124 236.642820486 22.4963792875 7.26579814908 53.8662064478
6768 3.11847063236 29.8390373111 147.561865978 433.531242398 0.613978991259 0.343945400792 0.918671676792 64.5921615338 321.341170249 227.434663571 0 1679.91590541 40.5038949135 231.886805783 22.4961050864 7.08409458193 53.6588297524
6792 3.04306092924 31.1587504469 151.414024185 433.553612361 0.604640952026 0.363100645836 1.25909889413 64.2195471481 321.152687764 216.902793226 0 1680.08625246 40.4468187009 229.607470546 22.553181299 6.91374752948 53.847312238
6816 2.96873759844 28.7457788815 147.285168091 433.575879848 0.596301084263 0.391865715109 1.60164388913 63.8343094649 321.215462531 216.862380321 0 1680.25561726 40.5419131106 223.74208471 22.4580868893 6.74438273009 53.7845374709
6840 2.89795835909 26.9282868955 147.118974802 433.597336291 0.58946801838 0.413782202749 0.896351309813 64.5030621792 321.13669432 211.335944742 0 1680.41599731 40.5786296104 220.418901883 22.4213703895 6.58400268725 53.8633056816
6864 2.83421509866 25.8659773188 148.552167146 433.616910881 0.584173353544 0.437921855489 1.00066818621 64.3603257251 321.07968715 205.76331651 0 1680.56096408 40.629401222 219.346138784 22.3705987779 6.43903591181 53.9203128522
6888 2.77706981804 23.376443698 147.74739747 433.634695566 0.580169582576 0.46633021876 1.91265882529 63.4061458087 321.143056427 198.947601879 0 1680.69244109 40.8338443483 225.30919414 22.1661556516 6.30755890421 53.8569435743
6912 2.7191200119 26.1205650089 145.226802008 433.652996279 0.5770366514 0.485730154827 0.909038486708 64.3751984291 321.094531195 197.347500474 0 1680.82167666 40.606088465 222.401085896 22.3939115349 6.17832333788 53.905468807
6936 2.66312831651 24.104365172 143.333651513 433.670962958 0.574357951547 0.494652188833 0.897788392055 64.3622385106 321.290208333 203.214088967 0 1680.94892689 40.6718473271 218.798277903 22.3281526728 6.05107310789 53.709791669
6960 2.61132043408 24.9701188723 147.208530985 433.687857579 0.572449106698 0.525568281258 1.7284559285 63.4856691051 321.215288253 201.444695756 0 1681.06669339 40.6784328551 212.615973482 22.3215671448 5.93330660817 53.7847117486
6984 2.56336348436 20.7860120997 144.730136004 433.703758013 0.571362851646 0.539231780556 1.48428362589 63.7013637296 321.43860118 204.688599595 0 1681.17714944 40.941906894 211.767027296 22.0580931059 5.82285054947 53.5613988217
7008 2.51488742545 27.5415996688 144.819796409 433.720110332 0.570662139362 0.551036038361 1.29574817705 63.8624433143 321.23785826 198.669277796 0 1681.28383039 40.5124479764 208.12792333 22.4875520235 5.71616960258 53.7621417421
7032 2.4644104461 22.3461423091 145.356108591 433.737461789 0.570525757009 0.574299807122 0.195741239605 64.9219714083 321.221948727 196.396892158 0 1681.40001533 40.7566260276 205.779064506 22.2433739723 5.59998466099 53.7780512749
7056 2.41803485582 25.3011724323 144.537937508 433.753721399 0.570715448683 0.585180200475 0.996370410971 64.0940125416 321.124464255 188.549325904 0 1681.50384342 40.564824645 205.580912146 22.4351753549 5.49615657806 53.8755357463
7080 2.37168909044 21.8598010042 147.535637755 433.770297533 0.571387607212 0.598687465525 0.823868732913 64.2357586626 320.946164291 183.483868458 0 1681.60985052 40.7339182238 200.645016439 22.2660817761 5.39014946946 54.0538357104
7104 2.3294986657 20.0830613458 143.950375033 433.785692631 0.572248736226 0.608617423825 0.522805735142 64.5106354751 321.125491471 183.746770256 0 1681.70624055 40.8497435278 199.920915405 22.1502564721 5.2937594429 53.8745085304
7128 2.29106750684 22.6546593546 143.630560899 433.79998388 0.573280371126 0.625932611079 2.07997162215 62.9208315161 321.070235119 179.325459802 0 1681.79261159 40.676367429 199.303708416 22.3236325709 5.20738840279 53.9297648832
7152 2.25230047226 18.302168823 145.123417785 433.814677681 0.574761294703 0.633505635795 0.696049082402 64.2810063075 321.122423056 178.58178402 0 1681.88204898 41.0043533088 198.796445028 21.9956466911 5.11795100973 53.8775769457
7176 2.2165313437 19.463144567 142.62089223 433.828496421 0.576177920974 0.635007054171 0.22265870846 64.7376598967 321.196219462 178.145557072 0 1681.96273926 40.895942517 198.413256071 22.1040574829 5.03726072956 53.8037805402
7200 2.18297023174 17.2150479083 140.143316152 433.841697615 0.577473747781 0.63180826068 0.686588867788 64.2624315097 321.35411079 181.886527891 0 1682.03977707 41.1133247363 198.177682633 21.8866752636 4.960222924 53.6458892115
7224 2.15031915806 20.7938107244 143.410559819 433.854766127 0.578821698396 0.648913604361 2.09143862469 62.8260599469 321.087583182 174.817391467 0 1682.11268194 40.8528269343 196.084836536 22.1471730656 4.88731805687 53.9124168198
7248 2.11546402542 21.9302600761 144.656194846 433.86897697 0.580637661508 0.655450537697 0.63732748927 64.2576073421 320.955871124 167.652273082 0 1682.19094584 40.7127854711 195.118926717 22.2872145288 4.80905415238 54.044128878
7272 2.08065582364 18.3081700011 143.257738422 433.883450892 0.582597513237 0.666163068005 1.19772186217 63.6700666652 320.893141219 163.341058488 0 1682.27087365 40.9551597817 194.194773682 22.0448402182 4.72912634057 54.1068587831
7296 2.05049590051 17.4028191226 142.462918416 433.896231341 0.584451940104 0.668821190003 0.583680124129 64.2668154055 321.037134387 165.864831733 0 1682.3394578 40.97431694 190.484780102 22.0256830599 4.66054219297 53.9628656144
7320 2.02172855571 16.2853297589 141.166886172 433.908636727 0.586239145784 0.669996508832 0.927165872166 63.9079617467 321.079290705 166.864560242 0 1682.40514764 41.1020886523 188.90233753 21.8979113476 4.59485235517 53.920709297
7344 1.99477159554 16.5144199122 142.315905808 433.920458282 0.588044181772 0.687635436907 2.16981627217 62.6340458282 321.006900037 165.178459358 0 1682.46643979 41.1016370789 185.505286941 21.898362921 4.53356020014 53.9930999647
7368 1.96498269126 16.6575739041 139.077692212 433.933755857 0.590342600667 0.692041644742 0.592129821722 64.1917300768 321.109457817 166.042589764 0 1682.53327699 40.990059185 183.275996968 22.0099408149 4.46672300521 53.8905421848
7392 1.93659463246 18.6513308735 142.039962601 433.946666109 0.592514788664 0.690185762315 0.979672532844 63.7909608084 320.87787379 155.618601711 0 1682.59714707 40.8168898245 184.143127196 22.1831101754 4.40285292112 54.1221262115
7416 1.90780185302 16.0276714368 140.610966787 433.960004981 0.594850994059 0.704441027526 0.374804498113 64.3658984999 321.016784618 156.148473847 0 1682.66312588 41.0340234806 183.09049408 21.9659765193 4.33687411517 53.9832153843
7440 1.88225782203 16.2993472133 137.793078497 433.97205484 0.597064527605 0.710661974365 1.64269948811 63.077519171 321.081198468 157.263490063 0 1682.72152489 41.1145331953 182.109950389 21.8854668046 4.27847510164 53.9188015338
7464 1.85633701295 18.2574503988 139.543602122 433.984499195 0.59952886817 0.724233704099 0.931654059415 63.7600841743 321.035344015 153.669762436 0 1682.77981702 40.9661424956 181.219390453 22.0338575043 4.22018297527 53.9646559865
7488 1.83017400905 16.6794138901 139.703246092 433.997292217 0.602183547721 0.727400007056 1.27160045868 63.4015237702 320.996487341 152.907055052 0 1682.83906819 40.9601515524 180.396511206 22.0398484475 4.16093180786 54.0035126606
7512 1.80546497688 17.1542082974 138.88526816 434.009596166 0.604721064468 0.731247371701 0.552703517414 64.1017318814 320.841742127 147.201237226 0 1682.89489984 40.8843518078 181.627892546 22.1156481921 4.10510015813 54.1582578747
7536 1.78237538266 14.5410936395 137.743096677 434.021294878 0.607145915654 0.730973091787 0.773134078767 63.8674520364 321.062317999 151.996849946 0 1682.9483526 41.2112033365 178.93939024 21.7887966634 4.05164739613 53.937682003
7560 1.76124167674 14.2386844332 136.640442129 434.032177591 0.609340344768 0.730159753311 0.905030819706 63.7232914917 321.154400166 156.775573885 0 1682.99627944 41.2107242418 175.400983168 21.7892757581 4.0037205574 53.8455998355
7584 1.74028309355 15.1218226594 138.782985423 434.043139209 0.611556728523 0.736742700898 1.02584856877 63.5827127932 321.074114516 154.054133561 0 1683.04380158 41.1797764292 172.015099171 21.8202235707 3.95619841733 53.9258854858
7608 1.71862906582 13.9524407502 138.445680997 434.054647107 0.613897416749 0.738521587654 1.20788640976 63.38504748 321.000860174 151.23946131 0 1683.09283268 41.2026091694 171.722860418 21.7973908305 3.90716731758 53.9991398279
7632 1.69900477032 13.6746083289 135.553010823 434.065240566 0.616000473555 0.735353349686 0.301450117324 64.2819554947 321.192012471 154.877812949 0 1683.13761992 41.2650268128 170.489108875 21.7349731871 3.86238007803 53.8079875308
7656 1.67836699492 13.9849099774 136.411362166 434.076552894 0.618155855646 0.734827993362 0.459400357307 64.1110629002 321.18419408 153.908467482 0 1683.18416006 41.1766625207 169.350764467 21.8233374792 3.81583993603 53.8158059216
7680 1.65892873021 13.2579757798 138.53613146 434.087372065 0.620152178233 0.730868529232 0.569896854828 63.9917103736 321.031565715 151.752871455 0 1683.22848139 41.2738835485 166.299932499 21.7261164514 3.77151860294 53.9684342864
7704 1.64125627976 13.1149625906 134.482177708 434.097349146 0.621929894046 0.732054456832 0.581097736835 63.967568767 321.319235199 154.83788956 0 1683.26888249 41.3515541753 167.354905306 21.6484458246 3.7311175065 53.6807648028
7728 1.62217397678 15.7121366331 138.431169519 434.108276086 0.623871860319 0.735531698878 0.68058802592 63.8517323301 320.98177336 146.121572596 0 1683.31129258 41.0168368462 166.40325086 21.9831631537 3.68870741037 54.0182266415
7752 1.60208710992 13.7782127821 134.771450432 434.119955876 0.625992292912 0.7421595485 0.845658148548 63.6662341354 321.08935334 148.481713634 0 1683.35700237 41.1134002933 165.514471115 21.8865997066 3.64299762884 53.9106466622
7776 1.5844596594 12.4524936402 141.279979115 434.130360618 0.627907345623 0.74169118048 0.892468730149 63.6075721263 320.880006744 139.621328501 0 1683.39764506 41.3602257567 165.671869227 21.6397742432 3.60235493113 54.1199932574
7800 1.56685039035 15.0867228859 141.418522985 434.140902696 0.629787600754 0.740295269853 0.951597953615 63.5374164806 320.638442556 130.504371945 0 1683.43705425 41.0833140267 163.876352157 21.9166859732 3.56294574352 54.3615574461
7824 1.54969209902 12.186210225 136.236708463 434.15131989 0.63160903832 0.740986251843 0.990780461758 63.485304359 320.873812561 133.569997977 0 1683.47658827 41.3878068396 164.112194709 21.6121931603 3.52341172751 54.1261874409
7848 1.53367257542 11.9542102587 134.849391408 434.161177968 0.633345829748 0.745482503391 0.963422256097 63.4965714437 320.961594083 136.041046968 0 1683.51303268 41.4257195361 161.431545741 21.5742804638 3.48696731695 54.0384059187
7872 1.51754925145 12.1902285783 133.753719923 434.171232437 0.635128478125 0.746828107156 0.958815726445 63.4879952519 321.083775103 139.667444506 0 1683.54945124 41.3498229535 159.825453321 21.6501770464 3.45054875219 53.9162248989
7896 1.50273558874 11.3084099035 133.634725644 434.180589878 0.636743170618 0.744690925637 0.889371322271 63.5486047044 321.186397326 139.745163729 0 1683.58349403 41.5562951586 162.255870163 21.4437048413 3.41650596292 53.8136026756
7920 1.48748482178 12.7797397342 137.829960626 434.190345213 0.638392562253 0.744874438987 0.852048845028 63.5743389416 320.834298219 132.984714961 0 1683.6175711 41.278497223 160.69305961 21.7215027769 3.38242888941 54.1657017826
7944 1.47206914551 12.1682604422 136.546999216 434.200334208 0.640095768904 0.753862768166 0.817302912559 63.5884043435 320.869505859 132.402164676 0 1683.6527455 41.3701385036 158.206094582 21.6298614963 3.34725449796 54.1304941428
7968 1.45808316091 10.7816697109 137.690130078 434.209511698 0.641713351559 0.752612122073 0.720393588612 63.6757692411 320.842912518 129.70268917 0 1683.68492326 41.6292313855 156.783141721 21.3707686144 3.31507672983 54.1570874836
7992 1.44432594628 11.3580455245 136.492905167 434.218648011 0.643286923922 0.752338819446 0.615143540134 63.7705827068 320.775906484 126.912324706 0 1683.71582962 41.4511801112 156.423077738 21.5488198887 3.2841703728 54.2240935178
8016 1.43056690912 11.5846926578 137.901745248 434.227895451 0.644837632518 0.750421040893 0.52175331516 63.8550925617 320.839845391 125.830233959 0 1683.74718021 41.4953976942 154.111277722 21.5046023057 3.25281978496 54.1601546106
8040 1.4164684081 11.3581058613 135.100536796 434.237486813 0.646395369262 0.749864088338 0.456874687002 63.9093790436 320.786381121 125.037562509 0 1683.77903706 41.4339609701 152.860460438 21.5660390298 3.22096293839 54.2136188809
8064 1.40287000867 10.9629490642 134.810740858 434.246850814 0.647871539458 0.747439776809 0.371347572553 63.9864902979 320.881632392 126.522491344 0 1683.80999188 41.4998351442 151.67247083 21.5001648557 3.19000811655 54.1183676097
8088 1.38944729585 11.1160896976 136.702413291 434.256204104 0.649286961404 0.746224219026 0.280288699485 64.0679960168 320.674612137 120.249895342 0 1683.84034482 41.4376263531 151.525755178 21.5623736468 3.15965517721 54.3253878643
8112 1.37667881682 10.2120551022 134.911607405 434.26520467 0.650603691668 0.745848854686 1.15145443992 63.1868883443 320.798067947 121.945607811 0 1683.86972106 41.6803660287 149.41487277 21.3196339712 3.13027893247 54.2019320551
8136 1.36369810353 11.5164242129 134.833740125 434.274459991 0.652002508521 0.752308121122 1.03138434859 63.2898450314 320.771685946 120.350599244 0 1683.89865574 41.3311669338 148.350915608 21.6688330661 3.10134425376 54.2283140561
8160 1.34988679045 11.404842461 135.129385826 434.284426914 0.653477305618 0.748792751732 0.997624240156 63.3156787893 320.65390704 116.934721194 0 1683.92994253 41.3206187165 147.334958939 21.6793812834 3.07005746533 54.3460929623
8184 1.33701403992 10.8336892483 136.436574622 434.293829249 0.654868329819 0.751660103857 0.894562944836 63.405079373 320.649088977 114.342490089 0 1683.95947551 41.4825471953 146.362930313 21.5174528046 3.04052448351 54.3509110251
8208 1.32477547974 10.2217108515 133.034743901 434.30287138 0.656168836315 0.748114347058 0.767853886717 63.5249915513 320.754264068 115.66548086 0 1683.98738437 41.5972209909 147.408736046 21.402779009 3.01261562241 54.245735934
8232 1.31245627699 11.1269396427 133.364587167 434.312075903 0.657455730548 0.747730504864 0.648550832991 63.6341870299 320.79138742 116.560683955 0 1684.01508799 41.3895545276 145.485126788 21.6104454723 2.98491200064 54.2086125815
8256 1.30051357469 10.3176863328 133.007580643 434.321099192 0.658674768656 0.744811071985 0.515273297332 63.7601416706 320.844690577 119.033908994 0 1684.04239713 41.5377931675 143.620543481 21.4622068324 2.95760286164 54.1553094246
8280 1.28883113788 10.4830510903 134.032022846 434.330022395 0.659831843002 0.744014761353 0.366625170239 63.8995058312 320.742609228 116.308947408 0 1684.0688147 41.4689050917 142.811563214 21.5310949082 2.93118529024 54.2573907737
8304 1.27730931497 9.58037545478 134.92149283 434.338917811 0.660946162507 0.741968968314 0.216301644584 64.0418654141 320.760331241 113.653928721 0 1684.09532041 41.7259195313 143.020070337 21.2740804686 2.90467958186 54.2396687604
8328 1.26676502007 9.34708091333 134.001799758 434.347142164 0.661927262654 0.740346557241 1.00008601658 63.250498 320.726144924 113.108245438 0 1684.11934547 41.7905171288 141.255413559 21.2094828711 2.88065452873 54.2738550773
8352 1.25609633743 9.63683449495 131.830308267 434.355546128 0.662951748357 0.745188466204 0.786563690452 63.4497499678 320.81850394 114.136639189 0 1684.14341758 41.6763078601 141.534546273 21.3236921398 2.85658241155 54.1814960613
8376 1.24611677342 9.13877168942 132.131648936 434.363484245 0.663950013971 0.749163278007 0.529252300253 63.6941501636 320.854029792 115.869008724 0 1684.16628201 41.8358257817 139.828810749 21.1641742182 2.83371798537 54.1459702095
8400 1.23627876878 9.51166206472 132.517847693 434.371384198 0.664959214755 0.750975987714 1.27133087091 62.9413497292 320.807660443 115.383453843 0 1684.18846702 41.6956381496 138.17050306 21.3043618503 2.81153297679 54.1923395583
8424 1.22661849064 9.00299604463 133.187006254 434.379214805 0.665979327353 0.752581897056 1.00594438221 63.1962795897 320.911906651 115.515376106 0 1684.21056738 41.8520456018 137.555180313 21.1479543981 2.7894326112 54.0880933505
8448 1.21673873661 9.59534328762 132.105019124 434.387299761 0.666993418472 0.748704175249 0.774289291845 63.4227133547 320.861061395 116.518072233 0 1684.23273005 41.6284533931 135.967150415 21.3715466068 2.76726994654 54.138938607
8472 1.20663075725 10.0514072424 136.186466098 434.395652408 0.668018549552 0.748759071137 0.558666601829 63.6289033705 320.579407934 107.816567415 0 1684.25556023 41.5040601065 135.414535219 21.4959398934 2.74443976879 54.4205920673
8496 1.19666756339 10.4297005374 135.464532805 434.403966759 0.669021415858 0.750252026366 0.335282643893 63.8414771561 320.538121298 104.472008064 0 1684.27816631 41.4746180588 133.893281971 21.5253819411 2.7218336838 54.4618787041
8520 1.18661617953 9.34158333178 130.917163996 434.412437909 0.670030938928 0.750054035562 1.12866120124 63.0388159161 320.717305596 107.216225141 0 1684.30115322 41.6628143024 133.404308258 21.3371856975 2.69884677109 54.2826944053
8544 1.17678059084 9.53678951482 133.681963193 434.420809488 0.671029967648 0.750321310613 0.910449881519 63.2473893531 320.6050062 104.546351542 0 1684.32339106 41.5813743311 131.94549664 21.4186256688 2.67660893781 54.3949938018
8568 1.16684827662 9.01233877616 132.192106928 434.429347354 0.672013763953 0.747221847279 0.713271927278 63.4381451081 320.638242779 104.024816576 0 1684.3461026 41.7341613103 131.519846101 21.2658386896 2.65389739207 54.3617572228
8592 1.15792495493 8.64356795811 132.007192975 434.437090669 0.672873937116 0.745594717732 0.437983405411 63.7064572721 320.722676066 104.302951666 0 1684.36651952 41.8616096691 130.119040948 21.1383903308 2.63348047709 54.2773239357
8616 1.14877582138 9.42552736574 130.494730413 434.445102323 0.673730067981 0.746382143669 1.18188220619 62.9529032596 320.717093131 104.338741112 0 1684.38711279 41.6539259795 129.752986558 21.3460740204 2.61288720388 54.2829068707
8640 1.1398105537 9.41086166489 132.285410711 434.453025082 0.674565183967 0.744826322507 0.921165777506 63.2064176353 320.740492814 104.04626968 0 1684.40751793 41.6914002 128.405202005 21.3085997999 2.59248206109 54.259507188
8664 1.13134075499 9.23789578229 130.195955426 434.460576412 0.675329803493 0.741504529906 0.628604026072 63.4939852292 320.775967868 103.689610872 0 1684.42692412 41.8674405176 130.072101964 21.1325594823 2.57307587726 54.224032134
8688 1.12305689354 8.21117417803 131.096864045 434.46802503 0.676057184314 0.740836520195 0.320406424754 63.794674842 320.70619054 102.509375087 0 1684.44580882 41.9749231075 129.728112097 21.0250768924 2.55419117136 54.2938094615
8712 1.11524862272 8.04213147957 131.230327713 434.475103774 0.67672073332 0.739899875689 0.977760056539 63.1305155612 320.644914755 100.355826052 0 1684.46359365 42.0326375247 129.404276109 20.9673624752 2.53640633964 54.3550852464
8736 1.10655084105 8.36414777326 131.969565428 434.483055821 0.677479503219 0.74208593327 0.708800959875 63.3885777834 320.554819735 96.4564149306 0 1684.48317637 41.8736598691 130.08213369 21.1263401308 2.51682362624 54.4451802671
8760 1.09826143871 9.48224688385 129.844902815 434.490701313 0.678210981741 0.74224310651 0.414640295483 63.6742043045 320.596204046 96.5675502705 0 1684.50167801 41.5111041097 129.767364155 21.4888958902 2.49832198452 54.4037959558
