Time EBV Teff Treg ODC_le1 ODC_le2 ODC_le3 ODC_le4 ODC_le5 NK IL2 DAC Resting_Teff Resting_Treg EffectorMemory Resting_Treg_temp Resting_Teff_temp NK_temp
0.0 0 0 0 0 0 0 0 500 375 1000 0 1687 63 0 0 0 0
24 0 0 0 0 0 0 0 500 336.279789971 908.048253598 0 1687 63 0 0 0 38.7202100291
48 0 0 0 0 0 0 0 500 335.391027502 823.849847309 0 1687 63 0 0 0 39.6089724976
72 0 0 0 0 0 0 0 500 334.559882085 745.880698262 0 1687 63 0 0 0 40.4401179151
96 0 0 0 0 0 0 0 500 333.760437385 673.915002205 0 1687 63 0 0 0 41.2395626152
120 0 0 0 0 0 0 0 500 332.995774144 607.703333798 0 1687 63 0 0 0 42.0042258555
144 0 0 0 0 0 0 0 500 332.2684442 546.975994766 0 1687 63 0 0 0 42.7315557996
168.0 1000 0 0 0 0 0 0 500 331.580390823 491.447224652 0 1687 63 0 0 0 43.4196091775
192 587.94283022 2674.42256109 91.5619289612 4.47673168998 18.9970923557 71.5351553232 179.581289232 225.4097314 319.455578209 5741.3447637 0 1039.6715255 41.772295668 0 21.227704332 647.328474501 55.5444217919
216 136.934456624 6994.50255322 162.50108108 80.8756250772 43.6558831931 91.3444929874 137.980520699 146.143478044 264.374783252 486.59753088 0 1395.28567993 38.9703443173 611.152561298 24.0296556827 291.71432007 110.625216749
240 32.3978091358 2462.40768044 171.079899853 171.581836997 37.5164338444 56.7068115506 100.811121995 133.383795612 277.931339971 213.145116336 0 1604.86656652 38.8487450786 534.268799113 24.1512549214 82.133433477 97.0686600299
264 15.7347885615 579.335884302 170.533226657 199.859701758 16.3858757785 38.9514604426 63.9088009799 180.894161041 303.121933151 217.752172191 0 1649.81671157 39.0455541859 503.771005938 23.9544458141 37.1832884322 71.878066849
288 12.2610839787 219.460175283 165.405414416 202.968503019 1.69702315142 14.6309628559 41.7644176662 238.939093307 315.066493247 275.430409427 0 1659.01857197 39.4927028887 472.785648549 23.5072971113 27.9814280296 59.9335067531
312 10.722571942 150.530034718 169.439416256 203.197003582 0.944486460302 3.50229777538 23.0771016801 269.279110503 318.189948977 324.525834658 0 1662.67489208 39.7505876096 442.373353276 23.2494123904 24.325107925 56.8100510235
336 9.66414872041 132.481528043 167.61336712 203.290973678 0.339006723332 2.6728807309 20.4365400934 273.260598774 319.255751658 349.834882008 0 1665.08323148 39.7984159768 421.394202934 23.2015840232 21.9167685213 55.744248343
360 8.74865909646 133.978509919 164.329595084 203.349500638 0.413943613764 1.08700005581 15.4391327648 279.710422928 319.139561398 322.945872966 0 1667.12644704 39.7079530248 416.56065637 23.2920469752 19.873552961 55.8604386022
384 7.99591527237 111.606255927 163.312298199 203.407996545 0.455112145649 1.18740111954 14.9113476523 280.038142537 319.718799662 324.39229075 0 1668.84757393 39.8030629594 409.035375186 23.1969370406 18.1524260691 55.2812003383
408 7.39780801999 102.275701 162.791065313 203.464105442 0.515088749726 1.09557306304 19.276298416 275.648934329 320.170548931 328.765409035 0 1670.20564032 39.8310851046 397.524748055 23.1689148954 16.7943596762 54.8294510692
432 6.88418070449 86.7300962942 163.253273042 203.520633845 0.532116122899 0.9991302493 11.1960876195 283.752032163 320.56850984 325.933138191 0 1671.38232961 39.97520357 391.17061798 23.02479643 15.6176703917 54.43149016
456 6.44753453906 78.6864447211 164.57883431 203.572722106 0.535086317227 0.933843133136 12.2485472305 282.709801213 320.717330249 328.225599367 0 1672.36803311 39.9754915081 373.834477191 23.0245084919 14.631966888 54.2826697512
480 6.06433268065 79.2838112864 166.53626949 203.625071034 0.6183141752 1.98116345913 13.9371527933 279.838298539 320.375847903 305.1991033 0 1673.22823231 39.9009238158 369.161737019 23.0990761842 13.7717676902 54.6241520974
504 5.73260885555 67.5915699942 166.733189879 203.678190669 0.631817722458 0.798999238822 9.05460034528 285.836392024 320.583596157 305.018330984 0 1673.98748168 40.0281963967 354.939957796 22.9718036033 13.0125183166 54.4164038437
528 5.43536251166 64.2806530785 157.567308518 203.728361261 0.618805702 0.574605271651 9.00600927531 286.07221849 321.072177822 309.748252081 0 1674.66053624 40.0495807009 344.851715489 22.9504192991 12.3394637604 53.9278221787
552 5.17767321508 61.9574159778 158.790632273 203.773900647 0.638504789712 1.20222733062 11.0929487052 283.292418528 321.249108548 307.662663546 0 1675.24537293 40.0657826786 336.563814305 22.9342173214 11.7546270651 53.7508914523
576 4.93430206569 61.5881345105 155.305957977 203.821832152 0.687884202434 0.646721013732 8.25489703779 286.588665594 321.21428444 303.479742773 0 1675.79185533 39.9986763828 327.597765692 23.0013236172 11.2081446726 53.78571556
600 4.71457930967 55.1313965762 156.918587028 203.869068975 0.690735437996 0.232134082869 13.1220351168 282.086026387 321.230021338 295.830959109 0 1676.29360004 40.0992750161 322.30768909 22.9007249839 10.7063999562 53.7699786625
624 4.53155017556 48.4212295988 162.342226217 203.909670276 0.681909795658 0.779233102276 5.47894130171 289.150245524 321.419309096 295.792544057 0 1676.71423906 40.2560031036 311.068666021 22.7439968964 10.2857609387 53.5806909042
648 4.36340799888 43.521060772 165.632071117 203.948627077 0.688911356973 0.0736189507709 6.50530616097 288.783536454 321.208477938 284.104625654 0 1677.09628858 40.3364918195 304.555659524 22.6635081805 9.90371142227 53.7915220626
672 4.21170646031 48.8503209574 166.163447929 203.984508388 0.66698607709 0.476628364338 6.33448450071 288.53739267 320.93349334 263.575060282 0 1677.4351223 40.1833744164 301.230888518 22.8166255836 9.56487769754 54.0665066606
696 4.06489320544 38.8218460771 156.49318577 204.01990397 0.666108117795 0.803917773403 7.29415386283 287.215916276 321.453146349 275.593994542 0 1677.77251504 40.4046372187 292.070598186 22.5953627813 9.22748495561 53.5468536519
720 3.94229216814 37.2484925112 156.703284682 204.050750317 0.678529097247 1.04766283961 6.24196679439 287.981090952 321.601839143 277.666735631 0 1678.05231515 40.4913993358 284.135858897 22.5086006642 8.9476848483 53.3981608571
744 3.82296828977 39.6210824545 155.513569828 204.081635199 0.660472693603 0.326453225451 5.25838022485 289.673058657 321.442879268 264.296386649 0 1678.31896586 40.3329799175 285.128174047 22.6670200825 8.68103413782 53.557120733
768 3.70628192088 39.079075912 155.492298539 204.112091699 0.65229906428 0.663728497938 9.24512471525 285.326756024 321.251564238 256.551091124 0 1678.58192605 40.3040899046 283.447966255 22.6959100954 8.41807395498 53.7484357625
792 3.59219353589 37.7493161998 153.160061293 204.1427998 0.658748360899 0.872084138778 3.56243936724 290.763928333 321.319480726 253.619722926 0 1678.84010475 40.3181382963 278.576257747 22.6818617037 8.15989525422 53.6805192741
816 3.49472162424 31.2158447101 156.465216552 204.170209773 0.67073342125 1.01937969577 4.32993010913 289.809747 321.40801465 254.385805913 0 1679.06563525 40.5833165249 273.486491517 22.4166834751 7.93436475034 53.5919853501
840 3.40431057251 34.247327631 151.545424437 204.196799162 0.674100956441 0.175652736037 3.53152077835 291.421926367 321.494525524 253.945364056 0 1679.26921172 40.4856704304 267.204466864 22.5143295696 7.73078828291 53.5054744761
864 3.31346056972 34.5162294012 151.077572427 204.223790451 0.65755588447 0.33357546634 5.15870620966 289.626371988 321.536547516 251.205608381 0 1679.47320573 40.4106100784 261.694859927 22.5893899216 7.52679427466 53.4634524844
888 3.22697629336 32.9897323215 151.501147357 204.249666781 0.648227720145 0.515042357575 5.45358069782 289.133482444 321.390189776 241.49356708 0 1679.66992484 40.4618761022 263.520151746 22.5381238978 7.33007516001 53.6098102245
912 3.14568096862 33.8942042337 155.407010985 204.274421846 0.646247174521 0.655002245931 3.39929315751 291.025035576 321.14153124 227.732021543 0 1679.85415422 40.4547983477 259.880631896 22.5452016523 7.14584578346 53.8584687607
936 3.06914126477 30.9149798244 151.676050064 204.29833745 0.64919653458 0.801396422797 4.92828365023 289.322785943 321.346008648 229.903894378 0 1680.02872267 40.5669125653 252.808167486 22.4330874347 6.971277329 53.6539913524
960 2.99742388248 27.5784644985 149.089163422 204.321486016 0.656881540915 0.934708913106 5.03321873685 289.053704793 321.37487475 227.588010779 0 1680.19159439 40.625259889 251.308359831 22.374740111 6.80840560616 53.6251252505
984 2.93013548392 27.2717977073 151.998353452 204.344030023 0.667366812611 1.01171488283 3.82706516677 290.149823114 321.361963836 225.451867634 0 1680.34391006 40.6261176418 245.286365858 22.3738823582 6.65608994341 53.6380361645
1008 2.86724207108 26.4287440086 149.648889075 204.365750592 0.660278518864 0.123522513225 3.16021472265 291.690233653 321.523739076 226.11072094 0 1680.486993 40.6666675241 241.699163862 22.3333324759 6.51300700063 53.4762609245
1032 2.80878973007 26.1458889655 153.443467165 204.385910521 0.645215078153 0.207570365017 4.09009375367 290.671210282 321.337160315 221.040073804 0 1680.61914569 40.6450557132 235.710672672 22.3549442868 6.38085430813 53.6628396856
1056 2.75191741417 26.1687527619 146.396238403 204.405526839 0.634242409622 0.354078959525 4.82175494791 289.784396844 321.468429572 224.923215113 0 1680.74769784 40.612160734 231.148212472 22.387839266 6.25230216189 53.5315704288
1080 2.69262870033 26.596259996 147.500996738 204.426118694 0.626978185451 0.459907021442 2.20625183974 292.28074426 321.439041341 217.722888986 0 1680.88152233 40.5850686023 228.953346112 22.4149313977 6.11847766644 53.5609586598
1104 2.63103655829 26.8415498582 146.957592436 204.447798801 0.622883023724 0.564427770285 4.18178312196 290.183107283 321.2264238 208.223524607 0 1681.01974813 40.4683258241 227.042435262 22.5316741759 5.9802518694 53.7735762002
1128 2.57597764243 23.3640636781 147.620875785 204.467551225 0.623135833258 0.691482361463 4.22344226238 289.994388318 321.133599086 200.608084557 0 1681.14686265 40.7181231573 225.403739037 22.2818768427 5.85313735153 53.8664009143
1152 2.52606984331 23.1942997999 143.384897424 204.485882019 0.626554393646 0.78877782188 3.61790257201 290.480883193 321.318217258 202.827564128 0 1681.25984806 40.6962364216 222.075855906 22.3037635784 5.74015194406 53.6817827422
1176 2.48072759801 22.4441904287 145.38450625 204.502970792 0.631542303032 0.834375045902 2.47202689101 291.559084968 321.297185568 201.115589989 0 1681.36302145 40.7317724711 218.968675983 22.2682275289 5.63697854538 53.7028144324
1200 2.43720515956 22.9576143329 147.584583682 204.519811428 0.637156592131 0.861630575714 3.17851018947 290.802891215 321.180849883 192.747209529 0 1681.46231402 40.8186153942 220.055988955 22.1813846058 5.53768598251 53.8191501171
1224 2.39227482918 21.543740399 147.101801188 204.537689887 0.64421670315 0.925103288264 2.20572494888 291.687265173 321.095024312 187.54742663 0 1681.56377129 40.7949626199 217.31982161 22.2050373801 5.43622871326 53.9049756885
1248 2.35101989164 20.294115097 146.861124591 204.554595755 0.651712157186 0.962358634295 3.75045436281 290.08087909 321.132311856 185.377712196 0 1681.65762549 40.8525025859 215.845710472 22.1474974141 5.34237451401 53.8676881445
1272 2.30905367902 22.6329764826 144.67143829 204.572237376 0.648027880212 0.0795747452583 5.43837363523 289.261786363 321.118852713 181.866649191 0 1681.75220029 40.7627215249 213.514263839 22.2372784751 5.247799709 53.881147287
1296 2.26868260169 21.1966501419 142.421272051 204.589199934 0.634736256938 0.192454429231 5.00075466464 289.582854715 321.214878688 181.696311729 0 1681.8440004 40.8116309085 211.440189588 22.1883690915 5.1559995976 53.7851213126
1320 2.23011934014 19.6555243718 143.799075735 204.605391529 0.625101250439 0.311791204781 3.32289093524 291.134825081 321.192381604 182.603344446 0 1681.93146625 40.8357901799 206.585547334 22.1642098201 5.06853374798 53.8076183967
1344 2.19397896864 18.7680287477 144.790424577 204.620626935 0.618708327389 0.415863887453 2.31217691409 292.032623936 321.215773527 180.347093636 0 1682.01389684 40.9173879386 206.005993999 22.0826120614 4.98610315853 53.7842264739
1368 2.15966885206 19.5960027399 144.391449577 204.635205887 0.614943853233 0.504258943562 4.07179326131 290.173798055 320.940294326 170.513884175 0 1682.09107992 40.8003362029 209.40706343 22.1996637971 4.90892007737 54.0597056743
1392 2.12721209486 17.7254453256 145.920473986 204.649153099 0.613420389274 0.580825058932 2.57619572974 291.580405723 321.009404837 170.480268077 0 1682.16574474 41.0082198537 204.907125213 21.9917801463 4.83425525795 53.9905951637
1416 2.095401224 17.3252132412 141.005479901 204.66301328 0.613273896436 0.631371094911 4.09511030891 289.99723142 321.169687587 175.667742268 0 1682.23782333 41.0186099849 199.695281719 21.9813900151 4.76217666625 53.830312413
1440 2.06433533299 18.103313555 140.424199013 204.676765429 0.61459944533 0.709823326543 3.49612931912 290.50268248 321.241943852 175.705304579 0 1682.30823904 40.9896799021 197.691178762 22.0103200979 4.69176096051 53.7580561486
1464 2.03365314086 18.1640495262 143.307457562 204.690597686 0.617132771225 0.744229290103 0.997732138004 292.950308115 321.156497312 172.083636603 0 1682.37728075 40.879129037 195.830679958 22.120870963 4.62271925339 53.8435026883
1488 2.0026263576 16.8453838055 142.145304719 204.704865763 0.620374849498 0.774020751063 2.68142953827 291.219309098 321.025146531 168.590331295 0 1682.44801037 40.9982599593 193.156645256 22.0017400407 4.55198962882 53.9748534696
1512 1.97559278837 16.5233330308 139.236828218 204.717547003 0.6237881423 0.799931415849 1.58854815334 292.270185285 321.254826691 172.245931456 0 1682.50997569 41.1330809194 189.6571639 21.8669190806 4.49002431169 53.7451733097
1536 1.94744419155 17.4064909733 139.606910071 204.73101654 0.627728668511 0.823370445749 3.83207182727 289.985812518 321.107683888 168.498835672 0 1682.57287599 40.9086494282 187.309073687 22.0913505718 4.42712400738 53.8923161126
1560 1.92019163673 16.5704525815 142.869078185 204.74433149 0.632026163711 0.839156818107 1.97597866548 291.808506862 321.097048611 165.158387654 0 1682.63505053 41.0041884441 184.127053023 21.9958115559 4.36494946814 53.9029513895
1584 1.8936178109 16.3311838012 140.746369994 204.757590657 0.636680865632 0.875717594134 3.00765747945 290.722353404 321.040748504 162.63321982 0 1682.69532373 40.9966384689 182.12967063 22.0033615311 4.30467626677 53.9592514969
1608.0 1001.86821689 15.3383586159 137.906631756 204.770538881 0.641777688595 0.899386190118 0.873866147752 292.814431092 321.148834592 162.801018456 0 1682.75324165 41.1112267436 183.172582011 21.8887732564 4.24675835425 53.8511654081
1632 372.695613884 5183.78098402 176.827440977 213.606037843 12.9160996092 40.5876909094 89.3422625365 143.547909101 275.403492678 895.771735092 0 1148.81962188 39.8583112559 398.252580171 23.1416887441 538.18037812 99.5965073219
1656 89.8557018596 3324.6504236 188.133284904 259.87172958 23.3567913848 44.7559293816 74.4970100675 97.5185395852 275.042824948 397.963931778 0 1484.09115406 39.0672877693 425.13737298 23.9327122307 202.908845948 99.9571750521
1680 33.953709836 1148.48915478 178.428596562 288.850960919 12.2673930669 34.5057158128 59.0289020582 105.347028143 293.568229191 285.963953238 0 1606.66453839 39.0831904569 457.955880346 23.9168095431 80.3354616095 81.4317708093
1704 21.4714292437 422.735753991 177.214867883 295.523659325 6.39485712815 14.601521216 48.3645995524 135.115362778 309.12025409 321.563711943 0 1637.82639243 39.3836774598 414.958805404 23.6163225402 49.1736075711 65.8797459098
1728 17.1428695133 254.349653968 177.395917232 296.416644449 1.45779144821 7.61017163202 19.4539778314 175.061414639 315.560057135 375.934865161 0 1648.17886947 39.6603902113 396.462324972 23.3396097887 38.8211305366 59.4399428653
1752 14.5150650013 212.786831334 169.943883107 296.649975106 0.526189909192 5.01828920061 21.277411199 176.528134585 317.28421552 388.848892829 0 1654.12628845 39.6985398486 384.740592713 23.3014601514 32.8737115508 57.7157844797
1776 12.6131960429 175.349501514 168.950787775 296.794200441 0.799010739182 2.34106847092 16.0612599622 184.004460386 318.486815512 392.96354895 0 1658.4289643 39.7554820531 378.242537156 23.2445179469 28.5710357018 56.5131844883
1800 11.1834301472 152.670177692 171.137058712 296.914557541 0.194155487143 1.2630751321 12.208932159 189.419279681 319.066153235 389.161005688 0 1661.65688812 39.7800836838 370.379715297 23.2199163162 25.3431118802 55.933846765
1824 10.0182638497 133.221256293 172.675342662 296.956454906 0.2967670653 0.1213190471 12.5301632812 190.0952957 319.266691503 363.943083133 0 1664.28836575 39.8225311021 371.771476032 23.1774688979 22.7116342498 55.7333084973
1848 9.1275188963 121.036649115 175.628419247 296.999744126 0.322268939298 0.539435545624 8.80126347109 193.337287918 319.457196447 346.536440316 0 1666.3071466 39.8506292682 364.400938885 23.1493707318 20.6928534041 55.5428035529
1872 8.35620898674 108.662636595 175.008516888 297.045979582 0.367572129182 0.626008305794 12.1883827527 189.772057229 319.282517177 320.595042108 0 1668.04384337 39.8558812938 355.128089471 23.1441187062 18.9561566388 55.7174828232
1896 7.73074007639 93.935835435 167.200751149 297.093244087 0.459843795683 0.737501620155 10.1817439232 191.527666574 320.025626227 327.022621539 0 1669.4667675 39.932170254 342.537849459 23.067829746 17.5332325085 54.9743737731
1920 7.1874121461 86.3969639173 166.234985047 297.146982325 0.523614777613 0.78717668062 9.85309570712 191.689130509 320.058518394 309.768088593 0 1670.69561701 39.9663458404 340.66865969 23.0336541596 16.3043829906 54.9414816061
1944 6.73314475864 80.0159981997 160.295488644 297.20035735 0.556962699909 0.646284238982 7.68486974468 193.911525966 320.598089601 313.959024986 0 1671.72596733 39.9993414501 334.817172209 23.0006585499 15.2740326746 54.4019103995
1968 6.34384758863 74.152464136 162.167920571 297.250963963 0.566967501879 0.240444180413 7.37904067093 194.562583683 320.759143712 315.533095121 0 1672.60842801 40.0376394058 329.119302228 22.9623605942 14.3915719936 54.2408562882
1992 5.97866806695 74.4805602818 161.73813553 297.300886223 0.563920768759 0.816537721931 7.06487095441 194.253784331 320.565538501 300.767498351 0 1673.42606806 39.9621545438 320.537805038 23.0378454562 13.5739319453 54.4344614995
2016 5.66004078378 67.5148308383 163.779931421 297.348498335 0.600381113388 1.22079509993 6.60634580684 194.223979644 320.807169704 298.31233 0 1674.15522624 40.0762457669 308.672889849 22.9237542331 12.8447737659 54.1928302964
2040 5.39617556218 57.0523618335 165.715204099 297.391527825 0.59887482224 0.68636173955 8.01815059644 193.305085016 321.039061149 297.79928873 0 1674.76057905 40.2459514044 304.280869193 22.7540485956 12.2394209547 53.9609388514
2064 5.15473293768 56.2013300734 158.472334325 297.433198012 0.618916954609 1.06007820914 4.95415671606 195.933650108 321.024448894 294.563796149 0 1675.30025733 40.1394247996 298.490331542 22.8605752004 11.6997426734 53.9755511062
2088 4.94809643768 49.0295064892 158.956918644 297.471096238 0.607577056844 0.301859327324 4.78308653243 196.836380845 321.625690909 309.788945094 0 1675.77532289 40.3079957697 290.361497185 22.6920042303 11.2246771157 53.3743090913
2112 4.7534288406 50.4561194475 160.57504339 297.507311477 0.598107458571 0.569982578909 6.32257214869 195.002026336 321.41239362 299.952093069 0 1676.2116246 40.2389694806 287.847069841 22.7610305194 10.7883754012 53.5876063804
2136 4.57630295525 49.1580227272 158.189647145 297.541538884 0.606676760389 0.877806484049 3.07776434076 197.896213531 321.468526112 296.013743272 0 1676.61381527 40.2702290461 283.359075604 22.7297709539 10.3861847332 53.5314738877
2160 4.40083068125 46.5433439497 155.253827501 297.577533214 0.610939728624 0.141901348284 5.26538523375 196.404240475 321.569734299 296.014823017 0 1677.009449 40.2662859559 273.368187076 22.7337140441 9.99055100856 53.4302657012
2184 4.23924641366 46.2455124215 157.855792043 297.611227885 0.593136664846 0.449467713209 5.92620953956 195.419958196 321.368868556 285.160054306 0 1677.37290077 40.1989056958 268.667136195 22.8010943042 9.62709923119 53.6311314439
2208 4.09368506068 42.2335564399 159.901849899 297.642254034 0.593456626281 0.740119700584 4.82622286091 196.197946777 321.36515523 271.440369183 0 1677.70707924 40.3605174603 267.826965518 22.6394825397 9.29292076526 53.6348447699
2232 3.96610852476 40.8854172157 158.007470417 297.670662825 0.603926890201 0.877235121756 2.01629595914 198.831879204 321.358820652 265.373014699 0 1677.99625197 40.3854472194 265.730330189 22.6145527806 9.00374803775 53.6411793483
2256 3.84125099147 42.3324207467 154.340622566 297.699972175 0.618366709784 0.954592368105 2.40827896124 198.318789785 321.437482554 263.745176807 0 1678.27610391 40.27110726 260.367848459 22.72889274 8.72389609394 53.5625174457
2280 3.72433254288 40.9488069711 161.838829769 297.729021729 0.635290043027 1.0470963454 3.43540899776 197.153182884 320.879760814 240.206171003 0 1678.54180674 40.3330650826 259.58830581 22.6669349174 8.45819326218 54.1202391859
2304 3.6154062457 36.5651101302 156.97314148 297.757068729 0.619783448599 0.21388895385 5.0416741594 196.367584709 321.104445124 241.165816089 0 1678.79033255 40.4359805473 252.534384352 22.5640194527 8.2096674562 53.8955548765
2328 3.51388937942 34.2623273338 154.698698587 297.783243873 0.606897083257 0.386641702209 4.26960569034 196.953611651 321.06916633 236.968646505 0 1679.01996683 40.4451679199 249.265962824 22.5548320801 7.98003317578 53.9308336699
2352 3.41359049711 35.6884671074 150.950081713 297.809449281 0.60054278922 0.49932865365 1.74184977448 199.348829501 321.044798146 226.562502594 0 1679.24554654 40.3640849031 247.572749481 22.6359150969 7.75445346849 53.9552018543
2376 3.31951812396 31.9395155261 146.677917313 297.834558081 0.598292837754 0.611870764733 3.89788955046 197.057388766 321.392340288 234.883976801 0 1679.46040367 40.4896849325 241.451387052 22.5103150675 7.53959632968 53.6076597122
2400 3.23083089612 31.9031844556 148.231657413 297.858916103 0.6022198153 0.774952630283 1.674068742 199.089842708 321.358097606 231.856318187 0 1679.66131894 40.4974800876 236.991195951 22.5025199124 7.33868106354 53.6419023945
2424 3.149074591 31.520321731 146.596392886 297.882209522 0.609836694623 0.837983437234 3.20306847988 197.466901866 321.404353118 232.030598208 0 1679.84623639 40.4609329728 234.000103362 22.5390670272 7.1537636153 53.595646882
2448 3.07104855369 27.0810169995 146.332952132 297.905343557 0.620234940131 0.949984959448 4.46147755036 196.062958993 321.552009131 233.426648104 0 1680.0249742 40.6577220888 231.53249618 22.3422779112 6.97502580551 53.4479908694
2472 3.00078383265 28.0831325859 147.996840189 297.927094517 0.633228572234 1.04997637006 4.15151556438 196.238184976 321.438532281 229.476520072 0 1680.18362665 40.5845839472 229.313880312 22.4154160528 6.81637335343 53.5614677189
2496 2.93380090936 25.7713772099 143.60320437 297.94830276 0.617586723294 0.123307559225 1.80919200412 199.501610953 321.810253034 240.486264039 0 1680.33642651 40.6978569551 223.572199138 22.3021430449 6.66357349549 53.1897469657
2520 2.87052312562 28.0544231819 150.175970225 297.968250379 0.602712881035 0.205183855829 4.21840947288 197.005443411 321.516732745 230.527959023 0 1680.47815107 40.5264021735 221.30764351 22.4735978265 6.5218489361 53.4832672555
2544 2.80520667345 26.9004233524 149.108171273 297.98884643 0.591118161557 0.323457131293 3.90917775202 197.187400525 321.354159569 220.589274491 0 1680.62598574 40.5530430567 222.265706201 22.4469569433 6.37401426294 53.6458404307
2568 2.74243300494 24.8117442409 148.352180522 298.008780279 0.583700527748 0.400455614613 2.55515412707 198.451909451 321.378235743 216.239600764 0 1680.76888599 40.6474877044 218.48364399 22.3525122956 6.23111401342 53.6217642575
2592 2.68653804165 24.2448224186 148.506574262 298.026729423 0.578703427846 0.434312482015 1.66949110618 199.290763561 321.176513832 208.4091027 0 1680.89621155 40.6961034981 216.004577103 22.3038965019 6.10378845642 53.8234861679
2616 2.63687292277 21.9705394337 146.917819535 298.042874874 0.575142383601 0.469145788704 2.1988334919 198.714003461 321.459484945 212.338344232 0 1681.01050875 40.8967545704 211.839702138 22.1032454296 5.9894912533 53.5405150548
2640 2.58356712927 23.8203282093 148.952216768 298.060452411 0.572607210069 0.505022106115 2.25086131195 198.61105696 320.999361525 199.02008023 0 1681.12884198 40.6401210812 208.968127154 22.3598789188 5.87115802117 54.0006384749
2664 2.5362378934 20.9133669918 145.405272086 298.076314388 0.571538470518 0.562478114294 2.67604358527 198.113625441 321.293797643 201.809505287 0 1681.23826347 40.9018027027 206.403547223 22.0981972973 5.76173652943 53.7062023569
2688 2.49342350352 20.863360234 145.239674415 298.090910061 0.571639390961 0.591687278869 2.71543194833 198.03033132 321.396632509 202.510640125 0 1681.33564504 40.9426113617 204.020124568 22.0573886383 5.6643549603 53.6033674906
2712 2.45124119698 20.547825829 145.506120665 298.105549727 0.572458880329 0.612228353416 1.78065356113 198.929109478 321.400728472 203.098153348 0 1681.43106653 40.9114101519 198.980179227 22.0885898481 5.56893347183 53.5992715281
2736 2.40914669032 21.1615624767 141.388991444 298.120438546 0.573673234927 0.630816250079 0.925877375275 199.749194593 321.570847116 206.569693198 0 1681.52580815 40.8246682994 197.148535815 22.1753317006 5.47419185826 53.4291528843
2760 2.36929205589 19.5434239489 144.403739677 298.134812387 0.575286255272 0.648945661811 1.87855956739 198.762396128 321.55685179 204.072708533 0 1681.61717613 40.9970898684 194.583884289 22.0029101316 5.38282387686 53.4431482103
2784 2.33087679554 19.142975511 145.849139238 298.14894104 0.577148315787 0.657091989176 1.74973642829 198.867082227 321.348737261 197.077127941 0 1681.70383114 40.9551599695 196.139325342 22.0448400305 5.29616886501 53.6512627393
2808 2.28914880079 20.8136022363 145.709541325 298.164610732 0.579469687955 0.671012772556 2.1215351666 198.46337164 321.174799172 188.499556536 0 1681.79687746 40.7291512068 193.763358268 22.2708487932 5.20312254068 53.8252008285
2832 2.25442265239 17.3588441946 142.90234262 298.177924763 0.581948152219 0.700684077973 1.62927360615 198.9101694 321.485360525 194.952934288 0 1681.8781235 41.150973097 191.565019925 21.849026903 5.12187650556 53.5146394752
2856 2.21974519847 19.8162598214 140.32121504 298.191489399 0.58482962928 0.716704624545 2.22698859716 198.279987749 321.532132808 198.226960561 0 1681.95536548 40.8516895358 187.571753586 22.1483104642 5.04463452212 53.4678671924
2880 2.18352130484 20.2787828548 143.713561095 298.205965046 0.588262849481 0.738114308082 3.09649267267 197.371165123 321.397572938 190.116065575 0 1682.03769746 40.9230974364 184.810252377 22.0769025636 4.96230254671 53.6024270617
2904 2.14627402188 19.6863373659 144.151545105 298.221201276 0.592635353772 0.779249097422 1.147923856 199.258990416 321.14674978 182.057828891 0 1682.12163871 40.8388577326 183.227166372 22.1611422674 4.87836129744 53.8532502204
2928 2.11271503159 18.8442815462 143.013096738 298.235262629 0.597027954782 0.782486537116 0.841747383073 199.543475496 321.219303021 179.798974874 0 1682.198269 40.9311686012 180.761659297 22.0688313988 4.80173100519 53.7806969795
2952 2.08078907122 18.6600848827 143.981015318 298.248947171 0.601299110114 0.796280017307 1.35476452942 198.998709172 320.997926984 170.601079809 0 1682.27032659 40.864035164 180.438070305 22.135964836 4.72967341476 54.0020730165
2976 2.05021470564 16.408884401 145.220170012 298.262347114 0.605720048917 0.807760503176 0.74447118304 199.57970115 321.024968239 165.41428827 0 1682.34062936 41.108333402 180.18965023 21.891666598 4.65937063929 53.9750317608
3000 2.0225678525 17.1194928222 142.190813114 298.274724716 0.609883458039 0.820387941274 1.76545834604 198.529545538 320.960901096 164.976018782 0 1682.40299068 41.0016045453 177.065639076 21.9983954547 4.59700932362 54.0390989038
3024 1.9924949013 17.4540170826 143.091647151 298.288483869 0.614809526989 0.840074701735 1.18898757185 199.06764433 320.902098275 160.187752252 0 1682.47060607 40.9045917494 175.085189526 22.0954082506 4.52939393455 54.0979017249
3048.0 1001.96355722 16.3840891258 139.79698463 298.302029658 0.619723312541 0.847187680725 1.53219911194 198.698860236 321.022330829 162.047229001 0 1682.53674543 41.0324680324 173.220181653 21.9675319676 4.46325457909 53.9776691707
3072 378.188453529 5290.86328677 179.192079467 304.301130263 8.71738269908 30.9440289712 62.0983251505 93.9391329159 274.815954067 873.217993461 0 1144.25155201 39.8512439214 394.603901865 23.1487560786 542.748447997 100.184045933
3096 90.4305778157 3351.33058806 186.047528636 337.886236686 17.1208143697 36.2031384367 50.415842418 58.3739680887 274.845688863 385.252482936 0 1482.91095563 39.0673924624 452.673658344 23.9326075376 204.089044375 100.154311137
3120 33.9689772532 1170.7805841 179.643099144 358.498091733 11.3718843601 22.5637918457 40.2854633092 67.2807687508 293.30659343 296.683355577 0 1606.51753169 39.0735372615 460.725382851 23.9264627385 80.4824683218 81.6934065693
3144 21.4592647475 439.220326468 174.9345952 363.300596684 2.1652069988 8.59617761432 27.1263777687 98.8116409334 308.994032203 304.830178935 0 1637.82622586 39.3716141758 446.016787605 23.6283858242 49.1737741463 66.0059677972
3168 16.9322796896 256.575557509 173.614849976 363.808349752 0.317469339812 2.48675095234 20.3376232985 113.049806656 315.154678773 358.611172968 0 1648.61804358 39.6393635864 419.38513256 23.3606364136 38.3819564326 59.8453212265
3192 14.3853353405 205.959767396 176.721302522 363.940022663 0.784798101399 2.44478826286 12.7809278094 120.049463163 317.083954528 371.246137082 0 1654.42791583 39.7254566041 409.069767449 23.2745433959 32.5720841803 57.916045472
3216 12.522408455 172.938938323 173.753330116 364.115002448 0.910660422335 1.8118586279 10.2570244028 122.905454098 318.324872815 386.689607265 0 1658.63655961 39.7619661061 387.794415772 23.2380338939 28.3634403957 56.6751271848
3240 11.0880787182 162.958155006 179.94440867 364.221116354 0.149853388276 1.99373526823 8.53365989018 125.101635098 318.393756919 360.96754985 0 1661.85502608 39.7259674222 366.801071463 23.2740325778 25.1449739333 56.6062430809
3264 9.9286984869 139.391459244 169.348390274 364.265391739 0.317198184333 0.535498349922 6.26124929887 128.620662427 318.980955123 345.70065308 0 1664.48163995 39.7853613552 360.499850752 23.2146386448 22.5183600623 56.0190448763
3288 9.01790962385 117.147286156 169.931137447 364.315697773 0.393518464886 1.13348418197 3.22155112115 130.935748458 319.358573841 333.547892154 0 1666.55258472 39.8609613731 358.437046339 23.1390386269 20.4474152901 55.6414261586
3312 8.3133163612 99.6094724703 173.018506397 364.365938194 0.422532846518 0.798518118198 7.15814713336 127.254863707 319.940875987 336.351369927 0 1668.15890713 39.9564447017 350.199253847 23.0435552983 18.8410928764 55.0591240124
3336 7.72213120732 92.6912547915 165.723193895 364.416252595 0.495213128187 1.31226757042 3.71689701746 130.059369688 320.420463104 343.746872905 0 1669.49490149 39.9849459796 341.272145135 23.0150540204 17.5050985201 54.5795368955
3360 7.20702183714 93.75250701 167.190862228 364.468614046 0.510801364074 0.712150801555 3.69817760785 130.61025618 320.540549457 340.870725156 0 1670.64823913 39.9009881069 326.647917472 23.0990118931 16.3517608799 54.4594505426
3384 6.75466572786 79.5564228167 166.472727723 364.51982963 0.549440939396 1.11139754854 1.75464807583 132.064683806 320.925882367 338.576928252 0 1671.68125725 40.0312051198 322.232626563 22.9687948802 15.3187427598 54.0741176331
3408 6.3626954021 77.4419012635 163.662092109 364.57078666 0.569108620056 0.383578223887 5.0939875447 129.38253895 320.900818807 326.452026049 0 1672.56562382 40.0225944673 321.845803368 22.9774055327 14.4343761843 54.0991811924
3432 6.00544091166 73.0391993133 167.881952088 364.61986652 0.568425847989 0.720761702184 2.96214901387 131.128796915 320.542300155 307.371637897 0 1673.3698141 40.0017639082 314.904918635 22.9982360918 13.6301859104 54.457699845
3456 5.70067275127 60.2895400284 162.437955603 364.664942315 0.588368145052 0.944954408348 3.84812499847 129.953610132 321.179509315 319.112037623 0 1674.07015827 40.1914400117 302.575055207 22.8085599882 12.9298417409 53.8204906851
3480 5.41504145804 66.4202655146 161.352991634 364.710962209 0.589133932815 0.16098630299 2.66299405599 131.875923498 320.805612057 298.746479728 0 1674.70310826 39.9863327695 295.825169851 23.0136672305 12.2968917459 54.1943879425
3504 5.16333354389 56.4516836315 157.778899293 364.752069959 0.56418067857 0.292347851825 2.96848062994 131.42292088 321.197043592 296.369162583 0 1675.28158137 40.1506831648 296.701152262 22.8493168352 11.7184186422 53.802956408
3528 4.94086509601 55.0679879291 157.597298076 364.788921632 0.554123745985 0.5070209192 3.35556224917 130.794371453 321.005790095 283.830232445 0 1675.78500153 40.1641180657 297.233300131 22.8358819343 11.2149984785 53.9942099042
3552 4.72737538106 53.0222673185 159.413229902 364.825675586 0.558104998468 0.75789130545 4.65212358708 129.206204523 320.858262597 270.030115893 0 1676.26539566 40.1298487213 292.35701081 22.8701512787 10.7346043444 54.1417374024
3576 4.53879360776 50.3964122525 150.988766365 364.860262834 0.576923177161 0.992395941266 4.24146985704 129.32894819 321.224632383 271.410712316 0 1676.69506545 40.2043430507 292.546426411 22.7956569493 10.3049345568 53.7753676169
3600 4.35842296451 51.9910444609 152.722021755 364.89567377 0.57365653279 0.136643923053 3.04012572116 131.353900053 321.235576631 267.884471823 0 1677.10060853 40.1239050852 283.759931516 22.8760949148 9.89939147527 53.7644233685
3624 4.19788625624 41.5910933188 153.315865039 364.927372532 0.554272530249 0.29377265635 1.2618579997 132.962724281 321.437837229 273.522295229 0 1677.47025765 40.3407913097 279.22000581 22.6592086903 9.52974236307 53.5621627708
3648 4.05628165277 44.3619301642 157.15507232 364.955598494 0.543773274889 0.432673211917 4.85433608809 129.213618931 321.277259637 262.273596938 0 1677.78903314 40.2655296772 276.797003337 22.7344703228 9.21096687189 53.7227403623
3672 3.92077397444 38.5914444489 155.08917296 364.983282565 0.544731083827 0.677838140593 3.13243525204 130.661712958 321.246425669 260.359912824 0 1678.09816066 40.3825564097 269.288465197 22.6174435903 8.90183934482 53.7535743311
3696 3.79984940964 39.0662596481 154.317198457 365.009051411 0.552392979971 0.742896151672 3.2202884972 130.475370959 321.369655889 260.95666447 0 1678.37195593 40.3687052095 258.935633582 22.6312947905 8.62804407486 53.6303441107
3720 3.68771336578 38.0357272007 154.703614263 365.034082007 0.561853743709 0.775228488069 0.0920104957172 133.536825265 321.335002145 254.692641525 0 1678.62480049 40.3364625529 259.380950379 22.6635374471 8.37519952399 53.6649978551
3744 3.57587794722 38.5535478069 151.375523366 365.060267258 0.572104104638 0.811634876356 1.11768998143 132.438303779 321.296807527 248.162290828 0 1678.87744372 40.3219603362 254.457229466 22.6780396638 8.12255628585 53.7031924729
3768 3.46528795761 38.5156944932 150.634357069 365.087499006 0.583943366846 0.852038873147 1.25049432051 132.226024433 321.133013991 235.742973631 0 1679.12571889 40.2340926972 252.310009012 22.7659073028 7.8742811192 53.8669860088
3792 3.36516113851 33.9068142024 151.807661667 365.113442962 0.595898824266 0.866818758024 1.01415234735 132.409687108 321.203037934 231.280672698 0 1679.35677027 40.4626065982 247.617581881 22.5373934018 7.6432297433 53.7969620657
3816 3.2747328859 31.9907016896 150.224650135 365.138021762 0.607412231759 0.913470820278 3.29886668123 130.042228504 321.114569304 226.163909719 0 1679.56073563 40.4329977864 247.401572994 22.5670022136 7.43926437697 53.8854306956
3840 3.19199497202 30.0549231311 148.52396438 365.161566977 0.619406371831 0.94402593767 3.28386120227 129.99113951 321.354197899 228.089636473 0 1679.74972997 40.5287812505 245.639247316 22.4712187494 7.25027003951 53.6458021002
3864 3.11374487126 29.1769963851 151.782525006 365.184858491 0.631832731745 0.96624730143 1.12856986146 132.088491614 321.252599997 223.652403523 0 1679.9273767 40.5656879312 240.326207215 22.4343120688 7.07262331152 53.7474000027
3888 3.04220699392 27.0978332598 150.946476528 365.207087072 0.643269883774 0.972092527293 1.69351073315 131.484039783 321.349390908 224.655977992 0 1680.09098613 40.6893943615 234.60228748 22.3106056385 6.90901388254 53.650609092
3912 2.97023453627 31.6570251623 150.258984822 365.230400141 0.655049192772 0.99171475702 2.36614223117 130.756693677 321.050839951 213.421043113 0 1680.25025852 40.3942506851 232.296268393 22.6057493149 6.74974149401 53.9491600489
3936 2.90320911564 25.5159504233 150.181910239 365.252813061 0.646725762893 0.0835876877894 4.7313461087 129.285527379 321.326617279 217.841904338 0 1680.40581864 40.722837224 227.441988536 22.277162776 6.59418137086 53.6733827211
3960 2.84263047465 24.3138004014 147.373388478 365.273009313 0.630797818817 0.166064717554 1.79516747543 132.134960674 321.436590578 218.923819525 0 1680.54335078 40.7618793998 225.943407961 22.2381206002 6.45664922593 53.5634094217
3984 2.78237577232 26.405296653 143.299320625 365.293050948 0.616705660799 0.201973027961 1.01486421436 132.873406148 321.512704845 220.693010777 0 1680.67898614 40.6474814668 222.728173167 22.3525185332 6.32101387265 53.4872951544
4008 2.7254974787 23.9517035909 143.564889313 365.31196681 0.604685907135 0.243911501628 2.06448316315 131.774952617 321.579608479 220.672339331 0 1680.8084144 40.7336923226 223.861383491 22.2663076774 6.19158561066 53.4203915204
4032 2.67268287342 25.3859338654 149.045760156 365.329570929 0.595105262194 0.28989201925 0.883990258923 132.90144153 321.297358524 206.775961027 0 1680.92770733 40.6897367317 226.901490277 22.3102632683 6.07229267522 53.7026414758
4056 2.61789908425 25.453121613 144.004733718 365.347918944 0.586366459179 0.327006749508 1.94597239715 131.792735449 321.247711314 203.063238277 0 1681.05096525 40.5910274142 228.000255272 22.4089725858 5.94903476027 53.7522886859
4080 2.5604066922 27.3318758533 143.580497005 365.36731675 0.578592247814 0.367857027131 2.29480862725 131.391425347 321.063506628 194.684999517 0 1681.17983682 40.4598764562 225.377783539 22.5401235438 5.8201631855 53.9364933719
4104 2.50163673872 24.3595988519 144.538743613 365.387358966 0.572676192822 0.440707668197 2.77577642321 130.823480749 321.004128979 187.878340522 0 1681.31397889 40.5815536205 223.078023219 22.4184463795 5.68602112302 53.9958710203
4128 2.4513807139 23.9802464238 144.440857061 365.40474247 0.569813695117 0.500985064004 0.691713151647 132.832745619 321.015041067 185.314733849 0 1681.42823655 40.5919660664 219.995061407 22.4080339336 5.57176345896 53.9849589323
4152 2.40422961877 21.2369943714 143.704160045 365.421315365 0.568004509273 0.514410371304 1.52489970905 131.971370044 321.138352591 187.670790938 0 1681.53630855 40.7747282299 216.229327918 22.2252717701 5.46369145669 53.8616474091
4176 2.3651827735 19.5976380674 140.502413445 365.435251193 0.566795615367 0.521936528691 0.76299256782 132.713024094 321.521409327 196.337105857 0 1681.62668087 41.037371549 212.800047086 21.962628451 5.37331913667 53.4785906726
4200 2.32483620417 19.6382568182 147.518342811 365.449865997 0.56583773994 0.537994176137 1.14802766337 132.298274422 321.201102543 189.896235831 0 1681.71720028 40.8999724079 209.596303546 22.1000275921 5.28279972632 53.798897457
4224 2.28797812782 20.0192694518 142.985404184 365.463422807 0.565296504868 0.553940405619 2.28875283927 131.128587442 321.339342757 192.005870193 0 1681.80107 40.9220983229 206.630231184 22.0779016771 5.19893000859 53.6606572431
4248 2.25117390375 20.0470442189 144.780831608 365.477172586 0.565308736974 0.57951083002 1.45501851374 131.922989332 321.269982229 191.015707675 0 1681.88425822 40.8855195615 200.962883279 22.1144804385 5.1157417891 53.7300177709
4272 2.2147740021 20.9378062875 148.591171224 365.491001151 0.565797438314 0.589007235692 0.668451958367 132.685742216 321.113327871 182.339194576 0 1681.96616007 40.7688890564 198.56823784 22.2311109436 5.03383993946 53.8866721286
4296 2.17981276306 21.3319901799 143.40463305 365.504512357 0.566469391795 0.604478420143 0.791624494055 132.532915336 321.280059197 183.422871219 0 1682.04603985 40.8754516582 196.333100838 22.1245483418 4.95396015664 53.7199408031
4320 2.14150916833 19.7813597774 141.616105277 365.519590798 0.567614525664 0.614024220885 1.28512504047 132.013645414 321.14022389 181.141798033 0 1682.13193113 40.7609781518 193.320475845 22.2390218482 4.86806887902 53.8597761095
4344 2.10898074661 17.7628809903 142.292052654 365.532635974 0.568814105744 0.625431348744 1.29392323202 131.979195339 321.271892257 180.177679801 0 1682.20691468 40.9818330439 191.475954775 22.0181669561 4.79308533312 53.7281077424
4368 2.07891646727 16.6110477481 143.545719047 365.544901099 0.570218245464 0.639196039628 1.10900174329 132.136682872 321.127508336 176.914452415 0 1682.27566011 41.1136338575 188.788661974 21.8863661425 4.72433990129 53.8724916638
4392 2.04979255733 15.988047263 142.564936052 365.55698361 0.571679823855 0.642720810551 0.894495539822 132.334120215 321.298278658 179.752369556 0 1682.34188294 41.1768562603 185.281208462 21.8231437397 4.65811706539 53.7017213414
4416 2.02142203689 16.3402423963 139.136944102 365.568951322 0.573255448326 0.653548874955 1.63078692549 131.573457428 321.367418104 180.989425388 0 1682.4059694 41.1073803044 184.902029898 21.8926196956 4.59403061344 53.6325818961
4440 1.99129437723 17.6233441329 142.780954034 365.581885365 0.575214565767 0.666330056536 1.57546665176 131.601103361 320.986898009 167.544838558 0 1682.47331411 40.8967361066 185.593632513 22.1032638934 4.52668590355 54.0131019904
4464 1.96256101364 17.7554626754 143.986835427 365.594450168 0.577528617601 0.694902244269 1.39155713834 131.741561831 320.914435215 159.497813889 0 1682.53872978 40.9431850095 184.351351736 22.0568149905 4.46127023385 54.0855647843
4488.0 1001.93604646 16.3465036233 141.820117519 365.606258784 0.580004389915 0.703104669342 1.06270201959 132.047930136 321.007729493 161.849242789 0 1682.59933994 41.0501648007 181.262562878 21.9498351993 4.40066007091 53.9922705067
4512 379.221414292 5277.22303859 178.559722376 369.359922933 6.4876166909 18.9037419562 39.2111168896 66.0376015296 274.989491974 881.490929669 0 1143.56629246 39.8554264253 413.422953525 23.1445735747 543.433707551 100.010508026
4536 91.1418312943 3378.62193004 195.250082393 390.054711161 12.0827247615 19.0646942296 33.2584257887 45.5394440578 274.693520253 356.600012945 0 1481.56042743 39.0682787566 445.632430804 23.9317212434 205.439572584 100.306479746
4560 34.2391549668 1139.77392236 180.914169339 401.760830204 5.88709582745 12.6608524877 25.8502241844 53.840997295 293.661542661 286.423796688 0 1606.0616118 39.0887752441 445.075110264 23.9112247559 80.9383882147 81.3384573386
4584 21.7308302819 437.668782353 170.131361701 404.380301591 2.12163715191 11.7005161194 18.5570191249 63.2405260117 309.202838696 320.557293392 0 1637.24394337 39.3835277431 416.977192509 23.6164722569 49.7560566414 65.7971613036
4608 17.0258074986 271.534780511 168.008914268 405.036013033 1.04481720373 2.5083015151 13.4040594328 78.006808814 314.744369903 346.444871225 0 1648.35297996 39.5924916976 387.846793321 23.4075083024 38.6470200461 60.2556300967
4632 14.3435778056 212.884881639 162.075721706 405.170332289 0.477171029956 1.0079295857 7.96979186903 85.3747752256 317.234115895 371.958364478 0 1654.49104343 39.6811737433 373.619187833 23.3188262567 32.5089565783 57.7658841052
4656 12.4298075968 177.151278287 164.763798547 405.293767821 0.682126851294 1.29486171755 8.6451906443 84.0840529642 318.250149867 369.179974585 0 1658.83172633 39.7415512098 371.140828794 23.2584487902 28.1682736858 56.7498501329
4680 11.0019134296 153.35673802 166.031111934 405.420099603 0.688490223647 0.444377398048 5.14558319072 88.3014495836 319.092516008 373.479599713 0 1662.05896962 39.7711303209 358.185606634 23.2288696791 24.9410303888 55.9074839921
4704 9.90932410211 133.430866594 170.778240719 405.527696279 0.696739329272 0.963166152338 2.48308169736 90.3293165407 319.436173033 362.411179953 0 1664.53626863 39.8140533766 351.96503029 23.1859466234 22.4637313804 55.563826967
4728 9.02910087517 118.913069672 168.463137626 405.62593233 0.696108635925 0.685486718154 5.82278147807 87.1696908365 319.712453351 355.786220321 0 1666.52768244 39.8442675287 344.004766346 23.1557324713 20.4723175731 55.2875466486
4752 8.31492174015 104.0171412 166.100372485 405.713043338 0.721629771291 1.13422106942 5.15977591337 87.271329907 320.220550454 352.290523722 0 1668.14880055 39.9093446809 347.635635568 23.0906553191 18.8511994659 54.7794495456
4776 7.71680981073 84.3406324757 169.589854221 405.793429378 0.708861693554 0.712420786763 5.27352919346 87.5117589472 320.6555595 363.602732443 0 1669.51459701 40.0625139062 331.262165323 22.9374860938 17.4854029998 54.3444404999
4800 7.2132280997 91.8367225907 172.103896333 405.86578448 0.716220407061 0.100438037025 4.71860354622 88.5989535283 320.460970741 336.746998443 0 1670.63979693 39.9477679526 326.41146823 23.0522320474 16.3602030852 54.5390292588
4824 6.7700023679 77.7738070162 165.760614393 405.931730789 0.675341376682 0.391915337764 3.94564519912 89.0553672959 320.994555388 347.643325493 0 1671.65020492 40.0629864679 316.92803084 22.9370135321 15.3497950863 54.0054446115
4848 6.38746710567 71.1491291197 172.227554558 405.989947306 0.663231152 0.675374557539 4.38668982689 88.2847571568 320.786737372 332.063550765 0 1672.51525986 40.0876507114 307.932672145 22.9123492886 14.4847401468 54.2132626279
4872 6.05053135937 65.4922481185 169.908681243 406.044110857 0.671462604121 0.857295239648 3.42116160902 89.0059696892 320.950027702 323.094834152 0 1673.27879941 40.146820686 299.777392897 22.853179314 13.7212006002 54.049972298
4896 5.75326966336 66.8994860463 166.093811943 406.095273584 0.669391254178 0.146888088998 5.74155942373 87.3468876484 320.85444338 312.445793103 0 1673.94725041 40.0948502472 290.024330733 22.9051497528 13.0527495964 54.1455566201
4920 5.48521462951 61.9089220916 162.375331235 406.142108235 0.642397681771 0.373293538865 1.90130277216 90.9408977714 321.049749446 302.726351553 0 1674.55467827 40.1361293701 294.13377924 22.8638706299 12.4453217412 53.9502505536
4944 5.23701877942 55.9792093293 158.558883739 406.186191086 0.628406772943 0.4820771768 2.06681235446 90.6365126084 321.163070399 299.788112984 0 1675.11690686 40.1875798962 292.812688642 22.8124201038 11.8830931538 53.8369296005
4968 5.01470775304 58.0916537838 156.387368505 406.226802345 0.620432513826 0.524949912474 0.945299823785 91.6825154042 321.365076908 299.829094999 0 1675.61807401 40.1386552968 288.982453538 22.8613447032 11.3819259987 53.634923092
4992 4.80505795443 54.0378222636 160.901031942 406.266427454 0.618376111344 0.663632538715 2.5213652594 89.9301986358 321.070008867 281.56479104 0 1676.09210184 40.1626982133 294.017080366 22.8373017867 10.9078981734 53.9299911323
5016 4.61863529703 46.5557709387 160.504482725 406.303247936 0.622842719277 0.733708815216 2.78297492177 89.5572256063 321.315195788 284.257406561 0 1676.52042745 40.3587581531 284.165665499 22.6412418469 10.4795725618 53.6848042116
5040 4.44354799086 48.5690847732 162.819958059 406.339599357 0.631897955863 0.813166028529 1.88196684859 90.3333698092 320.924070894 269.953178976 0 1676.9113669 40.2043077467 274.927001994 22.7956922533 10.0886331075 54.0759291057
5064 4.28957867628 42.5548560832 153.831118546 406.373293339 0.642230647517 0.846509682829 0.602968297165 91.5349980319 321.473703048 282.710589715 0 1677.26386542 40.3535092037 266.082636696 22.6464907963 9.73613459377 53.5262969518
5088 4.13838531114 42.5524919577 154.800836688 406.408164275 0.653626135355 0.869758897437 1.42125163575 90.6471990554 321.32522131 270.700723623 0 1677.60344782 40.2889391866 265.444432547 22.7110608134 9.39655219111 53.67477869
5112 3.99753707129 39.9888407415 151.560167221 406.442421822 0.665818064641 0.916807454784 2.01390567614 89.9610469818 321.492614193 268.950085066 0 1677.92353677 40.3451508357 262.649549547 22.6548491643 9.07646324232 53.5073858069
5136 3.87490925911 38.1383054281 157.564185712 406.473835037 0.678936672816 0.979933388215 2.09426424092 89.7730306596 321.415220719 265.654609731 0 1678.20351596 40.444082432 254.49832735 22.555917568 8.79648404627 53.5847792811
5160 3.7554307116 36.5160358762 158.113282708 406.506075716 0.689415014033 0.0944773126731 4.09778563017 88.6122463256 321.246703781 260.061647459 0 1678.47264267 40.4111626654 243.521796049 22.5888373346 8.52735733759 53.7532962187
5184 3.64120116144 38.895913984 150.862712485 406.537451354 0.666375515328 0.263297448817 4.03498873935 88.4978869409 321.309295485 253.946004582 0 1678.72850556 40.2854437782 240.503732741 22.7145562218 8.27149444726 53.6907045151
5208 3.53567699253 33.2402411629 158.66165793 406.566496001 0.650994655747 0.335256677497 1.943329556 90.5039231087 321.128077664 243.341678507 0 1678.97172127 40.5034484535 234.145480215 22.4965515465 8.02827873948 53.8719223361
5232 3.43591649104 33.956429329 152.141359401 406.594178402 0.639096019711 0.396603426417 1.75626258822 90.6138595629 321.064557927 232.210677625 0 1679.19533513 40.4057929364 235.177699676 22.5942070636 7.80466488321 53.9354420729
5256 3.3476088554 30.9507097119 153.853376134 406.618971831 0.630928269296 0.449594376306 1.22319176672 91.0773137553 321.324958171 233.633931504 0 1679.3983845 40.5681772841 229.81687784 22.4318227159 7.60161551503 53.6750418288
5280 3.26559074848 30.7272755579 149.75204712 406.642332164 0.62490775128 0.47544841554 0.57023329382 91.6870783741 321.413333908 236.117743099 0 1679.58427069 40.5778135486 226.014120032 22.4221864514 7.41572932085 53.5866660912
5304 3.18161212031 31.5121330388 153.761833978 406.66664748 0.619837947456 0.522636772579 3.04165413169 89.149223667 321.125261524 224.279507589 0 1679.77191358 40.4363603788 224.563638149 22.5636396212 7.22808643066 53.8747384759
5328 3.10432840782 28.1077506081 149.489968895 406.689456266 0.61706409185 0.553645454803 0.338992403482 91.8008417831 321.267090318 224.594651977 0 1679.94916588 40.6035295216 219.650277834 22.3964704784 7.05083413144 53.7329096818
5352 3.03678685567 28.2547464443 147.114329778 406.70978442 0.615171681325 0.564450722415 0.320295417191 91.7902977579 321.433961641 223.208425818 0 1680.10320201 40.6571402364 221.008353547 22.3428597636 6.89679800465 53.5660383589
5376 2.96527173727 26.5689581719 150.558496291 406.731746952 0.61385148795 0.600702123882 1.49835633112 90.5553431043 321.144748871 212.512904342 0 1680.26465227 40.6640531432 221.491080562 22.3359468568 6.73534773642 53.8552511286
5400 2.90428173997 25.0385431861 149.801952773 406.750878311 0.613613372396 0.6142232559 1.30273608391 90.7185489752 321.306343821 215.604755307 0 1680.40397338 40.7640512014 218.176839058 22.2359487986 6.59602662695 53.6936561791
5424 2.84423800944 28.7338817043 142.654681871 406.770109913 0.613886650623 0.627921533654 1.11938175094 90.8687001503 321.582460054 221.759971899 0 1680.53835755 40.5847394902 216.202261787 22.4152605098 6.46164245854 53.4175399459
5448 2.78157399007 26.4176063622 141.885439195 406.790637474 0.614838037397 0.6559710632 1.0934742773 90.8450791467 321.657684614 222.607733577 0 1680.68092768 40.6775829126 216.477205528 22.3224170874 6.3190723317 53.342315386
5472 2.721383666 28.546654667 146.156415806 406.810837161 0.61633657485 0.670268573406 2.03789649698 89.8646611924 321.279978576 210.475528906 0 1680.81516455 40.467221395 216.019458489 22.532778605 6.18483545699 53.7200214239
5496 2.66252481848 26.1218431327 143.655630836 406.831089437 0.618846479568 0.718762962416 2.90849437403 88.9228067458 321.446382219 210.953426161 0 1680.94936571 40.5552572829 215.656256607 22.4447427171 6.05063429726 53.5536177811
5520 2.60639168595 27.2152637499 145.040052896 406.850924142 0.622313501817 0.734800096314 1.7642412401 90.0277210184 321.201709518 199.898322603 0 1681.07579618 40.477343354 218.414067971 22.522656646 5.92420383498 53.7982904818
5544 2.54867964819 23.7412188502 147.885730196 406.871894296 0.626531955784 0.761082306898 0.74338812617 90.9971033141 321.013112798 192.123521125 0 1681.20797542 40.6566620687 215.307154523 22.3433379313 5.7920245904 53.9868872021
5568 2.49963429576 24.0968817234 145.189936267 406.89021374 0.630588253363 0.777113433167 1.33997198369 90.3621125885 321.113635362 191.413201844 0 1681.3192295 40.6474335951 212.468726861 22.3525664049 5.68077050854 53.8863646375
5592 2.453476135 23.3189041375 141.195667558 406.907902991 0.634884571448 0.792103589234 0.829252348846 90.8358564981 321.31688014 195.586204499 0 1681.42442554 40.6992968334 210.852911847 22.3007031666 5.57557446964 53.6831198598
5616 2.40751018851 22.9188459068 143.181766805 406.925978155 0.639443209761 0.805755048251 1.35665968375 90.2721639024 321.219110954 191.486145243 0 1681.52830861 40.6687996075 210.518266647 22.3312003925 5.47169139992 53.7808890453
5640 2.36482300293 20.4177258509 142.461658222 406.943198328 0.64404325634 0.826154682847 1.7305795853 89.8560241466 321.294592158 194.862404282 0 1681.62612453 40.8350955915 206.338633991 22.1649044085 5.37387548005 53.7054078419
5664 2.32568841638 19.613694584 143.465637161 406.959379305 0.648986859537 0.858796198121 0.914812013853 90.6180256227 321.36328899 195.995340973 0 1681.71541408 40.9135688706 202.44368892 22.0864311295 5.2845859304 53.6367110094
5688 2.28746827547 20.2428663073 142.232043599 406.975574173 0.654107552766 0.85880410611 1.14704005854 90.3644741089 321.377688662 194.294456009 0 1681.80206369 40.9063878454 200.795962052 22.0936121546 5.1979363202 53.6223113379
5712 2.25112457826 20.1535041462 148.483218935 406.991346889 0.658994850117 0.863508245451 1.29447415925 90.1916758554 320.949406858 177.068750541 0 1681.88477802 40.9651674832 202.222939616 22.0348325168 5.11522199065 54.050593142
5736 2.21549008867 18.8364469696 145.876893968 407.007177876 0.66388242402 0.870485993923 1.42844980107 90.0300039036 321.021939614 176.799490257 0 1681.96515814 40.916605373 198.786884534 22.083394627 5.03484187529 53.978060386
5760 2.18087270856 19.0115529493 139.930400299 407.022919837 0.668955279829 0.888921663902 1.50995575265 89.9092474653 321.284450089 180.713603621 0 1682.04394345 40.9887737585 197.531802733 22.0112262415 4.95605656181 53.7155499104
5784 2.14689184199 20.7310478899 144.1172624 407.038738833 0.674170117178 0.897892931191 0.603072960891 90.7861251566 321.090556959 174.802494112 0 1682.12014857 40.8032596985 194.430043251 22.1967403015 4.87985143964 53.9094430411
5808 2.1132867795 18.1557414457 144.401874339 407.054754586 0.679315761288 0.890346305532 0.738408982866 90.6371743628 321.021074058 171.794694107 0 1682.19687619 40.9274445443 192.51825159 22.0725554557 4.80312382577 53.9789259422
5832 2.08187679362 17.4884739232 143.125346283 407.070066132 0.683982551922 0.886899954749 0.75761896906 90.6014323912 321.113981321 168.469995095 0 1682.26829264 40.9811740867 192.734417894 22.0188259133 4.73170737127 53.8860186782
5856 2.05154607173 17.4556028972 142.188492196 407.085172461 0.68843415779 0.891966844035 1.71931339855 89.6151131377 321.069935708 166.658042978 0 1682.33738544 41.044401153 193.016350187 21.955598847 4.66261457193 53.9300642918
5880 2.02138483337 17.0341061624 142.917485801 407.100516399 0.692863960493 0.892103417171 1.70842718462 89.606089038 320.912315827 161.993698103 0 1682.40555045 41.0000580061 190.405025475 21.9999419939 4.59444956241 54.0876841722
5904 1.9936447083 16.3947866479 142.157893905 407.114920519 0.696976476216 0.892755570068 0.562598471208 90.7327489627 320.974224165 160.65566552 0 1682.46872807 41.0669682298 190.900294583 21.9330317702 4.53127194307 54.0257758343
5928.0 1001.96367989 18.2875286525 144.711457682 407.130803699 0.70142208037 0.89670291131 0.587669672638 90.683401635 320.783629174 154.218355018 0 1682.53550934 40.8155172385 187.489131099 22.1844827615 4.46449066659 54.2163708257
5952 409.817266224 5653.78324327 167.117841214 409.076409829 3.76722445241 10.9515203929 29.1320808703 47.0727644532 275.878441996 995.022950476 0 1121.49763292 39.8922142406 414.055910413 23.1077857594 565.502367085 99.1215580039
5976 93.6609488792 3722.85937915 181.540096418 422.786853203 7.09556419095 16.6143957939 28.8195126151 24.6836741948 273.049635131 386.864995548 0 1475.64805358 39.0421920957 469.570593051 23.9578079043 211.351946426 101.950364869
6000 33.1208921817 1250.79947209 180.400744099 433.920114135 2.92517173239 8.83864986825 17.565818324 36.7502459389 291.633615351 273.759536835 0 1607.92831938 39.0389087576 468.862310207 23.9610912424 79.0716806269 83.3663846486
6024 20.57005276 438.320718051 169.362736099 435.869985963 2.3528378288 6.09860401164 10.3977987843 45.2807734101 308.916630335 318.640794613 0 1639.74234395 39.3324215562 430.979446471 23.6675784438 47.2576560585 66.0833696652
6048 16.2377527708 252.490128399 173.016412217 436.365294335 0.715968227483 0.721533572446 4.71919161713 57.478012246 315.032399236 346.825081952 0 1650.14445761 39.6073638127 406.826379842 23.3926361873 36.8555423999 59.9676007638
6072 13.8619770735 187.737721936 174.576194271 436.53375355 0.704685324139 0.990897610019 4.6200208136 57.1506427004 317.301709378 372.270017958 0 1655.61972656 39.7598739142 392.650976714 23.2401260858 31.3802734418 57.6982906218
6096 12.1882123226 162.533380851 170.427510399 436.677503745 0.766967091744 0.899045792511 3.27867772806 58.3778056406 318.344185912 377.617125794 0 1659.3981588 39.7884990748 391.178099032 23.2115009252 27.6018412037 56.6558140879
6120 10.8289925872 151.202410093 172.215681964 436.812066687 0.729528509266 0.499215296795 3.87149374254 58.0876957628 318.820155744 364.847887682 0 1662.44912321 39.768870982 380.232843635 23.231129018 24.5508767973 56.1798442552
6144 9.76563612766 137.372282112 167.795326505 436.924332787 0.730873652062 0.982040446159 5.24049780025 56.122255313 319.314212877 354.108531706 0 1664.85240781 39.7865070153 382.401438906 23.2134929847 22.1475921984 55.6857871231
6168 8.87900030942 116.386287574 171.689992665 437.03000105 0.725176827897 0.443114181913 2.91064856165 58.8910593772 319.447209846 342.042860383 0 1666.86110393 39.8427140578 377.630916749 23.1572859422 20.1388960809 55.5527901535
6192 8.15991563843 104.337364526 171.159734487 437.120604622 0.711864681361 0.734618034197 0.976641702585 60.4562709587 319.996646347 343.403314912 0 1668.49556613 39.9028223384 358.608017455 23.0971776616 18.5044338727 55.0033536529
6216 7.55494154032 99.691050152 170.379350421 437.203220227 0.720488939822 0.867678777427 1.61501705923 59.5935949944 319.968940411 330.002323116 0 1669.85512959 39.8627926896 345.728426156 23.1372073104 17.144870421 55.0310595892
6240 7.02454708847 92.7256897383 165.539577426 437.282928079 0.74211906737 1.03232817056 3.75425473687 57.1883699442 320.136524804 314.184023392 0 1671.05487404 39.8812691567 341.564634977 23.1187308433 15.9451259637 54.8634751952
6264 6.58880704199 74.3613936902 162.857922228 437.352574565 0.70225623511 0.310638172757 3.05973070978 58.5748003153 320.615422184 320.599030813 0 1672.05629439 40.0560735372 332.684493917 22.9439264628 14.9437056199 54.3845778161
6288 6.21963201407 75.8648317187 164.257502123 437.412146396 0.67834482316 0.500439632457 0.929522052526 60.4795470941 320.718471694 307.477228853 0 1672.88886265 40.0302960125 332.549484107 22.9697039875 14.1111373586 54.2815283059
6312 5.88872435921 70.9646917794 165.561523315 437.467298073 0.668315464315 0.606705740876 2.65685486203 58.6008258581 320.816979204 309.464379764 0 1673.63562415 40.0217529905 320.463613158 22.9782470095 13.3643758535 54.1830207957
6336 5.59490692741 61.8133658745 164.191874068 437.518515099 0.66644812497 0.658390447421 0.153146461659 61.0034998657 320.77411339 296.900232039 0 1674.30580641 40.1285970375 322.868944077 22.8714029625 12.6941935987 54.2258866098
6360 5.32891373111 66.8374208065 158.224183175 437.567203918 0.666997347876 0.712282063458 2.41233008523 58.6411865835 320.864426073 287.18128298 0 1674.90117508 40.0226561743 318.283456151 22.9773438257 12.0988249311 54.1355739263
6384 5.07103824136 57.6271752771 156.388291023 437.617064796 0.674293682063 0.800761007489 1.65736766249 59.2505128507 321.018304534 283.581734464 0 1675.48759235 40.1141212957 317.203325919 22.8858787043 11.5124076556 53.9816954653
6408 4.85808513404 55.6991298142 160.232136539 437.660725636 0.682645526053 0.816419522846 1.43940868104 59.4008006324 321.015965456 280.508657164 0 1675.97183909 40.1437382836 310.672425495 22.8562617164 11.028160918 53.9840345437
6432 4.65096084156 53.9090017068 162.335127625 437.705640137 0.692198370513 0.852597654019 1.23150824223 59.5180555942 320.775437238 271.009770689 0 1676.43797335 40.118040085 297.177474629 22.881959915 10.5620266552 54.2245627621
6456 4.45501410661 50.5544841017 157.690196444 437.750703253 0.704298637596 0.918362211936 1.9040420768 58.7225938188 320.801677059 261.108631135 0 1676.88081753 40.120356449 292.197665339 22.879643551 10.1191824717 54.1983229407
6480 4.28237466923 47.4282171384 157.803593956 437.792845323 0.717677076147 0.957147517565 1.30690281687 59.2254272651 320.826033554 254.034875821 0 1677.274418 40.1891899418 284.853302864 22.8108100582 9.72558201041 54.1739664455
6504 4.13734391027 39.9732261478 155.309051621 437.830252202 0.729826919079 0.9602214742 0.328612839578 60.1510865632 321.206824938 256.986839683 0 1677.61001148 40.4396323268 283.400659213 22.5603676732 9.38998852288 53.7931750621
6528 4.00549542168 40.3126401315 154.376275921 437.865969149 0.740509333655 0.959924259726 0.173642247348 60.2599550085 321.222242752 254.250493247 0 1677.90564345 40.3482059953 284.766948219 22.6517940047 9.09435655545 53.7777572478
6552 3.88091499098 41.3756700924 148.402367378 437.90130293 0.750454932078 0.958459250845 0.949376744899 59.4404061403 321.634702212 266.39253527 0 1678.18779304 40.3352122988 277.797384629 22.6647877012 8.81220697063 53.3652977876
6576 3.75355995514 41.4089041109 153.1959835 437.939118235 0.760490322928 0.94995276676 0.892079244288 59.4583594297 321.212574633 254.821602575 0 1678.47308341 40.2479152832 272.797415226 22.7520847168 8.52691660136 53.7874253664
6600 3.63678825167 38.2992038895 155.041414207 437.975388761 0.769949889592 0.981558977331 1.59658826462 58.6765141059 321.248649414 248.362341656 0 1678.74016865 40.3620939811 265.705113179 22.6379060189 8.25983135937 53.7513505857
6624 3.52783815605 37.4071146056 153.551033361 438.010743875 0.779929135644 0.996425074009 1.22447692994 58.9884249833 321.107251306 239.081983254 0 1678.98628507 40.3293301618 262.417324044 22.6706698382 8.01371493367 53.8927486932
6648 3.43084832214 31.7145064375 153.320921639 438.043547977 0.786149568381 0.035874785416 2.58719582901 58.5472318382 321.30917917 240.796857439 0 1679.20914825 40.5256326843 257.78924543 22.4743673157 7.79085175646 53.69082083
6672 3.34305957878 33.7268485486 153.816608122 438.07357301 0.758911117086 0.111608659343 2.8057312309 58.2501759814 321.28688856 233.501504872 0 1679.40698269 40.4514722536 258.599548464 22.5485277464 7.59301731867 53.7131114397
6696 3.25742919903 30.3039246061 154.340801437 438.102646493 0.735560783322 0.175582770622 1.041287185 59.9449227661 321.075134058 226.848573221 0 1679.60204549 40.5507498399 257.629654144 22.4492501601 7.39795451979 53.9248659414
6720 3.17752768036 31.0000638299 149.691047872 438.129669548 0.715602379765 0.214182475199 2.22118486346 58.719360732 321.339733954 229.142416355 0 1679.78277852 40.5267106325 252.330050053 22.4732893675 7.21722148746 53.6602660457
6744 3.09749569231 33.2171851187 148.009878716 438.156705421 0.6979737899 0.267513961585 0.426168523381 60.4516383023 321.260815669 220.016797885 0 1679.96211369 40.3983668423 256.319871234 22.6016331577 7.03788631942 53.7391843307
6768 3.01928318869 28.9412636598 146.748686806 438.183173645 0.682229508722 0.291789094664 0.690886223508 60.1519215266 321.416057667 226.624195686 0 1680.14154974 40.5896577777 249.651542603 22.4103422223 6.85845026764 53.5839423327
6792 2.94830668087 30.2405848621 147.253228238 438.207277632 0.669018281459 0.31399679372 0.795048350304 60.0146589406 321.467417334 226.870580726 0 1680.30152351 40.5022484596 243.634140112 22.4977515404 6.6984764987 53.5325826662
6816 2.88365670636 25.1985891345 155.365411893 438.229335719 0.657635681068 0.334445922165 1.75478484048 59.023797836 321.111056784 216.506828139 0 1680.45018694 40.7224001239 238.126886609 22.2775998761 6.54981306511 53.8889432158
6840 2.82618170522 24.2583530833 150.910369514 438.249051933 0.648228224757 0.35093047175 1.53628200812 59.2155073605 321.246702838 216.763927882 0 1680.58067629 40.7614610309 235.142401185 22.2385389691 6.4193237163 53.7532971621
6864 2.76612717648 24.5647973597 148.208292184 438.269789789 0.639354661892 0.383365292447 1.40421302973 59.3032772257 321.263690105 214.156778453 0 1680.71601519 40.7057366058 231.500216509 22.2942633942 6.28398481823 53.7363098947
6888 2.70795305383 26.9239993207 145.598531429 438.290050024 0.631675350603 0.398655514384 0.283438256708 60.3961808525 321.332563035 212.13293696 0 1680.84673309 40.5689604683 228.249253867 22.4310395317 6.1532669141 53.6674369652
6912 2.65105591791 24.3674612877 146.630950857 438.310055408 0.624626503945 0.424582378564 2.13800772705 58.5027279807 321.301681235 206.97240428 0 1680.97637696 40.6708462091 229.332113539 22.3291537909 6.02362304641 53.6983187652
6936 2.601254336 23.4114947415 144.033502021 438.327746478 0.619285707413 0.440555616296 0.805924060862 59.8064881361 321.477266928 213.942455867 0 1681.09023286 40.7578215318 222.61786943 22.2421784682 5.90976715047 53.5227330719
6960 2.55070909547 25.3949068609 146.25548269 438.345900768 0.614451248133 0.466132822229 1.51162338958 59.0618917701 321.269453064 207.473775312 0 1681.20302057 40.5546168599 219.32449074 22.4453831401 5.79697943305 53.7305469361
6984 2.499223113 22.6660550615 146.963850747 438.364631464 0.61041040431 0.48802927541 0.29057116085 60.246357694 321.134906821 197.293451662 0 1681.32063569 40.7057152239 220.212770066 22.2942847761 5.67936431952 53.8650931787
7008 2.4530137254 22.5221946589 145.938261609 438.38167249 0.607169245547 0.505422495118 1.92251776439 58.5832180031 321.088806024 191.719730678 0 1681.42531255 40.6899652394 220.237862497 22.3100347606 5.57468745215 53.9111939757
7032 2.40905615136 20.1387890685 143.924145869 438.398108557 0.60490273854 0.53349489995 1.4785104377 58.9849833656 321.228535866 193.766961538 0 1681.52629588 40.9010838653 215.4717575 22.0989161347 5.47370412577 53.7714641334
7056 2.36677172165 23.7271530805 141.823826098 438.414152308 0.603170287875 0.544251804124 1.03408988966 59.4043357085 321.324791555 194.214634815 0 1681.62072703 40.650616788 212.009460354 22.349383212 5.37927298115 53.6752084446
7080 2.32509620251 21.1280612843 144.371871911 438.430206072 0.601744936905 0.556424024086 1.59074554923 58.8208794159 321.252240923 190.739556088 0 1681.7159882 40.7799909229 211.806471553 22.2200090771 5.28401180217 53.7477590767
7104 2.28555759031 19.9875151073 145.776366017 438.445672963 0.600649272984 0.560779702672 1.10726744682 59.2856306126 321.182188649 188.970061905 0 1681.80598126 40.855252745 205.825562087 22.144747255 5.19401874621 53.8178113507
7128 2.25004693313 19.5347130005 145.816578035 438.459771186 0.599825043305 0.570996519547 1.4785624636 58.8908447861 321.188000957 186.182712598 0 1681.8869397 40.9084830415 204.137574916 22.0915169585 5.11306030523 53.8119990423
7152 2.21565429188 19.1284449821 143.837470913 438.473623849 0.59932890432 0.58307521285 0.822209704925 59.5217623276 321.270428866 187.895683598 0 1681.9653012 40.9910773987 199.639616555 22.0089226013 5.03469880179 53.7295711337
7176 2.18049328617 19.4231728983 143.756192408 438.488001411 0.599143263099 0.605241796149 2.19707273875 58.1105407897 321.256245603 185.821415526 0 1682.04422954 40.8553259402 196.38713888 22.1446740598 4.95577046258 53.7437543964
7200 2.14555158733 19.6053603762 141.792936641 438.502522647 0.599389104472 0.608340094118 0.622417949804 59.6673302032 321.254473384 184.162778455 0 1682.12338891 40.8523026516 194.343409071 22.1476973485 4.87661110139 53.7455266153
7224 2.11079664022 17.4099111206 143.311027156 438.517209368 0.599746014586 0.622802907317 1.03999072962 59.2202509792 321.124950781 177.638408195 0 1682.20278446 41.0080926059 193.420110289 21.9919073941 4.79721554857 53.8750492185
7248 2.07966640581 17.0263387606 140.397467186 438.530582802 0.600429304975 0.63724015998 0.325685030411 59.9060627005 321.227248551 177.613413126 0 1682.27368074 41.054967825 191.660484437 21.945032175 4.72631926498 53.7727514492
7272 2.04970129026 18.6117708224 139.760857799 438.543662846 0.601220982652 0.636839912765 0.609846510931 59.608429746 321.247927795 173.761286066 0 1682.34106475 40.9039143255 193.987684864 22.0960856745 4.65893525335 53.7520722051
7296 2.01734989873 17.5437528948 140.117358621 438.558021078 0.602145710295 0.643935552521 1.00187313225 59.1940245251 321.137288263 171.905370842 0 1682.41419316 40.9139898508 192.354830583 22.0860101492 4.58580684775 53.8627117365
7320 1.98657062811 17.9621354539 144.201925099 438.571919425 0.603150509498 0.649709494285 1.34855148836 58.8266690808 320.856157943 163.153181712 0 1682.48377366 40.8462534194 188.839581733 22.1537465806 4.51622634976 54.1438420569
7344 1.95990468387 15.4063086885 139.670568773 438.584156118 0.604182381208 0.659870809122 1.52127266338 58.6305180264 321.080158074 162.232062139 0 1682.54570575 41.1966858206 192.425175862 21.8033141794 4.45429425345 53.9198419252
7368 1.93351337279 16.5693833807 139.235150789 438.596455092 0.605434800508 0.667600496317 0.701666443505 59.4288431661 321.154578614 163.88707099 0 1682.60492491 41.0170608433 188.065229664 21.9829391567 4.39507509984 53.8454213856
7392 1.90661394618 16.6375674019 139.725513002 438.609191958 0.606735178224 0.667831239291 0.936607858949 59.1796337642 320.997893534 160.244859914 0 1682.66557948 40.9499067646 185.867720477 22.0500932354 4.33442052877 54.0021064657
7416 1.8790324011 17.8064849828 141.234756958 438.622469264 0.608177678109 0.677659698355 0.20124091241 59.890452445 320.985668683 157.838104328 0 1682.72770688 40.8310537345 181.854203808 22.1689462655 4.27229312202 54.0143313168
7440 1.85305765775 14.8584710538 141.931705312 438.635182707 0.609590479768 0.676282373355 0.430324945166 59.6486194926 320.879780973 153.444080116 0 1682.78780894 41.1719438009 180.995470089 21.8280561991 4.21219106187 54.120219027
7464 1.82909004941 16.1252761457 143.931470169 438.64709922 0.61087729308 0.675072934649 0.579414747467 59.4875358034 320.789033407 147.008303507 0 1682.84185981 41.0518475088 178.222401181 21.9481524912 4.1581401972 54.2109665924
7488 1.8045260545 15.3841464499 141.593776511 438.659501461 0.612151627216 0.672874315888 0.77454848025 59.2809241136 320.773433271 145.4466708 0 1682.89770625 41.1055545881 175.614083514 21.8944454119 4.10229376128 54.2265667282
7512 1.78128594703 14.9006281369 140.234122219 438.671415673 0.613367633796 0.676526022191 0.908508609174 59.1301820599 320.763897165 140.871289337 0 1682.95051717 41.1331071149 176.092969347 21.8668928851 4.04948283615 54.2361028342
7536 1.76066773367 14.2429465633 137.865283042 438.682136986 0.614471232441 0.677100089435 0.932090412787 59.0942012773 320.971027 144.700127659 0 1682.99805695 41.3958636096 174.621266785 21.6041363904 4.00194305209 54.0289729993
7560 1.73989871932 13.7560783721 138.489456298 438.693084331 0.615616968571 0.680463969252 0.969456607548 59.0413781219 321.036932878 144.824989893 0 1683.04479789 41.2716410475 175.215868519 21.7283589525 3.95520212085 53.9630671221
7584 1.71963800003 13.1367028979 135.085289918 438.703910925 0.616829084066 0.689237326606 0.98201355884 59.0080091034 321.125067199 150.704627726 0 1683.09106273 41.3822665375 171.875898263 21.6177334625 3.90893727534 53.8749328009
7608 1.70004824953 13.9607312144 137.266797976 438.714522566 0.618112422987 0.693615907698 0.980288896633 58.9934602055 321.069677241 149.647880277 0 1683.13504388 41.1966848218 169.662512253 21.8033151782 3.86495612461 53.9303227585
7632 1.68066522331 14.3246924859 138.968170645 438.725165382 0.619381675639 0.692382558026 0.990421895815 58.9726484871 321.006499565 146.273000473 0 1683.17911369 41.2013074409 169.514025367 21.7986925591 3.8208863183 53.9935004349
7656 1.66122853462 12.8886278404 137.022224581 438.735983743 0.620651296511 0.693064458833 1.01103006862 58.9392704309 321.094496609 147.847287258 0 1683.22348625 41.3631020269 169.39112763 21.6368979731 3.7765137551 53.905503391
7680 1.64296448216 13.7680065666 140.331013948 438.746285726 0.621829670364 0.692216626756 0.983825757887 58.9558422172 320.984360525 142.066630012 0 1683.264875 41.3247508739 169.31836783 21.6752491261 3.73512500629 54.0156394743
7704 1.6244380184 14.3038707802 137.905350641 438.756873895 0.623105333663 0.705380536775 1.95318182536 57.9614584071 320.923504338 140.55215682 0 1683.30664335 41.2138475212 168.28689091 21.7861524788 3.693356661 54.076495662
7728 1.60563939858 13.6538057252 138.773464513 438.767766242 0.624603488978 0.710479581521 0.964117729539 58.9330329564 320.785055051 137.796724902 0 1683.34907977 41.147300281 166.347550984 21.852699719 3.65092023936 54.2149449492
7752 1.58775264205 13.1633055781 136.192904123 438.778273993 0.626033132832 0.71009806694 0.947401487566 58.9381933184 321.015269841 141.442812669 0 1683.38998083 41.2583005384 164.505919512 21.7416994616 3.61001918003 53.9847301589
7776 1.57006488446 12.2747426691 136.460960368 438.788805505 0.627408741435 0.707893132289 0.934237533985 58.9416550853 321.009438876 142.677843019 0 1683.43034253 41.3866726714 161.750745869 21.6133273286 3.56965747368 53.9905611237
7800 1.55376486727 13.1580043372 136.048043377 438.798636836 0.628659606282 0.707269701693 0.850531135788 59.0149027189 321.030642811 142.448277647 0 1683.46712311 41.2385157952 159.098919089 21.7614842048 3.53287689233 53.9693571891
7824 1.53737796228 12.329998584 135.321942762 438.808644913 0.629901641608 0.706412163972 0.781747797639 59.0732934824 321.062601146 143.800277793 0 1683.50445418 41.3400367487 157.526150398 21.6599632513 3.49554582286 53.937398854
7848 1.51983280461 14.5003829644 138.644351519 438.819501187 0.631192865411 0.704103511724 0.792505930043 59.0526965042 320.817306713 135.112646249 0 1683.54350241 41.0185806176 156.035761077 21.9814193824 3.45649759785 54.1826932866
7872 1.50281760091 11.8143944709 139.113384133 438.830171217 0.63244050893 0.705833925917 0.775741024779 59.0558133218 320.760799682 129.978490618 0 1683.58295451 41.4043662006 156.582344087 21.5956337994 3.41704549911 54.239200318
7896 1.48723659588 11.4885636005 136.60145618 438.840067026 0.633562667066 0.702962419564 0.694723578068 59.1286843072 320.854508784 129.868242373 0 1683.61845291 41.4717259429 156.139985101 21.5282740571 3.38154709295 54.1454912154
7920 1.47269116125 11.6198308663 135.694193537 438.849414926 0.634608154296 0.709099093007 1.5435023089 58.2633755166 320.868087467 129.515201951 0 1683.65149178 41.4503353702 154.7496958 21.5496646298 3.34850822821 54.1319125324
7944 1.45755374568 12.2299603695 133.253124911 438.859259129 0.635787106359 0.711518291557 0.443380079467 59.350055392 320.936258381 130.832598489 0 1683.68558503 41.324634513 154.402263036 21.675365487 3.31441497432 54.0637416187
7968 1.44215551698 12.7871274969 135.415842473 438.86939736 0.636989420515 0.71463748132 1.36693138193 58.4120443543 320.903809683 128.696140942 0 1683.72039621 41.2343482657 153.115378705 21.7656517343 3.27960379633 54.0961903162
7992 1.426931089 11.941584857 137.846251189 438.879547964 0.638285382731 0.722148089854 1.28049284412 58.4795257177 320.757613972 124.553715075 0 1683.75497918 41.2893885245 152.865330369 21.7106114755 3.24502082583 54.2423860275
8016 1.41315139248 11.3866747484 135.107826383 438.888847698 0.639529075524 0.725192310882 0.123058514147 59.6233723998 320.820089745 125.359406744 0 1683.78651403 41.4089003472 152.650807098 21.5910996528 3.21348597658 54.1799102546
8040 1.39986737384 11.3690471618 134.526167543 438.897916354 0.640702064417 0.722609454254 0.954135300583 58.7846368251 320.830268105 125.010946573 0 1683.81675088 41.4379321853 151.469053319 21.5620678147 3.18324912699 54.1697318946
8064 1.38692413364 11.6230925112 133.807787836 438.906851517 0.641822776371 0.720439873641 0.770680825198 58.9602050061 320.892878632 125.360429807 0 1683.84630257 41.5688134232 150.331795642 21.4311865768 3.15369743412 54.107121368
8088 1.3729228635 11.2161629987 133.090570592 438.916629116 0.643049631392 0.727505478519 0.643506669469 59.0693091025 320.857768764 124.70490827 0 1683.8777408 41.3889862162 150.223730517 21.6110137838 3.1222592107 54.1422312354
8112 1.35994037956 10.2567191307 135.509287843 438.925802199 0.644252647457 0.727406222023 0.473876053572 59.2286628759 320.802863008 121.962199853 0 1683.90763746 41.6381626228 148.167677843 21.3618373772 3.09236254554 54.1971369915
8136 1.34742719524 10.837076493 133.618446065 438.934743215 0.6453992813 0.729485476787 1.27729447675 58.4130775483 320.823764101 122.920372607 0 1683.93577589 41.4578407741 146.176443373 21.5421592259 3.06422411604 54.1762358991
8160 1.33551267949 10.4090690278 133.730655429 438.94334896 0.646496073394 0.728735542169 1.05457299414 58.6268464283 320.919423498 122.401302516 0 1683.96301476 41.5688401687 147.219146797 21.4311598313 3.0369852465 54.080576502
8184 1.32291406441 10.9211968885 136.044490821 438.952548925 0.647679946255 0.730542602774 0.878613904257 58.7906146196 320.715221012 118.9835644 0 1683.99127668 41.3897441969 145.284211259 21.6102558031 3.00872332375 54.2847789881
8208 1.31048429922 10.3195550456 134.198594981 438.961728416 0.648820824412 0.726975854504 0.709989101077 58.9524858027 320.78090912 117.655320109 0 1684.01974214 41.543647401 146.376005409 21.456352599 2.98025787058 54.2190908796
8232 1.29956305183 9.5369654018 133.903036411 438.969879246 0.649805654446 0.727370153768 0.439805524775 59.2131394193 320.812138035 118.199414744 0 1684.04489535 41.7818036733 144.494401828 21.2181963267 2.95510465549 54.1878619648
8256 1.28853101401 10.9890695586 134.716479119 438.978195184 0.650785284971 0.726076450965 0.186585101451 59.458357977 320.700367406 113.818031714 0 1684.06954806 41.447514418 142.668171445 21.552485582 2.93045194904 54.299632594
8280 1.27752077783 10.1388667388 133.838691273 438.986578359 0.65172473031 0.724024575991 0.93977331994 58.6978990128 320.730246499 113.292988274 0 1684.09474898 41.6132900093 141.89342789 21.3867099907 2.90525103016 54.2697535008
8304 1.26650908469 10.0351654189 133.198393079 438.995047484 0.652688488353 0.727663747111 0.687957098724 58.9366431806 320.736522528 112.699308347 0 1684.11966501 41.5775955107 142.122551395 21.4224044893 2.88033499209 54.2634774721
8328 1.2558406004 10.2850764136 134.148609874 439.003335388 0.653644751817 0.728488592769 0.424315679756 59.1902155858 320.690626241 110.932819064 0 1684.14380338 41.4999018401 141.380436385 21.5000981599 2.85619662836 54.3093737586
8352 1.24540035178 9.53606566474 133.193893277 439.011526236 0.654571458798 0.729253676202 1.15100066924 58.4536479576 320.73811592 111.218385948 0 1684.16772804 41.6930701218 139.678448959 21.3069298782 2.83227196584 54.2618840797
8376 1.23433191541 10.1777391087 130.996024557 439.020298177 0.6555711905 0.729653292436 0.928738660834 58.6657386772 320.796532657 113.172322563 0 1684.19258424 41.4882799914 139.006684058 21.5117200086 2.80741576274 54.2034673427
8400 1.22428349796 9.73113632372 132.461349493 439.028341889 0.656506343048 0.736366464142 1.62796338221 57.9508219204 320.834497834 113.616174908 0 1684.21566023 41.6465368331 137.380473509 21.3534631669 2.78433977693 54.1655021657
8424 1.21387846951 9.92549483416 132.932238636 439.036753572 0.657535130542 0.737774960159 0.368966983392 59.1989693522 320.707583604 112.021681473 0 1684.23909164 41.5239926736 135.799291676 21.4760073264 2.76090836318 54.2924163958
8448 1.20438790133 8.80471322988 131.796837931 439.044500657 0.658464761497 0.737488127672 1.05347866118 58.5060677906 320.789105004 112.411226791 0 1684.26106399 41.8852960894 134.26145787 21.1147039106 2.73893601532 54.2108949956
8472 1.1950596414 8.73535833042 132.143055768 439.052185657 0.659360705467 0.734460550129 0.736989537274 58.8170035486 320.755365785 110.704478742 0 1684.28224915 41.8935913975 132.764615053 21.1064086025 2.71775085716 54.2446342147
8496 1.18559803353 9.09524998634 132.013667936 439.060052693 0.660266923896 0.737811769927 0.422744510677 59.119124101 320.700471475 107.100919263 0 1684.30355268 41.7408602564 134.272309251 21.2591397436 2.69644732368 54.2995285242
8520 1.17609461515 8.9452455693 131.914456734 439.06802904 0.66118984857 0.73636134241 0.126591803746 59.4078279634 320.648022866 103.756944396 0 1684.32516759 41.7783556537 134.788498589 21.2216443463 2.6748324186 54.3519771335
8544 1.16705869148 8.52295650481 133.78576265 439.075683238 0.662029125567 0.733269492043 0.804517973142 58.7245001695 320.529045314 99.6709957016 0 1684.34584084 41.9221201646 133.316705406 21.0778798354 2.65415917084 54.4709546861
8568 1.15846346243 8.93418713894 132.61838474 439.083028328 0.662817217921 0.732154102434 0.450503465209 59.0714968844 320.566465776 99.4433543573 0 1684.36523922 41.7751040677 131.882676664 21.2248959323 2.63476078776 54.4335342238
8592 1.14989510425 9.21264814214 132.730934136 439.090413524 0.66358087624 0.732021417147 0.0972496006349 59.41673458 320.620257391 98.8979648999 0 1684.38473811 41.7988125712 131.478631483 21.2011874288 2.61526189362 54.3797426083
8616 1.1414072239 8.32921108837 130.08391505 439.097792154 0.664311771285 0.728628962225 0.749188418788 58.7600786923 320.70383298 102.298782309 0 1684.40412856 41.9619607436 130.098609438 21.0380392564 2.59587144433 54.2961670198
8640 1.13283398107 8.98068814619 130.269546274 439.105309134 0.665050186474 0.732528378885 1.39781948015 58.0992928189 320.691350829 102.360706453 0 1684.42339065 41.7276443946 128.753037895 21.2723556054 2.5766093586 54.3086491704
8664 1.12441071848 8.70847919954 130.548585919 439.112758774 0.665843577211 0.738087796498 0.0361979610226 59.4471118899 320.680762127 102.216604208 0 1684.44256781 41.7880164578 128.424973885 21.2119835422 2.55743219549 54.3192378727
8688 1.11612878604 8.55811979953 129.366177533 439.120146786 0.666610801238 0.733960050866 0.687752863576 58.7915294962 320.804657525 105.633116073 0 1684.46140178 41.823851081 127.128147324 21.176148919 2.53859822213 54.1953424748
8712 1.10801048578 8.54364026331 131.342843252 439.127450433 0.667354105566 0.736902922505 1.31703617217 58.1512563653 320.772894223 103.789452256 0 1684.47983786 41.8164471666 127.83528901 21.1835528334 2.52016214557 54.2271057771
8736 1.1001469972 8.67935842542 134.096550231 439.134583988 0.668092542576 0.736873069878 0.936632640745 58.5238177568 320.573018286 98.2353647604 0 1684.49773403 41.8207114832 127.551282679 21.1792885168 2.5022659757 54.4269817134
8760 1.0920905632 8.06140906041 129.142442651 439.141953952 0.668870439732 0.741100145537 0.567365450995 58.8807100102 320.745719874 101.750284094 0 1684.5161286 41.9809581244 127.29427499 21.0190418756 2.48387141137 54.2542801259
