Time EBV Teff Treg ODC_le1 ODC_le2 ODC_le3 ODC_le4 ODC_le5 NK IL2 DAC Resting_Teff Resting_Treg EffectorMemory Resting_Treg_temp Resting_Teff_temp NK_temp
0.0 0 0 0 0 0 0 0 500 375 1000 0 1687 63 0 0 0 0
24 0 0 0 0 0 0 0 500 336.279789971 908.048253598 0 1687 63 0 0 0 38.7202100291
48 0 0 0 0 0 0 0 500 335.391027502 823.849847309 0 1687 63 0 0 0 39.6089724976
72 0 0 0 0 0 0 0 500 334.559882085 745.880698262 0 1687 63 0 0 0 40.4401179151
96 0 0 0 0 0 0 0 500 333.760437385 673.915002205 0 1687 63 0 0 0 41.2395626152
120 0 0 0 0 0 0 0 500 332.995774144 607.703333798 0 1687 63 0 0 0 42.0042258555
144 0 0 0 0 0 0 0 500 332.2684442 546.975994766 0 1687 63 0 0 0 42.7315557996
168.0 1000 0 0 0 0 0 0 500 331.580390823 491.447224652 0 1687 63 0 0 0 43.4196091775
192 587.94283022 2674.42256109 91.5619289612 4.47673168998 18.9970923557 71.5351553232 179.581289232 225.4097314 319.455578209 5741.3447637 0 1039.6715255 41.772295668 0 21.227704332 647.328474501 55.5444217919
216 156.383953308 4019.72489831 161.407971806 74.795960397 42.1612607388 83.8551192089 136.091565254 163.096094401 271.333461196 357.538722589 0 1373.00976982 39.2512393973 2790 23.7487606027 313.990230177 103.666538804
240 52.5749557547 1319.19487718 173.865940177 130.234938532 18.1396658027 59.04496267 114.989902789 177.590530206 290.517053064 280.058225266 0 1565.92374604 39.2232985347 3200 23.7767014653 121.076253963 84.4829469364
264 31.7993539605 458.976283488 167.098251969 140.588159492 11.9862032376 24.7909980597 65.3238963753 257.310742835 308.043109207 298.302289752 0 1615.32833008 39.6279271425 3380 23.3720728575 71.6716699196 66.9568907936
288 24.9397731401 261.348648672 163.072282491 142.93438237 2.42782199139 11.392057642 53.8892752275 289.356462769 315.162122037 352.493074974 0 1631.27448685 40.0359388193 3499 22.9640611807 55.7255131524 59.8378779638
312 21.0653170368 205.638488497 171.943756989 143.17367275 0.395243938114 5.19859055208 48.8103156771 302.422177083 317.09769961 383.221524982 0 1639.87142953 40.1363668284 3582 22.8636331716 47.128570473 57.9023003906
336 18.3415230842 175.196317689 179.26630083 143.312290986 0.891097396852 2.97645470934 34.310038527 318.510118381 318.1226915 381.29283485 0 1645.89396244 40.1896667302 3666 22.8103332698 41.1060375566 56.8773085009
360 16.2744096605 151.573348284 173.860738124 143.488715958 1.0649419748 2.37222260143 28.2520072372 324.822112229 319.082842201 404.637371921 0 1650.46534604 40.2150117125 3717 22.7849882875 36.5346539553 55.9171577991
384 14.5570364129 149.566046256 177.356603202 143.547844615 0.462066490095 1.04416123972 27.1128644226 327.833063233 319.05331151 369.545342528 0 1654.24670847 40.1483401673 3773 22.8516598327 32.7532915278 55.9466884907
408 13.1520990428 120.662078995 173.089730164 143.629584111 0.578563038785 1.19673081827 19.3916692784 335.203452754 319.520673166 360.624194201 0 1657.38981656 40.2566935835 3825 22.7433064165 29.610183436 55.4793268343
432 12.0463408768 107.947413065 168.664208219 143.708022397 0.635150072947 1.93890702299 19.3637558654 334.354164642 320.018270817 363.544893112 0 1659.85672806 40.2861577057 3866 22.7138422943 27.1432719449 54.9817291831
456 11.119315866 104.978332498 166.909967427 143.795637575 0.81047701703 1.56989113465 19.0166833719 334.807310902 320.411021325 356.36411715 0 1661.92803773 40.2994134942 3909 22.7005865058 25.0719622723 54.5889786755
480 10.3099441936 99.0774274467 169.626761103 143.889332949 0.845781089201 1.10048468394 11.8497672787 342.314634 320.289648972 340.55367346 0 1663.73000742 40.2706236818 3946 22.7293763182 23.2699925843 54.7103510281
504 9.60194209026 85.5293815384 173.060208337 143.978675015 0.847516263819 1.46050735772 11.7648678631 341.9484335 320.125853252 323.628330606 0 1665.320244 40.3501282211 3978 22.6498717789 21.6797559955 54.874146749
528 8.99360864166 83.1996045261 161.218473929 144.06267021 0.843742254495 0.701833208293 14.90650698 339.485247347 320.61018497 321.374056939 0 1666.67925206 40.3299102874 4007 22.6700897126 20.3207479435 54.3898150303
552 8.45364315836 73.6044712931 165.518076608 144.140534398 0.830957806227 0.909698286468 12.2717826294 341.84702688 320.488998596 310.663844234 0 1667.89645561 40.4186111575 4035 22.5813888425 19.1035443865 54.5110014043
576 7.98950901654 77.1508540613 161.445092755 144.209773908 0.80398000523 0.792527119049 13.4492794357 340.744439532 320.74306796 305.141999928 0 1668.93100144 40.3235756934 4058 22.6764243066 18.0689985624 54.2569320406
600 7.55399637539 66.6840785542 159.775065682 144.278023834 0.813936897361 0.819869709879 12.0033290208 342.084840538 320.817287488 298.618401075 0 1669.91226793 40.3952043003 4087 22.6047956997 17.0877320692 54.1827125123
624 7.19809892704 58.4083724938 159.621939638 144.337138815 0.810001445426 0.480252276277 7.2063876285 347.166219835 321.193761626 304.922740159 0 1670.72431938 40.5966539581 4108 22.4033460419 16.2756806221 53.8062383741
648 6.87208401879 61.1455524434 159.379647428 144.393222773 0.812608638112 1.24387803632 12.1722745397 341.378016013 321.032252928 299.818914359 0 1671.45030644 40.4751752153 4122 22.5248247847 15.5496935624 53.9677470727
672 6.56320634433 56.1566482697 161.371416386 144.450764955 0.861198453026 0.844984542539 11.1227254552 342.720326595 321.214591262 295.897219328 0 1672.14652739 40.5187246843 4136 22.4812753157 14.8534726121 53.7854087384
696 6.28824676016 52.7796482413 155.233163936 144.505548846 0.836386501393 0.385333654954 11.7202070737 342.552523924 321.288938998 297.6646547 0 1672.7638929 40.5154009247 4151 22.4845990753 14.2361071 53.7110610027
720 6.03419654244 53.1478177013 156.590486846 144.556774198 0.824387561536 0.836688135825 7.63768036437 346.14446974 321.33896947 294.052422892 0 1673.3333264 40.4551395146 4164 22.5448604854 13.6666735997 53.6610305307
744 5.79764332034 53.4010282699 159.04380515 144.606072434 0.808491341607 0.255239313587 6.97150069908 347.358696212 321.27007566 280.037312222 0 1673.86595584 40.4544976913 4182 22.5455023087 13.1340441566 53.7299243408
768 5.58570253738 48.6362149131 153.116015953 144.650580341 0.788605394038 0.604867330688 6.00562191871 347.950325015 321.577749391 285.905540215 0 1674.34768281 40.5708327634 4198 22.4291672366 12.6523171868 53.4222506098
792 5.3706814323 43.9058644205 152.183202253 144.696930846 0.789734654487 1.01522703926 6.91883913219 346.579268328 321.452342879 277.199109749 0 1674.83082283 40.592395376 4215 22.407604624 12.1691771746 53.5476571212
816 5.18833490617 46.3228883375 154.590223087 144.738267449 0.808262304726 1.30634847572 7.52391185024 345.62320992 321.311683414 269.16009119 0 1675.2415825 40.540907796 4230 22.459092204 11.7584174954 53.6883165862
840 5.0132839925 43.0893033733 153.930709823 144.77961024 0.797788722306 0.710853557098 6.86963613184 346.842111348 321.341585718 266.181215916 0 1675.63738161 40.5869862735 4242 22.4130137265 11.3626183895 53.6584142825
864 4.85100608683 40.2489587805 157.207666423 144.819001643 0.800474746581 0.974584428118 4.70840676778 348.697532415 321.235680891 257.148276973 0 1676.0052301 40.6785321944 4253 22.3214678056 10.9947698981 53.7643191093
888 4.69620685163 38.8325654515 153.799513543 144.857779986 0.784970530621 0.256143181084 6.31405513164 347.78705117 321.221999227 252.387211976 0 1676.35265476 40.6326269522 4264 22.3673730478 10.6473452443 53.7780007738
912 4.55797848295 36.861425247 148.591414171 144.892516502 0.767444371257 0.531667623216 8.59116075689 345.217210746 321.588338324 259.395111949 0 1676.66698223 40.7120417459 4272 22.2879582541 10.3330177726 53.4116616767
936 4.41996877281 36.2970689528 147.533499408 144.927758487 0.762865296361 0.804249694091 6.29546625602 347.209660266 321.614514073 259.583767854 0 1676.97720808 40.688466408 4281 22.311533592 10.0227919181 53.3854859278
960 4.29493586764 35.0287521078 148.787825684 144.960690826 0.768539143097 0.986680774717 4.06488157979 349.219207676 321.525751409 253.190227516 0 1677.26045704 40.7293092397 4292 22.2706907603 9.73954295587 53.4742485913
984 4.17861244341 34.0421845265 148.287560872 144.992410433 0.762799106246 0.154283331434 7.24204132445 346.848465805 321.638716836 253.943117864 0 1677.52352998 40.740659529 4299 22.259340471 9.47647001833 53.3612831649
1008 4.06518346645 33.5913099023 148.630319397 145.023463261 0.743851464392 0.448465160667 7.24057855643 346.543641558 321.649548393 252.741987363 0 1677.77839333 40.6843559564 4306 22.3156440436 9.22160666551 53.3504516074
1032 3.95630455409 32.6941191048 150.055774107 145.053575973 0.736377394722 0.641289144903 3.21190009812 350.35685739 321.403175398 245.477175248 0 1678.02406998 40.6867412348 4312 22.3132587652 8.97593002238 53.5968246024
1056 3.85955533104 32.2470318376 149.696860518 145.080898145 0.736189898081 0.822529180512 3.92205773134 349.438325045 321.479404702 238.976673759 0 1678.24462152 40.7927626884 4320 22.2072373116 8.75537848374 53.520595298
1080 3.76215068716 31.5181248021 152.979440044 145.109226124 0.742628719112 1.00775920931 7.02666397265 346.113721974 321.010799993 219.442881893 0 1678.46341791 40.7349376922 4332 22.2650623078 8.53658208503 53.9892000075
1104 3.6732922296 27.9547068377 150.258627307 145.135721169 0.730058299528 0.248509109588 5.20056792295 348.685143499 321.110055054 217.517290894 0 1678.66594566 40.8650451939 4340 22.1349548061 8.33405434122 53.8899449462
1128 3.59486906476 26.5223307296 148.758554558 145.159135294 0.717485915759 0.410713008286 5.30720257745 348.405463205 321.258121853 215.417258628 0 1678.84472616 40.9797017289 4350 22.0202982711 8.15527384352 53.7418781473
1152 3.51618596858 28.1221878633 144.325364305 145.18281869 0.710233960347 0.556250124635 3.72207311275 349.828624113 321.457714404 219.788687171 0 1679.02121385 40.8808476767 4356 22.1191523233 7.97878615279 53.5422855968
1176 3.43447468633 29.3125464668 147.213596644 145.207805374 0.707674228023 0.706542534561 2.84294632481 350.535031539 321.271901097 210.230658164 0 1679.20411135 40.7368657637 4364 22.2631342363 7.79588864682 53.7280989034
1200 3.35967661753 25.6788169067 146.687746049 145.23120234 0.709912936652 0.849364621974 5.17500568692 348.034514414 321.364568736 211.723576256 0 1679.37560951 40.9461272047 4370 22.0538727953 7.62439048805 53.6354312648
1224 3.29048809505 25.6477729514 146.133389334 145.253454125 0.716494989264 0.972934394171 2.89224479115 350.164871701 321.417263603 212.940497186 0 1679.53183705 40.9105499537 4374 22.0894500463 7.46816294886 53.5827363978
1248 3.22282719888 25.1236874452 141.709013642 145.27569653 0.704715945332 0.0669407900074 3.70606570494 350.24658103 321.494575606 213.960263577 0 1679.68438374 40.8835388268 4384 22.1164611732 7.31561625705 53.5054243949
1272 3.15887123978 27.0467902273 145.010188748 145.296616015 0.687527284629 0.18129804344 4.11018504068 349.724373616 321.41785793 210.624857193 0 1679.82798618 40.7481655006 4390 22.2518344994 7.17201381917 53.5821420706
1296 3.09356980366 23.4819795643 146.167201833 145.317933641 0.673758511921 0.284593378695 2.97342683559 350.750287633 321.287607634 206.212281213 0 1679.9769737 40.9400257906 4395 22.0599742094 7.02302629748 53.7123923669
1320 3.03432317643 22.5199940577 147.411555341 145.337325971 0.663775736788 0.36511024104 4.05238480105 349.58140325 321.184881932 198.384134885 0 1680.11220518 41.063088238 4402 21.936911762 6.88779482096 53.815118068
1344 2.97461741691 22.3283071026 143.003543152 145.357001699 0.657077780646 0.501203981297 2.29359319217 351.191123346 321.276236017 199.228628761 0 1680.24688122 41.0307980738 4405 21.9692019262 6.75311877754 53.7237639832
1368 2.91992142418 26.6299888555 140.690538728 145.375244614 0.654096370348 0.603891189545 3.89652130505 349.470246521 321.322463566 198.773393216 0 1680.36856327 40.7224960175 4407 22.2775039825 6.63143673214 53.6775364347
1392 2.86219904664 23.9176481738 143.329315177 145.394825895 0.653920154826 0.685269897557 3.27658643794 349.989397615 321.293178706 195.528338132 0 1680.50057388 40.9345769359 4410 22.0654230641 6.49942612464 53.706821294
1416 2.80763064617 21.5917313554 143.464797427 145.413727447 0.655648223523 0.754390086357 4.29612770863 348.880106535 321.29890543 195.5859814 0 1680.62411166 40.9635009054 4413 22.0364990946 6.37588834362 53.7010945701
1440 2.76052312044 21.4505376979 140.445725766 145.430408811 0.659140894024 0.839088419425 6.04911181318 347.022250062 321.471160448 199.516985403 0 1680.73185328 41.062000948 4417 21.937999052 6.26814671682 53.5288395523
1464 2.71299926479 22.0499198178 144.595990698 145.447652901 0.665385239649 0.964971564825 5.94529801292 346.976692282 321.203194388 188.121042408 0 1680.83841903 40.931931261 4425 22.068068739 6.16158097406 53.7968056129
1488 2.66518892682 21.6810671484 146.09355688 145.465484552 0.666713818538 0.0780297213629 4.09944704518 349.690324863 321.115512844 181.626449972 0 1680.94653869 40.9232364309 4430 22.0767635691 6.05346131136 53.884487156
1512 2.62068143155 20.593352435 141.379530573 145.482151527 0.653413666324 0.186753075489 1.81087025879 351.866811473 321.345536949 187.567456122 0 1681.04817501 41.0479994122 4432 21.9520005878 5.95182498981 53.6544630511
1536 2.57656706123 19.5149770541 140.903391726 145.498648491 0.642666915997 0.270463463979 4.63717673046 348.951044399 321.312024883 185.726275088 0 1681.14825562 41.0965493414 4437 21.9034506586 5.85174437591 53.6879751174
1560 2.53011453995 22.9499510636 142.108238872 145.516060649 0.633962036164 0.386344824227 7.0359904438 346.427642047 320.997092156 173.039525652 0 1681.25136597 40.7775679262 4442 22.2224320738 5.74863403216 54.0029078446
1584 2.48856218119 19.3519496254 143.123650414 145.531746788 0.629560890364 0.507160913835 3.54972225212 349.781809155 320.996833062 170.286764712 0 1681.34752898 41.0950424649 4445 21.9049575351 5.65247102462 54.0031669381
1608.0 1002.44832199 18.162202107 142.340656918 145.547113811 0.627660029033 0.591844642958 1.99233029991 351.241051217 321.041657385 171.01078983 0 1681.43863871 41.1347822367 4446 21.8652177633 5.56136128531 53.9583426155
1632 259.070990947 9521.35948851 185.298883301 171.345048385 26.699531756 60.6568237356 110.770110763 130.52848536 262.515638129 697.738739127 0 1238.55458329 39.1055680516 566.624608377 23.8944319484 448.445416704 112.484361871
1656 50.6072312774 3802.03114836 186.156688969 242.820448384 26.9620553236 49.1927553948 82.5583872298 98.4663536678 270.749235809 256.939693039 0 1560.22931252 38.8549981088 504.379014625 24.1450018912 126.770687476 104.250764191
1680 19.3014755855 904.778631554 173.743404135 273.055427656 12.0458570127 36.3843977026 65.3908435536 113.123474075 295.819530968 209.024237517 0 1640.39298394 38.9596607908 501.425057885 24.0403392092 46.6070160561 79.1804690323
1704 13.6793452067 273.715559459 168.885322488 276.282261412 2.60973507897 6.24044602132 39.2056285642 175.661928924 312.90712969 272.540807507 0 1655.6467157 39.385563843 464.989261211 23.614436157 31.3532842997 62.0928703105
1728 11.6774904971 174.171722103 163.280262588 276.530764692 0.487616817527 2.72281135611 22.6698314935 197.58897564 317.395406901 322.859734723 0 1660.48471591 39.6791188282 427.406367333 23.3208811718 26.5152840873 57.6045930992
1752 10.4177353002 137.722210181 170.489255965 276.628678238 0.606655943774 1.02277154105 14.577951865 207.163942412 318.886339477 347.820357625 0 1663.39029315 39.8262804499 413.24441568 23.1737195501 23.6097068446 56.1136605234
1776 9.41505170316 129.966104512 174.055256656 276.724404781 0.656045851301 0.725651804482 9.54181762978 212.352079933 319.158613143 345.930134652 0 1665.6408314 39.7863282843 388.588708575 23.2136717157 21.3591685917 55.8413868571
1800 8.60419613547 111.082534275 174.825487509 276.813429666 0.664707433297 1.14809662365 10.47107685 210.902689427 319.571459676 341.955633596 0 1667.48658658 39.8697475169 370.772700766 23.1302524831 19.5134134169 55.4285403248
1824 7.94704907163 99.7315127033 169.731597833 276.895985133 0.709585999094 1.12541257793 10.6447877447 210.624228545 320.074356847 341.854204141 0 1668.97339678 39.8887951081 363.46243442 23.1112048919 18.02660322 54.9256431535
1848 7.37258817698 96.0838218405 169.001465012 276.97584243 0.701496341825 0.243031868349 13.2198060291 208.859823331 320.135747712 326.4134183 0 1670.26982841 39.889690085 355.734891571 23.110309915 16.7301715867 54.8642522883
1872 6.86327472884 83.0150103206 169.829734292 277.050646501 0.709240816938 1.23107400208 7.86479530019 213.14424338 320.094396699 308.210120749 0 1671.42617372 39.9575784391 350.544970028 23.0424215609 15.5738262726 54.9056033017
1896 6.46042231656 76.0327596663 165.098836757 277.117050282 0.741208801481 0.875908259411 9.43995050342 211.825882153 320.462134302 309.15096904 0 1672.34538151 40.0344897892 343.168838871 22.9655102108 14.6546184854 54.5378656983
1920 6.11295139945 75.4563658151 164.763027406 277.178135317 0.723794038731 0.555344569727 8.36958221662 213.173143857 320.761854923 311.562723258 0 1673.12813516 39.9963885243 332.28949726 23.0036114757 13.8718648317 54.2381450777
1944 5.78247695176 66.0071768335 165.357447528 277.23857642 0.73401355862 1.12460548737 6.53198983161 214.370814702 320.628839803 305.51356364 0 1673.87665524 40.0591157763 319.60075891 22.9408842237 13.1233447511 54.3711601971
1968 5.50060009649 61.2760452213 169.207991119 277.29337577 0.722327727173 0.588307459317 4.11712970543 217.278859338 320.637869489 286.206755523 0 1674.51886681 40.1307817944 319.199893688 22.8692182056 12.4811331889 54.3621305111
1992 5.25569383127 58.0515482432 161.364638952 277.342557547 0.719647446534 0.790436544212 4.73732038034 216.410038082 320.978508061 291.388130921 0 1675.07404026 40.1664311779 311.626350754 22.8335688221 11.9259597364 54.0214919397
2016 5.02077245205 61.1956508322 158.408637209 277.392267957 0.727195207292 0.0673096248492 7.23298970544 214.580237505 321.153556227 291.945234418 0 1675.60077396 40.0758070055 301.122841587 22.9241929945 11.3992260333 53.8464437739
2040 4.81042224916 47.58921043 164.585777349 277.437871931 0.69781247435 0.435197780452 6.69253831587 214.736579499 321.120580348 287.519762695 0 1676.08611193 40.3309740469 296.158450087 22.6690259531 10.9138880648 53.8794196527
2064 4.61972724031 49.4936923189 157.443377585 277.479959329 0.692549945862 0.7161617905 1.4804690548 219.63085988 321.101729007 282.834641382 0 1676.51208886 40.1990892577 287.862020515 22.8009107423 10.4879111343 53.8982709938
2088 4.43479492318 50.6031452414 159.522694942 277.522535106 0.699304565493 0.947677371565 7.46192085898 213.368562098 320.780893211 261.328571395 0 1676.92669317 40.1113958737 284.196890013 22.8886041263 10.0733068275 54.2191067892
2112 4.27365524333 45.5161132182 154.122064552 277.561241667 0.686257365379 0.303568160443 6.98485330254 214.464079505 321.286730252 268.869385062 0 1677.29825159 40.297159193 275.486564758 22.702840807 9.70174840444 53.7132697487
2136 4.12990100997 39.1712890583 153.889737927 277.596069665 0.672744848518 0.527379373202 5.85402719655 215.349778916 321.443178434 273.354982432 0 1677.62568808 40.4089778608 273.776896966 22.5910221392 9.3743119128 53.556821566
2160 4.00043839787 39.8184006449 151.870758059 277.628113654 0.67030182123 0.720833055537 2.97068586582 218.010065604 321.800849638 278.11421535 0 1677.91943702 40.4208586705 270.924650904 22.5791413295 9.08056297526 53.1991503626
2184 3.86914180691 37.7832028979 155.07946466 277.661779848 0.675667952022 0.841739215805 4.70850447037 216.112308514 321.586815753 270.366806232 0 1678.21456 40.3771911327 268.820472813 22.6228088673 8.78543999664 53.4131842475
2208 3.75218294237 38.8076980861 153.431087772 277.693111928 0.68629122378 0.970500440554 2.53005400919 218.120042398 321.449834943 263.627764238 0 1678.47989631 40.3827172382 267.316363453 22.6172827618 8.5201036824 53.5501650574
2232 3.63817983545 38.0933282921 154.949973977 277.725193632 0.700690008391 1.05873190123 4.47000661407 216.045377845 321.358123863 255.880151692 0 1678.73664153 40.350225053 262.532569064 22.649774947 8.26335846357 53.641876138
2256 3.529293358 37.788824465 151.988487315 277.757277299 0.696838695649 0.204319591971 4.1923319414 217.149232472 321.319388814 251.211149687 0 1678.98286134 40.325004659 258.480265503 22.674995341 8.0171386563 53.6806111865
2280 3.42595582357 35.2371932484 151.847507842 277.787906479 0.678725285304 0.355331641617 3.72808303406 217.44995356 321.25348287 237.46624351 0 1679.21795924 40.392936207 260.957004252 22.607063793 7.78204075894 53.7465171308
2304 3.332613776 32.6417872312 150.163636318 277.815805866 0.669417072024 0.550914464217 3.4601137475 217.50374885 321.367794477 241.939720297 0 1679.43045795 40.455130067 251.976634511 22.544869933 7.56954204947 53.632205524
2328 3.2468561176 32.3143542317 145.926764088 277.841922935 0.667353089768 0.696471869202 2.75863932503 218.035612781 321.488381754 239.461020887 0 1679.62478578 40.4594010681 253.539705455 22.5405989319 7.37521421046 53.5116182467
2352 3.16423961061 32.0284910679 146.658586608 277.867772852 0.670541163797 0.80223792462 4.02263298736 216.636815072 321.561948307 239.205290194 0 1679.81193734 40.4607355427 250.436757462 22.5392644573 7.1880626549 53.438051694
2376 3.0877291928 31.4712616388 148.452580342 277.892511653 0.677913468148 0.952913271583 4.75540518139 215.721256426 321.499295849 239.822912826 0 1679.98524352 40.4549973298 243.943805307 22.5450026702 7.01475647919 53.5007041518
2400 3.01590353099 26.8095599715 142.980548304 277.916641476 0.689707619418 1.08369731257 4.20295198569 216.107001606 321.91604104 246.806456893 0 1680.15066657 40.7022422516 245.808877465 22.2977577484 6.84933342046 53.0839589607
2424 2.94436685506 28.6473736675 145.570601015 277.941325119 0.676926441125 0.202727629125 1.90094306021 219.27807775 321.777096514 244.796468524 0 1680.31040219 40.5138026913 241.070623858 22.4861973087 6.68959780613 53.2229034868
2448 2.87554524602 30.2254099103 151.837941671 277.965060434 0.661712552394 0.288249709452 4.55820828957 216.526769014 321.438051964 229.802969272 0 1680.4657976 40.4479197374 239.745039738 22.5520802626 6.53420239645 53.5619480363
2472 2.8126286874 27.3027908969 152.495575728 277.986838269 0.651452272118 0.392425407442 3.66121285913 217.308071192 321.261715974 221.040495732 0 1680.60989704 40.5786484167 238.608455549 22.4213515833 6.39010295077 53.7382840263
2496 2.75446868364 25.7776496754 150.965026754 278.0071449 0.64470929927 0.459035922523 2.42510838608 218.464001492 321.256184974 216.609419062 0 1680.74201564 40.6378164188 234.864353954 22.3621835812 6.25798435931 53.7438150267
2520 2.69687513384 26.711076137 151.197002416 278.027499898 0.64002750306 0.524089439953 2.26364265773 218.544740501 321.1945267 209.442594358 0 1680.872474 40.6294955712 230.491280118 22.3705044288 6.12752599577 53.8054733005
2544 2.63923678361 24.3497796884 145.909639393 278.04818935 0.637111948658 0.568971856964 2.29276130453 218.45296554 321.263317432 207.650466307 0 1681.0027357 40.6356571797 229.475168278 22.3643428203 5.99726429981 53.7366825686
2568 2.58516064254 24.9166155416 150.431711676 278.067951288 0.636039105722 0.638085962564 2.97071025846 217.687213386 321.120612527 199.791849389 0 1681.12509593 40.6081343294 224.777225194 22.3918656706 5.87490406347 53.8793874733
2592 2.53097900513 25.4825132313 147.671129442 278.088169455 0.636832033673 0.680894100298 2.85279046707 217.741313943 321.008612522 192.790001675 0 1681.24717814 40.5446907459 221.411484046 22.4553092541 5.75282185141 53.9913874786
2616 2.48281579853 24.0943099696 147.273652445 278.106543883 0.638456908726 0.713549790805 1.10418642762 219.43726299 321.097114954 190.788850469 0 1681.35829519 40.7482236823 217.41482951 22.2517763177 5.64170480171 53.9028850467
2640 2.43782854883 20.4748426045 143.396403676 278.124088729 0.641073419218 0.758732048773 3.02174047552 217.454365327 321.2877206 196.034274972 0 1681.46144097 40.9320577804 212.72964455 22.0679422196 5.53855902186 53.7122794003
2664 2.3938757727 22.0474062398 143.390864762 278.141633064 0.644871569218 0.811202337373 1.89020193295 218.512091097 321.430683566 197.512215916 0 1681.55985259 40.7430546539 208.375406574 22.2569453461 5.44014741031 53.5693164345
2688 2.35182286007 19.7660434222 141.516555514 278.158836952 0.64951752637 0.840119481195 1.64738073741 218.704145303 321.475342481 200.924473228 0 1681.65606153 40.9043808972 205.329829254 22.0956191028 5.34393846874 53.5246575191
2712 2.3112294619 20.7341196743 144.165000489 278.175867908 0.654745747089 0.855613404028 1.32610905385 218.987663887 321.285565489 196.218646466 0 1681.74722234 40.7661856379 203.499826732 22.2338143621 5.25277765465 53.7144345115
2736 2.2736997928 18.5329252087 144.438516619 278.19200782 0.659774703083 0.866513140115 0.671772168871 219.609932168 321.395774158 196.213289281 0 1681.83365226 40.9972168492 199.865023787 22.0027831508 5.16634773738 53.6042258426
2760 2.23861593193 19.5127821623 148.441231155 278.207454996 0.664779471411 0.89080505496 1.72007114757 218.51688933 321.17711763 184.885173966 0 1681.91306474 40.9563299421 197.48398067 22.0436700579 5.08693525684 53.8228823701
2784 2.20381636115 21.4096547605 149.121292831 278.223141758 0.670241162403 0.905053099047 1.82456832959 218.376995651 320.974667711 173.68652367 0 1681.99150547 40.8576307174 196.267252019 22.1423692826 5.00849452163 54.0253322894
2808 2.16851515837 18.586699523 142.886119065 278.239445608 0.675983779241 0.915626275626 1.09262508305 219.076319254 321.094317781 177.592819231 0 1682.07157043 40.9142098369 193.158882864 22.0857901631 4.92842956568 53.9056822198
2832 2.13443023892 17.269672449 145.407207798 278.25557785 0.681746834681 0.928146950298 1.25558006886 218.878948296 321.073841908 173.646635242 0 1682.14942166 41.0476672519 190.286621899 21.9523327481 4.85057833497 53.926158092
2856 2.10173996731 18.3307158915 141.778234154 278.271429006 0.687750389206 0.969451006722 3.2250414451 216.846328153 321.06301506 173.299138996 0 1682.22294429 40.9069444003 186.619395321 22.0930555997 4.77705570991 53.9369849406
2880 2.06984999253 17.4419334851 142.514682923 278.287278027 0.694423604802 0.989262520093 2.18697374277 217.842062105 321.083754829 171.303291308 0 1682.29542771 40.9670226796 184.12244886 22.0329773204 4.70457228951 53.9162451719
2904 2.03864498143 18.7872675235 144.200301642 278.303178238 0.701215489822 1.00567395456 2.12197611375 217.867956204 320.874081659 163.192423008 0 1682.36581318 40.8612191503 180.826264606 22.1387808497 4.63418681415 54.1259183414
2928 2.00906233683 16.7712553147 139.45737421 278.318423243 0.688175468276 0.0549702549623 2.86225256726 218.076178466 321.177899446 170.184564237 0 1682.43350594 41.0146686771 177.713304237 21.9853313229 4.56649405641 53.822100555
2952 1.98067463559 16.584816161 142.645509108 278.332974486 0.675479362074 0.119597000182 3.44472144948 217.427227702 321.185947142 165.481191688 0 1682.4981862 41.0647429758 178.682115587 21.9352570242 4.50181379349 53.8140528589
2976 1.95538266236 14.7615954589 141.295209398 278.345895891 0.665215481867 0.149166419857 1.63772867906 219.201993528 321.200692507 166.449649034 0 1682.55635404 41.3049513722 179.686447078 21.6950486278 4.44364595256 53.7993074933
3000 1.93098521246 15.5130858672 137.355942617 278.358335131 0.655871775176 0.173594736055 0.741517455077 220.070680903 321.357658072 171.835628299 0 1682.61131964 41.180685107 177.748732832 21.819314893 4.38868035692 53.642341928
3024 1.90329964215 16.2311590559 140.35782678 278.372431864 0.645759591831 0.194508934436 1.47468030145 219.312619308 321.168007615 168.616975474 0 1682.67329124 41.000660622 173.96647743 21.999339378 4.32670875637 53.8319923855
3048.0 1001.8781891 15.654099289 137.872362639 278.385209251 0.637126675877 0.222994915931 2.80751271777 217.947156439 321.232265116 168.958117268 0 1682.73059393 41.0766827517 173.314364563 21.9233172483 4.26940606348 53.7677348847
3072 371.798827647 5147.52028914 167.5215134 283.538342722 9.48649802228 30.7681473292 66.8089647323 109.398047194 275.532197254 943.088282658 0 1149.53983013 39.8545359133 397.403396387 23.1454640867 537.460169866 99.4678027462
3096 89.0124390601 3355.61070354 186.658401991 316.076282122 17.3504108753 34.1132594662 61.5270284623 70.9330190736 274.737031151 368.295326671 0 1485.46388288 39.0603666442 470.875771455 23.9396333558 201.536117109 100.26296885
3120 33.380408917 1146.8411112 184.725579807 336.327869216 8.59390614016 29.6163541347 52.1482998752 73.3135706337 293.305573581 283.859477567 0 1607.88663571 39.0739623913 445.037790962 23.9260376087 79.1133642867 81.6944264194
3144 21.2574875998 413.271176783 175.676161895 339.887666865 3.91492745615 13.7903499737 38.9021489153 103.504906789 309.46121471 330.500287937 0 1638.34493754 39.3950923435 410.864279851 23.6049076565 48.6550624571 65.538785291
3168 16.9132155281 255.521216572 177.10518305 340.615524278 0.86030042362 3.38796386709 15.7093516278 139.426859803 315.072878652 351.624083729 0 1648.66947293 39.6421435282 391.426169451 23.3578564718 38.3305270603 59.9271213488
3192 14.348448482 202.743884403 177.040930811 340.775426881 0.458568149382 1.99569189441 11.3526207093 145.417692365 317.04629189 360.729387809 0 1654.51242388 39.7327303559 384.661439755 23.2672696441 32.4875761085 57.9537081105
3216 12.5656787396 170.122553852 179.238456957 340.89084321 0.682194175166 1.12293931555 10.6422537589 146.66176954 318.316893497 377.439983003 0 1658.56110628 39.8083183025 366.823928219 23.1916816975 28.4388937098 56.6831065034
3240 11.1968525657 145.039679968 171.460477301 341.008002725 0.667168544291 0.695479564839 11.5901808788 146.039168286 319.156700876 383.939923046 0 1661.6483033 39.8415905128 360.846942939 23.1584094872 25.3516966956 55.8432991249
3264 10.0814818355 123.157010382 169.321620985 341.113168311 0.668788691595 0.943991649097 7.68454196191 149.589509386 319.759191725 383.705620079 0 1664.16350286 39.8844054948 356.075407091 23.1155945052 22.8364971353 55.2408082762
3288 9.20782814582 115.942591397 180.085089471 341.203958956 0.666475092709 0.845357406164 5.12318872654 152.161019818 319.536815297 361.037023734 0 1666.13347352 39.8868639883 347.95332207 23.1131360117 20.8665264781 55.4631847034
3312 8.47593361047 99.0440293956 178.908015723 341.288086981 0.673837406909 0.656138425825 7.86584694264 149.516090243 319.868820142 354.680688285 0 1667.79384141 39.9683303686 336.207033519 23.0316696314 19.2061585821 55.1311798586
3336 7.87554607116 92.9193724193 168.80844165 341.363380803 0.70039287807 1.15701330747 6.96958952727 149.809623484 320.40906937 350.972229827 0 1669.14878188 39.9781894865 335.536601195 23.0218105135 17.8512181164 54.5909306311
3360 7.34237383504 85.514559109 170.916485587 341.436328742 0.690826086959 0.855363247279 8.98669938303 148.03078254 320.534253343 345.86924496 0 1670.35210764 40.0045383908 325.569740233 22.9954616092 16.6478923535 54.4657466572
3384 6.87288956271 80.3445602939 168.742090256 341.503763069 0.668126207278 0.624135560216 7.96044787223 149.243527291 320.69399472 338.986409347 0 1671.41207843 40.0113457289 317.735235611 22.9886542711 15.5879215592 54.3060052802
3408 6.46385784135 79.9825293903 166.108005364 341.565715029 0.682758562234 0.968848393807 2.56407640684 154.218601608 320.483327096 318.736182592 0 1672.33189836 39.9590142345 314.713902487 23.0409857655 14.6681016315 54.5166729045
3432 6.1005607613 71.5457533424 162.157749876 341.623946494 0.654097568169 0.381678953664 3.33603006751 154.004246916 321.004833226 324.051294998 0 1673.15906053 40.0552120082 304.390776594 22.9447879918 13.8409394645 53.9951667743
3456 5.79426679782 61.3355928076 165.574684125 341.673955018 0.643560443963 0.617863165949 1.93064728626 155.133974085 321.059395122 319.288980596 0 1673.85993616 40.200352459 299.36458389 22.799647541 13.1400638333 53.9406048787
3480 5.50477479294 65.4026854496 162.272797879 341.723529264 0.649255056279 0.864008356964 5.39312762884 151.370079693 320.696597043 293.465450799 0 1674.50388359 40.0519533065 303.854462651 22.9480466935 12.4961164077 54.3034029582
3504 5.23768296394 55.4691071788 158.79019669 341.771948713 0.635088921466 0.204189037497 4.36799334279 153.020779985 321.001720852 294.039955866 0 1675.11437955 40.2022216435 292.186943124 22.7977783565 11.8856204394 53.9982791487
3528 5.02285128025 52.1197588598 158.015705029 341.811159635 0.615458371992 0.404163626204 3.80909141002 153.360126956 321.394577787 298.947000485 0 1675.60465521 40.2666661566 287.373194508 22.7333338434 11.395344785 53.6054222133
3552 4.82064815561 50.776699015 158.627607945 341.848814056 0.607999836239 0.559455727587 3.11892318129 153.864807198 321.417703065 299.622360758 0 1676.06019055 40.2480579679 279.143761971 22.7519420321 10.9398094456 53.5822969356
3576 4.63510185124 53.7408803353 155.266752255 341.884582111 0.608089166584 0.668110717802 3.0684245873 153.770793417 321.467798091 295.543190672 0 1676.47673277 40.150918733 273.481229661 22.849081267 10.523267228 53.53220191
3600 4.45870938963 48.6951960285 156.891972919 341.920209145 0.619093009081 0.946687340215 4.5367694452 151.97724106 321.495667441 288.381593184 0 1676.87831785 40.2386620937 270.788774972 22.7613379063 10.1216821404 53.5043325601
3624 4.2965179199 48.4365122334 156.286187111 341.955162397 0.639310636897 1.04347053582 2.92811049091 153.433945939 321.432056399 282.805814077 0 1677.24418513 40.2099661336 263.276390756 22.7900338664 9.7558148661 53.5679436014
3648 4.1426244372 43.9767366293 150.905156963 341.990320153 0.633960234028 0.200431584802 3.13577100667 154.039517021 321.545773059 278.388308755 0 1677.59380338 40.273963377 265.648865371 22.726036623 9.40619661028 53.4542269415
3672 4.00098924406 44.5188814284 157.788907535 342.022871628 0.614976209575 0.332168860907 4.04342140172 152.9865619 321.144748969 259.263789142 0 1677.91294213 40.2250882349 263.488084569 22.7749117651 9.08705786436 53.8552510322
3696 3.87198800396 41.8659147336 152.397469052 342.052836534 0.605774693821 0.52462896012 4.33172463097 152.48503518 321.361991713 259.810665145 0 1678.206561 40.2716378975 260.139268307 22.7283621025 8.79343899093 53.6380082878
3720 3.74896669226 39.2651733712 148.198211425 342.082144286 0.605678591895 0.672897180689 2.56719307722 154.072086864 321.636855952 265.417203283 0 1678.48599761 40.3424858384 253.622469952 22.6575141616 8.5140023785 53.3631440487
3744 3.63472926933 36.9884090658 149.73624799 342.110352939 0.610010342659 0.721924667086 2.67295487328 153.884757177 321.642857695 259.780005435 0 1678.74576823 40.4008493763 254.594088288 22.5991506237 8.25423176646 53.3571423061
3768 3.52946434532 38.7113582788 151.086843156 342.137391264 0.617609741052 0.851178777987 4.24311812845 152.150702089 321.354101256 246.505340836 0 1678.98255519 40.3045666423 256.997212407 22.6954333577 8.01744480763 53.6458987446
3792 3.42427017361 34.5918391042 153.576436028 342.165707271 0.631200128815 0.993077880717 2.969501215 153.240513504 321.324094135 240.663245738 0 1679.22309532 40.4609613128 250.748775642 22.5390386872 7.77690467766 53.6759058656
3816 3.33437615205 34.9197986279 154.170948175 342.190893904 0.622758686468 0.102099812984 0.97377601898 156.110471578 321.23405416 235.674710112 0 1679.42622358 40.4191969244 244.286902571 22.5808030756 7.57377641641 53.7659458408
3840 3.24563148907 33.2282821492 154.280919366 342.215693023 0.603803284392 0.197204588774 1.12624269336 155.85705641 321.055382352 226.961247115 0 1679.62588376 40.3655597334 241.56504371 22.6344402666 7.37411623814 53.9446176489
3864 3.16982700619 28.3407144238 151.645937469 342.236851491 0.590198497423 0.232467018599 1.60487814162 155.335604851 321.345613085 230.200659719 0 1679.80212107 40.6701874342 239.149598528 22.3298125658 7.19787892332 53.6543869156
3888 3.09157468447 32.5076119876 151.027389127 342.258747952 0.57825309815 0.296551002122 1.33982688166 155.526621066 321.263372494 224.600198353 0 1679.97547634 40.3886313735 234.254667913 22.6113686265 7.02452364959 53.7366275066
3912 3.01424785668 28.2962940018 149.444606785 342.280531805 0.56890166122 0.365253308403 3.13636190087 153.648951324 321.18469841 220.206123625 0 1680.15242474 40.5588844887 230.886971802 22.4411155113 6.8475752513 53.8153015906
3936 2.94359178003 26.0742438585 146.410912803 342.30066365 0.56345946063 0.479732652299 4.45445885882 152.201685378 321.310423467 219.364532824 0 1680.3136839 40.6681946687 228.970973978 22.3318053313 6.68631609727 53.6895765337
3960 2.88169603385 25.31655963 145.912877119 342.318593873 0.561691469847 0.528795964753 2.31665415473 154.274264537 321.47500666 221.925445461 0 1680.45494502 40.7577530238 225.370254572 22.2422469762 6.54505496952 53.5249933403
3984 2.81782065031 26.5018683431 150.367716251 342.337466076 0.560991558773 0.549464600195 1.50331422941 155.048763535 321.124336263 210.465512038 0 1680.59792955 40.6158802468 223.126529114 22.3841197532 6.40207043985 53.8756637382
4008 2.7611357206 25.3952091209 152.558486282 342.354567216 0.561222580159 0.584446592076 1.16994405109 155.329819561 321.129637188 204.489953881 0 1680.72788158 40.7291076756 220.152689714 22.2708923244 6.27211840941 53.8703628126
4032 2.70648533443 23.2318843429 146.9528217 342.371411002 0.562316460448 0.610543468154 1.77412822857 154.681600841 321.351857084 209.494149741 0 1680.85238268 40.8471590031 215.575662644 22.1528409969 6.1476173096 53.6481429169
4056 2.65490847385 23.7836177012 143.191953457 342.38766189 0.563920945992 0.634902133745 2.20468368809 154.208831341 321.417228631 210.33869468 0 1680.96861257 40.752513151 214.241576792 22.247486849 6.03138742777 53.5827713696
4080 2.60181844956 24.0660264746 141.942026131 342.4047864 0.566620867809 0.674235716988 1.82471421132 154.529642803 321.452812926 210.789339905 0 1681.08780339 40.6496127737 212.185640056 22.3503872263 5.91219659863 53.5471870743
4104 2.55103418216 21.7941548282 147.728215552 342.421590711 0.570123958307 0.6928562104 1.36921883696 154.946210283 321.394528296 206.131817461 0 1681.2044035 40.8438679267 210.369289383 22.1561320733 5.79559649819 53.6054717048
4128 2.50440092653 22.9206008056 142.80935608 342.437414878 0.573507224984 0.703967586016 2.63414455432 153.650965756 321.534918966 207.56702406 0 1681.30964061 40.7781164173 208.825753194 22.2218835827 5.69035938665 53.4650810347
4152 2.45328614647 24.1849778852 154.244309843 342.45522468 0.578296275418 0.757758464077 2.31436501339 153.894355567 320.871558192 187.908044914 0 1681.42319908 40.5266630855 203.514495923 22.4733369145 5.57680091077 54.1284418084
4176 2.40695247017 20.2807541158 146.76287241 342.471842102 0.583807075337 0.785993378852 2.68051537857 153.477842065 320.954566006 185.712108789 0 1681.5307558 40.8702421441 201.506978317 22.1297578559 5.46924419322 54.0454339949
4200 2.3658590385 20.449282321 143.689041468 342.486994374 0.589559126032 0.828352985772 1.58674247171 154.508351042 321.296047449 189.087979996 0 1681.62414409 40.8738488235 198.723602903 22.1261511765 5.37585590249 53.7039525514
4224 2.32533523892 21.7636610051 142.951143382 342.502353715 0.595792487056 0.839216791348 1.56670010523 154.495936901 321.25790459 186.5575166 0 1681.71558593 40.8141135804 198.122716487 22.1858864196 5.28441406493 53.7420954107
4248 2.28760352518 20.2038077873 141.314086813 342.51704796 0.601847018982 0.851006117322 1.33086209586 154.699236807 321.364666315 187.3854417 0 1681.80195619 40.9413185402 199.599011341 22.0586814598 5.19804379879 53.6353336856
4272 2.24705112213 21.5206780884 142.707770471 342.53328448 0.608516072605 0.857497413082 1.45782643896 154.542875595 321.187433804 181.901215488 0 1681.89260942 40.7402713259 198.155600043 22.2597286741 5.10739057583 53.8125661971
4296 2.20974931361 19.2815333676 145.189814613 342.54864525 0.615098912765 0.888456481628 2.26843569751 153.679363658 321.168353377 181.70560657 0 1681.97835497 40.9487667057 193.913735809 22.0512332943 5.02164501854 53.831646624
4320 2.17399562373 18.3465748902 142.507266648 342.563780133 0.622080664894 0.919648998595 2.97697302679 152.917517176 321.127024264 178.318567761 0 1682.05921488 40.937470279 194.812520114 22.062529721 4.94078511516 53.8729757371
4344 2.1427315086 16.9228488592 141.070886433 342.577368595 0.628739972434 0.939951471383 1.28266897002 154.571270991 321.235211745 179.554759693 0 1682.13103432 41.1195915415 190.888322767 21.8804084585 4.86896567207 53.7647882553
4368 2.10936602931 19.9682468045 143.192780184 342.592256585 0.636128944987 0.949479727064 0.887600385633 154.934534357 321.129732372 172.765801783 0 1682.20494789 40.7688084987 190.12903676 22.2311915013 4.79505210213 53.870267629
4392 2.07548478129 17.3982843113 142.316348812 342.607800372 0.643828394354 0.97078117228 2.5828176706 153.19477239 321.059214434 168.498947083 0 1682.28286131 41.0024023168 189.453436851 21.9975976832 4.71713868806 53.9407855667
4416 2.04715536844 16.7449204364 143.566522745 342.621142638 0.650552304654 0.975014556893 1.74536495917 154.007925541 321.061679616 167.29975368 0 1682.34765264 41.1004229401 187.918647631 21.8995770599 4.6523473547 53.9383203846
4440 2.0189910534 16.2084761314 142.543633159 342.634731274 0.65728467916 0.979695402449 1.93163500879 153.796653635 321.06959175 166.914297481 0 1682.41165919 41.1504113504 186.453438453 21.8495886496 4.58834080389 53.930408251
4464 1.98941572619 18.3748719381 144.13503991 342.649359771 0.664457222527 0.989720775054 1.31473108423 154.381731146 320.86479768 158.453735389 0 1682.47761945 40.8825222685 185.10604364 22.1174777315 4.52238054417 54.1352023202
4488.0 1001.96053155 17.2730982366 141.897626618 342.664015518 0.67167428639 1.00433310825 1.65703581178 154.002941275 320.873572682 155.952782147 0 1682.54340884 40.9612267685 183.90137234 22.0387732315 4.45659115097 54.1264273186
4512 374.064653915 5247.85912343 178.97726663 347.941597851 9.6318245733 18.7725594006 47.4695176145 76.1845005599 275.142197936 853.800511042 0 1147.58475438 39.8513629191 414.643643912 23.1486370809 539.415245614 99.8578020645
4536 89.6889339735 3363.41035096 183.339621576 369.279388619 12.1467198031 25.3317270394 40.7156875949 52.5264769429 274.849023575 379.568481421 0 1484.25211428 39.0629075516 443.859967056 23.9370924484 202.747885713 100.150976426
4560 33.5085289966 1156.6937237 179.743055056 384.886387998 7.03684456399 15.7074283252 34.1509681801 58.2183709323 293.328467845 274.487000116 0 1607.58753316 39.0757245306 444.154609374 23.9242754694 79.4124668333 81.6715321554
4584 21.3041098088 413.101445787 174.067338308 388.062473388 4.68699512784 7.22554226176 22.4831765278 77.5418126941 309.40820698 320.652350749 0 1638.23463599 39.3938847549 425.631251055 23.6061152451 48.7653640035 65.5917930205
4608 17.0058435457 264.280989906 176.431980277 388.82442485 0.855913341587 9.03086573813 15.0116983331 86.2770977366 315.175996801 359.273268176 0 1648.45646239 39.6282866702 388.381291637 23.3717133298 38.5435376012 59.8240032
4632 14.3971971456 201.011684096 175.194102517 388.975909454 0.627650244493 0.244763484665 12.4128493383 97.7388274781 317.1637254 375.172730708 0 1654.40368309 39.7350795487 370.502608423 23.2649204513 32.5963168967 57.836274601
4656 12.6331033311 164.823724077 169.776539381 389.103753448 0.682387372538 0.285754515333 11.4116905769 98.5164140865 319.067444924 406.238923344 0 1658.42756564 39.8442378577 361.681910859 23.1557621423 28.5724343539 55.9325550765
4680 11.2677897246 149.540645779 177.451363363 389.223004613 0.737317748497 0.626063590386 8.10459354087 101.309020506 319.357404463 395.919933321 0 1661.49198831 39.8378038153 353.606365101 23.1621961847 25.5080116812 55.6425955375
4704 10.1826153896 128.611383116 180.701912227 389.335787549 0.739607997891 0.778924837396 9.15941116535 99.9862684498 319.372640541 375.484209237 0 1663.93845409 39.8758352741 356.871943748 23.1241647259 23.0615459028 55.6273594593
4728 9.27240639616 112.896744213 174.766596242 389.443071196 0.804394752561 1.57665870193 6.47682612006 101.699049229 319.564861125 354.873138433 0 1665.99088227 39.9114572125 363.372757647 23.0885427875 21.0091177215 55.4351388759
4752 8.54871640053 104.291940259 172.261198136 389.546505692 0.87800931723 1.42539366555 10.6147299444 97.5353613802 320.098029001 358.761774834 0 1667.62899943 39.9485297957 352.04649317 23.0514702043 19.3710005608 54.9019709993
4776 7.90677490996 93.9500318042 173.490914255 389.648410417 0.875067052862 0.19795416349 5.5981182992 103.680450067 320.29644871 350.48135016 0 1669.07461553 39.9576534381 339.696585875 23.0423465619 17.9253844564 54.7035512902
4800 7.36377473621 93.2139952236 172.850416956 389.739006152 0.830238895378 0.570012952329 2.39807491115 106.462667089 319.94130551 321.605383759 0 1670.29660541 39.9360047826 340.40812616 23.0639952174 16.7033945771 55.0586944903
4824 6.8701985904 81.6004420404 164.635679284 389.82461338 0.823372790417 1.02390592233 6.63883017875 101.689277728 320.303433445 315.061765898 0 1671.41295681 39.9750365599 335.11671621 23.0249634401 15.5870431773 54.6965665559
4848 6.46756135386 79.1354025163 160.640160066 389.899383197 0.809009740114 0.300905748507 2.80633650657 106.184364808 320.627951022 316.521284468 0 1672.3251169 39.982783861 327.252450623 23.017216139 14.6748830906 54.3720489782
4872 6.10862273369 68.5734968725 156.666351581 389.967156261 0.777974117197 0.572830723128 4.51133907025 104.170699828 321.260175135 332.231261205 0 1673.14339904 40.0845971396 322.564620739 22.9154028604 13.8566009492 53.7398248656
4896 5.81048410295 65.2801929461 162.876852352 390.025146838 0.769067181071 0.721565618417 3.26509572682 105.219124635 321.49064812 337.673123025 0 1673.82121639 40.1377803452 310.754447463 22.8622196548 13.1787836042 53.509351881
4920 5.5199456027 67.114456892 162.756385784 390.084305375 0.769644339821 0.834550068242 4.26037624709 104.05112397 321.115460029 316.734497556 0 1674.46898547 40.0160612608 312.178699031 22.9839387392 12.531014523 53.8845399719
4944 5.25543519505 58.6495893331 171.401430288 390.141350232 0.781325014694 0.999085889855 1.76214308635 106.316095776 320.66799885 294.77581855 0 1675.07135241 40.1149969066 305.294152593 22.8850030934 11.9286475805 54.3320011506
4968 5.03020922561 49.9114099456 164.350813201 390.191866894 0.748232610957 0.155227753222 3.56331743435 105.341355307 320.981284178 294.756856116 0 1675.58824851 40.2891628266 296.283563018 22.7108371734 11.4117514786 54.0187158229
4992 4.83829540493 49.213574966 161.409770082 390.234652724 0.720581215277 0.370167245971 5.45116069313 103.223438121 321.266956699 295.363584931 0 1676.02287735 40.2976996059 291.78207255 22.7023003941 10.9771226414 53.7330433018
5016 4.64680441362 53.6345706096 159.107391906 390.277813505 0.707171700719 0.626900601001 4.4529167947 103.935197398 321.236512524 284.824081769 0 1676.44895167 40.1275656461 286.71125274 22.8724343539 10.5510483225 53.7634874766
5040 4.46835644784 46.5697588181 157.747846202 390.31931839 0.707498425193 0.771403686476 0.440633316598 107.761146181 321.284659957 277.057104992 0 1676.85690103 40.2666829392 285.940217967 22.7333170608 10.1430989565 53.7153400437
5064 4.30743007848 44.6148956804 156.601972704 390.358347802 0.711460091325 0.796815934656 1.25523352835 106.878142643 321.352090311 276.178599816 0 1677.22138614 40.2779998636 280.875842227 22.7220001364 9.77861385253 53.6479096895
5088 4.16361640717 39.3103058557 161.684205551 390.394719769 0.717049832403 0.845256884189 0.579894762451 107.463078751 321.378479602 273.534664279 0 1677.55092376 40.4479094462 275.039636118 22.5520905538 9.44907623195 53.6215203983
5112 4.03112904692 40.4648378179 159.84334901 390.429646995 0.723004123324 0.846072881733 1.73639129012 106.264884709 321.353988186 266.480335887 0 1677.84906345 40.3905465692 271.086423866 22.6094534308 9.15093653632 53.6460118142
5136 3.90551227214 44.0852429398 154.401042799 390.464125153 0.729387546189 0.884577047713 1.70459593118 106.217314321 321.388744788 263.631296452 0 1678.1308809 40.2717601454 266.962371432 22.7282398546 8.86911909396 53.611255213
5160 3.78112297079 38.7189538066 154.956881661 390.499726899 0.73738124248 0.923222639979 2.77822682112 105.061442397 321.174624633 253.550718378 0 1678.41379438 40.3553931381 266.412395003 22.6446068619 8.58620561277 53.8253753672
5184 3.67295873794 32.7982074523 154.050991317 390.532028817 0.746655266498 0.0325698502659 5.16893032417 103.519815742 321.585594602 260.637941143 0 1678.66219647 40.5649452202 258.744963251 22.4350547798 8.33780352251 53.4144053989
5208 3.57309414775 34.7282860931 148.928372078 390.562347219 0.720960132436 0.172071797801 2.37143922059 106.17318163 321.749128075 268.327727674 0 1678.88711128 40.4766667969 250.991900257 22.5233332031 8.11288871555 53.2508719254
5232 3.47215415825 35.2085856641 152.727249972 390.592852879 0.699042293475 0.245045887725 2.87275340783 105.590305531 321.60190015 262.158449301 0 1679.11328408 40.3767562317 245.137018191 22.6232437683 7.886715916 53.3980998503
5256 3.37536812402 33.8057851515 157.918345481 390.622123115 0.682304177098 0.356697044752 4.22150839612 104.117367266 321.178163439 243.318325948 0 1679.33294123 40.4089680215 240.975767751 22.5910319785 7.66705875914 53.8218365612
5280 3.2864081716 30.6480162147 152.672474231 390.649227131 0.671348199793 0.438858746631 1.36318294217 106.87738298 321.333872122 240.541327753 0 1679.53645661 40.5459821857 236.398640721 22.4540178143 7.46354337929 53.6661278783
5304 3.20529944699 33.24731243 150.871767757 390.674236875 0.663302656083 0.471668419918 2.32015908856 105.87063296 321.44516621 236.668362188 0 1679.71938184 40.4791392091 232.372204872 22.5208607909 7.28061814843 53.5548337909
5328 3.12680505029 29.0387001198 149.199152116 390.698793396 0.657796319624 0.546450438749 1.1543327347 106.942627111 321.409870787 235.069687166 0 1679.89802152 40.5650916783 231.582694102 22.4349083217 7.10197846927 53.5901292138
5352 3.05698628259 28.5459656772 153.295875346 390.721014511 0.65433080604 0.56467939323 1.74139990376 106.318575385 321.13783101 219.864325491 0 1680.05742949 40.666290682 234.029163183 22.333709318 6.94257050508 53.8621689907
5376 2.98574107228 29.7458503857 153.733132697 390.744114659 0.652031041015 0.603849784143 1.44260648379 106.557398032 321.023641288 209.341271316 0 1680.2179552 40.6223694741 230.772697754 22.3776305259 6.78204478812 53.9763587129
5400 2.91803783808 25.5234761784 145.130023208 390.766530605 0.651474769075 0.675408495896 1.97004264368 105.936543486 321.41938619 220.165210056 0 1680.37200301 40.7059196866 226.982534844 22.2940803134 6.6279969843 53.5806138102
5424 2.85558085204 25.5628388354 144.264072708 390.787691239 0.652711846718 0.705410943861 1.36642844173 106.487757528 321.52466128 224.872903248 0 1680.51323005 40.6704710802 222.566114229 22.3295289198 6.48676994359 53.4753387207
5448 2.79567985944 26.5883706126 155.472667892 390.808475892 0.65460604666 0.729715910303 2.70161280959 105.10558934 321.045403482 207.693240982 0 1680.64843343 40.6105761157 219.504605891 22.3894238843 6.35156656215 53.9545965189
5472 2.73677641399 25.3701892286 150.834637058 390.82943189 0.657735759527 0.773560318138 1.00816024183 106.73111179 321.054851508 204.380982556 0 1680.78200683 40.6386357588 214.859625619 22.3613642412 6.2179931646 53.9451484926
5496 2.68288844047 25.08793461 144.632143494 390.849104395 0.661293457361 0.785786132084 1.15062405822 106.553191957 321.339343686 205.796572134 0 1680.90515601 40.7370130124 213.581801396 22.2629869876 6.09484398114 53.6606563149
5520 2.62899868885 23.7551864616 141.746501742 390.869292752 0.665370137118 0.802658533151 1.34575161074 106.316926966 321.540549503 213.566732827 0 1681.02660351 40.6934071737 209.5350801 22.3065928263 5.97339647909 53.4594504981
5544 2.57674647246 23.3376572681 146.169083571 390.889393285 0.66964184423 0.812883896015 1.51806249974 106.110018474 321.423068875 209.980105889 0 1681.14488154 40.6889998007 203.89430319 22.3110001993 5.855118451 53.5769311256
5568 2.52863425362 24.2244334018 148.420640396 390.908383558 0.673794119351 0.830478620334 2.47899780145 105.1083459 321.207772854 198.753980937 0 1681.2534015 40.6009789208 205.495184994 22.3990210792 5.74659849 53.792227147
5592 2.47999392072 22.4979710065 145.753463736 390.928088034 0.67901292293 0.867977754795 1.48760740227 106.037313885 321.108851456 191.126389317 0 1681.36448831 40.7494500303 208.090491228 22.2505499697 5.635511681 53.8911485449
5616 2.4341608843 23.9609385286 146.894630128 390.947164454 0.684634146975 0.897763004301 0.386546858958 107.083891535 321.081535255 183.974257226 0 1681.467849 40.65364217 208.744142422 22.34635783 5.53215099519 53.9184647453
5640 2.38914514583 23.857682139 144.816687424 390.966417151 0.690583670139 0.903258812189 1.33387447892 106.105865887 321.006975405 181.824779386 0 1681.5704655 40.7369350613 203.6055175 22.2630649387 5.42953448751 53.9930245959
5664 2.34512150884 21.5405114803 143.559849449 390.985766146 0.696591698472 0.914823156267 0.25683325532 107.145985743 321.039065438 180.759622983 0 1681.67034572 40.749872337 201.75261833 22.250127663 5.32965427423 53.960934563
5688 2.30425025323 19.8503048356 146.475796463 391.004211881 0.702237103807 0.918105165491 2.03431779556 105.341128054 320.823196492 171.61960917 0 1681.76340022 40.848321033 200.094604561 22.151678967 5.2365997719 54.176803509
5712 2.26707281132 19.443336139 145.098830629 391.021410519 0.707554541067 0.925774325423 1.59339000663 105.751870607 320.900480988 170.044496117 0 1681.84796226 40.8781587036 196.636452105 22.1218412964 5.15203773535 54.0995190129
5736 2.23058041805 19.9864426574 143.874770742 391.038697722 0.712795936035 0.923950647028 1.16465597689 106.159899718 321.013775579 170.37667958 0 1681.93048462 40.8222030952 194.396933065 22.1777969048 5.06951536732 53.9862244214
5760 2.192174746 20.6433132017 142.485887887 391.057338698 0.71830062928 0.932749762876 0.894355916173 106.397254994 320.977559655 169.117439048 0 1682.01710315 40.7682111967 192.310378674 22.2317888033 4.98289683653 54.0224403456
5784 2.15544325712 19.7579819481 143.985520714 391.075614427 0.723769409642 0.936010068686 0.5594153937 106.7051907 320.887342721 166.174555964 0 1682.10038627 40.7673608566 189.439094419 22.2326391434 4.89961371993 54.1126572795
5808 2.12263561837 18.6766375111 143.048049145 391.092322161 0.728673581864 0.944053920343 0.967593144712 106.267357191 320.953076494 163.795237688 0 1682.17576557 40.9325079916 189.708081456 22.0674920084 4.82423442446 54.0469235067
5832 2.09173202599 16.3258521253 140.0995416 391.108404706 0.733431001002 0.948152294262 1.27649234065 105.933519658 321.186473454 170.848880198 0 1682.24673221 41.1641384858 187.034922563 21.8358615142 4.7532677782 53.8135265465
5856 2.06365243003 16.2853108017 145.431917884 391.123316958 0.737719762729 0.94650376415 1.41462966293 105.777829852 320.867562764 161.62547001 0 1682.31035566 41.1426951531 186.473587666 21.8573048469 4.68964433065 54.1324372363
5880 2.03508935957 17.2781255791 145.556798292 391.138785447 0.742036776433 0.946406057546 0.616076188889 106.55669553 320.790328223 156.196820963 0 1682.37473992 41.0484241433 184.093916729 21.9515758567 4.62526007502 54.209671778
5904 2.00607014541 17.7953847637 139.077986734 391.15481825 0.746392669916 0.949660226353 1.8774058865 105.271722967 320.967360687 159.570777752 0 1682.43998427 40.9115532665 181.826619817 22.0884467335 4.56001572386 54.0326393133
5928.0 1001.97709248 18.0139361106 136.621781364 391.171158032 0.750944082563 0.961424368045 1.15028752101 105.966185996 321.186023431 164.540890915 0 1682.50571769 40.9323793607 180.700943765 22.0676206393 4.49428230312 53.81397657
5952 371.135649046 5170.93138216 183.201972137 394.788247701 6.10959902296 14.7589046738 35.3921725383 48.9510760637 275.103715577 885.284937969 0 1149.90075135 39.8507071126 412.516813386 23.1492928874 537.099248644 99.8962844235
5976 89.4996901533 3303.67159341 187.323526551 409.129957821 6.31337782007 18.9690943613 29.3547196973 36.2328502997 274.971563862 369.900533779 0 1484.7494242 39.0683411911 438.122101508 23.9316588089 202.250575788 100.028436139
6000 33.8661166389 1143.18262116 176.568454292 418.304261885 3.19895994049 13.0258463679 19.2291780026 46.241753804 293.610003679 278.673050911 0 1606.86961 39.0839142887 456.228443915 23.9160857113 80.1303899963 81.3899963223
6024 21.4842831562 439.361474059 172.524862788 420.597056233 1.15575924126 5.72157381025 13.7388550639 58.7867556507 309.338576005 324.496639202 0 1637.78012686 39.3719882854 437.305671784 23.6280117146 49.2198731353 65.6614239961
6048 16.893540146 272.095214139 169.187159351 421.058065931 0.646747721199 2.541675632 9.3252775061 66.4282332093 314.814390081 347.099557687 0 1648.64969244 39.5872226373 421.331578153 23.4127773627 38.350307554 60.1856099196
6072 14.2332032203 206.516210153 168.346746354 421.261516916 0.837284407183 0.700201386039 8.88840701075 68.3125902794 317.296288972 380.088533567 0 1654.74594004 39.6900901549 396.485099592 23.3099098451 32.2540599516 57.7037110294
6096 12.3595785134 176.667754537 173.027066099 421.445323081 0.906940431626 1.12569622916 6.74480183046 69.7772384275 317.84630967 370.635012644 0 1658.9695007 39.7016576468 382.293227348 23.2983423532 28.0304992893 57.1536903313
6120 10.9378592589 147.321864273 167.376758639 421.609504051 0.885865751409 1.07302092573 6.64081706135 69.79079221 319.077361299 374.441574752 0 1662.20806002 39.7899892134 370.12758299 23.2100107866 24.7919399684 55.9226387018
6144 9.8141333779 142.110625637 171.334309898 421.758546841 0.961471660212 1.64624446074 3.40656815177 72.2271688863 318.848765901 341.815574889 0 1664.72719775 39.7374860424 360.528566619 23.2625139576 22.272802245 56.1512341001
6168 8.8972984604 126.830266708 161.863387667 421.903656998 0.987434499554 1.03222423936 3.47605938023 72.6006248826 319.390895535 325.059581009 0 1666.80813904 39.7817446007 362.933372442 23.2182553993 20.1918609519 55.6091044657
6192 8.15845190575 104.166299014 164.104090502 422.030248614 0.943562195272 0.584216466984 5.14470837569 71.2972643479 319.881344033 323.260892984 0 1668.49505739 39.8900500818 360.236742066 23.1099499182 18.5049426 55.1186559681
6216 7.53852305836 92.8241258509 164.496790047 422.140762875 0.928942517515 0.969713135472 3.21168943038 72.7488920413 320.275670354 330.883725655 0 1669.89743872 39.9202489508 343.455211528 23.0797510492 17.1025612751 54.724329647
6240 7.04497863817 86.7900076655 176.563913934 422.233343959 0.879195267411 0.27010557549 3.29299978016 73.3243554175 320.238347713 320.38693296 0 1671.02185871 39.9797326911 324.162221779 23.0202673089 15.978141279 54.7616522882
6264 6.62758307038 76.3823171345 165.610080871 422.31183491 0.839553194402 0.566455451773 3.62604876765 72.6561076759 320.787343724 321.051423716 0 1671.97635842 40.1285843535 317.832817033 22.8714156465 15.0236415687 54.2126562769
6288 6.27219262955 65.4477299139 169.127440754 422.38063328 0.828496472313 0.820794960076 3.29509886393 72.6749764235 320.830908303 322.238009778 0 1672.78037563 40.1747900696 305.704322351 22.8252099304 14.219624365 54.1690916978
6312 5.96158889231 66.5087498258 159.15421815 422.443816988 0.83139215402 0.915527442368 2.7551223319 73.0541410828 321.299571987 327.992540497 0 1673.4801089 40.1371938266 302.069346043 22.8628061734 13.5198910902 53.7004280144
6336 5.66537798286 63.5960855201 163.431556536 422.507716694 0.840895377701 0.982937364425 2.26255601451 73.4058945491 321.139984868 311.972171047 0 1674.1469213 40.1248606894 304.811789394 22.8751393106 12.8530786885 53.8600151332
6360 5.40137925478 52.9922679456 157.458701581 422.567423248 0.812494889898 0.130772170961 3.35792946101 73.1313802299 321.534855606 320.417231779 0 1674.74979926 40.2814350398 302.595501427 22.7185649602 12.2502007291 53.4651443953
6384 5.16161889444 59.0308521971 159.048453196 422.621301281 0.771126972929 0.228515991284 2.34281824768 74.036237507 321.376426478 309.60991463 0 1675.28466005 40.1238002822 299.000879849 22.8761997178 11.7153399396 53.6235735225
6408 4.93590631086 56.3483380418 161.614239098 422.671961309 0.741836312142 0.393259531931 1.08672490554 75.1062179408 321.187595863 296.962351077 0 1675.79471713 40.119798638 295.694863388 22.880201362 11.2052828636 53.8124041385
6432 4.74007636809 52.4935496664 158.620495363 422.716425861 0.72392364716 0.499941669809 2.44360318415 73.6161056377 321.343865738 292.551990304 0 1676.24204555 40.2181312527 291.768280475 22.7818687473 10.757954442 53.6561342633
6456 4.54662611916 52.9982782017 157.316820751 422.761319739 0.71376561583 0.605665513016 2.91201022307 73.0072389084 321.116550071 277.221710127 0 1676.67583564 40.146635388 287.912059018 22.853364612 10.324164349 53.8834499297
6480 4.37865259883 49.3552924236 154.559802555 422.801518543 0.711074504541 0.71428423125 0.9023276144 74.8707951066 321.303087349 274.396163965 0 1677.05924218 40.2266058629 286.12172417 22.7733941371 9.94075781217 53.696912652
6504 4.21617745261 43.4672654587 162.644218205 422.841862271 0.71155646714 0.719894588327 0.105703707739 75.6209829653 320.915579953 263.574509934 0 1677.4269747 40.2783359775 277.441707934 22.7216640225 9.57302529382 54.0844200485
6528 4.07892440435 40.3092341758 160.791292261 422.877201866 0.712558006701 0.760991295372 1.70866238647 73.9405864448 321.053420605 261.652256798 0 1677.74082068 40.3793926552 268.197277216 22.6206073448 9.25917931788 53.9465793963
6552 3.95547726626 37.4924096307 157.784923466 422.91012415 0.716329426508 0.82824389193 1.98561372092 73.5596888102 321.447201606 269.429974386 0 1678.02246497 40.4788753618 257.443916216 22.5211246382 8.97753501849 53.5527983951
6576 3.84132151604 41.011007385 153.83293238 422.941704871 0.721521715966 0.837119291595 1.21161622772 74.2880378937 321.55529922 267.1100836 0 1678.27951968 40.4150294772 253.614123232 22.5849705228 8.72048031239 53.4447007814
6600 3.72664253005 36.4408219275 153.502013362 422.974629126 0.726933323757 0.852229628855 1.53602877524 73.9101791459 321.552215477 264.938756232 0 1678.538971 40.4519226304 250.37916094 22.5480773696 8.46102899263 53.447784524
6624 3.61011452689 38.4765965861 153.200777698 423.009420173 0.73364951416 0.90099627165 1.94879549136 73.4071385498 321.439276478 258.848118046 0 1678.79891839 40.2888685081 241.241123588 22.7111314919 8.20108160545 53.5607235228
6648 3.5082923571 33.9135937597 154.567416464 423.041074936 0.741771906898 0.933318323639 1.03655125394 74.247283579 321.344480405 248.603126206 0 1679.03421315 40.517800941 240.685488428 22.482199059 7.96578684709 53.655519596
6672 3.41880390564 30.9164915691 149.894956784 423.069970889 0.749354638683 0.942587618023 0.861896109325 74.3761907444 321.556219769 248.838681324 0 1679.23781714 40.6096186661 242.441202916 22.3903813339 7.76218285684 53.4437802325
6696 3.33097475984 29.5910164359 150.37038603 423.099369079 0.75678706246 0.954798877245 0.700257313972 74.4887876669 321.645196057 250.152142862 0 1679.43636684 40.6109946604 238.551693488 22.3890053396 7.56363315529 53.354803944
6720 3.24698509921 30.8478027303 153.182361261 423.128503531 0.764235173301 0.949644213447 0.516970225936 74.6406468564 321.238868502 236.477904536 0 1679.62520544 40.5115516759 237.103073771 22.4884483241 7.37479455217 53.761131499
6744 3.16615955954 31.1292496384 155.41320154 423.15753349 0.771456366126 0.984609556578 3.21532332494 71.8710772616 321.030223466 225.017148487 0 1679.80763554 40.4695058564 232.143054331 22.5304941436 7.19236444942 53.9697765347
6768 3.08899304044 30.8467186371 149.04655046 423.186243215 0.77962304985 0.016266971616 2.85618045976 73.1616863032 321.249916802 223.349287939 0 1679.98292082 40.5046284211 228.74473963 22.4953715789 7.01707917752 53.7500831992
6792 3.01836664371 29.6633121315 146.873505749 423.212849509 0.754520565531 0.0608215908649 1.40046642499 74.5713419094 321.320697971 219.392427841 0 1680.14350977 40.5597451066 230.62819779 22.4402548934 6.85649022214 53.6793020302
6816 2.95124271421 24.6969867227 145.555931132 423.237922727 0.732400906726 0.108209843394 0.861689246709 75.0597772759 321.568931372 228.150559892 0 1680.29775016 40.7934696363 225.719815946 22.2065303637 6.70224983352 53.4310686286
6840 2.88933983948 27.1537560115 150.364718591 423.260903027 0.713223531533 0.130177780687 1.22383600913 74.6718596516 321.404946465 221.669195604 0 1680.43659864 40.6352159678 223.309982482 22.3647840322 6.56340135449 53.5950535356
6864 2.82470272651 27.5037052111 147.670806093 423.284783459 0.69436492927 0.159073179998 0.731016896305 75.1307615349 321.39134484 221.58634933 0 1680.5823266 40.5845582304 216.26527632 22.4154417696 6.41767339011 53.6086551609
6888 2.76684931283 24.2170489611 150.458242604 423.306084086 0.678202818752 0.172286021884 1.04884806311 74.7945790103 321.211947932 213.521977969 0 1680.71506816 40.7687357576 216.572471457 22.2312642424 6.28493183233 53.7880520692
6912 2.71156694199 23.4118953259 147.995335214 423.326388518 0.663404100627 0.19959442992 1.27892222591 74.531690725 321.291700055 211.068982012 0 1680.84042288 40.7855499091 214.10286842 22.2144500909 6.15957711324 53.7082999461
6936 2.65871713639 24.924584775 149.832652359 423.345778421 0.650310800413 0.233786523083 1.43571698464 74.3344072703 321.024819315 200.868528917 0 1680.95877818 40.6295381332 211.933123791 22.3704618668 6.04122181249 53.9751806864
6960 2.60738378131 23.6008897587 144.661235505 423.364621926 0.638504714544 0.251509124344 1.60176139867 74.1436028362 321.335835418 203.87454734 0 1681.0759525 40.7284685996 210.016486742 22.2715314004 5.92404749239 53.6641645831
6984 2.5580967615 22.8660529833 145.104568485 423.382744972 0.627813716838 0.265105193085 0.727632559922 74.9967035573 321.38814363 205.583963183 0 1681.18817983 40.8147081017 205.366696355 22.1852918983 5.81182015981 53.6118563709
7008 2.51052977142 25.7799230643 147.661423815 423.400280834 0.618012119638 0.287859940255 1.79826654264 73.8955805629 321.226052613 195.582156888 0 1681.29469387 40.6106217569 203.97244132 22.3893782431 5.70530612356 53.7739473875
7032 2.46463841326 21.3236226474 147.810672817 423.417262103 0.609414753794 0.314917342641 0.82153075258 74.8368750476 321.15918552 195.134050826 0 1681.39997239 40.8163321462 199.868439877 22.1836678538 5.60002760224 53.8408144809
7056 2.42170175555 22.7724745115 144.953601354 423.433227895 0.60197214553 0.334802512434 1.75888279311 73.871114654 321.221560439 193.834676703 0 1681.49688823 40.7510875118 196.038008634 22.2489124882 5.50311176402 53.7784395624
7080 2.38031438889 20.5391466071 142.615554414 423.448708265 0.595564425176 0.360712494892 0.643943194091 74.9510716208 321.344919301 195.695947031 0 1681.59162395 40.899046645 193.468065566 22.100953355 5.40837604449 53.6550807004
7104 2.33936425029 22.650205143 140.781948564 423.464132736 0.589629372865 0.372476512965 1.56895630642 74.0048050714 321.401528834 197.30840057 0 1681.68325651 40.7212467578 189.129681209 22.2787532422 5.31674348345 53.5984711669
7128 2.29739368996 19.5545230326 142.93029715 423.480067451 0.58405569547 0.391393690381 0.562285161195 74.9821980013 321.32030542 192.349463747 0 1681.77913965 40.8766392244 189.014040135 22.1233607756 5.22086034352 53.6796945814
7152 2.25776659793 20.8342050363 144.576551624 423.495246732 0.579230513019 0.404341511865 1.48702998884 74.0341512535 321.176617208 182.139034206 0 1681.86822652 40.7362061656 190.986481867 22.2637938344 5.13177346843 53.8233827926
7176 2.22305682194 18.7149639149 144.169383583 423.50866278 0.575424987399 0.418786761932 1.19365714932 74.3034683213 321.186167259 179.390893749 0 1681.94882975 41.0638092251 189.945424937 21.9361907749 5.05117024546 53.8138327424
7200 2.18702749392 18.6072440532 143.507183026 423.522722553 0.572004338893 0.451002189631 1.95786687414 73.4964040443 321.076900827 176.392832508 0 1682.02977239 40.9404883676 187.042787657 22.0595116324 4.97022759907 53.9230991738
7224 2.15497826453 17.7827583892 143.604219761 423.535360671 0.569497648315 0.465090417788 1.5800325626 73.8500187 321.248715541 179.091384383 0 1682.10284124 41.0117617022 183.381474017 21.9882382978 4.89715875496 53.7512844598
7248 2.12251038399 17.6325094182 145.519258996 423.548304513 0.567412250439 0.481591784309 0.242590652281 75.1601007994 321.027886003 175.279404336 0 1682.17641617 41.0124388299 178.954823106 21.9875611701 4.82358382148 53.9721139984
7272 2.09068514354 18.4345292924 141.736213858 423.56114137 0.565544175315 0.487774661992 0.916850520012 74.4686892718 321.249258206 174.883574354 0 1682.24821875 40.9292916354 178.685035795 22.0707083646 4.75178123912 53.7507417949
7296 2.06137693737 16.7432165562 139.05307766 423.573100575 0.563958282551 0.492881035562 0.48213856112 74.8879215449 321.460656071 182.527056814 0 1682.31579061 41.2063003197 174.561628684 21.7936996803 4.6842093825 53.5393439297
7320 2.03063725151 18.7290589028 140.770444754 423.585793116 0.562471833044 0.501712281312 0.140438448153 75.2095843214 321.233552698 175.395416019 0 1682.38412493 40.8817128443 174.621464455 22.1182871557 4.61587505958 53.7664473033
7344 1.99930886207 18.2244308699 143.960493772 423.598894738 0.561073724212 0.502860148423 0.871922928243 74.465248461 320.944948338 163.938516228 0 1682.45508098 40.8770481544 174.707727524 22.1229518456 4.54491901016 54.0550516632
7368 1.97024269593 16.0325907692 139.894309217 423.611206633 0.559889324413 0.512072856356 1.48598916567 73.8308420202 321.029503201 161.796291397 0 1682.52181363 41.0912507032 176.80227687 21.9087492968 4.47818636678 53.9704968001
7392 1.94322056786 15.9242622973 143.432548459 423.622796227 0.559122089217 0.527987180032 0.992384043724 74.2977104595 320.89484097 154.691275336 0 1682.58319879 41.1019634415 175.907047509 21.8980365585 4.41680120155 54.1051590308
7416 1.91551800582 15.2067086394 142.512744862 423.634831867 0.558522947857 0.533211722553 0.580465177603 74.6929682846 320.725187231 149.050402476 0 1682.64611519 41.1672963811 173.136340319 21.8327036189 4.35388479969 54.2748127695
7440 1.89113014063 15.2067848788 138.446870743 423.645562615 0.558127667827 0.543529664794 0.985744301582 74.2670357507 320.983173866 153.365113973 0 1682.70146768 41.1552749687 171.508462847 21.8447250313 4.29853231327 54.0168261354
7464 1.86613845232 16.5616577121 139.60761613 423.656697042 0.557827765015 0.54235303872 0.467999245839 74.7751229078 320.827439136 143.972484134 0 1682.75780805 41.0608791436 176.786534336 21.9391208564 4.24219194398 54.1725608651
7488 1.83935390824 15.1393554875 138.67206129 423.668790419 0.55753331553 0.546235824287 1.06814680167 74.1592936393 320.85720001 145.450940644 0 1682.81860637 41.1087475475 174.136500598 21.8912524525 4.18139362777 54.1427999905
7512 1.81648612633 14.0093450131 137.39980139 423.679251691 0.557435360728 0.554581436418 0.442211923866 74.7665195881 321.037399587 149.811803934 0 1682.87118778 41.3031065135 172.625955104 21.6968934865 4.12881221148 53.9626004137
7536 1.79243665019 16.3320885797 137.451875964 423.690395697 0.557450482304 0.564368565097 0.903707852028 74.2840774029 320.97225969 148.612368487 0 1682.92431778 40.8882757737 172.146774975 22.1117242263 4.07568220883 54.027740311
7560 1.76974960018 14.6246474079 137.867991793 423.701048849 0.557719460948 0.580251594798 1.28645530339 73.8745247915 321.044823757 150.815717039 0 1682.97672449 41.1407279403 169.798552388 21.8592720597 4.02327550467 53.9551762444
7584 1.74755115248 16.682037625 137.325972521 423.711613333 0.558242874383 0.59176324142 0.664141185079 74.4742393653 320.994812482 148.624682356 0 1683.02704001 41.1086921234 167.553535547 21.8913078766 3.97295998261 54.0051875193
7608 1.7253778837 14.963908001 136.530247617 423.722312273 0.55890569688 0.594618229647 1.07477773099 74.0493860687 320.989731544 146.298419475 0 1683.07746992 41.1770660469 169.366975826 21.8229339532 3.9225300719 54.0102684567
7632 1.70477688291 13.1918457811 137.498749509 423.732388699 0.559600461798 0.597894589036 0.400098719547 74.7100175307 320.995009483 144.825772983 0 1683.12465319 41.3465477526 170.173478401 21.6534522474 3.87534680595 54.0049905182
7656 1.68555315834 13.8463577942 138.480552875 423.741913488 0.560278013011 0.605128890457 1.64278124195 73.4498983666 320.846160656 140.423053498 0 1683.16804758 41.2375321263 169.994359286 21.7624678737 3.83195241591 54.153839345
7680 1.66626436604 14.7853448814 137.382024488 423.751593717 0.561153567308 0.613979402964 0.90019736341 74.1730759488 320.90124138 139.715158551 0 1683.21152483 41.124788209 168.884746428 21.875211791 3.78847516187 54.0987586208
7704 1.64622395774 13.7567669629 135.893756102 423.761787814 0.562175595481 0.62142306665 1.22529072666 73.8293227966 321.0003224 143.518746822 0 1683.25712906 41.1958442761 165.870091708 21.8041557239 3.74287093566 53.9996776012
7728 1.6265784211 13.5487688097 137.991694533 423.771921597 0.563288795749 0.623958943512 0.549167281226 74.4916633817 320.901791973 139.905308876 0 1683.30158997 41.1788235115 164.949477292 21.8211764885 3.69841001925 54.0982080278
7752 1.60709267985 13.7102252756 137.686367522 423.782114518 0.564368730125 0.623069660194 0.884884995395 74.1455620962 320.821045925 135.44138969 0 1683.34572161 41.1334156572 165.081241955 21.8665843429 3.65427838155 54.1789540759
7776 1.58968077858 12.0589716199 135.540722495 423.791344664 0.565401766097 0.633672646209 1.0690070123 73.9405739107 321.017818356 139.618540821 0 1683.38604033 41.4703137291 163.251727967 21.5296862709 3.61395966022 53.9821816451
7800 1.57328680965 12.5575211948 135.931620642 423.800144959 0.566532113281 0.642761226204 1.1971709631 73.7933907383 320.978127779 140.148804792 0 1683.42299806 41.3412177678 160.526158122 21.6587822322 3.57700193718 54.0218722218
7824 1.55668861192 13.2253023865 134.376992533 423.809167534 0.56773727742 0.64555783775 1.36407076265 73.6134665875 321.115293747 143.011276042 0 1683.46052701 41.254800044 158.879463893 21.745199956 3.53947298215 53.8847062536
7848 1.54010271307 12.0352509733 137.732527937 423.818300001 0.569020051402 0.649026579549 0.540890089537 74.4227632783 320.949611401 139.599100417 0 1683.49836954 41.4023958327 157.318700223 21.5976041673 3.50163045667 54.0503886001
7872 1.52413589057 12.2965706642 136.63575357 423.827204898 0.570294246829 0.656236610786 1.67784895807 73.2684152859 320.931645677 137.258167536 0 1683.53449755 41.3359531937 156.802999583 21.6640468063 3.46550244082 54.0683543242
7896 1.5073279462 13.4478220005 135.855716915 423.836703456 0.571807529503 0.663722870239 0.887296425646 74.0404697178 320.877916013 132.937993315 0 1683.57243289 41.2436496261 157.32458942 21.7563503739 3.4275671042 54.1220839877
7920 1.49090804132 12.7742928066 136.055357651 423.846110815 0.573380962592 0.673239518935 1.07717890495 73.8300897984 320.807995456 128.834811316 0 1683.60984891 41.3219225 158.833958065 21.6780775 3.39015108208 54.1920045445
7944 1.47629713552 11.0163905355 135.486842576 423.854592297 0.57492496303 0.684052103958 0.141917995829 74.7445126402 320.87232021 129.596733233 0 1683.64352127 41.5908603086 158.36616174 21.4091396914 3.35647871893 54.1276797914
7968 1.46154808659 11.4429074557 135.27699117 423.863263535 0.576537208069 0.684283348136 1.24871118123 73.6272047275 320.820909438 127.384482665 0 1683.67673252 41.4539636035 157.920824136 21.5460363965 3.32326747119 54.1790905628
7992 1.44718342025 11.1009072354 137.285740711 423.871816914 0.578114110546 0.685300444768 0.335674617592 74.5290939124 320.732682295 123.92993636 0 1683.70943877 41.519007939 157.52377927 21.480992061 3.29056122097 54.2673177062
8016 1.43334664464 11.2769726642 135.808759701 423.880159019 0.579647537705 0.686746748626 0.391818939622 74.4616277547 320.799985526 124.429981189 0 1683.74074382 41.4575817727 156.159276741 21.5424182273 3.25925617225 54.2000144749
8040 1.42026840619 10.5445661827 133.042880126 423.888138776 0.581107627983 0.686060242732 0.403426682639 74.4412666707 320.97774148 128.479720793 0 1683.77077223 41.6530565702 154.855428902 21.3469434298 3.22922776225 54.0222585208
8064 1.40650923332 10.9987086989 132.933619993 423.896635457 0.582619123479 0.683779326296 0.480824183413 74.3561419089 320.957917848 129.995776357 0 1683.80171354 41.4961402617 152.619330561 21.5038597383 3.19828644939 54.0420821528
8088 1.39352674135 11.4876526344 136.411419004 423.904749255 0.584008213691 0.681501167982 0.50727955077 74.3224618118 320.853399674 123.316988706 0 1683.83109756 41.4012231623 154.40691654 21.5987768377 3.16890243246 54.1466003268
8112 1.38090960682 10.2932860155 133.732866936 423.91272593 0.585331109774 0.680855018873 0.510810612519 74.3102773283 320.931006561 126.590558794 0 1683.86011133 41.6677923792 154.198623754 21.3322076208 3.13988866107 54.0689934399
8136 1.36793393469 11.8296104905 134.568255723 423.921024526 0.586668457026 0.678955536192 0.554842313632 74.2585091663 320.815990848 124.662226084 0 1683.88898558 41.2825214172 152.038519094 21.7174785828 3.11101441007 54.1840091528
8160 1.35473512474 11.3259982201 134.364308124 423.92956635 0.587991998636 0.676758211025 0.627480608265 74.1782028319 320.834542816 124.55977372 0 1683.91916905 41.4244667268 149.948574 21.5755332732 3.08083094709 54.1654571847
8184 1.34191696937 10.9415871908 135.922463251 423.937960206 0.589242266822 0.674932192537 0.678525280336 74.1193400543 320.740095154 120.540809196 0 1683.94823595 41.4277624949 147.925291027 21.5722375051 3.05176404177 54.2599048466
8208 1.32995447143 9.87455790513 134.169502705 423.945882406 0.590376860662 0.672833045558 0.669219302715 74.1216883845 320.795339122 120.551384588 0 1683.97581577 41.7150527921 145.965567548 21.2849472079 3.02418421892 54.2046608787
8232 1.31803294119 10.3012802942 138.982556446 423.953863815 0.591487371092 0.67234774054 0.662098127997 74.1202029454 320.495455389 110.760733941 0 1684.00265501 41.5597373692 144.065717048 21.4402626308 2.9973449835 54.5045446123
8256 1.30607840088 10.4737920724 132.650987778 423.961955305 0.592603172801 0.67416096122 0.662029740677 74.10925082 320.743845604 114.964640257 0 1684.02970004 41.4995811783 143.204921629 21.5004188217 2.9702999526 54.2561543974
8280 1.29514782886 9.49105791659 133.865445432 423.969432326 0.593623843345 0.672843622643 0.590207976193 74.173892231 320.74837742 114.720541366 0 1684.05491852 41.7878870749 141.397211315 21.2121129251 2.94508147213 54.2516225814
8304 1.28475616158 9.37458352735 133.092258286 423.976611348 0.59457070406 0.670859204635 0.481318897739 74.2766398453 320.864527564 117.005017354 0 1684.07855008 41.8151841899 139.641924774 21.1848158101 2.92144991535 54.1354724374
8328 1.27379105246 10.4780301155 134.255483605 423.984262108 0.595555552441 0.674459513967 1.41795301957 73.3277698061 320.753749424 114.192528555 0 1684.10310449 41.5365114141 137.937112843 21.4634885859 2.8968955061 54.2462505766
8352 1.26332522505 9.24132951254 133.690322651 423.991638424 0.596544050004 0.675523685444 0.324028749251 74.4122650913 320.75154659 113.4540677 0 1684.12719489 41.8221476697 137.262514866 21.1778523303 2.8728051006 54.2484534105
8376 1.25176889181 10.2074699676 133.595008688 423.999868897 0.597624085444 0.677654301163 1.33128408168 73.3935686345 320.656803153 111.605152781 0 1684.15293284 41.4812012553 135.634182331 21.5187987447 2.84706715141 54.3431968475
8400 1.2414748456 9.39095749228 136.260215284 424.007277412 0.598607794921 0.677191038999 0.240948012748 74.475975741 320.489624867 105.929547524 0 1684.1766767 41.7248872681 134.052355983 21.2751127319 2.82332329618 54.5103751337
8424 1.23077767558 9.25813954525 135.681403354 424.015054317 0.599611550314 0.677738675281 1.19212666559 73.5154687913 320.463156265 101.702895917 0 1684.20096227 41.7489802109 133.497865934 21.2510197891 2.79903772664 54.5368437357
8448 1.22131221381 8.87648862723 130.378422325 424.022003398 0.600517210859 0.678877996512 1.03924138825 73.6593600063 320.752992034 107.090698654 0 1684.22264439 41.8904562573 132.969037427 21.1095437427 2.77735559854 54.247007967
8472 1.21205157529 8.85800041039 129.175980687 424.028864798 0.601436985913 0.68299461653 0.868215487571 73.818488112 320.927457077 112.612505068 0 1684.24366927 41.8846495892 131.475892524 21.1153504108 2.75633071812 54.0725429241
8496 1.20189888247 9.20089901924 133.0750207 424.036459945 0.602452570051 0.681562052258 0.796178843436 73.8833465885 320.723475504 108.985539199 0 1684.26651618 41.7266519812 130.022749749 21.2733480188 2.73348381752 54.2765244969
8520 1.19282339742 8.66921749235 131.380314427 424.043314621 0.603355870548 0.681882563624 0.629031361185 74.042415583 320.812253865 110.195367965 0 1684.28735446 41.9173139734 129.600229823 21.0826860266 2.71264553377 54.1877461358
8544 1.18406011456 8.54357922352 131.149547719 424.049992947 0.604217931775 0.680312177059 0.442969220289 74.2225077232 320.79522834 110.265672838 0 1684.30728664 41.9513298095 128.203763161 21.0486701905 2.69271335355 54.2047716615
8568 1.17461862093 9.51075772929 130.428722832 424.057254272 0.605130323361 0.682735393309 1.31835661808 73.3365233931 320.778145831 109.223634696 0 1684.32830481 41.5845305678 127.841583774 21.4154694322 2.67169518206 54.2218541699
8592 1.1657350545 8.49264557889 132.855954913 424.064150366 0.606041433326 0.687376894881 1.14351671937 73.4989145865 320.735122273 106.97434972 0 1684.34886732 41.9340000204 127.494091213 21.0659999796 2.65113267183 54.2648777277
8616 1.15635726894 8.83991922542 134.629878512 424.071498968 0.607042008446 0.690010716129 1.02581604239 73.6056322643 320.566284453 101.107250871 0 1684.36997122 41.7738009851 128.151023488 21.2261990149 2.63002877341 54.4337155482
8640 1.14692926941 8.7922152044 130.571280952 424.078959794 0.608101868435 0.6995146396 1.90613498994 72.7072887081 320.68540659 103.402932458 0 1684.39138771 41.7820483657 127.813481017 21.2179516343 2.6086122845 54.3145934111
8664 1.13772137918 10.0500490182 131.106041565 424.086319069 0.609200405305 0.698641099168 0.793070027841 73.8127693982 320.620780023 101.449973518 0 1684.41192556 41.4114143464 127.489959018 21.5885856536 2.58807443055 54.3792199783
8688 1.12875983543 8.41283161848 132.593911001 424.093551598 0.610246107311 0.6964491582 0.665824489022 73.9339286475 320.578218026 98.664682836 0 1684.43276649 41.8939463034 127.188309923 21.1060536966 2.56723350755 54.4217819745
8712 1.1207770539 9.03135621435 130.345162622 424.100053143 0.611168392887 0.697624913389 0.442761322714 74.148392228 320.74094307 100.623158242 0 1684.45094862 41.8969328274 125.907716404 21.1030671726 2.54905137681 54.2590569308
8736 1.11271474553 8.03812753733 132.445100459 424.106676676 0.612098123473 0.697121218009 0.236389011472 74.3477149702 320.535323198 96.6254755658 0 1684.4693306 42.0225050519 125.65525517 20.9774949481 2.53066939613 54.4646768034
8760 1.10481214038 8.26848973387 130.93944762 424.113225501 0.612991067504 0.69641238261 1.02028476604 73.5570862828 320.634118412 96.7081577 0 1684.4871771 41.9134713224 125.407229931 21.0865286776 2.51282289206 54.3658815893
