Time EBV Teff Treg ODC_le1 ODC_le2 ODC_le3 ODC_le4 ODC_le5 NK IL2 DAC Resting_Teff Resting_Treg EffectorMemory Resting_Treg_temp Resting_Teff_temp NK_temp
0.0 0 0 0 0 0 0 0 500 375 1000 0 1687 63 0 0 0 0
24 0 0 0 0 0 0 0 500 336.279789971 908.048253598 0 1687 63 0 0 0 38.7202100291
48 0 0 0 0 0 0 0 500 335.391027502 823.849847309 0 1687 63 0 0 0 39.6089724976
72 0 0 0 0 0 0 0 500 334.559882085 745.880698262 0 1687 63 0 0 0 40.4401179151
96 0 0 0 0 0 0 0 500 333.760437385 673.915002205 0 1687 63 0 0 0 41.2395626152
120 0 0 0 0 0 0 0 500 332.995774144 607.703333798 0 1687 63 0 0 0 42.0042258555
144 0 0 0 0 0 0 0 500 332.2684442 546.975994766 0 1687 63 0 0 0 42.7315557996
168.0 1000 0 0 0 0 0 0 500 331.580390823 491.447224652 0 1687 63 0 0 0 43.4196091775
192 587.94283022 2674.42256109 91.5619289612 4.47673168998 18.9970923557 71.5351553232 179.581289232 225.4097314 319.455578209 5741.3447637 0 1039.6715255 41.772295668 0 21.227704332 647.328474501 55.5444217919
216 136.322101985 6910.76277072 164.215532542 85.8265189645 44.6894694658 84.8008602989 137.274800199 147.408351072 264.392076111 477.669299283 0 1396.2972267 38.9712576408 594.375236656 24.0287423592 290.702773296 110.607923889
240 32.8702265706 2375.38896916 173.220643231 172.161710391 30.8372757231 65.2827358671 86.9305605666 144.787717452 278.964945109 240.889764028 0 1604.09363846 38.8583395172 554.893350641 24.1416604828 82.9063615363 96.0350548918
264 16.2151141186 568.008421712 168.090761181 196.835446815 14.1223274783 35.8095918903 69.6134277573 183.619206059 303.598026466 242.549679576 0 1648.75757583 39.0615137799 532.54115309 23.9384862201 38.2424241692 71.4019735344
288 12.6336683453 222.818965011 165.899198339 200.55561163 2.57425047838 17.1309983579 44.3923095413 235.346829992 315.142002865 306.150122558 0 1658.17886237 39.4948582352 484.535720143 23.5051417648 28.8211376273 59.8579971356
312 11.0102099901 153.115473826 170.739049902 200.838469098 0.625541942621 7.44027527898 34.2382035954 256.857510085 318.189545325 338.986427704 0 1662.02674102 39.7583090104 457.571741704 23.2416909896 24.9732589786 56.8104546755
336 9.89992352484 130.509479629 175.565537234 200.922634394 0.23878328935 1.38476821783 19.8641535267 277.589660572 318.939153603 345.477552739 0 1664.55608358 39.8212305961 445.460603659 23.1787694039 22.4439164242 56.0608463975
360 9.04960121083 120.882950462 173.902688636 200.96809348 0.408804125583 0.212866816017 8.80195497073 289.608280608 319.790769809 371.154177627 0 1666.48166511 39.8338441479 417.055274456 23.1661558521 20.5183348928 55.2092301917
384 8.28628311904 116.644534458 164.444304447 201.023703583 0.45924216459 1.49526972674 12.385496137 284.636288389 319.997409895 355.928665812 0 1668.19400984 39.7964816957 412.583934538 23.2035183043 18.8059901573 55.0025901059
408 7.62237497505 104.188761756 164.162020597 201.088840157 0.56253940714 0.959078117195 16.3363967258 281.053145592 320.346576354 350.576893199 0 1669.69868251 39.8394235732 401.867952699 23.1605764268 17.3013174869 54.6534236464
432 7.06765601697 94.5931611001 165.139095477 201.157768052 0.665967630323 1.23670577267 13.0696022139 283.869956331 320.426398707 338.778025515 0 1670.95359961 39.8480841254 393.719712941 23.1519158746 16.0464003877 54.5736012934
456 6.61072395418 86.8913214507 160.011705705 201.225834091 0.682782373213 0.436843901339 14.3032649019 283.351274733 320.772441809 335.968903881 0 1671.99185922 39.8906383272 391.797942536 23.1093616728 15.0081407787 54.2275581914
480 6.20719004488 70.7800737283 163.167073012 201.290587306 0.693233364586 0.230764731062 10.6494023747 287.136012224 320.969154487 337.92198534 0 1672.915465 40.0328044781 381.229224312 22.9671955219 14.0845350034 54.0308455136
504 5.88140932327 74.2750020463 160.530682654 201.346063845 0.689357138572 0.979761089793 7.09489672323 289.889921203 321.257119625 335.231347434 0 1673.65341347 40.0211116999 372.581551438 22.9788883001 13.3465865274 53.7428803759
528 5.57100946997 67.1982654352 168.010615201 201.402489983 0.690240904985 0.730796542656 9.65178681363 287.524685756 321.064272574 318.925535251 0 1674.35664923 40.0672036306 362.768306413 22.9327963694 12.6433507661 53.9357274268
552 5.31341814959 60.7308422756 163.585861528 201.451856289 0.691220491569 0.311388168965 8.49228752336 289.053247527 321.273160938 322.147510821 0 1674.94407618 40.1536101447 351.61628071 22.8463898553 12.0559238229 53.7268390624
576 5.06757351098 53.6826372009 165.592840215 201.500555332 0.686848942513 0.961691581291 11.2230771466 285.627826997 321.217464891 311.008421831 0 1675.5000385 40.1979031566 343.328695782 22.8020968434 11.4999615026 53.7825351091
600 4.85498351125 56.5902466408 163.037288285 201.54497335 0.685377361765 0.546179989076 12.0683529095 285.15511639 321.181264685 300.300218498 0 1675.97809474 40.125082379 337.173862976 22.874917621 11.0219052625 53.8187353153
624 4.66173676835 47.1783792693 161.970535718 201.586824136 0.692855072626 0.995578835667 5.16226282979 291.562479125 321.417883857 303.810264977 0 1676.42223081 40.321560711 327.563452301 22.678439289 10.5777691889 53.5821161434
648 4.48597692354 46.2817796594 159.731585336 201.627258487 0.70069589935 0.267331597626 7.63516474246 289.769549274 321.38845583 295.991155314 0 1676.81828435 40.2930802243 321.740270242 22.7069197757 10.1817156455 53.6115441703
672 4.32514212453 44.8690957353 156.290452772 201.665164581 0.686247667108 0.560414920864 6.2806418726 290.807530958 321.555867264 297.625618323 0 1677.18157902 40.2821997902 313.545880102 22.7178002098 9.81842097599 53.4441327364
696 4.16351797737 48.2971267591 158.40811972 201.70435346 0.689270846094 0.918121739365 6.44124491898 290.247009036 321.189124483 281.246189718 0 1677.54131788 40.1101154356 305.636376057 22.8898845644 9.45868211521 53.8108755179
720 4.00910126603 45.939252716 155.381736159 201.7435413 0.683212413475 0.304368370477 5.43943369697 291.829444219 321.193095313 269.387238834 0 1677.8923566 40.1638617157 300.12551905 22.8361382843 9.10764339672 53.8069046878
744 3.8721963485 43.0755695698 157.352019907 201.778777767 0.671445408893 0.568549871118 2.34898525717 294.632241696 321.136786316 257.313892124 0 1678.20605339 40.3004798389 294.641024978 22.6995201611 8.79394660614 53.8632136849
768 3.74661176552 44.5816252799 153.54492588 201.811918159 0.67037479172 0.763828595063 6.57678010726 290.177098347 321.159863068 252.149236358 0 1678.48762867 40.1702616168 288.361016529 22.8297383832 8.51237133075 53.8401369324
792 3.62802192122 39.7561470371 156.31504382 201.844462845 0.680539708798 1.00069799191 5.32811842747 291.146181027 321.01292348 240.450457769 0 1678.7587933 40.2860978083 285.85282338 22.7139021917 8.24120669629 53.9870765205
816 3.52067356353 37.3767916916 156.496761347 201.875013353 0.668933068097 0.281678787188 6.11085298821 291.063521804 321.123467186 239.210994645 0 1679.00323337 40.3647188075 277.318148677 22.6352811925 7.99676663236 53.876532814
840 3.42328763201 33.6172346026 160.786898157 201.902873186 0.656547085912 0.436825585503 2.26972007435 294.734034068 320.980125171 231.909312339 0 1679.22515141 40.4518179489 268.81869945 22.5481820511 7.77484859031 54.0198748297
864 3.33569358421 32.0311079732 157.691023806 201.92826015 0.650345808539 0.582367286584 6.48555497621 290.353471779 320.996584989 228.957167256 0 1679.42435549 40.5127021557 262.151903789 22.4872978443 7.57564451312 54.0034150119
888 3.25016894006 31.0563538276 153.157324466 201.953607504 0.652219691234 0.803949671194 5.54790889723 291.042314237 321.187344213 228.923233195 0 1679.61756386 40.4894283712 260.113934438 22.5105716288 7.38243613617 53.8126557878
912 3.16893599348 30.4368666771 149.238181836 201.978523526 0.661464812232 0.987580816405 4.36859921451 292.003831631 321.245448173 222.820578522 0 1679.80193863 40.5178804055 262.464986135 22.4821195945 7.19806136854 53.7545518271
936 3.08929137489 29.9797124069 149.879199934 202.003557021 0.64601661077 0.200222856638 8.26787356111 288.882329951 321.269922862 220.342284012 0 1679.98192143 40.5044781177 260.072085841 22.4955218823 7.01807857451 53.730077139
960 3.01678445672 29.3048525923 147.875287776 202.026336997 0.633940805783 0.368438180139 2.49236933931 294.478914678 321.378594253 226.120474139 0 1680.14703785 40.5539750823 250.297666401 22.4460249177 6.85296214886 53.6214057474
984 2.9469025555 28.465295019 145.042941719 202.04849006 0.627272686229 0.50728739009 4.62103254953 292.195917314 321.557924775 231.454429525 0 1680.30563736 40.5842995936 244.235308755 22.4157004064 6.69436263737 53.442075225
1008 2.88258802284 26.1786422394 147.274387537 202.069199885 0.624469894117 0.581693598201 4.25940100891 292.465235614 321.504928619 228.064742965 0 1680.45206433 40.653939972 243.640463145 22.346060028 6.54793566863 53.4950713819
1032 2.8220168738 26.474896072 147.378385356 202.089089946 0.624756715801 0.670196565679 3.49224865035 293.123708123 321.608064209 229.153885351 0 1680.5890493 40.6257069643 240.349508595 22.3742930357 6.41095070169 53.3919357911
1056 2.75795548302 27.3461911905 149.543405958 202.11065383 0.627899932673 0.761984190245 2.4736510068 294.02581104 321.268643969 220.545752515 0 1680.73218819 40.4762398069 233.543082532 22.5237601931 6.2678118077 53.7313560317
1080 2.7011514276 25.7810874995 148.9406795 202.130329656 0.632973284543 0.829893169372 3.54289048198 292.863913408 321.202818529 214.223973375 0 1680.86250764 40.6010774785 229.248345055 22.3989225215 6.13749236233 53.7971814716
1104 2.64536680135 24.6074457591 148.429642614 202.150248552 0.640025529406 0.899222788379 2.62718555166 293.683317579 321.238623985 207.360267982 0 1680.98944068 40.6667611601 228.223289421 22.3332388399 6.01055932353 53.7613760154
1128 2.59553514858 22.8432216208 149.020609653 202.168619553 0.648266538867 0.957963951726 2.90755501932 293.317594937 321.235954323 203.70973159 0 1681.10380737 40.8599326302 225.50595589 22.1400673698 5.89619262807 53.7640456777
1152 2.54769337249 23.2838988728 146.735276574 202.186825459 0.652770395738 0.048516747528 5.95129146035 291.160595937 321.228661186 197.804876491 0 1681.21208662 40.838697597 224.995079365 22.161302403 5.78791338406 53.7713388143
1176 2.49956837336 23.2597153269 142.52867851 202.205267906 0.637259782126 0.162691712374 5.21453060558 291.780249994 321.369772296 203.559652827 0 1681.32004788 40.7044812477 219.778120673 22.2955187523 5.67995211973 53.6302277049
1200 2.45353099882 24.0450237958 145.393470697 202.222868407 0.625671164463 0.267887273642 3.27220028058 293.611372875 321.327514485 198.156221677 0 1681.42419589 40.6693993972 219.773349248 22.3306006028 5.57580410982 53.6724855151
1224 2.40733274899 20.9110530643 143.234038988 202.240574967 0.616785463673 0.351090335464 1.55196055235 295.239588681 321.319622707 199.479962302 0 1681.52989328 40.8393600833 215.056549903 22.1606399167 5.47010671526 53.6803772937
1248 2.36334589075 26.0497357928 142.027571968 202.257542978 0.610405287059 0.423054012038 3.59555147281 293.11344625 321.296763328 194.383606524 0 1681.62753286 40.5285944247 211.679899785 22.4714055753 5.37246714332 53.7032366721
1272 2.31780342594 20.9134133009 144.334382838 202.275298091 0.606923227189 0.56536667975 5.94049483635 290.611917166 321.146646966 189.2615444 0 1681.73203367 40.7457823343 209.532179928 22.2542176657 5.26796632887 53.8533530345
1296 2.27722229692 22.4924172776 148.410797775 202.291374801 0.606938001739 0.644526711767 3.60591541356 292.851245072 321.024479562 182.190484623 0 1681.82369549 40.6457188912 205.621525301 22.3542811088 5.17630451312 53.9755204389
1320 2.23870338854 20.1974804208 147.13105594 202.306928739 0.609112106216 0.734444226175 2.97531056566 293.374204363 320.979865914 179.182559155 0 1681.91218453 40.8487225388 200.995403967 22.1512774612 5.08781546723 54.020134087
1344 2.20315627403 17.78341519 142.837695292 202.321596658 0.613111178908 0.817735016639 3.8851321516 292.362424995 321.230380901 181.512282858 0 1681.99367068 41.041824545 199.586437932 21.958175455 5.00632931581 53.7696190992
1368 2.16416506029 21.5581598303 143.001842816 202.338100101 0.619443118364 0.879104848478 3.6503462403 292.513005692 320.924835453 170.582538016 0 1682.07950635 40.5952288913 199.30543941 22.4047711087 4.92049365307 54.0751645478
1392 2.13157272138 16.6021100955 143.741904163 202.352271064 0.625899029317 0.929754681787 1.24816695362 294.843908271 321.183370325 174.096573298 0 1682.15644026 41.158027447 197.147904156 21.841972553 4.84355973734 53.816629675
1416 2.10065991848 16.6338280903 139.840548152 202.366060644 0.632766281022 0.954487715011 0.64508473835 295.401600621 321.320520442 178.635383286 0 1682.22637162 41.127061935 194.216942668 21.872938065 4.77362837809 53.6794795589
1440 2.0723502271 16.0269805822 140.397652297 202.379005241 0.63929704907 0.964423088663 2.61124877227 293.406025849 321.257644447 175.774070569 0 1682.29087523 41.2014593998 194.380043806 21.7985406002 4.70912476749 53.7423555536
1464 2.04123699342 18.7423675033 138.696291565 202.393596048 0.646812903042 0.988049987156 1.23624260392 294.735298458 321.291808032 177.971257358 0 1682.35984475 40.8305125842 189.703843189 22.1694874158 4.64015525455 53.708191968
1488 2.01089134157 16.9285817177 141.853256211 202.408214285 0.654523486279 0.999666060216 0.817527559627 295.120068608 321.238809547 174.583622625 0 1682.42943001 41.0110890995 187.240812661 21.9889109005 4.5705699915 53.7611904539
1512 1.98316681776 17.9280895168 140.288639671 202.421817922 0.647738430162 0.0436004890908 1.8927058827 294.994137276 321.361073937 178.14094498 0 1682.49213563 40.9486632369 182.960772214 22.0513367631 4.5078643664 53.6389260639
1536 1.95655917951 14.9989323628 141.643604006 202.434822373 0.636144759553 0.093684358751 2.80450248665 294.030846022 321.21918899 171.815350841 0 1682.5535316 41.2614576087 184.785965931 21.7385423913 4.4464684024 53.7808110103
1560 1.92980651038 16.1432790661 138.259392627 202.447846797 0.625357669472 0.128249894933 2.86066717055 293.937878468 321.262934988 172.271615719 0 1682.61357991 41.0834496831 182.674010474 21.9165503169 4.38642009465 53.7370650121
1584 1.90455670197 14.7598251096 138.206086803 202.460108662 0.616242508631 0.193810957425 3.58607274409 293.143765128 321.35764357 172.202521013 0 1682.67141155 41.2580668698 182.637164297 21.7419331302 4.32858845333 53.6423564307
1608.0 1001.87907803 16.0398790555 142.574247299 202.472476847 0.608424335004 0.246989150266 1.46448983103 295.207619837 321.172139755 168.379519114 0 1682.72833909 41.0132685228 178.736840392 21.9867314772 4.27166091329 53.8278602458
1632 377.709292617 5272.66955924 176.985288695 210.721390153 14.1260477193 34.1114040202 96.0848047912 144.956353316 274.7799963 876.097986078 0 1144.55735981 39.8489709019 400.529380536 23.1510290981 542.442640195 100.220003701
1656 90.4294469055 3347.41036949 196.736937028 254.023180132 27.5187811172 48.6276711739 72.7988054341 97.0315621428 274.817466297 371.852054324 0 1482.95201366 39.0676718913 453.497010606 23.9323281087 204.047986343 100.182533704
1680 34.2719437366 1109.53613712 187.637381234 284.041115131 11.4313287401 32.1718968482 60.0935579421 112.262101338 293.71049628 287.436257048 0 1606.07832217 39.0976493113 441.638467173 23.9023506887 80.921677834 81.2895037211
1704 21.9617102393 433.947603132 170.92302561 290.749457686 6.53963960543 13.2325939421 35.5407383898 153.937570377 309.299853253 323.144700081 0 1636.75378691 39.3915347348 431.923455675 23.6084652652 50.2462130902 65.7001467475
1728 17.1836055924 283.347232049 171.522516717 291.689888442 1.41587417773 2.95305490011 28.4912568154 175.449925665 314.309402897 340.103054957 0 1647.96029396 39.5578631414 401.553764036 23.4421368586 39.039706041 60.6905971043
1752 14.4533201658 203.656444281 175.179646757 292.062720271 0.831393282094 1.08260862952 17.5103099337 188.512967884 316.907961779 354.691085891 0 1654.27090102 39.7266545016 399.113793312 23.2733454984 32.7290989859 58.0920382217
1776 12.5679193251 171.801776121 168.061157737 292.24682213 0.932045279081 0.751320859025 11.7130457637 194.356765968 318.134582909 371.122897873 0 1658.53040224 39.7627559522 384.66391528 23.2372440478 28.469597762 56.8654170915
1800 11.1305641932 148.683981481 173.790581927 292.417851283 0.97247762169 1.51360616169 17.2161243639 187.87994057 318.682499267 359.147320378 0 1661.77935874 39.8025197958 376.102255918 23.1974802042 25.2206412602 56.3175007334
1824 10.0055780201 136.068828044 171.622614153 292.587868125 1.17993655105 2.0710425622 9.96330971878 194.197843043 318.850121434 342.341136216 0 1664.31406217 39.8012342513 367.706279867 23.1987657487 22.6859378327 56.1498785673
1848 9.10953657853 120.944376082 171.603868463 292.656580862 0.355041165486 0.514216833591 14.4601862097 192.01397493 319.49163565 337.731734987 0 1666.34860565 39.8571657634 358.465831707 23.1428342366 20.6513943561 55.5083643503
1872 8.37297556917 104.87204418 170.877608867 292.705188929 0.419691157285 1.30183055964 12.7162011068 192.857088247 319.681139319 334.21415599 0 1668.01673212 39.9116109627 345.059099276 23.0883890373 18.98326788 55.3188606816
1896 7.75971627368 95.3458276041 172.829218669 292.756621745 0.468590121592 0.68168450617 13.2526615953 192.840442033 320.041033897 330.194126965 0 1669.40471485 39.9470332263 330.613639996 23.0529667737 17.5952851572 54.9589661038
1920 7.25097256781 82.1030436649 171.172434895 292.80717158 0.532132283001 0.665508194713 7.96955523863 198.025632704 320.360122857 326.288668363 0 1670.56217229 40.0364974437 327.650213206 22.9635025563 16.4378277134 54.6398771434
1944 6.82549940454 71.8453886978 174.452175379 292.856579102 0.56349868131 1.1274704046 7.54514981932 197.907301993 320.401175549 316.023398339 0 1671.53134005 40.1527842598 327.325741281 22.8472157402 15.4686599575 54.5988244523
1968 6.43998343255 78.6881383536 162.8893255 292.906181077 0.569559368721 0.750059548525 8.14608066474 197.628119341 320.543963097 309.779985694 0 1672.38900186 39.9996551241 322.251582637 23.0003448759 14.6109981469 54.4560369039
1992 6.09313654333 68.1778586102 162.297855416 292.954413868 0.594380034346 0.979590846554 4.61563348283 200.855981769 321.032211864 324.591102985 0 1673.18033797 40.1150060623 307.461275269 22.8849939377 13.8196620302 53.9677881371
2016 5.79000970533 64.5558460657 160.918553742 293.000358034 0.592284016091 0.349025053279 5.54552045309 200.512812444 321.391353744 323.697244578 0 1673.8687366 40.1687004269 306.855328144 22.8312995731 13.1312633991 53.6086462564
2040 5.50105353582 66.5387718704 160.082786325 293.045446656 0.586185532615 0.681006965885 7.61358349471 198.073777351 320.948522974 308.437213446 0 1674.51055911 40.0041371658 304.713103682 22.9958628342 12.4894408898 54.0514770265
2064 5.24286892031 63.0581391502 161.096059465 293.088161695 0.590517753418 0.174774959104 8.36337354557 197.783172048 320.992928154 293.763749787 0 1675.09988281 40.1051608436 305.854034349 22.8948391564 11.9001171889 54.0070718465
2088 5.00361952283 56.3534855491 166.863520916 293.129020921 0.582498787377 0.74062068424 7.58733478929 197.960524818 320.662257402 277.628109133 0 1675.64263701 40.1653949246 296.00823972 22.8346050754 11.3573629941 54.3377425984
2112 4.79872693883 48.6014103247 164.985720617 293.166101576 0.603121596081 1.07349632253 5.68443872247 199.472841783 320.899111825 274.041796693 0 1676.11180728 40.3175662111 289.991730574 22.6824337889 10.888192727 54.1008881762
2136 4.62378247118 47.1883900178 159.568608122 293.199521987 0.591248202999 0.351087760206 5.5522303399 200.30591171 321.265661215 281.845723844 0 1676.50744503 40.306913433 282.248620852 22.693086567 10.4925549773 53.7343387857
2160 4.45395539824 47.9958641718 157.675736204 293.232463022 0.584694331187 0.579188211397 5.59088009476 200.012774341 321.525267042 288.172626143 0 1676.89054682 40.282826361 269.330532735 22.717173639 10.1094531789 53.4747329587
2184 4.28397149402 45.4619150197 159.876163247 293.26669558 0.589630412613 0.734435300364 3.19627712932 202.212961578 320.99368849 270.246859825 0 1677.27199212 40.223359951 264.005153728 22.776640049 9.72800788793 54.0063115108
2208 4.13657133943 42.809597767 165.267153306 293.297920059 0.600788974425 0.893945332456 4.57567146397 200.631674171 320.905870192 251.376472812 0 1677.60849288 40.3074418813 261.527949436 22.6925581187 9.39150712537 54.0941298088
2232 4.00912635857 40.8619343571 156.806078443 293.326438722 0.607358179663 0.0355418689862 2.8608076941 203.169853535 321.067408017 253.483870141 0 1677.89851847 40.3592430134 255.839484197 22.6407569866 9.10148153677 53.9325919843
2256 3.88439862271 37.389042972 154.024493081 293.354665884 0.585491331772 0.261619625434 6.15860696618 199.639616193 321.325653619 258.819926048 0 1678.18105876 40.4124581829 249.249220288 22.5875418171 8.81894124059 53.6743463818
2280 3.76643411849 39.8069835441 149.382131634 293.381491929 0.576041398051 0.480754614115 6.20001796887 199.361694091 321.428914006 257.412193702 0 1678.44602906 40.3032260724 248.293243234 22.6967739276 8.55397094501 53.5710859952
2304 3.6486850203 36.6206175474 150.720508097 293.408908463 0.576695233946 0.712169926212 5.46879568378 199.833430693 321.481442885 255.930870128 0 1678.71375076 40.3895613649 243.884800739 22.6104386351 8.28624924666 53.5185571159
2328 3.54076561151 34.5755351987 157.683278331 293.435062743 0.58566956117 0.834016234727 3.39696979702 201.748281664 321.154223867 240.734351504 0 1678.95888702 40.4359814973 239.266435282 22.5640185027 8.04111298147 53.8457761339
2352 3.44310904294 31.4589965929 149.067922626 293.459887657 0.598612523796 0.961821670361 4.66856439407 200.311113755 321.437785281 244.173135555 0 1679.18178786 40.5552089692 238.101804948 22.4447910308 7.81821214407 53.5622147193
2376 3.35601462528 29.9980052897 150.742917244 293.483181633 0.614231705135 1.06954569845 3.25019574516 201.582845218 321.526994407 246.123328089 0 1679.37975345 40.606300795 231.531178643 22.393699205 7.62024655536 53.4730055936
2400 3.27150134168 34.1072419428 146.31226746 293.506428982 0.599119476558 0.177492293806 1.88706574452 203.829893503 321.729326572 248.469983109 0 1679.56899743 40.4503507916 228.522133508 22.5496492084 7.43100257179 53.2706734286
2424 3.18285254072 35.1514624407 149.284867444 293.530790156 0.584128395776 0.281499026572 3.13501263659 202.468569786 321.436893717 238.275688225 0 1679.76788133 40.3469961687 225.0464618 22.6530038313 7.2321186684 53.5631062838
2448 3.09743697551 32.2716312344 153.056846474 293.554419643 0.575071059899 0.415143754459 1.22471786443 204.230647679 321.058310906 217.458280917 0 1679.96251316 40.4310652482 227.791842554 22.5689347518 7.03748684328 53.9416890952
2472 3.02240658964 27.7261037133 147.327402877 293.575473012 0.57007811833 0.478302326991 3.62233954142 201.753807001 321.358033086 223.766831886 0 1680.13520441 40.6478095199 222.828662796 22.3521904801 6.86479559314 53.6419669151
2496 2.95572286991 27.2985651259 146.769180431 293.594511453 0.568096178037 0.549692259087 4.31707779286 200.970622318 321.588591622 229.24306624 0 1680.2862159 40.6344095141 218.420369009 22.3655904859 6.71378410116 53.4114083784
2520 2.8899405246 28.1341375429 147.981771884 293.613703354 0.569344607595 0.646989714994 3.01010158204 202.159860742 321.428301442 225.477071149 0 1680.43432072 40.5494554838 213.447814871 22.4505445162 6.56567927839 53.5716985587
2544 2.82889967723 25.7210872956 146.472607583 293.63198786 0.573119120791 0.732042701739 2.36417380934 202.698676508 321.545014111 226.711035884 0 1680.57385533 40.6756825774 207.90184693 22.3243174226 6.42614466949 53.45498589
2568 2.76878689211 25.6522560032 148.615102386 293.650540943 0.578773568878 0.773359887853 1.83879442732 203.158531173 321.271815717 217.918049863 0 1680.70928008 40.6217756928 204.730405014 22.3782243072 6.29071992592 53.7281842834
2592 2.7113951907 24.4787990573 147.231395728 293.668831141 0.585865349739 0.850367917911 4.07333419391 200.821601398 321.399855585 213.273174282 0 1680.8402428 40.7183636525 204.86271274 22.2816363475 6.15975720555 53.6001444156
2616 2.65915875972 21.7833262007 148.321977396 293.686047866 0.594322772392 0.89802370368 1.90433406684 202.917271592 321.366964343 211.114098875 0 1680.95993807 40.8949721025 203.115938834 22.1050278975 6.04006193387 53.6330356578
2640 2.60692179597 23.9247163197 149.499388622 293.70387515 0.603934708764 0.935288758157 0.869200040426 203.887701343 321.137086141 196.144980035 0 1681.07648863 40.6838337685 206.405042527 22.3161662315 5.92351137543 53.8629138599
2664 2.56008204829 22.3631908361 146.93254432 293.720424595 0.613204864029 0.959676208651 1.33667255474 203.370021778 321.217968483 197.514887756 0 1681.18418158 40.8507455251 203.882649088 22.1492544749 5.81581842029 53.7820315176
2688 2.51275730143 22.6603738065 143.968238929 293.73772534 0.623228567112 1.0007208123 3.92841067218 200.709914609 321.285485654 196.91930206 0 1681.29041362 40.7372668506 202.610660018 22.2627331494 5.70958638276 53.7145143468
2712 2.46956664456 21.3491535944 144.412147778 293.753988513 0.621090613771 0.0281344700192 1.17899275677 204.417793646 321.427982563 200.126372341 0 1681.3895545 40.9238660495 199.510774544 22.0761339505 5.61044550151 53.5720174377
2736 2.4222646738 22.7729146582 147.116660147 293.771765763 0.604828199594 0.0790460575885 3.03771501394 202.506644966 321.093007638 188.147039727 0 1681.49508229 40.715334094 198.620182866 22.284665906 5.50491771246 53.9069923632
2760 2.38097479606 19.911443945 143.52427141 293.787198624 0.592331300098 0.137058632293 1.21575324526 204.267658199 321.37173189 195.319298892 0 1681.59018668 40.91818315 193.949745202 22.08181685 5.4098133257 53.6282681109
2784 2.33900800917 21.3741300419 142.161232408 293.802842288 0.580814210383 0.171233254581 0.619816846366 204.825293401 321.192343203 188.960103513 0 1681.68411958 40.7455291427 193.489388648 22.2544708573 5.31588041928 53.8076567975
2808 2.29779067314 21.1053206873 144.184492203 293.818192588 0.570755374348 0.240905322195 3.94795973065 201.422186986 321.011015146 179.284515019 0 1681.77757516 40.7500366886 194.18959462 22.2499633114 5.22242484039 53.9889848548
2832 2.26200429355 17.7616638661 140.628633884 293.831548613 0.564104512777 0.32704488498 1.59664762185 203.680654368 321.376760268 187.79862826 0 1681.86062943 41.0961285398 191.980519128 21.9038714602 5.13937057114 53.623239733
2856 2.22739971789 18.7310039908 140.242361799 293.844533538 0.559050752526 0.352770356945 1.27583625307 203.967809099 321.44279861 190.971538018 0 1681.93837116 40.9485308905 188.962450224 22.0514691095 5.06162883936 53.557201391
2880 2.19192191902 18.8831842664 144.436965002 293.857940883 0.554417143315 0.37514783538 2.15627415857 203.05621998 321.292996848 186.346677293 0 1682.01874502 40.9445189085 186.149133104 22.0554810915 4.9812549801 53.7070031524
2904 2.15687235231 18.9259831805 142.712593725 293.871299081 0.550731174596 0.426601793497 2.99520953545 202.156158415 321.217881441 182.669929357 0 1682.09792064 40.8969925261 185.453186253 22.1030074739 4.90207936344 53.7821185597
2928 2.12418929162 16.9830030854 144.26224978 293.88388533 0.548555243981 0.480348159684 0.564815104098 204.522396163 321.239737349 181.517046553 0 1682.17280989 41.0801062674 182.876168077 21.9198937326 4.82719011814 53.7602626522
2952 2.09367114077 16.4482918272 144.157389692 293.895778452 0.547374784411 0.512100784461 1.93126148171 203.113484497 321.256007809 179.839166468 0 1682.24225331 41.1376629655 179.515734705 21.8623370345 4.75774669621 53.743992192
2976 2.06433385026 16.7474155532 141.117065501 293.907359458 0.546972962065 0.541351110519 1.1901698334 203.814146637 321.331279924 180.420345477 0 1682.30874589 41.111288768 179.290929256 21.888711232 4.69125410882 53.6687200773
3000 2.03449027967 15.979149691 142.021854372 293.919306703 0.546981500053 0.553888510669 0.618916229112 204.360907057 321.195782625 175.919259242 0 1682.37644832 41.158051799 178.162019105 21.841948201 4.62355168279 53.8042173753
3024 2.00673018474 17.1057450461 141.098131247 293.930580692 0.547170185554 0.560658083277 1.80651636773 203.155074672 321.167813902 174.154683325 0 1682.43886212 40.9941829711 175.128869386 22.0058170289 4.56113788427 53.8321860987
3048.0 1001.97919987 15.6705347245 140.543042537 293.941923916 0.547808128343 0.595770335409 1.95884249245 202.955655129 321.286944288 173.815739525 0 1682.50183717 41.1615046428 174.241128963 21.8384953572 4.49816283315 53.713055713
3072 370.864295375 5188.69265299 181.511329504 301.084030317 8.95439218835 28.3962908074 59.6008593378 101.964427351 274.70534908 855.548396821 0 1149.82808715 39.8441478436 395.708712952 23.1558521564 537.171912849 100.294650921
3096 89.8128956396 3317.53049091 185.609887035 336.634361093 16.7597343165 32.5962916091 48.1868093172 65.8228036656 275.228101447 387.518721699 0 1484.27263455 39.06901444 453.988979876 23.93098556 202.727365457 99.7718985541
3120 33.8727374495 1146.7415047 181.898174266 358.09828385 8.47839909543 19.2209693257 41.3712814098 72.8310663204 293.631186495 296.430842216 0 1606.85405572 39.0811229556 444.228506755 23.9188770444 80.1459442869 81.3688135061
3144 21.536287604 421.180507944 180.741698267 362.112815996 3.55569027513 11.1602654753 24.97587364 98.1953546148 309.244003988 319.205520995 0 1637.70863841 39.3923938781 430.640610912 23.6076061219 49.2913615964 65.7559960128
3168 17.0895503371 262.156980786 174.805420097 362.617124006 1.26522150567 3.29838817098 19.2839680619 113.535298256 315.121991795 360.701938921 0 1648.26240265 39.6321764065 403.870512578 23.3678235935 38.7375973552 59.8780082064
3192 14.4857732867 213.654673707 168.658816787 362.847464338 1.07771404134 4.40383640974 12.7488719519 118.92211326 317.367417524 389.886615936 0 1654.19050355 39.6939278261 388.225330759 23.3060721739 32.8094964512 57.6325824767
3216 12.5062232634 186.93289347 165.131686915 363.04470709 0.360257605085 1.50864671802 12.1065702969 122.979818291 318.045348336 372.856045573 0 1658.63192505 39.681348442 389.733005172 23.318651558 28.3680749517 56.9546516646
3240 11.0681683969 150.68316343 174.898354298 363.128199312 0.524029837842 1.31338810181 9.75907591246 125.275306837 318.820982794 366.584123319 0 1661.92157762 39.8009443845 386.368752656 23.1990556155 25.0784223803 56.1790172066
3264 9.95289071324 136.212099183 172.430888545 363.213036258 0.531450823021 0.491667342357 7.8400570783 127.9237885 318.809057793 341.659109683 0 1664.4262541 39.7785062887 384.721839719 23.2214937113 22.5737459079 56.1909422077
3288 9.05842375553 115.664633539 171.611228509 363.289801232 0.546881239749 0.53692258422 5.71229747171 129.914097473 319.588956199 344.775749942 0 1666.46700138 39.8880631492 373.246192431 23.1119368508 20.5329986208 55.4110438018
3312 8.34286039648 102.061494353 169.45661499 363.358907147 0.583512207155 0.331354841132 8.60756819228 127.118657613 320.072286884 345.807137188 0 1668.09110896 39.9516780743 368.975079901 23.0483219257 18.9088910424 54.9277131168
3336 7.73639736717 93.4444175959 166.624134332 363.425048556 0.597163848866 1.00544673155 5.41863203532 129.55370883 320.463235599 349.782542892 0 1669.45807924 39.9496313051 364.115995617 23.0503686949 17.5419207594 54.5367644017
3360 7.22321059621 88.9820726814 166.93733913 363.485167806 0.573678593058 0.546590276985 5.22428579044 130.170277535 320.640755751 346.075113583 0 1670.61905448 39.9656472231 354.608079191 23.0343527769 16.3809455218 54.3592442498
3384 6.74393316397 85.3799530672 165.737000921 363.544875357 0.591702350375 0.948815146427 6.18278060464 128.731826543 320.269585004 323.637701689 0 1671.69096579 39.907535303 349.617562503 23.092464697 15.3090342115 54.7304149965
3408 6.33353664334 73.6757562109 167.433534197 363.602018678 0.603510668128 0.275513131008 4.1136229951 131.405334529 320.458631837 315.028578474 0 1672.62745416 40.0021346733 340.085379361 22.9978653267 14.372545848 54.5413681637
3432 6.00425752727 65.0688108727 168.050222925 363.649678393 0.590902677809 0.58177021417 4.2698181579 130.907830559 320.759051676 314.010429183 0 1673.3824128 40.1378946871 330.201864137 22.8621053129 13.6175871984 54.2409483253
3456 5.68553038136 68.7707300486 158.472261754 363.698376159 0.604523433318 0.951048233502 4.44936112837 130.296691047 320.638844811 296.14021541 0 1674.09153061 39.9966104398 333.164904259 23.0033895602 12.90846939 54.3611551902
3480 5.39937390949 62.6459629759 157.818826127 363.744874625 0.583633439545 0.161515386062 3.46150361912 132.048472932 321.055127518 303.387113895 0 1674.74555691 40.0998644245 318.384634045 22.9001355755 12.2544430943 53.9448724832
3504 5.14403925506 58.6393842504 159.702038641 363.786374734 0.561370581219 0.368256618811 3.8484884104 131.435509657 321.050307805 294.150813217 0 1675.32301413 40.1135757223 313.051064668 22.8864242777 11.6769858727 53.9496921963
3528 4.91506354635 55.5468268207 160.457698135 363.824424973 0.554475000638 0.516046781862 2.72360806766 132.381445178 321.025036758 284.71598097 0 1675.8409851 40.1216176191 308.564839332 22.8783823809 11.1590149043 53.9749632435
3552 4.71331091833 49.5662146625 164.605203236 363.85933657 0.55840116765 0.721716498844 3.72126429976 131.139281465 320.801186505 275.281046968 0 1676.30110802 40.2128689364 300.661714153 22.7871310636 10.6988919861 54.1988134962
3576 4.53376593842 51.2924069761 158.611830459 363.892224723 0.571686310298 0.849248843445 3.22492462327 131.461915501 321.08685352 269.712106718 0 1676.70789733 40.2204911499 298.188860018 22.7795088501 10.2921026693 53.9131464806
3600 4.3654944992 44.8414153063 155.415916484 363.92513901 0.589278621544 0.934125593123 2.5915010291 131.959955748 321.388289574 277.253285198 0 1677.09090228 40.3090823761 290.925233468 22.6909176239 9.90909772806 53.6117104271
3624 4.20899667016 43.8469447865 156.057276657 363.957963972 0.609345970231 0.0486173990799 4.6216889184 130.762383742 321.344287742 270.68232461 0 1677.44523829 40.3372853568 287.069046154 22.6627146432 9.55476171063 53.6557122592
3648 4.06600099449 45.3239430531 156.076587324 363.988896675 0.585454282512 0.203478502625 2.31241215794 132.909758383 321.323657399 270.113875306 0 1677.76648148 40.2332134853 278.033309534 22.7667865147 9.23351852658 53.6763426017
3672 3.92703895172 41.5754610214 154.271666499 364.018979076 0.569157774261 0.317761784575 2.10614948441 132.987951882 321.277079094 264.87264176 0 1678.08056131 40.248373999 274.105145965 22.751626001 8.91943869316 53.722920907
3696 3.80225121294 38.6019540668 155.202770969 364.046303219 0.56004703912 0.430606452847 2.38456131093 132.578481979 321.251622648 256.250845732 0 1678.36612741 40.3708042648 272.06285813 22.6291957352 8.63387259317 53.7483773532
3720 3.6907192771 35.3918968645 151.776936464 364.071210748 0.556114255005 0.519731278571 3.18933542124 131.663608298 321.422014721 257.362138552 0 1678.61996289 40.442156423 269.70130883 22.557843577 8.38003711686 53.5779852804
3744 3.58711318225 35.4739634889 152.704996844 364.094953999 0.556096885642 0.581928823428 1.77509003289 132.99193026 321.612625794 261.408007294 0 1678.85504282 40.4616632902 260.189472132 22.5383367098 8.14495718236 53.3873742073
3768 3.4859504489 32.9792964636 153.179649001 364.118865041 0.559162556364 0.689568074937 2.28621906259 132.346185266 321.380890917 253.765290763 0 1679.08343459 40.4693243528 257.41350226 22.5306756472 7.91656541419 53.6191090843
3792 3.38892454898 33.9118684118 151.391402273 364.142688305 0.566847195569 0.791999296705 1.71601015747 132.782455046 321.474888371 247.710287858 0 1679.30271394 40.4416216576 256.02104504 22.5583783424 7.69728606129 53.5251116298
3816 3.29655781123 31.7285290851 152.279119063 364.166383838 0.576516340997 0.816362443874 2.1743842802 132.266353098 321.264567588 237.264758371 0 1679.51172694 40.4566461407 258.086460261 22.5433538593 7.4882730657 53.7354324126
3840 3.20678773127 36.2076526801 146.325327075 364.190471159 0.58673806952 0.835585339008 1.63379472648 132.753410707 321.28264002 229.978010285 0 1679.71330698 40.331599313 256.481411447 22.668400687 7.28669302031 53.7173599805
3864 3.12312110072 33.6760680742 149.540086959 364.213942566 0.597390865981 0.898984955648 3.76625863222 130.523422981 321.252702755 228.869975711 0 1679.90424716 40.391104469 248.466860412 22.608895531 7.09575284405 53.7472972458
3888 3.0480666027 28.8648663542 150.413638142 364.235955662 0.609496854038 0.964143171256 2.46574188138 131.724662432 321.551643352 234.416707206 0 1680.07649515 40.5842324168 242.158263738 22.4157675832 6.92350485578 53.4483566487
3912 2.97553087578 28.763142526 151.409127773 364.25821566 0.622952946895 1.00376887474 2.16150292386 131.953559595 321.321051177 225.649720393 0 1680.23993647 40.5313873976 241.330196379 22.4686126024 6.7600635282 53.6789488239
3936 2.9100944904 25.5832415276 146.483360952 364.279055046 0.618536193153 0.0443404040454 1.5376239824 133.520444375 321.518184314 228.189673017 0 1680.39022078 40.7138905527 238.841033243 22.2861094473 6.60977922384 53.4818156871
3960 2.84470871319 28.6696418058 145.687269475 364.299826119 0.600912109146 0.151896427351 2.91830991341 132.029055433 321.459265172 224.87734406 0 1680.53628127 40.5203703203 235.753739169 22.4796296797 6.46371873543 53.5407348291
3984 2.78377264076 28.0969391493 146.038864315 364.319124223 0.587790521768 0.217449141203 1.15666062342 133.718975492 321.468732896 224.221319723 0 1680.67486932 40.5324728748 230.143360663 22.4675271252 6.32513068808 53.5312671048
4008 2.72183320019 27.895679701 143.9355442 364.338763551 0.57632667329 0.275231389659 1.57612349691 133.233554891 321.501687476 220.44745907 0 1680.81476041 40.5214949559 227.963598094 22.4785050441 6.18523959131 53.4983125246
4032 2.66333807046 24.865734833 146.866812762 364.357395664 0.567494131909 0.328694552969 1.84179997004 132.904615683 321.282518206 213.205255319 0 1680.94808251 40.6180913931 226.959834875 22.3819086069 6.05191749416 53.7174817947
4056 2.61017988371 23.2232683885 152.585799169 364.374454402 0.560825333675 0.351871069644 0.849018509251 133.863830686 321.20130852 205.279777352 0 1681.07000005 40.7964019158 223.241182381 22.2035980842 5.92999994995 53.7986914814
4080 2.55985574588 22.5020942253 148.34983122 364.39074691 0.555162552346 0.377518457232 1.70988878002 132.966683302 321.066660338 198.424762643 0 1681.18382923 40.7692735574 220.8944916 22.2307264426 5.81617077599 53.9333396628
4104 2.51323660587 24.2110777465 144.342140589 364.405987649 0.550555953197 0.393165377257 1.36988731447 133.280403707 321.357520263 203.103077539 0 1681.28926853 40.7124621996 213.887532664 22.2875378004 5.71073147085 53.6424797382
4128 2.46208332045 25.23324417 144.470847767 364.422900112 0.546304154416 0.436131767383 2.41123879682 132.183425171 321.141852703 194.02106168 0 1681.40363466 40.5494578464 211.296928083 22.4505421536 5.59636534445 53.8581472982
4152 2.41698665588 20.2926580673 148.414922645 364.438013669 0.543977680186 0.480968583405 2.02735795069 132.509682118 321.073149395 190.52229145 0 1681.50827203 40.8859617035 206.949707102 22.1140382965 5.49172797285 53.9268506063
4176 2.37614849308 21.2125040259 146.556699126 364.451902446 0.542920756042 0.526746524565 3.34834505655 131.130085218 321.19972322 189.965899733 0 1681.60049375 40.8053128309 204.846030692 22.1946871691 5.39950625755 53.8002767809
4200 2.33501635247 19.7223280678 145.244579179 364.466120923 0.542831897274 0.547201647836 0.801053726166 133.642791807 321.146666751 188.976729534 0 1681.69410535 40.8953217545 200.992209932 22.1046782455 5.30589465377 53.8533332496
4224 2.29456975585 20.7991150881 144.553352231 364.480352661 0.543225273998 0.566854935282 1.25583893402 133.153728197 321.189217056 185.119727431 0 1681.78501119 40.761983983 199.382961029 22.238016017 5.21498880913 53.8107829447
4248 2.25754211898 19.5640000582 143.264664683 364.49361749 0.543970529831 0.580900487678 0.479382422878 133.90212907 321.257589933 186.576735549 0 1681.87029833 40.9840062612 195.977326001 22.0159937388 5.12970167275 53.7424100676
4272 2.22332356126 17.474736536 142.445800362 364.506090309 0.544912237207 0.590309778452 0.512187557741 133.846500119 321.280366125 186.465409721 0 1681.94833051 41.1042748224 194.741082156 21.8957251776 5.05166948867 53.7196338758
4296 2.1889749897 20.5485846995 140.06945368 364.518829077 0.546016063494 0.599509089712 1.60379019956 132.731855572 321.410437031 188.203174802 0 1682.02469247 40.7783076431 192.645174385 22.2216923569 4.97530753342 53.5895629704
4320 2.15299203428 17.905296135 141.659198973 364.532422443 0.547526574296 0.615621374731 1.88086723774 132.423562371 321.313530704 185.697734029 0 1682.10700673 40.977400686 192.630622228 22.022599314 4.89299327696 53.6864692968
4344 2.11657178564 18.8383985319 142.620842253 364.546460026 0.549621532439 0.638338647655 1.23960121264 133.025978583 321.071728072 176.12082369 0 1682.18876205 40.8278345903 192.757008724 22.1721654097 4.81123794977 53.9282719288
4368 2.08642183854 16.1060669413 141.753059175 364.558309871 0.551645561496 0.646343749109 1.08504838914 133.15865243 321.295284973 179.939950924 0 1682.25894908 41.1965572616 189.035757133 21.8034427384 4.74105092347 53.7047150279
4392 2.05421387411 19.7184424094 138.759496128 364.571211144 0.554202547663 0.684943749255 2.10908929064 132.08055327 321.237174622 177.004788226 0 1682.32966506 40.701354283 189.444482684 22.298645717 4.67033494275 53.7628253788
4416 2.02345337202 17.3097749362 137.313900139 364.583788137 0.557304935119 0.699432341999 1.08529609318 133.074178494 321.516762798 184.246315048 0 1682.4010852 41.0453266601 185.96221097 21.9546733399 4.59891480456 53.4832372027
4440 1.99425615483 17.2101710498 143.580160605 364.595973203 0.560526486445 0.708941613285 0.960054070689 133.174504628 321.161673987 176.887635332 0 1682.46692416 40.9532784241 181.704459765 22.0467215759 4.53307584198 53.838326014
4464 1.96772426325 15.6980813445 139.660629298 364.607264156 0.563521962797 0.715901294174 0.612161559768 133.501151028 321.291223757 176.401381598 0 1682.52786323 41.1521940954 181.602033183 21.8478059046 4.47213677573 53.708776244
4488.0 1001.93954222 15.9058236591 142.762252402 364.619494005 0.566875797512 0.723956006379 0.466642672527 133.62303152 321.173574634 171.600074771 0 1682.59147861 41.0889580954 177.614331715 21.9110419046 4.4085213932 53.8264253673
4512 370.515645161 5068.82906948 178.500708725 368.602739165 7.0036515676 14.669485113 39.4998629414 70.2242612139 275.242359329 886.220228247 0 1150.53131537 39.867406969 372.445976685 23.132593031 536.468684633 99.7576406727
4536 90.0941768364 3265.16252074 184.541889465 386.724838714 10.0594397502 20.701128356 37.5608719471 44.9537212342 275.42545826 389.574061536 0 1483.92059785 39.0767831906 448.150379004 23.9232168094 203.079402156 99.574541741
4560 34.1625636296 1135.38778431 181.440868785 398.642682013 6.470233044 7.86723178325 31.7378844879 55.2819686727 293.511461783 289.332098735 0 1606.21948602 39.087508638 434.820587346 23.912491362 80.7805139822 81.4885382184
4584 21.7167299386 438.667875792 172.337780857 401.044475235 2.96200369102 8.4517759326 19.4023689504 68.1393761926 308.953381583 309.238045589 0 1637.2606414 39.3775535302 412.42945624 23.6224464698 49.7393586007 66.0466184186
4608 17.132599451 256.122793228 174.158318542 401.616320426 0.352617746755 2.56229445569 15.7855351424 79.6832322302 314.921001205 354.987836702 0 1648.15724814 39.6339322247 394.282934168 23.3660677753 38.8427518588 60.0789987962
4632 14.5384624475 191.328197084 173.695526818 401.755564649 0.656430700923 1.27798731634 10.100294714 86.2097226215 317.483365436 384.618081835 0 1654.11925157 39.790394238 392.492878814 23.209605762 32.8807484305 57.5166345648
4656 12.744992294 175.501059942 174.411945602 401.894310541 0.711167224104 0.478117496883 7.3696592202 89.5467455194 318.326770315 386.903933328 0 1658.14904019 39.7766620754 386.166319361 23.2233379246 28.8509598132 56.6732296858
4680 11.2704093074 149.093890379 172.613123375 402.024162518 0.692252777758 0.78182602126 6.38197059204 90.119788092 319.008584519 383.056926864 0 1661.46431912 39.7994600369 384.134019447 23.2005399631 25.5356808873 55.9914154819
4704 10.1199989905 140.03589014 172.329834306 402.136373237 0.683342571703 0.668976868056 5.99969816139 90.5116091628 319.12496331 368.208201713 0 1664.05059599 39.775180341 368.567640834 23.224819659 22.9494040129 55.8750366918
4728 9.13614422134 128.337554803 171.695275803 402.242497807 0.683124674554 0.451568990064 6.01613496731 90.6066735629 319.07009273 335.594423097 0 1666.26630122 39.7726964353 360.174103063 23.2273035647 20.7336987881 55.9299072709
4752 8.38725096043 105.516169294 168.579153216 402.329921251 0.690700763709 0.973143047514 4.13615206228 91.870082877 320.158074185 352.143883118 0 1667.98466049 39.9071239717 347.820874737 23.0928760283 19.0153395164 54.8419258167
4776 7.78937176906 93.942212032 168.657712405 402.405170541 0.659383233167 0.476157944047 3.75332756469 92.7059607187 320.494430077 351.564108044 0 1669.34585126 39.9891145217 339.917431545 23.0108854783 17.6541487455 54.5055699245
4800 7.24644714267 84.3184180469 171.868534594 402.476333439 0.6615922847 0.895036907309 4.19714246644 91.7698949041 320.439567126 341.598533491 0 1670.56574058 39.9885333336 329.706721413 23.0114666664 16.4342594188 54.5604328749
4824 6.81007294016 80.5525244729 173.616087094 402.53933616 0.693316555539 1.10278450648 3.51713340261 92.1474293771 320.45961021 322.502318736 0 1671.55830671 40.0450515387 329.802367909 22.9549484613 15.4416932888 54.540389791
4848 6.40233923875 71.2355795104 167.681833053 402.604305527 0.691193828827 0.370503285387 3.75093163963 92.5830657209 320.56722033 314.893460915 0 1672.47857422 40.0768441031 322.660258529 22.9231558969 14.5214257826 54.432779671
4872 6.05503159481 72.2454955843 164.826695991 402.66122665 0.672737543334 0.578872389161 3.30769336711 92.7794700519 320.527954131 302.9112884 0 1673.25939505 40.0171406501 317.240564977 22.9828593499 13.7406049505 54.4720458704
4896 5.7495528261 59.9330494409 160.342532463 402.713395936 0.67378040414 0.793339397875 1.22341691647 94.5960673473 321.165760623 318.276231692 0 1673.96037364 40.195111507 306.312630363 22.804888493 13.039626363 53.8342393783
4920 5.48344530172 62.6670483066 159.752169788 402.761672894 0.686319650368 0.949553058143 4.5939583524 91.0084960466 321.297551918 316.068515221 0 1674.55612825 40.0856795978 301.972999317 22.9143204022 12.4438717494 53.702448083
4944 5.22887617503 59.2323624735 163.979100424 402.81067563 0.672726279399 0.132755985029 3.00423893514 93.3796031723 320.916644122 302.328715215 0 1675.13037499 40.0905623405 294.268007824 22.9094376595 11.869625013 54.0833558792
4968 4.99922584145 52.8916641276 162.515676173 402.854956744 0.644134378324 0.304789377257 2.11496956603 94.0811499361 320.939746122 288.784017171 0 1675.6545121 40.2090683641 294.044134192 22.7909316359 11.3454879033 54.0602538789
4992 4.79336526501 56.406761543 157.492372463 402.895021498 0.627954359385 0.453611844801 2.83181726764 93.1915950311 321.176908575 282.919260932 0 1676.11702901 40.1208544153 289.087098439 22.8791455847 10.8829709928 53.8230914266
5016 4.60386146164 47.1867370905 162.486326106 402.932770597 0.620644442126 0.537767852273 1.40873023709 94.5000868731 321.116272364 275.573837169 0 1676.55224773 40.3036790341 283.47980788 22.6963209659 10.4477522719 53.8837276368
5040 4.43301535477 45.780776229 160.258353842 402.967897966 0.619093716236 0.660552613566 3.53226403465 92.2201916712 321.040486137 264.423676483 0 1676.93801946 40.3033747579 280.946536672 22.6966252421 10.0619805469 53.9595138647
5064 4.27534521116 42.7211563087 157.268419331 403.001648208 0.624244371529 0.754337231624 1.46438299241 94.1553871982 321.030847932 261.097520155 0 1677.29509526 40.3450688289 275.524061446 22.6549311711 9.70490474567 53.9691520697
5088 4.13809679659 42.3800166402 158.712456873 403.032375431 0.631675706499 0.798025528753 0.978476420273 94.5594469153 321.108448231 255.156982329 0 1677.60747069 40.3857096977 273.170906144 22.6142903023 9.39252931518 53.89155177
5112 4.00506119922 39.9393960354 152.773960013 403.06354204 0.640188077793 0.823847524723 1.52880043831 93.9436219205 321.396862868 266.039709503 0 1677.90765347 40.3741629627 263.75403342 22.6258370373 9.09234652906 53.6031371334
5136 3.87693053409 39.9830464557 153.144106793 403.095008349 0.650723930859 0.909622009989 3.92686973841 91.4177759733 321.388156222 258.028157045 0 1678.19746014 40.3836718407 264.1349979 22.6163281593 8.80253986593 53.6118437797
5160 3.75662475461 36.2182588137 151.77822246 403.126081203 0.66364588695 0.943221013723 2.27796775712 92.9890841407 321.442422263 260.526888141 0 1678.46994757 40.4124668403 257.325102103 22.5875331597 8.53005243439 53.5575777382
5184 3.6401407945 35.9415292227 150.344771341 403.157751919 0.676954946652 0.963196709715 1.64773994361 93.5543564822 321.348798599 252.163703996 0 1678.73260712 40.3771749199 254.241029677 22.6228250801 8.2673928797 53.6512014026
5208 3.54212290559 34.1682645202 148.620836659 403.185682865 0.680935176856 0.0326238843734 2.34978071375 93.750977361 321.721839106 260.525441474 0 1678.95812077 40.5249319801 247.947681564 22.4750680199 8.04187923431 53.2781608951
5232 3.44242643072 31.6852807449 156.950491131 403.214279944 0.65519044829 0.0895148220739 1.34425373305 94.6967610539 321.336556644 250.093404799 0 1679.18262428 40.5159748993 241.320537367 22.4840251007 7.81737572402 53.6634433576
5256 3.35885155049 31.1134064977 155.754124088 403.238067751 0.635719584303 0.134825879633 0.78457542195 95.2068113648 321.334137974 242.319385292 0 1679.3734365 40.576590561 239.364635669 22.423409439 7.62656350038 53.665862027
5280 3.27208870981 31.7319923616 150.74778742 403.262652976 0.617316321082 0.18739877295 1.43429006845 94.4983418626 321.29369272 234.605335965 0 1679.56839412 40.5059281121 238.829395141 22.4940718879 7.43160588068 53.7063072815
5304 3.18569593504 33.9292949257 149.887604613 403.287099557 0.601208901794 0.226175082289 1.18949403111 94.6960224292 321.099983737 222.684714599 0 1679.76108494 40.3428649074 238.659059311 22.6571350926 7.23891506563 53.9000162644
5328 3.10539024647 29.488938416 145.403533744 403.30986849 0.588437226439 0.298443558851 1.69558122606 94.1076695 321.494123929 230.771423233 0 1679.945995 40.5378209683 235.628138706 22.4621790317 7.05400500102 53.5058760723
5352 3.03338287317 27.7395213234 146.868344522 403.330402693 0.578727833844 0.320228205726 1.001302717 94.7693385515 321.537468829 232.544253847 0 1680.11037459 40.6534228361 233.07176191 22.3465771639 6.88962540868 53.462531172
5376 2.96557141293 27.3196612219 148.585016253 403.349885461 0.570466109449 0.346100938906 1.17444561144 94.5591018811 321.384086282 223.35718082 0 1680.26412931 40.6601670081 234.849372463 22.3398329919 6.73587069478 53.6159137195
5400 2.89947268578 27.2810665394 148.194919904 403.369055492 0.563750822947 0.384194186903 1.3092646249 94.3737348747 321.350206346 220.461418834 0 1680.41294501 40.5859298177 232.772127429 22.4140701823 6.58705498936 53.6497936557
5424 2.83830566916 26.8525468121 147.741802477 403.386997715 0.55840524287 0.410472218017 2.29118096248 93.3529438626 321.605937788 224.605234353 0 1680.5527103 40.6946975718 227.178665263 22.3053024282 6.44728969892 53.3940622132
5448 2.780521298 25.4670488936 152.243400504 403.404159667 0.554158072226 0.424736293244 1.18731016788 94.4296358007 321.278518853 215.014260963 0 1680.68393722 40.7281876464 224.938652972 22.2718123536 6.31606278383 53.7214811482
5472 2.71962817231 25.1664098663 146.645084802 403.422498693 0.550230953281 0.449180538935 2.28496291716 93.2931268993 321.163004779 207.597250906 0 1680.82053209 40.6299858752 224.929047469 22.3700141248 6.17946791104 53.836995222
5496 2.66428361609 25.7020372092 147.533734561 403.439427259 0.54786401223 0.492672312798 1.11555116474 94.4044852525 321.251023719 202.061566588 0 1680.9464951 40.6752976624 225.097504618 22.3247023376 6.05350490063 53.748976282
5520 2.61426913797 21.7110543649 151.491101684 403.454981664 0.546614244939 0.513064356601 0.760905472691 94.724434263 321.162461146 198.039788276 0 1681.06188323 40.9361238723 224.405729506 22.0638761277 5.93811677325 53.8375388549
5544 2.56531795581 22.513211607 147.234946573 403.470469909 0.546086135552 0.545241565973 1.37332532907 94.0648770619 321.174538959 193.844953754 0 1681.17236517 40.8836601276 223.933839238 22.1163398724 5.82763483339 53.8254610423
5568 2.51908878757 21.5088266447 141.610877924 403.485370221 0.546583257446 0.579453551868 0.876718160302 94.5118748109 321.387711682 200.535798904 0 1681.27692324 40.854081737 222.602732688 22.145918263 5.72307676346 53.6122883193
5592 2.47336188157 23.195199263 145.626498479 403.500403099 0.547611483821 0.589821671978 1.44462762811 93.9175361185 321.2477284 193.19765115 0 1681.37961849 40.7117257629 221.489177104 22.2882742371 5.62038151546 53.7522716016
5616 2.42861885025 21.8396868802 146.693698977 403.515416403 0.548992671417 0.609912027301 1.98253127208 93.343147628 321.044678762 187.804208469 0 1681.48112782 40.7520715141 220.499404214 22.2479284859 5.51887218781 53.9553212391
5640 2.38561485519 22.0224021201 143.694996903 403.530154417 0.551050797225 0.641813907969 1.43907076732 93.8379101124 321.213026477 187.563283133 0 1681.57882803 40.7834476836 218.762581209 22.2165523164 5.42117197079 53.7869735239
5664 2.34291369701 24.0972591601 142.798830199 403.545119584 0.553741038868 0.654428036926 0.959304316097 94.2874070254 321.150046797 186.262071787 0 1681.6743771 40.5977309849 215.266458792 22.4022690151 5.32562290534 53.8499532046
5688 2.30175847845 20.2061755183 144.173206111 403.559875633 0.556496095849 0.667298053175 1.43013080054 93.7861994187 321.234447482 187.293739344 0 1681.76922574 40.8401737758 212.00584195 22.1598262242 5.23077426575 53.7655525195
5712 2.26025186864 22.605292579 143.601124199 403.575106853 0.559530362851 0.672311315497 0.982270277143 94.2107811929 320.946849272 180.803297045 0 1681.86118111 40.5526082792 207.056440938 22.4473917208 5.13881889177 54.0531507289
5736 2.22284738337 18.1700171335 142.48104671 403.589148554 0.562444621943 0.682025848135 1.31135951631 93.855021461 321.259760053 184.452112502 0 1681.94883028 41.0048560412 205.32302474 21.9951439588 5.05116972795 53.7402399484
5760 2.18688937857 21.3372598265 143.31478319 403.602944061 0.565445752093 0.69258671275 0.584405486624 94.5546179885 321.207053579 180.084760174 0 1682.02906128 40.7386493673 203.773089616 22.2613506327 4.97093872142 53.7929464227
5784 2.15037256269 19.8145855324 143.614865842 403.617267873 0.568809011841 0.712013459057 0.91283913685 94.1890705205 321.100143844 176.680856314 0 1682.11219094 40.8097480166 201.384431155 22.1902519834 4.88780906071 53.8998561571
5808 2.11569654604 20.4271794226 145.463193611 403.631181585 0.572332207469 0.716239937324 1.18833647425 93.8919097974 320.939129779 169.772825848 0 1682.19039151 40.7144364831 200.157063438 22.2855635169 4.80960849529 54.0608702223
5832 2.08320933232 16.3278866436 145.511255872 403.644504942 0.575683293801 0.724790679035 1.34461494406 93.7104061425 320.972620161 168.895619372 0 1682.26597528 41.1503777935 197.101373962 21.8496222065 4.73402472653 54.0273798407
5856 2.05549683687 15.5037934499 147.161596275 403.656100411 0.57882696901 0.742073984989 1.18971882593 93.8332798107 320.851959822 163.611024632 0 1682.32928062 41.2639544469 194.257571521 21.7360455531 4.6707193875 54.1480401791
5880 2.02664027593 16.7081083713 138.371816793 403.668412799 0.582311396417 0.744819413234 0.167589417499 94.8368669756 321.264503136 171.486685092 0 1682.39383017 41.0499721075 192.566151751 21.9500278925 4.60616983781 53.735496865
5904 1.9974154128 17.4364934678 140.312451908 403.681138039 0.585757461881 0.741095073576 0.212533489291 94.7794759373 321.133192618 168.556011655 0 1682.45987104 40.9866295255 191.972178476 22.0133704745 4.54012896099 53.8668073834
5928.0 1001.96797914 16.5553975564 140.396483516 403.694220943 0.5891453318 0.740313322801 1.2965041494 93.6798162549 321.097549576 166.50792677 0 1682.52662366 41.0118871033 191.446070727 21.9881128967 4.47337634644 53.9024504251
5952 372.250210373 5261.17432946 175.333340954 406.482192383 4.96361034978 16.9370879073 25.379419852 46.2376895096 274.814663203 833.027157719 0 1148.76498327 39.8424482601 412.573712352 23.1575517399 538.235016735 100.185336798
5976 89.2228602248 3382.63251256 183.717950356 424.087678557 8.48157489209 17.9236943917 23.5436075751 25.9634445858 274.640131604 365.488916976 0 1484.98997222 39.0590295608 449.965999239 23.9409704392 202.010027788 100.359868397
6000 33.4496651219 1149.28715839 183.138523132 434.675375487 5.25109129876 10.1013346976 16.881688786 33.0905097325 293.453042344 283.922449983 0 1607.73998082 39.0748395263 478.127353947 23.9251604737 79.2600191884 81.5469576572
6024 21.1540432429 438.906914773 171.744129713 436.88791361 0.779886955755 7.13044717514 15.3352696027 39.8664826583 309.140530411 329.7656503 0 1638.4809964 39.3517703213 437.787987186 23.6482296787 48.519003611 65.8594695897
6048 16.6171191363 273.289374077 169.12718388 437.163625331 1.11692206509 3.05281215023 7.18524848026 51.4813919751 314.58854216 343.203108624 0 1649.2422158 39.5618918616 418.42381723 23.4381081384 37.7577842023 60.4114578409
6072 13.9795487196 206.82181638 172.048378447 437.482813313 1.2397092962 1.1296071045 5.63666576261 54.5112045257 316.904492196 362.309179493 0 1655.30146713 39.6730301375 393.375874346 23.3269698625 31.6985328728 58.0955078052
6096 12.1537679374 172.264565452 170.604426394 437.590893344 0.401322283345 0.666544070961 3.75612504258 57.5851152613 317.820819018 350.980850901 0 1659.44765517 39.7327153055 388.154255841 23.2672846945 27.5523448315 57.1791809834
6120 10.8378100916 139.717754273 170.772739024 437.666313254 0.485782088326 1.07179746114 2.11230379294 58.6638034057 319.120744496 367.12168334 0 1662.45757629 39.8641057189 382.719547423 23.1358942811 24.5424237118 55.879255505
6144 9.79111755565 128.896172819 177.402586026 437.741776103 0.48948399006 0.545292713299 4.34304779757 56.8803993976 319.293260901 361.255473908 0 1664.80717635 39.8419089181 361.793272312 23.1580910819 22.1928236599 55.7067390997
6168 8.95171235006 112.860217888 178.397970574 437.809116489 0.518712652505 0.843638989406 1.75523536414 59.0732965064 319.435110348 347.171543624 0 1666.70874561 39.8798647829 347.340085371 23.1201352171 20.2912544012 55.5648896527
6192 8.25612175175 101.136739971 173.081673306 437.874724356 0.564643539506 1.00285289149 3.57859211357 56.9791871013 320.044098658 345.989675011 0 1668.2836262 39.9308629113 334.473935928 23.0691370887 18.7163738091 54.9559013426
6216 7.64175872375 99.4631839431 163.775284171 437.937743451 0.525456695889 0.320864196424 3.01033896114 58.2055966974 319.939531186 321.551602459 0 1669.66041596 39.8836118399 339.773118306 23.1163881601 17.3395840488 55.0604688149
6240 7.08857794049 87.0608587239 163.752496129 437.996224804 0.516000382869 0.505714734678 1.42710469287 59.5549553878 320.223087655 313.56851792 0 1670.91716447 39.9576097348 330.761015638 23.0423902652 16.0828355321 54.7769123457
6264 6.64788362027 82.2241302281 159.596763226 438.0459842 0.518639451318 0.571528097042 1.05581206332 59.8080361899 320.648401652 316.57707157 0 1671.9173803 39.9837537227 324.863741354 23.0162462773 15.0826197053 54.3515983493
6288 6.25689694481 73.8826876073 161.22193823 438.093422653 0.525577410955 0.635716740587 2.34765697497 58.3976262228 320.717089482 312.658027317 0 1672.80201469 40.0136116661 319.686307102 22.9863883339 14.197985317 54.2829105196
6312 5.92353048401 70.8186119148 160.131144652 438.137009163 0.536301230431 0.697047218847 2.10093655186 58.5287058374 320.943800905 311.666053994 0 1673.55783895 40.0357612792 312.508851592 22.9642387208 13.4421610564 54.0561990964
6336 5.6200543121 69.383025921 158.814604766 438.179812987 0.54891072877 0.714448395419 1.73559360022 58.8212342904 321.171276586 310.983467419 0 1674.24496898 40.0503541044 304.729939673 22.9496458956 12.7550310271 53.8287234147
6360 5.34167361959 62.887441203 159.458095594 438.222226419 0.565792955323 0.85852170661 3.93646313108 56.4169957898 321.098171942 301.421207209 0 1674.87584123 40.0955484979 300.098633392 22.9044515021 12.1241587742 53.9018280586
6384 5.08945728352 55.0356199907 166.746190431 438.264127012 0.589606871856 0.923843946954 1.04735557455 59.1750665961 320.727244312 284.445349453 0 1675.44833901 40.1638678433 294.07023301 22.8361321567 11.5516609968 54.2727556887
6408 4.87432641347 57.2758112095 161.348561783 438.303027123 0.611359286375 0.943280407707 0.785867916249 59.3564652681 320.725761492 268.606344015 0 1675.93401605 40.13472221 291.625606638 22.86527779 11.0659839552 54.2742385095
6432 4.67666123426 47.8366403003 162.346827869 438.341635762 0.63247285353 0.99047824996 1.30365885585 58.7317542802 321.03947236 268.861275578 0 1676.38814223 40.3294402145 284.501305162 22.6705597855 10.6118577788 53.9605276409
6456 4.50346562445 48.2810954683 156.223202071 438.377179523 0.613617769288 0.0825056483682 1.52321003376 59.4034870278 321.11827925 268.568803522 0 1676.77797483 40.261288849 280.80883617 22.738711151 10.2220251802 53.8817207514
6480 4.33628518132 43.9883562476 152.845464805 438.411221419 0.587676911145 0.201138646954 1.72334614343 59.0766168816 321.20891289 267.098708003 0 1677.1561894 40.3082160412 279.020891052 22.6917839588 9.84381060243 53.7910871115
6504 4.1905153228 41.4602163161 157.270007673 438.440893218 0.569815806534 0.252216085957 1.71430511109 59.0227697806 321.242739059 262.245912925 0 1677.4885154 40.3929132008 277.985232867 22.6070867992 9.51148461029 53.7572609419
6528 4.05282577488 42.6896644884 155.235292498 438.46908136 0.555815615664 0.322152224827 2.58795111699 58.0649996848 321.124260906 255.368173262 0 1677.79866813 40.3422468313 275.572656517 22.6577531687 9.20133187185 53.875739095
6552 3.9261028449 40.5107364659 156.651368859 438.495333686 0.54649555371 0.372887325572 1.34079275233 59.2444906842 321.138789007 253.335815189 0 1678.08568981 40.3490202105 270.151403621 22.6509797895 8.91431019378 53.8612109938
6576 3.8019297115 39.6504702405 151.83283139 438.521493976 0.53924301254 0.412083296661 1.14389243283 59.3832872834 321.330884587 252.841902504 0 1678.36548903 40.3122027747 268.449391603 22.6877972253 8.63451097955 53.6691154139
6600 3.68091413498 37.888566233 160.803318889 438.547530581 0.53441899865 0.464697715446 1.93138661632 58.5219660907 320.841740343 233.094388019 0 1678.63918514 40.3152512128 265.296790198 22.6847487872 8.36081486192 54.1582596583
6624 3.57537520417 31.2478601909 153.06816747 438.570807639 0.532899364536 0.519688421126 0.413921588188 59.962682989 321.231697955 238.833968391 0 1678.88353746 40.6195042059 260.911022319 22.3804957941 8.11646254994 53.7683020461
6648 3.48476463054 32.4573916183 152.61413807 438.591319432 0.532586517829 0.526726174358 0.683639884975 59.6657279924 321.325715842 238.624398139 0 1679.08808763 40.5627001066 259.082104697 22.4372998934 7.91191237177 53.6742841593
6672 3.3942807835 36.3889376929 147.281411692 438.612338805 0.532871929139 0.55027806512 0.974555005206 59.3299561971 321.590227564 244.598682498 0 1679.29154171 40.464861568 252.990674662 22.535138432 7.70845829478 53.4097724375
6696 3.29897575859 33.5572946542 153.752855637 438.635126969 0.534123806527 0.57200955739 0.458166514805 59.8005731541 321.149864651 228.566196656 0 1679.50613161 40.4309965392 254.294228886 22.5690034608 7.49386839875 53.8501353499
6720 3.21413080077 30.1670781046 151.501936066 438.656033061 0.535805340458 0.587099838937 0.737210262394 59.4838514996 321.285064086 231.10114146 0 1679.70002351 40.5492458921 249.085453914 22.4507541079 7.29997649369 53.7149359146
6744 3.13709014671 29.8754240811 149.261611016 438.675566588 0.537756010654 0.601223987682 1.85704852903 58.328404887 321.503792026 236.244170035 0 1679.87413979 40.5182736087 242.523207804 22.4817263913 7.12586021889 53.4962079748
6768 3.05604622783 30.8490864881 147.71052461 438.696740728 0.541154130361 0.642439958569 1.0869409551 59.0327242298 321.18255588 224.667016584 0 1680.05557209 40.401388553 242.345808026 22.598611447 6.94442791379 53.8174441215
6792 2.98272864638 29.3251652093 148.115816199 438.71652273 0.545127798928 0.668224583921 2.17694796598 57.8931769232 321.346993008 222.702234854 0 1680.22463551 40.5933970365 237.64517312 22.4066029635 6.77536449528 53.653006993
6816 2.91532103568 26.9717928124 156.117504846 438.735290451 0.549591536563 0.679782812457 0.166330722837 59.8690044789 321.037983729 207.866945021 0 1680.37795065 40.6581544456 236.363850202 22.3418455544 6.62204935924 53.9620162718
6840 2.8517617436 26.4871916593 149.189579483 438.753532297 0.55381527158 0.681833880306 1.10197569606 58.9088428569 321.094082892 206.099668929 0 1680.52173584 40.6544964775 233.323166652 22.3455035225 6.47826416401 53.9059171091
6864 2.79325760369 23.8206874814 147.413365117 438.770813784 0.557819149663 0.689582136561 0.909390335281 59.072394596 321.218399463 206.909468287 0 1680.65517219 40.7768629083 232.571102476 22.2231370917 6.34482782068 53.7816005378
6888 2.73310690083 25.4262517106 144.852042549 438.789098469 0.562033268703 0.687080847174 0.827707081665 59.1340803349 321.283045636 207.225010284 0 1680.79036355 40.6621031428 229.183604249 22.3378968572 6.20963645303 53.7169543647
6912 2.67769593268 26.7468731721 146.728429473 438.806425876 0.565947864163 0.69707125178 0.607020471459 59.323534539 321.3681048 205.91382491 0 1680.91634435 40.6802871626 225.179177798 22.3197128374 6.08365565526 53.6318952009
6936 2.62297997551 23.7026034321 145.985154714 438.824015019 0.569983697573 0.701854982427 1.40978771298 58.4943585897 321.225307213 205.826998792 0 1681.04063001 40.7547466802 220.546178463 22.2452533198 5.95936999993 53.7746927881
6960 2.57302638883 24.1171903604 145.615334452 438.840510398 0.573900749178 0.719441461972 2.06110907823 57.8050383142 321.29258853 201.474400764 0 1681.15359383 40.7012954271 220.257797474 22.2987045729 5.84640617788 53.7074114707
6984 2.52427366434 25.4424197424 140.585038965 438.857042377 0.578498167966 0.748332617688 1.67808967431 58.1380371651 321.569447237 207.862197877 0 1681.2642057 40.6955856617 216.209361463 22.3044143383 5.73579430188 53.4305527639
7008 2.47622025066 21.3250001373 146.810995384 438.873790843 0.583335801972 0.74810423204 0.359556319557 59.4352128053 321.410503141 204.235515607 0 1681.3738172 40.8321026738 213.427741019 22.1678973262 5.62618280954 53.5894968599
7032 2.43017418828 21.830017176 145.989878832 438.890279397 0.587885901305 0.747047073939 1.0028773149 58.7719103147 321.156688959 196.418272523 0 1681.47733859 40.7326923917 211.902468212 22.2673076083 5.52266141281 53.8433110426
7056 2.38438764535 22.6009023161 142.410532506 438.907115875 0.592330743851 0.748687931364 0.66219120829 59.0896742433 321.301403874 196.752268745 0 1681.58038903 40.6353532069 209.575766527 22.3646467931 5.41961097869 53.6985961272
7080 2.3412696119 21.6186838999 142.816238761 438.923387897 0.596527484031 0.7485863821 1.25681916328 58.4746790758 321.286579907 196.229844169 0 1681.67870714 40.7064510183 205.502331136 22.2935489817 5.32129286466 53.7134200945
7104 2.30221978079 19.0299093403 143.651470656 438.938488096 0.600589345743 0.770707745525 1.68072437106 58.0094904432 321.460603534 198.674532277 0 1681.76898845 40.9771812944 201.692742778 22.0228187056 5.23101155821 53.539396467
7128 2.26586496379 18.9670097931 144.609180915 438.952876698 0.604731559123 0.782818346355 1.04424506846 58.6153283297 321.317750286 195.319083769 0 1681.8511811 40.9430763562 199.134804224 22.0569236438 5.14881891001 53.6822497153
7152 2.22825451391 20.315985049 147.742434808 438.968116515 0.609271545333 0.790378173199 0.487068169616 59.1451655988 321.016086844 179.4793067 0 1681.93571028 40.8257780186 199.697633326 22.1742219814 5.06428972648 53.983913157
7176 2.19145681302 19.4560835063 148.159572712 438.983390647 0.613696997797 0.786924815028 0.943868112324 58.6721194294 320.949141579 171.781862617 0 1682.0198576 40.9639283249 198.387404099 22.0360716751 4.98014240658 54.050858422
7200 2.1558163457 18.2601556133 147.361419618 438.998536271 0.617836500938 0.781189703326 0.38289215391 59.2195453723 320.818437066 164.474106061 0 1682.10073412 41.0022429049 195.257608466 21.9977570951 4.8992658914 54.1815629355
7224 2.12376282556 17.422050127 139.103151723 439.012459896 0.621475684942 0.786284338504 0.676640976168 58.9031391062 321.197816538 173.169202424 0 1682.173625 41.0332853206 192.337223776 21.9667146794 4.82637500794 53.8021834626
7248 2.09358422831 17.2298752948 142.31880967 439.025839324 0.624962628994 0.784380256321 0.92559862478 58.6392191675 321.134491785 172.608867387 0 1682.2421574 41.0497964054 189.579913373 21.9502035946 4.75784260156 53.8655082163
7272 2.06291199208 17.9159486429 142.33627523 439.03971362 0.6284242654 0.783414598019 1.21136852905 58.3370789892 321.00847776 166.782078209 0 1682.3110048 40.9118533322 190.938393423 22.0881466678 4.68899520211 53.9915222407
7296 2.03159280777 17.7925858362 139.959949802 439.054176104 0.63206521301 0.789800796839 0.528555214027 58.9954026739 321.162636558 170.46937416 0 1682.3819255 40.9009416649 187.394138452 22.0990583351 4.61807451127 53.8373634429
7320 2.00288594472 16.9862526661 140.687851388 439.067704141 0.635390517871 0.78842063397 0.768064572371 58.7404201363 321.126342063 167.708010245 0 1682.4477786 41.0499010747 186.969090541 21.9500989253 4.55222140561 53.8736579377
7344 1.97678937421 15.0336780879 143.784260441 439.080233645 0.638408436456 0.791148674251 0.902015174257 58.5881940717 321.234500712 169.052858133 0 1682.50774221 41.2764315502 183.686466015 21.7235684498 4.49225780067 53.7654992896
7368 1.9501032992 16.7745083809 142.758104525 439.093280357 0.641437864593 0.787753055482 1.08939979884 58.3881289257 320.9728249 159.58529198 0 1682.56757484 41.0924116709 186.489468668 21.9075883291 4.43242516521 54.0271751012
7392 1.92403271752 15.3261817182 143.64746304 439.106259741 0.644362754472 0.785070232648 0.263557314068 59.2007499601 320.795158816 152.701196138 0 1682.6269348 41.17135885 186.298544336 21.82864115 4.37306520942 54.2048411849
7416 1.89921841198 15.1724539129 137.779655161 439.118832588 0.647049056023 0.78497434706 0.390961691569 59.0581823197 321.081777354 159.329361623 0 1682.68321794 41.1758223835 182.231397546 21.8241776165 4.31678206494 53.9182226471
7440 1.87417389833 14.7124956831 138.940758216 439.131743466 0.649766818462 0.788607464079 1.53601807233 57.8938641811 321.077941154 158.15804045 0 1682.74013918 41.2274656157 179.35483523 21.7725343843 4.25986083006 53.9220588471
7464 1.85147385748 13.9134886765 140.842799203 439.143644109 0.652353616216 0.793752822279 0.582864799922 58.8273846548 321.071249486 158.279407245 0 1682.79207372 41.3604150664 175.624500643 21.6395849336 4.20792629018 53.9287505147
7488 1.82793096716 14.847134738 140.101582915 439.156192582 0.655051824292 0.794105772707 0.691945536896 58.7027042863 321.007664011 155.983171812 0 1682.84482546 41.1585367558 174.034045624 21.8414632442 4.15517454784 53.9923359897
7512 1.80668094182 13.4592055048 140.859380132 439.167703515 0.657488394013 0.795312073634 0.703274797742 58.6762212214 321.052647008 155.354235786 0 1682.89376484 41.4051667547 171.55320772 21.5948332453 4.10623516991 53.9473529935
7536 1.78545441331 15.6122706991 136.481944879 439.179380908 0.65992494477 0.795782744555 0.726628373389 58.6382830311 321.162319292 157.134981553 0 1682.941113 41.0840331372 171.154170777 21.9159668628 4.05888700352 53.8376807089
7560 1.7627698555 17.644347574 137.667117878 439.192063213 0.662532250055 0.797500926515 0.831053426571 58.5168501858 321.037301016 153.499433213 0 1682.99181883 40.8503899146 169.826320183 22.1496100854 4.00818117683 53.9626989847
7584 1.74010693127 14.7363585217 137.589812351 439.204948332 0.66517604096 0.80165725613 0.943406997017 58.3848113755 321.158443038 154.624885411 0 1683.04427331 41.2536692749 168.5912316 21.7463307251 3.95572670126 53.8415569631
7608 1.71774829338 14.2483908985 139.246938559 439.217876855 0.667746557319 0.798116587449 1.07026425296 58.2459957494 320.973255188 151.57715362 0 1683.09460257 41.1389386512 165.454954646 21.8610613488 3.90539743965 54.0267448136
7632 1.69743721311 14.232100182 138.531538337 439.229811329 0.670027939312 0.7965756089 1.1031366965 58.2004484282 320.972573281 149.313146468 0 1683.14104382 41.2276621713 163.433113933 21.7723378287 3.85895618747 54.0274267205
7656 1.67647696637 16.052842406 143.963067902 439.242321272 0.672416727439 0.798605235525 0.17436380232 59.1122929649 320.51268717 132.575403776 0 1683.18750907 40.8644783424 164.461073238 22.1355216576 3.81249093462 54.4873128308
7680 1.65607607089 13.3730217482 136.646639701 439.254691221 0.674668817887 0.797004179425 1.23705162875 58.0365841551 320.836781662 137.25425703 0 1683.23483381 41.2467758921 164.498026676 21.7532241079 3.76516620037 54.1632183393
7704 1.63726120468 12.9902751894 136.444536126 439.266272506 0.676762789015 0.799011649221 1.22145767807 58.0364953796 320.872702297 137.359490088 0 1683.2777265 41.3112328827 163.587834678 21.6887671173 3.72227351095 54.127297704
7728 1.61899002899 12.8772292831 137.356728585 439.277682035 0.678801312489 0.797869081298 0.194254753238 59.0513928204 320.848430567 135.12914029 0 1683.31914791 41.3085688745 163.726960783 21.6914311255 3.680852096 54.1515694346
7752 1.60097159122 12.4815113233 138.17563758 439.289093984 0.680745035914 0.795976413899 1.1658561872 58.0683283807 320.860582206 134.600760103 0 1683.36019594 41.375726894 161.933763405 21.624273106 3.63980406613 54.1394177951
7776 1.58350881864 13.3216743688 137.556295617 439.300308926 0.682668564323 0.799896552587 1.10606711622 58.1110588425 320.775363688 131.127268059 0 1683.39958277 41.2326054382 162.173343577 21.7673945618 3.60041723499 54.2246363129
7800 1.5663510186 13.1176269779 138.518509066 439.311480318 0.684546882684 0.798164265839 1.0510534196 58.1547551156 320.724178605 127.470247464 0 1683.43855619 41.2670481973 162.455566801 21.7329518027 3.56144381187 54.2758213961
7824 1.54975858585 12.4085977519 136.069909418 439.322429661 0.686303598783 0.794437805582 0.978810153253 58.2180187834 320.825230116 130.673043212 0 1683.4763522 41.3417443657 160.766229477 21.6582556343 3.52364780945 54.1747698855
7848 1.53367809955 11.9966257086 137.091644718 439.333180221 0.68794756665 0.790715754756 0.887567086564 58.3005893725 320.778814262 128.625589043 0 1683.51297523 41.4106211101 160.127857408 21.5893788899 3.48702477588 54.2211857387
7872 1.51859395543 11.7966728328 138.722474665 439.343390869 0.689439149639 0.787319434662 0.748409791334 58.4314407569 320.756008208 125.303381306 0 1683.54733896 41.4572344511 159.560218592 21.5427655489 3.45266104349 54.243991793
7896 1.50265110464 12.6026216312 135.952051614 439.354317562 0.690981204628 0.786387084836 0.662103456951 58.5062106932 320.813407151 124.879240168 0 1683.58315881 41.2842308995 161.008111257 21.7157691005 3.41684120126 54.1865928502
7920 1.48671828152 11.6718976692 138.318408339 439.365378278 0.6925023431 0.786185836157 0.58331388543 58.572619659 320.632843001 121.563864046 0 1683.61950974 41.4205499046 159.47470414 21.5794500954 3.38049026772 54.3671569999
7944 1.47271456528 10.8844657666 134.834771031 439.375218288 0.6938259249 0.786283622955 0.400473945936 58.7441982201 320.85831794 124.960905291 0 1683.65171564 41.627236765 158.015873191 21.372763235 3.34828436553 54.141682061
7968 1.45707925858 13.4860343416 136.539405282 439.386338212 0.695282032638 0.785188346533 0.324338108591 58.808853302 320.603780957 120.094206262 0 1683.68603334 41.0386722036 156.603434736 21.9613277964 3.31396666446 54.3962190438
7992 1.4417621357 12.0074777383 137.151285997 439.397370755 0.696673466186 0.78256034502 0.242036879765 58.8813585562 320.68045699 120.065445766 0 1683.72155225 41.3958125566 154.268496276 21.6041874434 3.27844775457 54.3195430113
8016 1.4275698359 12.2826973628 136.202949988 439.407717742 0.697911049539 0.780959808436 1.09932686932 58.0140845324 320.737948703 119.676309766 0 1683.75367249 41.3243285043 153.985498888 21.6756714957 3.24632751403 54.2620512978
8040 1.4128224592 12.7850151318 137.035903123 439.418598773 0.699224614109 0.783421592229 0.990651727373 58.1081032954 320.662279444 115.27982779 0 1683.78714909 41.3444566284 153.75594768 21.6555433716 3.21285091836 54.3377205566
8064 1.3987558309 11.1532057676 134.562939576 439.429102982 0.700439021436 0.779241032237 0.862567505662 58.228649461 320.693909346 117.918577393 0 1683.81920088 41.4405089678 152.54381265 21.5594910322 3.18079912403 54.3060906547
8088 1.38509974232 10.9215326228 134.009905524 439.439419568 0.701600965093 0.779113994459 0.709385088466 58.370480386 320.701389257 117.316443809 0 1683.85025682 41.482400533 152.36206754 21.517599467 3.14974319044 54.2986107439
8112 1.37241605235 10.2373243822 133.425318638 439.44910846 0.70268012486 0.781880095183 0.497476982481 58.5688543394 320.830258339 120.238434427 0 1683.87937659 41.6693129703 150.238287852 21.3306870297 3.12062341172 54.1697416621
8136 1.35925672957 11.2077958942 132.288737233 439.459271799 0.70380206719 0.778544931678 0.335139359627 58.7232418441 320.925695461 123.465864022 0 1683.9089867 41.4744337749 148.182685277 21.5255662251 3.09101330862 54.0743045404
8160 1.34690862567 10.1578653121 134.526352777 439.468912984 0.704801395195 0.777126392637 0.125087191548 58.9240720389 320.822410281 121.440476315 0 1683.93723784 41.6502131668 147.18388613 21.3497868332 3.06276216924 54.1775897203
8184 1.33464206508 11.8709564504 133.8357569 439.478591831 0.705751301857 0.773700990786 0.920997818381 58.1209580603 320.78962802 119.199270553 0 1683.96468716 41.3465650002 147.220401114 21.6534349998 3.03531284594 54.2103719811
8208 1.32236903234 10.1086629777 132.768161329 439.488378087 0.706652683014 0.76920281012 0.726749019777 58.3090174017 320.837370619 119.106494586 0 1683.99290363 41.6309339142 148.256827879 21.3690660858 3.0070963727 54.1626293818
8232 1.31099925206 9.66295032261 135.725520458 439.497536455 0.707449867469 0.7664165896 0.477033706643 58.5515633831 320.66483617 114.224740046 0 1684.01888828 41.7524042026 146.317694653 21.2475957974 2.98111172434 54.3351638309
8256 1.29935106984 10.4554741823 133.370195309 439.507012316 0.708230532253 0.766541463969 0.246422210477 58.7717934791 320.810823868 115.071484399 0 1684.04504945 41.5268089016 146.410059323 21.4731910984 2.95495055236 54.1891761329
8280 1.28806009063 9.60238875856 132.955414029 439.516288989 0.70896635477 0.764726998633 1.0026218601 58.0073957998 320.836955357 117.524229337 0 1684.07094497 41.7414681469 144.543986215 21.2585318531 2.92905503402 54.1630446445
8304 1.27740672171 9.78246900839 133.462676799 439.525125575 0.709661903123 0.764187201645 0.719712981479 58.2813123411 320.79817568 114.632668509 0 1684.09504074 41.6657753371 146.704342186 21.3342246629 2.90495926702 54.2018243213
8328 1.2671423197 9.21036757752 137.034239388 439.533717652 0.710305975463 0.760735982125 0.42211228878 58.573128104 320.582134462 108.273787295 0 1684.11855054 41.8382772529 145.856536908 21.1617227471 2.88144946949 54.4178655394
8352 1.25593753026 12.1534664031 135.023787378 439.543185345 0.710965227071 0.759939583432 0.189376259937 58.7965335868 320.520786413 105.165708286 0 1684.14318629 41.216863199 144.047245277 21.783136801 2.85681371932 54.4792135883
8376 1.2440651791 11.2092355454 136.519421673 439.553319179 0.711628502977 0.757732295762 1.01251660973 57.964803414 320.477429593 102.013117017 0 1684.1701669 41.2627233025 143.286241953 21.7372766975 2.8298331023 54.5225704077
8400 1.23305092607 9.70482919154 133.513440621 439.562815748 0.71220882016 0.753962977542 0.786580771995 58.1844316841 320.547261656 103.129705314 0 1684.19566268 41.6197667779 142.543261776 21.3802332221 2.80433733011 54.4527383449
8424 1.22300241826 9.25538318294 130.992044378 439.571560532 0.712704597911 0.750503251354 0.498788502974 58.466443118 320.742420051 107.611754552 0 1684.21864151 41.7539065634 140.848493267 21.2460934366 2.78135849969 54.2575799502
8448 1.21339414632 9.5482272315 132.469034903 439.579995145 0.713147494715 0.751552339682 1.17650145622 57.7788035667 320.726192995 106.606644664 0 1684.24040687 41.6723153232 141.175192215 21.3276846768 2.75959313962 54.273807006
8472 1.20381387881 9.50555757812 130.168383622 439.588477327 0.713607941712 0.751766626535 0.859115164715 58.0870329417 320.779793041 108.506300637 0 1684.26215916 41.6734548906 141.514926431 21.3265451094 2.73784084579 54.2202069602
8496 1.19299334888 10.1508891726 131.167261857 439.598145729 0.714107960805 0.748828535895 0.642952230108 58.2959655461 320.685481145 107.359823395 0 1684.28636052 41.4293979785 139.880531026 21.5706020215 2.71363948875 54.314518856
8520 1.18344718884 10.5377066106 130.496934498 439.606754021 0.714532701828 0.75113579795 0.330485108095 58.597092373 320.895207408 110.489290544 0 1684.30834692 41.5880116489 138.291429107 21.4119883511 2.69165309082 54.1047925931
8544 1.17341034917 10.196522729 133.567562264 439.615885631 0.714983316008 0.750490732167 1.06540980009 57.8532305225 320.692761569 107.519444506 0 1684.33095422 41.4624865499 136.745344599 21.5375134501 2.66904578735 54.307238432
8568 1.1637708073 9.27444877762 134.732605425 439.624735061 0.715409228639 0.748512725113 0.779790314569 58.1315526723 320.600169058 103.726152226 0 1684.35299797 41.6396858825 136.237603147 21.3603141175 2.64700203712 54.3998309432
8592 1.15483469123 8.74032518773 130.938075476 439.633009115 0.715806459334 0.752661799506 1.43523526823 57.4632873601 320.717361696 106.047840342 0 1684.3734972 41.8212921909 134.754347564 21.1787078091 2.6265028058 54.282638305
8616 1.14620893823 8.77749875077 131.912833123 439.641061333 0.716214989344 0.75197430677 0.0820139035835 58.8087354692 320.657612319 102.133592566 0 1684.39306767 41.7945413068 136.288550225 21.2054586932 2.6069323343 54.342387682
8640 1.13749825854 9.37812924688 131.203099729 439.649259099 0.716592816321 0.748153084695 0.746364634665 58.1396303677 320.649038295 101.278406841 0 1684.41268858 41.619058858 136.811932789 21.380941142 2.58731143038 54.3509617066
8664 1.12839339157 8.67600057903 132.156478133 439.657899711 0.716960079874 0.744904278919 0.444658957418 58.435576975 320.60545796 100.466015414 0 1684.43349423 41.7938102027 136.338146429 21.2061897973 2.56650577342 54.3945420406
8688 1.12031038912 8.17754243656 131.757394431 439.665632711 0.717254460453 0.745019934572 1.06327594015 57.8088169554 320.648868358 100.48852196 0 1684.45205692 41.9859351324 135.884756772 21.0140648676 2.5479430836 54.3511316435
8712 1.11251107336 9.04579905056 131.485548556 439.673150527 0.717565835348 0.747911518695 0.658700615989 58.2026715052 320.589607421 96.7142353692 0 1684.469793 42.0098135432 136.437890747 20.9901864568 2.53020701122 54.4103925805
8736 1.10383153376 8.37572783143 134.152563051 439.681582974 0.717929529389 0.750794500129 1.32681574518 57.5228772529 320.418650339 92.2402114667 0 1684.4893389 41.861809933 135.998739529 21.138190067 2.51066110382 54.5813496618
8760 1.0960078951 8.38224208673 132.957692761 439.689244707 0.718270774179 0.750024089611 0.940208045887 57.9022523853 320.334657153 87.4355414262 0 1684.5071329 41.8603733632 135.577884116 21.1396266368 2.49286710764 54.665342848
