Time EBV Teff Treg ODC_le1 ODC_le2 ODC_le3 ODC_le4 ODC_le5 NK IL2 DAC Resting_Teff Resting_Treg EffectorMemory Resting_Treg_temp Resting_Teff_temp NK_temp
0.0 0 0 0 0 0 0 0 500 375 1000 0 1687 63 0 0 0 0
24 0 0 0 0 0 0 0 500 336.279789971 908.048253598 0 1687 63 0 0 0 38.7202100291
48 0 0 0 0 0 0 0 500 335.391027502 823.849847309 0 1687 63 0 0 0 39.6089724976
72 0 0 0 0 0 0 0 500 334.559882085 745.880698262 0 1687 63 0 0 0 40.4401179151
96 0 0 0 0 0 0 0 500 333.760437385 673.915002205 0 1687 63 0 0 0 41.2395626152
120 0 0 0 0 0 0 0 500 332.995774144 607.703333798 0 1687 63 0 0 0 42.0042258555
144 0 0 0 0 0 0 0 500 332.2684442 546.975994766 0 1687 63 0 0 0 42.7315557996
168.0 1000 0 0 0 0 0 0 500 331.580390823 491.447224652 0 1687 63 0 0 0 43.4196091775
192 587.94283022 2674.42256109 91.5619289612 4.47673168998 18.9970923557 71.5351553232 179.581289232 225.4097314 319.455578209 5741.3447637 0 1039.6715255 41.772295668 0 21.227704332 647.328474501 55.5444217919
216 137.748776885 6964.82511238 169.347716637 76.0329974289 46.2348212428 91.2062394201 139.307636643 147.218305265 264.564349624 510.112232863 0 1394.17857059 38.97261925 608.467786665 24.02738075 292.82142941 110.435650376
240 32.85122376 2418.62053362 175.974974967 168.414738319 33.0224562872 69.9697785526 80.3664580339 148.226568807 278.246062715 209.483183563 0 1603.94073516 38.8547111955 547.869475974 24.1452888045 83.059264836 96.7539372851
264 16.1475044286 561.273211331 170.455210704 192.789260532 10.7822834248 31.3678425861 77.508147928 187.552465529 303.646337275 243.946341998 0 1648.93397055 39.0650131211 505.444087171 23.9349868789 38.0660294498 71.353662725
288 12.5802839908 228.69474108 166.052109703 195.32330186 3.52412086706 9.29472030936 47.7296095866 244.128247377 315.082394144 297.844926011 0 1658.28792651 39.4823262551 455.44179671 23.5176737449 28.7120734924 59.9176058568
312 10.9750578989 157.05618059 177.794968529 195.749802558 0.596052106786 5.85542971011 25.0134637479 272.785251877 317.648242197 315.983781187 0 1662.09594465 39.7279874955 431.826991787 23.2720125045 24.9040553467 57.3517578037
336 9.86668464985 130.847867968 170.643225711 195.867033063 0.101056024524 2.0449674 18.2269797131 283.759963799 319.083272603 341.899627559 0 1664.63102599 39.8288975743 409.483282101 23.1711024257 22.3689740121 55.9167273979
360 8.97818725098 120.260632873 166.193820365 195.896912772 0.285656620526 0.862072830071 21.9675194637 280.987838314 319.641792103 358.662724007 0 1666.63225263 39.808078063 384.094691666 23.191921937 20.3677473704 55.358207897
384 8.23816683211 109.221423477 172.594053518 195.940490826 0.419250607459 2.32281987461 14.7069831994 286.610455493 319.920394154 350.468822354 0 1668.31154338 39.850721932 368.953579841 23.149278068 18.6884566209 55.0796058466
408 7.60853304734 99.2629072689 165.476400748 195.999332258 0.52823011185 1.12918051334 17.7911795803 284.552077537 320.08837614 338.189409608 0 1669.73267605 39.8566537956 365.855754332 23.1433462044 17.2673239513 54.9116238603
432 7.08949894086 94.0663116121 160.614584103 196.057756498 0.58956582402 1.68246166968 10.4830351381 291.187180871 320.582845959 339.995633152 0 1670.91198131 39.8969892512 357.315746965 23.1030107488 16.0880186925 54.4171540417
456 6.62903308931 85.8026904378 164.331974337 196.117925223 0.602258485539 1.0847939879 13.0138423364 289.181179967 320.716683146 332.004873175 0 1671.95495252 39.9366403797 346.19894913 23.0633596203 15.0450474771 54.2833168547
480 6.23617937418 76.6640954272 165.312620847 196.17602038 0.657409840206 0.97342010354 5.68296767501 296.510182001 320.86811809 324.082685957 0 1672.84873109 40.0000864073 339.785342443 22.9999135927 14.1512689055 54.131881911
504 5.86838050049 76.5269799173 162.483236158 196.236014165 0.652824722486 0.830880219416 12.4428486972 289.837432196 320.449138976 305.783480659 0 1673.67052365 39.9015732441 328.351901653 23.0984267559 13.3294763465 54.550861025
528 5.56418246235 65.260833158 163.110404182 196.288323906 0.651843124713 0.752506353299 12.6446607715 289.662665845 320.681135937 297.395973772 0 1674.36918419 40.0399850194 325.599252037 22.9600149806 12.6308158079 54.3188640636
552 5.28833594957 64.1390543944 160.899598605 196.339116357 0.690393127075 1.58799155217 12.8169734692 288.565525494 320.74359963 289.909392104 0 1674.99017612 40.0011741492 317.945145332 22.9988258508 12.0098238839 54.2564003705
576 5.05499444654 57.5783591252 160.843399965 196.388397263 0.766163770034 0.249157650394 11.6234956667 290.97278565 321.19663797 298.723502549 0 1675.52774457 40.1614657529 302.74729742 22.8385342471 11.4722554295 53.8033620301
600 4.85111591814 48.1649928574 162.205602275 196.435108078 0.751803214342 0.725898280652 5.27343733868 296.813753088 321.336092734 300.898687442 0 1675.99469646 40.3387788973 294.711392073 22.6612211027 11.0053035384 53.6639072662
624 4.6694960353 48.1731415674 158.266027366 196.478218008 0.756546537776 0.946255537702 6.01978917277 295.799190744 321.569871053 303.331288174 0 1676.40457042 40.3119689355 289.481286004 22.6880310645 10.5954295837 53.4301289471
648 4.49526563251 47.1774302834 169.227775042 196.521542883 0.75186115648 0.247537277208 7.56950786704 294.909550816 321.154052154 286.429363122 0 1676.79630288 40.2547295982 278.613096192 22.7452704018 10.2036971151 53.8459478461
672 4.33306000666 47.4117901957 159.59047547 196.562484562 0.737844261904 0.69826282273 8.27482222684 293.726586127 321.09326077 274.798799491 0 1677.16105333 40.2073701162 276.228484456 22.7926298838 9.83894667196 53.9067392309
696 4.18810403074 39.9728634749 158.815813649 196.600263728 0.745596124712 1.05889430021 5.86531675359 295.729929093 321.412454424 272.656973984 0 1677.49576593 40.4494804687 273.641721404 22.5505195313 9.50423407341 53.5875455765
720 4.05470034476 40.301291139 159.66477192 196.636765886 0.748433248803 0.286650057212 3.9865904637 298.341560345 321.287311096 268.550760869 0 1677.79561018 40.3954294035 265.952804291 22.6045705965 9.20438982012 53.7126889048
744 3.9338519613 37.1381818867 157.783705499 196.670350714 0.733492668607 0.521471856068 4.195278052 297.879406709 321.414573242 267.817892633 0 1678.07149106 40.4894473577 261.231350334 22.5105526423 8.92850894235 53.5854267585
768 3.81879237938 36.0133558621 157.212119069 196.702876187 0.729352558482 0.771790929486 7.08268055881 294.713299766 321.365482243 262.582515707 0 1678.33147908 40.4957948537 259.264873169 22.5042051463 8.66852091862 53.6345177573
792 3.70866248852 36.5557410897 154.345566319 196.735027727 0.737525059076 1.03817314398 4.70914632272 296.780127747 321.443653061 260.256443616 0 1678.57860055 40.4031234911 255.868662268 22.5968765089 8.42139945305 53.5563469396
816 3.59523544463 37.1108027851 153.486648331 196.769037511 0.7186042925 0.325930455689 7.18350642099 295.00292132 321.169956356 241.137442281 0 1678.83423303 40.3629944105 262.759930482 22.6370055895 8.1657669655 53.8300436442
840 3.49810939044 30.9503410533 156.894318137 196.798300269 0.707862316541 0.573689550948 5.05936882463 296.860779039 321.268020066 243.690722069 0 1679.05808147 40.597845677 255.941483437 22.402154323 7.94191852641 53.7319799343
864 3.40703173299 33.9066238143 150.561003329 196.826254381 0.706181615277 0.762996512092 6.57166538609 295.132902106 321.354468127 245.643401543 0 1679.2612634 40.4048526951 250.933270257 22.5951473049 7.73873660355 53.6455318738
888 3.30988545864 34.4258018893 149.801763325 196.85701857 0.71300347104 0.952822008622 4.20308468849 297.274071262 321.29971968 235.251449603 0 1679.48030333 40.3768568327 248.546541292 22.6231431673 7.51969666736 53.7002803204
912 3.22376885698 32.4655959498 147.620659515 196.885074957 0.699129677442 0.153874626307 4.71721210793 297.544708632 321.505513078 237.973802856 0 1679.67749156 40.4887472519 243.673779261 22.5112527481 7.32250843654 53.4944869222
936 3.14434569499 30.0740994386 148.487179165 196.910906498 0.683084629786 0.382651493222 8.54592829576 293.477429083 321.427568495 234.228914335 0 1679.85840599 40.5668617622 243.192100418 22.4331382378 7.14159401102 53.5724315051
960 3.06923391597 27.3420016649 149.50304303 196.935535201 0.676108695362 0.548536038489 3.12818371161 298.711636354 321.475813269 234.246276705 0 1680.02948258 40.6665649674 238.08965745 22.3334350326 6.97051742402 53.5241867311
984 2.99706093799 28.2049702483 152.563312404 196.959611869 0.673769186966 0.673647755895 4.60576831302 297.087202875 321.285771863 225.414190512 0 1680.19115459 40.5351187761 235.571837566 22.4648812239 6.80884540852 53.7142281373
1008 2.92706160213 28.8109094622 150.156753432 196.983522474 0.675804014663 0.785263457277 4.02302888812 297.532381166 321.271820426 220.8022165 0 1680.34956344 40.5131539541 231.463110644 22.4868460459 6.65043655876 53.7281795744
1032 2.8634936968 27.6405392368 147.590433397 197.005862201 0.681429264773 0.913486770464 6.63980058313 294.75942118 321.438635682 220.906538998 0 1680.49474087 40.5927281995 229.704703601 22.4072718005 6.50525913178 53.5613643182
1056 2.79940650397 26.6472355876 144.157657962 197.029134595 0.684568629379 0.110321312262 6.43065209934 295.745323364 321.479081348 219.095321749 0 1680.64010745 40.6400288495 230.188645796 22.3599711505 6.35989254535 53.5209186521
1080 2.73934060205 26.2873374625 147.699020593 197.051127422 0.667933849124 0.214581266098 5.04095322156 297.025404241 321.349843415 215.040158518 0 1680.77579937 40.5926973017 225.975515578 22.4073026983 6.22420063346 53.6501565858
1104 2.68394835299 23.2447141062 147.106388052 197.071411683 0.657017538846 0.393707802754 4.91708126478 296.96078171 321.349747555 213.420778539 0 1680.90261361 40.7607348864 224.975257199 22.2392651136 6.09738639169 53.6502524456
1128 2.62846024927 25.376591299 148.250033195 197.091889759 0.650566504145 0.504574482651 5.12508092582 296.627888328 321.158017496 206.855045654 0 1681.02653553 40.565229648 218.403082308 22.434770352 5.97346447094 53.8419825049
1152 2.57138844156 23.9822844435 148.922882135 197.113262001 0.6485048253 0.671455113435 4.68592360249 296.880854458 320.981378974 192.413465417 0 1681.15643518 40.6331609597 219.144138403 22.3668390403 5.84356481664 54.0186210263
1176 2.52277313623 21.6351479382 144.315296638 197.131853897 0.650702467901 0.77048913853 3.0785454062 298.36840909 321.259838574 197.122988194 0 1681.26832425 40.8300492888 215.135787841 22.1699507112 5.73167574631 53.7401614267
1200 2.4766241264 21.6827267815 144.465326065 197.149925365 0.654544685151 0.813475658772 3.29599856891 298.086055722 321.302352894 197.262917114 0 1681.37258905 40.7965663898 212.436963941 22.2034336102 5.62741094976 53.697647106
1224 2.43193844022 21.3961869741 146.942421095 197.167867866 0.659643074639 0.884270858896 4.33842350463 296.949794696 321.286224535 195.453729916 0 1681.47370949 40.7786084438 208.012127733 22.2213915562 5.52629050936 53.7137754657
1248 2.38918546638 22.0720452431 146.185775861 197.185502044 0.666135524552 0.927157547647 3.21901792631 298.002186957 321.142811085 191.965423032 0 1681.57079167 40.779784999 203.916399544 22.220215001 5.42920833111 53.8571889157
1272 2.34523539304 24.3269993363 146.75646084 197.204163513 0.674278015796 0.995533925479 3.41634229619 297.70968225 320.952596719 180.39730124 0 1681.66938422 40.6383635984 202.037932094 22.3616364016 5.33061578327 54.0474032816
1296 2.30363719654 19.9890744849 148.204105323 197.222079639 0.659374189609 0.101123421185 5.30645527479 296.710967476 320.981699578 177.583634827 0 1681.76508098 40.8825156042 199.35031881 22.1174843958 5.23491902203 54.0183004221
1320 2.26749668303 21.8136839551 145.836170108 197.237574796 0.647606157287 0.203316455858 3.25687126602 298.654631325 321.010566362 174.365131836 0 1681.84711013 40.8403539853 195.882910647 22.1596460147 5.15288986624 53.9894336385
1344 2.2304675672 17.9615592423 146.1015075 197.253444896 0.638019673612 0.307997848124 4.49016115394 297.310376429 320.854009133 170.084370174 0 1681.93168751 41.0313127623 194.586602114 21.9686872377 5.06831249153 54.1459908673
1368 2.19562719363 19.8908736618 141.274983427 197.268428377 0.631208684587 0.370360402694 2.475190747 299.254811789 321.043224148 171.94583324 0 1682.01001817 40.8688184218 190.542328065 22.1311815782 4.98998182626 53.9567758524
1392 2.16243932547 16.8257479653 143.995374821 197.28278736 0.626069913879 0.433821178953 2.22237075903 299.434950788 321.032736582 172.753658118 0 1682.08637779 41.1407912871 186.717562794 21.8592087129 4.91362220769 53.9672634182
1416 2.13014734911 17.6719982092 141.645947297 197.296872991 0.622421886424 0.496155669125 3.88405463351 297.70049482 321.126595348 173.755142867 0 1682.15892485 40.9939597832 184.101185307 22.0060402168 4.84107514921 53.8734046528
1440 2.09906962008 20.0385638616 140.614163801 197.310569494 0.620354054313 0.551998873001 3.39685315126 298.120224428 321.119602093 171.81928236 0 1682.22851138 40.7726896475 182.668615583 22.2273103525 4.77148861735 53.8803979075
1464 2.06681548533 17.9537296503 138.73614752 197.324965659 0.619417073425 0.599883678105 1.27695198222 300.178781607 321.268032334 174.472791737 0 1682.30237847 40.9583324313 183.263769833 22.0416675687 4.69762152803 53.7319676669
1488 2.03779568181 17.1288600064 137.479708512 197.338101979 0.619367869895 0.630331474642 1.58340887721 299.828789799 321.367592694 178.10684926 0 1682.36855172 41.0224761386 181.997312446 21.9775238614 4.63144827965 53.632407306
1512 2.00842056332 16.5836705568 140.938712909 197.351596135 0.619843107092 0.655679136207 3.06916411958 298.303717503 321.203678679 173.4166464 0 1682.43504913 41.039303765 181.777646579 21.960696235 4.56495086894 53.7963213218
1536 1.98098138475 15.3836533605 141.201415383 197.364396417 0.620917025539 0.683479466544 2.20397081283 299.127236279 321.158752591 170.723877121 0 1682.49796188 41.2123150047 180.641555981 21.7876849953 4.50203811613 53.8412474094
1560 1.95480996898 16.0672169012 143.672237004 197.376798274 0.622539945756 0.718502623757 3.1166261387 298.165533017 321.056936987 164.653101861 0 1682.55687695 41.0832291109 179.617801708 21.9167708891 4.44312304598 53.9430630131
1584 1.92834403814 16.4797008614 138.601925767 197.389550787 0.625024304489 0.774465467517 2.13385774845 299.077101692 321.249501572 168.243630787 0 1682.6166575 41.0143713486 177.694827202 21.9856286514 4.38334249951 53.7504984285
1608.0 1001.90224736 18.6349527486 140.051029605 197.402358381 0.628330089248 0.797762571759 2.2108653111 298.960683647 321.12593721 164.080234503 0 1682.67510225 40.8025875439 176.874635489 22.1974124561 4.32489775012 53.8740627906
1632 379.320773572 5340.46141749 180.234656368 205.524535279 16.302347446 41.5209664661 99.0641747104 137.587976099 274.617229097 896.638509114 0 1143.22745304 39.8403665303 405.851813039 23.1596334697 543.772546962 100.382770903
1656 90.4983891758 3337.76294539 192.923585451 256.631721763 24.9685780559 49.351443685 81.7297595716 87.3184969241 274.688072287 380.769727837 0 1482.75586325 39.0672832062 439.42083397 23.9327167938 204.244136754 100.311927713
1680 34.3932140758 1124.702302 181.568097353 282.894971088 12.9221692248 34.5466773318 63.5108537102 106.125328646 294.134382719 303.721763415 0 1605.84208367 39.0966740587 460.673452032 23.9033259413 81.1579163312 80.8656172819
1704 21.8140986714 445.274965611 172.90690004 288.881000966 5.80735690419 14.9199092593 36.0502347448 154.341498126 308.96721886 316.471260602 0 1637.03044843 39.3742631419 434.156426929 23.6257368581 49.9695515693 66.0327811409
1728 17.1867509039 264.586426165 172.769792018 290.504425825 3.84275200359 8.69668419932 31.093064556 165.863073416 315.319242305 374.750759198 0 1648.04508511 39.6334457829 400.127607805 23.3665542171 38.9549148858 59.6807576959
1752 14.4576927119 217.248194962 175.73852887 290.746027183 0.583364725436 4.89953919136 18.792164732 184.978904168 316.584629803 358.75889396 0 1654.22361512 39.6634652724 382.683709317 23.3365347276 32.7763848839 58.415370198
1776 12.533094558 179.079486126 177.165245811 290.917330527 0.867550007547 0.860760064125 21.1540362203 186.200323181 317.684757656 352.076901093 0 1658.59839889 39.7342693907 374.827198799 23.2657306093 28.4016011069 57.3152423451
1800 11.1342059042 142.799054616 177.638892537 291.080728539 0.952060551901 0.476087349069 13.1199047023 194.371218858 318.992872123 370.182011075 0 1661.78893804 39.8562198469 359.805867665 23.1437801531 25.2110619559 56.0071278777
1824 10.0447335683 133.511304926 168.877364324 291.22472399 0.93056007721 1.39575591309 12.0277739679 194.421186052 319.470618928 367.220972772 0 1664.23539682 39.8311844362 353.242202791 23.1688155638 22.7646031812 55.5293810723
1848 9.11621334533 125.40023652 167.579171462 291.360426814 0.961444053546 1.78703300482 10.9749186396 194.916177488 319.435972888 348.483902592 0 1666.31738146 39.7999616023 347.497591204 23.2000383977 20.6826185426 55.5640271131
1872 8.37996219766 106.772330615 165.281827372 291.485144264 0.979853008 0.973773374717 14.3941900658 192.167039288 320.061368564 343.45887097 0 1667.99896683 39.8887464777 352.434852834 23.1112535223 19.0010331676 54.9386314364
1896 7.7355775267 102.421626634 164.868131164 291.599477196 0.938469319812 0.33093279904 11.3658042544 195.76531643 319.920325938 329.470682528 0 1669.44487021 39.85738724 341.632736248 23.14261276 17.5551297886 55.0796740621
1920 7.20936085592 83.9640793724 162.346673936 291.697268569 0.926957184148 0.177241155914 7.33409113125 199.86444196 320.855871612 342.446877986 0 1670.65594778 40.034433032 340.831503476 22.965566968 16.3440522162 54.1441283885
1944 6.74993407427 93.2946130586 162.087780962 291.786471878 0.893158460404 0.958134268318 8.08683076849 198.275404625 320.538143798 323.383556262 0 1671.67590525 39.8666218938 337.707374265 23.1333781062 15.3240947506 54.4618562029
1968 6.33587305577 74.4807587262 165.190972231 291.869116404 0.851449915318 0.719734530539 9.12571598587 197.433983165 320.794515647 322.490278797 0 1672.62518126 40.0224008548 331.683104968 22.9775991452 14.3748187393 54.2054843541
1992 6.00115563581 65.6212415408 161.56567442 291.938788156 0.869208010312 1.40435442622 8.36635601932 197.421293388 321.060254159 321.952579366 0 1673.38921298 40.1296773556 331.897005802 22.8703226444 13.6107870178 53.9397458416
2016 5.70083192915 64.6587555921 156.859209768 292.006949591 0.887429854395 0.849485601258 4.16895905922 202.087175895 321.370002114 323.180696763 0 1674.06512018 40.0988703686 333.715098486 22.9011296314 12.9348798213 53.6299978869
2040 5.4144588951 63.1982790355 162.420909655 292.075699476 0.884175449678 0.359631492074 9.96047875701 196.720014825 320.916959672 306.127006577 0 1674.7078113 40.0477512354 328.213094938 22.9522487646 12.2921886979 54.0830403287
2064 5.16093482701 62.075561892 160.879047993 292.138514194 0.868277475941 0.85730780434 4.71589935763 201.420001168 321.08775579 294.799451425 0 1675.2825202 40.0545517281 327.508778123 22.9454482719 11.7174797999 53.9122442109
2088 4.91094765733 60.7508890048 157.783588584 292.202894595 0.849182199417 0.395713478616 8.9172015833 197.635008144 320.778915768 274.562074505 0 1675.84659974 40.04586946 326.022674555 22.95413054 11.153400258 54.2210842324
2112 4.69462114452 56.3433944993 160.030303966 292.259599021 0.834035922625 0.815949330733 6.93517948983 199.155236236 320.83367672 271.849950676 0 1676.33795432 40.0834107128 312.623405437 22.9165892872 10.662045678 54.1663232808
2136 4.49965544654 50.9728161891 159.615674848 292.312796663 0.839882265806 1.0015732657 2.54937360556 203.2963742 320.86164567 266.505518448 0 1676.78063314 40.1329726144 301.349164033 22.8670273856 10.2193668634 54.1383543302
2160 4.32560577696 45.0877910171 161.695679433 292.362779566 0.841832659934 0.200890594531 6.23294720312 200.361549977 320.809933297 252.652009326 0 1677.17892633 40.273262977 303.365410556 22.726737023 9.82107366763 54.1900667037
2184 4.17235498995 39.8803397093 160.006907705 292.4075266 0.813770580538 0.368383389388 3.03664715119 203.373672279 320.978808356 257.568689014 0 1677.52856317 40.3854296415 288.763812552 22.6145703585 9.47143683472 54.0211916449
2208 4.04040788175 37.1073856093 157.575290202 292.446286167 0.795407754503 0.474311248567 2.73037327756 203.553621552 321.286452623 261.299235448 0 1677.83131135 40.5455568536 281.658869093 22.4544431464 9.16868865344 53.7135473771
2232 3.91568556695 38.9327490931 154.515099452 292.483386304 0.783194384728 0.593062948189 4.14207500267 201.99828136 321.22677437 254.227590428 0 1678.11056493 40.4245064579 283.28867749 22.5754935421 8.8894350737 53.7732256307
2256 3.79775090207 38.0458203468 157.449574601 292.519174109 0.77841093625 0.749654297625 3.21849703424 202.734263623 321.268356556 254.918870604 0 1678.37715883 40.4058278136 274.865362208 22.5941721864 8.62284116762 53.7316434449
2280 3.69018400369 36.1322740826 157.829555558 292.552725628 0.779244574909 0.847623090702 2.82735802782 202.993048679 321.233958529 250.423615056 0 1678.62156753 40.454291128 270.335367373 22.545708872 8.37843246767 53.7660414716
2304 3.57268462597 40.8884821477 157.57212158 292.590667016 0.785042898226 0.968030977861 2.48564860945 203.170610498 320.854386306 229.951769853 0 1678.88254323 40.2311481678 269.305160269 22.7688518322 8.11745676835 54.1456136947
2328 3.46985976002 30.5499538721 155.307517792 292.62487898 0.768025090201 0.088237139563 2.24419328568 204.274665504 321.246268548 236.788954511 0 1679.12188888 40.6114302739 261.123458586 22.3885697261 7.87811111768 53.7537314522
2352 3.38099120564 31.8296427485 160.864003428 292.654275983 0.743198161036 0.152513570624 3.14255917621 203.30745311 320.816508378 224.019398172 0 1679.32206592 40.5270314667 256.800913493 22.4729685333 7.67793408002 54.183491623
2376 3.2910268061 33.7381104771 154.056423544 292.683904675 0.722926582118 0.319461879315 4.13832094491 202.135385919 320.853562958 219.338989433 0 1679.52333402 40.3862745587 250.168546075 22.6137254413 7.47666597723 54.1464370425
2400 3.20790430286 29.4855141763 148.103679093 292.711389512 0.710712377495 0.484250603774 5.69018580084 200.403461706 321.296672812 226.470048924 0 1679.71438503 40.576390955 246.19444714 22.423609045 7.28561496736 53.7033271884
2424 3.13318562939 27.6141839631 150.522924779 292.736398968 0.704751037343 0.582340942106 3.7393525712 202.237156482 321.382924409 231.8918817 0 1679.88454718 40.654044078 240.713747996 22.345955922 7.11545282464 53.6170755919
2448 3.05919178247 29.7570610642 148.853152441 292.761614666 0.702746339309 0.698453275869 2.84207568471 202.995110034 321.352553659 226.678466801 0 1680.05048767 40.5308552132 240.718295046 22.4691447868 6.94951232671 53.6474463414
2472 2.98923489985 31.2696308929 147.974097381 292.786016502 0.704340710109 0.812385724431 4.70255831978 200.994698744 321.530876687 229.744328716 0 1680.20929476 40.5195389108 235.092781593 22.4804610892 6.79070523728 53.4691233139
2496 2.92132445823 25.997800194 148.764726335 292.810386285 0.710285620495 0.92726754296 2.49984643769 203.052214114 321.547890367 231.492948928 0 1680.36464778 40.7038894093 229.990144554 22.2961105907 6.63535222362 53.4521096339
2520 2.85883037532 29.4210852863 150.275167149 292.833550733 0.718304942917 0.98884999537 1.98015438419 203.479139945 321.496347099 224.215403723 0 1680.50540575 40.59564966 226.481014998 22.40435034 6.49459424879 53.503652902
2544 2.79598230058 26.521865814 151.498275627 292.857565555 0.714351939193 0.0402863794889 1.70036315967 204.687432966 321.343870759 218.705755425 0 1680.64793252 40.631898029 223.222435121 22.368101971 6.35206747827 53.6561292415
2568 2.73540013035 25.1823030796 147.076699026 292.880694276 0.694156107842 0.155374517767 5.24430124511 201.025473853 321.250806574 212.038292498 0 1680.78553312 40.7041435616 223.233509792 22.2958564384 6.21446688352 53.7491934262
2592 2.67683215976 24.6143342392 142.67024898 292.902973569 0.679066758855 0.281050476249 4.67296904617 201.46394015 321.466224367 214.987661118 0 1680.91783652 40.662297363 219.588464334 22.337702637 6.08216347923 53.5337756337
2616 2.6277891208 23.482534002 144.517233306 292.921668798 0.669431621648 0.361945971218 1.209256153 204.837697456 321.626111154 219.085788494 0 1681.03076519 40.8406760108 215.265879379 22.1593239892 5.96923480646 53.3738888465
2640 2.57773327976 23.0313611751 145.433446628 292.940859476 0.661256658095 0.411392807656 4.03177255293 201.954718506 321.512289324 215.364811648 0 1681.14311348 40.7335587266 215.135897537 22.2664412734 5.85688652273 53.4877106762
2664 2.52920628883 23.005522461 144.85672735 292.959620448 0.655211589925 0.466277247699 1.76753772878 204.151352986 321.557194564 213.990324515 0 1681.25333934 40.7531456018 211.272209691 22.2468543982 5.74666066067 53.442805437
2688 2.48135473513 23.5792017032 148.383333899 292.978324291 0.650747965025 0.528066989168 2.51424034056 203.328620414 321.24477981 202.689062667 0 1681.36090912 40.6494634169 210.739033318 22.3505365831 5.63909087727 53.7552201911
2712 2.43408718757 22.3602092071 149.323070189 292.997058986 0.648422281867 0.593960011611 1.28665246783 204.473906253 321.110752519 194.83021456 0 1681.46815906 40.6866316738 206.368879577 22.3133683262 5.53184093808 53.8892474814
2736 2.3880232541 21.8009603123 145.722636745 293.015626665 0.647619512455 0.644085864635 2.04673371583 203.645934243 321.092688389 189.731863678 0 1681.57277689 40.7214334745 204.275524195 22.2785665255 5.42722310895 53.9073116115
2760 2.34601363707 19.3472782866 150.043466627 293.032869067 0.647862731616 0.675044748831 1.42534073205 204.21888272 320.919734059 179.489718453 0 1681.6692972 40.9356712174 202.383581578 22.0643287826 5.33070280266 54.0802659421
2784 2.30710522873 21.2953899049 144.072614647 293.049131369 0.648744603272 0.69612584797 1.50724912864 204.098749051 320.957855667 177.071663214 0 1681.75657287 40.7467040689 200.666632025 22.2532959311 5.24342713376 54.0421443339
2808 2.26947687371 19.9007620955 145.848025087 293.065151378 0.650328464353 0.728233565882 1.47872935851 204.077557234 321.052168281 175.647661063 0 1681.84257921 40.8675511627 198.158398181 22.1324488373 5.15742078823 53.9478317197
2832 2.23422590864 18.0035650311 146.132637922 293.080445138 0.652306148299 0.739119051795 1.24887408658 204.279255575 321.084635638 175.646378515 0 1681.92326223 41.0355984934 195.821124666 21.9644015066 5.07673777332 53.9153643622
2856 2.19731121063 22.4156678267 143.844170524 293.096776147 0.654762862859 0.764864473076 2.2955242119 203.188072306 320.897463467 168.209090335 0 1682.00458197 40.6077168854 194.676760536 22.3922831146 4.99541803393 54.1025365336
2880 2.15835293311 20.0262416006 140.852795051 293.114388554 0.658002564018 0.78326012938 1.73027711769 203.714071635 321.013283355 171.286665308 0 1682.09349639 40.7402581661 191.688220365 22.2597418339 4.90650360584 53.9867166456
2904 2.12266851674 18.4028183325 141.66313668 293.130883214 0.661215089239 0.793399787203 1.8077750838 203.606726826 321.032488969 167.673682145 0 1682.17524738 40.8871291094 191.879208468 22.1128708906 4.82475261767 53.9675110316
2928 2.09007057825 17.503917475 141.348098054 293.146270377 0.664552845556 0.823586710395 2.47798199723 202.88760807 321.061336484 169.658363087 0 1682.24971418 40.9862781647 187.191146541 22.0137218353 4.75028581643 53.9386635164
2952 2.05945430946 17.1162284639 141.409774831 293.161020855 0.668267143799 0.841963407432 0.949665284344 204.379083309 321.104956304 168.718116306 0 1682.31939015 41.0324470281 185.710067489 21.9675529719 4.68060985098 53.8950436965
2976 2.03022390844 16.3848177153 144.353777158 293.175390648 0.672068930641 0.852319876175 1.2950474399 204.005173106 321.044493001 165.244360861 0 1682.38582009 41.088034488 183.373088907 21.911965512 4.61417990801 53.9555069995
3000 2.00148381456 16.4467684228 141.638242654 293.189805239 0.676013995053 0.864575112263 1.62402233143 203.645583323 321.134312432 167.172112284 0 1682.45086688 41.0555799951 182.150789999 21.9444200049 4.54913311737 53.8656875688
3024 1.97343435294 17.1047828222 144.446388998 293.204159781 0.680160790723 0.885853516811 1.88966736766 203.340158544 320.962249801 160.92184025 0 1682.51451967 41.0706198514 180.034669088 21.9293801486 4.48548033504 54.0377501993
3048.0 1001.94647551 15.4793598488 138.049144151 293.218237157 0.684440399683 0.899864829452 3.05907993146 202.138377682 321.225700148 169.103355791 0 1682.57600257 41.1639151543 177.0546989 21.8360848457 4.42399743478 53.7742998524
3072 377.825997992 5241.2097578 176.437097932 299.670722349 9.0673270782 29.6249420214 58.4039644908 103.23304406 275.083598757 932.46556527 0 1144.67177738 39.8556366117 396.638500537 23.1443633883 542.328222626 99.9164012435
3096 89.6884691057 3439.07791097 181.438902766 333.00438478 14.9761237353 33.2995179164 43.8471981889 74.8727753793 274.468572626 370.888302082 0 1483.95495773 39.0554420295 451.621572741 23.9445579705 203.045042279 100.531427374
3120 33.0348065437 1190.83243604 173.649477955 353.865226342 8.25689086112 25.6047679689 37.4649183219 74.8081965055 292.863339522 281.086294016 0 1608.43360735 39.0559765792 456.299152869 23.9440234208 78.5663926583 82.1366604783
3144 20.7465321502 415.924703146 173.206610736 358.279949705 2.73140831973 7.37962801257 29.9716080479 101.637405914 309.27897587 326.611749482 0 1639.42340157 39.3659422073 436.565265029 23.6340577927 47.5765984338 65.7210241303
3168 16.5192569498 257.298316779 169.371900402 358.813860005 0.667829902869 4.73483612352 17.642103091 118.141370878 315.460701606 370.309882428 0 1649.52892132 39.613255705 411.844438799 23.386744295 37.4710786856 59.5392983941
3192 14.0182738962 205.284119379 175.485421757 359.03343912 0.96584591955 1.2119199255 11.6572046067 127.131590428 317.18413274 379.32263498 0 1655.23347771 39.690286493 396.567720846 23.309713507 31.766522293 57.8158672603
3216 12.2713347224 166.080559217 179.856076745 359.228562051 1.00944988505 0.300818944536 11.6921242556 127.769044863 318.384108021 381.261615867 0 1659.21558907 39.7855317192 384.27976603 23.2144682808 27.7844109382 56.6158919798
3240 10.9486052815 147.746223838 180.201470193 359.265157465 0.293831355269 2.49386976022 9.38637967376 128.560761745 318.820204812 367.682972082 0 1662.20239241 39.8275960233 374.257915718 23.1724039767 24.7976075966 56.179795188
3264 9.8936992779 123.909529567 181.408069364 359.319448006 0.390035754557 0.698619779327 7.85487626834 131.737020191 319.080500307 348.2139198 0 1664.59069982 39.8967909165 370.641792078 23.1032090835 22.409300187 55.9194996936
3288 9.0322358095 109.780400023 174.218192689 359.376810683 0.438355319395 0.475218100026 11.1471021383 128.562513759 319.635632202 345.989822548 0 1666.5358977 39.9296863657 359.986746035 23.0703136343 20.4641023074 55.3643677986
3312 8.34657420477 107.929913918 170.373801171 359.431532248 0.492873446764 0.463430331432 6.43819841232 133.173965561 320.088948981 348.591512967 0 1668.07909785 39.9090959294 346.849280201 23.0909040706 18.9209021567 54.9110510195
3336 7.72890819237 103.192998291 165.805086471 359.489825417 0.530353809958 1.1334158159 5.96044210903 132.885962848 320.241244991 339.102451528 0 1669.46942764 39.9047443961 339.377642601 23.0952556039 17.5305723676 54.7587550096
3360 7.19766388615 92.5562509213 165.796419635 359.547868647 0.540713818013 0.548251635336 3.87325636869 135.48990953 320.317550541 324.250557331 0 1670.67267303 39.9358779601 336.297871144 23.0641220399 16.3273269777 54.6824494593
3384 6.74463521337 84.2555753609 162.799506987 359.601210923 0.557596064343 0.846402295799 3.70635922946 135.288431487 320.744558346 328.493495074 0 1671.69649528 39.9486963551 331.206578714 23.0513036449 15.3035047219 54.2554416545
3408 6.33932650945 77.5672093653 168.846695192 359.65479283 0.593929571922 0.258917444925 4.60735610561 134.885004048 320.589834844 312.027655042 0 1672.61663733 40.0128302792 325.039370905 22.9871697208 14.3833626743 54.410165156
3432 5.99804377516 69.7943169242 162.792127382 359.703371799 0.581013778036 0.575456997428 3.46657141986 135.673586005 320.884282206 311.755173239 0 1673.39368094 40.0876444343 321.509983399 22.9123555657 13.6063190647 54.1157177942
3456 5.67634249375 66.8693647512 160.654639974 359.751634108 0.588259714022 0.749360406687 3.5030351371 135.407710634 320.714240783 301.588361487 0 1674.11304572 40.015463739 317.603703626 22.984536261 12.8869542895 54.2857592179
3480 5.39660748901 60.1842016541 160.032299873 359.796869486 0.607656489098 0.94384029037 2.50475424453 136.14687949 320.820215874 293.10929366 0 1674.75211386 40.1178154763 314.953418157 22.8821845237 12.2478861423 54.1797841262
3504 5.14087892425 60.0076771659 156.371099643 359.84208669 0.628596265084 0.122569912871 3.11152383001 136.295223302 320.993735472 288.841073187 0 1675.32876673 40.0892000209 305.405139939 22.9107999791 11.671233276 54.0062645283
3528 4.90333522881 57.8094359998 156.578921708 359.885645435 0.602289566227 0.368738799351 4.46829616133 134.675030038 320.977162298 278.372409895 0 1675.86562312 40.083101603 297.846634835 22.916898397 11.1343768851 54.0228377022
3552 4.68670746799 56.0492887002 153.588629799 359.926165821 0.596553737084 0.647504369769 5.26119656608 133.568579505 320.811075364 260.935869531 0 1676.35486025 40.0726003306 300.709680919 22.9273996694 10.6451397541 54.188924636
3576 4.49958620688 47.0154045536 158.223164075 359.962822645 0.604408903557 0.808589928894 4.32865414142 134.29552438 321.005622944 263.078776202 0 1676.78664412 40.2896261512 292.477079914 22.7103738488 10.2133558841 53.9943770562
3600 4.34614101416 40.8262899816 157.133708936 359.994624399 0.618744511604 0.958004471699 3.1471197584 135.281506859 321.473291439 277.703449073 0 1677.13751639 40.4169953622 284.808444997 22.5830046378 9.86248361474 53.526708561
3624 4.19596361045 43.4157059027 159.853429543 360.027355961 0.611259437146 0.147594035142 3.04361040709 136.170180159 321.347873279 270.603302741 0 1677.4731547 40.2798143139 282.106541365 22.7201856861 9.52684530332 53.6521267218
3648 4.06009555166 38.24281018 160.538485044 360.057058256 0.593796374744 0.360089644707 5.46258656593 133.526469158 321.27518223 269.595833888 0 1677.78403757 40.4235189939 273.680599254 22.5764810061 9.21596243951 53.7248177701
3672 3.92632338075 40.8458357209 159.341829923 360.086712317 0.58783791709 0.53176109172 2.05053760933 136.743151064 320.935654999 251.58116366 0 1678.08241435 40.2640537362 273.084844466 22.7359462638 8.9175856511 54.0643450013
3696 3.80190619905 35.6675130797 160.126609049 360.115083458 0.588089792239 0.665743993642 2.42565006257 136.205432694 320.887704102 241.422600414 0 1678.36891722 40.4895096927 269.191418211 22.5104903073 8.63108278113 54.1122958987
3720 3.69522620037 35.4117311799 153.995908797 360.140280569 0.592761548232 0.733529388929 2.14659550472 136.386832989 321.220286536 247.377557968 0 1678.6105263 40.469482341 261.237310375 22.530517659 8.38947370182 53.7797134644
3744 3.59273775184 35.2385218926 152.423973803 360.165423551 0.599255752665 0.769022951953 2.85582971777 135.610468026 321.390808537 249.342931792 0 1678.84189597 40.4617828325 257.027575544 22.5382171675 8.15810403812 53.6091914631
3768 3.49194995582 32.7801331982 150.45641041 360.191175607 0.607819780931 0.827903863252 1.57714481764 136.795955931 321.373967455 243.76077798 0 1679.07062157 40.5166487466 258.356250696 22.4833512534 7.92937843285 53.6260325455
3792 3.40293047844 30.4791212024 149.253023163 360.214891063 0.6169375367 0.866577296567 0.79262269053 137.508971413 321.544984583 247.09377943 0 1679.2733523 40.591605771 257.993815977 22.408394229 7.72664770092 53.4550154171
3816 3.31613389667 32.6144502749 150.701756609 360.238989258 0.626743094484 0.887914676699 2.04118869227 136.205164278 321.510789726 242.524659377 0 1679.46838019 40.4707974696 257.018381451 22.5292025304 7.53161981309 53.4892102747
3840 3.22835034059 32.2027190228 154.630042978 360.264439634 0.638589525795 0.970486037184 3.36253206542 134.763952738 321.197635377 231.783088325 0 1679.66658492 40.4754898924 253.536037135 22.5245101076 7.33341508081 53.802364623
3864 3.15134359533 30.0437814761 149.793326456 360.287784749 0.650720284199 0.989636987703 1.25435975769 136.817498221 321.432829361 233.830355423 0 1679.8426956 40.5647397127 250.53311762 22.4352602873 7.15730440225 53.5671706393
3888 3.07044962579 30.773941046 151.591983931 360.313426141 0.664038198996 1.01992055755 3.50057752422 134.502037578 321.105069724 224.823291395 0 1680.02334539 40.4182674025 244.003591197 22.5817325975 6.97665461131 53.8949302766
3912 2.9971758096 31.0690349654 153.830372435 360.337731158 0.677972346177 1.08652888669 2.28879450584 135.608973103 321.117451684 217.997942309 0 1680.19132805 40.5528279767 236.273912578 22.4471720233 6.80867195638 53.8825483161
3936 2.92552571754 28.5758017544 153.527690395 360.362317465 0.66926078498 0.133060860822 1.19202902828 137.64333186 320.899789147 206.590246268 0 1680.35281266 40.5042661552 236.00438669 22.4957338448 6.64718734411 54.100210853
3960 2.86145417076 25.7949927857 144.46418621 360.384264138 0.652516306611 0.174197425898 0.710094797113 138.078927332 321.387166921 216.012804801 0 1680.50029121 40.7208175456 232.098717202 22.2791824544 6.49970879549 53.6128330796
3984 2.80276111618 23.6581851718 147.057296909 360.40432752 0.63866131502 0.236608451609 2.88655638802 135.833846325 321.403824295 215.823875332 0 1680.63390007 40.7988213829 230.452965974 22.2011786171 6.36609993763 53.5961757055
4008 2.74792228916 24.9316730081 146.816537577 360.423093048 0.627987145661 0.303279654513 1.84750222816 136.798137924 321.455498066 219.750192869 0 1680.7578074 40.7253759739 223.28370783 22.2746240261 6.24219260037 53.5445019348
4032 2.69145927664 25.439898978 149.73488094 360.4424993 0.618497388676 0.332016027919 1.08732437092 137.519662912 321.227527162 207.865863237 0 1680.88508555 40.6975146623 222.524857009 22.3024853377 6.11491445824 53.7724728385
4056 2.63837418929 25.5905171319 147.59357211 360.460859884 0.61064578769 0.369055414517 1.13319579825 137.426243115 321.298265107 204.703327232 0 1681.00552845 40.6812711951 219.948987241 22.3187288049 5.99447155502 53.701734893
4080 2.58828857026 22.1112943361 144.396067372 360.478321797 0.604357018976 0.40511197674 1.02146484 137.490744367 321.383096444 208.475908762 0 1681.11978521 40.8158971275 216.707465893 22.1841028725 5.88021479498 53.6169035565
4104 2.54187314068 23.8932369336 149.385315729 360.494656004 0.599347519367 0.431960113464 1.70433329071 136.769703072 321.281846888 201.979503897 0 1681.22424067 40.6837093167 211.786529141 22.3162906833 5.77575933295 53.718153112
4128 2.49262752057 23.1006888905 145.341730745 360.512178174 0.595065078745 0.474693381632 2.65526833121 135.762795034 321.226745864 201.907879895 0 1681.33535887 40.6630212366 207.224583789 22.3369787634 5.66464113685 53.7732541363
4152 2.44873546055 22.0420414466 141.678411197 360.527997598 0.592330636174 0.505958308871 2.25458751469 136.119125942 321.537210947 206.575858466 0 1681.43637668 40.8669874251 202.99680892 22.1330125749 5.56362332158 53.4627890532
4176 2.40218126029 24.0854894988 143.96620133 360.545023381 0.590529349438 0.539728710094 1.13976095944 137.1849576 321.278639968 198.207021753 0 1681.53983294 40.596940619 201.052388867 22.403059381 5.46016706788 53.7213600321
4200 2.35817761962 22.0610897458 144.654750474 360.561382799 0.589383144297 0.561463192798 1.90144391785 136.386326946 321.285336762 193.636995084 0 1681.64095065 40.769673866 199.300125185 22.230326134 5.35904935281 53.7146632382
4224 2.31743320368 20.6085886206 144.141811624 360.576786503 0.589165033144 0.597304300382 2.41399979812 135.822744365 321.355007175 193.463175795 0 1681.73345752 40.805554997 196.703617684 22.194445003 5.26654248205 53.6449928252
4248 2.27929788708 19.5099632241 148.209110977 360.591458617 0.590059596392 0.651589039196 2.71399845767 135.452894289 321.031584507 180.013774706 0 1681.82041003 40.8927958473 200.263070801 22.1072041527 5.17958997631 53.9684154937
4272 2.24416700314 20.6283042201 146.540760773 360.605224768 0.591641097971 0.665513754929 1.87433883405 136.263281544 320.947622299 175.286751046 0 1681.89997291 40.8547848524 196.815505638 22.1452151476 5.100027093 54.0523777012
4296 2.20808092106 18.4588890078 145.050775426 360.619633304 0.593476684923 0.670670051575 1.19022629314 136.925993666 321.083319911 174.822517745 0 1681.98204315 40.9507467759 194.619221406 22.0492532241 5.01795685227 53.916680089
4320 2.17412008317 18.7064032737 142.012461297 360.633454427 0.595562308436 0.697235496483 1.31593640231 136.757811365 321.063698456 174.917386859 0 1682.05900889 40.9256981926 191.591885505 22.0743018074 4.94099111202 53.9363015441
4344 2.14156637023 17.3328899447 138.167435828 360.646959217 0.598072854436 0.726502200336 3.34953278648 134.678932941 321.448715437 184.483559369 0 1682.13337383 41.0582782191 188.761608191 21.9417217809 4.86662617688 53.5512845636
4368 2.109806461 17.3816398086 143.357837457 360.660399821 0.601458798485 0.759514405453 0.342610477016 137.636016498 321.255967449 181.026330496 0 1682.20511612 41.0116983151 185.142519515 21.9883016849 4.79488388224 53.7440325516
4392 2.07951817311 16.994224414 140.030605796 360.67348254 0.604886126307 0.764252993953 1.29265470449 136.664723635 321.452278657 185.905532892 0 1682.2744943 41.1543891408 180.738817861 21.8456108592 4.72550570949 53.5477213433
4416 2.049122147 18.9909877249 142.082327945 360.68688109 0.608352572318 0.765285847072 0.303767879674 137.63571261 321.195475315 179.131590704 0 1682.34215249 40.8749100953 177.553371353 22.1250899047 4.65784751651 53.8045246858
4440 2.01700255033 16.8432962 144.576952114 360.701342048 0.612068516309 0.7701647159 1.52635071964 136.390074 321.02923351 171.65241444 0 1682.41546992 41.0106229625 173.554798026 21.9893770375 4.58453008058 53.9707664906
4464 1.98911012254 15.9375332368 141.584425299 360.714161486 0.615418004279 0.782409567932 2.35003558655 135.537975355 321.235271384 169.785363754 0 1682.47926074 41.1301704849 173.704338358 21.8698295151 4.52073926633 53.7647286159
4488.0 1001.96292894 16.601695357 142.997678153 360.726426389 0.618843442816 0.796204115547 2.03122249422 135.827303558 320.997965174 163.835385182 0 1682.53833318 41.0309614391 172.88546391 21.9690385609 4.46166682474 54.0020348267
4512 372.78136933 5186.45632972 184.638832632 365.201614354 6.57689854724 17.8719549307 46.5896034287 63.7599287391 275.322292542 902.860911239 0 1148.74744511 39.8526682291 393.450665739 23.1473317709 538.252554891 99.677707459
4536 90.3361334477 3322.99945786 188.466421133 385.723115542 9.21992704397 22.4407557833 33.1310687705 49.4851328593 275.329133057 426.606841819 0 1483.33495826 39.0695574013 456.20168723 23.9304425987 203.665041743 99.6708669435
4560 33.9111941271 1165.99344488 178.792011106 397.053830616 6.01205609827 21.6205366031 24.1548878676 51.1586888144 293.299336114 298.84570022 0 1606.65032485 39.0742749377 448.9172789 23.9257250623 80.3496751503 81.7006638871
4584 21.4740141505 435.898451313 174.374382465 400.036440049 3.65398430606 4.07843979795 17.7756719285 74.4554639183 309.186541995 327.113311729 0 1637.79483027 39.3697753535 434.253426987 23.6302246465 49.2051697316 65.813458006
4608 16.9364972893 267.076845159 166.137868902 400.564881402 0.997727415402 2.2068651088 13.846138919 82.3843871547 315.247418501 366.312177765 0 1648.58555339 39.6125987073 414.939978643 23.3874012927 38.4144466157 59.7525814998
4632 14.2486767425 212.843788909 169.427138201 400.757998348 0.376352276789 0.669098987336 10.7574837631 87.4390666244 317.114594469 368.840649684 0 1654.7022667 39.67501903 406.90822586 23.32498097 32.2977333086 57.8854055318
4656 12.3785597098 182.633970337 171.497536495 400.847237609 0.476294919182 1.32537136641 7.72402018676 89.6270759178 317.884011992 359.026893299 0 1658.93249403 39.7022587242 404.925463371 23.2977412758 28.0675059748 57.1159880084
4680 10.9230305438 160.970144204 164.296057919 400.942112035 0.52627497171 0.559301194291 6.32300836028 91.649303438 318.780671518 364.242529873 0 1662.22196761 39.7247697736 387.038765874 23.2752302264 24.7780323987 56.2193284828
4704 9.77602420467 134.329566083 165.516215846 401.034128653 0.602028704654 1.41890580434 6.48537689563 90.4595599422 319.160284306 349.135167581 0 1664.82574763 39.789928484 385.946975373 23.210071516 22.1742523713 55.8397156945
4728 8.88931610422 121.324335344 173.986760568 401.122470713 0.634590858232 0.323383278252 7.33414416204 90.5854109883 319.397103068 330.449526806 0 1666.83870194 39.8393875709 379.164212849 23.1606124291 20.1612980643 55.6028969331
4752 8.17797929022 107.785510211 170.73815215 401.201011034 0.630231413218 0.791854724409 3.46155215772 93.9153506706 319.63183985 324.836018868 0 1668.45155139 39.8796219497 373.005277906 23.1203780503 18.5484486164 55.3681601505
4776 7.58727561214 91.470190102 171.137582554 401.272282792 0.619140625226 0.304402364101 4.29146564971 93.5127085681 320.191885078 332.416630507 0 1669.79868335 39.9837353278 358.599608797 23.0162646722 17.201316655 54.8081149225
4800 7.09973588704 81.0565514389 169.652741864 401.332890762 0.60254309475 0.600794078959 5.33852430897 92.1252477546 320.559779389 333.630156259 0 1670.90386706 40.0361042132 351.487655322 22.9638957868 16.0961329496 54.4402206117
4824 6.67386129028 74.4720964476 163.080605262 401.389333932 0.61775790909 0.859896279153 1.70148225266 95.431529627 321.071810796 345.737815875 0 1671.86769626 40.0801821689 340.86469067 22.9198178311 15.1323037421 53.9281892043
4848 6.30054408165 75.3849866877 159.671641475 401.4437301 0.643701278425 0.978398003469 1.6811675637 95.2530030541 321.148442629 341.301493685 0 1672.70488566 40.0080600372 336.72244067 22.9919399628 14.2951143437 53.8515573713
4872 5.93530588086 81.2648681571 167.970034738 401.502164485 0.642736096534 0.233673973391 4.76546259034 92.8559628548 320.301728666 306.664490834 0 1673.51532829 39.8498131869 329.593846924 23.1501868131 13.4846717163 54.6982713349
4896 5.61899915877 63.0086130615 164.199649227 401.554021943 0.624308781618 0.555693529456 4.05850435656 93.2074713885 320.804336246 301.244041521 0 1674.24849766 40.1005036601 328.093777488 22.8994963399 12.7515023476 54.1956637548
4920 5.34228250563 60.1172288239 166.521237863 401.601328581 0.627027907763 0.733948661998 1.96019537832 95.0774994705 320.754363904 290.388703354 0 1674.87591784 40.1287108067 316.989069376 22.8712891933 12.1240821632 54.2456360966
4944 5.09501484562 57.8884755689 159.957874355 401.646215195 0.636594464632 0.816429621217 3.58012908058 93.320631638 320.780321862 281.022447416 0 1675.43307408 40.1001867682 315.017884885 22.8998132318 11.5669259277 54.2196781384
4968 4.87510628692 55.6966707742 161.270879459 401.688831386 0.652187570782 0.931539516695 3.64042013687 93.0870213892 320.837886448 272.274632229 0 1675.93240415 40.129211146 311.342804121 22.870788854 11.0675958546 54.1621135531
4992 4.67417341379 51.8809437414 157.37341641 401.73035151 0.649628263974 0.0915124562474 1.36758197834 96.1609257911 320.992020185 268.549005065 0 1676.38936805 40.2110004369 309.978161937 22.7889995631 10.6106319594 54.0079798157
5016 4.49452840294 47.3121493288 157.973142479 401.767667798 0.621837394054 0.252399114822 2.75583332199 94.6022623705 321.222492767 273.202391042 0 1676.79779341 40.2791739263 302.896716521 22.7208260737 10.2022065996 53.7775072335
5040 4.33138051158 42.7169359437 161.095445099 401.801663599 0.605222977482 0.36447945324 1.89271666736 95.3359173023 321.147195784 271.892409397 0 1677.1682272 40.3333419512 295.187680223 22.6666580488 9.83177280737 53.8528042166
5064 4.18149259696 44.4716973368 154.052429266 401.833346436 0.595147857202 0.457294430337 2.79727591508 94.316935361 321.487951893 278.005073364 0 1677.50622942 40.2811634981 286.080234577 22.7188365019 9.4937705824 53.5120481072
5088 4.04627900979 38.4588969763 157.609785605 401.862577319 0.591623309555 0.585013523217 3.27496316363 93.6858226839 321.58199151 278.349513867 0 1677.81711109 40.4958931204 278.346043445 22.5041068796 9.18288891787 53.4180084912
5112 3.92219171126 38.5229224302 154.137492733 401.890238472 0.592800281768 0.632729608518 1.64975444402 95.2344771929 321.527192716 274.134850311 0 1678.09600157 40.4086298863 278.330230853 22.5913701137 8.9039984362 53.4728072846
5136 3.79754811164 39.9793267197 156.716934755 401.919012598 0.595425070349 0.665398238615 0.213431044671 96.606733048 321.318985642 260.782143456 0 1678.37594066 40.3135800894 276.040563234 22.6864199106 8.62405934765 53.6810143588
5160 3.67416268334 42.2801944642 155.546371237 401.948610266 0.599841392521 0.719737337412 1.831858845 94.8999521589 321.177019953 246.982220668 0 1678.65175535 40.198866752 274.327769151 22.801133248 8.34824465574 53.8229800478
5184 3.56373906632 36.7928663433 151.648190555 401.97621176 0.606533088503 0.768336513219 1.09160416832 95.5573144698 321.372684868 249.629212351 0 1678.9057991 40.3670454677 269.245391565 22.6329545323 8.09420090057 53.6273151331
5208 3.45595100444 37.4523647403 157.292053633 402.004333663 0.614679515176 0.817113429977 1.37233166141 95.1915417303 320.90418191 225.507035776 0 1679.14850793 40.3275861596 268.090930955 22.6724138404 7.85149207541 54.0958180905
5232 3.36007395086 34.7730870487 152.592928173 402.030462075 0.62389470474 0.871645343165 3.26617785068 93.2078200257 321.16710708 230.103575536 0 1679.3679082 40.4187659235 259.468111843 22.5812340765 7.63209180434 53.8328929203
5256 3.26847966224 31.0787087904 154.661495058 402.056550481 0.634859423416 0.91448068236 1.10425267188 95.2898567411 320.908345222 219.362787249 0 1679.57620112 40.5143762808 256.544385685 22.4856237192 7.42379888403 54.0916547784
5280 3.18844135505 29.5093907699 154.041676131 402.080350203 0.644972081826 0.908002929355 0.633661370908 95.7330134143 321.035750771 219.627825464 0 1679.75839185 40.5623737908 249.334510552 22.4376262092 7.24160815597 53.9642492298
5304 3.11102094257 28.1131643084 151.109437554 402.104311395 0.654819747673 0.930589059689 2.0731422467 94.2371375504 321.196058125 221.841482185 0 1679.93425405 40.619603157 242.864236856 22.380396843 7.0657459524 53.8039418754
5328 3.04447883143 26.2633058384 151.668015394 402.125696657 0.6639579925 0.941627347211 1.11270110183 95.1560169007 321.361869745 225.802927653 0 1680.08690406 40.7701469788 236.980582354 22.2298530212 6.91309594586 53.638130256
5352 2.97981101676 27.2285884877 153.875389857 402.147226166 0.673199500601 0.969935515712 2.09391852074 94.1157202962 321.24800037 220.166597635 0 1680.23226683 40.6692237226 233.595682494 22.3307762774 6.7677331763 53.7519996312
5376 2.90972803022 29.3581871004 149.709847905 402.171456355 0.684488398794 1.02687930931 3.34219825448 92.7749776819 320.988710405 208.427104867 0 1680.38826522 40.4845933504 232.563473708 22.5154066496 6.6117347829 54.0112895952
5400 2.84781336596 25.9957683277 146.956453507 402.19341372 0.671832433318 0.121834654422 2.25824135084 94.7546778411 321.255869531 208.900572615 0 1680.53162373 40.7465259275 231.757095371 22.2534740725 6.46837627538 53.7441304699
5424 2.79152471884 24.2043313136 149.753123409 402.213297806 0.656567993687 0.181011260224 2.03469392261 94.9144290169 321.218647597 209.614488591 0 1680.65965675 40.8020739947 226.363304902 22.1979260053 6.34034325818 53.7813524035
5448 2.73522460705 26.1760875874 148.785371047 402.233149795 0.64282290143 0.218201748361 1.91035297688 94.9954725781 321.25677588 208.081471975 0 1680.785634 40.6414495656 222.334465847 22.3585504344 6.2143660096 53.7432241205
5472 2.68195472395 22.5473302267 150.680568992 402.251936787 0.630977214761 0.247562405018 1.696010386 95.173513207 321.235586086 206.468716422 0 1680.90836204 40.9064808937 217.752529045 22.0935191063 6.09163796037 53.7644139145
5496 2.62743524455 24.3047615616 152.521568858 402.271200707 0.619910177301 0.285536779514 1.5871954711 95.2361568645 320.963732082 195.174674038 0 1681.02938049 40.6268957151 215.489281848 22.3731042849 5.97061951171 54.0362679182
5520 2.57764783003 21.6159714961 150.069355231 402.288858365 0.610908073256 0.31282503008 1.29319993268 95.494208599 320.956365839 192.870253383 0 1681.14407162 40.8492887624 210.535009848 22.1507112376 5.85592838636 54.0436341616
5544 2.53009484673 23.0228411764 147.260603192 402.30580981 0.60303971826 0.333436596638 0.936684993891 95.8210288808 321.037378449 189.753057731 0 1681.25171576 40.8015352375 206.889544305 22.1984647625 5.74828424831 53.962621552
5568 2.48239760222 22.1222393171 149.432048605 402.32291886 0.595745749235 0.360710173747 1.62430241118 95.0963228054 320.826398192 181.241896938 0 1681.35917196 40.7613754668 203.525724758 22.2386245332 5.64082804965 54.1736018092
5592 2.43767967888 21.0602343983 146.694981362 402.339080832 0.589822463375 0.383674392638 1.1946713527 95.4927509593 320.909479953 178.045746183 0 1681.46105631 40.8342341789 202.457236938 22.1657658211 5.53894369131 54.0905200479
5616 2.39366225331 22.7103683443 146.200271616 402.355129005 0.584539635569 0.4040150406 1.77481029605 94.8815060225 320.865184526 173.302689966 0 1681.5596484 40.6757981567 201.483469657 22.3242018433 5.44035160575 54.1348154749
5640 2.34835105279 23.7857811161 144.287077073 402.371815732 0.579730219365 0.421354880918 1.48672670098 95.1403724659 320.785418123 167.245219448 0 1681.66178195 40.5974506544 200.717288582 22.4025493456 5.33821805897 54.2145818777
5664 2.30538169622 21.3723039462 142.200546925 402.387815524 0.57550818605 0.429238107481 1.12377640681 95.4836617755 320.9952576 171.355797028 0 1681.76032192 40.746728605 197.146689332 22.253271395 5.23967808386 54.0047424002
5688 2.26547193087 19.367228342 144.666562438 402.402843699 0.571990326162 0.443321795661 0.602779544963 95.9790646341 321.040383535 173.226277787 0 1681.85150548 40.8813135837 193.773010184 22.1186864163 5.14849452116 53.9596164661
5712 2.22908834203 20.8421439666 140.459898291 402.416698165 0.569022753842 0.452889384531 0.907167998565 95.654221698 321.141563513 176.119557634 0 1681.9341726 40.8602490436 190.668122956 22.1397509564 5.06582740733 53.8584364879
5736 2.19408280618 17.8686917185 141.464992791 402.430176949 0.566429906879 0.463984171799 0.15559040009 96.3838185722 321.17548866 175.251636086 0 1682.01416905 41.0251253662 191.695378932 21.9748746338 4.98583095197 53.8245113403
5760 2.16038232001 17.5841510603 140.941943365 402.443301609 0.564183474036 0.477903087277 1.34725109003 95.1673607395 321.296380678 180.392524385 0 1682.09058993 41.0337134319 187.829664346 21.9662865681 4.90941007872 53.7036193224
5784 2.12914189907 17.109734294 141.037321907 402.455609097 0.562427460238 0.487415855929 1.41567094457 95.0788766414 321.389821153 184.263568705 0 1682.16164059 41.0766920854 184.200797431 21.9233079146 4.83835941402 53.6101788475
5808 2.09596821278 20.6445262677 142.503618492 402.468837192 0.560761609598 0.494398744064 0.651307812737 95.8246946415 321.176462351 176.594251502 0 1682.23538421 40.7745058222 183.706751854 22.2254941778 4.76461579418 53.8235376496
5832 2.06507051374 17.9296044616 141.699704598 402.481313242 0.559362912421 0.5037287123 0.759487522342 95.6961076108 321.311042219 177.715537654 0 1682.30709394 41.1195480197 182.306984692 21.8804519803 4.69290605978 53.6889577821
5856 2.03598579223 17.5157378866 142.009546217 402.493203155 0.558389361054 0.524352468535 0.748319960545 95.6757350546 321.144619212 172.737141498 0 1682.37273942 41.0663131924 182.958616759 21.9336868076 4.62726058123 53.8553807885
5880 2.00683240521 18.0983156803 139.818163109 402.505275481 0.557695726815 0.532540668869 1.79505132752 94.6094367951 321.197406057 171.374986783 0 1682.43827633 40.9114131041 182.70645124 22.0885868959 4.56172367218 53.8025939442
5904 1.97830088342 16.355200618 140.235446164 402.51724895 0.557241392645 0.542483603937 0.82257968055 95.5604463727 321.22546653 172.539634785 0 1682.50400082 41.1968103761 178.601609923 21.8031896239 4.49599918824 53.7745334707
5928.0 1001.95269131 14.8407228652 138.956623622 402.528138027 0.557075546883 0.551853517901 0.665939664089 95.6969932438 321.360737309 173.902359053 0 1682.5624125 41.2897280733 177.670874913 21.7102719267 4.43758750827 53.6392626916
5952 375.613227082 5183.45178762 190.375137426 405.783145037 4.47360665758 15.5447661386 28.7371119319 45.4613702343 275.196452851 873.300492599 0 1146.57507976 39.8642685665 409.689180032 23.1357314335 540.42492025 99.8035471495
5976 91.2061252607 3300.65593714 190.185131571 423.570717283 10.0394907481 13.7234318784 21.252343253 31.4140168369 275.254800932 371.002162136 0 1481.80070101 39.077251449 446.339183139 23.922748551 205.199298996 99.7451990687
6000 34.613102325 1134.73597919 184.758886917 433.860732104 2.86973219266 10.964779737 16.1671142531 36.1376417124 293.613345805 297.859560206 0 1605.26590424 39.0936398849 440.187821142 23.9063601151 81.7340957658 81.3866541956
6024 21.911295658 434.342531683 168.359027929 435.801859532 0.974178280606 7.21054771987 13.1636507713 42.8497636958 309.404566256 331.725305417 0 1636.85217277 39.389576172 427.408507174 23.610423828 50.1478272412 65.595433745
6048 17.2305349195 265.52636097 172.602156862 436.013948101 0.164296610351 1.62275560359 11.0191673244 51.1798323604 315.285316518 377.935741593 0 1647.93298208 39.6187769276 396.921220812 23.3812230724 39.0670179265 59.7146834822
6072 14.529094782 220.865663355 172.72136018 436.111165779 0.549344507157 1.05082432913 6.97649135479 55.3121740297 316.837895034 362.917339528 0 1654.07042221 39.6668210282 397.053093911 23.3331789718 32.9295778001 58.1621049665
6096 12.5583847057 180.016500417 170.553040796 436.23536578 0.575929557609 0.828055118757 3.80111693297 58.5595326106 317.836796566 356.817012859 0 1658.53524788 39.7261313464 395.801347169 23.2738686536 28.4647521317 57.1632034345
6120 11.1204587007 156.0649827 179.020861378 436.341197113 0.561420363941 0.465837722999 4.76695330363 57.8645914962 318.466767991 350.764134034 0 1661.79685438 39.7815418831 380.193197726 23.2184581169 25.2031456301 56.5332320098
6144 9.98215403934 135.75150938 172.608652683 436.433699646 0.594460658446 1.03377685624 4.46614821366 57.4719146256 318.698299502 331.632655837 0 1664.3631538 39.7943087434 373.52639436 23.2056912566 22.636846209 56.301700499
6168 9.05503364387 117.595737046 165.574738405 436.523745021 0.611659076325 0.47077074387 3.46835284436 58.9254723145 319.50793788 339.368768718 0 1666.46237696 39.8396181153 361.947795362 23.1603818847 20.5376230499 55.4920621202
6192 8.3007781928 107.962009341 163.538149242 436.603316283 0.613677298348 0.748285056593 2.86476051313 59.1699608488 319.831955212 331.842167061 0 1668.17154098 39.8814039287 355.652458062 23.1185960713 18.8284590312 55.1680447884
6216 7.68224221832 93.0900457252 166.164122756 436.675777771 0.635619828951 0.870981269747 1.62346851101 60.1941526187 320.312020265 335.857050754 0 1669.57689916 39.935068993 348.925980619 23.064931007 17.4231008504 54.6879797354
6240 7.17103235012 92.3269452191 160.638855707 436.742721378 0.661398734951 0.92883716027 1.70014848752 59.9668942393 320.643745292 334.386374173 0 1670.73215137 39.9265732835 344.994908023 23.0734267165 16.2678486371 54.3562547085
6264 6.71926156969 82.3599075548 161.365556348 436.808557567 0.679177142699 0.0617160183856 4.28888475386 58.1616645176 320.836877599 333.06553907 0 1671.75684325 39.9800752095 342.675664482 23.0199247905 15.2431567571 54.1631224012
6288 6.33127721671 76.103119681 165.898505107 436.867305141 0.644006651595 0.435262961219 4.04728320276 58.0061420428 321.121158158 333.349086038 0 1672.64021858 40.0617151925 335.007262834 22.9382848075 14.3597814259 53.8788418426
6312 5.98307195611 71.2618484511 167.41535694 436.921582165 0.639170944239 0.704320905739 2.6612054539 59.0737205309 320.8285265 317.028257608 0 1673.42278527 40.0306610176 333.066481817 22.9693389824 13.5772147406 54.1714735009
6336 5.68423715435 60.8251736835 166.901179869 436.970968169 0.646250759702 0.744136754974 1.20884304391 60.4298012717 321.171804017 319.154068049 0 1674.10553997 40.156236563 328.128292466 22.843763437 12.894460034 53.8281959834
6360 5.43646437732 52.6614243765 163.84357966 437.014392112 0.65296311001 0.766665062141 2.18212453389 59.3838551821 321.684166964 337.66815985 0 1674.67440365 40.3301294297 313.77794465 22.6698705703 12.3255963589 53.3158330363
6384 5.18860669752 60.9868585857 164.622548191 437.060416312 0.662460936626 0.816544115086 2.27688887998 59.1836897563 321.30180224 316.274462422 0 1675.22300672 40.1039447907 306.209956679 22.8960552093 11.7769932908 53.6981977611
6408 4.96937380537 51.880595224 165.835408936 437.103677459 0.674082143473 0.868961159865 1.0385377161 60.3147415208 321.178360543 302.29327194 0 1675.72622992 40.2855650274 303.809024869 22.7144349726 11.2737700866 53.8216394579
6432 4.77264653319 51.0787627493 165.826818125 437.144870271 0.685736694271 0.886372498883 1.61358268851 59.6694378467 321.117928853 284.595152047 0 1676.16849129 40.2313497955 305.649686684 22.7686502045 10.8315087201 53.8820711478
6456 4.58018490963 50.865439123 162.579654134 437.187601614 0.698640764166 0.909987345048 1.23623185852 59.967538418 321.044981269 272.47171559 0 1676.60129709 40.1908949591 300.45608927 22.8091050409 10.3987029168 53.9550187312
6480 4.4034971693 47.1851624325 161.09961552 437.229196321 0.71099344796 0.914070116854 0.729999504777 60.4157406096 320.806647112 260.658874409 0 1677.00302967 40.2527582387 291.718430303 22.7472417613 9.99697033827 54.1933528887
6504 4.2449182032 43.907809988 159.756333134 437.268609964 0.721795460127 0.921858399368 1.97660203976 59.1111341368 320.881342534 254.007973898 0 1677.3627277 40.302006186 286.44976335 22.697993814 9.63727230435 54.1186574663
6528 4.10439854324 46.8030402768 151.10679603 437.305319 0.732165206791 0.933164370852 0.942744584496 60.0866068372 321.228268071 257.839947304 0 1677.67902552 40.2057892105 283.127211256 22.7942107895 9.32097448576 53.7717319294
6552 3.96844193867 40.5788178369 152.258647724 437.342572309 0.742355556648 0.938503689958 0.919411709428 60.0571567347 321.317990414 257.568706374 0 1677.9899662 40.356300807 282.609241908 22.643699193 9.01003381201 53.6820095867
6576 3.84620768716 39.4476717231 152.974366232 437.377624239 0.751429106887 0.941851407571 0.684911229184 60.2441840173 321.498277488 263.906422657 0 1678.26693352 40.3685983222 274.899011026 22.6314016778 8.73306648769 53.5017225128
6600 3.73204943902 38.5324015103 153.407237906 437.411775645 0.759718373732 0.9360101135 1.36458073019 59.5279151376 321.515655248 263.285063687 0 1678.52538341 40.3635504688 270.121778285 22.6364495312 8.47461660164 53.4843447528
6624 3.62099468438 35.2642853812 153.504379948 437.446380702 0.767794963789 0.954368666435 1.00050325825 59.8309524088 321.387867596 257.842369568 0 1678.77702859 40.4188183372 266.107910838 22.5811816628 8.2229714196 53.6121324048
6648 3.52187794996 34.4332512385 156.958014766 437.478506492 0.775459535286 0.955141922419 1.45100229005 59.3398897601 321.317457294 247.317061794 0 1679.00237345 40.4615024492 264.782410216 22.5384975508 7.99762655443 53.6825427066
6672 3.4259007349 36.0200473244 157.742298587 437.510808891 0.783558548132 0.985030562684 0.828250165567 59.8923518321 320.990506143 237.675944635 0 1679.21792036 40.3526710734 256.132314568 22.6473289266 7.78207964528 54.0094938579
6696 3.33041116242 36.7448424006 147.228681713 437.544214345 0.791988919411 0.98513986377 0.31814129762 60.3605155738 321.40257547 240.09562692 0 1679.43403373 40.372722213 250.341068172 22.627277787 7.56596628316 53.5974245307
6720 3.23130555308 35.6417302511 147.270418589 437.58029552 0.800432011542 0.982008253112 0.984074884334 59.6531893303 321.233059928 230.860890098 0 1679.65591616 40.2507193115 250.000022623 22.7492806885 7.34408384846 53.7669400729
6744 3.14803982027 28.8987037403 149.214933119 437.611779329 0.807556302836 0.990054709153 1.26437897876 59.3262306797 321.313752478 228.272549232 0 1679.84969385 40.5697348989 248.193368221 22.4302651011 7.15030616238 53.6862475227
6768 3.07385415034 29.7205272605 147.408365611 437.640782849 0.8139475068 0.987214252753 1.36608646921 59.191968922 321.386045159 229.113162912 0 1680.01756074 40.5419433341 243.752566963 22.4580566659 6.98243926675 53.6139548413
6792 3.00120415646 28.2025428134 148.560444461 437.6700993 0.820364708465 1.01036131041 2.42007017587 58.079104505 321.364815227 226.167084941 0 1680.18199308 40.5462068576 242.769614529 22.4537931424 6.81800692769 53.6351847732
6816 2.93123861417 26.0539167103 153.916507016 437.698658265 0.79391564064 0.0678272754066 1.47514925998 59.9644495582 321.147747752 218.542455826 0 1680.34176552 40.6701514892 235.254244706 22.3298485108 6.65823448567 53.8522522484
6840 2.86915801556 24.710402679 149.522936054 437.723786362 0.771578951404 0.113371988217 2.35063035952 59.0406323382 321.324999637 218.658215255 0 1680.48374093 40.7971182622 230.343215289 22.2028817378 6.51625908168 53.6750003634
6864 2.81079981027 25.9129739174 145.823754958 437.747269185 0.752404896206 0.159652605371 1.14091971844 60.1997535947 321.491793947 219.102259782 0 1680.61506334 40.6977088341 229.756901404 22.3022911659 6.38493666431 53.5082060537
6888 2.75196709652 23.7391532501 152.735233474 437.770852087 0.734280003649 0.180971886331 1.03320815017 60.280687872 321.16454354 209.716598113 0 1680.74835287 40.7474026255 226.475008343 22.2525973745 6.25164714281 53.8354564602
6912 2.69367719557 23.3033138844 147.258980667 437.794152887 0.717110884228 0.203657879984 0.944135152222 60.3409431958 321.239012188 207.088035235 0 1680.88037911 40.7573087566 223.527728775 22.2426912434 6.11962089845 53.7609878127
6936 2.64109860606 24.2787590976 146.091651196 437.815139287 0.702667118281 0.240528264402 1.66879887005 59.57286646 321.183342105 202.424717323 0 1680.999311 40.6917302943 221.877687733 22.3082697057 6.00068900543 53.8166578953
6960 2.59046057477 22.8862592245 143.4707295 437.83535698 0.689985636803 0.267721464407 0.377073854789 60.829862064 321.442484655 208.315220899 0 1681.11468738 40.7733388578 217.552044022 22.2266611422 5.88531263186 53.5575153457
6984 2.54348507636 21.5074573963 143.228065575 437.854141425 0.67872694537 0.281282631407 1.01479524537 60.1710537525 321.490454186 210.668020113 0 1681.22162736 40.8538894525 214.576533321 22.1461105475 5.77837264756 53.5095458148
7008 2.49674906175 22.4881591776 145.419265122 437.872872855 0.668071160474 0.295280440577 0.672389529718 60.4913860142 321.381942696 205.308775973 0 1681.32661097 40.7332526271 212.783274661 22.2667473729 5.67338904022 53.6180573048
7032 2.45228957029 23.1159416092 146.182375333 437.89074592 0.658378054177 0.312159799298 1.27037225953 59.8683439669 321.360069917 201.316599815 0 1681.42720874 40.6853167961 210.211731464 22.3146832039 5.57279126867 53.6399300831
7056 2.40765986629 21.6491388082 146.318499364 437.90875633 0.649222116727 0.33570445025 1.88958770587 59.2167293965 321.176372132 195.878757909 0 1681.52842427 40.7352615871 209.840619175 22.2647384129 5.471575736 53.8236278688
7080 2.36418985773 22.8352797898 143.853585814 437.926385317 0.640972518777 0.352590773744 1.50674811882 59.5733032714 321.14153375 187.567892854 0 1681.62656838 40.6669483716 211.56027919 22.3330516284 5.37343162468 53.8584662503
7104 2.32221419528 20.651885366 141.936213968 437.943509185 0.633668992731 0.376121623576 1.08087848993 59.9658217088 321.1857643 186.077842333 0 1681.72268019 40.8275066146 212.312252486 22.1724933854 5.27731981401 53.8142357006
7128 2.28228575293 19.6862809794 141.379334427 437.959910127 0.627288005683 0.392203100152 0.616471986321 60.4041267804 321.278418382 187.536012859 0 1681.81327087 40.858418833 210.257417214 22.141581167 5.18672914031 53.7215816188
7152 2.24494890801 20.6443432002 145.61749521 437.975359658 0.62159744357 0.397904267088 1.09515176405 59.9099868666 321.077325602 178.464115588 0 1681.89775884 40.8109241891 213.230690421 22.1890758109 5.10224117123 53.9226743985
7176 2.20865858893 18.6883724738 145.406641762 437.990491516 0.616527476643 0.42689385056 1.50793178769 59.4581553689 321.012718277 176.687700327 0 1681.98101496 40.9911172416 209.334169757 22.0088827584 5.01898504731 53.9872817239
7200 2.17496292944 18.0043935152 146.064059759 438.004660902 0.61240658165 0.438882819445 0.869453093024 60.0745966038 321.099059816 175.971966491 0 1682.05754579 41.0178814218 205.69300863 21.9821185782 4.94245421494 53.9009401844
7224 2.14252317771 17.329250942 143.493053083 438.018422363 0.608644301346 0.448348900422 1.204053467 59.7205309683 321.116124866 176.751002608 0 1682.13114225 41.0535346051 201.321379181 21.9464653949 4.86885776107 53.8838751343
7248 2.11147510179 17.3878633437 145.159941349 438.031712049 0.605293131338 0.460917060908 1.49282077632 59.4092569819 321.01765973 171.786152822 0 1682.20152277 41.032688007 199.174902038 21.967311993 4.7984772376 53.9823402709
7272 2.08080734576 17.1385522205 141.742375445 438.044963527 0.602427419085 0.481260620071 0.767551973131 60.1037964601 321.258589424 177.070826934 0 1682.27131934 41.0942959666 195.189453062 21.9057040334 4.72868066987 53.7414105767
7296 2.04894315728 17.9690785435 140.917202605 438.058877055 0.599763040235 0.490280937193 1.13580998081 59.7152689861 321.242986739 177.451916239 0 1682.34265292 40.9001319025 191.437192074 22.0998680975 4.65734708527 53.7570132618
7320 2.02006202069 16.8988083956 138.873702279 438.071625168 0.597672336746 0.510490749413 1.3695012216 59.4507105236 321.373781308 177.944425465 0 1682.40909429 41.1167804607 192.840501247 21.8832195393 4.59090571829 53.6262186925
7344 1.98929332635 17.2072227586 138.904535951 438.085364075 0.595878767671 0.525850214786 0.714834574021 60.0780723682 321.257804216 175.26105666 0 1682.47797217 40.9395300386 193.238450705 22.0604699614 4.52202783919 53.7421957845
7368 1.96184577866 16.7187983501 144.387455371 438.097767573 0.59444709817 0.527366642013 0.95668990052 59.823728786 321.051872214 169.280768738 0 1682.5407656 41.0224395931 189.764015085 21.9775604069 4.4592344111 53.9481277861
7392 1.93555167634 16.8030386145 138.430860374 438.109786344 0.593211030326 0.537066455866 1.14570611636 59.6142300531 321.289583202 173.937722609 0 1682.6005742 41.0714313783 186.464701574 21.9285686217 4.39942581225 53.7104167983
7416 1.90938596754 15.9354321502 143.900205074 438.121885848 0.592094041716 0.538169395971 0.361882283761 60.3859684298 321.038444554 166.955243355 0 1682.65972453 41.0498528718 183.362977647 21.9501471282 4.34027547976 53.9615554465
7440 1.88529216824 14.8616711064 143.604419699 438.133154661 0.591105148798 0.541614278425 0.491453294719 60.2426726165 321.073513956 163.162305999 0 1682.71494205 41.2109409266 180.414114591 21.7890590734 4.2850579587 53.9264860441
7464 1.85991518193 17.296344624 138.972418632 438.145160718 0.590157731895 0.545917835153 0.695164314756 60.0235994 321.128326373 162.783123884 0 1682.77162642 40.926100673 178.619318517 22.073899327 4.22837358446 53.8716736279
7488 1.83541406285 15.2155394135 139.477845127 438.156891283 0.589326947807 0.549076411331 0.874666374716 59.8300389829 321.049031972 159.2543285 0 1682.82774236 41.1182791243 179.868233049 21.8817208757 4.17225764507 53.9509680282
7512 1.81177982609 14.5479783538 140.623489914 438.16834135 0.588683559541 0.566270758807 1.99856495498 58.6781393761 321.101963456 158.563124347 0 1682.88152374 41.1908779921 176.197897912 21.8091220079 4.11847626452 53.8980365443
7536 1.78842327808 15.0133737189 143.274221357 438.179795864 0.588413726677 0.579602758716 1.13020901316 59.5219786372 320.83962815 148.16715755 0 1682.93416128 41.0849751458 175.629886924 21.9150248542 4.06583873157 54.1603718509
7560 1.76631722407 15.621754563 141.213709731 438.190772728 0.588344532828 0.588633067595 1.2216953234 59.4105543474 320.746078068 142.842136617 0 1682.98413768 41.0007554813 175.170359324 21.9992445187 4.01586233133 54.2539219323
7584 1.74374869147 13.9772765208 140.57831611 438.202121816 0.588396956336 0.594984565507 1.35558322884 59.2589134326 320.858082698 142.339912445 0 1683.03588959 41.222583288 173.777178893 21.777416712 3.96411041355 54.1419173026
7608 1.72398307663 13.3603858862 137.034173639 438.212184822 0.588590795926 0.600016204545 0.361331768273 60.2378764086 320.956030579 143.670622483 0 1683.08110319 41.3379165025 175.376456163 21.6620834975 3.91889682271 54.0439694215
7632 1.70255264927 15.4189252752 136.007127952 438.223230587 0.588815936278 0.601370827182 0.472986119996 60.1135965289 320.956938224 143.522952315 0 1683.12890378 41.0610618246 174.029135308 21.9389381754 3.87109622962 54.0430617766
7656 1.68169692737 13.2372738892 143.098571602 438.234118898 0.589085912153 0.608904845389 0.555582860596 60.0123074833 320.69328709 135.329272136 0 1683.17684996 41.2989004868 172.764168604 21.7010995132 3.82315004529 54.3067129105
7680 1.66277405898 13.3485263388 142.454701606 438.244120937 0.589415737609 0.607142578627 0.566442440704 59.9928783057 320.634605951 127.637128316 0 1683.21987541 41.3032741392 174.540995416 21.6967258608 3.78012460112 54.3653940495
7704 1.64472752536 14.6545007431 135.110184815 438.253771522 0.589734192485 0.610665810724 0.530634860286 60.0151936143 320.883641929 134.664301817 0 1683.26070112 41.2220699796 171.364954773 21.7779300204 3.73929889036 54.1163580716
7728 1.62540403087 13.3462072338 135.166657397 438.264229406 0.590121332785 0.611773012082 0.579939443787 59.953936805 320.98307551 138.616481724 0 1683.30458337 41.273714265 169.312861045 21.726285735 3.69541664166 54.0169244907
7752 1.60777681809 12.2136787824 136.919405612 438.273884514 0.590508860211 0.617012607428 0.539353973021 59.9792400455 321.009049476 139.107713838 0 1683.3449644 41.4569335646 168.30790257 21.5430664354 3.65503560422 53.990950525
7776 1.59035009357 12.7222658863 138.103134611 438.283541374 0.590970920544 0.623566924205 1.49520752911 59.0067132515 321.022626403 138.969715386 0 1683.38427352 41.335405374 166.402485824 21.664594626 3.61572648987 53.9773735981
7800 1.57331609838 12.0862044441 136.43554455 438.293091639 0.591519872314 0.626809169767 0.445699951217 60.042879367 321.009791423 140.524257171 0 1683.42310045 41.4400659508 164.588702613 21.5599340492 3.57689955868 53.9902085777
7824 1.55645994079 12.3689794978 135.42809177 438.302653646 0.59208861483 0.626163577653 0.40398151604 60.0751126454 321.045770336 139.69596069 0 1683.46113987 41.3528023321 165.803767062 21.6471976679 3.53886014231 53.9542296649
7848 1.53945269892 13.5100467386 138.228513243 438.312416191 0.59265537872 0.627626614936 0.377029032392 60.090272783 320.780134704 133.027811131 0 1683.49945556 41.2002149574 165.041270495 21.7997850426 3.50054444598 54.2198652964
7872 1.52230551412 12.5828614226 137.85366536 438.322378585 0.593242825315 0.628102067401 0.370825949744 60.0854505725 320.737657178 130.57291123 0 1683.53846087 41.2660073506 163.343205372 21.7339926494 3.46153913603 54.2623428231
7896 1.50599201606 11.7793717307 135.555158811 438.331970628 0.593809765126 0.631650864888 1.3203673598 59.1222013823 320.878580675 132.710405598 0 1683.57580116 41.425671288 161.724534521 21.574328712 3.42419885113 54.1214193259
7920 1.49108564571 12.1216487668 134.892997816 438.340835101 0.594378449653 0.633496732443 0.199596302074 60.2316934142 320.94534112 133.451818557 0 1683.60963485 41.3837266338 160.155545318 21.6162733662 3.39036516095 54.0546588803
7944 1.4763424721 11.3048986541 135.21527018 438.349698597 0.594942111237 0.633647441177 1.08112166949 59.3405901806 321.037438154 136.471245286 0 1683.64328104 41.5122736163 157.675723326 21.4877263837 3.3567189729 53.9625618467
7968 1.46116291385 14.060770904 135.050274784 438.358926679 0.595583587678 0.638246385263 0.988757924176 59.4184854237 320.991698772 135.924985609 0 1683.6769245 41.0583715526 155.282494882 21.9416284474 3.32307551253 54.0083012284
7992 1.44469605307 13.1620345198 138.192150631 438.369057823 0.596270456339 0.636584724247 0.997340556896 59.4007464393 320.627536855 124.201787991 0 1683.71448062 41.2119847238 156.918629815 21.7880152762 3.28551938437 54.3724631456
8016 1.42989194563 11.1046667702 137.334676446 438.378275258 0.596918367933 0.639248685136 0.905333366075 59.4802243227 320.651191483 120.941141586 0 1683.74861912 41.492618182 157.545160167 21.507381818 3.25138089083 54.3488085176
8040 1.41679980172 12.0738627532 135.162858617 438.386515054 0.597476598819 0.636498726426 0.726357335326 59.653152285 320.742039471 120.459298217 0 1683.77837583 41.4390433913 156.225616592 21.5609566087 3.2216241819 54.2579605299
8064 1.40236055989 11.9295508403 136.630205924 438.395700391 0.598101930157 0.639217947697 0.628959779997 59.738019951 320.638309365 116.946955891 0 1683.81090911 41.3589070329 155.936339534 21.6410929671 3.18909089821 54.3616906353
8088 1.38778201056 11.044015696 135.497403444 438.405080808 0.598737754293 0.637356560112 0.558839929198 59.7999849485 320.708829876 115.433384472 0 1683.84411011 41.4535730651 157.66200966 21.5464269349 3.15588989709 54.2911701242
8112 1.37468636958 10.4699074775 135.249899351 438.413599875 0.599299870555 0.639566051783 0.394587506036 59.9529466966 320.583791361 111.373659546 0 1683.87409107 41.5986001679 158.373925368 21.4013998321 3.12590893405 54.4162086399
8136 1.36209288773 10.7745694864 132.656426019 438.421876898 0.599854359717 0.641192763899 0.206693992414 60.1303819859 320.732702229 114.901674236 0 1683.90252755 41.4978714997 157.110139881 21.5021285003 3.09747246034 54.2672977718
8160 1.34891682931 11.4422090899 134.849573032 438.430627473 0.600437502628 0.641181197088 1.0677554652 59.259998362 320.69197946 114.776234172 0 1683.93220352 41.3312626976 154.91254952 21.6687373024 3.06779648515 54.3080205405
8184 1.33654928211 9.97375749913 136.838743774 438.438927096 0.600991624901 0.640755933159 0.884342160835 59.434983185 320.619610878 112.641830997 0 1683.96080339 41.6911935448 152.785932946 21.3088064552 3.03919661752 54.3803891225
8208 1.32526629386 10.451742708 135.099429926 438.446572979 0.60152089042 0.643520156182 0.629439894075 59.6789460799 320.702722942 114.105279515 0 1683.9863553 41.6010588222 150.725241573 21.3989411778 3.01364470664 54.2972770589
8232 1.31387512028 10.3757275646 132.471875778 438.454365499 0.602065160583 0.642597451031 0.395475705023 59.9054961839 320.806160248 117.207761013 0 1684.01216906 41.5786525839 149.709850931 21.4213474161 2.98783094808 54.1938397521
8256 1.30262234104 10.2934679529 133.215069022 438.462136799 0.602585394906 0.644319313663 1.15340953866 59.1375489536 320.870093921 119.604352446 0 1684.03770951 41.5762063319 147.751270255 21.4237936681 2.96229049803 54.1299060799
8280 1.29091561098 10.6157247295 134.627768408 438.470300791 0.603201814438 0.650987177601 0.938829321332 59.3366808952 320.713226814 115.96646111 0 1684.06405905 41.4444695154 147.831558598 21.5555304846 2.93594095741 54.286773187
8304 1.2798404938 9.8600077271 133.42349809 438.478100846 0.603817816599 0.650381753445 0.702178002354 59.5655215811 320.787650229 116.388020833 0 1684.08947989 41.6439538224 146.935447764 21.3560461776 2.91052011878 54.2123497721
8328 1.26946579123 9.29934871044 135.564689604 438.485476281 0.60437956638 0.648349072833 0.42612770724 59.8356673718 320.684467525 112.696094809 0 1684.11324895 41.8128500971 147.055477925 21.1871499029 2.88675105708 54.3155324753
8352 1.25950596759 9.17713051324 132.390846841 438.492620031 0.60489675956 0.649837141064 1.11977289768 59.1328731704 320.785064874 114.186287701 0 1684.13590333 41.8474002945 145.217412877 21.1525997055 2.86409667657 54.2149351266
8376 1.24893080765 9.41187415417 133.049711622 438.500274305 0.605510550845 0.6564374877 0.85198541124 59.3857922448 320.751053445 113.336786113 0 1684.15976294 41.7395330766 143.432130681 21.2604669234 2.84023707269 54.2489465552
8400 1.23800461384 9.53178415994 133.810487515 438.508259635 0.606182790945 0.655889089791 0.629662490221 59.6000059933 320.748264592 112.284561336 0 1684.1844789 41.6776086783 142.678696735 21.3223913217 2.8155211124 54.2517354091
8424 1.22790861368 9.12178284409 132.753109325 438.515709006 0.606805618538 0.659963150198 1.34508998676 58.8724322387 320.813365502 112.188319437 0 1684.20758184 41.8111841878 142.938862453 21.1888158122 2.79241817108 54.1866344982
8448 1.21754280879 9.62852879482 137.547678026 438.52342976 0.607483054504 0.661609520085 1.09069852628 59.1167791385 320.586796221 105.97698728 0 1684.23084024 41.6055671378 141.243271203 21.3944328622 2.76915976428 54.41320378
8472 1.20782436236 10.097911036 134.627308059 438.530736214 0.608119293461 0.660217026966 0.801319092032 59.3996083727 320.562971594 103.142224502 0 1684.25301087 41.6358212545 141.58077694 21.3641787455 2.74698914265 54.4370284063
8496 1.19761469839 10.2331276596 133.763150298 438.538483869 0.608794061824 0.661123622627 0.549148360563 59.6424500853 320.581574989 103.26309207 0 1684.27595506 41.45085703 139.939292283 21.54914297 2.72404494382 54.4184250114
8520 1.18779184185 8.87118205184 132.121370971 438.546008761 0.609442694011 0.661479491142 0.27562555325 59.9074435003 320.66952359 105.246744096 0 1684.29866742 41.8293952693 138.343261603 21.1706047307 2.70133258686 54.3304764108
8544 1.17820478243 8.88409042829 129.226861698 438.553420988 0.610060788963 0.661170170234 0.99173807306 59.1836099794 320.813553482 107.868436547 0 1684.32042191 41.8147030244 138.770028627 21.1852969756 2.67957810025 54.1864465186
8568 1.16941981286 8.610887671 130.078571876 438.560272931 0.610634817997 0.66069259469 0.653340073686 59.5150595818 320.855079383 108.905128197 0 1684.34047979 41.9064055654 139.202318657 21.0935944346 2.65952022075 54.1449206179
8592 1.16057153713 8.69405460881 130.55441436 438.567232991 0.611205559976 0.659889136633 0.325321235008 59.8363510772 320.801087925 108.952002831 0 1684.36050829 41.8530374306 137.65659678 21.1469625694 2.63949171681 54.1989120757
8616 1.15210655548 8.42354133738 133.012600323 438.573947408 0.611730188542 0.659784505207 0.971643424627 59.1828944732 320.784806458 106.723574439 0 1684.37982905 41.9453275286 137.135235434 21.0546724714 2.62017096138 54.2151935428
8640 1.14325910987 8.74248277347 133.040480993 438.581024465 0.61230906082 0.662960093915 0.645507089878 59.4981992899 320.631580808 103.716879128 0 1684.39974919 41.7952149368 136.642464862 21.2047850632 2.60025082049 54.3684191928
8664 1.13448758553 8.89339610663 131.602363504 438.588101846 0.612899918496 0.663570697632 0.323733651508 59.8116938856 320.638969454 102.89170201 0 1684.41962592 41.7367060549 135.177722886 21.2632939451 2.58037408665 54.361030547
8688 1.12432602587 9.33375416443 133.667603147 438.596378065 0.613572550014 0.664360120393 1.11578957609 59.0098996883 320.50242544 97.1421424301 0 1684.44242617 41.549804161 135.735727155 21.450195839 2.55757383561 54.4975745603
8712 1.11579901745 8.48349205944 131.137404488 438.603387978 0.614128904014 0.662034370618 0.791892263121 59.3285564842 320.596733127 98.4271238414 0 1684.46215944 41.8487234454 135.305804681 21.1512765546 2.53784056946 54.4032668733
8736 1.10790763093 9.02518053484 131.016431384 438.609928892 0.614631681795 0.659877024136 0.422147439506 59.6934149619 320.649149009 98.4149462439 0 1684.48019874 41.9406733362 133.899155457 21.0593266638 2.51980126533 54.3508509913
8760 1.09937381221 8.66605798797 130.404815461 438.617060833 0.615152806169 0.661076497332 1.10166077396 59.0050490893 320.637516655 99.26080024 0 1684.49936604 41.7510024895 133.518798054 21.2489975105 2.50063396906 54.3624833455
