Time EBV Teff Treg ODC_le1 ODC_le2 ODC_le3 ODC_le4 ODC_le5 NK IL2 DAC Resting_Teff Resting_Treg EffectorMemory Resting_Treg_temp Resting_Teff_temp NK_temp
0.0 0 0 0 0 0 0 0 500 375 1000 0 1687 63 0 0 0 0
24 0 0 0 0 0 0 0 500 336.279789971 908.048253598 0 1687 63 0 0 0 38.7202100291
48 0 0 0 0 0 0 0 500 335.391027502 823.849847309 0 1687 63 0 0 0 39.6089724976
72 0 0 0 0 0 0 0 500 334.559882085 745.880698262 0 1687 63 0 0 0 40.4401179151
96 0 0 0 0 0 0 0 500 333.760437385 673.915002205 0 1687 63 0 0 0 41.2395626152
120 0 0 0 0 0 0 0 500 332.995774144 607.703333798 0 1687 63 0 0 0 42.0042258555
144 0 0 0 0 0 0 0 500 332.2684442 546.975994766 0 1687 63 0 0 0 42.7315557996
168.0 1000 0 0 0 0 0 0 500 331.580390823 491.447224652 0 1687 63 0 0 0 43.4196091775
192 587.94283022 2674.42256109 91.5619289612 4.47673168998 18.9970923557 71.5351553232 179.581289232 225.4097314 319.455578209 5741.3447637 0 1039.6715255 41.772295668 0 21.227704332 647.328474501 55.5444217919
216 136.665390768 6886.78889357 163.865700044 80.7239863109 44.4443006117 90.0446104045 137.960920912 146.826181761 264.690212945 491.147948037 0 1395.96471544 38.9740630757 590.112802934 24.0259369243 291.035284563 110.309787056
240 32.8997029051 2344.01655325 177.176816306 166.597144659 36.5822347345 68.4396229154 108.422662975 119.958334716 278.988371654 248.32198025 0 1604.04802007 38.8601192811 546.725177549 24.1398807189 82.9519799318 96.0116283462
264 16.2821682017 570.459962699 173.448017269 191.268970747 11.0846714873 36.0709962028 73.6999190773 187.875442485 303.374025806 228.252513661 0 1648.60600982 39.0629696793 504.600166056 23.9370303207 38.3939901818 71.6259741948
288 12.7045408018 216.379334598 166.911875822 193.716042951 2.277645318 14.712774773 41.3774291001 247.916107858 315.238452018 299.113268972 0 1658.04137985 39.531193058 460.085968779 23.468806942 28.9586201465 59.7615479827
312 11.1152859634 153.689120424 170.115408225 194.058173498 1.74180137228 5.36758030204 32.6688200997 266.163624728 318.267182317 340.779676785 0 1661.79348408 39.7596251913 436.587411208 23.2403748087 25.2065159186 56.7328176831
336 9.96021924037 139.375420575 172.664870698 194.148508845 0.469039481767 3.08225265647 22.0407441711 280.259454846 318.702417165 338.294118578 0 1664.40340472 39.7625298508 422.709857277 23.2374701492 22.5965952808 56.2975828355
360 9.06067039049 115.516373774 171.438887754 194.230830301 0.67641006519 1.08987160334 11.4947478426 292.508140187 319.831085389 358.774975609 0 1666.46314879 39.8830628413 400.148022574 23.1169371587 20.5368512134 55.1689146119
384 8.31365187897 121.630464415 170.809870516 194.320927128 0.705008121124 0.72041278602 17.2462522718 287.007399693 319.79529196 350.37131439 0 1668.13134651 39.7833301154 369.648981966 23.2166698846 18.8686534926 55.2047080403
408 7.63916165573 100.545680292 168.132758822 194.409460867 0.691133469682 0.916215954169 14.3323820767 289.650807632 319.792072345 328.828868848 0 1669.66293199 39.8685711585 363.38770476 23.1314288415 17.3370680133 55.2079276553
432 7.11681602613 90.8516211382 167.297520233 194.481778538 0.668719914209 0.508748684493 14.3877882639 289.952964599 320.424919279 333.286228943 0 1670.855006 39.9373578874 345.636416694 23.0626421126 16.1449939957 54.5750807214
456 6.64481310836 84.2570776042 163.909991269 194.551385916 0.68304054983 0.838133890577 16.8528907295 287.074548914 320.263758413 312.317979623 0 1671.91386498 39.9000538035 343.553820722 23.0999461965 15.0861350192 54.736241588
480 6.25702625047 69.9496508894 165.742430435 194.613719618 0.693222539506 0.938577514688 13.9200001273 289.8344802 320.625604781 315.818208445 0 1672.80739519 40.0886522627 327.985396067 22.9113477373 14.1926048129 54.3743952199
504 5.91798503018 65.2935294454 164.294010494 194.673605918 0.751406470606 1.80374551047 9.29228265253 293.478959448 320.947538618 316.675970955 0 1673.57370777 40.0977070407 315.032451666 22.9022929593 13.4262922261 54.0524613821
528 5.63423525471 58.9788410668 161.801101012 194.729321972 0.741796763728 0.417081676387 6.37266442859 297.739135159 321.182994129 314.524212052 0 1674.22026239 40.1892636405 313.851828285 22.8107363595 12.7797376147 53.817005871
552 5.3765282318 60.2193065805 157.1925883 194.781092959 0.74001027425 1.04562970903 11.3505446164 292.082722442 321.487251225 322.23225414 0 1674.79948624 40.1236326202 304.154454308 22.8763673798 12.2005137573 53.5127487759
576 5.130151387 59.6986892357 163.058349332 194.832902165 0.729911434875 0.68557817142 6.36757198245 297.384036246 321.122644137 302.595124812 0 1675.35642735 40.1397751112 298.550427309 22.8602248888 11.643572645 53.8773558631
600 4.9124961788 51.124384206 164.094422293 194.88051782 0.732987690426 0.125021054142 10.1323075462 294.129165889 321.197952139 298.473741487 0 1675.854109 40.2801466385 291.6621377 22.7198533615 11.1458909991 53.8020478612
624 4.72260857735 50.0838478216 161.922710959 194.923099415 0.711028313978 0.511617642356 6.29553137621 297.558723253 321.226818908 291.928668605 0 1676.28194169 40.2407134257 285.412633956 22.7592865743 10.7180583106 53.773181092
648 4.53507708391 53.025222231 163.536448455 194.966169915 0.709898066411 0.874305325427 7.94218470167 295.507441992 320.836397216 273.999192718 0 1676.69975979 40.0912943589 276.565931159 22.9087056411 10.3002402144 54.163602784
672 4.36198838094 47.3905207025 155.568056619 195.007619348 0.699300140232 0.235613430662 4.88952299896 299.167944082 321.224852582 270.405097321 0 1677.09644752 40.2359599946 278.667428484 22.7640400054 9.90355248121 53.7751474187
696 4.20796101659 44.570795797 153.181272507 195.044796175 0.68239445563 0.52173323771 4.66490876296 299.086167368 321.393198063 272.183491921 0 1677.44655164 40.2823326637 273.765321446 22.7176673363 9.55344836084 53.6068019378
720 4.06333298349 43.1262740877 149.696858015 195.080479272 0.680060641 0.7672532372 8.03575187411 295.436454976 321.488942974 274.760781044 0 1677.77282667 40.2594364984 267.783205977 22.7405635016 9.22717333145 53.5110570267
744 3.92857824754 43.259687834 152.881690682 195.115112297 0.691232320165 1.04585322765 6.73120025261 296.416601903 321.415470636 266.031969177 0 1678.07743977 40.2456258901 266.674670155 22.7543741099 8.92256022755 53.5845293644
768 3.79785201949 41.9232522774 159.029555345 195.150532161 0.693817433953 0.292688618396 7.56404584269 296.298915944 321.049062512 249.817774235 0 1678.37329974 40.2521089695 261.282255977 22.7478910305 8.62670025956 53.9509374886
792 3.68927217276 37.222806296 152.506001449 195.180433844 0.682717937373 0.563916023868 4.19853827081 299.374393924 321.444873853 256.172171168 0 1678.62397596 40.4540094897 254.888369705 22.5459905103 8.37602404304 53.5551261474
816 3.58836749925 35.5958109763 156.104143698 195.208775875 0.681253584745 0.746900565376 7.40281511896 295.960254856 321.432146643 251.58082261 0 1678.8521999 40.4536922445 253.196785603 22.5463077555 8.14780009858 53.5678533572
840 3.49018016758 32.1105170331 152.162614335 195.237268322 0.689852198386 0.0274139783573 5.38563154242 298.659833958 321.558012188 257.375078 0 1679.07590208 40.5766533239 244.173366702 22.4233466761 7.92409792196 53.4419878121
864 3.40013951023 32.6408201689 155.841481378 195.263864747 0.668242756417 0.21943185075 5.90784546127 297.940615184 321.249863556 242.314209246 0 1679.27865935 40.502834055 245.737487301 22.497165945 7.72134064972 53.7501364442
888 3.30680016227 34.6138287419 149.699899541 195.291442715 0.654458906556 0.452051895174 7.09677694602 296.505269537 321.203883121 233.945800885 0 1679.48761299 40.3838217557 244.571300898 22.6161782443 7.5123870076 53.7961168795
912 3.22121672139 34.4743605656 147.987424655 195.317078316 0.649939597148 0.59038570906 1.71565553179 301.726940846 321.452089039 233.670759359 0 1679.68305555 40.4547384213 238.982931561 22.5452615787 7.31694445478 53.5479109614
936 3.13609547478 30.8276490776 147.979218347 195.343167586 0.649995379211 0.742762971065 4.54524397447 298.718830089 321.317316267 229.030769568 0 1679.87579304 40.4828676063 235.945610715 22.5171323937 7.12420695893 53.6826837339
960 3.06272250724 28.8904396246 146.36827323 195.36633592 0.655448090915 0.862094177838 5.01595527328 298.100166538 321.600385276 233.623424056 0 1680.0431433 40.5639619762 233.207274133 22.4360380238 6.95685670443 53.3996147242
984 2.98896137002 28.9758188405 154.36409066 195.390469305 0.665400952898 1.01276180975 4.72745340677 298.203914525 321.074093205 215.255874422 0 1680.20969141 40.5468949658 230.986269743 22.4531050342 6.79030858504 53.9259067955
1008 2.92296252277 26.6116236546 150.32641295 195.412972502 0.677222703637 0.15742627062 6.5143905668 297.237987957 321.16281843 216.257541149 0 1680.36000391 40.6167445441 225.162648432 22.3832554559 6.63999608641 53.8371815707
1032 2.85592780046 27.2119320758 145.111540319 195.436264024 0.662209100044 0.303750254117 3.77325302018 299.824523602 321.302008624 213.838670409 0 1680.51137156 40.6024422626 223.803089067 22.3975577374 6.48862844083 53.6979913769
1056 2.79670325274 24.8449406685 148.582495276 195.456919719 0.652496954086 0.379139464654 2.14206876878 301.369375093 321.342108609 214.869314148 0 1680.64722061 40.7281903336 219.709499683 22.2718096664 6.35277938852 53.6578913913
1080 2.73985056249 22.9181993531 148.097123502 195.476900821 0.645019731934 0.441788427458 3.34099854102 300.095292479 321.291182536 210.258280448 0 1680.77663702 40.8306499499 219.896136363 22.1693500501 6.22336298175 53.7088174642
1104 2.68658686133 25.1797551878 146.447609302 195.49582503 0.640818186467 0.551296838603 5.02612478048 298.285935165 321.27486199 207.432467485 0 1680.89563022 40.6194886421 219.300919999 22.3805113579 6.10436978221 53.7251380101
1128 2.63109637171 25.5499044359 145.897653344 195.515860611 0.639610295367 0.648357242925 4.28810176202 298.908070089 321.154861824 202.28147516 0 1681.02088636 40.587732845 216.89470993 22.412267155 5.97911363665 53.8451381766
1152 2.57955144479 21.6788970067 142.217746057 195.534868689 0.642139673044 0.799747574089 4.93779727543 298.085446788 321.526263304 207.131643349 0 1681.13980627 40.8556114996 216.719000669 22.1443885004 5.86019373253 53.4737366961
1176 2.52990313389 23.6903059066 147.752145069 195.553668621 0.648043631508 0.883783980853 2.55223679395 300.362266973 321.156036468 198.901216042 0 1681.25098129 40.6657704445 212.782785045 22.3342295555 5.74901870809 53.843963532
1200 2.48174848232 22.3404021342 151.170636854 195.572458393 0.656044556664 0.974547410711 3.04740340929 299.74954623 320.934312706 188.509742846 0 1681.36047296 40.724523917 209.199960043 22.275476083 5.63952704435 54.0656872947
1224 2.43799436698 21.9639680462 144.050586424 195.589945118 0.649160471572 0.0983807232549 3.87277469477 299.789738992 321.299872735 196.068369479 0 1681.46033145 40.7981220012 203.920405945 22.2018779988 5.53966854881 53.7001272651
1248 2.39709584382 21.7966659215 143.22503469 195.60625189 0.636373372632 0.169333761936 1.42870972889 302.159331246 321.37046668 196.215234264 0 1681.55330237 40.8245217474 203.872460793 22.1754782526 5.44669763076 53.62953332
1272 2.35823979721 19.3495741345 144.497776563 195.621718308 0.625808761228 0.23798467968 4.72285476323 298.791633488 321.369804229 197.659775234 0 1681.64230033 41.0133766327 200.982109032 21.9866233673 5.3576996651 53.6301957718
1296 2.32017367968 19.3704462021 142.15345339 195.63688832 0.617410364768 0.308010858516 1.97705877793 301.460631679 321.506462219 201.007837755 0 1681.72806909 40.9349623658 197.356613304 22.0650376342 5.27193090639 53.4935377817
1320 2.28036014878 20.7399015787 143.422769721 195.652820687 0.610168745895 0.363595021024 2.7258530538 300.647562492 321.412668766 194.728407593 0 1681.81754422 40.806883082 196.89822709 22.193116918 5.18245577567 53.5873312341
1344 2.24225129773 21.2849563236 147.705807571 195.66817063 0.604464133745 0.41078627264 3.28072895228 300.035850012 321.024280937 182.515330523 0 1681.90338136 40.7119733871 196.537221967 22.2880266129 5.09661864126 53.9757190633
1368 2.20429690052 18.5053975028 144.500696981 195.683593 0.600237457607 0.452227498475 0.941883854931 302.322058189 321.205296856 183.3619985 0 1681.99054323 40.9405308482 193.337525442 22.0594691518 5.00945677388 53.7947031441
1392 2.17221830515 17.5703099282 141.123238511 195.696758327 0.597359464253 0.500713655663 5.49251441395 297.712654139 321.411819555 186.208576591 0 1682.06427902 41.1128535968 193.28748732 21.8871464032 4.93572098034 53.5881804455
1416 2.14104946882 18.8091029402 142.725039587 195.709694534 0.596417181556 0.595765046626 2.85040198137 300.247721257 321.34039552 184.009832292 0 1682.13424533 40.9568582568 192.381481077 22.0431417432 4.86575466832 53.6596044804
1440 2.10703806317 17.7149000788 139.895599163 195.724024263 0.596931890456 0.638160545912 1.01543842113 302.025444879 321.325393956 183.739941949 0 1682.21111805 40.965815985 191.579554578 22.034184015 4.78888194908 53.6746060444
1464 2.07628872351 18.276339246 140.313307978 195.737200106 0.598215060139 0.67986238191 3.58515517365 299.399567279 321.426990443 184.5471178 0 1682.28109071 40.969174011 189.87196027 22.030825989 4.71890929339 53.5730095579
1488 2.04534429107 17.93678128 140.45995715 195.750697972 0.600435027594 0.713475771361 2.31029497203 300.625096257 321.380214288 181.041917739 0 1682.35135796 41.021968094 189.321997967 21.978031906 4.64864204097 53.6197857125
1512 2.01521849279 17.2158998492 143.822829938 195.764093173 0.603319661579 0.743300451092 1.96017180576 300.929114908 321.120821944 175.50240339 0 1682.41937654 40.9599656491 184.895254094 22.0400343509 4.5806234631 53.8791780569
1536 1.98724380143 15.7498410353 138.732595967 195.776774628 0.60628514672 0.757183991191 2.25200594724 300.607750286 321.363723812 177.548351489 0 1682.48359669 41.1621749944 185.590991656 21.8378250056 4.51640330983 53.6362761882
1560 1.96201655948 15.3290520893 142.861559933 195.788423044 0.609496857911 0.796086983945 2.94792714218 299.858065972 321.241858308 174.830351042 0 1682.54108092 41.2159023044 182.408086832 21.7840976956 4.45891907695 53.758141692
1584 1.93547229692 16.6157081932 142.796653177 195.800916514 0.613499258033 0.819485837481 1.05471323116 301.711385159 321.131947452 170.127530091 0 1682.6005155 41.0109949789 179.374188748 21.9890050211 4.39948449688 53.868052549
1608.0 1001.90773136 17.0435248272 140.640292934 195.814250645 0.618047368092 0.832852956566 1.5482593477 301.186589683 321.085721315 167.290118335 0 1682.66275784 40.8862184651 176.498970213 22.1137815349 4.33724216118 53.9142786859
1632 373.494635325 5150.49893847 176.054737208 206.320380809 16.9254612748 36.676571701 84.6627609277 155.414825288 275.540536489 921.321485157 0 1148.31223635 39.8625298807 404.627134449 23.1374701193 538.687763655 99.4594635121
1656 89.1146007705 3359.36617535 185.039194003 249.374898942 21.5088000413 47.2436994386 73.3964571449 108.476144434 274.623578217 368.066305765 0 1485.21257911 39.0602830034 442.648658748 23.9397169966 201.787420893 100.376421783
1680 33.5093631195 1160.56321235 179.148275668 277.194431135 12.2481351099 31.400161899 61.1675393705 117.989732486 293.251502636 270.299299824 0 1607.56398446 39.0733318705 455.007314067 23.9266681295 79.436015546 81.7484973649
1704 21.113560353 436.886460513 167.537056379 282.254969475 3.93945656164 11.1582338936 46.6374135309 156.009926539 309.031040606 319.053138453 0 1638.56054031 39.3546653032 429.034772618 23.6453346968 48.4394596868 65.9689593948
1728 16.7361728221 254.315588404 169.083581177 282.953887105 0.863832467823 8.05030570593 27.0269904427 181.104984279 315.44444239 377.682248305 0 1649.04821481 39.6233200564 412.579252294 23.3766799436 37.9517851868 59.5555576111
1752 14.1580973837 204.924714821 169.141438716 283.178939837 0.7750297889 4.05050078551 20.825403484 191.170126105 317.27389281 384.559289967 0 1654.91544829 39.690035489 405.078813215 23.309964511 32.084551709 57.7261071911
1776 12.309854208 186.889710633 171.825422858 283.313490675 0.33536945032 2.47599467408 17.2337548573 196.641390344 318.023207417 362.662111589 0 1659.0886457 39.6993000575 398.619737602 23.3006999425 27.911354303 56.9767925841
1800 10.8838284288 145.725447458 172.430128571 283.401412553 0.639072628651 2.97306891738 15.9880845874 196.998361314 318.605430106 360.10234437 0 1662.33141959 39.7983868086 389.286776176 23.2016131914 24.668580415 56.3945698952
1824 9.82211940633 135.693083069 170.514573821 283.518686434 0.904429018584 3.23054009935 8.54759754524 203.798746904 319.289887123 345.204149045 0 1664.73032085 39.8080614985 396.664598852 23.1919385015 22.269679151 55.7101128777
1848 8.9213583412 117.148663354 165.524811158 283.657756979 0.964472172396 0.772387462597 13.9522092998 200.653174087 319.762054861 350.347971655 0 1666.7679317 39.8483371364 382.538847531 23.1516628636 20.2320682974 55.2379451398
1872 8.19359368157 108.896273833 164.917018622 283.780229249 0.948645520486 0.465629379215 11.730281111 203.075214741 320.048191437 345.393330205 0 1668.41317201 39.8546020514 371.537287431 23.1453979486 18.5868279945 54.951808564
1896 7.56669436623 100.42711326 164.997533178 283.892616006 0.954331924582 1.51948278279 10.9647457162 202.668823571 320.152433916 338.830029822 0 1669.82403806 39.8434162679 357.718896802 23.1565837321 17.1759619368 54.8475660844
1920 7.05484497219 86.8627712258 165.458202453 283.994342585 0.951181087889 0.312139006921 7.68145249959 207.060884821 320.477955578 329.179730359 0 1670.99941381 39.9874994218 356.084032489 23.0125005782 16.000586188 54.5220444227
1944 6.617587796 77.4257692623 168.996559861 284.083993328 0.930640374719 1.10387634816 7.52797148973 206.35351846 320.686398889 323.009232467 0 1671.9888219 40.023776911 352.685161642 22.976223089 15.0111780979 54.3136011115
1968 6.2517349117 69.7234733513 165.355195665 284.162622687 0.906057429402 0.682668158192 6.54559856548 207.70305316 320.924441096 325.603459527 0 1672.82221299 40.1060478774 347.791606108 22.8939521226 14.1777870076 54.0755589049
1992 5.91191050623 75.4829654789 159.165007259 284.238283864 0.89818312006 0.186620455104 7.3502283908 207.326684171 320.94286973 321.227645793 0 1673.57874394 39.954058223 337.033527693 23.045941777 13.4212560563 54.0571302705
2016 5.59113018714 65.5959215612 160.309628105 284.311660789 0.864042075955 0.781304682435 8.02194484851 206.021047605 320.914194488 309.169723297 0 1674.30617401 40.0188049395 335.717784191 22.9811950605 12.6938259922 54.0858055126
2040 5.30911251625 65.9069273641 160.590818592 284.378654094 0.851308299761 0.329774058593 6.43764650273 208.002617046 320.798428631 295.348428015 0 1674.94301456 39.9940531606 326.090740774 23.0059468394 12.0569854413 54.2015713698
2064 5.0642780222 59.105980659 163.122572133 284.437929474 0.827259821161 0.700515363545 6.79933648864 207.234958853 320.923799553 290.835910085 0 1675.50178934 40.0695516616 320.398428255 22.9304483384 11.4982106644 54.0762004479
2088 4.84109395348 49.8579594502 164.500793672 284.493853076 0.830622707971 1.03580620204 5.46644514 208.173272874 320.898662033 282.473599094 0 1676.01261853 40.2391112614 316.243163764 22.7608887386 10.9873814663 54.1013379677
2112 4.64610839632 53.7231208931 156.088206575 284.544317199 0.803700247506 0.43186080603 4.84112605641 209.378995691 321.038835791 279.35157629 0 1676.45016855 40.1271214238 308.860661206 22.8728785762 10.549831456 53.9611642103
2136 4.46766359235 47.7747164211 153.405017598 284.591039651 0.789514420276 0.680844648504 4.85473537185 209.083865909 321.450227618 284.724834783 0 1676.85829726 40.2587197272 304.819715307 22.7412802728 10.1417027416 53.5497723832
2160 4.29435571876 47.0154963774 150.441621103 284.637847852 0.790368197948 0.934976348868 5.93896918226 207.697838419 321.545252711 284.508346847 0 1677.24786466 40.2002535534 300.203053239 22.7997464466 9.75213534319 53.4547472898
2184 4.13834184487 47.1426192224 157.430801583 284.681511809 0.773158756776 0.268181943941 6.10297605074 208.17417144 321.239831972 272.815306563 0 1677.59983562 40.1561899589 295.611500563 22.8438100411 9.40016437646 53.7601680284
2208 3.9984867868 39.739753654 162.26410288 284.720845787 0.754480303103 0.495570365775 3.64960234811 210.379501196 321.049763891 262.307357049 0 1677.92210809 40.3682302521 290.9869625 22.6317697479 9.07789191533 53.95023611
2232 3.87264918071 39.5969404853 164.606638603 284.756830035 0.748169706086 0.743906059573 4.35309879085 209.397995409 320.89852994 248.7728567 0 1678.20638587 40.3453786211 285.323005617 22.6546213789 8.79361413357 54.1014700612
2256 3.75395373206 40.4458242042 161.096683402 284.7918001 0.750661677095 0.882618098172 3.97802918274 209.596890942 320.870353042 239.697866326 0 1678.47459344 40.325867849 279.875662634 22.674132151 8.5254065612 54.1296469593
2280 3.63270648602 39.4285243835 158.29018305 284.828987828 0.760626174174 1.01944814127 4.12327554558 209.267662312 320.678593494 224.871522388 0 1678.74717483 40.2667843377 278.015771852 22.7332156623 8.25282517383 54.3214065074
2304 3.52643990108 34.5941301449 146.804494025 284.862346092 0.735804890414 0.191839853619 3.30113613646 210.908873028 321.316151625 237.458398071 0 1678.99116947 40.4420285627 274.914492718 22.5579714373 8.008830528 53.6838483759
2328 3.42995049169 31.7550810644 152.702888416 284.892536587 0.716105942837 0.319360423481 4.9366487171 209.13534833 321.315468605 240.935811538 0 1679.21105203 40.5210115865 264.614168149 22.4789884135 7.78894796934 53.6845313958
2352 3.34368909204 29.7653703867 151.854163133 284.919651682 0.704336922653 0.473922825681 3.77239431807 210.129694252 321.416136563 241.068865228 0 1679.40796152 40.623804817 261.151515814 22.376195183 7.59203847725 53.5838634374
2376 3.26361034599 29.5257392498 148.28921472 284.945133302 0.697898192021 0.566369324662 2.32496450844 211.465634673 321.675097066 248.570012619 0 1679.58931969 40.6196126336 256.307437283 22.3803873664 7.41068030797 53.3249029354
2400 3.18371665834 29.3767285196 154.9931516 284.971006067 0.69456657309 0.657286012323 3.04428574972 210.632855599 321.425462911 238.564649159 0 1679.76986419 40.6202545674 251.988144791 22.3797454326 7.2301358128 53.5745370901
2424 3.10720298206 29.1894169404 157.505727459 284.99634217 0.694408941803 0.709146658384 0.685526225083 212.914576005 321.20943398 231.320189397 0 1679.94238404 40.5644616039 244.312167856 22.4355383961 7.0576159621 53.7905660206
2448 3.03552934289 30.1728672056 152.392497307 285.020666344 0.695569729102 0.754350844764 3.02026859672 210.509144486 321.25768528 227.534488532 0 1680.10375674 40.479268333 239.388459116 22.520731667 6.89624326324 53.7423147206
2472 2.9662443988 28.0116557257 151.758272412 285.044807032 0.698931899923 0.835743521156 3.19596332167 210.224554225 321.250080716 223.503860796 0 1680.26131681 40.5487058972 235.94848784 22.4512941028 6.73868319165 53.7499192853
2496 2.89910362216 29.5945860948 147.590836571 285.06890502 0.704919434918 0.921547620526 4.29170314854 209.012924776 321.391323994 224.191047645 0 1680.41336804 40.5283746785 229.93901963 22.4716253215 6.5866319576 53.6086760064
2520 2.83475283467 26.4822896457 146.790583624 285.092773777 0.709587505414 0.0576865996035 6.14633516121 207.993616957 321.488770965 224.345849466 0 1680.56000831 40.6436146153 227.396702838 22.3563853847 6.43999169235 53.5112290356
2544 2.77078098558 25.6677898723 150.545530421 285.116719741 0.690078736127 0.190015567397 3.20206663469 210.801119321 321.175494156 209.062140369 0 1680.70419982 40.595148116 229.127316275 22.404851884 6.29580017701 53.8245058453
2568 2.71601648312 23.8390598069 151.703189429 285.137178011 0.67710264792 0.32287199776 5.32769993946 208.535147404 321.210967371 205.513774143 0 1680.83088494 40.8495838544 224.089903572 22.1504161456 6.16911506042 53.7890326304
2592 2.66158946138 24.6263977039 146.426780979 285.157592163 0.668008825051 0.421531776541 4.59983211759 209.153035119 321.228795188 203.327755411 0 1680.95291247 40.7111998451 223.288216229 22.2888001549 6.04708753432 53.7712048129
2616 2.60923453957 25.3279401728 146.099043189 285.177409397 0.662487196506 0.50914677666 0.763882522942 212.887074107 321.235873402 199.986735014 0 1681.07108593 40.6352826544 223.674544176 22.3647173456 5.92891407333 53.7641265991
2640 2.5596618593 22.9937116085 145.61404642 285.196411751 0.658585884632 0.551663013494 3.79527659934 209.798062752 321.329168212 203.411687648 0 1681.18424917 40.7428723518 220.354950183 22.2571276482 5.81575083583 53.6708317892
2664 2.51154933565 22.9004755935 148.126863864 285.21512319 0.656430308498 0.601839039548 2.74023542138 210.786372041 321.192178036 198.969283183 0 1681.29268921 40.692421279 216.33552022 22.307578721 5.70731079143 53.8078219646
2688 2.46634268093 20.442458869 145.083231754 285.23299272 0.655485012005 0.642010103563 3.44286627967 210.026645885 321.387990522 201.786901916 0 1681.39660111 40.9081974791 214.542415391 22.0918025209 5.60339888638 53.6120094794
2712 2.42504539406 21.7450416797 148.651720894 285.249594897 0.65553065642 0.671458266188 2.75708485672 210.666331324 321.245415676 196.441960442 0 1681.48992589 40.8297442459 211.036862739 22.1702557541 5.51007411444 53.7545843245
2736 2.38360063974 20.8615315383 144.738787637 285.266555913 0.656631683562 0.731185518643 4.11907444882 209.226552436 321.25776076 195.82363115 0 1681.5836077 40.8144503251 208.781314788 22.1855496749 5.41639229822 53.7422392409
2760 2.34062482046 20.9846388513 146.050393279 285.284510888 0.659312374186 0.773357659962 1.81501355131 211.467805527 321.334086664 193.34033756 0 1681.68082422 40.802866398 204.743279106 22.197133602 5.31917577952 53.6659133371
2784 2.30172272574 22.5306661701 150.259160695 285.301125791 0.662626072086 0.816082776217 3.05092096982 210.169244392 320.884713732 180.699683201 0 1681.76849335 40.6924679537 200.983603112 22.3075320463 5.23150665138 54.1152862688
2808 2.26061204307 21.5667046513 143.346630329 285.319100614 0.667397415249 0.865670618197 2.6693294042 210.478501949 321.030127556 178.378569421 0 1681.86188091 40.7406027704 198.459770447 22.2593972296 5.13811908791 53.9698724447
2832 2.2227225944 20.2190579274 141.877881742 285.33608878 0.67277844994 0.896478846896 1.96645037423 211.128203549 321.068066608 174.544684515 0 1681.9482466 40.8282396934 200.980510341 22.1717603066 5.05175340151 53.9319333933
2856 2.18564206227 19.3445428253 144.036475796 285.353140094 0.678672387654 0.912284705785 1.2657390271 211.790163786 320.992855479 169.365250313 0 1682.03251957 40.882463057 199.630328991 22.117536943 4.96748043167 54.0071445222
2880 2.1510607509 18.3599325772 145.182580307 285.369442903 0.684335801371 0.933964599267 3.27494043299 209.737316264 320.949080146 165.835327341 0 1682.11106408 40.9163754333 198.397670445 22.0836245667 4.88893591914 54.0509198554
2904 2.11944046547 18.1967334841 140.600365501 285.384709846 0.690352671422 0.971556721223 1.88815575829 211.065225003 321.143382565 171.472285156 0 1682.18323076 40.9854934317 195.346248912 22.0145065683 4.81676923968 53.8566174356
2928 2.08685226893 17.3584968266 141.647308446 285.400828322 0.693782788506 0.00883510317445 2.72693541424 211.169618373 321.067788907 171.292155648 0 1682.25702579 40.9966231423 191.506655918 22.0033768577 4.74297420992 53.9322110937
2952 2.05817726006 16.881008538 140.056714187 285.415084511 0.68024381406 0.0564686216537 2.06892743068 211.779275623 321.343307592 177.758251109 0 1682.32301024 41.2062582771 186.906778927 21.7937417229 4.67698976124 53.6566924084
2976 2.02855457553 16.8822090118 141.537805864 285.429733949 0.667241731905 0.0885770173556 1.65129911977 212.163148182 321.143078499 172.655249292 0 1682.389354 41.0175530864 188.419288889 21.9824469136 4.61064600482 53.8569215016
3000 1.99965323586 16.8014160461 139.515572416 285.443966338 0.65542865693 0.144131234829 3.13708380031 210.61938997 321.309993117 174.02576372 0 1682.45495346 41.0217789291 187.052887608 21.9782210709 4.54504653697 53.6900068843
3024 1.97242013007 16.1404407791 139.658775865 285.457344179 0.645583633106 0.197413321773 2.41955626325 211.280102603 321.379024443 176.80303873 0 1682.51703419 41.0967396413 183.769223103 21.9032603587 4.48296581481 53.6209755579
3048.0 1001.94559163 17.6117596071 143.411322792 285.470515633 0.636941054712 0.241084452198 2.71261817373 210.938840687 321.041468864 165.467284595 0 1682.57742503 40.9902469318 184.596445474 22.0097530682 4.42257496711 53.9585311367
3072 372.556118547 5098.8727173 183.646688658 292.68162863 12.9334599282 27.1863231364 65.3576663571 101.840921949 275.105184977 896.355571052 0 1148.86725217 39.8641564257 391.49350198 23.1358435743 538.132747828 99.8948150237
3096 91.0630686505 3283.85573865 192.031385673 323.301801192 11.9743096519 42.5261636487 48.6062060355 73.5915194727 275.579222935 396.98682563 0 1482.22701698 39.079123937 457.234882027 23.920876063 204.772983017 99.420777066
3120 34.4791831742 1130.15776443 183.218920451 343.717903617 8.24221855542 20.9603483875 48.1415170725 78.9380123678 293.678919869 303.076382819 0 1605.55734816 39.0930081554 444.528349652 23.9069918446 81.4426518334 81.3210801317
3144 21.9094113185 435.303283904 177.503761017 347.247474617 3.7917002219 10.2707025362 37.5738775728 101.116245053 308.809666261 306.452814275 0 1636.83957212 39.384581913 426.277679462 23.615418087 50.160427878 66.1903337397
3168 17.3355006061 267.76650591 174.555403248 347.927965896 1.18159013049 4.45522550983 17.8253885887 128.609829875 314.941363772 356.288332478 0 1647.69734643 39.6167005608 399.783975269 23.3832994392 39.3026535658 60.0586362287
3192 14.6262874815 212.968306586 171.317474097 348.144107245 0.650488462853 1.44332995514 15.3092985976 134.45277574 317.214770401 380.285868979 0 1653.88015891 39.709096034 383.614372366 23.290903966 33.1198410889 57.7852296
3216 12.7102287221 170.452309618 173.601887913 348.304049524 0.854696773716 2.13131187516 9.6490790505 139.060862777 318.384318416 394.254820626 0 1658.21955608 39.7769682233 371.700762495 23.2230317767 28.7804439156 56.6156815848
3240 11.2796664927 150.187180012 179.189435168 348.462768243 0.873866037381 0.845923954553 9.68339915691 140.134042609 318.874120008 374.561342549 0 1661.45788418 39.8299505305 367.382082929 23.1700494695 25.5421158199 56.1258799925
3264 10.170677247 131.638391632 176.098921201 348.595172015 0.846085647264 1.10830588119 8.22662450274 141.223811954 319.388458238 376.560560872 0 1663.95494158 39.8364450797 351.696649796 23.1635549203 23.0450584156 55.6115417627
3288 9.22874257869 119.720880615 173.679085873 348.722503648 0.884961061235 1.0417956197 8.7961914989 140.554548173 319.674091577 355.605066508 0 1666.08246575 39.8751490783 344.168750036 23.1248509217 20.9175342444 55.3259084234
3312 8.45013394528 111.014864041 170.120555693 348.838229317 0.85535221272 0.734801908646 5.02893755998 144.542679003 319.656348387 330.950298247 0 1667.83086997 39.8500206665 345.618408214 23.1499793335 19.1691300288 55.3436516132
3336 7.81660090096 96.5651625299 173.025863842 348.938180805 0.843962920505 0.432658992747 7.93239652753 141.852800755 319.721585833 313.160734922 0 1669.27750241 39.9555231801 343.322026292 23.0444768199 17.7224975889 55.2784141678
3360 7.28179361646 86.7728388357 166.030130461 349.026742476 0.822555291381 0.0999571544117 7.36229908142 142.688445997 320.338331001 321.797604039 0 1670.48727084 39.9970981733 334.365023114 23.0029018267 16.5127291585 54.6616690001
3384 6.84863377287 74.0525726728 162.701234425 349.100099348 0.778410304373 0.49363547602 5.29889074106 144.328964132 321.240292852 348.944004718 0 1671.47996113 40.1486954031 317.823776582 22.8513045969 15.520038865 53.7597071486
3408 6.44368106712 76.7328771885 160.032372221 349.170732806 0.774219911885 0.955751126289 3.89733245624 145.2019637 320.981508637 332.124671988 0 1672.38132231 40.0217740862 318.05548815 22.9782259138 14.6186776832 54.0184913639
3432 6.07803414353 69.7260182753 162.024697881 349.239046599 0.768572039692 0.262788591004 4.2408259009 145.488766871 320.862277464 317.573352275 0 1673.21028296 40.0638311555 317.650076377 22.9361688445 13.789717035 54.1377225363
3456 5.77377761992 63.2006287834 162.049410519 349.297090501 0.743079012542 0.598387444751 6.02512909278 143.33631395 320.972061831 314.867373032 0 1673.90319748 40.1416906414 312.465039857 22.8583093586 13.0968025192 54.0279381698
3480 5.49755528499 66.7334046129 161.62856427 349.351653508 0.744736600575 0.894394085329 3.28977595233 145.719439854 320.933411389 303.476057232 0 1674.52130117 40.0391307769 306.422057933 22.9608692231 12.4786988265 54.0665886122
3504 5.24206825966 53.2355848928 162.787594868 349.405311877 0.751257670226 0.158329606514 6.27924604565 143.405854801 321.080581988 302.363037375 0 1675.10861589 40.2660433227 298.273247831 22.7339566773 11.891384112 53.9194180123
3528 5.01964813311 52.6895695218 167.219692384 349.45320234 0.72490518288 0.464002586832 5.34768425822 144.010205632 320.797396718 284.27877876 0 1675.60860887 40.2004478864 296.711545576 22.7995521136 11.3913911255 54.2026032831
3552 4.81937182699 48.7482117118 170.909784863 349.497169906 0.717950254149 0.753620824274 5.80666388093 143.224595135 320.808952916 270.017997482 0 1676.06464536 40.2941419034 294.32604044 22.7058580966 10.9353546396 54.1910470849
3576 4.64644073303 46.3479612792 161.668823679 349.536710009 0.72696976794 1.0012274751 5.37469634281 143.360396406 321.168486156 276.373791234 0 1676.45841425 40.3642934379 291.787276281 22.6357065621 10.5415857514 53.831513845
3600 4.47430546206 48.6037607792 155.909173748 349.57696904 0.694569476764 0.160484190268 2.51126769186 147.056709602 321.22754038 279.595904655 0 1676.84160858 40.2055800242 284.368486932 22.7944199758 10.1583914165 53.7724596209
3624 4.3112851644 44.8984123201 156.035679329 349.614903165 0.669899794286 0.319111700566 3.48967312715 145.906412213 321.213707347 273.151972156 0 1677.21292185 40.2988883509 282.235012574 22.7011116491 9.78707814809 53.7862926536
3648 4.16245798529 50.8139192784 154.614152773 349.649773349 0.654672436975 0.434494916875 4.08879374248 145.172265555 321.263365477 266.159971677 0 1677.54621253 40.1625226429 276.171175718 22.8374773571 9.45378746961 53.7366345236
3672 4.00780149253 45.024455396 159.579813378 349.686700074 0.646940749428 0.564480354193 2.24231203662 146.859566787 320.975043114 250.711536763 0 1677.89689212 40.2290273611 269.42863879 22.7709726389 9.10310787862 54.0249568871
3696 3.87645260975 39.4699258535 152.564848125 349.718960772 0.644558881574 0.649150503591 3.46346293996 145.523866903 321.139557423 250.707990526 0 1678.19700137 40.3368032444 266.340490326 22.6631967556 8.8029986254 53.8604425777
3720 3.75314184958 36.7078783771 149.384045515 349.75028307 0.648567515976 0.789478948558 2.33197163203 146.479698834 321.457019329 253.215727211 0 1678.47716212 40.3912124325 264.165912505 22.6087875675 8.52283787751 53.5429806717
3744 3.650071511 34.1215663696 153.738821648 349.777511261 0.655409106867 0.837672373508 2.38148662289 146.347920637 321.613935895 254.806777076 0 1678.71362929 40.5174139312 261.569227267 22.4825860688 8.28637070946 53.3860641055
3768 3.54977751031 34.1330354583 157.608395813 349.805084949 0.664790749064 0.941640511121 4.31275024597 144.275733546 321.282576551 247.414416727 0 1678.93945366 40.4772202734 256.627696166 22.5227797266 8.06054633846 53.7174234498
3792 3.45136709658 37.0026135157 151.015477931 349.833389734 0.678074951 1.02614339008 2.32406737958 146.138324546 321.347278387 240.817085717 0 1679.16082485 40.3939994093 258.087114546 22.6060005907 7.83917514937 53.6527216136
3816 3.36009251973 33.5558369748 148.533913301 349.86045011 0.662995552444 0.188594111083 3.97274751246 145.315212714 321.530975782 243.417714676 0 1679.3695828 40.5145028152 256.003677882 22.4854971848 7.63041719913 53.4690242183
3840 3.27183996922 34.9358926727 148.015563695 349.886589452 0.647684557847 0.348154954086 3.58865506692 145.528915969 321.42693129 235.516699896 0 1679.56701723 40.3754663085 260.111285284 22.6245336915 7.43298277012 53.5730687106
3864 3.18506120244 28.9901568295 149.172495657 349.912503262 0.638850617044 0.503438819458 2.25321361968 146.691993682 321.516366621 236.501701962 0 1679.76600917 40.5833618386 258.492411681 22.4166381614 7.23399082214 53.4836333794
3888 3.10439252997 30.3993425994 151.574107835 349.936998879 0.634526562632 0.536952640073 0.876098165483 148.015423753 321.269293173 227.299020879 0 1679.94690302 40.4539670074 255.272213793 22.5460329926 7.05309697433 53.7307068282
3912 3.03047275737 29.6822795972 152.133489145 349.959885523 0.632229021417 0.61324120211 3.06310260277 145.731541652 321.260783094 221.877323072 0 1680.11568262 40.5291384753 252.528607535 22.4708615247 6.88431737492 53.7392169065
3936 2.96355918603 25.2883710544 154.036733683 349.981059047 0.632553714384 0.678658621614 2.87131386322 145.836414755 321.201193512 220.224723307 0 1680.26959664 40.7536692587 247.320104447 22.2463307413 6.73040335968 53.7988064885
3960 2.90441677912 25.0069554298 149.123358217 350.000217929 0.635092586015 0.760081995637 3.16013409139 145.444473399 321.449064591 224.932274459 0 1680.40367956 40.7571444687 246.421094109 22.2428555313 6.5963204356 53.5509354102
3984 2.84230072091 27.9432532078 152.820915321 350.020890492 0.640087972617 0.807505603086 1.83149372003 146.700022212 321.237700865 216.38135814 0 1680.5425336 40.5797970328 241.929849962 22.4202029672 6.45746639425 53.762299136
4008 2.77727248628 25.9259943301 151.563374865 350.043218617 0.64637565967 0.83877328679 0.867186557398 147.60444588 321.011248682 205.881005392 0 1680.68983705 40.6065173666 238.905963214 22.3934826334 6.31016295081 53.988751319
4032 2.72271233842 24.5387884002 148.2714583 350.062541579 0.652288803369 0.866847068918 1.17860662514 147.239715924 321.1868367 204.19358712 0 1680.8150032 40.7590935199 239.19560647 22.2409064801 6.18499679468 53.8131633003
4056 2.66645287586 26.2340149343 145.95899247 350.083076225 0.659042905821 0.881526024014 1.74245345722 146.633901389 321.150695064 202.805421264 0 1680.94071432 40.575939085 233.74209605 22.424060915 6.0592856796 53.8493049367
4080 2.61289582878 25.8425898433 147.915846804 350.103240938 0.666177962942 0.909761387406 1.14632577614 147.174493936 321.14630636 201.009716015 0 1681.06270782 40.6158175788 228.693989517 22.3841824212 5.93729217553 53.8536936409
4104 2.56156507964 24.9192612827 148.71824636 350.123176285 0.673550446096 0.927306828548 2.47016281749 145.805803623 321.059633964 196.499871553 0 1681.17939832 40.6832264545 223.084410942 22.3167735455 5.82060167272 53.9403660369
4128 2.51247399614 20.6442446392 148.844379002 350.142837916 0.681286655184 0.954572086232 1.66378244776 146.557520895 321.133873581 194.296071613 0 1681.29208685 40.914731838 220.808368374 22.085268162 5.70791315198 53.8661264199
4152 2.46890071911 23.2672789268 144.941186664 350.160812842 0.688718591478 0.986068253681 2.43896987147 145.725430442 321.262679433 194.816098437 0 1681.3901955 40.7997985467 217.833626714 22.2002014533 5.60980449613 53.7373205679
4176 2.42384216443 21.2643882111 144.798288973 350.179779993 0.678955693345 0.0798881290298 3.34433268827 145.717043497 321.210109931 194.597780383 0 1681.49248956 40.845396555 214.124692925 22.154603445 5.50751044174 53.7898900698
4200 2.37946192387 22.5583960284 144.073139113 350.198383577 0.663668384987 0.139747573374 1.34872450279 147.649475962 321.266657029 193.287189217 0 1681.59212251 40.6881442567 210.69588372 22.3118557433 5.40787748813 53.7333429715
4224 2.33778192819 20.2492009185 140.546852007 350.215799746 0.650742041545 0.208855498165 3.15028749149 145.774315223 321.431821588 197.052306455 0 1681.68758896 40.8470933324 208.550032927 22.1529066676 5.31241103999 53.5681784132
4248 2.29840104435 21.7376287474 140.106372377 350.232244447 0.640045349721 0.240345551807 1.87041303956 147.016951612 321.49674028 196.447990431 0 1681.77645931 40.7657590982 208.586246059 22.2342409018 5.22354068762 53.5032597206
4272 2.25688308345 21.3731783753 142.079753848 350.249601865 0.629729853878 0.272126715853 0.863302248594 147.985239318 321.261681848 191.539993346 0 1681.86992696 40.6895461136 205.785714016 22.3104538864 5.13007304195 53.7383181529
4296 2.21730023818 22.4556155937 145.676594986 350.26619387 0.620741372793 0.306788525466 1.72895963179 147.0773166 321.124732169 183.30528933 0 1681.95990065 40.7101188838 201.218220979 22.2898811162 5.04009934244 53.8752678314
4320 2.17940699624 18.805494196 144.274463938 350.282144626 0.613258742465 0.347122268933 2.47829190779 146.279182455 321.15850642 182.849739314 0 1682.04660954 40.8796364227 196.929377592 22.1203635773 4.95339045523 53.8414935811
4344 2.14676673773 18.8054180695 145.922739674 350.295962015 0.607820651864 0.390654496624 1.74097013971 146.964592697 321.01287062 172.215893871 0 1682.12129526 40.9777308439 198.76147759 22.0222691561 4.87870473927 53.9871293809
4368 2.11340493148 19.5649415067 145.203909245 350.310185134 0.603059096904 0.408637550465 1.17934067976 147.49877754 321.002847172 168.557083758 0 1682.19646884 40.8685541725 194.742669619 22.1314458275 4.8035311536 53.9971528282
4392 2.07968158048 18.4173522035 143.153194544 350.324682083 0.598731869888 0.436284217018 1.69063412109 146.94966771 320.906294129 164.785475514 0 1682.27279231 40.8781301488 192.904654839 22.1218698512 4.72720768834 54.0937058714
4416 2.04645668381 18.7388758737 141.8217111 350.339101185 0.595139796489 0.462259366888 2.20737896706 146.396120685 320.837276763 161.666624396 0 1682.34755134 40.7872194129 189.249481356 22.2127805871 4.65244865533 54.1627232373
4440 2.01774099993 15.5888706569 141.976070258 350.35168929 0.592683605274 0.490356507594 2.28041846402 146.284852134 321.151452528 166.448215864 0 1682.4146575 41.2169415181 185.801699821 21.7830584819 4.58534249275 53.848547473
4464 1.98961597502 16.0484768885 140.063701381 350.364149035 0.590971849395 0.526315555025 1.31456972763 147.203993833 321.14226587 167.49808782 0 1682.47801434 41.1125252062 183.526879362 21.8874747938 4.52198565353 53.857734131
4488.0 1001.96274541 16.3634478276 142.406837328 350.376190497 0.589880436964 0.553328303229 2.26752502935 146.213075734 321.18417597 166.649435519 0 1682.53880735 41.0543703545 180.412674438 21.9456296455 4.46119265202 53.8158240309
4512 380.314015823 5262.90493403 178.926117866 355.788570577 9.18250587284 20.2897969495 39.3923697012 75.3467569001 275.083426331 901.128974714 0 1142.82000545 39.861513874 387.154140138 23.138486126 544.179994555 99.91657367
4536 90.8236682216 3369.58995967 183.195586525 379.08569753 9.56789429845 29.5889461888 35.0489138451 46.708548138 274.724709989 375.027609902 0 1482.10235417 39.0670621389 458.793837502 23.9329378611 204.897645833 100.275290011
4560 33.8220120867 1175.43999527 176.741990958 393.47941657 5.59058005334 15.3730066186 28.8120761182 56.7449206408 293.050208608 279.06476012 0 1606.79875613 39.0718589122 452.014420468 23.9281410878 80.2012438742 81.9497913932
4584 21.3159451575 442.484319163 174.880391907 395.573195623 1.51892674122 8.07267816999 20.2126249508 74.6225745157 308.615428832 295.203067677 0 1638.1039163 39.3540009404 440.564111088 23.6459990596 48.8960837006 66.3845711687
4608 16.9651265512 247.631401397 174.865518755 395.850279704 1.04427543702 1.22598844618 11.9383460965 89.9411103165 315.598730549 374.871418918 0 1648.58822532 39.6794054602 406.40533208 23.3205945398 38.41177468 59.4012694515
4632 14.4971810108 213.96449799 175.172307681 395.903890557 0.223645657072 1.23338663499 5.72288792826 96.9161892234 317.574750104 396.491003687 0 1654.18167985 39.7075252888 394.390415258 23.2924747112 32.8183201481 57.4252498965
4656 12.538891093 181.02326095 175.994420412 395.9719351 0.374694366908 1.26495681942 12.5873498427 89.8010638711 317.856158562 368.360108528 0 1658.58425518 39.7319103562 382.961529571 23.2680896438 28.4157448175 57.1438414387
4680 11.1145961351 142.593442273 183.799099659 396.046599632 0.442432035533 0.947598484254 8.52876839921 94.03460145 318.409743294 355.125752316 0 1661.82664581 39.8370702517 373.559512531 23.1629297483 25.1733541889 56.5902567068
4704 10.0265932161 128.119197316 174.965560335 396.118647625 0.491050626782 1.08820199982 4.87180003118 97.4302997182 319.263774057 357.037364173 0 1664.28469042 39.8717455316 361.61296992 23.1282544684 22.7153095847 55.7362259435
4728 9.15110943148 122.289264693 171.214008018 396.187413587 0.512798652903 0.910579423703 6.11890015103 96.2703081863 319.766175411 362.774225614 0 1666.25473413 39.8537521298 339.019394164 23.1462478702 20.7452658765 55.23382459
4752 8.41328052508 106.240567927 172.167951656 396.255202163 0.547829363928 0.744582457073 9.16079115806 93.2915948581 319.926752162 346.173296394 0 1667.9284638 39.9148184273 335.74962551 23.0851815727 19.0715362049 55.0732478387
4776 7.78644555035 96.0996634675 169.339594433 396.32056489 0.565610543589 0.591613957974 4.19721255553 98.3249980531 320.079670238 330.433376806 0 1669.34238062 39.9346248642 336.32565205 23.0653751358 17.6576193851 54.9203297633
4800 7.26547341393 82.6815539094 165.868324919 396.380235029 0.588933861012 0.935568405202 2.96745475555 99.1278079496 320.661143155 337.952713985 0 1670.528214 40.0216506681 327.273498502 22.9783493319 16.4717859987 54.338856846
4824 6.81946558561 81.3830234015 164.095921177 396.438048442 0.6306768009 1.15513274062 4.01597340738 97.76016861 320.715305274 333.633601914 0 1671.53359807 40.0181403148 320.88502266 22.9818596852 15.4664019303 54.2846947271
4848 6.42418694287 77.0053605817 161.866910091 396.493162807 0.605532578163 0.528114348565 6.39820459411 95.9749856723 320.992081147 336.694654542 0 1672.42678032 40.0230099597 306.330230284 22.9769900403 14.5732196818 54.0079188535
4872 6.07698337499 67.7319738066 169.195133038 396.543746853 0.610541836194 0.72992243007 2.40164969954 99.7141391821 320.894925451 320.302681217 0 1673.21702439 40.1134989909 305.667393188 22.8865010091 13.7829756114 54.1050745495
4896 5.75474149232 70.6748850322 165.551177783 396.594207491 0.626193002794 0.908563433225 5.24863814572 96.6223979281 320.465117211 296.976671858 0 1673.93481894 39.9852182304 301.686291245 23.0147817696 13.0651810607 54.5348827902
4920 5.47462539307 61.9860083658 158.462414296 396.641379477 0.619014920441 0.184658325992 2.26750526739 100.28744201 321.063337321 302.060569204 0 1674.57661484 40.119623139 295.031830431 22.880376861 12.4233851596 53.9366626798
4944 5.22004208179 60.9278158012 162.46737151 396.684650742 0.594795229915 0.350022806937 2.21745576953 100.153075452 320.984683437 294.073043261 0 1675.15076777 40.0918932015 284.297611513 22.9081067985 11.8492322314 54.0153165638
4968 4.98445394108 57.9329101202 163.925484119 396.725375031 0.582713470829 0.481614799934 2.98311205354 99.2271846454 320.63117911 270.522456355 0 1675.6844487 40.1277592059 282.20677518 22.8722407941 11.3155513065 54.3688208909
4992 4.77117709607 49.7743881193 164.08972895 396.763517059 0.582698547022 0.693782116108 3.1794385074 98.7805637712 320.765567119 264.269785165 0 1676.16968525 40.215407089 275.502843087 22.784592911 10.830314748 54.2344328821
5016 4.58262914532 53.5420871049 156.376121105 396.799067032 0.594822624206 0.880374254372 2.87038955835 98.8553465313 320.80784267 259.761676041 0 1676.59296081 40.1191589855 271.084973279 22.8808410145 10.4070391892 54.1921573307
5040 4.41136269227 46.2012800334 155.873415441 396.833555827 0.60649234446 0.0354452638189 3.2825781008 99.2419284646 321.177449761 265.182416782 0 1676.98545226 40.2550449234 267.718906113 22.7449550766 10.0145477382 53.8225502403
5064 4.25991276005 42.3057518348 151.02786133 396.86462663 0.580432051832 0.131312762646 0.450096759068 101.973531797 321.558061595 276.093626812 0 1677.33059902 40.3466490714 263.519961899 22.6533509286 9.66940098577 53.4419384061
5088 4.11885880458 41.727679792 153.544126864 396.893409783 0.560358214671 0.233290722356 3.39974744422 98.9131938359 321.494991854 271.738763223 0 1677.64969883 40.3453434693 260.184861806 22.6546565307 9.35030117165 53.5050081467
5112 3.98621204273 38.4547378255 155.323170009 396.920571588 0.546496043737 0.296115394993 1.26911757941 100.967699395 321.344959769 261.497246265 0 1677.95109137 40.4159550381 264.256620759 22.5840449619 9.04890863352 53.6550402321
5136 3.86218115403 42.4159412591 157.081777532 396.946218808 0.535638372822 0.327732167914 1.0226662434 101.167744408 320.965520745 246.31150635 0 1678.22836199 40.2683751296 261.941465653 22.7316248704 8.77163801446 54.0344792557
5160 3.73996830473 39.0335768105 152.233841672 396.971835649 0.52716792936 0.395593832449 2.7798034011 99.3255991888 321.247811457 247.532763094 0 1678.50644358 40.3554688738 256.248213834 22.6445311262 8.49355641951 53.7521885435
5184 3.62412410001 37.6174138269 152.941116752 396.996616596 0.523803002415 0.496851564482 2.35027347823 99.6324553592 321.082537981 240.515338347 0 1678.76793828 40.3218202424 251.339756716 22.6781797576 8.23206172667 53.9174620196
5208 3.51845492879 34.6862554421 150.826424448 397.019866339 0.524246388282 0.56363535208 2.69377351157 99.1984784097 321.123515523 236.802382804 0 1679.00880328 40.4064117934 249.05315677 22.5935882066 7.99119671954 53.8764844775
5232 3.42683382221 33.3150243422 151.794661208 397.040667326 0.527320546579 0.631205941178 1.54152476874 100.259281418 321.461045405 242.099875272 0 1679.21777616 40.4669082233 242.473493998 22.5330917767 7.78222384013 53.5389545956
5256 3.33824911482 32.1281348639 153.344669367 397.061473981 0.532291748911 0.683385829234 1.38342276651 100.339425675 321.198955843 234.03188698 0 1679.41842662 40.492915512 238.524057134 22.507084488 7.58157337865 53.8010441575
5280 3.25530233117 30.8140071805 152.240170089 397.081680267 0.538796841097 0.742113763443 3.05034945172 98.5870596775 321.162602779 227.752458569 0 1679.60693619 40.5511875059 237.981504418 22.4488124941 7.39306381561 53.8373972219
5304 3.17183994591 28.8529166916 153.27234312 397.102840893 0.547778478541 0.801542818353 0.829190619723 100.718647191 321.068558725 214.969860788 0 1679.79627163 40.6045695797 240.68995414 22.3954304203 7.20372837699 53.9314412754
5328 3.09676240828 29.2872000045 149.745668776 397.122691639 0.557337655268 0.842664108112 2.33581385956 99.1414927384 321.185124298 217.715585217 0 1679.96584101 40.557934594 236.67055351 22.442065406 7.03415899087 53.8148757033
5352 3.02335981111 28.221734587 153.136981421 397.142945933 0.56890025345 0.922439183846 2.762000547 98.603714083 320.952657393 204.657775356 0 1680.1322196 40.5821960698 240.866915299 22.4178039302 6.86778040521 54.0473426076
5376 2.95392171262 27.0709139964 147.13017424 397.16299002 0.581333996167 0.939456260778 1.19497550729 100.121244216 321.102168094 209.715971084 0 1680.28942182 40.5951963845 236.350573759 22.4048036155 6.71057818104 53.8978319065
5400 2.88909759919 28.9497523325 147.337426681 397.182537724 0.593301821595 0.960406247441 2.46150768985 98.8022465178 321.129574772 209.711032924 0 1680.43573641 40.5057125549 230.357038327 22.4942874451 6.56426359388 53.8704252292
5424 2.82106176838 29.8183149031 146.417062849 397.203860148 0.591320343643 0.0419408577998 1.89406078002 100.268817871 321.057242346 203.757700512 0 1680.58904541 40.4581157059 228.702757714 22.5418842941 6.41095459413 53.9427576549
5448 2.75777243649 24.5964377998 149.781433003 397.223683853 0.573999281756 0.096700028055 0.255549362223 101.850067475 321.16640378 204.423387031 0 1680.73446163 40.6769093114 222.525496549 22.3230906886 6.26553836846 53.8335962207
5472 2.70511618674 22.3360477305 143.701603837 397.240087048 0.560648226169 0.118156931686 1.15888285947 100.922224936 321.557188153 215.134905765 0 1680.85564492 40.8715329934 218.8155407 22.1284670066 6.14435508435 53.4428118477
5496 2.65193608467 24.7477923211 146.844121197 397.256595821 0.548232049752 0.158083985302 2.11042754206 99.9266606026 321.201381887 204.841926903 0 1680.97431034 40.6463392321 216.44891566 22.3536607679 6.02568966548 53.7986181137
5520 2.59676073769 26.2922491399 143.838217344 397.27370333 0.537010589761 0.214659613851 2.20253859978 99.7720878667 321.198624114 200.006367585 0 1681.09842779 40.5463328115 216.26640777 22.4536671885 5.90157221533 53.8013758864
5544 2.54665456528 22.873834269 145.185881242 397.289267427 0.528232672931 0.242798057932 1.11242698396 100.827274858 321.15536633 196.83332311 0 1681.2135581 40.7335527039 213.314055976 22.2664472961 5.78644190009 53.844633671
5568 2.50356748509 20.2074408272 145.348307783 397.302697352 0.521260445835 0.263091415102 1.66782689131 100.245123896 321.424917925 204.031634607 0 1681.31308163 40.9984114238 207.658657303 22.0015885762 5.68691836914 53.575082076
5592 2.46104934895 20.463681279 143.947093644 397.316008607 0.515037772603 0.288101753822 1.22169395347 100.659157913 321.534808796 210.362050018 0 1681.40883556 40.9186676357 201.424665572 22.0813323643 5.59116444629 53.4651912049
5616 2.42125734585 19.9147421408 147.275355488 397.328538194 0.510009046566 0.324893677251 1.62368102425 100.212878058 321.512378471 208.337186786 0 1681.49923107 40.949097267 197.553821178 22.050902733 5.50076893414 53.4876215299
5640 2.38064658153 20.5454265379 144.619786745 397.341421124 0.505589533763 0.340850178844 1.15833961319 100.65379955 321.482050021 208.709759687 0 1681.59038674 40.8306378983 192.946841541 22.1693621017 5.40961325722 53.5179499795
5664 2.3421265899 19.6638441695 141.925927581 397.353746942 0.502043873015 0.374022538643 0.565153152427 101.205033494 321.705814172 212.825177305 0 1681.67872307 40.9946653797 190.581227809 22.0053346203 5.32127692894 53.2941858289
5688 2.30323613228 20.2326051584 146.821654568 397.366318276 0.499114685141 0.393220985855 1.06319049964 100.678155554 321.324486877 199.871079343 0 1681.76619048 40.8736288106 190.357385589 22.1263711894 5.23380951767 53.6755131238
5712 2.26522218591 21.4834940192 145.266864927 397.378748476 0.496957963581 0.437472027974 2.49337449336 99.19344704 321.28812181 194.813455745 0 1681.85165548 40.7523423494 188.268847534 22.2476576506 5.14834451906 53.7118781905
5736 2.22833337597 20.9160076618 142.91940795 397.390974012 0.495963656222 0.465053948593 0.91953526181 100.728473122 321.344531328 190.587298371 0 1681.93560283 40.8165155841 189.289015712 22.1834844159 5.06439716926 53.6554686732
5760 2.19423349748 18.0490510827 146.488961486 397.402439211 0.495394110301 0.482678771276 2.21352702206 99.4059608855 321.022207464 178.113018417 0 1682.01399607 41.0277916982 190.342787565 21.9722083018 4.98600393649 53.9777925371
5784 2.16112440666 18.305864521 138.949278829 397.413738245 0.495664504207 0.527640197199 1.4173300183 100.145627036 321.420260071 184.823504657 0 1682.08855136 40.9447781266 189.494422494 22.0552218734 4.91144864335 53.5797399301
5808 2.1274726165 18.6254614342 140.782686686 397.425416013 0.496480267898 0.536899444599 1.76448932398 99.7767149515 321.296195363 183.582931442 0 1682.16450539 40.8844073883 186.795567507 22.1155926117 4.83549460848 53.7038046384
5832 2.09312327897 18.2300495983 142.434271145 397.43755136 0.497622472287 0.552385648733 1.18586801442 100.326572505 321.136722354 176.356688119 0 1682.24248023 40.9154054421 186.223192641 22.0845945579 4.75751976748 53.8632776472
5856 2.05991094392 19.1044045748 140.001193718 397.449506779 0.49905671156 0.56720228921 1.56463439627 99.9195998242 321.114479682 171.164236981 0 1682.31745443 40.8434284725 186.728935872 22.1565715275 4.68254557325 53.8855203193
5880 2.02832257957 17.9526806286 142.83572743 397.461094382 0.50073244532 0.57421897409 0.876253433236 100.587700766 321.031381614 166.795281905 0 1682.38938066 40.8952892003 183.342057509 22.1047107997 4.6106193379 53.968618387
5904 1.99927752995 17.574131946 141.448732067 397.471945778 0.50243452682 0.583308620787 1.02786271954 100.414448356 321.103564548 165.792365782 0 1682.45543365 40.9261833671 184.056442819 22.0738166329 4.54456635215 53.896435453
5928.0 1001.96859649 17.1570407614 144.932072547 397.483624461 0.504542235902 0.608198854612 2.30331003599 99.1003244127 320.765848329 156.892461909 0 1682.52471608 40.9125352112 181.891145454 22.0874647888 4.47528392049 54.2341516717
5952 371.781414575 5108.50736117 179.865220387 400.802050695 4.03019404475 11.5679464244 28.3006590111 55.2991498254 275.156449512 860.817359092 0 1149.46285789 39.8649840787 384.409311312 23.1350159213 537.537142106 99.8435504884
5976 90.0820777789 3361.78255663 183.862204563 415.192679505 7.87299455295 13.3639435117 27.1000351797 36.4703472506 275.173036023 380.502819502 0 1483.69503212 39.0673197677 440.875746822 23.9326802323 203.304967878 99.8269639779
6000 33.7562865633 1142.88767548 179.266820504 421.862115916 2.18031026843 12.8676723774 22.5649720276 40.524929411 293.462006971 283.061498997 0 1607.07076286 39.0807119141 468.253054718 23.9192880859 79.9292371451 81.5379930296
6024 21.4347783931 434.821348119 171.445705593 423.312823124 0.94305133656 4.42855368559 16.9694114229 54.3461604312 309.468423927 339.591143999 0 1637.89863957 39.3701363748 433.042151331 23.6298636252 49.101360429 65.5315760742
6048 16.8300742032 268.235403973 173.249268411 423.674087026 0.865384293103 2.62797785521 11.1067169391 61.7258338871 314.863038941 347.517779843 0 1648.80932974 39.6044790574 419.414265796 23.3955209426 38.1906702649 60.13696106
6072 14.2048625496 213.116644902 176.089139279 423.808899721 0.310106241722 1.40180738955 6.07894680302 68.4002398446 316.920945022 361.852819534 0 1654.80579743 39.6824711488 390.425203395 23.3175288512 32.1942025708 58.079054979
6096 12.3603132795 171.775029591 171.129310071 423.886389969 0.453807564041 0.512635904237 7.00534616466 68.1418203987 318.15213975 371.941679729 0 1658.99152916 39.7467922985 380.440762591 23.2532077015 28.0084708425 56.8478602505
6120 11.0024556882 143.810268557 178.715287784 423.971750622 0.550641407914 1.45093430607 3.77600558314 70.2506680814 318.831048924 366.035431945 0 1662.07937451 39.8296165573 370.622225144 23.1703834427 24.920625495 56.1689510769
6144 9.90463833244 124.216209908 173.329625011 424.059882011 0.577141469466 0.0515911563524 5.12343284512 70.1879525179 319.152689935 353.198272355 0 1664.55521393 39.8669255548 365.074606408 23.1330744452 22.4447860678 55.8473100662
6168 9.05570116853 116.032156066 172.912877391 424.134930103 0.553765534393 0.660234282197 3.87840166788 70.7726684127 319.606477508 344.16940178 0 1666.4728222 39.8756221242 359.14192875 23.1243778758 20.5271778005 55.3935224931
6192 8.31958292545 108.81695743 163.675168142 424.207059811 0.58611491123 0.950709831051 2.55539379054 71.7007216567 320.031605342 347.208377407 0 1668.13036037 39.8700143465 345.601872518 23.1299856535 18.8696396312 54.9683946584
6216 7.66649738825 104.115390451 163.652509494 424.27956563 0.572689952572 0.22062904658 2.05571903142 72.8713963396 319.807244226 321.162840013 0 1669.59584332 39.8299631937 341.316258844 23.1700368063 17.4041566854 55.192755775
6240 7.1359037478 85.5850767979 165.15762386 424.339725045 0.551397340443 0.518312224706 3.42646070114 71.1641046888 320.456110829 329.115920898 0 1670.81449889 39.9768840932 327.022082295 23.0231159068 16.1855011081 54.5438891717
6264 6.71991164068 71.3394006745 165.535780388 424.389588523 0.558494871164 0.718466294504 2.61985225709 71.7135980544 320.999519077 335.601445681 0 1671.77114938 40.165123006 323.924597024 22.834876994 15.2288506181 54.0004809238
6288 6.33298187152 71.8916714008 164.129140335 424.440046099 0.577009799787 0.810863672006 1.90143387603 72.2706465537 320.944120954 329.539973167 0 1672.63383381 40.0541865345 314.301596731 22.9458134655 14.3661661935 54.0558790469
6312 6.00008697384 66.654438205 167.648671639 424.487642442 0.599176067506 0.905984681293 2.57244032833 71.4347564812 320.920523955 317.546282138 0 1673.38967047 40.1008084056 314.134106526 22.8991915944 13.6103295354 54.0794760461
6336 5.7021735477 62.2886355721 162.629542576 424.533939121 0.597390562744 0.124392046301 2.72241752249 72.0218607481 321.227648877 319.576884866 0 1674.06655936 40.1757659036 307.707486109 22.8242340964 12.9334406434 53.7723511238
6360 5.42194888296 65.7569672981 159.82183674 424.577938822 0.569403905177 0.305790564264 2.97025604398 71.5766106652 320.940215328 301.843145062 0 1674.69144533 40.0391401342 307.085683084 22.9608598658 12.3085546715 54.0597846725
6384 5.16893131099 57.2932225545 162.211475269 424.618227698 0.556447037221 0.45144664736 2.96177532481 71.4121032926 321.009949745 296.131863609 0 1675.26928565 40.1482481176 298.316776934 22.8517518824 11.7307143552 53.9900502552
6408 4.95349035398 50.9212148446 163.356213431 424.653659538 0.554879803612 0.593231080062 1.35395867846 72.8442709001 321.146433582 293.545511171 0 1675.76054822 40.2650695283 294.017735511 22.7349304717 11.2394517782 53.8535664183
6432 4.75114449003 53.7019174677 161.273855968 424.68850653 0.560333899889 0.703588550884 1.69010878066 72.3574622384 321.041276598 280.097588321 0 1676.21509559 40.182775817 290.125939847 22.817224183 10.7849044084 53.9587234023
6456 4.56154036898 50.1371026346 157.057752818 424.723035606 0.570613776582 0.770678897684 2.98653412522 70.9491375945 321.403097366 285.637614067 0 1676.64346781 40.1973212201 279.964772379 22.8026787799 10.3565321911 53.5969026348
6480 4.39056526608 48.461360451 161.487437452 424.756113271 0.58439894602 0.845003955489 1.97691881427 71.8375650132 321.167926742 276.722658187 0 1677.03090141 40.2047148835 271.428726581 22.7952851165 9.96909858644 53.8320732585
6504 4.23293752894 44.5022406327 164.006999714 424.788576484 0.599869766692 0.906111235884 1.80413261805 71.9013098958 321.13551551 267.998874788 0 1677.3893045 40.2583263857 263.173137027 22.7416736143 9.61069550351 53.8644844904
6528 4.09421920939 36.3618941283 156.962268522 424.818950551 0.615765181317 0.946071489246 2.31336341608 71.3058493627 321.363604178 269.03442983 0 1677.70910828 40.5305846721 261.836231992 22.4694153279 9.29089172374 53.6363958223
6552 3.96781548885 44.7050153883 154.24397293 424.848290708 0.63165361521 0.966384372713 1.643582431 71.9100888734 321.36912753 262.802862905 0 1677.99051265 40.2900101161 257.208792347 22.7099898838 9.00948735331 53.6308724705
6576 3.83451561517 42.9849647005 156.536158785 424.881103039 0.642924923155 0.0530755731175 4.156495894 70.2664005705 321.10861811 247.669035289 0 1678.29069286 40.263881995 253.537326155 22.736118005 8.70930714299 53.8913818907
6600 3.71238493701 38.4517755425 159.940413761 424.911712294 0.619546970118 0.22344066199 2.40996189801 71.8353381758 320.824946359 234.168992929 0 1678.56884336 40.3586393694 251.453664063 22.6413606306 8.43115663852 54.1750536421
6624 3.60272586443 34.9376941426 153.281096027 424.939213036 0.604331664032 0.329825439663 1.50936301036 72.6172668506 321.081807926 235.124670701 0 1678.8191659 40.4629407104 247.042964103 22.5370592896 8.18083409987 53.9181920749
6648 3.49916968904 38.1684312119 148.789721332 424.965402294 0.593361245398 0.374153798337 1.63201376296 72.4350689 321.144330026 230.186565915 0 1679.0515717 40.3446864097 245.105475675 22.6553135903 7.94842830468 53.8556699746
6672 3.39953981361 35.4027446935 148.434607976 424.99091581 0.584563252117 0.401925483478 1.75139042744 72.2712050267 321.341886244 233.615518056 0 1679.27766405 40.3800077257 240.795505112 22.6199922743 7.7223359506 53.658113757
6696 3.31367218301 30.8356955035 151.14637341 425.013229178 0.578802522415 0.465328822935 2.43063145784 71.5120080185 321.512671692 240.221394854 0 1679.47581506 40.6040973308 233.252232653 22.3959026692 7.52418493636 53.4873283088
6720 3.22994640958 33.1105180933 149.559442124 425.035373545 0.575095248513 0.488971238823 0.183998082747 73.7165618847 321.294222617 229.337523286 0 1679.66253795 40.4192754096 236.178858504 22.5807245904 7.33746205371 53.7057773833
6744 3.14701433226 30.2140059491 147.668989766 425.057749086 0.571959139369 0.498330456532 1.00964918281 72.8623121355 321.347011826 227.742398716 0 1679.85206161 40.5686011815 235.254461288 22.4313988185 7.14793839471 53.6529881747
6768 3.0725702063 28.9639787647 149.075954358 425.078243911 0.569598758552 0.512265015964 0.597663810678 73.2422285044 321.394377528 229.361896985 0 1680.02091136 40.5704219138 228.775749487 22.4295780861 6.97908864105 53.6056224723
6792 3.00255471735 27.225483891 152.229775905 425.097909471 0.568169779996 0.549947041425 1.03810882611 72.7458648816 321.28824172 223.6004727 0 1680.18079493 40.7032840258 224.822586753 22.2967159742 6.81920506583 53.7117582808
6816 2.93537124411 26.8410979085 150.575617901 425.117188289 0.567800299748 0.56092413557 0.482324656315 73.2717626199 321.081347207 212.714144901 0 1680.33197456 40.6205605759 225.133991303 22.3794394241 6.66802543771 53.9186527939
6840 2.87111532812 25.7505536457 151.61475272 425.136038015 0.567839782318 0.580730409932 0.852996109874 72.8623956831 321.14086669 210.62352355 0 1680.47773806 40.652871007 220.74219916 22.347128993 6.52226194155 53.8591333104
6864 2.81053247403 25.8740968946 146.236122755 425.154211958 0.568458825162 0.594352676964 1.14580105922 72.5371754806 321.28780121 213.104688865 0 1680.61472871 40.6286850763 217.78954906 22.3713149237 6.38527129203 53.7121987904
6888 2.75532989194 24.1432253246 142.756621261 425.171141495 0.569590418852 0.622979631478 2.24423280354 71.3920556512 321.652272748 220.603082316 0 1680.74129942 40.767228394 217.141252516 22.232771606 6.25870057975 53.3477272523
6912 2.70316122027 22.3619225971 144.076849848 425.187498606 0.571405091095 0.639338253757 1.28597051981 72.3157875295 321.669010423 224.819843068 0 1680.86015832 40.8679559757 213.68067913 22.1320440243 6.13984168049 53.3309895772
6936 2.64772492149 25.3124209933 147.165657747 425.20529572 0.573918798284 0.671967586965 2.46701051126 71.0818073839 321.447838388 215.217414087 0 1680.98353813 40.6005551576 210.537090915 22.3994448424 6.01646187203 53.5521616129
6960 2.59558186157 23.0482179439 152.03763007 425.222465481 0.577068536702 0.680391783499 0.603283135921 72.9167910634 321.170987634 205.108763797 0 1681.10277198 40.7446620503 207.716978861 22.2553379496 5.89722801691 53.829012367
6984 2.54706385535 22.445012263 147.174261901 425.238839679 0.579914298697 0.676569245381 0.653179587142 72.85149719 321.16167984 201.092042849 0 1681.2128338 40.7615638765 205.151790922 22.2384361235 5.7871662019 53.8383201609
7008 2.49741933796 22.3958521316 143.865350794 425.256003911 0.582794563304 0.685720678962 1.76465005285 71.7108307939 321.122375563 191.162691722 0 1681.32502509 40.7397806263 209.62479756 22.2602193737 5.6749749095 53.8776244381
7032 2.45028298427 24.2287722518 142.991552971 425.272705957 0.585979742761 0.704068845638 1.78765722645 71.6495882283 321.202333484 190.123644849 0 1681.43108799 40.6314368102 207.254635538 22.3685631898 5.56891201535 53.7976665165
7056 2.4067864649 21.0794918564 147.534715742 425.288493227 0.589269700207 0.716033173401 1.69816869296 71.7080352068 321.15418394 187.295904244 0 1681.53150708 40.8944872886 204.13313856 22.1055127114 5.46849292286 53.8458160607
7080 2.36593425466 20.4071720349 141.184304361 425.303669656 0.592813282544 0.73683054071 0.503574988244 72.8631115328 321.385745249 196.449651973 0 1681.62382877 40.8494519097 198.29280058 22.1505480903 5.37617123419 53.614254752
7104 2.32427325686 19.5011295512 143.198052332 425.319518464 0.596696573909 0.746331356609 1.39985191081 71.9376016946 321.416977389 195.136465215 0 1681.71843107 40.9077235561 196.733483548 22.0922764439 5.28156892968 53.5830226117
7128 2.28717196101 19.559716937 139.551466325 425.333964345 0.600264228561 0.745178737517 0.136057245555 73.1845354433 321.477953217 195.43268689 0 1681.80289368 40.9358279175 198.229093559 22.0641720825 5.19710631606 53.5220467833
7152 2.25004397486 19.0689317212 144.418343393 425.348743406 0.603749005944 0.744899996241 0.89987872194 72.4027288701 321.177070091 185.48226586 0 1681.88697252 40.9371447313 199.773568987 22.0628552687 5.1130274796 53.8229299101
7176 2.2137313618 20.1529259575 141.668554664 425.363520384 0.607203309302 0.746604597225 0.648713523413 72.6339581863 321.204460831 182.490408989 0 1681.96874006 40.8376274976 199.397936788 22.1623725024 5.03125994398 53.7955391696
7200 2.17652845323 20.8745984088 147.046705641 425.379001627 0.610697600395 0.74888002213 1.46900538235 71.7924153683 320.950623783 175.01175254 0 1682.05192635 40.6637864 196.127772502 22.3362136 4.94807364845 54.0493762172
7224 2.14222612997 16.8700369296 147.113573213 425.393593375 0.614075464644 0.762107613559 1.15197792288 72.0782456243 320.929408221 170.830825408 0 1682.1320313 41.1128679853 192.136803557 21.8871320147 4.86796869799 54.0705917793
7248 2.11305500091 15.9581126561 144.562213821 425.406253449 0.617062405618 0.759135460307 0.632558216548 72.5849904685 321.018215375 168.29257278 0 1682.198777 41.2442756874 191.310814058 21.7557243126 4.80122300527 53.9817846261
7272 2.08377125476 17.4684157198 140.671158619 425.419201696 0.620053783486 0.763989921684 1.1234270646 72.0733275345 321.200132762 173.577919912 0 1682.26451476 41.0618198259 187.652965776 21.9381801741 4.73548524174 53.7998672386
7296 2.05341196731 16.3886034538 141.277971242 425.432886466 0.623154253635 0.760634838587 0.707832358909 72.4754920835 321.270483042 175.047073593 0 1682.33338928 41.1155817012 185.155454489 21.8844182988 4.66661071927 53.7295169592
7320 2.02493460317 16.692235615 140.585339741 425.445970477 0.626024518882 0.762759285944 1.20453735912 71.9607083597 321.196823106 171.260869276 0 1682.39790736 41.0832119713 186.723491774 21.9167880287 4.6020926411 53.8031768949
7344 1.99663748926 17.0413347281 143.145723442 425.459216355 0.628968795366 0.772287281638 1.69731275621 71.4422148118 321.047569153 165.278889744 0 1682.46203244 41.0960151726 185.372961721 21.9039848274 4.53796756133 53.9524308481
7368 1.96900486735 15.3183300635 140.622086024 425.472396195 0.632003871984 0.77794290046 1.18226707223 71.9353899606 321.178082866 167.863638407 0 1682.5251208 41.215233016 183.170579616 21.784766984 4.47487920174 53.8219171345
7392 1.94249428539 16.474726912 139.393612203 425.485276524 0.634925184729 0.779436260201 0.634243083929 72.4661189469 321.201952103 168.759138382 0 1682.584507 41.0093585677 181.059272578 21.9906414323 4.41549300227 53.7980478973
7416 1.91683630881 15.9024119691 139.950821405 425.497969006 0.63781926724 0.783645583676 1.05245642164 72.0281097217 321.205055507 167.775201961 0 1682.6430119 41.0850724072 181.098069627 21.9149275928 4.35698810325 53.794944494
7440 1.8910441463 17.1264025068 143.678195912 425.510959253 0.640698787137 0.778431647907 0.516064829982 72.553845482 320.982305297 158.046941904 0 1682.70106551 40.9666299236 183.090686133 22.0333700764 4.2989344952 54.0176947041
7464 1.86424658965 15.3008035562 143.223363221 425.524706927 0.643642111293 0.781338034468 1.04096161664 72.009351311 320.931767347 153.838437523 0 1682.76219005 41.1055809155 181.178452917 21.8944190845 4.23780994956 54.0682326539
7488 1.83878088533 15.8149302246 138.083113942 425.538015413 0.646480314832 0.785540104149 1.50719527033 71.5227688976 321.024419701 156.293593735 0 1682.81971381 41.0239306753 178.381565189 21.9760693247 4.18028619155 53.9755802994
7512 1.81576941712 14.7277652317 135.274899852 425.550252363 0.649112455397 0.789432663723 0.849055182334 72.1621473362 321.303794834 164.398074001 0 1682.87248905 41.1762283889 175.726445614 21.8237716111 4.12751095511 53.6962051662
7536 1.79407772231 14.5784885947 141.879559314 425.561977159 0.651693690665 0.799173973888 1.11695433875 71.8702008379 321.161787376 159.649200354 0 1682.92205417 41.2830004168 173.219690244 21.7169995832 4.07794583206 53.8382126244
7560 1.77344785647 14.0478249591 138.751510201 425.573304852 0.654215081914 0.799633939222 1.35443029723 71.6184158294 321.160457801 159.946469385 0 1682.96893994 41.3078380893 172.783828985 21.6921619107 4.03106006283 53.8395421996
7584 1.75086384472 14.346005117 141.680111406 425.585908546 0.656998381916 0.801300940191 0.723023674468 72.2327684578 320.923841725 152.315020605 0 1683.01957893 41.158528374 170.454327487 21.841471626 3.98042107197 54.0761582759
7608 1.72964827401 14.1830271691 139.898372236 425.597947172 0.659658487715 0.806470693561 1.01723704504 71.9186866021 320.957006083 149.630930123 0 1683.06780305 41.1759040639 170.198460191 21.8240959361 3.93219695074 54.0429939176
7632 1.70971816634 13.5820182594 138.713474598 425.609436778 0.66216410134 0.805527360613 1.25897686966 71.6638948901 321.08845108 152.420162131 0 1683.1132812 41.2688932291 167.030150358 21.7311067709 3.8867187998 53.9115489206
7656 1.68999843934 13.5137291133 136.867061384 425.620981169 0.664670848137 0.809643052847 0.491448097869 72.4132568325 321.141067504 152.723232345 0 1683.15802775 41.2688536365 165.987892971 21.7311463635 3.84197225289 53.8589324964
7680 1.66873066233 13.9923731177 137.432689392 425.633633627 0.667421349794 0.814708641418 0.835278866424 72.0489575151 320.992922841 149.115500749 0 1683.20581124 41.136660055 163.990817097 21.863339945 3.79418875598 54.0070771599
7704 1.64915838659 14.4285739226 140.600889178 425.64546817 0.670012916611 0.81518030198 1.09519865008 71.7741399618 320.85243242 143.26032025 0 1683.25029197 41.1305212657 161.112459337 21.8694787343 3.74970803307 54.1475675803
7728 1.62992560724 12.765249652 135.135773745 425.657280173 0.672552412415 0.816948269004 1.3450402687 71.5081788767 321.112265578 149.125663691 0 1683.29445699 41.3489404053 158.349508474 21.6510595947 3.70554300694 53.8877344229
7752 1.61138616179 13.3709584219 139.043464506 425.668842029 0.675014893343 0.814902577311 0.571074289787 72.2701662109 320.800413222 139.074389518 0 1683.33620849 41.212656171 157.659124638 21.787343829 3.66379151473 54.1995867787
7776 1.593805481 12.2192839491 136.343607556 425.679968505 0.677309712429 0.816491598057 0.73956041664 72.0866697678 320.95259113 139.975502829 0 1683.37658283 41.4287259564 157.014351063 21.5712740436 3.62341717227 54.0474088703
7800 1.57704782376 12.9759783237 138.108649843 425.690724512 0.679482549482 0.81384838846 0.873553349787 71.9423912003 320.855806371 135.541202142 0 1683.41426927 41.2548290307 156.430543541 21.7451709693 3.58573073388 54.1441936301
7824 1.55829281045 13.3842247948 137.0092153 425.702939529 0.681830197766 0.809089782798 0.160586210964 72.6455542798 320.82778689 133.291666728 0 1683.4564706 41.1424480192 154.899768135 21.8575519807 3.54352940396 54.1722131109
7848 1.5409744753 12.7224662215 136.690802663 425.71438712 0.683909581962 0.806303966166 0.359536028197 72.4358633037 320.816086402 130.913548987 0 1683.49628515 41.3339592077 154.428109148 21.6660407923 3.50371485504 54.1839135986
7872 1.52398492175 12.2257997937 135.044101045 425.725776988 0.685907574062 0.803508664506 0.548821993467 72.2359847799 320.888892742 133.072311543 0 1683.53476305 41.3362518948 153.012594103 21.6637481052 3.46523694973 54.1111072589
7896 1.50871655283 11.1905377712 136.106087569 425.736150139 0.687657422364 0.800739857658 0.629366836046 72.1460857446 320.880197735 131.978536052 0 1683.56994665 41.5823916544 151.657923297 21.4176083456 3.43005335313 54.1198022652
7920 1.49386704152 12.2992094115 137.904950621 425.746365237 0.689330925906 0.801177772083 0.684376920459 72.0787491452 320.72279424 125.898741447 0 1683.60323824 41.3389190816 151.346103574 21.6610809184 3.39676176458 54.2772057604
7944 1.47688464112 13.7895903152 136.018997964 425.75820359 0.691255705136 0.803373827082 0.900189858926 71.8469770195 320.658550831 122.181919687 0 1683.64092314 40.9962009229 151.056979429 22.0037990771 3.35907686449 54.3414491696
7968 1.46132374797 12.4623618461 135.806445098 425.769200411 0.692995785588 0.800744209613 1.0357298792 71.7013297143 320.740430565 122.156541404 0 1683.67702814 41.3194425277 149.826059862 21.6805574723 3.3229718579 54.259569436
7992 1.44605886346 13.1606424455 136.357475729 425.780129075 0.694643306756 0.797962314464 0.161782713431 72.5654825905 320.704618567 119.880147487 0 1683.71145102 41.2298801715 148.647930003 21.7701198285 3.28854897696 54.2953814338
8016 1.43009010207 12.7288837126 136.530318296 425.791713447 0.696314704346 0.794945711371 0.352616522981 72.3644096145 320.582377887 116.79313891 0 1683.7475198 41.1562635066 147.512413049 21.8437364934 3.25248019893 54.4176221137
8040 1.41399382134 12.436933192 135.506256974 425.803550072 0.697948884652 0.791251598854 0.567629050112 72.1396203944 320.583929139 114.775203283 0 1683.78426856 41.2626921971 146.426210578 21.7373078029 3.21573143798 54.4160708614
8064 1.40068749876 10.4672540294 130.922671583 425.813458076 0.699260454013 0.790000423457 0.578787112588 72.1184939336 320.939199745 123.079063379 0 1683.81517376 41.6437859874 145.378046694 21.3562140126 3.18482624018 54.060800256
8088 1.38843569178 10.2092145785 131.282017411 425.822680936 0.700456657672 0.792369863957 0.511153706507 72.1733388362 320.984785054 125.616599468 0 1683.84309038 41.7061412527 144.376889719 21.2938587473 3.15690961977 54.0152149466
8112 1.37582679103 10.5641372787 134.180181886 425.832274739 0.701707889714 0.793135485618 0.482491989539 72.1903898963 320.833048982 122.940125429 0 1683.87149771 41.5722351809 142.430664521 21.4277648191 3.12850228784 54.1669510187
8136 1.36359575085 10.0743290919 135.285646179 425.84168195 0.702924527984 0.794299123728 0.432267533902 72.2288268649 320.719256349 117.423647932 0 1683.89943543 41.699493468 143.520577764 21.300506532 3.10056457464 54.2807436513
8160 1.35108873295 11.771385222 134.02923645 425.851406108 0.704158787647 0.790308725419 0.42256952574 72.2315568537 320.761069478 117.746276562 0 1683.92743906 41.4044527601 141.627762902 21.5955472399 3.07256094242 54.2389305227
8184 1.33902366018 9.86754040613 135.175918511 425.860888281 0.705305949587 0.791807530635 1.37580767855 71.2661905608 320.720424534 115.981226407 0 1683.95524459 41.7278421237 141.768453437 21.2721578763 3.0447554073 54.279575467
8208 1.32711253838 9.96267339671 133.827055016 425.870348999 0.706443154168 0.788955353504 0.333863653388 72.3003888399 320.795917533 116.131949998 0 1683.98220894 41.68070602 141.920725553 21.31929398 3.01779106198 54.2040824674
8232 1.31523886637 10.5359349801 137.453004632 425.879879866 0.707536041241 0.789313788345 1.29101472856 71.3322555761 320.476634172 108.388686743 0 1684.00887074 41.4837130331 142.095182875 21.5162869669 2.99112925653 54.5233658287
8256 1.30379034264 9.70275234923 132.898995574 425.889165458 0.708601792514 0.790210395164 1.22082808602 71.3911942683 320.747816321 113.612852102 0 1684.03521324 41.7291220466 140.298871304 21.2708779534 2.96478676548 54.2521836798
8280 1.29246332027 9.82344035019 132.3724227 425.898447036 0.709665221687 0.790870103264 1.14913737811 71.4518802611 320.770048043 114.388602654 0 1684.06083961 41.670293401 139.542074123 21.329706599 2.93916038905 54.2299519578
8304 1.28129908847 10.0491406747 131.544891061 425.907689047 0.71074240865 0.793906435341 1.06710402689 71.5205580823 320.89115805 117.55202422 0 1684.08609521 41.5894049941 138.817468712 21.4105950059 2.91390478565 54.1088419512
8328 1.27042851533 10.3887018164 133.046630136 425.916779258 0.71178027009 0.791801212703 0.978706232491 71.6009330266 320.84821362 117.321829976 0 1684.11094086 41.6981647189 137.134261253 21.3018352811 2.88905913951 54.1517863812
8352 1.25954564172 11.0296779159 135.33565807 425.925971336 0.712813225584 0.791877438428 0.894657054615 71.6746809452 320.658197944 112.235957945 0 1684.13541012 41.4816904046 135.499179123 21.5183095954 2.86458988064 54.3418020563
8376 1.24750916727 10.6556465093 134.17854528 425.936246143 0.713907896186 0.787972209352 0.924916124311 71.6369576271 320.660305699 110.349798022 0 1684.16252166 41.3927901427 134.906639799 21.6072098573 2.83747834272 54.3396943019
8400 1.23585283612 9.7173258192 135.800101736 425.94630638 0.714957422565 0.788854064951 0.922614770489 71.6272673624 320.549061745 105.54149991 0 1684.18924474 41.6022841837 135.333598825 21.3977158163 2.81075525567 54.4509382561
8424 1.22580798681 9.01989541898 131.07341842 425.955064024 0.715829160195 0.784981596227 0.799197561619 71.744927658 320.745788176 108.937832719 0 1684.21237765 41.8414078099 133.77756688 21.1585921901 2.78762235526 54.2542118249
8448 1.2153846671 9.23887311456 131.293151112 425.964239036 0.716713732361 0.7844218685 0.709373949416 71.8252514141 320.731155811 108.90275788 0 1684.23590803 41.739759936 132.264225348 21.260240064 2.76409196893 54.2688441893
8472 1.20608831697 8.8050551298 130.271182996 425.972498223 0.717484830545 0.782386061121 0.530751153472 71.9968797318 320.846477354 111.376882941 0 1684.25721103 41.8909694997 131.777849127 21.1090305003 2.7427889736 54.1535226465
8496 1.19618527961 9.47209306521 132.648543436 425.981376399 0.71828157455 0.781825475671 0.409424078602 72.1090924728 320.620603362 104.972195753 0 1684.27937693 41.6281769372 133.30570243 21.3718230628 2.72062306761 54.3793966383
8520 1.18704537299 8.68149680085 131.57790654 425.989644615 0.719001242844 0.781017724705 0.227369054124 72.2829673638 320.757643088 106.52746064 0 1684.30045273 41.9028244276 132.831640356 21.0971755724 2.69954727458 54.2423569125
8544 1.17758449101 8.82449526685 132.195655432 425.998279186 0.719722137 0.7795409383 1.08192090366 71.4205368353 320.766670634 106.856619801 0 1684.32184368 41.8271801271 131.382855701 21.1728198729 2.67815632169 54.233329367
8568 1.16757783968 9.1873897909 132.606655785 426.007497138 0.720478011671 0.778791617721 0.99150829097 71.5017249417 320.634697189 104.219986935 0 1684.34436875 41.6719647913 130.96554089 21.3280352087 2.65563125378 54.3653028121
8592 1.15879353914 10.1560956935 132.890707504 426.015662381 0.721123950093 0.776636581546 0.799357122581 71.6872199646 320.649007041 102.400031217 0 1684.36444974 41.6957727209 129.573824719 21.3042272791 2.63555026325 54.35099296
8616 1.14934401756 9.0752837629 132.542429162 426.024523454 0.721796423421 0.774694503084 0.674406622356 71.8045789974 320.5989845 101.779701103 0 1684.38579873 41.6809748238 128.217828352 21.3190251762 2.61420127543 54.4010155004
8640 1.14004443872 9.07803826115 131.973662119 426.033323331 0.722443171304 0.774766952846 0.538546728943 71.9309198165 320.55494955 99.2015682564 0 1684.40689542 41.664899439 128.873350152 21.335100561 2.59310458318 54.4450504512
8664 1.13105397905 8.46259296759 132.295253209 426.041906721 0.723063869715 0.776334763184 0.377591425704 72.0811032203 320.562484604 97.7199114842 0 1684.42753994 41.8782134246 127.55132238 21.1217865754 2.57246005606 54.4375153971
8688 1.12308165864 8.07839057406 131.692754532 426.049581598 0.723617942031 0.776120266326 1.13033604636 71.3203441477 320.57567641 97.1104378085 0 1684.44579938 42.0284835669 126.261896297 20.9715164331 2.55420061647 54.4243235907
8712 1.11447472102 8.94295947718 131.403487075 426.057935474 0.724214594086 0.775196784621 0.950302243335 71.4923509041 320.56805249 96.299280855 0 1684.46497952 41.6708814497 125.995374305 21.3291185503 2.53502047725 54.4319475104
8736 1.10627487096 8.44506296671 132.095259057 426.065960914 0.724789058531 0.776207971514 0.7334806807 71.6995613756 320.539355145 95.4486656025 0 1684.48379185 41.843190071 124.751248284 21.156809929 2.5162081537 54.4606448553
8760 1.09858733782 7.91365269998 133.027074269 426.073544988 0.725335173246 0.77960566679 1.46801591692 70.9534982554 320.555810026 93.5824496254 0 1684.50143689 42.050897267 123.536821739 20.949102733 2.49856310742 54.4441899744
