Time EBV Teff Treg ODC_le1 ODC_le2 ODC_le3 ODC_le4 ODC_le5 NK IL2 DAC Resting_Teff Resting_Treg EffectorMemory Resting_Treg_temp Resting_Teff_temp NK_temp
0.0 0 0 0 0 0 0 0 500 375 1000 0 1687 63 0 0 0 0
24 0 0 0 0 0 0 0 500 336.279789971 908.048253598 0 1687 63 0 0 0 38.7202100291
48 0 0 0 0 0 0 0 500 335.391027502 823.849847309 0 1687 63 0 0 0 39.6089724976
72 0 0 0 0 0 0 0 500 334.559882085 745.880698262 0 1687 63 0 0 0 40.4401179151
96 0 0 0 0 0 0 0 500 333.760437385 673.915002205 0 1687 63 0 0 0 41.2395626152
120 0 0 0 0 0 0 0 500 332.995774144 607.703333798 0 1687 63 0 0 0 42.0042258555
144 0 0 0 0 0 0 0 500 332.2684442 546.975994766 0 1687 63 0 0 0 42.7315557996
168.0 1000 0 0 0 0 0 0 500 331.580390823 491.447224652 0 1687 63 0 0 0 43.4196091775
192 587.94283022 2674.42256109 91.5619289612 4.47673168998 18.9970923557 71.5351553232 179.581289232 225.4097314 319.455578209 5741.3447637 0 1039.6715255 41.772295668 0 21.227704332 647.328474501 55.5444217919
216 138.401860772 6858.04439155 170.21567547 83.5021436659 46.9909020925 85.6027858558 136.667555162 147.236613224 264.895440091 513.659278439 0 1393.4592172 38.979152972 594.378315665 24.020847028 293.540782799 110.104559909
240 33.3561705448 2354.56894122 175.86971538 167.613190316 32.7391040317 77.8834402078 100.658601447 121.105663997 279.047606034 231.104855549 0 1603.01712501 38.8634914961 539.841183143 24.1365085039 83.9828749943 95.9523939662
264 16.4942006649 564.907519602 171.048243128 194.522470702 13.1429683507 36.4045987677 77.2141571708 178.715805009 303.567389124 237.744460227 0 1648.14039593 39.0722184443 504.389777057 23.9277815557 38.8596040698 71.4326108769
288 12.8859603237 225.29630666 168.350716712 197.135640883 2.14690786651 16.7483131217 32.5901197759 251.379018353 315.191270979 297.579953989 0 1657.62418255 39.5157874597 465.062266453 23.4842125403 29.3758174476 59.808729022
312 11.2019433933 158.777164332 163.035518193 197.302070514 0.959568189106 6.01864138561 29.5521481632 266.167571748 318.356846791 354.503795259 0 1661.58569141 39.7322354891 425.865025885 23.2677645109 25.4143085866 56.6431532098
336 10.0171703999 140.526223659 159.628467808 197.461301329 0.572987390685 2.51365610511 21.8268477821 277.625207393 319.500987519 371.299910261 0 1664.27786231 39.7725426999 415.132969289 23.2274573001 22.7221376887 55.4990124811
360 9.08079813211 124.9665432 166.317826933 197.558694157 0.697410432227 0.835326364905 19.9499729217 280.958596124 319.912672671 373.314752767 0 1666.40127068 39.803460761 400.514447995 23.196539239 20.5987293249 55.0873273293
384 8.32105595388 108.328212802 173.433505598 197.651939414 0.728668107468 0.86917062123 15.047369456 285.702852401 319.985605147 361.485221347 0 1668.12818921 39.8808290873 391.136406443 23.1191709127 18.8718107861 55.0143948531
408 7.69648526536 98.2055966167 173.993402417 197.739558211 0.762706941887 1.104696495 9.50492425174 290.8881141 320.078868765 350.339941928 0 1669.53933393 39.8821080361 377.891398234 23.1178919639 17.4606660726 54.9211312353
432 7.16161063628 88.3074885429 168.293647453 197.823259337 0.783631061023 1.24697482994 12.4755318378 287.670602934 320.356294834 338.90143897 0 1670.75064411 39.9219879038 375.776808201 23.0780120962 16.2493558918 54.6437051664
456 6.69259963645 80.1876348164 171.133944099 197.903953966 0.804182589482 0.268135084782 9.74551487407 291.278213486 320.40917301 328.124485231 0 1671.81439671 39.9687891321 360.544088054 23.0312108679 15.1856032948 54.5908269907
480 6.30993177137 75.1768483684 163.831205787 197.973938586 0.792143790571 1.04740463808 10.6200719577 289.566441027 320.932334176 328.717161751 0 1672.68638623 40.0408242074 351.087269863 22.9591757926 14.3136137694 54.0676658244
504 5.95740197759 71.0149457171 159.752468936 198.042934093 0.800410250027 0.996620442554 13.4633115711 286.696723643 321.03470767 329.636270402 0 1673.47957884 40.0160722813 339.637244182 22.9839277187 13.5204211569 53.9652923303
528 5.64215498422 70.6371640197 162.207469167 198.108190168 0.796331531864 0.895943829721 10.0386239078 290.160910562 321.099228769 320.642894098 0 1674.19159968 40.0042771455 330.437369461 22.9957228545 12.8084003229 53.9007712316
552 5.37396765489 59.9236088654 161.220774505 198.167019803 0.808635841578 0.417875476239 7.77341087205 292.833058007 321.458947865 320.494245988 0 1674.80735536 40.1627479468 329.336096376 22.8372520532 12.192644642 53.5410521355
576 5.12588868283 59.4686274003 161.58971406 198.223770859 0.798543272269 0.914010094085 6.98051574175 293.083160033 321.279325569 313.562803715 0 1675.36240211 40.0657747835 320.207023169 22.9342252165 11.6375978873 53.7206744311
600 4.90176132112 55.4363289676 166.228636264 198.277466168 0.792485575062 0.470546236401 9.90736186874 290.552140151 321.219875537 301.843892429 0 1675.87408293 40.1751700722 310.120194597 22.8248299278 11.1259170693 53.7801244634
624 4.70285147619 49.0204855683 161.731492754 198.326442375 0.788772802005 0.930385701342 4.54994955044 295.404449572 321.183483173 292.338089288 0 1676.32620367 40.2478677323 307.784589939 22.7521322677 10.673796333 53.816516828
648 4.5283319275 48.2255552993 165.030874023 198.371068774 0.774266446624 0.283173927018 8.8199734935 291.751517359 321.013545775 277.402107836 0 1676.72063139 40.2289474734 301.791421245 22.7710525266 10.2793686073 53.9864542252
672 4.36254451562 47.2083750183 159.752759757 198.413867062 0.759812754724 0.708131907385 6.71633697724 293.401851299 321.164386789 276.949720686 0 1677.09563178 40.2383372967 294.071665736 22.7616627033 9.90436821504 53.8356132118
696 4.20879010886 44.2824341997 161.229698813 198.454808805 0.764205980698 0.994613861633 7.19681941353 292.589551939 320.99294196 266.270539756 0 1677.4446853 40.2885849405 287.791147864 22.7114150595 9.55531469813 54.0070580406
720 4.07252500341 41.4444287029 158.084037479 198.492406764 0.749970538476 0.244409428137 4.475307107 296.037906163 321.290973193 266.464501943 0 1677.75563614 40.3841587788 282.609327096 22.6158412212 9.2443638599 53.7090268079
744 3.94031685568 41.8925716696 160.633458805 198.529022811 0.731529891655 0.488887832876 4.8198597962 295.430699668 321.170536922 254.873196278 0 1678.05300056 40.3333155205 278.437165804 22.6666844795 8.94699944484 53.8294630784
768 3.80575220956 46.5767996633 155.576269028 198.566910913 0.724496210754 0.736911717075 8.90541000005 291.066271159 320.75647447 237.628192423 0 1678.35125066 40.1121308101 273.260625812 22.8878691899 8.64874933612 54.2435255303
792 3.67753796511 39.1080264756 150.415116601 198.604309033 0.727459116016 0.131517725417 9.45200835995 291.084705765 321.019619054 234.907865698 0 1678.64650953 40.3074588463 268.952236768 22.6925411537 8.35349046586 53.9803809466
816 3.57178694377 35.2213971034 152.251106891 198.635703984 0.709818753352 0.464982529887 6.90268932052 293.286805412 321.229497854 234.267034026 0 1678.88937157 40.4695386213 267.307480437 22.5304613787 8.11062843327 53.7705021463
840 3.47326939225 35.5579141807 151.793563095 198.665358638 0.705760160654 0.735990442421 5.89720897311 293.995681785 321.037799566 232.88553975 0 1679.11059623 40.3640214315 262.123311395 22.6359785685 7.88940377266 53.9622004347
864 3.37719049566 35.0247226405 153.282936013 198.695142799 0.711236624011 0.936071657848 6.0405030687 293.617045851 321.12611639 228.350919739 0 1679.32904907 40.4153971613 258.629038384 22.5846028387 7.6709509274 53.8738836107
888 3.29348375418 31.355246476 150.139392852 198.72197066 0.706055943574 0.159004297578 5.84570556585 294.567263533 321.485917663 238.41220471 0 1679.52145626 40.6034925883 251.821920614 22.3965074117 7.47854373958 53.5140823375
912 3.21023430262 30.6833943165 149.86143982 198.748737075 0.689430529245 0.373249303728 4.92948136579 295.259101727 321.445249245 235.405012319 0 1679.70878877 40.5260844076 250.593401085 22.4739155924 7.29121123037 53.5547507555
936 3.12796751815 33.2561603341 150.241594316 198.775401439 0.681515092151 0.587358542357 5.14878092018 294.806944006 321.240715791 226.971871445 0 1679.89249609 40.3587567463 247.820102596 22.6412432537 7.10750390692 53.7592842097
960 3.05013852886 28.3329952681 149.543504071 198.801129098 0.680791066186 0.723760934803 2.1594289307 297.63488997 321.376351042 229.875473743 0 1680.0715165 40.5701249384 241.668171543 22.4298750616 6.92848349746 53.623648959
984 2.9778201099 30.8024892212 150.351934291 198.825672593 0.683499752661 0.804303176276 3.73272237669 295.953802101 321.070229519 214.181587723 0 1680.23462796 40.494734463 241.890643946 22.505265537 6.76537204271 53.9297704816
1008 2.9082701338 28.0421624335 148.077142172 198.849992014 0.689062495792 0.887680691291 3.12808603616 296.445178763 321.260097869 215.59061786 0 1680.39226068 40.5284339211 238.376027981 22.4715660789 6.60773931865 53.7399021311
1032 2.84866183868 23.8046404339 148.162394986 198.871505271 0.696506447544 0.983297281082 4.18295206993 295.26573893 321.227533557 211.231203728 0 1680.53046421 40.8366480528 238.244393206 22.1633519472 6.46953579349 53.7724664434
1056 2.79337683195 24.8388253377 147.374852938 198.891937933 0.687436665628 0.0935382743639 4.75999424516 295.567092882 321.320301937 212.102983034 0 1680.65466155 40.714048017 236.396957613 22.285951983 6.34533844747 53.6796980636
1080 2.73940916836 23.4504450079 143.906197378 198.911820819 0.672030976425 0.19512268692 3.33466531753 296.886360201 321.589715461 222.334470741 0 1680.77772032 40.8167179436 231.835990345 22.1832820564 6.22227968362 53.4102845393
1104 2.6845965318 25.8391179893 143.959909431 198.931993122 0.659227208689 0.293861788358 5.22291189323 294.892005988 321.487490344 217.092953275 0 1680.89991435 40.5867966605 232.607950876 22.4132033395 6.10008565189 53.5125096566
1128 2.63217371865 24.4752408228 151.747530373 198.951357306 0.650685945209 0.420093080614 3.82412007611 296.153743592 321.271165522 205.416893121 0 1681.02023385 40.7643388404 233.489398785 22.2356611596 5.97976615473 53.7288344785
1152 2.57909817278 23.401717884 149.821872242 198.971142676 0.644804585917 0.504109973534 2.79292823464 297.08701453 321.135761958 200.37584622 0 1681.13998189 40.7303082538 229.4923733 22.2696917462 5.86001810795 53.8642380425
1176 2.52940041088 23.734408191 144.801505706 198.98991096 0.641621802417 0.566623725173 2.38801000105 297.413833511 321.338258352 202.827292543 0 1681.25234598 40.7039945551 225.924243006 22.2960054449 5.74765401718 53.6617416482
1200 2.4829500984 22.0475334588 143.873305258 199.00772835 0.640317393892 0.612466906548 2.5974960373 297.141991313 321.423965207 204.177247222 0 1681.3583859 40.7931359892 223.623655444 22.2068640108 5.64161409573 53.5760347937
1224 2.43704701149 22.2693133019 142.362368334 199.025645161 0.640028190535 0.650777966643 2.87475277084 296.808795911 321.514774614 206.370908755 0 1681.46209515 40.7450661211 219.606550638 22.2549338789 5.53790485025 53.4852253864
1248 2.393642271 25.2039964402 145.359763833 199.042905855 0.640723383804 0.682717151904 2.85268229282 296.780971317 321.215168825 194.038336724 0 1681.55950422 40.597262238 219.805030253 22.402737762 5.44049577595 53.7848311752
1272 2.34810652121 21.7375951135 146.036247065 199.061391273 0.642753603268 0.73663075877 3.33523679314 296.223987572 321.252379256 193.273114763 0 1681.66323401 40.7099613787 215.264542144 22.2900386213 5.33676599113 53.7476207444
1296 2.30824698604 23.2929612134 146.917980402 199.077937702 0.646198380447 0.822384054008 3.81551466651 295.637965198 321.131780169 184.946468702 0 1681.75424693 40.7738517465 213.967245509 22.2261482535 5.24575306752 53.8682198319
1320 2.26675084307 20.4325727572 141.777686932 199.095597703 0.652030231909 0.883149840787 1.79410229174 297.575119932 321.251410043 187.29038129 0 1681.84829747 40.8038696564 212.849537407 22.1961303436 5.15170253074 53.7485899572
1344 2.22933306531 19.7956212708 141.755452461 199.111953273 0.658286777411 0.927112544003 1.13460881091 298.168038594 321.40421358 188.441240722 0 1681.9334011 40.838601113 211.893902108 22.161398887 5.06659889675 53.59578642
1368 2.19549735771 18.9242148022 144.794971004 199.127126573 0.664593287833 0.946943575938 1.91776976515 297.343566798 321.302068813 187.943015868 0 1682.01105586 40.9999862761 207.111187219 22.0000137239 4.9889441427 53.6979311874
1392 2.16223168458 17.2844337371 141.174880719 199.142423534 0.671416598223 0.984094878678 1.6521044199 297.54996057 321.46700083 193.473623866 0 1682.08667388 41.0839750479 202.640493309 21.9160249521 4.91332611889 53.5329991703
1416 2.13009854192 17.9821539962 142.861473977 199.15758316 0.67859426727 1.00091216287 0.293073906837 298.869836503 321.420022144 189.171635828 0 1682.15925294 41.0113380794 201.35769526 21.9886619206 4.84074705832 53.5799778563
1440 2.09659558726 20.3487752768 146.250413312 199.173563453 0.664454082617 0.0511449480538 2.32496321505 297.785874302 321.129503975 179.496796686 0 1682.23392947 40.7694705539 199.250062048 22.2305294461 4.76607053411 53.8704960259
1464 2.06335322625 19.1824484009 145.069618277 199.189325378 0.65085071992 0.129478746984 3.35778063966 296.672564516 321.029070717 176.09381522 0 1682.3095098 40.7971450568 194.334806769 22.2028549432 4.69049019875 53.9709292832
1488 2.03299313689 16.9976917768 143.37128394 199.20367486 0.640148210209 0.189546038745 1.90069777851 298.065933113 321.18549622 175.372709815 0 1682.37927118 41.0074781331 191.614359299 21.9925218669 4.62072882088 53.8145037803
1512 2.00546945668 16.1720202965 138.454042776 199.216672365 0.63136348891 0.22793342058 3.94837846605 295.97565226 321.420479668 179.78321077 0 1682.44231001 41.139666403 191.044774271 21.860333597 4.55768998576 53.5795203326
1536 1.97839229427 17.0104634431 141.680217254 199.229468819 0.624078266486 0.301999086688 1.90389520675 297.940558621 321.32421813 175.505211924 0 1682.50346396 41.0649098562 189.588347064 21.9350901438 4.49653604106 53.6757818705
1560 1.95004439354 18.9854054058 138.086446126 199.24290796 0.617646900891 0.338804812093 2.30693856001 297.493701767 321.293004495 173.83009223 0 1682.56670968 40.8324036846 190.232554914 22.1675963154 4.43329031831 53.7069955051
1584 1.92022243854 18.6184499188 139.500319274 199.257115625 0.611730280334 0.377281629857 3.14323888722 296.610633578 321.180059511 170.228919936 0 1682.63424123 40.824033751 187.915357409 22.175966249 4.36575877146 53.8199404898
1608.0 1001.89255645 16.9750371587 141.810941578 199.270382032 0.607329638167 0.426402092722 1.55178694068 298.144099296 321.123492154 166.301616705 0 1682.69751578 40.9420035206 184.789106482 22.0579964794 4.30248422189 53.8765078462
1632 372.742033541 5169.07747981 175.777209305 208.822620104 16.0436907673 41.5689355468 91.7494417938 141.815311788 274.896485402 863.835167406 0 1148.49819082 39.8563371458 401.581483691 23.1436628542 538.501809178 100.103514598
1656 89.7652263819 3316.6643806 185.477078758 255.207370873 23.6094036834 39.4589562402 88.1822715573 93.5419976453 275.133897541 381.400148287 0 1484.31202156 39.0688441283 440.704727129 23.9311558717 202.687978438 99.8661024595
1680 33.8344585343 1134.78091814 175.957526431 282.645850454 17.6545159931 28.9115758224 59.0142166664 111.773841064 293.82677628 317.092297023 0 1606.93204136 39.0823064111 445.593631834 23.9176935889 80.0679586377 81.1732237199
1704 21.4840741064 435.299462896 174.098076351 289.883411967 2.42669237246 17.5692807588 47.2952283994 142.825386502 309.325110957 338.383279408 0 1637.78107743 39.370493149 427.156775693 23.629506851 49.2189225676 65.6748890431
1728 16.8663268079 271.665391044 169.19822538 290.863114618 0.974870974253 5.71738595415 25.5179003675 176.926728086 314.969184157 359.205079904 0 1648.70598062 39.5794882372 407.889453672 23.4205117628 38.2940193811 60.0308158434
1752 14.1734715887 199.1870756 175.31676834 291.096448895 0.958761080232 1.65494066249 18.2939571331 187.995892229 316.838914136 365.695264028 0 1654.88567474 39.7126014361 387.166079163 23.2873985639 32.1143252636 58.1610858639
1776 12.4344684849 160.658960521 173.030373637 291.286763298 0.991890200984 1.5296224884 13.6836907151 192.508033297 318.676230235 391.624899123 0 1658.8639238 39.8293788062 376.869323397 23.1706211938 28.1360762043 56.3237697647
1800 11.0933789792 143.457277403 180.67949977 291.458191642 1.0288378862 2.0459858336 17.5687749234 187.898209715 318.926310263 385.904294673 0 1661.8769307 39.8293091034 354.79517694 23.1706908966 25.1230693008 56.073689737
1824 10.0107862783 127.331189719 179.986701902 291.56446865 0.0772705232658 1.07638326033 16.0482823697 191.233595196 319.136697915 357.911517314 0 1664.32173353 39.8713204709 354.180393913 23.1286795291 22.6782664758 55.8633020854
1848 9.13531794082 122.815385334 170.394446281 291.586430064 0.246260572213 1.88569697814 12.4462648194 193.835347566 319.581984664 347.37651422 0 1666.28789447 39.8415983297 350.577933493 23.1584016703 20.7121055271 55.4180153362
1872 8.3640517245 106.576868485 174.097136913 291.634142999 0.457559966394 0.0862851571146 10.7922718992 197.029739978 319.488697487 324.051654538 0 1668.03091577 39.8901242424 345.996517761 23.1098757576 18.9690842321 55.5113025137
1896 7.76919014465 86.2037149698 165.385362571 291.685020722 0.476783796007 0.103838351077 7.55216408488 200.182193045 320.41816842 341.538350179 0 1669.39509257 40.046197051 343.269104719 22.953802949 17.6049074287 54.5818315798
1920 7.25956858521 90.9987132311 164.003686522 291.733135001 0.48274879666 0.913789680819 7.91935606506 198.950970456 320.623063809 343.368885321 0 1670.53309036 39.9371342985 330.041616923 23.0628657015 16.4669096468 54.3769361913
1944 6.8199364229 75.334904808 170.370061059 291.778553495 0.482578317773 0.619943524007 7.83950281271 199.279421851 320.847429722 336.920778041 0 1671.54158358 40.1091421944 330.613849759 22.8908578056 15.4584164212 54.1525702781
1968 6.42156751831 74.0262558347 163.892219064 291.823403754 0.507744239207 0.167724379004 6.28567577799 201.21545185 321.024868059 336.36806221 0 1672.43459334 40.0556219012 318.695701906 22.9443780988 14.5654066655 53.9751319413
1992 6.06792268652 71.7189431354 161.332518122 291.865996435 0.502487699868 0.709176031947 7.73490866737 199.187431166 320.996562704 326.155260318 0 1673.23135357 40.0389706124 313.776136917 22.9610293876 13.7686464302 54.0034372967
2016 5.74306479098 64.3765836311 158.691647915 291.908663554 0.52474960586 0.286621885945 6.51917588025 200.760789074 321.152292375 322.492772934 0 1673.96901064 40.1003371269 306.970336956 22.8996628731 13.0309893617 53.8477076252
2040 5.4508006089 65.7642210414 161.451839756 291.949555107 0.525824687173 0.798430760227 5.63025682774 201.095932617 320.854627005 296.722131249 0 1674.62417875 40.0264843457 310.032405241 22.9735156543 12.3758212525 54.1453729949
2064 5.18932853248 60.1684943574 163.623895436 291.989347438 0.557607483968 1.14694098549 5.01834865734 201.287755435 320.736786352 283.577436686 0 1675.2195906 40.0906821311 304.685257578 22.9093178689 11.7804094031 54.2632136486
2088 4.97430993253 50.8552198522 161.739159104 292.024143304 0.541559727226 0.432432929298 5.55900433637 201.442859702 321.201010404 291.464898432 0 1675.7160724 40.315466555 295.972290192 22.684533445 11.2839276051 53.7989895958
2112 4.76900872802 58.4040729842 161.031296224 292.058298996 0.540983627859 0.652687872947 6.13123094872 200.616798554 320.873042438 275.226834039 0 1676.17017156 40.0771534499 290.965153882 22.9228465501 10.8298284438 54.1269575617
2136 4.56797214112 50.8812409328 160.05045396 292.093639286 0.555541796599 0.916950155953 6.85033142652 199.583537334 320.705012406 261.171019695 0 1676.62725326 40.1561230926 287.019785053 22.8438769074 10.3727467418 54.2949875941
2160 4.3893838981 48.2693115866 155.193322393 292.127408333 0.562916992426 0.311252873645 5.34064442956 201.657777371 321.071298286 265.517277223 0 1677.03342408 40.2089202924 274.738729849 22.7910797076 9.96657592425 53.9287017145
2184 4.22957283145 41.5503958606 155.082281533 292.158443608 0.554965207526 0.530303449593 3.36572366185 203.390564073 321.229051451 266.081802938 0 1677.39813394 40.3364668636 271.991613243 22.6635331364 9.60186605692 53.7709485488
2208 4.08953157164 41.0150953592 155.909166348 292.186513569 0.558269413044 0.727228367275 5.34619273174 201.181795918 321.216859958 260.179359606 0 1677.71713709 40.4078446752 267.039330523 22.5921553248 9.2828629149 53.7831400422
2232 3.95398160161 40.4071139962 153.982875384 292.21501277 0.569713953103 0.842780799552 4.47330712862 201.899185348 321.29793403 259.744366786 0 1678.02118098 40.3145565199 260.23187738 22.6854434801 8.97881902276 53.7020659706
2256 3.82578344293 38.3512712566 154.827148892 292.243471352 0.57277388646 0.0868238274698 4.13434266272 202.962588271 321.222259951 254.52005438 0 1678.31194743 40.3592693403 255.359173191 22.6407306597 8.68805257555 53.7777400494
2280 3.71292238111 35.6465113347 156.764216036 292.268767373 0.554746291375 0.227530063776 4.13685116531 202.812105106 321.2388027 251.058856172 0 1678.57012329 40.4720791556 250.217826823 22.5279208444 8.4298767159 53.7611973005
2304 3.60548657686 39.3885774869 153.982296498 292.292937745 0.543956705957 0.377801531398 4.92073833367 201.864565683 321.253163681 246.94632968 0 1678.80936675 40.2579153102 243.026825765 22.7420846898 8.19063325589 53.7468363196
2328 3.50463271848 32.3281329011 152.952502427 292.315993739 0.540539372072 0.512644565746 3.40787902111 203.222943301 321.422545737 249.183453734 0 1679.0426571 40.5490497755 239.380696463 22.4509502245 7.95734290015 53.577454263
2352 3.41202854818 32.9785754191 148.419482379 292.337727627 0.542684788332 0.663793751365 3.35404726203 203.101746571 321.637684918 252.52457959 0 1679.25096208 40.4607663815 236.457872607 22.5392336185 7.74903792515 53.362315082
2376 3.32622106729 31.6315462854 151.4343461 292.358572085 0.549259514729 0.784824059243 2.9422748374 203.365069504 321.547327963 248.100648425 0 1679.44706846 40.575227908 234.923764107 22.424772092 7.55293153796 53.4526720368
2400 3.24380930988 32.3322765407 152.374989447 292.37942822 0.559654745566 0.870352371271 2.47033414634 203.720230517 321.501809175 241.573845028 0 1679.63293445 40.5198859402 231.78926888 22.4801140598 7.36706555223 53.4981908249
2424 3.16067454148 28.9499764533 153.320876433 292.40146558 0.572245700497 0.907376003502 2.35558067334 203.763332042 321.285873271 236.034111225 0 1679.82135258 40.5825849839 224.270215612 22.4174150161 7.17864742149 53.7141267289
2448 3.08754971217 29.0328439838 151.624399046 292.421777527 0.585201402967 0.997761460471 4.34343732682 201.651822282 321.368181568 231.899683996 0 1679.9874858 40.6049745431 220.318715088 22.3950254569 7.01251420134 53.6318184318
2472 3.01647403757 26.4742079256 152.617654791 292.442089972 0.573287070727 0.105037642807 2.3345175415 204.545067773 321.396685369 228.573922024 0 1680.14894137 40.6761593155 216.769653492 22.3238406845 6.85105863221 53.6033146309
2496 2.95105642463 26.1280622913 153.928970519 292.460702623 0.558911452014 0.15076303308 2.03761988627 204.792003005 321.181062684 220.831906558 0 1680.29741999 40.7063233782 213.751825634 22.2936766218 6.70258001663 53.8189373162
2520 2.88653440763 25.0147765844 149.88863803 292.479028659 0.54691286665 0.229529100341 2.72445781714 204.020071556 321.317181143 220.621800355 0 1680.44343481 40.714738977 208.0634109 22.285261023 6.55656519425 53.6828188573
2544 2.82797231185 23.9577612133 146.265771175 292.495712018 0.539061422529 0.354814442279 3.81068335739 202.799728759 321.515106914 222.789624992 0 1680.57692961 40.7883853404 204.834298131 22.2116146596 6.42307039168 53.484893086
2568 2.77072836931 24.3212494899 149.173474743 292.51217656 0.534955285944 0.454519629383 4.92259045464 201.575758069 321.402777951 216.884121367 0 1680.7060456 40.7376989597 202.816840199 22.2623010403 6.29395440544 53.5972220492
2592 2.71623196459 24.7236444718 149.309037666 292.528094673 0.533819895402 0.525300429309 2.90302785649 203.509757145 321.179909311 210.337897003 0 1680.8289176 40.6678670915 200.105545709 22.3321329085 6.1710823992 53.8200906891
2616 2.66045835164 24.0572453071 146.682598268 292.5447167 0.534907840632 0.615183172214 3.10994317718 203.19524911 321.257058087 207.417116554 0 1680.95512948 40.6747530347 198.558575905 22.3252469653 6.04487052614 53.7429419131
2640 2.60826444905 21.9406949181 149.590930763 292.560657524 0.538053195369 0.662242653775 2.10797538494 204.131071241 321.167992903 201.727509549 0 1681.07455304 40.8287547746 195.310807718 22.1712452254 5.92544695761 53.8320070972
2664 2.55944768016 24.4808655486 150.893838842 292.575958152 0.541814791621 0.693580142291 3.85149682608 202.337150088 321.028013571 192.158859262 0 1681.18408888 40.6553031928 193.374457823 22.3446968072 5.81591112374 53.9719864292
2688 2.51270931373 20.4616840621 145.457578054 292.591008183 0.547549495434 0.817202730133 6.26085133733 199.783388254 321.240505654 196.407008861 0 1681.29171856 40.9301295045 190.629867846 22.0698704955 5.70828144414 53.7594943458
2712 2.46849691232 21.8526385092 148.972616857 292.605692043 0.555491995448 0.867606490256 1.60022146796 204.370988002 320.994610364 187.033085107 0 1681.39141485 40.8476565026 189.024241422 22.1523434974 5.60858514881 54.0053896366
2736 2.42563154459 20.9988368195 147.335167612 292.620397829 0.563941736321 0.899886000079 1.90084496544 204.014929468 321.024413447 182.525533601 0 1681.4886479 40.8641099673 188.581542639 22.1358900327 5.51135209756 53.9755865535
2760 2.38417143657 20.4951406504 145.568800192 292.635097231 0.573014618756 0.936750546459 2.10382915162 203.751308452 321.051241754 180.57695525 0 1681.58244558 40.8497534219 187.269658952 22.1502465781 5.4175544174 53.9487582462
2784 2.34310280444 19.8906619646 144.42533486 292.650156938 0.582643381005 0.9571178236 2.37841557532 203.431666282 321.000631918 176.360100228 0 1681.67576256 40.9005485485 187.076928538 22.0994514515 5.32423743916 53.9993680823
2808 2.30551309593 20.336980244 144.923785803 292.664404416 0.59204721368 0.986437999421 1.26453819412 204.492572176 321.013418266 174.363229329 0 1681.76156743 40.9738636137 185.029241502 22.0261363863 5.2384325724 53.9865817343
2832 2.27037154651 18.7319186059 142.333385106 292.678150532 0.60127225437 1.01508773247 2.90135881561 202.804130665 321.238038199 180.236301894 0 1681.84152926 41.0408108006 183.163592426 21.9591891994 5.15847074641 53.7619618011
2856 2.23189321061 20.2556775169 142.034222631 292.6937 0.609531039827 0.0264618136183 3.10715863916 203.563148507 320.994040403 173.812359307 0 1681.92702841 40.7796799609 183.398831883 22.2203200391 5.07297159284 54.0059595976
2880 2.19692767331 18.860856053 142.128952246 292.707981166 0.596693621344 0.0930772106021 1.8652980115 204.73694999 321.075991123 172.864039681 0 1682.00745982 40.9505411527 181.782805905 22.0494588473 4.99254018261 53.9240088772
2904 2.16378504119 19.7025556259 142.740689221 292.721461501 0.585962652691 0.140041063982 1.47601077229 205.07652401 321.06190983 171.365636413 0 1682.08262735 40.9509453563 179.257492477 22.0490546437 4.91737265399 53.9380901706
2928 2.13063490806 17.2336807418 141.939559566 292.734915853 0.576215406936 0.189880778417 3.15186253539 203.347125426 321.171627404 173.972464728 0 1682.15826801 41.0788861138 176.950481072 21.9211138862 4.84173199013 53.8283725966
2952 2.09924183342 17.0377847042 139.898713867 292.747653584 0.568066903363 0.221276205434 2.67731627299 203.785687034 321.233379488 175.876194808 0 1682.22927638 41.0570356777 175.746589432 21.9429643223 4.77072362377 53.7666205127
2976 2.06911808885 17.1059924255 141.720840667 292.759892305 0.561078582698 0.254827020432 1.07546061524 205.348741476 321.184840247 174.194937961 0 1682.29748256 41.0272521704 171.715612976 21.9727478296 4.70251743766 53.8151597534
3000 2.03878094288 18.9492900436 138.442056617 292.772250494 0.554604134769 0.273903717764 0.598696029743 205.800545623 321.273620143 176.520379752 0 1682.36555226 40.8434094195 168.876606731 22.1565905805 4.63444774083 53.7263798571
3024 2.00953785364 16.3061881266 138.271515741 292.784206001 0.548921189823 0.307994619265 1.99042764397 204.368450545 321.390614347 178.084070242 0 1682.43279389 41.0897610714 169.147314349 21.9102389286 4.56720611669 53.609385653
3048.0 1001.98178849 17.6413422623 140.33863434 292.795604276 0.544139386563 0.331014769551 2.23504141341 204.094200154 321.227664053 172.459845507 0 1682.49548305 41.00751682 169.424129731 21.99248318 4.50451694825 53.7723359476
3072 374.088845282 5201.01579701 180.737840409 298.644915304 11.2925250041 29.9404048008 59.2682288158 100.853926075 275.056441697 857.404361956 0 1147.56579873 39.8576823549 386.773356423 23.1423176451 539.434201266 99.9435583033
3096 90.1443182314 3310.35265284 187.071384048 329.979612608 15.3750308602 32.9496679799 53.6774764643 68.0182120875 275.046020811 372.277759869 0 1483.59653625 39.0712039325 443.002649922 23.9287960675 203.403463744 99.9539791895
3120 34.2343403566 1135.16372619 178.863972704 348.979766636 7.087150918 22.4316631727 42.0244067706 79.4770125024 293.813436108 287.895309316 0 1606.12058106 39.0914061029 470.703180838 23.9085938971 80.8794189358 81.1865638926
3144 21.6152651767 449.659060327 176.785458206 352.177942372 1.55835853784 14.3082567281 24.9293392827 107.026103079 308.648437896 301.818424866 0 1637.44130554 39.3594800285 432.888643347 23.6405199715 49.5586944534 66.3515621042
3168 17.0577328204 269.697222107 165.480323419 353.150575101 1.48907760221 8.02501078329 16.1620588455 121.173277667 315.249525772 374.867579548 0 1648.30703886 39.6017050901 401.637644277 23.3982949099 38.6929611387 59.7504742289
3192 14.3132263745 214.588014562 172.67930544 353.488595559 1.62103332875 2.72328149811 15.6180807889 126.549008825 316.674636957 357.21363149 0 1654.5465016 39.6648217337 400.563234334 23.3351782663 32.4534983936 58.3253630438
3216 12.4048149727 176.411299263 170.219778993 353.659738378 0.864052162783 1.26933717148 14.5433390006 129.663533287 317.801036018 355.287178365 0 1658.87785802 39.7225246652 392.020736975 23.2774753348 28.1221419777 57.1989639829
3240 11.0049128663 145.449246216 167.547733579 353.82188128 0.96506822765 2.10674679619 9.18757251191 133.918731184 319.048027035 369.628112038 0 1662.06549671 39.8123966517 389.640236807 23.1876033483 24.9345032851 55.9519729656
3264 9.90570059747 135.656600255 167.496810863 353.977826169 1.00758686652 1.60091175125 10.509596352 132.904078861 319.340326394 360.022537849 0 1664.53689061 39.7949063283 384.430213103 23.2050936717 22.463109392 55.659673607
3288 8.98513690736 122.396374807 174.784325353 354.042490929 0.133346552885 0.620103169606 11.1925745038 134.011484844 319.131767872 331.778957253 0 1666.61880341 39.8248964856 371.980698122 23.1751035144 20.3811965858 55.8682321284
3312 8.27845975005 93.2894868783 169.674271723 354.064840283 0.244617841593 1.43963292356 6.06325108859 138.187657863 320.315942182 348.003748226 0 1668.24714523 40.0387420339 367.841076539 22.9612579661 18.7528547699 54.6840578191
3336 7.70060581143 90.4751419191 164.27854695 354.096442196 0.322711401623 0.955371942923 4.50880891266 140.116665546 320.604965405 353.90373139 0 1669.54460692 39.9888569626 363.006617888 23.0111430374 17.4553930737 54.395034596
3360 7.17210033981 87.7787951312 165.322073676 354.134574394 0.378427814657 0.39182025374 6.87499184815 138.220185689 320.463235884 336.226054209 0 1670.73155173 39.9696274853 360.390045037 23.0303725147 16.2684482714 54.5367641166
3384 6.71044676887 81.7583800225 167.423514428 354.173466723 0.410496356793 0.979822097483 5.00263165069 139.433583171 320.374733678 317.588313423 0 1671.77619493 39.991453069 355.78393171 23.008546931 15.2238050664 54.625266323
3408 6.3176205568 76.3611755223 168.293682661 354.212308082 0.429718840428 0.296036712574 5.35045123192 139.711485133 320.629533529 310.802663577 0 1672.66582317 40.0053555924 351.034313191 22.9946444076 14.3341768247 54.3704664712
3432 5.9691595729 72.9731770592 162.367822487 354.248946674 0.43730297118 0.700958875306 3.77698595651 140.835805522 320.874720681 313.185768029 0 1673.45480276 40.0351009644 339.558848526 22.9648990356 13.5451972354 54.1252793199
3456 5.65286104329 67.1428982219 165.915103575 354.285735304 0.465307264678 0.875092781119 4.0990474582 140.274817191 320.855444341 309.838269755 0 1674.16927482 40.0401417499 325.428738313 22.9598582501 12.8307251785 54.14455566
3480 5.37996031919 62.593225429 159.979410312 354.321578511 0.500667039859 0.159601483158 6.09436406143 138.923788904 321.090614066 304.671074463 0 1674.78928176 40.0999403519 322.940762996 22.9000596481 12.2107182406 53.909385935
3504 5.12321603385 57.1412353225 159.425676922 354.357656258 0.486771192225 0.438796469603 3.11724078346 141.599535296 321.147432962 300.082383004 0 1675.37020726 40.1238287099 315.336830218 22.8761712901 11.629792736 53.8525670385
3528 4.91605168723 52.0542504691 163.005267643 354.387839692 0.490433559535 0.647619190562 3.58439476507 140.889712792 321.282771398 296.886517105 0 1675.84591951 40.2609713237 312.422820854 22.7390286763 11.1540804834 53.717228603
3552 4.72532084782 52.6020423096 162.36014547 354.417292493 0.503077020776 0.792841496733 5.78020465239 138.506584337 321.285062937 298.771919211 0 1676.27403792 40.1877933301 300.167408828 22.8122066699 10.7259620804 53.7149370639
3576 4.53839416964 47.8370992287 161.044065174 354.448433728 0.527471832375 1.00293908834 3.97539655916 140.045758792 321.30451305 292.649331803 0 1676.6983293 40.2528469585 292.73846154 22.7471530415 10.3016707008 53.6954869509
3600 4.37599643423 47.389476195 160.945611393 354.477995506 0.550735559126 0.0646466211153 2.61877236173 142.287849951 321.350500134 286.197909397 0 1677.06606012 40.2463337182 284.969144988 22.7536662818 9.93393987876 53.649499867
3624 4.2211910499 48.4083651718 161.439164431 354.507112819 0.528632273545 0.201231347933 3.15653675175 141.606486807 321.189585821 272.554484181 0 1677.41475632 40.2083394783 281.41485573 22.7916605217 9.58524367714 53.8104141794
3648 4.07397929717 46.8549804234 154.816532687 354.534861629 0.514631752403 0.307712644296 2.62070139019 142.022092584 321.159653123 261.819058511 0 1677.7480251 40.2205591031 284.269806895 22.7794408969 9.25197490086 53.8403468779
3672 3.92826258735 45.5412472539 154.566992968 354.562749617 0.507694407604 0.456596184669 3.1788485015 141.294111289 321.161394342 256.329619067 0 1678.07536162 40.160759459 274.21730327 22.839240541 8.92463838065 53.8386056584
3696 3.7988666586 39.5486890416 153.145964991 354.588270545 0.509694618361 0.626418827766 3.03749846383 141.238117544 321.208823975 247.279375153 0 1678.37252729 40.3287284309 278.106360747 22.6712715691 8.62747271182 53.7911760257
3720 3.67865126013 39.8969558792 153.378457411 354.613015922 0.516796077015 0.686711697902 1.80995151009 142.373524792 321.178159037 243.432257227 0 1678.6434519 40.266802761 271.470293906 22.733197239 8.35654809412 53.8218409636
3744 3.57503787065 34.27882638 152.181778055 354.63533621 0.525345962776 0.764972133708 2.76867321098 141.305672482 321.468510874 253.521779766 0 1678.88305591 40.5110286136 261.840677391 22.4889713864 8.11694408539 53.5314891264
3768 3.47847066402 31.2481014486 153.586183061 354.657137578 0.536754910453 0.857895346069 1.43174039951 142.516471765 321.485781656 252.95892775 0 1679.10285315 40.6192609186 254.214882183 22.3807390814 7.89714684461 53.5142183443
3792 3.3871443597 33.2900545631 153.780789677 354.678824692 0.550475794636 0.914667880776 0.990243714282 142.865787918 321.390929104 247.930178545 0 1679.30648757 40.4184922597 250.298962284 22.5815077403 7.69351243175 53.6090708964
3816 3.30049342089 30.5160707645 152.15976173 354.700507532 0.565513754142 0.984431220721 2.3674993 141.382048192 321.373599763 242.766091502 0 1679.50523402 40.5944487728 247.02153923 22.4055512272 7.49476597761 53.6264002374
3840 3.21430771157 30.5049913858 151.067792937 354.723081742 0.562550610504 0.044090230893 0.933258173067 143.737019243 321.42694796 239.993411744 0 1679.69948231 40.5464412882 241.266915086 22.4535587118 7.30051768975 53.5730520404
3864 3.13814874293 29.4469664783 150.235572054 354.74299294 0.545059707627 0.104847508529 3.00959447811 141.597505365 321.572117162 237.521109261 0 1679.87293762 40.6062607457 239.993328922 22.3937392543 7.12706238053 53.4278828386
3888 3.06760240874 29.3829743267 144.4489203 354.761344188 0.531512690855 0.171172240734 2.79788103904 141.738089841 321.771638453 244.330006602 0 1680.03330896 40.6363392842 238.019972486 22.3636607158 6.96669104273 53.2283615476
3912 2.99862822647 30.918803982 148.297341398 354.779282338 0.520673477018 0.241489640705 2.57209211855 141.886462426 321.515921266 232.074813644 0 1680.18767382 40.4814873638 241.245085901 22.5185126362 6.81232617979 53.484078735
3936 2.92453330078 30.8246280004 150.140025208 354.79865292 0.512225537823 0.327435483934 0.797836463154 143.563849595 321.207541976 218.922927666 0 1680.35441654 40.4295724045 239.665858975 22.5704275955 6.64558346139 53.7924580245
3960 2.8545322185 26.4849252709 147.983203612 354.817157619 0.506618940629 0.384254184736 0.903338622236 143.388630633 321.222499453 214.59788504 0 1680.51514785 40.6554925168 236.418300502 22.3445074832 6.48485214688 53.777500548
3984 2.79480645565 24.7401869469 150.123741883 354.833173878 0.503730488965 0.457299905565 3.30645971853 140.899336008 321.213569787 209.776347792 0 1680.65090456 40.6928792854 235.531421226 22.3071207146 6.349095442 53.7864302132
4008 2.73696455466 26.4172581487 146.559696284 354.848967618 0.503518901238 0.520145680641 1.67187510545 142.455492694 321.231404379 209.787706742 0 1680.78127106 40.5940349846 231.042444926 22.4059650154 6.21872894019 53.7685956215
4032 2.68240405698 24.1267374973 143.800624076 354.864192761 0.504998317817 0.590935531027 2.848881086 141.190992304 321.629807987 219.823523082 0 1680.90593339 40.7088588844 225.941682936 22.2911411156 6.09406660758 53.3701920131
4056 2.63100186579 22.9934161593 145.124785677 354.878889007 0.507925236796 0.636770540361 3.90172139569 140.07469382 321.549197383 214.521130369 0 1681.02291625 40.7851747399 230.082088925 22.2148252601 5.97708374695 53.4508026174
4080 2.58078575377 24.0176973291 147.780136803 354.893636199 0.512753296918 0.711855882602 2.87276861918 141.008986002 321.331640486 207.98891655 0 1681.13582056 40.6746329379 229.250873043 22.3253670621 5.86417943765 53.6683595145
4104 2.53019781412 25.0354973223 145.44309332 354.90895739 0.519302703717 0.755890352946 3.01242116325 140.803428389 321.262633052 204.119738874 0 1681.25006995 40.6217381919 225.69298066 22.3782618081 5.74993004849 53.7373669482
4128 2.47800144523 22.0475049067 145.865733474 354.925317269 0.527315515189 0.797076853606 0.376977141832 143.37331322 321.182620701 198.048569667 0 1681.36890714 40.7429320167 223.393079487 22.2570679833 5.63109285485 53.8173792995
4152 2.43460363305 19.9715933023 143.368849882 354.939386789 0.534418364915 0.799856919166 1.13850141239 142.587836514 321.393661976 200.85334354 0 1681.46879055 40.9469599712 222.322311573 22.0530400288 5.53120944946 53.6063380243
4176 2.39161365883 21.8405951624 143.144150738 354.9537637 0.541541631719 0.805589095653 0.924493285943 142.774612286 321.307022152 196.14600425 0 1681.56528375 40.7877781898 222.32944928 22.2122218102 5.43471624542 53.6929778483
4200 2.34960535744 21.8234103502 145.277730527 354.968250992 0.548496204385 0.816750138576 2.6786976582 140.987805006 321.185996275 189.798959685 0 1681.66060848 40.8141826683 220.600079833 22.1858173317 5.33939151551 53.8140037258
4224 2.30893641126 19.6728905071 145.891851709 354.98271424 0.556093986925 0.852031824363 1.32576743346 142.283392515 321.048204278 182.475405963 0 1681.75304527 40.8821704086 221.987491056 22.1178295914 5.24695473206 53.9517957226
4248 2.26843196125 20.2810923044 144.625438952 354.99758022 0.563854826194 0.854988811832 1.08672006692 142.496856075 321.045053755 180.769756748 0 1681.84414851 40.7783881133 217.553733882 22.2216118867 5.15585149046 53.9549462455
4272 2.22994388669 19.8519559576 144.464492229 355.0121506 0.571454873824 0.868364511923 0.700711211292 142.847318803 321.047046022 177.467640895 0 1681.93179126 40.8188796134 215.360615134 22.1811203866 5.06820873698 53.9529539782
4296 2.19312846033 17.9973405613 142.928966902 355.026512849 0.578886296062 0.881202614507 1.2156143845 142.297783855 321.09428874 176.670403334 0 1682.01615747 41.0048811703 213.389223162 21.9951188297 4.98384252367 53.9057112606
4320 2.15885837672 18.4006017861 143.704906046 355.040272587 0.585971854045 0.882305956914 0.561838430982 142.929611171 321.122349004 176.798444297 0 1682.09354431 40.9278158591 209.632748698 22.0721841409 4.90645568952 53.8776509963
4344 2.12405242605 19.2970549839 142.226538248 355.054647031 0.593235063688 0.89922443361 1.98275232972 141.470141142 321.0088739 173.459313243 0 1682.17167058 40.7900853745 207.106570344 22.2099146255 4.82832941842 53.9911261009
4368 2.09033999998 18.591328526 143.839244747 355.068973193 0.600734142416 0.920476713154 2.3387578048 141.071058146 321.137736204 173.222892345 0 1682.2487244 40.8842051681 202.809485849 22.1157948319 4.75127559499 53.8622637969
4392 2.06006227139 16.946202865 142.451039579 355.082199076 0.607942321743 0.943928441215 2.38911137459 140.976818786 321.161316532 175.295245961 0 1682.31810212 41.045398002 198.765321782 21.954601998 4.68189787385 53.8386834687
4416 2.03159702702 16.1220152621 138.903234318 355.094963016 0.615284165372 0.975988560526 1.27636018791 142.03740407 321.432356747 182.201478962 0 1682.38304732 41.149083198 195.910893594 21.850916802 4.61695268232 53.5676432532
4440 2.00037702967 19.932481736 146.57745034 355.109353567 0.623701915288 0.989130605552 1.53320673699 141.744607175 320.978638329 167.516242057 0 1682.45181452 40.7160634977 194.236603191 22.2839365023 4.54818548062 54.0213616715
4464 1.96940848069 17.1811411493 143.139166629 355.12405089 0.632273254418 0.997390625275 1.82298458664 141.423300643 321.003931828 164.5192842 0 1682.52323162 40.9540870322 192.70633313 22.0459129678 4.47676837877 53.996068173
4488.0 1001.94017415 17.1828886698 140.377254745 355.138327409 0.640561587546 1.01706279098 1.95154733939 141.252500873 321.033599502 164.217940961 0 1682.58923318 40.9052186471 189.294869678 22.0947813529 4.41076682189 53.9664004985
4512 378.288357308 5264.35098306 178.814203003 359.534257563 5.84009890919 23.3657219515 39.7085321134 71.5513894624 275.071179937 925.569344534 0 1144.32124535 39.8536684639 384.467055939 23.1463315361 542.678754656 99.9288200634
4536 89.9560266109 3377.60631069 182.01022447 379.391535023 10.0142654544 22.4086122029 44.3481672421 43.8374200776 274.60058276 366.11272905 0 1483.59840397 39.0620390834 442.767008331 23.9379609166 203.401596034 100.39941724
4560 33.5249576987 1142.12462916 181.76908015 393.832718577 10.2188332083 16.3757003961 18.7056066421 60.8671411768 293.320184347 297.042246038 0 1607.53784101 39.0759983081 437.283913791 23.9240016919 79.4621589957 81.6798156535
4584 21.4013858734 421.094559006 176.299207938 398.287547246 3.07679277578 7.32541872006 16.0471901265 75.2630511312 309.478701647 322.489667778 0 1638.03181873 39.3958754835 418.827044285 23.6041245165 48.9681812726 65.5212983535
4608 17.0208450612 251.03899451 174.124799791 398.815106626 0.437113463579 3.6796859738 16.9827472826 80.0853466539 315.34026925 359.186448227 0 1648.44025405 39.6588534726 411.903445054 23.3411465274 38.5597459537 59.6597307509
4632 14.4094954369 207.327023252 171.420202491 398.964744776 0.668549222803 1.65347288005 10.0035706152 88.7096625055 317.078705797 370.800249502 0 1654.35632392 39.6978079975 403.678380614 23.3021920025 32.6436760817 57.9212942037
4656 12.4749250662 183.265322735 170.676646269 399.115051583 0.691728722188 0.257314161664 9.9580194248 89.9778861087 317.798734806 367.476806391 0 1658.71084799 39.7030516454 380.629773392 23.2969483546 28.289152008 57.2012651943
4680 11.0269743143 147.106994294 169.975614923 399.240763971 0.652202074825 0.23158889638 3.28377796935 96.5916670886 318.829490147 366.62283138 0 1662.00862949 39.7976610458 377.278725611 23.2023389542 24.9913705162 56.1705098533
4704 9.94260845337 134.483872003 167.588763859 399.340338151 0.654194235965 1.12442346253 6.73132809841 92.1497160519 319.535396379 372.331448705 0 1664.46244246 39.8155347104 365.947480155 23.1844652896 22.5375575449 55.4646036218
4728 9.05397896078 121.546501042 174.079427466 399.431958259 0.657937069805 0.9611822719 5.81013773227 93.1387846672 319.769754675 363.269999403 0 1666.47135891 39.8366444613 350.77444888 23.1633555387 20.5286410943 55.2302453253
4752 8.31390552446 104.583089968 163.374034399 399.515311584 0.639850378521 0.617120756502 4.077664874 95.1500524074 320.377875471 370.713781068 0 1668.14935854 39.9034122712 335.115060421 23.0965877288 18.8506414594 54.6221245291
4776 7.68788577612 97.2539150436 167.926906038 399.591217073 0.660443609967 1.03208464222 5.67739206233 93.0388626128 320.226586117 342.257102955 0 1669.56128001 39.9078498193 338.168561409 23.0921501807 17.4387199952 54.7734138838
4800 7.16885793694 88.4126252049 161.518583977 399.659653261 0.638695618568 0.500767523088 6.05571448644 93.1451691105 320.617808695 342.661856011 0 1670.73838926 39.9465566435 330.521695193 23.0534433565 16.2616107401 54.3821913055
4824 6.71423062097 84.3461081923 163.979233528 399.722611738 0.649872049547 0.939993710764 3.74986319141 94.93765931 320.584714149 325.319264749 0 1671.767103 39.9700917417 326.490480552 23.0299082583 15.2328970009 54.4152858519
4848 6.30995478972 71.369268534 165.917328147 399.784751495 0.688117224588 1.21682787916 3.17100133776 95.1393020639 320.716320795 316.766660313 0 1672.68513024 40.0558830139 322.200284944 22.9441169861 14.3148697635 54.2836792052
4872 5.96417113843 65.5133901808 167.818273149 399.842536899 0.673964780847 0.570894318964 5.74371194816 93.1688920532 320.460804573 296.150257461 0 1673.47056358 40.1241038378 321.824698541 22.8758961622 13.5294364196 54.5391954279
4896 5.67074193134 65.2900052764 162.036319811 399.893471609 0.674522036492 0.757467692947 0.742673902804 97.9318647587 320.776599712 296.294921314 0 1674.1339023 40.1157890253 313.765691835 22.8842109747 12.8660977007 54.223400289
4920 5.40800716027 57.4977800016 163.622453094 399.941764418 0.684741373636 0.905882746069 1.34378319896 97.1238282636 321.045413728 297.852844956 0 1674.73263658 40.2111204864 304.045454771 22.7888795136 12.2673634223 53.9545862725
4944 5.17488918622 55.9286388412 159.172085296 399.987537807 0.700785313497 0.968162008305 1.59975408249 96.743760789 321.35007166 303.094355533 0 1675.25978237 40.2251149957 298.149402211 22.7748850043 11.7402176322 53.6499283409
4968 4.95334723665 56.3468948451 155.769816453 400.034110659 0.718983556326 1.02089733918 1.8158513668 96.4101570788 321.321313559 296.191755524 0 1675.75918217 40.2052635769 294.971762165 22.7947364231 11.240817827 53.6786864415
4992 4.74953831941 50.1108837114 156.550595961 400.080055396 0.739532983593 1.10047002977 3.7101125264 94.3698290641 321.481214704 297.487137468 0 1676.22126071 40.2569613352 289.221444885 22.7430386648 10.7787392951 53.5187852965
5016 4.56088054979 51.2770337683 156.524120521 400.125689905 0.76147200442 1.11442322731 1.50736106958 96.4910537936 321.34532484 290.525924995 0 1676.64435887 40.1727949092 282.820453024 22.8272050908 10.3556411283 53.6546751606
5040 4.39298865976 45.9220201121 160.816029518 400.168542031 0.749626974981 0.215393369888 2.78716003701 96.0792775873 321.298249495 281.429191265 0 1677.02782051 40.2671224875 278.608168102 22.7328775125 9.97217949172 53.7017505054
5064 4.2358200517 49.2534390814 156.525273909 400.208780113 0.724306612231 0.339944471004 2.90768080795 95.8192879958 321.373175066 275.565083049 0 1677.38134635 40.2122839633 272.675652676 22.7877160367 9.61865365289 53.6268249347
5088 4.08831975513 43.1761680387 153.943088379 400.246814796 0.70735961352 0.422122521715 0.946347626359 97.677355442 321.379236415 268.871033693 0 1677.71754872 40.3066377148 275.298997241 22.6933622852 9.28245128372 53.6207635851
5112 3.95368074199 40.5169393445 153.332965553 400.282012815 0.69456956205 0.469479315088 1.75899244982 96.7949458584 321.407361299 265.752819552 0 1678.02297527 40.3400835028 274.461882983 22.6599164972 8.97702473678 53.5926387017
5136 3.82318309782 41.7539565599 153.418282836 400.316723959 0.684722784303 0.507327000159 0.593464972202 97.8977612841 321.202881811 257.46864912 0 1678.31515169 40.2354680912 269.33684827 22.7645319088 8.68484831546 53.7971181891
5160 3.698020047 39.4420154457 154.118834809 400.350707615 0.677001983235 0.546956194943 1.37764091584 97.0476932913 321.159929618 247.8822202 0 1678.60062025 40.3047132515 263.31969631 22.6952867485 8.39937974819 53.8400703826
5184 3.59272958279 35.4587059643 155.937813194 400.379941943 0.673019734694 0.617581947516 2.44836888271 95.8810874925 321.270801333 248.787335993 0 1678.8414216 40.4183296565 256.087506479 22.5816703435 8.15857840435 53.7291986671
5208 3.48860033575 35.1556848261 154.632727626 400.409607881 0.672361217663 0.689363882186 1.58244955146 96.6462174672 321.127477473 241.571975341 0 1679.07644376 40.403648352 250.781124494 22.596351648 7.92355624631 53.8725225273
5232 3.38974011275 35.8523550873 153.289700066 400.438623685 0.673611013488 0.719673938483 0.695832899577 97.472258463 321.111380542 232.137835242 0 1679.29981732 40.3809088211 246.088638657 22.6190911789 7.70018267772 53.8886194584
5256 3.30020959631 30.1112633039 154.392656919 400.465714236 0.676096202078 0.760376747126 2.49554791662 95.6022648978 321.239989717 230.877071437 0 1679.50566964 40.586243821 242.047117941 22.413756179 7.49433036037 53.7600102835
5280 3.22200836502 29.4225638292 148.591148032 400.490098735 0.679787431736 0.791324659597 1.90501611057 96.1337730625 321.602554644 240.202290515 0 1679.6834773 40.6236506257 235.653312492 22.3763493743 7.31652270433 53.3974453569
5304 3.13573732762 37.3572554953 147.681512211 400.517875065 0.684877820683 0.810673446699 0.790507618737 97.1960660487 321.307134571 230.229267175 0 1679.87198626 40.185556135 230.908978569 22.814443865 7.1280137392 53.6928654299
5328 3.05653785054 26.8731385769 152.2786696 400.544254768 0.690393617185 0.86284828939 2.38093936104 95.521563964 321.238624103 224.135612995 0 1680.05820058 40.679706346 228.537393294 22.320293654 6.94179942474 53.7613758971
5352 2.98709719097 28.5563291039 149.420572766 400.568167217 0.697244594283 0.910051599073 1.59827663973 96.2262599501 321.303236391 222.498299759 0 1680.21464177 40.5897082367 225.526515874 22.4102917633 6.78535823656 53.6967636099
5376 2.91711520716 29.7209091974 146.806625378 400.593102463 0.705327021673 0.944105780846 1.9415691231 95.8158956111 321.483525742 220.375812584 0 1680.37273978 40.5739167531 221.048856198 22.4260832469 6.62726022192 53.516474259
5400 2.85480747699 25.6797195379 149.708512618 400.616068792 0.712912153799 0.947310848116 1.03957627896 96.6841319269 321.332007127 218.035184842 0 1680.51525603 40.68121468 217.933537914 22.31878532 6.4847439702 53.6679928733
5424 2.7920992902 26.2912177157 148.941419308 400.639952987 0.721019679717 0.978085489297 2.16884652391 95.4920953202 321.286795692 212.744740654 0 1680.65670283 40.6389011456 213.260846552 22.3610988544 6.34329717468 53.7132043089
5448 2.73810667939 25.0751806556 146.318993957 400.661182533 0.728543449074 0.985666973477 0.956198679882 96.6684083646 321.485158301 216.918791994 0 1680.78052849 40.7830979111 208.95623075 22.2169020889 6.21947151371 53.5148416997
5472 2.68575829454 23.4412031683 149.698466445 400.682385691 0.736007282617 0.992964946152 0.710485884482 96.878156196 321.315489492 210.163424264 0 1680.89902885 40.7994071091 208.903901656 22.2005928908 6.10097114923 53.6845105089
5496 2.63574868959 22.4997371532 146.875714759 400.703235245 0.740679856153 0.00533148240243 1.38818029 97.1625731266 321.486651164 212.62076766 0 1681.01278602 40.8530607167 206.058765795 22.1469392833 5.9872139865 53.5133488368
5520 2.58820091588 24.9840355804 141.382977414 400.723191669 0.721194098402 0.0341527599873 2.02033344583 96.5011280266 321.662818687 217.479292982 0 1681.11919623 40.6589208836 204.46091135 22.3410791164 5.88080376808 53.337181314
5544 2.53399151167 24.6504536594 144.471537551 400.745758368 0.700744897304 0.102279436864 3.00693219128 95.4442851064 321.430510061 209.808579671 0 1681.24100347 40.5975500819 202.079145509 22.4024499181 5.75899653474 53.5694899393
5568 2.48342889929 23.2842169087 142.88830629 400.766682582 0.683757233749 0.147240037775 0.884740066943 97.517580079 321.460345287 207.4538413 0 1681.35603593 40.6504012084 200.932719464 22.3495987916 5.64396407171 53.5396547135
5592 2.43875357309 20.5688762943 145.283690748 400.785108384 0.669854649586 0.184716865749 1.47963599879 96.8806841021 321.383191959 205.5147867 0 1681.458918 40.8691283784 196.988725006 22.1308716216 5.54108200607 53.6168080411
5616 2.39705037861 21.4886332115 144.534589734 400.802280651 0.657808826495 0.215851980326 1.95149570954 96.3725628326 321.368222748 202.678864934 0 1681.5530189 40.7916441141 193.363103025 22.2083558859 5.44698110592 53.6317772525
5640 2.35811734559 20.6284284901 144.046159566 400.818310702 0.647619324403 0.254251926588 0.277552187356 98.0022658598 321.584361191 205.575305548 0 1681.64226916 40.9340703153 189.985413389 22.0659296847 5.3577308445 53.4156388099
5664 2.3172265371 20.2995033774 143.364459617 400.83517113 0.637694207279 0.276822795266 0.796934549008 97.453377318 321.416729164 200.183962867 0 1681.73414726 40.8482662418 188.812786422 22.1517337582 5.265852739 53.5832708362
5688 2.27919920659 19.4055873849 142.174884629 400.850890618 0.629069858104 0.292909882574 1.1888597942 97.0382698468 321.419815712 198.311280664 0 1681.82060486 40.8908258501 188.728769573 22.1091741499 5.17939514203 53.580184288
5712 2.24294747438 19.168357162 141.867374206 400.865924138 0.621190771904 0.304446927329 0.513641992727 97.6947961698 321.426831666 197.855953945 0 1681.90298495 40.9168365394 184.828797973 22.0831634606 5.0970150544 53.5731683347
5736 2.20716017663 19.0476003714 149.671453939 400.880821439 0.613893328626 0.326752848631 0.822883094886 97.3556492883 321.22810688 185.936508623 0 1681.98453146 40.993639823 183.108853282 22.006360177 5.01546853836 53.7718931209
5760 2.17347829046 18.8030676618 148.005128348 400.89490798 0.607579652803 0.347422277378 1.03034724267 97.1197428469 321.114700832 178.505209433 0 1682.06092457 41.0102296016 182.504474092 21.9897703984 4.93907543493 53.8852991682
5784 2.13929695889 18.0320415942 143.138024169 400.909282283 0.601547184648 0.355801240636 1.3304699377 96.8028993538 321.185246112 179.778656772 0 1682.13798641 40.9502701809 180.036894513 22.0497298191 4.86201359687 53.814753889
5808 2.10858257236 18.0876906168 140.239254726 400.92227457 0.596441023267 0.378145488136 1.39846065437 96.7046782642 321.377605988 183.043443058 0 1682.20833987 41.0727280373 177.736354178 21.9272719627 4.79166012832 53.6223940125
5832 2.0749328704 18.9001624958 139.036845868 400.936606521 0.591558252828 0.410461055708 2.68179571815 95.3795784521 321.322638607 181.682515771 0 1682.28339554 40.8349717487 175.604044932 22.1650282513 4.71660445803 53.6773613935
5856 2.04356148584 18.128879299 145.170995763 400.950080258 0.587727918837 0.431443581496 1.86107349702 96.1696747444 321.018246301 172.175551178 0 1682.35521675 40.962105527 172.605358018 22.037894473 4.64478325324 53.9817536994
5880 2.01291196734 17.4258361017 137.097723765 400.963365271 0.584562445071 0.460437043915 1.00451161091 96.9871236287 321.338358091 177.296434028 0 1682.42448378 40.9355130038 171.753193067 22.0644869962 4.57551621805 53.6616419099
5904 1.98420613086 16.7210169562 138.772455132 400.975931503 0.581948746374 0.463805952589 1.08898583202 96.8893279659 321.343015977 178.421158913 0 1682.48986755 41.0020664571 169.006053323 21.9979335429 4.51013245604 53.6569840237
5928.0 1001.95731922 16.0773715799 141.521814665 400.98781679 0.579645018995 0.477772795966 2.04679499652 95.9079703985 321.22142913 173.29748181 0 1682.55146 41.1488096874 167.394450847 21.8511903126 4.44854000353 53.7785708704
5952 384.453370838 5339.03946245 182.061186283 405.202276078 6.40328720423 15.335853539 31.3830247439 41.6755584349 274.964614752 895.94159403 0 1139.62792742 39.862287381 412.063453889 23.137712619 547.372072582 100.035385248
5976 91.2819827657 3450.54303794 184.13639661 422.3134943 6.87008713497 17.2389525495 16.7689930412 36.8084729746 274.565538559 391.128070211 0 1481.08539115 39.061359334 445.323726725 23.938640666 205.914608853 100.434461442
6000 33.7085192816 1186.97074351 182.256974555 430.744250292 4.55752835922 8.63303159846 14.4342620408 41.6309277095 292.956707893 289.715713661 0 1607.00185403 39.065947002 461.910046422 23.934052998 79.9981459731 82.0432921073
6024 21.1508191212 433.804687059 174.541796916 432.722119073 1.87707962454 3.73229744686 11.0469862664 50.6215175894 308.755499768 310.323179507 0 1638.48610551 39.3616757236 440.215566607 23.6383242764 48.5138944937 66.2445002323
6048 16.6834970497 268.342773932 168.363616913 432.941431123 0.597762120397 1.74360992442 5.88061656927 58.8365802633 315.204872383 366.302485113 0 1649.1267772 39.5850407727 398.41320645 23.4149592273 37.8732228003 59.7951276176
6072 14.1284498519 195.734337092 180.65183961 433.123207765 0.786937568779 1.07984685549 5.61280280016 59.3972050104 317.147672337 367.5225085 0 1655.00826537 39.735293521 396.693715212 23.264706479 31.9917346356 57.8523276639
6096 12.4018713396 168.900899832 182.270334093 433.287459884 0.914991376875 1.90089577116 6.98943280251 56.9072201651 318.037672016 363.316955727 0 1658.93185323 39.8158165849 383.608772024 23.1841834151 28.0681467738 56.9623279846
6120 11.0560605037 143.409445332 173.6749779 433.448318226 0.958728520883 1.33484552258 2.82795752785 61.4301502023 318.971226955 377.787349208 0 1661.95844615 39.829350151 376.215084086 23.170649849 25.0415538569 56.0287730454
6144 9.93695759809 134.955558679 169.79786022 433.607396123 1.01737512202 0.784187473306 3.75788087417 60.8331604075 319.352220389 370.579066577 0 1664.46527282 39.7839973155 366.213314748 23.2160026845 22.534727186 55.6477796113
6168 9.03889758204 116.911699012 169.876025197 433.643842427 0.121895697614 1.07794816784 2.14047560094 63.0158381066 319.842471382 358.502496203 0 1666.5055998 39.8527381765 370.278065081 23.1472618235 20.4944002064 55.1575286185
6192 8.28742292505 114.255297125 165.698250605 433.667592491 0.241827950594 1.1692651315 3.14106517548 61.7802492516 319.939820938 344.402508906 0 1668.19525029 39.8229348697 362.525008825 23.1770651303 18.8047497097 55.0601790623
6216 7.6401988309 93.9137418669 171.261720682 433.698008359 0.255626816313 0.410969457204 2.58354232512 63.0518530423 319.854073978 328.219831374 0 1669.66806302 39.9152260019 353.894317155 23.0847739981 17.3319369842 55.1459260221
6240 7.14706673067 81.0418322366 163.656556082 433.72474248 0.281092140322 0.586294379239 0.683915272788 64.7239557274 320.809430573 343.155354802 0 1670.79809506 40.0519309738 345.504390804 22.9480690262 16.201904942 54.1905694279
6264 6.70168421026 83.8262575042 165.340286495 433.753440668 0.316106306729 0.776261404277 4.47934228747 60.6748493335 320.621047683 331.660740588 0 1671.7917028 39.9366531359 335.793634141 23.0633468641 15.2082972027 54.3789523172
6288 6.30123254776 78.0098378056 166.647784761 433.78486529 0.365981859944 0.954014612053 0.9696464217 63.9254918159 320.64930727 314.863298287 0 1672.70012655 39.9817347215 331.671305485 23.0182652785 14.2998734581 54.3506927309
6312 5.96070174983 63.1437912024 162.815096428 433.817446325 0.417091184697 1.07843662011 2.95390773499 61.7331181351 321.015225988 317.648584781 0 1673.4833596 40.1902954302 327.559441691 22.8097045698 13.5166404035 53.9847740124
6336 5.66146884131 63.9866758073 158.608891999 433.851661782 0.468228844756 1.10690643644 1.71848600562 62.8547169314 321.165435966 316.836650149 0 1674.1533615 40.0960482401 320.670924504 22.9039517599 12.8466385062 53.8345640344
6360 5.39458355699 60.9896328142 159.48511317 433.887082441 0.496376220917 0.274003419967 2.94816647503 62.3943714429 321.234222222 313.592057074 0 1674.75838271 40.1211218098 314.803222447 22.8788781902 12.241617295 53.765777778
6384 5.15059543891 58.3676633405 162.71267147 433.921134827 0.486508370037 0.421506338543 1.13524383003 64.0356066346 321.035007323 298.35827227 0 1675.3085341 40.1049972923 313.608908335 22.8950027077 11.6914658993 53.9649926771
6408 4.92945968332 52.7244247704 163.903219816 433.953058835 0.484273938289 0.495838694801 2.2141424749 62.8526860572 321.006182059 288.368642166 0 1675.81291391 40.2124110843 308.84247836 22.7875889157 11.1870860908 53.9938179414
6432 4.72592725134 49.4362497382 161.948156561 433.983809029 0.489525043222 0.626928646451 1.98960939912 62.9101278817 321.132238414 287.327965436 0 1676.27409792 40.2568416484 297.095298421 22.7431583516 10.7259020856 53.8677615866
6456 4.55097853555 44.5302090638 161.560359039 434.01174473 0.498067021711 0.65889953303 1.52285907201 63.3084296436 321.260060741 287.303440646 0 1676.67233305 40.3328246258 289.20043966 22.6671753742 10.3276669567 53.7399392593
6480 4.39635971957 43.0053324346 162.461528678 434.037786162 0.506488131914 0.675663304185 1.78059806331 62.9994643389 321.376921781 287.509475225 0 1677.02331055 40.3654986115 279.554322135 22.6345013885 9.97668945418 53.6230782191
6504 4.24181364181 46.1443442144 158.585076219 434.06522624 0.515970332172 0.69625070359 0.141263983123 64.5812887416 321.303393285 279.286958976 0 1677.36888914 40.2430676392 271.386570324 22.7569323608 9.63111086698 53.696606715
6528 4.08708732486 42.4288210198 152.190984422 434.094255783 0.525529461532 0.687911687649 0.687382071424 64.004920996 321.460071018 277.025574515 0 1677.71918394 40.2896296326 266.424944453 22.7103703674 9.28081606176 53.5399289825
6552 3.95537967594 39.7076765262 156.661160003 434.120277518 0.533714660131 0.698505064158 0.775127333479 63.8723754238 321.471783051 269.572240194 0 1678.0193642 40.3500981825 263.393978614 22.6499018175 8.98063580054 53.5282169498
6576 3.83004072098 42.6288644067 153.376026305 434.146251942 0.541835033627 0.716070637649 1.79321919746 62.8026231891 321.26165293 258.221929549 0 1678.30078193 40.2500114941 262.084480464 22.7499885059 8.6992180753 53.7383470704
6600 3.70552908152 41.7314972881 151.501962557 434.173344754 0.551674850668 0.783829708719 2.78378362914 61.7073670578 321.187602757 251.564207271 0 1678.58187182 40.2298451847 254.388280035 22.7701548153 8.41812818751 53.8123972434
6624 3.59032448395 37.4199230416 150.711592565 434.199749233 0.562992232314 0.799889906507 0.730022840333 63.7073457882 321.288178125 249.181414109 0 1678.84468634 40.3284284483 248.720758522 22.6715715517 8.15531366145 53.7118218753
6648 3.4915740083 32.7061543421 152.304847342 434.22351273 0.573224466772 0.825827803949 1.30465119859 63.0727838003 321.34515298 244.759588655 0 1679.07228663 40.5403210388 246.760903724 22.4596789612 7.92771336995 53.6548470206
6672 3.40108941295 34.7927898231 150.317422385 434.24628739 0.583273492161 0.840044539663 1.74515139168 62.5852431864 321.395436427 241.383973568 0 1679.27652403 40.4924067435 245.228344457 22.5075932565 7.7234759771 53.6045635734
6696 3.30899390798 32.5680135904 146.90201177 434.270528641 0.594308012926 0.872020846336 1.25820270698 63.0049397932 321.471786614 244.293572028 0 1679.48378579 40.4441596634 239.284867444 22.5558403366 7.51621421505 53.5282133865
6720 3.22356762086 30.7051582154 152.118880257 434.294060256 0.605239522314 0.880290468036 0.693063513932 63.5273462396 321.391003103 236.453892617 0 1679.67857671 40.5359132943 236.82622235 22.4640867057 7.32142329834 53.6089968971
6744 3.14625432414 31.3803048979 148.379899754 434.316282691 0.615441546147 0.913761627134 2.89884600007 61.2556681358 321.526801954 239.606121735 0 1679.85359624 40.5127007384 230.033652499 22.4872992616 7.14640376174 53.4731980467
6768 3.06794720273 30.9681336273 150.36818935 434.339777634 0.62764155803 0.952693457691 1.17319776195 62.9066895881 321.391502849 232.358099501 0 1680.02963319 40.4498460527 226.698346085 22.5501539473 6.97036681637 53.6084971513
6792 2.99860384898 26.8232454109 151.693986764 434.361489983 0.63864459431 0.964934168572 1.28016229102 62.7547689631 321.44715883 229.810901406 0 1680.18932788 40.654943776 224.816067061 22.345056224 6.81067212243 53.5528411706
6816 2.9363548097 27.8415321122 149.479419286 434.381745558 0.648682198146 0.959890924168 1.24422860099 62.7654527183 321.436355328 226.157082989 0 1680.33084683 40.6836065366 223.265484109 22.3163934634 6.66915317287 53.563644672
6840 2.86941583715 28.5432683796 150.615930833 434.404368779 0.659258739116 0.954483518162 0.402215156844 63.5796738066 321.146540373 215.892768956 0 1680.47971472 40.4741929845 221.010911678 22.5258070155 6.52028528517 53.8534596277
6864 2.80678745143 25.9308776563 150.866619425 434.426351168 0.668912072163 0.960579658739 0.444108167967 63.5000489328 321.087743602 208.50265249 0 1680.62323914 40.6320061999 219.949281865 22.3679938001 6.37676085869 53.9122563989
6888 2.74507688036 26.8806390195 147.195122241 434.44881775 0.678503208635 0.961326093392 0.51030306377 63.4010498842 321.123522622 205.493323958 0 1680.76248575 40.566649994 215.220707957 22.433350006 6.2375142547 53.8764773779
6912 2.68514090948 26.8638892759 145.826470035 434.471439329 0.687828263513 0.974864975621 1.53504123953 62.3308261919 321.187225036 202.926298293 0 1680.89779925 40.5223308924 212.906816126 22.4776691076 6.1022007566 53.812774964
6936 2.62917485469 24.4411290963 144.240790344 434.493312895 0.696719527438 0.971210898603 0.498194652796 63.3405620259 321.233053051 202.664162582 0 1681.02570191 40.6524802285 209.87168542 22.3475197715 5.97429809441 53.7669469496
6960 2.57726724307 25.7340916589 147.192564962 434.514273475 0.704795782553 0.970028237116 0.351523978524 63.4593785266 321.111143276 194.478920586 0 1681.14307795 40.5971921788 209.991456153 22.4028078212 5.85692205784 53.8888567244
6984 2.52445833187 24.4018229178 146.96250702 434.536285591 0.712753178181 0.962674894532 1.2876073418 62.5006789949 320.942248681 186.42978374 0 1681.26274297 40.6150222764 210.242380549 22.3849777236 5.73725703248 54.0577513195
7008 2.47834554187 21.3091541689 144.681006697 434.556092139 0.719802109953 0.980374978899 1.96182702897 61.7819037429 321.102679811 185.90984405 0 1681.36907752 40.8498411962 212.563513032 22.1501588038 5.63092248535 53.8973201891
7032 2.43569534201 19.9034366043 145.394779026 434.57492459 0.726714553725 0.992171508735 1.545978617 62.1602107303 321.235908147 187.099796705 0 1681.46627395 40.9501292189 212.071371676 22.0498707811 5.53372604966 53.7640918532
7056 2.39539545302 19.2083236621 139.135651345 434.593193616 0.733250201427 0.989273940396 1.09618536208 62.58809688 321.55800687 198.115562829 0 1681.55804426 41.0175650899 211.650987555 21.9824349101 5.44195574273 53.4419931304
7080 2.35607966562 20.2984174155 141.30460175 434.611472953 0.739433701659 0.987218719286 1.63205299533 62.0298216308 321.577946568 203.293797359 0 1681.64637537 40.8732332226 207.439401513 22.1267667774 5.35362462924 53.4220534328
7104 2.31336215153 21.3690620454 146.683371714 434.631860947 0.746221581447 0.989606750728 1.319717443 62.3125932775 321.179992727 191.107001696 0 1681.74196419 40.707263111 205.516634658 22.292736889 5.25803581735 53.8200072737
7128 2.27489196819 19.7960624485 144.816329333 434.650708559 0.752319347704 0.989184677784 0.870916452686 62.7368709623 321.174884856 188.842273748 0 1681.83032641 40.866213042 202.793021972 22.133786958 5.16967359651 53.8251151441
7152 2.23825284073 21.35020185 145.464815498 434.669101291 0.758003638326 0.988590818133 1.37287085739 62.2114333948 321.135103229 182.142720921 0 1681.91323356 40.835023459 201.217030085 22.164976541 5.0867664398 53.8648967711
7176 2.20115457074 18.3098240055 147.616881178 434.688176984 0.763714829459 0.984467627165 0.925309975644 62.6383305834 320.940506677 175.512214651 0 1681.99771032 40.955305553 197.872870811 22.044694447 5.0022896792 54.0594933238
7200 2.16499259785 21.0683476573 148.06732178 434.707220091 0.769026563428 0.979083609764 0.466578851919 63.0780908835 320.70584402 162.950813963 0 1682.0783762 40.6916148434 196.702071805 22.3083851566 4.92162380208 54.2941559803
7224 2.1297822148 20.1741162326 141.106618944 434.72619764 0.774124168354 0.98198764116 0.97526499032 62.5424255603 320.960978492 166.243363008 0 1682.15893912 40.8154791519 194.651721514 22.1845208481 4.84106088166 54.0390215084
7248 2.0970384802 17.6855751503 140.370807226 434.744244437 0.778894398961 0.977968917537 0.413587387875 63.0853048582 321.198542302 170.370716611 0 1682.23444188 41.106226468 191.814595691 21.893773532 4.76555812378 53.8014576988
7272 2.06588371005 16.9745288442 142.785955195 434.761781385 0.783228595509 0.969933369936 0.811436358688 62.6736202913 321.017690635 163.144972777 0 1682.3047878 41.0386490196 194.058903679 21.9613509804 4.69521220086 53.9823093658
7296 2.03446427521 18.5273999307 142.819256469 434.779834852 0.787389174853 0.964487767048 1.23714282791 62.231145378 320.884002102 160.783466558 0 1682.37497216 40.8103412302 189.409788253 22.1896587698 4.62502784417 54.1159978981
7320 2.00492704773 16.9302330564 138.498003289 434.79715073 0.791260982482 0.962917892569 0.589967460739 62.8587029343 321.218060667 164.772996499 0 1682.44334033 41.1236985997 189.881568465 21.8763014003 4.55665966863 53.7819393329
7344 1.97526444451 16.9924779599 142.350212647 434.814884339 0.795066129654 0.96505704572 0.960952729171 62.4640397567 320.946173456 159.994574211 0 1682.51012602 40.9950823412 188.481023758 22.0049176588 4.48987398385 54.0538265443
7368 1.94710478864 16.6487541428 142.106625216 434.832047352 0.798635444735 0.961743202711 1.29200045856 62.1155735425 320.905552788 157.146922713 0 1682.57396429 40.9991871368 186.216963741 22.0008128632 4.42603570867 54.0944472125
7392 1.92124068284 14.8299718937 140.013530798 434.848099115 0.801831528612 0.957286814089 0.534133383067 62.858649159 321.03607383 159.892572656 0 1682.63353748 41.2563736955 184.05257116 21.7436263045 4.36646252317 53.9639261705
7416 1.89686106836 14.4612805323 139.768387788 434.863487254 0.804768654455 0.956633834709 0.712983331258 62.6621269255 321.15052574 161.728083273 0 1682.68899849 41.3041336045 182.03414484 21.6958663955 4.31100151214 53.8494742603
7440 1.87216975387 15.6443297238 142.056240713 434.879332801 0.807685955439 0.952019148714 0.930090143563 62.4308719515 321.027063681 155.163449509 0 1682.74445088 41.1266162171 183.095545287 21.8733837829 4.25554912491 53.9729363191
7464 1.84649521601 16.1630032537 141.785593601 434.896093621 0.810729378721 0.964491634768 2.17764553276 61.1510398329 320.812224885 148.187375653 0 1682.8020817 40.9837974454 184.134254866 22.0162025546 4.19791830086 54.1877751149
7488 1.8214163935 15.7177856305 139.988548179 434.912755861 0.813854719478 0.965432228538 1.43500596456 61.8729512259 320.866357833 145.331050259 0 1682.85918363 41.0419401894 184.22281732 21.9580598106 4.14081637746 54.1336421674
7512 1.7976330005 16.2778577315 142.265006907 434.928830512 0.816772779419 0.958722668868 0.658439095832 62.6372349436 320.690356494 141.130543743 0 1682.91312354 41.0236122203 180.437585289 21.9763877797 4.08687646436 54.3096435061
7536 1.77341030841 14.2129389752 140.268422125 434.945480596 0.819619114762 0.956701937597 0.91134254453 62.3668558067 320.825177875 141.670236852 0 1682.96854165 41.2113756689 178.798419151 21.7886243311 4.03145835829 54.1748221257
7560 1.75190096982 13.8819231741 136.277499638 434.960506258 0.822132355872 0.958639959206 1.03047293846 62.2282484888 321.038165248 148.388175864 0 1683.01753033 41.2593161697 175.282614563 21.7406838303 3.9824696774 53.9618347524
7584 1.73075477792 13.6527525108 134.605371409 434.975504905 0.824657712109 0.96422769875 0.13633698001 63.0992727046 321.17937064 152.909324085 0 1683.06556851 41.2849631154 174.88027514 21.7150368846 3.93443149086 53.8206293601
7608 1.71068084905 13.0957667372 139.278631257 434.989956538 0.827004537463 0.956426278163 0.224845471789 63.0017671744 321.006702795 150.026231116 0 1683.1113503 41.372754417 172.545284773 21.627245583 3.88864970464 53.9932972054
7632 1.69154763114 13.0745703005 137.385040921 435.003927189 0.829113366438 0.950598515215 0.270983179537 62.9453777495 321.017221524 149.132114114 0 1683.15472286 41.3579852374 171.302784862 21.6420147626 3.84527713898 53.9827784767
7656 1.6731174424 13.6066952968 142.066042291 435.01756792 0.831048244145 0.947846942736 1.28407978378 61.9194571096 320.814912738 140.866861579 0 1683.19642416 41.2852057411 171.13916132 21.7147942589 3.80357584032 54.1850872622
7680 1.6534376627 13.2514339801 136.581568246 435.032336085 0.833152775384 0.952472046577 1.36262722476 61.8194118683 320.930649531 142.095502548 0 1683.24091619 41.273380534 170.993734093 21.726619466 3.75908380942 54.069350469
7704 1.6341803296 13.060049261 138.129211236 435.04699528 0.835236321592 0.953453300144 0.437312796265 62.7270023025 320.850453609 139.887804326 0 1683.28469338 41.2964603574 168.921991155 21.7035396426 3.71530662456 54.1495463918
7728 1.61625498218 12.4600147958 136.387004574 435.06082969 0.837152447118 0.953369811341 1.45089012919 61.6977579222 320.940562895 139.50432427 0 1683.32560609 41.4060269373 168.916317093 21.5939730627 3.67439391056 54.059437105
7752 1.59799254283 12.514961531 138.83556815 435.075115925 0.839092542161 0.948659171284 0.504134410914 62.6329979504 320.806419958 135.080436941 0 1683.36691074 41.3627146574 166.972600492 21.6372853426 3.63308926612 54.1935800426
7776 1.58099882307 13.3688050693 135.189620317 435.088586368 0.840812385427 0.945282454362 0.492942548878 62.6323762431 320.982162752 139.928488878 0 1683.40526634 41.2230350763 164.130459818 21.7769649237 3.59473366261 54.0178372485
7800 1.56309665968 12.8937977711 138.597428091 435.102963952 0.842537007699 0.938803955698 0.551902038175 62.563793046 320.902708589 138.168458133 0 1683.44583676 41.2411194386 161.397224474 21.7588805614 3.55416324751 54.0972914115
7824 1.54629492427 12.6510434288 136.018768145 435.116634554 0.844047486491 0.932836208662 0.556545563743 62.5499361874 320.962711118 137.257653242 0 1683.48410246 41.2886820359 162.727756439 21.7113179641 3.51589754108 54.037288882
7848 1.53040529618 11.5196290047 136.249851044 435.129722408 0.845385125508 0.927999623584 0.515033453431 62.5818593895 320.938469111 135.491904434 0 1683.52064238 41.5289726136 163.039499551 21.4710273864 3.47935762698 54.061530889
7872 1.51421168541 12.1874628131 135.836821498 435.143222093 0.846670065244 0.924323436465 0.499524629322 62.586259776 320.845093282 132.740403114 0 1683.55698297 41.3392891482 162.387931519 21.6607108518 3.44301702932 54.1549067188
7896 1.49841816273 12.0653063082 134.27390278 435.156547485 0.847859665782 0.920848615914 0.46953149362 62.6052127396 320.924639454 132.707799355 0 1683.5928648 41.3529786933 161.803775697 21.6470213067 3.40713520276 54.0753605463
7920 1.48322870217 11.3472740863 137.914229178 435.169513761 0.848950918685 0.921150425236 1.40469867909 61.6556862162 320.717561777 126.854667519 0 1683.62762032 41.5033888655 160.246685937 21.4966111345 3.37237968771 54.2824382236
7944 1.46882438106 11.6485098478 136.767892068 435.181948729 0.849990270865 0.917537336016 0.307990219054 62.7425334454 320.738507181 124.89529822 0 1683.66016029 41.4132540996 159.749619874 21.5867459004 3.33983971236 54.2614928197
7968 1.45390787444 11.6270613674 133.223427202 435.194970572 0.850978179189 0.912494501228 0.255353512932 62.786203235 320.857482169 125.763366562 0 1683.69395885 41.4010625172 161.279934236 21.5989374828 3.30604115498 54.1425178312
7992 1.44025609205 10.8142810456 131.535250667 435.207018791 0.851806512524 0.909433858185 1.12777534805 61.9039654905 321.055122538 131.985401208 0 1683.72534092 41.6072876597 159.815030931 21.3927123403 3.27465908086 53.9448774625
8016 1.42723260218 10.5646741755 136.413398332 435.218630463 0.852606074006 0.910830937895 0.958888961723 62.0590435633 320.920545216 128.712056886 0 1683.75497594 41.6537883428 158.41413478 21.3462116572 3.24502406632 54.0794547843
8040 1.41389535534 12.1017165376 134.473496822 435.230643509 0.853395689215 0.906859233544 0.828652900309 62.1804486679 320.866495629 125.528973109 0 1683.78467293 41.2910550099 160.042344783 21.7089449901 3.21532707425 54.1335043716
8064 1.39994819067 10.9150919323 133.671905133 435.243339325 0.854165444924 0.903087810276 0.746129019088 62.2532784002 320.885814609 127.385878619 0 1683.81662286 41.5105483996 157.692005088 21.4894516004 3.18337714294 54.1141853918
8088 1.3871434678 10.4478794038 139.683897073 435.255116793 0.854802979181 0.897411624298 0.600918301625 62.3917503022 320.681033077 118.976134479 0 1683.84587502 41.6181081318 157.412890546 21.3818918682 3.15412498634 54.3189669232
8112 1.37461523687 10.9516944366 136.853339308 435.266753758 0.855375049576 0.896923099211 0.434669818044 62.5462782756 320.618141535 115.246366509 0 1683.87409648 41.4720457757 158.128769421 21.5279542243 3.12590352259 54.3818584657
8136 1.3613092229 10.5067312965 134.304340889 435.279238342 0.855958987721 0.895458115724 0.330305660851 62.6390388932 320.712894727 115.700961625 0 1683.90441258 41.5701450685 156.86734228 21.4298549315 3.09558742809 54.2871052734
8160 1.34810450388 11.9441089105 135.382532529 435.291757389 0.856501870806 0.891542558692 0.232626115853 62.7275720657 320.599356013 110.81135629 0 1683.93380608 41.2117333784 157.648842794 21.7882666216 3.06619392678 54.400643987
8184 1.33587261002 10.0800247235 131.504714061 435.303470749 0.85694292747 0.888357014407 1.07544633453 61.8757829746 320.844140565 116.783364692 0 1683.96231652 41.6703375448 157.427347875 21.3296624552 3.03768348226 54.1558594351
8208 1.32393802546 10.503839683 134.435199614 435.315008952 0.85734971154 0.885950192805 0.903696276732 62.0379948665 320.788469005 116.076942615 0 1683.98917946 41.5178412102 156.243013424 21.4821587898 3.01082054636 54.2115309951
8232 1.31166205474 10.4938648165 136.6008955 435.326991836 0.857751481885 0.885161787742 0.759919249201 62.1701756448 320.620623566 111.57308009 0 1684.01706858 41.5162891617 156.082026896 21.4837108383 2.98293142057 54.3793764349
8256 1.29980693371 10.8868250676 135.879293333 435.338675981 0.858090955629 0.879643956878 0.603902585611 62.3196865207 320.617351143 110.03827608 0 1684.04378489 41.3891464699 154.971273261 21.6108535301 2.95621511028 54.3826488573
8280 1.28822049591 10.290975938 135.480013591 435.350202822 0.858373094733 0.878197910308 0.428223678934 62.4850024938 320.560159368 108.577525218 0 1684.0703462 41.5516197447 152.9194107 21.4483802553 2.92965380463 54.4398406324
8304 1.27755715844 9.39643430769 135.991496889 435.360906498 0.858600027954 0.874627864946 0.197857603482 62.7080080052 320.594844359 106.920462955 0 1684.09485177 41.794608128 151.915321763 21.205391872 2.9051482368 54.4051556409
8328 1.26740221024 9.2543506423 134.058008582 435.371185572 0.858760304193 0.871000703997 0.937230395622 61.9618230243 320.624720237 107.181230648 0 1684.11795259 41.8314420125 150.955607877 21.1685579875 2.88204741074 54.3752797637
8352 1.25740864167 9.1587511655 137.878110589 435.381383669 0.858873009838 0.86580430912 0.673867361643 62.2200716501 320.52142688 102.301927623 0 1684.1406494 41.8428897615 150.026159623 21.1571102385 2.85935059957 54.4785731206
8376 1.24763713542 9.05634978511 135.239525401 435.391434869 0.858944670242 0.862819808936 0.3955412437 62.4912594082 320.551072376 102.665278331 0 1684.16285938 41.8675280062 148.143487975 21.1324719938 2.83714062628 54.4489276247
8400 1.23712465215 9.87817948666 135.615376032 435.402337177 0.858977109683 0.861735652136 0.173973046538 62.7029770146 320.410440799 99.0780905759 0 1684.1864238 41.604968368 146.314803068 21.395031632 2.81357620347 54.5895592011
8424 1.22691083954 9.09528600327 133.841581411 435.41301908 0.858978255413 0.858011326753 0.941931360191 61.9280599772 320.473510973 98.5167103235 0 1684.20983096 41.8142262439 146.512111543 21.1857737561 2.79016904424 54.5264890272
8448 1.21726665547 9.49105566181 131.18543988 435.423187149 0.858982772607 0.859598796151 0.662552534146 62.1956787477 320.666190939 102.369205771 0 1684.23160925 41.6825234405 145.74519698 21.3174765595 2.76839075462 54.3338090615
8472 1.20660347744 9.90150712126 136.118499288 435.434523877 0.858989699648 0.858467458505 0.471644501285 62.3763744633 320.333532941 94.4765295983 0 1684.25557486 41.5181703178 145.002569605 21.4818296822 2.74442513907 54.6664670597
8496 1.19682119144 8.98494759531 134.190468366 435.445012476 0.85897331463 0.858331859248 1.21832342842 61.6193589219 320.436310471 94.7361186453 0 1684.2781242 41.8002143419 144.284908085 21.1997856581 2.72187580101 54.5636895297
8520 1.18780220993 8.65012133612 133.212849499 435.454758761 0.858962212819 0.857207155801 0.914037653265 61.9150342172 320.499542172 96.5800709186 0 1684.29874165 41.9166515953 142.605043521 21.0833484047 2.70125834918 54.5004578285
8544 1.17839226512 9.10643982896 132.776390242 435.465006585 0.858956845826 0.85882613512 0.639823272398 62.1773871621 320.597681576 98.0797547011 0 1684.31990354 41.7306942194 140.970408053 21.2693057806 2.68009646227 54.4023184246
8568 1.16903801461 10.4693478634 128.892498278 435.475275149 0.858946740386 0.856038071512 0.3757926674 62.4339473719 320.760090903 103.928176821 0 1684.34096522 41.5502253047 139.379635208 21.4497746953 2.65903478423 54.2399090979
8592 1.15926267294 10.4285268105 131.783394319 435.486093723 0.858892967606 0.854888300472 1.14763485921 61.65249015 320.626431369 101.432212817 0 1684.3629827 41.3808433627 139.810235675 21.6191566373 2.63701730057 54.3735686314
8616 1.14905474278 9.77391266316 133.108692268 435.497488166 0.858840355511 0.854222358569 0.95936457302 61.8300845473 320.548426877 100.07366555 0 1684.38622563 41.4739827437 138.267560114 21.5260172563 2.61377437665 54.4515731237
8640 1.1399988974 8.6323524107 129.559620378 435.507680917 0.858759715144 0.849757350528 0.693254539345 62.0905474778 320.751772369 104.393363866 0 1684.40719812 41.8403020641 137.756182156 21.1596979359 2.59280188732 54.2482276309
8664 1.13179892954 8.25089430222 132.071969168 435.516979406 0.858656796051 0.847242534596 0.359699795263 62.4174214677 320.691363988 102.402835878 0 1684.42596555 41.9782714636 136.27510836 21.0217285364 2.57403445467 54.308636012
8688 1.12363706544 8.71465511988 129.958063985 435.526300511 0.858518118224 0.845596055081 1.02612128615 61.7434640297 320.771317615 105.126259721 0 1684.44433856 41.7920976837 134.831119516 21.2079023163 2.55566144559 54.228682385
8712 1.11559232752 8.19537642468 129.491798736 435.535552898 0.858394969502 0.847141968249 0.681234435346 62.0776757287 320.863331132 107.468579538 0 1684.46276639 41.975041619 133.423177781 21.024958381 2.53723361534 54.1366688686
8736 1.10769874389 8.65799912393 133.439070616 435.544695238 0.858267425799 0.844113304411 0.337684366715 62.4152396655 320.633781055 102.649988615 0 1684.48056367 41.8046715348 132.049748588 21.1953284652 2.5194363294 54.3662189453
8760 1.09990606361 8.01117212203 130.901972859 435.553783281 0.858102289245 0.842223155775 0.988130182534 61.7577610913 320.756742814 103.990720245 0 1684.49842348 42.0196268228 130.709805128 20.9803731772 2.50157652724 54.2432571863
