Time EBV Teff Treg ODC_le1 ODC_le2 ODC_le3 ODC_le4 ODC_le5 NK IL2 DAC Resting_Teff Resting_Treg EffectorMemory Resting_Treg_temp Resting_Teff_temp NK_temp
0.0 0 0 0 0 0 0 0 500 375 1000 0 1687 63 0 0 0 0
24 0 0 0 0 0 0 0 500 336.279789971 908.048253598 0 1687 63 0 0 0 38.7202100291
48 0 0 0 0 0 0 0 500 335.391027502 823.849847309 0 1687 63 0 0 0 39.6089724976
72 0 0 0 0 0 0 0 500 334.559882085 745.880698262 0 1687 63 0 0 0 40.4401179151
96 0 0 0 0 0 0 0 500 333.760437385 673.915002205 0 1687 63 0 0 0 41.2395626152
120 0 0 0 0 0 0 0 500 332.995774144 607.703333798 0 1687 63 0 0 0 42.0042258555
144 0 0 0 0 0 0 0 500 332.2684442 546.975994766 0 1687 63 0 0 0 42.7315557996
168.0 1000 0 0 0 0 0 0 500 331.580390823 491.447224652 0 1687 63 0 0 0 43.4196091775
192 587.94283022 2674.42256109 91.5619289612 4.47673168998 18.9970923557 71.5351553232 179.581289232 225.4097314 319.455578209 5741.3447637 0 1039.6715255 41.772295668 0 21.227704332 647.328474501 55.5444217919
216 136.691505411 6854.08290402 168.855776745 84.3569352883 48.169625011 89.1000137972 130.878274491 147.495151413 264.615430729 466.705292403 0 1395.91026768 38.9755698285 609.98910653 24.0244301715 291.089732317 110.384569271
240 33.1263076447 2311.15996654 180.872792594 179.157733142 32.4750972642 65.3339375518 108.568360622 114.46487142 279.290768393 231.308075259 0 1603.66500498 38.8652111324 529.666245358 24.1347888676 83.3349950161 95.7092316078
264 16.6890466891 563.041956455 170.917068446 203.05860523 12.9756345583 35.378599892 71.4118753232 177.175284996 304.256855776 234.517373158 0 1647.78341772 39.0881229284 507.197524172 23.9118770716 39.2165822765 70.7431442244
288 13.009937793 222.930938874 171.370984085 206.743184954 4.04481348224 13.2293029811 39.888550878 236.094147704 314.850937997 294.686472062 0 1657.33720039 39.5135393269 464.480853059 23.4864606731 29.6627996059 60.1490620032
312 11.3610013868 158.518437534 172.405986684 207.10473808 0.610424367184 5.71067278159 27.350498821 259.223665951 318.160213794 347.358202554 0 1661.24058929 39.7579998844 428.679739382 23.2420001156 25.7594107092 56.8397862069
336 10.1843004834 125.57751165 177.683965748 207.243261679 0.985544292255 1.93698297269 15.2456800058 274.58853105 319.200877138 369.430735426 0 1663.92782629 39.872287153 405.129262778 23.127712847 23.0721737055 55.7991228623
360 9.28575123546 119.313506713 178.36192017 207.378397971 0.00758686003046 2.85190301859 12.3611175672 277.400994584 319.686322192 369.405883064 0 1665.95213792 39.8558297407 384.557275258 23.1441702593 21.0478620788 55.3136778086
384 8.54471737976 110.075521617 169.047342557 207.393342244 0.183151634837 0.667804993492 17.6473082251 274.108392903 320.114175394 361.824894462 0 1667.63109234 39.8977203171 389.22278922 23.1022796829 19.3689076649 54.8858246068
408 7.90243208034 94.297666831 170.413165721 207.418504542 0.256140158732 0.416958536078 14.1256856617 277.782711101 320.429886355 362.744125843 0 1669.0836161 39.9472348328 383.62947544 23.0527651672 17.9163839019 54.570113645
432 7.35849703355 92.0903309643 163.0156478 207.448823361 0.310046911907 0.779004887678 10.415206523 281.046918317 320.981305313 371.170292386 0 1670.30886229 39.9213233758 372.376882893 23.0786766242 16.6911377065 54.0186946878
456 6.8518920993 91.9376378939 167.400650163 207.484372504 0.346488332688 0.73731332225 8.54712445571 282.884701386 320.51224009 342.383326888 0 1671.44559057 39.8742530461 362.874118502 23.1257469539 15.5544094333 54.4877599105
480 6.41400147027 77.9082485067 169.930035005 207.52158677 0.400878700281 0.754792640083 11.1756417583 280.147100131 320.4238884 317.930080383 0 1672.44431109 39.9801782716 363.464932321 23.0198217284 14.5556889075 54.5761116008
504 6.06164665967 67.7228977577 164.942580056 207.557500913 0.440349080145 0.707144991083 12.7957618174 278.499243198 320.912206328 329.490718914 0 1673.24957392 40.0915272918 345.425169575 22.9084727082 13.7504260796 54.0877936722
528 5.75552099214 65.9028792265 162.285323514 207.592929837 0.462162255014 0.434865543626 7.86422541717 283.645816947 321.358793868 329.692336876 0 1673.9419493 40.097237507 342.476574592 22.902762493 13.0580507004 53.6412061329
552 5.45743636056 61.4968548501 168.583373667 207.630332738 0.475184212095 0.145855402043 10.5776049569 281.171022691 320.707351539 303.146353616 0 1674.61345662 40.0906747521 337.54223725 22.9093252479 12.3865433839 54.2926484618
576 5.20761288202 56.536290815 162.457799012 207.663487995 0.476623157727 0.866851912624 11.5471344868 279.445902448 321.074603706 306.355804499 0 1675.18304925 40.1742590673 323.316711759 22.8257409327 11.8169507506 53.9253962942
600 4.96984367952 58.7231513257 160.286336989 207.698385178 0.525094808629 1.44669046276 9.5939951266 280.735834424 320.927479437 295.293897768 0 1675.71384125 40.0547901803 313.542112485 22.9452098197 11.2861587469 54.0725205639
624 4.76001593363 53.801610639 156.808141807 207.7326571 0.539522651658 0.989701624683 7.24019747067 283.497921153 321.365885114 292.10612895 0 1676.19315995 40.146356311 312.579518431 22.853643689 10.806840045 53.6341148862
648 4.56812449503 47.9936821998 157.977998343 207.766472015 0.545539815978 0.409132852992 5.28644180481 285.992413511 321.399740978 288.363110188 0 1676.63040654 40.2357150756 307.776284634 22.7642849244 10.3695934586 53.6002590229
672 4.40836449485 44.5842582886 159.094558752 207.795546111 0.546040864606 0.698254852577 4.19444476692 286.765713405 321.564316718 293.158242807 0 1676.99546013 40.3327871354 300.25185442 22.6672128646 10.0045398744 53.4356832823
696 4.25663999879 45.1652132017 155.477559496 207.824520893 0.559076399431 0.925312245806 3.93566490946 286.755425552 321.551901331 289.555206484 0 1677.33726389 40.3024719633 296.894560057 22.6975280367 9.66273611404 53.4480986693
720 4.09194629803 46.6701572715 154.041197639 207.858409505 0.589786500257 1.31685768649 8.21750646663 282.017439841 321.130972731 266.226472632 0 1677.70325915 40.1278602713 298.382431526 22.8721397287 9.29674084671 53.8690272695
744 3.95081274888 44.1848944546 153.7151922 207.889514325 0.591840386767 0.782072825029 8.53668582047 282.199886643 321.375410419 264.764075791 0 1678.02722797 40.2489481085 290.960204413 22.7510518915 8.9727720283 53.6245895819
768 3.82124303805 38.3989085059 156.402893462 207.919462545 0.607425133001 1.01888137679 6.50665512086 283.947575825 321.356093741 263.206467683 0 1678.32315308 40.3830152605 281.78900134 22.6169847395 8.67684692325 53.6439062595
792 3.71080713864 37.9922916274 155.830374988 207.9459992 0.595305831362 0.2893483747 3.74384016788 287.425506426 321.561596614 266.12219083 0 1678.57434882 40.4047427161 275.62450919 22.5952572839 8.42565117886 53.4384033862
816 3.60045672281 40.5349208569 154.360070641 207.972735542 0.587594461853 0.525014759828 3.4131922941 287.501462942 321.433266328 259.727562805 0 1678.82141528 40.2819308425 267.492886519 22.7180691575 8.1785847234 53.5667336728
840 3.49913428682 34.1257316437 153.576524142 207.997872258 0.587313944475 0.639946409686 4.5870121917 286.187855196 321.48904456 256.29441634 0 1679.05436857 40.4853927082 267.138288983 22.5146072918 7.94563143131 53.5109554408
864 3.39897499145 36.9693667148 155.295263278 208.023560962 0.593240014907 0.80575787929 4.85464847159 285.722792672 321.145545769 238.40251601 0 1679.27734571 40.2958191303 264.146388005 22.7041808697 7.72265428665 53.854454232
888 3.30446797178 32.8608337579 154.043534335 208.048894501 0.605627996787 0.951877738166 2.77329455192 287.620305212 321.052284086 230.399776247 0 1679.49342811 40.424869749 258.943739491 22.575130251 7.50657188673 53.9477159148
912 3.21999060272 32.1805043183 153.086023352 208.072696444 0.620104919417 1.01347355162 3.85200926232 286.441715823 321.294603851 230.153320433 0 1679.68592033 40.4727241292 252.440436478 22.5272758708 7.31407967083 53.7053961494
936 3.14037994259 30.6785720586 145.940186274 208.096133835 0.619738916843 0.157848664668 3.43261505392 287.69366353 321.499771243 236.052542453 0 1679.86684189 40.5196984126 248.532840098 22.4803015874 7.13315811079 53.5002287576
960 3.06657788655 29.0419575372 146.843815942 208.117984041 0.606357819148 0.317216788788 3.47912096959 287.479320382 321.619414209 238.912835204 0 1680.03516334 40.6196372568 244.053971682 22.3803627432 6.96483665571 53.3805857914
984 2.99503017814 28.2736095948 151.552962112 208.139305587 0.598667610818 0.438338230176 2.51038467039 288.313303901 321.386347947 232.165407709 0 1680.1969771 40.6110083043 237.248749324 22.3889916957 6.8030228992 53.613652054
1008 2.92901908556 29.2535586504 147.660635107 208.159240083 0.594484012428 0.531024105775 4.0144213168 286.700830482 321.45040054 228.164368003 0 1680.34632101 40.592709388 236.870683028 22.407290612 6.65367899104 53.5495994601
1032 2.86400167089 31.5070814875 148.735340363 208.179245275 0.594435118123 0.648937776147 4.52513795406 286.052243876 321.424190275 220.25759006 0 1680.49391719 40.6142567708 232.858031675 22.3857432292 6.50608281335 53.5758097251
1056 2.80138981035 25.1676171042 147.147829573 208.199007279 0.598438031356 0.800559277154 5.80620005243 284.59579536 321.439970807 225.163130356 0 1680.63638742 40.7109413507 225.39368463 22.2890586493 6.36361258178 53.560029194
1080 2.74307472778 26.1541755252 147.583140642 208.218011168 0.606534073531 0.896155483746 2.72198347937 287.557315795 321.325592289 217.684719651 0 1680.76757693 40.6037688986 224.340859547 22.3962311014 6.23242307236 53.674407712
1104 2.68712441459 22.8335200157 152.97260924 208.236909376 0.616537080685 0.973351017296 2.48118829401 287.692014232 321.2819268 209.86713482 0 1680.89622907 40.8467681433 219.596763072 22.1532318567 6.10377092944 53.7180732005
1128 2.6389211902 22.8360512544 150.202890761 208.253786314 0.626754491118 1.02194597438 3.20760764626 286.889905574 321.337392447 210.792341859 0 1681.00552829 40.8364603998 214.2858193 22.1635396002 5.99447171304 53.6626075539
1152 2.59051733817 21.8917773248 147.795207348 208.271302206 0.628905418977 0.141455710734 4.99329981788 285.965036846 321.371611936 209.172917534 0 1681.11521356 40.8563385653 212.209701347 22.1436614347 5.88478644406 53.6283880641
1176 2.54360078509 21.6986159108 140.211308468 208.288373572 0.616847772495 0.214011887721 1.81368119083 289.067085577 321.629604659 212.156684796 0 1681.22116946 40.8318601817 216.350964913 22.1681398183 5.77883054018 53.370395342
1200 2.49703568052 23.0292864987 143.552816394 208.305321314 0.606481329096 0.271594491418 3.74626407007 287.070338795 321.464890317 210.481492583 0 1681.32569477 40.6949086096 210.569395062 22.3050913904 5.67430523341 53.5351096836
1224 2.45311345832 22.2682402777 144.887944339 208.321353484 0.59832336265 0.322970825549 2.36838785694 288.388964471 321.512276147 206.837433855 0 1681.4264632 40.8644983368 209.116897148 22.1355016632 5.57353680057 53.4877238535
1248 2.41176684579 20.8128531483 145.320580633 208.336527025 0.59219391575 0.395044727765 3.61885000793 287.057384323 321.451454982 203.971191381 0 1681.52093891 40.9878412356 207.765639995 22.0121587644 5.47906108871 53.5485450188
1272 2.37036214223 19.7949727468 145.218996408 208.351849219 0.587738516486 0.44017651356 2.05650994704 288.563725804 321.307509232 195.752649452 0 1681.61412547 40.9146120969 211.536283244 22.0853879031 5.3858745318 53.6924907685
1296 2.33132162621 21.320446209 146.899470959 208.366448745 0.584589102582 0.483550854765 2.18591390437 288.379497393 321.204028648 189.391107048 0 1681.70226775 40.8248039726 210.333378671 22.1751960274 5.29773225275 53.7959713525
1320 2.29241265015 21.0582265689 148.558348212 208.381178207 0.582509571904 0.532289213712 4.39808324695 286.10593976 321.120813164 181.830690769 0 1681.79047038 40.8483341288 208.348034028 22.1516658712 5.20952961897 53.8791868367
1344 2.25672651074 19.6400820796 147.128267047 208.39488088 0.582248370667 0.603685602917 2.06413583274 288.355049314 321.167964253 180.963828405 0 1681.87217262 40.9895778311 206.50328624 22.0104221689 5.12782738387 53.8320357471
1368 2.22317271363 17.8803317975 144.40216364 208.407972581 0.583126715212 0.630447634055 0.507826281374 289.870626788 321.196850115 181.666934646 0 1681.94867176 41.0830439352 206.753914214 21.9169560648 5.05132824266 53.803149885
1392 2.18917544784 20.2881540015 143.870296371 208.421466845 0.584572875892 0.663963294428 1.12263142829 289.207365556 321.210693145 180.617793619 0 1682.02472225 40.8711642398 202.207965903 22.1288357602 4.97527774887 53.7893068553
1416 2.15326933559 19.5344774137 146.195730235 208.435996388 0.587094002661 0.718146516282 2.18144262856 288.077320465 321.004074601 172.141698833 0 1682.10560006 40.8170596549 201.891415816 22.1829403451 4.89439994296 53.9959253996
1440 2.11955825365 17.136131657 144.62591201 208.44993291 0.590649615955 0.759560393814 1.93318806515 288.266669015 321.026482676 170.907288445 0 1682.18315365 41.0580824204 198.686383446 21.9419175796 4.81684635079 53.9735173241
1464 2.08846873883 17.3702336261 140.700462369 208.463068855 0.594711574681 0.78117610527 1.28724240647 288.873801059 321.228641983 175.625302766 0 1682.25382142 41.0704951229 193.737869572 21.9295048771 4.74617857988 53.771358017
1488 2.05940331459 17.3924591221 140.387321851 208.475613727 0.598812572406 0.798214749374 1.31932022276 288.808038728 321.314215394 177.156010377 0 1682.31989625 41.1090443398 191.014363356 21.8909556602 4.68010375143 53.6857846069
1512 2.03134473158 15.8124642416 141.014386179 208.487979129 0.603063095563 0.814287184013 2.22365696889 287.871013622 321.345331065 178.888911581 0 1682.38378625 41.1949223911 189.423477035 21.8050776089 4.61621374513 53.6546689352
1536 2.00283167371 17.341763698 139.188166062 208.500816058 0.607834980894 0.844607606519 2.2784324377 287.768308917 321.388498886 179.911160216 0 1682.44785987 41.0218038833 186.018434618 21.9781961167 4.55214013123 53.6115011147
1560 1.97237735026 17.8443938907 144.803114386 208.514852886 0.613850941429 0.907285150782 2.77843387314 287.185577149 320.994068691 166.73376132 0 1682.51589513 40.8378594093 187.711854574 22.1621405907 4.48410486608 54.0059313093
1584 1.94630080694 15.5363452313 141.5820772 208.527166966 0.619808908191 0.920101640319 2.50463074162 287.428291744 321.19311071 169.788678048 0 1682.57657666 41.1804400469 185.435305804 21.8195599531 4.42342334051 53.8068892906
1608.0 1001.92122843 15.8107127257 140.895274316 208.539278574 0.625733886906 0.943155870808 4.06093502983 285.830896638 321.198512597 170.973578395 0 1682.63326172 41.1343628793 181.352178271 21.8656371207 4.36673827553 53.8014874036
1632 372.321194636 5161.40457102 183.668593303 217.451987106 14.4728018351 33.0288960979 92.7153802204 142.33093474 275.140746819 891.502525597 0 1149.01059118 39.8554342115 365.209003967 23.1445657885 537.989408815 99.8592531812
1656 90.5599002895 3235.49141055 195.408269539 258.524916385 22.9841811253 46.3150660298 72.1918156377 99.9840208214 275.417614932 385.367105218 0 1483.14086351 39.0807992617 424.559849776 23.9192007383 203.859136483 99.5823850689
1680 34.7460985773 1097.60109424 180.296107101 285.167682009 12.6502351777 35.2894658386 62.9349075442 103.95770943 294.308481641 311.318306346 0 1605.13202885 39.1073559072 428.375460027 23.8926440928 81.867971143 80.6915183593
1704 22.0516290361 444.568242283 167.59381417 291.492689237 5.72295053301 14.8790146979 37.2877441533 150.617601379 308.928301601 314.903739015 0 1636.48093731 39.3717293195 426.041356417 23.6282706805 50.5190626895 66.0716983994
1728 17.3024670166 264.81061696 175.148314187 292.300422501 0.825987953985 11.559600483 30.0460031728 165.267985889 314.697309071 342.646376082 0 1647.77070063 39.6283773915 407.960166334 23.3716226085 39.2292993679 60.3026909298
1752 14.6432155528 199.266189399 177.603395769 292.599820489 1.0267867707 2.89347083179 22.5299784836 180.949943425 317.139267825 371.718026035 0 1653.87447602 39.7670528998 384.019106368 23.2329471002 33.1255239783 57.8607321754
1776 12.791372346 167.677704656 171.897510122 292.713352512 0.242583336955 1.50440947968 14.253867266 191.285787404 318.58880485 400.334129488 0 1658.05528809 39.8102083962 367.164086999 23.1897916038 28.9447119014 56.4111951507
1800 11.3503188317 150.905110411 174.596547302 292.778962949 0.480727467114 1.47039861557 12.5038504911 192.766060477 319.033406357 383.030900617 0 1661.29257743 39.8140221549 371.516235038 23.1859778451 25.7074225684 55.9665936435
1824 10.1613112128 138.586356006 175.99397138 292.866005852 0.575696062209 1.75792149019 13.6849766925 191.115399903 318.855151885 359.109211504 0 1663.95205872 39.7677295292 359.312473127 23.2322704708 23.0479412752 56.1448481159
1848 9.21745793421 119.508998134 171.721336178 292.957279373 0.659865785343 1.30728126183 11.2519079881 193.823665591 319.384356734 340.408674153 0 1666.10199525 39.8608346095 360.285169144 23.1391653905 20.898004744 55.6156432666
1872 8.49218689824 105.142445754 170.792100176 293.03872759 0.662411533706 0.528025281864 10.9236365813 194.847199013 320.065669166 350.95730389 0 1667.75268307 39.9258346689 349.344794579 23.0741653311 19.2473169264 54.9343308346
1896 7.85372468278 102.836764387 164.763345989 293.11758707 0.681935355453 0.596817808664 11.6712262869 193.932433479 320.219735975 347.021104085 0 1669.18329106 39.8770656314 338.11354386 23.1229343686 17.8167089369 54.7802640251
1920 7.29443682576 96.8701768541 165.586201175 293.19346374 0.681399449385 0.728572039112 12.027126802 193.369437969 320.202649919 329.486926722 0 1670.44651879 39.8888056093 328.908481603 23.1111943907 16.5534812028 54.7973500813
1944 6.80526495685 83.1739363258 162.931576623 293.266019475 0.703783495129 0.667139826639 8.32225832486 197.040798877 320.433691773 321.211934898 0 1671.55840545 39.9643806428 325.406832984 23.0356193572 15.4415945419 54.5663082277
1968 6.40723582215 74.8799322775 165.174625305 293.330135594 0.721209043798 1.12790502088 5.77846900359 199.042281337 320.589720986 310.784102094 0 1672.4621631 40.0024020035 328.375567332 22.9975979965 14.5378369003 54.4102790145
1992 6.05730005221 65.6079588033 164.652262765 293.390799574 0.7095699272 0.563401696699 8.10822105036 197.228007751 320.679941753 309.76612392 0 1673.2592302 40.1063662915 323.101181233 22.8936337085 13.7407697979 54.3200582473
2016 5.75117068817 60.5831658321 155.524738328 293.446115254 0.708331593594 0.177345005562 6.73302656977 198.935181577 321.299803662 314.78799399 0 1673.95639185 40.1936320068 327.504083105 22.8063679932 13.0436081412 53.7001963384
2040 5.46315216819 66.3388084551 160.143787493 293.499587521 0.684061427133 0.538655767623 4.78559187518 200.492103408 321.00104213 300.668897582 0 1674.59550173 40.0057129582 322.837074958 22.9942870418 12.4044982683 53.9989578706
2064 5.20295374707 63.6270520512 164.325437027 293.549538505 0.68367193059 0.807621249441 5.16286153884 199.796306775 320.691238 281.099955791 0 1675.18981314 40.0975599122 314.731143499 22.9024400878 11.8101868515 54.3087620004
2088 4.96383529796 62.3370034052 155.642523339 293.598197785 0.685993967611 0.294700239809 9.55496594617 195.866142061 320.989371298 277.877345134 0 1675.72814292 40.0518054701 310.692769867 22.9481945299 11.271857075 54.0106287024
2112 4.74637623963 53.8046840867 155.824368098 293.643799095 0.676360345062 0.717087159586 2.42451679939 202.538236601 321.1209868 275.820197986 0 1676.22352717 40.1467649601 308.152416757 22.8532350399 10.7764728274 53.8790132008
2136 4.5613180468 45.193864648 159.670471127 293.684344812 0.685697256009 0.97465695788 4.02810131343 200.627199661 321.206222954 278.655480797 0 1676.64930632 40.3611017393 301.764432171 22.6388982607 10.3506936738 53.7937770466
2160 4.39417061844 45.1681227728 160.32548748 293.722561546 0.67133124998 0.342896310793 7.73431077247 197.52890012 321.111361705 274.318439776 0 1677.02586615 40.3094171538 293.847406584 22.6905828462 9.97413384142 53.8886382957
2184 4.24203593888 48.4557934411 157.622227129 293.757691881 0.659854409059 0.56268225044 6.09014873954 198.929622719 321.190526394 269.818054141 0 1677.36730798 40.1942535185 288.373747666 22.8057464815 9.6326920165 53.8094736064
2208 4.09138769103 40.9474914142 154.183555678 293.793483691 0.661900563192 0.780307982368 2.69093958454 202.073368179 321.365619193 270.641981466 0 1677.71146996 40.354732156 283.979913788 22.645267844 9.28853004009 53.6343808078
2232 3.9561404587 38.9198813726 153.285781119 293.827065874 0.671319292527 0.92760392628 2.63045664642 201.94355426 321.482657893 266.343889987 0 1678.01778168 40.3759707317 285.34580867 22.6240292683 8.98221832019 53.5173421074
2256 3.82558488121 39.1959107762 154.10875362 293.861141153 0.673568460937 0.0449485823138 2.62985260631 202.790489197 321.385248507 259.835482048 0 1678.31229917 40.3372973594 280.429626497 22.6627026406 8.68770082934 53.6147514933
2280 3.70766896865 36.6875006423 152.577576083 293.892145486 0.648176495988 0.181178225753 0.989512749166 204.288987043 321.319966152 256.031162323 0 1678.58097146 40.409898303 275.449499257 22.5901016971 8.41902853309 53.6800338485
2304 3.59619861617 38.9705306249 159.188906341 293.921387026 0.630681179695 0.359351399573 4.00549792814 201.083082466 321.022060144 236.457617763 0 1678.83221765 40.3603096487 271.235202371 22.6396903513 8.1677823406 53.9779398566
2328 3.49309536786 34.5485178998 155.78259399 293.948691807 0.621600304617 0.451805783449 1.72997261525 203.247929489 321.085536177 236.287317601 0 1679.06699903 40.4347905761 265.758276936 22.5652094239 7.93300096555 53.9144638232
2352 3.40009884203 32.5401191083 149.355334909 293.973740583 0.616886057582 0.557609623849 2.77186633986 202.079897395 321.549231568 247.190178255 0 1679.27907237 40.5377614114 258.133995974 22.4622385886 7.72092762297 53.4507684328
2376 3.30937635491 33.1960935765 149.726698467 293.998748862 0.616917640317 0.676340632866 2.79166256611 201.916330298 321.398359798 241.7404001 0 1679.48321586 40.4542656379 254.287530306 22.5457343621 7.51678413182 53.6016402027
2400 3.22487958148 31.4921173237 153.457743033 294.022742258 0.62049925371 0.764789244469 3.49965407744 201.092315166 321.329543385 234.090915918 0 1679.67551511 40.5218292351 250.872899437 22.4781707649 7.32448488134 53.6704566156
2424 3.14522581161 28.6294937594 150.774893524 294.046145277 0.627779825154 0.871324777672 2.89790634144 201.556843778 321.349427843 230.15804541 0 1679.85677779 40.6178190528 250.973385961 22.3821809472 7.14322220983 53.6505721572
2448 3.07408958138 27.5470956379 148.197947958 294.067840544 0.637047686096 0.950318845554 4.69234251417 199.65245041 321.438290642 233.788589054 0 1680.01820338 40.6359675376 248.288934665 22.3640324624 6.98179661436 53.561709359
2472 3.00684783877 30.3798497776 154.242935566 294.089169559 0.649365791353 0.0755952682342 6.15091582056 199.03495356 321.160444427 222.929952309 0 1680.16963484 40.5340457301 242.169117813 22.4659542699 6.83036515598 53.8395555739
2496 2.9339789898 28.822079425 153.505970325 294.112729409 0.632365580571 0.270738658432 4.29431072505 200.689855627 320.839979689 206.549229566 0 1680.33354623 40.500334707 242.377123041 22.499665293 6.66645376637 54.1600203116
2520 2.8714918037 25.1967107859 152.010227892 294.132980639 0.622473577428 0.364673976717 0.703244829534 204.176626976 321.197731329 209.687973933 0 1680.47819667 40.784606527 238.009150871 22.215393473 6.5218033217 53.8022686717
2544 2.81251039697 23.5753547703 150.694268299 294.152241938 0.615265548328 0.4202620962 3.9452626759 200.866967741 321.225105756 211.370212289 0 1680.61199174 40.8115095226 233.108880618 22.1884904774 6.38800825124 53.7748942445
2568 2.75742473789 24.6656836217 148.927506149 294.170428656 0.611120545084 0.513823807147 3.8051506179 200.899476374 321.252698832 212.353536369 0 1680.73604177 40.7075668911 227.709288665 22.2924331089 6.26395822223 53.7473011687
2592 2.70429054226 23.5940960872 147.206457493 294.188236071 0.609576787702 0.603035917327 4.56728682035 200.031864403 321.394827943 214.909803837 0 1680.85726606 40.8168912055 222.759359077 22.1831087945 6.14273393773 53.6051720581
2616 2.65195268467 23.866004544 144.615721858 294.206117842 0.61077200655 0.68605857057 3.35925198638 201.137799594 321.602229917 217.960726152 0 1680.97509176 40.7403107672 220.11595996 22.2596892328 6.02490823939 53.3977700833
2640 2.60129907378 23.0193356575 144.004036835 294.223822643 0.613524026147 0.735251695033 3.13472031085 201.292681324 321.609168401 218.86683263 0 1681.09020211 40.7925242261 218.691896993 22.207475774 5.90979788088 53.3908315996
2664 2.54628451265 26.7682593312 149.971490205 294.243574301 0.61922910612 0.873103817416 5.36050443688 198.903588338 320.921819143 197.79603194 0 1681.21159417 40.441463578 215.582328797 22.558536422 5.78840582707 54.0781808572
2688 2.49613127677 23.9942596365 146.559177449 294.262177952 0.628005547447 0.951416946733 3.24258982868 200.915809724 321.0629727 192.81511938 0 1681.32709507 40.6161035545 214.728851441 22.3838964455 5.67290492668 53.937027301
2712 2.44892114026 22.8092416784 147.614699514 294.280301027 0.634950627955 0.0299440469448 4.88463288018 200.170171417 321.036758904 185.439101764 0 1681.43560709 40.8154053666 212.13914129 22.1845946334 5.56439290926 53.9632410969
2736 2.40862730643 18.7615497425 143.528975446 294.295924553 0.62098232202 0.0905234873496 0.862202496276 204.130367141 321.318045999 191.254299833 0 1681.52844796 41.0826487985 211.683954316 21.9173512015 5.47155203442 53.681954002
2760 2.36997711845 21.6604727111 141.487335538 294.310841153 0.608745663273 0.137377162432 1.73677814952 203.206257871 321.425653417 193.666650872 0 1681.61499617 40.8771934132 209.415699003 22.1228065868 5.38500382991 53.5743465831
2784 2.328463102 22.4297786553 147.415711319 294.32681761 0.596904932705 0.182679897963 3.06994348603 201.823654073 321.151872209 182.462165262 0 1681.70850641 40.7944342975 211.27013354 22.2055657025 5.2914935807 53.8481277917
2808 2.28694401796 22.367569319 141.6462963 294.342787031 0.586883882025 0.24931213613 2.4533573217 202.367659629 321.212123778 185.110745365 0 1681.8013743 40.6243542698 209.242056854 22.3756457302 5.19862569742 53.7878762231
2832 2.2473981272 22.8294516261 146.726510401 294.358035083 0.578880574197 0.296668497593 1.7024666617 203.063949183 320.979881552 176.263889861 0 1681.89163728 40.7026625462 205.424409636 22.2973374538 5.10836271236 54.0201184486
2856 2.20794109506 19.2575170988 145.605732413 294.373321304 0.572045171097 0.339463963266 1.03974856828 203.675420993 320.871826711 169.853675076 0 1681.98188543 40.8661559168 204.78971129 22.1338440832 5.01811457034 54.1281732898
2880 2.17266893659 18.6377835037 141.081502695 294.38707478 0.56687704269 0.384720848989 2.87671256347 201.784614764 321.187320709 176.319449526 0 1682.06208545 40.9065477298 201.337224884 22.0934522702 4.9379145457 53.8126792914
2904 2.13894076792 18.8432063499 140.131031723 294.40033425 0.563353738628 0.440131389118 1.54867467459 203.047505947 321.28451655 177.698738357 0 1682.13878755 40.9262650862 200.068131194 22.0737349138 4.86121244446 53.7154834502
2928 2.10483827176 19.0445143747 142.985358991 294.413882946 0.560767910443 0.466947363642 1.40507152023 203.153330259 321.012993229 169.563567088 0 1682.21532732 40.8076343069 201.914318043 22.1923656931 4.78467267566 53.9870067711
2952 2.07421165617 16.3770616325 144.143755019 294.426191009 0.55892063968 0.485866473905 1.84346846185 202.685553415 321.02585057 167.649001595 0 1682.28634652 41.1394813589 199.812130877 21.8605186411 4.71365347517 53.9741494308
2976 2.04513009634 18.0366793394 139.646128637 294.43801409 0.557613315092 0.507020754493 2.11164160681 202.385710233 321.187501122 172.704590854 0 1682.35157874 40.9366019339 195.912033949 22.0633980661 4.64842125502 53.8124988786
3000 2.01515187806 18.2542850157 140.376924967 294.450354319 0.556671579615 0.523952740994 1.58435632222 202.884665038 321.157584687 171.835788633 0 1682.41953503 40.9564731012 193.218234482 22.0435268988 4.58046496971 53.8424153134
3024 1.98475245342 17.4362727022 142.072427856 294.463040439 0.556248685623 0.552317154848 1.16465323174 203.263740489 321.071278781 166.918570863 0 1682.48847548 40.9517262911 191.641306627 22.0482737089 4.51152451705 53.9287212197
3048.0 1001.95553381 19.0681851934 143.300245713 294.475415705 0.556370740408 0.570570532472 1.65061832125 202.7470247 320.873922153 160.656310859 0 1682.5539969 40.774029953 189.210630598 22.225970047 4.44600309763 54.1260778478
3072 375.184183866 5211.33423333 181.212112459 299.549597579 8.23490360669 28.9903569009 56.1023264681 107.122815445 275.126270822 886.253953183 0 1146.75580132 39.8537801264 386.474988325 23.1462198736 540.244198676 99.8737291788
3096 89.7079041238 3392.43089172 182.706291446 330.251555712 10.9666069448 42.5485432551 54.3990015211 61.8342925662 274.625125546 365.546871978 0 1484.06903609 39.0603759283 457.162876252 23.9396240717 202.930963908 100.374874454
3120 33.4833778752 1150.65746437 179.693513768 347.872100039 7.37277126824 27.726498871 40.0244103322 77.0042194886 293.465638916 289.217290036 0 1607.65283728 39.0760661485 457.047007887 23.9239338515 79.3471627143 81.5343610849
3144 21.1667446512 431.943015709 170.833361327 351.344696082 2.67369532568 13.9603575096 29.0644147055 102.956836377 309.184595665 330.009184443 0 1638.46654363 39.3613089808 423.532960942 23.6386910192 48.5334563671 65.8154043361
3168 16.67809729 258.031668984 174.311189064 352.123616711 1.01905197908 4.66785863383 15.4823537658 126.707118909 314.825778952 339.971044787 0 1649.15873623 39.6143527536 405.577565986 23.3856472464 37.8412637663 60.1742210484
3192 14.2055685587 189.797193294 171.66500492 352.313255009 0.352733030475 0.576634686855 10.4699342038 136.287443069 317.593889862 377.406178913 0 1654.86557934 39.7907270601 397.971590187 23.2092729399 32.1344206564 57.4061101387
3216 12.4013754772 167.773413737 172.821485725 352.393417213 0.426677247289 0.894821382868 16.3730746907 129.912009465 318.217219895 379.111584256 0 1658.90887653 39.7677162434 380.587019869 23.2322837566 28.0911234644 56.7827801062
3240 11.0148761092 152.082799126 170.964403915 352.475889489 0.492933129688 0.969189615416 8.93921866052 137.122769104 319.165223225 381.46388979 0 1662.03879069 39.7884431435 364.660285145 23.2115568565 24.9612093114 55.8347767756
3264 9.93779887214 122.334829111 178.305421269 352.554353282 0.52741593816 1.00449794391 5.21595712742 140.697775707 319.668931048 382.363370919 0 1664.49099777 39.8923771179 354.490934742 23.1076228821 22.5090022319 55.3310689531
3288 9.05626444193 127.920486015 169.041067526 352.626434216 0.525614154855 0.920465654734 5.64020700146 140.287278972 319.601923281 354.564508723 0 1666.45361134 39.7822118305 354.089254424 23.2177881695 20.5463886574 55.3980767197
3312 8.3024158757 103.803000575 172.701396518 352.696014783 0.531495250766 0.689648873083 5.01375855035 141.069082542 319.962733278 346.005816967 0 1668.17361364 39.8960680337 347.580414451 23.1039319663 18.8263863555 55.0372667227
3336 7.689734386 94.3896176965 170.422928308 352.759178985 0.55888222721 0.210687023264 2.57184958338 143.89940218 319.997600757 323.656999575 0 1669.5640148 39.9583121543 347.80334653 23.0416878457 17.4359851971 55.0023992435
3360 7.18078230324 81.6123091801 168.156750213 352.815351644 0.540496928401 0.537333612014 5.87023947957 140.236578335 320.568072201 326.841686927 0 1670.72076378 40.0398778557 345.625508905 22.9601221443 16.2792362176 54.4319278
3384 6.72919631164 82.0104239562 164.763194194 352.868639158 0.558641228457 0.889216165451 4.23636035849 141.447143089 320.567459995 322.469126659 0 1671.73303633 39.9790320246 335.683987707 23.0209679754 15.2669636691 54.4325400056
3408 6.3168751985 75.8504904786 167.13596099 352.92347995 0.602070047709 1.19720154987 5.22309053983 140.054157912 320.237760477 301.424184294 0 1672.66350479 39.9878269324 331.931760885 23.0121730676 14.336495205 54.7622395233
3432 5.9708090586 69.8175826681 160.603726698 352.975211344 0.608046023168 0.520525846114 4.77933641548 141.11688037 320.782619663 304.427385714 0 1673.45028899 40.0361015271 324.322988275 22.9638984729 13.5497110117 54.217380338
3456 5.67175881398 62.5340949029 166.330583489 353.022087379 0.611433254599 0.770341293357 3.4121402588 142.183997813 321.084575101 305.37874768 0 1674.13440069 40.158790643 317.09272459 22.841209357 12.865599312 53.9154248999
3480 5.40721051153 58.1673072267 164.171397352 353.066447803 0.628364370498 0.940898404992 3.37201766258 141.992271758 320.818766014 293.995336506 0 1674.73164804 40.1672237868 315.366513303 22.8327762132 12.2683519609 54.1812339865
3504 5.1632793539 62.3465127332 161.150534767 353.110877426 0.658420257483 1.26690273832 7.62460987239 137.339189705 320.884082018 288.425881924 0 1675.27938335 40.0904946216 303.805660595 22.9095053784 11.7206166518 54.1159179828
3528 4.93465693372 55.8369999767 162.664527237 353.155926682 0.660024839464 0.610231047827 3.73007123927 141.84374619 320.712777551 278.000000133 0 1675.7976149 40.1320887994 296.804197339 22.8679112006 11.2023851015 54.2872224497
3552 4.73218312532 49.049227098 158.029436328 353.197442829 0.66312800729 0.780503153943 1.44123583085 143.917690178 321.029884264 280.111212855 0 1676.25840064 40.223467162 289.917818111 22.776532838 10.7415993616 53.9701157364
3576 4.5408477138 48.5006986461 163.357779678 353.238802055 0.674535312944 0.912469963087 1.06482837225 144.109364295 320.654793146 255.715098857 0 1676.69097483 40.2338570332 287.509737226 22.7661429668 10.309025167 54.3452068546
3600 4.36788095423 47.173275349 164.150277175 353.278519798 0.689690068849 0.990777817338 3.25209449804 141.788917817 320.461621943 243.762818907 0 1677.08074767 40.1940833348 280.141659583 22.8059166652 9.91925232698 54.5383780577
3624 4.21007801564 40.8864481286 157.274559149 353.317070583 0.707874437356 1.08106502483 2.960029101 141.933960853 320.81305994 242.990287539 0 1677.44309915 40.3735067289 276.060451928 22.6264932711 9.55690085203 54.1869400606
3648 4.07234809617 40.5936729043 156.590480451 353.352183172 0.691327773485 0.181340499654 3.98611270832 141.789035846 320.918109407 241.006219995 0 1677.75472179 40.3583385322 273.68099189 22.6416614678 9.24527821078 54.0818905935
3672 3.95197253069 37.8119437426 155.374375825 353.382838487 0.671777033269 0.285392016055 1.31358695161 144.346405511 321.084366674 243.219229186 0 1678.03013868 40.4741096103 270.130897657 22.5258903897 8.96986132071 53.9156333271
3696 3.83632337631 36.3459534178 152.974507149 353.412421387 0.657245796676 0.383439625848 1.57397167911 143.97292151 321.314802034 254.630013336 0 1678.29097779 40.4551057432 259.606581741 22.5448942568 8.70902220315 53.6851979664
3720 3.72262406839 39.0050374308 155.30499556 353.441832797 0.646840193265 0.457460653368 2.95410847221 142.499757884 321.223450683 245.708748824 0 1678.54621822 40.3516364893 256.162380708 22.6483635107 8.4537817758 53.7765493174
3744 3.60979317736 34.9203048061 153.546089342 353.471524095 0.640171723118 0.551717812274 3.43237426136 141.904212108 321.190547443 240.690729267 0 1678.80283479 40.4472131034 253.257201778 22.5527868966 8.19716520815 53.8094525581
3768 3.5055804208 35.4470545146 150.701798725 353.499597476 0.638348066847 0.653341684179 2.56037973075 142.648333041 321.365879588 244.698442191 0 1679.03792671 40.4052300786 245.154714024 22.5947699214 7.96207328352 53.6341204126
3792 3.40507196629 36.2083701784 147.583009781 353.527503319 0.641431019561 0.750320664409 2.63749652078 142.443248475 321.417246165 238.716392871 0 1679.26543522 40.4166609477 243.756885517 22.5833390523 7.73456477524 53.5827538354
3816 3.31139941459 31.6020867323 150.259120054 353.55446606 0.64823988966 0.874026781299 3.3900654351 141.533201833 321.289132948 234.536724802 0 1679.47858419 40.4856245622 239.759698777 22.5143754378 7.52141580635 53.7108670527
3840 3.22821332806 31.0321078245 149.873636886 353.579384246 0.657858233509 0.920685251703 0.756559880683 144.085512387 321.374840618 233.789985303 0 1679.66792922 40.5233613359 237.430597771 22.4766386641 7.3320707783 53.6251593831
3864 3.1484941836 31.4006357042 150.763488917 353.604246892 0.668125392058 0.968351334728 4.02228107765 140.736995303 321.382061929 227.93380397 0 1679.84830926 40.5143002133 237.316821989 22.4856997867 7.15169073655 53.6179380713
3888 3.07188501838 29.4563647149 152.192348401 353.629040271 0.665349378023 0.031965408089 1.21298293658 144.460662005 321.128662271 222.309828772 0 1680.02153152 40.5120364019 232.588050753 22.4879635981 6.97846847638 53.8713377302
3912 3.00516395343 26.1562167908 151.026562046 353.650626412 0.645790765052 0.0988539164823 2.87247781385 142.732251091 321.367741115 225.807807995 0 1680.17536784 40.7267526143 227.462089542 22.2732473857 6.82463215736 53.6322588862
3936 2.94296103309 25.5627815737 153.931771272 353.670633702 0.630043172287 0.161562817064 1.30550356616 144.232256742 321.162610572 217.433208016 0 1680.31659036 40.7906994271 226.600683656 22.2093005729 6.68340964214 53.8373894286
3960 2.88334319185 24.2020703219 150.702279285 353.689761623 0.616357842033 0.198297241943 2.68840117509 142.807182117 321.281525426 217.953444136 0 1680.45148702 40.7917480787 224.125105499 22.2082519213 6.54851298097 53.7184745747
3984 2.82277753398 27.6736186333 154.982603099 353.709187823 0.604117313915 0.261968590953 3.17882141531 142.245904856 320.845714851 201.068781053 0 1680.58639197 40.5445642199 220.018582444 22.4554357801 6.41360802355 54.1542851498
4008 2.76196681213 25.2211313573 146.879548052 353.728763406 0.595002730291 0.357988746576 0.714453017921 144.603792098 321.082118163 202.676267274 0 1680.72464498 40.6340263539 219.191168819 22.3659736461 6.27535501692 53.9178818376
4032 2.70458067254 23.436396442 143.271227821 353.747392538 0.588352041707 0.414397802369 3.15347847405 142.096379143 321.322146948 206.350989674 0 1680.85588759 40.7642655129 214.64198689 22.2357344871 6.1441124046 53.6778530525
4056 2.65180671568 23.9641713482 148.084721279 353.764716476 0.584036653831 0.458862983388 2.33095707093 142.861426815 321.412966426 205.6456874 0 1680.97577818 40.7872594252 209.557826751 22.2127405748 6.02422182006 53.5870335752
4080 2.59882099908 26.3361890928 148.31550535 353.782346556 0.58077020887 0.491042535565 2.63287820258 142.512962496 321.071363221 195.454376149 0 1681.09342962 40.5054121162 209.725261531 22.4945878838 5.90657038031 53.9286367796
4104 2.54899822104 22.2251560312 149.046551862 353.799181291 0.579095951448 0.554835281687 3.68833589696 141.378551578 321.031574381 191.242170556 0 1681.20847144 40.7743907343 209.96912662 22.2256092657 5.79152855821 53.9684256197
4128 2.50425061674 20.1397162915 146.504563671 353.814567532 0.579575877168 0.63354088866 2.35175883292 142.620556868 321.200510675 194.341210208 0 1681.31111193 40.967380055 206.419120858 22.032619945 5.68888806566 53.799489326
4152 2.45970836156 22.0635177891 144.341467593 353.830194164 0.581469471192 0.656527242759 1.17271818604 143.759090935 321.266466927 195.03731424 0 1681.41062228 40.7448065644 204.137304204 22.2551934356 5.58937771466 53.7335330741
4176 2.41887971462 19.5343868932 144.126202941 353.844818335 0.583514611613 0.676703838986 2.73749792744 142.157465286 321.386705678 197.794570676 0 1681.50487466 41.0037936145 202.063331747 21.9962063855 5.49512533344 53.6132943231
4200 2.37891566975 20.4854519039 146.606782788 353.859432774 0.586182224592 0.696710348376 1.28319972664 143.574474926 321.244020279 193.67326438 0 1681.59481113 40.8890402603 200.160908172 22.1109597397 5.40518886294 53.7559797221
4224 2.3372494176 20.253857626 144.01966406 353.875011861 0.589511780367 0.728308279544 2.02095103429 142.786217044 321.268240542 192.290372728 0 1681.68870913 40.83759067 196.506063234 22.16240933 5.31129086585 53.7317594592
4248 2.29701125296 21.3463687011 144.043399442 353.890417948 0.593421759752 0.751794970244 1.70682315213 143.057542169 321.197404156 187.220054747 0 1681.77913898 40.7131755077 194.072979902 22.2868244923 5.22086101564 53.8025958444
4272 2.25958834887 18.0995408422 148.017252839 353.90509009 0.597618802619 0.775107158468 1.18877127674 143.533412672 321.051011175 182.690624415 0 1681.86574139 41.0314825995 189.885364915 21.9685174005 5.13425860795 53.9489888262
4296 2.22437758375 21.3380861548 144.667388522 353.919218571 0.60185881432 0.78935402834 2.53262097164 142.156947614 321.086462548 178.492843802 0 1681.94460917 40.8145395799 187.944751856 22.1854604201 5.05539083022 53.9135374528
4320 2.18772633199 20.4906208499 144.605902702 353.934281008 0.607110926942 0.834234949472 1.00722043931 143.617152675 321.117519581 173.0743028 0 1682.02798878 40.8933187331 188.138153469 22.1066812669 4.97201121867 53.8824804197
4344 2.15224807768 18.0592957937 140.249555262 353.949238486 0.612724489022 0.851578763343 2.4779164721 142.108541789 321.204551199 176.374230265 0 1682.1086914 40.969322715 187.401087509 22.030677285 4.89130859656 53.7954488017
4368 2.11883789739 19.4525718371 144.982660254 353.963683655 0.618351513842 0.858369893392 0.816979915195 143.742615021 321.03700738 167.975871517 0 1682.18396187 40.8524630065 188.70360805 22.1475369935 4.81603813008 53.9629926209
4392 2.08338341984 19.9617072019 143.020623158 353.979412579 0.624479623438 0.870884204586 1.40690112716 143.118322465 320.827084187 162.98520567 0 1682.26337855 40.6966721101 186.124572445 22.3033278899 4.73662144975 54.1729158142
4416 2.0524217206 16.6099180219 142.721002165 353.993499486 0.629957850748 0.875265507254 1.60470260053 142.896574555 321.01586832 165.363570084 0 1682.33561198 41.0982067701 182.718046208 21.9017932299 4.66438801787 53.9841316807
4440 2.02474230962 16.7012194032 141.930315377 354.006381442 0.635053979628 0.888884382073 0.484229283635 143.985450912 321.120192586 165.995284577 0 1682.39867803 41.1818330847 179.491491338 21.8181669153 4.60132196622 53.879807415
4464 1.99811921934 15.3834516336 141.962517327 354.019039982 0.640145145432 0.90600675873 2.282529092 142.152279021 321.081877777 165.086045924 0 1682.45920885 41.2305572108 179.369066921 21.7694427892 4.54079115203 53.9181222235
4488.0 1001.97131557 15.6176881844 141.741289308 354.032063535 0.645675783179 0.925792280403 2.1313999507 142.26506845 321.035712528 164.749002675 0 1682.51966072 41.1573909239 175.39812607 21.8426090761 4.48033927434 53.9642874727
4512 375.197334994 5183.95077762 185.692094421 358.182605605 8.13959170345 19.3249022939 42.4817337889 71.8711666084 275.183713826 928.028250375 0 1146.82495245 39.8567263527 381.998989553 23.1432736473 540.175047545 99.8162861747
4536 90.5607807787 3322.54206766 186.929996618 383.294374862 11.2346557185 27.2477636931 34.5142126362 43.7089930892 275.102115416 387.358798389 0 1482.8461024 39.0715899748 441.170357908 23.9284100252 204.153897595 99.8978845847
4560 33.9860714734 1156.45037038 181.050616589 396.293942185 4.62903705555 15.3882053347 31.3017733482 52.3870420754 293.038608807 285.100022922 0 1606.46250592 39.0764421701 435.855721463 23.9235578299 80.5374940776 81.9613911942
4584 21.5033580711 439.024399103 173.893153494 399.390735244 1.6406483745 8.35336940679 21.9454042369 68.6698427368 308.970086053 304.707145635 0 1637.72910905 39.3713571683 407.566429138 23.6286428317 49.2708909456 66.0299139477
4608 17.0362405763 264.878557232 172.962020829 399.685903424 0.884593591226 2.33749663043 10.1548222758 86.9371840775 315.038156985 339.214468278 0 1648.38083527 39.6310061801 400.651635021 23.3689938199 38.6191647248 59.9618430155
4632 14.3218404607 208.222639825 166.231028501 399.929617437 0.964139091395 0.128150640598 7.44438413785 91.5337086929 316.674558513 345.176423636 0 1654.53270835 39.6810441268 389.036362818 23.3189558732 32.4672916483 58.3254414873
4656 12.4526418465 174.791492781 169.354562945 400.125538941 0.963592235376 1.77183663198 6.34731774917 90.7917144419 317.982022639 359.680511783 0 1658.78594529 39.7559471533 369.386163716 23.2440528467 28.2140547062 57.0179773619
4680 11.0771515481 140.482015409 171.890496817 400.297867638 0.991783502631 0.791221011366 7.05492544223 90.8642024054 319.267800467 372.961835107 0 1661.92505787 39.8794380773 361.902549304 23.1205619227 25.0749421214 55.7321995335
4704 10.0197439366 123.351699033 167.968613726 400.444498288 0.937995384871 0.490540282691 5.22426542423 92.9027006197 319.914651547 382.166680546 0 1664.3092847 39.9034050692 359.577465724 23.0965949308 22.6907152971 55.0853484535
4728 9.09488503665 117.787322904 169.363035286 400.578788624 0.929648690483 1.22659176508 4.69257696307 92.5723939564 319.630522807 352.711184914 0 1666.3698415 39.8277979961 361.359681133 23.1722020039 20.6301584954 55.3694771936
4752 8.36242526773 114.339450121 169.415043508 400.692160364 0.879700158059 0.754485052888 4.84763149413 92.8260229305 319.840854333 339.492402932 0 1668.03314601 39.8575334436 352.044623009 23.1424665564 18.9668539858 55.1591456676
4776 7.71586848562 102.876524337 170.469160052 400.798341133 0.870173865388 0.184640894647 5.57166502517 92.5751790811 319.903717354 324.554787323 0 1669.49469142 39.8834843565 340.145534279 23.1165156435 17.5053085737 55.0962826463
4800 7.18771713566 86.9664185994 162.751362358 400.888246838 0.830764739527 0.724201102005 4.79727189446 92.7595154257 320.487198037 329.484489038 0 1670.70094985 39.9964076094 331.08999295 23.0035923906 16.2990501465 54.5128019636
4824 6.73518237808 81.243804606 164.371514833 400.969461961 0.841503573682 1.16229218376 4.22776256912 92.7989797119 320.615342522 322.427479956 0 1671.71929727 39.9778503681 327.684147482 23.0221496319 15.2807027258 54.3846574784
4848 6.34424537146 73.1404753064 167.117485529 401.045931003 0.846910279458 0.452320973675 6.20475895522 91.4500787882 320.730551077 319.94095799 0 1672.6111257 40.0819639842 313.675658917 22.9180360158 14.3888742915 54.269448924
4872 6.00351641171 70.4164994129 159.626543395 401.115218981 0.831957986566 0.808249660885 2.45156554106 94.7930078296 321.068520672 322.866437162 0 1673.37973908 40.066540114 306.032561114 22.933459886 13.6202609117 53.9314793283
4896 5.68444532414 68.0554825443 160.23127878 401.183459736 0.835895208963 0.931078887567 2.01876077957 95.0308053874 321.057807616 309.90951623 0 1674.09688039 40.0327483358 298.8274922 22.9672516642 12.903119608 53.9421923846
4920 5.4175225691 59.3161756061 164.77586611 401.244131981 0.848069292954 1.0912137731 3.54596764548 93.270617307 321.046774407 304.096200434 0 1674.70868006 40.1622314887 295.316201092 22.8377685113 12.2913199324 53.9532255936
4944 5.18133109074 54.85240979 161.327740333 401.300078862 0.818322682696 0.331558025227 3.53216815897 94.0178722703 321.146241704 299.678753043 0 1675.24483667 40.2291335778 293.236458822 22.7708664222 11.7551633224 53.8537582964
4968 4.96128705225 52.557819776 161.399645273 401.352443446 0.792331923274 0.473660231491 2.53966044914 94.8419039491 321.154358445 295.582721656 0 1675.74061388 40.2073444346 285.603147215 22.7926555654 11.2593861106 53.8456415557
4992 4.75736118453 49.2183674855 162.898252118 401.401785853 0.776427817987 0.577621133011 2.39118735927 94.852977836 321.189557186 288.908292231 0 1676.2030309 40.2472678973 274.845929095 22.7527321027 10.7969690955 53.8104428147
5016 4.57824735713 49.0727424875 158.588985945 401.446214983 0.768444665374 0.699767243965 2.66769208786 94.4178810188 321.37882464 287.979517529 0 1676.60958877 40.2790519067 266.079856792 22.7209480933 10.3904112225 53.6211753606
5040 4.40621464481 47.4967932743 160.620020205 401.490318113 0.767757758833 0.788692746361 1.97618451203 94.977046869 321.265485321 275.914224633 0 1676.99687556 40.2474507454 262.340327207 22.7525492546 10.0031244337 53.7345146793
5064 4.25257222759 43.654233633 156.345230975 401.531236544 0.769796532211 0.835603729762 2.95593444091 93.907428752 321.268788098 274.010743075 0 1677.34583837 40.2946694839 260.462027922 22.7053305161 9.65416162445 53.7312119024
5088 4.108259511 41.8173826144 153.777969042 401.571242096 0.776110863468 0.940540983735 1.66545341975 95.0466526362 321.366752235 267.777396271 0 1677.67422642 40.3665141212 261.200815077 22.6334858788 9.32577357176 53.6332477658
5112 3.97391695874 43.3338668635 150.479869602 401.610160727 0.784827217732 0.965525402284 1.34141674835 95.2980699035 321.625705458 267.595224549 0 1677.97780005 40.363350843 257.627892853 22.636649157 9.022199947 53.3742945428
5136 3.8442400657 39.1315240398 153.46214924 401.649460997 0.795240919017 1.04805335895 2.88326467936 93.6239800453 321.37461558 262.156616178 0 1678.27121381 40.3706623353 253.739233246 22.6293376647 8.72878618926 53.6253844203
5160 3.71577886099 40.43358945 153.370053373 401.689509605 0.76908516013 0.124643092664 1.66138603468 95.7553761066 321.18668781 249.768142742 0 1678.55867547 40.2429345679 247.730178054 22.7570654321 8.44132452005 53.8133121906
5184 3.60029869698 33.4806184781 151.923661281 401.725245183 0.740826009631 0.193765844608 2.11983955597 95.2203234065 321.272843426 248.409178819 0 1678.82446856 40.4804522021 242.54757497 22.5195477979 8.17553143552 53.7271565742
5208 3.50479893138 36.0107369062 149.479678142 401.754702178 0.720696051837 0.261777645922 1.88876187686 95.3740622467 321.368494094 244.588359365 0 1679.04043596 40.4034370198 240.986494582 22.5965629802 7.959564038 53.6315059062
5232 3.40213316242 35.3361045585 148.861405326 401.78641537 0.702029088182 0.310702339497 1.10067729848 96.1001759029 321.245032135 236.780636564 0 1679.27070529 40.3331430049 241.611624889 22.6668569951 7.72929470869 53.7549678656
5256 3.30983044436 30.8570152257 147.861014099 401.815063306 0.687140150647 0.35746356105 0.988784139321 96.1515488426 321.435817865 239.868420339 0 1679.48287427 40.520705159 235.949281257 22.479294841 7.51712572439 53.5641821356
5280 3.23016596431 29.9798857101 151.719342982 401.839961164 0.675686540875 0.382897972737 1.46041454814 95.6410397738 321.26667604 228.406208731 0 1679.66424452 40.572317354 239.631770994 22.427682646 7.33575547913 53.7333239607
5304 3.15750135827 28.6938892084 150.181916711 401.862861275 0.666560648985 0.418252982043 0.675172350233 96.377152743 321.570972219 238.163328559 0 1679.83004516 40.6598395132 230.706048059 22.3401604868 7.16995483493 53.4290277814
5328 3.08516344536 28.1493803422 148.31581654 401.885892369 0.65871232342 0.454395181417 0.945602587566 96.055397538 321.559086679 237.082639642 0 1679.99320933 40.6348660558 227.397895579 22.3651339442 7.0067906631 53.4409133213
5352 3.01659845846 28.9668915729 150.226998967 401.907992027 0.652711809555 0.500254829406 1.09075420554 95.8482871281 321.567782906 236.162395282 0 1680.1480247 40.5888886484 222.477736103 22.4111113516 6.85197529836 53.432217095
5376 2.94965079346 25.858097002 147.818164151 401.929888214 0.64848331592 0.550339442694 0.21754780657 96.6537412202 321.582575593 236.989995155 0 1680.30073383 40.7137929165 219.061669649 22.2862070835 6.69926616632 53.4174244079
5400 2.87927601171 30.0616086568 152.628450411 401.953316294 0.645281712713 0.578279861004 2.62941896898 94.1937031628 321.058074761 214.567239554 0 1680.45658435 40.4214991511 217.940672123 22.5785008489 6.5434156417 53.9419252401
5424 2.8154689334 25.4583664911 146.737364524 401.974982363 0.6440815111 0.63064415397 1.73711051421 95.0131814566 321.327830666 214.985293324 0 1680.60428528 40.6844442654 217.064182667 22.3155557346 6.39571471041 53.6721693351
5448 2.75770150365 26.7273029288 143.858198366 401.995012969 0.644446622337 0.677434122631 1.61028080808 95.0728254775 321.478178098 216.764055528 0 1680.73457079 40.6089989992 214.465726072 22.3910010008 6.26542920806 53.5218219025
5472 2.70479771344 24.6218986256 150.423262872 402.013754654 0.645675023816 0.695076684544 1.3436689208 95.3018247166 321.381163092 213.286560321 0 1680.85585118 40.7651635802 210.167293965 22.2348364198 6.14414881591 53.6188369089
5496 2.65079356166 23.6301527521 146.823831717 402.033314021 0.647545471553 0.719924384429 1.17412118229 95.4250949405 321.359728007 210.198552726 0 1680.97753709 40.7332560216 209.205127018 22.2667439784 6.02246290528 53.6402719942
5520 2.59950141565 25.0352625661 148.092334796 402.052325399 0.649791059947 0.732009702065 0.938204658091 95.6276691797 321.240123293 200.722177011 0 1681.09348816 40.6703077493 210.318792134 22.3296922507 5.90651183404 53.7598767072
5544 2.54868361916 21.5337243215 150.244414051 402.071607106 0.652509787 0.753137907298 1.71100370023 94.8117414988 321.118951933 195.155490787 0 1681.20942862 40.8328909132 207.613823458 22.1671090868 5.7905713703 53.881048068
5568 2.50327749421 22.5105966935 145.113670436 402.089242488 0.655724689038 0.792592957428 2.19223130806 94.2702085564 321.255906933 197.735247964 0 1681.31223023 40.7842902502 203.183724662 22.2157097498 5.6877697668 53.7440930677
5592 2.4565704134 21.213318546 149.022217615 402.107827055 0.660108629588 0.840394256315 2.77504855167 93.6166215068 321.052544392 189.440328753 0 1681.41797066 40.8050578881 202.033729296 22.1949421119 5.58202933722 53.9474556091
5616 2.41404342991 20.0240061313 147.482628437 402.125183007 0.665077935688 0.855820986911 1.22389195862 95.130026111 321.169737993 189.429160761 0 1681.51547214 40.9576919488 199.139632958 22.0423080512 5.48452785091 53.8302620073
5640 2.37364051899 21.7406792129 148.992427614 402.142082336 0.669907475815 0.860734055489 1.60970091016 94.7175752214 320.93635165 182.028840376 0 1681.60604438 40.7844634699 197.366718833 22.2155365301 5.39395561586 54.0636483512
5664 2.33478945455 18.922334892 145.6323756 402.158724553 0.674658162022 0.86483843055 0.942910803223 95.3588680507 321.188184801 186.952607821 0 1681.69516937 40.9901697353 193.835533277 22.0098302647 5.3048306218 53.8118151998
5688 2.29829409047 18.5557449163 144.309305513 402.174722028 0.679310534302 0.886599929398 1.13342402396 95.1259434832 321.250593443 187.895684176 0 1681.77806303 41.0178968267 190.557466727 21.9821031733 5.2219369689 53.7494065581
5712 2.2625910955 18.8724088235 144.035128484 402.190732667 0.684188419107 0.893073347813 1.3390145383 94.8929910268 321.19225089 184.161027597 0 1681.85873255 40.9698323352 190.443048614 22.0301676648 5.14126744509 53.8077491108
5736 2.22697883387 18.8938322992 144.29804593 402.207074674 0.689268824985 0.900273910101 0.57139385239 95.6319887382 321.195031953 182.017315414 0 1681.93925104 40.9394230148 187.478634848 22.0605769852 5.06074895178 53.8049680478
5760 2.19139584165 20.41074608 146.946175481 402.223789523 0.694398422145 0.910084090492 0.832076354401 95.3396516088 320.945638763 170.77690628 0 1682.01938899 40.8335060983 187.635301013 22.1664939017 4.98061100912 54.0543612379
5784 2.15822840325 17.9544944087 141.650090802 402.239730526 0.699243482559 0.91295714221 1.98462830679 94.1634405415 321.135252651 176.265507599 0 1682.0953626 40.9934419445 184.907316688 22.0065580555 4.90463739603 53.8647473497
5808 2.12599874416 18.5733892888 143.209584599 402.255566801 0.70416386074 0.928758211674 2.08109594392 94.0304151821 321.019482184 171.23254992 0 1682.168182 40.9360098017 183.311662876 22.0639901983 4.83181799842 53.9805178169
5832 2.09350856845 19.8228153133 140.45083527 402.271894178 0.709489407368 0.946521883112 1.22203406069 94.8500604705 321.172974284 172.356935199 0 1682.24147438 40.8616753022 180.908866941 22.1383246978 4.75852561729 53.8270257172
5856 2.0603346828 17.8971334479 139.347944929 402.288961471 0.715193063618 0.953232224841 1.46454080107 94.5780724384 321.239472339 172.100981076 0 1682.31722011 41.0165668966 180.612537512 21.9834331034 4.68277988006 53.7605276622
5880 2.03202499651 15.7287039641 141.158997862 402.303855351 0.720109333111 0.955273218006 1.41381788731 94.6069442097 321.228244405 169.269937914 0 1682.38225657 41.2069935699 183.347217577 21.7930064301 4.61774342418 53.7717555957
5904 2.00339604311 16.6676175483 143.42098511 402.319234423 0.725011461339 0.952172164945 1.42296033577 94.5806216146 320.9602588 164.458000787 0 1682.44636663 41.0197471482 180.144858777 21.9802528518 4.55363336561 54.0397412005
5928.0 1001.97657745 15.1889391193 140.393217288 402.33393736 0.729626534141 0.963088739323 2.30298413882 93.6703632268 321.134131612 167.230757852 0 1682.50806621 41.2439085122 178.084032556 21.7560914878 4.4919337863 53.8658683884
5952 373.629851222 5140.1680497 180.418501587 406.063270276 4.41731335571 12.0783885485 29.6801604656 47.7608673531 275.152063839 868.713695503 0 1148.03298612 39.8655585685 394.709555293 23.1344414315 538.967013878 99.847936161
5976 90.5403690067 3266.59327363 190.234054593 421.810491975 8.27676665668 14.9409242236 17.9386714092 37.0331457351 275.285919139 395.986064231 0 1483.04016577 39.0766377582 439.873244592 23.9233622418 203.95983423 99.7140808611
6000 34.3502826908 1130.63041411 180.168911865 429.655365083 5.72133598313 9.22863210075 19.3862586907 36.0084081417 293.522484784 285.136380975 0 1605.81712903 39.0905321923 462.555428935 23.9094678077 81.1828709698 81.4775152162
6024 21.8105913462 432.200955347 175.315580332 432.192196091 1.51523570326 7.0049284129 11.1991271857 48.0885126059 309.117498108 317.050110998 0 1637.0681444 39.3837793405 445.513660006 23.6162206595 49.9318555991 65.8825018926
6048 17.2543707367 271.69154188 169.239047888 432.554251244 0.738957514004 2.40824482621 10.0361760779 54.2623703372 315.161818131 374.372698739 0 1647.86963701 39.6019880803 404.600999489 23.3980119197 39.1303629857 59.8381818691
6072 14.4937296103 214.874503103 172.851895649 432.772137337 0.8481239789 0.415726637344 4.43332017879 61.5306918666 316.997089424 378.602456178 0 1654.1534458 39.6795067466 392.691410156 23.3204932534 32.8465541985 58.0029105767
6096 12.5690270981 176.829962375 170.877622025 432.949666616 0.839850296137 1.12229999567 3.68393768333 61.4042454083 318.185142644 377.623597593 0 1658.52640356 39.7540096341 386.836375824 23.2459903659 28.4735964354 56.814857356
6120 11.1408356037 152.042150977 173.60537554 433.107727908 0.911106180152 0.513809315948 6.17210558995 59.2952510053 319.000628788 381.696483633 0 1661.75582243 39.7878424091 369.826638287 23.2121575909 25.2441775644 55.9993712127
6144 10.0505958742 133.953162962 170.678994649 433.246386414 0.898148486203 1.05727937208 3.89211678405 60.906068943 319.649187594 387.60684027 0 1664.22440188 39.8299676852 357.651862507 23.1700323148 22.7755981206 55.3508124069
6168 9.07349807943 131.549746491 164.968095583 433.386653251 0.913703898487 0.831427710781 5.96623029406 58.9019848448 319.43614336 346.804973481 0 1666.39895036 39.7416358827 363.688886268 23.2583641173 20.6010496398 55.5638566405
6192 8.31258970711 110.37109335 164.409054784 433.505454982 0.874348228695 0.317424875603 1.38094398274 63.92182793 320.11158353 349.937652024 0 1668.14503826 39.8566932312 355.183611713 23.1433067688 18.854961737 54.8884164707
6216 7.70221941454 92.2993965015 172.594566845 433.602307676 0.824164184404 0.514680860851 1.35056729824 63.70827998 320.157270711 343.505342378 0 1669.53538453 39.9497167322 344.440534954 23.0502832678 17.4646154651 54.8427292898
6240 7.18800913137 90.5938685013 164.410413005 433.686494815 0.804830178076 0.717559976534 1.54325094054 63.2478640886 320.617560902 341.818658552 0 1670.69485836 39.9415899422 333.035944776 23.0584100578 16.3051416316 54.3824390988
6264 6.73125947022 87.8468885501 165.361497066 433.765678263 0.808294545109 1.01196515496 5.15386515876 59.260196877 320.552772753 324.192840127 0 1671.7233212 39.919837036 332.185814686 23.080162964 15.2766787967 54.4472272469
6288 6.31902533385 76.2348277735 166.626650639 433.840767508 0.773668880339 0.534722865341 5.1870525555 59.6637881901 320.46828867 316.224877089 0 1672.65843302 39.9739990164 324.134605637 23.0260009836 14.341566972 54.5317113308
6312 5.98066305168 67.962598748 163.816777342 433.904136139 0.764505581038 0.73737223742 2.01462889633 62.5793571452 321.013920808 319.370597375 0 1673.43367771 40.1055177854 315.259452859 22.8944822146 13.5663222911 53.9860791928
6336 5.68312895683 67.519235119 162.450419455 433.962611895 0.764093316069 0.790274563862 1.73318099 62.7498392341 320.999082846 316.658763281 0 1674.10205112 40.0409498626 304.069272259 22.9590501374 12.8979488762 54.0009171543
6360 5.38848317178 64.9973173611 157.906234286 434.023812822 0.769924071138 0.892965038529 2.53662215016 61.7766759174 320.914983831 298.621643995 0 1674.76478638 40.024888836 304.355409833 22.975111164 12.2352136132 54.0850161694
6384 5.13325142311 59.0302323717 157.796579587 434.08018582 0.779348955892 0.927008075618 2.01493329856 62.1985238493 321.087489584 298.307620844 0 1675.34564656 40.0764901657 295.721436597 22.9235098343 11.6543534405 53.9125104167
6408 4.92267040088 49.8126085891 162.015677457 434.129388048 0.776140862882 0.0205355172522 0.781042044701 64.2928935267 321.165972798 297.058909678 0 1675.83164595 40.287566209 287.32622529 22.712433791 11.168354046 53.8340272027
6432 4.7283535847 52.3853390113 160.303007748 434.174970351 0.734159007081 0.0992881456544 1.54508536956 63.4464971253 321.145722495 281.993863144 0 1676.26799888 40.216576476 285.354626872 22.783423524 10.7320011183 53.854277505
6456 4.54216788508 50.1373226477 158.691115761 434.218148548 0.70021808225 0.190154738537 1.25770532719 63.6337733034 321.055994651 271.782206493 0 1676.68694803 40.1717900952 284.331098028 22.8282099048 10.3130519643 53.9440053492
6480 4.36511836336 44.8317179316 152.79916614 434.259069202 0.673472748692 0.304651591588 1.86718231631 62.8956241404 321.333689158 275.783404267 0 1677.09101744 40.3116569433 277.194330501 22.6883430567 9.90898255511 53.6663108428
6504 4.21779535102 42.7442907934 154.765065538 434.29331995 0.657824655885 0.413700064682 0.943747027411 63.6914083012 321.344704478 276.233817824 0 1677.42526598 40.318023002 267.58547249 22.681976998 9.57473401507 53.6552955229
6528 4.0875912699 39.9083077235 154.835914229 434.324005919 0.64740241087 0.451624746699 0.866215672957 63.7107512492 321.761545482 279.97217186 0 1677.72430638 40.4940998565 264.919807767 22.5059001435 9.27569361229 53.2384545187
6552 3.96231191151 36.5349122028 153.341863698 434.354043241 0.639873887976 0.521744470168 1.69427629992 62.7900621 321.948464463 289.07852571 0 1678.00696809 40.4888224762 258.19406407 22.5111775238 8.99303190223 53.0515355371
6576 3.8368305296 41.7221767415 152.179099856 434.384816561 0.635529708858 0.567132278092 0.661531519732 63.7509899311 321.707050668 281.100507111 0 1678.28537347 40.2489481414 251.539519747 22.7510518586 8.71462652667 53.2929493324
6600 3.71247643949 37.6567820226 158.621213433 434.416151843 0.632897149015 0.608447127434 1.70346954643 62.6390343328 321.15921119 255.538509519 0 1678.56813535 40.3338790353 256.2513231 22.6661209647 8.43186464341 53.8407888107
6624 3.60658980477 37.4463348258 156.749006414 434.443616122 0.632852544462 0.641701993137 0.373292018659 63.9085373211 321.210182521 246.105486877 0 1678.81013999 40.416225997 254.37265445 22.583774003 8.18986000443 53.7898174795
6648 3.4956362343 38.6594522659 154.731606647 434.473294436 0.633749768752 0.664179290145 1.27892686708 62.9498496369 320.920954246 229.930753244 0 1679.05744286 40.2583218937 252.979239646 22.7416781063 7.94255713846 54.0790457548
6672 3.39316746045 33.5590767851 152.0745317 434.501612177 0.63542538191 0.677003524677 1.05863357702 63.127325338 320.934442657 220.098385269 0 1679.29273687 40.4279421086 254.053088418 22.5720578914 7.70726312725 54.0655573433
6696 3.30244701814 34.6947835007 146.938590292 434.527484904 0.637766031522 0.717852328649 2.52842215619 61.5884745792 321.101508466 220.020049807 0 1679.4978482 40.4040672302 254.177713013 22.5959327698 7.50215179378 53.8984915348
6720 3.21958957572 29.1114794939 150.341826676 434.551864517 0.641646366577 0.748099308147 0.853774132598 63.204615675 321.301025684 225.32632826 0 1679.68842731 40.6061309975 248.975602135 22.3938690025 7.31157268472 53.6989743159
6744 3.14141247756 29.5669061689 152.294917006 434.575598414 0.6458092144 0.766165435554 1.12298893169 62.8894380033 321.106487563 219.935177089 0 1679.86465676 40.5468562678 245.313290272 22.4531437322 7.13534324112 53.8935124377
6768 3.07038177417 28.4561650017 153.108371808 434.597827429 0.650158720891 0.778484436245 1.24045214706 62.7330772664 321.191626801 219.704669002 0 1680.02666866 40.6376205612 240.222863774 22.3623794388 6.97333133499 53.8083731999
6792 3.00133727585 28.2578211008 151.77555917 434.620086908 0.654897581428 0.805365008645 1.3143164131 62.6053340875 321.235729962 217.492633967 0 1680.18216403 40.5674478189 236.504063754 22.4325521811 6.81783596896 53.764270038
6816 2.93080647119 27.3007467886 150.535298054 434.643547968 0.660618278217 0.821188589819 0.503379394841 63.371265768 321.126617481 213.145323213 0 1680.34208014 40.6063497928 231.331487921 22.3936502072 6.6579198595 53.8733825195
6840 2.86757672945 28.7494766186 145.104846414 434.66524652 0.665975127955 0.843520025027 2.49366515796 61.331593168 321.309016401 211.51582582 0 1680.4859875 40.6398072353 232.454140919 22.3601927647 6.5140124982 53.6909835998
6864 2.80395128515 28.9368393993 143.540990596 434.687761015 0.671873021142 0.840889063318 0.589743669157 63.2097332306 321.313173198 211.286333882 0 1680.62802373 40.4580694165 231.862573245 22.5419305835 6.37197626434 53.6868268024
6888 2.73701758794 29.3157087326 149.972354895 434.712221866 0.67808028187 0.855912018814 1.80977989731 61.9440059351 320.922334917 197.617284147 0 1680.77836441 40.3740227324 228.52315484 22.6259772676 6.22163558435 54.077665083
6912 2.6772074032 23.9758383866 146.307150591 434.734796758 0.684292957549 0.877287861955 1.82148142496 61.8821409969 321.071860865 196.718143177 0 1680.91766781 40.7495227111 227.510329156 22.2504772889 6.08233219042 53.9281391349
6936 2.62204768267 23.3799018918 146.992080171 434.756263718 0.690613217417 0.897447635234 1.71410192641 61.9415735023 320.972568882 191.237018527 0 1681.04227862 40.711348435 223.753384178 22.288651565 5.95772137911 54.0274311188
6960 2.57209179496 21.0055015511 144.335251333 434.776278598 0.696727349909 0.908613567104 0.475631061914 63.1427494218 321.256498562 196.425365094 0 1681.15713613 40.922657015 220.317425922 22.077342985 5.84286386922 53.7435014387
6984 2.52307777985 24.8408213006 146.242444741 434.796473516 0.702784195368 0.913015017341 1.24994474859 62.3377825215 321.163211492 192.124405727 0 1681.26654043 40.6753853228 216.20001016 22.3246146772 5.73345956201 53.8367885084
7008 2.47091295686 24.2759017119 145.789901308 434.818601499 0.709415308553 0.914857151319 0.180838271838 63.376287768 321.027412365 185.123173954 0 1681.38420215 40.6223917397 214.491545653 22.3776082603 5.61579784643 53.972587635
7032 2.42563168725 20.313230496 144.818016847 434.838360526 0.714977036577 0.916955004222 0.889014068542 62.6406933637 321.150975962 182.854009217 0 1681.48870617 40.8961717279 217.814358119 22.1038282721 5.51129382707 53.8490240388
7056 2.38400190598 20.9704653957 145.444904099 434.85699271 0.720020670139 0.907218287941 0.51064891867 63.0051194122 320.967358248 179.299037083 0 1681.58247058 40.7961291273 216.177031734 22.2038708727 5.41752941236 54.0326417522
7080 2.34461292898 19.1772799594 142.606854546 434.875043823 0.724588826419 0.903287752483 1.06032180586 62.4367577914 321.320023004 187.337314421 0 1681.67289935 40.9819361404 212.797529901 22.0180638596 5.32710064377 53.6799769968
7104 2.30582579375 19.8679379952 140.022134283 434.893230758 0.729076052397 0.909796922566 1.59043601938 61.8774602469 321.458622333 189.984050902 0 1681.76034725 40.9006329072 213.612172333 22.0993670928 5.23965274805 53.5413776677
7128 2.26922570506 18.5649882559 145.231325336 434.91078086 0.73339639202 0.910926078287 1.06738898049 62.3775076882 321.234181547 187.127780818 0 1681.8438176 40.9980760009 211.479251459 22.0019239991 5.15618239594 53.7658184529
7152 2.23429906236 19.1842281099 149.368134937 434.927893287 0.737630963441 0.924890488343 0.472518746877 62.9370665134 320.976252103 175.460889747 0 1681.9231901 41.0313608527 210.498513989 21.9686391473 5.076809898 54.0237478972
7176 2.20051462905 18.0943913405 148.761640087 434.944799438 0.741784593238 0.917894452681 0.893420798718 62.5021007162 321.009421383 172.438098476 0 1681.99965918 41.01935903 208.710378592 21.98064097 5.00034082115 53.9905786179
7200 2.16472043935 21.0933392199 144.082292275 434.963101073 0.746190613427 0.929979296096 1.38296331319 61.9777657036 320.871656708 168.228323094 0 1682.0787011 40.651411133 207.079644266 22.348588867 4.92129889636 54.1283432922
7224 2.12954343674 17.8305975453 140.417114016 434.981493948 0.750662941499 0.936038047819 1.88194158755 61.449863474 321.173857594 176.141187493 0 1682.16026435 40.9872959117 201.694436092 22.0127040883 4.83973564356 53.8261424066
7248 2.09610580587 19.3175897017 141.226726973 434.99936883 0.755336396268 0.959133944453 1.29352856669 61.9926322621 321.103196751 172.016594618 0 1682.2358459 40.9317165309 198.600791027 22.0682834691 4.7641540933 53.8968032498
7272 2.06316860874 19.1672977866 141.936445089 435.017370779 0.76009373075 0.953491316008 0.762568824171 62.5064753495 320.960219864 165.87471407 0 1682.31010062 40.8383078862 198.592472389 22.1616921138 4.68989938047 54.0397801362
7296 2.03141247097 19.1660586216 145.354882028 435.035108197 0.764540552277 0.95072452401 0.195584735644 63.0540419906 320.871397021 159.392349721 0 1682.38220128 40.8403956527 194.775862116 22.1596043473 4.61779871444 54.1286029792
7320 1.9998450946 18.400526266 139.980115089 435.053119273 0.768791028848 0.950134415653 1.63794201542 61.5900132659 320.965547111 159.828761305 0 1682.45385517 40.8762760687 195.056714013 22.1237239313 4.54614482374 54.034452889
7344 1.97025062835 17.3011690894 139.713150619 435.070358125 0.772896238562 0.953473608689 1.00223696649 62.20103506 320.960688276 159.650647611 0 1682.52115877 40.9246637634 192.495411714 22.0753362366 4.47884122542 54.0393117243
7368 1.94133292367 17.2077385149 138.870566231 435.087543136 0.776735202028 0.94500830459 0.378789940098 62.8119234167 321.041982777 161.654137003 0 1682.58667996 40.9099702095 189.098364165 22.0900297905 4.4133200401 53.9580172229
7392 1.91506960677 15.0409895244 140.863903312 435.103447232 0.780068290578 0.937400170585 0.646471958638 62.5326123469 321.127927526 161.747968387 0 1682.64738634 41.213124658 188.837121706 21.786875342 4.35261365462 53.872072474
7416 1.88990772352 16.3264000867 138.76526838 435.11895363 0.783140472064 0.934657673175 0.868041131316 62.2952070929 321.051739788 158.94552542 0 1682.70408305 41.1004106499 189.580759203 21.8995893501 4.29591694719 53.9482602125
7440 1.86526989272 15.4040724079 140.642484228 435.134397877 0.786131573214 0.93786864044 1.06779539222 62.0738065166 321.0250528 156.73329416 0 1682.76038531 41.2238387964 187.446654803 21.7761612036 4.23961468418 53.9749472003
7464 1.84048215297 17.2303888711 140.368644067 435.150204172 0.789203788476 0.941215295904 0.290177889104 62.8291988541 320.972815564 154.099494162 0 1682.81576543 40.9527565849 184.455865814 22.0472434151 4.18423456747 54.0271844364
7488 1.81556030153 16.1267325659 138.951790353 435.166374558 0.792204186439 0.933186773873 0.558577123733 62.5496573568 321.050920351 154.11513357 0 1682.87260158 41.0526563951 184.539874279 21.9473436049 4.12739841693 53.949079649
7512 1.79253371728 14.8770885489 138.870658101 435.181567523 0.794826146945 0.926836016186 0.74380279206 62.3529675206 320.976208873 149.237045224 0 1682.92539845 41.2508763534 186.659484569 21.7491236466 4.07460154783 54.0237911271
7536 1.77082504926 15.022497756 140.394492308 435.196116423 0.797242996978 0.930373457531 0.855823376744 62.220443745 320.952844554 147.983106031 0 1682.97445208 41.1560738672 183.847085906 21.8439261328 4.0255479122 54.0471554466
7560 1.74965968156 15.1562843043 139.398713587 435.210517525 0.799657375117 0.933913837968 0.952594608414 62.1033166529 320.981831909 146.425727166 0 1683.02260418 41.2191331151 183.139940592 21.7808668849 3.97739581782 54.0181680913
7584 1.72812540956 13.802316827 142.275348199 435.225394995 0.802109250694 0.931615226095 1.09372386642 61.9471566606 320.737960746 139.918813262 0 1683.07138791 41.2409381408 183.478337584 21.7590618592 3.92861208254 54.2620392542
7608 1.70846637821 13.8990661518 136.807930482 435.239179813 0.804362530881 0.936251940811 1.1340754451 61.8861302691 320.998153097 145.221090983 0 1683.11635834 41.3441871565 180.886660795 21.6558128435 3.88364165396 54.001846903
7632 1.68740610963 16.8806459364 140.4114613 435.254167806 0.806761573422 0.93431530097 1.27556271366 61.729192605 320.776111998 137.963973706 0 1683.16287296 40.892837389 178.423171732 22.107162611 3.83712704112 54.2238880025
7656 1.66566229911 15.3785138226 143.509179763 435.269886535 0.809172018034 0.932560267442 0.468413508556 62.51996767 320.542570087 129.172991667 0 1683.21241201 40.9758606657 177.06242753 22.0241393343 3.78758798466 54.457429913
7680 1.64647384107 12.540752517 141.592413726 435.283968538 0.811263293704 0.927674923482 0.540491146352 62.4366020976 320.618825991 129.520996027 0 1683.2570564 41.4168537489 174.78124162 21.5831462511 3.74294359421 54.3811740093
7704 1.62828653026 14.0411359279 139.433047628 435.297501352 0.813160083631 0.923355497966 0.567463786075 62.3985192792 320.648828117 127.514498673 0 1683.29791583 41.2259654422 174.567143903 21.7740345578 3.70208416603 54.3511718833
7728 1.60937315283 12.7513651927 134.357562948 435.311768932 0.815074948316 0.926502785816 1.63215664008 61.3144966931 320.930020276 135.928855365 0 1683.34102753 41.3338671802 171.456910206 21.6661328198 3.65897246504 54.0699797243
7752 1.59153701893 14.7862421176 139.598386643 435.325409787 0.816901242121 0.922380965621 0.661624321129 62.2736836829 320.747170194 129.422296171 0 1683.38099971 41.1035145859 171.429404746 21.8964854141 3.61900028606 54.2528298059
7776 1.57338306043 14.1555405175 139.181762222 435.339482649 0.818692688638 0.920391876701 0.71674713438 62.2046856506 320.727085898 129.112924271 0 1683.42226442 41.1227218359 168.475804117 21.8772781641 3.57773557684 54.2729141029
7800 1.5556896606 12.6848209726 136.539675336 435.353385154 0.820370852821 0.915486705562 0.7626793611 62.1480779259 320.829287391 131.449305515 0 1683.46273949 41.2850368064 166.632624813 21.7149631936 3.53726051102 54.1707126094
7824 1.53969016467 13.0292786065 132.761560233 435.366117545 0.821792134531 0.909401330847 0.722009551727 62.1806794374 321.06254688 137.931156778 0 1683.49916352 41.2803164162 164.85296179 21.7196835838 3.5008364742 53.9374531201
7848 1.52398984481 12.3499284084 135.828221039 435.378762073 0.823100482782 0.904493272745 0.670914511287 62.2227296591 321.034932189 137.600340253 0 1683.53505611 41.4221014556 164.146145547 21.5778985444 3.46494388388 53.9650678113
7872 1.50900632309 11.3501137936 135.441713902 435.390969834 0.824298625194 0.904052084569 0.577009120535 62.3036703352 321.148917174 139.921027666 0 1683.56925881 41.5518351845 163.48351446 21.4481648155 3.43074118988 53.8510828261
7896 1.49356788179 11.8695059474 135.786197951 435.403694281 0.825502636998 0.90074544472 0.525631027199 62.3444266094 321.093025022 140.830575902 0 1683.60395811 41.391239223 160.888267213 21.608760777 3.39604188617 53.9069749781
7920 1.47809088522 11.4602746206 134.652529308 435.416601538 0.826635308253 0.895026208682 0.491242779355 62.3704941644 321.011666764 137.766198551 0 1683.63922526 41.4728154752 161.367125407 21.5271845248 3.36077473182 53.9883332365
7944 1.46236281053 12.2218135768 135.817262575 435.429874969 0.827702303875 0.891519706648 0.478207356803 62.3726956631 321.004166561 135.575190298 0 1683.67468183 41.3257561883 159.861734763 21.6742438117 3.32531816937 53.9958334393
7968 1.4475004462 13.7156667406 138.837498977 435.442565102 0.828657357281 0.889610892097 0.417702739141 62.4214639086 320.719708347 125.670689444 0 1683.70843429 41.3169670805 159.414453186 21.6830329195 3.29156570564 54.2802916531
7992 1.43256264784 11.643352196 136.036430652 435.455466213 0.829579920646 0.88890981917 0.369146585851 62.45689746 320.85154338 126.866686523 0 1683.74241286 41.3842445688 159.009874917 21.6157554312 3.25758714001 54.1484566208
8016 1.41927804656 11.3301638243 135.882945818 435.467065111 0.830374623342 0.884157353124 0.231792497933 62.5866104138 320.802220827 125.017156099 0 1683.77287853 41.535665192 157.638281807 21.464334808 3.22712146467 54.1977791733
8040 1.40375543386 12.0947177246 135.889509255 435.480769823 0.831212635485 0.881829389151 1.24352765341 61.5626604977 320.758381492 122.189987846 0 1683.80743069 41.224880309 156.319033607 21.775119691 3.1925693032 54.2416185084
8064 1.38994435887 10.8577662749 131.674495089 435.493103025 0.831936350418 0.880197075022 1.15208638111 61.6426771675 320.973998633 127.86968558 0 1683.83933674 41.51528439 155.063858883 21.48471561 3.1606632531 54.0260013674
8088 1.37698947899 11.0075480232 132.888819323 435.504793306 0.832601609688 0.878840971113 1.01203705543 61.7717270567 320.983197659 128.861206336 0 1683.86871234 41.4686487474 153.849406341 21.5313512526 3.131287661 54.0168023409
8112 1.3617188911 11.5419409785 137.047568662 435.518727321 0.833375082678 0.878680859394 1.03303968402 61.7361770522 320.662733284 121.045273254 0 1683.90294361 41.2838891374 152.69576172 21.7161108626 3.09705638816 54.3372667165
8136 1.34924705681 10.363380019 134.855813237 435.530233451 0.833969204975 0.874977949778 0.882506525093 61.8783128678 320.856483524 123.964538709 0 1683.93184951 41.5922197984 150.599673548 21.4077802016 3.06815048442 54.143516476
8160 1.33633471521 10.5473501007 136.089332701 435.542267105 0.834570241171 0.875522951454 0.761316056449 61.9863236448 320.671502573 119.057625831 0 1683.9609978 41.5106372357 148.56999706 21.4893627643 3.03900219194 54.3284974277
8184 1.3240659417 10.6824396831 135.271894104 435.553817191 0.835108295168 0.870806410037 0.614626293253 62.1256418099 320.66821299 115.281776601 0 1683.98893217 41.516963913 148.579504451 21.483036087 3.01106783096 54.3317870101
8208 1.312431872 9.91769519272 136.175853121 435.564875579 0.835565114188 0.867513920715 0.428684602808 62.3033607824 320.700628106 114.248753974 0 1684.01551934 41.6702086318 147.619978374 21.3297913682 2.98448065503 54.2993718949
8232 1.29996860268 11.8887986334 134.733739333 435.576837786 0.835997979471 0.863949360581 0.308811336371 62.4144035368 320.657114352 113.171532908 0 1684.04310659 41.1929035855 145.709396309 21.8070964145 2.95689340411 54.3428856485
8256 1.2873801747 10.9395166921 134.976203957 435.589043011 0.836372225193 0.85962645532 0.207760996221 62.5071973113 320.578117111 111.168102597 0 1684.07188896 41.3456702804 143.858001395 21.6543297196 2.92811103589 54.4218828892
8280 1.27593115454 10.2040140624 132.82537333 435.600251951 0.836648392288 0.85646876584 1.0314169154 61.6752139747 320.720575272 111.990054448 0 1684.09817989 41.5299097805 144.034804047 21.4700902195 2.90182010394 54.279424728
8304 1.26521842279 9.65303083841 132.415663023 435.610834834 0.836904306877 0.856120286571 0.803423404732 61.8927171667 320.736067453 112.607218868 0 1684.12272413 41.6861560177 142.251063014 21.3138439823 2.87727586873 54.2639325477
8328 1.25509908468 9.96591185586 134.246590589 435.620917095 0.837145551888 0.857580981693 0.534980915327 62.1493754552 320.676786454 109.117270911 0 1684.14578071 41.709027379 140.518431508 21.290972621 2.85421928699 54.3232135462
8352 1.24439206421 9.44493453893 135.910374857 435.631676989 0.837398667935 0.856069913863 0.321478496088 62.3533759318 320.492195968 103.850496605 0 1684.17001521 41.7101518008 139.832521933 21.2898481992 2.82998478302 54.5078040321
8376 1.23396861965 9.15541718849 137.737271603 435.64224417 0.837610166675 0.85289254229 0.0970257761339 62.5702273439 320.385168697 97.8570213695 0 1684.19377593 41.7909640567 139.176737395 21.2090359433 2.80622406999 54.6148313035
8400 1.22450449734 8.87405464891 132.362657416 435.651918464 0.837751478728 0.848331912661 0.810227480622 61.851770663 320.620411859 102.782669586 0 1684.21539988 41.8949144677 137.547242432 21.1050855323 2.78460011847 54.3795881418
8424 1.2148863486 8.84978475275 135.1755665 435.661828636 0.837869963039 0.845824575458 0.536335945809 62.1181408787 320.436906656 97.6188051993 0 1684.23720526 41.8779112265 136.956989849 21.1220887735 2.76279473283 54.5630933449
8448 1.20579442122 8.65048131301 135.515279808 435.671270112 0.837947656761 0.842640390466 0.229606512804 62.4185353271 320.415689215 93.8517778164 0 1684.25792045 41.94250669 136.376957547 21.05749331 2.74207954516 54.5843107855
8472 1.19686321035 8.61654295246 133.731892035 435.680614861 0.83797607781 0.83966655876 0.915413948609 61.7263285527 320.497549229 93.9547514581 0 1684.27819957 41.944935818 135.831791441 21.055064182 2.72180042237 54.5024507715
8496 1.18801760689 8.60945962047 130.39317616 435.689939313 0.838013253068 0.844227956356 1.58452187568 61.0432976007 320.613372168 97.7642645623 0 1684.29827484 41.9364248831 135.305523726 21.0635751169 2.70172515387 54.3866278324
8520 1.17923613228 8.57611493047 131.563235436 435.699265843 0.838103815773 0.845409066657 0.260220341495 62.3570009317 320.634724137 99.0180450247 0 1684.31820833 41.9313165741 134.793561075 21.0686834259 2.68179166169 54.3652758636
8544 1.17043945878 9.12589034417 130.008928692 435.708679287 0.838163270991 0.84274646771 0.949847967991 61.660563005 320.665433811 100.093626968 0 1684.33800912 41.7394725265 135.301979984 21.2605274735 2.66199087625 54.334566189
8568 1.16036333614 9.31286180863 132.155294158 435.719549941 0.838214039378 0.840399231315 0.744641623374 61.8571951644 320.611342263 99.8994782667 0 1684.3606824 41.6203557729 133.828245338 21.3796442271 2.63931759885 54.3886577377
8592 1.15151252652 9.04917735378 131.39807927 435.729177183 0.838225100196 0.836563999688 0.451994230594 62.1440394855 320.690894455 101.422264849 0 1684.38097225 41.7284094695 133.375540033 21.2715905305 2.61902774844 54.3091055458
8616 1.14272582905 8.56998363066 131.995133495 435.73880802 0.838196352068 0.836196446859 1.15269268495 61.4341064955 320.616939527 100.793721308 0 1684.40102697 41.8611780857 132.942030644 21.1388219143 2.59897302464 54.3830604737
8640 1.13452954721 8.25926390494 130.289865504 435.747858394 0.838160904751 0.833681142373 0.815447798965 61.7648517588 320.743521941 103.803908319 0 1684.41976683 41.9798065379 131.544270751 21.0201934621 2.58023316868 54.2564780598
8664 1.12589022988 8.5088131222 131.487288044 435.757468503 0.838107541673 0.831762064915 0.517668704851 62.0549931851 320.655755561 101.704025814 0 1684.43925104 41.8546696751 131.173034089 21.1453303249 2.56074895909 54.3442444395
8688 1.11717145225 9.25075711445 131.343831236 435.767241258 0.838028862819 0.832256291648 1.22690417764 61.335569409 320.668380729 100.512135852 0 1684.45884136 41.6203424816 130.823590236 21.3796575184 2.54115863686 54.331619271
8712 1.10871500585 8.38345444342 130.415940098 435.776792218 0.837945210384 0.829884748555 0.92573073086 61.6296470917 320.703207626 101.167858309 0 1684.47827329 41.8751254747 131.482491467 21.1248745253 2.52172670383 54.2967923748
8736 1.10062364096 8.08270883967 131.867522363 435.785998357 0.837865675668 0.829996924657 0.594496281191 61.9516427602 320.644479803 99.8252086975 0 1684.49675463 41.9839536633 130.151342068 21.0160463367 2.50324536422 54.355520197
8760 1.09271716347 8.91530760035 131.552134991 435.795058852 0.83778016314 0.831013305073 1.25086140325 61.2852862756 320.63411221 98.4628943511 0 1684.51449002 41.7087646969 128.852243626 21.2912353031 2.4855099727 54.3658877908
