Time EBV Teff Treg ODC_le1 ODC_le2 ODC_le3 ODC_le4 ODC_le5 NK IL2 DAC Resting_Teff Resting_Treg EffectorMemory Resting_Treg_temp Resting_Teff_temp NK_temp
0.0 0 0 0 0 0 0 0 500 375 1000 0 1687 63 0 0 0 0
24 0 0 0 0 0 0 0 500 336.279789971 908.048253598 0 1687 63 0 0 0 38.7202100291
48 0 0 0 0 0 0 0 500 335.391027502 823.849847309 0 1687 63 0 0 0 39.6089724976
72 0 0 0 0 0 0 0 500 334.559882085 745.880698262 0 1687 63 0 0 0 40.4401179151
96 0 0 0 0 0 0 0 500 333.760437385 673.915002205 0 1687 63 0 0 0 41.2395626152
120 0 0 0 0 0 0 0 500 332.995774144 607.703333798 0 1687 63 0 0 0 42.0042258555
144 0 0 0 0 0 0 0 500 332.2684442 546.975994766 0 1687 63 0 0 0 42.7315557996
168.0 1000 0 0 0 0 0 0 500 331.580390823 491.447224652 0 1687 63 0 0 0 43.4196091775
192 587.94283022 2674.42256109 91.5619289612 4.47673168998 18.9970923557 71.5351553232 179.581289232 225.4097314 319.455578209 5741.3447637 0 1039.6715255 41.772295668 0 21.227704332 647.328474501 55.5444217919
216 136.387395991 6879.35043409 166.809973636 84.2991537945 42.6884563305 95.1217394866 133.602574281 144.288076108 264.609389145 480.388028662 0 1396.36463214 38.9739253647 605.956576847 24.0260746353 290.635367859 110.390610856
240 32.8434719269 2332.75579348 177.360182914 173.378591108 29.9388082635 71.8443551649 92.3467733508 132.491472112 279.010173333 234.53244794 0 1604.21204135 38.861019871 535.616292608 24.138980129 82.787958645 95.9898266676
264 16.316457053 570.690518919 171.651668745 195.988127047 10.6042555023 38.0350509129 71.7726053613 183.599961176 303.478899665 224.128734766 0 1648.53850422 39.0654653943 486.600716163 23.9345346057 38.4614957802 71.5211003359
288 12.7389521767 224.89484107 162.190365957 197.771855611 2.63340287993 11.9581964601 40.142271714 247.494273335 315.227804206 288.812795665 0 1657.95454619 39.5130089744 452.220346123 23.4869910256 29.0454538099 59.7721957945
312 11.1070399971 159.194959334 162.164327117 198.099026707 0.655014531318 3.61656971942 27.5567674092 270.072621633 318.227352714 335.622747865 0 1661.7985852 39.7267193024 423.859522054 23.2732806976 25.2014147966 56.772647286
336 9.9246174311 135.495775457 166.500277624 198.235210166 0.91143347186 2.71481754801 20.0089139729 278.129624841 318.803177743 342.344290713 0 1664.48193144 39.7675327608 403.288215765 23.2324672392 22.5180685627 56.1968222571
360 8.99588289454 115.902941355 168.357126567 198.329456475 0.136514145721 1.8036863497 19.2433585326 280.486984497 319.512336406 332.479969361 0 1666.60005541 39.8641425871 404.575444399 23.1358574129 20.3999445898 55.4876635943
384 8.23998181704 112.343676017 160.521234278 198.353942412 0.241944952701 0.671221170152 13.8085962495 286.924295215 319.981301538 345.026062717 0 1668.30209556 39.8303749302 382.90723394 23.1696250698 18.697904439 55.0186984625
408 7.58099279985 99.4038545746 166.097943956 198.389730242 0.332786771326 1.32727750518 11.7938682139 288.156337268 319.797523728 319.826867589 0 1669.79296358 39.8608487582 377.971900133 23.1391512418 17.2070364208 55.2024762729
432 7.06161367944 88.99036359 169.660592555 198.43134582 0.431521343619 0.814915506672 16.4620779693 283.86013936 320.06342611 311.183546666 0 1670.98054583 39.9637641262 366.08304307 23.0362358738 16.0194541744 54.9365738905
456 6.62900699147 81.0938432457 165.740878088 198.47508462 0.484317230322 0.782011023031 10.7896611707 289.468925956 320.420538377 315.485249115 0 1671.96429613 40.0176491644 350.945475084 22.9823508356 15.035703875 54.579461623
480 6.2489305716 75.0534514034 168.397098528 198.519470957 0.508810726053 0.715036955497 12.3758286116 287.88085275 320.566773838 315.697886246 0 1672.81932176 39.9923671363 337.789855574 23.0076328637 14.1806782426 54.4332261623
504 5.92817485844 69.0366053011 160.227080793 198.560635127 0.525069267325 0.617288706933 12.1856103777 288.111396521 321.253129851 332.352461222 0 1673.55319777 40.0937493764 322.768012557 22.9062506236 13.4468022291 53.7468701493
528 5.63472033405 69.3421966242 165.125587443 198.601597959 0.558133338003 1.24699157638 9.61723918945 289.976037937 321.18405147 319.881429808 0 1674.21375589 40.068814288 313.735243792 22.931185712 12.7862441076 53.8159485304
552 5.36260909048 64.178087323 165.373570701 198.642875491 0.560591673663 0.887218286841 8.54021211635 291.369102432 321.182435828 316.58399019 0 1674.82805697 40.0661348946 300.467452165 22.9338651054 12.1719430331 53.8175641724
576 5.11899321894 54.2133745206 165.50209267 198.68321771 0.59601407412 0.545252813999 11.9715672332 288.203948168 321.084320877 303.628621421 0 1675.38378377 40.193057835 296.300776108 22.806942165 11.6162162253 53.915679123
600 4.91022583183 51.8356765729 167.232789041 198.720703534 0.602931307773 0.0603181561029 8.58886690029 292.027180102 320.964488533 285.771404154 0 1675.8591486 40.2767744824 296.433299213 22.7232255176 11.1408514024 54.0355114677
624 4.71360609452 49.8887298212 161.551276639 198.756925375 0.582703011672 0.416357643157 4.25990726527 295.984106705 320.958677375 278.932932024 0 1676.30053002 40.2225191633 292.60292425 22.7774808367 10.6994699794 54.0413226257
648 4.5275486546 46.6526594621 156.342092902 198.792016678 0.582487634032 0.754857028383 4.63988807998 295.23075058 321.07738931 274.317197944 0 1676.72194985 40.2499342221 289.665710717 22.7500657779 10.2780501533 53.9226106904
672 4.37045140322 44.8832344142 160.702164788 198.823229893 0.597933831272 0.0739439148295 7.78515699399 292.719735367 321.157271585 273.913499373 0 1677.08101309 40.3408044301 278.31813526 22.6591955699 9.91898690546 53.8427284153
696 4.21689707315 40.1725144919 155.767708491 198.854760756 0.580871447077 0.437986253675 5.13945786668 294.986923677 321.311960045 271.649328921 0 1677.42884819 40.40754758 275.177059529 22.59245242 9.57115181386 53.6880399558
720 4.08217304049 38.9051930816 160.916802124 198.88299963 0.581038311219 0.718038269602 4.1325455759 295.685378213 321.225969548 267.287100125 0 1677.73417242 40.4267707422 266.31819103 22.5732292578 9.26582757699 53.7740304523
744 3.9537360123 40.4369347451 158.459509006 198.911077084 0.591299050787 0.896602310058 4.0710430262 295.529978529 321.124178678 254.102828208 0 1678.02310042 40.3410794864 268.156167982 22.6589205136 8.97689957702 53.8758213222
768 3.83526070203 37.6583258994 151.12748254 198.938437276 0.608799102418 0.103331046204 5.23531559529 295.11411698 321.540020332 266.254216995 0 1678.29281159 40.4223468084 260.654980304 22.5776531916 8.70718840782 53.4599796685
792 3.71714947512 37.6023508843 159.078764449 198.966556305 0.591870841665 0.351781275462 4.80201261394 295.287778964 321.185104667 251.76087928 0 1678.55800877 40.3498518139 256.034921616 22.6501481861 8.44199123456 53.8148953336
816 3.60906251763 41.182811069 154.939301708 198.992586992 0.585669373858 0.532593489853 4.67911361569 295.210036528 321.190652922 246.261944133 0 1678.80197881 40.2830832999 250.233380921 22.7169167001 8.1980211923 53.8093470781
840 3.4973960652 37.3164436994 155.205495978 199.020205314 0.58780472907 0.76538148727 7.28670736694 292.339901103 321.090733939 237.140030267 0 1679.05437493 40.3106034722 243.365668501 22.6893965278 7.94562506784 53.9092660613
864 3.40114107383 33.3860297334 154.951147238 199.045036291 0.599906501601 0.97689390646 4.32703205523 295.051131246 321.19006486 234.26690403 0 1679.27516779 40.4465209773 238.189765967 22.5534790227 7.72483221132 53.809935141
888 3.31661639815 27.984429523 152.822518217 199.067804137 0.597994536251 0.140731358496 5.27428842706 294.919181541 321.284564598 234.875475239 0 1679.47017188 40.7155065878 236.499644077 22.2844934122 7.52982811755 53.7154354025
912 3.24092714206 29.1739551624 147.666148169 199.088270671 0.58502797481 0.288596952475 3.35606591897 296.682038483 321.586916314 240.069644752 0 1679.64090778 40.6407964838 234.311915418 22.3592035162 7.3590922237 53.4130836867
936 3.15644615851 35.3735848981 147.750757294 199.111255774 0.576361026017 0.440627599531 4.90743936878 294.964316232 321.337318349 230.654462668 0 1679.82649602 40.2792985041 230.530608501 22.7207014959 7.17350398032 53.6626816516
960 3.08063670415 26.4267699301 150.479757109 199.132233768 0.575614076846 0.661684435727 6.35539369962 293.27507402 321.37069039 232.20121759 0 1680.00407291 40.7123944662 226.203206655 22.2876055338 6.99592709101 53.6293096101
984 3.01324814769 26.6731683162 149.197496198 199.151400155 0.580200080571 0.748230043359 2.07330959707 297.446860124 321.41242181 228.308366686 0 1680.15631654 40.669953612 225.283407187 22.330046388 6.84368345605 53.5875781909
1008 2.94832327151 25.6046209519 151.314761367 199.17045338 0.586311811398 0.798216650835 3.70809918734 295.73691897 321.308954608 224.131292872 0 1680.30355211 40.7047097171 221.740611597 22.2952902829 6.69644789157 53.6910453925
1032 2.88377435026 29.310734455 148.948094692 199.190058945 0.595236028069 0.913648061628 2.36075731884 296.940299647 321.250768561 217.97250664 0 1680.44774852 40.5063000396 218.552544402 22.4936999604 6.55225147858 53.74923144
1056 2.81902821475 25.4518746715 146.447241357 199.210529307 0.607168309097 1.00029342493 4.31551837328 294.866490586 321.377066489 218.090788816 0 1680.59598912 40.6801085087 216.651924735 22.3198914913 6.40401087988 53.6229335118
1080 2.76204142346 24.1177132037 153.054238444 199.229258119 0.608852249131 0.0949555668025 6.26010189836 293.806832167 321.297799027 210.895861049 0 1680.72565288 40.730705342 213.092203593 22.269294658 6.27434712144 53.7022009737
1104 2.70908944562 26.0807495692 147.333671709 199.246747363 0.596745189321 0.270449946793 3.60846846091 296.27758904 321.252783265 210.164533591 0 1680.84528943 40.6585788098 207.905593873 22.3414211902 6.15471056623 53.7472167352
1128 2.65391871827 23.477001604 145.442443647 199.265019259 0.587677761002 0.333802713983 3.71771510874 296.095785157 321.480558957 209.310801096 0 1680.97085197 40.7787081274 207.989002929 22.2212918726 6.02914802657 53.5194410434
1152 2.60353683542 22.5299981156 149.684490688 199.281824543 0.581842810286 0.422899225779 4.13560596599 295.577827455 321.216404689 204.572205311 0 1681.085031 40.7859055044 202.361184036 22.2140944956 5.91496899791 53.7835953111
1176 2.55534720097 21.075866162 147.072311955 199.298078917 0.578579873947 0.4974416787 2.35842289915 297.267476632 321.385220845 206.674942112 0 1681.19494301 40.8933147341 198.129181345 22.1066852659 5.80505699342 53.6147791555
1200 2.5101569486 23.1996286399 146.882332753 199.313544145 0.577405848183 0.56788125706 3.20705642583 296.334112324 321.272925956 200.984428615 0 1681.2964963 40.7618942284 196.125456233 22.2381057716 5.70350369676 53.7270740442
1224 2.46466949965 21.591540996 144.180977985 199.32938792 0.577992248298 0.616156787719 1.29338604399 298.183077 321.480509435 205.274795406 0 1681.39999878 40.8353079455 192.37237534 22.1646920545 5.60000122487 53.5194905656
1248 2.42155582503 21.1190264097 143.605609428 199.344708095 0.57988884172 0.70349389552 6.01066000916 293.361249158 321.446953434 203.762860909 0 1681.49737474 40.7959650179 191.775500488 22.2040349821 5.50262525854 53.5530465663
1272 2.37578085113 23.4078744403 144.22787695 199.361376249 0.585171353908 0.816875995246 3.3077314844 295.928844918 321.209393466 195.658122371 0 1681.59948001 40.5743946044 189.417086111 22.4256053956 5.40051998592 53.7906065349
1296 2.33241554902 21.5405714403 146.086601354 199.377642754 0.592514637121 0.901480086194 5.35862358381 293.769738938 321.120507098 187.652678673 0 1681.69886687 40.7109401775 188.204770202 22.2890598225 5.30113313138 53.879492903
1320 2.29085398091 21.5081930379 140.397793042 199.393739755 0.598004395086 0.0523355235332 7.08352882903 292.872391498 321.237981454 186.473527446 0 1681.79322344 40.7486586542 188.108839141 22.2513413458 5.20677655615 53.7620185467
1344 2.25322640203 21.0777059584 143.213483812 199.408442556 0.586097834395 0.146346748929 2.33997857814 297.519134283 321.129753377 178.825947559 0 1681.87962988 40.8951050474 189.108319944 22.1048949526 5.12037012177 53.8702466237
1368 2.21648618516 19.3126862283 142.670865105 199.422769279 0.576146379152 0.20785291837 2.60192629236 297.191305131 321.117097308 178.046186821 0 1681.96272015 40.8816634777 187.184126402 22.1183365223 5.03727984507 53.8829026922
1392 2.18102746602 18.8287175387 147.773901967 199.436604216 0.567915709673 0.25983449332 1.73828976596 297.997355815 320.882772096 168.001665534 0 1682.04313076 40.8971903214 187.34160085 22.1028096786 4.95686924337 54.1172279049
1416 2.14863196919 18.0237895228 142.577928758 199.449278324 0.561461016834 0.288388150939 1.39648473765 298.304387771 321.040016418 169.788533855 0 1682.11693311 40.965823489 186.620038947 22.034176511 4.88306689184 53.9599835823
1440.0 2.11673940358 18.8082593201 143.46375194 199.461808403 0.555955527574 0.343863203394 2.99365067659 296.644722189 321.053164568 167.891642172 30 1682.18953213 41.0313377888 183.059412072 21.9686622112 4.81046787328 53.9468354328
1464 2.08735881082 16.1228008633 136.099212982 199.473421887 0.552082739502 0.396063093405 1.15538376863 298.423048511 321.567830017 184.646065402 30 1682.25696397 41.2027595035 178.719695558 21.7972404965 4.74303602925 53.432169984
1488 2.05893698194 17.221660582 134.051717975 199.484744148 0.549191556966 0.428178969466 1.23462222477 298.3032631 321.841808587 195.24933419 30 1682.32095582 41.0729631206 176.555395873 21.9270368794 4.67904418361 53.1581914134
1512 2.03163139742 15.8191741795 132.268477177 199.495719965 0.547102820868 0.472062228613 5.12724552492 294.357869461 322.128570313 209.939350562 29 1682.38335877 41.2070894462 172.569170755 21.7929105538 4.61664123438 52.8714296877
1536 2.00524507765 15.615353561 132.346374466 199.506437719 0.546130552838 0.507700459377 1.90857096813 297.5311603 322.30425048 220.723548464 29 1682.44322769 41.2156019095 168.776889696 21.7843980905 4.55677231723 52.6957495208
1560 1.98003014428 16.9546844758 132.963333727 199.516799469 0.545828970972 0.561023062059 4.46505177869 294.911296719 322.435758888 227.864494983 26 1682.50024415 41.1457396422 165.164739179 21.8542603578 4.49975584877 52.5642411129
1584 1.95434214141 15.3249606868 135.440557075 199.527497937 0.546704092658 0.6165253062 3.19428312396 296.11498954 322.41731261 231.906192134 26 1682.55859696 41.2079882648 161.721997314 21.7920117352 4.44140304795 52.5826873912
1608.0 1001.93074007 14.8067835922 132.395021005 199.537475878 0.548352452943 0.652479280385 2.55365229548 296.708040092 322.625925864 238.811659028 26 1682.61240835 41.2858193816 160.425484385 21.7141806184 4.38759164868 52.3740741373
1632 543.209394421 3275.42770968 143.798165108 201.057202377 3.88096898474 23.8293582988 74.5756089729 196.656861365 309.315149737 4473.66986378 25 1058.27255492 41.1506028324 155.384982835 21.8493971676 628.727445081 65.6848502638
1656 246.68686278 4034.59803142 169.805463136 209.282315875 10.5955151326 32.4413851935 78.9375360469 168.74324775 308.890550721 5632.88964348 25 1279.89785571 39.5934400656 294.022775842 23.4065599344 407.102144284 66.1094492805
1680 114.229956661 3471.00273322 191.245393344 220.733916455 11.3876323356 25.9001920684 79.3673218989 162.610937241 310.876592759 5288.59773577 25 1455.60987565 39.1549238141 436.180108922 23.8450761859 231.39012435 64.1234072422
1704 57.9397388143 2465.69154092 195.651442432 230.580115507 7.18142628698 32.8017028209 79.9290563736 149.50769901 314.630031239 4368.64209779 24 1558.33396101 39.0082366313 616.428926842 23.9917633687 128.666038985 60.3699687619
1728 33.4341427677 1567.37699986 191.023688598 237.950895538 7.3293896831 20.2564712205 62.3971077634 172.066135793 320.36373448 3604.39877485 24 1610.56686429 38.9762737848 692.183554118 24.0237262152 76.4331357077 54.6362655215
1752 22.4925151294 892.985937304 196.699396347 241.515994991 2.74554046371 13.6529375699 38.7558527596 203.329674215 326.911366811 3161.56773236 24 1635.57092072 39.029063461 678.081670844 23.970936539 51.4290792795 48.0886331907
1776 17.3291045884 558.422374427 201.348935541 242.465005981 1.61713934106 6.92584316898 34.7085406914 214.283470817 331.468971677 2876.03339045 23 1647.57360612 39.1207261966 644.607837469 23.8792738034 39.4263938783 43.5310283243
1800 14.4232154261 382.074331899 187.246284522 242.853430531 1.84397214859 3.99176308554 25.2015951447 226.109239089 334.478202638 2700.18343857 23 1654.30422309 39.237178013 617.602259934 23.762821987 32.695776906 40.5217973635
1824 12.4783265259 306.50537907 193.708768207 243.108618398 1.18710763619 2.07861867748 21.8199703144 231.805684972 334.91630462 2514.77008568 22 1658.71573877 39.2874583563 581.121832605 23.7125416437 28.2842612292 40.0836953813
1848 11.0626905568 248.564721684 187.253791379 243.190319627 0.488491770762 0.979142315386 28.1810476606 227.160998625 335.425632125 2355.64472831 21 1661.93453885 39.3550120611 564.042480838 23.6449879389 25.065461145 39.5743678761
1872 9.95348992731 208.201902363 184.708204963 243.274538748 0.596238342755 1.36253386264 12.4477948188 242.318894227 335.417849121 2217.41987448 21 1664.44385381 39.4031796923 535.569014655 23.5968203077 22.5561461915 39.5821508805
1896 9.06748112669 175.275965605 181.751072896 243.362222429 0.691897115513 2.16158307876 15.1074337943 238.676863581 335.357510303 2088.86516997 21 1666.45180331 39.466865711 515.153482353 23.533134289 20.5481966881 39.6424896985
1920 8.3607641265 160.179767209 180.844056536 243.451313795 0.747316194774 0.637636379776 11.8646705563 243.299063073 335.178855891 1977.6579333 21 1668.05007394 39.4946806247 489.299309108 23.5053193753 18.9499260565 39.8211441099
1944 7.73486187969 141.89853232 179.223771545 243.538227246 0.735365969619 0.799105638528 12.168825083 242.758476061 334.564306901 1846.72338943 20 1669.45847714 39.5200484615 479.775461922 23.4799515385 17.5415228579 40.4356931006
1968 7.22943715538 122.898109599 183.18241827 243.614792361 0.785227126991 0.703503958335 8.89656220139 245.999914351 334.202593966 1740.91171703 20 1670.61153237 39.6049372944 460.788248861 23.3950627056 16.3884676279 40.7974060356
1992 6.79469373292 116.349397621 181.29518276 243.687478154 0.765067894467 0.376684025026 8.16777780122 247.002992124 333.69051263 1626.4020213 20 1671.59030121 39.6131352054 454.662750741 23.3868647946 15.4096987937 41.3094873714
2016 6.39959972047 105.373426915 179.932744645 243.75578266 0.759632156923 0.0491784961806 7.59502607013 247.840380615 333.10648092 1528.4076396 19 1672.48286807 39.644072782 435.616334613 23.355927218 14.5171319265 41.893519081
2040 6.05066822488 97.2656173699 182.065189715 243.817883179 0.726532451573 0.675186046629 7.7414635802 247.038934741 332.179680727 1411.30367248 19 1673.27140991 39.676040539 427.358795886 23.323959461 13.7285900883 42.820319274
2064 5.74300411853 93.0256561079 175.253818021 243.874853005 0.71956279689 0.303458314827 9.32953195581 245.772593926 331.694357432 1310.87058048 18 1673.96700734 39.7042837454 420.584646005 23.2957162546 13.0329926556 43.3056425691
2088 5.46472643156 81.7499243236 175.754265114 243.927946312 0.714340012051 0.970707894062 6.87836255761 247.508643223 330.973581218 1216.74318061 18 1674.59811983 39.7610125813 418.165172873 23.2389874187 12.4018801727 44.0264187828
2112 5.20524805743 76.0234059453 168.428820237 243.979823247 0.700183225461 0.528327324825 8.28179212053 246.509874081 330.728095788 1152.7553964 18 1675.1857054 39.8092527623 396.932345084 23.1907472377 11.8142946033 44.2719042135
2136 4.97471160496 69.6088242897 167.717799798 244.027249306 0.698707603185 0.801337481317 3.94543906493 250.527266543 330.253621152 1084.00168269 18 1675.70838486 39.8506468222 383.36994061 23.1493531778 11.2916151373 44.7463788489
2160.0 4.77682064506 72.9878504469 165.947184906 244.070145393 0.713120716355 1.07682484403 4.76409488243 249.375814163 329.754000009 1019.60301209 48 1676.15488738 39.8257249914 369.51269417 23.1742750086 10.8451126143 45.245999992
2184 4.6091776929 49.1819147214 151.606300085 244.108547818 0.710168300272 0.437666263136 9.61154769933 245.132069918 330.608256858 1028.53028028 47 1676.54880036 40.2248577225 345.770088805 22.7751422775 10.451199632 44.3917431432
2208 4.47154872253 48.9302781848 147.415618424 244.140682389 0.7052163888 0.716664420665 6.57502853803 247.862408263 330.808865014 1024.19383568 46 1676.86006338 40.2257685773 324.14375265 22.7742314227 10.1399366096 44.1911349873
2232 4.34429180606 43.6027051565 145.823528488 244.171298018 0.709815178283 0.878985229478 2.19424589721 252.045655676 330.914646749 1015.54393373 46 1677.14990857 40.3461163766 310.037493845 22.6538836234 9.85009142346 44.0853532521
2256 4.22932309042 42.1678491962 145.732295537 244.200014617 0.718398545966 0.982618544228 3.13808170824 250.960886583 330.910206846 1008.53553826 45 1677.41023165 40.3801778794 292.749483896 22.6198221206 9.58976834571 44.0897931548
2280 4.12057604059 40.0112440946 143.355164778 244.228257561 0.720608517116 0.129723070397 7.71871455923 247.202696291 330.976042271 1003.96363218 45 1677.65617399 40.4170006338 275.523890266 22.5829993662 9.3438260066 44.0239577299
2304 4.01988212334 38.0967027318 142.652380158 244.254637728 0.702081255278 0.280003345227 1.85956154671 252.903716123 330.987019174 996.244935773 45 1677.88438146 40.4683445702 260.121444724 22.5316554298 9.11561853372 44.0129808273
2328 3.9237251053 37.2266830611 142.518830099 244.279884018 0.689037089779 0.389151331359 3.86676554716 250.775162012 330.875663994 982.214375612 44 1678.10131877 40.469944056 248.166411484 22.530055944 8.89868122148 44.1243360065
2352 3.83395031686 35.3633949924 142.000573271 244.303648261 0.68060686678 0.510143494564 6.43287057151 248.072730805 330.808780745 967.331512099 44 1678.30491131 40.5312467079 238.453621419 22.4687532921 8.69508867976 44.1912192559
2376 3.74753185076 35.3944920188 144.354467272 244.326865588 0.678306359348 0.681592355158 2.74774770192 251.565487994 330.553260358 946.123663711 43 1678.49927434 40.4894219316 228.775026682 22.5105780684 8.50072565516 44.4467396431
2400 3.66386698767 35.3129354258 145.771807541 244.349850435 0.679291056517 0.734555214364 3.20553898706 251.030764305 330.259715038 921.238688084 41 1678.68851679 40.5143143687 218.104423649 22.4856856313 8.31148320017 44.7402849633
2424 3.58424357673 33.3581665077 144.308099584 244.372281424 0.682306584523 0.804699010216 2.39170969453 251.749003286 330.101011665 898.670685144 41 1678.86862808 40.5424912337 210.362621252 22.4575087663 8.13137191366 44.8989883362
2448 3.50930785192 31.8710872292 143.548569872 244.393978315 0.687211321848 0.867868020904 2.26512192353 251.785820418 329.934886452 878.518602625 41 1679.03822746 40.5823881983 202.340642473 22.4176118017 7.96177253079 45.0651135491
2472 3.43548485059 32.504690878 141.331400361 244.415993096 0.693593731212 0.912401230036 2.22006591039 251.757946031 329.774647579 856.945744939 41 1679.20453287 40.5521996546 195.040233608 22.4478003454 7.79546712032 45.2253524215
2496 3.36401682401 30.5155096706 141.984200883 244.437984948 0.701630775889 0.996058985442 4.99978038694 248.864544903 329.572234468 836.073854481 40 1679.3664835 40.603703858 187.373785449 22.396296142 7.63351649321 45.4277655329
2520 3.29699975265 30.9902267225 141.198310974 244.45902037 0.687949974135 0.0802793685587 1.5018777925 253.270872493 329.337797082 812.890450697 38 1679.5172751 40.5447873505 182.303760058 22.4552126495 7.48272489363 45.6622029186
2544 3.23290198769 28.6767336492 141.391728898 244.479028037 0.671245106071 0.143101492764 2.87146357956 251.835161784 329.158018462 792.875812492 37 1679.66323737 40.6582566111 175.68150582 22.3417433889 7.3367626239 45.8419815388
2568 3.16987987432 29.106118484 140.735055126 244.498639433 0.657724142446 0.266367230672 4.13222574198 250.44504345 328.955202236 768.989295657 37 1679.80573468 40.6764717859 171.511071277 22.3235282141 7.19426531244 46.0447977647
2592 3.11007462987 27.4801599014 142.671006997 244.517282493 0.647731394687 0.341856753019 4.23617636994 250.256952988 328.66956902 744.330122999 34 1679.94084439 40.6774562176 168.699593654 22.3225437824 7.0591556066 46.3304309815
2616 3.05406928382 26.224142814 144.051946896 244.534835601 0.64049467608 0.400590839061 2.03384939681 252.390229486 328.341679323 717.735795506 33 1680.0685797 40.8135913648 166.070061019 22.1864086352 6.93142028945 46.6583206782
2640 2.99958358562 26.6033570323 143.003758135 244.552048749 0.63478203237 0.463084457916 3.75501825922 250.5950665 328.085980354 695.663303016 32 1680.19086418 40.7064716652 160.776682921 22.2935283348 6.80913581677 46.9140196467
2664 2.94672530712 25.7683538121 143.664234468 244.568924479 0.63099627129 0.511594977043 3.41403477197 250.8744495 327.799539839 670.251998552 31 1680.3108682 40.7900518187 158.759612953 22.2099481813 6.68913178942 47.2004601618
2688 2.89629018486 23.3399833521 144.901475004 244.585232114 0.628785440271 0.583810685816 4.8253678329 249.376803926 327.501679751 645.043654356 30 1680.42569328 40.9029851671 155.952622262 22.0970148329 6.57430671071 47.4983202496
2712 2.84813127643 27.0170290757 141.883851049 244.601041813 0.628682286528 0.658645843862 3.03660355048 251.075026505 327.290607881 620.542687979 29 1680.53371883 40.7537051165 154.344187942 22.2462948835 6.46628116874 47.7093921198
2736 2.79792761721 23.6461087756 145.606566533 244.617829122 0.63015239563 0.710412983749 0.67433975909 253.367265738 326.919304469 597.015534309 29 1680.64743194 40.8258074721 149.958975584 22.1741925279 6.35256804978 48.0806955323
2760 2.74953939075 24.6220262129 140.736060982 244.634348015 0.632513282219 0.749250113284 3.20623557952 250.777653009 326.7360199 578.258950363 28 1680.75603099 40.7168386989 146.811105951 22.2831613011 6.24396900365 48.263980101
2784 2.703128041 23.4086368826 141.703640082 244.650542758 0.636064383017 0.792915821285 1.56419382145 252.356283215 326.51144539 557.940313128 28 1680.86145999 40.7784877895 144.883484376 22.2215122105 6.13854000246 48.4885546109
2808 2.65791002266 23.739972869 142.560818314 244.666689116 0.640171335197 0.806484481528 0.921383432297 252.965271634 326.155520522 533.756660845 28 1680.96342643 40.7305113205 144.06688814 22.2694886795 6.03657356558 48.844479479
2832 2.61283545376 22.3232597296 143.027494974 244.683170241 0.644761245919 0.852206513061 4.30090249953 249.5189595 325.865657812 509.993858128 28 1681.06591851 40.8202175976 142.382195418 22.1797824024 5.93408148789 49.1343421894
2856 2.57135828749 20.9647137064 140.686291478 244.698711319 0.650385536019 0.907974056 3.23841348581 250.504515602 325.796528674 495.887609816 28 1681.16038831 40.9275710411 138.85351213 22.0724289589 5.83961168577 49.203471327
2880.0 2.53145884131 21.2497111604 138.984425365 244.714042821 0.65691955674 0.955781320019 3.05049420495 250.622762096 325.655418126 482.109203284 58 1681.25063644 40.9090976263 135.522105151 22.0909023737 5.74936355052 49.3445818755
2904 2.4935756612 19.8378060117 137.222196331 244.72897718 0.663721718154 0.965418192388 0.72473516136 252.917147747 325.69381209 475.652415728 57 1681.33702578 41.0111682324 132.372330642 21.9888317676 5.66297420613 49.3061879114
2928 2.4579962552 19.0822953748 135.315180172 244.743354519 0.67016615296 0.967008102161 1.147384682 252.472086542 325.692509586 470.89550549 54 1681.41795319 41.084320497 129.38869205 21.915679503 5.58204679699 49.3074904156
2952 2.42366216659 18.7570791227 134.615990596 244.757560784 0.67637929227 0.968742099157 0.454267991681 253.143049831 325.663911448 465.804856083 54 1681.49575171 41.1012159786 126.55796436 21.8987840214 5.50424828122 49.3360885535
2976 2.38966725236 18.5935155922 134.977064384 244.771957832 0.682600163978 0.978028897885 1.76745340587 251.799959699 325.557309477 458.599120758 54 1681.57263882 41.0932529751 123.869319294 21.9067470249 5.42736116719 49.4426905245
3000 2.35721579522 18.0923983082 135.083729272 244.786019337 0.688602032925 0.977559317255 0.928579770592 252.619239541 325.47342624 451.385632003 54 1681.64631852 41.1373719686 121.312677489 21.8626280314 5.35368146628 49.5265737611
3024 2.32573579602 17.8250992605 134.218444822 244.799965696 0.694525963333 0.996579710232 1.96375892156 251.545169708 325.444648194 446.014859079 52 1681.7176374 41.1501653193 118.87839677 21.8498346807 5.28236258852 49.5553518073
3048.0 1002.29452701 17.8667257099 134.065794555 244.814099886 0.698167373267 0.0438409171311 5.97315823428 248.470733588 325.360516213 439.507171222 50 1681.78810805 41.1146505425 116.558295934 21.8853494575 5.21189194137 49.6394837888
3072 596.582908932 2629.00623943 137.147395833 245.729838374 2.19572394571 14.8846438216 53.438349967 183.75144389 319.156597161 5645.01036214 50 1035.7882183 41.8669834506 47.4285837799 21.1330165494 651.211781694 55.8434028411
3096 350.634627835 2913.02808681 154.589754421 247.96016695 3.12248809883 17.3259972363 52.7743150444 178.817032669 328.31193087 9036.166707 48 1191.66363204 40.396070639 74.0397274167 22.603929361 495.336367955 46.6880691314
3120 227.199476393 2673.77675038 164.683601403 250.028672477 3.7463631052 11.4840669158 46.7382833609 188.00261414 335.578142854 11308.3188325 48 1312.65147748 39.8833505998 108.794310959 23.1166494002 374.34852251 39.4218571482
3144 161.35703882 2261.45549908 170.875008644 251.304847537 3.36689875371 8.95086702821 38.8581034201 197.519283259 342.007357756 12939.1037962 48 1396.52359322 39.6902445815 124.052635041 23.3097554185 290.476406769 32.9926422461
3168 123.222447643 1880.71456152 172.829777705 252.531912962 0.852279102194 5.38520173483 38.9361676662 202.294438534 346.921565105 14140.7131598 47 1453.10672703 39.6065020691 134.081953748 23.3934979309 233.893272957 28.0784348966
3192 99.1975126933 1573.50775152 177.810115821 252.969440016 0.921833234674 2.15335755649 31.8816507414 212.07371845 350.466167246 15056.5597521 47 1492.21039559 39.5664912789 134.822969085 23.4335087211 194.789604397 24.5338327555
3216 83.0836830757 1335.12345817 176.339074714 253.078927832 0.527413807631 2.06167787078 22.479962707 221.852017781 353.269257165 15792.1250418 46 1520.09869578 39.5565465029 141.206629734 23.4434534971 166.901304215 21.7307428364
3240 71.5396645254 1178.16302877 179.602087293 253.232381183 0.770280069465 0.783080440145 21.0868997252 224.127358581 355.136629669 16350.1339905 46 1540.86558255 39.5396203255 154.459206837 23.4603796745 146.134417442 19.8633703331
3264 62.8221625495 1042.81384895 179.732985792 253.383934615 0.797013529988 1.60385616167 17.8435747571 226.371620935 356.615506714 16827.8607169 46 1557.0298974 39.5306729336 157.26593963 23.4693270664 129.970102588 18.3844932882
3288 56.0200181581 949.746222517 178.907223474 253.529939701 0.879180907067 0.999286925446 14.6029597292 229.988632736 357.737862334 17192.0282808 45 1569.9281604 39.5180372626 169.303906175 23.4819627374 117.071839592 17.2621376675
3312 50.4703729537 874.579424729 179.449551716 253.665524135 0.882981071807 1.04335217439 14.519331163 229.888811454 358.516297976 17479.136426 45 1580.6306209 39.4981769388 166.373160284 23.5018230612 106.369379093 16.4837020263
3336 45.8784998383 816.671767984 183.132602171 253.795582441 0.9390246547 1.71290016092 13.7295637735 229.822928968 359.126493766 17677.8790429 44 1589.62349684 39.4788831806 177.549844467 23.5211168194 97.3765031541 15.8735062356
3360 41.9856602654 749.807341119 184.572616185 253.924587439 0.976569518237 0.913376304101 9.43738776995 234.748078967 359.720520845 17838.9913113 43 1597.36238314 39.475587025 175.591745202 23.524412975 89.6376168481 15.2794791572
3384 38.7090005999 708.874169771 183.557833781 254.041049905 0.954293211227 1.35970112089 8.13139906248 235.513556699 360.189397688 17948.5942241 43 1603.93986639 39.4614414763 179.869592246 23.5385585237 83.0601336018 14.8106023142
3408 35.8609871941 663.150689635 186.247911322 254.153457726 0.98283560525 0.274666418882 8.95496149313 235.634078755 360.612276545 18015.8718434 42 1609.71856199 39.4606727464 192.278422351 23.5393272536 77.2814380047 14.3877234567
3432 33.3407793387 638.625225849 189.10538106 254.258914994 0.965863239996 1.2915860553 10.4163288772 233.067306832 360.774579768 18021.4760507 42 1614.85066774 39.4311745748 203.654618472 23.5688254252 72.1493322485 14.2254202338
3456 31.1038938769 600.941928252 189.016378928 254.360179804 0.964431194416 0.510159541522 11.1727255443 232.992503915 361.039080914 18017.0198302 42 1619.45496076 39.4223540885 213.390296183 23.5776459115 67.5450392341 13.9609190874
3480 29.1213946898 565.865814347 184.859944727 254.454316022 0.936189636903 0.401667635192 7.36002813069 236.847798574 361.339825669 18003.7749163 42 1623.5683564 39.4209425538 213.777768137 23.5790574462 63.4316435883 13.6601743328
3504 27.3418550704 549.227977653 185.709432604 254.541454505 0.916601492114 1.05302425597 7.98755873848 235.501361007 361.450232606 17943.9251832 40 1627.26874878 39.398758063 212.057332885 23.601241937 59.731251207 13.5497673958
3528 25.7093412943 539.685133831 190.680703786 254.625451445 0.896173201812 0.793511484379 5.89528000679 237.789583861 361.428690307 17823.1988628 40 1630.67762539 39.3699359458 224.272343645 23.6300640542 56.3223746043 13.5713096947
3552 24.2391656816 497.049462466 188.308119744 254.704185363 0.875799190423 0.520854376923 10.8565517427 233.042609326 361.707634275 17741.4352403 40 1633.78595569 39.3844311251 221.393143443 23.6155688749 53.2140442989 13.2923657269
3576 22.8952021715 484.651723843 187.633212368 254.778592701 0.87046550049 1.03596634816 6.52994101469 236.785034435 361.726276036 17601.4352492 40 1636.62049874 39.361413686 233.883362608 23.638586314 50.379501247 13.2737239661
3600.0 21.677822324 453.356572948 188.247555607 254.851160617 0.908486211176 1.66723166322 7.9576743096 234.615447198 361.899146138 17473.0173691 70 1639.21360369 39.3687376146 239.599321478 23.6312623854 47.7863963007 13.1008538637
3624 20.6968618065 358.674489334 178.650486519 254.914914846 0.922300970618 1.15808524225 6.70568586176 236.299013079 362.700149584 17522.2710498 69 1641.36151549 39.5164040733 192.061544786 23.4835959267 45.638484503 12.2998504179
3648 19.9106113914 317.193543749 176.467641395 254.968249932 0.904641470095 0.464902161598 6.16808097066 237.494125465 363.125122375 17539.2640307 69 1643.0634703 39.593797102 160.024985735 23.406202898 43.9365296885 11.8748776267
3672 19.2261109747 287.027269811 173.758155701 255.015259816 0.889540536037 0.749743188887 7.31253666025 236.032919797 363.410939995 17544.996137 68 1644.54117622 39.6560303018 140.414607401 23.3439696982 42.4588237693 11.5890600066
3696 18.6159879585 270.71816425 172.546965561 255.058236071 0.886869054659 0.0386694865262 5.42035082997 238.595874557 363.564531039 17539.0466207 67 1645.85423951 39.6830037617 120.184924659 23.3169962383 41.1457604841 11.4354689629
3720 18.0483845973 259.023316616 174.305051121 255.098610102 0.853835856568 0.304164243133 9.20280734738 234.54058245 363.639570349 17508.3127456 67 1647.07456495 39.6967077475 108.660396963 23.3032922525 39.9254350435 11.3604296531
3744 17.5233197967 244.647741313 174.531774593 255.136012567 0.83778747914 0.625740005677 5.30293362262 238.097526324 363.737029928 17474.1324789 66 1648.20773345 39.7270733394 99.1383682215 23.2729266606 38.7922665382 11.2629700733
3768 17.0362975121 238.313067081 172.824031946 255.171291267 0.831951642964 0.762201954309 5.25838459055 237.976170544 363.794419842 17428.5940642 66 1649.25693119 39.7288848904 93.1317856017 23.2711151096 37.7430687995 11.2055801597
3792 16.5733443756 230.327483992 174.147318138 255.205663446 0.832635799307 0.927144362718 3.90600698588 239.128549405 363.817401119 17367.9453371 66 1650.25594251 39.7382920119 93.0400999408 23.2617079881 36.74405748 11.1825988822
3816 16.1358903615 226.789383473 172.418385999 255.239184419 0.83747930544 0.0719681784249 6.28931450513 237.562053591 363.843946762 17304.4960721 66 1651.20000994 39.732916941 88.922590098 23.267083059 35.7999900545 11.15605324
3840 15.7151721538 222.299801344 173.06282927 255.271837075 0.81181150818 0.26549284694 5.54765462532 238.103203943 363.827693695 17225.0806253 66 1652.1084739 39.7257603745 89.3863754314 23.2742396255 34.8915260891 11.1723063071
3864 15.314961552 210.851432145 173.264374205 255.302875934 0.793151196715 0.356399075504 2.76672161085 240.780852182 363.872938626 17151.1266976 65 1652.97711839 39.7498935224 87.1901393318 23.2501064776 34.022881604 11.1270613756
3888 14.9408645793 206.243704858 173.140529997 255.332022435 0.778774254766 0.428661943075 1.62530417328 241.835237193 363.900516245 17073.6676761 64 1653.78898836 39.7564616744 82.5702512253 23.2435383256 33.2110116346 11.0994837567
3912 14.5845891631 200.47846166 172.278015303 255.359999864 0.767547263207 0.535907723859 6.18952724552 237.147017903 363.909369472 16990.9585563 63 1654.56235308 39.7610705434 80.712390002 23.2389294566 32.4376469079 11.0906305301
3936 14.2373668647 200.977522713 171.83299495 255.387620554 0.761559250035 0.651319670197 3.70775485667 239.491745668 363.859527848 16892.3295171 63 1655.31406381 39.7368860347 78.622895191 23.2631139653 31.6859361777 11.1404721534
3960 13.8985184603 198.133036519 171.52991686 255.415077078 0.758550187622 0.705744688898 3.33584430936 239.784783735 363.831081993 16786.5158688 62 1656.0501057 39.7286889943 77.7489331747 23.2713110057 30.9498942931 11.1689180084
3984 13.5745373893 190.115708862 172.856463374 255.441903848 0.758456507301 0.784229690166 0.724713428778 242.290696525 363.826332091 16677.4963456 61 1656.75674304 39.7463612154 79.185813486 23.2536387846 30.2432569553 11.1736679107
4008 13.2663204779 185.80005733 172.462210247 255.468058413 0.760285631532 0.848343072025 3.91117449149 239.012138391 363.79651114 16564.0200416 61 1657.42806819 39.7425820798 80.4573359172 23.2574179202 29.5719317995 11.2034888614
4032 12.9712411897 179.976039034 172.735562595 255.493779641 0.764770547788 0.927560181966 1.8866603281 240.9272293 363.795697697 16450.1289742 60 1658.07289621 39.7580561909 80.7328826159 23.2419438091 28.9271037778 11.2043023045
4056 12.6856872591 177.927565205 174.400145006 255.519413884 0.77085749396 0.974364366357 3.83600713141 238.899357123 363.742671402 16324.9338673 59 1658.69529587 39.7465513668 81.1621803832 23.2534486332 28.3047041185 11.2573285996
4080 12.4096101848 175.338090513 171.89793168 255.544720589 0.756521027226 0.0824691396395 2.63018909527 240.986100148 363.700584096 16198.7378001 58 1659.29799606 39.7409696016 82.5840052341 23.2590303984 27.702003929 11.2994159061
4104 12.1428013721 168.593428504 172.575077686 255.569047762 0.736423165333 0.175108538452 4.37723092886 239.142189604 363.667766026 16066.9770479 57 1659.88240734 39.7558716685 85.7476618334 23.2441283315 27.1175926468 11.3322339755
4128 11.8912974439 163.076920289 173.556906088 255.591903237 0.719817605481 0.211586952287 1.93610440122 241.540587803 363.647802087 15934.7238255 57 1660.4346562 39.7794820058 87.6949302557 23.2205179942 26.5653437888 11.352197915
4152 11.6481490428 160.566403239 173.537249367 255.613974221 0.704891816488 0.251982157057 2.38550197073 241.043649834 363.594064157 15801.7480515 57 1660.96681873 39.7740785233 85.8948201474 23.2259214767 26.0331812611 11.405935845
4176 11.4089382017 162.686975075 174.84998109 255.635714997 0.692796510867 0.363163814924 2.71870772616 240.58961695 363.506280762 15650.4895294 56 1661.48969166 39.7519012836 90.1075221227 23.2480987164 25.5103083268 11.4937192401
4200 11.1754885928 158.289319796 174.612096826 255.657051811 0.683647141127 0.427222798756 3.11042792249 240.121650326 363.437048721 15502.493562 56 1662.00191238 39.7527829862 92.9112107327 23.2472170138 24.9980876116 11.5629512804
4224 10.9453064866 158.435126772 172.837174592 255.678285893 0.677255027419 0.528429530189 4.46986945121 238.646160097 363.355146939 15351.3010413 54 1662.50557791 39.7281585351 90.8275044841 23.2718414649 24.4944220845 11.6448530629
4248 10.7225513452 154.8662622 173.205192808 255.699120416 0.674300953205 0.619021447443 1.74936039171 241.258196791 363.29576229 15192.9672211 52 1662.99528061 39.7311875789 94.7960656888 23.2688124211 24.004719384 11.7042377113
4272 10.5035440069 155.204768947 173.213675049 255.719978639 0.673795632929 0.701962537668 4.06347638634 238.840786803 363.188354144 15027.2550959 50 1663.47506222 39.7041959614 98.2586702553 23.2958040386 23.5249377667 11.8116458574
4296 10.2874153572 158.329488634 174.0639693 255.741023053 0.676101743964 0.771615297196 1.45112900202 241.360130903 363.072482209 14853.026601 50 1663.94941671 39.681763182 100.472118201 23.318236818 23.0505832856 11.9275177924
4320.0 10.0757705452 152.160698834 177.687275669 255.762156923 0.679714693326 0.825259132706 2.86453111918 239.868338131 362.98503774 14681.0908795 79 1664.41651325 39.6994219601 99.7283895625 23.3005780399 22.5834867407 12.014962262
4344 9.88191388834 136.395319186 171.832624477 255.78203653 0.684978962226 0.888874740225 1.75905094993 240.885058817 362.998861508 14541.195375 78 1664.84840993 39.7861952151 94.6599006899 23.2138047849 22.1515900577 12.001138494
4368 9.70298862834 130.861341631 170.304874914 255.800891484 0.691023798359 0.924535306708 2.28753931458 240.296010096 362.989914514 14395.9319268 75 1665.24432134 39.8120994764 90.2633645132 23.1879005236 21.7556786499 12.0100854882
4392 9.52964054049 127.487914381 170.539321831 255.81966618 0.697754647505 0.966243485014 3.71182445537 238.804511231 362.92915745 14245.6875929 72 1665.62702853 39.8220189951 85.5632677853 23.1779810049 21.3729714619 12.0708425517
4416 9.36327776746 124.994044612 169.237568865 255.838195932 0.705164587834 0.990359992098 2.0176002824 240.448679205 362.863813619 14092.8515742 71 1665.99439174 39.826642115 83.2935634523 23.173357885 21.0056082492 12.1361863832
4440 9.19989045537 121.792312572 170.544914214 255.856911298 0.709822431627 0.0158258801487 3.32486517408 240.092575215 362.782811091 13935.573247 70 1666.35551514 39.8379349874 80.4809320599 23.1620650126 20.6444848552 12.217188911
4464 9.04117911735 119.67424805 170.257528291 255.875216644 0.693192954788 0.10393839816 2.49792681194 240.82972519 362.694319644 13777.0575738 70 1666.70605631 39.8384620792 77.0083398962 23.1615379208 20.2939436845 12.3056803578
4488.0 1008.88654539 119.437064409 168.616833227 255.892966191 0.67896543354 0.166395541457 3.66164209432 239.600030739 362.593891698 13615.3842602 70 1667.04729618 39.8242766924 74.8692938129 23.1757233076 19.9527038085 12.4061083042
4512 802.45014534 3204.21380507 152.292252075 256.131436487 0.174613379206 5.15169747436 35.0349872811 203.507265378 345.184978022 19017.0900599 70 960.511801687 42.0959147888 28.4787574894 20.9040852112 726.488198302 29.8150219803
4536 588.33374222 3778.32151717 160.401333407 256.739535115 2.32089371673 6.6048843144 30.691982695 203.642704158 345.739316176 23398.4516175 70 1046.51870312 40.8371705373 33.9304936057 22.1628294627 640.481296873 29.2606838265
4560 443.337037303 3660.7728053 164.807560796 257.422793791 0.76741696983 5.9357479447 33.0366563542 202.83738494 349.145919654 27173.1083899 70 1129.93976054 40.3638028078 40.362816049 22.6361971922 557.06023945 25.8540803486
4584 348.4386066 3364.23632968 169.281712476 257.823272966 1.38002827621 4.77635657727 40.4899874239 195.530354755 352.574074687 30397.4517157 69 1201.04327684 40.1254844296 46.6773573113 22.8745155704 485.956723149 22.4259253156
4608 284.433646258 3024.89467538 170.502285963 258.113153249 0.138374152551 2.98968857218 36.3122388256 202.4465452 355.519400839 33193.9892495 69 1259.03927583 39.9931772604 45.093042441 23.0068227396 427.960724156 19.4805991634
4632 239.32909247 2738.07609341 172.880354595 258.266036581 1.02787415669 4.2926267871 23.0587172797 213.354745195 357.781433025 35581.2062404 68 1305.92721529 39.9015035203 52.5056636638 23.0984964797 381.072784702 17.2185669769
4656 206.264782016 2471.62658007 173.559366334 258.490761969 0.448930332628 4.2493842931 15.8668839133 220.944039491 359.660735899 37694.1967453 66 1344.07375846 39.8466177525 62.076755251 23.1533822475 342.926241528 15.3392641034
4680 181.117661983 2267.38544413 176.001593096 258.626962253 0.8045112024 1.43841926793 20.9646420901 218.165465186 361.070868843 39543.0565996 65 1375.45328273 39.7967334666 68.475206378 23.2032665334 311.546717259 13.9291311593
4704 161.438786157 2080.6887789 175.895498893 258.775757357 0.923667054772 1.1480203844 16.2248759424 222.927679261 362.294982002 41221.9391815 65 1401.63013798 39.7675958654 57.8215130938 23.2324041346 285.369862004 12.7050179997
4728 145.662849021 1920.44971268 175.00835447 258.873865617 0.116567399011 2.30719863777 20.1337360318 218.568632314 363.28245807 42716.2453483 64 1423.69882915 39.7428467776 55.4879729514 23.2571532224 263.301170834 11.7175419323
4752 132.824545637 1778.77098544 176.188658722 258.901473878 0.266452104142 1.20078557819 12.1564284422 227.474859997 364.126109987 44077.8475793 64 1442.43034191 39.7272506044 60.5544819139 23.2727493956 244.569658078 10.8738900151
4776 122.110007389 1671.70154794 175.584573051 258.938670499 0.341301731124 1.45949826699 10.6804878372 228.580041665 364.775077181 45302.5962241 64 1458.59431935 39.7032968325 68.9876309893 23.2967031675 228.405680637 10.2249228207
4800 113.044122193 1563.15536705 175.704623753 258.981729688 0.409088860761 0.474753645885 4.16671667261 235.967711132 365.393363757 46454.2823517 64 1472.70185272 39.6955614086 68.0261243141 23.3044385914 214.298147269 9.60663624484
4824 105.272237269 1479.35999762 176.505356242 259.026911403 0.446851997323 1.07591894269 7.41905194024 232.031265716 365.881407676 47494.5609934 62 1485.09237181 39.679505643 73.4535398887 23.320494357 201.90762818 9.11859232578
4848 98.4994990705 1412.1905027 177.526801982 259.073621371 0.480079658705 0.86033954048 10.5978602849 228.988099144 366.270623728 48435.372134 61 1496.12393931 39.6600606578 77.1476838859 23.3399393422 190.876060674 8.72937627401
4872 92.5293371427 1352.04232025 176.331922845 259.119257009 0.484442675683 0.592038498134 9.53286526113 230.271396556 366.624430217 49303.5379339 61 1506.04337175 39.6437551682 77.9650415168 23.3562448318 180.956628234 8.37556978535
4896 87.2200541751 1287.27806489 176.037852044 259.163450375 0.52209311109 1.27445468255 9.22741022341 229.812591607 366.949321501 50103.8186274 60 1515.02342463 39.6325273735 82.3699391435 23.3674726265 171.976575358 8.05067850072
4920 82.5174789003 1237.46125945 176.847852567 259.20791841 0.539215355389 0.738484056416 7.09053143355 232.423850744 367.248534178 50843.9641335 60 1523.10443342 39.6216359407 84.1001815795 23.3783640593 163.895566566 7.75146582443
4944 78.3028697481 1172.29133773 176.38303202 259.251345764 0.571143905582 1.22216676002 7.78761042439 231.167733145 367.544217412 51543.6337865 60 1530.45573401 39.621408502 95.2636016193 23.378591498 156.544265979 7.45578259015
4968 74.5240802454 1124.53005859 178.112244269 259.293693796 0.573125832741 0.79125854668 6.33440138566 233.007520438 367.779784378 52205.3502684 60 1537.12371922 39.6136316875 88.4218009803 23.3863683125 149.876280773 7.22021562437
4992 71.0855844328 1080.59385194 180.057893145 259.335158393 0.600777510774 1.13173819265 6.45881761714 232.473508286 367.982308763 52809.4506219 60 1543.2595645 39.6055715075 81.5554421445 23.3944284925 143.740435485 7.01769123879
5016 67.984358989 1034.01472671 180.675323903 259.376493305 0.622795321674 0.470250526415 8.65201156348 230.878449282 368.207924644 53380.5118045 60 1548.85965254 39.6071757218 76.7536224116 23.3928242782 138.140347447 6.79207535869
5040.0 65.1757753057 985.902058824 180.044676774 259.4159329 0.627895508205 0.89665357431 6.85271156393 232.206806452 368.428312152 53921.1138351 90 1553.98077182 39.6126713569 82.04986774 23.3873286431 133.01922817 6.57168784996
5064 62.6740125516 912.259552185 177.658064969 259.453410749 0.648619826423 0.132263071837 4.29335005472 235.472356297 368.699983663 54512.8410411 90 1558.59905709 39.6478452497 60.387985917 23.3521547503 128.400942902 6.30001633944
5088 60.4392827375 862.17361187 176.052057137 259.488122664 0.628951641721 0.418848951525 5.73989425221 233.724182489 368.933318931 55068.5420976 90 1562.7475389 39.6697178074 48.2879953266 23.3302821926 124.252461087 6.06668107136
5112 58.4012654441 826.612570853 175.427191569 259.520290722 0.622658605714 0.55972932528 2.72246158061 236.574859765 369.10451011 55589.5494477 90 1566.54930833 39.6785054187 41.3753743346 23.3214945813 120.450691658 5.89548989223
5136 56.5187436293 797.583791327 175.192814081 259.55086622 0.622538019818 0.682283702547 3.17371825746 235.970593799 369.245119398 56082.7772344 90 1570.08027698 39.6821680934 35.9527086641 23.3178319066 116.919723012 5.75488060446
5160 54.7681129671 774.168134734 175.803926467 259.580362867 0.628639145797 0.833906050606 4.08179068076 234.875301254 369.363639101 56544.0406444 87 1573.38117986 39.6814724811 35.0016797593 23.3185275189 113.618820125 5.63636090144
5184 53.1311201069 750.785360749 175.35463657 259.609242353 0.641395782429 0.989358733617 3.55985873065 235.200144398 369.473863125 56983.9550287 87 1576.48453169 39.681148171 35.4331407113 23.318851829 110.515468295 5.52613687738
5208 51.597406993 731.253158814 175.205943392 259.637702148 0.645735278403 0.159647871811 5.65387200526 233.903042695 369.57504567 57400.3999264 86 1579.40680111 39.6794186888 36.7189376597 23.3205813112 107.593198876 5.42495433147
5232 50.1545464951 712.39677894 176.113714043 259.664815076 0.630721436772 0.394732718939 4.34553751429 234.964193252 369.665013787 57800.2183616 86 1582.16894555 39.6772689178 33.2524412359 23.3227310822 104.831054437 5.33498621487
5256 48.7967914954 696.532504553 175.516703623 259.690613742 0.623656016853 0.535631054022 3.8750672066 235.275031979 369.749273579 58176.7249789 86 1584.77991713 39.6740359016 32.8272169045 23.3259640984 102.220082864 5.25072642316
5280 47.5132962839 678.150636283 175.319883289 259.715511788 0.622495182834 0.651375009619 4.15513000876 234.85548801 369.832984066 58534.2195562 85 1587.25935565 39.6738008942 36.1510948108 23.3261991058 99.7406443373 5.16701593606
5304 46.2979647534 665.549477048 176.661837172 259.739764682 0.626361374721 0.791222375482 4.10558542212 234.737066144 369.898101593 58869.3848982 84 1589.61542699 39.6687623215 36.4827387569 23.3312376785 97.3845730041 5.10189840878
5328 45.1465247148 646.105267787 176.216492664 259.763576649 0.63518544282 0.934201501713 2.77377947907 235.893256926 369.980042537 59198.2835701 84 1591.8586799 39.6722374268 35.5650860152 23.3277625732 95.141320093 5.01995746469
5352 44.0553324164 632.31685854 175.619015015 259.787107468 0.647665903827 1.01910422619 2.28874200587 236.257380395 370.048292193 59507.1729198 82 1593.99067828 39.6694985537 35.9543199323 23.3305014463 93.0093217072 4.95170780909
5376 43.0156943768 619.709929187 175.427594332 259.809971759 0.628037882548 0.0869283192787 3.72502600785 235.75003603 370.109781913 59800.1465197 80 1596.02885687 39.6661356532 35.2934865504 23.3338643468 90.9711431213 4.89021808893
5400 42.0271964962 608.655271714 175.367964877 259.831569044 0.61130741644 0.19052495196 3.85719565555 235.509402931 370.16955152 60076.0175859 79 1597.97379468 39.6643574121 37.4386769909 23.3356425879 89.0262053084 4.83044848233
5424 41.0789144211 598.165930215 175.793554931 259.852282609 0.599792365117 0.341741260016 3.72778115873 235.478402605 370.216581396 60332.6316502 75 1599.84406974 39.6568895511 40.1713184893 23.3431104489 87.1559302549 4.7834186056
5448 40.1761849896 585.405169143 175.543083659 259.872154098 0.593248323214 0.452903845924 3.4495927177 235.632101013 370.276732394 60583.6357801 75 1601.63214757 39.6580551742 41.3583147056 23.3419448258 85.3678524184 4.7232676081
5472 39.3145443325 573.603664382 176.639600801 259.891387604 0.590192974978 0.551055937812 2.99411940433 235.973244077 370.327165194 60820.0815945 74 1603.34340408 39.6573634663 42.5481150159 23.3426365337 83.656595913 4.67283480791
5496 38.4886088174 563.984630785 179.553106692 259.910176867 0.590142488951 0.624505474571 2.41897184996 236.456203318 370.365502716 61038.7960472 71 1604.98749525 39.6534221326 43.4504956843 23.3465778674 82.0125047367 4.63449728599
5520 37.6933523774 556.705360265 178.137557443 259.928689432 0.592488452209 0.702719273097 2.70026707695 236.075835764 370.400306814 61241.4840677 71 1606.57389926 39.6454510848 46.8151840296 23.3545489152 80.4261007274 4.59969318787
5544 36.9263429878 553.24031843 179.114202715 259.947017765 0.596322699813 0.731307792222 1.96126928714 236.764082455 370.431712738 61428.1036847 71 1608.10788411 39.636095726 46.0752557951 23.363904274 78.8921158767 4.56828726421
5568 36.183048456 544.188331589 176.909871477 259.965278025 0.601360376324 0.801664439843 2.05414838935 236.577548768 370.465195569 61603.822024 70 1609.59820509 39.6283990552 49.41777822 23.3716009448 77.4017948978 4.53480443255
5592 35.4696448762 537.448082579 176.817030223 259.983334784 0.60775998961 0.834839934372 3.06599189398 235.508073397 370.504031639 61768.4900458 70 1611.03333413 39.6246311275 52.3058172657 23.3753688725 75.9666658632 4.4959683626
5616 34.7844332169 526.836006063 177.865164614 260.001222654 0.615191633556 0.909834229145 4.84500994232 233.62874154 370.544645047 61928.4841724 70 1612.41566543 39.6265120813 53.7658203444 23.3734879187 74.5843345582 4.45535495454
5640 34.1237716905 514.863800794 178.729690868 260.019052867 0.624992531243 1.0022936961 3.46233371397 234.89132719 370.577879339 62074.8591483 70 1613.75129149 39.6279022144 57.1319380656 23.3720977856 73.2487085033 4.42212066331
5664 33.4906092357 506.298450959 177.430381911 260.036768548 0.636595789148 1.09597939484 3.91101361627 234.31964265 370.615606746 62218.2513908 70 1615.03388056 39.6263764826 57.0836778547 23.3736235174 71.9661194316 4.38439325552
5688 32.8807841965 499.46926357 177.574603109 260.054154728 0.623923664071 0.145731195348 2.39432517365 236.781865237 370.649099393 62347.7549401 68 1616.27163299 39.624691857 59.8810406419 23.375308143 70.728367004 4.35090060901
5712 32.2920940344 489.48672685 180.123667516 260.070898932 0.612349528123 0.238316108552 2.67896315647 236.399472274 370.670941138 62468.1952204 68 1617.46897266 39.624342672 61.0393730292 23.375657328 69.5310273253 4.32905886382
5736 31.7207797754 488.265460706 181.274065686 260.087171762 0.603538200306 0.32130875504 3.89836948276 235.089611798 370.687734823 62568.6367642 67 1618.63170555 39.6137045259 64.7646866301 23.3862954741 68.3682944381 4.31226517945
5760.0 31.167120224 480.396909666 179.435702657 260.103024232 0.59710428374 0.378317356356 1.07671358726 237.844840539 370.717976965 62675.8836531 97 1619.76200618 39.6105896616 61.4677758817 23.3894103384 67.2379938108 4.28202303675
5784 30.6415923867 457.947587395 177.042448624 260.118190121 0.592335479357 0.448718851516 4.0086702219 234.832085325 370.767833667 62804.3180054 96 1620.8412785 39.6386730055 53.1638747651 23.3613269945 66.1587214951 4.23216633472
5808 30.1432674169 445.859889422 176.102877748 260.132724328 0.589922928728 0.533859323521 3.68722297568 235.056270442 370.815750995 62919.3046309 95 1621.86413676 39.6498178364 48.7209581235 23.3501821636 65.1358632305 4.18424900671
5832 29.6648352531 438.918042224 175.737356757 260.146868903 0.588918859232 0.553369475305 1.35101060137 237.359832159 370.848557772 63025.02745 92 1622.84636136 39.6505951424 44.3155219486 23.3494048576 64.1536386321 4.15144222968
5856 29.2020369527 429.781665694 175.598806365 260.160753871 0.588779465795 0.623187098422 2.81322299079 235.814056572 370.880067461 63125.8374385 91 1623.79835114 39.6558985702 39.8776285069 23.3441014298 63.2016488508 4.11993254078
5880 28.7553546827 423.361719373 175.537408874 260.174380578 0.59005317531 0.661872794522 2.22285633354 236.350837117 370.90847893 63214.5497842 87 1624.71811264 39.6563874658 39.804193769 23.3436125342 62.2818873466 4.09152107141
5904 28.3231066238 415.536548079 176.386063637 260.187807163 0.592071306465 0.705071379878 3.52515810142 234.989892048 370.936967781 63299.2444289 82 1625.609763 39.6601685477 38.2300946063 23.3398314523 61.3902369895 4.0630322208
5928.0 1027.90296382 412.808483697 175.832228008 260.201112332 0.595097968618 0.741365690994 0.766126469079 237.696297538 370.954519401 63371.4464514 81 1626.47671628 39.6551459485 37.8420970802 23.3448540515 60.5232837109 4.04548060054
5952 947.96579439 3645.12171793 157.612344427 260.27520613 0.622753887536 0.587631643661 10.8101556304 227.704252707 363.688671007 68848.1720522 79 921.422761397 42.164412321 21.5375179997 20.835587679 765.577238594 11.3113289948
5976 834.440951101 4514.37489649 161.897109209 260.395696363 0.643273089507 1.30669946216 12.6847918035 224.96953928 362.047832632 73741.015049 78 953.712309764 41.1796276384 32.7332148195 21.8203723616 733.287690227 12.9521673698
6000 730.470590549 4682.11624882 165.356608745 260.531481566 0.697558964658 1.13025951558 14.1457208728 223.494979079 362.267591985 78384.639593 78 989.638673938 40.8023927451 28.6543804798 22.1976072549 697.361326053 12.7324080164
6024 643.526220403 4601.23967743 167.452945531 260.67886602 0.842010760802 1.43157647473 17.0271714365 220.020375307 363.013661996 82773.1905795 78 1025.35899714 40.5921838072 23.3477925567 22.4078161928 661.641002847 11.9863380057
6048 571.938070008 4442.51662622 169.765086912 260.841855462 0.975517504438 1.79900798994 15.5613778663 220.822241176 363.818477814 86877.9942394 77 1059.51218615 40.4453678292 35.6455508134 22.5546321708 627.487813838 11.1815221877
6072 513.019364136 4259.23409201 172.044141878 260.924898923 0.301803177492 2.00784740278 16.8246334404 219.940817055 364.606186433 90763.4009934 76 1091.49220924 40.3378756378 34.3915704087 22.6621243622 595.507790754 10.3938135681
6096 463.972821932 4075.91900512 172.543794225 260.979631115 0.402817297938 1.26034831406 13.8299774343 223.527225838 365.303242873 94424.3072911 75 1121.23727575 40.2492870257 36.9926826669 22.7507129743 565.762724241 9.69675712897
6120 422.777708229 3894.96425624 172.365293966 261.038477129 0.446507263092 0.414701915136 14.4869350363 223.613378655 365.938629955 97881.2003996 75 1148.75601833 40.178351309 44.0265690473 22.821648691 538.243981665 9.06137004684
6144 387.86587809 3722.84910067 173.611590649 261.09924445 0.497498994245 0.904553365655 12.0004775803 225.498225609 366.51405453 101159.669875 74 1174.13241647 40.1217684649 41.6250706926 22.8782315351 512.867583523 8.48594547133
6168 357.941226036 3576.49482679 174.126726763 261.159992866 0.520722096428 1.15323501765 11.9591968083 225.206853211 366.995230792 104243.313074 72 1197.5414155 40.066292287 43.0147966941 22.933707713 489.458584491 8.0047692098
6192 332.009090214 3435.933665 176.24874928 261.220637074 0.56752722903 1.43287159167 11.9571327544 224.82183135 367.428372253 107161.278497 71 1219.20423598 40.0199724343 39.1415549 22.9800275657 467.795764015 7.57162774874
6216 309.340507087 3326.56202963 174.822042912 261.28439992 0.609516790887 0.886751239371 9.99479139432 227.224540654 367.789613533 109890.547624 69 1239.26766843 39.9711908552 46.0214302046 23.0288091448 447.732331562 7.21038646815
6240 289.322058408 3194.10134871 174.516352482 261.345574772 0.609363802511 0.91629224156 11.6443753707 225.484393812 368.144295112 112486.94337 69 1257.954591 39.9371886793 51.1985910767 23.0628113207 429.045408991 6.85570488921
6264 271.669288053 3076.33796671 175.233996168 261.405884406 0.682840741585 1.94677050804 12.6558000396 223.308704303 368.475125342 114977.950426 67 1275.23361378 39.908109562 52.2336834369 23.091890438 411.766386215 6.52487465968
6288 255.969743105 2972.15911329 176.919538723 261.466937557 0.673726830827 0.574499940663 3.4846997166 233.800135954 368.764966901 117319.709433 67 1291.26665398 39.8800118142 66.3751577403 23.1199881858 395.733346013 6.2350331009
6312 241.88498211 2881.65389131 177.324462736 261.52420017 0.681011735173 1.00445778542 8.62183885158 228.168491456 369.009999693 119559.807029 66 1306.21173942 39.8500289298 65.3462528244 23.1499710702 380.788260567 5.99000030832
6336 229.175957926 2803.7844427 180.084051789 261.580288348 0.692919157326 0.650090382024 9.37492622265 227.701775889 369.224008844 121673.731614 64 1320.17998535 39.8205313683 70.9419217964 23.1794686317 366.820014641 5.77599115744
6360 217.665460982 2703.61648458 179.482235556 261.634334464 0.708704524405 0.190731918968 6.45701235534 231.009216736 369.455091778 123725.841898 63 1333.25950455 39.8029234437 71.3203517259 23.1970765563 353.740495443 5.54490822361
6384 207.159356502 2644.10023228 177.724659967 261.686004787 0.691543331806 0.757223938875 7.85524675602 229.009981185 369.623084001 125627.014281 61 1345.54250976 39.7732476853 77.7759345909 23.2267523147 341.457490229 5.37691600076
6408 197.53504377 2583.89371175 178.045323071 261.735873629 0.71026145071 1.13340311991 5.85126152038 230.569200279 369.788077908 127442.749807 61 1357.11431125 39.7484203457 83.9673034276 23.2515796543 329.885688739 5.21192209389
6432 188.718451552 2498.64130676 179.09587186 261.783939206 0.690017208463 0.414337607704 3.47486105799 233.636844918 369.970047295 129217.346291 61 1368.00033445 39.7346389911 82.5306543965 23.2653610089 318.999665541 5.02995270666
6456 180.648857697 2428.47885286 177.999927509 261.828783916 0.681416210674 0.692322779625 5.37932253173 231.418154561 370.138441328 130896.762075 60 1378.20241802 39.721461654 83.4355296358 23.278538346 308.797581969 4.86155867363
6480.0 173.179600569 2371.11690999 179.411873801 261.872194849 0.69244990531 1.00206047758 4.63727126112 231.796023506 370.262222989 132485.563053 90 1387.84536082 39.700497308 89.5719479369 23.299502692 299.154639169 4.73777701286
6504 166.500419784 2177.80650358 177.34047656 261.913708438 0.710613317558 0.255543372154 6.9573866192 230.162748252 370.560862673 134231.136219 89 1396.70807019 39.7453040316 46.9481330433 23.2546959684 290.291929798 4.43913732854
6528 160.580137866 2052.19700429 177.004849539 261.951804979 0.695177853022 0.546897171887 5.19733237938 231.608787616 370.792633751 135895.783339 87 1404.68879762 39.7710277981 32.5827956826 23.2289722019 282.311202372 4.20736625068
6552 155.190106858 1975.54811599 176.267709713 261.987285386 0.692087975323 0.734819196111 4.87918244091 231.706625001 370.949403829 137487.232038 87 1412.05642367 39.7762158884 28.9983660625 23.2237841116 274.943576321 4.05059617308
6576 150.213600791 1907.92227332 175.991099033 262.02123003 0.697785994342 0.893585388038 5.04411973727 231.343278849 371.084713494 139039.41651 87 1418.95954115 39.7790105597 28.9689183231 23.2209894403 268.040458842 3.91528650772
6600 145.577212008 1859.08326143 177.44166397 262.054319924 0.710266208351 1.01707135146 3.81812235492 232.40022016 371.187328424 140533.743755 87 1425.47550904 39.7733712162 26.147654502 23.2266287838 261.524490948 3.81267157797
6624 141.249576159 1809.27289181 176.465573107 262.085941628 0.685743387809 0.185506859363 6.19878660002 230.844021524 371.293272665 141993.140366 87 1431.6403158 39.7707627561 26.1630153639 23.2292372439 255.359684192 3.70672733706
6648 137.185354658 1773.13607023 176.148380372 262.115551323 0.667750651378 0.342336020578 4.23901322632 232.635348778 371.378253176 143397.577092 87 1437.49814671 39.7620979296 27.41059615 23.2379020704 249.501853274 3.62174682541
6672 133.353691117 1736.03741246 176.075059912 262.143692906 0.658344327159 0.548052149725 6.85083560011 229.799075016 371.459655569 144764.365034 87 1443.08685894 39.7551688668 25.5979945841 23.2448311332 243.913141053 3.54034443308
6696 129.736513497 1697.95817786 176.087933954 262.17082043 0.658291473878 0.732822533519 3.18373106059 233.254334501 371.536759526 146091.623388 85 1448.42182697 39.7485143243 24.4661706249 23.2514856757 238.578173022 3.46324047628
6720 126.322207242 1659.31647688 176.913066423 262.197256854 0.66464219097 0.926684876785 7.18494433376 229.026471744 371.614758523 147381.460211 85 1453.51308532 39.7454721042 25.6598240723 23.2545278958 233.486914669 3.3852414789
6744 123.098763894 1624.66556692 176.442279019 262.223085127 0.659563711321 0.169503829199 4.83112522964 232.116722102 371.687211231 148637.832768 85 1458.36731303 39.7408946128 26.9448220593 23.2591053872 228.632686963 3.31278877075
6768 120.050012327 1586.80706409 176.288175551 262.247593007 0.644682514008 0.346203070516 2.36853359332 234.392987815 371.75935007 149869.57098 85 1463.00354005 39.7391703241 28.0960844378 23.2608296759 223.996459942 3.24064993194
6792 117.154109493 1556.08541623 176.264877724 262.271029213 0.635617420541 0.441186880923 4.81980921004 231.832357275 371.820521821 151062.378144 85 1467.44536271 39.7337321834 29.8914153529 23.2662678166 219.554637283 3.17947818088
6816 114.398940333 1533.96008504 176.2918228 262.293633496 0.631987894238 0.626259401247 5.85609986445 230.592019343 371.874144716 152216.551678 84 1471.70659207 39.7251934447 30.3611870007 23.2748065553 215.293407916 3.12585528624
6840 111.776788232 1505.38189083 177.404788198 262.315640768 0.633996543278 0.719441827199 1.84316420323 234.487756657 371.930061532 153344.99955 84 1475.79758942 39.7207765276 30.824100627 23.2792234724 211.202410572 3.06993846999
6864 109.279438719 1475.08031198 177.689326061 262.337187532 0.637787636636 0.788365122538 4.66334581139 231.573313897 371.986668958 154448.819211 81 1479.72523293 39.7180619362 30.3767215071 23.2819380638 207.274767061 3.01333104369
6888 106.896236257 1450.20838239 176.885461035 262.358377615 0.643858410876 0.851228211741 2.29487084234 233.851664919 372.038551538 155521.144329 80 1483.50077113 39.7133483639 32.0062140596 23.2866516361 203.499228864 2.9614484636
6912 104.612146637 1431.86675405 176.63375588 262.379355212 0.651496788614 0.926264250263 2.73684698917 233.306036759 372.080792991 156553.063052 78 1487.14392432 39.7050913391 38.6486073249 23.2949086609 199.856075667 2.91920701063
6936 102.416170609 1416.8976445 176.592785471 262.400231263 0.660662014124 0.957080548923 1.12558614009 234.856440032 372.116810504 157554.483727 77 1490.66991351 39.6939567971 42.2740635808 23.3060432029 196.330086483 2.88318949781
6960 100.305633134 1398.98927444 177.041123414 262.421013024 0.670162727651 0.991469765487 3.36608020915 232.551274273 372.154850704 158535.112175 75 1494.08270242 39.685666164 38.9872095295 23.314333836 192.917297572 2.84514929809
6984 98.279395076 1372.1021824 178.038369122 262.441624574 0.669821382037 0.0512272870339 4.4374065088 232.399920247 372.199271979 159485.706854 75 1497.38303785 39.6846769874 47.8295189417 23.3153230126 189.616962139 2.80072802246
7008 96.3428535096 1350.1035653 178.012774673 262.461365934 0.653400388442 0.160864306198 3.27967264573 233.444696725 372.244318921 160428.108761 75 1500.55685282 39.6822664928 44.8096179506 23.3177335072 186.443147166 2.75568108059
7032 94.4857708573 1329.31177177 177.191071975 262.480246672 0.640393369848 0.233194471588 2.03340262933 234.612762857 372.283935093 161341.008139 74 1503.6176396 39.6776236921 48.0930577949 23.3223763079 183.382360384 2.71606490844
7056 92.6989969034 1309.39348762 177.853180215 262.498425576 0.629458197494 0.28071085985 2.70014727092 233.891258095 372.319405319 162235.300419 72 1506.57939782 39.6733639537 45.5449048183 23.3266360463 180.420602173 2.68059468252
7080 90.9791397432 1292.47372502 177.639699301 262.515975238 0.62018864131 0.306159116398 1.27829635741 235.279380646 372.354547 163098.135038 71 1509.4460074 39.6685837451 51.700323852 23.3314162549 177.553992592 2.64545300202
7104 89.3220451137 1278.85304111 178.091835002 262.532963145 0.612314174366 0.358898251542 2.67637641627 233.819448012 372.386235778 163943.837405 69 1512.22248428 39.6624805267 50.8907484857 23.3375194733 174.777515706 2.61376422424
7128 87.7121250448 1273.68005792 178.773483957 262.549583181 0.606315250209 0.412000778346 2.00010252792 234.431998261 372.404672709 164746.066202 68 1514.93115121 39.6492722829 55.0472769793 23.3507277171 172.068848782 2.59532729304
7152 86.1516735168 1257.39400204 178.194591873 262.565843519 0.601668180652 0.45417787622 2.25805281594 234.120257607 372.431538132 165534.810279 68 1517.57223543 39.6431313446 61.6389284632 23.3568686554 169.427764558 2.5684618697
7176 84.6454811488 1247.50078406 178.439471265 262.581716337 0.598463929622 0.496460620296 0.401076649459 235.922282463 372.459001557 166301.729451 67 1520.13417136 39.63630891 63.5258073957 23.36369109 166.865828628 2.54099844504
7200.0 83.1768241446 1243.1143517 177.627204087 262.597395873 0.596090225986 0.5218305056 2.52782341834 233.756859976 372.472839285 167036.483885 97 1522.64124352 39.6219690631 67.5540006873 23.3780309369 164.358756466 2.52716071694
7224 81.7781215663 1183.62856444 177.257690421 262.612542203 0.594960859144 0.573073412088 0.407116346955 235.812307178 372.535230182 167838.442559 96 1525.05324535 39.6497467452 49.8314391989 23.3502532548 161.94675464 2.46476981999
7248 80.4603925632 1148.02182108 177.754205579 262.627034543 0.594622426733 0.590064107661 1.10043609569 235.087842826 372.588905427 168615.472215 95 1527.33191185 39.6646847354 37.3160557906 23.3353152646 159.668088135 2.41109457537
7272 79.206711948 1117.06093059 177.153536524 262.641043305 0.59493666345 0.630934175384 3.55311185922 232.579973996 372.636031101 169380.811805 95 1529.50772604 39.6769118841 31.6020082034 23.3230881159 157.492273943 2.3639689007
7296 78.004841254 1097.02377684 176.907418413 262.654702462 0.596370544869 0.687357131918 3.82505212538 232.236517735 372.670499341 170128.791448 94 1531.59947606 39.6803839071 26.038415824 23.3196160929 155.400523928 2.32950066068
7320 76.8437688359 1080.64273579 177.35498368 262.668144858 0.598917382252 0.72305351592 1.03112416377 234.978760079 372.698446365 170853.935687 91 1533.62689408 39.6805812722 25.6287295433 23.3194187278 153.373105901 2.30155363709
7344 75.7177033011 1073.38466978 177.004998231 262.681439242 0.60192729299 0.750101515226 1.17005243771 234.796479511 372.717920682 171551.858218 90 1535.59873088 39.6735832187 29.1958837096 23.3264167813 151.401269109 2.28207932016
7368 74.6250584093 1055.81467562 177.330968748 262.694599094 0.60522222348 0.760442552994 2.26106850131 233.678667627 372.744272189 172249.518338 89 1537.52081085 39.6749285066 28.1391865376 23.3250714934 149.479189139 2.25572781306
7392 73.5665590009 1043.95398083 177.560743542 262.707606832 0.608910132827 0.786028149051 1.23180769447 234.66564719 372.766587269 172926.954194 88 1539.38855336 39.6726678065 29.8021624225 23.3273321935 147.611446623 2.23341273342
7416 72.5385550898 1032.50432049 177.114073405 262.720500842 0.612848938545 0.80614081866 1.13694523806 234.723564162 372.787195291 173593.377761 88 1541.20833593 39.6692185468 29.3367856906 23.3307814532 145.791664056 2.21280471144
7440 71.5413718535 1017.58613916 176.953943169 262.733267766 0.616959785634 0.825747851257 1.96094127912 233.863083317 372.811601663 174253.464336 88 1542.98037796 39.6701831251 26.3994083414 23.3298168749 144.01962203 2.18839833844
7464 70.571108893 1009.36950115 176.91751396 262.745949667 0.621400858552 0.847593737914 0.712910709486 235.072145026 372.828881787 174887.486505 86 1544.70871235 39.6648969149 29.0593370493 23.3351030851 142.291287636 2.17111821481
7488 69.6282924804 999.071664518 176.910968286 262.758532632 0.6260200643 0.859678484427 1.41097293086 234.344795888 372.850506783 175511.099959 85 1546.39443074 39.6640047214 32.9482588937 23.3359952786 140.605569248 2.14949321933
7512 68.7086196314 992.827599265 177.371405972 262.771064916 0.630698344168 0.866214691018 1.06527211747 234.66674993 372.862530395 176116.348567 85 1548.04220325 39.6563533796 36.3358751724 23.3436466204 138.957796735 2.13746960728
7536 67.8139014844 975.592440528 177.110901158 262.783511999 0.635562469033 0.895475033197 1.60644799471 234.079002503 372.886468653 176726.193647 85 1549.65231457 39.6596470579 35.5017418911 23.3403529421 137.347685414 2.11353134862
7560 66.943236054 973.513618538 178.298575021 262.795880567 0.640656190617 0.902134653244 1.12628295133 234.535045637 372.898220524 177302.021574 82 1551.22147394 39.6512227789 40.3625468535 23.3487772211 135.778526042 2.10177947797
7584 66.0890612546 967.195312336 177.512592009 262.808270957 0.645907615652 0.936837673457 3.56063236099 232.048351392 372.910940525 177866.349149 82 1552.76541194 39.644808295 46.6349200463 23.355191705 134.234588042 2.08905947706
7608 65.2581731024 950.312567251 177.223067775 262.820583744 0.651791932725 0.974818851537 1.91905655093 233.63374892 372.933680838 178437.148859 82 1554.27349374 39.6486594291 47.5430326455 23.3513405709 132.72650625 2.06631916364
7632 64.4515542397 939.639988916 177.113884381 262.832800102 0.657842866825 0.982349306432 1.26172521756 234.265282506 372.952563535 179001.182055 80 1555.74071015 39.647768703 41.6089459113 23.352231297 131.259289838 2.04743646725
7656 63.6639090472 933.855151529 177.096343894 262.844989144 0.663950818458 1.00832758092 3.51689643289 231.965836022 372.964961832 179535.744829 79 1557.17615742 39.6420016854 46.8033676084 23.3579983146 129.823842566 2.0350381704
7680 62.895913464 919.628794448 177.467105952 262.857059867 0.658280663359 0.0426623890223 1.73423989887 234.707757181 372.984647075 180078.023137 77 1558.58087238 39.6447743668 42.1498541217 23.3552256332 128.419127609 2.01535292648
7704 62.1487716378 914.155171804 177.234318397 262.868762757 0.647565040149 0.066179415805 1.92327320757 234.494219579 372.99866805 180592.85226 76 1559.94973509 39.6400849417 49.0564301016 23.3599150583 127.050264896 2.0013319519
7728 61.4165553506 909.56089423 177.676885342 262.880184447 0.637496481985 0.0882135948009 2.07920763228 234.314897843 373.008451218 181099.277848 76 1561.29413069 39.6342541434 50.7027989442 23.3657458566 125.705869298 1.99154878372
7752 60.6975808964 904.775033926 177.85132749 262.891361641 0.628213052109 0.123715070724 2.17958550061 234.177124734 373.018911816 181594.924902 74 1562.61744458 39.6287376424 47.6264904842 23.3712623576 124.38255541 1.9810881864
7776 59.9933224885 895.801828856 178.977061185 262.902283652 0.619681682711 0.145588761217 1.26844189994 235.064004003 373.03072717 182072.459298 73 1563.91721681 39.6258412032 52.3125823531 23.3741587968 123.082783179 1.96927283227
7800 59.3067385319 891.715106652 178.959175026 262.912914025 0.611836628255 0.17777418474 2.27860339434 234.018871767 373.041940206 182541.339001 73 1565.18701292 39.6207042616 55.4920334173 23.3792957384 121.812987069 1.95805979575
7824 58.6357753902 881.101520809 179.014983673 262.923294513 0.60472254502 0.208343736124 2.24353441101 234.020104794 373.058396413 183013.270608 73 1566.43178802 39.6221206508 52.6507743522 23.3778793492 120.568211968 1.94160358926
7848 57.9798600558 873.565202305 178.647324595 262.933443719 0.5982898389 0.227643474026 1.18397220413 235.056650763 373.069922312 183470.02662 73 1567.65040928 39.6185010812 52.2081073798 23.3814989188 119.349590705 1.93007768972
7872 57.3383858444 865.016029266 178.751239885 262.943377845 0.592348682474 0.249294313955 2.07486575387 234.140113404 373.086117959 183916.789353 72 1568.84558078 39.6196726746 54.1477842451 23.3803273254 118.154419208 1.91388204245
7896 56.7135054274 853.553050098 177.817344928 262.95306867 0.586849390028 0.261885325818 1.92381587129 234.274380742 373.101840023 184363.125355 72 1570.01235811 39.6209397696 56.0858957439 23.3790602304 116.987641879 1.8981599786
7920.0 56.1011315564 850.229628294 178.139212521 262.962583246 0.581760480851 0.283348650849 0.718232006937 235.454075614 373.108657585 184793.312302 101 1571.15675899 39.6143032697 54.9450130949 23.3856967303 115.843240992 1.89134241655
7944 55.5074243826 824.373929814 177.569187832 262.971830285 0.577174943896 0.305622399659 2.43321105709 233.712161313 373.130046582 185253.458187 99 1572.27234621 39.6324526373 43.8183737607 23.3675473627 114.72765377 1.86995341977
7968 54.9357104309 808.677255549 178.06810105 262.980762634 0.573265508631 0.334147555485 1.03308462297 235.078739678 373.151161508 185699.402587 97 1573.34734717 39.6407611073 38.0650009114 23.3592388927 113.65265281 1.84883849356
7992 54.3793865054 799.010361667 178.357735221 262.989487837 0.56973931899 0.346590530459 1.60253983627 234.491642476 373.165936051 186133.983861 96 1574.39436297 39.642709655 33.1010731239 23.3572903449 112.605637013 1.83406395059
8016 53.8360784248 789.099634833 178.559900557 262.998044319 0.566462867649 0.357292837976 2.12651900606 233.951680968 373.180875618 186559.899979 94 1575.41880248 39.6452978369 30.4098827928 23.3547021631 111.581197506 1.81912438314
8040 53.3061949016 779.379441688 177.629918645 263.006426784 0.563539902349 0.377882569189 0.576900268412 235.475250475 373.195449945 186979.446639 93 1576.41979384 39.6481574115 30.855288655 23.3518425885 110.580206143 1.80455005661
8064 52.7889395874 772.96068605 177.281814545 263.014649917 0.560925554663 0.387902882396 0.998086662119 235.038434982 373.207791861 187393.39925 92 1577.39826376 39.6478630655 28.8303355544 23.3521369345 109.601736224 1.79220814007
8088 52.2802116576 769.227506957 177.978280276 263.02278003 0.558522262702 0.398902861308 1.39307890435 234.62671594 373.214086679 187793.135355 89 1578.3614561 39.6423971802 27.1041028434 23.3576028198 108.638543883 1.78591332206
8112 51.7803925058 765.313042475 178.769549528 263.030812513 0.556453740836 0.435060510898 3.70952301208 232.268150222 373.222250791 188178.96069 89 1579.3097194 39.6388315098 29.4702178176 23.3611684902 107.690280582 1.77774921083
8136 51.2893763549 758.536815534 177.75350099 263.038753866 0.554927303239 0.464807883106 2.00951850667 233.93199244 373.23321816 188560.928018 87 1580.24312782 39.6381074925 32.9820223764 23.3618925075 106.756872161 1.76678184108
8160 50.8081225947 751.249388603 178.691361106 263.046592674 0.553776241883 0.484878159832 1.29231589707 234.622437025 373.244136633 188939.548933 85 1581.15963611 39.638615093 32.2387923579 23.361384907 105.840363874 1.75586336835
8184 50.3358115226 747.401227161 177.739943648 263.054344472 0.552937499099 0.500349290162 1.55235148405 234.340017253 373.25194478 189307.746655 83 1582.05999777 39.6343646295 33.4397857836 23.3656353705 104.940002216 1.74805522152
8208 49.8731863165 738.945073756 177.84979949 263.061998189 0.55233564082 0.51573107975 1.77440156807 234.095533521 373.263900986 189672.909903 83 1582.94409591 39.6374146448 36.3033918102 23.3625853552 104.055904076 1.73609901594
8232 49.4194751814 735.415028781 179.085239924 263.069567055 0.551973630686 0.532114666729 0.960432850934 234.885911796 373.271133738 190025.502893 82 1583.8117521 39.6330538879 40.4892926879 23.3669461121 103.188247883 1.72886626342
8256 48.9723771032 732.048391405 177.912372695 263.077090316 0.551803809525 0.544390933537 1.13614337898 234.690571561 373.276766572 190375.392153 82 1584.66786783 39.6281864232 40.2395493401 23.3718135768 102.33213215 1.72323342998
8280 48.5323251802 725.223818495 177.496073031 263.084560992 0.551756893313 0.554973124337 2.29300402204 233.515704967 373.286551561 190720.874565 82 1585.51237487 39.6286709985 40.3310186676 23.3713290015 101.487625113 1.71344844075
8304 48.0998395442 724.537379785 177.358474609 263.091969875 0.55185008772 0.560907703374 0.432198417571 235.363073915 373.292933255 191049.445804 80 1586.34301727 39.6232022534 44.360842806 23.3767977466 100.656982711 1.70706674642
8328 47.6732110219 717.466816186 178.079975885 263.099345667 0.552011793056 0.567182125232 0.555609040672 235.225851372 373.300032032 191382.331377 78 1587.16391385 39.6219633262 40.1880742077 23.3780366738 99.8360861319 1.69996796971
8352 47.2561008949 708.309418533 178.226844059 263.106623673 0.55226189878 0.577640612974 1.62755713236 234.135916682 373.311862161 191708.190656 77 1587.96829762 39.6259661674 42.2364707528 23.3740338326 99.0317023634 1.68813784037
8376 46.8461606443 708.784347684 178.377652347 263.113843984 0.552728209306 0.596001044 1.65648462982 234.080942132 373.315730372 192019.523262 76 1588.7587609 39.6181918586 43.1285451614 23.3818081414 98.241239079 1.68426962957
8400 46.4420614441 704.263682439 179.79817435 263.121030547 0.553309576881 0.600228667681 0.695890975759 235.029540231 373.321367721 192329.901288 75 1589.53954947 39.6159383485 39.3733953212 23.3840616515 97.4604505112 1.6786322803
8424 46.0425333333 701.21062077 178.273100103 263.128205393 0.55393627797 0.603687912205 0.728276317956 234.985894098 373.327526054 192626.834673 75 1590.31231359 39.612006146 39.5316817213 23.387993854 96.6876863885 1.67247394782
8448 45.6517466215 693.415418442 178.679051047 263.135291955 0.554602466287 0.613634492101 2.70654372188 232.989927364 373.339075476 192921.185178 75 1591.07005409 39.6151794227 44.8026200671 23.3848205773 95.9299458899 1.66092452534
8472 45.2680790069 686.312593338 178.322951635 263.142318201 0.555453483243 0.630711360101 2.64030345181 233.031213502 373.34800183 193212.207313 75 1591.81481269 39.6176198291 50.0443949593 23.3823801709 95.1851872921 1.6519981712
8496 44.8918721583 679.588628374 177.70818292 263.149277681 0.556494984975 0.650644809328 2.53442847742 233.109154046 373.357017507 193503.569219 75 1592.54585782 39.6181967152 52.6804296145 23.3818032848 94.454142166 1.64298249467
8520 44.5221572103 675.959923176 177.881348791 263.156188697 0.557813873172 0.674945663241 1.39223838665 234.218813379 373.363119184 193785.616119 75 1593.264938 39.6162551461 57.4623602745 23.3837448539 93.7350619815 1.63688081708
8544 44.1565525884 679.76364394 179.067404985 263.163097132 0.559308054306 0.685531554743 2.26830412317 233.323759134 373.36083816 194056.006199 75 1593.97583294 39.6027764072 56.8131352085 23.3972235928 93.0241670416 1.63916184178
8568 43.7966374975 669.735573013 179.241084502 263.169973338 0.560954791834 0.702264530331 1.10986355703 234.456943782 373.373428164 194334.361877 75 1594.67860889 39.6114721784 56.1504383652 23.3885278216 92.3213910902 1.62657183772
8592 43.4419223213 666.508680775 179.436966931 263.176826721 0.562737632416 0.711626199207 0.947231513725 234.601577932 373.37701348 194600.98924 75 1595.37074806 39.6065362789 53.2513945261 23.3934637211 91.629251922 1.62298652149
8616 43.0934309753 662.630984819 179.131535731 263.183636339 0.564537635033 0.712454187469 0.774083103238 234.765288733 373.384259972 194861.259868 74 1596.05200962 39.6054655046 52.8081594214 23.3945344954 90.9479903617 1.61574002984
8640.0 42.7515400403 659.511636824 178.053651537 263.190391992 0.566300737977 0.713007006124 0.570114246282 234.960186017 373.392538926 195116.455123 104 1596.72117313 39.6042183526 55.6156505138 23.3957816474 90.27882685 1.60746107526
8664 42.4165543957 644.568297345 177.635429565 263.197084405 0.568028732658 0.71429920647 1.32983054153 234.190757114 373.398562375 195390.335021 102 1597.37855904 39.6155175494 49.0578471303 23.3844824506 89.6214409377 1.60143762589
8688 42.0906995094 633.645786443 177.43640094 263.203665113 0.569731918268 0.718604757142 1.02905591521 234.478942295 373.412078831 195659.84702 101 1598.01864386 39.6246744877 44.2245976883 23.3753255123 88.9813561161 1.58792117012
8712 41.7717676578 626.578416666 177.75368375 263.210174982 0.571444633033 0.726908912492 2.68287978295 232.808591689 373.421120581 195923.023399 100 1598.64532448 39.6283337338 38.2035710897 23.3716662662 88.3546755007 1.57887942017
8736 41.4598995243 619.939809565 177.434299896 263.216608701 0.573249662797 0.73386557163 0.299539328571 235.176736735 373.430988722 196180.796434 99 1599.25880742 39.6319647991 37.1512249476 23.3680352009 87.7411925608 1.56901127926
8760 41.1533651155 614.915752131 177.314016186 263.222999778 0.575051865684 0.74121612031 1.88958005895 233.571152177 373.437747102 196433.684974 99 1599.86212589 39.6326322934 35.6420214819 23.3673677066 87.1378740889 1.56225289921
