Time EBV Teff Treg ODC_le1 ODC_le2 ODC_le3 ODC_le4 ODC_le5 NK IL2 DAC Resting_Teff Resting_Treg EffectorMemory Resting_Treg_temp Resting_Teff_temp NK_temp
0.0 0 0 0 0 0 0 0 500 375 1000 0 1687 63 0 0 0 0
24 0 0 0 0 0 0 0 500 336.279789971 908.048253598 0 1687 63 0 0 0 38.7202100291
48 0 0 0 0 0 0 0 500 335.391027502 823.849847309 0 1687 63 0 0 0 39.6089724976
72 0 0 0 0 0 0 0 500 334.559882085 745.880698262 0 1687 63 0 0 0 40.4401179151
96 0 0 0 0 0 0 0 500 333.760437385 673.915002205 0 1687 63 0 0 0 41.2395626152
120 0 0 0 0 0 0 0 500 332.995774144 607.703333798 0 1687 63 0 0 0 42.0042258555
144 0 0 0 0 0 0 0 500 332.2684442 546.975994766 0 1687 63 0 0 0 42.7315557996
168.0 1000 0 0 0 0 0 0 500 331.580390823 491.447224652 0 1687 63 0 0 0 43.4196091775
192 587.94283022 2674.42256109 91.5619289612 4.47673168998 18.9970923557 71.5351553232 179.581289232 225.4097314 319.455578209 5741.3447637 0 1039.6715255 41.772295668 0 21.227704332 647.328474501 55.5444217919
216 137.195673849 7032.29920543 163.950809015 84.533697748 48.4112091147 87.5957052207 120.180422693 159.278965223 264.276537622 475.010752253 0 1394.80590018 38.9689406917 572.37809684 24.0310593083 292.194099819 110.723462378
240 32.7139115391 2388.5159038 172.381535583 169.849118633 30.8268290769 59.6719660129 94.8032578061 144.848828471 278.676035917 239.536017384 0 1604.35428471 38.855673334 540.580167124 24.144326666 82.6457152925 96.3239640838
264 16.1019022508 568.418618082 170.181119397 193.38210412 8.70162807705 39.6290016252 68.7232500282 189.56401615 303.306579968 219.6159706 0 1649.01528963 39.0604182767 526.644211595 23.9395817233 37.9847103721 71.6934200321
288 12.4921316398 228.616431733 160.294063867 195.79294111 3.48052254689 12.9605118077 31.3080733709 256.457951164 314.813304049 280.475682287 0 1658.47400558 39.4720355862 483.510339648 23.5279644138 28.5259944162 60.1866959514
312 10.814495799 165.905722471 162.754584393 196.097256472 0.888879975129 2.3781452828 34.7924036468 265.843314623 317.608396206 315.080042028 0 1662.42233358 39.6518197475 443.616030189 23.3481802525 24.5776664189 57.391603794
336 9.6579645709 138.786859091 161.785687672 196.250544165 0.185054067783 2.20247856632 22.1878979347 279.174025267 319.100691019 339.008644782 0 1665.07990307 39.7565663046 417.465497942 23.2434336954 21.9200969342 55.8993089813
360 8.73524725444 122.345495939 166.151126923 196.294722765 0.386276490064 0.896919567944 17.7681644462 284.653916731 319.228527112 331.849398252 0 1667.16760128 39.7722500239 399.102402111 23.2277499761 19.8323987199 55.7714728883
384 8.04352176406 104.080776508 172.968369024 196.346380328 0.457183188884 1.52065484006 12.6814678855 288.994313758 319.933755756 339.3004887 0 1668.75270816 39.8641052016 381.540019928 23.1358947984 18.247291843 55.0662442443
408 7.42480777305 101.118521025 169.431561218 196.406670986 0.55866309066 1.21343198662 16.2036644554 285.617569481 319.872972631 317.670549465 0 1670.14686449 39.862479348 369.286132756 23.137520652 16.8531355069 55.1270273699
432 6.91119341917 87.9002768598 163.248731346 196.466873432 0.559099741331 0.825037719315 14.3795512266 287.769437881 320.34564068 321.775124839 0 1671.31611066 39.9252422265 352.004214508 23.0747577735 15.6838893433 54.6543593204
456 6.48156109568 74.8725144306 170.812597958 196.523245767 0.609786548443 0.91730337115 13.0364131198 288.913251194 320.222324297 307.401830547 0 1672.29522983 40.0250966975 344.200087446 22.9749033025 14.7047701683 54.7776757036
480 6.12852164045 66.9889297336 165.019655079 196.573851729 0.599231123841 0.752890017647 9.68798685493 292.386040275 320.937221046 320.116921393 0 1673.10063576 40.1233336765 330.004509392 22.8766663235 13.8993642432 54.0627789547
504 5.82270683493 62.7453902482 163.220624526 196.620988399 0.636498293669 1.38044703511 7.42855786778 293.933508405 321.058680013 319.814436743 0 1673.793801 40.1586164808 323.041653953 22.8413835192 13.2061989953 53.9413199876
528 5.54388198784 60.7300459939 162.022504204 196.66884823 0.656743380238 0.961566837101 9.3427371317 292.370104421 321.237656683 318.013709415 0 1674.42205008 40.1412038283 317.471671092 22.8587961717 12.5779499208 53.7623433172
552 5.28174615083 58.8951280861 166.748743381 196.716262998 0.644326039744 0.605078974652 9.9408268641 292.093505123 320.833039956 295.721824607 0 1675.01155958 40.1048344699 315.52223385 22.8951655301 11.9884404248 54.1669600442
576 5.05180835847 53.7196486225 157.219125087 196.759564164 0.650992395275 0.167612889854 8.87008787146 293.551742679 321.192714802 298.958514997 0 1675.53584867 40.2002881151 312.996893141 22.7997118849 11.4641513347 53.8072851985
600 4.83958611599 50.4988430069 161.135718998 196.800746903 0.632661637552 0.55710486866 7.50132246161 294.508164129 321.235444807 291.590297192 0 1676.01630071 40.2370665808 311.593488223 22.7629334192 10.9836992923 53.7645551936
624 4.64068482408 48.7990060109 159.454541116 196.840757198 0.644099392334 1.08976049988 9.32707751949 292.09830539 321.212462609 284.334678303 0 1676.46521697 40.227373617 306.655240634 22.772626383 10.5347830317 53.7875373911
648 4.46259880411 43.7609509981 161.06921991 196.878200702 0.632292395315 0.582496670717 9.02039815592 292.886612076 321.009034921 275.52034254 0 1676.87166117 40.3426444628 299.776388043 22.6573555372 10.1283388342 53.9909650792
672 4.30292480323 44.8170314129 160.422438224 196.912896151 0.640531372013 0.933461096167 4.72099395149 296.792117429 321.062334344 264.904692565 0 1677.23186409 40.2931308188 298.19910486 22.7068691812 9.76813591228 53.9376656567
696 4.15712690556 41.0773823961 152.593900236 196.946483484 0.657454998262 0.17231725672 7.72877808418 294.494966177 321.435662264 270.702625603 0 1677.56384146 40.3841979496 297.287091826 22.6158020504 9.43615853669 53.5643377369
720 4.0192727121 41.9172694681 151.731673534 196.979308386 0.64384426202 0.568536148486 8.17496074171 293.633350461 321.452729322 267.927023292 0 1677.87343567 40.2918775379 296.246092886 22.7081224621 9.12656432668 53.5472706788
744 3.88049778712 44.9675217676 152.9055446 197.013297937 0.648347410623 0.852376812496 5.42802067666 296.057957163 321.156878191 258.412840132 0 1678.18395335 40.1767934316 288.214974274 22.8232065684 8.81604665074 53.8431218093
768 3.75819427113 38.9598459048 154.93212102 197.044656777 0.649068411972 0.12901171791 5.30105936796 296.876203725 321.309754371 254.030160154 0 1678.46596197 40.3789203067 288.1668651 22.6210796933 8.5340380252 53.6902456297
792 3.64351401976 38.5903865971 153.131282012 197.074353708 0.630775449204 0.385965376037 7.80542785702 294.10347761 321.246317768 247.779360825 0 1678.72475223 40.3470416489 286.729191206 22.6529583511 8.27524776781 53.7536822322
816 3.53297583462 36.5752475168 156.089976822 197.103347664 0.626149166103 0.667267978207 7.13889593753 294.464339254 321.146913305 241.732246858 0 1678.97475503 40.3533277187 279.983263185 22.6466722813 8.02524497426 53.8530866951
840 3.43523565982 32.595726788 159.819177096 197.129823011 0.634083577872 0.938667535263 4.21249346621 297.08493241 320.858533617 228.705700755 0 1679.19843082 40.4785226849 278.828743453 22.5214773151 7.8015691751 54.1414663833
864 3.34601302691 32.1845979424 148.01655469 197.154918935 0.62887610821 0.120061252671 5.71996397393 296.37617973 321.444792031 241.284479517 0 1679.40136665 40.528326465 272.422989073 22.471673535 7.59863334915 53.555207969
888 3.26139805718 31.3412960022 151.892787369 197.178755128 0.61294913724 0.263440458244 2.02058566315 299.924269613 321.450490604 244.658834102 0 1679.59296236 40.5267328853 261.926494087 22.4732671147 7.40703764381 53.5495093961
912 3.17912440783 32.1716721276 151.628811266 197.202019616 0.602090956963 0.405072572852 5.28208007007 296.508736784 321.488966652 239.806866181 0 1679.77835312 40.4661481101 257.31876249 22.5338518899 7.22164688275 53.5110333483
936 3.09861788772 31.0498921742 149.160631444 197.225097467 0.599038576436 0.637430940548 8.38376106333 293.154671953 321.436927868 236.679737715 0 1679.96007076 40.437320494 253.251332832 22.562679506 7.03992923626 53.5630721321
960 3.02555639862 27.3070366958 155.872296505 197.246599368 0.603293720668 0.801947600067 6.79241496474 294.555744347 321.064536171 223.68194932 0 1680.12778067 40.6241548601 251.594548192 22.3758451399 6.87221933074 53.9354638295
984 2.95952914049 25.7537897763 151.72652908 197.266697595 0.611695685045 0.907677125353 3.49532912141 297.718600473 321.318155147 223.004349917 0 1680.27857094 40.7328408805 249.281766151 22.2671591195 6.72142905748 53.6818448535
1008 2.89821307186 28.2905557061 152.413161778 197.286067136 0.622450546633 1.0230967313 4.66140013438 296.406985452 321.174902199 215.927814245 0 1680.41683587 40.6555153691 245.436042046 22.3444846309 6.58316412668 53.8250978011
1032 2.83227310075 28.3237337684 154.923457208 197.307818266 0.638383335753 1.16064758664 5.70145793517 295.191692876 320.949054886 203.317595389 0 1680.564564 40.5138782444 243.001075922 22.4861217556 6.4354359988 54.0509451146
1056 2.77166341117 29.607746782 146.60970752 197.328664491 0.639638976701 0.341525651968 4.0739517718 297.616219108 321.187351584 207.764461989 0 1680.70223332 40.5439154171 236.955331304 22.4560845829 6.29776668091 53.8126484162
1080 2.70791429937 25.3977879707 144.134921268 197.350836552 0.631738965586 0.482323581765 4.29124422141 297.243856679 321.359303674 211.582965735 0 1680.84667626 40.5983747969 231.471588005 22.4016252031 6.15332373795 53.6406963262
1104 2.65339900082 23.0922333964 145.326728177 197.370052481 0.62857263401 0.583763720909 6.25328334184 295.164327823 321.632018833 217.169036597 0 1680.97211928 40.7839565489 226.456913482 22.2160434511 6.02788071914 53.3679811673
1128 2.60065510622 25.2812217063 151.911770623 197.388984498 0.62924881725 0.703785530478 2.04954502751 299.228436127 321.069534857 199.067306807 0 1681.08991366 40.5840882667 226.794009656 22.4159117333 5.91008634281 53.9304651432
1152 2.55133884464 23.2180978285 145.261069359 197.407093496 0.632196207656 0.762606327841 2.54065144773 298.65745252 321.291567139 201.271871766 0 1681.20342348 40.7952864748 224.249782367 22.2047135252 5.79657652103 53.7084328619
1176 2.50280090847 23.6492482366 147.584425528 197.42536621 0.636468638849 0.815073786808 2.06775774658 299.055333618 321.206453951 197.303733631 0 1681.31256939 40.6736048975 219.987637618 22.3263951025 5.68743060546 53.7935460495
1200 2.45372731627 24.0749985848 144.927960465 197.444360558 0.642806112222 0.885944723218 3.81823135894 297.208657247 321.163656911 195.549259515 0 1681.42325872 40.6155070741 215.106462125 22.3844929259 5.57674127958 53.8363430894
1224 2.4097111862 20.8194816628 146.627388675 197.461913596 0.650527747115 0.972754801641 2.76598302904 298.148820826 321.298500789 197.250281504 0 1681.52466844 40.8517421167 210.631454293 22.1482578833 5.47533155864 53.7014992117
1248 2.37141032199 18.6091128301 144.340631894 197.477644612 0.658728390155 1.01310482421 1.86848938436 298.98203279 321.457834754 199.268734326 0 1681.61273145 41.0732506371 209.369333443 21.9267493629 5.38726855281 53.5421652468
1272 2.33157813858 20.4190137874 140.51362422 197.494188034 0.643991067399 0.137851025888 6.28369201677 295.440277856 321.480181729 201.199529923 0 1681.70138938 40.8144633532 207.305226887 22.1855366468 5.29861061691 53.5198182719
1296 2.29219582634 19.5828853662 147.856716959 197.510495523 0.633031062638 0.269862133942 2.7169472791 298.869664002 321.103293864 188.889723261 0 1681.79102822 40.8778044238 205.431474093 22.1221955762 5.20897177648 53.896706136
1320 2.25620636372 19.5832426283 148.719633182 197.525426708 0.625241329924 0.335584089355 3.72951161883 297.784236254 321.103564269 182.332953855 0 1681.87289955 40.8963086661 204.727928459 22.1036913339 5.12710044931 53.8964357318
1344 2.22063076618 19.5365547666 147.009453941 197.540255679 0.618951321325 0.380155605983 3.81082391845 297.649813475 320.957649599 176.993217319 0 1681.95350376 40.9091298186 203.130406238 22.0908701814 5.04649623676 54.0423504015
1368 2.18547066058 18.7858268834 143.185308972 197.555012216 0.614085344093 0.439855443162 0.887739531405 300.503307466 321.091986512 177.387746476 0 1682.0332154 40.9200506206 199.733068325 22.0799493794 4.96678460278 53.9080134882
1392 2.15235747934 20.0734151981 141.823790542 197.569032706 0.610545109745 0.487746659838 2.67268912547 298.659986399 321.29138076 178.479485976 0 1682.10825674 40.878152442 197.548033723 22.121847558 4.89174326228 53.7086192403
1416 2.11823334979 18.536830332 140.635240169 197.583639395 0.608293763956 0.535346846806 2.77551390387 298.497206091 321.230287933 178.278756785 0 1682.18546047 40.8880610688 196.475971495 22.1119389312 4.81453952515 53.7697120678
1440.0 2.08577680816 19.9982329433 139.567664917 197.597714792 0.607360111436 0.599165124129 3.59865831665 297.597101656 321.225099215 174.496305728 30 1682.25919589 40.8953773337 196.540165169 22.1046226663 4.74080411331 53.7749007856
1464 2.05537153027 16.5074747442 135.116811721 197.611094115 0.607558702884 0.629644717381 2.14448296094 299.007219504 321.668395762 189.573851806 30 1682.32909696 41.115451637 192.738135303 21.884548363 4.67090304698 53.331604239
1488 2.0283430785 15.9271145107 132.523721907 197.623165443 0.60849799975 0.681016496623 2.99477297087 298.09254709 322.043344606 205.344449265 30 1682.39075912 41.1924028794 188.158345292 21.8075971206 4.60924088325 52.9566553944
1512 2.00231495732 15.6905594223 132.27815546 197.634969907 0.610257582666 0.710928158877 0.740248113652 300.303596238 322.262928193 217.989350888 30 1682.44985048 41.2073825257 183.806508915 21.7926174743 4.55014952075 52.7370718075
1536 1.97642745264 16.3777407033 133.166731104 197.646901585 0.61233416393 0.73218486007 2.54571776444 298.462861627 322.324904378 224.170381194 29 1682.50831661 41.1252585077 180.641857832 21.8747414923 4.49168339564 52.6750956229
1560 1.95138924582 15.3339155197 132.082227196 197.65863656 0.615038002668 0.773316707543 3.19049669208 297.762512038 322.519614416 232.87865951 29 1682.56535974 41.2181609344 178.640673991 21.7818390656 4.43464026449 52.4803855848
1584 1.92727396766 15.5674664906 133.220429586 197.670137707 0.618274019941 0.808939094148 1.70285476556 299.199794413 322.554005431 238.352434157 27 1682.6198758 41.1580073047 174.784316968 21.8419926953 4.38012420044 52.4459945693
1608.0 1001.90334697 15.040440827 133.579659471 197.681757818 0.621974035859 0.826926471505 1.27454347818 299.594798197 322.646064384 243.669076192 26 1682.67427494 41.2156951964 171.106952021 21.7843048036 4.32572506646 52.3539356166
1632 551.40348512 3181.98109524 140.941832721 199.562960354 4.61720237307 20.3113502949 71.0698841195 204.438602859 311.107367798 4644.5767469 26 1054.76311603 41.261001323 160.417298953 21.738998677 632.236883981 63.8926322028
1656 255.804181781 4057.76745881 165.855828647 208.465278386 5.80145578091 33.9334360843 79.0843430037 172.715486746 309.886372257 5865.54646893 25 1270.66491031 39.6231022818 280.702501867 23.3768977182 416.335089698 65.1136277432
1680 118.747742308 3664.2299148 186.19234666 217.161539514 8.32570143587 31.7320358967 73.059568742 169.721154412 310.592704788 5457.31738603 25 1448.06878362 39.1507106767 452.885485119 23.8492893233 238.931216391 64.4072952128
1704 59.7075330011 2540.91380424 192.647168296 227.276649616 6.22662422628 34.075683383 67.4630457049 164.95799707 315.391297691 4660.12634558 25 1554.90539499 39.0078724367 588.703476073 23.9921275633 132.094605015 59.60870231
1728 34.8109406587 1576.89299918 192.175575229 232.92587698 4.36611032645 20.3493205153 67.1856906626 175.173001516 321.879502012 3958.9531862 25 1607.76990208 38.9837712 648.395452656 24.0162288 79.2300979271 53.1204979889
1752 23.4942707039 971.146341266 191.771332959 235.560493462 2.89272256292 15.2502802543 43.9881568268 202.308346894 327.43586563 3414.75207786 25 1633.32375386 39.0157856158 671.067726678 23.9842143842 53.6762461438 47.5641343708
1776 17.8747744831 601.836596463 191.097393544 236.333447261 1.37196920906 6.70380002385 39.8244117011 215.766371805 332.172561045 3105.10225207 25 1646.33676798 39.1034669468 643.174079888 23.8965330532 40.6632320259 42.8274389553
1800 14.8037172513 394.757884904 192.925645773 236.574029388 0.438396372443 3.59872931132 22.3930101918 236.995834737 335.307220951 2926.49520013 25 1653.45852472 39.2249917108 607.056615956 23.7750082892 33.541475287 39.6927790492
1824 12.8862500267 301.315945685 187.625066828 236.708112036 0.853476497627 3.59696459525 20.4156730679 238.425773803 336.730357636 2793.08967497 23 1657.83946583 39.3077397931 568.915985243 23.6922602069 29.1605341755 38.2696423643
1848 11.4806326847 254.440915575 190.535012304 236.872933329 1.02693211319 0.72149293108 20.5886163183 240.790025309 336.972563029 2646.76473852 23 1661.01786735 39.3579849024 527.702191558 23.6420150976 25.9821326523 38.0274369716
1872 10.3828993957 210.179497893 190.709317791 236.918265806 0.108673409197 1.22283668371 12.8211850172 248.929039084 337.203066134 2517.38685255 23 1663.50276262 39.4190587738 495.086041138 23.5809412262 23.4972373854 37.7969338667
1896 9.50857123378 182.561799038 189.583203248 236.944449784 0.281996089203 1.31914431741 10.7160476868 250.738362123 337.057965546 2380.1650117 22 1665.47884314 39.4754901092 471.93639751 23.5245098908 21.5211568687 37.9420344544
1920 8.80794857512 154.322880007 186.501106243 236.984533982 0.408586777648 1.56772517409 13.8777400042 247.161414062 337.04047261 2272.54633148 22 1667.06729829 39.546593201 448.178119466 23.453406799 19.9327017201 37.959527391
1944 8.2030449259 142.723382974 184.040217394 237.033320468 0.468293977508 0.526844777381 9.65271806541 252.318822712 336.7356225 2158.97195953 22 1668.42977069 39.5809532611 416.940056276 23.4190467389 18.5702293131 38.2643775008
1968 7.69788999453 122.178542166 184.713591013 237.079375953 0.497196864479 0.479073017869 11.5461242702 250.398229895 336.387209811 2048.08949404 21 1669.57509071 39.6614466179 402.218616026 23.3385533821 17.424909298 38.6127901892
1992 7.25321173539 115.953552712 182.036866662 237.12437364 0.505355807243 0.360620759869 12.0430240677 249.966625726 335.778696077 1927.25185052 21 1670.57162398 39.6579064613 396.365599046 23.3420935387 16.4283760242 39.2213039237
2016 6.85678012234 108.284450933 184.501392827 237.167354521 0.523903692327 1.09309363563 10.5116868454 250.703961307 335.249766786 1816.21760658 20 1671.46582895 39.6905482524 380.547216076 23.3094517476 15.5341710582 39.7502332148
2040 6.48746338307 106.471576532 178.107907373 237.210346789 0.516028597038 0.640150070155 7.09558587907 254.537888665 334.472370525 1693.58863493 20 1672.29250976 39.6734524775 372.78537794 23.3265475225 14.7074902436 40.5276294754
2064 6.14196577466 95.5735032892 178.294391138 237.253732064 0.548115366824 1.21358727325 10.2495997446 250.734965552 333.780932249 1582.19959381 20 1673.0716441 39.7031036436 362.416320643 23.2968963564 13.9283559063 41.2190677511
2088 5.83145664836 91.3334100584 179.789972908 237.298294114 0.586934860959 0.968882640345 10.8887779077 250.257110477 332.836163315 1452.83492212 18 1673.77037512 39.7124534134 365.671328991 23.2875465866 13.2296248837 42.1638366853
2112 5.56431037379 73.9085823138 175.222029062 237.339566158 0.582340082811 0.642386361836 11.8676482709 249.568059127 332.60473353 1373.55280468 17 1674.38373944 39.8740284738 356.592251487 23.1259715262 12.6162605686 42.3952664705
2136 5.33145209935 74.5174305457 177.340730049 237.377456572 0.604339917681 1.12066688441 3.53521500602 257.36232162 331.844793183 1282.73110527 17 1674.90763002 39.8614688161 344.331057774 23.1385311839 12.0923699879 43.1552068172
2160.0 5.11078596713 70.9784235517 173.983612908 237.415402684 0.590250224132 0.449712630227 7.41815920631 254.126475256 331.232739261 1195.07131752 47 1675.40524179 39.8717706396 341.245562658 23.1282293604 11.594758214 43.7672607397
2184 4.93246119318 52.5797714381 155.128804921 237.446820032 0.59196934779 0.762356025322 6.64978977949 254.549064816 332.016520657 1193.50673527 46 1675.82125096 40.2060743543 317.703953749 22.7939256457 11.1787490435 42.9834793437
2208 4.78441787314 48.7634736158 150.983319827 237.474126291 0.604001436104 0.939145277209 3.15173003066 257.830996965 332.255272014 1183.97899095 46 1676.1580429 40.2954028108 298.201100739 22.7045971892 10.8419571052 42.7447279871
2232 4.64911994631 46.2873382974 147.980411642 237.500448754 0.619778877742 1.01384042498 3.14554364447 257.7203883 332.298520802 1173.12840221 46 1676.46397512 40.3384670488 280.254591681 22.6615329512 10.5360248884 42.7014791985
2256 4.52233954393 43.9201007905 146.711618465 237.526494982 0.631116683867 0.129961393349 4.66113748662 257.051289455 332.277418445 1157.84448418 46 1676.75082575 40.3884365655 265.420951706 22.6115634345 10.2491742548 42.7225815553
2280 4.40411072993 42.5077325159 145.25810942 237.551229092 0.614924938386 0.28764839502 3.7247245624 257.821473012 332.222858097 1142.55613676 45 1677.01762768 40.4048874309 251.403238984 22.5951125691 9.98237231936 42.7771419036
2304 4.28992659023 42.8533171833 145.136713181 237.57525093 0.605445149758 0.444128122967 4.68494141452 256.690234383 332.054359659 1122.69434193 44 1677.27392506 40.3524922275 237.06956363 22.6475077725 9.72607494055 42.9456403415
2328 4.18099412343 40.7813048197 145.703459862 237.598530344 0.602416360087 0.603075351403 3.40713982232 257.788838123 331.859274924 1098.89064233 44 1677.52041464 40.4001277647 225.266654357 22.5998722353 9.47958536041 43.1407250771
2352 4.07499557499 39.1835391927 146.743003784 237.621756417 0.604119962226 0.699204839713 4.22388159884 256.851037183 331.574827887 1069.93840464 42 1677.75942746 40.4186977499 214.65427995 22.5813022501 9.2405725463 43.4251721133
2376 3.97953974258 37.7689642356 145.836228983 237.643318733 0.609365848511 0.805026242389 3.23879011578 257.703499061 331.405383706 1041.94326009 42 1677.9761935 40.4883920972 207.113699686 22.5116079028 9.02380650793 43.5946162947
2400 3.8875939376 37.5870003126 146.535569424 237.664825877 0.617953131511 0.913531574231 5.1087817166 255.694907701 331.130346303 1013.39570208 42 1678.18366896 40.4911166464 197.418412595 22.5088833536 8.81633103923 43.8696536978
2424 3.79924801434 33.9867122174 145.766712931 237.68632904 0.629791144682 1.01793817817 4.82363338662 255.842308251 330.897101137 983.880154693 39 1678.38395891 40.5783641891 193.334905848 22.4216358109 8.61604109539 44.1028988642
2448 3.71618651314 35.6959635182 145.208155726 237.707163377 0.621105715274 0.15765412315 3.18429830195 258.329778483 330.569447402 949.373946043 39 1678.57052552 40.5055865234 189.840085346 22.4944134766 8.4294744838 44.4305525987
2472 3.63269958768 35.2081802252 146.746792564 237.72808353 0.607201835216 0.25803386491 1.88092058181 259.525760188 330.241446873 915.20180835 38 1678.75825113 40.4866153009 185.816499088 22.5133846991 8.24174887035 44.7585531279
2496 3.55370608001 31.2931702392 146.561906647 237.747936543 0.597406044273 0.347430233205 3.30086111653 258.006366064 329.886408943 882.970311219 38 1678.93836145 40.6275023652 183.154486697 22.3724976348 8.0616385532 45.1135910575
2520 3.48288046207 29.8627420047 142.649441425 237.765875461 0.591072500654 0.414292692605 3.03334390867 258.195415438 329.828481972 861.788152226 37 1679.09914642 40.6968068078 178.873033182 22.3031931922 7.90085358614 45.1715180286
2544 3.41387735526 30.9364644739 142.54100329 237.78354836 0.586876964857 0.489927156688 3.69504374539 257.444603774 329.58366299 836.418553334 36 1679.25423634 40.6296856179 175.062345036 22.3703143821 7.7457636625 45.4163370106
2568 3.34471824911 29.8658168847 144.204538412 237.801531134 0.585060349274 0.562882188204 2.5322539267 258.518272403 329.225803348 809.65471893 35 1679.41055067 40.6618835788 168.646954927 22.3381164212 7.58944933507 45.7741966529
2592 3.28071416005 28.0921895751 144.301597619 237.818489499 0.58553952336 0.631680405569 1.92417552816 259.040115045 328.999183373 786.101018226 35 1679.55590428 40.7304720272 162.723144143 22.2695279728 7.44409572701 46.0008166277
2616 3.21899235449 29.3872606751 146.492187162 237.835196055 0.587624853591 0.704632209156 5.17427608591 255.698270797 328.611929344 755.143236245 33 1679.69452745 40.6470970121 160.089910352 22.3529029879 7.30547255188 46.3880706565
2640 3.15774633244 28.8712080162 142.118001419 237.852192103 0.592434150087 0.791575466971 3.47193012062 257.29186816 328.456214688 731.113873563 33 1679.83312178 40.6854628266 157.744482851 22.3145371734 7.1668782279 46.543785313
2664 3.09920431651 26.3663305775 143.266466181 237.868913513 0.599470698981 0.895021166388 3.53523903238 257.10135559 328.233803983 709.383094013 33 1679.96635752 40.7953030444 153.69867191 22.2046969556 7.03364247961 46.7661960178
2688 3.04457128972 26.6488177708 142.26434372 237.885014118 0.60760454789 0.921284643239 3.38681658513 257.199280107 327.979402011 687.259407385 33 1680.08943891 40.7356591379 149.920095348 22.2643408621 6.91056109762 47.0205979898
2712 2.99074783527 26.3247783627 138.978936569 237.901387444 0.616509219769 0.968953415912 3.2119262353 257.301223685 327.895508352 669.345358653 33 1680.21095496 40.7278397043 148.422390353 22.2721602957 6.78904504658 47.1044916488
2736 2.93468981762 26.4241383978 141.795719469 237.919008762 0.62012791401 0.0237598210101 2.45975191381 258.97735159 327.455195838 643.39712997 33 1680.33679829 40.6624223311 144.113246643 22.3375776689 6.66320171801 47.5448041627
2760 2.88232846532 27.6127717253 139.591535345 237.935547482 0.605091048111 0.0867992425651 2.38988955139 258.982672676 327.328584674 622.950574902 32 1680.45566806 40.6935031705 141.059010802 22.3064968295 6.54433194328 47.6714153268
2784 2.83100118752 23.3798477631 139.26269935 237.951674986 0.591939528847 0.1318018172 2.33778665818 258.986797011 327.180081402 607.046778269 32 1680.57273316 40.8525791796 139.167860306 22.1474208204 6.42726684536 47.8199185989
2808 2.78421001042 23.1978263547 140.686727905 237.966336611 0.581297371983 0.185464749765 1.75460182895 259.512299439 326.947055924 588.502273982 31 1680.67850975 40.8397267026 135.495927895 22.1602732974 6.32149025357 48.0529440764
2832 2.73893671426 22.9732182225 141.302882913 237.980517775 0.572274659872 0.234598207229 3.07032688535 258.142282473 326.710458289 570.420161648 31 1680.78094429 40.8385459794 132.041938565 22.1614540206 6.21905571597 48.2895417113
2856 2.69153832069 23.601716549 140.945340972 237.99539396 0.564199477353 0.286307644506 2.79250109672 258.361597822 326.357532424 547.439453949 31 1680.88733312 40.7436443464 130.71381338 22.2563556536 6.11266688632 48.642467577
2880.0 2.64541732744 22.1685386273 139.339329612 238.009933994 0.557700591666 0.343055661634 4.4329095085 256.656400245 326.212024056 529.185564517 60 1680.9922435 40.8439904785 129.544778471 22.1560095215 6.00775649957 48.7879759448
2904 2.60524446573 20.3949718725 136.554367866 238.022685066 0.553527622692 0.391050596248 1.31187032225 259.720866394 326.277532851 522.479067763 60 1681.08455896 41.0279774664 126.498680884 21.9720225336 5.91544103731 48.7224671496
2928 2.56719123611 19.9286467414 136.092838513 238.034864938 0.550306340755 0.428453968253 2.98002130337 258.00635345 326.21215036 514.552551255 60 1681.17083228 41.0579637412 123.615975513 21.9420362588 5.82916771487 48.7878496409
2952 2.52890591598 19.7554004855 136.58401924 238.047240233 0.548013270617 0.472466934907 3.75352157753 257.178757984 326.055005751 503.757401585 59 1681.25735781 41.0473039142 120.884851284 21.9526960858 5.74264219132 48.9449942501
2976 2.49236612338 19.4541788258 135.426576076 238.059189951 0.546826720326 0.51015921397 3.35255847611 257.531265639 326.006231065 495.927994826 59 1681.34010289 41.0586416062 118.293950243 21.9413583938 5.65989711311 48.9937689359
3000 2.45745385552 18.910671324 135.141211886 238.070755244 0.546399813707 0.540010318755 1.79043930151 259.052395323 325.933766969 488.067609577 58 1681.41935597 41.1043467836 115.83269097 21.8956532164 5.5806440253 49.0662330319
3024 2.42368040697 18.5144644457 136.039309102 238.082097974 0.546552029464 0.568975796078 3.12365685863 257.678717343 325.784338069 478.274070975 57 1681.49590167 41.1296180396 113.49139594 21.8703819604 5.50409832552 49.2156619318
3048.0 1002.39045243 18.5837014003 136.494384581 238.093424622 0.547612561048 0.616834364658 2.40282928482 258.339299168 325.625038032 467.698022073 56 1681.57089962 41.0896900212 111.261691709 21.9103099788 5.42910037519 49.3749619689
3072 600.373361586 2609.2269379 134.874009253 239.191146492 3.273886211 16.4943042344 61.1682889049 179.872374159 319.652751417 5717.41788013 55 1034.16835159 41.9035936863 40.4821230755 21.0964063137 652.831648401 55.3472485838
3096 356.84218117 2846.5199635 153.181790785 242.617349911 3.00944942328 19.0770837509 63.3899889033 171.906128012 329.253726058 9248.09342995 54 1187.03892982 40.4548390206 56.7887472395 22.5451609794 499.961070174 45.7462739428
3120 236.845911463 2551.55706026 166.570261677 245.206964422 3.70662870075 7.626278505 52.3115217014 191.148606671 337.546302625 11767.5415108 52 1302.72357707 39.9946602335 74.7087468684 23.0053397665 384.276422929 37.4536973759
3144 171.834885037 2178.30118283 169.475939948 246.593192981 3.3384076346 6.93637591235 40.5474015325 202.584621941 343.633186894 13601.127116 52 1383.01914586 39.7905451818 85.6441674934 23.2094548182 303.980854137 31.3668131072
3168 133.454506267 1836.64593215 170.622272535 247.264457628 0.226450242894 6.23138571619 29.5370499595 216.740656454 348.357351299 15000.7083159 52 1438.09999932 39.7026147273 111.225927306 23.2973852727 248.900000679 26.6426487023
3192 108.770506505 1566.87342853 173.429235054 247.557290192 0.817825717366 4.73091138254 28.0897977962 218.804174913 351.762649044 16122.9526165 51 1476.95305204 39.6553957172 110.683824355 23.3446042828 210.046947959 23.2373509572
3216 91.7913787425 1378.43309039 175.69706406 247.721067388 0.640460265574 2.38929382289 27.8948856305 221.354292893 354.176892539 16979.4389837 49 1505.35661961 39.6213096504 118.051123303 23.3786903496 181.643380387 20.8231074622
3240 79.3384301402 1223.35352665 177.355360337 247.893212545 0.950243190468 3.00746140479 15.1953429119 232.953739948 355.923081049 17683.2957787 49 1527.10234513 39.5930072441 128.736763889 23.4069927559 159.897654866 19.0769189522
3264 69.8326095388 1101.04442451 179.625195922 248.093587998 1.1666515004 3.25311192806 19.496462128 227.990186446 357.329289455 18255.2344204 49 1544.27227538 39.5761200346 127.557981087 23.4238799654 142.727724615 17.6707105462
3288 62.370106236 1002.47698095 176.319704985 248.250389315 0.586750772657 2.80956489581 19.1843774184 229.168917599 358.457496991 18724.0271469 49 1558.0965489 39.5610986114 143.327529826 23.4389013886 128.903451099 16.5425030101
3312 56.3144737371 923.979773772 176.981486658 248.348591709 0.675432990928 1.06855995574 11.5689150294 238.338500315 359.318634033 19122.4536985 49 1569.5405222 39.5458042224 140.438088458 23.4541957776 117.459477791 15.6813659681
3336 51.3306615181 843.619304128 177.474177687 248.443991734 0.707683353181 0.803715096125 12.5921088489 237.452500968 360.104877935 19454.3913674 48 1579.13337135 39.5421902977 145.702174252 23.4578097023 107.866628643 14.8951220659
3360 47.1356777771 791.659842334 179.917204953 248.534036004 0.695472565571 0.455746713177 15.1296586376 235.18508608 360.619737141 19702.6949889 47 1587.30019481 39.5228202275 152.15166625 23.4771797725 99.6998051869 14.3802628598
3384 43.5629000127 748.919359376 181.737222732 248.615984555 0.684571086322 0.679474659803 11.114819528 238.905150171 361.124963307 19902.2616647 47 1594.35149165 39.5139334775 158.733171428 23.4860665225 92.6485083444 13.8750366939
3408 40.4694755493 697.714256803 185.081383864 248.6929757 0.70604822638 0.950446978381 10.9709936702 238.679535425 361.513894451 20074.0291517 46 1600.51674553 39.5054237872 156.807520418 23.4945762128 86.4832544683 13.4861055496
3432 37.781388403 656.247770703 184.087317975 248.764762829 0.689409005471 0.79542322769 9.94916688236 239.801238056 361.905790822 20204.1237604 45 1605.92538582 39.5006671602 164.022202758 23.4993328398 81.0746141787 13.0942091785
3456 35.4013415382 628.053227972 180.569623377 248.831983535 0.676189299302 0.507781323588 6.81262306445 243.171422778 362.203759176 20301.1185826 44 1610.74505727 39.4875382712 167.639602866 23.5124617288 76.2549427294 12.7962408254
3480 33.2373415602 610.299369703 180.527771285 248.896178039 0.690175733401 1.14791961573 9.99453880234 239.27118781 362.345975397 20331.1722608 44 1615.14751269 39.4585851484 186.354235064 23.5414148516 71.8524873067 12.6540246043
3504 31.31021849 578.709919735 183.769162004 248.95977084 0.719211530434 1.00289462122 12.4378130952 236.880309914 362.628991548 20366.0087697 44 1619.11753578 39.4647946559 190.214671444 23.5352053441 67.8824642171 12.3710084533
3528 29.5817993386 548.154575175 183.444318239 249.023034464 0.774807524586 0.781380172728 9.84148871991 239.57928912 362.815946198 20380.876302 44 1622.68811204 39.4580653523 196.130119348 23.5419346477 64.3118879545 12.1840538031
3552 27.9790306951 535.388666787 185.206105424 249.087048052 0.754012710748 0.641017833946 6.89657378355 242.62134762 362.855015211 20348.112921 44 1626.00527328 39.4315437345 192.390916304 23.5684562655 60.9947267133 12.1449847898
3576 26.5413911814 505.941716774 187.684507164 249.146954622 0.767536303852 1.20717910245 8.33517504575 240.543154926 363.060827135 20315.8978812 44 1629.0141185 39.4385012956 187.37857413 23.5614987044 57.9858814997 11.9391728659
3600.0 25.2400587915 482.46943962 181.710500696 249.204644628 0.757929533297 0.693532992157 6.07511002128 243.268782826 363.236667143 20271.0440466 74 1631.74406877 39.4356908939 187.51843489 23.5643091061 55.2559312266 11.763332858
3624 24.1568231652 392.286794114 176.128484887 249.254527029 0.750865547623 0.181539753359 8.42100530951 241.392062361 363.889457121 20368.6083076 73 1634.0728927 39.5621611582 147.536154839 23.4378388418 52.9271073011 11.1105428803
3648 23.2612206268 350.666430201 174.225415607 249.296401575 0.730875010225 0.582864867486 7.71910067947 241.670757869 364.278277742 20432.2468204 73 1635.98450821 39.6351076349 120.531734855 23.3648923651 51.0154917878 10.721722259
3672 22.4747057187 328.968406991 172.430562525 249.334070815 0.731838608512 0.885973398145 5.89357276037 243.154544419 364.506763286 20473.9184251 70 1637.65653086 39.6694361813 104.197661697 23.3305638187 49.3434691336 10.4932367149
3696 21.7544803547 311.540597607 174.99162288 249.370116763 0.743662718805 0.261787889753 12.2079844669 237.416448162 364.629757673 20493.8447805 70 1639.18722769 39.6920503854 94.946145692 23.3079496146 47.8127723042 10.3702423276
3720 21.0885354769 299.122524278 174.252361173 249.404435095 0.72994057938 0.514234132696 3.29438095907 246.057009234 364.739659559 20504.1137003 69 1640.60384608 39.7056792524 85.6946236887 23.2943207476 46.3961539171 10.2603404425
3744 20.4695085083 286.940209609 173.106828368 249.436872556 0.722526370005 0.61082407601 4.19201752825 245.037759471 364.8459036 20506.1938246 67 1641.9226891 39.7173379948 80.7020207741 23.2826620052 45.0773108949 10.154096401
3768 19.8848985262 280.910919837 172.912666052 249.468211158 0.720587697924 0.749681837606 4.68448913415 244.377030173 364.883550075 20488.2720566 67 1643.1675704 39.7112307728 79.5292811568 23.2887692272 43.8324296011 10.1164499258
3792 19.329622985 275.23091686 176.19092474 249.49889169 0.725028347785 0.913733957428 3.862954226 244.99939178 364.904607209 20456.6449596 67 1644.35226757 39.7056477087 77.4179483559 23.2943522913 42.6477324233 10.0953927925
3816 18.8005354478 266.391082952 176.370234356 249.529276408 0.735191224003 0.0555172103264 4.85513149024 244.824883668 364.939170302 20416.4266569 66 1645.48477112 39.7132089622 76.732627153 23.2867910378 41.5152288774 10.0608296986
3840 18.3051498914 255.906890463 176.118305456 249.558234467 0.712230573972 0.255579674091 4.43992308414 245.034032202 365.007334746 20376.1015083 64 1646.54763046 39.7245828212 76.2715247218 23.2754171788 40.4523695339 9.99266525505
3864 17.8308450384 254.605629445 173.380768935 249.585963258 0.696645429784 0.340454642582 3.06759043104 246.309346239 365.02211721 20326.5800024 62 1647.56283853 39.706285057 70.640392739 23.293714943 39.4371614628 9.97788279117
3888 17.3733157539 254.294807535 173.996629196 249.612878162 0.684566274264 0.427321147641 2.58594347321 246.689290944 365.014516128 20255.9837285 61 1648.54361496 39.6864604903 73.0564798961 23.3135395097 38.4563850329 9.98548387318
3912 16.9365783564 241.673366918 175.762893803 249.638860097 0.676864725101 0.542186238875 4.83709110172 244.304997838 365.050733394 20187.4780888 61 1649.48614304 39.7105766888 75.6382456855 23.2894233112 37.5138569545 9.94926660728
3936 16.5210435672 238.01165754 174.411287969 249.664020315 0.674458466177 0.686892777254 5.78252566216 243.19210278 365.068120631 20110.8232742 60 1650.38125661 39.7080761067 75.9437268439 23.2919238933 36.618743388 9.93187936958
3960 16.1200626937 236.302855462 172.629252842 249.688930746 0.678210443425 0.835284089554 2.60063876757 246.196935954 365.054637235 20025.7790196 60 1651.24406954 39.6869101072 76.5116820814 23.3130898928 35.7559304584 9.94536276584
3984 15.7344892992 228.608598694 172.070510371 249.713677204 0.684943941187 0.889564491218 1.46232139422 247.24949297 365.07505765 19945.4209085 60 1652.07775543 39.6950518983 71.4843933357 23.3049481017 34.9222445712 9.92494235118
4008 15.3706394412 218.043808979 174.917587293 249.737850238 0.69294381793 0.942205289726 1.01944027475 247.60756038 365.095457576 19852.1390799 60 1652.86728687 39.7190312253 75.7148082058 23.2809687747 34.1327131296 9.9045424252
4032 15.0225950514 214.712434709 180.308846987 249.761807834 0.701950197119 0.993106920515 4.39229202197 244.150843027 365.044800062 19742.0631435 60 1653.62017125 39.7117609063 80.4821585582 23.2882390937 33.3798287509 9.95519993873
4056 14.6924595142 208.261542337 177.033509101 249.785181428 0.693409844933 0.124974119199 2.40111001732 246.995324591 365.071939639 19645.3644176 59 1654.33718337 39.7247256426 80.8132543057 23.2752743574 32.6628166263 9.92806036227
4080 14.3753399311 204.703734351 173.936528961 249.807585857 0.676183594353 0.209025146079 4.38429579078 244.922909613 365.093478004 19544.5367847 58 1655.02555803 39.7273858467 80.398402101 23.2726141533 31.9744419714 9.90652199672
4104 14.0687501558 200.510203925 173.114915804 249.829225696 0.662640463273 0.283893728227 3.27882391765 245.945416196 365.084139919 19439.7369455 58 1655.69116187 39.7238030234 79.3053141358 23.2761969766 31.3088381286 9.91586008175
4128 13.7742716646 196.016984901 176.45874741 249.850074982 0.651812535588 0.336461672701 2.06044594174 247.101204868 365.042218522 19320.5551312 58 1656.33142697 39.7243211148 83.1962279221 23.2756788852 30.6685730289 9.95778147855
4152 13.490366344 192.788136978 173.09780358 249.870290588 0.642628573165 0.372322126031 0.74977644477 248.364982268 365.046564233 19199.94457 57 1656.94943383 39.7264341654 91.2740996933 23.2735658346 30.0505661711 9.95343576826
4176 13.2106964383 191.778920836 173.564818052 249.890358086 0.634852112907 0.415567374202 2.46597604319 246.593246384 364.983773823 19072.784644 57 1657.55648642 39.7030862242 93.8509457009 23.2969137758 29.4435135723 10.0162261781
4200 12.9408669334 189.508802894 172.672621106 249.90991861 0.629352879015 0.487645299555 2.00187482595 246.971208387 364.974158393 18950.8107274 57 1658.14502353 39.7019993009 91.2347737535 23.2980006991 28.8549764674 10.0258416078
4224 12.6764144537 188.000681585 174.059186188 249.929352454 0.626027428672 0.556204409861 3.54216651359 245.346249194 364.910025327 18813.0500753 56 1658.72106244 39.6887472262 93.6079522003 23.3112527738 28.2789375566 10.0899746736
4248 12.4218730939 180.317835187 177.940994925 249.948382399 0.625289168837 0.637010364446 1.9151078992 246.874210169 364.879368725 18675.8946281 56 1659.27891548 39.7168346801 91.6932469381 23.2831653199 27.7210845116 10.1206312756
4272 12.1745887687 179.998225205 178.489758135 249.967252694 0.626164824903 0.677172552416 3.29844292261 245.430967006 364.803717091 18525.4863792 54 1659.81801321 39.6957479376 93.5151768551 23.3042520624 27.1819867856 10.1962829104
4296 11.9353280233 174.029394317 177.495017925 249.985925527 0.628442989325 0.72585374249 1.56330801619 247.096469725 364.782628338 18376.6806296 54 1660.34205491 39.7068554533 97.2919957388 23.2931445467 26.6579450872 10.2173716632
4320.0 11.699128297 178.232875264 177.393996149 250.004821096 0.632467968737 0.820834980066 4.78148306868 243.760392887 364.704547618 18219.5396772 82 1660.85697393 39.6726827845 92.1231251185 23.3273172155 26.1430260652 10.2954523827
4344 11.4758263855 163.256385256 172.825009813 250.023190941 0.638606235261 0.857636494553 0.842417649469 247.638148681 364.716702394 18089.4911353 81 1661.35027923 39.7363177218 87.942409849 23.2636822782 25.6497207661 10.2832976067
4368 11.2689602091 155.616327039 170.973030226 250.040698332 0.644794662666 0.898958990451 4.49182180776 243.923726207 364.747088192 17959.3498776 78 1661.80595319 39.7709676315 82.5794495915 23.2290323685 25.1940468048 10.2529118089
4392 11.0720154709 151.501170707 170.551441302 250.057847418 0.652303965373 0.9663839229 4.87626974878 243.447194946 364.731292646 17823.7013523 77 1662.23880633 39.7852881068 78.7941955961 23.2147118932 24.7611936668 10.268707355
4416 10.8808507889 149.082688489 171.159277427 250.075000453 0.660979550661 1.00589133066 3.23201633468 245.026112331 364.674458215 17680.7083297 77 1662.65820647 39.782490475 76.6620592268 23.217509525 24.3417935217 10.3255417853
4440 10.6959393541 144.616939726 171.002310366 250.09211438 0.670592867014 1.07837965581 3.41519634759 244.74371675 364.649780446 17538.9275637 76 1663.06511083 39.7992953642 74.7232210471 23.2007046358 23.9348891614 10.350219555
4464 10.516896969 142.69500519 170.997823154 250.109014161 0.661029214177 0.150696391537 2.55947203543 246.519788199 364.607980204 17394.1911203 75 1663.45865644 39.8000575777 71.2468759412 23.1999424223 23.5413435592 10.392019797
4488.0 1010.34131243 140.272485319 170.016434397 250.12555587 0.649392160758 0.234855065484 2.67059074911 246.319606155 364.557750591 17245.7664291 72 1663.84456345 39.7985554842 69.0610903988 23.2014445158 23.1554365482 10.4422494101
4512 827.163914688 3268.51775216 151.937874085 250.322750137 0.76030459069 2.7434393832 31.4807041439 214.692801745 348.497105053 22666.1009518 71 953.233118852 42.1186431494 25.7318760632 20.8813568506 733.766881147 26.5028949478
4536 625.368349559 3884.18995888 158.895973923 250.785820522 0.278611755145 4.27849484931 34.6450870217 210.011985853 348.353153502 27164.0206171 70 1029.76065892 40.9011772495 32.4460964401 22.0988227505 657.239341079 26.6468464991
4560 481.709413086 3832.78869442 165.035876908 251.037327898 1.00565580952 3.25772578801 29.0233179191 215.675972586 351.004080918 31073.1939235 70 1106.12987162 40.4239483574 37.6995704803 22.5760516426 580.870128375 23.9959190829
4584 383.797803935 3570.27558477 168.862697369 251.294961552 0.961050409442 1.93534559415 25.5841152797 220.224527165 353.872165981 34451.8900868 68 1173.48845123 40.1749436991 45.8444135467 22.8250563009 513.511548769 21.1278340199
4608 315.801792929 3266.14967796 173.837782891 251.487047584 0.979919780588 3.39819580963 25.5516910578 218.583145769 356.396004443 37397.7179807 66 1230.15961508 40.0277494506 50.6665710295 22.9722505494 456.840384918 18.6039955585
4632 266.871452445 2976.64795683 172.836117322 251.574408191 0.525731433855 1.08588186733 21.9353204124 224.878658096 358.479251166 39977.4925014 66 1277.23485915 39.9307466772 56.8769705863 23.0692533228 409.765140852 16.5207488351
4656 230.581522878 2714.15213561 174.697324245 251.719754 0.740670173226 1.07399587125 18.1841403806 228.281439576 360.19309548 42264.0342964 66 1316.20743822 39.8655886657 66.3590437817 23.1344113343 370.792561781 14.8069045208
4680 202.826834261 2486.21943406 175.310869721 251.876911884 0.868543469634 0.77414199898 22.5208233073 223.95957934 361.605587422 44314.4826495 64 1348.67857622 39.8202605672 62.3341856044 23.1797394328 338.32142378 13.394412579
4704 181.003472203 2295.29438368 177.402545109 252.023368043 0.838214523927 0.638592527792 15.6528789091 230.846945997 362.71880291 46135.4653075 63 1375.99408555 39.7818575614 72.1804848367 23.2181424386 311.00591445 12.2811970913
4728 163.416103204 2136.99436876 177.997535904 252.156220807 0.90102108889 0.4858436092 16.2496189194 230.207295576 363.661558813 47781.1126519 63 1399.26572701 39.753087611 71.7799094918 23.246912389 287.734272984 11.3384411883
4752 148.899618849 1993.24277733 178.455502806 252.28393672 0.950690293373 1.61543995387 15.906319912 229.243613121 364.424112436 49272.9252822 62 1419.36619288 39.725855158 69.9192448773 23.274144842 267.633807118 10.5758875652
4776 136.804220223 1870.07764575 179.703140462 252.406271437 0.951206304135 1.00738729094 13.1041663027 232.530968666 365.08913996 50635.2829649 60 1436.78199578 39.7056620874 73.7764151727 23.2943379126 250.21800422 9.91086004119
4800 126.467755342 1773.74751419 179.382318102 252.520318948 0.978637805402 1.22663424656 11.2983527031 233.976056297 365.598724619 51852.1148061 60 1452.14687176 39.6788298066 84.1330578221 23.3211701934 234.853128243 9.40127538224
4824 117.6105785 1679.30979493 179.841965616 252.625905332 0.967094371351 0.36773431704 13.5764152766 232.462850703 366.103692603 52994.5847583 60 1465.71457534 39.6649345023 87.1474902302 23.3350654977 221.285424656 8.89630739813
4848 109.886459985 1585.40509727 177.549373355 252.723344478 0.960366532718 1.28979129731 7.56450614172 237.461991551 366.5250421 54055.4002674 60 1477.83849358 39.6499259483 85.6653907769 23.3500740517 209.16150642 8.47495790123
4872 103.146780699 1517.12494258 178.807999303 252.815899316 0.976768443347 0.994091544924 8.20907602841 237.004164668 366.906485976 55013.0830272 59 1488.65678774 39.6370561138 91.7919008442 23.3629438862 198.343212262 8.09351402525
4896 97.2136550411 1439.23045646 179.911088765 252.901427762 0.943448042516 0.726719118156 10.4633512145 234.965053863 367.252813569 55930.7995915 58 1498.37157433 39.6304720665 94.8704625559 23.3695279335 188.628425671 7.74718643227
4920 91.9071515154 1390.59672535 179.889742531 252.980781396 0.946711769851 1.12772186545 4.13616031032 240.808624659 367.5116607 56752.8143717 56 1507.19699822 39.6109638873 97.8064814071 23.3890361127 179.803001778 7.4883393012
4944 87.1017889963 1345.67594572 179.057599707 253.054969838 0.900346659061 0.532581213929 6.06371542732 239.448386862 367.731201594 57503.3565543 56 1515.31422232 39.5917403765 96.9536597343 23.4082596235 171.685777676 7.2687984066
4968 82.762231664 1296.03294727 181.004486288 253.123394987 0.884984108226 0.0679024689956 5.69328759427 240.230430841 367.960039306 58205.1326469 56 1522.75857092 39.5800455919 100.398322459 23.4199544081 164.24142908 7.03996069527
4992 78.8510707721 1235.35077126 180.243301818 253.185984308 0.845494902849 0.566412676763 7.48940871129 237.912699401 368.204916204 58880.0308934 56 1529.56442401 39.5790138251 102.924652282 23.4209861749 157.435575989 6.79508379706
5016 75.291246967 1202.9577433 179.169169746 253.244318752 0.843323415888 1.00460392389 5.48732023915 239.420433669 368.382908128 59483.5753002 56 1535.82091331 39.5644010047 101.308049735 23.4355989953 151.179086686 6.61709187264
5040.0 72.0478096877 1142.93357403 178.242779685 253.300428572 0.846642148007 0.360574813884 6.83760091689 238.654753549 368.611091488 60087.9264829 85 1541.59870413 39.5705996667 95.8773231628 23.4294003333 145.401295869 6.38890851332
5064 69.195296252 1033.46424172 176.693309518 253.351087812 0.829215391821 0.714753803001 5.92624008972 239.178702903 368.950048822 60762.4754948 85 1546.76063101 39.6214637835 68.0622903975 23.3785362165 140.239368987 6.04995117954
5088 66.6943538428 963.371231885 175.952964443 253.396830701 0.829299185799 0.914234384875 3.96246818515 240.897167543 369.221187798 61394.670037 85 1551.31266353 39.6546339655 55.808499828 23.3453660345 135.687336466 5.77881220318
5112 64.4285090087 923.128431744 175.619224757 253.439994551 0.837171338511 1.07765433398 4.22365426816 240.421525508 369.401767975 61985.1153803 84 1555.45470215 39.66548852 45.1984174406 23.33451148 131.545297848 5.59823202617
5136 62.3445219777 886.756199841 175.473511145 253.481034875 0.819062363263 0.279438462672 3.8697269125 241.550737386 369.549553599 62549.5837621 84 1559.28765957 39.6719736249 38.0151102979 23.3280263751 127.712340425 5.45044640242
5160 60.4089898789 858.940760799 176.292635846 253.519245152 0.797657798825 0.423977503584 3.1531400704 242.105979475 369.670836441 63076.0472596 82 1562.8677822 39.6733190455 38.3116621617 23.3266809545 124.132217803 5.32916356063
5184 58.6068971888 833.70351515 176.148393212 253.555169152 0.785593421115 0.62582916389 5.83832147423 239.195086788 369.784522102 63581.6694941 82 1566.22137819 39.6742642349 38.6136966554 23.3257357651 120.778621808 5.21547789941
5208 56.9147050543 809.828952523 175.691470832 253.58958972 0.78176778172 0.75810150594 2.27756369666 242.592977295 369.88348255 64067.1344183 82 1569.38671519 39.6727657699 35.7400563963 23.3272342301 117.613284809 5.11651745122
5232 55.327663184 790.673971941 175.535042599 253.622762234 0.783295411387 0.915521922428 6.27774458288 238.40067585 369.976318124 64523.3353348 82 1572.37129469 39.6704744546 39.1009665987 23.3295255454 114.628705305 5.02368187748
5256 53.8323765243 768.044611535 175.493058922 253.654937833 0.774070078267 0.145301085241 2.84184320882 242.583847795 370.066687662 64969.7159039 82 1575.19818805 39.6714379897 36.4670322557 23.3285620103 111.801811948 4.93331233892
5280 52.4231076371 752.930868844 175.995175017 253.685281819 0.752035787665 0.273520074286 4.33194089913 240.95722142 370.140492505 65389.336004 82 1577.87338834 39.6664868619 33.8944690429 23.3335131381 109.126611654 4.85950749645
5304 51.0898628001 735.310847186 177.498338011 253.714018187 0.735957519027 0.364357857544 2.60110764506 242.584558791 370.220821946 65790.7561627 79 1580.41719368 39.6667817578 32.8105050833 23.3332182422 106.582806315 4.77917805557
5328 49.8214953898 719.806158679 176.272361861 253.741541731 0.724938152315 0.522623891726 4.49430727092 240.516588953 370.281509493 66171.8773196 79 1582.8451265 39.6605264694 31.2402128422 23.3394735306 104.154873499 4.7184905079
5352 48.6157453759 705.586270229 175.846579421 253.768068605 0.719286741709 0.609054453964 3.28145930036 241.622130899 370.350403326 66532.5190394 79 1585.16431757 39.6589254925 31.1333549595 23.3410745075 101.835682432 4.64959667547
5376 47.4694067571 690.353891882 177.3285568 253.793773708 0.717941757382 0.758855805917 3.69600107237 241.033427656 370.408532457 66874.3441876 77 1587.37708224 39.6559280866 33.6163527573 23.3440719134 99.6229177576 4.59146754403
5400 46.3694800303 680.915355713 176.786956228 253.819067048 0.721356483998 0.896801218695 4.96632120018 239.596454049 370.453519322 67187.9488563 76 1589.50656348 39.6476495663 39.7980556593 23.3523504337 97.4934365157 4.54648067956
5424 45.3261727912 663.84790577 177.705037437 253.843807218 0.728477051696 0.967382816059 4.10786962704 240.352463287 370.516520172 67505.7594243 75 1591.53659392 39.6487885089 37.8390952503 23.3512114911 95.4634060811 4.48347982961
5448 44.3303710829 651.101387007 176.445461655 253.868086062 0.72113935703 0.0886554531025 3.99221486998 241.329904257 370.572360998 67802.244056 75 1593.47980685 39.6476643139 40.9767426906 23.3523356861 93.5201931508 4.42763900359
5472 43.379776195 638.297493431 176.839086298 253.891227123 0.703157665863 0.230359503624 4.67279367629 240.502462031 370.626073377 68085.7156795 73 1595.34105029 39.6470710773 44.4856968475 23.3529289227 91.6589497042 4.37392662429
5496 42.4671082151 628.004314819 176.962501839 253.913436158 0.690023616841 0.329283543244 2.27485652639 242.792400155 370.665660752 68352.7391984 73 1597.13214689 39.6412926842 47.3732316516 23.3587073158 89.8678531099 4.33433924953
5520 41.5946656455 617.836339615 179.476721008 253.934757029 0.679722153342 0.369979677477 1.80112124123 243.214419899 370.709329229 68609.0074122 72 1598.85083193 39.6404912282 46.4340943662 23.3595087718 88.1491680669 4.29067077254
5544 40.7559578107 604.769917484 177.153121121 253.955388638 0.671002893954 0.409465059766 1.18395107045 243.780192338 370.758475121 68858.7526533 71 1600.50748807 39.6398385074 45.9290073521 23.3601614926 86.4925119303 4.24152488033
5568 39.9526860933 596.555481319 178.378856111 253.975319042 0.664456346998 0.494433587789 3.30032824544 241.565462777 370.793084174 69086.0146799 71 1602.09772233 39.6349125306 50.272199271 23.3650874694 84.9022776712 4.20691582704
5592 39.18068621 588.986908181 178.453987341 253.994707247 0.660785926714 0.568222275412 2.28656950163 242.48971505 370.831511317 69303.013841 71 1603.63073232 39.6331397163 53.7001483946 23.3668602837 83.3692676831 4.1684886847
5616 38.4332458724 582.569580642 177.322337685 254.013765431 0.658727918814 0.618295531054 4.22357510479 240.485636014 370.858361356 69506.3886655 70 1605.11697389 39.6232994104 57.9562840378 23.3767005896 81.8830261064 4.14163864541
5640 37.7133126516 569.86438469 176.44933274 254.032448391 0.659119873192 0.724245272827 3.91279795256 240.67138851 370.902030756 69713.2013424 69 1606.55432368 39.6250403016 55.2850188353 23.3749596984 80.4456763161 4.09796924546
5664 37.0196379346 563.937403633 176.152724484 254.050836165 0.661715967382 0.774786314931 0.579565161559 243.933096391 370.930855415 69896.7196937 68 1607.94107172 39.618755814 59.7948569841 23.381244186 79.0589282792 4.06914458628
5688 36.3495134346 556.603781118 178.710767771 254.069012346 0.665086796523 0.804700142945 1.17606363811 243.285137076 370.956936379 70071.5575067 66 1609.28442819 39.6157579206 59.2111913122 23.3842420794 77.7155718078 4.04306362265
5712 35.6988451592 548.487592422 177.032590688 254.087086702 0.669367723484 0.864945923028 5.63337376785 238.745225883 370.985327257 70233.0647509 66 1610.59121619 39.6110372468 63.4906491808 23.3889627532 76.4087838114 4.01467274446
5736 35.0718121078 543.648212819 179.560296987 254.104955959 0.675297159708 0.912897656789 0.984557979337 243.322291244 371.010078182 70383.5815191 64 1611.8536695 39.6072053025 63.5476848596 23.3927946975 75.1463304989 3.98992181948
5760.0 34.4634793056 536.207825148 179.709056612 254.122765364 0.681998458443 0.954866441964 1.2628848685 242.977484867 371.03220677 70523.501891 93 1613.08049526 39.6008751234 66.3165185612 23.3991248766 73.9195047392 3.96779323178
5784 33.8839775637 512.388457347 177.756327569 254.140203935 0.68917276003 0.970939426663 1.39359276312 242.806091115 371.076224574 70693.2695002 92 1614.25634463 39.6246735754 56.7271345685 23.3753264246 72.7436553684 3.92377542759
5808 33.3360499236 496.394115616 176.565662635 254.157141612 0.696148801424 0.992353166297 2.27421086991 241.88014555 371.132478645 70852.6883796 90 1615.36910612 39.6404224551 53.2177766367 23.3595775449 71.6308938769 3.86752135666
5832 32.8095312202 486.235201959 176.110801491 254.173852114 0.703473201514 1.02319551244 1.99436166245 242.10511751 371.168506145 71001.9635924 89 1616.43857402 39.6456003771 49.0081013588 23.3543996229 70.5614259771 3.83149385658
5856 32.3032625964 476.687622422 175.920356374 254.190223831 0.695459427091 0.0730739983365 3.58716677818 241.454075965 371.203983163 71146.3157033 85 1617.46864539 39.6503704372 44.1684051591 23.3496295628 69.5313546116 3.79601683906
5880 31.81264314 474.37021316 176.455020702 254.206030082 0.68178932942 0.117496438079 3.11889665864 241.875787491 371.218106924 71272.4873615 84 1618.46673778 39.6414255214 41.2398880866 23.3585744786 68.5332622161 3.78189307807
5904 31.3357610525 464.86520271 176.067323519 254.22133722 0.6696769189 0.15923199205 2.57900314524 242.370750724 371.248960143 71394.4322114 81 1619.44005863 39.6459527806 42.4621527656 23.3540472194 67.5599413659 3.75103985881
5928.0 1030.87272542 462.7088831 176.634582653 254.236168868 0.658895604454 0.202095995559 2.95443178875 241.948407743 371.262467856 71502.1164136 80 1620.38520969 39.6382260517 42.0740220844 23.3617739483 66.6147903128 3.73753214563
5952 957.368601147 3680.35788932 158.231636314 254.307774646 0.648193633116 1.04013182627 10.2897507028 233.714149192 364.692267706 76991.9835392 80 919.161474223 42.161833696 23.6046937311 20.838166304 767.83852578 10.3077322955
5976 851.846276009 4561.64341662 162.617092809 254.434604094 0.802547078261 1.06572173449 18.2964094484 225.400717644 363.094307322 81911.4134674 80 948.524871909 41.1989659232 23.5228494548 21.8010340768 738.475128094 11.9056926798
6000 753.851195745 4732.64134574 165.146950448 254.585201057 0.854669233438 1.63736351329 17.3971494012 225.525616795 363.260704668 86627.3362439 79 981.227742443 40.8431712249 26.0571100052 22.1568287751 705.77225756 11.7392953339
6024 670.379474481 4674.53677022 168.678950487 254.752991015 1.06875796168 2.70382055017 18.1363570847 223.338073388 363.86162673 91088.18809 78 1013.98312921 40.6364089048 28.8074609648 22.3635910952 673.01687079 11.1383732712
6048 600.562980016 4542.50256661 169.348200011 254.809315727 0.397082227678 1.26777178751 15.2505193214 228.275310936 364.544902385 95300.2316125 78 1045.56318429 40.4908094595 34.9935642831 22.5091905405 641.436815712 10.4550976168
6072 542.126814872 4368.06985683 170.865252246 254.877661713 0.471804809057 1.11802584988 11.6967845505 231.835723077 365.22220282 99302.9627691 78 1075.49270277 40.3830334867 36.874781854 22.6169665133 611.507297232 9.77779718183
6096 492.974290897 4197.43543727 171.603219205 254.947191169 0.500069226233 0.597196646937 9.31642931812 234.639113639 365.847344247 103087.837484 77 1103.54695862 40.2961855938 33.0953249657 22.7038144062 583.453041382 9.1526557543
6120 451.341436612 4011.1253066 172.243204309 255.016217969 0.543886284832 1.14035053428 13.2507196155 230.048825596 366.434901248 106692.461036 77 1129.68275992 40.2303711711 31.7569292261 22.7696288289 557.317240078 8.56509875355
6144 415.85797455 3842.95750908 173.350580183 255.086879786 0.589846713882 0.330211874874 8.53527427067 235.457787355 366.961682357 110119.613498 77 1153.89248661 40.1747612884 32.030271807 22.8252387116 533.107513393 8.03831764447
6168 385.234377093 3695.17728872 173.073481531 255.155127068 0.622860899853 1.51960277926 10.881445051 231.820964201 367.41023183 113366.157793 75 1176.37270416 40.1217801384 38.1655707518 22.8782198616 510.627295839 7.58976817158
6192 358.596899967 3553.10874772 174.847945026 255.225116481 0.652029947245 0.737555946932 11.3902200548 231.995077569 367.818620103 116463.723022 74 1197.25337081 40.0774651302 42.314308963 22.9225348698 489.746629193 7.18137989902
6216 335.198669236 3438.10478737 175.739542772 255.29075396 0.643638184688 0.785464232653 9.82823622741 233.451907395 368.164057865 119409.373819 73 1216.69375687 40.0325655785 42.331926656 22.9674344215 470.306243131 6.83594213655
6240 314.461661635 3312.60065267 174.624422293 255.35314224 0.644924444962 0.431058105857 6.72183749087 236.849037718 368.488987374 122217.711626 73 1234.86472091 39.9968923739 48.1489232591 23.0031076261 452.135279091 6.5110126272
6264 296.040095348 3204.02877225 176.052355485 255.411693056 0.660262948925 1.23189139329 10.9903618205 231.705790781 368.779655249 124897.518824 73 1251.79676259 39.9631252692 42.9697089747 23.0368747308 435.203237412 6.22034475223
6288 279.633007585 3082.49797636 175.477328259 255.468733511 0.674478901697 1.02902811555 7.04138195365 235.786377518 369.073555797 127475.854413 73 1267.55713391 39.9411280939 47.2080055305 23.0588719061 419.442866092 5.9264442049
6312 264.897167742 2979.92074531 177.093349151 255.522548153 0.65105493877 0.489393594381 5.83053239979 237.506470914 369.316074816 129939.434984 72 1282.27318493 39.915274133 46.1460717947 23.084725867 404.72681507 5.68392518579
6336 251.623478477 2878.74870517 176.439970072 255.572756781 0.657431521711 0.9702835639 6.4989785405 236.300549593 369.553145202 132303.824832 72 1296.02023342 39.8951613234 47.2569844716 23.1048386766 390.979766586 5.44685479929
6360 239.625464691 2787.70730015 177.937161839 255.620761377 0.646415912785 0.52805293391 7.13559895294 236.069170823 369.771601147 134579.745773 71 1308.86386105 39.8779374334 48.4722225073 23.1220625666 378.136138954 5.22839885417
6384 228.706497026 2705.03948549 177.992661715 255.666065355 0.653053770838 0.919694291714 5.24552998077 237.515656601 369.963236845 136755.045824 70 1320.90814969 39.8591396971 53.0028044212 23.1408603029 366.091850311 5.03676315675
6408 218.68552421 2633.24181436 176.322864771 255.710750345 0.678858620224 0.249926098676 8.74843174664 234.612033189 370.122488775 138843.906418 69 1332.26940314 39.8360750708 53.9490340239 23.1639249292 354.730596858 4.87751122634
6432 209.505564522 2558.67035401 177.747173862 255.753894444 0.668363829199 0.75422830787 6.31169735965 236.511816059 370.292769376 140857.330717 69 1342.9604428 39.8226487819 57.0040849204 23.1773512181 344.039557202 4.70723062567
6456 201.065177752 2479.75848361 177.740613381 255.795448582 0.673572868591 0.0960076513442 5.51057174108 237.924399157 370.450762485 142808.054556 69 1353.02997668 39.8107113409 63.0582011054 23.1892886591 333.970023325 4.5492375168
6480.0 193.272497361 2425.49844658 177.041495674 255.834607185 0.651138518929 0.445287885279 4.20092254737 238.868043864 370.58383112 144680.247595 99 1362.53171096 39.7931650819 63.1893410114 23.2068349181 324.468289043 4.41616888143
6504 186.156071978 2294.39180096 176.185899183 255.871065194 0.647586032563 0.751765241592 5.1918133533 237.537770179 370.779225869 146604.543361 98 1371.42020425 39.8095729475 35.8264605142 23.1904270525 315.579795754 4.22077413253
6528 179.693380377 2199.39724234 175.82296117 255.905633087 0.658581039018 0.965582557915 5.53089082123 236.939312496 370.954174486 148450.879857 98 1379.64098809 39.8185712643 27.7285242352 23.1814287357 307.359011915 4.04582551573
6552 173.742620007 2131.12946596 175.691423282 255.939369648 0.675909776205 0.193516074958 5.21777501413 237.973429487 371.088093366 150232.453924 97 1387.33516281 39.8166994338 24.9167792232 23.1833005662 299.664837195 3.91190663566
6576 168.216355649 2071.72729494 176.263109263 255.971692215 0.659813144895 0.482068777667 7.3924174637 235.4940084 371.203509113 151962.178746 97 1394.59576714 39.8123986729 23.8378879574 23.1876013271 292.404232858 3.79649088821
6600 163.05626754 2020.07066886 176.836596241 256.002408103 0.656258337414 0.683462277534 4.28100079141 238.376870492 371.307101892 153641.97766 97 1401.47835045 39.8064191656 21.4363551029 23.1935808344 285.521649552 3.69289810894
6624 158.223742412 1971.24567175 176.155832819 256.032096684 0.660398194513 0.811040035305 2.90508291839 239.591382168 371.403400672 155274.599694 96 1408.01722716 39.8002825126 22.5124448688 23.1997174874 278.982772848 3.59659932933
6648 153.683797139 1927.93442839 175.946211308 256.061112255 0.66927925653 0.929346808615 4.17904961541 238.161212066 371.491530184 156860.45896 95 1414.24356464 39.7933619938 19.9786132618 23.2066380062 272.756435367 3.50846981741
6672 149.411656972 1887.1360773 175.906121499 256.089660716 0.681005512593 0.967676055604 3.26807737623 238.99358034 371.573225643 158399.466818 94 1420.17822269 39.7862357799 22.0703928526 23.2137642201 266.821777312 3.42677435893
6696 145.380631486 1843.88435127 175.927500617 256.117790104 0.682575461359 0.148916329509 5.7941963973 237.256521709 371.653013185 159903.648467 94 1425.84754441 39.7812621848 21.724734277 23.2187378152 261.152455592 3.34698681612
6720 141.573253691 1807.25711332 175.969859766 256.144598879 0.66586506898 0.365986702656 6.01066282671 236.812886524 371.725659097 161362.829277 93 1431.26366997 39.7748039721 21.9731003441 23.2251960279 255.736330033 3.27434090472
6744 137.96957849 1773.92748414 176.019761902 256.17016616 0.657273578846 0.518362606918 4.06029562981 238.593902025 371.793665907 162785.484909 92 1436.44639673 39.7679945186 18.0567191603 23.2320054814 250.553603278 3.20633409403
6768 134.549293647 1738.1750385 176.075367614 256.194844287 0.654152179607 0.620601987053 3.94714381525 238.583257731 371.858206537 164164.868978 91 1441.41729146 39.7620285674 22.3003782955 23.2379714326 245.582708548 3.14179346404
6792 131.301159289 1709.23488399 176.130356457 256.218818414 0.6542736695 0.684988456821 2.65847655565 239.783442905 371.917621863 165506.213619 89 1446.18467371 39.7547695225 25.9543948324 23.2452304775 240.815326298 3.08237813839
6816 128.209658351 1680.99943271 177.132520315 256.242239012 0.65693790278 0.788075401681 4.06297323106 238.249774453 371.974415169 166815.442397 88 1450.76570814 39.7480779092 26.4647081361 23.2519220908 236.23429186 3.02558483267
6840 125.259897692 1646.51600476 176.590866879 256.265275421 0.663196513544 0.885907021707 4.26659028275 237.919030762 372.030880346 168096.203225 86 1455.17761159 39.7438645885 25.4519078459 23.2561354115 231.822388409 2.96911965507
6864 122.451948299 1624.60608017 176.822344936 256.287978129 0.672275561768 0.962929496262 3.28306849169 238.793748321 372.079242704 169328.31618 84 1459.41233308 39.7350743848 33.3381352475 23.2649256152 227.587666925 2.9207572972
6888 119.766921327 1594.6918401 176.538235772 256.310497161 0.678921551382 0.0160253540372 4.17155768118 238.822998252 372.132454183 170545.895083 83 1463.49782535 39.7317025034 35.1412576189 23.2682974966 223.50217465 2.8675458189
6912 117.2026015 1568.7495707 177.790443717 256.332214544 0.65971967511 0.131749353708 2.82191853047 240.054397898 372.180036649 171731.426503 81 1467.43031933 39.7266878999 34.4693422112 23.2733121001 219.569680674 2.81996335269
6936 114.746636301 1548.864026 176.954079991 256.352924749 0.644858442352 0.236575514131 3.31410661165 239.451534683 372.222201549 172883.831234 80 1471.22437633 39.718608612 31.4350865478 23.281391388 215.775623669 2.77779845198
6960 112.387500427 1528.11668726 176.688051234 256.372834686 0.633545501064 0.322419212073 3.68862632605 238.982574275 372.262779602 173998.069086 79 1474.89616474 39.7116271529 36.9974915908 23.2883728471 212.103835263 2.73722039896
6984 110.125808063 1500.22447522 177.172767942 256.39202793 0.625934246197 0.439763124981 3.82886512214 238.713409577 372.305492791 175099.296139 78 1478.44282279 39.708429933 36.8809841102 23.291570067 208.557177208 2.69450721059
7008 107.965401457 1470.17582938 176.794195234 256.410563908 0.622029422835 0.545209254708 3.79503201446 238.627165401 372.35586456 176179.260864 76 1481.85591745 39.7096661516 41.239902902 23.2903338484 205.144082558 2.64413544129
7032 105.891054547 1454.42936004 177.231013692 256.428640652 0.620570820186 0.592923427951 2.71987773608 239.637987364 372.388702419 177228.948512 75 1485.15075442 39.7010481991 40.0233438357 23.2989518009 201.84924558 2.61129758265
7056 103.886818333 1439.35762196 178.887214993 256.446426333 0.62078804573 0.663221362523 1.48875435994 240.7808099 372.415878142 178237.815435 73 1488.35382951 39.6916272579 44.5094924876 23.3083727421 198.646170492 2.58412185902
7080 101.947335431 1431.01063147 178.175354673 256.463999218 0.622821468292 0.735279679829 5.15289371621 237.025005918 372.442180234 179212.492621 70 1491.47197833 39.6805260416 52.6986948685 23.3194739584 195.528021671 2.55781976698
7104 100.066737682 1424.91997268 177.352717512 256.481452488 0.627507592181 0.846418053665 3.6481137697 238.396508097 372.465609841 180156.745138 70 1494.51311761 39.6677980011 63.3899490059 23.3322019989 192.486882395 2.53439016032
7128 98.2402798731 1409.61073173 179.389475614 256.498879231 0.633956163254 0.875657808578 2.22913570176 239.762371096 372.488857143 181090.414557 69 1497.48519295 39.659671859 58.2714221163 23.340328141 189.514807054 2.51114285881
7152 96.4780395716 1388.56352185 178.703565365 256.516184587 0.6408722926 0.901211930244 1.69920895859 240.242522232 372.51933277 182003.611305 69 1500.3700613 39.6540172323 57.7725243899 23.3459827677 186.629938707 2.48066723132
7176 94.7808432783 1372.15995293 178.024639535 256.533338829 0.647855614346 0.912728800332 2.06844381751 239.837632939 372.552554603 182887.750369 67 1503.1645768 39.650683628 59.1087573452 23.349316372 183.835423206 2.44744539876
7200.0 93.14130745 1367.03747188 179.349869861 256.550389595 0.655100993288 0.945226182334 3.28586161276 238.563421617 372.576686102 183735.362979 96 1505.87677124 39.6421172614 69.3748318838 23.3578827386 181.123228766 2.42331389904
7224 91.5728266764 1302.42525959 177.865502658 256.567177776 0.663084826783 0.0014045641991 3.28401711854 239.484315715 372.631968623 184663.104062 95 1508.49450034 39.6655505364 48.5329375808 23.3344494636 178.505499669 2.36803137846
7248 90.0945637018 1263.24884905 178.198492761 256.583175673 0.647926065815 0.0703265219144 2.07017419187 240.628397548 372.686344855 185557.562235 95 1510.97150175 39.6806430399 38.8216103547 23.3193569601 176.028498256 2.31365514594
7272 88.6857538953 1235.63428477 177.306289019 256.598337774 0.635043392832 0.127282472078 3.68866037018 238.950675991 372.727758158 186433.34436 94 1513.3404623 39.6878905063 35.5218403463 23.3121094937 173.659537704 2.27224184312
7296 87.3317148377 1213.77109108 177.781843862 256.612865996 0.624258094635 0.192320974593 2.14997359545 240.42058134 372.760881971 187292.554797 93 1515.62592178 39.6908851478 32.2124243879 23.3091148522 171.374078227 2.23911803035
7320 86.022629645 1196.50946156 177.145907854 256.626903845 0.615311260948 0.261786189962 4.49549122259 238.000507481 372.787689322 188132.418138 93 1517.8436667 39.6900228043 29.2178571699 23.3099771957 169.15633331 2.21231067894
7344 84.7548835809 1181.39553386 176.924968101 256.640525625 0.60823148091 0.316419657329 0.77287626469 241.661946972 372.812261293 188954.267679 93 1519.99993843 39.6879571452 25.6581535691 23.3120428548 167.000061577 2.18773870769
7368 83.5288936445 1166.86142552 177.755566648 256.6537523 0.602233455734 0.341429696536 1.00669902881 241.395885519 372.837513249 189757.641135 91 1522.09381112 39.6865651597 26.4277007117 23.3134348403 164.906188886 2.16248675242
7392 82.3377579088 1157.02427819 177.173650763 256.666668531 0.596918772592 0.36934139861 3.15772224828 239.209349049 372.856549726 190536.137559 90 1524.13486923 39.6811767823 32.3523346688 23.3188232177 162.865130779 2.14345027491
7416 81.1799320599 1143.3886461 176.979019547 256.679300661 0.592528133841 0.401454109611 1.22503096979 241.101686126 372.877992818 191309.490566 90 1526.12706249 39.6785304336 32.0500014381 23.3214695664 160.872937514 2.12200718271
7440 80.0575305641 1131.27541644 176.913312598 256.691635837 0.588926550039 0.437519674708 2.19570802684 240.086209912 372.90027625 192071.692334 90 1528.06571252 39.6768545368 27.8924485789 23.3231454632 158.93428749 2.09972375138
7464 78.9657035123 1116.00024127 176.907887494 256.703736146 0.586048677831 0.456501910963 2.12947419056 240.124239075 372.919991446 192818.922982 90 1529.95798579 39.6749140064 25.0638759239 23.3250859936 157.042014219 2.08000855528
7488 77.9094478541 1096.06589945 176.892138295 256.715548883 0.583614339778 0.473998875619 1.9688991106 240.257938792 372.94763375 193558.146199 89 1531.79671885 39.6799496546 26.9375514997 23.3200503454 155.203281152 2.05236625093
7512 76.8843441344 1086.388622 176.893871482 256.727123573 0.581636730114 0.493098018904 1.72365871038 240.474482968 372.966465924 194278.818833 88 1533.58540929 39.6767107193 25.4422798804 23.3232892807 153.414590713 2.03353407673
7536 75.8870275177 1073.27836226 177.787960903 256.738500408 0.580281912269 0.522879368513 1.38698561679 240.771352695 372.984965266 194986.871239 88 1535.3316129 39.6752929922 25.971533348 23.3247070078 151.668387103 2.01503473554
7560 74.9137931686 1064.8447484 177.258447993 256.749726001 0.579347224836 0.542524189659 2.01541855935 240.112984026 372.999799047 195675.662533 88 1537.04030924 39.6702502913 26.4614512389 23.3297497087 149.959690766 2.00020095432
7584 73.9650851887 1056.89901952 177.602328512 256.760797274 0.579023758073 0.582471785717 3.54239245873 238.535314724 373.014216501 196349.590146 87 1538.71118451 39.665175046 26.7755087002 23.334824954 148.288815494 1.98578350015
7608 73.041648141 1042.9467526 177.214257925 256.771712116 0.57946182861 0.619225519442 3.00766117052 239.021939366 373.034454746 197021.346915 87 1540.34372326 39.6661837941 24.4833111146 23.3338162059 146.656276744 1.96554525476
7632 72.1459013742 1028.39558378 177.060800683 256.782445158 0.580362802775 0.642863731329 3.41655968565 238.577768623 373.056339387 197683.528199 87 1541.93246313 39.6690409785 25.2802710288 23.3309590215 145.067536876 1.94366061379
7656 71.2723155964 1018.06384361 177.020694173 256.793064274 0.582029126179 0.695752500516 2.70770973567 239.221444364 373.070657056 198328.623566 87 1543.48500563 39.6658843999 26.9779651881 23.3341156001 143.514994379 1.92934294488
7680 70.4222121163 1007.84406889 177.006677805 256.80356056 0.584388156717 0.728700584906 1.97010694675 239.913243752 373.088279494 198965.095775 85 1545.00070022 39.6650312921 28.3601252421 23.3349687079 141.999299788 1.91172050672
7704 69.5918766285 1001.14731841 177.927725292 256.81398172 0.587182418024 0.760216866968 2.18370117174 239.654917823 373.100770841 199583.112839 85 1546.48443359 39.6606590804 32.5120128766 23.3393409196 140.515566419 1.89922916031
7728 68.7817847364 989.296580504 177.362811257 256.824321542 0.590271185815 0.768324558316 1.38792782474 240.42915489 373.118652235 200199.738177 82 1547.93685048 39.6613576631 34.5873583871 23.3386423369 139.063149522 1.8813477662
7752 67.9883717221 986.296775166 177.187423549 256.834622171 0.593534251752 0.788911320378 1.52775717993 240.255175078 373.127818881 200796.732762 82 1549.36154206 39.6540045613 33.0506387606 23.3459954387 137.638457951 1.87218111966
7776 67.2110829895 975.600161553 177.520148393 256.844888927 0.597011727676 0.804820681728 0.638416609669 241.114862054 373.13988936 201381.773537 82 1550.76166505 39.6510533439 37.4021624982 23.3489466561 136.238334959 1.86011064134
7800 66.4539837434 961.425030144 179.053339831 256.855064237 0.600669630553 0.829298740637 2.66954623964 239.045421152 373.157955651 201964.175002 81 1552.13016263 39.6552589124 38.5208329426 23.3447410876 134.869837381 1.84204435002
7824 65.7140563372 960.543146581 178.555363204 256.865185444 0.604584278832 0.840559706717 1.67840982509 240.011260745 373.16729402 202525.910675 79 1553.46904497 39.648107432 38.6659551211 23.351892568 133.530955032 1.83270598145
7848 64.9881405101 957.720951972 178.941044568 256.875292194 0.608569280165 0.851998997404 2.65419642529 239.009943104 373.174168207 203073.396772 78 1554.78535713 39.6387245596 41.5992221443 23.3612754404 132.214642875 1.82583179384
7872 64.2754590534 947.101192697 178.98624076 256.885391958 0.612664682297 0.862942254236 1.60091105642 240.038090049 373.186662863 203616.394357 78 1556.08200194 39.6377897216 43.7094055792 23.3622102784 130.917998061 1.81333713782
7896 63.5765546905 943.767715388 180.62876546 256.895473371 0.616825524205 0.878934231763 1.50304261105 240.105724263 373.194318401 204138.785462 77 1557.35573362 39.6317666952 45.2768883633 23.3682333048 129.644266381 1.80568159981
7920.0 62.8948249955 927.655072068 179.193611004 256.905482616 0.621090028908 0.889430859975 2.36045901187 239.223537484 373.212983881 204672.153241 106 1558.60285076 39.6370276957 45.8708590384 23.3629723043 128.397149245 1.78701612031
7944 62.2348299382 907.897460815 177.920926314 256.915344539 0.625399519436 0.897016935551 1.13946682459 240.422772182 373.229441658 205217.520952 104 1559.81382128 39.6472336575 37.7401013641 23.3527663425 127.186178726 1.77055834318
7968 61.5956525135 892.232260224 178.158562646 256.925061524 0.629604022503 0.903840153248 1.8384969222 239.702997378 373.249204284 205751.974966 103 1560.988615 39.6546212516 34.0068939651 23.3453787484 126.011385009 1.75079571739
7992 60.9733018822 884.652785693 178.336206662 256.934684563 0.633893426052 0.920736902176 1.45598098827 240.054704122 373.262313335 206273.605235 103 1562.13375473 39.6545957576 29.8268643664 23.3454042424 124.866245272 1.7376866664
8016 60.3639970208 874.835407998 177.563900185 256.94426713 0.638310622446 0.935750514185 2.03604603495 239.4456257 373.274812165 206788.044351 102 1563.25704252 39.6544589595 26.751695314 23.3455410405 123.742957487 1.72518783659
8040 59.7693543335 864.236026376 177.270607416 256.953778697 0.642736599913 0.943483922295 2.57848574322 238.881515039 373.289500347 207297.778674 101 1564.35594061 39.6570399108 23.4514043573 23.3429600892 122.644059397 1.71049965391
8064 59.1873225979 857.515037045 177.168974802 256.96324638 0.647301860148 0.962528832269 2.05632145482 239.370601473 373.300247906 207794.064052 99 1565.43297088 39.6551595698 21.8416766079 23.3448404302 121.567029127 1.69975209494
8088 58.617923825 848.758083716 177.648941214 256.972665588 0.651860565021 0.963752229339 1.5265555296 239.885166089 373.312508944 208284.530237 96 1566.48905012 39.6561250719 20.4402036321 23.3438749281 120.510949882 1.6874910576
8112 58.0605354997 842.836030294 177.307454999 256.982039617 0.656295152652 0.963008436972 0.960123083151 240.438533711 373.324090957 208763.483852 93 1567.52449278 39.6545459016 22.0890964475 23.3454540984 119.475507224 1.67590904401
8136 57.513532492 835.30019785 177.193655249 256.991389315 0.660679791797 0.972438014182 2.34122572054 239.03426716 373.33447206 209236.581859 90 1568.54244386 39.6535091279 23.2692183919 23.3464908721 118.457556148 1.66552794173
8160 56.9761478649 830.076643649 177.960667065 257.00072372 0.66510590383 0.978463922171 0.700374288003 240.655332167 373.342148405 209695.64977 88 1569.54405422 39.6503244415 26.2806332888 23.3496755585 117.455945785 1.65785159589
8184 56.4479090388 826.594192263 178.129975177 257.010046795 0.669447206246 0.978217007912 1.04560220947 240.296686782 373.350504394 210143.561506 85 1570.5303844 39.6469236972 30.3598112478 23.3530763028 116.4696156 1.64949560696
8208 55.9267589508 823.891029643 177.562958836 257.019390629 0.673740252051 0.983492405526 1.36543579545 239.957940919 373.355480445 210581.319527 84 1571.50462016 39.6396507861 34.6109241664 23.3603492139 115.495379846 1.64451955616
8232 55.4156938103 817.670487407 177.357376689 257.028697288 0.677962100261 0.983861468198 1.66062956811 239.648849577 373.365836767 211019.449775 83 1572.46259579 39.6389913036 35.5936667565 23.3610086964 114.537404216 1.63416323479
8256 54.9135123915 809.933971627 177.292786305 257.037983465 0.682144202863 0.987435559049 0.921521013105 240.37091576 373.375603605 211452.616583 81 1573.40548532 39.638874813 34.7634372418 23.361125187 113.594514688 1.62439639581
8280 54.4213991266 806.029559748 178.545891486 257.04722206 0.686216741288 0.985314065758 1.15724693639 240.124000198 373.382710751 211872.918438 81 1574.33082684 39.6365663241 35.1376013259 23.3634336759 112.669173166 1.61728925045
8304 53.9377027686 798.846295624 178.526276588 257.056438393 0.690222665982 0.989259347898 1.35393141368 239.91014818 373.391180547 212291.648074 81 1575.24190982 39.6354171989 33.5383990514 23.3645828011 111.758090188 1.60881945418
8328 53.4614870205 797.821138767 177.757184499 257.065646574 0.694245138814 1.00189097533 2.51141642607 238.726800886 373.396257426 212693.514897 81 1576.13972976 39.6291603318 34.3618024109 23.3708396682 110.86027024 1.60374257521
8352 52.9932671586 789.040653789 177.481231768 257.074834313 0.698397794996 1.0225149227 3.62641433704 237.577838633 373.406412858 213097.403255 80 1577.02477086 39.630453814 33.8031968952 23.369546186 109.975229145 1.59358714295
8376 52.533747269 782.730113236 178.808792153 257.083973182 0.697664106144 0.0432564443555 1.72400826545 240.451098003 373.414817053 213487.082165 79 1577.89461455 39.6308557395 37.1959677356 23.3691442605 109.105385456 1.58518294836
8400 52.0826696424 778.804101271 177.874392677 257.092943902 0.689427498088 0.0682352725681 1.80500365117 240.344389677 373.422390857 213874.588477 79 1578.74946464 39.6280031199 37.6150843466 23.3719968801 108.25053536 1.57760914397
8424 51.6387001207 771.903878447 177.542747254 257.101746614 0.681630486442 0.0871086510199 0.87462207408 241.254892175 373.430712137 214253.58017 79 1579.59232338 39.6277358011 42.4959634594 23.3722641989 107.407676624 1.56928786421
8448 51.202676357 765.678865766 177.801351819 257.110368989 0.674197335108 0.0995657150237 0.926979742119 241.188888219 373.438576636 214632.019755 79 1580.42135634 39.6273635018 40.9697186617 23.3726364982 106.578643662 1.56142336567
8472 50.7755261503 758.612370263 177.511357215 257.118796088 0.667095665015 0.11244129105 1.94092349119 240.160743466 373.448115738 215007.31484 77 1581.23481255 39.6280444529 40.7260499178 23.3719555471 105.765187457 1.55188426359
8496 50.3556134659 754.191313169 177.410300024 257.127063478 0.660347652442 0.128196326183 0.921999065654 241.162393478 373.455867562 215371.661272 77 1582.03546664 39.6270963511 43.6746552 23.3729036489 104.964533367 1.54413243956
8520 49.9427705314 751.384842968 178.462836952 257.135177648 0.653880790493 0.137813869458 0.888777298807 241.184350394 373.461827789 215731.172432 75 1582.8235956 39.6247121328 41.7946504993 23.3752878672 104.176404409 1.53817221207
8544 49.5355824994 750.919869193 179.249895423 257.143168699 0.647648495403 0.146691634312 0.840028748661 241.222462423 373.464961235 216076.936562 74 1583.60151148 39.6179825359 43.0831206801 23.3820174641 103.398488528 1.53503876663
8568 49.1331783122 742.584890662 180.937947653 257.151055699 0.641629520611 0.156603523127 0.778036341203 241.272674916 373.470176916 216422.274543 73 1584.37188801 39.6178198314 41.2839782302 23.3821801686 102.628111993 1.52982308577
8592 48.7383591627 740.18732029 180.922883226 257.158785754 0.635870502025 0.170919883147 1.67472792935 240.359695933 373.476707832 216752.390696 73 1585.12871801 39.6148695756 46.2609642671 23.3851304244 101.871281991 1.52329216948
8616 48.3500229497 731.132815508 179.074575173 257.166382764 0.630377932774 0.180923869458 1.55474437561 240.467571058 373.48777857 217092.468729 71 1585.87470657 39.6192829259 44.9132934802 23.3807170741 101.12529344 1.5122214317
8640.0 47.9656407888 733.252945274 179.59486222 257.173898348 0.625135910264 0.203503723677 3.40256364941 238.594898369 373.487987387 217404.979979 100 1586.61259765 39.6089169076 49.8507015432 23.3910830924 100.387402352 1.51201261431
8664 47.5911314946 713.280586192 178.206198461 257.181220491 0.62045036942 0.241111091264 2.16716495075 239.790053098 373.499915497 217755.041454 98 1587.33517884 39.6260696231 43.0618924315 23.3739303769 99.6648211663 1.50008450437
8688 47.2278604083 701.776111157 178.599610429 257.188327192 0.616208237454 0.255317126376 1.91389137709 240.026256067 373.513992014 218094.884578 97 1588.03622081 39.6349471235 40.3979770274 23.3650528765 98.9637791885 1.48600798748
8712 46.8723295274 694.304243452 177.767665233 257.195288935 0.612208177451 0.265577549599 1.62968246071 240.297242878 373.52307819 218432.762376 97 1588.72257916 39.638223517 34.7492766633 23.361776483 98.2774208411 1.4769218115
8736 46.5227699307 689.703889841 177.463791973 257.202141617 0.608412035186 0.279452104656 2.31219698862 239.597797255 373.529728391 218759.757228 96 1589.39781678 39.6374743943 32.1277270285 23.3625256057 97.6021832247 1.4702716099
8760 46.1790779349 685.196155936 177.349354171 257.208888682 0.604835113591 0.289850851838 0.975635123556 240.920790229 373.536830069 219082.099958 95 1590.06259954 39.6373791782 29.3755165176 23.3626208218 96.9374004659 1.4631699325
