Time EBV Teff Treg ODC_le1 ODC_le2 ODC_le3 ODC_le4 ODC_le5 NK IL2 DAC Resting_Teff Resting_Treg EffectorMemory Resting_Treg_temp Resting_Teff_temp NK_temp
0.0 0 0 0 0 0 0 0 500 375 1000 0 1687 63 0 0 0 0
24 0 0 0 0 0 0 0 500 336.279789971 908.048253598 0 1687 63 0 0 0 38.7202100291
48 0 0 0 0 0 0 0 500 335.391027502 823.849847309 0 1687 63 0 0 0 39.6089724976
72 0 0 0 0 0 0 0 500 334.559882085 745.880698262 0 1687 63 0 0 0 40.4401179151
96 0 0 0 0 0 0 0 500 333.760437385 673.915002205 0 1687 63 0 0 0 41.2395626152
120 0 0 0 0 0 0 0 500 332.995774144 607.703333798 0 1687 63 0 0 0 42.0042258555
144 0 0 0 0 0 0 0 500 332.2684442 546.975994766 0 1687 63 0 0 0 42.7315557996
168.0 1000 0 0 0 0 0 0 500 331.580390823 491.447224652 0 1687 63 0 0 0 43.4196091775
192 587.94283022 2674.42256109 91.5619289612 4.47673168998 18.9970923557 71.5351553232 179.581289232 225.4097314 319.455578209 5741.3447637 0 1039.6715255 41.772295668 0 21.227704332 647.328474501 55.5444217919
216 137.345430998 6922.79703264 168.929823645 79.9977684325 48.7643191094 93.5040977759 131.932136372 145.80167831 264.571904388 483.946767951 0 1394.83861343 38.9740885249 621.764154303 24.0259114751 292.161386571 110.428095612
240 32.8966379195 2391.2140038 173.239101657 165.513482276 31.7057989556 59.8899675179 110.838096189 132.052655062 278.693565187 232.960241227 0 1603.9526841 38.8571836252 531.515403718 24.1428163748 83.0473159045 96.3064348138
264 16.1955315906 565.984264646 171.294307059 190.135719213 14.9499795246 41.4100529172 74.3145974243 179.189650921 303.569098015 228.686815963 0 1648.81288904 39.0633775755 515.172339349 23.9366224245 38.1871109574 71.4309019853
288 12.6637506319 211.851524226 169.270007144 193.712586401 0.683732976259 16.4279286341 49.2692750977 239.906476891 315.59540486 304.445875323 0 1658.15493112 39.5544518799 472.826380283 23.4455481201 28.8450688782 59.4045951404
312 11.0693564582 159.216380401 169.825888724 193.906244996 1.07659463587 2.59229230742 23.7913042673 278.633563794 318.241094019 342.681496846 0 1661.88694972 39.7299998664 439.190717853 23.2700001336 25.1130502783 56.7589059813
336 9.92540335536 123.657184022 175.612747599 193.967839718 0.474973291702 1.80244271865 21.0091685053 282.745575766 319.027246153 357.031291974 0 1664.5052009 39.8617631506 415.862930514 23.1382368494 22.4947991002 55.9727538471
360 9.0579802772 121.589808016 172.624767251 194.039263916 0.541473537054 0.775716218669 15.5532971493 289.090249179 319.57605242 359.60079417 0 1666.45945216 39.8331158097 393.806445896 23.1668841903 20.5405478394 55.4239475808
384 8.29017933703 112.335341212 166.298820734 194.111919675 0.550553873653 0.884980654061 11.6627170869 292.789828711 319.843417489 350.736107167 0 1668.18309469 39.8007375586 385.13181295 23.1992624414 18.816905307 55.1565825117
408 7.65335622064 105.093577102 171.780498293 194.18163273 0.593605187839 0.560335192688 17.5731963873 287.091230502 319.974191064 336.872153758 0 1669.62763661 39.8227520778 370.862730105 23.1772479222 17.3723633862 55.0258089361
432 7.13072049596 90.4144928078 170.586813668 194.244871779 0.592726842006 0.703154713645 10.480628548 293.978618118 320.317038315 332.490816354 0 1670.82596395 39.9566185448 362.888317259 23.0433814552 16.1740360471 54.6829616857
456 6.68018029261 84.6547680435 170.679594534 194.30443276 0.622023637144 0.835537607089 15.8206107806 288.417395215 320.499756513 321.258507713 0 1671.84226257 39.9542002419 354.45464421 23.0457997581 15.1577374296 54.5002434879
480 6.28910021043 69.9370998134 161.185947727 194.362056283 0.648630867362 1.08176742679 9.67784684971 294.229698573 320.940854117 326.100639428 0 1672.73823918 40.1247317498 351.744103175 22.8752682502 14.2617608233 54.0591458833
504 5.9329144531 73.6900417868 161.692646825 194.419979283 0.666059221184 0.858529793964 9.56699975988 294.488431942 320.757764061 308.427140387 0 1673.53186902 39.9898596345 346.328119119 23.0101403655 13.4681309835 54.2422359397
528 5.62491730619 61.3925196756 162.989556736 194.47415442 0.680791371338 0.661926365397 8.13257690207 296.050550941 320.871555573 302.421567962 0 1674.23794533 40.1471781833 342.326883983 22.8528218167 12.7620546656 54.1284444271
552 5.35636088082 61.3427423548 165.397880827 194.524609968 0.698513029179 0.307819424922 11.004127814 293.464929764 321.005033155 299.065437109 0 1674.84346215 40.1033862016 330.797485731 22.8966137984 12.1565378518 53.9949668451
576 5.10748465367 60.7434424144 160.23292142 194.574119672 0.69745305146 1.02976571169 12.1643893948 291.53427217 320.860187929 288.552210487 0 1675.40258003 40.0526017952 326.348077048 22.9473982048 11.5974199657 54.1398120713
600 4.88029123705 56.7205160739 159.104896718 194.621287627 0.682625304234 0.589521752698 9.74538399778 294.361181319 321.136335226 284.464688194 0 1675.92228685 40.1721699532 320.441434742 22.8278300468 11.0777131528 53.8636647746
624 4.66751614991 50.97634096 157.994440643 194.667180314 0.697111180348 1.23522853252 9.64511949885 293.755360474 321.038824623 280.888851729 0 1676.40155048 40.1524910588 312.261494841 22.8475089412 10.5984495157 53.9611753775
648 4.4860285236 47.164069756 155.564176085 194.708496354 0.690949216046 0.699423212728 5.73264200708 298.16848921 321.416012025 287.538453894 0 1676.81691927 40.264042973 301.19195761 22.735957027 10.1830807319 53.5839879758
672 4.31256612469 49.8985640932 150.688001068 194.749608512 0.702491334435 0.0571952608005 5.87542614163 298.615278751 321.365686361 279.924746626 0 1677.20464379 40.1342003475 298.590198675 22.8657996525 9.79535620606 53.6343136392
696 4.15272282808 46.7302201526 155.995721528 194.788586289 0.677205962129 0.413870841909 5.3743671289 298.745969778 321.295068738 275.617933008 0 1677.5680174 40.1826728523 286.365720455 22.8173271477 9.43198260217 53.7049312628
720 4.0120729095 41.0680328432 161.681604971 194.823348335 0.669983945154 0.643530218881 3.57139701667 300.291740484 321.141004383 262.343511306 0 1677.89162487 40.3715230297 283.458829494 22.6284769703 9.10837512497 53.8589956172
744 3.89125564427 38.8086875797 158.338736725 194.854081482 0.670987320767 0.759686839372 6.20912708114 297.506117277 321.153102027 258.29709126 0 1678.16630415 40.4142863251 278.364191799 22.5857136749 8.83369584699 53.8468979737
768 3.77230122081 36.8106339409 157.977767121 194.885474255 0.678278050157 0.904593220591 3.98179077952 299.549863695 321.199638621 253.416305161 0 1678.4350314 40.4303082881 273.295579612 22.5696917119 8.56496860197 53.8003613794
792 3.66420899384 32.8206692243 152.341902135 194.915317572 0.691488802751 1.06672190835 4.80365013701 298.52282158 321.51897805 260.324780486 0 1678.68236595 40.579227373 267.000487586 22.420772627 8.3176340511 53.4810219502
816 3.55885954943 38.0078202108 151.969792241 194.945992266 0.711993450937 1.28698134594 6.52830844751 296.52672449 321.470321698 251.088527385 0 1678.91684184 40.3555099824 263.671008147 22.6444900176 8.08315816174 53.5296783025
840 3.45758966447 37.8376027844 154.918032049 194.976597039 0.70051241597 0.475249738936 5.27277701974 298.574863786 321.208321401 237.867668802 0 1679.14612877 40.3582265486 262.728691448 22.6417734514 7.85387123227 53.7916785995
864 3.35806724456 32.0580125495 149.592572735 195.007143028 0.695512969332 0.674700306269 2.12885389545 301.493789801 321.361993381 243.114732976 0 1679.37240851 40.4622606525 256.422826853 22.5377393475 7.62759149374 53.6380066193
888 3.27331161874 31.5587383782 152.22267484 195.033818201 0.696373400938 0.758044906973 1.54734564413 301.964417847 321.481413382 243.618001514 0 1679.5659839 40.5291517868 248.877520702 22.4708482132 7.43401610437 53.5185866182
912 3.18956424431 32.427793273 152.229816699 195.060949896 0.699932487189 0.854156842889 7.09151283282 296.293447941 321.229468822 233.833863346 0 1679.75403497 40.423261116 245.944332387 22.576738884 7.24596502794 53.7705311788
936 3.1108774602 28.8510527757 148.005173068 195.087326631 0.708998845335 1.02533258911 5.04179284548 298.136549089 321.456071516 236.682712665 0 1679.93434215 40.5814056471 241.553474801 22.4185943529 7.06565785441 53.5439284847
960 3.04040954376 28.4474924452 147.840440215 195.111624112 0.698599792032 0.175040708233 4.15548229668 299.859253091 321.586291202 236.297212043 0 1680.09393735 40.5827479938 238.706520797 22.4172520062 6.90606265338 53.4137087981
984 2.97142386036 31.4630719117 148.441119648 195.135395136 0.683117918775 0.298408870332 5.35592577172 298.527152303 321.321342338 224.415869393 0 1680.24934832 40.4926089549 240.013452748 22.5073910451 6.75065168063 53.6786576625
1008 2.89840606564 31.6084815429 146.195139639 195.160655687 0.671460226047 0.430330216476 4.40322587188 299.334327998 321.268865804 220.370462265 0 1680.4123204 40.3422910947 235.79389553 22.6577089053 6.58767959996 53.7311341968
1032 2.82680686303 28.8537654383 149.617632212 195.185712323 0.665092081177 0.56664196289 5.48652023748 298.096033395 321.013885445 208.812655997 0 1680.57554823 40.4274151703 233.929688545 22.5725848297 6.42445176717 53.9861145553
1056 2.76619833863 24.5661731273 146.308889493 195.207307898 0.664013788348 0.684734104653 5.07657449758 298.367369711 321.324421949 212.533900543 0 1680.71662572 40.7748267704 229.403129992 22.2251732296 6.28337427961 53.6755780511
1080 2.70522400974 26.6774414752 149.584165156 195.229541924 0.666701793838 0.822024302289 7.89500979065 295.386722189 321.078193593 204.624398781 0 1680.85182785 40.5002402406 224.33580402 22.4997597594 6.14817214647 53.9218064074
1104 2.65183522547 23.7418000827 150.819972034 195.249563244 0.672935632749 0.921023427904 3.71031361127 299.446164084 321.099812879 198.20809388 0 1680.97539126 40.7473480492 222.665874809 22.2526519508 6.02460873624 53.9001871212
1128 2.60112044751 23.1908574302 148.577024006 195.269165677 0.680851768682 0.984290484131 4.30827271947 298.757419351 321.158670445 197.245541735 0 1681.09043486 40.758765466 220.165505289 22.241234534 5.90956513725 53.8413295556
1152 2.55412298313 21.9339182148 146.756004413 195.287726468 0.671198046956 0.0727729452682 2.42018383787 301.548118702 321.259884048 200.973725756 0 1681.1975387 40.8596239007 215.019796643 22.1403760993 5.80246129829 53.7401159525
1176 2.50882946712 23.3589637819 149.738473791 195.30553468 0.6562493647 0.146579923554 3.42409245823 300.467543574 321.070730536 190.010510092 0 1681.29978246 40.7898183848 214.190193214 22.2101816152 5.70021753563 53.9292694641
1200 2.46513098031 20.493940385 145.483634457 195.322666222 0.644175768369 0.232507081188 1.25054884661 302.550102082 321.304512529 196.331284236 0 1681.39994398 40.9863011382 211.504118199 22.0136988618 5.60005602072 53.6954874714
1224 2.42208959092 20.8810111177 144.294214503 195.339549522 0.634140368507 0.296829977401 4.13427312543 299.595207007 321.247395996 193.749936525 0 1681.49652444 40.8430783981 211.998044723 22.1569216019 5.50347555683 53.7526040043
1248 2.38100769589 20.1939284628 143.135294343 195.355722551 0.626811717584 0.384311984607 2.73406019679 300.89909355 321.418422365 198.949896334 0 1681.58982993 40.8785777424 207.720139665 22.1214222576 5.41017007319 53.5815776351
1272 2.34125053605 21.2659035976 143.422296159 195.371484674 0.621600031656 0.452971963376 3.24380111758 300.310142214 321.420325208 198.955258425 0 1681.6797868 40.8381170235 203.737318643 22.1618829765 5.32021319526 53.5796747929
1296 2.30140785029 20.0272785733 145.870771164 195.387441903 0.618310971964 0.526563700795 2.88548972757 300.582193697 321.228982606 193.521306994 0 1681.77030066 40.8784772465 200.030787186 22.1215227535 5.229699342 53.7710173947
1320 2.26348503417 19.8195719185 143.15497829 195.402833035 0.617208040381 0.620414855328 2.23121645985 301.128327609 321.290440721 190.661115393 0 1681.85649672 40.9481786861 199.507268533 22.0518213139 5.14350327886 53.7095592794
1344 2.22822233814 18.5510126325 145.708637363 195.417372796 0.61758812728 0.654396960725 3.27776100676 300.032881109 321.200592822 185.611804851 0 1681.93678145 40.9938254957 197.103180098 22.0061745042 5.0632185481 53.7994071786
1368 2.19536329427 17.2657426331 144.461379126 195.4311477 0.618749763462 0.680102330163 0.9551909906 302.314809216 321.269856387 183.106804535 0 1682.01171391 41.1111175469 197.839062419 21.8888824531 4.98828609248 53.7301436134
1392 2.16315428595 18.3987631979 145.974222275 195.444882479 0.620393632577 0.711735217419 3.58422556771 299.638763103 321.061069358 177.323095784 0 1682.08416051 40.9766936905 194.726166599 22.0233063095 4.91583948767 53.9389306422
1416 2.12966165914 17.852849657 141.152647797 195.459436823 0.623566370868 0.794186515668 2.4799965769 300.642813714 321.256156668 181.024665609 0 1682.15994355 40.9741444189 191.788080063 22.0258555811 4.84005645149 53.7438433322
1440.0 2.09810319628 17.6996259299 142.8301072 195.473445852 0.627601256109 0.813396528943 2.19320257487 300.892353788 321.183795668 175.81514722 30 1682.23158358 40.9805752402 192.048603772 22.0194247598 4.76841641737 53.8162043321
1464 2.06966368568 16.1139895646 134.728635854 195.486334824 0.631699070817 0.84021352749 2.30966032042 300.732092257 321.757536438 193.687460882 30 1682.29707667 41.1951323839 187.403259361 21.8048676161 4.7029233226 53.2424635616
1488 2.04150575176 16.2426642845 132.743812216 195.499359462 0.636071474471 0.857251294207 3.46729438281 299.540023387 322.050923751 207.257069923 30 1682.36072886 41.147597691 182.994576418 21.852402309 4.63927114048 52.9490762494
1512 2.01509784906 15.7488637332 132.696144487 195.511825209 0.640535191098 0.875551914063 2.3141667861 300.6579209 322.286818255 219.719923972 30 1682.42087622 41.2069014039 178.805957247 21.7930985961 4.57912377634 52.7131817452
1536 1.98905833615 15.5907809781 133.826721929 195.524367784 0.645341233587 0.904812161842 1.13138998057 301.79408884 322.432817665 228.468393221 30 1682.47991855 41.2065470533 174.821643119 21.7934529467 4.52008144321 52.5671823353
1560 1.96405652809 15.7916956681 132.920827594 195.536659756 0.650364477903 0.920743311997 1.81229607821 301.079936376 322.493569235 233.964354744 30 1682.53645133 41.1526391541 173.974386389 21.8473608459 4.46354866639 52.5064307653
1584 1.93980651296 15.0742117519 132.701048295 195.54882806 0.655654715267 0.955454175519 2.35208606054 300.487976989 322.630471887 241.348413607 29 1682.59174847 41.2496719208 170.256183569 21.7503280792 4.40825152255 52.3695281132
1608.0 1001.91554571 15.441349338 132.177322735 195.561260162 0.661458681576 0.978284505241 1.98675815595 300.812238495 322.720228775 246.533682951 28 1682.64645176 41.1593225541 167.688394929 21.8406774459 4.35354823911 52.2797712251
1632 559.022356872 3092.45615943 141.890732767 196.834321726 3.92911299986 24.5744330581 69.9671059583 204.695026257 312.250955692 4766.58146782 28 1051.35757828 41.3447541628 145.617201748 21.6552458372 635.642421717 62.7490443085
1656 271.806614763 3824.8680185 169.076839374 204.001462585 9.08989945188 25.8658553241 74.382282691 186.660499948 313.572185395 6404.07227746 27 1256.14644719 39.7378958521 247.761944642 23.2621041479 430.853552808 61.4278146047
1680 134.527240428 3589.20825363 186.101278889 213.62799912 10.2240341897 28.259174958 74.9691847762 172.919606956 314.847172818 6294.28147754 26 1425.19623604 39.2277396364 415.320741726 23.7722603636 261.803763963 60.152827182
1704 70.176019791 2716.1680524 198.910047514 221.552078004 9.2551971431 28.8763812146 69.4564559365 170.859887701 317.843983249 5547.21631531 25 1535.21652236 39.0420626371 529.71137569 23.9579373629 151.783477636 57.1560167506
1728 40.7461309951 1877.28935401 193.789711874 226.767915884 3.75011506899 21.0719453061 55.5004757052 192.909548035 322.267211384 4668.35408451 25 1595.05824743 38.9800130081 655.329307452 24.0199869919 91.9417525661 52.7327886164
1752 26.676634851 1208.22242728 192.442829902 229.474427504 2.92439716836 15.6310189176 52.7401356327 199.230020777 327.359003128 4006.19140266 25 1626.14846613 38.9864014371 706.516492918 24.0135985629 60.8515338703 47.6409968724
1776 19.652477212 764.638303499 196.193895444 230.732064309 2.18061540676 8.11285649158 40.6715418117 218.302921981 331.917646805 3589.72997315 25 1642.23379922 39.0436401323 687.847100566 23.9563598677 44.7662007756 43.0823531951
1800 15.6975321789 532.258766311 187.043707704 231.240884234 0.940929380088 7.03141372766 27.1865740132 233.600198645 334.605652116 3263.87572115 24 1651.29662639 39.1025694154 680.861771209 23.8974305846 35.7033736047 40.3943478839
1824 13.2203527373 386.551959457 189.53254362 231.428514865 0.797670473466 2.30692393335 26.5272809762 238.939609752 336.286889205 3029.93639671 23 1656.9914158 39.183623332 657.525573517 23.816376668 30.0085842012 38.7131107949
1848 11.4672015609 319.095427041 189.584805687 231.630296792 1.11716366088 3.71305399391 20.242822878 243.296662675 336.379417835 2790.5916367 22 1660.96107603 39.2150388288 628.36577721 23.7849611712 26.0389239732 38.6205821651
1872 10.1616544871 247.367612402 193.776063488 231.789557403 0.476912395124 2.97447901056 17.6433415658 247.115709625 336.518503842 2579.33703923 22 1663.94408967 39.2937679713 606.694954277 23.7062320287 23.0559103276 38.4814961581
1896 9.21480962753 208.204824963 188.626765986 231.880083642 0.685144382001 1.6156734756 20.7184502041 245.100648296 336.773665871 2421.44384136 22 1666.10350829 39.3570181561 580.96941532 23.6429818439 20.896491713 38.2263341294
1920 8.43696576794 181.45032097 183.52819859 231.980940566 0.828020511339 1.45773922743 11.6639177296 254.069381965 336.612680467 2280.29687724 22 1667.86482052 39.4024850135 559.419801112 23.5975149865 19.1351794833 38.3873195331
1944 7.7923482836 156.225993319 180.753867756 232.079078885 0.813012881001 0.880281632218 11.418939468 254.808687134 336.367141358 2155.61756146 22 1669.32509502 39.4459852425 533.355559507 23.5540147575 17.6749049835 38.6328586424
1968 7.25381181478 134.862269935 181.826713542 232.167341115 0.82299818793 1.0126189179 15.5473885504 250.449653229 336.027069252 2037.83262016 22 1670.5492695 39.5136623875 505.377009123 23.4863376125 16.4507305021 38.9729307477
1992 6.81525231964 124.2968985 182.041150572 232.244183553 0.819407647764 0.950227059889 6.42670392845 259.559477811 335.752217087 1930.63184608 22 1671.54483818 39.5579299953 478.793585165 23.4420700047 15.4551618205 39.247782913
2016 6.413102136 114.968792519 177.852095496 232.318563549 0.802419276183 0.675231215656 9.15411398952 257.049671969 335.238256824 1815.27289081 22 1672.45271623 39.5876420277 458.560820968 23.4123579723 14.5472837672 39.7617431765
2040 6.05874941241 112.479787243 173.506983787 232.386668611 0.786951008962 0.550988725226 11.996110015 254.27928164 334.574854902 1707.35619914 21 1673.24755634 39.5593421785 440.315784866 23.4406578215 13.7524436628 40.4251450986
2064 5.72778190781 97.1284566487 170.591879686 232.453264674 0.802489955854 0.304712290675 9.72269353942 256.71683954 334.006026837 1599.48427033 21 1673.9991073 39.6248038306 428.045228013 23.3751961694 13.0008927029 40.9939731633
2088 5.4511319035 87.7651833304 180.372857093 232.512109767 0.790880421003 0.949147251697 7.09849295621 258.649369604 333.39595214 1490.75814957 21 1674.63045731 39.7088574067 418.326081033 23.2911425933 12.3695426844 41.6040478604
2112 5.21513759094 80.3643997863 173.687368977 232.563674227 0.759200852305 0.331992199981 4.97750316155 261.367629559 333.047148222 1412.43441883 20 1675.16777986 39.7797780093 402.784680259 23.2202219907 11.832220139 41.9528517779
2136 5.00071910477 67.550940847 168.809038073 232.610879067 0.743975638232 0.700909370471 5.93700839685 260.007227528 332.632947226 1336.19017049 20 1675.6551395 39.8741106635 397.919034742 23.1258893365 11.3448605002 42.3670527742
2160.0 4.80631157513 67.8414157535 169.267180097 232.655194031 0.740009945127 0.124730255786 6.82637210186 259.653693666 332.195307117 1262.92349991 49 1676.09375498 39.8757844265 385.399830583 23.1242155735 10.9062450155 42.8046928836
2184 4.6456354184 52.0398423559 155.923654637 232.692311276 0.718438012621 0.443628372065 5.73917964669 260.406442693 332.62897317 1255.52428339 49 1676.4671516 40.1515588864 357.998555859 22.8484411136 10.5328483964 42.3710268306
2208 4.51051621707 47.8730519404 148.269871616 232.723925064 0.711319300559 0.678781005954 7.99807627328 257.887898356 332.948608343 1249.16754477 48 1676.77487275 40.2487451647 333.105313755 22.7512548353 10.2251272495 42.0513916574
2232 4.38457698033 46.8532424366 149.690397114 232.75417947 0.714557203925 0.894631250524 7.78827287053 257.848359204 332.774444931 1227.52625395 46 1677.05902208 40.2562853511 312.075626678 22.7437146489 9.94097791857 42.2255550695
2256 4.26615736215 44.1376977109 147.973513857 232.783602224 0.709973986357 0.117378207476 6.21387822671 260.175167355 332.673620636 1204.79877985 46 1677.3269145 40.2982321429 295.440701349 22.7017678571 9.67308549249 42.3263793641
2280 4.15484216001 43.6688721663 147.13581172 232.811349704 0.690630168912 0.297899476247 4.39675401626 261.803366634 332.507502733 1180.45116405 46 1677.57762655 40.2797658314 278.821842623 22.7202341686 9.42237344626 42.4924972679
2304 4.05078658893 39.8553283536 146.475402822 232.83738071 0.67879076772 0.444871498447 5.19890974726 260.840047276 332.419746637 1157.9932797 46 1677.81455162 40.3965581941 263.996956631 22.6034418059 9.18544837255 42.5802533635
2328 3.95222214332 39.7100298945 147.138074132 232.862340363 0.673122288256 0.581154802016 3.71461173065 262.168770816 332.115578748 1127.10777596 46 1678.03628966 40.3646327827 251.653624104 22.6353672173 8.96371033477 42.8844212525
2352 3.86162204793 37.0405145891 145.354775436 232.885727399 0.672375821089 0.727840951159 5.6221781683 260.09187766 332.023107171 1102.95592546 46 1678.2425885 40.4700455663 239.656911058 22.5299544337 8.7574114984 42.9768928296
2376 3.77525501595 36.099200166 146.791127546 232.908599767 0.676748579353 0.891166873381 7.25347139051 258.27001339 331.770238436 1073.79735937 45 1678.43759246 40.486864459 227.872904346 22.513135541 8.56240753544 43.2297615645
2400 3.69192890926 36.2125119433 144.625474651 232.931407424 0.68664694955 1.04963209492 3.75700460606 261.575308926 331.535110834 1045.06990658 44 1678.62523798 40.4541879375 218.127138641 22.5458120625 8.37476201676 43.4648891663
2424 3.61142142087 34.6614691839 144.667079233 232.953954994 0.672810140508 0.135721819044 3.36811155935 262.869401487 331.241080984 1014.03929334 44 1678.8069862 40.4741614142 211.226377489 22.5258385858 8.19301379946 43.7589190164
2448 3.5354991057 32.1725255228 143.738907333 232.975142293 0.657282451387 0.221088638847 3.66974801564 262.476738601 331.088272741 987.8092984 43 1678.97957828 40.576133136 203.105677931 22.423866864 8.02042171613 43.9117272591
2472 3.46241172396 31.4176482739 143.252425702 232.995546809 0.645807059125 0.341525583999 4.74822686416 261.268893684 330.818411702 959.582710574 43 1679.14462567 40.5866364511 195.661143773 22.4133635489 7.85537432853 44.1815882988
2496 3.39409760977 30.4641258207 143.06215393 233.014736621 0.638836025787 0.47056358771 5.41509512581 260.46076864 330.62131038 934.20501519 43 1679.29935482 40.6205938714 187.892790837 22.3794061286 7.70064517434 44.3786896201
2520 3.32830539715 29.2202753822 142.201661492 233.033434758 0.635080389913 0.536395495264 1.05884237096 264.736246986 330.376819899 908.068467922 43 1679.4483232 40.6679255474 181.690929664 22.3320744526 7.55167679931 44.6231801018
2544 3.26511123303 29.0302731831 142.426447375 233.051661186 0.632885856199 0.580738086949 1.57997804182 264.154736829 330.09897491 881.110549579 43 1679.59075031 40.6456841848 175.041201891 22.3543158152 7.40924968136 44.901025091
2568 3.20380125094 27.5077548919 140.393508064 233.069642716 0.632207053184 0.642977769345 3.97569621774 261.679476244 329.915236387 855.623724327 43 1679.73003203 40.7297346282 171.8126772 22.2702653718 7.26996796105 45.0847636138
2592 3.14619172715 26.5610379937 140.840475049 233.086864951 0.633724207855 0.732033149525 2.98918820956 262.558189481 329.657075815 830.578543564 42 1679.86054758 40.773034912 166.943551894 22.226965088 7.13945241874 45.3429241857
2616 3.09013008444 27.0153582576 140.610167884 233.103997654 0.636973826098 0.769414636896 1.03438478207 264.4552291 329.373154116 805.102402507 42 1679.98671341 40.7173883112 161.448249015 22.2826116888 7.01328658452 45.6268458845
2640 3.03600564537 25.6242320425 140.889803779 233.120930476 0.640850654309 0.808922131967 2.95005044832 262.479246289 329.132636475 780.253462699 42 1680.10949398 40.7848356456 158.246241065 22.2151643544 6.89050601839 45.8673635256
2664 2.98387206538 25.2251856134 142.396570159 233.13764278 0.645796727806 0.847047951227 0.725777929166 264.643734612 328.803331768 753.177135856 39 1680.22745033 40.7990348573 154.337156284 22.2009651427 6.77254966542 46.1966682326
2688 2.93199313888 24.9294878091 144.038350289 233.154703887 0.651294279371 0.876760371173 2.60228597921 262.714955483 328.454811313 724.080951181 37 1680.34435038 40.7776304242 149.747357236 22.2223695758 6.65564961653 46.5451886874
2712 2.88287764657 23.6334358609 143.270445241 233.171282275 0.657343131091 0.922963673627 4.18712262997 261.06128829 328.150985792 696.161584102 37 1680.45600658 40.8664049426 147.416289886 22.1335950574 6.54399341297 46.8490142089
2736 2.83414672334 24.528713155 141.019090957 233.188184131 0.664741735181 0.972575814955 0.821250095742 264.353248223 327.893287522 673.056492471 37 1680.5653159 40.7556578097 143.301660486 22.2443421903 6.43468409344 47.1067124785
2760 2.78714746492 23.9340216725 140.436565684 233.204956754 0.672684875281 0.995923792189 2.37596680743 262.75046777 327.684325943 650.610752299 37 1680.67180608 40.7829960215 141.403623221 22.2170039785 6.3281939181 47.3156740579
2784 2.74040358571 22.8817580536 140.194408879 233.222122353 0.677343723751 0.0268054520187 3.9999864974 262.073741974 327.433035927 629.156009096 36 1680.77778127 40.8435233194 137.689931928 22.1564766806 6.22221872714 47.5669640735
2808 2.69799065773 21.3102037152 139.61570122 233.237804271 0.663688118365 0.131899194796 1.00962023773 264.956988178 327.311148669 612.172232968 36 1680.87472999 40.9883118335 134.194830101 22.0116881665 6.12527000071 47.6888513314
2832 2.6570345996 20.9050993434 140.083249074 233.252897125 0.652125826434 0.181873661128 3.0046478169 262.90845557 327.079958672 591.971430051 36 1680.96741915 41.0047729402 131.867651135 21.9952270598 6.03258084145 47.9200413285
2856 2.61508733018 22.1184799247 138.483314215 233.268335069 0.641611233152 0.229147377496 2.24690618156 263.614000138 326.804672497 570.630088435 35 1681.06140553 40.8617674757 131.656950454 22.1382325243 5.93859446096 48.1953275031
2880.0 2.57498063776 20.3842667736 136.526393155 233.283104706 0.632814226713 0.286585377235 2.28286933526 263.514626355 326.766853221 558.828102172 65 1681.15296412 41.0075743403 128.56155077 21.9924256597 5.84703587246 48.23314678
2904 2.53787082682 19.8990529021 135.722502834 233.296805892 0.625816206932 0.331130657749 2.96752878287 262.778718461 326.653871663 547.642817689 64 1681.23724793 41.0434521253 126.607403964 21.9565478747 5.76275206132 48.346128338
2928 2.50186288575 19.5542561235 135.346365167 233.310157936 0.620216267892 0.382043071646 2.5456801604 263.141902564 326.540131583 536.622121758 63 1681.31879234 41.0595088826 124.780050789 21.9404911174 5.68120765681 48.4598684184
2952 2.46683745776 19.2198627722 135.111114059 233.323222879 0.615502355325 0.415547441261 2.0803683867 263.565358938 326.432947314 526.781669641 61 1681.39811502 41.0749564911 122.072572801 21.9250435089 5.60188497121 48.5670526868
2976 2.43277672587 18.8580119119 135.528891765 233.336018396 0.611738782359 0.460936040509 3.51123956225 262.080067219 326.29311018 516.071691278 60 1681.4752754 41.0945767683 119.500454788 21.9054232317 5.52472459428 48.7068898211
3000 2.39968285358 18.5474165893 134.886564371 233.348557665 0.609059705252 0.500759068476 2.86797157055 262.673651991 326.201410265 506.561503321 60 1681.55024231 41.1104908028 117.054050887 21.8895091972 5.44975768499 48.798589736
3024 2.36745152587 18.2498724639 134.579852322 233.36089248 0.607297904791 0.537415352136 2.15917489012 263.335219373 326.100862904 497.195331149 59 1681.62325037 41.1251573261 114.724603877 21.8748426739 5.37674962385 48.8991370974
3048.0 1002.33611531 17.9026419746 135.036371056 233.373017787 0.606071918303 0.550894956529 1.41657856907 264.053436769 325.940081883 485.165235683 56 1681.69425972 41.1474087776 113.49866074 21.8525912224 5.30574027001 49.0599181179
3072 602.01945798 2595.19049627 137.089711559 234.57498528 3.30317439754 17.1462206309 55.8754590387 189.100160652 319.941064103 5767.53986686 56 1033.50431327 41.9227634707 31.5564365138 21.0772365293 653.495686717 55.0589358975
3096 359.407187383 2841.07412953 153.418266813 237.943253315 5.47575124751 16.7179760915 51.9625967886 187.900422557 329.479133472 9312.58989378 55 1185.07301465 40.4704137622 58.7739975225 22.5295862378 501.926985337 45.5208665284
3120 238.917327799 2560.40191932 164.738394463 240.885253631 5.1925721821 15.1670637341 46.7541952819 192.00091517 337.608633284 11868.0440785 54 1300.46543315 39.9986327166 73.0558550465 23.0013672834 386.534566839 37.3913667171
3144 173.955657385 2161.63048795 171.404904537 242.370984508 2.1586964659 7.43423307119 42.3303949575 205.705690997 344.00377433 13758.5580228 54 1380.35791289 39.8123070707 83.1060942082 23.1876929293 306.642087101 30.996225671
3168 135.488622196 1837.73390353 171.291313721 242.972271347 2.52787823625 5.44555619525 36.2788018851 212.775492336 348.54981477 15187.0649259 54 1435.14433987 39.7147980873 92.4444765498 23.2852019127 251.855660118 26.4501852314
3192 110.787815627 1560.45091624 175.533820989 243.483547502 0.749707471474 5.90545405777 32.1633433559 217.697947613 352.057662566 16338.8730052 53 1473.81471525 39.6786345948 92.958392368 23.3213654052 213.185284743 22.9423374352
3216 93.8416340307 1363.62002735 174.32719955 243.622093294 0.467445875661 2.09355153301 24.9350686863 228.881840611 354.531181943 17264.639633 53 1501.98867422 39.650511879 96.1392389789 23.349488121 185.011325772 20.4688180581
3240 81.5269070785 1196.51217223 174.8114396 243.744400075 0.654170092658 1.36764208236 18.4247837684 235.809003982 356.45955731 18042.766619 52 1523.38740766 39.6401057958 109.145587761 23.3598942042 163.612592332 18.5404426907
3264 72.0284808127 1097.20175414 174.238212446 243.877477321 0.761040043086 1.31066127695 14.2881748045 239.762646555 357.693027295 18651.4877564 51 1540.36980435 39.6064777457 126.045557572 23.3935222543 146.630195638 17.3069727059
3288 64.500104885 996.097603555 176.148099583 244.013697802 0.875712588312 1.89862657648 18.6244252117 234.587537821 358.827890509 19194.5209686 51 1554.22137418 39.5968328928 124.649672053 23.4031671072 132.778625815 16.172109492
3312 58.3774015066 913.252495402 178.890161953 244.152963481 0.988184623807 1.15899055365 17.4966113194 236.203250022 359.697167335 19637.5190609 50 1565.71005209 39.5846294956 118.932716742 23.4153705044 121.289947903 15.3028326661
3336 53.3450979254 863.141499961 179.338601323 244.198974115 0.154539851419 1.24173998871 15.2393284197 239.165417625 360.363151724 19974.2392923 49 1575.30450812 39.5628965684 133.096236334 23.4371034316 111.69549187 14.6368482768
3360 49.0228752641 804.098261608 180.441123509 244.224554245 0.242007971167 0.61326209586 12.5510546062 242.369121082 360.863607773 20259.1455976 48 1583.65886761 39.5446693854 144.008400356 23.4553306146 103.341132379 14.1363922282
3384 45.3306355842 764.226285554 179.85854026 244.255813393 0.278899756015 0.569378218836 8.44370753999 246.452201092 361.340985122 20499.5015854 46 1590.8889438 39.5254500862 142.534796994 23.4745499138 96.111056188 13.6590148785
3408 42.1004519137 729.410864349 182.367291369 244.290268477 0.341545652508 0.745414210744 13.1228352471 241.499936413 361.662577399 20666.472595 46 1597.2784972 39.5057402809 156.779216308 23.4942597191 89.7215027931 13.3374226021
3432 39.2909811934 680.731493751 181.721157832 244.328124208 0.380683108063 0.805635082911 10.2220161858 244.263541415 362.111191309 20832.4163318 45 1602.90780901 39.5066815032 157.784190063 23.4933184968 84.0921909788 12.8888086919
3456 36.7812753157 659.936510314 184.106911271 244.36727303 0.407096250735 0.940050794693 15.0294072592 239.256172666 362.2945226 20918.21084 44 1607.95412928 39.4808407908 162.970102096 23.5191592092 79.0458707098 12.7054774013
3480 34.5512499687 620.417796084 181.379299714 244.408713009 0.467433563115 0.822350652892 7.8991139056 246.402388869 362.63129757 21001.7872735 44 1612.49181505 39.4812772514 168.884973163 23.5187227486 74.5081849425 12.3687024314
3504 32.5484282362 604.453397939 182.553020997 244.452325103 0.495484890469 0.530300188242 9.11656124736 245.405328571 362.779633479 21021.5763777 43 1616.57846701 39.4583072967 195.801725153 23.5416927033 70.4215329812 12.2203665219
3528 30.7175065336 585.389356172 186.344915378 244.496320611 0.527069928546 1.221009545 8.65549025811 245.100109657 362.897335163 21026.8226034 42 1620.34017077 39.4416226392 206.369347943 23.5583773608 66.6598292243 12.1026648383
3552 29.0173754899 573.520543121 186.713634466 244.542387264 0.544298704665 0.800132664217 9.08115963572 245.032021732 362.927441954 20982.4781184 40 1623.84467839 39.4105771569 219.906559995 23.5894228431 63.1553215954 12.0725580466
3576 27.4188113027 568.38903298 186.356569148 244.590020825 0.568094258429 0.426598957453 8.27781090094 246.137475058 362.936775078 20895.583522 40 1627.15625587 39.3788756123 235.032850571 23.6211243877 59.8437441165 12.0632249227
3600.0 25.9368378762 541.829991916 190.664805866 244.637758278 0.586654097277 1.11453716343 7.9412024761 245.719847985 362.993352849 20809.4200688 70 1630.25134167 39.3659274609 239.848229896 23.6340725391 56.7486583193 12.0066471517
3624 24.7357770903 428.976935463 179.296621328 244.680063675 0.594611974199 0.673803953369 7.78953471056 246.261985687 363.836006772 20931.863247 69 1632.84042996 39.5040482022 180.913773888 23.4959517978 54.1595700275 11.1639932288
3648 23.7617929264 378.986762345 174.827280019 244.716239433 0.608925372352 0.963885260532 4.40559977895 249.305350155 364.307718859 20998.4212445 68 1634.9191985 39.5807951817 151.205079109 23.4192048183 52.080801487 10.6922811419
3672 22.9224195104 350.388825809 173.714501479 244.749139193 0.600753299502 0.220332150076 4.55607911334 249.873696244 364.584067404 21048.121515 67 1636.70499993 39.627314735 128.949304891 23.372685265 50.2950000608 10.4159325968
3696 22.1674359697 328.470321286 175.304990485 244.778945738 0.587813777865 0.439573426658 5.85937981243 248.334287245 364.75454745 21078.9461073 67 1638.30999055 39.657855001 114.144126224 23.342144999 48.690009436 10.2454525506
3720 21.4710243171 316.827499687 174.297838277 244.807030387 0.587473294354 0.691589160899 3.46336257864 250.450544579 364.862608108 21088.7254263 66 1639.78884611 39.6664702362 104.232469994 23.3335297638 47.2111538786 10.1373918931
3744 20.8207671343 304.987901187 173.784486344 244.834292258 0.595659908535 0.851541129077 3.78130613127 249.937200572 364.951533327 21085.4512139 64 1641.17180548 39.6729187913 99.0246605246 23.3270812087 45.8281945131 10.0484666735
3768 20.2143161972 290.587891908 172.642436849 244.86097942 0.608820929459 0.950240724359 2.75106829486 250.828890631 365.063436691 21080.4387812 64 1642.46657155 39.6942869194 92.8822900429 23.3057130806 44.5334284434 9.93656330942
3792 19.6464936598 284.907017024 173.891728712 244.887293834 0.616045991296 0.104363410509 5.2195366268 249.172760137 365.096011298 21058.5236371 64 1643.6766368 39.6867372224 86.6473449676 23.3132627777 43.3233631936 9.90398870257
3816 19.1119239298 270.571999365 173.728622 244.912423561 0.600195810648 0.319027643119 4.29320076494 249.87515222 365.182362975 21039.527406 64 1644.82201586 39.7101159831 80.0541732498 23.2898840169 42.177984134 9.81763702579
3840 18.6104705115 262.575281144 173.521481742 244.936187246 0.59249397294 0.460874174398 4.11051625104 249.899928355 365.232750222 21004.1470127 63 1645.89580965 39.7149119187 78.8985718776 23.2850880813 41.1041903355 9.7672497792
3864 18.1318781524 259.605387968 172.940780145 244.959281493 0.590445746531 0.609526161538 2.69419704091 251.146549557 365.251482875 20959.81012 61 1646.92014056 39.7048535074 73.2647359207 23.2951464926 40.0798594281 9.74851712541
3888 17.671500608 251.568180096 173.972635582 244.982108793 0.594091301584 0.763747246822 2.12193236187 251.538120296 365.268234193 20902.6067621 61 1647.90823473 39.706494861 74.3898930384 23.293505139 39.091765261 9.73176580733
3912 17.2309535267 249.960644298 175.256194979 245.004746053 0.602066818387 0.860585678076 3.47055606108 250.062045389 365.248416456 20827.8513713 59 1648.85306815 39.6886733879 77.30844098 23.3113266121 38.14693184 9.7515835445
3936 16.8037063805 250.354009918 173.580886788 245.027622318 0.613065804282 0.928815181402 3.81276285847 249.617733837 365.241196976 20745.7264157 59 1649.77072378 39.6708836587 78.1276136442 23.3291163413 37.229276206 9.75880302504
3960 16.3892136921 241.966941732 174.097697544 245.050773341 0.615883241194 0.100022780429 6.92117136477 247.312149272 365.261574543 20659.1826825 59 1650.66501554 39.6810232967 81.0747845586 23.3189767033 36.3349844526 9.73842545739
3984 16.0004593835 233.875027072 176.148934873 245.072655397 0.600380941364 0.235546112437 3.78916968532 250.302247864 365.275004691 20574.6512317 59 1651.505579 39.6918233908 78.9072774988 23.3081766092 35.4944209903 9.72499530925
4008 15.6266271533 230.286260161 175.668472298 245.093753225 0.590804776352 0.435093557824 5.37418756498 248.506160875 365.273256373 20480.2888447 57 1652.31231142 39.6805371141 78.8612437155 23.3194628859 34.6876885693 9.72674362749
4032 15.2680834163 221.362005225 176.12946005 245.114258945 0.58792695601 0.576755584723 4.89234118392 248.82871733 365.281592013 20382.8388782 57 1653.08927561 39.6955021802 79.4261237097 23.3044978198 33.910724379 9.71840798727
4056 14.9245673691 220.471244334 175.377377726 245.134351201 0.590085558854 0.709903418712 3.23910256482 250.326557256 365.258328422 20272.1383555 57 1653.83205413 39.6807479814 82.0192040965 23.3192520186 33.1679458629 9.74167157874
4080 14.5939917279 210.920437527 175.473973328 245.154258646 0.595357353185 0.784323174626 2.55749363824 250.908567187 365.274505751 20167.6705384 57 1654.55070223 39.7022920967 81.3794799923 23.2977079033 32.449297755 9.7254942499
4104 14.2773048661 210.234064178 175.995852534 245.17396678 0.602888541388 0.871964935197 3.66694372815 249.684236015 365.244109108 20047.5780928 56 1655.23695037 39.6885563559 84.5523988332 23.3114436441 31.7630496153 9.7558908928
4128 13.9657938252 209.021160972 174.5744815 245.194083736 0.613615474688 0.98857144189 3.75300848758 249.450720859 365.223602412 19922.3000804 55 1655.91297562 39.6804012831 87.3461680938 23.3195987169 31.0870243721 9.77639758895
4152 13.6649163945 207.472412445 175.65225547 245.214218615 0.611319280294 0.0638716788091 2.8526861997 251.257904226 365.169144909 19791.560673 55 1656.56623219 39.6656384009 88.1293577336 23.3343615991 30.4337677952 9.83085509213
4176 13.3744128992 200.940924961 174.420386855 245.23366081 0.595825477143 0.187122616736 4.78695590608 249.196435189 365.173083137 19658.2806282 54 1657.19922246 39.6717458331 96.1244917309 23.3282541669 29.8007775246 9.82691686384
4200 13.0960133069 194.766215956 176.443841998 245.252285699 0.585565614478 0.334476412799 4.48695852474 249.340713748 365.147308461 19522.46874 54 1657.80694872 39.6849508145 99.5178961507 23.3150491855 29.1930512683 9.85269153952
4224 12.8243945421 198.672494456 174.162542373 245.270594268 0.579883661241 0.46673716494 5.17472606028 248.508058845 365.08608608 19376.7502616 52 1658.39685234 39.6510463159 101.867664321 23.3489536841 28.603147653 9.91391392031
4248 12.5550216159 195.107233805 177.156738521 245.289019649 0.577992964499 0.576954247813 3.99724378697 249.558789351 365.008263356 19221.9060359 51 1658.98414575 39.6442683386 105.571860437 23.3557316614 28.0158542408 9.99173664444
4272 12.2893889516 195.346536528 177.528967773 245.307570643 0.579054290891 0.65089485712 0.941983866003 252.520496343 364.930372957 19058.9943924 48 1659.56256355 39.620646552 105.625937514 23.379353448 27.4374364378 10.0696270433
4296 12.0341277165 190.289235141 177.155112389 245.32584049 0.581692909555 0.689820265693 1.80169418116 251.600952154 364.915319594 18894.4937024 48 1660.12226864 39.6372155131 109.57058965 23.3627844869 26.8777313527 10.0846804065
4320.0 11.7851807509 187.335729252 177.285245446 245.344141819 0.585953079005 0.743904178503 1.59270984696 251.733291076 364.850356458 18718.6666254 77 1660.6663508 39.6266583918 120.312468647 23.3733416082 26.3336491855 10.1496435426
4344 11.5563174098 168.698276359 175.013022602 245.361452597 0.59126374123 0.798757307778 2.88851420061 250.360012153 364.892633925 18591.6841084 75 1661.17331243 39.7072422872 111.043859411 23.2927577128 25.8266875546 10.1073660755
4368 11.3464150063 161.942276371 171.975042585 245.377795517 0.59783332041 0.877221880362 4.64772524272 248.499424039 364.939738405 18460.6934033 72 1661.63567323 39.7392138108 104.38509527 23.2607861892 25.3643267522 10.0602615956
4392 11.1431797307 159.197028819 171.546664548 245.394114809 0.606292870205 0.939700825451 2.33503333649 250.724858159 364.905115737 18321.708719 70 1662.08126196 39.7375412376 97.7380337109 23.2624587624 24.9187380295 10.0948842631
4416 10.9476298042 156.526049155 172.424015431 245.410335388 0.615379217103 0.971518502928 1.94060437161 251.06216252 364.87542221 18175.0173945 68 1662.51087276 39.7436497203 94.9756335708 23.2563502797 24.4891272246 10.1245777907
4440 10.757161264 152.881333532 173.504340447 245.426658066 0.621845552433 0.0155533390694 4.47019252551 249.465750516 364.815030109 18027.0587418 67 1662.92923751 39.7486751326 89.8418486661 23.2513248674 24.0707624713 10.1849698914
4464 10.5715300214 149.392278695 173.060515078 245.442704626 0.607930743297 0.151417464635 5.82291068597 247.975036479 364.768769353 17873.0201271 67 1663.33728311 39.7538602847 88.244472598 23.2461397153 23.6627168803 10.2312306471
4488.0 1010.39384233 144.886519421 171.507471805 245.458028373 0.597852182303 0.247688825295 3.07161270087 250.624817918 364.758081495 17723.0398474 66 1663.72901146 39.7751085991 86.059998856 23.2248914009 23.2709885243 10.2419185058
4512 828.798129336 3307.66547746 153.549885811 245.653016979 0.846196230286 3.79477310703 31.0697512783 218.636262405 348.714766118 23127.4713944 66 952.744594394 42.0882049209 29.1736066593 20.9117950791 734.25540559 26.285233883
4536 627.035539827 3940.41779955 160.02429506 246.066796891 1.28079608233 3.80663697032 34.437143012 214.408627044 348.427596808 27575.6009477 66 1029.00410545 40.8781955855 43.8717171816 22.1218044145 657.995894531 26.5724031925
4560 482.535730287 3886.46851527 165.73719046 246.520658898 1.04258839195 5.76247948616 34.1071678167 212.567105407 350.999775785 31459.3587758 66 1105.60751533 40.4028120962 40.7076319632 22.5971879038 581.392484651 24.0002242162
4584 384.11051643 3632.10359843 170.519782708 246.947428668 1.2378830836 3.67943676332 33.643031411 214.492220073 353.821627483 34778.334363 64 1173.21709796 40.1542589627 57.0882812525 22.8457410373 513.78290202 21.178372518
4608 315.547463843 3316.76730849 172.203110247 247.201825729 1.03110847455 1.74965615191 32.7015553191 217.315854325 356.333353932 37696.4831566 64 1230.34777762 40.0071881809 55.4587242385 22.9928118191 456.652222367 18.6666460691
4632 266.394916173 3016.32501357 173.792759926 247.364015819 0.703157435581 4.05728896218 21.6070374037 226.268500379 358.427486884 40238.6383753 63 1277.68635883 39.9128765712 57.6741374951 23.0871234288 409.313641157 16.572513117
4656 229.82590255 2767.32662542 174.631045904 247.55493272 0.917574108558 0.693924601755 23.8623825732 226.971185996 360.064096018 42454.6020449 62 1316.98970921 39.8393212179 63.3632620472 23.1606787821 370.010290775 14.9359039829
4680 201.766673961 2526.11525324 175.371567551 247.739745363 0.979042246239 0.914898699797 20.7856024037 229.580711286 361.477087078 44455.2418863 61 1349.89998755 39.7946203388 70.8919727414 23.2053796612 337.100012434 13.5229129227
4704 179.662977048 2353.87456988 175.501694025 247.850186512 0.0991550106649 0.813976254529 18.0771381435 233.159544079 362.559664744 46209.4555391 61 1377.64311572 39.7483396325 77.2953622276 23.2516603675 309.356884267 12.4403352569
4728 161.856484827 2184.87468193 177.399931607 247.8736003 0.203329565866 1.11016363596 14.5535214287 236.259385068 363.497435897 47806.2243326 61 1401.30364507 39.7183095663 76.6008571455 23.2816904337 285.696354919 11.5025641041
4752 147.28651832 2010.43028838 178.8441182 247.91238047 0.358027019161 1.10371188771 14.6196371643 236.006243459 364.348518768 49281.1253215 61 1421.60573626 39.7046952491 76.389227072 23.2953047509 265.394263726 10.6514812325
4776 135.253937139 1868.7103268 178.740420126 247.965934956 0.477158415908 1.57548928001 11.3278639016 238.653553446 365.068431113 50622.4837988 60 1439.03052473 39.6920870957 71.3197686878 23.3079129043 247.969475256 9.93156888771
4800 125.095965596 1753.2464163 177.090840487 248.02656324 0.551883301872 1.03480882796 12.454736499 237.93200813 365.668697373 51842.5608065 60 1454.22344489 39.6798020545 82.9976270385 23.3201979455 232.776555095 9.33130262762
4824 116.371037823 1676.75984677 178.409418276 248.088676416 0.590582746449 1.12723626041 9.227660204 240.965844373 366.106511003 52951.5250232 60 1467.62360116 39.6547191449 94.5341135125 23.3452808551 219.376398825 8.89348899736
4848 108.743045582 1594.20113585 178.03009993 248.150972763 0.624478325276 1.01393078289 12.7181825537 237.492435575 366.525097494 53987.6386358 58 1479.64332021 39.6403494088 92.6385376655 23.3596505912 207.356679778 8.47490250646
4872 102.043639476 1522.21496829 179.209707076 248.211071681 0.637153937149 1.04692725783 12.3925479301 237.712299193 366.871487565 54928.6902203 57 1490.42658183 39.622456529 95.8175557215 23.377543471 196.573418154 8.1285124354
4896 96.0889723065 1463.62786955 180.870490851 248.268366997 0.64050508948 1.06638631698 8.82052315832 241.204218437 367.162583186 55776.166423 54 1500.19716472 39.6049053356 105.590346597 23.3950946644 186.802835261 7.83741681523
4920 90.7286704313 1429.32908577 183.254715044 248.325443025 0.674809513933 0.750518307585 7.79321128687 242.456017866 367.376405971 56531.9995125 54 1509.1355675 39.5760975868 107.551276033 23.4239024132 177.864432483 7.62359402992
4944 85.8702696849 1365.49085903 179.987415154 248.381480127 0.670637299997 0.303417719386 6.25015835325 244.394306499 367.633800122 57250.9752221 54 1517.38382977 39.5653201866 118.175667567 23.4346798134 169.61617021 7.36619987844
4968 81.4971663107 1314.03642383 181.219865582 248.433542935 0.665273373662 0.91755061637 11.5556799619 238.427953113 367.860576837 57914.3522924 54 1524.91615067 39.5528535135 127.251765384 23.4471464865 162.083849313 7.13942316339
4992 77.5394263019 1276.32562349 180.745614269 248.48418034 0.682545944439 0.705683286181 8.50838470494 241.619205724 368.056953101 58533.5074894 53 1531.81972934 39.5370692872 113.167639667 23.4629307128 155.180270643 6.94304689941
5016 73.9636480127 1208.5451625 181.716742962 248.532608229 0.674376589565 0.258820108474 9.04339159622 241.490803477 368.310412672 59119.2940759 53 1538.15117373 39.5439657492 118.164033147 23.4560342508 148.848826252 6.68958732895
5040.0 70.6804058411 1177.24073013 183.798025025 248.577999393 0.664774964303 0.771986301334 5.98975184152 243.995487499 368.444522684 59629.4257556 83 1544.00642045 39.526293371 123.557528758 23.473706629 142.993579531 6.55547731661
5064 67.8058472587 1040.02458518 178.858506994 248.6198138 0.680817874272 1.05561214886 3.8643579067 245.779398269 368.863698471 60303.106199 83 1549.24720813 39.5941333681 77.4714398506 23.4058666319 137.752791848 6.13630152917
5088 65.3401334422 958.475123717 176.806824293 248.658292975 0.705531440791 1.22544960733 4.26299166668 245.14773431 369.19193507 60924.0326659 82 1553.76559456 39.6401819505 56.1075902576 23.3598180495 133.234405424 5.80806493098
5112 63.1264431329 911.041327747 176.466578921 248.6946084 0.694086335722 0.398722481804 1.79895450608 248.413628276 369.38764303 61493.7991716 82 1557.83360355 39.6572153007 49.1803059394 23.3427846993 129.16639643 5.61235697048
5136 61.0957630605 874.770955881 176.444873759 248.728345381 0.682772050111 0.50981688424 1.8004140488 248.278651635 369.541599551 62036.2674311 82 1561.58595061 39.666580254 44.5463811311 23.333419746 125.414049366 5.4584004496
5160 59.2072092508 847.229403548 176.392686404 248.760364465 0.678265828398 0.676141281006 5.18704897945 244.698179445 369.657020478 62548.2609125 82 1565.0926521 39.6660959179 39.4241451632 23.3339040821 121.90734788 5.34297952302
5184 57.4476077368 823.063151362 175.780011339 248.791144241 0.684040621612 0.94173620753 6.88455442864 242.698524501 369.77201479 63033.5150574 80 1568.37988232 39.6665191216 39.6921199122 23.3334808784 118.620117656 5.22798521086
5208 55.7940279175 799.919037935 176.723562248 248.821423367 0.699281604551 1.10574202887 4.39445198786 244.979101011 369.865485006 63495.2614018 80 1571.48497701 39.6656782886 37.5938354525 23.3343217114 115.515022974 5.13451499493
5232 54.2452042231 782.082691744 176.710816769 248.850690534 0.684180271136 0.324153817162 6.49210903803 243.648866339 369.959737572 63931.2691423 79 1574.40877639 39.6638912968 40.6253729141 23.3361087032 112.591223595 5.04026242864
5256 52.7814811278 760.865401765 177.678496387 248.878530016 0.674322011197 0.549368949608 6.26430796209 243.63347106 370.041592661 64349.3645281 76 1577.18493774 39.6622138982 42.1587158805 23.3377861018 109.815062244 4.95840734006
5280 51.3984750523 744.527104849 176.324097039 248.905340382 0.67309335094 0.724992553717 5.81059771957 243.885975993 370.117104905 64750.782804 76 1579.81917404 39.6570773461 39.9963545486 23.3429226539 107.180825946 4.88289509606
5304 50.086639139 731.682832072 177.090823092 248.931524044 0.677921860415 0.84548794531 4.18766433682 245.357401813 370.181229605 65124.0787709 74 1582.32840577 39.6499928971 40.5316284137 23.3500071029 104.671594211 4.81877039595
5328 48.8431854377 710.846147891 176.910382582 248.957227765 0.685750954723 0.929138641152 3.3611509141 246.066731724 370.263075146 65486.8003324 74 1584.72029651 39.6549101023 45.068006977 23.3450898977 102.279703476 4.73692485467
5352 47.662386598 698.010303601 179.849607602 248.982566609 0.690469305588 0.0239963995387 3.27086207714 247.032105608 370.316050399 65825.3467704 73 1586.99773161 39.6495546185 46.0788207744 23.3504453815 100.002268369 4.68394960208
5376 46.5385706439 684.875512525 180.351156603 249.006884522 0.669125220602 0.12505260695 2.01940189558 248.179535754 370.366685472 66149.1696781 73 1589.17334934 39.6435188723 45.8790332708 23.3564811277 97.8266506423 4.63331452849
5400 45.4679784436 669.300902028 178.018931342 249.02993823 0.652434007301 0.247064693478 5.4949296406 244.575633427 370.438171466 66462.6723649 72 1591.25557705 39.6454448366 47.7312890661 23.3545551634 95.7444229354 4.56182853471
5424 44.4444083965 658.61936025 177.746506025 249.052020812 0.641599932127 0.403005698851 5.69840710438 244.204966452 370.485010463 66754.5787056 70 1593.25067976 39.6380029877 50.5806861627 23.3619970123 93.7493202219 4.5149895378
5448 43.4621987307 649.803583236 177.02898588 249.073424347 0.636275338558 0.550000508741 4.74654653164 244.993753273 370.530913976 67029.3524758 70 1595.17178897 39.6309858199 53.5364001414 23.3690141801 91.8282110091 4.469086025
5472 42.5181860372 642.5086668 178.026917639 249.094349893 0.63475674962 0.645964626263 3.74052867702 245.884400054 370.564841675 67283.7169619 70 1597.02328002 39.6211827026 56.4141237096 23.3788172974 89.9767199617 4.43515832532
5496 41.6153827865 630.903902612 177.18503484 249.114809437 0.63680521999 0.750653876199 4.52025040708 244.977481059 370.616177267 67534.9928439 70 1598.80184007 39.6209820975 57.3656441861 23.3790179025 88.1981599061 4.38382273346
5520 40.7451097889 624.495009673 177.254019559 249.135065612 0.641447230762 0.810248904741 1.25912055801 248.154117694 370.65087785 67761.7630974 70 1600.51941203 39.612235337 62.3228334102 23.387764663 86.4805879554 4.34912215107
5544 39.908191334 603.733019491 176.839560159 249.155121176 0.647125159199 0.83810715352 1.91559827442 247.444048236 370.705353297 67996.9521862 70 1602.17899666 39.6199612073 58.7696446778 23.3800387927 84.8210033168 4.29464670341
5568 39.1126743069 593.021130312 176.874443181 249.174758228 0.653445516168 0.881488140572 2.30718694112 246.983121174 370.752608795 68211.8950375 68 1603.75975427 39.6201148004 59.8293378863 23.3798851996 83.2402457068 4.24739120609
5592 38.3494543697 584.294810738 177.530556796 249.194180533 0.660916937723 0.93882167917 2.50637427785 246.699706572 370.785342277 68414.8633912 68 1605.27914614 39.6149511669 58.765126471 23.3850488331 81.7208538367 4.21465772334
5616 37.6176293906 575.301554188 178.464548923 249.21340658 0.669860065539 1.00590940605 2.51678853712 246.594035411 370.827647781 68611.6155024 66 1606.74042549 39.6134425183 56.218452397 23.3865574817 80.2595744897 4.17235221933
5640 36.9095695625 564.141329053 177.292272938 249.232383902 0.657890058151 0.0961355983864 1.4442201785 248.569370262 370.858810042 68794.1984573 66 1608.15721311 39.6120832197 56.5574883441 23.3879167803 78.8427868739 4.14118995902
5664 36.2305708154 557.041234719 178.794622038 249.250497994 0.643300548672 0.168402065587 3.25497510379 246.682824287 370.891039645 68959.0463317 66 1609.5194771 39.6101015914 60.6648673011 23.3898984086 77.4805228786 4.1089603555
5688 35.5736168575 546.098843751 179.475328089 249.267987559 0.631351825111 0.227677128327 2.98476984211 246.888213644 370.925468182 69117.6027301 65 1610.84070595 39.6120579604 64.4739936018 23.3879420396 76.1592940302 4.07453181841
5712 34.9386445024 542.779022114 179.215732162 249.284904837 0.621397842854 0.294091492619 1.58771586031 248.211889967 370.94054133 69263.422233 64 1612.11806341 39.5990640101 64.7264090137 23.4009359899 74.8819365759 4.05945867078
5736 34.3209593252 534.665835735 179.741562096 249.301422236 0.613644854582 0.364791282997 3.11140022725 246.608741399 370.964086104 69396.9630168 64 1613.36492374 39.5966041365 67.2473014929 23.4033958635 73.635076239 4.03591389691
5760.0 33.7263387024 522.903226664 178.345866793 249.31743158 0.608045075173 0.438041806499 4.48969024595 245.146791292 371.006755071 69530.7497469 94 1614.56922106 39.6024249883 69.7257584519 23.3975750117 72.4307789161 3.99324492939
5784 33.1647239198 499.345885657 176.834068066 249.332704628 0.605071499491 0.528396169895 2.57092852068 246.962899182 371.058393794 69693.1832764 93 1615.71239719 39.6293785758 61.2197201575 23.3706214242 71.2876027865 3.94160620649
5808 32.6340747614 484.221214971 176.19468354 249.347326335 0.603758589314 0.567824125685 2.50216604267 246.978924907 371.112203111 69848.0252419 91 1616.79268558 39.6446900404 54.2728270839 23.3553099596 70.2073143963 3.88779688966
5832 32.1256292303 474.884095741 175.92852846 249.361543427 0.603626654705 0.61635168481 1.25241254667 248.166065686 371.146671709 69991.4092837 90 1617.82786723 39.6490096077 49.175677027 23.3509903923 69.1721327489 3.85332829154
5856 31.6344679996 467.985316423 176.353763773 249.375499341 0.60435582957 0.672646509427 4.87397197335 244.473526346 371.172627136 70123.3250126 88 1618.82894388 39.6494464527 45.2416897622 23.3505535473 68.1710560927 3.82737286411
5880 31.1569431657 460.913783403 176.520857024 249.38931038 0.606476269755 0.713699379017 1.44816605372 247.842347918 371.194314027 70243.3436626 88 1619.80353385 39.6488604718 44.1311948063 23.3511395282 67.1964661231 3.80568597378
5904 30.6965432869 451.914303808 176.033464359 249.402883231 0.609318666401 0.754300828115 1.90027797845 247.333219296 371.226751528 70362.3598707 87 1620.74560223 39.6544125394 43.1329391831 23.3455874606 66.2543977415 3.77324847271
5928.0 1030.25051581 447.358631006 175.857340745 249.416299073 0.612960188402 0.804589416981 4.23688133885 244.929269983 371.247571762 70473.1290091 87 1621.65870518 39.6525713499 39.7308076831 23.3474286501 65.3412948001 3.75242823877
5952 956.226977977 3664.78080089 157.481160518 249.486132866 0.630175878177 0.980702194641 16.575834768 232.327154293 364.591984629 75969.7539341 87 919.440314673 42.1696073587 19.8595694724 20.8303926413 767.559685307 10.4080153713
5976 850.438305105 4527.31981205 160.908879084 249.606889918 0.733183775837 1.50283022402 15.7859296408 232.371166441 363.040426046 80930.0709892 86 948.948862857 41.2140169241 17.4753878976 21.7859830759 738.051137123 11.9595739546
6000 752.204742608 4701.93083865 164.470180829 249.75554313 0.875668682809 2.09564542906 17.6661327013 229.607010057 363.191508696 85646.7277671 84 981.81132262 40.8502703969 21.8516407643 22.1497296031 705.18867736 11.8084913045
6024 668.496620115 4647.61968353 167.384742319 249.926205686 1.03749817171 0.825670984012 18.3081382584 229.9024869 363.797571955 90104.2800098 82 1014.76395502 40.6414972257 24.1641988136 22.3585027743 672.236044958 11.2024280457
6048 598.679695769 4495.83631985 168.827454275 249.990432395 0.23847815147 1.25937405643 14.9499756617 233.561739735 364.523296857 94343.9803247 81 1046.46920373 40.5022693468 22.6688792811 22.4977306532 640.530796251 10.4767031439
6072 540.470814955 4325.85851358 170.86367019 250.03944086 0.390344403886 1.22312568703 11.7262272917 236.620861758 365.211492824 98346.1040327 80 1076.38817231 40.3942599638 33.8477005684 22.6057400362 610.611827666 9.78850717693
6096 491.542415294 4150.84100136 171.842275777 250.104252632 0.526097368604 1.8792761334 13.3221339322 234.168239934 365.847479534 102158.048297 79 1104.40742609 40.3087763957 30.8178709372 22.6912236043 582.592573892 9.15252046671
6120 450.037064178 3994.77099367 171.902373952 250.18055917 0.582882557472 0.467223304303 12.7338354097 236.035499559 366.404554518 105744.377021 77 1130.52616951 40.2337688026 35.9012762537 22.7662311974 556.473830468 8.59544548305
6144 414.434587893 3845.54951328 173.710118294 250.254147191 0.60820200456 0.985963271904 11.2048599318 236.946827601 366.894877535 109151.917301 76 1154.87685577 40.169149375 43.4096078436 22.830850625 532.123144214 8.10512246619
6168 383.676634725 3694.86861398 173.222362722 250.329629797 0.717442643121 2.2063966198 13.0189207962 233.727610144 367.352956043 112412.280314 76 1177.53515698 40.1170122262 37.0994051752 22.8829877738 509.464843005 7.64704395815
6192 356.986932682 3539.11050208 173.272023345 250.410081337 0.737487189332 0.374671871163 12.2983480115 236.179411591 367.783842469 115519.238047 74 1198.54094139 40.0767521202 32.1555499909 22.9232478798 488.459058587 7.21615753145
6216 333.640967603 3408.50836061 173.496075035 250.484522833 0.726540364616 0.37474055776 10.3506035697 238.063592675 368.15493927 118460.58706 74 1218.01992695 40.0372999966 38.2040003452 22.9627000034 468.980073032 6.84506073126
6240 313.018581462 3287.04739667 173.775518114 250.553543335 0.723112521842 0.886067150045 3.93859371866 243.898683275 368.481314269 121272.827507 73 1236.15658773 40.001012542 44.9062572703 22.998987458 450.843412252 6.51868573135
6264 294.692079707 3171.45938894 174.051470319 250.619317542 0.718172979758 0.553245060369 12.9272480681 235.18201635 368.782510824 123965.601834 73 1253.06380704 39.9700459648 47.7219581537 23.0299540352 433.93619294 6.21748917668
6288 278.349541046 3055.33045812 175.52199913 250.680527024 0.704803376706 0.502365339791 10.1637262788 237.948577981 369.067835727 126548.022336 73 1268.81219301 39.9461438163 48.005668532 23.0538561837 418.187806969 5.93216427333
6312 263.70477291 2958.66662955 176.540267185 250.737666854 0.711684391652 1.06365537091 9.0022926352 238.484700749 369.309169307 129014.718515 73 1283.48221789 39.9181834172 49.1666913343 23.0818165828 403.517782095 5.69083069422
6336 250.464761464 2881.01756985 176.824976819 250.792201081 0.694926035081 0.495892153179 4.22784889663 243.789131834 369.524264884 131356.115241 72 1297.22856532 39.8911431031 55.7855249426 23.1088568969 389.771434663 5.47573511673
6360 238.427395547 2777.55870178 175.700893684 250.843318663 0.693402506983 0.853158501522 5.72303766339 241.887082665 369.739798279 133639.574422 72 1310.15342382 39.8733644691 45.6540611965 23.1266355309 376.846576161 5.26020172186
6384 227.564236309 2678.57124421 176.261574135 250.891809209 0.681916141808 0.361745932254 8.97280501328 239.091723704 369.963507023 135832.555831 72 1322.18482663 39.863602882 49.4053449991 23.136397118 364.815173351 5.03649297807
6408 217.649611131 2600.2694249 175.641245562 250.936991407 0.673890152864 0.704781043939 5.77377641926 241.910560977 370.139475648 137937.840032 72 1333.46522244 39.846021846 47.182804879 23.153978154 353.534777538 4.8605243526
6432 208.589407235 2515.92575652 176.325282717 250.980224727 0.68534336314 1.05476797769 8.74991349303 238.52975044 370.319596822 139978.354618 71 1344.04825947 39.8357764712 48.075936115 23.1642235288 342.951740507 4.680403179
6456 200.251147158 2452.03866665 177.136326637 251.021496968 0.6637321647 0.420246978862 5.15576195615 242.738761933 370.465515534 141924.973085 70 1354.01579148 39.8198938069 54.9620844001 23.1801061931 332.984208504 4.53448446706
6480.0 192.518543172 2396.93846409 177.08458253 251.060453856 0.658411052384 0.723796647796 5.11476355364 242.442574891 370.589459425 143793.913561 100 1363.46297211 39.8007891849 53.6133022232 23.1992108151 323.53702787 4.41054057574
6504 185.463470229 2273.22362842 176.16185696 251.097585785 0.670284136469 1.00627534296 4.30568807987 242.920166656 370.781808228 145710.582467 100 1372.29181432 39.8157908776 31.5481501214 23.1842091224 314.708185655 4.21819177305
6528 179.038448157 2186.13907942 175.78945152 251.13271025 0.653131120412 0.319584600125 6.75256082416 241.142013206 370.947618249 147551.430789 99 1380.47729823 39.8211151722 23.949364866 23.1788848278 306.522701754 4.05238175209
6552 173.109494553 2121.38356037 176.316489922 251.16540503 0.643441489233 0.562652899781 1.73526824356 245.893232338 371.078775912 149326.803385 97 1388.15687599 39.818501699 21.5097748321 23.181498301 298.843123991 3.92122408845
6576 167.59525136 2062.11479292 175.886219175 251.196596851 0.642008671803 0.650451507928 0.521521788401 246.989421181 371.195194702 151051.576349 97 1395.41471312 39.813992504 21.6031196578 23.186007496 291.585286861 3.80480529904
6600 162.450623523 2009.06703711 175.76044253 251.226655303 0.644541611763 0.782572378005 5.76444111662 241.581789591 371.300567649 152725.411916 95 1402.28920771 39.8083619842 26.4208075782 23.1916380158 284.710792272 3.69943235203
6624 157.625139043 1966.95077833 175.761839968 251.255970823 0.652004264864 0.839328303198 1.76304142483 245.489655185 371.390492351 154350.679487 92 1408.82782917 39.7988093569 24.1510722575 23.2011906431 278.172170807 3.60950764979
6648 153.083960766 1927.09337601 176.545929664 251.28477502 0.662683245519 0.970772699414 5.25962351596 241.82214552 371.474641393 155921.948482 90 1415.06579479 39.7901187385 25.4560930369 23.2098812615 271.934205186 3.52535860726
6672 148.800507662 1885.50172958 176.14570544 251.313321374 0.679790451479 1.16654086817 5.28978489789 241.550562409 371.555431558 157453.255658 88 1421.02627978 39.7821139309 23.3499706879 23.2178860691 265.973720201 3.44456844294
6696 144.756551272 1853.64732122 176.045185635 251.341398087 0.672220393889 0.312141410339 3.18656334215 244.487676768 371.627944826 158928.203357 85 1426.7214938 39.7720486767 27.1726958053 23.2279513233 260.278506181 3.37205517446
6720 140.918151363 1822.89809928 176.067740417 251.368248694 0.661073140502 0.461461953553 3.83715038068 243.672065832 371.693290813 160358.239438 84 1432.19002945 39.7618868511 28.2159825694 23.2381131489 254.809970526 3.30670918805
6744 137.280424586 1784.68478364 176.117877372 251.394058634 0.655366397391 0.549577662757 1.32818134059 246.072815966 371.760516478 161755.585048 84 1437.43224392 39.7549880667 30.8605528936 23.2450119333 249.567756058 3.23948352273
6768 133.847640024 1742.95772009 176.144282994 251.418893395 0.652755117377 0.626628870642 2.52549361755 244.776229 371.838038428 163132.164573 84 1442.43549321 39.754820332 29.809401358 23.245179668 244.564506767 3.16196157228
6792 130.593190911 1712.79797631 176.184757877 251.442991022 0.652956837885 0.689733143121 1.48010301965 245.734215978 371.897998762 164462.67109 82 1447.22240987 39.7473240617 31.0356815604 23.2526759383 239.777590109 3.10200123884
6816 127.496244109 1681.02723716 177.215106273 251.466531851 0.655347190704 0.772346898317 5.16123511858 241.944538942 371.956073147 165757.846058 82 1451.82229714 39.7421926184 34.2016400565 23.2578073816 235.177702845 3.04392685351
6840 124.537542699 1654.48840655 176.660882596 251.489703249 0.66111812297 0.890586797499 6.56758486184 240.391006969 372.00647157 167013.188469 81 1456.25537404 39.7338015316 38.0859468781 23.2661984684 230.744625945 2.9935284312
6864 121.717676361 1624.77741226 177.923964433 251.512581677 0.671373879926 1.01099901748 2.74153234499 244.063513081 372.060487648 168244.422253 79 1460.51952872 39.7290890623 35.1252826118 23.2709109377 226.480471262 2.93951235254
6888 119.032865747 1595.23895538 176.966096131 251.535184374 0.67286105857 0.120144695148 4.74161109533 242.930198777 372.115570981 169444.40803 78 1464.61405101 39.7252265708 38.6651222232 23.2747734292 222.385948966 2.88442901931
6912 116.462543985 1573.22182985 177.539978368 251.556948371 0.657301245119 0.255951146903 3.56522156977 243.964577668 372.156797226 170609.780823 77 1468.56285413 39.7162212342 40.2212035105 23.2837787658 218.437145849 2.84320277436
6936 114.00027026 1547.24293276 177.802614713 251.577826503 0.645870046219 0.337952089972 4.31509540483 243.123255957 372.203656067 171749.592068 77 1472.37716274 39.7120962583 39.7087017372 23.2879037417 214.622837241 2.79634393386
6960 111.645753498 1526.31977416 178.661415029 251.59791767 0.638290177228 0.440175754291 2.82952110695 244.494095292 372.246285558 172851.520796 76 1476.05115039 39.7063489506 43.4345584492 23.2936510494 210.948849589 2.75371444263
6984 109.389182364 1497.1757976 177.355325122 251.617390472 0.633779577837 0.535403945504 2.18256988472 245.030856121 372.293155125 173944.764148 76 1479.59858555 39.7044227596 45.1403397104 23.2955772404 207.401414433 2.70684487569
7008 107.224441449 1480.10870423 177.993241882 251.636354208 0.631432331925 0.573520790501 2.48416559077 244.674527079 372.328542235 174998.809942 75 1483.02280275 39.6965909255 46.2494977426 23.3034090745 203.977197231 2.67145776551
7032 105.140498366 1461.36393057 177.177350755 251.654930067 0.630969180004 0.664535748848 4.54078439196 242.508780613 372.365166365 176030.587098 73 1486.34143889 39.6903884253 45.6283804795 23.3096115747 200.658561087 2.63483363586
7056 103.140604435 1438.80264154 177.275113566 251.673131841 0.633048591026 0.726498077748 1.49152658662 245.475794905 372.404565662 177040.791954 71 1489.54770552 39.6867118035 49.3421337568 23.3132881965 197.452294462 2.59543433889
7080 101.20589077 1423.96819891 176.981264119 251.691157748 0.636536705391 0.803144384962 4.30895910413 242.560202058 372.435948818 178014.375964 68 1492.66688848 39.679492608 50.1728969773 23.320507392 194.333111504 2.5640511827
7104 99.3259445598 1421.04381559 178.361304169 251.709134412 0.642059284501 0.864815307187 3.08063854602 243.703352451 372.447410846 178934.66617 68 1495.71165924 39.6607696 58.3935679936 23.3392304 191.288340737 2.55258915485
7128 97.5032469794 1411.77469878 178.282735762 251.727064783 0.649017992385 0.929813683481 3.75574240925 242.938361133 372.469334933 179839.632888 67 1498.6835584 39.6491096008 66.5224592208 23.3508903992 188.316441576 2.53066506739
7152 95.7431824614 1393.29789724 180.341269701 251.744909701 0.657306825251 0.978155242614 2.34647832395 244.273149908 372.502581418 180731.162968 67 1501.57296352 39.6464980801 71.2081333701 23.3535019199 185.427036463 2.49741858251
7176 94.0401988135 1376.63793388 178.689614266 251.762722315 0.666016689471 0.98779343339 1.91276708808 244.670700475 372.528523251 181598.719378 67 1504.3820001 39.6389326584 75.6014350877 23.3610673416 182.617999882 2.47147674932
7200.0 92.3954033475 1362.30376798 178.955849214 251.780313568 0.657790880749 0.0598934596658 2.2929113741 245.209090718 372.557208444 182455.498082 96 1507.11044231 39.6338508618 72.0571287515 23.3661491382 179.889557675 2.44279155684
7224 90.8329266062 1301.83695766 177.743044217 251.796952559 0.643200135236 0.0983432440063 1.54323655301 245.91826751 372.618618455 183368.052811 93 1509.72548062 39.6592003676 48.6971903268 23.3407996324 177.274519367 2.38138154618
7248 89.3608060589 1260.99096093 177.207401282 251.812559746 0.630603762566 0.14495279448 0.508520709552 246.903362988 372.6749132 184252.248111 93 1512.1983852 39.675085292 38.5629160674 23.324914708 174.801614781 2.3250868005
7272 87.957279257 1233.64322395 176.966072605 251.82740077 0.619526455032 0.174873447523 1.3159316687 246.062267659 372.716107065 185112.282394 93 1514.56403228 39.6824530458 37.3559486909 23.3175469542 172.4359677 2.28389293564
7296 86.6082158549 1208.11716512 176.86121348 251.841648377 0.609687076045 0.210513177139 2.97085286137 244.367298509 372.750677348 185963.063248 93 1516.84678602 39.6869154656 32.844208661 23.3130845344 170.15321397 2.24932265259
7320 85.3074089848 1193.24857966 176.821700876 251.855390941 0.601371962097 0.271780280888 3.45134762923 243.820109187 372.777608296 186788.279776 92 1519.05561982 39.6854303664 31.9034847767 23.3145696336 167.944380166 2.22239170488
7344 84.0489164223 1174.79364875 176.811684627 251.868723322 0.595021369924 0.34789508652 1.79670675756 245.391653464 372.805129905 187601.666329 92 1521.20182381 39.6860225607 32.274193175 23.3139774393 165.798176176 2.19487009594
7368 82.8273613778 1165.06930791 176.832075138 251.881734217 0.590069676176 0.389837244428 3.12464380214 244.013715061 372.824542085 188390.332938 90 1523.29154952 39.679893535 31.2863946609 23.320106465 163.708450467 2.17545791616
7392 81.6420114666 1148.93074384 176.851247368 251.894450711 0.586408518069 0.438727027034 0.351588997986 246.728824746 372.848494219 189171.5434 90 1525.32850094 39.6790425872 28.0465459869 23.3209574128 161.671499044 2.15150578231
7416 80.4944524083 1133.52038099 177.756121771 251.906869768 0.583396929359 0.449360848945 1.55771232263 245.502660132 372.872131839 189935.516749 89 1527.30804099 39.6785540778 27.7341665607 23.3214459222 159.691958999 2.12786816215
7440 79.3825255365 1118.26529408 177.1942131 251.919016048 0.580997038986 0.479314624185 1.63275775595 245.387914534 372.896018081 190688.565607 89 1529.23324804 39.6788595502 27.433413205 23.3211404498 157.766751945 2.10398191978
7464 78.3050028838 1104.2313682 177.934064853 251.930908501 0.579423725898 0.530101695921 3.57391009662 243.385655981 372.918194753 191427.644567 88 1531.10520149 39.6777425768 27.5699651683 23.3222574232 155.894798496 2.08180524734
7488 77.2596472346 1090.24394386 177.26385798 251.942582216 0.578876533443 0.579725438736 3.43045455968 243.468361253 372.940084998 192154.817372 88 1532.92766464 39.6774674002 29.4480351881 23.3225325998 154.072335342 2.05991500235
7512 76.2424867525 1076.94131845 177.033646475 251.954092747 0.579237573577 0.605561313679 1.26276910915 245.598339257 372.960026778 192871.79283 85 1534.70649623 39.6761680833 27.6958658518 23.3238319167 152.293503756 2.03997322275
7536 75.2538511778 1068.20674955 177.39585242 251.965438383 0.579840792565 0.619433932625 2.04388741828 244.791399474 372.977680714 193569.188848 84 1536.44074125 39.6723501237 27.0014174175 23.3276498763 150.559258735 2.02231928707
7560 74.2880901675 1060.38873735 177.121588266 251.976681741 0.580855995583 0.641230820858 0.757749891247 246.043481552 372.992208233 194247.631448 82 1538.1396333 39.6665243458 29.0336146575 23.3334756542 148.860366685 2.00779176803
7584 73.3437321802 1050.88009475 177.050400905 251.987840682 0.582198455638 0.66490575397 0.42129510251 246.343760006 373.008309447 194913.423539 79 1539.80648457 39.6630583276 28.7229636851 23.3369416724 147.193515415 1.99169055372
7608 72.4232525402 1040.64157984 177.509922743 251.998885888 0.583976984244 0.699892700648 3.00015560084 243.717088826 373.023294845 195564.972882 78 1541.43614298 39.6594213832 28.9089337142 23.3405786168 145.563857008 1.97670515569
7632 71.5251493344 1035.16888367 177.229864447 252.009838491 0.586378800095 0.719521572294 1.55172433595 245.132536801 373.036733678 196199.605247 78 1543.03056898 39.6537381718 29.5293444807 23.3462618282 143.969431009 1.96326632295
7656 70.6469393367 1024.33120384 177.148883415 252.0207289 0.589021891291 0.743618892215 3.04757095523 243.599059362 373.052605822 196821.389139 78 1544.59487372 39.6517848724 34.7418477773 23.3482151276 142.40512627 1.94739417873
7680 69.7879021946 1022.57634847 177.152783411 252.03156525 0.592056082763 0.773235021591 2.48650248548 244.116641161 373.060362414 197423.991979 77 1546.12773604 39.6414433449 36.1123856794 23.3585566551 140.872263944 1.93963758682
7704 68.9490701057 1008.76969119 178.502352626 252.042336201 0.595663391036 0.813253999887 3.85032142503 242.698424984 373.079213336 198020.373878 76 1547.63133682 39.6446806536 42.8726991575 23.3553193464 139.368663166 1.9207866652
7728 68.1318250491 998.99953994 178.222585086 252.053026816 0.599888144836 0.852806771281 1.15053951941 245.343738749 373.093267089 198610.124799 75 1549.09897389 39.6411603019 47.6808609227 23.3588396981 137.901026093 1.90673291212
7752 67.3334565858 992.17635832 177.576895557 252.063673395 0.60445413268 0.866597011179 0.450479714245 246.014795748 373.107730366 199189.740221 73 1550.53654399 39.6379844704 48.2712546801 23.3620155296 136.463455995 1.89226963508
7776 66.5517564539 985.434275613 179.488055244 252.074301439 0.609120590009 0.886870459332 2.69617043534 243.733537077 373.118970814 199754.659232 71 1551.94765245 39.6342239567 46.4073573371 23.3657760433 135.052347539 1.88102918673
7800 65.7841743296 981.599779051 178.101245956 252.084943626 0.61408565387 0.906709876043 2.91308172924 243.481179116 373.128173816 200295.4594 69 1553.33599728 39.6262984908 54.698261261 23.3737015092 133.664002709 1.8718261853
7824 65.0314236584 977.503397427 179.136384402 252.09558943 0.619339289639 0.936599086075 3.07464112431 243.27383107 373.13664481 200828.450028 69 1554.70126347 39.6201531663 57.9877288775 23.3798468337 132.29873652 1.86335519039
7848 64.2898938676 973.932368974 180.46944237 252.106290888 0.624865403631 0.948533195705 1.25580445475 245.064506058 373.141600296 201340.966743 69 1556.04897478 39.6114573049 65.101717441 23.3885426951 130.951025201 1.85839970455
7872 63.5646135341 966.816857527 180.167090316 252.116972701 0.630550747942 0.981953654606 3.34781765814 242.922705239 373.152994174 201857.752579 69 1557.37141324 39.6077845055 61.4303084458 23.3922154945 129.628586741 1.8470058272
7896 62.8563225665 953.519260074 178.952094419 252.127620463 0.63640682618 0.981143866437 1.45563072689 244.799198118 373.171215901 202366.202813 69 1558.66702702 39.6112467747 67.7585857755 23.3887532253 128.332972965 1.8287840997
7920.0 62.1613895196 952.658618233 179.795184331 252.138277334 0.639259621831 0.0121420330177 3.47593233109 243.73438868 373.17448055 202856.608219 99 1559.93874051 39.6002948105 65.0013185217 23.3997051895 127.061259477 1.82551945113
7944 61.4926630444 916.542673388 178.253790478 252.148568316 0.629420796046 0.0405535996582 2.42875796961 244.752699318 373.205849891 203397.434776 97 1561.17149448 39.6263387159 49.9008318544 23.3736612841 125.828505511 1.79415011058
7968 60.8519937256 894.573559713 177.612006353 252.158385125 0.620399461083 0.0580507965252 1.27521064701 245.88795397 373.232414069 203923.073744 97 1562.35304641 39.6398825624 41.3664107057 23.3601174376 124.646953578 1.76758593209
7992 60.2319195728 880.116642491 177.337228783 252.167851036 0.611940161564 0.072221107915 1.04195635881 246.106031336 373.252156415 204434.757997 96 1563.4979304 39.646632858 38.4833116884 23.353367142 123.50206959 1.74784358646
8016 59.6283331362 868.231555533 177.218699464 252.177035105 0.603966066051 0.0885892382865 0.740431452294 246.389978139 373.26774664 204941.866831 96 1564.61407677 39.6503471894 33.1100956406 23.3496528106 122.385923219 1.73225336088
8040 59.0402791685 857.893323254 177.159696651 252.185957819 0.596479165185 0.106691830274 2.37516767924 244.735703506 373.282028488 205439.181901 96 1565.70348467 39.6527984589 31.6629907405 23.3472015411 121.29651532 1.71797151276
8064 58.4654726408 849.2589174 177.135935955 252.194659881 0.589560513871 0.135732014334 0.939718961741 246.140328629 373.294014287 205930.7616 96 1566.77008014 39.6532340937 27.264817288 23.3467659063 120.22991985 1.70598571418
8088 57.9023422568 842.671771474 177.134153948 252.203171939 0.583122514946 0.149064486005 1.49584559624 245.568795464 373.304199743 206408.881587 95 1567.81673121 39.6520618281 25.7947500206 23.3479381719 119.183268775 1.6958002584
8112 57.3498334369 837.726880431 177.14586204 252.21151451 0.577096776898 0.170481377724 1.00143496341 246.039472372 373.313329543 206875.339929 94 1568.84530352 39.6486193017 25.5874403254 23.3513806983 118.154696469 1.68667045858
8136 56.8082232338 830.999960856 177.737839469 252.219688207 0.571506741813 0.193790450254 2.46567532829 244.549339273 373.323067361 207331.916228 92 1569.85569336 39.647357809 28.9902037701 23.352642191 117.144306623 1.67693264019
8160 56.2772350749 822.343346735 177.831606165 252.22770249 0.566436231313 0.221487815927 1.88373152478 245.100641938 373.334095234 207789.511175 91 1570.84824759 39.6482701392 26.2324674028 23.3517298608 116.1517524 1.66590476743
8184 55.7566900687 816.853672596 177.417801009 252.235565294 0.561785892213 0.240799313172 2.28126355518 244.680585945 373.343511459 208232.037797 91 1571.82269656 39.6465037032 29.5310731234 23.3534962968 115.177303431 1.65648854203
8208 55.2454184414 810.799119447 177.278664363 252.243298229 0.557528714645 0.262986948985 2.64228073958 244.293905367 373.351867187 208670.311952 90 1572.78131625 39.6439273419 30.1919709499 23.3560726581 114.21868374 1.64813281445
8232 54.7435370938 803.174760163 178.306440122 252.250903137 0.553583206659 0.270742565315 0.999711247966 245.925059843 373.36081275 209099.901502 89 1573.72424012 39.6440596879 31.7575768267 23.3559403121 113.27575987 1.63918725076
8256 54.2513473708 797.828814809 177.615611756 252.258377085 0.549837784505 0.280195861171 1.31840947193 245.593179797 373.369933291 209523.696912 89 1574.65029237 39.642106829 33.4539141749 23.357893171 112.349707622 1.63006670995
8280 53.7689064562 790.123405494 177.360667074 252.26572084 0.54642957379 0.308605621649 1.56180958502 245.31743438 373.380707324 209946.604761 88 1575.5598223 39.6430629095 32.4882767686 23.3569370905 111.440177687 1.61929267754
8304 53.2963820848 784.578120039 177.263892039 252.272935392 0.543394791834 0.323537675971 1.79223343693 245.067898703 373.390394679 210362.515204 87 1576.45194272 39.642478115 31.0913471272 23.357521885 110.548057271 1.60960532182
8328 52.8309924974 780.035926466 177.972429945 252.280065739 0.540637225473 0.337449140846 1.00313298064 245.838714914 373.396777831 210762.736413 86 1577.3316362 39.6399912951 35.0719907115 23.3600087049 109.668363786 1.60322216964
8352 52.3740117942 772.708214683 178.142577315 252.287093937 0.538073687731 0.35375610567 2.17814701121 244.642929258 373.406272962 211165.023772 83 1578.19716605 39.6405179137 33.7599230734 23.3594820863 108.802833937 1.59372703915
8376 51.9259086015 766.505153241 177.572405688 252.294014285 0.535800371549 0.368502054003 2.3205117332 244.481171556 373.415503127 211561.082849 82 1579.04702636 39.6394827256 33.5554065588 23.3605172744 107.952973628 1.58449687368
8400 51.4857490725 760.970784542 178.993119706 252.30084292 0.533778000114 0.383279001013 1.43268007888 245.34942 373.42200176 211946.912589 82 1579.88306468 39.6385491603 33.5715385451 23.3614508397 107.116935312 1.57799824126
8424 51.0516708001 757.668614172 178.468382368 252.307610218 0.531944880105 0.3927377437 1.53797116774 245.22973599 373.428025135 212324.042837 80 1580.70834822 39.6344152007 33.3709611636 23.3655847993 106.291651771 1.57197486648
8448 50.6253842003 753.788398476 178.27087889 252.31429024 0.530286756178 0.406550867039 1.60396726157 245.144904875 373.435846076 212693.308069 80 1581.52037071 39.6327804286 36.1917933458 23.3672195714 105.479629278 1.56415392464
8472 50.2045176699 751.831147907 179.034827804 252.320921037 0.528778610123 0.411786543887 0.673012878901 246.06550093 373.439459494 213051.320689 79 1582.32268492 39.6268658093 38.5152244709 23.3731341907 104.677315071 1.56054050739
8496 49.7879961238 750.446413466 177.992228008 252.327520132 0.527378504352 0.419160293092 0.731188107339 245.994752963 373.44297605 213403.525672 79 1583.117685 39.6200892511 37.9606253334 23.3799107489 103.882314986 1.55702395078
8520 49.3792727993 741.680866664 177.601911742 252.334032905 0.526085973438 0.428022814645 1.75365390453 244.958204403 373.453993526 213751.299897 77 1583.90003582 39.6234412558 46.2030287198 23.3765587442 103.099964165 1.54600647529
8544 48.977595286 737.907187658 177.985863129 252.340471279 0.524945937011 0.435118230751 0.751420612007 245.948043941 373.460851045 214098.233284 76 1584.66948291 39.6220851968 44.7534048826 23.3779148032 102.330517077 1.53914895643
8568 48.582144887 736.947070953 178.062614331 252.346848492 0.523956042678 0.456852241002 3.69699474837 242.975348475 373.465699684 214434.471014 76 1585.42771224 39.617603762 44.5549548135 23.382396238 101.572287747 1.53430031667
8592 48.1931434417 728.855832635 178.018935831 252.353162847 0.523348889589 0.485604087555 1.60246084211 245.035423334 373.47465136 214768.387581 75 1586.17517377 39.6194900876 48.3051641255 23.3805099124 100.82482622 1.52534864138
8616 47.8092843697 721.863060213 179.800548072 252.359438339 0.52301289311 0.505086573775 1.50997707243 245.102485122 373.479429274 215095.522316 75 1586.9134078 39.619310297 49.5464142541 23.380689703 100.086592191 1.52057072739
8640.0 47.432870882 721.969940418 180.463306256 252.365638441 0.522865453797 0.51863779267 1.39465082665 245.198207486 373.484136781 215415.252056 105 1587.63796951 39.6143572666 47.9798987241 23.3856427334 99.3620304781 1.51586322014
8664 47.0643665685 704.096517821 178.507502535 252.371755311 0.522864162976 0.528110411506 1.24826835425 245.32900176 373.493878279 215757.304313 100 1588.34986506 39.6281602222 42.0067714613 23.3718397778 98.6501349283 1.5061217223
8688 46.7058603816 694.683837358 178.355681813 252.377752886 0.522951369878 0.534853123502 2.05073781202 244.513704808 373.50588813 216090.427761 97 1589.04265841 39.634137523 36.9365034301 23.365862477 97.9573415742 1.49411187086
8712 46.3537208839 689.618292417 177.690436494 252.383690733 0.523206547759 0.553409657057 1.80011177755 244.739581285 373.514214298 216414.486714 95 1589.72339156 39.6342646325 33.0277275996 23.3657353675 97.2766084272 1.48578570285
8736 46.0083225864 683.454509202 177.432895216 252.389562618 0.523585075168 0.559355911445 1.54154366165 244.985952733 373.523563572 216735.02563 93 1590.39211639 39.6368382397 30.8158582957 23.3631617603 96.6078835976 1.47643642889
8760 45.6687306865 676.835107551 177.336014758 252.395383425 0.524013397784 0.563577335539 1.26012288498 245.256902956 373.531029485 217049.379157 91 1591.05018222 39.6382247421 31.0551754269 23.3617752579 95.9498177698 1.46897051624
