Time EBV Teff Treg ODC_le1 ODC_le2 ODC_le3 ODC_le4 ODC_le5 NK IL2 DAC Resting_Teff Resting_Treg EffectorMemory Resting_Treg_temp Resting_Teff_temp NK_temp
0.0 0 0 0 0 0 0 0 500 375 1000 0 1687 63 0 0 0 0
24 0 0 0 0 0 0 0 500 336.279789971 908.048253598 0 1687 63 0 0 0 38.7202100291
48 0 0 0 0 0 0 0 500 335.391027502 823.849847309 0 1687 63 0 0 0 39.6089724976
72 0 0 0 0 0 0 0 500 334.559882085 745.880698262 0 1687 63 0 0 0 40.4401179151
96 0 0 0 0 0 0 0 500 333.760437385 673.915002205 0 1687 63 0 0 0 41.2395626152
120 0 0 0 0 0 0 0 500 332.995774144 607.703333798 0 1687 63 0 0 0 42.0042258555
144 0 0 0 0 0 0 0 500 332.2684442 546.975994766 0 1687 63 0 0 0 42.7315557996
168.0 1000 0 0 0 0 0 0 500 331.580390823 491.447224652 0 1687 63 0 0 0 43.4196091775
192 587.94283022 2674.42256109 91.5619289612 4.47673168998 18.9970923557 71.5351553232 179.581289232 225.4097314 319.455578209 5741.3447637 0 1039.6715255 41.772295668 0 21.227704332 647.328474501 55.5444217919
216 137.435106397 7046.26636744 164.14083537 86.6043019809 41.1980922215 91.0482359665 129.665423037 151.483946795 264.475741809 490.30234897 0 1394.54728376 38.969329701 626.581036282 24.030670299 292.452716241 110.524258191
240 32.5312087863 2432.33517458 174.921561431 170.66589183 29.9831910382 68.1182118827 100.651527524 130.581177725 278.242581691 228.925264493 0 1604.65420356 38.8513627928 562.380349193 24.1486372072 82.3457964371 96.7574183091
264 15.8429782062 576.489753135 169.413138886 192.183397088 10.7669887854 33.8820519691 70.9379613584 192.229600799 303.226606589 231.51133782 0 1649.56952057 39.0474857183 515.392281601 23.9525142817 37.4304794288 71.7733934112
288 12.3137842829 231.175896208 163.016925822 194.954186607 5.1297505995 15.0509368874 41.1977668848 243.667359021 314.869641901 278.886252474 0 1658.88150026 39.4644175446 471.391361162 23.5355824554 28.1184997374 60.1303580998
312 10.7001891413 149.4406079 170.485243512 195.586803372 1.32118769344 5.542163144 23.3002620636 274.249583727 317.90737229 324.907607347 0 1662.71206851 39.7311404698 429.606201191 23.2688595302 24.2879314947 57.0926277104
336 9.64525502576 129.894063167 175.392045161 195.682443695 0.689988808275 0.384901700659 18.5140990326 284.728566763 318.998364509 338.161337886 0 1665.13084805 39.8271837666 404.293928741 23.1728162334 21.8691519453 56.0016354912
360 8.80183320481 112.090780179 172.155192721 195.779262173 0.742735428496 1.83736473419 19.8276193267 281.813018337 319.651016325 342.767275591 0 1667.04456571 39.8859821859 389.738711379 23.1140178141 19.9554342862 55.3489836756
384 8.10918295417 97.242025063 167.449719256 195.871834111 0.768495247914 1.38499218031 10.6814154932 291.293262967 320.198741962 356.093979718 0 1668.61597539 39.9464530018 369.999238585 23.0535469982 18.3840246131 54.801258038
408 7.50460946696 102.809025432 163.994549094 195.964326582 0.812198514591 0.817836753162 11.6550189425 290.750619207 320.319767953 341.285171895 0 1669.9643455 39.8300416989 361.47095109 23.1699583011 17.0356544959 54.6802320478
432 6.97016372859 92.2033466901 162.773384868 196.053367134 0.797839597849 1.00210443477 9.66111596083 292.485572873 320.351815673 332.341127779 0 1671.17639898 39.8675806607 349.559265799 23.1324193393 15.8236010176 54.6481843274
456 6.51092280267 86.0145433362 157.625028087 196.135456274 0.81387490767 1.38816680461 11.5827746478 290.079727366 320.718703762 325.461327863 0 1672.21881128 39.9058583518 340.706460175 23.0941416482 14.7811887215 54.2812962385
480 6.11608614803 78.8447293309 157.924825762 196.213872696 0.837882701617 0.511439636011 10.4610440787 291.975760888 320.794866507 315.108269021 0 1673.11369417 39.9330015352 337.56715249 23.0669984648 13.8863058295 54.2051334935
504 5.76779318982 70.0514438621 159.508024503 196.286638521 0.811183137827 0.541369090128 8.90480147652 293.456007774 320.898318575 304.960673561 0 1673.90704851 40.0144750251 335.548489187 22.9855249749 13.0929514895 54.1016814256
528 5.47526441856 61.7699469885 167.363461153 196.349707366 0.798902094925 0.169897664843 7.14181422214 295.539678652 320.804787031 296.195382937 0 1674.57376549 40.097384995 325.83743865 22.902615005 12.4262345058 54.1952129693
552 5.22688298212 56.4676601259 161.318841122 196.404372208 0.779379061017 0.86331912169 11.7386451637 290.214284445 321.15968714 303.161630826 0 1675.13862008 40.1630134027 315.444710843 22.8369865973 11.8613799189 53.8403128602
576 5.01250383979 52.8762384291 159.534818777 196.453641152 0.780684958962 0.452614639371 6.4292108961 295.883848354 321.435561227 313.130562977 0 1675.62703159 40.2309444965 303.387430455 22.7690555035 11.3729684119 53.564438774
600 4.81066143664 50.1834638625 165.763458854 196.501377978 0.771880196265 0.830813326652 8.22088711537 293.675041384 321.268400143 307.014737568 0 1676.08216076 40.2318495041 288.829905261 22.7681504959 10.9178392427 53.7315998576
624 4.61960150746 61.3521103707 163.102848025 196.548614131 0.785141075601 1.1436967799 6.81440944674 294.708138567 320.770744677 277.283495 0 1676.50569174 40.0027022445 283.16784362 22.9972977555 10.4943082557 54.2292553237
648 4.43668442336 46.0815520659 160.642207115 196.595453042 0.763952960437 0.656326527476 10.0535990186 291.930668451 321.020554226 273.328407436 0 1676.92874294 40.2760708549 277.795491591 22.7239291451 10.0712570613 53.9794457746
672 4.27705482959 48.4333796014 162.988953323 196.637482682 0.769253958249 1.0774281435 6.70257745341 294.813257763 320.810843724 255.094927844 0 1677.2871072 40.179966662 274.543499557 22.820033338 9.71289279788 54.1891562763
696 4.13235347638 43.3999751891 158.676470546 196.676744443 0.748570879285 0.367761258377 5.68739246439 296.519530955 321.061645977 255.542624526 0 1677.61822569 40.3055175161 271.078426361 22.6944824839 9.3817743099 53.9383540231
720 4.00100763339 38.7567257451 165.024565182 196.712659158 0.735720581764 0.580981303874 4.85137551719 297.119263439 320.9005499 244.092938287 0 1677.91791738 40.4399980845 268.623589616 22.5600019155 9.08208261658 54.0994501003
744 3.88147361343 36.3377590726 154.385970126 196.746044881 0.733691632401 0.812408427762 6.05898447037 295.648870588 321.332352822 256.252223339 0 1678.18928204 40.476065326 261.900154719 22.523934674 8.81071796171 53.6676471783
768 3.76536305327 34.7402306932 151.831217745 196.779622679 0.738922646151 0.0452134814929 8.25761500151 294.178626191 321.480855225 256.714314562 0 1678.45271862 40.5298231356 260.804869178 22.4701768644 8.54728137752 53.5191447752
792 3.66145908882 34.4362139308 150.240238819 196.810131989 0.717431230562 0.403032940502 10.211102177 291.858301663 321.59849484 262.019356967 0 1678.68715482 40.4890325237 256.422101921 22.5109674763 8.31284518162 53.401505161
816 3.55829379315 36.4523595784 155.277005522 196.840712994 0.71134902562 0.70315842975 5.50413470826 296.240644843 321.432835386 255.638071281 0 1678.91929906 40.4110743842 247.945541655 22.5889256158 8.08070093796 53.5671646142
840 3.45852547488 36.0298808743 148.799543182 196.87112169 0.715912332186 0.922410908502 5.86190155586 295.628653514 321.556067031 253.421294901 0 1679.1445004 40.3834099592 248.107959635 22.6165900408 7.85549960093 53.4439329691
864 3.36614023757 36.7289572971 151.019034855 196.9004086 0.725670851609 0.066994550307 2.73680440612 299.570121592 321.295132884 238.208037764 0 1679.35345609 40.3599660292 250.566348721 22.6400339708 7.64654390677 53.7048671166
888 3.27574206698 33.4805413637 155.346518476 196.92953538 0.702033643991 0.213525671841 4.77416512289 297.380740182 321.15496011 231.135817015 0 1679.55929594 40.4554688269 245.359191257 22.5445311731 7.44070406444 53.8450398903
912 3.18845992733 32.6031510654 150.296213237 196.957617471 0.68521108784 0.328470094092 2.75911277731 299.269588569 321.170373093 228.907454351 0 1679.75601276 40.412576618 238.815506827 22.587423382 7.24398723916 53.8296269071
936 3.10653756854 30.3736449038 148.546470923 196.984134117 0.673988622008 0.449590485555 2.27589615484 299.616390621 321.295306409 226.070040961 0 1679.94290748 40.5148152792 233.914560865 22.4851847208 7.05709252295 53.704693592
960 3.03309095092 26.0227297176 153.668529426 197.008205284 0.668314001614 0.59725176118 5.77607711298 295.95015184 321.233347267 221.537894117 0 1680.11164712 40.7165707166 229.556227079 22.2834292834 6.88835288132 53.7666527334
984 2.9691653892 26.4450795037 146.804425843 197.029540733 0.667672413986 0.699087025376 4.16983568932 297.433864139 321.642322915 231.809928843 0 1680.25678988 40.7212318041 223.736625227 22.2787681959 6.74321011776 53.3576770857
1008 2.90253521168 26.7613662666 146.279486191 197.05231376 0.670874264802 0.816625500879 3.14815361417 298.312032861 321.523025446 225.007898114 0 1680.40681189 40.649108778 226.15509429 22.350891222 6.59318810967 53.4769745547
1032 2.84177633293 23.3956487141 146.676421671 197.073689727 0.676741746752 0.89431197939 3.5027331354 297.852523412 321.539793347 224.384976393 0 1680.54607551 40.8495405192 225.738120965 22.1504594808 6.45392448686 53.4602066535
1056 2.78344779607 26.3272250404 146.130570803 197.094856815 0.684344126661 0.948429071735 2.71025678027 298.562113206 321.539845484 224.185533797 0 1680.67593731 40.5870078465 220.671516897 22.4129921535 6.32406268599 53.460154516
1080 2.72186156055 24.4269106917 149.23220445 197.117986197 0.69443731002 1.03786710103 3.57414722721 297.575562164 321.155733367 209.150660841 0 1680.81571981 40.6677721846 221.826023734 22.3322278154 6.18428018742 53.8442666331
1104 2.66897136349 24.2690216167 146.959818982 197.138561243 0.699080632187 0.0867068834748 4.29507258502 297.780578656 321.370981736 211.933035923 0 1680.9363774 40.6991584918 217.257983554 22.3008415082 6.06362259835 53.6290182642
1128 2.61692531127 22.4019385901 148.382173449 197.158959112 0.682495638467 0.17769564047 3.02735868429 298.953490925 321.272056088 206.129166108 0 1681.05508578 40.8335916644 214.994757411 22.1664083356 5.94491422218 53.7279439123
1152 2.56763506584 25.7509222497 147.905036499 197.178229921 0.669113839751 0.239334636446 3.50456757339 298.408754029 321.211578178 199.417058465 0 1681.16495927 40.5755932017 212.025444949 22.4244067983 5.8350407314 53.7884218226
1176 2.51758914172 24.200265823 147.08586095 197.197815906 0.658100971201 0.328600951969 2.22133521291 299.594146958 321.155057309 195.150636918 0 1681.27899733 40.6772896643 210.337753764 22.3227103357 5.72100267204 53.8449426912
1200 2.47298000782 21.1204427425 146.081963723 197.215357379 0.650672908393 0.433959022557 4.08268128302 297.617329407 321.144983258 194.488190377 0 1681.38148056 40.8756453181 208.789424742 22.1243546819 5.61851943773 53.855016743
1224 2.42891821243 20.4856764831 142.361398132 197.232838505 0.646239599832 0.51664218991 2.02561557246 299.578664132 321.310102388 193.10165648 0 1681.48117128 40.8777968374 211.387559188 22.1222031626 5.51882871905 53.6898976122
1248 2.38923792018 19.6394684993 144.772463325 197.248770615 0.643642530964 0.566571575942 3.3501783978 298.19083688 321.272798427 193.886308956 0 1681.57166871 40.953367566 208.067486424 22.046632434 5.42833129252 53.7272015732
1272 2.3501631765 19.5461592881 148.495237726 197.264673701 0.642485345571 0.625670359775 3.66005548344 297.80711511 321.051408921 185.18883078 0 1681.66045374 41.0056224416 207.947936041 21.9943775584 5.33954626131 53.9485910796
1296 2.31235171412 20.7301247169 143.689991425 197.280307567 0.642956491193 0.691260343275 2.83015069419 298.555324905 321.236758905 184.052999721 0 1681.74554372 40.8668822867 208.97300513 22.1331177133 5.25445627681 53.7632410951
1320 2.27470087684 20.7137660208 144.528668196 197.296160167 0.644728019003 0.732176743963 1.13379672973 300.19313834 321.153266933 181.608088618 0 1681.83102963 40.9085083363 206.083407947 22.0914916637 5.1689703675 53.846733067
1344 2.23676675445 18.642019943 143.612095499 197.312455718 0.647443298858 0.778450944859 3.60363963343 297.658010405 321.187957444 181.716022065 0 1681.91710538 40.9602556403 202.428649754 22.0397443597 5.08289461532 53.8120425564
1368 2.20222808218 18.4990742011 142.500093226 197.327609898 0.65112714375 0.828051679028 3.49813724924 297.69507403 321.178484241 181.027158279 0 1681.99597144 41.0736058165 199.0131258 21.9263941835 5.00402856043 53.8215157594
1392 2.16971808823 19.9353306548 142.183859823 197.342184861 0.65576351199 0.891148795654 2.05175493599 299.059147895 321.21711629 179.385563138 0 1682.06917829 40.9368103233 196.810743619 22.0631896767 4.93082171489 53.7828837108
1416 2.13594487719 17.7419546656 139.484929673 197.357682857 0.66154200066 0.928618525972 4.01950989099 297.032646725 321.272144998 179.427232831 0 1682.14575728 40.9929578355 199.645574743 22.0070421645 4.8542427244 53.7278550024
1440.0 2.10350251296 18.186891398 141.839885973 197.372946706 0.668401092615 0.993227232549 3.75653145258 297.208893516 321.129682361 173.123166345 30 1682.2190088 40.9158573647 201.4908408 22.0841426353 4.78099119509 53.8703176396
1464 2.07445185732 16.3108971991 136.84595497 197.386803164 0.657826999957 0.0462002221171 3.93962742291 297.96954219 321.690056261 188.791958174 29 1682.2861102 41.1697218905 196.467601219 21.8302781095 4.71388979102 53.3099437392
1488 2.0461036016 16.563676089 133.40700824 197.400253928 0.645704799974 0.0762732391204 2.10768388179 299.770084151 321.947019818 203.21866235 29 1682.35010657 41.1016858703 191.704485081 21.8983141297 4.6498934297 53.0529801828
1512 2.01876975616 16.2242490225 133.252765123 197.41316789 0.634759463767 0.116071753819 2.1136361316 299.722364761 322.165482186 213.573112673 29 1682.41223729 41.1321191245 189.16370208 21.8678808755 4.58776270992 52.8345178149
1536 1.99285081538 15.643182238 132.700740143 197.425376756 0.625089618646 0.140656078976 0.909613519175 300.899264027 322.346040874 224.411234981 29 1682.47131393 41.2063900499 184.795154927 21.7936099501 4.52868606518 52.6539591268
1560 1.96789756929 15.3848887796 133.557109796 197.437107325 0.616347724246 0.175254029605 1.53846764552 300.232823275 322.451541437 229.619468446 29 1682.52797018 41.2258478974 183.626716769 21.7741521026 4.47202981948 52.5484585632
1584 1.94364487955 15.1829437251 133.907660338 197.448497559 0.608453425946 0.207222729196 3.08054946692 298.655276818 322.516403738 234.964536428 29 1682.58300005 41.2375047478 181.516970264 21.7624952522 4.41699994284 52.4835962627
1608.0 1001.91855014 15.6764021728 133.390121899 197.460284661 0.601018961936 0.233990475973 1.89965179089 299.80505411 322.564033081 240.235297372 28 1682.63946007 41.1210195922 177.576667909 21.8789804078 4.36053992319 52.4359669195
1632 557.930868708 3102.10353019 142.127858495 198.873417502 4.44550778962 18.7746669779 70.8887619956 207.017645734 312.07530253 4756.05741249 28 1051.8559664 41.3341950647 134.001869751 21.6658049353 635.144033598 62.9246974701
1656 268.922816232 3876.22185414 168.955675269 206.805860277 9.1189856087 31.8651532201 69.7726264801 182.437374413 312.743040947 6280.38349573 27 1258.62583316 39.7135393581 263.156296659 23.2864606419 428.374166829 62.2569590531
1680 132.728681459 3469.16118352 184.130660817 216.99505345 8.9938453001 24.0364723725 68.2523620818 181.722266795 315.417499984 6316.48927929 27 1428.19399509 39.2353341439 377.09064925 23.7646658561 258.806004901 59.5825000166
1704 71.1419865819 2630.94476802 191.11482856 225.092620066 8.60531747808 22.8520481694 60.2249690781 183.225045208 319.432045338 5685.54011265 26 1533.85417066 39.061656935 503.823467877 23.938343065 153.145829335 55.5679546626
1728 42.4745746255 1801.72583743 193.240654005 230.943137492 5.48628169602 17.3264932965 65.7417124698 180.502375046 324.426780199 4959.50069816 26 1591.85441614 39.0074066039 608.701045936 23.9925933961 95.1455838485 50.5732198013
1752 28.6998376022 1165.09600051 191.273896957 233.286022921 2.33956715457 11.6245430659 50.6682677069 202.081599152 330.023501179 4452.74599948 26 1622.04401577 39.0229403517 660.870248439 23.9770596483 64.9559842192 44.9764988219
1776 21.4809683033 768.509563956 193.692444553 234.218473677 0.979377640739 10.7473355988 36.4839877786 217.570825305 334.320323422 4093.54401408 25 1638.33700542 39.0726212205 626.775075811 23.9273787795 48.6629945751 40.6796765785
1800 17.3746759289 565.453001891 194.081573204 234.574546267 1.04026852153 5.10022937698 30.6956036833 228.589352151 336.919128795 3793.32505612 25 1647.65706428 39.1269983199 608.550453248 23.8730016801 39.3429357147 38.0808712052
1824 14.6694703214 419.468489456 191.235898674 234.764594285 0.438400230669 1.66526719521 24.9648358867 238.166902402 338.228966982 3547.16525606 25 1653.79353587 39.18801141 589.39100955 23.81198859 33.2064641223 36.7710330183
1848 12.8418897203 319.912173284 196.307385352 234.882170453 0.67818354926 1.36559241767 15.3009261336 247.773127446 339.260099464 3367.88913362 25 1657.96067208 39.2734084664 544.425842043 23.7265915336 29.03932791 35.7399005364
1872 11.5388843777 257.978689543 194.220914603 234.995934462 0.731153389435 0.883425465647 17.1898816402 246.199605043 339.951869227 3208.26821211 24 1660.92292145 39.3561669042 521.531264607 23.6438330958 26.0770785433 35.0481307737
1896 10.4837604139 230.014419397 188.340184261 235.106507556 0.787676972308 1.07284141116 17.3104882702 245.72248579 339.77592685 3025.6124593 24 1663.28853361 39.3752582568 512.068996408 23.6247417432 23.7114663867 35.2240731508
1920 9.61374429518 208.418867049 185.708067614 235.213332763 0.85781682662 0.675631329047 12.883515495 250.369703586 339.640102208 2878.43322004 24 1665.24117201 39.3912142283 482.394077808 23.6087857717 21.7588279837 35.3598977929
1944 8.87867396132 175.303567174 186.486519849 235.31486115 0.840914284285 0.897824887577 9.67002343364 253.276376245 339.434290916 2731.31780239 24 1666.90437429 39.4580256487 467.111249748 23.5419743513 20.0956257042 35.5657090848
1968 8.28005166098 151.712453976 180.578337039 235.401495367 0.814616006576 0.899742267698 10.1077485074 252.776397851 339.354388516 2617.78771766 24 1668.2608822 39.5239883608 437.410063479 23.4760116392 18.7391177948 35.6456114847
1992 7.76766956801 137.905241499 191.730242525 235.480831107 0.835644796532 0.673645379634 9.52921508419 253.480663632 338.617362319 2468.10503668 24 1669.41166707 39.5427887605 420.901248398 23.4572112395 17.5883329209 36.3826376815
2016 7.34137805822 119.873611021 179.714243471 235.551925144 0.854514519288 1.43338058649 10.0614251982 252.098754552 338.734613939 2365.51692767 23 1670.38404652 39.6478536997 404.639673797 23.3521463003 16.6159534719 36.2653860614
2040 6.93686750223 122.345511657 177.703389992 235.626593054 0.890643257776 1.14348721549 9.71293879767 252.626337674 337.869594601 2222.71225345 23 1671.28205867 39.5819480842 401.372827647 23.4180519158 15.7179413214 37.1304053997
2064 6.57145934027 113.736756537 175.416609087 235.69821799 0.874876779832 0.91934495847 9.37874334153 253.12881693 337.405612214 2105.64624891 22 1672.10623039 39.6071836238 387.946033589 23.3928163762 14.8937696043 37.5943877868
2088 6.22709122747 102.421541931 176.288556094 235.769690905 0.904549344888 1.61728430388 10.9448255511 250.763649895 336.502178646 1965.16562381 22 1672.88103109 39.6363755775 390.117314539 23.3636244225 14.1189689073 38.497821355
2112 5.9263614826 94.3901620246 177.603048837 235.838502086 0.927105329594 0.402886545374 9.64687578659 253.184630252 335.997986719 1848.83028444 21 1673.56521829 39.7174920749 371.426978619 23.2825079251 13.4347816983 39.0020132816
2136 5.6534648152 91.2301490687 176.288338577 235.903188296 0.907656075156 0.850040378364 7.22948006718 255.109635183 335.29162212 1732.03764044 21 1674.17823685 39.7051388685 360.346203993 23.2948611315 12.8217631423 39.7083778807
2160.0 5.39337421542 81.6319646113 168.003229202 235.966739365 0.880519379974 0.335039728922 7.74185010273 255.075851423 334.68335777 1621.28927954 51 1674.76457102 39.7387176866 361.447709986 23.2612823134 12.2354289704 40.3166422307
2184 5.19852612051 60.2423909344 156.281121429 236.014690439 0.860224229294 0.667142775419 7.51846693142 254.939475624 335.340723908 1599.93376667 50 1675.2222225 40.0780401974 337.307413669 22.9219598026 11.7777774933 39.6592760929
2208 5.03642839195 56.4585601542 152.132639742 236.055497453 0.860239276143 1.01994994179 7.19238993826 254.87192339 335.410098358 1573.77086343 50 1675.58992729 40.1442250789 315.636040154 22.8557749211 11.4100726996 39.5899016427
2232 4.88805101502 51.6880197279 150.624248628 236.09430245 0.871278988788 1.2093395283 5.46370764382 256.361371389 335.39734021 1549.25776026 50 1675.92653066 40.2318854901 293.053319867 22.7681145099 11.073469326 39.6026597903
2256 4.75428453534 48.7525948746 148.987334792 236.130790631 0.873875824114 0.433450563265 5.84504545971 256.716837521 335.283882412 1520.03234698 50 1676.22924905 40.2888512404 277.104733572 22.7111487596 10.7707509452 39.7161175884
2280 4.6267766442 48.5735681716 148.988767605 236.166112682 0.859806907047 0.620163241695 6.13205281689 256.221864352 335.038652246 1486.15577201 48 1676.51542895 40.2561243398 261.21999551 22.7438756602 10.4845710426 39.9613477547
2304 4.50584290826 46.6973183807 147.345596615 236.200115094 0.85260003776 0.721960936348 3.29503384271 258.930290089 334.871939074 1453.20002838 48 1676.78880502 40.2965175288 247.167592202 22.7034824712 10.2111949659 40.1280609271
2328 4.3908486524 45.0953576339 147.271191325 236.23310703 0.849601266364 0.821406729805 4.20234297762 257.893541995 334.617205754 1416.41197075 48 1677.0479672 40.3057329686 234.837350523 22.6942670314 9.95203279286 40.3827942467
2352 4.28374212377 42.7733296696 148.134464716 236.264581996 0.850205871583 0.896226973588 2.695215531 259.293769627 334.376479222 1379.34872751 46 1677.29094875 40.3924748558 222.925529186 22.6075251442 9.70905124045 40.6235207791
2376 4.18376755795 39.4100028759 149.84997549 236.294748482 0.853814711345 1.02194141592 4.65384420289 257.175651188 334.018086709 1338.70460212 46 1677.5172311 40.4590533073 213.189844267 22.5409466927 9.48276888816 40.981913292
2400 4.08835206829 39.581910624 148.16680509 236.324060311 0.835050020337 0.135168822593 3.49152646264 259.214194383 333.678121869 1297.80489111 46 1677.73147371 40.4170825353 202.547607586 22.5829174646 9.2685262837 41.3218781319
2424 3.99757497922 37.4765288483 147.094935934 236.351811282 0.813543044633 0.247968412663 4.09986391772 258.486813342 333.444361321 1259.49185448 45 1677.93706398 40.4814228139 194.877872138 22.5185771861 9.06293600638 41.5556386799
2448 3.91223753243 37.04501585 144.893152325 236.377871314 0.797409313315 0.361865096442 4.34948840846 258.113365868 333.282165333 1225.92727921 45 1678.13030498 40.5340428707 186.018772753 22.4659571293 8.86969501155 41.7178346674
2472 3.82723597866 37.3508224829 146.006318068 236.40393417 0.785182401311 0.457385493763 0.776770882179 261.576727052 332.819264359 1183.56590132 44 1678.32082165 40.4713471925 178.939703007 22.5286528075 8.67917834228 42.1807356418
2496 3.74537776281 34.1822214968 146.725086611 236.429238447 0.775859960231 0.535642141467 3.09516841804 259.164091032 332.500642877 1142.94458846 44 1678.506592 40.561821152 173.428585289 22.438178848 8.49340799038 42.4993571235
2520 3.67058770859 32.7494513001 145.040867073 236.452614836 0.769687197037 0.596071068366 1.87357762941 260.308049268 332.232944702 1106.85367483 44 1678.6762101 40.6348949762 168.412552454 22.3651050238 8.32378989385 42.7670552983
2544 3.59875659708 31.7444380231 144.898046758 236.475363849 0.765337100256 0.643008155685 2.51430546463 259.60198543 331.9235967 1071.30775633 44 1678.83825142 40.6408953845 163.840702366 22.3591046155 8.16174857374 43.0764033005
2568 3.528405531 30.8045312248 143.60050663 236.497980878 0.76227204423 0.673101418997 2.17639149009 259.890254168 331.627293498 1036.55712324 44 1678.99691193 40.6539352859 160.627644683 22.3460647141 8.00308805894 43.3727065031
2592 3.46198329758 30.2618405819 143.162815833 236.519684199 0.760817118008 0.753131284365 3.44513901114 258.521228387 331.335109085 1002.46512517 43 1679.14731296 40.6940653307 157.782565379 22.3059346693 7.85268702616 43.664890916
2616 3.39740412344 29.0368368904 144.348993609 236.541178423 0.761410628751 0.806361574191 2.69261336665 259.198436007 330.952264559 968.283028611 43 1679.29307743 40.7110026269 153.275969259 22.2889973731 7.70692255895 44.0477354412
2640 3.33508193379 27.916533607 143.030308921 236.562348734 0.763365741732 0.849137327518 2.832894787 258.992253409 330.665301495 934.241486927 41 1679.43417594 40.7638333984 151.996893492 22.2361666016 7.56582405416 44.3346985054
2664 3.27357544085 27.4840190966 145.4492471 236.583702743 0.766330834025 0.881517013688 2.02914766301 259.739301746 330.240470594 898.339746988 41 1679.57286738 40.7588300684 147.969708566 22.2411699316 7.42713260566 44.7595294069
2688 3.21490927479 27.0932996447 142.202035977 236.604534809 0.769731425518 0.902205929809 2.03925230465 259.684275531 330.005571669 867.620512119 41 1679.70530434 40.760534735 147.121734711 22.239465265 7.29469565341 44.9944283313
2712 3.15867648208 27.4116109344 141.167652067 236.624962095 0.773996099737 0.951962439058 1.81679385956 259.832285506 329.753125165 839.600364426 41 1679.8322629 40.7389120947 143.557787896 22.2610879053 7.16773709487 45.2468748358
2736 3.10178997665 26.270453192 141.483422277 236.64613389 0.77950034868 0.997600872151 1.80379646032 259.772968429 329.446792752 811.560843121 41 1679.96075659 40.7649992297 140.214988399 22.2350007703 7.03924339795 45.5532072486
2760 3.04861878473 26.0430348674 140.809567819 236.666232188 0.766252685868 0.082596049003 2.42326406814 260.061655008 329.220757914 784.286060688 41 1680.08135438 40.8227305079 138.132260034 22.1772694921 6.91864561422 45.7792420868
2784 2.9965291847 26.4615138398 138.976714503 236.685823871 0.750030051586 0.184230935312 2.9974635905 259.382451551 328.985425244 760.779926605 40 1680.19858735 40.7588968716 135.227414338 22.2411031284 6.80141264157 46.0145747569
2808 2.94272492809 26.1234747291 142.237991304 236.706011651 0.735977349465 0.260550561678 1.96231544251 260.335144995 328.535607104 731.275474473 39 1680.31938918 40.68779729 131.532184749 22.31220271 6.68061080755 46.4643928968
2832 2.89296328589 25.1152199227 140.88191303 236.724691117 0.72466881551 0.319841763508 2.53828706339 259.69251124 328.344077525 707.700237685 38 1680.4328794 40.7967335272 128.06633816 22.2032664728 6.56712059087 46.6559224756
2856 2.84556622355 23.0378037516 141.079900078 236.742530106 0.715434885221 0.375008668098 2.907748977 259.259277363 328.089825939 684.963643242 38 1680.54058599 40.8977008844 124.807999061 22.1022991156 6.45941400336 46.9101740616
2880.0 2.80090316248 22.7127484748 138.690355888 236.759418384 0.708183083477 0.429135262697 2.00065615321 260.102607116 327.96074166 665.829451535 67 1680.64171254 40.9130121656 122.726304431 22.0869878344 6.3582874457 47.039258341
2904 2.75774086645 22.6496990601 137.271051548 236.775843249 0.702110451294 0.460302346408 2.0228798448 260.038864108 327.802175955 649.744391102 63 1680.73951318 40.9260087114 119.789109149 22.0739912886 6.26048680932 47.1978240461
2928 2.71561776089 21.4430674951 136.674756246 236.791992291 0.6968972747 0.489645240246 2.992509968 259.028955225 327.658397594 633.992911371 62 1680.83502325 40.9866310808 118.011232129 22.0133689192 6.16497673836 47.3416024069
2952 2.6753588302 20.88716 137.564556643 236.807556834 0.692644018696 0.514012045846 1.7909958791 260.194791222 327.427898556 616.864561908 61 1680.9262523 41.0208736375 115.346219349 21.9791263625 6.0737476885 47.5721014446
2976 2.63584665523 20.9783487778 136.476805947 236.822975425 0.689209143317 0.553832743728 1.53390112488 260.400081562 327.281874193 602.152119919 60 1681.01535575 40.9807948511 112.821134021 22.0192051489 5.98464423076 47.7181258082
3000 2.59751364359 20.188614762 137.522146719 236.838090508 0.686625458001 0.588914424885 1.19407687085 260.692292738 327.104382416 586.818277593 59 1681.10240672 41.0459481084 110.426011989 21.9540518916 5.89759327042 47.8956175849
3024 2.56059171342 19.7867283393 135.990513078 236.852814811 0.684796299007 0.617736981499 3.73413168725 258.11052022 326.987446009 573.956014757 58 1681.18604413 41.070060956 108.150929471 21.929939044 5.81395585419 48.0125539923
3048.0 1002.52464414 19.46882739 135.407247068 236.867325075 0.683707986457 0.647207479085 3.20092213169 258.600837327 326.862224281 561.404396673 57 1681.26741862 41.083251096 105.987199866 21.916748904 5.73258136338 48.13777572
3072 604.896856269 2607.33138444 135.085892597 238.152754654 3.27760664875 15.7149557604 60.1888164116 182.665866525 320.204694993 5839.34758947 57 1032.21664756 41.926586706 34.1060609028 21.073413294 654.783352428 54.7953050081
3096 361.491973119 2856.28753607 152.015375707 240.295692508 4.82954169701 12.1361755877 54.5503257424 188.188264464 329.597058225 9386.54791213 55 1183.43265663 40.4721597807 66.6625812631 22.5278402193 503.567343355 45.4029417764
3120 240.25431168 2564.83967188 162.113813871 242.032690974 1.81785725045 16.0191415376 52.4126026165 187.717707621 337.781011843 11980.7226156 52 1299.05025826 40.0017200599 76.3611362501 22.9982799401 387.94974172 37.2189881575
3144 174.883904728 2202.17737731 167.361968156 243.116320143 2.41293012353 5.08678783417 39.7752077821 209.608754117 343.939609031 13851.1545907 51 1379.07759916 39.8003192765 94.111947671 23.1996807235 307.922400821 31.0603909698
3168 135.773565244 1870.09417654 172.736074104 243.911257767 1.59761838246 5.00488769093 31.5971999488 217.88903621 348.395465824 15271.4330689 51 1434.66218566 39.70028363 96.3046197771 23.29971637 252.337814321 26.6045341767
3192 110.585821397 1611.37090201 177.473845633 244.119482775 0.745992539555 3.63900278073 26.8377602723 224.657761632 351.703564904 16355.6249076 50 1474.0274339 39.6477497404 116.438521688 23.3522502596 212.972566086 23.2964350967
3216 93.0775441958 1403.45492604 175.463278379 244.357408273 1.00460844766 0.385736822546 19.7430731329 234.509173323 354.125139834 17239.3357732 50 1503.15928046 39.6117671723 113.921282607 23.3882328277 183.840719521 20.8748601669
3240 80.4319836736 1239.95871778 178.296910038 244.475043663 0.275118975734 1.47974649323 21.2497322436 232.520358624 356.034911828 17947.2811553 50 1525.19718768 39.5948798004 118.987357125 23.4051201996 161.802812303 18.9650881729
3264 70.8402403281 1104.54564822 178.602417475 244.545443988 0.454056454365 1.48218831933 22.0923247978 231.425986439 357.498347984 18540.2942475 49 1542.4720579 39.5839768909 120.959237957 23.4160231091 144.52794208 17.5016520172
3288 63.3543797374 991.725241649 179.889468771 244.634686904 0.613116434404 1.1824386435 13.6458375902 239.923920427 358.695919644 19041.0795679 48 1556.31299617 39.5807204575 125.473867928 23.4192795425 130.687003816 16.3040803566
3312 57.2738264979 933.122911319 181.619388688 244.730588806 0.651049095937 1.35472446451 13.4465201854 239.817117447 359.435251723 19415.1728743 48 1567.74346475 39.5511801729 131.833431996 23.4488198271 119.25653523 15.5647482785
3336 52.2281038115 857.898438406 180.19938659 244.830670837 0.7828735683 1.4446061701 19.7770806063 233.164768818 360.1763879 19745.9025935 48 1577.41563327 39.5433775012 143.035000387 23.4566224988 109.584366716 14.8236121007
3360 47.9882662077 799.205832607 182.382173097 244.932721018 0.807319907263 0.566534819689 17.4510808956 236.242343359 360.780625806 20015.7193566 47 1585.65796717 39.5340399012 147.007386405 23.4659600988 101.342032809 14.2193741946
3384 44.3662087375 749.704783639 185.639549924 245.026313004 0.790925705344 1.02726633786 7.22495452802 245.930540424 361.254017075 20232.3383459 46 1592.78277949 39.5251237382 151.165103294 23.4748762618 94.2172204893 13.7459829258
3408 41.1996944631 725.406009831 180.797098354 245.113704329 0.778223088683 0.207321648877 13.8687828513 240.031968082 361.566858123 20394.1912814 45 1599.0565525 39.4942270775 149.247684466 23.5057729225 87.9434474803 13.4331418784
3432 38.3744381593 689.46886288 182.978056437 245.195439816 0.773087324809 1.18858699649 8.75085831522 244.092027546 361.837495364 20487.2689063 45 1604.71454097 39.4751759748 169.482424237 23.5248240252 82.2854590112 13.1625046373
3456 35.8470114271 665.931531583 182.502059434 245.276464788 0.80522586237 1.23467700191 12.2744356754 240.409196671 362.011517765 20544.4513215 45 1609.81290282 39.447361372 178.345782803 23.552638628 77.1870971616 12.9884822361
3480 33.6087916551 623.742678558 184.415879681 245.354051495 0.8022779141 0.359797194207 10.3530610241 243.130812372 362.35255611 20604.8841998 45 1614.38608862 39.4506219063 172.217739491 23.5493780937 72.6139113677 12.6474438913
3504 31.6319150826 585.760920278 186.857562421 245.426131212 0.778295195008 0.267511613756 11.4734406705 242.054621308 362.620590158 20621.71907 45 1618.45215025 39.4562848829 180.795608879 23.5437151171 68.5478497337 12.3794098427
3528 29.8909208759 544.987355296 185.153024351 245.491555375 0.774605619095 1.08857846849 6.19580367427 246.449456862 362.941022867 20643.8580976 45 1622.05855478 39.470555261 186.493227911 23.529444739 64.941445205 12.0589771337
3552 28.3267684946 525.839678463 184.703738168 245.552904452 0.751653578779 0.754064745484 6.20466322596 246.736713997 363.087947117 20633.2508334 45 1625.30016886 39.4552915445 189.410452983 23.5447084554 61.6998311244 11.912052884
3576 26.9000939397 502.344786294 188.990750435 245.611220854 0.741613166373 0.276194777521 7.67879981331 245.692171388 363.211574885 20616.4870222 45 1628.2748842 39.4509433472 174.328141525 23.5490566528 58.7251157804 11.7884251162
3600.0 25.5687104881 485.560556587 183.74176689 245.666857256 0.724935802175 0.693014552979 6.03987174855 246.875320639 363.305341329 20557.7212701 75 1631.05642058 39.4349119513 168.960726522 23.5650880487 55.9435794026 11.6946586722
3624 24.4766840983 391.329852165 176.883975796 245.714467529 0.732582189348 0.993639125758 4.8755192342 247.683791921 364.009118257 20650.8581838 75 1633.40650521 39.5753060976 137.592998607 23.4246939024 53.593494775 10.990881744
3648 23.5879511182 350.604447413 175.338729464 245.755006368 0.71923853332 0.315251283772 8.2161484193 244.994355394 364.413694334 20718.757908 74 1635.3029245 39.6532162557 116.397836203 23.3467837443 51.6970754849 10.5863056671
3672 22.7978502321 329.544271905 173.989246796 245.791357932 0.705758864487 0.589746790888 6.55436984418 246.358766567 364.611984703 20764.1667708 72 1636.97870367 39.6832095163 101.536540384 23.3167904837 50.0212963096 10.3880152978
3696 22.0733004805 315.695971195 174.693114022 245.82549297 0.704916082779 0.772765389932 4.3689444919 248.327881064 364.732703883 20790.718476 70 1638.51438876 39.6924872058 91.8001153131 23.3075127942 48.48561122 10.2672961182
3720 21.4016896545 300.757234976 173.322786769 245.858303837 0.712259812946 0.957661061591 5.62568132642 246.846093961 364.862753059 20809.9792091 69 1639.94251474 39.7134146543 85.5824445025 23.2865853457 47.0574852378 10.1372469424
3744 20.7759572954 290.064055839 172.595417852 245.890317956 0.727885607861 1.18974118129 7.29777250993 244.894282743 364.949289617 20819.1677596 68 1641.27335499 39.7200197752 78.4453818673 23.2799802248 45.7266449918 10.0507103838
3768 20.1879123671 284.060943347 173.617282372 245.921272269 0.711312795307 0.441373144015 2.66388886815 250.262152923 365.005802875 20810.1755545 65 1642.52525377 39.7187469474 74.1785843842 23.2812530526 44.474746212 9.99419712665
3792 19.6315452988 272.19839822 173.620144489 245.950899583 0.703568822305 0.624418183742 5.85274048908 246.868372921 365.079172272 20797.6667553 65 1643.71331985 39.7301435807 71.672805771 23.2698564193 43.2866801325 9.92082772883
3816 19.1037370902 266.525762174 172.919623117 245.979654498 0.704202706553 0.782673742009 4.80440861359 247.729060439 365.108132594 20773.7885318 65 1644.84001217 39.724638884 65.3069781781 23.275361116 42.1599878084 9.89186740717
3840 18.6045523204 259.21062006 174.635972835 246.007711572 0.709159393897 0.875882813209 3.57913818774 248.828108031 365.15564677 20737.2549528 64 1645.90902849 39.7296543039 64.7281571432 23.2703456961 41.0909714966 9.84435323119
3864 18.1293722325 252.39932601 176.321802508 246.03538231 0.71754621642 0.998107036806 5.05558763323 247.193376802 365.161553802 20688.2027906 63 1646.92755661 39.732528782 65.3330270375 23.267471218 40.072443371 9.83844619886
3888 17.6700875065 255.754680696 175.311707153 246.063222481 0.726080208524 0.0810583306824 1.527347924 251.602291055 365.133733219 20621.120537 63 1647.90922259 39.6991948069 65.97468724 23.3008051931 39.0907773919 9.86626678268
3912 17.2270333624 245.171833215 176.850395817 246.090435005 0.70354951233 0.175237888775 2.96968036205 250.06109723 365.158955281 20553.3518948 62 1648.86273221 39.7103298318 68.5296109811 23.2896701682 38.1372677699 9.84104472001
3936 16.8079570108 238.334462618 176.166210318 246.116095393 0.686649076148 0.309477480887 4.02850404804 248.859274001 365.198425377 20484.113525 62 1649.76558385 39.7164919684 68.9895825009 23.2835080316 37.234416131 9.80157462452
3960 16.4118769583 228.573686002 173.617923179 246.140432417 0.674468250409 0.368110630593 2.93159821324 249.885390488 365.249015919 20417.7710868 62 1650.6211289 39.7343822147 69.3438961916 23.2656177853 36.3788710828 9.75098408228
3984 16.0284614977 228.874852637 174.797590647 246.164180488 0.665751881026 0.482593932867 3.6349582487 249.052515448 365.223844229 20331.9249752 61 1651.44647695 39.7145779775 68.3428105503 23.2854220225 35.5535230292 9.77615577248
4008 15.6562019353 227.63472956 172.977693224 246.187559927 0.661516913226 0.598198331362 3.26980338346 249.282921444 365.201460869 20236.1284471 61 1652.2488957 39.6960515999 73.7021829368 23.3039484001 34.7511042871 9.79853913203
4032 15.2957079664 222.821436238 172.941985605 246.210659856 0.661308176372 0.707025507925 3.82876320898 248.592243249 365.196773276 20135.3623596 61 1653.02863531 39.6964924301 79.5872339336 23.3035075699 33.9713646756 9.80322672539
4056 14.9516645901 218.36477247 174.827551584 246.233267851 0.66394215972 0.752761527855 1.29899070458 251.051037756 365.188427627 20029.8659667 59 1653.77433313 39.7005369822 83.9406251249 23.2994630178 33.2256668531 9.81157237378
4080 14.6160200499 215.474907302 175.177838486 246.255938965 0.667821805498 0.825614516388 3.6930263587 248.557598354 365.144796968 19918.8986729 57 1654.50024363 39.6846577807 83.7953056549 23.3153422193 32.4997563483 9.85520303277
4104 14.2932728179 209.217723023 175.882181533 246.278411011 0.674514154747 0.912466109239 2.90783530634 249.226773417 365.147150785 19803.121882 54 1655.20144376 39.6910603653 87.5570000587 23.3089396347 31.7985562192 9.85284921656
4128 13.9834854349 209.805916541 174.518730636 246.300719782 0.683258758646 0.97595550202 2.00433352474 250.035732431 365.11500921 19679.3330677 54 1655.87322018 39.6734518847 91.6451745416 23.3265481153 31.1267798036 9.88499079156
4152 13.6721646756 209.866532821 175.702092553 246.323971285 0.693949008623 1.03791076262 4.32302649714 247.621142445 365.038055493 19537.9050379 54 1656.54743221 39.6468021505 98.9970663918 23.3531978495 30.4525677682 9.96194450799
4176 13.3731168947 209.380608563 175.128808996 246.347197314 0.706852418345 1.14152761676 4.3990558302 247.405366819 365.015467253 19397.6480115 53 1657.19876793 39.6441351881 102.74344793 23.3558648119 29.8012320494 9.98453274834
4200 13.0792348639 203.418481562 177.501883136 246.370641526 0.696040485781 0.285071932425 6.50473048345 246.143515571 364.959596224 19252.3850137 52 1657.83919952 39.6482004134 104.286461408 23.3517995866 29.1608004668 10.0404037774
4224 12.7915766288 203.97016228 174.841614636 246.393652914 0.684108510443 0.366644317172 1.7456357763 250.809958481 364.895289037 19093.5654602 52 1658.46421874 39.6170387987 112.264730254 23.3829612013 28.5357812474 10.1047109638
4248 12.5162721355 197.017325367 176.618157581 246.415826759 0.675316589064 0.463830139384 4.76527108688 247.679755424 364.874962077 18948.7292788 52 1659.06682027 39.6309953888 107.18567603 23.3690046112 27.933179712 10.1250379238
4272 12.2522499677 189.766635575 175.692774142 246.437330129 0.6699758641 0.557055310897 4.61809998705 247.717538708 364.864824214 18797.4526035 51 1659.64481071 39.645466926 109.650346551 23.354533074 27.3551892719 10.1351757873
4296 11.9995701122 186.880373408 179.693755116 246.458237468 0.668352081695 0.670037591413 3.23895412701 248.964418731 364.816697427 18633.1850962 49 1660.19799067 39.6478090417 114.404866782 23.3521909583 26.8020093125 10.1833025742
4320.0 11.7489544206 189.161456457 179.892414162 246.479410577 0.669517215241 0.733264416564 2.05107638517 250.066731405 364.695547036 18453.4616175 78 1660.74377293 39.6119151085 123.230729062 23.3880848915 26.2562270548 10.3044529652
4344 11.5178561628 168.07931559 176.133959203 246.499395417 0.672091413031 0.796558703541 4.39107773053 247.640876735 364.764038613 18328.9904146 77 1661.256856 39.7075928181 111.672014857 23.2924071819 25.7431439843 10.2359613881
4368 11.3060561974 160.013741818 173.476611632 246.518160792 0.676241030621 0.855879016936 3.24212708725 248.707592072 364.802666386 18197.2984851 76 1661.72357608 39.7434167837 103.911811177 23.2565832163 25.2764239093 10.1973336153
4392 11.1058977379 154.575307904 171.807674185 246.536351829 0.681810920369 0.903325612147 1.84914419713 250.02936744 364.810991421 18065.2783848 74 1662.16395086 39.7651523663 96.4364934923 23.2348476337 24.8360491293 10.1890085804
4416 10.9118861727 150.762226829 173.122967072 246.554455135 0.68796584215 0.94762580955 4.36984966465 247.440103548 364.766295851 17922.5158964 74 1662.59008854 39.7731217108 91.941814901 23.2268782892 24.4099114462 10.2337041506
4440 10.7255489508 146.777857735 171.714471406 246.572317558 0.692129541224 0.0136793518548 2.70159935009 250.020274198 364.744941631 17781.4252635 73 1662.99995969 39.7857750732 88.1180204437 23.2142249268 24.000040294 10.2550583703
4464 10.5453401491 144.608082224 171.199629269 246.589697861 0.675843715755 0.0840317202484 2.9813465187 249.669080184 364.703086005 17636.2342374 73 1663.39599409 39.7861331203 84.8520119889 23.2138668797 23.6040058921 10.2969139964
4488.0 1010.37085369 141.816049084 170.143795246 246.606436231 0.662092369362 0.144233882054 1.17715515914 251.410082357 364.671573322 17492.8688545 73 1663.78006725 39.7944636546 79.3370415562 23.2055363454 23.2199327367 10.3284266794
4512 828.72488093 3271.5707083 152.872021573 246.815950758 0.860425417578 3.29788930992 27.7353167657 221.290417747 348.705553594 22931.6024979 72 952.784178967 42.119844675 25.4234806236 20.880155325 734.21582102 26.2944464074
4536 628.134002159 3876.82669855 160.734062598 247.160063559 0.757069257912 5.85566765527 28.7337079973 217.493491529 348.5755898 27440.0118567 72 1028.57316516 40.9133335778 38.2870294879 22.0866664222 658.426834824 26.424410201
4560 485.04433728 3833.79687885 165.371586854 247.698664661 0.59197922529 7.61131904404 32.5079420436 211.590095024 351.193720127 31382.2722779 70 1104.16743643 40.4357910782 38.8312549545 22.5642089218 582.83256356 23.8062798747
4584 386.894848956 3592.86564135 168.188447869 248.167844597 1.03078324311 6.60891283787 24.8158457756 219.376613545 353.967791549 34771.1321668 68 1171.17659801 40.1792944756 49.1099439876 22.8207055244 515.823401972 21.032208452
4608 318.593838509 3270.12789503 170.509083511 248.50604022 0.694853582966 2.13225051233 27.7431991072 220.923656576 356.53965915 37753.3011158 68 1227.72336361 40.038379739 51.0399172451 22.961620261 459.276636381 18.4603408511
4632 269.615179075 2974.16888846 172.259897913 248.738143829 1.08380367433 2.11439224345 20.6266599792 227.437000273 358.625649119 40369.9964734 67 1274.52167692 39.9439947278 56.381796836 23.0560052722 412.478323066 16.3743508828
4656 233.23640873 2710.88657327 173.498341511 248.859541058 0.339988668492 2.60948394639 24.992863573 223.198122752 360.329322302 42696.3759239 67 1313.30893811 39.8797858814 59.728194312 23.1202141186 373.691061872 14.6706776994
4680 205.32305455 2502.71733646 173.831250132 248.951574114 0.573047454427 1.19095750606 19.7733262719 229.511094652 361.661768534 44751.6142337 66 1345.70498286 39.8256422388 58.6946222057 23.1743577612 341.295017129 13.3382314677
4704 183.308352508 2303.28495812 174.655814463 249.057199867 0.69948033802 0.982981445289 17.0880067098 232.172331639 362.817508448 46617.2459267 66 1373.08721487 39.7925996697 61.3143585772 23.2074003303 313.912785113 12.1824915531
4728 165.582390941 2137.48396422 175.512479685 249.167155861 0.777771240242 2.07612066978 14.5005646298 233.478387597 363.744800793 48295.7131848 66 1396.385777 39.7631512206 68.3201710197 23.2368487794 290.61422299 11.2551992081
4752 151.085257557 1978.99598344 176.533975988 249.278516802 0.837232035905 0.634396049649 13.2263703838 236.023484728 364.5758719 49856.2654632 66 1416.35585113 39.7479644236 61.2323090762 23.2520355764 270.644148858 10.4241281018
4776 138.997160371 1853.24564518 177.436888444 249.382032399 0.824335478841 1.17512696947 13.1249165694 235.493588582 365.235795471 51266.6317714 66 1433.64578705 39.7285627644 60.5608295009 23.2714372356 253.354212936 9.7642045308
4800 128.749546039 1743.81329625 176.90723936 249.479777049 0.870941301242 1.39323234783 11.942590255 236.313459046 365.805604689 52565.8449536 66 1448.79240206 39.7125813761 59.1207927014 23.2874186239 238.207597923 9.19439531213
4824 119.945089952 1668.63869065 178.038124772 249.574175418 0.908400335719 1.53473632327 8.78309625617 239.199591666 366.251849297 53730.991127 64 1462.16663651 39.68990006 70.6636230718 23.31009994 224.833363479 8.74815070487
4848 112.236070915 1570.86049938 179.964525217 249.665095711 0.897764324647 0.545006477675 9.37983796115 239.512295524 366.680080978 54844.1057827 64 1474.1852807 39.6810043422 62.0051005763 23.3189956578 212.814719292 8.31991902334
4872 105.531843963 1498.91245787 178.00878724 249.747443247 0.89373316787 1.14177624785 5.99304123885 242.224006097 367.064805927 55869.2654249 63 1484.86547201 39.6686001858 64.6713804571 23.3313998142 202.134527979 7.93519407393
4896 99.5937348874 1422.56458967 179.282209561 249.826098968 0.905076824615 0.758783688153 10.1464918632 238.363548655 367.406616629 56824.0691378 63 1494.51301632 39.662504982 68.3872846068 23.337495018 192.486983669 7.59338337241
4920 94.344067661 1358.479371 181.911199578 249.899139903 0.881713092252 0.409501115412 9.94073870858 238.868907179 367.70713231 57726.73632 62 1503.18968436 39.6555213473 63.0403552457 23.3444786527 183.81031563 7.29286769124
4944 89.6424818195 1299.78251396 180.86345306 249.966069081 0.871546004139 1.00473576907 6.68789842808 241.469750716 367.985526404 58558.234549 62 1511.08152711 39.6508093856 81.8517445426 23.3491906144 175.918472877 7.0144735978
4968 85.3812553595 1256.46325126 181.038326159 250.028706471 0.838594766808 0.452424724943 5.90454932577 242.77572471 368.187876052 59338.9673115 62 1518.32455771 39.6359702818 85.5930704243 23.3640297182 168.675442274 6.81212394968
4992 81.5055164513 1209.06521122 177.584852294 250.086582091 0.82773672855 0.87379576502 6.27983224337 241.932053171 368.409908108 60087.5534201 62 1525.00313649 39.6284116537 82.8295615088 23.3715883463 161.996863495 6.59009189311
5016 77.9757851247 1164.70123537 181.88075306 250.141052627 0.804609617563 0.427032860612 8.6194618453 240.007843048 368.597822452 60782.1380506 62 1531.15758682 39.6221280856 79.3044649336 23.3778719144 155.842413162 6.4021775491
5040.0 74.7529061395 1120.36037073 179.495094276 250.191489956 0.793452050316 0.870934965216 9.3817180455 238.762404981 368.78584318 61434.8660925 92 1536.83873771 39.6184334133 88.4197806632 23.3815665867 150.161262277 6.21415682158
5064 71.8665398766 1040.45002508 177.008775649 250.238668109 0.806158800133 1.13415096109 6.38223792833 241.4387842 369.057790367 62147.6141501 91 1542.00112954 39.6513133351 62.741028551 23.3486866649 144.998870449 5.9422096348
5088 69.2845231564 984.519081175 176.376452184 250.282295536 0.782225781653 0.388196261856 4.47809491092 244.069187508 369.28422694 62815.07406 90 1546.65048156 39.6710979213 48.2409046311 23.3289020787 140.349518423 5.71577306134
5112 66.9316555098 941.28850713 175.732488343 250.322409341 0.767886146399 0.605081702679 3.86728184869 244.437340959 369.461463395 63446.9764587 89 1550.91428817 39.6816727856 40.4029619353 23.3183272144 136.085711814 5.53853660707
5136 64.7655225138 909.822563511 176.157782939 250.360188134 0.76503174229 0.818325073002 5.61838717745 242.438067872 369.59989612 64044.3223962 88 1554.86363061 39.6836295015 34.7352530037 23.3163704985 132.136369381 5.40010388194
5160 62.7444686295 888.452692819 175.667716179 250.396690292 0.771105943718 0.964607568582 4.03221166472 243.835384529 369.709871058 64601.3092938 87 1558.56931291 39.6780608646 34.0565885878 23.3219391354 128.430687079 5.29012894365
5184 60.8536982942 858.938961345 175.505992854 250.432282799 0.772942483981 0.192743131846 4.88322516707 243.718806417 369.828940313 65141.5407894 85 1562.0613098 39.6803910559 33.3468142476 23.3196089441 124.938690186 5.17105968904
5208 59.0866626883 838.035463873 175.45861052 250.465954998 0.752278256557 0.396210822327 6.43400293192 241.95155299 369.929176742 65653.310185 83 1565.34197722 39.6771189607 32.8559111315 23.3228810393 121.658022763 5.07082325953
5232 57.4256912539 814.575649225 175.461566646 250.497860427 0.740842736404 0.551504780298 2.70202580348 245.507766251 370.022893265 66143.3020042 83 1568.44330695 39.6759546173 35.2937917587 23.3240453827 118.556693037 4.97710673704
5256 55.860428188 798.434842879 175.488921224 250.528437312 0.735111914954 0.654056532318 2.73386910999 245.348525128 370.103598462 66607.1736541 81 1571.37967475 39.6697538889 36.2389482079 23.3302461111 115.620325233 4.89640153984
5280 54.3775413315 780.435267905 176.515165241 250.558064371 0.733805850708 0.752088472186 3.49066590235 244.465375402 370.179432608 67047.8953731 81 1574.17582879 39.6656877572 38.8193392016 23.3343122428 112.824171192 4.82056739358
5304 52.9742964532 761.068939678 176.808358027 250.586876874 0.736073367148 0.83494473584 3.98460153835 243.857503483 370.255932915 67473.6866942 80 1576.83539137 39.6648532741 38.7990924777 23.3351467259 110.164608617 4.74406708679
5328 51.6473739605 744.506156149 176.875350667 250.61499145 0.74265324912 0.99732737703 5.01757684807 242.627451074 370.328219862 67879.6432002 80 1579.36136651 39.6631273118 39.0451951829 23.3368726882 107.638633472 4.67178013956
5352 50.3849703554 730.244435504 176.102406804 250.642710961 0.744005118541 0.140765839366 4.87233619009 243.600181889 370.390405218 68265.7588862 80 1581.77346812 39.6580358486 38.4652582446 23.3419641514 105.226531869 4.60959478369
5376 49.1827963933 719.453808623 175.852447424 250.669294842 0.72441910456 0.243172467444 4.65206664352 243.711046941 370.446053898 68628.5161277 80 1584.07935721 39.6502523427 39.3549658924 23.3497476573 102.920642776 4.55394610375
5400 48.0359141268 701.841123814 176.361558744 250.694666566 0.710330670238 0.398033727458 3.10709352989 245.089875504 370.509010774 68981.8447278 79 1586.2897489 39.6509046201 37.4981568191 23.3490953799 100.710251088 4.49098922713
5424 46.9494632012 684.86015804 177.189875227 250.718885769 0.702106955501 0.540549546225 5.30454235552 242.733915371 370.574533694 69318.6327023 77 1588.39228271 39.65397458 39.7157606736 23.34602542 98.6077172774 4.42546630788
5448 45.9117851844 673.351688639 176.974445638 250.742361797 0.699167947009 0.678714144712 4.29985756843 243.579898541 370.623586866 69637.4884079 77 1590.4051192 39.6487044146 41.13607875 23.3512955854 96.594880783 4.37641313564
5472 44.9182236186 659.158186715 176.690088108 250.765315647 0.700386486954 0.795210273846 2.15100427171 245.588083319 370.673622041 69942.8740996 77 1592.33953124 39.6466436895 42.8953560712 23.3533563105 94.6604687492 4.32637796032
5496 43.9690380338 648.503669029 177.298288992 250.787810668 0.704264220967 0.858357301292 3.90742365879 243.742144148 370.723304779 70234.1306397 74 1594.1938689 39.6448290709 42.2051200012 23.3551709291 92.8061310876 4.27669522241
5520 43.057924163 638.764312797 177.262825243 250.810018876 0.710146517419 0.923822127932 3.49720599759 244.058806479 370.764848351 70505.6695673 73 1595.97813443 39.6390616676 47.1987445018 23.3609383324 91.0218655594 4.23515165073
5544 42.1815220858 628.258837119 176.94671682 250.832035761 0.717677529082 0.986689718944 2.94699510504 244.516601884 370.806937604 70768.1619475 72 1597.70024328 39.6361630142 48.686262907 23.3638369858 89.2997567084 4.19306239792
5568 41.3410790369 617.95237943 176.804833735 250.853730394 0.71253130232 0.0745350648948 4.22162205231 244.137581185 370.847432276 71017.2200918 71 1599.35631138 39.6319368512 52.5041038734 23.3680631488 87.6436886061 4.15256772584
5592 40.5337040044 606.41712522 176.258430928 250.874544659 0.694920041188 0.130401947973 1.44996050326 246.850172847 370.889953964 71258.3545313 71 1600.9521318 39.6314504699 55.5958815835 23.3685495301 86.0478681822 4.11004603736
5616 39.7577584725 599.020269507 176.656011513 250.894461567 0.679275374658 0.181398287072 4.53789696512 243.706967804 370.924904791 71485.1849775 68 1602.48913517 39.6260787761 57.7669506254 23.3739212239 84.5108648169 4.07509521076
5640 39.005866329 595.957300652 176.2709317 250.913729823 0.666868724974 0.286204696946 2.42239649878 245.710800255 370.946180394 71694.0446531 68 1603.98076072 39.6144668144 59.0851630771 23.3855331856 83.0192392694 4.05381960778
5664 38.2773642315 584.309775512 176.933273361 250.932450571 0.657621765461 0.386679132902 4.21820652109 243.805042008 370.981885812 71892.7600394 68 1605.43204266 39.6151741 64.0185487545 23.3848259 81.5679573248 4.01811418953
5688 37.5743696156 575.902023371 176.426046665 250.950642678 0.651271589982 0.455888795387 2.95109716898 244.991099766 371.009432946 72086.4474798 68 1606.83463764 39.6090922266 61.7784065353 23.3909077734 80.1653623507 3.99056705546
5712 36.8947543503 569.244051991 177.809854613 250.968409423 0.64684693005 0.515838794733 2.59192558738 245.276979262 371.034495454 72257.6099138 68 1608.19401248 39.6042067855 67.1849328167 23.3957932145 78.8059875105 3.96550454761
5736 36.2429323661 557.420280832 177.626781465 250.985666597 0.644313850087 0.575293976169 1.06983427505 246.7248913 371.076320445 72437.5850265 68 1609.50279841 39.6103369978 63.2115785633 23.3896630022 77.4972015741 3.9236795565
5760.0 35.6158748608 550.223131233 178.411354996 251.002514039 0.642934730753 0.61035116019 0.455292853086 247.288907215 371.105722193 72594.6850257 96 1610.76304727 39.6070318455 68.910138656 23.3929681545 76.2369527161 3.89427780837
5784 35.0158027522 529.036159683 176.921774298 251.018892712 0.642397577814 0.640528497625 2.67727199239 245.020909218 371.141619507 72780.3896171 96 1611.97471636 39.6249533642 59.2618415259 23.3750466358 75.0252836259 3.85838049407
5808 34.4471177931 511.893508237 176.300550177 251.034676822 0.643163925828 0.70883876668 3.59029768119 244.023022802 371.196114443 72959.9703938 96 1613.12522026 39.6415117543 52.2226502144 23.3584882457 73.8747797291 3.80388555794
5832 33.9035198536 500.50432891 176.0323572 251.050047755 0.645547504171 0.781185125235 4.3170340156 243.206185598 371.234754019 73129.2893146 96 1614.22551244 39.6486300751 46.3546604204 23.3513699249 72.7744875465 3.76524598239
5856 33.3786797487 493.408975889 176.846585103 251.065194319 0.648995167076 0.808963297289 2.01635050321 245.460496712 371.260695489 73285.3960877 94 1615.28848173 39.6476474761 40.9388833434 23.3523525239 71.7115182568 3.73930451223
5880 32.8713113674 486.636721834 176.818350138 251.080150697 0.653018641169 0.836778239519 2.6080855531 244.821966867 371.287215976 73430.0757983 91 1616.31807828 39.6478449172 39.4431238149 23.3521550828 70.6819217104 3.71278402532
5904 32.3802081231 476.636420256 176.206916337 251.094944824 0.65749834988 0.870381102805 2.08854792101 245.288627801 371.31906223 73572.1696184 90 1617.31682419 39.6528212654 38.2468931943 23.3471787346 69.6831757989 3.68093777142
5928.0 1031.90421327 471.879263948 176.739047287 251.109606975 0.662834252277 0.939690035631 4.40427521212 242.883593523 371.337987599 73701.8564186 89 1618.28541276 39.6491581499 36.4062878792 23.3508418501 68.7145872261 3.66201240213
5952 960.303838328 3666.99445772 157.888343903 251.183539246 0.717407143053 1.51585770285 9.63565462881 236.947541277 364.97013705 79218.0133132 89 918.459098678 42.1794691967 15.4125058053 20.8205308033 768.540901308 10.0298629515
5976 857.551966383 4541.47188166 161.99513719 251.313893 0.805032556139 1.87236973373 19.3645776607 226.644127047 363.425164952 84185.7440316 87 946.857006012 41.2248026735 16.1643589191 21.7751973265 740.142993974 11.5748350496
6000 761.342372048 4732.35216795 165.258084836 251.473078298 0.988375557603 1.69494635862 15.9090807852 229.934518998 363.529796282 88909.7333305 86 978.595144279 40.8625276898 23.957084457 22.1374723102 708.404855707 11.470203719
6024 678.90003609 4673.6490528 168.182636634 251.634988169 0.169932313793 1.24909878722 16.3186559754 230.627324753 364.10943926 93417.4156608 86 1010.48799125 40.6595053133 22.7032090818 22.3404946867 676.512008735 10.8905607406
6048 609.830585785 4523.25952176 169.050453862 251.682136595 0.398975194133 1.74540891351 14.4187903108 231.754688985 364.79860308 97698.8688666 86 1041.22250043 40.5229732954 23.3292244738 22.4770267046 645.777499552 10.2013969208
6072 551.995822535 4356.46501385 169.937757666 251.750007848 0.500885491037 1.42209562154 11.5972070113 234.729804026 365.460200851 101764.504474 86 1070.29292548 40.4173934995 26.321748431 22.5826065005 616.707074504 9.53979914974
6096 503.224457544 4182.53316764 170.718976101 251.824048292 0.582289617676 0.775265213832 11.7917789995 235.026617875 366.070695578 105633.437033 85 1097.56454522 40.3332199207 24.3055274924 22.6667800793 589.435454764 8.92930442328
6120 461.720322345 4018.7617619 171.387221577 251.89904692 0.585267181325 1.00078533228 10.0703457788 236.444554785 366.61816528 109302.605934 84 1123.04635346 40.2624591784 29.3686491891 22.7375408216 563.953646523 8.38183472163
6144 426.117430191 3850.9312664 171.94957643 251.969088069 0.592733704029 1.16688558194 10.2944593655 235.976833278 367.119761751 112816.81917 83 1146.79088922 40.2056273186 30.3973855875 22.7943726814 540.209110767 7.88023825021
6168 395.346766757 3709.59617859 174.177503644 252.036448107 0.60683791339 0.314649153565 10.5689612152 236.473103609 367.556048318 116157.079118 82 1168.86532023 40.1525941073 25.6713013383 22.8474058927 518.134679752 7.44395168339
6192 368.475353996 3567.53004686 173.492049061 252.100565344 0.611096794599 0.306945978038 11.4928093583 235.488582523 367.951171513 119339.042237 82 1189.44549584 40.1080057422 26.7716655946 22.8919942578 497.55450415 7.04882848816
6216 344.930039722 3426.21384556 173.436281957 252.161075827 0.623988437183 1.15126366273 11.0745185243 234.989153547 368.324611285 122389.311872 82 1208.57148957 40.0731252638 29.5972512454 22.9268747362 478.428510416 6.67538871579
6240 324.104656629 3310.7842218 174.081238435 252.220147475 0.633838635702 0.858561513711 10.5426572802 235.744795094 368.639303322 125296.046631 81 1226.39450176 40.0363616083 29.8776760073 22.9636383917 460.60549823 6.36069667933
6264 305.59767114 3193.94414617 174.004634282 252.276139556 0.625605639969 0.515950989789 7.87923476471 238.703069048 368.936327746 128089.371316 80 1243.01011533 40.0063419873 32.3296167156 22.9936580127 443.989884653 6.06367225475
6288 289.045125738 3090.00915162 174.68172125 252.328759368 0.634308778299 0.234848817744 9.89504906361 236.907033971 369.203365206 130760.385354 78 1258.5271663 39.978886153 37.0642745282 23.021113847 428.47283369 5.79663479526
6312 274.128578007 2992.56283023 175.102703568 252.378565798 0.625987284911 0.764316089488 3.34438957491 242.886741251 369.438404814 133324.30522 77 1273.07084121 39.9520331753 37.23171428 23.0479668247 413.929158779 5.5615951874
6336 260.62843334 2911.27457237 174.810799053 252.426563144 0.636626783952 0.0725930829569 6.2600065562 240.604210431 369.649891298 135771.17254 77 1286.71671105 39.925405122 40.4185704725 23.074594878 400.283288937 5.35010870333
6360 248.370764271 2816.66804003 174.816586847 252.471544693 0.614356632605 0.566059038051 9.0479196009 237.300120033 369.859536089 138146.391685 77 1299.53256108 39.9067053012 39.30163736 23.0932946988 387.467438907 5.14046391203
6384 237.232478562 2719.42129547 175.43154717 252.514135672 0.628225475128 0.993798527974 4.01470227394 241.849138049 370.062443992 140440.389858 77 1311.54430648 39.8933706029 36.27807678 23.1066293971 375.455693504 4.93755600898
6408 227.073371544 2640.89973776 175.20874561 252.555401128 0.617897841184 0.319451918607 8.47568446508 238.031564645 370.241200569 142638.842711 77 1322.80973628 39.8772899853 42.2016086797 23.1227100147 364.190263704 4.7587994325
6432 217.747344773 2573.83496839 176.729453313 252.594050394 0.61645841821 0.845809534093 5.83741651193 240.10626514 370.393150025 144759.186565 75 1333.42067251 39.8581389112 42.6007293523 23.1418610888 353.579327479 4.60684997652
6456 209.142677591 2500.11202387 176.769505443 252.631966438 0.641123047942 1.23983614272 7.78522922017 237.70184515 370.541121105 146809.81311 75 1343.4550176 39.8444532379 45.41270594 23.1555467621 343.544982383 4.45887889631
6480.0 201.200987098 2437.79442924 176.952090628 252.669633324 0.646576357612 0.568740908156 5.32360952239 240.791439886 370.680320544 148789.004962 104 1352.92817829 39.8307654475 41.3934385608 23.1692345525 334.071821696 4.31967945686
6504 193.909798778 2333.40735306 176.021259942 252.705466337 0.650283436399 0.856123620592 6.28730869222 239.500817912 370.84723605 150768.616616 103 1361.82662068 39.8371378677 26.6872150897 23.1628621323 325.173379302 4.15276395107
6528 187.225274482 2252.38723987 175.675287675 252.740069086 0.666220991727 1.03003739823 3.76518456223 241.79848796 370.999590045 152682.282697 99 1370.13981043 39.8381850863 20.8449069568 23.1618149137 316.860189558 4.00040995586
6552 181.04142793 2187.12374564 175.570471729 252.773074283 0.643312195509 0.25742155597 5.70324309009 240.622948873 371.126158548 154535.301497 98 1377.96536966 39.8335929407 18.3471093587 23.1664070593 309.034630324 3.87384145242
6576 175.284005585 2133.07831514 176.437457539 252.803912933 0.630643902848 0.458971940735 3.19898706495 242.907484157 371.235092292 156329.0171 96 1385.37245163 39.8260222275 18.0486950765 23.1739777725 301.627548358 3.76490770848
6600 169.900597507 2081.68078942 175.929178046 252.833295394 0.626640093329 0.644240240404 7.28879492827 238.607029342 371.337185358 158072.598663 94 1392.40882097 39.8188006657 19.558414012 23.1811993343 294.591179014 3.6628146426
6624 164.84611081 2038.98681949 175.795472628 252.861750199 0.630622253781 0.805264404893 6.03742316392 239.664939976 371.425872048 159754.003223 93 1399.11249915 39.8088716008 26.4262721945 23.1911283992 287.887500832 3.57412795302
6648 160.09433573 1993.43285512 175.790650978 252.889640953 0.641834547964 0.971774243048 4.40146465006 241.095285604 371.512352204 161404.729068 92 1405.50545685 39.8009831453 23.4193391567 23.1990168547 281.494543137 3.48764779731
6672 155.618522507 1952.10889539 176.470170321 252.917270011 0.657922785346 1.07447671637 3.54713524863 241.803195237 371.593856873 163002.461879 91 1411.60849387 39.7938608839 23.9867906872 23.2061391161 275.39150612 3.40614312751
6696 151.396139891 1910.69439695 176.531763102 252.944131582 0.641822071261 0.247950236101 3.33554121051 242.830554898 371.670768154 164560.647494 91 1417.43930037 39.7869562385 21.6822953151 23.2130437615 269.560699616 3.32923184669
6720 147.41071335 1868.66918127 176.171721309 252.969530845 0.628393549529 0.345878096935 1.96399591761 244.092201589 371.748087776 166079.14829 90 1423.01061311 39.7822888484 23.5177611901 23.2177111516 263.98938688 3.25191222468
6744 143.638579959 1835.3671076 176.60427391 252.993785613 0.620237471682 0.489095416215 4.2099644064 241.68691709 371.81235374 167552.689245 88 1428.34172661 39.773368616 23.5644099595 23.226631384 258.658273375 3.18764626057
6768 140.057443024 1801.7835359 177.585784782 253.017205528 0.617220678824 0.586535946074 2.28449572295 243.494542122 371.876150657 168983.969548 87 1433.45939947 39.7666949849 26.7099796047 23.2333050151 253.540600515 3.12384934415
6792 136.651405078 1771.38979734 177.66296567 253.039991484 0.617477216436 0.693387800606 6.09933043557 239.549813061 371.934954991 170376.652396 86 1438.37688577 39.7591302751 28.7784175694 23.2408697249 248.623114215 3.06504501021
6816 133.410941518 1737.64432881 176.743407052 253.062294415 0.62208357085 0.787663474184 2.69755482584 242.830403712 371.993643478 171740.741064 86 1443.10291003 39.7533063331 28.1338436194 23.2466936669 243.897089956 3.00635652313
6840 130.329411382 1703.66303602 176.432095247 253.084214571 0.628975547203 0.85911130291 2.10193954462 243.325759033 372.053438967 173072.446205 84 1447.64087135 39.7496277981 29.9194220033 23.2503722019 239.359128636 2.94656103397
6864 127.391531341 1677.42468094 177.283623616 253.10586983 0.637622265751 0.906930161761 1.33785845462 244.011719286 372.104634525 174365.5945 83 1452.00516493 39.7428610308 28.6023031776 23.2571389692 234.994835058 2.89536547629
6888 124.589566632 1645.67154869 177.18777428 253.127301895 0.64771188096 0.992022748336 3.28785720024 241.945106273 372.157316396 175630.970856 83 1456.20520596 39.7393876528 33.5856129166 23.2606123472 230.794794027 2.84268360464
6912 121.921416411 1617.927358 177.114995223 253.148183989 0.634132063036 0.0895322548573 3.06621869694 243.061932994 372.208880682 176873.57471 82 1460.2379857 39.7358770322 34.0534363681 23.2641229678 226.762014281 2.79111931867
6936 119.362926046 1594.38601959 176.679213035 253.168101314 0.618666077316 0.189862903026 2.68484140356 243.338528301 372.251762999 178079.518518 81 1464.13400512 39.7286036 35.978899629 23.2713964 222.865994871 2.7482370015
6960 116.90401555 1572.83595298 178.423942442 253.187225929 0.606778872434 0.259712975056 1.21087561726 244.735406605 372.288926114 179245.919102 79 1467.90671533 39.720599583 40.1719451399 23.279400417 219.09328466 2.71107388709
6984 114.551195623 1549.60864424 177.22193842 253.205579689 0.59718516236 0.316006605504 1.58043788034 244.300790661 372.333598616 180400.085621 78 1471.54517985 39.7161641227 36.2164049732 23.2838358773 215.454820131 2.66640138478
7008 112.288842927 1528.86314418 179.057161013 253.223335933 0.590259749717 0.411095071001 1.72408764214 244.051221603 372.368284156 181514.465003 77 1475.06702529 39.708779727 36.5818738172 23.291220273 211.932974692 2.63171584438
7032 110.114733285 1507.21490272 177.51939383 253.240580867 0.586174408868 0.484803711473 2.75703360663 242.931407404 372.408629165 182601.198234 75 1478.47611479 39.7045467609 42.9185166791 23.2954532391 208.523885192 2.59137083609
7056 108.022810527 1480.92696034 178.333517477 253.257412378 0.584160308592 0.544657090996 1.67523314869 243.938537072 372.446460052 183673.831922 74 1481.77830467 39.7016421832 42.4705367545 23.2983578168 205.221695318 2.55353994911
7080 106.012695485 1470.57303553 178.009440805 253.273864103 0.584014779902 0.620373853342 4.41025572748 241.111491535 372.476440305 184709.513798 73 1484.9694421 39.6918111211 39.8763341684 23.3081888789 202.030557885 2.52355969545
7104 104.068335754 1457.13473248 178.134435098 253.290100436 0.585664536769 0.671482452869 4.08867833118 241.364074242 372.504372713 185710.655364 72 1488.07525654 39.6832982311 46.4147759521 23.3167017689 198.924743445 2.49562728821
7128 102.188199065 1436.97480738 179.131720525 253.30615724 0.588799427928 0.716656794265 1.67133845578 243.71704808 372.533675955 186694.887377 72 1491.09765401 39.6783171677 49.0550759014 23.3216828323 195.902345972 2.46632404537
7152 100.380128012 1416.23862383 179.262970703 253.321976756 0.593060947152 0.790295513735 3.05373739541 242.240929386 372.567999388 187662.529123 72 1494.02210174 39.6755655328 52.1111744244 23.3244344672 192.977898246 2.43200061307
7176 98.6318847432 1401.15336294 179.422732853 253.337679336 0.598743116475 0.836187051621 3.38297220559 241.844418288 372.593528437 188606.598078 72 1496.86386818 39.6684533135 48.2322500715 23.3315466865 190.136131803 2.40647156403
7200.0 96.9498358246 1377.92946322 178.500699372 253.35321277 0.605473830244 0.875648093211 1.58574537393 243.579919931 372.631443553 189537.41955 102 1499.61574068 39.6699530606 50.6689878953 23.3300469394 187.384259306 2.36855644758
7224 95.340749041 1332.03866533 177.466898883 253.368502697 0.612880389753 0.933085889024 0.579261096415 244.506269926 372.675022277 190495.401495 99 1502.26568155 39.6835462077 39.7431703857 23.3164537923 184.734318438 2.32497772355
7248 93.8119615034 1297.64963122 177.771808452 253.383456921 0.620569497334 0.934532027644 0.47347708846 244.587964464 372.722803924 191436.217667 95 1504.79519678 39.694300533 32.5224787283 23.305699467 182.204803202 2.27719607655
7272 92.3465326835 1275.49633781 177.11981694 253.398199669 0.628001706693 0.950721666343 2.18382983583 242.839247121 372.757641729 192354.878353 94 1507.22861009 39.6963547173 26.7855468369 23.3036452827 179.771389892 2.24235827124
7296 90.9308471372 1256.82883904 176.88944311 253.412839998 0.635601815322 0.97573413825 3.76685058019 241.208973466 372.785632027 193249.773594 94 1509.5891277 39.6955445033 24.7474284326 23.3044554967 177.410872285 2.21436797374
7320 89.5643511511 1241.9330593 176.805896966 253.42735581 0.639000296277 0.0272884273073 3.19602442675 242.710331038 372.813208784 194124.916437 92 1511.87767688 39.6941384355 25.8998920241 23.3058615645 175.122323109 2.18679121679
7344 88.2365690141 1227.40486276 177.671300597 253.441525192 0.626208815721 0.0931728088428 2.56996435723 243.269128825 372.834306216 194980.196045 90 1514.10983863 39.6895535918 25.8212094541 23.3104464082 172.890161358 2.16569378418
7368 86.9510880941 1211.5415586 177.127757385 253.455184741 0.614909865612 0.117254917544 1.92854882421 243.88410165 372.859595396 195819.071827 90 1516.28095419 39.6884344214 31.4585441419 23.3115655786 170.719045797 2.14040460503
7392 85.7043295987 1198.53281876 176.944119996 253.468393265 0.604699778435 0.161213241176 3.1593370537 242.606356661 372.881541004 196649.68991 89 1518.39455035 39.6851017312 27.0954920432 23.3148982688 168.605449635 2.11845899646
7416 84.4938662282 1181.47596424 179.779256426 253.481200574 0.59609696518 0.236153817861 4.2440462901 241.442502351 372.904587014 197458.410861 88 1520.45555649 39.6853762253 27.7565151009 23.3146237747 166.544443498 2.09541298633
7440 83.322920286 1166.3837492 177.925687157 253.493604127 0.589173017829 0.283763363992 2.28021266137 243.353246828 372.928122463 198258.528376 87 1522.45663347 39.6842482605 29.5529433197 23.3157517395 164.54336652 2.07187753712
7464 82.1835565416 1157.19238923 177.268670549 253.50571007 0.583294029185 0.319841931435 3.26815107138 242.323002897 372.946866928 199039.630598 87 1524.41005403 39.6794369007 28.2792820093 23.3205630993 162.589945955 2.05313307217
7488 81.0716695192 1146.69989419 177.579235107 253.517576837 0.578396742018 0.357054991569 2.19732408418 243.349647344 372.962433942 199799.976496 87 1526.32302024 39.6741909271 28.9993172223 23.3258090729 160.676979747 2.03756605907
7512 79.9947929987 1129.15522332 177.567720139 253.529137048 0.574413874113 0.394175095162 2.03263041196 243.469643569 372.986677947 200560.682571 87 1528.18418414 39.6766351105 25.9049255474 23.3233648895 158.815815846 2.01332205381
7536 78.9508892312 1115.22830631 178.097976549 253.540422632 0.571271420028 0.429283103679 1.78288063414 243.676142208 373.008585388 201304.232848 86 1529.99405599 39.6767167291 26.8848819198 23.3232832709 157.005943991 1.9914146123
7560 77.9323514466 1109.15371454 178.159364866 253.55152456 0.568823686169 0.458564198135 0.487504611946 244.933582942 373.021495177 202023.343249 85 1531.76420137 39.6699875138 28.5642199856 23.3300124862 155.23579862 1.97850482405
7584 76.9402317385 1096.89122906 177.845687113 253.562437117 0.566872599045 0.472411356813 1.15824852871 244.240030397 373.039611611 202733.8298 83 1533.49503072 39.6674099153 32.3872226805 23.3325900847 153.504969266 1.96038838993
7608 75.9720071155 1085.82714733 177.815778967 253.573189168 0.565203949557 0.48492004439 1.77644158722 243.600245249 373.05525309 203436.005187 82 1535.18927058 39.6643576543 28.3239939215 23.3356423457 151.810729401 1.9447469107
7632 75.0309448418 1070.73161324 177.31211777 253.583744027 0.563947042171 0.508754662786 1.29753868594 244.04601558 373.076139412 204125.887564 81 1536.84214668 39.6659181163 31.6203139203 23.3340818837 150.157853302 1.92386058863
7656 74.115238966 1058.41956039 177.131559947 253.594122905 0.563048795391 0.520079862923 1.77476027294 243.547988162 373.094346739 204805.461939 81 1538.45498486 39.6656004264 33.5881784257 23.3343995736 148.545015125 1.90565326148
7680 73.2221471358 1051.44775747 178.831275615 253.604356581 0.562551067464 0.54673629559 2.16276748238 243.123588572 373.106507989 205466.89624 81 1540.03186892 39.6615026902 33.3408337105 23.3384973098 146.968131061 1.89349201192
7704 72.3508633825 1039.51584714 177.713703622 253.614456833 0.562579660116 0.58528988144 3.469319172 241.768354452 373.12386148 206119.88343 79 1541.57519156 39.6603884145 38.4204274907 23.3396115855 145.424808424 1.87613852081
7728 71.5006801312 1029.7851259 177.317027606 253.624437239 0.563277025249 0.61272196453 1.74092625282 243.458637517 373.138584969 206764.608939 79 1543.08508895 39.6578042823 39.8819358044 23.3421957177 143.914911036 1.86141503153
7752 70.6713288901 1022.22101948 177.180071214 253.634303384 0.564324165091 0.638032920794 2.95930927726 242.204030251 373.153232519 207399.69741 79 1544.56213848 39.6551876791 38.3351147242 23.3448123209 142.437861507 1.84676748167
7776 69.8620186432 1010.34120495 177.136031132 253.644065792 0.565868798781 0.66537102361 2.11726098961 243.007433395 373.169291983 208025.942928 79 1546.00780003 39.6556528429 39.2157261679 23.3443471571 140.992199961 1.83070801767
7800 69.0695500485 1003.59953823 179.521048364 253.653764524 0.567713629836 0.683666443204 2.2519625398 242.842892862 373.178355587 208628.444563 79 1547.42613365 39.6509800194 41.648318244 23.3490199806 139.573866333 1.82164441372
7824 68.2915168033 999.990486365 179.152703799 253.663428205 0.569689883922 0.690141728617 2.38041527423 242.696324906 373.186277721 209217.701048 78 1548.82171214 39.6435343474 40.3119648291 23.3564656526 138.178287845 1.81372227922
7848 67.5335583758 988.702272711 177.911596672 253.67298401 0.571961841645 0.718321480081 1.40295123467 243.633781432 373.203475274 209805.552568 78 1550.18626976 39.644016311 44.5294614096 23.355983689 136.813730226 1.79652472703
7872 66.7923677806 978.320764085 179.761327798 253.68247318 0.574591183956 0.750426949344 3.37044770239 241.622060983 373.215335895 210384.493153 78 1551.52346089 39.6427878986 44.0343932143 23.3572121014 135.476539094 1.78466410585
7896 66.069210772 968.542193646 178.147342302 253.691880257 0.577652640183 0.771775674427 1.30297254876 243.655718878 373.230624741 210959.917376 76 1552.83152329 39.6426186964 40.6283067114 23.3573813036 134.1684767 1.76937525911
7920.0 65.3619420041 959.695450557 178.116563217 253.701231601 0.580854632342 0.781834345136 1.21217140701 243.723908013 373.243120215 211517.36179 105 1554.1135801 39.6413626095 42.9711414294 23.3586373905 132.886419883 1.7568797853
7944 64.6749994033 940.288877545 177.5251614 253.710462322 0.584038258979 0.786390853107 2.05989513302 242.859213431 373.257836303 212091.62178 102 1555.36340424 39.6500591746 36.5096654574 23.3499408254 131.636595745 1.74216369681
7968 64.0078415568 925.676358777 177.284073783 253.719571375 0.587313958941 0.80909852496 1.79885396555 243.085162174 373.275763026 212654.880133 102 1556.5793456 39.6554208567 32.2558713457 23.3445791433 130.420654385 1.72423697401
7992 63.3580461003 915.311379571 177.184195819 253.728587269 0.590856664805 0.831373116275 2.47699848211 242.372184466 373.290057222 213208.366458 101 1557.76558526 39.6566963052 28.2100961481 23.3433036948 129.234414718 1.70994277849
8016 62.7242118432 905.17538394 177.137924258 253.737526363 0.594606540526 0.846352169419 0.114127451294 244.707387475 373.304110177 213752.467686 101 1558.9252104 39.6583654432 27.1822873653 23.3416345568 128.074789585 1.69588982287
8040 62.1043164699 895.8817967 177.122253627 253.746412639 0.598340329677 0.849762455939 1.72932424174 243.076160332 373.317158125 214289.197904 97 1560.06141683 39.6586863547 25.3386802833 23.3413136453 126.938583152 1.6828418752
8064 61.4974519286 890.439061759 177.123852605 253.755253411 0.602068523563 0.854489752005 1.30048106774 243.487707245 373.327188352 214813.431497 96 1561.17559303 39.6561395612 23.9694332033 23.3438604388 125.82440695 1.67281164821
8088 60.903335624 881.225763387 177.126020927 253.764047396 0.605750177206 0.858303616547 1.83230925954 242.93958955 373.338735819 215332.500052 96 1562.26891167 39.6560916329 23.8924700654 23.3439083671 124.731088312 1.66126418109
8112 60.3201457063 875.15850063 177.142848307 253.77281649 0.609432321966 0.866899696928 1.32278317174 243.428068318 373.347341936 215840.680012 96 1563.3437643 39.6532988617 21.9818435378 23.3467011383 123.656235684 1.652658064
8136 59.749113926 868.466334147 177.149882819 253.781537771 0.613077790277 0.866293619754 0.791199166482 243.947891651 373.35815126 216339.872902 96 1564.39861836 39.6525685458 22.4639200511 23.3474314542 122.601381628 1.64184873994
8160 59.1887793914 859.990584802 177.161361734 253.790228272 0.616727330134 0.882096553379 1.19376531351 243.51718253 373.368446426 216831.778274 96 1565.43565727 39.6528278792 23.7791445205 23.3471721208 121.564342713 1.6315535739
8184 58.6409659283 852.250922356 177.158830211 253.798856319 0.620500732344 0.89512606807 1.55587030233 243.129646577 373.379775363 217319.59503 95 1566.45152897 39.6533037853 23.8617564277 23.3466962147 120.548471017 1.62022463686
8208 58.1029428286 848.076581328 177.867570321 253.807461514 0.624305686207 0.89955359634 0.905053933218 243.763625269 373.386942905 217795.144908 95 1567.45049353 39.6496904954 23.0317632647 23.3503095046 119.549506457 1.61305709534
8232 57.5754421248 837.308710965 177.431834959 253.816027874 0.628054466533 0.900493812325 1.22558683177 243.429837014 373.398307362 218269.695813 94 1568.43230196 39.6519217426 24.1388646797 23.3480782574 118.567698021 1.60169263802
8256 57.0580387376 832.589134368 178.225218396 253.824557223 0.63175325828 0.903858745926 0.507095583884 244.132735187 373.406294935 218732.172283 93 1569.39642091 39.6488918538 23.3848316437 23.3511081462 117.603579075 1.59370506497
8280 56.5508114659 824.837361422 177.568675986 253.833043238 0.635363237032 0.903516549514 0.760255488958 243.867821485 373.417389163 219189.036502 92 1570.34376517 39.6504825202 26.4237562885 23.3495174798 116.65623481 1.58261083751
8304 56.0533723895 819.009631651 177.331123429 253.841487307 0.638967593601 0.919070038274 2.94691850332 241.653556556 373.426596026 219643.452981 91 1571.27406228 39.6496062087 24.2157516538 23.3503937913 115.725937702 1.57340397423
8328 55.5627880761 815.341721851 177.797657803 253.849937237 0.642687400688 0.923565659656 1.13874074482 243.445068957 373.431829255 220079.393155 88 1572.19247881 39.6442151985 26.8993021888 23.3557848015 114.807521177 1.56817074499
8352 55.0809978045 809.555882885 177.940739695 253.858356695 0.646327094011 0.926282391974 2.30420322938 242.264830588 373.439972617 220512.97621 86 1573.09637278 39.6426268653 27.439796316 23.3573731347 113.903627203 1.56002738336
8376 54.6065255399 809.417755135 177.945578048 253.866768013 0.650022942666 0.939529336798 2.42712671006 242.116552996 373.444933383 220931.21607 83 1573.98734663 39.63511773 28.9252632652 23.36488227 113.012653357 1.55506661757
8400 54.1401825983 798.091158986 178.088364717 253.875154873 0.653809949478 0.950014212887 0.52772386146 243.993297102 373.45655245 221352.54261 83 1574.86579442 39.6406144287 33.009149506 23.3593855713 112.134205565 1.54344755017
8424 53.6805034578 802.257778461 177.610339784 253.883541294 0.657572309822 0.952924645565 0.624997661377 243.880964088 373.457058431 221753.97586 82 1575.73101226 39.6275806653 33.7835031833 23.3724193347 111.268987721 1.54294156974
8448 53.2273735523 796.277991913 178.167307363 253.891926577 0.661323675418 0.954896539664 0.705724241208 243.786128965 373.465950759 222153.864212 79 1576.58673622 39.6281021113 36.9610495819 23.3718978887 110.413263763 1.53404924133
8472 52.7820032567 788.90552166 178.322773302 253.900285049 0.665024977497 0.960727883959 0.751363193085 243.722598895 373.474396542 222553.56531 78 1577.42903379 39.6285199341 35.2709715907 23.3714800659 109.570966197 1.52560345862
8496 52.3434231226 783.260347251 177.727749708 253.908631513 0.668696243119 0.960374812855 0.787797642396 243.674499787 373.481463599 222934.626599 76 1578.25939177 39.6263287924 46.2605746717 23.3736712076 108.74060821 1.51853640132
8520 51.909892394 786.045916755 177.546402846 253.916996378 0.672316094351 0.960680362447 0.812898933811 243.63710823 373.482747405 223309.764673 75 1579.08053722 39.615854197 45.2937493177 23.384145803 107.919462762 1.51725259538
8544 51.4839100071 774.203956402 178.058505361 253.925328226 0.675866194146 0.961944714621 0.807943823412 243.628917041 373.495269219 223692.116841 75 1579.89055475 39.6238574987 45.2875221603 23.3761425013 107.109445234 1.50473078148
8568 51.0668637492 769.785124609 178.205746283 253.93359523 0.679346788977 0.963421670212 0.763603946237 243.660032363 373.502516802 224064.818847 73 1580.68370662 39.6218645654 45.2157915682 23.3781354346 106.316293367 1.49748319826
8592 50.6510237692 781.032133011 178.27829419 253.94194848 0.68282379722 0.963886980754 0.736679095319 243.674661645 373.495393543 224401.585502 72 1581.47346719 39.6000555931 48.4600438633 23.3999444069 105.526532795 1.50460645778
8616 50.2386214304 773.435504172 178.761491899 253.950343103 0.686273980971 0.96936629689 0.699160749208 243.694855868 373.502126744 224747.52205 71 1582.26004065 39.6001090699 50.9130321013 23.3998909301 104.739959335 1.4978732565
8640.0 49.834937065 763.577016702 179.022841842 253.958668959 0.689721660579 0.976755374458 0.618304400319 243.756549604 373.513277672 225090.915332 99 1583.03181094 39.6063079285 57.3473496768 23.3936920715 103.968189041 1.48672232808
8664 49.4429315727 745.278298327 178.034083956 253.966859196 0.693076309844 0.973724062484 1.49604214872 242.870298281 373.523741781 225463.414801 98 1583.7830768 39.620027528 48.2786328589 23.379972472 103.216923177 1.47625821914
8688 49.0621312452 733.196449201 178.184657817 253.974915992 0.69632676343 0.974699361347 1.30542113605 243.048636746 373.537503502 225828.043062 96 1584.51336139 39.6295167973 41.7873982764 23.3704832027 102.486638589 1.4624964978
8712 48.6894708674 726.193169213 177.659506675 253.982898142 0.699517460291 0.978573069355 1.06992015209 243.269091175 373.548007613 226184.332762 90 1585.22822656 39.6314412307 36.47081425 23.3685587693 101.77177342 1.45199238701
8736 48.322210515 721.335753122 177.477508948 253.990860589 0.702651840054 0.97770431138 1.82443841673 242.504344841 373.554183382 226526.58258 89 1585.93319993 39.6300955353 36.1283922039 23.3699044647 101.066800051 1.44581661853
8760 47.9625615311 712.945997082 177.776724296 253.998751761 0.705748105895 0.980953098606 1.53378289133 242.780764141 373.563968293 226869.459182 87 1586.62505252 39.634977378 36.1708674091 23.365022622 100.374947458 1.4360317075
