Time EBV Teff Treg ODC_le1 ODC_le2 ODC_le3 ODC_le4 ODC_le5 NK IL2 DAC Resting_Teff Resting_Treg EffectorMemory Resting_Treg_temp Resting_Teff_temp NK_temp
0.0 0 0 0 0 0 0 0 500 375 1000 0 1687 63 0 0 0 0
24 0 0 0 0 0 0 0 500 336.279789971 908.048253598 0 1687 63 0 0 0 38.7202100291
48 0 0 0 0 0 0 0 500 335.391027502 823.849847309 0 1687 63 0 0 0 39.6089724976
72 0 0 0 0 0 0 0 500 334.559882085 745.880698262 0 1687 63 0 0 0 40.4401179151
96 0 0 0 0 0 0 0 500 333.760437385 673.915002205 0 1687 63 0 0 0 41.2395626152
120 0 0 0 0 0 0 0 500 332.995774144 607.703333798 0 1687 63 0 0 0 42.0042258555
144 0 0 0 0 0 0 0 500 332.2684442 546.975994766 0 1687 63 0 0 0 42.7315557996
168.0 1000 0 0 0 0 0 0 500 331.580390823 491.447224652 0 1687 63 0 0 0 43.4196091775
192 587.94283022 2674.42256109 91.5619289612 4.47673168998 18.9970923557 71.5351553232 179.581289232 225.4097314 319.455578209 5741.3447637 0 1039.6715255 41.772295668 0 21.227704332 647.328474501 55.5444217919
216 138.559590749 6856.09616031 169.4147889 82.8098254655 45.7410953329 90.9496805981 128.429675501 152.069723102 264.800114197 524.550407053 0 1393.13587575 38.979464492 617.86143646 24.020535508 293.864124248 110.199885804
240 33.3261713361 2375.85078829 177.391455488 166.264281041 31.5021657824 65.0276476165 103.922733922 133.283171637 278.859344807 247.832594008 0 1603.01131068 38.8606609665 575.162076967 24.1393390335 83.988689319 96.1406551939
264 16.3434095728 586.041833043 171.266230109 192.121518599 13.5771428116 40.5521369178 77.072228387 176.676973284 302.985313638 224.587005477 0 1648.40690656 39.0531673178 540.049885441 23.9468326822 38.5930934439 72.0146863622
288 12.6786537052 222.856769754 160.846254423 194.644493807 2.19191893646 10.9973413468 52.8520868069 239.314159103 315.501975154 319.765063233 0 1658.08005558 39.4980438074 489.532181481 23.5019561926 28.9199444234 59.4980248466
312 11.0220657006 164.218382625 165.321794129 194.951015957 1.12429239456 5.07423816284 28.7722283817 270.078225104 318.238728317 348.30392771 0 1661.97927481 39.693214968 460.84831584 23.306785032 25.0207251889 56.7612716839
336 9.87126417386 128.762997271 170.919931512 195.0352668 0.349978169387 1.52843242652 21.2984225276 281.787900076 319.293931109 365.178206724 0 1664.62484265 39.8437044404 442.413869 23.1562955596 22.3751573454 55.7060688917
360 8.97836319773 123.30185968 172.83872837 195.095940624 0.470396669561 0.933400112916 14.2513157898 289.248946804 319.729815986 365.298106883 0 1666.63532294 39.8177495761 422.07064258 23.1822504239 20.3646770551 55.2701840148
384 8.23974355717 102.35530942 174.619821702 195.15954251 0.504992351759 0.808609435677 16.4020258338 287.124829869 319.965914943 357.06141736 0 1668.31666972 39.9071083318 415.117255928 23.0928916682 18.6833302815 55.0340850579
408 7.61657697852 99.1788171629 164.355403206 195.222323732 0.56131464858 1.40420687009 13.7471479792 289.06500677 320.389319309 353.415508716 0 1669.72099827 39.8971870322 403.8748687 23.1028129678 17.2790017278 54.6106806919
432 7.06703493925 90.2234282557 165.262120022 195.292176145 0.667007624761 0.721607595745 14.7475058102 288.571702824 320.599831936 352.49296206 0 1670.95807804 39.8796352191 389.411712041 23.1203647809 16.0419219588 54.4001680646
456 6.61155986473 83.9772381224 171.970752266 195.360170831 0.687523945834 0.803516132994 10.6969176831 292.451871407 320.474937786 332.389153369 0 1671.99398234 39.930170129 379.603673211 23.069829871 15.0060176558 54.5250622143
480 6.23267140118 74.9200657756 163.478385224 195.420447323 0.669949620983 0.619967023381 9.84024952089 293.449386512 321.142070874 343.53338023 0 1672.86034782 40.0346974411 367.5158675 22.9653025589 14.1396521808 53.857929126
504 5.8784421072 73.2678046107 162.266307218 195.480048331 0.69945010552 1.43842051426 9.60677462051 292.775306428 320.968128531 330.473945075 0 1673.65159122 39.9375839341 360.972042466 23.0624160659 13.3484087828 54.031871469
528 5.56142476768 68.7086859406 166.060148173 195.540981084 0.755161664283 1.08181776634 10.2293481659 292.39269132 320.661110794 306.683160128 0 1674.37058418 39.9717285689 357.250702133 23.0282714311 12.6294158223 54.3388892068
552 5.29310332589 61.573759961 167.021670165 195.596253573 0.73661050961 0.684539770778 7.43949285774 295.543103289 320.961900704 302.724647302 0 1674.98682363 40.1061117044 343.273700788 22.8938882956 12.0131763727 54.0380992963
576 5.04926303113 59.9328247413 156.360367514 195.648629866 0.741420239557 0.285827406242 10.5457747407 292.778347747 321.227823902 309.39696625 0 1675.53440902 40.049443984 331.247361974 22.950556016 11.4655909802 53.7721760985
600 4.8159690834 57.0411032513 157.883264451 195.70083169 0.739950299925 1.09948691907 8.30826098242 294.151470109 321.063705713 294.346332838 0 1676.06169547 40.0580944471 324.196198833 22.9419055529 10.938304528 53.9362942871
624 4.623909986 47.2445416911 162.147779697 195.745823942 0.729926123315 0.647045300912 9.63780956688 293.239395067 321.144795416 283.822592719 0 1676.50723175 40.3222197573 321.137719949 22.6777802427 10.4927682469 53.8552045848
648 4.45410976466 41.7782050358 166.656732959 195.786817629 0.733371370593 0.926298725477 5.97864665479 296.57486562 321.057003384 277.91676017 0 1676.89309612 40.408021009 311.399235022 22.591978991 10.1069038799 53.9429966163
672 4.29422570897 47.4623121512 159.332768229 195.827250181 0.731564646575 0.266239697266 8.82255807771 294.352387398 321.037396785 271.88527596 0 1677.2483191 40.1910536178 301.42320778 22.8089463822 9.75168089579 53.9626032158
696 4.14752096369 45.1998078313 162.381938365 195.86495839 0.71803060129 0.614236332377 5.87513359753 296.927641079 321.188110636 267.287474943 0 1677.58454922 40.3116127764 291.851554658 22.6883872236 9.41545077593 53.811889365
720 4.00331733996 47.0440179601 156.871872622 195.903063655 0.720501104433 0.9111440693 4.26432366082 298.20096751 321.108135858 258.853168582 0 1677.90699315 40.1915086832 286.540525481 22.8084913168 9.09300684524 53.8918641425
744 3.86026601119 45.3304445362 156.772861384 195.94279182 0.737272473462 1.14287293657 5.18844108638 296.988621684 320.839693813 243.923455043 0 1678.22851221 40.1296885556 282.396254461 22.8703114444 8.77148778507 54.1603061878
768 3.73772688822 37.9928028704 155.910053315 195.978492143 0.729455634656 0.351851256364 6.36289228362 296.577308683 320.977395834 239.434933078 0 1678.5131033 40.4204547948 278.076970869 22.5795452052 8.48689669923 54.0226041668
792 3.6192699759 41.0873578664 153.930989228 196.013381235 0.716866565815 0.560575998568 2.5294672684 300.179708932 320.91373317 232.180385775 0 1678.77623849 40.2028660267 272.631915224 22.7971339733 8.22376151023 54.086266831
816 3.51882503367 32.3837157299 154.3309441 196.043550993 0.713443584271 0.705295340829 3.96263027297 298.575079809 321.387414787 240.734821657 0 1679.01090364 40.5736211346 267.826556549 22.4263788654 7.98909636466 53.6125852137
840 3.42359623194 36.5576893122 152.141071876 196.072945507 0.716158528891 0.860947175489 4.03384705612 298.316101733 321.301468299 240.980152034 0 1679.22275556 40.3403625793 260.017645707 22.6596374207 7.77724444213 53.6985317015
864 3.33357562516 29.668465971 155.013720614 196.101709747 0.723794870817 0.965152053783 4.83457620748 297.374767121 321.223386116 235.909762036 0 1679.43044398 40.6089443141 259.729161498 22.3910556859 7.56955602391 53.7766138845
888 3.25546949586 27.9007412817 152.395655997 196.127577319 0.724454753288 0.118519332595 6.22961487142 296.799833724 321.513633449 241.799263018 0 1679.60927524 40.7572204011 253.053662778 22.2427795989 7.39072475923 53.4863665514
912 3.17821885116 28.2783000483 154.684557637 196.153318475 0.705602225544 0.260468820002 3.84535109565 299.035259384 321.380412208 237.655791098 0 1679.78252399 40.6352290365 246.114090002 22.3647709635 7.21747601071 53.6195877924
936 3.10716688613 27.1711787296 155.552139531 196.177020818 0.69309615812 0.409076523274 3.79521653092 298.925589969 321.393718246 233.993662312 0 1679.94430654 40.7168065456 241.732009321 22.2831934544 7.05569346058 53.6062817547
960 3.03780316716 27.6970370821 153.54279075 196.20035245 0.685514792366 0.529285546878 5.7728158434 296.812031368 321.197316293 226.405777597 0 1680.10009607 40.6128560291 240.756484252 22.3871439709 6.89990392783 53.8026837079
984 2.9703445836 29.6956677236 149.498824595 196.223377311 0.682025875601 0.631714214176 5.71942075029 296.743461849 321.288091164 221.243399138 0 1680.25202695 40.5310195054 239.0480384 22.4689804946 6.74797304841 53.7119088361
1008 2.90603398555 26.7329687495 148.348488303 196.245768943 0.682688653851 0.770703060789 4.32343917425 297.977400168 321.422902651 222.586106073 0 1680.39958563 40.7192473514 236.722429512 22.2807526486 6.60041437174 53.5770973493
1032 2.84211407975 25.2445311187 148.951558911 196.268617811 0.687717528687 0.894953509479 5.10181533251 297.046895818 321.347661875 221.530888676 0 1680.54365681 40.6796819773 230.883927779 22.3203180227 6.45634318816 53.6523381251
1056 2.78681852407 25.5584439533 147.487321241 196.288994563 0.695727942586 1.02816582374 3.68091698996 298.306194681 321.506679427 221.831784536 0 1680.6699868 40.7589954579 229.425621402 22.2410045421 6.33001320304 53.4933205737
1080 2.73210160095 23.8352798127 151.48498001 196.309648391 0.686978918861 0.111626578849 1.49097678342 301.400769328 321.293586588 218.205939903 0 1680.79388336 40.7665180111 224.283335487 22.2334819889 6.20611663706 53.7064134127
1104 2.6760544526 27.9558643216 149.382171836 196.330743661 0.670564357642 0.20396224598 3.71301616426 299.081713571 321.139198661 209.832308946 0 1680.91805165 40.4742707095 219.585462198 22.5257292905 6.08194834627 53.8608013398
1128 2.62310978959 24.4871434318 150.482248951 196.350649627 0.65812977655 0.293620184963 3.5933858617 299.10421455 321.194866263 203.824064341 0 1681.04049268 40.7350738304 219.194676211 22.2649261696 5.95950732044 53.8051337376
1152 2.57072388303 23.3689589168 147.534969758 196.370408008 0.648096802056 0.345138896688 1.62940590155 301.006950392 321.175231647 202.59084784 0 1681.15864847 40.6983664598 214.050276779 22.3016335402 5.84135153023 53.8247683535
1176 2.51988646633 23.0229137724 147.274579161 196.389697736 0.639968421407 0.417894304503 3.52773215844 299.02470738 321.084288254 194.612037494 0 1681.27355341 40.6775262885 213.233253177 22.3224737115 5.72644658909 53.9157117468
1200 2.47424140198 20.252624952 142.327525512 196.40717259 0.635102164172 0.509753690533 4.61346953355 297.834502022 321.393146623 199.92984526 0 1681.37888836 40.938712138 211.58112832 22.061287862 5.62111163853 53.6068533774
1224 2.4294544184 21.8814991663 146.046757884 196.42453651 0.632602012619 0.576441494369 3.73655689858 298.629863084 321.169446303 190.452350837 0 1681.47904041 40.7369872042 212.072675406 22.2630127958 5.52095958549 53.8305536974
1248 2.38777202376 20.6665902442 143.639575166 196.440945952 0.631961454881 0.643286945715 3.41944812983 298.864357517 321.437553716 196.898643307 0 1681.57458761 40.8742029665 207.796025393 22.1257970335 5.42541239055 53.5624462848
1272 2.34958690589 19.4359165696 147.372930501 196.45623672 0.632901230699 0.706142170874 5.57017379793 296.634546081 321.170102983 191.681657643 0 1681.66157702 40.9552900693 204.779221943 22.0447099307 5.33842298431 53.8298970175
1296 2.3099865546 22.0830008864 145.266842263 196.472407192 0.635841286495 0.782188455206 3.08374984312 299.025813224 321.104295318 183.962605061 0 1681.74989637 40.7118189411 205.955951741 22.2881810589 5.25010363009 53.8957046826
1320 2.27226618152 18.7343654622 143.230752005 196.48816004 0.64008448981 0.827851350715 1.41243064681 300.631473473 321.259309556 188.088357795 0 1681.83678851 40.9746692573 202.213268281 22.0253307427 5.16321149383 53.7406904447
1344 2.23667788399 19.6842039283 142.89771513 196.503370862 0.644799941436 0.862881493029 2.45404634926 299.534901354 321.247890239 187.130063196 0 1681.91698426 40.869835352 198.740618912 22.130164648 5.08301574187 53.7521097612
1368 2.20332712543 17.8628021181 144.081097205 196.517959172 0.650130731387 0.918607394047 5.10728958432 296.806013119 321.205804721 181.915691872 0 1681.99378121 41.120960158 198.446164096 21.879039842 5.0062187923 53.7941952792
1392 2.16950128003 18.6858794126 139.306738769 196.533124844 0.657003551062 0.965679221628 0.974551220843 300.869641163 321.369543365 186.853267199 0 1682.06935152 40.9046084167 195.301129089 22.0953915833 4.93064848354 53.6304566357
1416 2.13669838657 19.582088567 142.596386973 196.54822089 0.66418937583 0.98976202721 2.77947132479 299.018356382 321.326383726 183.723291918 0 1682.14345159 40.8212892375 192.365263551 22.1787107625 4.85654841298 53.6736162748
1440.0 2.10313724839 20.3129156012 138.783042943 196.564088873 0.672363374523 1.04065574367 2.79572529386 298.927166715 321.425617177 187.820216263 30 1682.21892366 40.7189082745 189.58684922 22.2810917255 4.78107634203 53.5743828235
1464 2.07095380724 17.6409469847 135.335757443 196.579622781 0.665916611231 0.0906688649592 1.67159677183 300.992194971 321.775476391 199.743807147 30 1682.29310867 40.9580285214 185.029278866 22.0419714786 4.70689133119 53.2245236096
1488 2.04306803099 16.0487229157 132.775120223 196.593049242 0.654833137233 0.144588744916 3.71321655171 298.894312324 322.156779311 213.581419093 29 1682.35735564 41.1825134628 181.685770744 21.8174865372 4.64264435897 52.8432206893
1512 2.01638917563 16.0952953351 132.390704568 196.605865627 0.645412116841 0.19139027461 2.5785649443 299.978767037 322.343458078 224.518684661 28 1682.41773237 41.1483542691 177.541996591 21.8516457309 4.58226763303 52.6565419222
1536 1.99035829363 15.8868224799 132.965951882 196.618363525 0.63729112918 0.2547421769 2.33943178342 300.150171385 322.458125046 232.814939259 26 1682.47678963 41.1560887732 173.600188396 21.8439112268 4.52321036933 52.5418749541
1560 1.96473748655 16.0374916787 133.644872342 196.630678987 0.630248757342 0.28782291034 2.14094720637 300.310302139 322.503023286 237.847721871 25 1682.53470225 41.1052497051 169.846803214 21.8947502949 4.46529774781 52.4969767143
1584 1.93926946015 16.1946157017 134.480227733 196.642950453 0.62390272365 0.31719760439 2.98925868081 299.426690538 322.511903651 239.953015812 25 1682.59242903 41.0877750875 166.270374528 21.9122249125 4.40757097218 52.4880963492
1608.0 1001.91546448 14.7812396864 135.077991452 196.654459072 0.618571829662 0.346412021563 2.52091457563 299.859642501 322.612985008 242.284507122 25 1682.6469961 41.2727354327 163.839356702 21.7272645673 4.35300390278 52.3870149923
1632 552.690082634 3188.51086365 144.216864161 198.519328264 3.58232512719 26.7217359884 71.5379601804 199.63865044 310.818013114 4616.43231717 25 1053.98973008 41.2572586192 155.543002428 21.7427413808 633.010269919 64.1819868863
1656 255.435025416 4116.41712427 175.358791249 207.932120256 10.0902267066 32.1800780403 76.5371144564 173.260460541 309.105516003 5736.19346276 24 1270.69601173 39.6126334345 316.619381113 23.3873665655 416.303988276 65.8944839969
1680 116.470010568 3680.59419107 185.150670463 220.193104828 10.6185057142 31.9481948683 76.5409986023 160.699195987 309.770653562 5255.26833351 24 1451.43463659 39.1411737945 469.953804891 23.8588262055 235.565363416 65.2293464379
1704 56.5730055041 2642.17944232 189.236557889 231.939128877 9.00488915791 28.693859711 62.2494780433 168.11264421 312.237960903 4196.79787114 23 1560.34712018 38.9780873033 626.699876151 24.0219126967 126.652879827 62.7620390977
1728 31.6452596314 1598.04398995 196.260290871 239.519838987 6.43986758486 18.9677786174 60.1176430729 174.954871738 318.123792659 3311.08639987 23 1614.12698565 38.9523462163 737.011103573 24.0476537837 72.8730143564 56.8762073415
1752 20.9654554932 883.995055805 188.305060217 243.155087655 3.96862165078 12.6171340002 43.3719143718 196.887242322 325.384699402 2852.65368414 23 1638.84141682 39.0092176158 755.832299033 23.9907823842 48.1585831861 49.6153005978
1776 16.0507984702 543.392558713 193.736674955 244.729078985 2.65582883051 8.15719757664 25.5292722633 218.928622344 330.199105888 2581.19305375 21 1650.3787141 39.10408741 716.714900931 23.89591259 36.6212858999 44.8008941127
1800 13.2513320653 363.575402645 197.068565312 245.246169975 1.64557808064 2.95134605035 29.2095707001 220.947335194 332.327132122 2363.60067088 20 1656.87155953 39.2106192689 679.687059894 23.7893807311 30.1284404717 42.6728678786
1824 11.5020421109 275.773507296 190.174888285 245.429536799 0.250986633147 4.10761942694 19.4270866639 230.784770477 333.575320933 2212.41440095 20 1660.89426852 39.2975138503 642.782515468 23.7024861497 26.1057314861 41.4246790675
1848 10.1859391022 249.624572758 181.513502348 245.514826934 0.584506600899 2.27482069018 16.1460549299 235.479790845 333.378112971 2047.66889684 19 1663.85796651 39.2943903857 608.88796959 23.7056096143 23.1420334975 41.6218870296
1872 9.09686741188 212.846939203 179.589845925 245.615976605 0.599903482534 0.873974872317 15.6537108728 237.256434167 333.112486037 1878.05063433 19 1666.32923719 39.3392566588 592.482815572 23.6607433412 20.6707628119 41.8875139634
1896 8.23106717043 179.624149349 182.73905266 245.710003714 0.656856059117 1.51634500234 19.9784515896 232.138343635 332.49423191 1711.79377908 18 1668.29853668 39.3898531599 579.899520207 23.6101468401 18.7014633227 42.5057680906
1920 7.52382648917 162.341347797 182.228576617 245.802394739 0.69389986816 0.697607038352 18.3977190691 234.408379285 331.769660631 1555.85717807 18 1669.89943906 39.4108154044 563.248436135 23.5891845956 17.1005609449 43.2303393697
1944 6.95550992657 128.780143357 177.137896087 245.884415312 0.697841103573 0.259737385736 13.8761148648 239.281891334 331.891953909 1456.81365716 18 1671.20766209 39.5379582899 547.23199665 23.4620417101 15.792337916 43.1080460915
1968 6.4926050998 113.135770064 177.083816204 245.955858734 0.687212298323 0.274184770371 10.8412174234 242.241526774 331.284133039 1354.79931729 18 1672.25851018 39.5812137842 533.085590438 23.4187862158 14.741489821 43.7158669608
1992 6.09095968078 101.950645653 177.304320131 246.021105054 0.687115190158 1.03764377455 7.38470817019 244.869427811 330.831453727 1267.58244787 18 1673.16958455 39.6275881153 509.938468219 23.3724118847 13.8304154486 44.1685462734
2016 5.73819073297 99.5462408551 170.262511661 246.084095774 0.708688638097 0.743304941936 9.38314145932 243.080769186 330.439934565 1190.12094881 18 1673.96753198 39.6366128748 484.345783948 23.3633871252 13.0324680264 44.5600654349
2040 5.4334626002 84.953061962 167.070453549 246.141807154 0.692153950113 0.432546132425 6.60434168505 246.129151079 330.252706487 1131.83274456 18 1674.66364309 39.7275646219 463.138348743 23.2724353781 12.3363569107 44.7472935131
2064 5.15865317927 76.3554649693 168.311909879 246.195507432 0.695431537614 1.03779065575 6.93042272392 245.140847651 329.654650459 1053.53220621 18 1675.28563916 39.7709172707 454.422857146 23.2290827293 11.7143608381 45.3453495409
2088 4.93503701282 69.8663829242 166.560272851 246.242281847 0.698451549334 0.335643375995 8.0081664474 244.71545678 329.548110323 1008.29719901 17 1675.79842664 39.8718334491 431.187898853 23.1281665509 11.2015733636 45.4518896769
2112 4.73464266229 64.9584456153 160.829524099 246.285206497 0.685181210058 0.621365103912 6.0823750511 246.325872138 329.419658568 967.270840494 17 1676.25336729 39.9277270981 417.651119097 23.0722729019 10.7466327149 45.5803414325
2136 4.54294080747 61.694361969 163.904143472 246.327769122 0.691188010755 0.970648048675 5.92392610985 246.086468708 328.634962138 903.637157852 17 1676.68516303 39.9201560518 404.813400876 23.0798439482 10.3148369777 46.3650378626
2160.0 4.36618822706 62.1315112382 158.124248178 246.368349936 0.668182456006 0.331941098156 5.20698896208 247.424537547 328.506260953 859.541599636 47 1677.08417347 39.9032276564 391.430023269 23.0967723436 9.91582653355 46.4937390475
2184 4.22131402053 45.9251221289 149.512581512 246.401851764 0.657510950852 0.550310402829 3.50519216924 248.885134713 329.134076062 870.251433571 47 1677.4224208 40.2171276043 366.035119277 22.7828723957 9.57757920806 45.865923938
2208 4.10315028637 41.6496190222 146.253353425 246.4298005 0.656128515688 0.697427403881 2.90273107848 249.313912502 329.498241322 877.967698096 45 1677.69285731 40.3472050329 343.550560737 22.6527949671 9.30714269279 45.5017586789
2232 3.99344302963 39.9407555598 144.054063495 246.456521265 0.658791086908 0.749247457004 2.99178804902 249.143652141 329.627233332 880.038306219 45 1677.94127186 40.3791578049 323.535187157 22.6208421951 9.05872814312 45.3727666684
2256 3.89201437938 38.2026278976 143.83660115 246.482033193 0.66404179615 0.845729625146 3.46486901486 248.54332637 329.685662361 878.026278272 45 1678.17110564 40.4181882974 305.734255412 22.5818117026 8.82889436768 45.3143376393
2280 3.79630638652 37.06823009 144.582509284 246.506979444 0.672331628882 0.931536142553 1.63637412208 250.252778662 329.690428331 871.736611973 45 1678.38751861 40.4324727793 289.787754832 22.5675272207 8.61248139369 45.3095716694
2304 3.70517842865 36.6333651968 143.83331675 246.531666503 0.682890005372 1.01565556346 3.57600947244 248.193778455 329.587078636 861.988035222 44 1678.59335862 40.4315945682 274.465158573 22.5684054318 8.40664138772 45.4129213648
2328 3.61976597981 35.035008416 142.200679465 246.555490336 0.672260382176 0.116957428454 2.17667915235 250.478612701 329.561849409 851.02819825 44 1678.7868584 40.4668092335 263.536070643 22.5331907665 8.21314160111 45.4381505914
2352 3.53894951828 33.5680552206 142.57298812 246.577964797 0.655504502581 0.210909639242 2.5327152387 250.022905822 329.45760794 839.391483519 44 1678.96993223 40.5062609877 250.777936182 22.4937390123 8.03006777431 45.5423920605
2376 3.4626295461 33.5601578943 141.648211661 246.599179538 0.642500734386 0.298074197187 3.59971927246 248.860526257 329.386390342 826.052516257 42 1679.14234752 40.495214427 240.174564776 22.504785573 7.85765247949 45.6136096588
2400 3.38859648681 31.1843035016 144.524109886 246.619846564 0.633124227844 0.402219494783 2.55147893645 249.793330776 329.193106956 808.690995945 42 1679.31034023 40.5715390489 230.493073216 22.4284609511 7.68965977291 45.8068930449
2424 3.31840649467 29.840362591 141.937761588 246.639622634 0.627003063307 0.467126135125 3.315911047 248.95033712 329.066846073 791.755275532 40 1679.46947764 40.6251173607 222.662732116 22.3748826393 7.53052236142 45.9331539279
2448 3.25335066665 29.9934120186 141.177896435 246.658187981 0.623652869757 0.546044948029 2.61810745585 249.554006745 328.969890039 776.938414552 38 1679.61659939 40.617765876 213.544927072 22.382234124 7.38340061171 46.0301099614
2472 3.19003436369 27.8479509214 141.864039329 246.676549883 0.622387103103 0.618322524878 2.87230663442 249.210433854 328.760971008 758.799699974 37 1679.76029591 40.6995922593 206.105491138 22.3004077407 7.23970408922 46.2390289928
2496 3.13033437762 27.8989917998 142.132599679 246.694194975 0.623248964289 0.67975346483 2.85465590792 249.148146688 328.55347386 740.234473199 37 1679.89496014 40.6664457891 199.273752292 22.3335542109 7.10503986167 46.4465261407
2520 3.07258451673 26.4793959223 142.926887349 246.711629601 0.625367947933 0.728075545111 2.75679267927 249.178134225 328.351359116 720.627315942 37 1680.02604572 40.738340666 193.963558845 22.261659334 6.97395428145 46.6486408845
2544 3.01701036891 25.973197459 142.91662074 246.728792079 0.628459254059 0.754566722314 1.56043650272 250.327745441 328.133734994 700.19093087 36 1680.15168136 40.7463134516 189.105801646 22.2536865484 6.84831864404 46.8662650066
2568 2.96169455181 26.5622470529 141.786550451 246.746289564 0.632548305134 0.811867396913 3.39343889846 248.415855834 327.865324132 678.253776686 36 1680.27605507 40.6731180978 184.606327177 22.3268819022 6.72394493664 47.1346758684
2592 2.90947442243 25.001748606 144.379965176 246.763242105 0.638437667655 0.894852894943 3.8995113873 247.803955944 327.554901018 653.953421959 35 1680.39500922 40.7758603865 179.489434435 22.2241396135 6.60499078657 47.4450989821
2616 2.85760251133 24.118918941 142.284517152 246.780569032 0.645919277854 0.939058292561 2.55250528969 249.081948107 327.396898568 633.136742079 34 1680.51238314 40.8084267075 176.725856458 22.1915732925 6.48761686275 47.603101433
2640 2.80811927253 24.283772927 140.814944141 246.79760053 0.654367581489 1.0021588211 1.9674781099 249.578394957 327.219744636 616.642260139 33 1680.62395166 40.7639137362 171.23644897 22.2360862638 6.3760483433 47.7802553643
2664 2.7611320046 23.4277186383 140.606293779 246.814277 0.661714727974 0.0546004566289 3.18252637961 249.286881436 327.144246516 601.264059811 33 1680.73080843 40.831190115 166.106959242 22.168809885 6.26919156959 47.8557534842
2688 2.71632445125 24.0754662312 142.38857951 246.830340665 0.647637438023 0.102705937878 2.27768297666 250.141632981 326.789243755 579.302185833 32 1680.83214637 40.8263665716 163.268946677 22.1736334284 6.16785363577 48.2107562456
2712 2.67122593211 22.6662470731 143.156474008 246.846438127 0.634584247644 0.142926326734 1.52971355389 250.846337744 326.487902728 556.434613943 31 1680.93407986 40.8340754019 162.576233575 22.1659245981 6.06592014447 48.5120972724
2736 2.62921220256 22.5478824742 139.858662053 246.861392525 0.623318350596 0.174609740797 1.46011224206 250.880567141 326.419603295 542.087423694 31 1681.02947055 40.8670560938 160.065633524 22.1329439062 5.97052945455 48.5803967053
2760 2.58707916001 22.8249311454 141.987578793 246.87637093 0.613212509356 0.227014613981 1.45961369139 250.823788254 326.126525368 521.460951478 31 1681.12502616 40.9334916293 157.704614325 22.0665083707 5.87497384843 48.8734746328
2784 2.54552583104 21.3035601001 138.820623012 246.891156026 0.604408601026 0.25784818052 1.51300338202 250.73358381 326.015079918 510.366154173 31 1681.21866268 40.8803876354 153.563922081 22.1196123646 5.78133732031 48.9849200822
2808 2.50741366404 19.9062220929 137.067265359 246.904749129 0.597302524269 0.324986145238 5.07290420947 247.100057991 326.046300575 501.211920961 31 1681.30577586 41.0214432057 151.608487523 21.9785567943 5.69422414672 48.9536994255
2832 2.47059590508 19.6307641288 137.495670089 246.917943453 0.592225909678 0.389732195575 2.52155961916 249.578538822 325.850720583 489.233105828 31 1681.38908872 41.0242893709 148.833058629 21.9757106291 5.61091128036 49.1492794172
2856 2.43506116987 19.7327782932 136.742898816 246.930768 0.588173465185 0.421514827168 2.91850405106 249.141039656 325.773932272 480.322390877 31 1681.46944794 40.9972368347 145.233241323 22.0027631653 5.5305520658 49.2260677286
2880.0 2.39915641482 19.7809802415 139.293970386 246.943836401 0.584985823913 0.464565964079 2.42844536894 249.578166442 325.46773021 463.803495637 59 1681.55033285 40.9452802219 142.824793607 22.0547197781 5.44966715721 49.5322697906
2904 2.36556505086 18.5154983838 135.887805572 246.956184948 0.582802788961 0.494054845948 2.67873072065 249.288226696 325.527276032 458.9263686 56 1681.62721987 41.0897335231 139.559051 21.9102664769 5.37278013849 49.4727239685
2928 2.33302052066 18.6631208919 134.861599376 246.968279407 0.581411555808 0.536094720484 2.80849293278 249.105721384 325.483296864 452.744958373 55 1681.70068779 41.043623425 136.460045747 21.956376575 5.29931221417 49.5167031367
2952 2.30096652727 18.3126678552 134.547952182 246.980336461 0.580712027112 0.563505021466 1.958278128 249.917168362 325.419769972 446.437806372 55 1681.77332584 41.0624321705 133.516360528 21.9375678295 5.22667416577 49.5802300283
2976 2.26988104588 18.0934092406 134.334527915 246.992182049 0.580493839743 0.573046227643 1.05464520787 250.799632676 325.350476538 440.016060887 54 1681.84374834 41.0675188833 130.71710614 21.9324811167 5.15625166397 49.6495234626
3000 2.24001839425 17.3264040268 134.314569677 247.003714128 0.580679746095 0.607476728647 1.96499023099 249.843139167 325.288215452 433.585688522 54 1681.91173767 41.1534723223 128.052148016 21.8465276777 5.08826233737 49.7117845484
3024 2.21063000113 17.1808426979 133.993536678 247.015224546 0.581505739759 0.637181025255 2.86875422527 248.897334464 325.216740075 427.117607607 54 1681.97825232 41.1482621867 125.512099224 21.8517378133 5.0217476906 49.7832599255
3048.0 1002.18235757 17.4745203046 134.058678888 247.026463693 0.582808419035 0.672178490192 3.63433840973 248.084210988 325.117568146 419.674198468 54 1682.04218188 41.1043275271 123.088585479 21.8956724729 4.95781812655 49.8824318548
3072 596.836343082 2624.10121629 134.181230027 248.321430818 2.41366955095 14.0207322537 57.5771815757 177.666985801 319.259132332 5650.27826321 54 1035.70268976 41.8747345626 48.9337929159 21.1252654374 651.297310244 55.7408676684
3096 353.165298891 2850.57681345 153.678331575 250.899207691 3.8708148836 19.5637000224 48.9610972829 176.70518012 328.970424405 9147.11325224 53 1189.90084003 40.4363594713 61.556438626 22.5636405287 497.099159974 46.0295755954
3120 232.672396406 2576.03284137 163.645437652 252.565187078 2.0563536516 10.5350995819 45.1914136962 189.651945993 336.965748312 11577.2973166 51 1307.10270747 39.9601598304 78.7447373981 23.0398401696 379.897292541 38.0342516889
3144 167.941360903 2176.57405095 171.365081262 253.756641364 2.81235681005 6.90364759132 40.1520346335 196.375319601 343.20683208 13353.3480541 51 1388.06084218 39.7643997561 103.843309069 23.2356002439 298.939157828 31.7931679208
3168 129.894583545 1844.13124413 172.990715153 254.439447315 0.882585442046 2.48826891279 33.7806892553 208.409009075 347.901250102 14686.3293631 50 1443.28389641 39.6730272213 113.163154249 23.3269727787 243.716103601 27.0987498987
3192 105.412516584 1581.53784811 176.711163312 254.803098409 0.807008287282 5.9133062874 28.5725709702 209.904016046 351.24847947 15697.581276 49 1482.23827804 39.6223350892 124.09989798 23.3776649108 204.76172197 23.7515205313
3216 88.5728669147 1367.66924663 175.441984191 255.049316185 0.579366338841 1.36279933951 27.3537950898 215.654723046 353.741084807 16508.1610004 49 1510.72966186 39.5916702406 126.304298046 23.4083297594 176.270338148 21.2589151934
3240 76.5677293029 1184.68046374 179.668026835 255.190015981 0.707552072442 2.06722821401 23.4986193186 218.536584414 355.827281078 17198.732046 49 1531.9971751 39.5931079216 128.109212454 23.4068920784 155.002824902 19.1727189231
3264 67.457627729 1086.82673957 182.92313988 255.33106403 0.789660297106 1.82418180108 18.6787720462 223.376321825 357.070179208 17714.9468386 47 1548.55761452 39.5593420517 137.864067025 23.4406579483 138.442385488 17.9298207926
3288 60.1315115908 990.127962282 183.10958898 255.474929614 0.845215268859 1.39317872623 17.979393191 224.3072832 358.073844841 18130.7547773 47 1562.22208431 39.539633984 146.701645376 23.460366016 124.777915693 16.9261551597
3312 54.2195207875 927.075734052 182.733512209 255.608758849 0.880884300533 1.67723102473 15.7188277296 226.114298096 358.866258262 18446.8391466 44 1573.46479014 39.5133221211 160.537538006 23.4866778789 113.535209865 16.1337417386
3336 49.1972955535 889.654143548 184.063382255 255.739340645 0.906997999047 0.824064214753 10.4484574275 232.081139714 359.333507816 18655.9176008 43 1583.15020247 39.4726427534 176.050844823 23.5273572466 103.849797534 15.6664921847
3360 44.8735666991 828.425990582 187.435906981 255.865815688 0.92430692097 1.25732866889 11.7197739635 230.232774759 359.767531621 18818.5239408 43 1591.63041223 39.4503219181 188.47234413 23.5496780819 95.3695877767 15.2324683796
3384 41.1796384983 783.60224569 185.519650123 255.988258928 0.959544314671 1.06153630722 12.9668348731 229.023825577 360.220608431 18930.0545775 42 1598.97127275 39.4292154773 195.522403969 23.5707845227 88.0287272604 14.7793915698
3408 38.0221344431 718.807356831 185.010451898 256.10047547 0.911542302952 0.607027918858 11.7636232227 230.617331086 360.778290518 19036.4100519 42 1605.34218837 39.4366313255 189.531986581 23.5633686745 81.6578116409 14.2217094828
3432 35.2830428992 679.796166895 186.976318116 256.202735474 0.910907396013 0.572893612525 11.7722175413 230.541245976 361.069105741 19073.1110594 42 1610.8961808 39.4220627143 192.743340169 23.5779372857 76.1038192016 13.9308942601
3456 32.8600640452 650.697685103 188.053781497 256.299810754 0.912593349358 0.409115899585 8.71854808051 233.659931917 361.277278467 19065.5861163 41 1615.84309929 39.4000268966 193.87001863 23.5999731034 71.1569007203 13.7227215339
3480 30.7239217102 608.518007115 187.094515336 256.39074256 0.907327477781 1.32090110716 10.1135649757 231.26746388 361.602781461 19045.721172 41 1620.25340625 39.4024507482 203.852249968 23.5975492518 66.7465937578 13.3972185401
3504 28.8172602413 584.610193146 189.396522412 256.4769535 0.892758154857 1.02149945509 8.81812859579 232.790660294 361.742107815 18971.9880785 41 1624.20515905 39.3919930015 220.132165531 23.6080069985 62.7948409596 13.2578921857
3528 27.0774597444 558.369446801 186.846807406 256.55825543 0.862763165765 0.975048431854 8.41943414115 233.184498831 361.89404557 18886.5880586 41 1627.82885354 39.3780025253 238.309922779 23.6219974747 59.1711464671 13.1059544306
3552 25.5101890903 547.185215455 189.202246273 256.634805071 0.842007157252 0.744621034666 11.4053488412 230.373217896 361.950818926 18769.1583805 39 1631.10755448 39.3552100863 252.053326497 23.6447899137 55.8924455256 13.0491810745
3576 24.0406210356 542.146698677 186.886401963 256.710078567 0.843088161239 0.465832705538 5.31471581702 236.666284749 361.908771386 18614.5845281 39 1634.18894729 39.323702511 266.881288726 23.676297489 52.8110527146 13.091228615
3600.0 22.6641818999 526.18443251 193.775600519 256.783945967 0.837357376626 1.12010165125 11.2409581104 230.017636895 361.849993095 18425.8083349 68 1637.09381446 39.3013987209 285.187443212 23.6986012791 49.9061855487 13.1500069056
3624 21.5618078151 396.222024903 181.617578518 256.847838144 0.866747603185 0.618431578975 6.08910851463 235.577874159 362.869928948 18511.9617901 67 1639.511301 39.4613137629 216.667787986 23.5386862371 47.4886990037 12.1300710531
3648 20.7102113274 341.077424855 175.935330939 256.899931597 0.859238588633 0.870851085143 7.0941922389 234.275786491 363.451242283 18549.5653448 66 1641.35806062 39.5602626045 179.121284327 23.4397373955 45.641939388 11.5487577173
3672 19.9835803766 306.626984358 174.59884255 256.945835513 0.844396806982 0.217602197301 5.28418345627 236.707982027 363.770052967 18568.1731639 66 1642.92519248 39.6279538009 151.752233961 23.3720461991 44.0748075325 11.2299470331
3696 19.3372070408 288.717921545 173.428037655 256.986808541 0.818665374201 0.383036502852 2.85299226231 238.95849732 363.943694411 18562.5917197 66 1644.31356852 39.6588444217 134.709577729 23.3411555783 42.6864314931 11.0563055891
3720 18.7437880021 275.990842493 172.796609543 257.024670784 0.802381820529 0.539229663953 2.79871817816 238.834999554 364.052303495 18546.8727233 66 1645.58726236 39.6754331497 119.135747788 23.3245668503 41.4127376488 10.9476965058
3744 18.1903775851 265.905279001 172.127943053 257.060509238 0.793021552409 0.667882276469 6.34815779943 235.130429134 364.128512498 18512.4910664 66 1646.7757525 39.6855310763 113.377236525 23.3144689237 40.2242475112 10.8714875029
3768 17.6713180539 254.619966587 172.965412135 257.094887766 0.791327120811 0.808105603241 2.48413674224 238.821542768 364.186729129 18469.2970999 65 1647.89279393 39.7007071998 108.249849773 23.2992928002 39.1072060834 10.813270872
3792 17.1859836714 242.212506731 173.342838092 257.12799736 0.794902952449 0.951861729753 5.19966530191 235.925572656 364.252050891 18426.1014224 64 1648.9392915 39.7186222116 99.4012921993 23.2813777884 38.060708511 10.7479491093
3816 16.7304765921 236.865258048 173.567243179 257.16001847 0.785442548745 0.0836166092423 4.62190221012 237.349020163 364.285056975 18367.9895357 62 1649.92081466 39.7185621877 95.2286315018 23.2814378123 37.0791853471 10.7149430253
3840 16.2964217692 232.186221702 174.119016217 257.190498574 0.762053389794 0.276542032695 4.75879566564 237.012110338 364.288409363 18298.910932 62 1650.85680577 39.7147197633 91.3218778022 23.2852802367 36.1431942395 10.7115906375
3864 15.8825368527 225.917864471 174.672992195 257.219592888 0.747218776295 0.460640645875 4.68770985844 236.884837832 364.298916852 18222.2869301 61 1651.75126736 39.7187763099 89.5622083331 23.2812236901 35.2487326512 10.7010831483
3888 15.4859889025 222.097363742 173.731537266 257.247765732 0.739575686562 0.639078017402 6.44842110656 234.925159458 364.307337106 18136.322714 60 1652.60842065 39.7127760269 90.0713954233 23.2872239731 34.3915793606 10.6926628949
3912 15.1045077785 214.580379681 174.808579923 257.275396157 0.738083368414 0.746388468233 4.20949109842 237.030640908 364.305792018 18050.0669694 59 1653.43514845 39.7211764738 85.0553963447 23.2788235262 33.5648515627 10.6942079823
3936 14.7404906432 209.984606558 173.445100858 257.30241816 0.738896817654 0.766471752105 1.94022150273 239.251991767 364.315553617 17954.7388609 59 1654.22453392 39.7223780462 84.5398876153 23.2776219538 32.7754660907 10.6844463838
3960 14.3972343815 202.452088517 176.627096576 257.328567519 0.741394921494 0.85831398396 4.22165974889 236.850063827 364.315119996 17858.5885098 59 1654.97094328 39.7337577028 81.5211105945 23.2662422972 32.0290567253 10.6848800047
3984 14.0664866427 198.375484902 175.522851819 257.354505213 0.74716906818 0.958695016304 4.35926347942 236.580367224 364.301312822 17753.9010196 58 1655.68939006 39.7322571321 80.0985507041 23.2677428679 31.3106099492 10.6986871783
4008 13.7505397593 194.614191101 174.468460377 257.379961462 0.739533137289 0.130667839573 3.2042565446 238.545581017 364.2889289 17645.973719 58 1656.37655616 39.7302011791 78.1387165288 23.2697988209 30.6234438491 10.7110711006
4032 13.4467678236 192.703878697 174.93626182 257.404417181 0.720579614658 0.199805392527 2.154554757 239.520643055 364.261630369 17530.8723157 58 1657.03808825 39.731767337 75.8034767815 23.268232663 29.9619117596 10.7383696316
4056 13.1504143838 188.370521149 174.675932377 257.428225622 0.704406326898 0.280197142844 5.05620275536 236.530968153 364.212572191 17409.1544116 58 1657.68300429 39.7216607552 74.8078970985 23.2783392448 29.3169957163 10.7874278091
4080 12.8599680688 188.845527316 172.899664074 257.451615966 0.692767022042 0.412136351154 3.85970043848 237.583780222 364.169190013 17273.5572913 56 1658.31508861 39.7038070543 78.5141238698 23.2961929457 28.6849114018 10.8308099878
4104 12.5757480571 184.14030915 174.908216543 257.474701346 0.685138953669 0.525054489428 5.69510409578 235.620001116 364.106337065 17132.069124 56 1658.93499599 39.6976823398 82.052218053 23.3023176602 28.0650040222 10.8936629352
4128 12.304709876 177.058747917 177.301371879 257.497034754 0.682246683794 0.648269123119 3.29390314647 237.878546293 364.068168069 16989.8555279 56 1659.52895962 39.7177194237 84.3829994945 23.2822805763 27.4710403875 10.9318319315
4152 12.0516583914 170.41025595 178.902508886 257.518300161 0.682853612057 0.756470605748 2.54904411197 238.49333151 364.051997755 16851.785135 56 1660.08453579 39.7437157226 84.7712915391 23.2562842774 26.9154642178 10.9480022451
4176 11.8023931381 170.438294779 176.243225001 257.539749058 0.68562148766 0.784458106402 2.00041980917 238.989751539 363.98164648 16698.8771421 56 1660.62837983 39.7204381167 90.6003467232 23.2795618833 26.3716201748 11.0183535202
4200 11.5612453388 170.424657078 172.865291151 257.56103591 0.689476521806 0.8307807025 2.31866033368 238.600046532 363.965109031 16551.4146514 56 1661.15654539 39.7153448178 93.4761440066 23.2846551822 25.8434546186 11.0348909695
4224 11.325118999 165.240959236 172.108559925 257.582449014 0.694204446437 0.859176615831 1.66594113815 239.198228786 363.909770371 16402.4527428 55 1661.67391489 39.7128550435 97.5661678028 23.2871449565 25.3260851233 11.0902296299
4248 11.0924285326 165.211767406 170.652067189 257.604150802 0.699726597456 0.891567450369 3.04648263552 237.758072515 363.838999403 16243.7920705 55 1662.18330574 39.6943976878 102.197406145 23.3056023122 24.8166942649 11.1610005973
4272 10.8684734159 161.944275917 170.474275186 257.62566026 0.70667637086 0.958521853241 2.22140340726 238.487738109 363.798397231 16089.1827143 53 1662.67572008 39.7036940732 103.635815759 23.2963059268 24.324279928 11.2016027696
4296 10.6508908954 158.592458226 172.160937632 257.647217251 0.714727096843 0.986795262749 1.40634935943 239.244911031 363.725346777 15926.0524732 52 1663.15403041 39.7065283733 107.646826013 23.2934716267 23.8459696037 11.274653224
4320.0 10.4362621006 159.829203356 175.837377134 257.669163486 0.719666447988 0.0285413455155 3.62030539089 237.96232333 363.586464437 15748.3991969 80 1663.62436087 39.6803930141 111.411249436 23.3196069859 23.3756391373 11.4135355635
4344 10.2361971142 143.52575173 172.131740914 257.689781664 0.70111663231 0.115502620853 2.45520368014 239.038395403 363.583672341 15611.0475071 80 1664.06922963 39.7602401415 104.519968279 23.2397598585 22.9307703745 11.4163276599
4368 10.0530647408 136.538494556 170.346965779 257.708564829 0.686777387414 0.232840085501 5.74966692005 235.622150779 363.598946223 15471.7255471 80 1664.47476841 39.8010157901 97.8023070681 23.1989842099 22.5252315931 11.4010537779
4392 9.87809016352 132.014064663 170.006798829 257.726507277 0.676104694199 0.317492449171 3.92172880344 237.358166776 363.564850092 15329.9944257 78 1664.86105984 39.8201660352 91.0449646291 23.1798339648 22.1389401624 11.4351499085
4416 9.70885662954 130.870362295 169.628295108 257.743922459 0.668058072947 0.416219926084 3.95849838917 237.213301153 363.50820553 15179.2637406 77 1665.2343376 39.8260081983 88.0271157604 23.1739918017 21.7656624099 11.4917944709
4440 9.5430155602 128.419060265 168.891948994 257.761110216 0.662304524287 0.465754523334 3.06845818561 238.042372551 363.435396656 15026.9905163 74 1665.59952078 39.8156351378 85.4303750702 23.1843648622 21.4004792276 11.5646033447
4464 9.383157296 125.313455932 168.512200819 257.777834016 0.65784671135 0.507246281295 2.07003570776 238.987037283 363.385529549 14877.0980828 74 1665.95297171 39.8327899903 80.3490267629 23.1672100097 21.0470282928 11.614470452
4488.0 1009.22745961 124.152168919 168.335342514 257.794300541 0.654424630765 0.536432970989 2.03533833388 238.979503524 363.300218396 14717.9801302 72 1666.29622398 39.8213674403 80.5454807768 23.1786325597 20.7037760321 11.6997816042
4512 810.743567676 3220.88232667 150.948737503 258.038844659 0.942044014418 3.10053377562 26.5892651895 211.329312362 346.322301308 20142.5506199 72 958.042331288 42.1076853908 31.8813581498 20.8923146092 728.957668724 28.6776986925
4536 600.963172582 3793.39582752 158.575985032 258.321484118 0.88253361897 4.98067302794 36.4849564758 199.33035276 346.706656997 24596.6679142 71 1040.69670612 40.8693016332 29.6585421022 22.1306983668 646.303293895 28.2933430031
4560 456.701343202 3718.87123509 164.533036385 258.791330487 0.726553504332 5.3995075155 32.6484633749 202.434145119 349.818763257 28412.2882845 71 1121.42789215 40.3898324889 39.68377424 22.6101675111 565.572107862 25.1812367432
4584 360.476969797 3422.79988723 168.668393463 259.074793537 1.27330760221 4.38621436029 30.4637570714 204.80192743 353.019733506 31699.2448988 71 1191.40442749 40.1458446075 38.7636152866 22.8541553925 495.595572525 21.9802664944
4608 295.035301605 3095.45278216 170.29084447 259.295226262 0.61216910911 7.00277057786 26.6944707585 206.395363293 355.82995694 34541.4321881 71 1249.02599351 40.0087888928 48.7229455923 22.9912111072 437.974006505 19.17004306
4632 248.854905498 2786.09476874 172.703305721 259.572846656 0.308900221249 3.45816179342 26.0118046569 210.648286674 358.128610036 37042.7813504 71 1295.80719142 39.9255888842 50.2114962248 23.0744111158 391.192808592 16.8713899638
4656 214.992163099 2525.75117773 174.828314094 259.706189524 0.833254125684 2.90989847893 21.7403130054 214.810344867 359.952957237 39251.8970427 70 1333.89615811 39.8684582893 51.6678254085 23.1315417107 353.103841902 15.0470427628
4680 189.137637512 2310.70649227 173.796794848 259.872454752 0.882333557802 0.299786031089 13.3147452475 225.630680412 361.374217567 41201.7278044 70 1365.40690359 39.822419189 46.5975193541 23.177580811 321.593096423 13.6257824337
4704 168.984351409 2114.33669833 174.257293876 260.018117966 0.838152790755 0.643922375005 12.7463947375 225.753412132 362.608983287 42969.4524057 70 1391.62092523 39.7976575154 49.9858948625 23.2023424846 295.379074781 12.3910167135
4728 152.807193962 1957.58884513 174.439781941 260.146805431 0.882931566602 1.73720813373 13.1249669786 224.108087891 363.572065683 44560.5359499 68 1413.75629328 39.7721715941 48.3997313698 23.2278284059 273.243706736 11.4279343172
4752 139.519697332 1825.10909298 175.246016958 260.271548024 0.947789134585 1.381418184 11.8642805044 225.534964154 364.355766292 45998.3064554 67 1432.72279857 39.7495906736 61.823024221 23.2504093264 254.277201437 10.6442337087
4776 128.39248165 1715.40687576 175.335562272 260.390594558 0.955909592799 0.815096211756 8.37621424015 229.462185398 365.012432841 47314.38923 67 1449.18160077 39.7291541927 65.4744675504 23.2708458073 237.818399244 9.98756715914
4800 118.958741559 1614.80077726 176.513813756 260.497473054 0.912769189895 0.951462118063 15.2279881113 222.410307527 365.576461358 48533.5222279 67 1463.56949832 39.7122631058 66.6936735008 23.2877368942 223.430501695 9.42353864227
4824 110.883509604 1521.16513095 175.296047797 260.592722581 0.891787650814 0.933773665928 8.19459463173 229.387121471 366.096912789 49671.0642181 67 1476.22138574 39.7031095673 63.4506832671 23.2968904327 210.778614275 8.90308721074
4848 103.871146534 1438.10501526 179.656791271 260.679727214 0.87382265754 0.710958155817 6.80221947006 230.933272503 366.522130946 50704.9393088 66 1487.45783933 39.693731601 68.0168495448 23.306268399 199.542160684 8.47786905407
4872 97.723021627 1385.11635408 179.058061289 260.759406743 0.856526030391 0.400731874748 10.0550480222 227.928287331 366.863108468 51649.5048221 65 1497.49758379 39.6741229113 73.2840316237 23.3258770887 189.502416218 8.1368915323
4896 92.245503535 1315.39260846 176.499241856 260.832768259 0.841367917836 0.103475562233 7.09883613556 231.123552126 367.191642145 52553.2991814 64 1506.60941903 39.6636043178 68.1385377192 23.3363956822 180.39058098 7.80835785517
4920 87.3486798534 1264.70887924 177.779467943 260.899890982 0.809619235482 0.797948214703 8.10220205612 229.390339512 367.465212347 53368.2293211 64 1514.88467738 39.6499936912 64.9523832439 23.3500063088 172.115322634 7.53478765328
4944 82.9862486566 1205.00210359 177.239707211 260.961558965 0.78562239846 0.417611064356 8.06056606898 229.774641504 367.762041691 54140.157122 64 1522.37616089 39.6488230638 70.4824807725 23.3511769362 164.623839126 7.23795830934
4968 79.0544849618 1155.48353043 179.798981846 261.018223261 0.775855872291 0.827506039433 6.44490237103 230.933512457 367.997572462 54858.9160139 64 1529.21092052 39.643776987 72.1343305797 23.356223013 157.789079493 7.00242753837
4992 75.5112241281 1105.01607881 178.683940649 261.072015049 0.786664671666 0.286571635932 9.71547040029 228.139278244 368.235682339 55549.3888937 64 1535.44599197 39.6420796885 69.4147286829 23.3579203115 151.55400804 6.76431766152
5016 72.2909866127 1056.10980183 178.610370665 261.122830763 0.774433095565 0.843955018212 6.05188717774 231.206893946 368.452480337 56198.7374269 64 1541.17467399 39.6436269261 70.1013377285 23.3563730739 145.825326021 6.54751966326
5040.0 69.3477093529 1028.53873991 177.943296084 261.171140826 0.763706775659 0.156686347856 5.15774091304 232.750725138 368.611935298 56795.6258574 93 1546.4527316 39.6312654037 71.9894441156 23.3687345963 140.547268416 6.38806470219
5064 66.6916567179 958.151971721 176.287381305 261.215022948 0.737850339016 0.484201705942 7.39402278188 230.168902226 368.860756289 57437.6396698 92 1551.28426111 39.6596504611 52.5827299218 23.3403495389 135.715738903 6.13924371137
5088 64.3082214086 911.013442758 175.598405882 261.255124039 0.734374546496 0.814679744753 5.61692059508 231.578901076 369.076784947 58038.7727195 91 1555.64744568 39.6761793486 43.1066713322 23.3238206514 131.35255434 5.92321505362
5112 62.1264374975 875.723615759 175.324650397 261.293330162 0.742927111365 0.996728797899 5.43407693529 231.532936994 369.238178009 58604.5641854 91 1559.66377325 39.6812226119 38.964865954 23.3187773881 127.336226766 5.76182199145
5136 60.1101087812 844.399899047 175.221509318 261.32951192 0.71633841447 0.176100373977 2.8231570875 234.954892205 369.381317155 59143.1755969 89 1563.399408 39.6849697366 37.2296125025 23.3150302634 123.600592012 5.61868284565
5160 58.2359632255 820.607937937 175.852796658 261.362994695 0.694585100463 0.339065304293 5.76756463281 231.835790268 369.497395633 59651.2245276 88 1566.89082934 39.6827954853 36.173630829 23.3172045147 120.109170678 5.50260436748
5184 56.4806310495 800.243673 175.879983515 261.39455839 0.681282585173 0.442420144376 2.42912387945 235.052615002 369.600002556 60130.0800563 87 1570.17890507 39.6782005229 36.0376957715 23.3217994771 116.821094948 5.39999744374
5208 54.8313986452 777.11502765 176.606176971 261.424652801 0.673903295202 0.591265021109 4.63904910383 232.671129779 369.700947687 60589.5957929 85 1573.28670056 39.677797646 33.3275147003 23.322202354 113.713299459 5.29905231322
5232 53.2865383869 759.703103075 175.763734341 261.453509268 0.673425011642 0.736309141688 4.46181175913 232.67494482 369.796782698 61019.9331964 84 1576.21209025 39.6740330542 38.1553844422 23.3259669458 110.787909766 5.20321730204
5256 51.8238272637 740.740645815 175.49858285 261.481719493 0.678836217155 0.873282909725 4.01765128086 232.9485101 369.880121414 61434.2828669 84 1578.99516619 39.6707054919 38.5300216161 23.3292945081 108.004833822 5.11987858578
5280 50.4465166488 719.581398626 175.407933733 261.509331276 0.688556838524 0.976286432204 4.3086888361 232.517136618 369.970477928 61836.222547 84 1581.62991098 39.6728181102 36.8831105031 23.3271818898 105.37008904 5.0295220717
5304 49.1495764192 703.411134649 175.37853644 261.536463995 0.6964103873 0.109191139206 4.2276617335 233.430272745 370.050521508 62217.7445558 83 1584.12079453 39.6715375996 35.2733690504 23.3284624004 102.87920549 4.94947849252
5328 47.9187418305 690.008197289 175.39714798 261.562570519 0.676893489177 0.225938829422 3.0194925829 234.51510458 370.11490879 62577.3543128 83 1586.49298405 39.6653886041 34.1549537379 23.3346113959 100.507015961 4.8850912103
5352 46.7501981619 671.974073345 175.419146572 261.587355719 0.662425050901 0.325265126195 2.59453135307 234.830422751 370.188352147 62921.5522885 81 1588.755876 39.6666526289 36.8207816944 23.3333473711 98.2441240155 4.81164785286
5376 45.6390849988 662.57533901 175.922919368 261.611059059 0.652156778105 0.42192611567 2.93894537035 234.375912678 370.24146211 63245.6107978 80 1590.91335937 39.6583542879 33.7916688608 23.3416457121 96.0866406449 4.75853789066
5400 44.5784449865 645.297697518 175.657532325 261.633933715 0.645386301945 0.494916568746 2.129600198 235.096163217 370.308838189 63557.3317575 78 1592.98252822 39.6604384134 34.9408782152 23.3395615866 94.017471793 4.69116181124
5424 43.5691318495 636.942329343 176.524367366 261.656029326 0.641360355444 0.545788529105 2.13959352828 235.017228262 370.357187032 63844.0580165 78 1594.95628523 39.6529170673 38.5944793271 23.3470829327 92.0437147834 4.64281296852
5448 42.6054248495 620.287049846 176.432516888 261.677511253 0.639675321093 0.628028058908 2.89055748553 234.164227882 370.417629753 64121.9213475 77 1596.84946628 39.6565920417 46.2433236678 23.3434079583 90.1505337365 4.5823702471
5472 41.6881953171 608.485856596 176.396535431 261.698402783 0.640709491469 0.717723452609 3.40428516264 233.538879111 370.472141773 64396.491196 77 1598.65609571 39.656228391 42.9156074784 23.343771609 88.3439043045 4.52785822742
5496 40.8077206531 599.084041842 175.887134536 261.718969543 0.644224849357 0.776329525921 1.82436329217 235.03611279 370.515764304 64644.7758782 77 1600.39426902 39.6503342481 49.1762589154 23.3496657519 86.6057309937 4.48423569664
5520 39.9617897754 589.692833707 176.720091214 261.739285063 0.649096946998 0.821040219451 2.12585181661 234.664725954 370.555347506 64886.7291871 76 1602.06892308 39.6445119246 47.543180545 23.3554880754 84.9310769372 4.44465249404
5544 39.1488781334 579.100246236 176.05581863 261.759384764 0.655072442551 0.864541951207 2.28530678596 234.435694057 370.598168414 65116.2466015 76 1603.68362186 39.6428720367 47.5610953943 23.3571279633 83.3163781543 4.40183158602
5568 38.3714498929 567.495822117 175.813133271 261.779196818 0.662151627391 0.920148200598 2.24128374292 234.397219611 370.646200526 65338.140709 74 1605.23241993 39.6433148321 45.8413230404 23.3566851679 81.7675800818 4.35379947411
5592 37.6248084728 557.726800083 176.307887317 261.798831805 0.670422806656 0.987071297136 5.02537534688 231.518298745 370.68748731 65539.8571286 74 1606.72365504 39.6444750842 51.4051207709 23.3555249158 80.2763449739 4.3125126898
5616 36.9073362762 547.196764825 176.503341477 261.818212042 0.664980781537 0.076115959172 2.6650452287 234.775645989 370.726269449 65737.0131507 73 1608.15981603 39.6432584652 53.0393156211 23.3567415348 78.8401839859 4.27373055078
5640 36.2176785335 544.023342364 176.012715459 261.836806792 0.64999588405 0.180435227609 2.16595086654 235.16681123 370.753769997 65922.6972971 72 1609.54195693 39.6321924377 50.0386555408 23.3678075623 77.4580430887 4.24623000283
5664 35.5491160771 532.972027844 177.139627266 261.854795845 0.637571198102 0.224773742498 1.69854802647 235.584311188 370.784795457 66097.6727069 72 1610.88640532 39.63258693 48.9894777277 23.36741307 76.1135946959 4.21520454301
5688 34.9057221763 523.379383842 177.489799421 261.872117073 0.627208123204 0.283524978186 2.06702312091 235.150126706 370.818433111 66258.9002858 72 1612.1833058 39.6332156111 52.2321622084 23.3667843889 74.8166942114 4.18156688936
5712 34.2872690498 515.04785712 176.877335278 261.88881666 0.618536721318 0.324246945709 3.32996570878 233.838433965 370.855701797 66411.2676209 70 1613.4325498 39.6323143066 57.1920130895 23.3676856934 73.5674502203 4.14429820315
5736 33.6874432129 512.676769255 176.66527885 261.905098852 0.6119789973 0.414331290571 3.4077492003 233.66084166 370.872842116 66550.3422208 69 1614.64472989 39.620651116 59.6413730066 23.379348884 72.3552701277 4.1271578846
5760.0 33.1066621193 501.780898506 176.674385558 261.92100445 0.607830115789 0.482518434255 1.43092250443 235.557724496 370.910337957 66689.6484416 98 1615.82338767 39.6258170055 60.2874494936 23.3741829945 71.1766123499 4.08966204296
5784 32.5524811937 484.752514194 176.104171921 261.93635878 0.605051576678 0.50833515417 1.35450897432 235.595745515 370.940532213 66842.908549 96 1616.95179041 39.6407252645 51.8344460473 23.3592747355 70.0482096106 4.0594677871
5808 32.0245360848 473.046443475 175.841732728 261.951174261 0.603259130568 0.553494435834 1.04907347564 235.842998698 370.984003682 66985.5359968 96 1618.02795148 39.6497591515 47.0697419979 23.3502408485 68.9720485375 4.01599631786
5832 31.5150933538 464.415110091 176.334615599 261.965672014 0.602317498646 0.582355244275 2.66195783445 234.187697409 371.0126687 67117.110535 95 1619.06706306 39.652259445 41.7753543754 23.347740555 67.9329369596 3.98733129985
5856 31.0238791014 456.120990079 175.906847725 261.979864916 0.602532082263 0.641143192114 2.0958583916 234.680601419 371.043897811 67240.3948648 95 1620.07078469 39.6551382216 39.4340116484 23.3448617784 66.9292153285 3.9561021889
5880 30.5498808106 449.586104799 175.741242327 261.993792272 0.603668281187 0.665752694168 2.48434634441 234.252440409 371.070960865 67357.1262123 93 1621.04051369 39.6548080373 36.5549080392 23.3451919627 65.9594863298 3.92903913449
5904 30.0904012716 443.869176741 175.687379213 262.007535996 0.605777589018 0.728936118122 3.7068393349 232.950910963 371.09224189 67462.6006661 93 1621.98175272 39.6529129714 37.08315428 23.3470870286 65.0182473024 3.90775810956
5928.0 1029.64481028 436.321552934 175.664927804 262.021124671 0.608726595972 0.754294438347 1.9187364574 234.697117837 371.120650735 67566.3139877 90 1622.89665961 39.6570262239 34.7154535018 23.3429737761 64.1033404123 3.87934926463
5952 953.42957484 3644.57318692 157.274737105 262.092335215 0.612667756822 0.411118301688 9.75650268059 227.127376045 364.259902505 73065.7281992 89 920.106239036 42.1778001428 19.7449949063 20.8221998572 766.893760987 10.7400974945
5976 845.00176636 4503.33510994 161.194200846 262.208811755 0.672674952532 0.65183514746 12.7016701733 223.765007972 362.690036246 78026.6579178 89 950.553461737 41.211572163 16.1342683087 21.788427837 736.446538285 12.3099637536
6000 744.912829459 4680.35768647 164.954600782 262.347717834 0.818345107064 2.01766226502 14.9328405245 219.883434269 362.87066101 82731.056807 86 984.403036873 40.8417430068 18.0365202477 22.1582569932 702.596963149 12.1293389898
6024 660.210106322 4603.89237532 167.148673755 262.507026511 0.942321320847 1.83438145516 12.3064802422 222.409790471 363.547035361 87196.7594677 84 1018.23109568 40.6363572165 23.6173993293 22.3636427835 668.768904345 11.4529646383
6048 589.830631146 4465.44234292 169.135837256 262.66445658 0.919608508276 1.14000306856 16.2766542863 218.999277557 364.280460807 91396.8192397 81 1050.7088115 40.4893786804 27.4713387493 22.5106213196 636.291188524 10.719539193
6072 531.330562248 4289.29593547 170.083865217 262.810113771 0.93961135877 1.445288909 15.1970935992 219.607892362 365.002672474 95381.5699348 81 1081.32264734 40.3807568487 28.4148167974 22.6192431513 605.677352682 9.99732752603
6096 482.331712788 4118.78852982 171.476931714 262.948295322 0.942866718073 0.61920373393 15.6998804962 219.789753729 365.653794813 99142.4000449 80 1109.91804819 40.2923317607 27.4665996261 22.7076682393 577.081951829 9.34620518688
6120 440.929814853 3938.42426371 173.135774603 263.074779924 0.946651906819 1.5004601958 15.3234525485 219.154655425 366.255182109 102712.020252 79 1136.50139316 40.2237333411 27.4644598568 22.7762666589 550.498606858 8.7448178906
6144 405.657113853 3773.0625365 173.238042597 263.193654114 0.939798835599 0.915179022883 10.6630355251 224.288332502 366.790398198 106098.920919 79 1161.12054447 40.1646809462 28.2975701448 22.8353190538 525.879455554 8.20960180132
6168 375.327101258 3618.75232794 173.538302067 263.300999122 0.915635915486 1.24569716677 12.2423317312 222.295336064 367.265515702 109313.088757 79 1183.90765667 40.1137671462 30.56280991 22.8862328538 503.092343351 7.73448429727
6192 349.011819042 3478.33342238 173.390245325 263.402336337 0.926852241604 0.19828937259 8.70191396239 226.770608086 367.694919208 112366.660699 75 1205.0145901 40.0699432844 32.5991788074 22.9300567156 481.985409921 7.30508079123
6216 325.977803136 3347.64866171 174.046851348 263.495018617 0.897486868481 1.01914505068 7.00392769308 227.584421771 368.065435989 115271.833013 75 1224.59637956 40.0294400745 43.7014952506 22.9705599255 462.403620467 6.93456401064
6240 305.644886021 3237.45070322 173.999621825 263.579220696 0.852075573948 0.643574478773 6.39869902774 228.526430223 368.391462446 118041.034395 74 1242.80837414 39.9902429518 39.7030850048 23.0097570482 444.19162588 6.60853755381
6264 287.582919239 3127.7260448 174.888275002 263.656908597 0.855080619287 0.251746258745 8.46061715179 226.775647373 368.693413537 120674.415354 72 1259.77485118 39.957890666 43.6873009018 23.042109334 427.225148838 6.30658646282
6288 271.444393537 3018.11320694 174.647004323 263.729755185 0.837298748903 0.986181896888 9.22519874972 225.22156542 368.970818222 123195.162808 72 1275.60135581 39.929581175 48.9472832488 23.070418825 411.398644211 6.02918177746
6312 257.001898681 2917.36229343 177.020905584 263.799161823 0.846407259731 0.754180868387 11.758174593 222.842075456 369.2299172 125605.011983 71 1290.33203625 39.905956657 54.6885914886 23.094043343 396.667963774 5.77008279939
6336 243.971317075 2831.43512722 178.067429333 263.864622676 0.820628282538 0.373308128749 4.76817927488 230.173261637 369.451628756 127908.2451 71 1304.09943622 39.8801962612 56.9847818174 23.1198037388 382.900563806 5.54837124363
6360 232.130311043 2745.54202094 177.057858443 263.924874366 0.798770874091 0.746525005129 7.46630349645 227.063526258 369.656346297 130116.574443 71 1317.02679231 39.8574228569 55.4576206011 23.1425771431 369.973207711 5.34365370226
6384 221.375579504 2654.02837891 176.393229006 263.981666451 0.787956656521 0.227223420582 7.10665524394 227.896498227 369.862799565 132242.934522 71 1329.13383102 39.8418149283 53.0294305049 23.1581850717 357.866168999 5.13720043464
6408 211.577076754 2576.03682024 176.653950037 264.034333019 0.7696317984 0.755279003236 5.92040331323 228.520352866 370.046703108 134274.996373 70 1340.47213899 39.8252104938 58.7079778948 23.1747895062 346.527861036 4.95329689149
6432 202.589042155 2506.94472882 175.957617646 264.084589771 0.777025033392 1.04752228329 6.47594822006 227.614914692 370.212865603 136236.496028 70 1351.14110313 39.8084407939 53.8290838854 23.1915592061 335.858896893 4.78713439618
6456 194.367561832 2420.68180922 176.189773206 264.133158701 0.774822784879 0.442555363735 6.15715857756 228.492304572 370.390260045 138141.40262 70 1361.14313185 39.8014161222 53.1054314968 23.1985838778 325.856868168 4.60973995458
6480.0 186.794105729 2351.10930419 176.685379605 264.178938992 0.763530778262 0.702076466811 6.54897047902 227.806483284 370.534890165 139963.963183 99 1370.55489511 39.7890550099 48.8557263132 23.2109449901 316.445104907 4.46510983423
6504 179.908864807 2222.48596518 176.857950373 264.221988258 0.767095823581 0.934793095012 5.18437377874 228.891749045 370.736675606 141824.962145 98 1379.31371193 39.8074289499 31.5816919477 23.1925710501 307.686288085 4.26332439312
6528 173.653847723 2136.36876727 176.624769324 264.262613312 0.75332346864 0.219706898939 6.00731290265 228.757043418 370.905449571 143614.194358 98 1387.40929927 39.8133826501 24.3002904497 23.1866173499 299.590700743 4.09455042824
6552 167.886867717 2067.97140778 175.987059635 264.30020366 0.732861738382 0.455323219065 3.3886933172 231.122918066 371.041404847 145348.073205 97 1394.99525938 39.8120801983 19.7033978104 23.1879198017 292.004740636 3.95859515242
6576 162.528869732 2012.71793077 175.781547161 264.335607857 0.724384076394 0.668874561028 5.3118221582 228.959311348 371.156564989 147022.234742 97 1402.15315511 39.806828539 20.4569887567 23.193171461 284.846844909 3.84343501021
6600 157.526098269 1959.72724412 175.740445136 264.369568516 0.724974835767 0.812930497767 3.93719043359 230.155335717 371.263363269 148652.642254 96 1408.9369417 39.801824542 19.4130828725 23.198175458 278.063058316 3.73663672995
6624 152.843279021 1917.27015686 176.677175795 264.402528293 0.7323969463 0.967759718492 4.13898906374 229.758325979 371.356075768 150228.155108 96 1415.37466232 39.7938182142 21.2855154597 23.2061817858 271.625337693 3.64392423138
6648 148.437228097 1875.76438878 176.153449678 264.43488018 0.736757041702 0.114576649601 5.03932161436 229.674464515 371.440746635 151758.147612 94 1421.51202309 39.7852233415 22.982658944 23.2147766585 265.487976931 3.55925336465
6672 144.289357386 1835.29325485 176.000529995 264.465689217 0.71370647136 0.233734899002 1.76064801092 232.826221402 371.52472046 153246.946646 90 1427.36372827 39.778261069 24.2372722186 23.221738931 259.636271749 3.47527953968
6696 140.371717565 1802.42430842 175.990871783 264.494780141 0.696378135648 0.359063867527 4.17022510053 230.279552755 371.598046579 154686.12745 90 1432.95543467 39.7691160469 26.4264155055 23.2308839531 254.044565349 3.40195342064
6720 136.66836199 1763.11117494 177.429723855 264.522473572 0.685254924449 0.439228117535 0.376903284234 233.976140102 371.67287899 156093.159514 89 1438.30339115 39.7637105865 26.8496412442 23.2362894135 248.696608869 3.32712100972
6744 133.163254379 1727.19566798 176.584825665 264.549006753 0.677100884755 0.543394899123 6.26344364386 227.967053819 371.74299891 157458.898222 87 1443.41941231 39.758109314 32.358449153 23.241890686 243.580587711 3.25700108929
6768 129.842376504 1694.60797418 176.307164556 264.574608007 0.67569326911 0.730955642837 6.70899773961 227.309745341 371.809914159 158795.89976 86 1448.31627421 39.7521620342 28.9874669418 23.2478379658 238.683725804 3.19008584054
6792 126.687297596 1666.42253862 176.243395776 264.599603036 0.679460195804 0.807833792656 3.13048612464 230.782616851 371.869916508 160089.257983 82 1453.0130703 39.7444459265 28.1354630111 23.2555540735 233.986929717 3.13008349131
6816 123.684966632 1635.99819163 176.255365382 264.624151313 0.68587453988 0.920418838862 4.25623584521 229.513319464 371.928530631 161347.15139 81 1457.5250787 39.7386611687 29.9839201738 23.2613388313 229.474921318 3.07146936821
6840 120.818048275 1611.97537822 177.03344737 264.648440283 0.695278269832 0.974959417206 2.30143562907 231.379886401 371.976550883 162562.28909 79 1461.87015007 39.7291018602 32.0933643296 23.2708981398 225.129849946 3.0234491164
6864 118.085681055 1579.7995162 177.383324234 264.672467236 0.705327516176 1.00889673127 2.18246855268 231.430839964 372.033699424 163756.067393 78 1466.04992804 39.7263896666 33.2165668951 23.2736103334 220.950071975 2.96630057557
6888 115.480682386 1554.58831736 178.180903847 264.695753617 0.685936214902 0.122856990699 1.79343793886 232.702015238 372.083703044 164913.446144 77 1470.06620624 39.7204831121 35.5809640734 23.2795168879 216.933793781 2.91629695476
6912 112.986335321 1534.38555728 177.105774824 264.717934714 0.668924862888 0.194255552862 2.31987582765 232.099009042 372.126357328 166038.622659 77 1473.94052808 39.7119099839 39.0876503679 23.2880900161 213.059471936 2.87364267142
6936 110.591186662 1516.00390149 178.967920384 264.739201545 0.655011286571 0.281836081347 4.66294957794 229.661001509 372.16529889 167127.252086 75 1477.68900049 39.7035465408 42.0169899526 23.2964534592 209.31099953 2.83470110877
6960 108.293486554 1488.67173427 179.675657946 264.759666822 0.645279922583 0.392627038294 3.79746917156 230.404957046 372.209117126 168194.59127 75 1481.31283069 39.6994223491 44.9952046394 23.3005776509 205.687169325 2.79088287283
6984 106.093525284 1469.69936042 178.13579932 264.779433788 0.639518496135 0.510626675285 1.74149213776 232.328928903 372.250222467 169236.134813 75 1484.80575912 39.6922798937 45.4500836235 23.3077201063 202.194240894 2.7497775321
7008 103.984603457 1445.54526911 179.353155362 264.798641744 0.636216688718 0.54917438682 2.68138099059 231.33458619 372.294375025 170258.48668 75 1488.17857343 39.6906879184 42.6479792467 23.3093120816 198.821426588 2.70562497463
7032 101.95913874 1422.07820142 178.194755296 264.817382369 0.634385589424 0.610259957923 3.42933346699 230.508638617 372.332477245 171253.062049 73 1491.43735408 39.6854768857 43.0311148765 23.3145231143 195.562645935 2.66752275435
7056 100.017183714 1396.15216277 178.262005911 264.835679624 0.634459788662 0.662359731276 4.0353468023 229.832154054 372.376372332 172225.526771 73 1494.58319198 39.6851467261 46.7066434475 23.3148532739 192.416808035 2.62362766761
7080 98.1461204628 1388.5497666 177.993327257 264.853674396 0.636350865572 0.725392072495 1.49286003992 232.291722626 372.403765847 173158.310378 73 1497.62851838 39.6745955183 53.0497855728 23.3254044817 189.371481635 2.59623415239
7104 96.3412036188 1361.55152119 178.320398261 264.871429981 0.639343287403 0.778584896701 1.85316138157 231.857480453 372.44244877 174091.168251 73 1500.58673315 39.6747198464 53.9296006375 23.3252801536 186.41326687 2.55755122961
7128 94.6041306538 1348.24001357 178.067213152 264.888937512 0.643928806885 0.855978149847 6.03158439534 227.579571136 372.4715703 174994.36035 73 1503.44722221 39.6670371658 50.7734129266 23.3329628342 183.552777808 2.52842969943
7152 92.9277053943 1327.82630205 178.460368464 264.9062947 0.650705921485 0.923563437186 2.11186120145 231.40757474 372.503694469 175876.709624 72 1506.22412204 39.6640255689 50.3870823576 23.3359744311 180.775877977 2.49630552999
7176 91.3120464214 1312.5054561 178.970343397 264.923510555 0.658147718731 0.949135577422 1.15430413454 232.314902014 372.53338903 176730.177291 71 1508.91388096 39.6591072041 54.4204294754 23.3408927959 178.086119059 2.46661096924
7200.0 89.7493068192 1300.22172286 179.272251482 264.940650712 0.665851399545 0.983440796073 4.08078631483 229.329270778 372.559705287 177562.97264 101 1511.52813046 39.6529618715 58.2428194264 23.3470381285 175.471869552 2.44029471236
7224 88.2556100052 1248.41599611 177.780438959 264.95745143 0.662894229566 0.0428273346686 2.82098610612 231.5158409 372.609615115 178446.790008 98 1514.04671692 39.6718349268 42.7782355384 23.3281650732 172.953283094 2.39038488411
7248 86.8420499061 1215.66617119 177.709332999 264.973331762 0.648754807141 0.101419828607 3.3751107441 230.901382858 372.659394034 179305.211602 96 1516.43948853 39.6837459705 34.20120649 23.3162540295 170.560511486 2.34060596552
7272 85.485766746 1195.08183537 177.117746889 264.988506291 0.636929498667 0.173034161509 0.755833534705 233.445696515 372.693963753 180138.138464 94 1518.74228255 39.6853120492 30.3927323539 23.3146879508 168.257717466 2.30603624594
7296 84.1753992456 1177.06130822 176.908601898 265.003143467 0.626648984841 0.202361848729 1.11469923849 233.053146461 372.722386741 180948.467469 93 1520.97577112 39.6848053463 31.023066447 23.3151946537 166.02422889 2.27761325878
7320 82.9108171437 1160.37667264 176.830536102 265.017267039 0.617641419722 0.254005396796 3.31756122079 230.793524924 372.751398915 181745.422265 91 1523.14039821 39.6849688971 32.3530153384 23.3150311029 163.859601801 2.24860108442
7344 81.6860614154 1144.58117188 176.814119796 265.030966814 0.609868698109 0.279495499688 2.48052180529 231.599147184 372.776549255 182530.695818 89 1525.24463087 39.6832232304 29.1562577165 23.3167767696 161.755369138 2.22345074482
7368 80.5020182045 1129.16287997 177.433442047 265.044248934 0.603177676199 0.315618358567 1.52129339323 232.515661639 372.802900499 183301.494722 88 1527.28737697 39.6832922467 26.6491429414 23.3167077533 159.712623041 2.1970995002
7392 79.3550404302 1116.55870277 177.862104659 265.057169576 0.597471805037 0.349788284834 1.47577366116 232.519796673 372.825437151 184051.419134 86 1529.27283457 39.6804790847 28.6655633958 23.3195209153 157.727165439 2.17456284791
7416 78.2392327274 1107.04017649 177.226107589 265.069808115 0.592685809916 0.383505880875 1.36245740713 232.591542787 372.843490058 184783.42475 86 1531.21057936 39.6746460787 30.6298968823 23.3253539213 155.789420656 2.15650994113
7440 77.1517366693 1095.87424105 177.021968278 265.082207849 0.588572664168 0.403765248678 1.21707173524 232.708382504 372.862537111 185502.620779 85 1533.10627088 39.6707128584 28.7489016333 23.3292871416 153.893729135 2.13746288856
7464 76.0962419161 1079.914783 177.765258993 265.094331802 0.585088561866 0.442975290709 2.9545456151 230.923058731 372.885603837 186210.114762 82 1534.95368356 39.6714391672 28.22768692 23.3285608328 152.04631645 2.11439616231
7488 75.0686061655 1074.00516818 177.250680365 265.106237668 0.582541642566 0.468313020246 1.65458631938 232.188321351 372.901046659 186888.820066 82 1536.7566613 39.6642026464 33.4942072458 23.3357973536 150.243338716 2.09895334055
7512 74.0695773281 1059.2672805 177.763462637 265.117923872 0.580608667532 0.5075882246 3.25547768662 230.53840155 372.922687771 187569.117359 81 1538.51689278 39.664628858 33.4622468753 23.335371142 148.48310723 2.07731222881
7536 73.0973031008 1051.64996726 178.657406186 265.129419966 0.579586548941 0.55006134325 1.78289145125 231.958040691 372.938259258 188229.103058 79 1540.2343559 39.6600572882 32.3591766949 23.3399427118 146.76564411 2.06174074091
7560 72.1501120779 1037.0022294 178.589686877 265.140756108 0.579474278159 0.601401400155 2.23009069811 231.448277516 372.958190942 188877.587528 78 1541.91367433 39.6598883035 35.6487706224 23.3401116965 145.086325682 2.04180905698
7584 71.2270053164 1035.795295 177.615667354 265.15195504 0.580216322862 0.633052601047 2.65601402559 230.978762011 372.969900879 189503.013654 78 1543.55342747 39.6504147159 39.1794647544 23.3495852841 143.446572538 2.03009912003
7608 70.3264536523 1024.35762579 178.166375208 265.163040373 0.581497016899 0.666271427736 3.0236016171 230.565589566 372.988575976 190127.726753 78 1545.15968095 39.649741464 39.8461128168 23.350258536 141.840319059 2.01142402384
7632 69.4476408332 1013.61431533 177.493098341 265.174026203 0.583412519107 0.691465382791 0.353007047494 233.198088848 373.004343967 190739.922147 78 1546.73121281 39.6472886499 40.713925158 23.3527113501 140.268787204 1.99565603217
7656 68.5891401802 1005.21391486 178.391201877 265.184931141 0.585575506954 0.7181473564 3.63089331069 229.880452686 373.017675646 191334.230965 76 1548.27049939 39.6431535687 40.3880885729 23.3568464313 138.729500625 1.98232435345
7680 67.7511412306 995.844677708 179.512031487 265.195753486 0.588337098322 0.750108315302 1.84514022677 231.620660874 373.03247305 191914.401835 76 1549.77764682 39.6411925797 41.3458194049 23.3588074203 137.222353187 1.96752694923
7704 66.9336408531 985.40498043 179.030105773 265.20649461 0.591417644047 0.76179033129 1.0451212979 232.395176117 373.046247881 192485.558257 76 1551.25165756 39.638051009 42.7001147035 23.361948991 135.748342449 1.95375211825
7728 66.1359648282 975.93904514 178.427664066 265.217158833 0.594641635851 0.781544549409 1.17559741774 232.231057565 373.061859352 193044.650584 75 1552.69402766 39.6362035543 47.7246077426 23.3637964457 134.305972354 1.93814064751
7752 65.3549963097 970.119976447 178.918908302 265.227784362 0.598049816116 0.798608464477 2.27205831721 231.103499041 373.071390317 193592.768355 75 1554.10888257 39.6292025628 45.5487429723 23.3707974372 132.891117438 1.92860968269
7776 64.5936646189 962.682881046 178.983768531 265.238328143 0.60180517496 0.82837136548 0.285435792504 233.046059524 373.088313623 194125.25897 74 1555.49313342 39.6293572411 53.0155485122 23.3706427589 131.506866596 1.91168637654
7800 63.8508072139 949.629895896 179.457362279 265.248803825 0.605721564155 0.833982673906 2.29374210575 231.017749832 373.102530596 194663.835762 74 1556.8467103 39.6285008873 52.6390742965 23.3714991127 130.153289709 1.89746940286
7824 63.1244028064 947.452515768 179.019635269 265.259233521 0.609688226519 0.848693721429 2.23957686049 231.042807671 373.114265645 195177.18446 70 1558.17294296 39.6225507614 55.9400768991 23.3774492386 128.827057057 1.88573435415
7848 62.4074593884 941.496739083 179.640623303 265.269715786 0.613935578931 0.873477470019 2.15728136857 231.085589797 373.121730959 195674.472706 69 1559.48461569 39.6172051748 59.9145489948 23.3827948252 127.515384321 1.87826904052
7872 61.7056475772 938.225686375 178.629349565 265.280168122 0.61835196923 0.879049709933 2.07296106536 231.149469134 373.130539315 196163.010161 69 1560.77155341 39.6094905078 62.3817657383 23.3905094922 126.228446607 1.86946068439
7896 61.0190211225 930.210235098 178.84188633 265.290584968 0.622940633423 0.904188782769 1.90687408099 231.275411536 373.141580919 196648.768475 69 1562.03424392 39.6058298959 61.5390260762 23.3941701041 124.965756092 1.85841908035
7920.0 60.3465017783 925.239787845 180.791988295 265.300980197 0.627750153761 0.928828716925 2.70330690479 230.439134028 373.15204907 197114.552589 97 1563.27388879 39.6032336259 64.7530304754 23.3967663741 123.726111223 1.84795092952
7944 59.6957044499 892.538049132 178.621423416 265.311230598 0.632750114511 0.944939419484 2.43223290854 230.67884696 373.176514702 197627.267544 97 1564.47978661 39.6234231553 51.3489061652 23.3765768447 122.520213401 1.82348529744
7968 59.072755205 869.564497937 178.154700722 265.321225898 0.637681999165 0.955603792133 2.048961808 231.036526503 373.20514953 198130.279558 97 1565.63598131 39.6391777593 43.2040797865 23.3608222407 121.3640187 1.79485046911
7992 58.4700017406 855.739287048 178.113329851 265.331073649 0.642561536106 0.955284026346 0.605791298272 232.465289491 373.224157483 198619.157243 95 1566.75539839 39.6452316306 39.070093749 23.3547683694 120.244601625 1.77584251619
8016 57.8833355925 845.253817115 178.172715181 265.340829033 0.64727840083 0.957828484075 1.09716524374 231.956898839 373.239546871 199098.440709 93 1567.84656681 39.6478803625 37.6415485983 23.3521196375 119.1534332 1.76045312861
8040 57.310737387 835.469581182 177.512914395 265.350515896 0.65189134997 0.960152730422 0.539166603768 232.498273421 373.254274782 199573.904735 90 1568.91343982 39.6496775852 34.330429515 23.3503224148 118.086560195 1.74572521781
8064 56.7506968487 832.159787785 177.275435988 265.360151656 0.65641527169 0.961777901197 0.940138461259 232.08151671 373.264157069 200033.085663 88 1569.9581603 39.6454460376 33.7689056042 23.3545539624 117.041839713 1.73584293058
8088 56.2005292561 826.185436065 177.204902943 265.36977642 0.66093079376 0.974514771693 1.29125732794 231.703520687 373.27480183 200483.552257 85 1570.98654453 39.643885539 34.5258742031 23.356114461 116.013455481 1.72519816997
8112 55.6583850429 820.154374753 177.210238314 265.379419756 0.665519886475 0.982017321892 1.6354005295 231.337642506 373.281901688 200920.480517 85 1572.00142666 39.6400344258 37.5450938105 23.3599655742 114.998573348 1.7180983115
8136 55.1274466664 818.952658927 177.21775266 265.38902096 0.670058909941 0.985505839582 1.94959887229 231.005815418 373.290113886 201352.443885 83 1572.99716417 39.6345816155 34.3567255435 23.3654183845 114.002835847 1.70988611304
8160 54.603736175 811.987413024 178.070785904 265.398647656 0.674634400665 0.993004712111 1.24148594717 231.692227284 373.29741179 201768.934174 82 1573.98123531 39.6326378009 37.59075957 23.3673621991 113.018764706 1.70258820974
8184 54.0919528969 804.266789872 178.205911249 265.408208913 0.679150024884 1.00211544732 2.48522426696 230.425301349 373.308846756 202187.93263 82 1574.94512872 39.6337087591 36.3645817582 23.3662912409 112.054871296 1.69115324391
8208 53.5901215121 798.903469809 177.611853136 265.417735552 0.682639069515 0.0227977843013 2.67505230888 231.201775286 373.317371017 202599.361456 81 1575.89128383 39.6298990169 33.8992128491 23.3701009831 111.108716188 1.68262898238
8232 53.0973254164 789.200477151 177.400449152 265.427132913 0.673753962342 0.0525163754608 2.85529075636 230.991305993 373.328616275 203001.644901 81 1576.82257523 39.6322357065 37.8828666993 23.3677642935 110.177424779 1.67138372433
8256 52.6157153216 781.557955793 178.701390287 265.436284835 0.665552873066 0.083698625975 1.9869007481 231.827562918 373.339286727 203402.31802 77 1577.73416235 39.6331759861 35.8986451449 23.3668240139 109.265837665 1.66071327274
8280 52.1406455564 782.717877004 178.521362969 265.445286815 0.657824621181 0.100805033628 0.131063032962 233.665020498 373.343019346 203780.587997 76 1578.63366317 39.6244980291 37.8690072406 23.3755019709 108.366336839 1.65698065322
8304 51.6743293184 772.038761613 179.715082527 265.454101212 0.65043112022 0.113887575168 2.25250232877 231.529077764 373.353924269 204163.799873 75 1579.5193044 39.6280675998 38.5287717181 23.3719324002 107.480695616 1.64607573072
8328 51.2163895467 770.296315476 178.20799231 265.462738982 0.643443285121 0.130117743629 1.33812574848 232.425574242 373.359439348 204533.979705 75 1580.38932953 39.6214739596 39.9653872502 23.3785260404 106.610670486 1.6405606515
8352 50.7640194334 768.211766541 177.685529991 265.47125686 0.636744294101 0.142504149966 1.42046094723 232.329033749 373.366229138 204895.395147 72 1581.25026011 39.6167848541 39.9947377606 23.3832151459 105.7497399 1.63377086184
8376 50.3207274828 758.673782275 179.725417415 265.479591814 0.630380253606 0.156057978624 1.46454236448 232.26942759 373.376457875 205253.661995 71 1582.09618096 39.6208299574 43.0773732323 23.3791700426 104.903819053 1.62354212462
8400 49.8858410882 753.376208007 180.036818794 265.487759414 0.624295571373 0.164844891138 1.48590301493 232.237197109 373.383403686 205604.435314 70 1582.92656536 39.6182827121 45.6824493179 23.3817172879 104.073434652 1.61659631321
8424 49.4572548879 751.281546115 180.603109959 265.495801793 0.618533042421 0.18745690734 2.46096442264 231.237243835 373.386720555 205941.090007 70 1583.74577081 39.6127948633 51.5326290158 23.3872051367 103.254229208 1.61327944497
8448 49.0323810215 751.304679083 179.068700046 265.503771194 0.613082018317 0.200529701867 1.45414098952 232.228476097 373.3908034 206267.910689 70 1584.5587944 39.6053684643 57.4079162392 23.3946315357 102.441205613 1.60919659957
8472 48.6150505297 749.323777903 179.607805848 265.511598803 0.607988352523 0.225879960193 1.39398571555 232.260547169 373.396894036 206592.591805 70 1585.35904666 39.6017437872 62.6648293174 23.3982562128 101.640953355 1.60310596321
8496 48.2007448617 749.604876691 179.563436994 265.519373246 0.603209134178 0.241371428821 0.356564020672 233.279482171 373.396498428 206901.784982 70 1586.15375923 39.5919272422 68.7457202712 23.4080727578 100.846240787 1.60350157193
8520 47.7925157988 740.568652004 180.924952392 265.527039883 0.598660126025 0.249011143723 1.31575092928 232.309537918 373.405999995 207221.907539 69 1586.9394805 39.5962917139 66.2583332415 23.4037082861 100.060519512 1.59400000494
8544 47.3909039293 745.533012711 180.282188492 265.534590209 0.594330785855 0.258952967405 1.24659272555 232.365533313 373.407484362 207520.082205 66 1587.71188664 39.5831871359 67.1670376078 23.4168128641 99.2881133752 1.59251563766
8568 46.9897070647 749.664808637 180.383177359 265.542142846 0.590208277254 0.279020398009 2.17861105487 231.410017424 373.405147352 207795.148339 64 1588.48430867 39.5705109061 75.6928694531 23.4294890939 98.5156913397 1.59485264751
8592 46.5937405312 744.418283321 180.343528854 265.549609988 0.586341451783 0.28692581648 0.120589141776 233.456533602 373.411260147 208081.26348 62 1589.24887587 39.5683556697 75.6895475249 23.4316443303 97.7511241429 1.58873985277
8616 46.199751119 750.225551095 181.795403055 265.55705463 0.582611379248 0.299475008977 1.06321416391 232.497644818 373.410440144 208333.994932 61 1590.00967351 39.5570661913 85.6466457716 23.4429338087 96.9903265067 1.58955985521
8640.0 45.8106913378 746.072348646 181.601179913 265.564422987 0.579132441817 0.31143784264 0.994201256021 232.550805473 373.412289742 208596.652825 89 1590.76253941 39.5509823368 89.2871304942 23.4490176632 96.2374606 1.58771025755
8664 45.4352737186 712.667940646 179.822863537 265.571551279 0.575925750235 0.325098810523 1.84160686124 231.685817299 373.437445501 208920.284866 88 1591.49407989 39.5840654543 68.6716532016 23.4159345457 95.5059201172 1.56255449837
8688 45.0773881211 689.404395066 178.913917359 265.578365732 0.57306400822 0.339952534541 1.57397973914 231.934637987 373.462765344 209233.752959 88 1592.19141355 39.6076550624 59.0928109534 23.3923449376 94.8085864594 1.53723465533
8712 44.7303008602 679.561142926 177.984627306 265.584994612 0.57041373406 0.346160612848 1.26094051139 232.237490531 373.476489226 209534.23652 86 1592.86686855 39.6146215939 52.5908361419 23.3853784061 94.1331314557 1.52351077379
8736 44.391139292 674.372095868 178.36786764 265.591492671 0.567940428432 0.359663472856 1.89161577877 231.58928765 373.485140336 209826.461242 86 1593.52720752 39.6165684966 46.5731732482 23.3834315034 93.4727924937 1.51485966313
8760 44.0575779731 668.070103074 178.252922591 265.597905342 0.565696050151 0.373892770384 0.496248368389 232.966257469 373.491626271 210110.211444 85 1594.17709963 39.6169183798 45.3596932665 23.3830816202 92.8229003821 1.50837372895
