Time EBV Teff Treg ODC_le1 ODC_le2 ODC_le3 ODC_le4 ODC_le5 NK IL2 DAC Resting_Teff Resting_Treg EffectorMemory Resting_Treg_temp Resting_Teff_temp NK_temp
0.0 0 0 0 0 0 0 0 500 375 1000 0 1687 63 0 0 0 0
24 0 0 0 0 0 0 0 500 336.279789971 908.048253598 0 1687 63 0 0 0 38.7202100291
48 0 0 0 0 0 0 0 500 335.391027502 823.849847309 0 1687 63 0 0 0 39.6089724976
72 0 0 0 0 0 0 0 500 334.559882085 745.880698262 0 1687 63 0 0 0 40.4401179151
96 0 0 0 0 0 0 0 500 333.760437385 673.915002205 0 1687 63 0 0 0 41.2395626152
120 0 0 0 0 0 0 0 500 332.995774144 607.703333798 0 1687 63 0 0 0 42.0042258555
144 0 0 0 0 0 0 0 500 332.2684442 546.975994766 0 1687 63 0 0 0 42.7315557996
168.0 1000 0 0 0 0 0 0 500 331.580390823 491.447224652 0 1687 63 0 0 0 43.4196091775
192 587.94283022 2674.42256109 91.5619289612 4.47673168998 18.9970923557 71.5351553232 179.581289232 225.4097314 319.455578209 5741.3447637 0 1039.6715255 41.772295668 0 21.227704332 647.328474501 55.5444217919
216 136.974993373 6807.79661214 167.568327508 81.5958068943 43.1325580899 86.5543439219 120.643230967 168.074060127 264.623796667 493.514445885 0 1395.48283094 38.9769627055 582.427475181 24.0230372945 291.517169057 110.376203333
240 33.1399669542 2353.11457764 172.466417672 168.247375508 33.7620141804 68.5797881981 92.0098288907 137.400993223 278.887354087 228.302774201 0 1603.47286014 38.8615698594 529.598818148 24.1384301406 83.5271398551 96.1126459131
264 16.4116756831 571.857353979 164.863563213 193.257246033 12.4369715805 36.6062737204 77.2250752766 180.474433389 303.749875532 246.895388674 0 1648.31892753 39.0656178858 507.748682468 23.9343821142 38.681072471 71.2501244685
288 12.7305417808 223.725789313 166.795360094 196.47246095 1.57472132516 15.4968939837 44.2919141954 242.164009546 315.055743735 303.820468872 0 1657.95366706 39.4959366548 457.519794728 23.5040633452 29.0463329444 59.9442562652
312 11.0866656933 167.200551806 165.870727491 196.719971771 1.05677927076 2.77928102405 22.2107999927 277.233167942 318.082935384 335.101733042 0 1661.83551323 39.6988459999 426.450793628 23.3011540001 25.1644867724 56.9170646166
336 9.91371818286 146.849744405 162.298441062 196.783427215 0.539998923116 2.53933030361 18.8534458535 281.283797704 319.296498613 358.327769925 0 1664.50331181 39.7384150922 407.172966823 23.2615849078 22.4966881905 55.7035013876
360 8.9271873686 126.731131055 161.239235641 196.878698996 0.636857234821 1.2779649895 21.3712526089 279.835226171 319.623694087 349.106121417 0 1666.73460526 39.7680799094 400.898961177 23.2319200906 20.2653947386 55.3763059135
384 8.180990903 102.638808293 167.022111595 196.965457604 0.685276352834 1.06400239965 20.9898236232 280.29544002 320.190173823 351.191931653 0 1668.44616384 39.9024392052 393.488990432 23.0975607948 18.5538361592 54.8098261779
408 7.59084090201 97.9576459776 164.276621578 197.044319738 0.73155189349 1.66308128957 14.3658027829 286.195244296 320.482286648 351.001422029 0 1669.77892966 39.8919751788 389.645721977 23.1080248212 17.2210703362 54.5177133521
432 7.08252366243 88.5565814921 170.636433615 197.123350318 0.774942849858 1.06912692677 13.6011565447 287.43142336 320.421115577 342.150077071 0 1670.93431824 39.9453175388 374.268541384 23.0546824612 16.065681761 54.5788844231
456 6.65261998619 80.431754435 166.546149813 197.197681937 0.803947230182 1.26584328901 10.2689646681 290.463562876 320.85461736 341.471585362 0 1671.91015233 40.0120617018 364.617367078 22.9879382982 15.0898476748 54.1453826409
480 6.24657108993 78.1667652072 168.106117837 197.275574072 0.820453628226 0.256604464469 11.5275972415 290.119770594 320.415069793 319.059750468 0 1672.81988222 39.9539601886 354.485201781 23.0460398114 14.1801177816 54.584930207
504 5.90424597206 66.6817231183 170.860781337 197.344035271 0.800108020987 0.214698467271 10.9884855559 290.652672685 320.480841406 309.623374246 0 1673.60213962 40.0570158872 342.851079039 22.9429841128 13.3978603827 54.5191585948
528 5.60979837923 63.3728626178 162.433945217 197.404443264 0.78330446974 0.888341176094 7.6721110936 293.251799997 321.067768165 313.107581463 0 1674.27076547 40.1120474073 334.286889988 22.8879525927 12.7292345273 53.9322318359
552 5.33293143872 65.651366196 160.251470529 197.464731543 0.807522335751 0.437176330338 8.23159348865 293.058976303 320.838772265 298.978427574 0 1674.88959274 39.9888843432 328.20617897 23.0111156568 12.1104072603 54.1612277357
576 5.08306911526 58.1826644589 160.718871685 197.522392257 0.800870597614 0.922626118895 3.82404869115 296.930062335 320.953950569 291.972906003 0 1675.46110447 40.115330349 320.136306149 22.884669651 11.5388955305 54.046049431
600 4.86049469294 57.153455234 161.080156452 197.576489507 0.800791038628 0.308303161306 8.14989328458 293.164523009 320.941790297 285.007571007 0 1675.96375495 40.1007037998 306.561473912 22.8992962002 11.0362450503 54.0582097039
624 4.65110508242 51.1069966397 163.832047048 197.628654325 0.784242975058 0.799467078889 7.98283372909 292.804801892 320.544998516 263.502084346 0 1676.43838742 40.1488488293 303.713935696 22.8511511707 10.5616125825 54.4550014849
648 4.46988471172 47.0925915047 159.384174389 197.675580317 0.792587676067 1.05842653574 6.2761478846 294.197257587 320.740410159 258.514511852 0 1676.85274583 40.2552065756 294.53039471 22.7447934244 10.1472541718 54.2595898418
672 4.31331318007 41.9086871112 151.232719621 197.718390159 0.800187977146 0.430979692541 7.50551608003 293.544926092 321.55447535 273.765341699 0 1677.21215172 40.4353334766 290.605584376 22.5646665234 9.78784827983 53.4455246501
696 4.16772595334 42.667719293 154.348006487 197.759274119 0.790473493086 0.773308090757 6.25403099168 294.422913306 321.342537302 266.313462045 0 1677.5389543 40.3392738397 290.55705239 22.6607261603 9.46104569873 53.657462699
720 4.02922724577 43.2250362446 158.455596896 197.799421743 0.795127650673 0.986492642177 5.97386196566 294.445095998 321.078250745 248.815137917 0 1677.85068092 40.280910561 295.985302098 22.719089439 9.14931908276 53.9217492554
744 3.88859004942 42.1451391837 156.15685746 197.841685244 0.780085796764 0.219570347925 7.48751074366 293.671147868 320.967395756 244.113432618 0 1678.16794958 40.2675899328 289.860058649 22.7324100672 8.83205041929 54.0326042443
768 3.76236654486 42.0056919652 151.857807777 197.879731904 0.759631945808 0.490098165781 5.81083398885 295.059703995 321.172168661 248.80080349 0 1678.45355568 40.2558685598 279.022534904 22.7441314402 8.5464443243 53.8278313395
792 3.64618178651 38.5260692341 152.961992077 197.915286692 0.753795641589 0.741827940164 4.39702400587 296.19206572 321.19443309 245.553990899 0 1678.71893044 40.3484941329 272.385313225 22.6515058671 8.28106955996 53.8055669103
816 3.53871279697 38.5356678998 152.836751569 197.949176132 0.758071300321 0.944268881599 5.39942531526 294.949058371 321.184785279 239.856057595 0 1678.96204067 40.3466579054 268.559547063 22.6533420946 8.03795933106 53.8152147219
840 3.43573284538 31.4419668275 151.648099069 197.983009716 0.770934096298 1.17677793985 9.14034775333 290.928930494 321.326830704 242.471481499 0 1679.19799429 40.5400244952 262.431823947 22.4599755048 7.8020057121 53.6731692968
864 3.34096183745 36.4059924253 151.514290671 198.015318437 0.763799054659 0.504643179436 6.04792667323 294.668312656 321.241890553 231.620924951 0 1679.41049174 40.3932859206 260.088657949 22.6067140794 7.58950825756 53.7581094472
888 3.25142384191 31.5810345417 152.022921741 198.046284592 0.75733318899 0.683789876541 3.88999028615 296.622602056 321.212738133 232.223874655 0 1679.61386502 40.4462510856 253.35361933 22.5537489144 7.38613498073 53.7872618676
912 3.1700386272 29.6803476522 151.104466352 198.075058401 0.75691605234 0.803371272114 4.01787993368 296.34677434 321.335532718 230.94667027 0 1679.80032516 40.5860301505 250.226420478 22.4139698495 7.19967484273 53.6644672822
936 3.08954572006 34.0908291236 149.766080923 198.104324549 0.760965954864 0.920149130578 4.30268008982 295.911880276 321.218984159 223.139230166 0 1679.97935065 40.3552894589 245.647368794 22.6447105411 7.02064935263 53.7810158418
960 3.01480884209 30.2417895999 151.194975178 198.132413012 0.7692995708 1.0714198516 5.9513397472 294.075527819 321.17444055 217.21144498 0 1680.15092176 40.5095538423 243.578902312 22.4904461577 6.84907824488 53.8255594503
984 2.9454841996 29.4546380245 149.827898716 198.159082679 0.755398380941 0.280774490322 4.00080620201 296.803938248 321.216295637 216.962815044 0 1680.30841766 40.5503611987 236.041234618 22.4496388013 6.69158233566 53.783704364
1008 2.87626591353 31.9723186983 151.786511507 198.185752914 0.740774807709 0.400538373672 4.46480389902 296.208130006 320.927260739 203.725141928 0 1680.46299452 40.3730091403 233.920929032 22.6269908597 6.53700548259 54.0727392613
1032 2.81041156983 26.5211597922 151.235052575 198.211320639 0.732133066179 0.580214347688 6.51457735328 293.961754594 320.960688818 198.974154107 0 1680.61456534 40.5871712234 231.266486958 22.4128287766 6.38543465916 54.039311183
1056 2.75171355364 27.3919128748 142.992113516 198.234454243 0.729954219701 0.717430548322 3.70861333479 296.609547654 321.299560442 206.634076748 0 1680.74700542 40.5087613774 228.892979808 22.4912386226 6.25299458431 53.7004395589
1080 2.69565081828 25.9461889343 143.51294089 198.256998603 0.73085594961 0.816062800245 5.73550570619 294.460576941 321.401236865 207.841775733 0 1680.87533851 40.6307576674 227.773111291 22.3692423326 6.12466149442 53.5987631356
1104 2.64131976153 23.954225291 144.218663577 198.279380702 0.735408704845 0.930882048372 2.61800894186 297.436319603 321.338388454 207.117966592 0 1680.99862207 40.6843401231 226.84975082 22.3156598769 6.0013779327 53.6616115468
1128 2.58981456858 24.265119398 148.563662759 198.301195189 0.73915064473 0.0200954215947 3.25319391698 297.686364828 321.221259578 201.391446743 0 1681.11562554 40.7067576211 221.298933034 22.2932423789 5.88437446042 53.7787404224
1152 2.5396766356 22.6960971477 149.738381738 198.322577384 0.719713121899 0.104883677598 2.90318479105 297.949641025 321.073584358 194.971397317 0 1681.22899346 40.7150371742 219.095819282 22.2849628258 5.77100654403 53.9264156423
1176 2.49372508672 22.9485049353 145.836258853 198.342070224 0.704108298267 0.17858912121 2.98691100684 297.78832135 321.157704032 193.340953573 0 1681.33420151 40.8320638859 216.095656239 22.1679361141 5.66579849209 53.842295969
1200 2.44645747275 22.6512693205 144.632238473 198.362077109 0.690211255 0.243467242524 3.47757438018 297.226670013 321.28505918 195.188763674 0 1681.44028205 40.6980657745 212.425006828 22.3019342255 5.55971794956 53.7149408202
1224 2.40125503941 20.582337621 141.845211352 198.381222472 0.679079556584 0.341403189475 2.67635005542 297.921944726 321.361562909 198.169484155 0 1681.54365667 40.8487001604 209.04600485 22.1512998396 5.45634332914 53.6384370912
1248 2.36022852272 21.1025753364 142.528566806 198.39867573 0.671830376584 0.454292042851 5.19901727638 295.276184574 321.325083287 195.218082607 0 1681.63646958 40.7928208851 208.816252443 22.2071791149 5.36353041631 53.6749167133
1272 2.3201367094 21.9451459097 142.4147394 198.415876549 0.667119060186 0.517747005636 3.76792013015 296.631337255 321.335406661 193.537764423 0 1681.72757366 40.8306182836 205.800994864 22.1693817164 5.27242633802 53.6645933396
1296 2.28134370395 18.7713758033 146.069234439 198.432707221 0.664031918444 0.566583577235 1.23971297275 299.09696431 321.358080837 193.760948254 0 1681.81612775 40.9678566715 201.08402794 22.0321433285 5.18387225228 53.6419191632
1320 2.24455295231 19.1126904683 146.32524568 198.44887407 0.661932822916 0.594345508889 2.48005326363 297.814794335 321.178104223 185.894788319 0 1681.89930425 40.9154485194 200.548653293 22.0845514806 5.10069575128 53.8218957773
1344 2.20827459596 19.0888717409 142.750257856 198.4650388 0.661021900287 0.657826521569 2.66158026974 297.554532508 321.28548745 184.732015108 0 1681.98130959 40.882338752 200.124795422 22.117661248 5.01869041422 53.7145125508
1368 2.17417514735 17.6685468294 143.611544587 198.48047204 0.661495296252 0.719083788687 4.51452500713 295.624423868 321.227768711 183.876646793 0 1682.05932739 41.0310904945 197.851481986 21.9689095055 4.94067261335 53.7722312897
1392 2.14091598255 21.0781978153 140.151457535 198.495790972 0.663742296762 0.793586486688 3.26947668335 296.777403561 321.297117691 180.478707735 0 1682.13378808 40.7966972694 197.736810156 22.2033027306 4.86621192496 53.7028823098
1416 2.10576800078 19.2408952272 143.181494085 198.512318124 0.667743958319 0.868033478332 5.5286992591 294.42320518 321.041548562 175.077179746 0 1682.2132804 40.8032130472 193.767736762 22.1967869528 4.7867196037 53.9584514387
1440.0 2.07253400225 18.3956325476 145.857511505 198.528314729 0.673264104062 0.944453402091 5.48932755367 294.364640211 320.848621883 166.625949933 30 1682.28899966 40.8774273887 190.983343749 22.1225726113 4.71100034234 54.1513781179
1464 2.04393373589 17.2952496005 138.002905361 198.542410971 0.679409172821 0.983786885924 2.61946157991 297.17493139 321.439183971 180.046359519 28 1682.35497685 41.0782798973 186.43435259 21.9217201027 4.64502315563 53.5608160304
1488 2.01682786518 15.6661583548 135.271976508 198.556080309 0.685921933952 1.02965869544 3.49020767353 296.238131388 321.763966183 193.443812128 28 1682.41690326 41.2168600922 182.114958913 21.7831399078 4.58309674166 53.236033818
1512 1.99132144273 15.3954625118 133.297797862 198.569071414 0.674651790453 0.079422027825 2.12732313135 298.549531636 322.025381008 204.944670667 27 1682.47485605 41.2434841465 178.997108475 21.7565158535 4.52514395711 52.9746189928
1536 1.96539892092 15.4936298942 132.985509831 198.582220239 0.663484263233 0.120246792886 2.9510260291 297.683022675 322.172270431 213.917866893 27 1682.5334527 41.1974257421 175.052271754 21.8025742579 4.4665473044 52.8277295702
1560 1.9411224273 15.0716719271 131.739616565 198.594497777 0.653746122773 0.14980648224 1.49131572903 299.110633888 322.408510781 224.138941949 26 1682.58872345 41.2523589529 172.290949301 21.7476410471 4.4112765478 52.59148922
1584 1.91724629746 15.1634977096 132.759302244 198.606550526 0.644900478444 0.199729698883 3.96517409277 296.583645203 322.434403851 229.179582923 25 1682.64270605 41.2074560858 169.655445072 21.7925439142 4.35729395327 52.5655961494
1608.0 1001.8940073 15.1095058666 133.538728222 198.618277079 0.637387984532 0.24897225321 1.35549205172 299.139870631 322.471932043 233.216289817 25 1682.69540296 41.1970225821 166.168887233 21.8029774179 4.30459704679 52.5280679577
1632 544.177641077 3293.6040941 147.872329201 200.814393755 3.54734894248 18.8517130763 73.8992275859 202.88731664 309.400063588 4452.8341943 24 1057.80752392 41.1622592499 158.372427028 21.8377407501 629.19247609 65.5999364131
1656 244.378257288 4111.7698146 182.49073263 208.971009756 10.767291169 32.3660653876 70.5460322571 177.349601429 307.636038986 5424.14144589 24 1281.8260538 39.5719176036 305.687072428 23.4280823964 405.173946208 67.3639610146
1680 109.871336124 3525.15846652 189.566017351 220.713983411 9.79876672964 34.9065765003 77.5632973121 157.017376046 308.63075279 4863.13142493 24 1461.92774814 39.1305470347 456.837255918 23.8694529653 225.072251871 66.3692472107
1704 54.0342020927 2406.10357281 193.632108173 231.177335647 11.364268915 26.6626221305 66.5426363614 164.253136946 312.872787192 3946.99277816 24 1565.78811417 38.9922424531 610.045539623 24.0077575469 121.211885838 62.1272128092
1728 31.202642465 1409.6891308 199.79194955 238.273939061 1.67029137221 24.2895909593 63.8609752542 171.905203353 319.959039517 3277.15406268 24 1615.4692739 38.9845368111 651.77572986 24.0154631889 71.5307261068 55.0409604834
1752 21.6341716833 772.723743008 199.147282111 239.820191483 2.56567044443 11.3414436464 39.2688341046 207.003860321 327.76380418 2949.08039849 24 1637.66640921 39.072161189 626.528987098 23.927838811 49.3335908006 47.2361958202
1776 17.1542112835 483.406372291 190.982459133 240.54787749 1.51723171555 6.62466197311 35.3409320116 215.969296809 332.521220558 2757.26224964 24 1648.1019169 39.1925332092 600.854188724 23.8074667908 38.8980831044 42.4787794431
1800 14.4814728895 350.402612007 186.795033297 240.842603221 0.318624761251 4.57219615071 25.7350721896 228.531503677 334.586019282 2606.2599604 24 1654.22050132 39.2882123 574.302981493 23.7117877 32.77949869 40.4139807187
1824 12.6383172238 287.098137696 181.313979451 240.960869787 0.695276985605 0.303670266593 15.5801178774 242.460065083 335.368151097 2486.65938196 23 1658.38776349 39.3337664382 521.793751877 23.6662335618 28.6122365142 39.6318489034
1848 11.243970678 236.992366029 181.468238304 241.087710872 0.776852080211 0.893127763397 16.0614479528 241.180861331 335.771539228 2363.24914971 23 1661.54330772 39.3881587609 487.334574443 23.6118412391 25.4566922847 39.2284607726
1872 10.1745911928 204.310313081 184.416706815 241.201939754 0.755881972978 0.731910825028 11.7943770164 245.515890431 335.622810861 2218.7850953 23 1663.96351494 39.439973155 473.596768932 23.560026845 23.0364850702 39.3771891393
1896 9.30045073258 176.950088002 178.277332622 241.305968446 0.786311754844 0.388817652432 14.838318592 242.680583554 335.678790822 2114.47923133 23 1665.93680939 39.4882365162 444.352460048 23.5117634838 21.0631906138 39.3212091787
1920 8.57810865238 158.267170126 174.209462691 241.401514167 0.796527926476 0.759784961769 11.0507632499 245.991409695 335.424097756 1994.23770619 23 1667.56759208 39.5263110837 436.291948262 23.4736889163 19.4324079301 39.5759022446
1944 7.99450273522 133.713517319 175.008967575 241.484364886 0.773765977076 0.917240853794 11.7993808123 245.025247471 335.425075977 1913.83883389 23 1668.8954075 39.6134529796 413.247213618 23.3865470204 18.1045925083 39.5749240235
1968 7.48899375413 121.80596294 167.851850349 241.562158397 0.812671597658 0.906386388708 10.7187198199 246.000063796 335.258097036 1834.2547896 23 1670.03516288 39.6417485413 393.200189105 23.3582514587 16.9648371283 39.7419029646
1992 7.06004437977 113.165776349 168.649563691 241.633157718 0.785017641267 0.545804083077 8.10089968708 248.93512087 334.957089553 1746.59205563 23 1671.00481972 39.6828105431 381.026302208 23.3171894569 15.9951802885 40.0429104474
2016 6.68205054064 93.6809883354 170.259964051 241.697753273 0.787011613455 0.134168810266 10.9826628192 246.398403484 334.698145254 1671.48020715 23 1671.86504004 39.8004752717 367.625803271 23.1995247283 15.1349599641 40.3018547467
2040 6.36375867831 84.3529974675 167.074391546 241.754243545 0.763930085685 0.758310946957 8.48554434121 248.23797108 334.516830584 1603.59107405 22 1672.58707585 39.8750960719 360.486945235 23.1249039281 14.4129241544 40.4831694172
2064 6.07270665733 84.1808396091 168.72042459 241.808177827 0.767452603545 0.211851406739 4.48485664658 252.727661516 334.018881778 1530.70432904 22 1673.24010045 39.8551988908 343.820176343 23.1448011092 13.7598995611 40.981118223
2088 5.79412829412 82.7271993325 170.775565031 241.861205952 0.743031966049 0.591249918732 4.7721243464 252.032387816 333.218768881 1449.56712624 22 1673.86300469 39.8122101637 327.76946282 23.1877898363 13.1369953147 41.7812311201
2112 5.53000129446 77.813081665 164.627574213 241.913093937 0.744215460549 0.960551412133 6.88657624446 249.495562946 332.811821529 1370.57339793 22 1674.45845961 39.8295853643 319.643885711 23.1704146357 12.5415403992 42.1881784715
2136 5.29999046105 74.4121539912 163.524946055 241.96124026 0.771084720087 1.39241740832 8.19460949104 247.680648121 332.416898822 1299.16504041 22 1674.97984894 39.8771474145 308.788454452 23.1228525855 12.0201510665 42.5831011789
2160.0 5.0954622731 64.2234608434 167.640284111 242.0074061 0.782658741899 0.758227143001 4.47478270747 251.976925307 331.981324292 1234.5725313 52 1675.44691633 40.0104371098 299.222692224 22.9895628902 11.5530836733 43.0186757092
2184 4.9330199991 49.5514953495 152.58954721 242.04546349 0.784415600184 0.873249682176 3.62437233838 252.672498888 332.551035468 1230.14783052 49 1675.82372918 40.3034862358 279.969815657 22.6965137642 11.1762708242 42.4489645327
2208 4.79232135581 47.5517829586 149.225573068 242.079634718 0.791316099597 1.03402903795 3.34112286277 252.753897281 332.644552538 1216.77409679 49 1676.14171256 40.3336199828 263.21001615 22.6663800172 10.8582874423 42.3554474628
2232 4.65913654618 45.8987867227 146.028829555 242.113031725 0.779635841438 0.20137404968 4.81132001156 252.094638372 332.663808442 1203.76527217 48 1676.44201441 40.350901675 246.600105016 22.649098325 10.5579855897 42.3361915593
2256 4.53659459644 43.2166152117 147.0139646 242.143777966 0.759355805028 0.338369474872 6.78495176424 249.973544989 332.621562044 1187.48126722 48 1676.71971783 40.4168750939 231.910114136 22.5831249061 10.2802821764 42.3784379568
2280 4.4212224197 42.3835750987 145.560835803 242.172844546 0.745990108702 0.47311305759 4.40245850025 252.205593787 332.481934587 1166.84919781 47 1676.97991167 40.4271538315 220.775349706 22.5728461685 10.0200883318 42.5180654145
2304 4.31181779301 40.5178623426 144.526718932 242.20071918 0.738258508662 0.617662491925 4.71495673973 251.728403079 332.397602609 1147.26716927 47 1677.22731005 40.4720656534 209.923583535 22.5279343466 9.7726899535 42.6023973925
2328 4.20772616054 38.9916892361 147.142426534 242.227726635 0.735706225472 0.690411262348 1.91842210658 254.42773377 332.119505759 1120.28682979 45 1677.46188684 40.4817977937 200.203880446 22.5182022063 9.53811316796 42.8804942418
2352 4.11011264613 37.0140868143 147.001141191 242.253608096 0.73476411461 0.738753561407 3.7962133249 252.476660902 331.901698353 1094.35554716 44 1677.68287033 40.5414416122 190.503745958 22.4585583878 9.31712967742 43.0983016479
2376 4.01347336791 38.1659676236 147.513433222 242.279859613 0.737115757848 0.863953577746 1.6322768433 254.486794207 331.58241645 1060.81303952 43 1677.8990997 40.4489594537 183.651886619 22.5510405463 9.10090030002 43.4175835508
2400 3.92305464091 37.0058380314 143.84202251 242.305133465 0.742031840389 0.908753732936 1.23519115224 254.808889809 331.420760676 1034.99459969 43 1678.10398553 40.4990439748 177.454359552 22.5009560252 8.8960144685 43.5792393253
2424 3.83464128759 34.1608390849 145.790762835 242.330606558 0.748248243403 0.957504300201 1.8278298474 254.135811051 331.116055904 1004.97754736 43 1678.30420135 40.5773924301 170.91173884 22.4226075699 8.69579865641 43.8839440972
2448 3.75407290855 32.8486668482 144.54382516 242.354550462 0.755342025496 0.987604796804 1.85742578041 254.045076935 330.936866733 978.727622487 42 1678.48667094 40.6234665086 164.989455097 22.3765334914 8.51332906225 44.063133268
2472 3.67574926848 32.7705035557 142.682129764 242.378320037 0.741775939332 0.0757017540362 2.77491118668 254.029291082 330.721855466 953.389486967 42 1678.66299015 40.5958861286 158.602001626 22.4041138714 8.33700985104 44.2781445349
2496 3.60036317322 31.8971768527 141.604993699 242.401072509 0.722782358264 0.174913809208 4.5498630438 252.151368279 330.509005027 926.13285558 42 1678.83333605 40.6179469716 156.601116925 22.3820530284 8.16666395527 44.4909949746
2520 3.52641937203 30.5449451301 142.869658727 242.423333376 0.708315899792 0.310688712121 3.25074922854 253.306912783 330.197991991 898.327855687 42 1679.00063826 40.66358424 151.939516314 22.33641576 7.99936174365 44.8020080106
2544 3.45720047398 28.9832878111 141.758718209 242.444240807 0.698723586553 0.464321527133 5.54756727014 250.845146809 330.058963327 875.69110807 41 1679.15772955 40.7411255958 146.685297924 22.2588744042 7.84227045185 44.9410366745
2568 3.39064717328 28.4861235998 142.433959954 242.46453285 0.693709046935 0.576910278226 3.76565462128 252.499193203 329.746863209 848.302525676 41 1679.30788648 40.7408924078 143.790530601 22.2591075922 7.69211352798 45.2531367919
2592 3.32859514029 27.2082546274 140.967573751 242.483720295 0.691754409727 0.654135988242 2.67525490622 253.4951344 329.601114081 826.357566591 41 1679.44873929 40.8129197574 141.128496903 22.1870802426 7.55126071569 45.3988859199
2616 3.26787615295 27.1011342268 142.602214731 242.502817847 0.691616610137 0.705408082241 1.60780415168 254.492353308 329.291405111 801.837620565 41 1679.58549287 40.7832705902 136.73111821 22.2167294098 7.41450713446 45.7085948907
2640 3.20934855081 26.027347688 140.632145451 242.521575159 0.692443580978 0.752062435115 3.4170833255 252.616835499 329.114518118 780.849970151 41 1679.71817899 40.8428692224 133.592410702 22.1571307776 7.28182101456 45.8854818834
2664 3.15394340349 25.2417263739 142.972646214 242.539689585 0.694708012862 0.808791270677 3.94989809805 252.006913033 328.900220163 757.177988325 39 1679.8436229 40.8802462552 130.69401492 22.1197537448 7.15637710003 46.0997798379
2688 3.09843559081 25.2802976296 141.108141809 242.558240217 0.698380913931 0.84325924582 1.65277268473 254.247346938 328.571389326 733.387573258 39 1679.9685402 40.839321789 128.973302911 22.160678211 7.03145979894 46.4286106748
2712 3.04511322826 25.0210322242 140.600935079 242.576479266 0.702749290111 0.894128505659 3.16823002477 252.658412913 328.362031447 711.217387505 39 1680.0889533 40.8317097111 127.395164 22.1682902889 6.91104670307 46.6379685547
2736 2.9928862378 24.1781455142 140.0234201 242.594785119 0.708280583459 0.938979938868 1.6685618308 254.089392527 328.128696927 687.84289462 38 1680.2072738 40.8782471492 127.933024079 22.1217528508 6.79272620506 46.8713030746
2760 2.94368295517 23.8720266051 140.361928068 242.612471061 0.71440985931 0.979890171375 3.89779001007 251.795438897 327.893293122 667.268715762 37 1680.31867268 40.8925724704 125.550525708 22.1074275296 6.68132732817 47.106706879
2784 2.89517290678 23.6478382022 141.575591536 242.630227331 0.705196857164 0.0477292625236 1.13388908321 255.482957466 327.598857544 644.412897854 37 1680.42840879 40.9118773801 124.315382174 22.0881226199 6.57159121472 47.4011424569
2808 2.84903195801 22.1162889803 141.451754626 242.647034855 0.689888379041 0.0781544536652 2.25371614358 254.331206168 327.343122063 622.681304169 37 1680.53317791 40.9958923326 123.180921794 22.0041076674 6.46682208868 47.6568779382
2832 2.80355856163 23.1903835625 139.875061056 242.663510971 0.675631172434 0.110293424423 2.37722231871 254.173342112 327.115175327 602.684195136 37 1680.63510233 40.8636456253 122.127433819 22.1363543747 6.36489767815 47.8848246744
2856 2.75868516679 22.5188564861 139.188294901 242.679704044 0.66267819836 0.149578193206 1.50086357602 255.007175988 326.978374217 586.287707693 36 1680.7371991 40.9653326271 119.213104579 22.0346673729 6.26280089849 48.0216257838
2880.0 2.71446761904 22.1908883943 139.731779767 242.695619719 0.650812836616 0.185470161597 1.63761984587 254.830477437 326.760922724 569.286705596 64 1680.83681107 40.9110096371 116.460740857 22.0889903629 6.16318893553 48.2390772774
2904 2.6732711193 20.7713644316 136.848397225 242.710430927 0.640745577762 0.227639134908 1.42649649187 254.994687869 326.73676291 560.035265706 63 1680.93080273 41.0299723242 113.85744689 21.9700276758 6.0691972784 48.2632370914
2928 2.63391425526 20.3607394252 135.773087184 242.724586547 0.631952046137 0.260702518837 3.05407502774 253.328683861 326.676500567 550.70372547 60 1681.01994504 41.0520792541 111.390416375 21.9479207459 5.98005496765 48.3234994348
2952 2.59567092041 20.0172068571 135.332008939 242.738366974 0.624567377059 0.328054400159 4.53062455412 251.778386694 326.586137316 541.349064715 59 1681.10652132 41.0661076718 109.049329363 21.9338923282 5.89347869016 48.4138626853
2976 2.55849568772 19.6791699415 135.08845467 242.751818609 0.619020917587 0.396971640031 2.92219170817 253.309997125 326.486901477 532.037982929 59 1681.19069301 41.0805638207 106.825017907 21.9194361793 5.80930699651 48.5130985247
3000 2.52235573616 19.3465019967 134.900834401 242.764980702 0.614689817797 0.427045110336 2.3117368194 253.88154755 326.386186932 522.801423399 57 1681.27252661 41.0955204863 104.709139595 21.9044795137 5.72747339271 48.6138130695
3024 2.4872520971 18.959557803 135.526852931 242.777864284 0.611140201568 0.457829241125 2.61677604651 253.536390226 326.231585753 511.762748365 56 1681.35204983 41.1180344133 102.694102634 21.8819655867 5.64795017424 48.7684142486
3048.0 1002.45251944 18.9272620498 134.93562975 242.790723706 0.608218143173 0.486531450892 1.94241510013 254.1721116 326.125875021 501.909812657 54 1681.43048405 41.092827078 100.773109951 21.907172922 5.5695159536 48.8741249802
3072 602.675511604 2603.59088941 134.702492391 244.057965281 1.9075155679 9.19355592552 56.5217407644 188.319222461 319.917749225 5759.05252967 54 1033.17235391 41.9225267767 38.5385863673 21.0774732233 653.827646098 55.0822507764
3096 357.989953322 2882.5021111 155.341229176 246.180447576 3.5225388064 17.1485923853 53.4898426346 179.658578598 329.034193591 9235.10011039 53 1186.00978228 40.443534983 62.9993652004 22.556465017 500.990217724 45.9658064098
3120 236.088468162 2592.62928881 166.238007686 247.75117166 1.78765793774 14.1768148282 54.3783721889 181.905983385 337.044368627 11719.1184091 52 1303.3473909 39.9677871209 76.851541223 23.0322128791 383.652609108 37.9556313744
3144 170.719824037 2189.68281609 171.580258508 248.3323294 1.58298771673 8.55412106482 36.4534089132 205.077152905 343.418938158 13527.5563285 50 1384.42476607 39.7778391464 94.9025763458 23.2221608536 302.575233936 31.5810618434
3168 132.013429994 1866.80509729 173.231476148 248.860925804 0.98411702825 6.00482249725 37.1841233296 206.966011341 347.956664157 14866.2669817 50 1440.11963908 39.6767624694 113.838915742 23.3232375306 246.880360919 27.0433358445
3192 107.280065769 1573.3103526 176.71733371 249.15879516 0.585025085492 6.37984967838 28.5571332927 215.319196783 351.513643992 15945.5456516 50 1479.28931939 39.6397501231 110.110322127 23.3602498769 207.710680617 23.4863560095
3216 90.5174049518 1347.91311866 175.790680907 249.3173955 0.323159540126 2.02082583069 23.3308729183 225.007746211 354.161405817 16816.9055793 50 1507.51975999 39.6238069471 119.126980411 23.3761930529 179.480240011 20.8385941843
3240 78.4555285508 1186.18668784 175.143820504 249.405033259 0.487855945454 2.04918752889 21.1961668247 226.861756442 356.136926767 17553.2889045 50 1528.71064528 39.613518259 114.129574044 23.386481741 158.289354723 18.8630732341
3264 69.2493029928 1073.63538997 179.349091165 249.52673304 0.763785339932 0.602134191153 17.6840461579 231.423301271 357.480624358 18122.8568471 49 1545.36846164 39.5943716605 116.044189222 23.4056283395 141.631538367 17.5193756428
3288 61.917207839 988.282859101 178.138000107 249.660286763 0.842932971276 0.822834322288 15.5077438039 233.16620214 358.441358221 18569.4833531 47 1558.94358451 39.566142968 133.59343999 23.433857032 128.05641549 16.5586417801
3312 55.8368454782 926.165322003 181.901422611 249.794270302 0.868745073187 1.1160589769 12.1120999234 236.108825725 359.10340356 18902.7895659 47 1570.42030644 39.5334903209 155.492383743 23.4665096791 116.579693567 15.8965964414
3336 50.8023527339 870.219910369 181.958777209 249.91426443 0.820916538276 0.618605552545 11.2254405222 237.420772957 359.764301911 19194.213153 46 1580.10394956 39.5093010627 155.547086223 23.4906989373 106.896050448 15.23569809
3360 46.4837495117 825.775156237 180.787242395 250.024835122 0.840685912138 1.15884230906 12.9625957973 235.01304086 360.227493297 19392.8275216 46 1588.52026474 39.4822871601 170.977866385 23.5177128399 98.479735263 14.7725067038
3384 42.7816398203 762.189009286 180.297180695 250.133807054 0.915137901913 1.86985939516 10.99440564 236.086790009 360.749866741 19580.175751 46 1595.84671109 39.4745589403 169.337905859 23.5254410597 91.1532889105 14.2501332597
3408 39.6930719543 699.634311734 185.057608824 250.239029927 0.934033498944 1.01020451003 10.3149339739 237.501798091 361.328391357 19742.9681283 46 1602.04878868 39.4900732312 175.41786004 23.5099267688 84.9512113189 13.6716086441
3432 37.0466500904 645.065867686 184.332733137 250.33711958 0.953785240149 0.943457254349 9.84161605474 237.924021871 361.836601281 19889.6794721 45 1607.40503681 39.5044719242 169.990335183 23.4955280758 79.5949631894 13.1633987205
3456 34.7011590519 619.796193124 182.147402039 250.430298567 0.938269904164 0.856667787112 6.17826305712 241.596500685 362.0405818 19967.4574889 45 1612.15639214 39.4776071552 173.45319994 23.5223928448 74.8436078657 12.959418201
3480 32.5889097892 602.102883496 181.676313026 250.519259543 0.950068919403 0.854637516826 13.2968770289 234.379156992 362.246772058 20007.5230022 44 1616.47122511 39.4585332288 170.225937457 23.5414667712 70.5287748897 12.7532279436
3504 30.7195468427 556.10939063 183.32539995 250.601959395 0.916397250844 0.741691270248 5.3956934399 242.344258644 362.582113207 20049.9537483 44 1620.3347241 39.4747898769 172.142242039 23.5252101231 66.6652758996 12.4178867939
3528 29.0678258314 526.14858952 181.956358262 250.677309519 0.889031745876 0.289002562217 7.75397202773 240.390684146 362.869904552 20070.3440163 44 1623.762605 39.4819860649 176.852159115 23.5180139351 63.2373949986 12.1300954489
3552 27.5768964384 498.417344072 187.46061272 250.746237794 0.863119677104 0.797394361573 9.22810542667 238.365142741 363.002405758 20066.5505139 43 1626.86442237 39.4780343474 171.450427571 23.5219656526 60.135577634 11.9975942433
3576 26.2081749842 485.888810656 191.620154924 250.812510779 0.878786867835 1.28075735894 4.97993077465 242.04801422 363.02956358 20012.9501874 43 1629.71684268 39.4566955477 175.82756476 23.5433044523 57.2831573275 11.9704364215
3600.0 24.957190209 464.812345578 187.249982143 250.877937238 0.894868532095 0.935174400291 9.64024344905 237.651776381 363.19967587 19963.9638708 73 1632.34483441 39.4561074854 177.004307005 23.5438925146 54.6551655943 11.8003241312
3624 23.9040666965 383.768617595 178.476305473 250.935286425 0.873715347659 0.639772540095 12.1739791637 235.377246524 363.809085605 20048.6547773 72 1634.60649066 39.5754670857 143.532622253 23.4245329143 52.393509342 11.190914396
3648 23.0135125499 350.163639521 176.371202237 250.984913189 0.871740265104 0.943506518371 4.55689959468 242.642940433 364.118699978 20095.8300336 71 1636.50225035 39.626199524 117.055961368 23.373800476 50.4977496526 10.8813000233
3672 22.226918901 323.995375174 175.454242079 251.030228417 0.854542829689 0.176481590118 7.95025117089 239.988495993 364.36419795 20128.4203504 69 1638.17826418 39.6720597125 102.942244555 23.3279402875 48.821735828 10.6358020509
3696 21.512765899 310.339568755 173.147713853 251.071406481 0.828777317904 0.4201754691 3.5705669719 244.109073761 364.514913194 20144.3529679 68 1639.69672808 39.6887365989 94.7970529854 23.3112634011 47.3032719257 10.4850868075
3720 20.8451098263 299.850530675 173.869235542 251.110203311 0.813330076133 0.57237026233 4.92842248014 242.575673871 364.589761356 20143.4245702 68 1641.11600205 39.6917234485 88.9265243802 23.3082765515 45.8839979493 10.4102386454
3744 20.2234146676 286.302102297 173.822715426 251.146964855 0.806834343509 0.747594648084 3.75352166022 243.545084494 364.682002661 20139.485677 67 1642.4424135 39.7073348942 82.1768711491 23.2926651058 44.5575865083 10.3179973399
3768 19.6456759459 277.504533703 173.745293102 251.18203854 0.807784329497 0.901831186704 4.12020758422 242.98813836 364.75873282 20121.4532988 65 1643.67630996 39.7144442181 80.2531849164 23.2855557819 43.3236900417 10.2412671809
3792 19.0953502001 268.419390025 172.934858115 251.216402024 0.795875088132 0.130236198417 7.16521280409 240.692273885 364.813344362 20093.8103156 64 1644.85236094 39.7176817052 79.3629702052 23.2823182948 42.1476390686 10.1866556395
3816 18.5778124353 260.143863445 174.566287476 251.248716503 0.774061057114 0.376884971217 5.86112665364 241.739210815 364.856798005 20059.2399015 63 1645.96081625 39.7218078634 77.2157323814 23.2781921366 41.039183759 10.1432019966
3840 18.0890061574 253.364730351 176.263713666 251.279388339 0.760250138366 0.457767449767 3.56641021677 243.936183856 364.88041625 20014.5116942 63 1647.00914653 39.7241514116 75.5745627579 23.2758485884 39.9908534709 10.1195837509
3864 17.6226212759 247.92689609 174.23342863 251.30898154 0.751151439735 0.57753977341 1.98044835974 245.381878887 364.91198257 19964.0851964 63 1648.01005966 39.7217402158 74.4035673086 23.2782597842 38.9899403447 10.0880174309
3888 17.1760903362 244.549159284 172.459703675 251.337789142 0.745994219462 0.655683107517 3.29785130337 243.962682228 364.934713998 19902.3982156 62 1648.96920729 39.7121876317 75.571178053 23.2878123683 38.0307927102 10.0652860029
3912 16.7464390805 240.662386051 174.501902339 251.366088691 0.744130152452 0.747919279975 1.45415461349 245.687707264 364.931710157 19835.465847 62 1649.8934078 39.7044782022 70.3795338435 23.2955217978 37.106592208 10.0682898442
3936 16.3309811905 238.881167585 172.668102259 251.394146308 0.745287210067 0.788640142329 1.62562471418 245.446301626 364.917668355 19752.7287017 61 1650.78735117 39.6879763767 71.7079526008 23.3120236233 36.2126488364 10.0823316457
3960 15.9346856906 230.152264744 174.11392945 251.421655048 0.7483261197 0.882804159128 4.47842919918 242.468785474 364.949379465 19668.3820203 61 1651.64465064 39.7050624459 75.5051639894 23.2949375541 35.3553493681 10.0506205364
3984 15.5589537287 224.271150015 173.95864707 251.448551584 0.755258024652 0.992563192877 2.02739517288 244.776232026 364.965933345 19579.2415951 60 1652.45798506 39.7121442696 78.2827279386 23.2878557304 34.5420149449 10.0340666563
4008 15.1889396051 226.26532998 174.388454384 251.475861443 0.749405316119 0.0936701155017 2.70650030301 244.974562823 364.885303541 19468.4583838 57 1653.25415228 39.6721110236 83.2655909058 23.3278889764 33.7458477257 10.11469646
4032 14.8304047861 218.963766786 174.622183896 251.502320955 0.728212387599 0.190923599321 2.37439598187 245.204147077 364.881699206 19358.6829912 56 1654.03193458 39.6808454576 87.8740289407 23.3191545424 32.9680654265 10.1183007955
4056 14.4893769584 217.149646899 176.500220117 251.527428065 0.711350816182 0.275690332363 2.82604060871 244.659490178 364.852942044 19241.5003803 56 1654.77165707 39.6740626063 89.6876178144 23.3259373937 32.2283429334 10.1470579576
4080 14.158565816 208.598047823 174.613720511 251.551825591 0.697558308998 0.343649744691 3.24155367333 244.165412683 364.856918059 19131.7327053 56 1655.49051916 39.6832967308 87.1703367777 23.3167032692 31.509480841 10.1430819426
4104 13.8392477543 208.733387274 176.703091191 251.575501671 0.686799371416 0.427105507202 4.51291265116 242.7976808 364.803763503 18995.4400645 56 1656.18362549 39.670306171 93.4334840413 23.329693829 30.8163745094 10.1962364982
4128 13.5336615179 203.77642929 176.29000924 251.598383658 0.680111852715 0.514488575555 1.58674378773 245.620272127 364.779467277 18867.1143919 55 1656.84890932 39.6706856144 94.1949888285 23.3293143856 30.1510906883 10.2205327241
4152 13.2345562722 200.862426663 177.626091287 251.621102782 0.675656899015 0.573212586098 2.71859048745 244.411437246 364.731448714 18728.9406698 53 1657.49978424 39.6638264357 93.4399681429 23.3361735643 29.5002157677 10.2685512873
4176 12.9451364526 195.412522967 176.878937275 251.643473894 0.673950606977 0.668949268425 2.6802984818 244.333327749 364.719213065 18578.4959028 53 1658.13132822 39.6701627325 105.728897482 23.3298372675 28.8686717888 10.2807869361
4200 12.6717903201 191.239610211 175.294012186 251.665060324 0.675157760407 0.766160081767 4.34615401795 242.547467816 364.714950489 18440.2552498 51 1658.72866946 39.674916195 109.640730285 23.325083805 28.2713305403 10.2850495123
4224 12.3980223678 193.920218261 177.101038412 251.687244755 0.679733178666 0.883987181069 5.14361910666 241.605415779 364.611201937 18285.2595798 50 1659.32378992 39.6429831649 109.523557018 23.3570168351 27.6762100829 10.3887980647
4248 12.1309213036 188.510024445 180.878879829 251.70957457 0.687586775524 0.948767005582 3.01293436298 243.641137287 364.534318488 18121.3772463 50 1659.9077442 39.6413595971 113.576673792 23.3586404029 27.0922558088 10.4656815135
4272 11.8722123152 187.04862685 180.134633129 251.731954625 0.695483252122 0.0348807136726 3.75577256466 243.781908845 364.467579492 17951.4504003 50 1660.47382248 39.6389838736 118.06645133 23.3610161264 26.5261775217 10.5324205091
4296 11.6223853946 185.201228814 178.532835816 251.753826156 0.676299252208 0.126763788892 2.46180505679 244.981305746 364.435034562 17790.3440973 50 1661.02115688 39.64050482 115.143850168 23.3594951801 25.9788431197 10.5649654389
4320.0 11.3831712607 174.819092351 177.68828743 251.774678853 0.661487792159 0.270770841924 3.87863795438 243.414424559 364.434863417 17629.303918 80 1661.54720238 39.662826736 119.687879802 23.337173264 25.4527976218 10.5651365846
4344 11.1653227811 158.705192341 175.28501629 251.793705544 0.651971570431 0.373974999384 1.819180011 245.361167876 364.459276234 17501.6247832 79 1662.03009297 39.7391048423 110.885817563 23.2608951577 24.9699070308 10.5407237676
4368 10.9621456512 153.602676946 172.336399353 251.81156686 0.645113810323 0.431731321143 2.48992288902 244.62166512 364.46323851 17368.4033669 78 1662.47722539 39.7571637158 102.50716632 23.2428362842 24.5227746132 10.5367614911
4392 10.7682546494 148.047033128 171.394584534 251.828767885 0.640494110664 0.515388909404 2.91104402507 244.104305071 364.46057348 17233.9967859 77 1662.90429921 39.7803545845 95.4426820573 23.2196454155 24.0957007955 10.5394265215
4416 10.5818587258 144.847931102 170.16717194 251.845506933 0.63787620388 0.55421139728 0.274175605525 246.688229861 364.432387067 17094.9883874 75 1663.31421878 39.7869009125 90.3105153505 23.2130990875 23.6857812206 10.567612935
4440 10.4003121862 142.798908689 169.707449841 251.862038563 0.635978921086 0.579763200651 2.60399343594 244.31822588 364.385703844 16950.6213516 73 1663.71319858 39.7845206202 85.9998344858 23.2154793798 23.2868014178 10.6142961575
4464 10.2249822881 138.650388358 169.446664373 251.878244202 0.635046684437 0.612281119993 0.804933027149 246.069494967 364.353744151 16806.2427273 73 1664.09975894 39.8019002862 82.2703527041 23.1980997138 22.9002410577 10.6462558503
4488.0 1010.05313404 139.734092962 169.870702666 251.894385866 0.634965867711 0.666977635915 4.93933509004 241.864335541 364.273978298 16651.9700677 72 1664.47726739 39.7857862964 78.1668908741 23.2142137036 22.5227326118 10.7260217039
4512 823.41347889 3256.10797509 153.052803734 252.115228816 0.910981729166 3.13085124902 29.300513898 214.542424309 348.035034737 22084.7696361 72 954.331545472 42.1186780464 25.0384701918 20.8813219536 732.66845453 26.9649652654
4536 620.352407327 3855.00700101 159.710529259 252.44037039 0.857430882907 7.22975185981 29.1783532011 210.294093667 348.038072199 26573.1065056 71 1031.9779171 40.9008145606 34.6349987714 22.0991854394 655.022082902 26.9619278025
4560 476.709709329 3792.37454827 164.514177379 252.85369218 0.688587425546 6.42326531202 31.3698952592 208.664559824 350.805372795 30483.554195 71 1109.1402682 40.4241516778 39.9409275345 22.5758483222 577.859731807 24.194627207
4584 379.439246142 3517.29010271 168.49262008 253.199380727 0.671780034889 6.64866116902 24.1363668486 215.343811221 353.778077926 33876.2819149 70 1176.79160906 40.1791317587 43.7283753754 22.8208682413 510.208390944 21.2219220757
4608 312.215817557 3216.17247445 171.662675846 253.418040852 0.599762226757 2.00008647137 25.9289978373 218.053112613 356.356864199 36819.5050526 70 1233.37026989 40.0329567227 46.3512503829 22.9670432773 453.629730109 18.6431358032
4632 263.9163623 2937.17961098 174.026603884 253.618124249 0.883304139285 0.86891620285 25.6789149325 218.950740477 358.424375058 39382.8951786 70 1280.22569504 39.9339190328 50.4080032602 23.0660809672 406.774304966 16.5756249437
4656 228.185838517 2652.94647199 174.534413405 253.820988552 0.979978232701 2.43469683617 27.1867536721 215.577582708 360.233526966 41684.4991035 70 1318.91159509 39.8802344257 55.8879505916 23.1197655743 368.088404909 14.7664730364
4680 201.037254218 2421.26446246 174.8330155 253.89083279 0.44364000764 1.77419578501 18.606074827 225.285256591 361.675922292 43753.1802747 69 1350.87038474 39.8389172663 60.7472103445 23.1610827337 336.129615266 13.3240777096
4704 179.680151304 2228.59898058 174.520936844 253.975145279 0.528049712122 0.348141505857 19.3223543993 225.826309104 362.816806245 45621.6976084 69 1377.72990962 39.8042400123 49.5210055034 23.1957599877 309.270090379 12.1831937568
4728 162.590669001 2054.372904 176.795971376 254.056808416 0.558727082679 0.575934868492 15.3246652987 229.483864335 363.825564586 47315.2103741 68 1400.43873412 39.7870626004 50.1679052849 23.2129373996 286.561265882 11.1744354158
4752 148.497687894 1931.34149668 175.617992236 254.134778833 0.594233501772 0.648870632438 16.203469029 228.418648005 364.551505368 48829.2693612 68 1419.97752732 39.755593919 56.1264036556 23.244406081 267.022472687 10.4484946339
4776 136.702689654 1808.58254842 175.99043474 254.213235732 0.69883012348 2.15249274633 10.086019298 232.849422101 365.227979528 50237.5792773 68 1436.97878912 39.7396544583 50.351696387 23.2603455417 250.021210877 9.77202047418
4800 126.705086291 1697.42550414 176.479586081 254.297501729 0.767369152661 1.53222011447 12.779069757 230.623839248 365.797676171 51533.7452959 67 1451.8549107 39.7244968434 52.7509230772 23.2755031566 235.145089302 9.20232383088
4824 118.117290844 1609.98660728 176.215663699 254.379076573 0.775535203337 0.858438028933 9.63825252082 234.348697675 366.274335759 52717.6279431 65 1464.98733315 39.7084956432 59.0875283956 23.2915043568 222.012666855 8.72566424333
4848 110.632652578 1531.41984152 178.563201406 254.455277044 0.763235101498 0.536510767972 8.12904195028 236.115935137 366.674235746 53813.9451882 65 1476.71018475 39.6925674583 64.7468824915 23.3074325417 210.289815252 8.32576425619
4872 104.081879894 1455.64849635 177.284578344 254.525203794 0.773998203175 0.20124109655 7.96552470258 236.534032204 367.067367358 54849.9881509 64 1487.20025913 39.684312045 59.6555804722 23.315687955 199.799740871 7.93263264345
4896 98.2711060146 1389.45704137 177.672556101 254.590640735 0.753380705248 0.820026962421 9.67824832649 234.157703272 367.390010133 55802.6039772 64 1496.67671828 39.6734372205 67.9972923723 23.3265627795 190.323281721 7.60998986842
4920 93.0781147637 1338.38028355 176.13359517 254.652974193 0.776844091158 0.562788959555 6.85579729225 237.151595465 367.66080046 56682.432051 63 1505.28549604 39.6579277389 73.7935804577 23.3420722611 181.71450396 7.33919954224
4944 88.4099370753 1285.45321136 176.93944477 254.712648178 0.773468444365 0.87539449297 4.9361114487 238.702377437 367.915228344 57512.707091 62 1513.14787339 39.6474722365 79.4609757486 23.3525277635 173.852126608 7.0847716581
4968 84.1844533928 1241.37738654 176.95324387 254.769946956 0.789647017495 1.15131875993 5.12353738161 238.165549886 368.139248953 58288.0737344 62 1520.36262514 39.6357812985 74.3405284609 23.3642187015 166.63737486 6.86075104891
4992 80.3488196842 1194.61489505 176.620061503 254.824178312 0.765227191618 0.623195650916 4.18790238313 239.599496463 368.352525055 59010.6565429 60 1526.99708331 39.6274729867 76.6154009098 23.3725270133 160.002916696 6.64747494731
5016 76.8560276183 1145.64948235 179.229366082 254.875118469 0.767339126715 1.02921469805 9.50880083985 233.819526867 368.551634901 59689.365293 60 1533.11130719 39.6232976233 86.2802503797 23.3767023767 153.888692812 6.44836510134
5040.0 73.6422686665 1124.76295313 178.404594265 254.924036329 0.75473803089 0.625724003537 6.8620655739 236.833436064 368.682885393 60308.7464392 90 1538.78561167 39.6034030847 89.3332020034 23.3965969153 148.214388328 6.31711460874
5064 70.7618061526 1029.65623043 177.35274318 254.969166331 0.749022907064 0.109207923283 6.3980835633 237.774519276 368.982762575 61014.0816947 89 1543.96342172 39.6461091806 61.5438102081 23.3538908194 143.036578279 6.01723742636
5088 68.207968281 973.674899168 176.115243399 255.00965001 0.721870234429 0.353221641565 5.33871837204 238.576539743 369.224664607 61666.034006 89 1548.58141642 39.6690082913 48.0804281825 23.3309917087 138.418583576 5.77533539501
5112 65.8809756711 931.969839258 175.624714134 255.046869695 0.710424742696 0.648757295522 6.38817331564 237.205774952 369.397934522 62280.7008939 88 1552.81250056 39.6772607675 41.2432422203 23.3227392325 134.187499439 5.60206547989
5136 63.7360329963 898.175164722 176.2710541 255.082159849 0.712606640745 0.838223467683 4.02244984949 239.344560194 369.540895154 62863.706876 86 1556.73774191 39.6812384691 36.8768025515 23.3187615309 130.262258084 5.45910484757
5160 61.7442697724 869.722202861 175.675191912 255.116289625 0.722079794388 0.0375242532066 7.12190649886 237.00219983 369.666582328 63417.4886378 86 1560.40523252 39.6820400454 34.5552871049 23.3179599546 126.594767474 5.33341767378
5184 59.8826323917 848.292169168 175.482219558 255.148843116 0.698230019629 0.34432868737 5.69442956046 238.114168618 369.771746661 63941.2095241 84 1563.85212073 39.6775347633 31.8340776085 23.3224652367 123.147879265 5.22825334092
5208 58.1347383169 825.185740904 175.439060423 255.179580983 0.686353482686 0.488430691478 3.19810458261 240.447530261 369.871472841 64438.8424669 83 1567.10796527 39.6754317491 33.2043914378 23.3245682509 119.892034725 5.12852716046
5232 56.4940816516 803.666888642 175.439241184 255.208921584 0.681465616403 0.649530095441 4.28547407067 239.174608634 369.966847078 64913.9019788 81 1570.18111496 39.6736199442 35.4789223455 23.3263800558 116.818885036 5.03315292332
5256 54.9466073324 786.023041686 176.64565056 255.237319519 0.682454944559 0.745800677585 2.17400302755 241.160421832 370.043816091 65365.7229957 81 1573.09345015 39.6683775598 33.5766366345 23.3316224402 113.906549846 4.95618391025
5280 53.4854298208 766.610355353 176.628316323 255.264982087 0.686387253378 0.808724269179 1.82065759442 241.419248798 370.129371478 65795.9538094 80 1575.85857341 39.6679540657 35.9276427592 23.3320459343 111.141426589 4.87062852371
5304 52.1049854738 747.892796761 175.935573935 255.292027722 0.693735764073 0.959011791611 3.98855917685 239.066665547 370.209311876 66206.9663386 79 1578.4826217 39.6664696889 40.1967477164 23.3335303111 108.517378297 4.79068812611
5328 50.7979908356 733.527671246 175.702389772 255.318593373 0.692543915063 0.0755149382 0.977140901107 242.936206874 370.278895548 66600.7816471 79 1580.97725729 39.6623883409 41.3251787712 23.3376116591 106.022742713 4.72110445404
5352 49.553680107 719.287369776 176.897976751 255.343947456 0.671188453644 0.147628805473 1.89733816128 241.939897125 370.337873747 66973.5419376 79 1583.36181988 39.6575272634 42.0519204414 23.3424727366 103.638180118 4.66212625432
5376 48.3734041445 701.875992657 178.14355469 255.367888593 0.653403105568 0.20367275199 3.58905940703 240.185976144 370.40093837 67328.0280955 79 1585.6341658 39.6575201345 47.3756859409 23.3424798655 101.365834194 4.59906163173
5400 47.2517702756 686.659159923 178.043876944 255.390635511 0.640276146065 0.336360582117 3.88029559291 239.75243217 370.465318661 67678.1421319 79 1587.80156086 39.6566902542 43.164220324 23.3433097458 99.1984391348 4.5346813409
5424 46.1841012034 675.726813724 176.530969314 255.412423756 0.631182454817 0.392797363041 2.09281642756 241.47078 370.528047908 68007.0419269 79 1589.87213435 39.6557725972 42.9786362442 23.3442274028 97.1278656521 4.4719520934
5448 45.1586348964 663.592759317 176.795668037 255.433561026 0.624416629535 0.466900641244 3.11799227501 240.35712943 370.566948566 68316.4988459 79 1591.86522752 39.6461088782 43.7046662378 23.3538911218 95.1347724755 4.43305143538
5472 44.1802009489 651.359555775 178.601155204 255.454012797 0.62110220255 0.577392628331 4.86056549081 238.486926883 370.616435616 68610.0221582 76 1593.77554018 39.6444268255 44.3736156064 23.3555731745 93.2244598222 4.38356438558
5496 43.2419743266 639.158748654 176.814107508 255.474002978 0.62109121866 0.666423631461 4.47605920723 238.762422966 370.672646231 68894.6112424 74 1595.61312983 39.6435932528 42.5394729001 23.3564067472 91.3868701699 4.32735377038
5520 42.3447656829 628.288255197 176.63513525 255.493572051 0.623780684636 0.754492296743 3.90367514948 239.224479819 370.715329782 69161.4334558 74 1597.37497742 39.6390358121 44.5757377043 23.3609641879 89.6250225818 4.28467022019
5544 41.4836936082 618.15575288 177.216576409 255.512870611 0.628994977854 0.822504684226 3.20937149472 239.826258233 370.757091299 69414.3472216 74 1599.07136574 39.6374143455 46.1389348387 23.3625856545 87.928634258 4.24290870312
5568 40.6603192875 602.785191602 177.897022913 255.531877884 0.635366206686 0.869407049989 2.37226945892 240.591079402 370.805445922 69664.904701 74 1600.69919141 39.6403193201 44.1390746533 23.3596806799 86.3008085854 4.19455407998
5592 39.8711289444 593.924737324 176.593441133 255.550664933 0.642843536706 0.917786579846 2.36508544316 240.523619508 370.847878877 69896.8893816 73 1602.26224105 39.6369181334 47.2748008801 23.3630818666 84.7377589438 4.15212112487
5616 39.107185471 590.856268316 176.639201077 255.569436739 0.65095198762 0.941312646452 2.31211809954 240.526180528 370.869768006 70105.9219431 72 1603.77731937 39.6244939874 52.3615402119 23.3755060126 83.2226806239 4.13023199592
5640 38.3687874457 579.055064244 176.682167091 255.588174397 0.660025362804 1.01132495785 3.05863093224 239.681844351 370.908077976 70311.3810658 71 1605.24784224 39.6252820729 57.330061815 23.3747179271 81.7521577597 4.09192202622
5664 37.6604192177 567.468737808 176.606028402 255.606765884 0.670423089608 1.0663970846 2.67446175423 239.981952189 370.949370316 70512.3767359 70 1606.66245032 39.6270384232 59.4156516985 23.3729615768 80.3375496751 4.05062968563
5688 36.9730590017 563.183178451 177.099857106 255.625124249 0.657162475526 0.156587716829 2.21281384505 241.348311715 370.970685556 70695.8143729 69 1608.03603219 39.6178608859 58.098117514 23.3821391141 78.9639678048 4.02931444616
5712 36.3100463081 554.442575962 177.725120565 255.642785252 0.644436257919 0.205020327239 2.7162076215 240.791550542 371.000775305 70861.3815705 68 1609.36550479 39.6158366555 68.9636004201 23.3841633445 77.6344952112 3.99922469624
5736 35.6685606738 552.841846171 177.597479263 255.659868081 0.633767602684 0.277335401685 3.06845734845 240.360571568 371.019897742 71028.1949008 67 1610.65297595 39.6038432106 63.2276126978 23.3961567894 76.3470240491 3.9801022601
5760.0 35.0437916768 544.393981939 178.212673975 255.676549409 0.625152223275 0.329548296951 2.39959848655 240.969151585 371.044200974 71179.3560947 97 1611.9109527 39.6017810686 62.049671883 23.3982189314 75.0890472958 3.95579902786
5784 34.4504752273 520.513495122 176.825758655 255.692472788 0.618541333748 0.398886426103 3.47483979021 239.815259663 371.092849119 71354.3521158 97 1613.11289623 39.6282292913 55.3204549948 23.3717707087 73.8871037671 3.90715088245
5808 33.8891935392 504.217828012 176.240416723 255.707651842 0.613691624327 0.435236224238 2.37549944209 240.867920868 371.144407733 71523.0257398 97 1614.25029632 39.6418630793 49.4824026727 23.3581369207 72.7497036788 3.85559226845
5832 33.3526007468 492.181766325 175.985007003 255.722296282 0.609855631417 0.475551721566 4.0961414155 239.09615495 371.184943537 71682.1906186 94 1615.33854988 39.6494115961 46.1423407335 23.3505884039 71.6614501128 3.81505646474
5856 32.8361514323 483.490665175 175.874360917 255.736543358 0.607697097178 0.55042157545 2.61389684694 240.491441123 371.216309778 71834.6301801 93 1616.38707005 39.6520717962 40.8475418237 23.3479282038 70.6129299467 3.78369022386
5880 32.3375157197 475.031453868 176.569609443 255.750479772 0.606710300056 0.569758452334 1.12887558498 241.944175892 371.245499835 71973.9305005 90 1617.40116127 39.6550057283 41.2837527694 23.3449942717 69.5988387248 3.75450016701
5904 31.8534806661 471.641265093 176.61847645 255.764196617 0.606063704451 0.590968925933 2.55879947768 240.479971275 371.262821742 72104.7272505 89 1618.38602371 39.6487263215 37.0689317442 23.3512736785 68.6139762829 3.73717825959
5928.0 1031.38300936 464.712622942 177.428690378 255.777724347 0.606264506178 0.639538352358 3.85814554257 239.118327252 371.285770364 72226.92394 87 1619.34566889 39.6501583311 35.4814943824 23.3498416689 67.6543311036 3.71422963763
5952 958.594779308 3671.91094372 158.121419508 255.845152994 0.620253065266 0.395157642283 14.84258007 228.296856229 364.792654986 77726.458598 86 918.86541799 42.172205091 21.1717926939 20.827794909 768.134582004 10.2073450159
5976 854.31307107 4543.49657942 161.151810289 255.956635756 0.659762308272 0.849811802933 15.5386522574 226.995137875 363.234686658 82686.0757255 86 947.80192125 41.215377616 18.4155389198 21.784622384 739.198078744 11.7653133436
6000 757.163474844 4711.42307529 164.544836449 256.088771299 0.78102822562 0.959772079531 20.6057793482 221.564649048 363.387565001 87431.4745256 86 980.063935195 40.8595197232 17.217434337 22.1404802768 706.936064799 11.6124350001
6024 674.400471631 4649.38800998 167.542728815 256.234411488 0.889642382612 1.02559708372 19.9044815159 221.94586753 363.992018355 91925.0911496 85 1012.33252897 40.6561667027 24.2764636671 22.3438332973 674.66747102 11.0079816463
6048 605.026632712 4520.93919919 168.84348818 256.388171431 0.977510134679 0.533186089483 15.6902676045 226.410864741 364.667919449 96176.4315346 84 1043.46410767 40.511636703 23.5638303402 22.488363297 643.535892326 10.332080553
6072 546.930003751 4340.67199988 170.388767646 256.533577465 0.949511791548 1.14092454046 9.85566543428 231.520320769 365.35050083 100218.746484 83 1072.95543831 40.4080946128 28.3918759564 22.5919053872 614.044561682 9.64949917123
6096 498.098216669 4167.19722019 171.899554201 256.663619758 0.910665535288 0.686848504913 11.50583819 230.233028012 365.973976148 104063.458629 83 1100.54718532 40.3231803217 28.5289958069 22.6768196783 586.452814669 9.02602385375
6120 456.648043111 4000.83453556 171.849668917 256.783066247 0.922359445738 1.15120494693 10.7697338135 230.373635547 366.536777956 107712.211289 81 1126.27468096 40.2531213764 27.9467126921 22.7468786236 560.725319032 8.46322204518
6144 421.132145384 3840.46095924 172.15424289 256.893686715 0.886596888238 0.667421681444 10.9339566065 230.618338109 367.039701219 111190.300159 80 1150.22050798 40.1937498374 30.4778466348 22.8062501626 536.779492011 7.96029878301
6168 390.437046999 3690.50174199 173.471161209 256.994015153 0.873146389603 0.703767476869 9.09203868754 232.337032293 367.48809493 114489.684591 80 1172.49141295 40.1431299288 34.5754820814 22.8568700712 514.508587039 7.51190507182
6192 363.713155644 3545.38091387 175.110536817 257.085409685 0.834706128999 0.471533924766 5.14550310803 236.462847154 367.895563286 117649.495302 80 1193.19221645 40.1003423635 37.6657117026 22.8996576365 493.807783543 7.10443671528
6216 340.28503177 3411.0384356 174.935408969 257.167983638 0.828747981597 0.18790802023 10.6568124095 231.158547951 368.25905857 120674.756587 80 1212.43105855 40.0613873423 36.5909795028 22.9386126577 474.568941441 6.74094143213
6240 319.589931613 3288.27626749 175.054073277 257.244555335 0.812380815208 1.07313153175 9.48030372844 231.389628589 368.586445582 123560.464044 80 1230.34328489 40.0267361819 33.2291934254 22.9732638181 456.656715107 6.41355441921
6264 301.229331243 3168.89880811 175.305677912 257.316385379 0.803085649498 0.877973213494 9.15262875883 231.849926999 368.892564916 126328.23764 80 1247.01191485 39.9985072083 32.0797746284 23.0014927917 439.988085147 6.10743508547
6288 284.859286057 3054.01364811 175.706093242 257.383802384 0.795484304605 0.653289044778 11.6928159512 229.474608316 369.173417691 128986.240636 80 1262.5285906 39.9747736355 30.500148176 23.0252263645 424.471409397 5.82658231092
6312 270.167394439 2952.72693716 176.734806039 257.44678186 0.781262229991 0.432042679803 8.19468470843 233.145228522 369.421869366 131523.822968 78 1277.00717879 39.9510769789 35.9147538214 23.0489230211 409.992821206 5.57813063548
6336 256.872883959 2860.37858097 176.78338368 257.505484325 0.777341117645 0.980810756438 6.23090242407 234.505461377 369.638691306 133964.52537 77 1290.58316671 39.9273775592 34.6924400659 23.0726224408 396.416833283 5.36130869588
6360 244.789215499 2792.0445383 176.153389723 257.561911984 0.772656710104 0.49029844306 5.52473623914 235.650396624 369.828735638 136278.942393 76 1303.33075798 39.900558225 40.3579856054 23.099441775 383.66924201 5.171264364
6384 233.766465177 2696.06424385 176.317817471 257.614913287 0.764693351928 0.804162950852 5.46252871952 235.35370169 370.029619281 138544.904283 76 1315.32903098 39.8866356125 39.5708312525 23.1133643875 371.670969013 4.97038072081
6408 223.710596074 2618.1535414 176.226510676 257.665555792 0.762996598278 0.0789650848825 4.70006532551 236.7924172 370.206663428 140717.838739 75 1326.5824836 39.8698703722 40.312258796 23.1301296278 360.41751639 4.79333657381
6432 214.495632858 2543.74500575 177.325040606 257.712604896 0.733101136288 0.49441264659 8.05946464502 233.000416677 370.373384192 142812.753319 75 1337.16709066 39.855876781 45.533945707 23.144123219 349.832909337 4.62661580988
6456 205.998071454 2478.14670699 179.174465889 257.756882016 0.731168626359 0.863378829144 4.83971756506 235.808852964 370.512570874 144832.308079 73 1347.16093039 39.8383513403 43.0911388933 23.1616486597 339.839069602 4.48742912732
6480.0 198.151159579 2409.91014034 179.549897629 257.799563305 0.72266633116 0.11101642809 5.30985072483 236.056903211 370.65614863 146782.853572 103 1356.60372334 39.8267009111 43.615138854 23.1732990889 330.396276655 4.34385137132
6504 190.952546355 2307.93657917 176.987116305 257.838906236 0.698179023005 0.427029887072 6.03683789992 234.999046954 370.824011658 148736.243938 101 1365.46314762 39.8326036237 29.2971429811 23.1673963763 321.536852376 4.17598834345
6528 184.350673079 2230.80433242 176.048878107 257.875450676 0.687871676146 0.566546559198 3.42230144495 237.447829644 370.973327138 150620.771703 97 1373.73990933 39.8313059769 22.0244634814 23.1686940231 313.260090667 4.02667286332
6552 178.24538022 2163.43828083 176.29644247 257.910107969 0.685703292474 0.745505676777 6.1630183137 234.495664748 371.103244408 152446.774829 97 1381.53012379 39.8284005034 21.2100070923 23.1715994966 305.469876201 3.89675559326
6576 172.564730138 2106.28707876 175.849325289 257.94358547 0.694366299588 0.993440195982 7.26791492387 233.100693111 371.216444676 154218.719721 96 1388.89763754 39.8223550027 21.619808542 23.1776449973 298.102362458 3.78355532492
6600 167.253406128 2057.19223237 175.730215518 257.975791692 0.674833596147 0.222847366748 5.08899427238 236.037533073 371.315994723 155936.33262 96 1395.89315256 39.8141362401 22.3368049226 23.1858637599 291.106847439 3.68400527822
6624 162.276374957 2011.08607436 175.728013517 258.005982973 0.65935653347 0.427217982718 4.57225647036 236.335186041 371.409432445 157607.59308 94 1402.54576739 39.8060185184 21.9007767589 23.1939814816 284.4542326 3.59056755645
6648 157.593312382 1968.12253842 175.77630807 258.034787617 0.653621485245 0.625812912727 6.70594403466 233.97983395 371.494931796 159229.693267 94 1408.89304854 39.7979902346 18.4234119354 23.2020097654 278.106951453 3.50506820543
6672 153.179134283 1929.83533477 175.841761745 258.062688841 0.657210434529 0.822704755334 3.50043431705 236.956961652 371.573188689 160796.104089 91 1414.95441401 39.788356468 20.5284431236 23.211643532 272.045585984 3.42681131202
6696 149.011332295 1891.37441476 175.908806755 258.090061143 0.666764640589 0.963969664259 5.09020066856 235.189003884 371.650274835 162320.847748 88 1420.75085305 39.7810918895 23.1373473316 23.2189081105 266.249146945 3.3497251666
6720 145.06973188 1855.03702362 175.976212497 258.116967743 0.662933158311 0.158122021217 3.33284601621 237.729131061 371.720718259 163803.114863 87 1426.29766933 39.7727198571 25.8920625105 23.2272801429 260.702330663 3.27928174253
6744 141.342393964 1813.41786255 176.029577337 258.142502267 0.646030063988 0.300468949111 6.44027943918 234.470719281 371.795189541 165257.09882 85 1431.60528755 39.769282939 28.3229300829 23.230717061 255.394712441 3.20481046013
6768 137.809476251 1785.2695825 176.088245017 258.166830188 0.636276343414 0.436971674608 3.28202520683 237.477896587 371.855292099 166659.889358 85 1436.68711202 39.7595267732 34.020673486 23.2404732268 250.312887975 3.14470790187
6792 134.445962158 1751.52046613 176.819936691 258.190295784 0.630544071737 0.536399640232 3.96953393687 236.673226567 371.915694188 168033.641628 82 1441.57665226 39.7532171514 33.2863535168 23.2467828486 245.423347739 3.08430581368
6816 131.247788394 1724.94886004 176.833283758 258.213023963 0.62862834689 0.62345274244 4.44231454832 236.092580399 371.97014563 169364.881682 81 1446.27059949 39.7444807396 32.9913045969 23.2555192604 240.729400502 3.02985437095
6840 128.198652245 1691.76279357 176.909614501 258.23520826 0.630431092385 0.744608874487 4.63064293328 235.75910884 372.027226186 170664.458512 80 1450.78986142 39.7400529717 36.5805452136 23.2599470283 236.210138571 2.97277381555
6864 125.299609372 1657.44640445 177.449751828 258.256914084 0.635106021867 0.798758066767 3.71605807711 236.59316375 372.08646566 171944.073794 80 1455.12661759 39.7378300242 34.6195996541 23.2621699758 231.87338241 2.9135343415
6888 122.535402275 1634.54098286 176.773555434 258.278269743 0.641822968666 0.890384447413 4.51599672843 235.673526112 372.133266134 173181.677937 80 1459.29442975 39.7296525428 35.433378746 23.2703474572 227.705570243 2.86673386769
6912 119.886470904 1611.95583218 176.569957418 258.299459019 0.651288541661 0.971358497745 3.16470917547 236.913184766 372.176917263 174384.786998 78 1463.32115226 39.721334202 35.5904977992 23.278665798 223.678847731 2.82308273823
6936 117.346952755 1584.74305059 176.531186786 258.320546772 0.662136265952 1.0220360077 3.70843238209 236.286848572 372.223960464 175557.412324 78 1467.21401308 39.7172421358 39.046434913 23.2827578642 219.785986911 2.77603953716
6960 114.922523498 1557.60931905 177.982771293 258.341468057 0.67433348004 1.09377222754 4.01258583992 235.877840396 372.27145232 176708.039882 76 1470.95971271 39.7150326793 38.3176279686 23.2849673207 216.04028729 2.72854768171
6984 112.589080822 1540.95923434 177.819804802 258.362426832 0.688282405342 1.17378450214 4.16243919405 235.613067067 372.303678871 177811.229131 76 1474.58735941 39.7042085577 45.819655066 23.2957914423 212.412640583 2.6963211305
7008 110.353942975 1509.75972554 178.472065996 258.383193231 0.685964165774 0.269038740062 2.16343965567 238.498364208 372.350384634 178915.780132 76 1478.09118315 39.7039039175 43.556101775 23.2960960825 208.908816844 2.64961536757
7032 108.210458056 1495.52186833 177.331500501 258.403209661 0.675144412958 0.351077620761 1.06037826125 239.510190044 372.386248075 179976.495331 73 1481.47103752 39.6954506186 48.6483473808 23.3045493814 205.528962476 2.6137519265
7056 106.140885092 1482.59775043 176.962964377 258.422637331 0.666542291679 0.402421615793 2.90361055348 237.604788209 372.414954806 181007.575088 73 1484.75469548 39.6851951414 53.6679526579 23.3148048586 202.24530451 2.58504519559
7080 104.143120345 1460.43869406 177.701419332 258.441536582 0.65994122003 0.462703447431 3.61237737357 236.823441377 372.45148629 182022.707519 73 1487.94724819 39.6819478726 55.5725690929 23.3180521274 199.052751802 2.54851371177
7104 102.221915467 1439.2202006 177.634386212 258.459898901 0.655168772628 0.510258487945 3.20461467082 237.170059168 372.485632728 183024.083793 72 1491.03580708 39.6776492143 45.88554365 23.3223507857 195.964192919 2.51436727376
7128 100.363318089 1424.61067326 177.880210565 258.477883728 0.651887883463 0.556558794802 2.69781275112 237.615856843 372.51142246 183974.579627 72 1494.03971088 39.6689965709 44.4080437641 23.3310034291 192.960289117 2.48857754126
7152 98.5786210426 1395.27707949 177.63731317 258.495401194 0.650125841914 0.615578861678 4.01497395749 236.223920145 372.552649762 184920.451987 72 1496.94476825 39.6715983924 47.502556328 23.3284016076 190.055231748 2.4473502395
7176 96.8615189951 1380.50348813 178.801767615 258.512537038 0.650439906489 0.692176329165 3.15768508581 236.987161641 372.579729368 185832.584657 72 1499.75225742 39.6652555555 53.0194764763 23.3347444445 187.247742571 2.42027063371
7200.0 95.2098622523 1356.23557573 180.132857206 258.529336548 0.652059486709 0.725303838302 1.2490954802 238.844204647 372.617291607 186746.118566 101 1502.46971446 39.6671813854 55.4485226931 23.3328186146 184.530285539 2.3827083939
7224 93.6336451913 1309.13176917 178.059326868 258.545688307 0.654019005717 0.744073602341 1.18664390432 238.869575181 372.66396107 187693.978889 99 1505.08071463 39.6831236134 39.6038432066 23.3168763866 181.919285372 2.33603893121
7248 92.1342745543 1278.05868574 177.248192729 258.561551791 0.656282747512 0.754509441331 1.94194206158 238.085713959 372.709564823 188614.309582 96 1507.57436479 39.6917297366 31.1044995719 23.3082702634 179.425635207 2.2904351777
7272 90.6967579553 1253.26138386 176.927946479 258.577060561 0.658734837241 0.772768957693 2.5309255065 237.460510138 372.746521864 189512.073953 95 1509.97480742 39.6960347719 30.7346851829 23.3039652281 177.025192581 2.25347813651
7296 89.309642426 1236.70319693 176.814577682 258.592322572 0.661748553552 0.816059523956 3.95534965241 235.974519698 372.77453061 190389.583142 93 1512.29976369 39.694405704 28.7941384558 23.305594296 174.700236313 2.22546939065
7320 87.9670876388 1220.91355338 176.787065095 258.607403641 0.666052535975 0.880207849977 1.23844797383 238.607887999 372.799587625 191250.080806 92 1514.55941949 39.6919453407 25.5387824387 23.3080546593 172.440580508 2.20041237609
7344 86.6656664307 1212.22933368 176.795743264 258.622348104 0.670827226587 0.886914878233 0.547678106016 239.272231685 372.821473489 192083.582693 90 1516.75842806 39.6863933886 25.3991037009 23.3136066114 170.241571936 2.1785265117
7368 85.4009750641 1195.4014554 179.101682387 258.63719304 0.675677747492 0.901849919809 0.766193072719 239.01908622 372.843430277 192901.792614 88 1518.90481758 39.6845165324 27.0735559304 23.3154834676 168.09518242 2.15656972408
7392 84.1752802144 1183.31892199 179.999444617 258.651897295 0.680530907063 0.904315335841 0.921518963536 238.841737499 372.864158429 193701.259069 86 1520.99320454 39.681374211 27.4100334019 23.318625789 166.006795454 2.13584157198
7416 82.9828821332 1170.54345359 178.789246365 258.666511974 0.685342097176 0.923608023595 3.97483641669 235.749701489 372.884405926 194486.478272 84 1523.03214805 39.676261518 27.2941696888 23.323738482 163.967851954 2.11559407459
7440 81.8266267493 1155.69875803 178.736179253 258.680992497 0.690730320104 0.954508503829 1.91825671703 237.755511963 372.907220132 195249.999789 84 1525.01785333 39.675572478 39.5336914396 23.324427522 161.982146668 2.09277986936
7464 80.7042053658 1140.07539793 177.583996743 258.695360239 0.696272517064 0.966808769616 0.819063191253 238.822495283 372.931484299 196018.171652 84 1526.9527274 39.6756567828 38.1531632924 23.3243432172 160.047272595 2.06851570224
7488 79.6158740588 1128.16326306 177.633045918 258.709597081 0.70190199428 0.989156196976 2.61474644976 236.984598278 372.95142943 196768.09954 83 1528.83491058 39.6730427389 39.4208571735 23.3269572611 158.165089417 2.04857057094
7512 78.5566067391 1115.42451743 177.20131203 258.723706719 0.697770020237 0.0212666530339 1.3541163237 239.203140284 372.972012095 197510.435988 81 1530.67330468 39.6711656667 35.0211013481 23.3288343333 156.326695322 2.02798790605
7536 77.5253684179 1108.59759955 177.063999508 258.737408612 0.685021038289 0.0821822139218 3.99801869769 236.497369438 372.987431358 198228.077464 80 1532.46818868 39.6651536375 33.376674687 23.3348463625 154.531811317 2.01256864265
7560 76.5176712363 1099.0090646 178.436861517 258.750740071 0.673740835059 0.119658417529 1.63829171148 238.817568965 373.002005134 198924.491458 80 1534.22818896 39.6609193682 36.3008659494 23.3390806318 152.771811043 1.99799486685
7584 75.5386576951 1085.45170957 178.068364627 258.763652398 0.663333645519 0.141928354367 2.23310844883 238.197977154 373.021441424 199614.752941 79 1535.94449191 39.6602169602 40.9877677125 23.3397830398 151.055508091 1.97855857704
7608 74.5840498466 1076.35714629 178.207890295 258.776215031 0.653917847983 0.191210820292 1.714441302 238.664214999 373.037577364 200292.057235 78 1537.62262553 39.6567915378 42.5401046845 23.3432084622 149.377374464 1.96242263732
7632 73.6495016099 1067.35074496 178.463264086 258.788502901 0.645596819792 0.234842551429 3.16536869901 237.165689029 373.04948062 200949.525088 78 1539.27000621 39.6516530235 45.0956838404 23.3483469765 147.72999379 1.95051938077
7656 72.7396341419 1055.20712837 177.616406784 258.800472104 0.638305893538 0.261203719501 1.58426901597 238.715749267 373.06857954 201602.419563 77 1540.87985827 39.651286369 47.6124968116 23.348713631 146.120141725 1.93142046079
7680 71.854123758 1046.48453175 177.312866495 258.812137767 0.631706868443 0.289782106248 1.93160433343 238.334768925 373.083935965 202245.835896 77 1542.4506149 39.647484249 47.2724271943 23.352515751 144.549385097 1.91606403577
7704 70.9870829424 1042.60659722 177.233160387 258.823585971 0.625735778493 0.317345253839 2.24055303073 237.992779966 373.095623168 202871.667133 74 1543.9923394 39.6411330606 42.4344652849 23.3588669394 143.007660596 1.90437683317
7728 70.1388845658 1030.37759099 178.44803722 258.834820991 0.620631630665 0.368192207534 3.45775612528 236.718599046 373.109067651 203479.683958 74 1545.50566967 39.6395615781 47.524595839 23.3604384219 141.494330325 1.89093235018
7752 69.3083184461 1022.60024307 178.265685282 258.845873557 0.616637970004 0.421242153823 3.62861771989 236.4876286 373.121031303 204073.528346 73 1546.9910666 39.6350806808 49.1123028977 23.3649193192 140.008933398 1.87896869771
7776 68.5000960601 1016.38861368 179.187703896 258.856696003 0.613700320715 0.467225789848 1.74511067023 238.317267216 373.134366194 204659.607768 71 1548.44079553 39.6315877744 50.0035009421 23.3684122256 138.559204472 1.86563380654
7800 67.7072227476 1011.97383926 181.650401648 258.867392052 0.611345357853 0.495060429448 2.8648193056 237.161382856 373.142680753 205225.602263 68 1549.86604777 39.6251727625 49.7427898576 23.3748272375 137.133952234 1.85731924804
7824 66.9292450854 1005.96365708 180.414694137 258.877974114 0.609611746962 0.526115064592 2.94559079744 237.040708277 373.153896638 205773.966547 68 1551.26828021 39.6201644357 58.0414424376 23.3798355643 135.731719791 1.84610336254
7848 66.1683483689 995.042101925 179.741710918 258.888419571 0.608595964184 0.565971663064 0.962464407814 238.974548394 373.168422453 206324.853759 67 1552.64399784 39.619117587 62.9150398512 23.380882413 134.356002162 1.83157754837
7872 65.4232872205 989.355783917 179.978413001 258.898751564 0.607996935604 0.584072536682 1.98215152742 237.927027437 373.178675677 206862.629044 67 1553.99387278 39.6150526011 63.1952561249 23.3849473989 133.006127215 1.82132432345
7896 64.6891802707 989.879619151 182.483237988 258.909040732 0.607849728523 0.617136784857 2.95621593316 236.909756822 373.179564325 207373.683023 64 1555.32568389 39.6027278103 62.6636369952 23.3972721897 131.67431611 1.82043567564
7920.0 63.9646230576 993.4304075 180.682611943 258.919313981 0.608297106445 0.641111073947 0.939146584201 238.892131255 373.185428678 207861.133176 93 1556.64358334 39.5918946151 74.3003175054 23.4081053849 130.356416657 1.81457132329
7944 63.2672889715 945.926057043 178.626679139 258.929320976 0.608934441309 0.65237743586 1.83858436762 237.97078278 373.220408818 208432.464862 93 1557.92200731 39.622269282 54.8017852386 23.377730718 129.077992683 1.77959118297
7968 62.6041402033 922.161764715 177.769086962 258.938951632 0.609744443528 0.665539380717 0.581481706168 239.204282838 373.250439568 208981.122954 93 1559.1383075 39.6377143382 45.0633468504 23.3622856618 127.861692497 1.74956043346
7992 61.9623028908 908.615879755 177.419084923 258.948383723 0.610647636957 0.677836752683 1.24266102716 238.52047086 373.268761379 209514.074744 93 1560.31622586 39.6428368641 39.4928718124 23.3571631359 126.683774139 1.73123862207
8016 61.3366769398 895.200818015 177.277906814 258.957687161 0.611709122085 0.685168365238 1.85688867237 237.88854668 373.28463357 210037.972829 93 1561.46653246 39.6472387539 36.6741336059 23.3527612461 125.533467532 1.71536643172
8040 60.7277827911 885.382825568 177.20878017 258.966850421 0.612971483997 0.710510550453 3.37289995616 236.336767589 373.299089932 210553.87169 91 1562.58804359 39.6488697498 34.7497587166 23.3511302502 124.411956404 1.70091006928
8064 60.1327708569 875.600787151 177.178963585 258.975915603 0.614660841213 0.742615861387 1.82723379279 237.839573902 373.312351099 211061.899416 90 1563.68609607 39.6504572327 33.7794293005 23.3495427673 123.313903923 1.68764890231
8088 59.5494800911 869.943915159 177.672285279 258.984916589 0.616600914025 0.758832348505 3.27694836704 236.362701782 373.320858398 211557.005603 90 1564.7639738 39.6475384894 31.9808415209 23.3524615106 122.236026195 1.67914160279
8112 58.9792664493 858.153593633 177.352123403 258.993830957 0.618733698467 0.767953018528 1.69501276386 237.924469563 373.334982336 212054.321664 90 1565.82058822 39.6509967405 28.3557331496 23.3490032595 121.179411774 1.66501766483
8136 58.4208516977 855.57878498 178.738099705 259.002675616 0.62091824523 0.773581648857 1.08083048556 238.521994005 373.342228124 212529.760904 89 1566.85624606 39.6465324637 28.154708854 23.3534675363 120.143753932 1.65777187716
8160 57.8711818464 848.175833172 178.538007658 259.01149586 0.623147120149 0.78691904282 2.42946963145 237.148968346 373.352123714 212999.723003 86 1567.87796273 39.6459045033 28.0962034177 23.3540954967 119.122037269 1.64787628748
8184 57.333907545 837.632261194 177.68937424 259.020231076 0.625569043717 0.801883997204 1.72894291729 237.823372967 373.364576812 213469.602902 85 1568.87878219 39.6473269725 27.9033748397 23.3526730275 118.121217804 1.63542318967
8208 56.8083583695 832.326059632 177.374595976 259.028889017 0.628016045066 0.804732840766 1.00989072991 238.528471368 373.374728387 213929.393185 85 1569.85919508 39.6456176162 27.7321116534 23.3543823838 117.140804916 1.6252716138
8232 56.2905490133 830.191211117 178.272422496 259.037531695 0.630471592137 0.815160533455 2.25683145385 237.260004726 373.379277828 214371.298558 84 1570.82619705 39.6404058054 29.5157166207 23.3595941946 116.173802945 1.62072217333
8256 55.7808079185 822.856304315 177.634065405 259.046152468 0.633121406066 0.830503909226 1.47163007176 238.018592146 373.388146937 214813.013865 84 1571.7802738 39.6384970734 28.6400104971 23.3615029266 115.219726195 1.61185306417
8280 55.2800177498 820.68852234 178.139006315 259.05473542 0.635854074423 0.840601406417 0.66836254504 238.800446555 373.394168492 215237.160495 84 1572.71887538 39.6335200641 31.5885896617 23.3664799359 114.281124614 1.60583150894
8304 54.7873928175 814.970669388 178.246018518 259.063291555 0.638606921772 0.844869694141 1.85247879662 237.600753033 373.402464672 215650.053216 81 1573.64401741 39.6320504715 43.1481369848 23.3679495285 113.355982588 1.59753532912
8328 54.3048688556 801.920338372 179.673838276 259.071783604 0.641355518654 0.853125371065 1.99076632466 237.442969182 373.414541879 216076.309643 81 1574.55257109 39.6379926437 43.7996639906 23.3620073563 112.447428905 1.58545812203
8352 53.8319141388 800.948735782 178.171716705 259.080217591 0.644229465724 0.865986163563 1.08387464776 238.325692133 373.420990255 216489.847828 79 1575.44315709 39.6313613013 43.7608101968 23.3686386987 111.55684291 1.57900974648
8376 53.3652917398 797.294568036 178.464848472 259.088649495 0.647141458555 0.870418397447 1.17863575239 238.215154897 373.427689978 216894.188105 78 1576.32352981 39.6286707099 43.6046983312 23.3713292901 110.676470189 1.57231002368
8400 52.9066847216 791.586123506 179.473223435 259.097046356 0.650054314882 0.879472016651 2.23706088197 237.136366431 373.436618807 217293.826593 77 1577.19054805 39.628515014 43.9175518327 23.371484986 109.809451949 1.5633811943
8424 52.4541855677 795.831910265 178.532746983 259.105440942 0.653015818853 0.883262504256 1.29084028367 238.067440452 373.437810578 217670.988269 75 1578.04599816 39.6169404669 47.5782563037 23.3830595331 108.95400184 1.5621894234
8448 52.0043571562 791.319122194 178.957836931 259.113896341 0.655974233565 0.886297740338 1.3541210496 237.989710636 373.440599252 218043.871002 74 1578.89814413 39.6116552306 48.4410253684 23.3883447694 108.101855865 1.55940074925
8472 51.5639435261 778.485522276 179.619617933 259.122283599 0.65893128167 0.891372203076 0.374548220638 238.952864696 373.452511238 218422.567398 73 1579.73518182 39.6175396928 48.4592422829 23.3824603072 107.264818176 1.54748876333
8496 51.1322669795 778.387008085 179.108833455 259.130611413 0.661863495604 0.897566444201 2.35755722722 236.952401421 373.458539062 218783.902711 71 1580.55557554 39.6113497593 50.9296803375 23.3886502407 106.444424459 1.54146093941
8520 50.7050881419 775.928367377 180.375459378 259.138959206 0.664847317629 0.902624140052 1.33620157311 237.957367763 373.462838545 219134.457224 69 1581.36869634 39.6075455174 55.3615265576 23.3924544826 105.631303657 1.5371614565
8544 50.2821272242 775.717557843 180.332637932 259.147331696 0.667852592931 0.913397687198 2.29848252094 236.972935504 373.463334485 219472.341096 68 1582.17432495 39.5980711325 58.7061912585 23.4019288675 104.825675048 1.53666551635
8568 49.8619487379 781.112917836 179.637164813 259.155757684 0.670953601672 0.918847570901 2.27620695831 236.978234185 373.462717236 219794.375242 66 1582.97543631 39.5852248295 61.1859368869 23.4147751705 104.024563687 1.53728276529
8592 49.445428768 783.120329287 178.423149948 259.164220355 0.674200031053 0.939601862185 2.2215582464 237.000419506 373.466217983 220109.723412 66 1583.77131581 39.5779833767 64.6601456707 23.4220166233 103.228684187 1.53378201869
8616 49.0349840044 775.751394956 178.755864161 259.172671188 0.677568223519 0.946263465066 1.17554484946 238.027952275 373.473744999 220430.669016 65 1584.55749176 39.5775892029 63.8927918082 23.4224107971 102.44250824 1.52625500254
8640.0 48.6281164841 776.337071021 178.152147403 259.181160398 0.680892197253 0.943640045526 0.146710393137 239.047596967 373.474898024 220728.274207 94 1585.33685848 39.5685034302 69.8990501522 23.4314965698 101.663141519 1.52510197717
8664 48.2348668802 743.417899849 178.535049942 259.189472801 0.684084654812 0.950267447308 2.02366231943 237.152512779 373.496396829 221082.189468 89 1586.09538667 39.598657429 58.1227639189 23.401342571 100.90461333 1.50360317209
8688 47.8586950121 724.845378399 178.615365029 259.197525118 0.687232867759 0.959520244986 2.7915308969 236.364190874 373.516979546 221429.633901 89 1586.82079292 39.6167822409 50.5018893475 23.3832177591 100.179207082 1.483020455
8712 47.4939608726 713.150013699 179.230218154 259.205429581 0.690410801101 0.967314009412 1.498045967 237.638799642 373.530161794 221768.806548 87 1587.52395702 39.6249755178 47.0465540337 23.3750244822 99.4760429769 1.46983820741
8736 47.1357815444 709.30775408 178.068687889 259.213287172 0.693538040009 0.96583209734 0.194432562074 238.932910129 373.536202373 222097.120985 87 1588.21427812 39.62284548 44.4831385979 23.37715452 98.785721876 1.46379762832
8760 46.7835796596 704.51038206 178.596484601 259.221106677 0.696562522465 0.963633156269 0.867331287364 238.251366358 373.544481813 222416.661922 84 1588.8942168 39.6240631613 45.8000967876 23.3759368387 98.1057831975 1.45551818862
