Time EBV Teff Treg ODC_le1 ODC_le2 ODC_le3 ODC_le4 ODC_le5 NK IL2 DAC Resting_Teff Resting_Treg EffectorMemory Resting_Treg_temp Resting_Teff_temp NK_temp
0.0 0 0 0 0 0 0 0 500 375 1000 0 1687 63 0 0 0 0
24 0 0 0 0 0 0 0 500 336.279789971 908.048253598 0 1687 63 0 0 0 38.7202100291
48 0 0 0 0 0 0 0 500 335.391027502 823.849847309 0 1687 63 0 0 0 39.6089724976
72 0 0 0 0 0 0 0 500 334.559882085 745.880698262 0 1687 63 0 0 0 40.4401179151
96 0 0 0 0 0 0 0 500 333.760437385 673.915002205 0 1687 63 0 0 0 41.2395626152
120 0 0 0 0 0 0 0 500 332.995774144 607.703333798 0 1687 63 0 0 0 42.0042258555
144 0 0 0 0 0 0 0 500 332.2684442 546.975994766 0 1687 63 0 0 0 42.7315557996
168.0 1000 0 0 0 0 0 0 500 331.580390823 491.447224652 0 1687 63 0 0 0 43.4196091775
192 587.94283022 2674.42256109 91.5619289612 4.47673168998 18.9970923557 71.5351553232 179.581289232 225.4097314 319.455578209 5741.3447637 0 1039.6715255 41.772295668 0 21.227704332 647.328474501 55.5444217919
216 137.488823147 6950.91666121 162.785277813 83.9992470997 48.8418805534 96.6662641749 119.223884487 151.268723685 264.621002278 494.07255364 0 1394.60863296 38.9736699082 629.678614455 24.0263300918 292.391367035 110.378997722
240 32.7050044387 2424.4308231 174.573044778 173.731573368 32.258632178 66.5639631565 105.44803149 121.997799807 278.31589302 231.93435965 0 1604.27306755 38.8530841027 550.701620732 24.1469158973 82.726932446 96.6841069804
264 15.9695645853 577.413017755 169.95394601 197.648317673 8.93236569804 34.7530197155 90.3693049142 168.296992 302.963771618 230.138600576 0 1649.26138953 39.0474981532 517.39175199 23.9525018468 37.7386104697 72.0362283828
288 12.4585005687 212.134471664 163.106355019 199.595256666 0.865095416017 12.3466799696 47.7382638743 239.454704074 315.44083224 297.784171703 0 1658.59548359 39.5256266504 491.684746235 23.4743733496 28.4045164129 59.5591677608
312 10.9114746206 147.725773406 168.609138091 199.750311097 0.274690475532 2.61072386678 26.0882871277 271.275987433 318.587756517 359.290342031 0 1662.25671369 39.7697183085 453.499866704 23.2302816915 24.7432863056 56.4122434839
336 9.80173315071 138.281088663 170.332191754 199.813682777 0.492430090289 2.01361465143 20.6767031937 277.003569288 319.504204394 377.536980204 0 1664.7666269 39.7668506281 420.799800412 23.2331493719 22.2333731046 55.4957956069
360 8.91169814796 124.823009893 169.642092096 199.903251911 0.71409038452 1.29392846218 15.9511154755 282.137613767 319.760349312 369.177355683 0 1666.78030208 39.790926226 408.285547754 23.209073774 20.2196979207 55.2396506883
384 8.16816886003 103.832478904 174.005559527 200.002700819 0.795086813862 0.23159671793 13.6454029926 285.325212657 319.979778513 366.931472665 0 1668.47129089 39.866263897 383.169625205 23.133736103 18.5287091104 55.0202214873
408 7.57069381712 97.6526122851 167.764708995 200.092087679 0.775107442993 0.727792365971 15.5320731879 282.872939324 320.441763554 358.753248689 0 1669.8252781 39.8982933502 373.11590913 23.1017066498 17.1747219042 54.5582364468
432 7.06214848022 85.0697652758 169.417076505 200.172916579 0.776606703113 1.14642741253 13.6441623976 284.259886908 320.817424473 355.35736203 0 1670.98424527 39.9904660066 360.69529608 23.0095339934 16.0157547298 54.1825755276
456 6.62789728563 83.2325534014 168.040394769 200.246044354 0.768713751576 1.0691421991 7.06775274465 290.848346951 320.735484831 345.070068402 0 1671.96020988 39.9438148601 345.549315204 23.0561851399 15.0397901188 54.2645151693
480 6.24189767021 73.552683383 164.363930489 200.314581934 0.754790618568 0.867375308456 10.2151837258 287.848068414 321.117637073 343.059009514 0 1672.83838423 40.0307982985 338.112412502 22.9692017015 14.1616157681 53.8823629273
504 5.88167004353 80.2882380195 158.994773997 200.380926967 0.729362279104 0.635006875822 10.2093901983 288.045313679 320.796765838 316.970420994 0 1673.64092276 39.8945445708 334.284173186 23.1054554292 13.3590772412 54.2032341627
528 5.55588277743 67.7207388948 167.098786138 200.44385253 0.74114373972 0.389655625811 6.0203684085 292.404979696 320.518080464 294.024214208 0 1674.38461466 39.9987416619 329.874086504 23.0012583381 12.61538534 54.4819195367
552 5.27973819 57.7113206731 164.03883215 200.500035398 0.735310324414 0.9341662667 7.62939706877 290.201090942 320.698206847 288.763765497 0 1675.0168222 40.1391242892 317.942678238 22.8608757108 11.9831777993 54.3017931538
576 5.05964365791 48.5562002224 165.156660482 200.546309622 0.708753727111 0.304065572627 6.91195320977 291.528917868 321.281269618 301.037841909 0 1675.52464104 40.3549146894 301.787202476 22.6450853106 11.4753589617 53.7187303823
600 4.86083423335 49.993161623 162.719568905 200.588454729 0.696709020274 0.673500695751 5.04521496534 292.996120589 321.190443647 298.915411095 0 1675.96895141 40.2337285859 292.004637334 22.7662714141 11.0310485922 53.8095563535
624 4.68390402642 50.1619840959 153.493331508 200.627279812 0.701627759113 0.912167332747 3.0491744675 294.709750628 321.866622719 306.757702838 0 1676.3727347 40.3101799876 291.605363326 22.6898200124 10.6272653003 53.133377282
648 4.4915430341 52.5834306281 155.185751677 200.671608466 0.697462256971 0.407398949157 9.72409979736 288.49943053 321.184714707 284.150340275 0 1676.79778137 40.0862057524 293.842089355 22.9137942476 10.2022186338 53.815285294
672 4.3203864722 46.6783201523 157.334226929 200.711983844 0.690399689146 0.657110524744 3.52719764328 294.413308299 321.234819294 281.654153366 0 1677.18938729 40.2029322895 282.269662023 22.7970677105 9.81061270935 53.7651807061
696 4.17193091317 40.0450037129 158.921308134 200.748274421 0.695687198989 0.892956012986 4.59083916032 293.072243207 321.393727062 276.431464089 0 1677.53133553 40.426284216 279.151809988 22.573715784 9.46866446621 53.6062729383
720 4.03684862518 40.7504816878 159.201443559 200.782859152 0.697630439549 0.148161016985 6.7100533621 291.661296029 321.536554639 276.665283754 0 1677.83665011 40.4080492558 266.300164253 22.5919507442 9.16334988646 53.4634453612
744 3.9147959747 40.7952334715 157.184761995 200.814510778 0.678957114532 0.396979043469 5.92055950305 292.188993561 321.496152667 271.850485049 0 1678.11305297 40.405508869 264.428795616 22.594491131 8.88694702585 53.5038473332
768 3.79489726266 39.7561032104 157.722916289 200.845981361 0.671981547817 0.645293508812 5.27788396007 292.558859622 321.289874683 259.667256343 0 1678.38199493 40.325459576 262.16336048 22.674540424 8.61800507131 53.7101253179
792 3.67637035694 40.112980375 153.891946842 200.878032526 0.676402961033 0.851797697611 3.96150656946 293.632260246 321.189100173 250.873337071 0 1678.64856424 40.2572903862 258.601814168 22.7427096138 8.35143575928 53.8108998273
816 3.55839834353 39.8446175483 158.633374756 200.911375337 0.681753628099 0.0564159505597 5.03601469165 293.314440393 320.67144205 225.184638674 0 1678.91458626 40.2294897147 256.753961157 22.7705102853 8.0854137396 54.3285579509
840 3.45695402147 31.843288873 155.478991879 200.940419932 0.658374803849 0.220060126821 6.63771814377 291.543426994 320.93729949 227.32644514 0 1679.14990146 40.5266785887 249.582037081 22.4733214113 7.85009853962 54.0627005103
864 3.36874667805 30.7689800608 152.749393475 200.96568329 0.646448786879 0.45390551116 6.69899599003 291.234966422 321.123515479 230.010546585 0 1679.35032918 40.5627022101 242.197875045 22.4372977899 7.64967082397 53.8764845212
888 3.27504497266 34.2324094931 153.275245595 200.992933183 0.643076590879 0.65352690066 1.85356125926 295.856902066 320.984103457 217.180199262 0 1679.55925783 40.3768303772 238.425270451 22.6231696228 7.44074217219 54.0158965433
912 3.19189794568 29.6186628507 146.330238456 201.017777157 0.646137195025 0.815037301444 3.95535765114 293.565690695 321.352876494 226.072762101 0 1679.7498906 40.5392037396 238.184071225 22.4607962604 7.25010939883 53.6471235065
936 3.11446641023 28.7204142531 147.018201129 201.041710692 0.653743131369 0.898790420758 3.68240838624 293.72334737 321.30975279 225.408404616 0 1679.9255871 40.5617468464 235.259290403 22.4382531536 7.0744128952 53.6902472106
960 3.04288811376 30.4622391576 150.04867379 201.064670842 0.663343856666 0.97979507681 2.82585952109 294.466330703 321.196110439 220.065086906 0 1680.08791696 40.5474601695 228.896582174 22.4525398305 6.91208303901 53.8038895618
984 2.97039337705 27.8819876829 147.744248209 201.08868159 0.656265742386 0.0992563752289 4.32390406375 293.831892229 321.34984198 219.598870542 0 1680.25240125 40.5892711478 227.8753897 22.4107288522 6.74759875261 53.6501580206
1008 2.89817191339 30.5172665869 146.793896833 201.112568641 0.638635107723 0.245813219577 6.02390095549 291.979082076 321.240841033 212.061962978 0 1680.41454197 40.4843027946 225.204246255 22.5156972054 6.58545803225 53.7591589678
1032 2.83376521309 26.5599487892 148.525245485 201.133902051 0.627813536099 0.38334704826 4.7713428538 293.08359451 321.112767138 206.480986547 0 1680.56214366 40.61972474 223.960601796 22.38027526 6.437856342 53.8872328624
1056 2.77050128354 27.2958921096 145.119540149 201.15504936 0.621613178393 0.491720987921 4.60995595816 293.121660516 321.085246363 199.67187228 0 1680.70470288 40.5594310628 223.897573012 22.4405689372 6.29529711519 53.9147536377
1080 2.71367444322 23.0091451429 145.519954461 201.174327598 0.619168571483 0.59382407611 3.62586796782 293.986811787 321.227611639 201.742935778 0 1680.83566327 40.8070724383 222.04783117 22.1929275617 6.16433672609 53.7723883617
1104 2.66109943178 24.5825944427 146.211498659 201.192495801 0.619416599247 0.671414106412 3.16645217474 294.350221318 321.312775229 204.845152265 0 1680.95372486 40.6669321456 217.514828954 22.3330678544 6.04627514301 53.6872247712
1128 2.61037101005 21.7543157018 145.384799947 201.210414944 0.622492964347 0.783789658823 4.48725977365 292.896042659 321.298205745 203.24128993 0 1681.07020315 40.8727977427 220.149549992 22.1272022573 5.92979684593 53.701794256
1152 2.55762276393 26.2587427965 145.664131801 201.22956653 0.628810755297 0.876046959479 3.35619430703 293.909381448 321.015996807 189.679709499 0 1681.18679368 40.5150506229 220.869270628 22.4849493771 5.81320632395 53.9840031937
1176 2.5033054042 23.077378041 145.807405772 201.249954308 0.637839479124 0.941808870615 3.73590466216 293.43449268 320.996531982 186.08890938 0 1681.31124625 40.701487668 218.720052439 22.298512332 5.6887537533 54.0034680182
1200 2.45490686254 22.5928599324 143.471893443 201.2687671 0.647125204143 0.989957955517 5.28505795067 291.80909179 321.121929381 189.155645709 0 1681.42131033 40.7292396405 212.954736519 22.2707603595 5.5786896739 53.8780706199
1224 2.40898783496 23.0089536887 142.995065543 201.287030473 0.637550209472 0.0895415215722 3.50233558949 294.483542206 321.161563904 189.781971992 0 1681.52508973 40.6688394058 207.599456325 22.3311605942 5.47491026831 53.8384360967
1248 2.363585949 21.4294867991 144.149126799 201.30501869 0.623596666611 0.197311074882 3.78174801015 294.092325558 321.206591541 186.508589104 0 1681.62829788 40.7412576168 207.459640727 22.2587423832 5.37170212201 53.79340846
1272 2.32093423245 22.8455713107 145.134679217 201.3219058 0.613303061387 0.281636273252 3.73511795035 294.048036916 320.947721448 178.85657188 0 1681.72444246 40.640239523 205.519477842 22.359760477 5.27555753858 54.0522785527
1296 2.28161745449 20.944444553 142.767652453 201.337525196 0.605960037582 0.355344055324 3.20151202294 294.499658688 321.093248228 178.864427566 0 1681.81480128 40.8166594595 204.715874669 22.1833405405 5.1851987207 53.9067517723
1320 2.24495309831 18.1233380411 142.436317131 201.352182717 0.600754635195 0.429585145578 3.2673239661 294.350153536 321.212896097 182.009018219 0 1681.89886809 41.0288823082 202.086501305 21.9711176918 5.10113190838 53.7871039039
1344 2.20797730201 19.528169827 139.339903067 201.367103854 0.597489520378 0.501481473735 1.51327341798 296.020651734 321.252581925 182.344521472 0 1681.98167885 40.8321641847 200.643935515 22.1678358153 5.01832115286 53.7474180759
1368 2.17109340933 18.8450582192 141.061717948 201.382174444 0.595557543283 0.551876904146 3.90393048571 293.566460622 321.265467612 181.853646615 0 1682.06542879 40.873058185 198.337631 22.126941815 4.93457121232 53.7345323885
1392 2.13761277971 18.2269787843 138.503781056 201.396051139 0.595153321207 0.605896673219 3.7027691147 293.700129752 321.480117086 189.978684195 0 1682.141764 40.9339592662 193.286870993 22.0660407338 4.85823600009 53.5198829147
1416 2.1051555872 19.1556623677 144.276363399 201.409717527 0.595898732739 0.637026969891 1.43654763483 295.920809136 321.222842671 184.084418312 0 1682.21527647 40.9118622571 188.510535795 22.0881377429 4.78472353478 53.7771573299
1440.0 2.07340816196 19.4390254401 144.934200473 201.423314067 0.597334802627 0.688895039254 3.07988186767 294.210574223 321.138703919 175.45456613 30 1682.28737145 40.9088091669 188.843315103 22.0911908331 4.71262855357 53.8612960811
1464 2.04414669523 16.2750553058 136.587252822 201.436072477 0.599589036055 0.711216888776 1.34293245135 295.910189146 321.605767278 189.029150367 29 1682.35464208 41.1368847624 185.37024838 21.8631152376 4.64535792801 53.3942327216
1488 2.01767628243 15.6532735211 133.791105825 201.44781644 0.601799253305 0.718975667599 2.11089215467 295.120516484 321.944008004 201.647951363 29 1682.41504236 41.2240774307 182.054384038 21.7759225693 4.58495764719 53.0559919965
1512 1.99143734952 16.4122730406 132.696542056 201.459656841 0.604349839578 0.748206144965 1.85929777652 295.328489397 322.149604139 212.365686209 28 1682.47420806 41.1146864447 177.947677728 21.8853135553 4.52579194656 52.8503958606
1536 1.96610028671 15.2873359916 133.488661856 201.471292099 0.607259115554 0.76782107967 1.49873693911 295.654890767 322.235298645 217.728622117 28 1682.53203359 41.2366788186 176.996110776 21.7633211814 4.46796641543 52.7647013553
1560 1.94125719514 15.9473382474 134.376268905 201.48290657 0.610724127924 0.819453636933 3.03274777417 294.054167891 322.311400852 222.847313899 28 1682.58818983 41.163706629 174.168030909 21.836293371 4.41181017232 52.6885991479
1584 1.91676107973 14.9844698071 133.359003905 201.494580223 0.615058873348 0.856668446395 2.58480151358 294.448890944 322.42961071 229.982757076 27 1682.64390869 41.239131084 170.486252242 21.760868916 4.35609131485 52.5703892901
1608.0 1001.89282152 14.8437299726 134.357629 201.506219185 0.619737620872 0.875613091264 2.11374356656 294.884686536 322.4381797 232.139081422 26 1682.69817283 41.2369548779 167.950385397 21.7630451221 4.3018271698 52.5618202998
1632 547.098730462 3274.1653232 145.775589512 204.015075556 5.72833513334 16.1686928342 74.3815707689 199.706325707 309.84063164 4481.26297875 24 1056.43902294 41.1906210912 166.542702243 21.8093789088 630.560977062 65.1593683595
1656 246.081351008 4179.64759282 175.128353599 212.268046913 10.2583501409 33.3231629546 75.8352810715 168.31515892 307.457656824 5460.17444511 24 1279.81749146 39.5652486147 312.332331414 23.4347513853 407.182508535 67.5423431757
1680 109.633882235 3619.92990933 191.061803494 226.065908702 8.61506867407 41.9270278406 69.0187455781 154.373249205 307.88867581 4802.08434749 24 1462.00055588 39.1202607898 487.470121964 23.8797392102 224.999444124 67.1113241901
1704 53.6396545324 2392.88289459 196.120745007 237.596828927 11.0581708399 30.4445351146 67.2189168599 153.681548258 312.828604108 3943.82815702 24 1566.58011146 38.990843429 593.441206211 24.009156571 120.419888542 62.1713958917
1728 30.9955549879 1431.216496 196.324413948 243.370150209 4.81946876152 21.2133387519 54.4445659341 176.152476344 319.528516822 3213.77789533 23 1615.86137906 38.9793629944 662.351538817 24.0206370056 71.1386209351 55.4714831776
1752 21.1883081706 797.215764363 191.090859072 245.472576317 3.09576088654 14.5468877764 39.2767597556 197.608015264 326.426103207 2806.65493401 23 1638.52783595 39.050132163 663.359628466 23.949867837 48.472164046 48.573896793
1776 16.6380172687 476.693047815 188.836577565 246.450261433 1.4623839876 6.62895902852 32.2075954331 213.250800117 331.919232764 2633.96943592 23 1649.22453772 39.1873044527 631.625299105 23.8126955473 37.7754622817 43.080767236
1800 14.0642384534 338.577414864 196.062398877 246.722222561 1.17625888486 2.65664716672 26.8037301286 222.641141258 333.833027759 2484.2079729 23 1655.1450997 39.2885534016 592.433018563 23.7114465984 31.8549002973 41.1669722411
1824 12.2864379314 285.750902584 187.073458724 246.828593323 0.52375296963 1.70700981275 21.5648088371 229.375835057 334.408292547 2323.92324431 22 1659.16336082 39.3249797955 571.190639062 23.6750202045 27.8366391807 40.5917074526
1848 10.9218703036 232.280324139 189.333055739 246.946576235 0.78160864649 2.07983060281 21.2728077398 228.919176776 334.680417255 2191.1665238 22 1662.25502573 39.3884478782 540.150911792 23.6115521218 24.7449742667 40.3195827444
1872 9.88283273681 203.445327155 185.517257205 247.074336743 0.897056988705 1.47858447364 17.5547348608 232.995286934 334.73012375 2062.47867516 22 1664.61123399 39.4416444945 517.91646229 23.5583555055 22.3887660079 40.2698762495
1896 9.03319998098 171.658665845 188.866665817 247.19950969 0.936374891199 1.37724934243 17.2347136118 233.252152464 334.458525504 1952.40452035 22 1666.53243507 39.4952529856 483.394794101 23.5047470144 20.4675649268 40.5414744962
1920 8.34102886294 141.102777892 182.039730632 247.310238121 0.923110378137 1.28833093411 13.2328821648 237.245438402 334.458263906 1849.12262691 21 1668.10676856 39.5851465772 463.428690269 23.4148534228 18.8932314416 40.5417360938
1944 7.79483309036 123.303916759 176.381741789 247.402924573 0.903564112249 0.480389657266 11.202319558 240.010802099 334.53947289 1771.96691331 21 1669.34822115 39.6649729623 445.359838488 23.3350270377 17.6517788475 40.4605271099
1968 7.31872786821 115.208707212 177.251887413 247.487399529 0.881295456324 0.170636400859 7.42648193533 244.034186678 334.021177927 1683.3492906 21 1670.41839618 39.671886728 426.219638934 23.328113272 16.5816038228 40.9788220728
1992 6.88337943414 106.398265276 176.090339593 247.566516781 0.850146126002 0.889006499732 9.99176550802 240.702565085 333.545941427 1585.86830682 20 1671.39880024 39.6961019317 416.97575986 23.3038980683 15.6011997644 41.4540585723
2016 6.48314904674 105.103583057 180.522628182 247.64299503 0.841028472424 0.639831168052 9.89057589549 240.985569434 332.559914937 1466.86587997 19 1672.29283256 39.6510712466 410.83052977 23.3489287534 14.7071674376 42.4400850631
2040 6.13362245596 87.0245689318 174.20856612 247.712325751 0.816315273739 0.33121243007 7.28051857276 243.859627973 332.355832694 1389.39367418 19 1673.09457225 39.8047747654 395.552695102 23.1952252346 13.905427749 42.6441673059
2064 5.82451450602 91.5670561393 170.544668154 247.774784451 0.800900625334 0.834376339014 7.63682658583 242.953111999 331.720598476 1298.84645194 19 1673.78544174 39.734366793 381.847884035 23.265633207 13.2145582644 43.2794015239
2088 5.53364806203 80.406177071 164.956795746 247.836656616 0.799475834772 0.287940987772 6.86574486569 244.210181695 331.381905631 1228.11254261 19 1674.44445634 39.7948772918 366.472765851 23.2051227082 12.555543662 43.618094369
2112 5.29377071527 70.7490834336 164.131653392 247.888995892 0.779501168758 0.672946687281 7.70704947797 242.951506774 331.191205611 1174.90286652 19 1674.99282729 39.9074466546 350.343800535 23.0925533454 12.0071727081 43.8087943887
2136 5.0662356408 75.3212646672 165.585775463 247.940431766 0.785532179471 1.06454286021 7.31222582724 242.897267366 330.527187941 1099.24539245 18 1675.50161856 39.8360419621 337.496845383 23.1639580379 11.4983814434 44.4728120584
2160.0 4.85236105649 63.8349738255 167.348037401 247.991003479 0.769810946758 0.530313286928 10.5319338711 240.176938416 329.810969191 1019.83694794 47 1675.98838034 39.9333810877 339.201626744 23.0666189123 11.0116196581 45.189030809
2184 4.69082149644 50.147669931 152.436027262 248.029956382 0.766971087201 0.874662091118 8.49361269675 241.834797742 330.524449767 1023.48069103 47 1676.36494613 40.2223006819 316.068708712 22.7776993181 10.6350538655 44.4755502328
2208 4.55290564218 47.3462532602 147.276893478 248.064455333 0.775519825054 1.0512396361 6.25501582858 243.853769377 330.820123971 1021.35728518 47 1676.67852923 40.2982091028 296.811804081 22.7017908972 10.3214707658 44.1798760289
2232 4.4245536155 44.1975008158 148.119893516 248.097726061 0.766540786822 0.221217486794 3.61481228613 247.299703379 330.833098505 1012.81420599 45 1676.96889431 40.3455145168 279.960762806 22.6544854832 10.031105689 44.1669014948
2256 4.30823733881 40.7629624893 145.62131039 248.127958216 0.747510170199 0.343958818504 4.37110654966 246.409466246 330.909575462 1007.83282756 44 1677.23347973 40.4476943252 263.104732809 22.5523056748 9.76652027203 44.0904245382
2280 4.20000201886 39.227582707 145.0012956 248.156229384 0.734844690229 0.471158735894 4.65396738415 245.983799806 330.868116107 996.733396322 44 1677.47811203 40.4768379646 249.041684066 22.5231620354 9.52188797237 44.1318838929
2304 4.09508897946 39.4802151264 144.927246001 248.183968909 0.728591405724 0.666111717191 3.7275093091 246.693818659 330.719405662 980.283996219 44 1677.71391467 40.4299334406 236.465842649 22.5700665594 9.2860853323 44.2805943379
2328 3.99650991883 37.3806790396 145.423383179 248.210586153 0.728604075405 0.779660963579 2.59741403254 247.683734775 330.597475584 963.918747728 44 1677.93720207 40.4849012866 226.126759589 22.5150987134 9.06279792875 44.4025244163
2352 3.90355892457 37.5245203802 143.763906292 248.236347972 0.731400396201 0.85094715376 4.23090769088 245.950396787 330.467527206 945.146370268 43 1678.14675196 40.4692809253 216.869480905 22.5307190747 8.85324804046 44.5324727943
2376 3.81423070712 35.1921458795 142.247742516 248.261828864 0.736448561461 0.902799628198 2.75206753544 247.34685541 330.396770667 929.045201186 42 1678.34905765 40.5244946159 208.56613926 22.4755053841 8.65094234743 44.6032293327
2400 3.73048683086 33.0073363947 144.284742022 248.286452529 0.742697583366 0.959817851995 2.90335611116 247.107675924 330.227059348 908.885045898 40 1678.53919628 40.6103869596 201.095082539 22.3896130404 8.46080372295 44.7729406516
2424 3.64996937428 34.1531511957 142.410289473 248.310889862 0.750925921524 1.03949795532 4.85973418766 245.038952073 329.996800283 888.15863544 40 1678.71965613 40.5152277515 193.335799345 22.4847722485 8.28034386697 45.0031997173
2448 3.56934479824 32.0047617497 143.641069704 248.335896672 0.737215175555 0.197318742842 0.91764581983 249.811923589 329.752800282 864.066792825 39 1678.90245459 40.5918768944 187.253910962 22.4081231056 8.09754540902 45.2471997178
2472 3.49582827627 30.1448556017 143.108960236 248.358658448 0.72144501406 0.252088015041 2.62035574068 248.047452782 329.599601262 843.705784562 39 1679.06957381 40.6814489097 180.746157805 22.3185510903 7.93042619133 45.4003987377
2496 3.42406358693 30.1232743965 142.516083666 248.380890284 0.708054940564 0.319633421838 3.2655941572 247.325827197 329.419535299 822.092667549 39 1679.23109866 40.6445607738 173.836370724 22.3554392262 7.76890133485 45.5804647012
2520 3.35382006876 30.5621525424 142.957475511 248.402731772 0.69740239459 0.397802598375 1.87685406639 248.625209169 329.062857968 795.59786784 37 1679.38915181 40.5902248314 168.441486841 22.4097751686 7.61084818645 45.9371420323
2544 3.28866915313 28.1810087459 142.808761613 248.423130153 0.689294041647 0.448045705286 4.12219115188 246.317338948 328.905297535 774.262824153 37 1679.53780147 40.725489152 162.514930064 22.274510848 7.46219852454 46.094702465
2568 3.22836589507 26.4828395153 143.013847875 248.442182459 0.68368022473 0.522811095893 2.89688109886 247.454445121 328.771636654 755.736882551 35 1679.67483078 40.8174950618 157.026490702 22.1825049382 7.32516922028 46.2283633465
2592 3.16741625187 27.7593171742 141.100084344 248.461669957 0.679794231467 0.573166231276 3.92160098847 246.363768592 328.496322014 733.542900262 35 1679.8111128 40.6804729367 151.931482421 22.3195270633 7.18888720234 46.5036779863
2616 3.10807340286 26.3219031777 142.306411016 248.480919045 0.677482328528 0.632129537301 3.86941156166 246.340057527 328.220979435 708.931350202 35 1679.9457866 40.7544087749 148.154887034 22.2455912251 7.05421339349 46.7790205653
2640 3.05285734613 26.3655737279 142.06541738 248.49912936 0.677495392077 0.732225725081 5.3588381656 244.732311357 328.064863574 687.470612919 34 1680.07116138 40.8027085668 145.675119841 22.1972914332 6.92883862271 46.9351364265
2664 2.99818591743 25.9316752421 142.803982088 248.517527962 0.680390708414 0.814723774106 1.9284615567 248.058895998 327.702468085 663.832354219 34 1680.19407331 40.7368191688 143.360922915 22.2631808312 6.80592668932 47.2975319152
2688 2.94483871379 25.8724859557 142.81182654 248.535906693 0.684824771646 0.881007474946 3.48126446862 246.416996591 327.476119125 641.907553739 33 1680.31475266 40.7461151686 139.28238403 22.2538848314 6.68524733702 47.5238808747
2712 2.89341597187 24.0758521442 141.711392788 248.55407714 0.690591055926 0.918197796258 1.96144467777 247.87568933 327.271747039 621.715703635 33 1680.43157556 40.8327521372 137.398749728 22.1672478628 6.56842443631 47.7282529607
2736 2.84519187902 23.2420641161 139.787586372 248.571563618 0.696839041701 0.974904140759 2.0983100161 247.658383183 327.184968423 605.833756189 32 1680.54105564 40.8881443844 134.726114574 22.1118556156 6.45894435552 47.8150315771
2760 2.79893871304 22.8163564839 141.145257098 248.588781566 0.70391849453 1.00060802855 1.13802277077 248.56866914 326.873375146 584.668930786 31 1680.64569663 40.9014864929 133.184018567 22.0985135071 6.35430336576 48.1266248543
2784 2.75293845705 22.3489961473 140.19581655 248.606308599 0.700327603197 0.0443734810692 3.24030871306 247.408681604 326.6861531 566.225315606 31 1680.74957528 40.903168486 132.739410429 22.096831514 6.25042472277 48.3138469002
2808 2.70972248759 22.3175979094 140.66142634 248.622753044 0.685683803631 0.107496777194 4.05858986613 246.525476509 326.419551773 545.638747954 31 1680.84771766 40.948180368 132.383516264 22.051819632 6.15228233872 48.5804482274
2832 2.66794429089 20.6329021644 140.883458197 248.638585482 0.673176525601 0.165320418475 1.77579170991 248.747125864 326.277186039 531.650795102 31 1680.94268088 41.0387751326 129.148543437 21.9612248674 6.05731912098 48.7228139611
2856 2.62755532288 20.2504480394 140.087387367 248.653860379 0.662143876383 0.205118838205 1.41955755127 249.059319355 326.136498029 517.913647261 31 1681.0341193 41.0558770935 127.088895482 21.9441229065 5.96588070104 48.8635019712
2880.0 2.5874136022 20.8271760461 139.742169314 248.669033389 0.652148429653 0.243000471741 1.11716586151 249.318651848 325.906955672 501.712320512 61 1681.1242759 40.9535726351 126.134354633 22.0464273649 5.87572409444 49.0930443278
2904 2.54950324732 19.7126499572 136.63006672 248.683374162 0.643433519649 0.274438234991 3.5874680585 246.811286025 325.940126997 495.284243414 61 1681.21085919 41.0701252604 123.285186919 21.9298747396 5.78914080017 49.059873003
2928 2.51286381515 20.1418769123 135.345486225 248.697262995 0.636021668745 0.313911792049 0.931939142861 249.420864402 325.904667236 488.558415268 60 1681.29354355 41.0132471183 120.583886841 21.9867528817 5.70645644739 49.0953327637
2952 2.47691082512 19.1308415273 135.223663837 248.710937642 0.629270609802 0.330374779245 2.29667375752 248.032743211 325.837332453 481.727133752 59 1681.37521198 41.0897163236 118.020042623 21.9102836764 5.62478801941 49.1626675468
2976 2.44190586355 19.1188078409 135.745943255 248.724305578 0.623058379965 0.345265655994 2.59693124291 247.710439143 325.749594571 473.72423011 56 1681.45426985 41.06114942 115.583509234 21.93885058 5.54573014925 49.2504054287
3000 2.40822499578 18.4332224976 134.961769405 248.737227683 0.617615184159 0.383687381923 2.71949597376 247.541973777 325.673396726 466.777304606 55 1681.53083823 41.1289300897 113.265482781 21.8710699103 5.469161764 49.3266032737
3024 2.37566634282 18.1143727595 134.686852374 248.749792245 0.613238635255 0.412497839376 0.75489983231 249.469571448 325.589346574 458.813282348 53 1681.60461073 41.1474767247 112.036777315 21.8525232753 5.39538926015 49.4106534255
3048.0 1002.34397127 17.8269611384 134.595650637 248.762107425 0.609356032349 0.429800093979 2.74450135052 247.454235099 325.509161749 451.85290739 53 1681.67641791 41.1620973877 109.898528864 21.8379026123 5.32358208665 49.4908382507
3072 599.338677123 2617.86310035 135.199326546 249.721039253 2.11456427699 17.409840645 50.9579781128 179.796577714 319.469070654 5692.53996955 53 1034.58392889 41.8900718818 45.3563113283 21.1099281182 652.416071108 55.5309293455
3096 354.776305141 2888.08399773 153.430135956 252.462347171 3.75351018599 14.7484591744 50.1978610527 178.837822417 328.73437842 9143.99546542 52 1188.47146272 40.4243122222 66.8967030786 22.5756877778 498.528537274 46.2656215798
3120 233.635378121 2571.65298554 165.980341558 254.351617314 1.76931597896 12.9830433199 48.5930534371 182.302969951 336.991489269 11633.6688632 52 1306.04630269 39.9620885902 83.0827791885 23.0379114098 380.953697308 38.0085107306
3144 169.214600765 2159.20341922 172.410250423 255.201761967 2.21894131975 7.28662411712 41.9036082297 193.389064368 343.521159884 13458.7599771 52 1386.48049019 39.7830828007 95.129865432 23.2169171993 300.519509811 31.4788401162
3168 131.419039167 1817.29287354 172.665563838 255.886001667 0.615870265656 6.56553069861 31.0763764403 205.856220929 348.251894222 14836.9579981 52 1441.11385305 39.6962989781 101.23616288 23.3037010219 245.886146951 26.7481057775
3192 107.153097079 1553.44487819 176.946088357 256.147439902 0.467327244544 2.95832528481 29.3961167342 211.030790835 351.649298261 15906.6656564 52 1479.53928506 39.6516619694 115.310416379 23.3483380306 207.46071494 23.3507017384
3216 90.6057817242 1325.10835563 174.841039605 256.315216015 0.878190836433 1.87679502521 27.9930368717 212.936761253 354.33780228 16818.1698085 52 1507.41956645 39.6411230267 121.716570248 23.3588769733 179.58043355 20.6621977198
3240 78.5859613336 1182.82749518 173.092017034 256.513544743 0.983354796937 1.98549137461 21.670017759 218.847591327 356.128236068 17545.5473941 52 1528.47812492 39.6140078191 123.246780278 23.3859921809 158.521875079 18.8717639317
3264 69.4758956409 1044.45500984 175.052003345 256.643313462 0.161887760679 2.08938072849 16.3935369898 224.71188106 357.674263898 18178.8889753 51 1544.99491571 39.6153915347 123.257238388 23.3846084653 142.005084283 17.3257361019
3288 62.356866727 960.075966035 178.746943755 256.692937236 0.444107589107 1.40912147708 16.1682068545 225.285626844 358.727893319 18683.7401931 50 1558.18201587 39.5970681752 124.081648826 23.4029318248 128.817984128 16.2721066808
3312 56.5206520137 880.160074376 178.326450158 256.764353703 0.526473310145 1.63653780304 14.0394806082 227.033154577 359.618433554 19107.2650105 50 1569.21222146 39.5898952823 125.709994603 23.4101047177 117.787778535 15.3815664455
3336 51.7456186371 815.00041029 179.833781074 256.842912819 0.651706544673 1.70396428224 7.41399615302 233.387420201 360.371968375 19471.221174 50 1578.38848832 39.585470277 125.442596419 23.414529723 108.61151168 14.6280316242
3360 47.6773252403 761.32172496 180.86661065 256.926281399 0.682015901888 0.856756782233 13.5449440711 227.990001846 360.867001066 19761.2193464 49 1586.28954566 39.5655617986 132.056961971 23.4344382014 100.710454332 14.1329989334
3384 44.1999156873 718.103238959 184.472856235 257.005220852 0.703471709208 1.10581336627 11.2754063626 229.910087711 361.35220179 19997.9838728 48 1593.1353145 39.5577045998 131.875380607 23.4422954002 93.8646854999 13.6477982099
3408 41.1724228114 672.581594538 184.445860653 257.08075697 0.714107099182 1.07431599457 11.8626520044 229.268167933 361.745059567 20183.1912444 47 1599.1526955 39.5501602298 150.188834819 23.4498397702 87.8473044999 13.2549404323
3432 38.5114737099 652.516418651 183.200842711 257.151761744 0.709131119377 1.00413475671 8.07548111193 233.059491268 362.051521721 20325.3902863 46 1604.47940941 39.5283218724 153.77058326 23.4716781276 82.5205905861 12.9484782791
3456 36.0941716877 623.490303379 184.866549879 257.220876062 0.708005407988 0.837052319114 6.74715215412 234.486914057 362.241249863 20428.496985 46 1609.35192217 39.503977605 155.090734457 23.496022395 77.6480778266 12.7587501362
3480 33.9613580046 605.321907923 182.81970508 257.285654628 0.695937950912 0.354664158407 5.66688377249 235.996859491 362.498368014 20494.8663572 45 1613.69257416 39.4896499635 163.987252543 23.5103500365 73.3074258334 12.501631986
3504 32.0319554204 564.046929264 182.722028585 257.346123561 0.691792065452 0.986813026256 8.46483712934 232.510434219 362.781742365 20556.2655621 45 1617.65294852 39.4965979936 172.130189808 23.5034020064 69.3470514764 12.2182576343
3528 30.280175741 549.59916135 188.479975082 257.403215613 0.666468131785 0.623120498539 9.50801431846 231.799181439 362.86222144 20569.83893 44 1621.25144678 39.4693280341 172.150898847 23.5306719659 65.7485532189 12.1377785593
3552 28.6598426153 537.657829492 186.579042047 257.458834685 0.689391363385 1.17656272566 4.12054562675 236.5546656 362.954685752 20539.5353957 41 1624.60030732 39.4474328037 184.458624857 23.5525671963 62.3996926719 12.0453142479
3576 27.1377116839 555.701871317 187.247760388 257.515933614 0.695834985593 0.779971548066 8.51788973176 232.490370122 362.847313474 20426.7969081 40 1627.74580348 39.3920842154 214.381779498 23.6079157846 59.2541965164 12.1526865257
3600.0 25.6796716676 526.405526517 192.865178906 257.57425815 0.703359331407 0.296314375992 7.31361623107 234.112451913 362.859451176 20330.4548893 70 1630.79267471 39.3802042242 217.411783256 23.6197957758 56.2073252843 12.1405488239
3624 24.4948638923 419.03905251 180.402045197 257.623479919 0.690699385896 0.688410175278 4.54568005849 236.451730463 363.674374587 20432.264254 70 1633.34567165 39.5164922745 168.495623666 23.4835077255 53.6543283402 11.3256254128
3648 23.5508034044 362.161599764 176.000545391 257.664361981 0.699277735005 1.00974283366 8.00192483467 232.624692617 364.216521667 20514.589002 70 1635.36914073 39.6173725224 133.573197059 23.3826274776 51.6308592599 10.7834783326
3672 22.7387085098 334.526333986 173.722252785 257.701569477 0.704745927904 0.263911512889 6.08316260726 235.246610477 364.493170732 20567.5050813 70 1637.09759737 39.6637788767 113.046367968 23.3362211233 49.9024026205 10.5068292681
3696 22.0022636845 316.393821826 173.071078686 257.735937822 0.689041927362 0.486557923526 5.51257051272 235.575891816 364.655363963 20601.9883816 69 1638.66191435 39.6875144025 97.8861865712 23.3124855975 48.3380856393 10.3446360366
3720 21.3280031103 299.126373488 172.637653567 257.76797627 0.685169159135 0.698573353893 3.28175291225 237.566528306 364.79629928 20625.6406199 68 1640.0974304 39.7137602072 87.6216037589 23.2862397928 46.9025695993 10.2037007194
3744 20.6933097161 296.890392532 171.706287434 257.799062778 0.687328750609 0.770950217848 1.98238232608 238.760275929 364.841456162 20615.6006358 66 1641.4440224 39.6977491771 88.0343759554 23.3022508229 45.5559775901 10.158543838
3768 20.0894355788 285.261992984 171.393676643 257.829701694 0.692514040862 0.841178408097 2.46279952354 238.173806335 364.90757518 20608.5134098 65 1642.73061184 39.7030907039 83.0612968036 23.2969092961 44.2693881585 10.0924248198
3792 19.5222928235 280.047309427 172.725949608 257.859602874 0.700124039451 0.909274136632 2.58609586246 237.944903089 364.948698231 20583.7612153 65 1643.94067627 39.700279504 79.7950242057 23.299720496 43.0593237268 10.0513017691
3816 18.9871075238 268.530492095 175.163973432 257.889000309 0.710863345362 1.04979044957 7.25075151008 233.099594388 365.007581024 20555.3990338 64 1645.08644185 39.7135632895 76.7262826559 23.2864367105 41.9135581423 9.99241897579
3840 18.4760655283 265.090492803 177.239698921 257.91787214 0.695478355593 0.230353641739 3.72836035664 237.427935508 364.998953326 20501.5813335 60 1646.17897832 39.7033578383 76.2475201495 23.2966421617 40.8210216724 10.0010466735
3864 17.9907255073 259.083250693 176.159050673 257.945311585 0.67959480247 0.331260864389 3.13014330449 237.913689445 365.028532214 20444.5510249 60 1647.21958009 39.7011653261 78.4258968864 23.2988346739 39.7804199063 9.97146778572
3888 17.5258235908 252.497824355 174.811221423 257.971765615 0.668722972402 0.484343881014 5.25608992389 235.619077609 365.061940084 20380.5171828 58 1648.21790604 39.7020995735 82.4082945625 23.2979004265 38.7820939562 9.93805991629
3912 17.0813397111 248.944627972 176.139036118 257.997427623 0.663896851698 0.58817164849 3.28589497024 237.464608908 365.058910567 20305.9650635 58 1649.17256254 39.6888275454 84.052719787 23.3111724546 37.8274374532 9.94108943274
3936 16.6562568492 244.085642213 174.791861278 258.022496903 0.663134945042 0.695017817184 4.12168646695 236.49766387 365.077936133 20231.4146767 54 1650.08781253 39.686344365 83.1162123957 23.313655635 36.9121874601 9.92206386659
3960 16.2381790025 248.487609246 175.381429076 258.047833142 0.666509018872 0.814976713593 3.99669094414 236.473990183 365.007952361 20125.9614452 51 1650.98477344 39.6478664423 87.8551374788 23.3521335577 36.0152265542 9.99204763917
3984 15.8228235093 253.834948693 174.663873117 258.07387725 0.674235601253 0.919687658539 4.06352615283 236.268673339 364.929760891 19998.2453077 51 1651.87681646 39.6056657008 100.834556789 23.3943342992 35.123183535 10.070239109
4008 15.4176585099 243.323561249 177.847381997 258.100275707 0.675884076955 0.0460987798605 2.11296969071 239.064771747 364.93991253 19881.5372076 50 1652.75560416 39.6295427273 101.832345293 23.3704572727 34.2443958358 10.0600874702
4032 15.0356878814 233.031708677 179.182271329 258.125289584 0.654185687466 0.124371018038 2.02377865888 239.072375053 364.91904392 19758.2493232 50 1653.58290948 39.6303713828 108.535688358 23.3696286172 33.4170905094 10.0809560799
4056 14.674089565 227.283829045 179.991840981 258.148854347 0.637372546645 0.243257202666 3.57377978696 237.396736119 364.905207552 19624.1870219 50 1654.36795356 39.636866299 119.529078893 23.363133701 32.6320464376 10.094792448
4080 14.3244739544 233.593963363 183.461164957 258.171677027 0.625295831876 0.346658046179 2.05942580572 238.796943291 364.831006058 19480.2215261 49 1655.12436247 39.6097412137 121.22871574 23.3902587863 31.8756375218 10.1689939415
4104 13.9802047326 223.18049881 180.70618645 258.194330281 0.616957277806 0.448203055231 4.61481992139 236.125689466 364.814780682 19343.2765174 48 1655.87233612 39.6128630385 125.965029711 23.3871369615 31.1276638778 10.1852193175
4128 13.6489798899 222.875460181 178.674079821 258.216430787 0.612379346219 0.515716049266 3.10160709217 237.553866727 364.786347581 19195.4407117 48 1656.59192794 39.5994863751 130.614075153 23.4005136249 30.4080720543 10.2136524184
4152 13.325313131 224.654880708 179.575127077 258.238437957 0.611020892142 0.637445396496 4.4777642671 236.035331488 364.699726093 19029.4910543 45 1657.29375903 39.5681520566 141.65995999 23.4318479434 29.7062409623 10.3002739065
4176 12.999087287 229.368947129 183.73559713 258.261192327 0.613487605424 0.728100817114 5.18618704935 235.211032202 364.575826743 18843.0046067 45 1658.0024462 39.5425956499 148.860341565 23.4574043501 28.9975537951 10.4241732564
4200 12.6786038235 215.748230398 180.394083712 258.284277191 0.620476264076 0.885852127224 4.80885672889 235.40053769 364.550096358 18674.9458453 45 1658.70242943 39.5514352013 154.138819206 23.4485647987 28.2975705691 10.4499036416
4224 12.3883480881 201.614188857 185.350408696 258.306010911 0.631180164897 0.97415389447 2.90984644113 237.17880859 364.559828658 18515.9458866 45 1659.34141598 39.594991279 151.751984962 23.405008721 27.6585840096 10.4401713417
4248 12.1019860877 214.358771633 191.537035881 258.328368589 0.643582149928 1.00741162254 3.19497195388 236.825665686 364.33647821 18305.3230953 45 1659.96186808 39.5294872556 158.163058321 23.4705127444 27.0381319102 10.66352179
4272 11.8233811837 201.939988955 183.861058102 258.350758035 0.632391300178 0.121308848904 2.35380233326 238.541739485 364.396695337 18127.0075936 44 1660.57460092 39.5592945765 167.376947407 23.4407054235 26.4253990745 10.6033046629
4296 11.5566273109 196.527014805 178.598522694 258.37212824 0.616793438306 0.202379813398 2.42424663035 238.38445188 364.41654149 17958.245751 44 1661.16027527 39.5708505201 164.999280927 23.4291494799 25.8397247258 10.5834585098
4320.0 11.2946732608 199.605920655 181.991215131 258.393114055 0.604131250978 0.282711392936 3.5272761301 237.192767173 364.27726945 17751.6776961 73 1661.73193369 39.5378126878 177.830831854 23.4621873122 25.268066307 10.7227305496
4344 11.0548428463 175.026633913 174.872028757 258.412411932 0.595145866889 0.360559779723 4.09930830118 236.532574122 364.382989039 17626.2253407 73 1662.26602763 39.6316721998 160.257623046 23.3683278002 24.733972366 10.6170109609
4368 10.840472463 162.748408848 173.292461898 258.429808283 0.589777848618 0.443795183402 2.97525891511 237.561359772 364.45562413 17495.6880989 73 1662.74086387 39.6879187124 145.168263082 23.3120812876 24.2591361242 10.5443758696
4392 10.641154615 154.777536628 171.818590183 258.446178568 0.586705398086 0.50880485763 3.51318718912 236.945123989 364.469140278 17362.2664137 72 1663.18088638 39.720840373 132.881013685 23.279159627 23.8191136207 10.5308597218
4416 10.4510416346 149.498820337 172.099245164 258.462024933 0.585793509947 0.606987359142 3.78781928069 236.557374919 364.456978409 17222.9003786 69 1663.6001404 39.7440922268 121.751800015 23.2559077732 23.3998595967 10.5430215906
4440 10.2674000134 147.617904318 171.045743035 258.477616391 0.587015033299 0.649812234972 1.05884558229 239.226710761 364.405530112 17076.0501419 69 1664.00384187 39.7379004377 112.535980595 23.2620995623 22.9961581292 10.5944698874
4464 10.091881483 141.019323474 170.104767094 258.492824339 0.589213363039 0.700164623477 2.1372067126 238.080590964 364.403682249 16930.3590696 66 1664.3916991 39.7689470483 107.632808669 23.2310529517 22.6083008983 10.5963177503
4488.0 1009.92160177 139.662894237 171.0825295 258.507904613 0.592560538369 0.744428331511 2.14268341951 238.0124231 364.333559727 16772.8340225 66 1664.76666027 39.7690596879 105.262778212 23.2309403121 22.2333397227 10.6664402721
4512 822.139586313 3299.48325166 153.531904826 258.721412774 0.89394789309 2.93795579268 24.4859059458 212.960777597 347.921187303 22180.5974733 65 954.691092224 42.0757219066 37.8057059674 20.9242780934 732.308907769 27.078812696
4536 616.338465458 3947.72219667 159.33621872 259.191980474 1.15679210465 5.10827621818 29.6462270781 204.896724127 347.643271367 26569.6253508 65 1033.68142522 40.8406054876 47.4882463647 22.1593945124 653.318574773 27.3567286318
4560 470.91273581 3876.47478501 166.053951374 259.745703583 0.153861301103 4.50507875277 33.7405224437 201.854833922 350.406572049 30384.6651191 63 1112.57190501 40.36965437 47.2025009059 22.63034563 574.428094984 24.5934279498
4584 372.717457702 3606.66647916 171.912832245 260.105699512 0.919851186837 2.99003544952 34.2631040999 201.721309754 353.332819432 33631.7603224 63 1181.79904707 40.1217194344 63.0214576652 22.8782805656 505.20095292 21.6671805671
4608 304.87943835 3275.02208902 174.20556649 260.339276937 0.586170432468 2.7813811307 26.0002502525 210.29292125 355.946260962 36464.6127764 63 1239.87613127 39.9781154624 63.6584410923 23.0218845376 447.123868721 19.0537390367
4632 256.717514867 2973.57972088 173.78856738 260.528879805 0.843289127446 1.50990211505 21.8018274356 215.316101519 358.131270681 38928.1468227 61 1287.50772464 39.8865601045 73.4676234114 23.1134398955 399.492275355 16.8687293185
4656 220.997435747 2714.49747554 174.820424251 260.74335868 0.149085159108 3.68250450791 17.4764315231 217.948620132 359.844990331 41087.6946807 59 1326.8911728 39.8190572986 70.2496788456 23.1809427014 360.108827197 15.1550096684
4680 193.736958804 2484.48059264 177.971814722 260.835954632 0.687678231437 1.1662051872 18.7629410738 218.547220877 361.249908239 42986.7346605 59 1359.61720217 39.7707101294 75.7660130625 23.2292898706 327.382797824 13.7500917605
4704 172.402661864 2287.980875 177.283973336 260.970015954 0.79767568017 0.454994150749 14.1625390841 223.614775133 362.4156971 44679.8118767 59 1387.02087704 39.7358166172 86.4484012527 23.2641833828 299.979122952 12.5843028987
4728 155.18922551 2127.58706229 177.67772412 261.095078688 0.805806038731 1.06727877449 14.1182611501 222.913575351 363.344832199 46195.2762964 57 1410.35802034 39.7031510054 78.7967269533 23.2968489946 276.641979649 11.6551678001
4752 141.016652796 1992.81550969 179.621192113 261.208065167 0.771446219969 0.252312491529 15.7102947002 222.057881423 364.077043233 47537.6226162 57 1430.45218231 39.6703757083 92.8383700768 23.3296242917 256.547817683 10.9229567661
4776 129.167477885 1872.72232505 181.739325182 261.308234935 0.749446602472 0.75466336246 10.8019437507 226.385711352 364.732475435 48757.3458222 57 1447.91902255 39.6478470193 101.63163278 23.3521529807 239.080977445 10.2675245643
4800 119.148644579 1750.64990372 178.964927833 261.401544372 0.795408380857 1.09703117826 14.5078931463 222.198122925 365.350182783 49896.5916622 57 1463.18889322 39.6352660681 97.8792961921 23.3647339319 223.811106768 9.64981721641
4824 110.557671294 1664.74409738 179.394464362 261.490808495 0.804333603137 1.19202934784 6.7122909481 229.800537608 365.808527563 50904.234951 56 1476.6328925 39.6123507614 99.0570487662 23.3876492386 210.367107493 9.19147243586
4848 103.099767831 1575.73354186 179.818127162 261.574891716 0.801519026496 1.06271655683 9.62497153868 226.935901165 366.246500305 51824.8488158 55 1488.60407289 39.5994159706 107.011588589 23.4005840294 198.395927105 8.75349969392
4872 96.5888409449 1512.18659546 179.295183629 261.652342532 0.78985711011 1.08781666455 12.6263776706 223.843606025 366.609185995 52663.8481198 54 1499.2746541 39.581489066 110.17063507 23.418510934 187.72534589 8.39081400372
4896 90.7673515744 1459.2674008 179.849623082 261.724924086 0.778806597328 1.08923511679 10.5879186146 225.819115587 366.88102247 53402.3875838 50 1508.98774451 39.558671632 123.438325212 23.441328368 178.012255481 8.11897752922
4920 85.5030781523 1422.98076076 182.774104863 261.793549353 0.763467589861 0.972177281575 5.9450298806 230.525775897 367.064098524 54046.2891311 50 1517.91299335 39.5275246865 142.239526335 23.4724753135 169.087006642 7.93590147522
4944 80.6595499245 1416.49391575 182.265988467 261.861620812 0.798869797552 1.38474835319 5.57506745998 230.379693579 367.171705159 54591.2604028 48 1526.24143018 39.4845633567 151.806483731 23.5154366433 160.758569817 7.82829483985
4968 76.197206202 1404.4950051 183.589342273 261.929722989 0.797817323655 0.964262055662 5.47350825812 230.834689376 367.293569279 55054.1666415 46 1534.03903599 39.4500078089 164.102377654 23.5499921911 152.960964005 7.70643071964
4992 72.0259906142 1382.02164591 184.515141338 261.995987333 0.768573324797 0.558517793364 8.20917878641 228.467742765 367.37427492 55433.0621727 45 1541.42602817 39.4168400556 180.60718725 23.5831599444 145.573971821 7.62572507926
5016 68.1891272394 1351.10551317 191.832048405 262.059023834 0.775878183373 1.20263653635 10.1876154256 225.774846023 367.488680347 55751.9556196 44 1548.32167151 39.3933855007 194.371915263 23.6066144993 138.678328482 7.51131965245
5040.0 64.6091230038 1334.53422058 188.651282139 262.122541003 0.786133593567 0.905085555095 6.74352878959 229.442711061 367.572483865 56005.9199465 74 1554.82387852 39.3636823976 203.641545852 23.6363176024 132.176121475 7.42751613443
5064 61.608123527 1083.12513454 181.156252455 262.178679363 0.775539526131 0.353031510702 4.6237074618 232.069042141 368.32353609 56618.1246679 74 1560.46648909 39.4751194142 121.460637136 23.5248805858 126.533510903 6.67646390956
5088 59.1985075376 945.574203573 178.917189102 262.2245745 0.763125512346 0.798801213121 7.81713804772 228.396360729 368.847304766 57148.789832 74 1565.00851745 39.5595807729 87.1097722038 23.4404192271 121.991482547 6.1526952333
5112 57.1345456608 868.358770443 178.331566632 262.265338649 0.770058156717 1.00626288014 5.87432394333 230.084016373 369.160934013 57635.4715091 74 1568.8999003 39.6082791362 75.4240559341 23.3917208638 118.100099692 5.83906598635
5136 55.2865713123 821.939393326 179.121201757 262.303472492 0.765665932914 0.148372524634 1.17448379386 235.608005259 369.352743336 58092.7967234 72 1572.39086941 39.6313171703 68.6060646317 23.3686828297 114.609130582 5.64725666326
5160 53.5843105946 795.383123577 177.18355833 262.338764214 0.74030393435 0.290900648523 4.97400168431 231.656029521 369.488319748 58518.926972 70 1575.61589481 39.6356397827 63.9034317361 23.3643602173 111.384105189 5.51168025143
5184 51.9954928069 767.379144092 176.109872496 262.371796664 0.724341272399 0.458665652774 3.28362947425 233.161566939 369.606417242 58927.593926 69 1578.64132088 39.6400471607 61.2464782234 23.3599528393 108.35867912 5.39358275712
5208 50.5071624071 750.583905189 178.033687607 262.40315961 0.717074224391 0.655668709229 6.13704884759 230.087048611 369.683018494 59302.0921594 68 1581.48541418 39.632983479 59.7422959246 23.367016521 105.514585814 5.31698150564
5232 49.1035912678 730.433632202 177.219707087 262.43348671 0.719261903808 0.865795639042 2.63256971034 233.348886039 369.780097612 59655.9005448 68 1584.1835102 39.6351902587 64.0644422375 23.3648097413 102.816489794 5.21990238727
5256 47.7758700757 717.547584621 177.147144938 262.463213312 0.727557458918 0.988272137722 4.01128884109 231.809668252 369.846837193 59986.2296408 66 1586.74330927 39.6262555721 68.0467326947 23.3737444279 100.25669072 5.15316280631
5280 46.5118893837 710.824782076 177.846904428 262.492716648 0.740355587316 1.11894583487 3.14646425223 232.50151768 369.899228649 60290.6195453 65 1589.18927284 39.6128579495 70.0496822886 23.3871420505 97.8107271568 5.10077135015
5304 45.295325502 696.138022557 177.426592934 262.521784452 0.720679847345 0.231729331758 2.3054604425 234.220345929 369.949659515 60575.1662778 64 1591.55353978 39.6039416695 74.7219008597 23.3960583305 95.4464602107 5.05034048456
5328 44.1384198397 683.491489168 179.276113542 262.549420486 0.704502317838 0.371190042087 4.1804881743 232.194398982 370.004666695 60841.6251554 64 1593.8129801 39.5991141453 73.9309578693 23.4008858547 93.1870198904 4.99533330412
5352 43.0467184318 664.419984846 177.087890852 262.575690115 0.695159139657 0.523726257632 2.71815930866 233.487265182 370.089489833 61106.7403111 64 1595.95568456 39.6036233887 76.6773679681 23.3963766113 91.0443154311 4.91051016625
5376 42.0147154388 642.817972569 176.279463383 262.600906029 0.691056712166 0.63115044709 1.05633169357 235.02055512 370.169089872 61371.5908824 64 1597.98873962 39.6101108013 70.6906409851 23.3898891987 89.0112603742 4.83091012733
5400 41.0348448201 632.77033528 178.50070213 262.625343282 0.690160759875 0.712865744807 4.20074836081 231.770881855 370.214210518 61596.0713754 64 1599.92270599 39.6056957694 75.8830111431 23.3943042306 87.0772940097 4.7857894815
5424 40.0991853991 621.745724022 177.428337022 262.649256836 0.692660146455 0.798783145581 2.13811915188 233.721180722 370.267480495 61820.67896 64 1601.77532918 39.6016810914 74.380682588 23.3983189086 85.2246708111 4.73251950453
5448 39.1993590377 609.974901622 178.116249535 262.672907281 0.697083956453 0.852792396137 2.00206189909 233.775154469 370.308615446 62019.4767433 59 1603.56160961 39.5960339538 80.6711478962 23.4039660462 83.438390383 4.6913845535
5472 38.3317341325 607.88221171 178.517326063 262.696410688 0.7034967618 0.944337393015 5.67321076497 229.982544394 370.33438628 62193.3297189 59 1605.28748542 39.5821034573 87.3500026446 23.4178965427 81.7125145751 4.66561371939
5496 37.4915946774 602.816780577 181.583489394 262.719844855 0.699234020849 0.13671426224 7.09558620064 229.348620663 370.34847334 62352.4457073 59 1606.96337072 39.5692629561 89.637396902 23.4307370439 80.0366292776 4.65152665943
5520 36.6853350234 590.001415228 182.043619218 262.74238357 0.68397471658 0.281780741554 2.49830786216 233.793553111 370.389893464 62506.9263633 58 1608.57876542 39.5669704073 92.7890237599 23.4330295927 78.4212345712 4.61010653516
5544 35.9129920398 580.531860003 181.809328122 262.764022322 0.672377034611 0.349119271654 2.88406164569 233.330419728 370.433847752 62647.2505516 58 1610.13064232 39.5657093667 98.7561966523 23.4342906333 76.8693576783 4.56615224707
5568 35.1603971445 579.177606838 182.130737734 262.785230354 0.663150019756 0.411064592247 3.23922934422 232.901325692 370.439847942 62765.6901009 58 1611.64273216 39.5476731369 99.7132589803 23.4523268631 75.357267836 4.56015205773
5592 34.4362969671 570.438754292 181.78113521 262.805824898 0.656953487598 0.507087871531 3.38745757422 232.642676171 370.47692738 62869.4784651 57 1613.10484657 39.5456068982 115.66217719 23.4543931018 73.8951534233 4.52307261925
5616 33.7345321908 566.403507491 182.66250541 262.826056866 0.65367228593 0.587122098721 2.48143497102 233.45171378 370.495483808 62971.1289001 57 1614.52332915 39.5348297862 116.47742533 23.4651702138 72.4766708431 4.50451619124
5640 33.0525389216 556.722625873 181.599226405 262.846062316 0.652727213351 0.656771988263 3.53057222336 232.313866261 370.520763838 63068.9124535 57 1615.90577353 39.5287188987 112.179766602 23.4712811013 71.09422646 4.47923616099
5664 32.3912200887 559.7925336 182.215528166 262.865860775 0.653572644583 0.70365413807 3.54445235888 232.232460086 370.524552399 63132.7357025 56 1617.24747933 39.5100547702 112.125445724 23.4899452298 69.7525206698 4.4754476007
5688 31.7508927579 548.687777047 179.869679962 262.885465957 0.655755703112 0.739421416772 2.48978552931 233.229571396 370.563061243 63199.3015211 56 1618.55275331 39.5110542364 114.86491567 23.4889457636 68.4472466881 4.43693875595
5712 31.1387819529 535.15737468 180.053247994 262.90466043 0.659265451977 0.81196418817 3.1809065519 232.443203381 370.607326337 63261.4612324 55 1619.80419703 39.5155400324 120.829796842 23.4844599676 67.1958029695 4.39267366235
5736 30.5508322094 523.276068598 184.815445411 262.923582003 0.664528338647 0.871550413436 1.74930389791 233.791035349 370.630572375 63327.9217055 55 1621.00825193 39.5188280547 106.722974023 23.4811719453 65.9917480605 4.36942762438
5760.0 29.9901440122 511.338862366 181.441486784 262.942129791 0.670719870126 0.914203883104 4.15807300297 231.314873455 370.675953092 63379.6167296 84 1622.15905199 39.5225918602 108.93312467 23.4774081398 64.8409480084 4.32404690759
5784 29.4695068106 467.957897751 178.101478031 262.959838491 0.677651313163 0.950100789059 2.22171450903 233.1906949 370.78125879 63498.4669256 84 1623.23817662 39.5816122557 90.0083837811 23.4183877443 63.7618233831 4.2187412091
5808 28.9908887364 445.177758595 177.951981024 262.976566137 0.684446678631 0.961637661992 1.93324638173 233.444103143 370.860021157 63597.7311307 83 1624.22799042 39.6144529097 81.1246008332 23.3855470903 62.7720095829 4.13997884281
5832 28.5380093564 434.176894093 176.556040808 262.992808019 0.690954629247 0.961644697472 0.44635712704 234.90823553 370.90871862 63691.0571472 83 1625.16317612 39.628070899 70.2250723993 23.371929101 61.8368238768 4.09128138003
5856 28.1021663254 425.694401703 177.259339174 263.008831925 0.697376465963 0.984362713887 0.788755376666 234.520673521 370.932765332 63771.6167736 82 1626.06283944 39.6295604973 61.5033273526 23.3704395027 60.9371605601 4.06723466806
5880 27.6809296075 418.179102968 176.269494194 263.0247044 0.703991766991 1.0186389234 5.00558739052 230.247077522 370.963106091 63844.7837997 82 1626.9338548 39.6340813012 54.8165179875 23.3659186988 60.0661451983 4.03689390836
5904 27.2751104093 408.226276897 176.668530694 263.040201926 0.692571734075 0.0625967397052 2.13964981408 234.064979788 370.992750174 63911.6736258 82 1627.77458629 39.6418603896 52.2517678842 23.3581396104 59.2254137065 4.00724982555
5928.0 1026.88386125 401.204557134 175.994201058 263.055069685 0.67971866969 0.11548876977 1.14833685583 235.001386022 371.021362364 63972.0671563 79 1628.58582296 39.646241391 51.2477197548 23.353758609 58.4141770345 3.97863763543
5952 947.526660062 3652.40627664 158.414805083 263.134569341 0.656318240604 0.0275823651848 11.6574440022 224.524086054 363.762599912 69447.6799162 76 921.552167503 42.1580399234 26.2966938295 20.8419600766 765.447832491 11.2374000873
5976 834.442346939 4547.85237328 161.820626549 263.260196494 0.689469979992 1.4117880878 18.4307122227 216.207833218 362.075659357 74311.2312059 75 953.712601004 41.1636672735 33.2999207642 21.8363327265 733.287398991 12.9243406422
6000 730.303303136 4730.32664686 165.040263166 263.414218494 0.8310657944 1.79776865954 19.9406678909 214.016279163 362.252377957 78919.007672 75 989.691521765 40.782066687 33.8321326021 22.217933313 697.30847823 12.7476220429
6024 643.082619857 4645.17036008 167.963819693 263.593287122 0.992559600354 1.25468208457 17.9456880222 216.213783173 362.993829773 83270.4061634 75 1025.54528693 40.5743846762 36.682151792 22.4256153238 661.45471306 12.0061702268
6048 571.447089596 4466.27123618 170.135724758 263.684263767 0.343886851322 2.39631507063 18.1139966554 215.461537658 363.829035612 87382.5110836 75 1059.76207286 40.4349585608 38.946750703 22.5650414392 627.237927139 11.1709643877
6072 512.414588824 4287.20519807 171.949795262 263.763424498 0.592338725473 1.57748070381 17.3349462644 216.73180981 364.593913752 91243.6735455 74 1091.83126277 40.3241685007 37.8233648099 22.6758314993 595.168737224 10.4060862474
6096 463.481290592 4086.1446863 171.793186714 263.860730309 0.653536354685 0.798830655003 13.8782490247 220.808653659 365.33542267 94904.9172711 73 1121.55656186 40.244627782 39.5668454969 22.755372218 565.443438132 9.66457732939
6120 422.458777354 3907.71578542 172.967696757 263.958446483 0.787291626597 2.43954132054 10.6242502707 222.190470302 365.969629954 98353.8172371 72 1148.98472938 40.1747245921 40.6071878185 22.8252754079 538.015270611 9.0303700456
6144 387.589134982 3746.81288015 174.30032452 264.068186214 0.873148255248 0.6955772166 7.90982693045 226.453261386 366.510773728 101598.419552 72 1174.33532086 40.1120394007 47.5783724076 22.8879605993 512.664679137 8.48922627162
6168 357.693174967 3582.95485553 173.643742802 264.172708789 0.854945279795 0.75133054008 9.83605446588 224.384960928 367.014060034 104691.024321 72 1197.74577043 40.0627481941 43.4488414644 22.9372518059 489.254229563 7.98593996543
6192 331.905570938 3429.02870964 173.629469834 264.269564956 0.883664763321 1.51368697396 9.30107989718 224.032003412 367.471688419 107620.546307 72 1219.3055853 40.0222525887 43.879266601 22.9777474113 467.694414694 7.52831158052
6216 309.457279698 3285.17200299 175.826856585 264.364004354 0.914515799594 1.49327249479 10.629193427 222.599013927 367.88152155 110407.520755 71 1239.19547238 39.9878379558 46.8008664958 23.0121620442 447.804527616 7.1184784498
6240 289.770182476 3161.27646125 176.047665019 264.457193334 0.962818027101 1.25753246755 11.8117237635 221.510732411 368.23459109 113049.932286 71 1257.55943616 39.953423318 49.6734700827 23.046576682 429.440563833 6.76540890967
6264 272.301824585 3057.88476966 177.097536319 264.546715731 0.958116830302 1.17912181329 10.588492493 222.727553135 368.533180082 115540.748499 71 1274.62483561 39.9188157902 53.5310278182 23.0811842098 412.375164384 6.46681991704
6288 256.786077514 2924.05003457 175.579558033 264.630394802 0.940803665217 0.902805292756 9.57497077781 223.951025465 368.855427016 117969.980404 70 1290.45267775 39.9004581514 48.1840933552 23.0995418486 396.547322248 6.1445729831
6312 242.952265652 2834.66022068 176.073453687 264.709146478 0.962878785922 1.52394099985 9.49983800471 223.304195734 369.110052792 120246.65827 70 1305.0981975 39.8731412532 56.4302945181 23.1268587468 381.901802499 5.88994720739
6336 230.487765067 2733.88294941 178.69574053 264.784849572 0.954206067521 0.982817385058 4.89049263079 228.387634347 369.353204796 122443.280757 69 1318.76611641 39.8539511613 51.2258378023 23.1460488387 368.233883587 5.64679520326
6360 219.215332616 2646.66227605 177.485642468 264.856057007 0.927365808788 0.456083661247 9.42867828402 224.331815241 369.572112996 124532.623478 69 1331.52151977 39.8338422083 47.5875883398 23.1661577917 355.478480221 5.427887003
6384 209.018077109 2562.62983206 177.48351638 264.921600899 0.912559305699 0.908030075773 5.10590021416 228.151909508 369.787180902 126531.084191 68 1343.40595497 39.8198167717 55.3607245266 23.1801832283 343.594045026 5.2128190971
6408 199.705304409 2489.8039143 177.629416505 264.98413224 0.918756186397 1.11488469252 4.49293670112 228.489290182 369.961840625 128445.959629 67 1354.54532311 39.8007382005 60.056328036 23.1992617995 332.454676888 5.03815937429
6432 191.171170596 2416.9133347 178.740144463 265.044840156 0.936050031793 1.2915497861 7.23890456494 225.488655463 370.127018337 130297.596053 67 1365.0097098 39.7840462044 65.3021058589 23.2159537956 321.990290198 4.87298166225
6456 183.341809853 2334.06132852 176.864646536 265.10340537 0.923573839407 0.647426618617 5.06617537787 228.259418797 370.299842654 132099.581928 67 1374.83898067 39.775719449 59.1419893456 23.224280551 312.161019323 4.70015734519
6480.0 176.166516566 2265.94965254 177.27974524 265.158441819 0.91841842786 1.00255977999 4.21611961073 228.704460364 370.459479692 133821.441346 97 1384.03895881 39.7666849539 65.5339502041 23.2333150461 302.961041188 4.5405203071
6504 169.631262126 2138.2469093 176.341626568 265.209617324 0.882391970153 0.253973603209 4.93165040655 228.722366698 370.664508526 135595.312179 95 1392.60635714 39.7854291376 38.7692912517 23.2145708624 294.393642855 4.33549147326
6528 163.70593067 2052.02389565 175.948158295 265.255918782 0.856207501144 0.479535623217 3.8947051459 229.513632949 370.838625584 137289.75047 94 1400.50407036 39.7925955342 28.0312207532 23.2074044658 286.495929636 4.16137441557
6552 158.25269894 1983.67499264 175.801862109 265.299022904 0.841317848945 0.603619677272 3.44688945475 229.809150117 370.979653934 138925.184401 92 1407.88636681 39.7930731371 25.0397031424 23.2069268629 279.11363319 4.02034606504
6576 153.191851696 1929.79975007 175.770709711 265.339834263 0.834635421169 0.807131824545 6.33806457611 226.680333916 371.097106384 140503.367234 91 1414.83851827 39.7885383907 26.3813269025 23.2114616093 272.16148173 3.9028936155
6600 148.459499094 1881.73597943 175.801350979 265.37914904 0.836759075115 0.934046396246 3.96474061818 228.885304872 371.200403974 142033.373938 90 1421.43116054 39.7821719868 24.7607814657 23.2178280132 265.568839462 3.79959602502
6624 144.031784812 1834.53782112 176.248705086 265.417296238 0.843688358924 1.03398963338 2.24645231155 230.45857346 371.297701407 143520.968926 90 1427.68330424 39.7766608977 23.8929921233 23.2233391023 259.316695757 3.70229859186
6648 139.879669926 1792.59030038 176.038911096 265.454208426 0.829486937683 0.177572924121 3.14625550272 230.392476212 371.389709745 144963.25212 88 1433.62083343 39.771016617 24.9983184829 23.228983383 253.379166571 3.61029025455
6672 135.964793052 1758.05758348 176.010801975 265.488968559 0.804147159792 0.287465849183 4.84963191526 228.569786518 371.467307408 146353.200345 85 1439.28361852 39.7612845318 31.20093916 23.2387154682 247.716381476 3.53269259096
6696 132.267299968 1721.06518664 176.941250616 265.521822645 0.785532689596 0.408304284955 5.23029221148 228.05404817 371.545170443 147710.869173 84 1444.69503176 39.7549368289 30.2842207274 23.2450631711 242.304968234 3.45482955595
6720 128.774091803 1683.67823593 176.416954566 265.553098789 0.773656552153 0.553418058537 2.26375475317 230.856071849 371.619245935 149032.766161 84 1449.86303711 39.7493856126 29.5189714127 23.2506143874 237.136962891 3.38075406437
6744 125.47438048 1648.48950801 178.854967233 265.583069369 0.766113156362 0.60160764658 2.19821325214 230.850996578 371.68895092 150313.308407 84 1454.79558648 39.7447093332 30.1776502365 23.2552906668 232.204413516 3.31104907893
6768 122.349725751 1615.42128846 177.82239305 265.611958201 0.762149475979 0.728839633067 4.70684606874 228.190206623 371.758056585 151563.528532 83 1459.51187518 39.7400650307 31.8379045369 23.2599349693 227.48812482 3.24194341381
6792 119.375539973 1593.70051966 177.26889714 265.640096476 0.763268302104 0.875304286391 6.94965451107 225.771676426 371.814441815 152768.237009 82 1464.0402362 39.7307965439 31.1338461166 23.2692034561 222.959763797 3.18555818432
6816 116.540327579 1563.4237373 177.391213045 265.667724021 0.769931560944 0.998250974744 1.02271310156 231.541380343 371.869744825 153941.026178 82 1468.39632808 39.7236839721 34.7348010014 23.2763160279 218.603671923 3.13025517367
6840 113.833212788 1544.55105127 177.747316846 265.694864033 0.761369721639 0.0668231819522 3.06349815827 230.413444907 371.915598184 155069.702072 82 1472.58897888 39.7122607785 39.0528565524 23.2877392215 214.411021116 3.08440181548
6864 111.260795608 1507.85648772 177.563062878 265.72058585 0.739890847554 0.180146294629 1.83136036704 231.528016642 371.98163591 156198.733912 82 1476.61200672 39.7146706671 34.7352556862 23.2853293329 210.38799328 3.018364089
6888 108.810169905 1478.2805984 176.860690148 265.745015515 0.723451235135 0.308827765645 4.35205012713 228.870655359 372.03619587 157293.234363 82 1480.47159212 39.7115807106 31.9090170479 23.2884192894 206.528407879 2.96380412959
6912 106.478763849 1451.33907617 176.609160738 265.768320008 0.711615539754 0.382265688138 1.7577614729 231.380037293 372.092638741 158355.019496 80 1484.17178338 39.71089269 38.8810883886 23.28910731 202.828216616 2.90736125839
6936 104.239002659 1440.44285491 177.019799696 265.790860234 0.702648052173 0.48214504283 4.9637549216 228.060591751 372.123340613 159374.899467 78 1487.74583377 39.6963642001 41.9019685694 23.3036357999 199.254166232 2.87665938567
6960 102.089089406 1405.30023552 178.608279022 265.812740636 0.697920164011 0.610403601429 3.95511707872 228.923818522 372.173301908 160390.782263 77 1491.20620067 39.6977824241 39.8510833921 23.3022175759 195.793799327 2.82669809088
6984 100.03400609 1384.50501519 178.170606989 265.834006112 0.696987659788 0.731062173081 5.77474710419 226.963196952 372.217660162 161370.380911 76 1494.53386388 39.6933969319 42.9262926651 23.3066030681 192.466136121 2.78233983728
7008 98.0601109955 1372.54933235 177.220702962 265.854877584 0.699844829713 0.828354532854 1.48802210132 231.128900954 372.25216213 162321.604672 75 1497.74822213 39.684102995 41.0993371579 23.315897005 189.251777866 2.74783786947
7032 96.15562799 1352.85605508 178.062703947 265.875526107 0.704087438624 0.871188759252 3.19504426064 229.354153436 372.285953819 163243.875073 75 1500.86943096 39.6779630385 45.668947733 23.3220369615 186.130569035 2.71404618028
7056 94.3283939075 1333.60827754 177.66497698 265.895862202 0.709398134644 0.922907313504 3.73182338735 228.740008964 372.323055189 164153.032219 75 1503.88230705 39.672753475 41.5088967268 23.327246525 183.11769295 2.67694481042
7080 92.5766620656 1304.99154757 178.437407694 265.915901393 0.716268991732 0.992196004288 3.07467930321 229.300954309 372.368703858 165045.841048 74 1506.78998616 39.6765998928 44.6016666045 23.3234001072 180.210013842 2.63129614089
7104 90.8914129763 1288.86862362 178.014641048 265.935599918 0.707399408324 0.0713361128641 4.31467633908 228.970988223 372.400936971 165910.310913 74 1509.59921952 39.6704714639 47.691148557 23.3295285361 177.400780481 2.5990630285
7128 89.2688091436 1269.6676894 179.210483357 265.954497813 0.691969118997 0.184868451998 5.38249794798 227.78616667 372.435550664 166755.829484 73 1512.31960317 39.6686895823 52.0319588574 23.3313104177 174.680396829 2.56444933477
7152 87.7016021663 1256.41979344 178.86171978 265.972713516 0.679648311605 0.260738600382 4.41273054965 228.674169024 372.462404287 167581.243981 72 1514.95858451 39.6617321392 52.4104827663 23.3382678608 172.041415483 2.53759571167
7176 86.1875718594 1241.99964574 178.358409839 265.990334718 0.669881992951 0.329161263772 1.34756106319 231.663060964 372.492276061 168384.118053 71 1517.52131927 39.656447608 55.79453971 23.343552392 169.478680726 2.50772393858
7200.0 84.7265278331 1221.96325707 178.940001309 266.00740876 0.661919245565 0.385196998583 3.19224294456 229.753232053 372.524299019 169179.370572 101 1520.00731507 39.6552092414 54.8108605851 23.3447907586 166.992684931 2.47570098007
7224 83.3331885647 1179.46559759 177.621602623 266.023794742 0.655950326418 0.443865377132 1.84711260653 231.02927695 372.571925264 170005.352429 98 1522.3944113 39.6722816593 39.7649504849 23.3277183407 164.605588701 2.42807473476
7248 82.005482411 1156.5329317 177.609929263 266.039538388 0.651162932575 0.467071575215 2.3886611111 230.453565995 372.610837809 170795.995842 98 1524.67545172 39.6765499497 34.4241930259 23.3234500503 162.324548277 2.38916218995
7272 80.7288590485 1133.72428522 177.078771205 266.054818191 0.647547419037 0.524744029069 3.72911720417 229.043773159 372.647699697 171575.755268 97 1526.87775003 39.6811904705 29.9839671921 23.3188095295 160.122249969 2.35230030227
7296 79.5008469643 1114.47571537 176.871158737 266.069681845 0.645647830559 0.600037588019 2.90362730926 229.781005429 372.680544575 172339.493867 95 1529.0040948 39.6835378951 28.1334349931 23.3164621049 157.995905198 2.31945542452
7320 78.3123215318 1102.70372553 176.80981531 266.08426172 0.645079823524 0.638005920434 3.05635153306 229.576301005 372.703414222 173081.150414 95 1531.06830085 39.6791780728 25.4390000393 23.3208219272 155.931699151 2.29658577742
7344 77.1593132582 1090.01000838 176.804697199 266.098614118 0.64512956548 0.656406200994 2.16622354771 230.43362657 372.727308946 173804.791831 94 1533.07881286 39.6767426334 25.2392971518 23.3232573666 153.921187141 2.27269105342
7368 76.0425082304 1072.11982374 177.686912661 266.112729223 0.645860442768 0.695273940565 0.145028667303 232.401107728 372.754401822 174518.17492 92 1535.03431023 39.678332722 26.1558687582 23.321667278 151.965689773 2.24559817696
7392 74.9612076028 1062.13437067 178.048049488 266.126615663 0.647006875738 0.713643902121 3.07366901872 229.439064542 372.77600241 175213.833586 88 1536.93304475 39.6738861261 25.0619310009 23.3261138739 150.066955247 2.22399758913
7416 73.9117487457 1047.16046173 177.279558619 266.140316004 0.648726027548 0.741325105016 0.904257185167 231.56537568 372.800576566 175898.311814 88 1538.78325959 39.6743773958 27.7803624872 23.3256226042 148.216740409 2.19942343321
7440 72.8913280077 1037.86804906 177.517818259 266.153865105 0.650799350501 0.759191526627 2.68468594462 229.751458075 372.817621556 176562.074762 87 1540.5869648 39.6689266055 31.2026472657 23.3310733945 146.413035199 2.1823784427
7464 71.8972008186 1027.20072762 177.600162925 266.167295915 0.653371450802 0.795648985555 2.36707659764 230.016607053 372.836833184 177214.996251 86 1542.35050381 39.665916669 31.7523727557 23.334083331 144.649496187 2.16316681516
7488 70.9318643607 1015.69298903 177.16672905 266.180575851 0.656678222495 0.84402763052 3.94842161865 228.370296679 372.859275511 177859.859438 83 1544.06891554 39.6644997652 29.9387639897 23.3355002348 142.931084458 2.14072448771
7512 69.992864956 1003.51939091 177.655679998 266.19374347 0.660872537458 0.883220769713 2.47862658678 229.783536638 372.878505279 178487.59047 83 1545.74554711 39.6632969417 32.1582542414 23.3367030583 141.254452888 2.12149471984
7536 69.080391543 992.568694917 180.000722735 266.206795524 0.665358689587 0.902792412297 2.9758328295 229.249220547 372.896790259 179104.908133 82 1547.37961227 39.661306311 30.9921901244 23.338693689 139.620387732 2.1032097402
7560 68.1921581425 981.243515053 178.07704375 266.219758694 0.670339174464 0.943712971213 3.36547120149 228.80071796 372.915868753 179709.000957 81 1548.97514285 39.6604791835 34.5426474537 23.3395208165 138.024857155 2.08413124583
7584 67.3274881662 972.678943297 177.800137714 266.23264035 0.67561588026 0.953746239189 1.75282238645 230.385175146 372.932523224 180300.644383 78 1550.5322471 39.6563567827 36.3018097153 23.3436432173 136.467752898 2.06747677549
7608 66.4835455992 967.412778235 177.696350095 266.245473699 0.680892283487 0.961020860183 2.0941415168 230.018471642 372.945276733 180872.944268 78 1552.05573949 39.6498664758 42.4276822121 23.3501335242 134.94426051 2.05472326586
7632 65.6576682564 956.860059421 177.688342209 266.258290628 0.686311310884 0.989477442921 2.35251111316 229.713409507 372.962225596 181443.811898 77 1553.55172617 39.6486365149 41.2220200011 23.3513634851 133.448273834 2.03777440304
7656 64.8531109901 951.131097284 178.631299316 266.271036112 0.692023656108 1.00243529825 1.5812429898 230.453261946 372.975257297 181995.781466 77 1555.01235896 39.6437249934 41.3789133457 23.3562750066 131.987641045 2.02474270207
7680 64.0669608547 940.375738003 179.061788408 266.283605423 0.680992836189 0.022841461033 1.79899729302 231.213562989 372.989664549 182542.869161 76 1556.44372975 39.6414816393 39.1121618693 23.3585183607 130.556270255 2.01033544991
7704 63.3000001001 933.075509446 178.327321539 266.295803135 0.669569608108 0.0620281759746 1.92812738012 231.044471703 373.005324603 183071.861552 75 1557.8437671 39.6390086698 40.8459642603 23.3609913302 129.156232898 1.99467539646
7728 62.5518281124 924.741955097 178.556597977 266.307651107 0.659242359328 0.108558309205 1.98662036268 230.937927863 373.019574301 183594.044093 74 1559.21286068 39.6358352134 39.5159117674 23.3641647866 127.787139318 1.98042569774
7752 61.8226038601 911.873330314 179.544435681 266.31916334 0.649817070693 0.127961138617 1.04049785427 231.862560599 373.037370133 184110.912755 74 1560.55123536 39.6373197109 39.8408761931 23.3626802891 126.448764639 1.96262986586
7776 61.1109509443 903.571138562 178.032698873 266.330371801 0.641074702324 0.156672197028 0.0226986879442 232.849182614 373.052387163 184614.830973 74 1561.86010009 39.636401626 41.6834617987 23.363598374 125.139899915 1.94761283597
7800 60.4111422768 903.82349098 179.741304277 266.34137578 0.632884551783 0.17468953172 2.00406490253 230.846985235 373.055704845 185089.709343 73 1563.14836232 39.6253231697 46.325798866 23.3746768303 123.85163768 1.94429515439
7824 59.7246218985 896.442833571 178.63978625 266.352160161 0.6253109209 0.195708277306 0.947315679858 231.879504962 373.067234064 185564.117453 72 1564.41624909 39.6210268096 49.3295056259 23.3789731904 122.583750909 1.93276593481
7848 59.0513242312 889.522156621 177.79870152 266.362733342 0.6182279245 0.216566416335 1.85790295126 230.944569367 373.079468615 186025.542502 71 1565.66267733 39.6177689329 54.3544986337 23.3822310671 121.337322673 1.92053138447
7872 58.3954198265 880.576345559 179.086657719 266.373036559 0.611761695528 0.23683300475 1.70989006545 231.068478677 373.09308093 186482.334272 71 1566.88013696 39.6169722469 61.2197483837 23.3830277531 120.119863045 1.90691906957
7896 57.7535939365 872.129539147 179.194801234 266.383128129 0.605809816882 0.263910276169 2.50616732061 230.240984459 373.10676003 186939.212619 71 1568.07409028 39.6168350769 58.4065939087 23.3831649231 118.925909723 1.89323996936
7920.0 57.1223062906 869.517918453 178.046335006 266.393070171 0.600349319907 0.283140383114 2.295723966 230.427716162 373.113452048 187375.85266 101 1569.24953097 39.6086537935 58.399646201 23.3913462065 117.75046903 1.8865479507
7944 56.513163339 841.739567824 177.559494825 266.402684967 0.595451630932 0.300288752793 0.994369529499 231.707205121 373.136702433 187846.266626 99 1570.39046729 39.628323273 49.3815524727 23.371676727 116.609532709 1.86329756614
7968 55.9266237355 824.508321732 177.322677667 266.411968325 0.591012054394 0.317806729727 1.59114455881 231.088068334 373.160443886 188306.42446 97 1571.48993289 39.6388101583 42.6148756332 23.3611898417 115.510067115 1.83955611245
7992 55.3578770594 812.387409995 178.271841509 266.420998555 0.586972166254 0.333654933784 1.11683516908 231.541539178 373.176818397 188757.220542 96 1572.55726456 39.6437682273 35.475560828 23.3562317727 114.44273544 1.82318160163
8016 54.8035553793 805.276602717 178.832584425 266.429831113 0.583256087221 0.343654608689 1.5986577066 231.044600487 373.190292594 189193.841563 94 1573.59880387 39.643979667 31.9839213272 23.356020333 113.401196131 1.80970740439
8040 54.260820743 795.230484042 177.750445391 266.438512807 0.57987312863 0.363110158271 1.02206293987 231.596440968 373.203893256 189627.029036 92 1574.6204032 39.6452092793 28.5648781899 23.3547907207 112.379596797 1.79610674239
8064 53.7301911826 787.878838758 178.169915941 266.447037773 0.576793620657 0.375661484234 0.414979089829 232.185528034 373.215862187 190047.173452 92 1575.62101179 39.6453794585 27.9717397589 23.3546205415 111.378988207 1.78413781188
8088 53.2108287022 780.162192262 177.505809584 266.455420583 0.573960415233 0.387261412008 0.769485597002 231.813871995 373.228092182 190463.11211 91 1576.60205855 39.6459452125 26.515478086 23.3540547875 110.397941451 1.77190781648
8112 52.7028246331 774.526132207 177.261430035 266.463660784 0.571412575929 0.402318017344 1.07454011452 231.48806851 373.239167856 190871.68353 89 1577.56313684 39.6446736164 24.4964208103 23.3553263836 109.436863161 1.76083214244
8136 52.2049634089 766.021270135 177.173093684 266.471779552 0.569123450924 0.415040368158 1.34833725863 231.195719373 373.252134105 191271.451306 87 1578.50696611 39.6470079698 27.4786703762 23.3529920302 108.49303389 1.74786589382
8160 51.7175147181 758.92919794 177.142471533 266.479773374 0.567070297815 0.427233493019 1.58419741715 230.94172542 373.261883578 191667.910518 86 1579.43216023 39.6454091846 27.103051078 23.3545908154 107.567839766 1.73811642058
8184 51.239279344 752.431374894 177.138354294 266.487662443 0.565208549712 0.437306607296 1.79216022524 230.717662177 373.271872838 192054.815626 84 1580.34139724 39.6446940692 28.7376219757 23.3553059308 106.658602756 1.72812716038
8208 50.7706293566 745.777704048 177.649532819 266.495440747 0.563536757037 0.449912284197 1.95920024391 230.53190997 373.281613321 192437.508081 83 1581.23394471 39.6446684547 28.1562812974 23.3553315453 105.766055295 1.71838667746
8232 50.3102280386 743.925938718 177.340938426 266.503131062 0.562079651907 0.459714526407 1.10386283993 231.371211922 373.288256079 192808.759305 81 1582.11148089 39.6387408448 27.7036273567 23.3612591552 104.88851911 1.71174391981
8256 49.8575416603 738.186506379 177.238254959 266.510742864 0.560819679227 0.475405214036 1.21149871973 231.241533525 373.297604773 193176.488658 80 1582.97620997 39.6379382462 26.556758023 23.3620617538 104.023790032 1.70239522567
8280 49.4122155317 735.016715487 179.070191979 266.518283299 0.559808044288 0.497479496247 1.28250673001 231.141922433 373.302716275 193527.585601 80 1583.82787563 39.6346990686 28.9265791501 23.3653009314 103.172124366 1.69728372405
8304 48.9738609348 729.210005596 178.3808259 266.525760652 0.559041624297 0.507460423475 1.3557065849 231.052030717 373.311399914 193870.192056 77 1584.66756153 39.6330290504 36.7582525295 23.3669709496 102.332438467 1.68860008478
8328 48.5432999722 726.310276033 178.962149367 266.533161305 0.558416095852 0.517116787003 1.40116859187 230.990137222 373.318558491 194205.165498 76 1585.49353801 39.6304019176 43.2801659977 23.3695980824 101.506461993 1.68144150772
8352 48.1165786148 725.204751606 177.922562237 266.540553667 0.557922723092 0.523030060702 0.4532605064 231.925233045 373.320867524 194534.928181 75 1586.31240318 39.6208699169 44.1609483151 23.3791300831 100.68759682 1.6791324744
8376 47.697434715 718.44706609 179.321516357 266.547872975 0.557547925019 0.541794777074 3.45139561304 228.901388712 373.329537779 194862.436571 74 1587.11920578 39.622183159 44.4912233905 23.377816841 99.8807942209 1.67046221997
8400 47.283784189 720.176356802 178.088463225 266.555157115 0.557530177439 0.562173624307 0.431633569219 231.893505516 373.332011395 195172.22041 73 1587.91522578 39.6113583351 48.8395147452 23.3886416649 99.0847742192 1.6679886035
8424 46.8761732809 711.724941743 177.645734164 266.562398079 0.557595287297 0.564122328655 1.43024107934 230.885643228 373.342969467 195484.388109 73 1588.7022171 39.6152541749 55.1549241315 23.3847458251 98.2977828986 1.65703053146
8448 46.4758232449 712.27696123 178.672916948 266.569572823 0.557738645453 0.574672870006 1.38335029109 230.914665372 373.344999727 195786.89837 72 1589.47510095 39.6068204767 54.5741046987 23.3931795233 97.5248990463 1.65500027154
8472 46.0809375675 707.222386656 179.281158817 266.576713411 0.558090729709 0.599488387206 3.29180843298 228.973899042 373.353040286 196089.015687 72 1590.23930627 39.6075817335 51.9015067467 23.3924182665 96.7606937325 1.64695971237
8496 45.6930585546 699.334392661 179.05425539 266.583793738 0.558772188637 0.622187016055 2.17568112581 230.059565933 373.36151207 196385.553485 72 1590.99096878 39.6085096198 52.4048994554 23.3914903802 96.0090312222 1.63848792845
8520 45.3135218408 697.530996549 180.381356408 266.590790098 0.559660912433 0.639070865867 2.03157501911 230.178903106 373.36906282 196667.595419 70 1591.72735996 39.6075415266 57.0905551562 23.3924584734 95.2726400402 1.63093717879
8544 44.9365795093 697.964803011 179.883524186 266.597809286 0.560738195086 0.649568108794 0.903845793121 231.288038619 373.369343795 196937.868614 70 1592.45855938 39.5974467274 64.3285843926 23.4025532726 94.5414406208 1.63065620355
8568 44.5648350005 691.167525285 179.086491666 266.604803544 0.561903891943 0.660004988589 1.75978279053 230.413504787 373.376762002 197215.79836 69 1593.18151128 39.5964856079 66.7215962831 23.4035143921 93.8184887245 1.62323799718
8592 44.1978019384 690.857399142 179.025008142 266.611781631 0.563145740936 0.666707214512 0.60997826054 231.548387155 373.379298034 197478.889508 69 1593.89558479 39.5890952349 69.8371454076 23.4109047651 93.1044152115 1.6207019648
8616 43.8369482292 680.570385754 178.092638758 266.618714537 0.564428561128 0.669467249157 1.4428209353 230.704568719 373.390566881 197747.660212 69 1594.59977679 39.5945065857 76.2084658071 23.4054934143 92.400223211 1.60943311736
8640.0 43.4789212141 691.030314586 179.338646063 266.625665795 0.565754250389 0.673147478699 0.274498437457 231.86093404 373.386721019 197993.277441 96 1595.29723496 39.5782454344 71.7526374724 23.4217545656 91.702765041 1.61327897953
8664 43.1304195375 663.702462451 178.196176299 266.632503182 0.567063724034 0.679161902257 2.04834479939 230.072926393 373.402691176 198285.929159 95 1595.98078877 39.6025674569 58.365370018 23.3974325431 91.0192112261 1.59730882223
8688 42.7942864513 652.094679998 177.704745024 266.63916627 0.568457545387 0.690273261764 0.734028654892 231.36807427 373.418590025 198561.742953 95 1596.63971804 39.6133842752 51.009327741 23.3866157248 90.3602819588 1.5814099732
8712 42.4672143639 640.924451019 178.121939225 266.645716474 0.56989605419 0.700212360544 2.36919981654 229.714975296 373.431613447 198835.690595 93 1597.28134446 39.6221951488 44.8659536518 23.3778048512 89.7186555373 1.56838655106
8736 42.1478034768 634.614333848 178.167476414 266.652178883 0.571406739373 0.70727749949 1.96731176908 230.10182511 373.441670428 199098.706459 88 1597.90811837 39.6250767696 44.1183750254 23.3749232304 89.091881632 1.55832957023
8760 41.8339145239 629.089451935 177.615864187 266.658594713 0.572982263422 0.717861425079 1.53220352864 230.518358071 373.449922724 199362.777429 87 1598.52451859 39.6262748502 38.8728186953 23.3737251498 88.4754814069 1.55007727454
