Time EBV Teff Treg ODC_le1 ODC_le2 ODC_le3 ODC_le4 ODC_le5 NK IL2 DAC Resting_Teff Resting_Treg EffectorMemory Resting_Treg_temp Resting_Teff_temp NK_temp
0.0 0 0 0 0 0 0 0 500 375 1000 0 1687 63 0 0 0 0
24 0 0 0 0 0 0 0 500 336.279789971 908.048253598 0 1687 63 0 0 0 38.7202100291
48 0 0 0 0 0 0 0 500 335.391027502 823.849847309 0 1687 63 0 0 0 39.6089724976
72 0 0 0 0 0 0 0 500 334.559882085 745.880698262 0 1687 63 0 0 0 40.4401179151
96 0 0 0 0 0 0 0 500 333.760437385 673.915002205 0 1687 63 0 0 0 41.2395626152
120 0 0 0 0 0 0 0 500 332.995774144 607.703333798 0 1687 63 0 0 0 42.0042258555
144 0 0 0 0 0 0 0 500 332.2684442 546.975994766 0 1687 63 0 0 0 42.7315557996
168.0 1000 0 0 0 0 0 0 500 331.580390823 491.447224652 0 1687 63 0 0 0 43.4196091775
192 587.94283022 2674.42256109 91.5619289612 4.47673168998 18.9970923557 71.5351553232 179.581289232 225.4097314 319.455578209 5741.3447637 0 1039.6715255 41.772295668 0 21.227704332 647.328474501 55.5444217919
216 137.204987363 6961.68628917 162.130387783 76.7303824355 42.0650108174 86.7532830917 132.655519032 161.795804623 264.55148825 500.682379279 0 1394.99205415 38.9721818336 613.730059961 24.0278181664 292.007945854 110.448511751
240 32.7151526851 2422.23557529 175.904807514 158.878538665 33.9009900751 64.6794449337 108.035346429 134.505679897 278.480702815 236.380744165 0 1604.29505437 38.8534664836 576.355681477 24.1465335164 82.7049456311 96.5192971857
264 15.974324117 581.220223028 166.040942499 187.662081771 17.2766982958 36.4144994516 70.2354531264 188.411267355 303.252012498 240.776709338 0 1649.26134071 39.0473305573 534.424552404 23.9526694427 37.7386592949 71.7479875029
288 12.3607058455 228.886391759 162.11920662 191.330592857 4.07873557728 13.1384263456 55.0269292457 236.425315975 314.965932532 289.331368543 0 1658.77202148 39.4659560878 495.527684014 23.5340439122 28.2279785231 60.0340674685
312 10.7783253562 152.995998142 167.97829603 191.9465256 2.08023650995 4.69217109507 24.8124023329 276.468664462 318.396407873 347.653411714 0 1662.54642343 39.7449988652 455.757177666 23.2550011348 24.4535765712 56.6035921275
336 9.70002207602 137.616494936 165.90430285 192.114654143 0.508362862604 2.58206636168 22.7656647906 282.029251842 319.51334731 369.634272874 0 1664.99551174 39.7666347048 437.858689716 23.2333652952 22.0044882557 55.4866526908
360 8.78960149762 120.938647482 170.598166437 192.21311444 0.791014104391 1.42866504771 18.3414417976 287.22576461 319.596698898 360.16718236 0 1667.0519027 39.7895826725 427.832926566 23.2104173275 19.9480973004 55.4033011029
384 8.0562996072 108.86256408 173.42237973 192.318475615 0.813338431873 1.27059432011 19.381812906 286.215778727 319.719548646 343.020814403 0 1668.71785323 39.8342344631 411.74061212 23.1657655369 18.2821467682 55.2804513547
408 7.47806696324 92.8864985238 170.956983645 192.408053722 0.790295751744 0.105033510146 13.793023341 292.903593675 320.34652626 341.766259556 0 1670.04230618 39.9651299057 403.184371137 23.0348700943 16.95769382 54.6534737407
432 6.95874776143 93.7674688822 164.874723284 192.491520163 0.760341157286 0.269195184224 13.4245087139 293.054434782 320.358927724 330.155712864 0 1671.20337334 39.8710080172 393.183832561 23.1289919828 15.7966266591 54.6410722765
456 6.50355355579 77.5308085189 169.701756698 192.568490322 0.770536470599 0.495385750969 11.8346202369 294.330967219 320.343866552 316.105246405 0 1672.24192921 39.9877762525 390.759083508 23.0122237475 14.758070786 54.6561334484
480 6.13426645641 76.459728772 162.897546657 192.636368902 0.793828303949 1.5779912106 10.2829539633 294.70885762 320.933969856 328.432162583 0 1673.08022963 40.0011142421 371.282504996 22.9988857579 13.9197703671 54.0660301448
504 5.79411672616 73.7888821529 165.699911069 192.70559723 0.817360753567 0.315790964938 12.7583834115 293.40286764 320.906337163 320.997009853 0 1673.84712154 39.9885594635 355.480362181 23.0114405365 13.1528784612 54.0936628375
528 5.49059603099 67.2323440008 159.388707088 192.770975511 0.813192055943 1.10706771397 7.72573612574 297.583028594 321.018030292 315.951756608 0 1674.5319037 39.9757198798 352.705436351 23.0242801202 12.4680962954 53.9819697081
552 5.22490391739 65.5443585853 162.323267105 192.831528851 0.808028340233 0.817856177864 10.9332297407 294.60935689 320.939584642 303.068192581 0 1675.13631944 40.0258649401 342.233095508 22.9741350599 11.8636805557 54.060415358
576 4.98220671855 57.9039305034 164.623126783 192.88892472 0.789377762606 0.34294480176 6.62238556151 299.356367154 320.989235683 294.969232019 0 1675.68765317 40.083859323 333.461553803 22.916140677 11.3123468281 54.0107643173
600 4.76965049899 53.3185791657 168.830679063 192.939847915 0.771518131715 0.66963041132 5.90223853883 299.716765003 320.884534251 287.052675138 0 1676.17136582 40.1461913621 318.852471628 22.8538086379 10.8286341849 54.1154657497
624 4.59034032753 48.0983881933 163.933645726 192.984144194 0.771297800923 0.851704494063 5.00958791818 300.383265593 321.234325423 291.511401727 0 1676.58207689 40.2694619989 307.699739918 22.7305380011 10.4179231137 53.7656745776
648 4.4224895201 44.6706351963 158.869116727 193.027491641 0.782488096296 1.10877786344 6.44242471563 298.638817684 321.441926393 291.905457695 0 1676.9628989 40.3331819414 302.053947943 22.6668180586 10.0371010979 53.5580736074
672 4.26380873563 47.2257453635 154.900793829 193.070948302 0.797127890465 0.44566693336 5.37486097718 300.311395897 321.623565695 291.812975267 0 1677.31817154 40.2133539646 292.94524654 22.7866460354 9.6818284569 53.376434305
696 4.1092905976 47.2312986851 157.474470744 193.114684567 0.785948487265 0.803457973785 12.5109073069 292.785001665 321.248015464 274.021978708 0 1677.66653714 40.174112873 291.891697859 22.825887127 9.33346285897 53.7519845362
720 3.96789577568 45.691332181 154.034915714 193.155717273 0.768487658935 0.276451265063 7.57025395522 298.229089847 321.36077845 270.164573784 0 1677.98857254 40.2439227574 283.791307918 22.7560772426 9.0114274605 53.6392215505
744 3.84051705924 42.6914615021 165.19221538 193.192862665 0.751754986688 0.553080582059 5.93569893066 299.566602836 320.842936852 247.060839007 0 1678.27940398 40.3431297065 279.771670251 22.6568702935 8.72059601597 54.1570631487
768 3.7167018607 37.1665635688 157.1767192 193.229678034 0.747922653329 0.771943407719 5.4425622853 299.80789362 320.964444996 241.013281042 0 1678.56026686 40.4188336939 275.679514349 22.581166306 8.43973314232 54.0355550043
792 3.61042613935 34.8618785049 153.614955399 193.262309753 0.75306262173 0.939003244916 2.31129836447 302.734326016 321.338070916 248.425768643 0 1678.80287217 40.5104180212 266.635706121 22.4895819788 8.19712783321 53.6619290842
816 3.50785549419 34.8778013629 150.043320818 193.295062043 0.762873740539 1.05080807188 4.18723776087 300.704018384 321.553289026 253.629536347 0 1679.03327712 40.4260834993 260.494632555 22.5739165007 7.96672288009 53.4467109743
840 3.41165988881 32.6040537756 151.116293032 193.326317162 0.737103225056 0.226248231423 5.5803217715 300.13000961 321.620392517 251.311689849 0 1679.25238194 40.5055644464 258.124215728 22.4944355536 7.74761805763 53.3796074833
864 3.31813374023 33.1453904893 150.414188733 193.356686786 0.721442859138 0.464820581671 5.81470618979 299.642343583 321.524474445 249.479053306 0 1679.4630886 40.4407477829 250.294940891 22.5592522171 7.53691140129 53.4755255557
888 3.23791287748 27.6114881246 151.750727467 193.383048722 0.71588658594 0.643821482079 4.62441932794 300.632823882 321.721268598 253.136159983 0 1679.64841356 40.7122792266 245.273402095 22.2877207734 7.35158643941 53.2787314021
912 3.16528882041 27.6595239892 153.679341425 193.407386448 0.715148962877 0.740905508606 4.76794384211 300.368615239 321.683373428 251.737419083 0 1679.81305759 40.7207102308 239.829257643 22.2792897692 7.1869424114 53.3166265721
936 3.08697567058 34.4338445463 152.958357337 193.434306224 0.718125838081 0.842855166883 2.96827120775 302.036441563 321.249832208 235.335400995 0 1679.98481966 40.3053278363 235.958995293 22.6946721637 7.01518034469 53.7501677924
960 3.00728893946 30.6971515128 149.688850429 193.462592471 0.724383825529 0.919161917302 3.70954625826 301.184315528 321.313209315 228.726299946 0 1680.16692413 40.4466820727 233.489259266 22.5533179273 6.8330758682 53.6867906859
984 2.94102929717 25.8298110667 148.006699781 193.486930564 0.732948219762 1.05362924438 2.56135142628 302.165140546 321.578482102 233.568177088 0 1680.32040298 40.7264334804 229.410403945 22.2735665196 6.67959701953 53.4215178985
1008 2.88144044793 26.5178783901 145.206321292 193.509415133 0.725225279155 0.168677095487 2.67530242652 302.921380066 321.775425936 237.428399771 0 1680.45499329 40.6784242185 226.741564169 22.3215757815 6.54500671058 53.2245740645
1032 2.81641409813 29.6173600113 148.118328549 193.533938694 0.707821990308 0.254701037082 4.9508091577 300.552729121 321.335925265 222.607028524 0 1680.59915437 40.4077092586 226.37738677 22.5922907414 6.40084563241 53.6640747359
1056 2.75296979233 25.9485137631 146.753470236 193.557887717 0.694231695691 0.352348113175 5.17396773164 300.221564742 321.435174895 217.79566474 0 1680.74496528 40.6108435157 227.11803693 22.3891564843 6.25503471988 53.5648251053
1080 2.69551818416 26.377533103 147.374680703 193.579701418 0.685639170869 0.495548078882 6.51994800702 298.719163325 321.336627174 212.978987445 0 1680.87484396 40.5647054392 225.10731779 22.4352945608 6.12515604198 53.6633728262
1104 2.63584744494 23.210184807 149.416231939 193.602652979 0.682390742064 0.667658121457 3.38244351075 301.664854647 321.213620574 205.85099545 0 1681.01129866 40.7394389396 220.487126828 22.2605610604 5.98870133782 53.7863794261
1128 2.58447146069 22.8490475703 151.268482979 193.62280817 0.68344002901 0.781560335402 5.11713381207 299.795057654 321.072459458 198.100806399 0 1681.1278458 40.741869617 217.164094929 22.258130383 5.87215419988 53.9275405426
1152 2.5383608434 21.2415516794 151.524910053 193.641307826 0.687021772216 0.859846547048 3.14889689371 301.662926961 321.056246374 190.970388087 0 1681.23380521 40.9441309804 216.132437693 22.0558690196 5.7661947935 53.9437536261
1176 2.49488657626 21.1340330839 148.656570703 193.659173493 0.692103812866 0.922577113512 4.87513927945 299.851006301 321.007230039 188.2764585 0 1681.33207246 40.9015122501 214.332334242 22.0984877499 5.66792754419 53.9927699619
1200 2.45131069397 21.870101876 143.700436453 193.677555913 0.697943330646 0.00925339909069 4.70727328954 300.907974068 321.230870625 192.640748699 0 1681.43037332 40.8519255635 210.733959052 22.1480744365 5.56962668445 53.7691293759
1224 2.40706077265 22.3938681534 140.980512992 193.696386415 0.680913943594 0.119231576249 4.83298827245 300.670479793 321.336874623 193.891693704 0 1681.53025594 40.7772963512 209.369589225 22.2227036488 5.46974405967 53.6631253771
1248 2.3633236064 20.0985431831 140.524539552 193.714920336 0.667336136849 0.246451862531 5.97014155087 299.401150114 321.474688378 197.95890924 0 1681.62972797 40.8735122372 207.196987441 22.1264877628 5.37027202785 53.525311623
1272 2.32596306534 18.8937301329 141.538153661 193.730761472 0.658498916282 0.327878126731 2.09111661247 303.191744872 321.570804059 202.539428502 0 1681.71529186 40.9980122504 204.249344944 22.0019877496 5.28470814489 53.4291959419
1296 2.28842260866 19.5015677327 142.679520462 193.746741933 0.651305680628 0.390720599998 1.39804417906 303.813187607 321.454716441 200.260625735 0 1681.79987347 40.9038293449 201.553371866 22.0961706551 5.20012653383 53.5452835595
1320 2.25071374802 20.0915052085 146.504655813 193.76289853 0.645451523068 0.441593809454 2.88180231397 302.268253824 321.235396907 189.678975693 0 1681.88491865 40.8294856127 201.04359222 22.1705143873 5.11508135431 53.7646030932
1344 2.2138223743 19.2337163952 142.814473024 193.778842734 0.641123838054 0.499439508279 3.30679166621 301.773802253 321.290080422 189.181584094 0 1681.96871605 40.8799940273 198.642885431 22.1200059727 5.0312839483 53.7099195784
1368 2.17850567867 18.3897293257 140.675512581 193.7942762 0.638866220524 0.588515445729 3.46020479085 301.518137343 321.416690695 191.649501854 0 1682.04902245 40.9372959675 195.471577635 22.0627040325 4.95097754542 53.583309305
1392 2.14163815478 19.8120480678 141.741481656 193.810623058 0.63835265284 0.648442611065 4.11584026908 300.786741409 321.160453918 182.919757135 0 1682.13149486 40.7472848854 194.453272309 22.2527151146 4.86850513841 53.839546083
1416 2.11061153795 17.3359349114 138.462580758 193.824604271 0.639233527885 0.701095685904 2.65428210428 302.180784411 321.588751974 191.103264163 0 1682.20388196 41.1094402708 192.582139736 21.8905597292 4.79611804411 53.4112480261
1440.0 2.07783517562 17.9298723718 139.802597269 193.839631211 0.641070069917 0.74175708637 3.69516768573 301.082373947 321.406435626 186.969049955 30 1682.27714053 40.9168130798 190.824147802 22.0831869202 4.72285946668 53.5935643745
1464 2.04967369876 16.0405154343 134.374671844 193.852777113 0.643546310078 0.787141823801 3.81103054413 300.905504209 321.914017706 202.412058077 30 1682.34237998 41.1888315948 186.269389781 21.8111684052 4.65762001259 53.0859822947
1488 2.02323036682 15.7782859627 132.630077424 193.865342223 0.646795706739 0.835316729877 2.61761663934 302.034928701 322.207526081 215.67883331 30 1682.40245127 41.2111709011 181.943098553 21.7888290989 4.5975487251 52.7924739191
1512 1.99753963392 15.6094885725 131.809536292 193.87777634 0.650589820674 0.858714198038 2.37780992221 302.235109719 322.430460968 226.978440937 30 1682.46073284 41.2161935411 178.82344469 21.7838064589 4.53926715802 52.5695390325
1536 1.97123802632 16.4814605564 132.188104567 193.890753262 0.654875839307 0.878609593324 2.3593495048 302.2164118 322.491993842 233.841226248 30 1682.51977237 41.0503896871 175.85360921 21.9496103129 4.48022762506 52.5080061586
1560 1.94582993035 15.3499109465 134.568905782 193.903540553 0.659372365727 0.894241274321 2.22014787286 302.322697934 322.551286575 238.51492495 28 1682.57790944 41.2028664419 172.057773784 21.7971335581 4.42209055624 52.4487134259
1584 1.92162870194 15.9592238109 132.671616812 193.915962057 0.664013929944 0.918199297739 1.85491937376 302.646905341 322.672530784 244.997308914 26 1682.63254386 41.1098101605 168.438808213 21.8901898395 4.36745614118 52.3274692161
1608.0 1001.89759921 14.8423463811 135.470238787 193.928541415 0.668893459737 0.932433586822 1.5388334992 302.931298039 322.707733656 247.393595261 26 1682.68740667 41.2422972211 164.986264036 21.7577027789 4.31259333024 52.2922663449
1632 566.44726564 3155.87337841 144.525319755 196.177198721 5.73836066006 18.9934547327 79.3948236932 199.696162192 312.254361998 4756.41000476 26 1047.52826339 41.359458995 151.317981057 21.640541005 639.471736614 62.7456380031
1656 268.366359117 4033.87297723 166.561918225 205.441774428 7.65197936103 35.1816873569 72.8691408809 178.855417973 311.381491189 6171.73107364 26 1258.45246327 39.6748110217 263.474544128 23.3251889783 428.547536734 63.6185088119
1680 127.596625221 3665.37351651 184.188801978 217.569359259 10.9636860018 32.7878284361 73.9508669818 164.728259321 312.656169281 5928.89291247 26 1434.90728353 39.1866018038 404.166771927 23.8133981962 252.092716469 62.3438307196
1704 65.2736277615 2701.59496143 188.3260551 226.376682417 9.14885210003 23.6004722653 70.0167020152 170.857291202 316.289780517 5107.58850198 25 1544.17236811 39.0191221008 546.162176769 23.9808778992 142.827631894 58.7102194842
1728 37.7004727041 1741.42021462 193.39393827 232.945170554 7.5368522387 16.4089746831 54.5063464541 188.60265607 321.88713781 4332.78067589 25 1601.49600502 38.9777996439 639.027698466 24.0222003561 85.5039949846 53.1128621913
1752 25.2418174174 1055.1399277 195.165075252 235.294009005 1.77481320296 11.7396026926 45.501805034 205.689770066 328.373385859 3824.09027399 25 1629.4935492 39.0128741551 655.789238764 23.9871258449 57.5064507987 46.6266141418
1776 19.1426559246 670.601106686 195.851407421 235.96446212 0.567625641049 5.51626892377 37.5421248376 220.409518477 333.09920307 3488.50358484 25 1643.51181744 39.0858617722 640.439726002 23.9141382278 43.4881825575 41.9007969305
1800 15.7546418247 455.17812911 197.14469495 236.112459441 0.578819372145 1.37289096899 31.3257497145 230.610080503 336.264960298 3286.93894537 25 1651.32723007 39.188347748 592.509431376 23.811652252 35.6727699328 38.7350397033
1824 13.5911845961 333.605429591 190.066230979 236.276271213 0.903222553395 1.59932395803 21.6981104517 239.523071824 337.779618155 3121.52092636 25 1656.26326626 39.2798682511 559.639818065 23.7201317489 30.7367337414 37.2203818462
1848 12.0482705163 281.687480081 182.974136037 236.446583029 1.01140917993 2.4089306349 16.7264129538 243.406664202 338.348761759 2979.66812723 25 1659.73818823 39.3098960229 514.074883634 23.6901039771 27.2618117682 36.6512382423
1872 10.8427944454 230.762141297 179.848812554 236.49657167 0.236170851186 1.60661324339 12.1275008214 249.533143414 338.812002128 2847.12995254 25 1662.47305837 39.3872550372 484.59058147 23.6127449628 24.5269416309 36.1879978727
1896 9.92211972387 196.653005701 183.148580615 236.538183806 0.361435718634 1.12693427917 13.6147702786 248.358675918 338.841860463 2712.06358512 24 1664.55620863 39.4437670564 468.469776687 23.5562329436 22.4437913685 36.1581395375
1920 9.15210696608 182.068500177 179.645199435 236.58664024 0.443309775569 0.672344943454 13.0064212608 249.29128378 338.628184166 2580.24852264 24 1666.28731801 39.4662163327 445.753360789 23.5337836673 20.7126819925 36.3718158348
1944 8.50618769897 155.505032724 184.356873553 236.638673453 0.503037635808 0.815377781245 10.2492602958 251.793650834 338.404557052 2456.18351403 24 1667.74958558 39.5337355428 427.612970672 23.4662644572 19.2504144231 36.5954429487
1968 7.94204932904 143.091609468 180.057565462 236.692918803 0.543214740442 0.77690115143 6.09477662132 255.892188683 337.917062202 2322.21770197 24 1669.01483144 39.5412409004 416.367660789 23.4587590996 17.9851685561 37.082937799
1992 7.4660718427 118.211194665 178.55698501 236.744505321 0.560064992591 0.544602851726 10.7096174559 251.441209378 337.755586735 2222.70824549 24 1670.09950797 39.6630295715 395.368724458 23.3369704285 16.9004920298 37.2444132655
2016 7.05034041338 115.290409076 173.967479818 236.793180156 0.565807618156 0.228162066615 8.75259982511 253.660250333 337.219455836 2102.930247 24 1671.02877228 39.6343363123 389.375698134 23.3656636877 15.9712277201 37.7805441652
2040 6.69306153256 98.5099965942 170.255743535 236.836886538 0.561042406034 0.686010593058 4.20658328523 257.709477178 337.162818938 2019.76956358 24 1671.84389262 39.7442133683 378.1252182 23.2557866317 15.1561073822 37.8371810627
2064 6.37288214803 102.686051587 172.586079708 236.878780598 0.582931497373 1.0777446125 6.53856522364 254.921978068 336.453351219 1912.32110656 24 1672.55936106 39.6982556313 367.224702409 23.3017443687 14.4406389379 38.5466487815
2088 6.07663562709 85.9867950907 169.53014433 236.919789133 0.568281140732 0.566437650506 9.22673701229 252.718755064 336.182745389 1828.92652756 24 1673.23318986 39.8121737574 359.793879299 23.1878262426 13.7668101443 38.8172546124
2112 5.80214876152 86.8828260113 162.034233687 236.959638032 0.586729062234 1.04212107009 5.29975502488 256.111756811 335.629359556 1745.15869021 24 1673.84443133 39.7395475979 341.948391527 23.2604524021 13.1555686741 39.3706404446
2136 5.54929258697 77.0599088118 173.278578857 236.998562253 0.576989298681 0.560964837456 5.71507720348 256.148406407 334.959863382 1643.17961015 24 1674.41976511 39.8343823384 332.362182647 23.1656176616 12.5802348889 40.0401366191
2160.0 5.33057407818 68.1280056601 175.854107372 237.033558514 0.586818870424 0.89876569472 5.73248608353 255.748370837 334.426051441 1560.20887859 54 1674.91674048 39.9242384103 317.333894825 23.0757615897 12.0832595246 40.5739485602
2184 5.16068846511 54.5766402306 158.50662274 237.062444384 0.594712259272 0.118919152462 5.9280646799 256.295859524 334.943066116 1541.01915202 54 1675.3119912 40.2136369319 296.17638149 22.7863630681 11.6880088019 40.0569338857
2208 5.01374814182 50.8105849614 150.313096824 237.08785159 0.579734639494 0.3336276381 2.83430809856 259.164478034 335.180004412 1522.8126659 54 1675.64526205 40.2956600829 276.923043098 22.7043399171 11.3547379523 39.8199955896
2232 4.87449480023 49.5809136699 147.746654516 237.112174454 0.572964213164 0.507315259208 4.51772584433 257.289820229 335.109200295 1499.61223453 54 1675.95837983 40.292011474 258.249858778 22.707988526 11.0416201751 39.8907997061
2256 4.74333654143 47.9990908974 148.213150907 237.135625585 0.575033126091 0.738990243663 5.70954824788 255.840802797 334.933229905 1469.46011194 54 1676.2540589 40.3081707289 243.67999187 22.6918292711 10.7459411068 40.0667700959
2280 4.6200799821 47.2962090525 147.278377069 237.1585109 0.584842080511 0.886808747623 2.67384116544 258.695997106 334.729882815 1437.89775002 53 1676.53191552 40.3185258757 229.989558034 22.6814741243 10.4680844853 40.2701171864
2304 4.500464825 44.0899961552 147.747135859 237.18177239 0.598037383035 0.982687183217 5.69102003541 255.546483008 334.472838914 1402.83435619 52 1676.80189494 40.367402897 218.749012603 22.632597103 10.1981050696 40.5271610876
2328 4.38877787932 44.1563337267 146.159510121 237.204223423 0.58748872044 0.147976044782 3.20874832042 258.851563492 334.221119866 1366.32782191 50 1677.05284611 40.3328473612 208.863472288 22.6671526388 9.94715389835 40.7788801347
2352 4.28108220228 40.9883613093 146.888961131 237.225852662 0.574300944054 0.299806004942 4.65146119656 257.248579193 333.97954857 1330.11763841 50 1677.29692646 40.4190128035 199.019884964 22.5809871965 9.70307354049 41.0204514316
2376 4.18208020628 38.3877371426 145.733840214 237.245871717 0.567585395727 0.460256119087 1.49248924182 260.233797526 333.763493596 1295.20538485 50 1677.52152495 40.5054178738 190.247449913 22.4945821262 9.47847505561 41.2365064054
2400 4.08876827435 37.9648131025 146.463171771 237.265033612 0.565027740627 0.524788130878 2.18770045123 259.457450065 333.415486747 1254.19799841 50 1677.73202099 40.5211296908 185.176396097 22.4788703092 9.26797901422 41.5845132538
2424 3.99943779194 37.5738862555 144.799554054 237.283748519 0.565108236761 0.612040087194 2.64349687347 258.895606283 333.178746682 1220.10988591 50 1677.93348615 40.5283414999 176.828812452 22.4716585001 9.06651385529 41.8212533188
2448 3.91104070842 35.9086845864 144.986799888 237.302744114 0.568991347541 0.768527182152 5.0502524275 256.309484928 332.849760771 1183.05743256 49 1678.13231352 40.5204317877 171.143525269 22.4795682123 8.86768648842 42.1502392306
2472 3.82931697549 33.9930331315 142.931204026 237.320890835 0.577536212379 0.90816557701 3.99355588808 257.199851487 332.661084071 1152.0359001 49 1678.31762805 40.5943869212 165.049761565 22.4056130788 8.68237195206 42.3389159307
2496 3.75142806963 32.6678066147 142.336659204 237.338861759 0.588730851728 0.971071752561 0.859030771088 260.242304866 332.415812613 1120.15145203 49 1678.49381379 40.6403377113 159.494571498 22.3596622887 8.50618621053 42.5841873883
2520 3.67777518725 31.5496978477 142.063052902 237.356541904 0.600219992235 0.995975956775 1.51607039339 259.531191753 332.16432068 1089.42382835 48 1678.66034972 40.67812595 154.415125389 22.32187405 8.33965028799 42.8356793215
2544 3.60704508766 31.5754764036 141.6316166 237.37406145 0.595833097337 0.0546288808633 3.99204024875 257.983436323 331.88375076 1057.11093257 48 1678.81990288 40.6765477937 150.734026274 22.3234522063 8.18009712683 43.116249241
2568 3.53560462672 32.4454982009 141.724161283 237.391712249 0.581091787205 0.132087079863 1.69106003142 260.204048852 331.517523571 1023.43104586 47 1678.97992431 40.593803365 145.433244724 22.406196635 8.02007569437 43.4824764303
2592 3.46614826098 31.477511905 144.053343795 237.408818763 0.568962237702 0.206060629113 2.32618410686 259.489974263 331.108758206 984.672634312 47 1679.1373706 40.6584043224 143.454406526 22.3415956776 7.86262940154 43.8912417947
2616 3.40031303 29.474687938 142.511100249 237.425046835 0.559878656825 0.299941101038 3.65388625045 258.061247157 330.852523679 953.971704131 46 1679.28645143 40.7086176586 138.75624142 22.2913823414 7.71354857401 44.1474763221
2640 3.33631314898 28.3247118634 142.923332402 237.440908298 0.553481631085 0.370171230646 3.95278230815 257.682656532 330.552775901 921.922135371 46 1679.43090196 40.7253870756 135.380853987 22.2746129244 7.56909804809 44.4472241
2664 3.27715013871 26.8128580974 143.043718766 237.455706561 0.549638844483 0.448902979816 3.7940815443 257.751670071 330.305535985 892.693726061 46 1679.56537999 40.8170531884 132.251837125 22.1829468116 7.4346200096 44.6944640167
2688 3.22010910697 26.3529534775 141.996120991 237.470160086 0.548351873599 0.545958969099 3.46082657811 257.974702493 329.992918522 864.401594669 45 1679.69413218 40.8214509486 128.367586425 22.1785490514 7.30586782178 45.007081479
2712 3.16416874011 26.4885006888 141.119077141 237.484582499 0.54920348019 0.607569763679 3.17837042037 258.180273836 329.714020456 835.923532411 44 1679.82001877 40.7774437375 126.66626276 22.2225562625 7.17998123422 45.2859795449
2736 3.10887962041 27.5856559567 140.33924215 237.499131339 0.551416599691 0.650790629802 1.96832228938 259.330339142 329.437021636 807.199040016 42 1679.94408267 40.6762600225 125.172450999 22.3237399775 7.05591733217 45.5629783656
2760 3.05391186722 25.1986667729 140.999717424 237.513925089 0.55441834313 0.680514204688 1.864651404 259.386490959 329.143027327 778.750716548 41 1680.06925574 40.8217082426 124.757524768 22.1782917574 6.93074426231 45.8569726738
2784 3.00279883776 24.1381295595 140.304868633 237.528007379 0.558268385674 0.739087366748 2.32502392404 258.849612944 328.877320149 753.410370221 41 1680.18530276 40.8915527009 123.419966195 22.1084472991 6.81469724879 46.1226798523
2808 2.95330067816 25.2735269757 140.128863632 237.541985197 0.563172466541 0.778785390654 2.71880090229 258.397256043 328.602121225 726.937995886 40 1680.29688677 40.840459688 122.215936039 22.159540312 6.70311323479 46.3978787764
2832 2.90503227023 23.0263349112 139.693957765 237.555972977 0.568613792674 0.791828428038 2.10780410462 258.975780697 328.355747947 703.576054995 39 1680.40649228 40.9399227877 121.12560286 22.0600772123 6.59350772322 46.6442520542
2856 2.85881894302 22.5184836665 140.845700796 237.569715231 0.57400211113 0.800593763603 2.33177002047 258.723918873 328.045764824 679.173090861 39 1680.51103757 40.9602290945 119.143111307 22.0397709055 6.48896243729 46.9542351773
2880.0 2.81360140649 23.6278143714 139.74493342 237.583508858 0.579619433639 0.824422096555 2.48792179428 258.524527817 327.774106526 655.810229692 69 1680.61256223 40.8472998905 117.26950404 22.1527001095 6.3874377786 47.225893475
2904 2.76926497055 22.380841764 137.679259869 237.597388528 0.585534799946 0.839456122267 2.63651152105 258.341109028 327.657660106 640.542925517 67 1680.71328479 40.9190193772 114.54151919 22.0809806228 6.28671521771 47.3423398945
2928 2.72659246159 21.6834703924 137.414471974 237.611098641 0.59169219088 0.874389970457 3.60555889694 257.3172603 327.495682141 624.625761444 65 1680.81000063 40.962517261 111.962011402 22.037482739 6.18999937877 47.5043178597
2952 2.68541562789 21.3422782229 137.40299637 237.624683974 0.598853127679 0.92947626349 1.40861850639 259.438368127 327.330763037 609.100165868 64 1680.90316953 40.9715597856 109.519263294 22.0284402144 6.09683047867 47.6692369637
2976 2.64586606648 20.5568116694 136.270403918 237.638095192 0.60641624463 0.956536048182 3.11733509009 257.681617425 327.223088294 595.962586005 63 1680.99299674 41.0373891162 107.202820098 21.9626108838 6.00700327041 47.7769117072
3000 2.60711770744 20.4429987771 137.178002318 237.651603774 0.614495298186 0.981370355884 0.795247548915 259.957283022 326.989549336 579.304546247 62 1681.08048891 41.0188997065 105.97530411 21.9811002935 5.91951110115 48.010450665
3024 2.56982210657 19.8119358257 135.880482353 237.664970393 0.622404172629 0.985357352297 1.38004876076 259.347219321 326.90072844 567.086760581 61 1681.16514868 41.0721852164 103.850052702 21.9278147836 5.83485133293 48.0992715605
3048.0 1002.53368226 19.4395438272 136.042030876 237.678274644 0.630122147802 0.999750889297 1.84792370113 258.843928617 326.750980639 554.132114361 58 1681.24698363 41.0914430049 101.827327977 21.9085569951 5.753016377 48.2490193617
3072 604.220370219 2595.51980256 135.212550006 238.661972397 2.46032603854 10.9372376964 62.5117874359 185.428676432 320.196548218 5825.86157013 56 1032.54724205 41.9326618274 37.1224196863 21.0673381726 654.452757953 54.8034517831
3096 361.024594791 2851.56019645 152.853525087 241.220565014 2.97719212714 12.8720351619 66.8386795223 176.091528174 329.572756986 9369.51506754 55 1183.80168485 40.4716345871 57.861957402 22.5283654129 503.198315153 45.4272430146
3120 239.974484884 2574.44197593 163.680212436 243.119315416 2.18898174676 12.7159304311 40.8599777852 201.11579462 337.668829649 11920.9727764 54 1299.31861434 39.9985976087 77.3934941246 23.0014023913 387.681385669 37.3311703514
3144 174.231623609 2190.09323421 168.936097779 244.21670157 2.16699569198 6.45223179455 44.1576895751 203.006381368 343.808611472 13792.3227407 54 1379.90549749 39.7984521377 85.5410962533 23.2015478623 307.094502513 31.1913885283
3168 135.437012096 1840.56779278 172.035622253 244.882834615 1.22136571544 2.6261848456 34.4818766627 216.78773816 348.566158091 15232.766528 54 1435.22209474 39.7135850159 90.5111662426 23.2864149841 251.777905265 26.4338419097
3192 110.805953242 1555.94594619 173.567768922 245.087408684 0.780387442106 2.79561254659 34.4281450913 216.908446235 352.102888457 16395.4181952 53 1473.79469402 39.6784797903 95.8906310938 23.3215202097 213.205305987 22.8971115434
3216 93.9405980789 1345.41062109 174.377590676 245.309141534 0.112825402379 2.91416517285 26.4153239721 225.248543917 354.707861988 17342.2879021 53 1501.8665376 39.6626841787 107.057031026 23.3373158213 185.133462408 20.2921380128
3240 81.6891779127 1201.23023001 176.293328182 245.370327594 0.435886575847 1.08505698437 18.2410029134 234.867725931 356.502071166 18112.9632705 53 1523.11299242 39.6405178716 111.853138163 23.3594821284 163.887007587 18.4979288348
3264 72.2993277763 1074.83252365 175.702683546 245.458152634 0.530560505288 1.27513669659 17.8559598336 234.880190329 357.918942482 18772.5119983 51 1539.93132927 39.6274452375 117.886935931 23.3725547625 147.068670734 17.0810575182
3288 64.8402205087 981.33646793 174.777826332 245.555435911 0.62099481598 1.15630693824 14.0007617981 238.666500536 359.002366801 19328.692776 51 1553.62330502 39.6116399934 112.70440385 23.3883600066 133.376694986 15.9976331993
3312 58.8134738822 904.158893464 176.688592769 245.651169851 0.686617287752 1.3338135638 13.2927956534 239.035603643 359.87742403 19782.8811636 51 1564.91648314 39.5992858658 121.240998145 23.4007141342 122.083516872 15.1225759711
3336 53.8413319516 840.715717524 175.463046578 245.743484022 0.704093935629 1.12990948268 12.972735721 239.449776838 360.607770622 20179.5534064 51 1574.39272407 39.5895170588 124.889741994 23.4104829413 112.607275934 14.392229379
3360 49.6178730765 784.177361725 179.347693207 245.831131797 0.731509613508 1.386909913 14.176067564 237.874381111 361.142115077 20511.4320844 51 1582.54590136 39.5751967164 121.236668937 23.4248032836 104.454098643 13.8578849234
3384 46.0357122728 734.925347035 180.301756579 245.916340001 0.788524307897 0.702575744766 13.5969346673 238.995625278 361.699210395 20792.7820262 51 1589.56157192 39.5761266117 123.491061103 23.4238733883 97.4384280869 13.3007896055
3408 42.9336948854 682.498823774 180.549949718 245.99768484 0.764185099068 0.842711976663 11.6475956942 240.747822389 362.178491356 21038.8643076 51 1595.69670462 39.5771754707 127.695882016 23.4228245293 91.3032953829 12.8215086448
3432 40.2357259158 643.856992263 178.902883397 246.071187586 0.743788742225 0.750309100835 9.32378409924 243.110930471 362.543093183 21243.7096581 51 1601.07319918 39.5693438191 133.765330823 23.4306561809 85.9268008226 12.4569068175
3456 37.8587233391 615.72294162 178.421198733 246.138749646 0.727240292911 0.580858856856 8.63309251857 243.920058685 362.87075044 21423.7856995 51 1605.84804216 39.561804803 124.997568667 23.438195197 81.1519578449 12.1292495605
3480 35.7322729006 589.362262226 178.373760424 246.202032535 0.733148747133 0.214962180498 10.1038172386 242.746039298 363.118041542 21558.9882142 49 1610.14593399 39.5491443367 126.43828199 23.4508556633 76.8540660163 11.8819584585
3504 33.8215348215 558.507250767 179.528195622 246.261612768 0.722063577412 0.938617837636 8.37082006751 243.706885749 363.358750894 21662.607758 49 1614.03726185 39.546972742 140.02641722 23.453027258 72.9627381521 11.6412491063
3528 32.1062191596 527.750957968 177.78224838 246.318180516 0.716019667945 0.531896918932 6.78379298092 245.650109916 363.627708048 21764.9003259 49 1617.55472091 39.5515380155 144.210575599 23.4484619845 69.4452790924 11.3722919523
3552 30.5338660539 516.494384799 179.727063648 246.37215517 0.72471318247 1.10560517426 5.49971874262 246.29780773 363.733094695 21821.0386593 48 1620.78169148 39.5286850398 143.423754782 23.4713149602 66.2183085244 11.2669053057
3576 29.0837705764 496.233339044 180.696366355 246.424404838 0.702960529663 0.440377784224 4.19534647687 248.236910371 363.867158979 21860.2414742 48 1623.77941943 39.5232816039 137.356189558 23.4767183961 63.2205805803 11.1328410219
3600.0 27.7678808494 476.656252836 185.924563717 246.472880805 0.697803670473 0.842085940011 7.82277776812 244.164451815 363.989042726 21866.0482916 78 1626.51410453 39.5194535019 145.099715551 23.4805464981 60.4858954809 11.0109572745
3624 26.6364477263 406.397926567 177.17831469 246.5168844 0.706911650827 0.150953639738 5.82023194398 246.805018364 364.490399079 21990.7310037 78 1628.9099788 39.6196201127 115.308342172 23.3803798873 58.0900212118 10.5096009217
3648 25.6696379936 373.66121607 175.028067127 246.555366156 0.683194705416 0.392055566216 6.31169112654 246.057692444 364.802772086 22078.9125753 77 1630.94745856 39.6699817775 100.510171655 23.3300182225 56.0525414463 10.1972279149
3672 24.7993866077 353.690304086 173.834048723 246.59044649 0.675190115079 0.628139776595 2.83425326089 249.271970356 364.996942839 22152.7093391 75 1632.77800979 39.6914751391 86.8849368754 23.3085248609 54.221990218 10.0030571615
3696 24.0017294308 337.678037716 172.369277951 246.6235466 0.676050012679 0.781885798793 4.81805967677 247.10045791 365.143389004 22213.5713533 75 1634.45842565 39.7066384187 76.3685767225 23.2933615813 52.5415743651 9.85661099687
3720 23.2588695555 327.811464578 171.831529347 246.655599424 0.684315807468 0.93355746981 6.30993639444 245.416590903 365.240332109 22252.4690909 73 1636.02381791 39.7077991745 72.045881713 23.2922008255 50.9761821047 9.75966789183
3744 22.563209214 316.14211991 172.527651708 246.686752787 0.674256654786 0.157106904358 5.30722773148 247.174655921 365.331057188 22284.8509411 72 1637.49392335 39.7135158844 65.2384641244 23.2864841156 49.5060766633 9.66894281218
3768 21.9084100878 307.461182844 173.803012681 246.716118717 0.657108034466 0.379540709734 3.98583716518 248.261395372 365.387631468 22298.277354 72 1638.8798505 39.7147384937 60.1450401563 23.2852615063 48.1201495156 9.61236853283
3792 21.2889549779 298.818861749 173.997483519 246.74417111 0.647640579623 0.471339317061 2.61493313381 249.521915858 365.451427382 22299.4941493 71 1640.19330343 39.7159835693 59.5533042062 23.2840164307 46.8066965828 9.54857261864
3816 20.7030279685 290.737167002 173.622069378 246.771164895 0.643065756377 0.616535255605 5.83168232606 246.137551765 365.507883366 22289.2613649 69 1641.43805846 39.7149598267 61.2231406024 23.2850401733 45.5619415545 9.49211663465
3840 20.1471555122 282.131102529 173.716903417 246.797449369 0.645603230558 0.780877587289 5.7278516691 246.048218143 365.561787705 22274.228319 69 1642.62160413 39.7193260595 60.0069621496 23.2806739405 44.3783958797 9.43821229541
3864 19.6167087879 279.970548071 175.096151429 246.82342524 0.653195687437 0.899653798289 2.49680679426 249.126918478 365.564067204 22241.6439022 68 1643.75008094 39.7017655635 58.1296011818 23.2982344365 43.2499190713 9.43593279666
3888 19.1148813852 269.300222002 173.928463085 246.84902152 0.664345351887 0.989565316034 2.02208182783 249.474985982 365.630079027 22207.7182869 68 1644.82399507 39.7178139166 60.7420978803 23.2821860834 42.1760049439 9.3699209733
3912 18.6390866307 260.445745134 173.623288777 246.874136641 0.655688868784 0.0825976315406 4.33256962053 248.055007236 365.681184666 22170.5496709 67 1645.84268143 39.7256414437 61.1067687092 23.2743585563 41.1573185811 9.31881533498
3936 18.1849042816 257.455882877 172.630471429 246.898046104 0.637563993834 0.21852884726 3.38554051402 248.86032054 365.695242364 22118.7949793 67 1646.81424348 39.7155662908 65.0093412076 23.2844337092 40.1857565274 9.30475763669
3960 17.7521721854 248.427733658 173.407411106 246.920836272 0.624864444686 0.330849265482 4.25095866628 247.87249135 365.730102574 22067.8141129 67 1647.74357657 39.7252530146 68.3826857031 23.2747469854 39.2564234397 9.26989742685
3984 17.3383647847 242.322026568 175.067551701 246.942793254 0.61730152212 0.474507278086 2.85188745675 249.113510487 365.739131562 22006.4151052 66 1648.63291244 39.7294154338 69.7993968533 23.2705845662 38.3670875664 9.26086843851
4008 16.9422634115 240.224129137 173.94843241 246.964129525 0.6142917364 0.57562944705 2.34532676732 249.500622522 365.749009895 21935.5373327 66 1649.48401813 39.7207847924 73.5893912139 23.2792152076 37.5159818801 9.25099010577
4032 16.5603650111 233.234224711 174.576656702 246.985130891 0.614429552782 0.665522916134 3.73424840732 248.000668231 365.764862 21865.8130773 66 1650.30640443 39.7223422134 74.3441162782 23.2776577866 36.6935955816 9.2351380009
4056 16.1971341629 229.029645458 173.280729888 247.005618383 0.617885507778 0.783207155315 5.82321761001 245.770071342 365.792331771 21795.3228546 63 1651.09024527 39.7274056394 72.1799674411 23.2725943606 35.9097547432 9.20766822952
4080 15.8422365748 229.498704325 173.680299107 247.026257812 0.624553234164 0.850970831878 2.99232831565 248.505889805 365.75735509 21708.6782409 62 1651.85410595 39.7037448488 68.8218582259 23.2962551512 35.145894057 9.24264491044
4104 15.4979545053 223.791777073 173.085149387 247.046972264 0.632604119986 0.882422035218 1.15940370398 250.278597875 365.763000421 21618.6363108 62 1652.59801193 39.703603864 69.6315983998 23.296396136 34.4019880763 9.23699957939
4128 15.1674665215 219.891371262 173.633498262 247.067562776 0.641322773486 0.938460618685 3.11718449823 248.235469332 365.761485919 21522.4116906 61 1653.31310892 39.7039615742 69.5615653772 23.2960384258 33.6868910933 9.2385140816
4152 14.847168312 214.454787539 173.026683757 247.08825209 0.651349135075 0.992854468026 3.99296851093 247.274575795 365.755106992 21420.2654404 59 1654.00652703 39.7020241614 71.5618046595 23.2979758386 32.9934729771 9.24489300888
4176 14.539926832 215.745420563 174.045060136 247.108838776 0.65624295695 0.0928615861189 2.62845639489 249.513600285 365.727966558 21303.7002416 57 1654.67181525 39.6879895233 76.2808776749 23.3120104767 32.328184756 9.27203344281
4200 14.2338444733 212.507359745 175.201448155 247.129506177 0.639285909664 0.145132839393 3.56251408769 248.523560985 365.678066737 21177.5248344 55 1655.33448954 39.6734782071 82.2105581962 23.3265217929 31.6655104662 9.32193326322
4224 13.9400257097 206.816749605 176.649476246 247.149287999 0.6260752694 0.298464811433 8.12771748319 243.798454436 365.662529879 21055.1950013 55 1655.97348959 39.6821664069 81.8814189134 23.3178335931 31.0265104225 9.33747012166
4248 13.6561487542 205.797600842 175.829558704 247.168480441 0.618371848657 0.420451993752 2.63315741337 249.159538302 365.638098083 20920.1872503 54 1656.59025772 39.6736914643 88.0028273738 23.3263085357 30.4097422946 9.36190191763
4272 13.3754305102 205.239578599 175.656337289 247.187666994 0.61392344727 0.537745711545 5.21198974293 246.448674103 365.595899979 20777.000898 54 1657.20028728 39.662055972 93.2625311282 23.337944028 29.7997127308 9.40410002116
4296 13.1000462527 202.763290304 177.490792252 247.206804024 0.613102777475 0.642717160048 4.81682027091 246.720555766 365.531010276 20626.3389669 53 1657.79866473 39.6442065398 99.017205788 23.3557934602 29.2013352856 9.46898972416
4320.0 12.8350268278 200.208588384 178.440909314 247.225628078 0.615373206439 0.732494243375 4.30469916877 247.121805302 365.484645394 20471.7050935 81 1658.37653133 39.642499152 104.864328926 23.357500848 28.6234686846 9.51535460665
4344 12.5874913823 182.217816076 173.753625937 247.24366552 0.619884471509 0.801389931242 1.4648782605 249.870181815 365.535239834 20359.1473188 79 1658.92180069 39.7103055084 97.1551705613 23.2896944916 28.0781993226 9.46476016663
4368 12.3596013915 172.997805209 172.399393518 247.260727995 0.625633066031 0.873727214374 3.16140259876 248.078509125 365.584021329 20241.4679898 78 1659.42226819 39.749531213 91.8388555141 23.250468787 27.5777318268 9.41597867202
4392 12.1410306033 170.621005484 171.661210349 247.277568325 0.633071952109 0.938645964009 2.70592325799 248.4447905 365.561301288 20115.649204 78 1659.89981463 39.7464809019 86.3845799428 23.2535190981 27.1001853889 9.43869871245
4416 11.9303995585 166.200650694 171.98629255 247.294298119 0.641706040953 0.988395308371 1.14770703694 249.927893494 365.544169652 19985.9990795 78 1660.36120438 39.7590847219 83.6532736872 23.2409152781 26.6387956304 9.45583034818
4440 11.7258647325 164.413087075 172.270895154 247.310996306 0.639623501706 0.0429864791119 4.53269532479 247.473698387 365.511288938 19851.759186 73 1660.80846728 39.7540613757 79.5107856625 23.2459386243 26.1915327298 9.48871106253
4464 11.5265941814 160.939793686 172.999171408 247.327255411 0.625545221548 0.120058020084 2.85223638205 249.074904964 365.482080647 19711.3471174 71 1661.24516957 39.76094672 78.6439571081 23.23905328 25.754830445 9.51791935364
4488.0 1011.33202526 160.733224888 171.383228235 247.343070969 0.613375882853 0.171423987348 3.1748338426 248.697295317 365.445851013 19564.0033988 69 1661.67092161 39.7481323719 80.9454934339 23.2518676281 25.3290784035 9.5541489874
4512 839.380406641 3334.93095419 153.48539488 247.512203039 0.627534374766 1.62708008168 29.1486769048 221.084505599 350.120568273 24982.1277468 68 949.729721528 42.1036109984 35.0928968212 20.8963890016 737.270278485 24.8794317272
4536 643.300521693 3982.28242365 160.674039121 247.802268795 0.416678465672 3.83404836696 33.9069278837 214.040076487 349.5509891 29491.3582079 66 1022.03370406 40.9046733602 40.8829409495 22.0953266398 664.966295958 25.4490109004
4560 500.198772023 3967.54889106 166.314898137 248.204126963 1.72466859587 5.81900054374 28.5286897976 215.723514099 351.831492723 33426.8038593 66 1095.3086628 40.4295023752 49.0010128174 22.5704976248 591.691337217 23.1685072774
4584 400.760258503 3712.7193232 168.647598253 248.675038011 0.928452585436 0.525804399002 35.2510940024 214.619611001 354.473837411 36866.5116914 65 1161.0487601 40.1815209866 49.3315877951 22.8184790134 525.951239915 20.5261625891
4608 330.734555613 3418.59856411 173.010718633 248.918738286 0.190441882761 1.51355087966 20.8761976053 228.501071345 356.804528044 39843.8257986 64 1217.17837865 40.0285840116 61.9968014555 22.9714159884 469.821621364 18.1954719569
4632 279.991202168 3118.16834768 174.841657896 249.007906362 0.53799624953 3.03756293899 26.1491887509 221.267345697 358.793981547 42483.234407 64 1264.27673801 39.9319199268 71.2440549951 23.0680800732 422.723262 16.2060184536
4656 242.118093699 2856.09426644 176.209056297 249.179187611 0.950883574279 2.53361825523 22.9328579906 224.403452568 360.430758925 44830.3319737 63 1303.61622387 39.8630981407 63.4055463114 23.1369018593 383.383776142 14.5692410758
4680 213.010782781 2641.04992957 175.231944559 249.254117419 0.226921111562 1.35580707859 17.3396535411 231.823500848 361.766613294 46896.199024 60 1336.6387402 39.8103017743 69.8574821453 23.1896982257 350.361259809 13.2333867068
4704 189.804819901 2459.80828823 175.686422503 249.317053729 0.490142174862 2.0874364921 15.2145766021 232.890791001 362.772686118 48734.7662907 58 1364.87404148 39.7595773975 75.8015488502 23.2404226025 322.125958533 12.2273138828
4728 170.99074703 2303.99465031 175.934831394 249.406123971 0.61607404966 1.29487144571 15.3111630056 233.371767527 363.644305794 50377.2254341 57 1389.1564105 39.7199493777 94.4249527493 23.2800506223 297.843589511 11.3556942064
4752 155.396516721 2163.25750291 176.135927266 249.498792921 0.683965015528 1.40552843109 14.4554648904 233.956248741 364.374221289 51868.6094254 56 1410.29257538 39.6869295066 91.6338325162 23.3130704934 276.707424634 10.6257787119
4776 142.235727049 2065.07591022 176.681182097 249.591826961 0.700070527898 0.448820951627 17.1944669278 232.06481463 364.927553661 53163.4225656 55 1428.86596775 39.6474328939 110.143572708 23.3525671061 258.134032263 10.0724463396
4800 130.962981845 1967.68625065 179.291355383 249.678417097 0.704981282844 1.1921107891 12.3563913014 236.068099529 365.420156133 54361.6937156 54 1445.36492965 39.6148766411 111.00323415 23.3851233589 241.63507036 9.57984386768
4824 121.260614651 1857.67186536 180.673830771 249.763800805 0.748044671138 0.455097593654 13.2568639556 235.776192974 365.923061795 55453.751852 53 1460.04012615 39.5985026555 109.524539932 23.4014973445 226.959873864 9.07693820528
4848 112.777804509 1785.54639391 182.093265755 249.844704287 0.735399113948 0.735804133491 10.6272098661 238.056882599 366.258612388 56392.5853896 52 1473.19720953 39.5670156789 126.808792656 23.4329843211 213.802790487 8.74138761224
4872 105.361957415 1701.93478479 185.649619408 249.920353934 0.738567073979 0.74193216092 13.8216952448 234.777451585 366.630921863 57279.6787547 52 1485.0051994 39.5518427202 124.211042425 23.4481572798 201.994800616 8.36907813747
4896 98.8680698574 1599.91674192 182.052561072 249.99127086 0.737562341063 0.612038456154 7.66089414167 240.9982342 367.038970821 58122.0486461 52 1495.5844891 39.5495865344 132.762023299 23.4504134656 191.415510911 7.96102917919
4920 93.0950337542 1539.14887162 183.21025693 250.057440771 0.719445516621 0.425426571695 8.38374728379 240.413939855 367.301678133 58864.2302459 51 1505.14451999 39.5301872204 134.126862173 23.4698127796 181.855480021 7.69832186738
4944 87.9097619405 1492.06883519 186.151802573 250.119068925 0.722724434495 1.01083871302 6.44030502413 241.707062902 367.524431712 59518.5859808 50 1513.87896371 39.5109515431 142.349809144 23.4890484569 173.121036308 7.47556828852
4968 83.1787241764 1459.36568314 184.946496993 250.17760072 0.692745175973 0.613656099004 9.82294834888 238.693049655 367.69852666 60115.2018523 50 1521.96386269 39.4845554687 141.601299454 23.5154445313 165.036137323 7.30147334041
4992 78.8960557232 1396.28562485 181.444952993 250.232849735 0.703085029066 0.198565699854 9.20756144901 239.657938086 367.937384674 60681.3175704 50 1529.40737483 39.4767602741 138.012905109 23.5232397259 157.592625186 7.06261532604
5016 75.0184849395 1327.30594899 186.635112856 250.285151832 0.688809811495 0.832078909823 8.65341402911 239.540545417 368.155941567 61186.8807021 49 1536.23899051 39.4748785448 146.190533723 23.5251214552 150.761009508 6.84405843313
5040.0 71.4956224365 1299.12757728 185.860583659 250.335238118 0.687356840852 0.212735618556 5.71065317598 243.054016246 368.300072169 61622.5932243 78 1542.50412785 39.4560482253 156.693263091 23.5439517747 144.495872162 6.6999278313
5064 68.4580867639 1106.96565652 179.910115398 250.37927711 0.668860652879 0.544147568211 5.18433898891 243.22337568 368.852319234 62311.2768171 76 1548.05302324 39.5476955139 101.557018115 23.4523044861 138.946976774 6.14768076663
5088 65.9158445159 998.802626561 178.676932047 250.417217377 0.670675408338 0.829173401571 5.62554164313 242.457392169 369.236603138 62932.418595 75 1552.71293014 39.6071105441 80.3450027115 23.3928894559 134.287069872 5.76339686228
5112 63.6601337435 946.456309534 178.126198068 250.452553547 0.67837239555 0.0588393798102 6.03668688196 242.773547795 369.453276464 63500.2263532 74 1556.85410565 39.628940032 64.9977986457 23.371059968 130.145894359 5.54672353668
5136 61.6055890414 901.365971621 177.075578304 250.485307643 0.655014179229 0.308608946515 4.75535015558 243.795719075 369.632749412 64044.6691706 72 1560.64802554 39.6461189305 55.5661804552 23.3538810695 126.351974467 5.36725058799
5160 59.7081503524 868.012492065 176.153034285 250.515748312 0.644183425499 0.519272212959 3.95279023345 244.368005816 369.762980789 64554.1539265 71 1564.16744846 39.6505191378 55.9153336961 23.3494808622 122.83255155 5.23701921097
5184 57.9410446802 846.423561461 176.593004131 250.544704923 0.642118303543 0.673580907222 3.77659061163 244.363005254 369.86510514 65033.8388642 71 1567.4618295 39.6484084746 56.6812722793 23.3515915254 119.538170509 5.13489486047
5208 56.2731785337 826.877835532 176.659090404 250.572896192 0.645488050505 0.779927763067 5.36954360787 242.632144386 369.950847112 65486.1714222 71 1570.58698981 39.6436440176 56.851720955 23.3563559824 116.413010198 5.04915288808
5232 54.7070912067 805.63344333 177.076738056 250.600388841 0.654057199712 0.911930839485 4.52928145906 243.30434166 370.043271534 65925.2464256 70 1573.53897208 39.6435410869 52.51811768 23.3564589131 113.461027936 4.95672846648
5256 53.2363301982 782.980597585 177.149660122 250.627369677 0.663214818391 0.0600588577132 3.29214353182 245.357213115 370.13312033 66341.7782801 69 1576.32490923 39.6431161632 57.162112309 23.3568838368 110.675090779 4.86687967049
5280 51.8472425076 760.165811466 177.214490624 250.653219287 0.641067088368 0.155491628197 5.95366783981 242.596554156 370.218566274 66744.6937201 66 1578.96880535 39.6455585257 58.9751440106 23.3544414743 108.031194667 4.78143372583
5304 50.5230911945 760.536262039 177.074045697 250.677772609 0.625195618234 0.286592619639 4.31676789661 244.093671256 370.250404365 67098.7603595 66 1581.49277329 39.6236071252 65.1895159592 23.3763928748 105.507226721 4.74959563493
5328 49.2502401081 747.666451338 178.971901724 250.701496237 0.615610368088 0.451701924958 4.46260922245 243.768582247 370.299697136 67442.1286644 66 1583.93352736 39.6163356644 65.3654209348 23.3836643356 103.066472649 4.70030286448
5352 48.0326721311 733.100185954 179.311453111 250.72453042 0.612182743826 0.589035207346 4.46661743641 243.607634192 370.355876803 67763.7457705 66 1586.2785818 39.6108670955 69.1905072273 23.3891329045 100.721418215 4.64412319756
5376 46.8761062071 719.928304095 179.154276459 250.746924174 0.613574278336 0.717766430916 4.22852391274 243.693211204 370.413886955 68072.7152117 65 1588.5155092 39.6066456369 70.263666669 23.3933543631 98.4844908115 4.58611304519
5400 45.7772556941 703.545310983 179.32832213 250.768852273 0.619892673727 0.877214235366 5.67126985759 242.06277096 370.471830747 68369.3756737 64 1590.64960778 39.6051800419 72.9882775467 23.3948199581 96.3503922285 4.52816925377
5424 44.7223932388 693.819012278 177.656736995 250.790712436 0.631052624849 1.00508539953 3.00972915338 244.563420385 370.518389471 68646.8503348 64 1592.70349433 39.5975333386 70.9332464454 23.4024666614 94.2965056812 4.48161052882
5448 43.7067666108 684.098384074 178.742094211 250.81232933 0.618460227449 0.0951534575227 4.36756521291 244.106491771 370.553670354 68899.6844915 64 1594.68761413 39.5887868478 70.098184712 23.4112131522 92.312385886 4.44632964601
5472 42.7377280233 674.910807439 178.424227857 250.832863458 0.603606861035 0.243201760253 4.41404797664 243.906279943 370.598326106 69137.1486853 64 1596.58778033 39.5820452546 74.7205172007 23.4179547454 90.4122196815 4.40167389464
5496 41.812941578 648.029602959 177.759280139 250.852496605 0.593505224968 0.325304991441 1.37753455473 246.851158623 370.670581974 69385.9664293 64 1598.41150989 39.5958811059 77.633781934 23.4041188941 88.5884901218 4.32941802677
5520 40.9445544531 633.275440335 179.952806903 250.871054908 0.585826656481 0.36991138283 2.08014896126 246.093058091 370.732287553 69623.7614999 64 1600.12812605 39.6017851442 76.8410613625 23.3982148558 86.8718739639 4.26771244745
5544 40.110994448 623.45043965 179.035760279 250.88903689 0.580247733428 0.44115640426 3.56844812435 244.521110847 370.773663628 69844.9888587 63 1601.77831328 39.6009325915 75.5858660342 23.3990674085 85.2216867347 4.22633637251
5568 39.305745499 614.585587781 180.718378294 250.906638678 0.577400741384 0.514584238011 1.9373297092 246.064046633 370.796886464 70045.4331265 63 1603.37504909 39.5924974405 74.5215398288 23.4075025595 83.6249509238 4.20311353597
5592 38.5293497896 608.063861911 180.037419846 250.923897401 0.576273470308 0.554204656461 1.24645512902 246.699169342 370.829219327 70224.8685626 61 1604.91918912 39.5856727509 83.2321763693 23.4143272491 82.0808108891 4.17078067344
5616 37.7752027598 601.573304919 178.261338767 250.940979847 0.576190979237 0.597996535478 2.47592039507 245.408912242 370.854756265 70400.2687084 61 1606.42197208 39.5759542329 83.0955624124 23.4240457671 80.5780279353 4.14524373539
5640 37.0537012483 591.689828171 179.050216687 250.957664377 0.577562075316 0.641207963144 1.5229228045 246.300642779 370.892772843 70569.6367901 60 1607.86566409 39.5743055418 81.4139656746 23.4256944582 79.1343359265 4.1072271569
5664 36.3514021309 587.711324595 178.803444596 250.974277373 0.580397816863 0.719434084066 3.43958964334 244.286301082 370.917145215 70713.9005867 58 1609.27224872 39.5654695982 85.6629881903 23.4345304018 77.727751293 4.08285478532
5688 35.6711827672 583.814626735 181.314911576 250.990786368 0.585090510545 0.767126255367 1.31986161941 246.337135246 370.932997481 70839.131034 57 1610.63768174 39.5553433645 95.0419922142 23.4446566355 76.3623182708 4.06700251911
5712 35.007270356 580.046775388 182.021117403 251.007348844 0.59045425328 0.796164462119 2.19656362506 245.409468815 370.94537846 70954.3333778 57 1611.97364001 39.5465507202 99.8317633721 23.4534492798 75.0263600019 4.05462154046
5736 34.3617592767 578.495981095 181.422811436 251.023918592 0.596865565791 0.857880476437 3.93856966717 243.582765698 370.949903907 71057.9394504 57 1613.27398607 39.530448785 101.83702731 23.469551215 73.7260139375 4.05009609283
5760.0 33.7372848482 565.686578248 182.366881473 251.040444964 0.604706041774 0.900189828929 1.61369175745 245.840967408 370.987048361 71157.9997736 86 1614.53877399 39.5363483661 108.207432813 23.4636516339 72.4612260191 4.01295163916
5784 33.1534624882 524.813381653 180.235573435 251.056384073 0.61296689762 0.954947479997 2.93435052731 244.441351022 371.073399571 71326.1143863 85 1615.73075284 39.5825881916 86.7543068422 23.4174118084 71.2692471656 3.92660042951
5808 32.6110487382 504.304518601 178.303773827 251.071658393 0.621646785177 0.977199773606 1.96238528834 245.36710976 371.14361279 71472.9626327 83 1616.83671534 39.606245047 75.2370717499 23.393754953 70.163284667 3.85638721009
5832 32.0966737083 487.619408753 177.649322937 251.086585936 0.63029837879 0.99834382653 1.77072769079 245.514044168 371.195470235 71611.1184 82 1617.88587307 39.6223031526 69.6315056405 23.3776968474 69.1141269367 3.80452976472
5856 31.603103435 483.918297901 178.039731474 251.10133678 0.638852583425 1.01545925055 3.43780516368 243.806546223 371.218174667 71732.6309831 80 1618.8915977 39.6190216818 61.2959584892 23.3809783182 68.1084023073 3.78182533318
5880 31.1232438833 473.266599922 176.764280149 251.115882886 0.627338889001 0.079467478271 1.99835023581 246.178960511 371.250168929 71850.0243743 79 1619.87172126 39.6230754549 56.9510648634 23.3769245451 67.1282787506 3.74983107088
5904 30.6621624742 461.3660723 176.262965479 251.129794786 0.615653089052 0.12114990314 1.46633006408 246.667072158 371.285656342 71964.0296557 78 1620.815683 39.6324616269 54.0721376456 23.3675383731 66.1843170068 3.71434365768
5928.0 1030.21767983 454.113022131 177.723432796 251.143165388 0.605473047677 0.175837648153 1.7849534991 246.290570418 371.310421332 72066.3617912 78 1621.72641321 39.6356731103 52.2095774227 23.3643268897 65.2735867966 3.689578668
5952 957.089461196 3697.99079168 159.222950755 251.208569769 0.59545326172 1.04737369221 14.2911738951 232.857429383 364.725777933 77552.3691222 77 919.237055897 42.1456175252 26.145477549 20.8543824748 767.76294411 10.2742220669
5976 851.952354897 4586.59588538 162.691957277 251.328951848 0.798846292486 1.41104247928 17.8887143166 228.572445065 363.12827207 82458.5921785 76 948.495639415 41.1879089537 28.0035909539 21.8120910463 738.504360591 11.8717279295
6000 753.58675106 4798.95211012 165.290040436 251.479700848 0.871074782277 2.00200826258 20.6365836527 225.010632456 363.199761823 87093.9843209 74 981.300152084 40.8143160446 27.9983445615 22.1856839554 705.699847923 11.8002381766
6024 669.588158816 4724.40920416 167.42812653 251.63860621 0.900729973157 1.40067234863 15.1565541 230.90343737 363.82314084 91518.9939584 74 1014.30070042 40.6151135747 39.9843723804 22.3848864253 672.699299591 11.1768591595
6048 599.486452597 4578.22586247 169.618930266 251.796702904 1.02033693249 1.98920002962 17.174900586 228.018859549 364.515717439 95713.0869806 74 1046.06871847 40.4729039856 33.0208825464 22.5270960144 640.931281538 10.4842825614
6072 540.887851848 4427.59435468 171.253635704 251.850910241 0.362620758786 0.132301584956 18.9361704541 228.717996962 365.181415572 99642.1916478 71 1076.14240722 40.361800474 44.3130961438 22.638199526 610.857592786 9.81858442824
6096 491.323227888 4268.66027858 171.991789546 251.904822606 0.391359353397 0.185369359927 15.2988579518 232.21959073 365.760475947 103355.594711 70 1104.49992874 40.2663541935 50.2395657049 22.7336458065 582.500071264 9.23952405317
6120 449.120986952 4115.12783039 173.040802602 251.960649865 0.451068377357 0.888549017912 11.9087012053 234.791031535 366.300170161 106860.91606 69 1131.08167637 40.1883400549 49.7678385283 22.8116599451 555.918323638 8.69982983871
6144 413.001429909 3938.48778731 172.899547206 252.023790724 0.556830848836 1.51299713368 10.2802076993 235.626173595 366.815513581 110213.183651 68 1155.856948 40.1293392251 47.7740860035 22.8706607749 531.143052005 8.18448641906
6168 381.861955485 3805.55948305 173.135478644 252.092805171 0.606428586042 0.659434047847 9.71758905797 236.923743138 367.25612441 113351.297604 65 1178.87062316 40.0718168563 57.3170665087 22.9281831437 508.129376849 7.74387559031
6192 354.618576933 3668.44976321 174.172726502 252.160893878 0.612119271946 0.708025672874 9.85110533981 236.667855838 367.63928797 116334.589102 64 1200.39821247 40.0206661098 62.5452674818 22.9793338902 486.60178754 7.36071202963
6216 330.674327538 3554.59451157 175.084678145 252.226016217 0.619303459242 0.577270994335 7.81645900679 238.760950324 367.983331789 119143.602632 62 1220.49152523 39.973498425 67.3826856164 23.026501575 466.50847478 7.01666821086
6240 309.423864354 3462.27324294 179.035842929 252.288422291 0.627655832373 0.622814413069 10.1341830997 236.326924365 368.264083709 121762.738917 61 1239.3119584 39.9249732929 84.0580993838 23.0750267071 447.688041604 6.73591629051
6264 290.326498939 3381.30805639 181.342730197 252.348463323 0.617669613091 0.426744513084 10.9843939647 235.622728587 368.491950309 124250.179913 61 1257.07722213 39.8752857419 80.6710182879 23.1247142581 429.922777873 6.50804969133
6288 273.224538626 3273.72576352 178.254589005 252.404839715 0.616259907243 0.242091312341 11.6831954656 235.053613601 368.769938595 126606.665765 60 1273.74786375 39.8441668453 79.9269684964 23.1558331547 413.252136262 6.23006140467
6312 257.904241589 3162.752461 180.55072223 252.457871693 0.620159129186 1.03998788621 8.29284242719 237.589138866 369.0150487 128866.552477 60 1289.31182481 39.8151900103 79.4635979486 23.1848099897 397.6881752 5.98495129969
6336 244.133417169 3048.53516189 180.84127656 252.507860448 0.601900606113 0.628385207649 3.3441298303 242.917723909 369.273379628 131014.541899 60 1303.85263364 39.7979238845 83.0544935216 23.2020761155 383.147366371 5.72662037151
6360 231.731985374 2936.69014114 178.079411803 252.555364399 0.618084922512 0.0253236426594 4.66379126846 242.137435768 369.505699822 133085.869543 60 1317.4028807 39.7798376211 80.7021963575 23.2201623789 369.597119308 5.49430017838
6384 220.56212541 2829.49630228 179.878892685 252.599930955 0.589424619994 0.387163552666 5.18260865436 241.240872219 369.736994625 135094.539795 60 1330.00517629 39.7690585509 87.2019416136 23.2309414491 356.994823721 5.26300537531
6408 210.373176467 2743.99342212 180.25182189 252.641621751 0.591855276646 0.875319717918 7.58253444202 238.308668813 369.914617151 137001.461451 60 1341.82550981 39.7505517776 88.8761256655 23.2494482224 345.174490196 5.08538284922
6432 201.080415867 2667.12420721 181.528336775 252.681792124 0.585303714813 0.472368975401 12.0089030565 234.25163213 370.087177054 138836.24917 59 1352.89960339 39.7349056061 81.4362311249 23.2650943939 334.100396615 4.91282294561
6456 192.530965287 2582.54677568 181.954903641 252.720180013 0.598640786148 0.0837007638509 7.70973632375 238.887742114 370.243955442 140576.380025 59 1363.34180134 39.7207465224 87.293184553 23.2792534776 323.658198671 4.75604455843
6480.0 184.674122507 2518.88124294 181.895252214 252.756833736 0.577458182094 0.351983698808 3.5430658356 242.770658549 370.38454538 142247.20974 89 1373.15803228 39.7050658567 92.608678565 23.2949341433 313.84196773 4.61545462007
6504 177.641324247 2294.49107449 178.254545031 252.790260903 0.57406577127 0.699281254426 6.12326834512 239.813123728 370.692989261 144106.697867 89 1382.19445329 39.7561853597 46.0255356964 23.2438146403 304.805546721 4.30701073948
6528 171.430183684 2163.69051886 177.312615839 252.821182584 0.586295669302 0.927389761679 4.70329367201 240.961838315 370.926465563 145864.612138 88 1390.30518238 39.7839905978 37.3174300947 23.2160094022 296.694817631 4.07353443741
6552 165.77687188 2080.43609929 177.363307829 252.85081981 0.582219636774 0.226999277324 7.43011473122 238.909846546 371.085546023 147564.691781 85 1397.79591506 39.7921086009 32.1230878838 23.2078913991 289.204084947 3.91445397713
6576 160.532742084 2021.66107199 176.766219017 252.878578982 0.571099681369 0.463373095978 5.79587011837 240.291078123 371.202780214 149203.083714 85 1404.84466312 39.7890147708 29.0083784135 23.2109852292 282.155336891 3.79721978618
6600 155.64455618 1967.60056019 176.188547879 252.905039551 0.571829166072 0.725881791017 7.62481656405 238.172432929 371.309581366 150795.704479 85 1411.51099856 39.784766301 28.9209224097 23.215233699 275.489001449 3.69041863454
6624 151.057388275 1927.54666777 176.445329748 252.930927319 0.583417260869 0.935717644083 6.15406262262 239.395875155 371.395715092 152330.578368 84 1417.8498283 39.775637691 30.3913365243 23.224362309 269.150171709 3.60428490822
6648 146.747358112 1876.84760421 176.148538673 252.956394682 0.579906831728 0.103941705022 4.45372176426 241.906035018 371.487444013 153835.864669 84 1423.88699904 39.7718013749 31.4335075945 23.2281986251 263.113000968 3.51255598731
6672 142.700938943 1835.17599144 176.059723145 252.980350781 0.563715834821 0.264166514391 3.44702725491 242.744739616 371.574822096 155299.41913 83 1429.62523491 39.768040185 35.3418945114 23.231959815 257.374765096 3.42517790397
6696 138.870795718 1802.05176623 176.080990461 253.00315128 0.554735508568 0.411982524463 4.1677138095 241.862416879 371.641145599 156716.352338 82 1435.11563706 39.7569988423 33.9699842355 23.2430011577 251.884362954 3.35885440134
6720 135.249581732 1762.87209483 176.120613992 253.025060485 0.55191273184 0.566932498205 4.56749413634 241.288600151 371.715055145 158099.622667 82 1440.36803964 39.7524712584 35.0452054399 23.2475287416 246.631960371 3.28494485498
6744 131.830582133 1727.38155697 176.154124211 253.046318396 0.556457601826 0.776953987245 5.5337744196 240.086495597 371.78676049 159452.410943 80 1445.37969844 39.7478500199 33.0948828628 23.2521499801 241.620301566 3.21323950984
6768 128.568173057 1707.87004526 176.719293409 253.067417955 0.566651957019 0.872668699388 4.50934421677 240.983917174 371.834196287 160739.182434 77 1450.20434995 39.7336666883 35.2152286304 23.2663333117 236.795650061 3.16580371261
6792 125.4538202 1677.68491192 178.589523536 253.088496813 0.580267002499 1.00992839815 5.19204549944 240.129262288 371.89060563 161990.162803 77 1454.85871914 39.7276449646 38.3906427662 23.2723550354 232.141280871 3.10939436999
6816 122.495363236 1640.69727408 177.571934024 253.109188511 0.571202946748 0.228222762653 6.53816471613 239.553221065 371.955204183 163227.181157 77 1459.322956 39.7254589088 38.0802942099 23.2745410912 227.67704401 3.04479581671
6840 119.680290387 1612.21680625 176.852009321 253.128947636 0.563259028686 0.44734904299 7.65440779304 238.206036501 372.009573938 164420.417548 76 1463.60617938 39.7192304048 46.4422154213 23.2807695952 223.393820628 2.99042606188
6864 116.992289755 1596.77831784 177.551260132 253.148112784 0.562655260307 0.624939702218 4.63591092918 241.028381326 372.053752137 165576.699281 74 1467.72840735 39.7080689619 51.8603606157 23.2919310381 219.271592656 2.94624786347
6888 114.409230627 1572.10790843 176.942505775 253.16701077 0.566492025201 0.727831180559 2.609636496 242.92902953 372.095338186 166711.768409 74 1471.72230873 39.6995565567 47.6251270202 23.3004434433 215.277691279 2.90466181449
6912 111.943231302 1548.55105211 176.741708295 253.185623761 0.572774440105 0.798834236078 3.44172361997 242.001043944 372.144206666 167810.244223 72 1475.56683243 39.6941030239 52.0752532132 23.3058969761 211.433167577 2.85579333431
6936 109.575849975 1525.59688858 177.736776157 253.204114527 0.58096700893 0.868092731968 4.11781330221 241.229012432 372.183080738 168879.163078 72 1479.28388238 39.6865008832 54.190208499 23.3134991168 207.716117626 2.81691926178
6960 107.307473712 1504.42432944 177.632861923 253.222494491 0.590915466761 0.941381107831 1.61156273567 243.6336462 372.224265793 169923.886496 71 1482.8717419 39.6804517187 54.510937261 23.3195482813 204.128258111 2.77573420676
6984 105.128823201 1481.49211708 178.683550983 253.240845735 0.602250536827 1.00814045329 4.96313743483 240.185625841 372.264615008 170940.116337 71 1486.3422013 39.6757806414 54.2049283793 23.3242193586 200.657798708 2.73538499201
7008 103.039350537 1459.02032966 179.694771417 253.258743793 0.587096147827 0.153571768416 4.07661426001 241.923974032 372.305960508 171928.099643 70 1489.69332487 39.6726788322 59.8649579426 23.3273211678 197.306675142 2.69403949178
7032 101.025815827 1443.44294772 178.766582078 253.27594637 0.575634040339 0.241220241046 4.17075332756 241.736446023 372.336625638 172884.991237 69 1492.9406092 39.6627549224 65.1527070504 23.3372450776 194.059390815 2.66337436205
7056 99.0855017602 1425.5207933 177.617290775 253.292569736 0.568004242364 0.382963981997 5.02049121632 240.735970825 372.3709418 173829.844329 69 1496.09053277 39.6563792387 59.708234238 23.3436207613 190.909467238 2.62905820014
7080 97.2230123022 1399.15750648 178.908489428 253.308680669 0.56447948593 0.471805395374 1.81088229017 243.844152161 372.412949616 174755.430742 69 1499.13498057 39.6575576583 54.465144904 23.3424423417 187.865019444 2.5870503839
7104 95.4327558494 1378.33944294 178.148432743 253.324391217 0.563049280468 0.565222651987 5.44262863954 240.104708213 372.445567018 175645.568767 68 1502.07589041 39.6518021121 61.3745192823 23.3481978879 184.924109601 2.55443298212
7128 93.7050028427 1366.91226367 178.283789432 253.339830304 0.563852851009 0.612847143696 1.04325766145 244.440212041 372.473744279 176508.07772 67 1504.92916355 39.6444010114 70.2931237004 23.3555989886 182.070836463 2.52625572109
7152 92.0310271017 1356.37803669 178.483211745 253.355096632 0.565500190409 0.645727604357 2.58065891154 242.853016664 372.498758817 177349.977328 66 1507.70821267 39.6357216049 71.7737535458 23.3642783951 179.291787338 2.50124118348
7176 90.4085382512 1339.86794102 179.543307275 253.370218799 0.568257426954 0.692892444183 2.99800165889 242.370629673 372.522294435 178175.340829 65 1510.41582152 39.6280725836 70.2653756456 23.3719274164 176.584178488 2.47770556551
7200.0 88.84464868 1318.56514931 179.819783146 253.385140782 0.572174945311 0.750639465943 3.26618467654 242.025860132 372.557380235 178983.378026 94 1513.04214532 39.6295142666 72.0807070843 23.3704857334 173.957854687 2.44261976554
7224 87.3642338464 1254.86070958 178.068223587 253.399620978 0.576918079901 0.780631747721 2.34980081559 242.893028381 372.620440394 179858.845299 94 1515.54853007 39.65654658 51.1829071789 23.34345342 171.45146994 2.37955960649
7248 85.9707293438 1218.4949164 178.19951639 253.413596474 0.582032789119 0.804935407278 3.1774447721 242.021990559 372.673287479 180701.69588 93 1517.91483072 39.6705677112 40.5379354192 23.3294322888 169.08516929 2.32671252139
7272 84.6383548205 1192.14226617 178.141610773 253.427298224 0.58773204617 0.84533750093 2.80185527416 242.337776957 372.712320075 181523.29705 91 1520.1846697 39.6772930364 34.6257992112 23.3227069636 166.815330306 2.28767992533
7296 83.358286351 1168.39701558 177.302039067 253.440803987 0.594118175059 0.900907852769 2.25384997759 242.810320009 372.748320819 182332.187735 90 1522.37402224 39.6825103537 31.5290433049 23.3174896463 164.625977768 2.2516791814
7320 82.1216007859 1155.05686959 177.430676956 253.454203036 0.601201977576 0.926351923697 1.65592123207 243.362321832 372.772307666 183114.902041 89 1524.49546413 39.6793609958 30.2598754669 23.3206390042 162.504535881 2.22769233467
7344 80.9248393711 1138.85318441 178.613377026 253.467522262 0.608678963481 0.979907060673 5.90199603808 239.041895678 372.799409526 183886.974468 88 1526.55744903 39.6802997629 26.7183324194 23.3197002371 160.442550978 2.20059047454
7368 79.7629739258 1126.52524761 177.50419592 253.480680993 0.601162305787 0.0742539601349 2.03088537467 243.813017369 372.819903091 184637.801854 88 1528.56550608 39.6758662499 25.9326727393 23.3241337501 158.434493926 2.18009690948
7392 78.639638635 1107.22544527 177.089247805 253.49335637 0.590588861037 0.115850011898 1.17334795806 244.626856801 372.848692632 185385.368805 88 1530.51606161 39.6792012677 25.2874294474 23.3207987323 156.483938397 2.15130736817
7416 77.5534015912 1091.94094671 177.806320442 253.505577757 0.581136391446 0.153542186911 2.2203465673 243.539397099 372.87320222 186117.808623 86 1532.40822796 39.6796038634 25.0744728251 23.3203961366 154.591772046 2.12679778059
7440 76.4967103145 1083.10870019 177.21685199 253.517448403 0.572692313103 0.18667607518 2.20429696221 243.518886248 372.890943521 186827.275909 86 1534.25403376 39.6746218402 27.5243697599 23.3253781598 152.745966244 2.10905647944
7464 75.4673517999 1071.30702829 177.022544434 253.529009301 0.565281806948 0.225159459807 1.11207172292 244.568477711 372.910215603 187525.578028 84 1536.05858984 39.6720740662 29.1331131852 23.3279259338 150.941410166 2.08978439749
7488 74.4653411726 1065.55736665 176.973792014 253.540276494 0.558808828662 0.261876625479 1.95449691362 243.68454114 372.925438259 188201.765496 81 1537.82008245 39.6646778465 34.1506543579 23.3353221535 149.179917559 2.07456174202
7512 73.4864974401 1056.92549271 178.986243555 253.55131192 0.55326332242 0.284674883408 0.773061809296 244.837688067 372.939727465 188865.771903 81 1539.54702728 39.6607376642 34.9211859457 23.3392623358 147.452972731 2.06027253585
7536 72.5309592766 1045.80800879 178.653056149 253.562123517 0.548240839708 0.308296830247 1.5358823897 244.045456425 372.95669491 189516.966161 79 1541.23817476 39.6570240523 36.3304483199 23.3429759477 145.761825251 2.04330509028
7560 71.6011610701 1034.09636547 177.634400569 253.572690016 0.543781357299 0.32448146903 1.24391155581 244.315135604 372.975677946 190157.47631 79 1542.88940412 39.6555379882 39.5089876564 23.3444620118 144.110595889 2.02432205503
7584 70.6950735855 1028.00001763 177.278845248 253.583039875 0.539915205726 0.358391294703 2.85371810983 242.664935516 372.991149379 190785.941144 78 1544.50269478 39.6506418605 36.102403573 23.3493581395 142.497305224 2.00885062129
7608 69.8111651134 1015.9601078 177.165245214 253.593200616 0.537021610861 0.411958215664 2.36513097866 243.09268858 373.007329886 191399.802032 75 1546.08136951 39.6477589578 39.9203127752 23.3522410422 140.918630495 1.99267011455
7632 68.9514531009 1004.65538968 178.394800624 253.603163722 0.535213616839 0.463178556864 1.80811326604 243.59033084 373.025193548 192005.577641 75 1547.6219519 39.6482729895 41.7037684004 23.3517270105 139.378048104 1.9748064528
7656 68.1108576189 993.906973691 178.852200583 253.612999744 0.534027471845 0.477010580655 1.27804421888 244.097917987 373.039720275 192600.494375 74 1549.1317892 39.6457642447 38.4851822693 23.3542357553 137.868210804 1.96027972505
7680 67.291474454 989.036630134 177.779853555 253.622686629 0.533184001156 0.495011103009 1.6788038616 243.670314408 373.051977985 193176.414382 74 1550.60690217 39.6390677193 38.6264480821 23.3609322807 136.39309784 1.94802201531
7704 66.4922919582 976.823852306 177.917161458 253.632237028 0.532688689935 0.512074421047 1.0232728924 244.29972697 373.071014566 193741.584562 73 1552.05108886 39.6415396504 49.1055906878 23.3584603496 134.948911142 1.92898543501
7728 65.7088677594 972.68550029 179.717047663 253.641705205 0.532553053439 0.545637164813 3.29857701301 241.981527566 373.0763276 194290.626074 72 1553.46822923 39.6321811733 51.5348732862 23.3678188267 133.531770775 1.92367240095
7752 64.938336521 975.914040496 178.185589992 253.651132611 0.533181921784 0.581397670708 1.54634599877 243.6879418 373.082951334 194820.798358 71 1554.86523889 39.6202200521 52.8163907458 23.3797799479 132.134761116 1.91704866667
7776 64.1783541 969.380995112 179.644202474 253.660556436 0.53423003363 0.600637016558 0.817033523415 244.387542992 373.090050513 195334.725606 69 1556.24739933 39.6140631868 59.4479463397 23.3859368132 130.752600674 1.90994948729
7800 63.4373170326 963.639997854 178.212682827 253.669873225 0.535417720661 0.608417239616 2.05193280434 243.134359012 373.105545462 195851.352253 69 1557.59946692 39.6113038851 58.6268303692 23.3886961149 129.400533085 1.89445453867
7824 62.7088869706 959.117641776 178.926452346 253.679161525 0.537034633646 0.649758915681 1.1945088743 243.939536053 373.112321874 196344.055904 69 1558.93068264 39.6042768661 62.1817260725 23.3957231339 128.069317369 1.88767812606
7848 61.9950786683 951.079800653 178.984823644 253.688400324 0.538991710149 0.654312543976 0.372380720258 244.745914704 373.122294993 196832.964245 69 1560.23884887 39.5998002615 61.1308160465 23.4001997385 126.761151141 1.87770500713
7872 61.2998719637 939.005197037 179.278054231 253.69753473 0.541032811741 0.670722302323 2.46340090784 242.62730925 373.140645161 197316.32834 68 1561.51738928 39.6032596208 64.3919064386 23.3967403792 125.48261073 1.8593548396
7896 60.6203947378 931.503119871 178.711957907 253.706600064 0.543454892612 0.70337470952 1.4725633756 243.57400696 373.152103553 197791.125834 68 1562.76860247 39.6001535396 67.2107103925 23.3998464604 124.231397532 1.84789644735
7920.0 59.9541865093 925.770340029 179.933125308 253.715631406 0.546312974429 0.734498419753 3.44810518741 241.555452014 373.160259871 198248.58916 98 1563.99782847 39.5951503749 69.5303541415 23.4048496251 123.00217154 1.8397401299
7944 59.3127344747 890.860345607 178.32606558 253.724471291 0.549448164087 0.747495538175 0.351078690688 244.627506317 373.18973511 198759.626205 95 1565.18877823 39.6198206606 54.6623964802 23.3801793394 121.811221779 1.81026489102
7968 58.7000897654 865.450485839 177.642037573 253.733052525 0.55254298157 0.753338885828 1.13125025304 243.829815357 373.220569792 199261.661553 94 1566.32762799 39.6378391364 46.4617517024 23.3621608636 120.672372023 1.77943020905
7992 58.1082284458 851.726212956 178.252379777 253.74147548 0.555721379354 0.774810236318 1.78851208535 243.139480821 373.239101069 199748.71371 94 1567.42823643 39.6442213308 41.2522294969 23.3557786692 119.571763577 1.76089893171
8016 57.5317684137 839.815203765 177.552360894 253.749810968 0.559028313811 0.783437460622 1.410725193 243.496998066 373.255054399 200228.258473 93 1568.50185675 39.6483436982 37.793451076 23.3516563018 118.498143264 1.74494560216
8040 56.9684916608 832.928046906 178.087997566 253.758085792 0.562339766343 0.78620879159 0.996353672134 243.897011979 373.265825494 200692.229692 92 1569.55216251 39.6470751163 38.3339095197 23.3529248837 117.447837503 1.73417450681
8064 56.4165480481 825.951752972 177.498931338 253.766322191 0.565672740978 0.800440045465 2.52093590366 242.346629121 373.276600519 201150.931959 91 1570.58318563 39.6457381384 36.7231167185 23.3542618616 116.416814378 1.72339948203
8088 55.8755164967 818.814868012 178.98884848 253.774523601 0.569143768567 0.812170983234 2.01334059245 242.830821056 373.2855581 201600.610786 90 1571.59572315 39.644824001 32.8528377945 23.355175999 115.404276858 1.7144419013
8112 55.3451912216 812.828257858 177.841179338 253.782690361 0.572715059856 0.830175557023 1.45609403556 243.358324988 373.297579013 202040.362384 89 1572.59010377 39.6441316622 32.7498204926 23.3558683378 114.409896243 1.70242098742
8136 54.8243255142 806.827026887 177.4358198 253.790839555 0.576387127964 0.836172496706 0.892696206198 243.903904615 373.306601905 202472.592513 88 1573.56812217 39.6416286694 31.1358780122 23.3583713306 113.431877839 1.6933980959
8160 54.3144704463 800.858356033 177.285370517 253.798943036 0.580027026837 0.842532528829 1.28719858689 243.491298823 373.316893764 202899.536731 88 1574.52741571 39.6405139977 28.8951483103 23.3594860023 112.472584299 1.68310623665
8184 53.8150612305 791.520923916 178.342894619 253.807005222 0.583697831386 0.850947230502 1.63840404112 243.119945676 373.327294725 203319.404066 88 1575.46896192 39.6431509596 28.9548803743 23.3568490404 111.531038086 1.67270527614
8208 53.3249093076 786.55392342 177.627375076 253.815041832 0.587441287178 0.864226916896 0.947342927687 243.785947038 373.335968705 203730.409405 84 1576.39385822 39.6392843887 28.2232064657 23.3607156113 110.606141789 1.66403129617
8232 52.84375213 782.210996759 178.206320323 253.82305432 0.591212748012 0.871258836786 1.23701989793 243.477454199 373.345575049 204130.887226 81 1577.3036233 39.6379975709 29.4690198318 23.3620024291 109.696376712 1.65442495237
8256 52.370809272 774.293986363 177.593449791 253.831052426 0.594994741943 0.878104452442 2.49967884743 242.196169534 373.355257014 204532.686194 81 1578.1993568 39.6384522053 25.9545913913 23.3615477947 108.800643209 1.64474298672
8280 51.9072648614 768.197944424 177.97941977 253.839012671 0.598820498677 0.887486252602 1.72042981147 242.954250768 373.364034035 204920.86155 80 1579.07862007 39.637409654 27.7319455079 23.362590346 107.921379938 1.63596596636
8304 51.4506310343 765.522636352 177.532695776 253.846974934 0.602660793044 0.892061129359 0.930487090785 243.727816054 373.370005172 205295.94662 79 1579.94559926 39.6324727893 32.3795693778 23.3675272107 107.054400752 1.62999482923
8328 51.0026235715 760.236844193 177.367516499 253.854905677 0.606432630359 0.89526294975 2.11014667507 242.533252069 373.380333224 205671.652293 78 1580.79822582 39.6336081986 34.2688596455 23.3663918014 106.201774187 1.61966677643
8352 50.560563492 758.081867771 178.30717992 253.862849131 0.61024534665 0.904981512204 1.26155216287 243.360371849 373.383828064 206028.244657 75 1581.63986718 39.6269334645 41.2380319938 23.3730665355 105.360132832 1.61617193681
8376 50.1236007997 757.061844162 179.547017309 253.870819308 0.614050501244 0.904014994206 1.4248149934 243.186300204 373.386059544 206380.939215 75 1582.47281449 39.6186165287 42.1418374381 23.3813834713 104.527185518 1.61394045644
8400 49.6941950715 750.522403695 178.584521558 253.878768301 0.617799791024 0.907560048348 0.551115791384 244.044756069 373.394961847 206733.62323 74 1583.29358558 39.6187240419 43.1565615516 23.3812759581 103.706414434 1.60503815439
8424 49.2735554915 742.508010559 178.288908313 253.886669315 0.621490896158 0.911733591145 1.63830470963 242.94180149 373.406664343 207080.680615 71 1584.09908122 39.6223052559 47.9914333315 23.3776947441 102.900918792 1.59333565809
8448 48.8585722812 748.321248202 179.994330641 253.894577416 0.625205035707 0.918437483014 0.704399015411 243.857381051 373.404600481 207403.941413 69 1584.89301898 39.6078581548 52.9281277428 23.3921418452 102.106981034 1.59539952024
8472 48.444661671 745.205426506 179.509880968 253.902579735 0.628922233904 0.919579126523 0.79958906468 243.749329841 373.408453209 207722.944197 69 1585.68689655 39.6043705602 57.476456077 23.3956294398 101.313103459 1.591546792
8496 48.0353045867 746.954593712 179.203014326 253.910608765 0.632627805877 0.924370933759 1.87925833685 242.65313416 373.406996687 208033.934648 69 1586.47225086 39.5910949919 55.4216148646 23.4089050081 100.527749152 1.59300331436
8520 47.6321708551 740.924686906 179.174037198 253.918629799 0.636358445827 0.934844724229 0.92599609765 243.584170935 373.417667628 208342.829784 68 1587.24842824 39.5927502271 59.8847266186 23.4072497729 99.7515717748 1.58233237328
8544 47.2369317453 733.188460546 179.967122439 253.926606542 0.640060310929 0.935574761927 1.95712917888 242.540629208 373.426238275 208646.413532 67 1588.01039986 39.5946192696 67.1699513083 23.4053807304 98.9896001483 1.57376172572
8568 46.8470285265 737.515961746 178.965801936 253.93458691 0.643704206129 0.935031803114 0.974666195592 243.512010887 373.427192357 208937.155063 66 1588.7618353 39.5836664028 70.9120191546 23.4163335972 98.2381647122 1.57280764425
8592 46.4596300784 737.608498089 180.43294734 253.942627341 0.647346142039 0.94255995764 0.981396515691 243.486070045 373.427340002 209219.092191 65 1589.5095995 39.5759108493 73.1246816838 23.4240891507 97.4904005052 1.57265999934
8616 46.0757680641 733.566477738 181.631519506 253.950706202 0.650997007973 0.944897783568 0.995559741252 243.457839267 373.430510316 209496.298579 63 1590.25190491 39.5724641779 71.7652873082 23.4275358221 96.748095102 1.56948968447
8640.0 45.6984368282 725.597299586 180.005446801 253.958758325 0.654618673104 0.949195989759 0.978766090788 243.458660923 373.440910886 209767.768053 93 1590.98325755 39.5751539354 78.8843512173 23.4248460646 96.0167424585 1.5590891153
8664 45.3349067156 698.224786708 179.197537836 253.966621925 0.658147046016 0.952664924344 1.87736068698 242.54520542 373.459439743 210091.170995 93 1591.69114645 39.6010790315 63.9565864496 23.3989209685 95.3088535559 1.54056025823
8688 44.9850227043 683.560993268 179.486351259 253.974290609 0.661590104532 0.95809959353 0.684731413188 243.721288281 373.476046646 210401.360702 93 1592.3720662 39.6143732197 54.2727576355 23.3856267803 94.6279338127 1.5239533556
8712 44.6437690386 674.356499986 178.632383686 253.981866714 0.664949443419 0.957540040524 1.45560158556 242.940042218 373.488564713 210701.776163 91 1593.03630812 39.6213346539 48.5578594915 23.3786653461 93.9636918836 1.51143528876
8736 44.3107170459 664.055309337 177.814904123 253.98935418 0.66826400412 0.96539309337 1.16330156085 243.213687164 373.501250075 211004.290151 89 1593.68530744 39.6283155687 42.044359069 23.3716844313 93.314692571 1.49874992617
8760 43.9843470582 660.445551641 177.5034049 253.996782781 0.671522891245 0.961646583621 0.859303494476 243.510744251 373.50819685 211295.576942 88 1594.32133285 39.6275279861 37.1698371987 23.3724720139 92.6786671589 1.49180315094
