Time EBV Teff Treg ODC_le1 ODC_le2 ODC_le3 ODC_le4 ODC_le5 NK IL2 DAC Resting_Teff Resting_Treg EffectorMemory Resting_Treg_temp Resting_Teff_temp NK_temp
0.0 0 0 0 0 0 0 0 500 375 1000 0 1687 63 0 0 0 0
24 0 0 0 0 0 0 0 500 336.279789971 908.048253598 0 1687 63 0 0 0 38.7202100291
48 0 0 0 0 0 0 0 500 335.391027502 823.849847309 0 1687 63 0 0 0 39.6089724976
72 0 0 0 0 0 0 0 500 334.559882085 745.880698262 0 1687 63 0 0 0 40.4401179151
96 0 0 0 0 0 0 0 500 333.760437385 673.915002205 0 1687 63 0 0 0 41.2395626152
120 0 0 0 0 0 0 0 500 332.995774144 607.703333798 0 1687 63 0 0 0 42.0042258555
144 0 0 0 0 0 0 0 500 332.2684442 546.975994766 0 1687 63 0 0 0 42.7315557996
168.0 1000 0 0 0 0 0 0 500 331.580390823 491.447224652 0 1687 63 0 0 0 43.4196091775
192 587.94283022 2674.42256109 91.5619289612 4.47673168998 18.9970923557 71.5351553232 179.581289232 225.4097314 319.455578209 5741.3447637 0 1039.6715255 41.772295668 0 21.227704332 647.328474501 55.5444217919
216 137.339836323 7007.24208785 168.127379372 78.0349441254 47.3836038671 83.0105400197 141.197032486 150.373879502 264.406602622 463.213777731 0 1394.69263376 38.9706121299 608.113313439 24.0293878701 292.307366237 110.593397379
240 32.8211311262 2387.86057692 178.592631822 171.051523586 34.2850662382 69.4140152469 90.0134845448 135.235910384 278.56801322 224.675133223 0 1604.11795515 38.8567865172 550.139129701 24.1432134828 82.8820448455 96.4319867804
264 16.1732619722 553.741005901 170.789821042 199.334729405 11.0967167688 30.1941238279 68.0850183677 191.289411631 303.428545532 220.187766831 0 1648.87603578 39.0683468367 519.044801888 23.9316531633 38.123964224 71.5714544688
288 12.6232015139 227.621316744 166.738341431 201.000005214 2.86099108738 11.8163532923 47.2664403243 237.056210082 314.928860628 284.776236556 0 1658.19863757 39.490882039 462.925030098 23.509117961 28.8013624318 60.0711393724
312 11.0277640572 159.014973527 164.881792605 201.289316204 0.690678311732 1.08051518396 25.6559163358 271.283573964 318.492371824 345.735298356 0 1661.98772389 39.7450844466 430.322940811 23.2549155534 25.0122761114 56.5076281767
336 9.89957932845 134.182121742 172.278577954 201.405855345 0.755765830678 0.485852752198 20.5317729579 276.820753114 319.111843924 360.186275677 0 1664.55161392 39.7943214161 404.406037299 23.2056785839 22.4483860832 55.888156077
360 9.03136307627 118.110838098 172.676189554 201.509260396 0.774321573547 1.72753964482 13.6836011599 282.305277226 319.964212532 370.812735693 0 1666.52798148 39.8699802083 393.979301203 23.1300197917 20.4720185189 55.0357874681
384 8.27311956507 110.684475557 167.828642394 201.611731628 0.784182063301 0.826909222533 19.3015053781 277.475671708 320.066405672 359.178880568 0 1668.22771704 39.826135311 387.651319073 23.173864689 18.7722829571 54.9335943285
408 7.62142508743 102.776585708 167.842251437 201.707621488 0.77404527895 0.458417626457 10.4028847415 286.657030865 319.896625795 337.346192912 0 1669.69934965 39.8325403689 379.000587488 23.1674596311 17.3006503485 55.1033742052
432 7.08134967718 93.7794233051 166.700906895 201.793089188 0.77801339148 0.684981663124 12.4775441668 284.26637159 320.297817078 326.841645713 0 1670.92569643 39.8707519106 372.435499199 23.1292480894 16.0743035746 54.7021829229
456 6.62279136301 80.810565846 164.865926206 201.871210069 0.768011733149 0.588592527121 8.3302841239 288.441901547 320.582266949 327.604104804 0 1671.9707831 39.9622383621 363.614759365 23.0377616379 15.0292168958 54.4177330517
480 6.23133994979 78.7059991466 161.636007167 201.941175289 0.755350132863 0.515657764499 13.4765861799 283.311230634 320.834671368 332.093381641 0 1672.85676889 39.9676428796 343.204668483 23.0323571204 14.1432311051 54.1653286325
504 5.87618236792 80.0482744667 158.130359215 202.007907722 0.771332339897 1.28146634078 9.8641602291 286.075133368 320.6991576 306.602926421 0 1673.65458045 39.9095938821 346.411064984 23.0904061179 13.3454195519 54.3008424002
528 5.56110475557 62.7202764522 159.473025162 202.071591549 0.771115964634 0.993083760946 8.81796207526 287.34624665 321.187137596 310.548118307 0 1674.37988495 40.1066355538 339.864474877 22.8933644462 12.6201150536 53.8128624041
552 5.30288765795 66.1732024539 159.02826192 202.126870438 0.7673604489 0.513105310589 8.81373822649 287.778925576 321.132390579 311.992513457 0 1674.96057732 40.0230659671 325.698121941 22.9769340329 12.0394226833 53.8676094211
576 5.04892988147 59.7812267585 159.721534433 202.183173927 0.769553336566 1.08672755647 9.35991660849 286.600628571 321.083615229 302.349167245 0 1675.53651446 40.081973449 316.326480112 22.918026551 11.4634855385 53.9163847714
600 4.82365036857 50.8151256953 159.771441124 202.234911463 0.747447631761 0.699938799639 8.38202237616 287.935679729 321.350470925 293.247563458 0 1676.05180103 40.2176035489 314.733921583 22.7823964511 10.9481989659 53.6495290753
624 4.63336205808 49.63122193 166.808548231 202.280153432 0.754734650098 1.02923722198 4.49601590294 291.439858793 321.027214339 280.681310474 0 1676.48197869 40.2161535734 306.611056177 22.7838464266 10.5180213128 53.972785661
648 4.46262916376 46.1098000948 157.167546078 202.322805355 0.748236855599 0.283583299762 6.60169566338 290.043678826 321.331009711 279.805616695 0 1676.87102905 40.2918765076 307.765232769 22.7081234924 10.1289709525 53.6689902891
672 4.29462873674 49.0346792881 156.67166809 202.365276789 0.7307987178 0.612209367427 7.9597917471 288.331923379 321.148044935 270.140451804 0 1677.24750431 40.1921881588 300.762670278 22.8078118412 9.7524956914 53.8519550659
696 4.14189398314 43.0652599021 157.887673424 202.405011714 0.735063442594 0.00837758586744 7.16155166806 289.68999559 321.24726598 269.985389274 0 1677.59554012 40.2843721948 292.106027974 22.7156278052 9.40445988202 53.75273402
720 4.00520137439 41.9518313087 154.69731045 202.441267984 0.708888754705 0.393606348541 8.30430644335 288.15193047 321.362116857 271.614501957 0 1677.90513534 40.2817975415 284.002284979 22.7182024585 9.09486465868 53.6378831435
744 3.87531745645 45.2159355403 156.685063442 202.476074804 0.701604954824 0.71090760502 7.26557978798 288.845832848 321.274827286 259.334021727 0 1678.19812558 40.2473416496 279.90169492 22.7526583504 8.80187442447 53.7251727146
768 3.74978603442 39.5050453765 155.047034885 202.51088534 0.710626642542 1.05131269989 7.11327205438 288.613903263 321.416133746 263.480457717 0 1678.48378937 40.3118762577 267.970687295 22.6881237423 8.51621062857 53.5838662547
792 3.63307671916 36.3918343954 154.365110214 202.544026315 0.689142382163 0.375195372417 3.50603499496 292.885600936 321.417113425 259.511607268 0 1678.74926722 40.4067463011 262.238451404 22.5932536989 8.25073278303 53.5828865756
816 3.53015934819 33.8900002613 155.772394569 202.573478701 0.67828908812 0.497069319744 2.99832716211 293.252835729 321.451940209 256.414292278 0 1678.98335774 40.448773335 257.192239515 22.551226665 8.01664225881 53.5480597911
840 3.43738557523 34.2401902351 154.782691003 202.600457934 0.673305592952 0.619052701237 4.54237721128 291.56480656 321.454315749 253.09067188 0 1679.19404097 40.470533447 251.947958279 22.529466553 7.80595902553 53.5456842516
864 3.34338300077 37.4881388816 149.691831876 202.628460085 0.674281531774 0.763054006578 3.50830228923 292.425902088 321.454180309 247.028836498 0 1679.40444371 40.328377412 247.447301261 22.671622588 7.59555629392 53.5458196916
888 3.24958408456 32.3710851942 150.815701265 202.657374406 0.682088532178 0.978360471053 6.63107478425 289.051101806 321.377690722 239.088189245 0 1679.61836548 40.4596546743 246.345179087 22.5403453257 7.38163452016 53.6223092782
912 3.17180785574 27.4812326144 152.679054161 202.681965831 0.666877248349 0.160394981948 6.01864462409 290.472117315 321.537933843 239.579566954 0 1679.79760662 40.6864586019 243.628723812 22.3135413981 7.2023933759 53.4620661571
936 3.1004410707 28.1511670101 148.445601738 202.704473289 0.652687061945 0.313442183201 5.81396120614 290.51543626 321.695092749 245.985591012 0 1679.95930755 40.6889880087 235.554122147 22.3110119913 7.04069244982 53.3049072517
960 3.02492261009 28.7833710391 151.703812038 202.728424806 0.643471056696 0.481703533088 4.4052998473 291.741100757 321.207000083 227.65319919 0 1680.12798362 40.5250671409 235.004415923 22.4749328591 6.87201638051 53.7929999179
984 2.95340490503 30.4744601404 151.562235447 202.751450459 0.640504904419 0.618708398792 3.71681024375 292.272525994 321.118254722 215.851448175 0 1680.28981296 40.4910430705 231.808798179 22.5089569295 6.71018704333 53.8817452787
1008 2.88649152996 27.0071243523 145.421492792 202.773476662 0.641723495053 0.742766855208 3.59460050293 292.247432485 321.387943837 217.092601416 0 1680.44232526 40.593189373 233.869961313 22.406810627 6.557674737 53.6120561636
1032 2.82357075588 26.3013494582 144.82703438 202.794763047 0.64648669716 0.827695966515 4.15102082439 291.580033465 321.435483586 218.185335803 0 1680.58549403 40.6394111204 230.155731696 22.3605888796 6.41450597348 53.5645164148
1056 2.76350539265 25.1033264987 144.793217161 202.815733617 0.654593943426 0.957154113781 2.36948889119 293.203029434 321.546665278 220.596742575 0 1680.72196044 40.6965961878 225.849341037 22.3034038122 6.27803956264 53.4533347226
1080 2.70557854733 28.8113155683 146.406872932 202.836694518 0.664453410835 0.026456198869 5.56053616834 290.911859704 321.387168376 210.897500479 0 1680.85170151 40.5241709956 226.780322893 22.4758290044 6.14829849403 53.6128316247
1104 2.64839275814 24.6596876666 147.300563884 202.857691649 0.6467908347 0.149975559194 1.80452924646 294.541012711 321.324796991 209.479476899 0 1680.98224983 40.6396730386 224.979285001 22.3603269614 6.01775016941 53.6752030091
1128 2.59734999691 22.4769283977 150.154402218 202.876371281 0.633388816669 0.216712103042 2.31041423927 293.96311356 321.222704537 206.375898593 0 1681.09909548 40.7873443911 219.486891674 22.2126556089 5.90090452209 53.7772954634
1152 2.54756372678 22.8812900623 147.260993232 202.894596734 0.622667354979 0.305255628512 3.71820693743 292.459273345 321.390645414 204.457254949 0 1681.21150736 40.7451032393 217.299916494 22.2548967607 5.78849264037 53.6093545862
1176 2.50150691216 22.7347808385 143.797045533 202.91152735 0.615073703656 0.3870078761 3.64019905179 292.446192019 321.394739798 205.40806742 0 1681.31621012 40.7671284695 215.408776377 22.2328715305 5.68378988184 53.6052602026
1200 2.45307400736 21.5275046959 150.046303574 202.929483121 0.609907413544 0.474119624996 2.12212357771 293.864366262 321.064041858 195.088508594 0 1681.42603713 40.809445263 210.754551259 22.190554737 5.57396286931 53.9359581427
1224 2.40785923152 20.6988165142 144.716593122 202.946459647 0.607173750131 0.552061615315 3.19628914112 292.698015847 321.162723658 192.743874746 0 1681.52896458 40.8770475678 207.410228235 22.1229524322 5.47103542014 53.8372763423
1248 2.36631667325 19.1456037949 145.969771047 202.962299354 0.606660088848 0.617426554831 1.75817781359 294.055436189 321.173457627 190.14758775 0 1681.62364234 40.9846295893 204.386567756 22.0153704107 5.37635765558 53.8265423734
1272 2.32641916687 19.4478291471 141.789226351 202.977781805 0.607579371137 0.67136267752 1.16182186058 294.581454286 321.355535696 191.042843143 0 1681.71368138 40.9223291606 204.457743591 22.0776708394 5.28631862084 53.644464305
1296 2.28822808409 19.6766110322 151.92597078 202.992891767 0.609807474567 0.723585054959 1.36475335089 294.308962352 320.775127995 176.557285462 0 1681.79982151 40.8508987384 200.722913367 22.1491012616 5.20017848595 54.2248720056
1320 2.25031009486 20.3758544015 143.478364321 203.008216908 0.613285162082 0.780820996647 2.62271903598 292.974957897 321.011446949 176.122055375 0 1681.88587939 40.8664734193 198.279735531 22.1335265807 5.11412061343 53.9885530517
1344 2.21330021198 20.8744637185 141.428496328 203.02353106 0.618286623256 0.850136766103 2.79530041576 292.712745135 321.082237132 175.71263259 0 1681.96922473 40.7416571356 197.946333466 22.2583428644 5.03077527059 53.9177628684
1368 2.17817964846 17.9307690498 143.235055307 203.038435367 0.624264614927 0.894318874855 2.75450661269 292.68847453 321.038414149 174.075358862 0 1682.05004244 40.9980587258 194.768089036 22.0019412742 4.94995755765 53.9615858517
1392 2.14570884595 18.4976704332 140.583929011 203.052570998 0.630679196557 0.922962777426 2.31161421162 293.082172816 321.151859335 173.705609288 0 1682.12360886 40.9755761762 194.736424805 22.0244238238 4.87639114164 53.8481406656
1416 2.11377706676 17.4826864318 142.113566975 203.066831398 0.637641664399 0.977658197721 3.80257298356 291.515295757 321.100915106 173.731986505 0 1682.19614711 41.0103610638 190.854490264 21.9896389362 4.80385288701 53.8990848944
1440.0 2.08255549244 20.4075523833 140.782252627 203.081151106 0.644774629071 0.014017333403 3.27887120974 292.981185722 321.256839171 173.576200172 30 1682.26671341 40.9342318673 188.20532517 22.0657681327 4.73328658867 53.7431608291
1464 2.05274875873 16.1764898356 135.905576247 203.094952633 0.632042357117 0.0895037356728 3.53130775807 292.652193517 321.686335652 189.3233315 30 1682.33525082 41.1639221839 183.742100852 21.8360778161 4.66474917708 53.3136643485
1488 2.0261843313 15.7145636326 132.913097388 203.107202668 0.622142998523 0.14958152821 4.1926766009 291.928396204 322.010921994 203.854749087 30 1682.39576152 41.222463056 179.503259528 21.777536944 4.60423848089 52.9890780057
1512 2.0000272018 15.8620226796 134.275674336 203.119243568 0.613605841437 0.199379448914 2.85697163765 293.210799504 322.157324734 213.367941215 29 1682.4548686 41.1676071648 175.471838422 21.8323928352 4.54513140215 52.8426752663
1536 1.97429034095 15.3934752892 133.163562409 203.131089814 0.606035879232 0.233206793826 1.53222298007 294.497444533 322.332795002 223.370485566 29 1682.51343589 41.2243962462 171.635101015 21.7756037538 4.48656411003 52.6672049979
1560 1.94964194157 15.4155676444 134.814318861 203.142446871 0.59941506873 0.267771422636 2.03189017788 293.95847646 322.381239094 228.897597059 28 1682.56922424 41.1920466573 167.978998819 21.8079533427 4.430775761 52.6187609062
1584 1.92583662748 15.6060807075 133.587397873 203.153439301 0.593738993267 0.303362094194 1.40412042748 294.545339184 322.494296055 234.321835267 27 1682.62326433 41.1869175261 165.479669575 21.8130824739 4.37673567334 52.5057039449
1608.0 1001.90200379 14.8257055156 133.234676255 203.164480781 0.588630860952 0.335188015475 2.85625883157 293.055441512 322.581785026 238.814639141 27 1682.677424 41.2508138442 163.108215107 21.7491861558 4.32257600127 52.418214974
1632 552.137006366 3187.24079551 142.502386698 204.189368738 3.90783795763 21.3224149516 74.8214044729 195.758973881 310.818588058 4640.51473465 26 1054.27641575 41.2497762909 152.783308441 21.7502237091 632.723584251 64.1814119418
1656 260.795222956 3951.31239847 167.417206435 211.851618465 8.75794711222 27.3168421123 75.5612549359 176.512337375 311.510482311 6059.36810158 26 1266.31094937 39.6685214234 281.202033075 23.3314785766 420.689050628 63.4895176893
1680 125.735520231 3504.57942546 190.746349432 223.082338201 9.6024052356 27.1858740951 74.7726736153 165.356708854 313.729706359 5938.05235937 26 1438.33067233 39.2012224426 422.556792989 23.7987775574 248.669327667 61.2702936414
1704 66.1517477259 2569.64519467 195.538531917 231.157960226 8.35400748849 26.8739416155 64.748115424 168.865975247 318.218081263 5280.12391373 25 1543.06804438 39.0422507498 548.459108587 23.9577492502 143.931955625 56.7819187367
1728 38.6795248859 1774.54477105 191.36228042 237.06803612 5.56361722359 20.4651926844 56.2121854655 180.690968508 322.035171538 4408.28993449 25 1599.43205493 38.9803015265 670.54770851 24.0196984735 87.567945072 52.9648284624
1752 25.464185238 1152.33727489 195.839917084 240.092548726 4.78931953717 11.2858034522 48.7415910159 195.090737269 326.769278513 3751.15140118 23 1628.79522117 38.9868060589 707.005758697 24.0131939411 58.2047788356 48.2307214872
1776 18.5761074759 741.469594598 203.155952728 241.29546013 1.87679840524 6.86056400477 42.1904381335 207.776739328 330.099474946 3224.5304358 23 1644.54013679 39.0307125596 722.464290935 23.9692874404 42.459863208 44.9005250542
1800 14.7991366398 502.028692483 188.146813643 241.802263289 1.55714765694 4.55025943424 30.8602304462 221.230099175 332.99599846 2892.47091279 23 1653.27565348 39.1028423559 719.351216716 23.8971576441 33.7243465169 42.0040015397
1824 12.4410281604 373.36187383 196.201338799 242.043803024 0.949839552393 1.52252446221 17.9622847729 237.52154819 334.228055551 2640.48656958 22 1658.70581341 39.176658791 681.117025173 23.823341209 28.2941865961 40.7719444491
1848 10.8170437519 286.170247438 191.864202634 242.253807037 1.02086131262 1.5006672671 19.0546504427 236.170013942 334.906663322 2434.79334455 21 1662.42657765 39.2491093044 652.772328799 23.7508906956 24.5734223515 40.0933366776
1872 9.65584911924 224.892674921 186.796493941 242.293797657 0.315786417803 1.57327103991 21.7655098985 234.051634988 335.418560339 2291.14527975 21 1665.08731599 39.3308916734 607.519466929 23.6691083266 21.9126840105 39.5814396612
1896 8.76904213377 194.539500034 187.871723382 242.351817974 0.507300407241 1.73242984102 17.8766488031 237.531802976 335.257856982 2132.61411816 21 1667.10146627 39.3782172749 586.367777837 23.6217827251 19.8985337354 39.7421430183
1920 8.05686444242 160.429101103 183.920063905 242.424094651 0.613449670905 0.242560767886 12.9799116297 243.739983282 335.178847913 2010.76211459 21 1668.72589273 39.4595036287 562.690433032 23.5404963713 18.274107269 39.8211520873
1944 7.47526496006 150.998474187 176.977065015 242.493787215 0.639713641778 0.768798848424 12.5143936938 243.583306602 334.843638768 1897.39735734 20 1670.03783903 39.4631766296 535.185635518 23.5368233704 16.9621609705 40.1563612317
1968 6.94767866436 134.550841793 177.103050787 242.566076487 0.67024093845 0.844448747501 9.24956140627 246.669672422 334.411335911 1776.93998342 20 1671.23055632 39.4992905816 511.810375328 23.5007094184 15.7694436858 40.5886640891
1992 6.51091320537 117.118375605 172.615683843 242.631577904 0.666221176743 0.669566568935 8.41816694152 247.614467409 334.112880986 1678.63767421 20 1672.22507268 39.5677946154 493.220691462 23.4322053846 14.7749273261 40.8871190138
2016 6.14149444449 102.745393144 174.92384802 242.690192937 0.660540714157 0.404412912212 11.2784717564 244.966381681 333.649708838 1579.65430861 20 1673.06478685 39.6280939387 479.310222441 23.3719060613 13.9352131505 41.3502911617
2040 5.81608680621 98.7977172097 180.500563758 242.744111276 0.667847318788 0.982037339252 5.89554839458 249.710455673 332.834968517 1471.92815101 20 1673.80139942 39.6559595028 462.463352561 23.3440404972 13.1986005822 42.1650314834
2064 5.54188680333 77.97951371 178.635340286 242.792837927 0.665780558463 0.458688325487 7.38713391847 248.695559271 332.776791671 1405.80549459 20 1674.43255565 39.8354266774 441.50536006 23.1645733226 12.5674443545 42.2232083287
2088 5.30022264812 78.5653713009 175.527317091 242.837166548 0.664037124905 0.840099562104 7.65258544047 248.006111325 332.153796364 1322.99376089 20 1674.97310558 39.7789545555 428.687512298 23.2210454445 12.0268944207 42.8462036363
2112 5.07208988212 70.5019249441 168.851709941 242.880947069 0.653243268533 0.359977436787 3.43982053506 252.666011691 331.731145648 1251.65667336 20 1675.49074342 39.847728909 417.493738267 23.152271091 11.5092565832 43.2688543522
2136 4.86549854474 71.1813947244 169.979130524 242.921326626 0.645298604702 0.70329449409 6.65221048175 249.077869795 331.060095116 1173.72634044 19 1675.95657429 39.8285132301 399.57271161 23.1714867699 11.0434257137 43.9399048844
2160.0 4.66986772821 66.2060961338 164.430014951 242.961394177 0.657209138374 0.0542313301422 8.57827538187 247.748889973 330.663050239 1107.24451597 49 1676.3979335 39.84472916 388.817462547 23.15527084 10.6020664976 44.3369497608
2184 4.5109735627 51.2495408741 151.623836135 242.994892396 0.635658187986 0.363192847354 6.23728428892 249.76897228 331.357235071 1107.35811231 48 1676.76894255 40.141758152 361.870633562 22.858241848 10.2310574431 43.6427649287
2208 4.3784591753 46.9806960579 148.376934522 243.023125208 0.628061349797 0.524540619857 3.31815885739 252.506113966 331.580939987 1101.59810252 47 1677.07109345 40.2381961255 338.225726902 22.7618038745 9.92890654663 43.4190600129
2232 4.25793617365 44.6210444802 146.466289064 243.049367157 0.626370190871 0.650289058171 3.72544076579 251.948532829 331.642221915 1093.24730169 47 1677.34428973 40.285913253 318.318497332 22.714086747 9.65571027104 43.3577780853
2256 4.14073515273 43.469778551 145.704206519 243.075649945 0.629923865281 0.760271136902 3.14684824184 252.387306812 331.548345435 1077.50979421 46 1677.6087725 40.2972290256 299.744792233 22.7027709744 9.39122750124 43.4516545649
2280 4.03227667148 41.5658049907 146.428176331 243.100864572 0.637454230893 0.882001634197 3.00844246657 252.371237096 331.437281125 1059.77270329 46 1677.85396431 40.3180128047 283.226000701 22.6819871953 9.14603568688 43.5627188748
2304 3.93283894295 38.4700793067 145.141600827 243.124927376 0.647896029328 0.962404362648 3.34161552663 251.923156706 331.372693119 1043.67500192 44 1678.08024241 40.4155667071 267.525961961 22.5844332929 8.91975758411 43.6273068807
2328 3.83897574003 37.266579092 146.087383732 243.148607166 0.654669740266 0.0470957717175 4.36435536951 251.785271953 331.140381964 1017.80349014 42 1678.2923611 40.4354787305 256.347489984 22.5645212695 8.70763890221 43.8596180357
2352 3.75144616714 36.684564924 146.180424273 243.170928924 0.636697020552 0.195819564454 3.91725423867 252.079300253 331.008273238 996.532963209 41 1678.49017758 40.4428277151 243.391201793 22.5571722849 8.50982242002 43.9917267619
2376 3.66771146768 34.1210823776 145.98387888 243.192263759 0.624147079997 0.30495550567 2.34723543435 253.531398221 330.761088205 971.478349583 41 1678.68019744 40.5250172747 233.58064862 22.4749827253 8.31980255467 44.2389117948
2400 3.5857862834 34.9027722363 144.27166949 243.213254918 0.61563934604 0.43884885705 5.72262574492 250.009631134 330.52178461 945.656848015 41 1678.86383903 40.445363494 223.784397137 22.554636506 8.13616097093 44.4782153903
2424 3.50709820011 33.0265649318 144.625412676 243.233663365 0.611010469596 0.495276018617 2.08837046619 253.571679681 330.265923297 918.596281549 41 1679.042315 40.5081449893 214.853724694 22.4918550107 7.95768499791 44.734076703
2448 3.43389741708 32.2236443361 143.64069657 243.252946879 0.608253342611 0.549253804635 2.03523738361 253.55430859 330.043470819 891.405252663 40 1679.2079535 40.5268854844 208.632712914 22.4731145156 7.79204649663 44.9565291809
2472 3.3636304015 30.5132311136 142.901980511 243.271793617 0.607627354652 0.64024816539 4.7418244267 250.738506436 329.860773404 867.110495106 40 1679.36744786 40.5986470566 202.070724938 22.4013529434 7.63255214193 45.1392265953
2496 3.29670738181 31.443871041 142.139484506 243.290133665 0.609424073351 0.699405303816 3.28355319011 252.117483768 329.63972958 842.682525975 40 1679.51819891 40.5426007395 195.123569061 22.4573992605 7.48180109084 45.3602704195
2520 3.2306111588 29.470897977 142.645979597 243.308695215 0.612708764793 0.736422712822 0.923805624646 254.418367683 329.330183429 815.763273927 40 1679.66776732 40.5969155184 190.627962847 22.4030844816 7.33223268123 45.6698165703
2544 3.17000531113 27.6981146501 141.370068953 243.326155105 0.616742331897 0.778123438712 3.05007288633 252.228906239 329.224294568 795.940802267 40 1679.80588372 40.700712911 184.605126822 22.299287089 7.19411627609 45.775705432
2568 3.11096664436 28.2545041612 140.880100908 243.343622027 0.622429628857 0.858315458478 3.0406266471 252.135006239 329.000552925 773.21937672 40 1679.93902949 40.6726245724 179.067858437 22.3273754276 7.06097050833 45.9994470744
2592 3.05497023462 25.6854722362 141.708988346 243.360674528 0.629548241143 0.90852889476 1.84312587893 253.258122458 328.792271368 752.736808448 40 1680.06654406 40.7936958043 173.946951335 22.2063041957 6.93345593415 46.2077286322
2616 3.00153649412 26.5905318999 141.592310908 243.37744107 0.637633285928 0.969879336928 2.42168706241 252.593359245 328.524044763 730.550644635 40 1680.18669712 40.7127489342 168.237434602 22.2872510658 6.81330288076 46.4759552366
2640 2.94858130454 24.8014897099 142.252752352 243.39458485 0.646547125417 0.982608020275 2.15257700173 252.823683003 328.237954197 707.069272535 40 1680.30694452 40.8019181296 163.874748642 22.1980818704 6.6930554791 46.7620458029
2664 2.89739509426 24.1085792566 140.583324298 243.411608398 0.643344737417 0.0464632187186 2.70668671301 253.191896934 328.061621678 685.134401242 39 1680.4228605 40.8353297476 160.837097991 22.1646702524 6.57713949384 46.9383783216
2688 2.84693406962 25.8050524407 139.626350549 243.428367865 0.629042285002 0.144616840439 4.24819940993 251.5497736 327.839043459 661.818030009 39 1680.5361035 40.7130723422 158.98800509 22.2869276578 6.46389649441 47.1609565407
2712 2.79871973631 23.9315440873 140.41340607 243.444337729 0.617947909341 0.221860123152 2.63649822315 253.079356016 327.584541749 642.224749376 38 1680.64605113 40.8477790397 154.383376312 22.1522209603 6.35394887041 47.4154582507
2736 2.75130083728 23.1490745846 142.222569024 243.460050342 0.608171962606 0.240959177143 1.14070425949 254.550114259 327.261256459 620.176761321 38 1680.7529656 40.8248802208 150.068274608 22.1751197792 6.24703439759 47.738743541
2760 2.70623609767 22.2156097919 140.641275242 243.475008817 0.599773228099 0.297359857522 3.34823724089 252.279620857 327.120316742 601.845243399 38 1680.85536408 40.8926709163 146.018169909 22.1073290837 6.14463592087 47.8796832581
2784 2.66237505615 22.1752862691 140.026149569 243.489622605 0.592853503879 0.33199647138 1.52858291305 254.056944507 326.894120811 583.048792204 38 1680.95444975 40.8708726176 142.209793391 22.1291273824 6.0455502494 48.1058791892
2808 2.62053417 21.1397474315 138.316790899 243.503637772 0.586972162362 0.359048894357 2.53074445796 253.019596713 326.783368236 567.748694301 38 1681.04956776 40.951821464 139.592708543 22.048178536 5.95043223754 48.2166317634
2832 2.58104987905 20.3271713476 139.054792346 243.516951468 0.582505793421 0.41221808638 2.22556476574 253.262759887 326.574985793 550.968749535 36 1681.13928009 41.0182629529 136.168204585 21.9817370471 5.86071991092 48.4250142069
2856 2.54292883413 20.7523600527 139.176833685 243.529915161 0.579306669039 0.454615213395 1.82297227716 253.61319068 326.322150306 531.786902305 35 1681.22518958 40.9521032048 134.915022501 22.0478967952 5.77481041332 48.6778496939
2880.0 2.50455178012 19.7985884041 138.487130619 243.543098876 0.576719051877 0.472527904034 1.59212481515 253.815529353 326.206058065 517.270350371 65 1681.31231427 41.0238105736 132.768764563 21.9761894264 5.6876857227 48.7939419348
2904 2.46874402697 19.7162960022 136.151430923 243.555534122 0.57476820712 0.500803565081 3.03111904388 252.337775062 326.134124186 508.443181512 64 1681.39341947 41.0116874534 129.75688984 21.9883125466 5.60658052752 48.8658758135
2928 2.43409575936 18.9949813536 135.230041159 243.567705311 0.573491086084 0.531314338573 3.36206886909 251.965420396 326.091252419 500.566660493 63 1681.47216613 41.0789514742 126.900418449 21.9210485258 5.52783386199 48.9087475813
2952 2.40065085064 18.6476032674 134.792156808 243.579599381 0.572802461005 0.547730558884 1.60538565396 253.694481945 326.01674701 492.639117855 62 1681.54795634 41.0990432932 124.187571824 21.9009567068 5.45204365742 48.98325299
2976 2.36813933539 18.3134339088 135.242765083 243.591311436 0.572577674744 0.581526414259 1.73606594416 253.518518531 325.898712903 483.738988001 61 1681.62162012 41.1171995517 121.608024117 21.8828004483 5.37837987459 49.1012870966
3000 2.33657383953 17.9906488936 134.878306807 243.602840445 0.573067551289 0.608010883678 0.796467655817 254.419613464 325.801790014 475.018611043 61 1681.69315517 41.1367253716 119.152422699 21.8632746284 5.30684482385 49.1982099856
3024 2.30581823604 17.7262400591 134.317857555 243.61423817 0.573976960043 0.644288904161 4.77140628674 250.396089679 325.730805425 467.33774885 60 1681.76282515 41.1491064626 116.812253649 21.8508935374 5.23717484195 49.2691945748
3048.0 1002.27521809 17.5675767636 134.659613277 243.62575957 0.576087440458 0.705421240881 1.73445926728 253.358272481 325.594744117 457.827605424 57 1681.83204457 41.1433424065 114.580131239 21.8566575935 5.16795542447 49.4052558833
3072 600.503217411 2600.06364146 136.47471222 244.492453326 1.57148943427 14.3644382023 58.7059062427 180.865712794 319.753359599 5722.13518879 57 1034.16369542 41.9144452951 41.0669616834 21.0855547049 652.836304572 55.2466404016
3096 358.538131045 2828.02340844 154.159995582 246.817589847 3.78030644596 13.2332454293 54.9509480282 181.217910249 329.539819544 9285.399903 57 1185.80601198 40.4750453417 60.2493478249 22.5249546583 501.193988013 45.4601804562
3120 239.184238454 2501.74617279 162.439123796 248.601251509 3.14970800779 8.92856966499 51.4783105703 187.842160247 338.071380927 11918.8961999 57 1300.37779125 40.0257453919 63.7357748267 22.9742546081 386.622208741 36.9286190734
3144 175.550990532 2111.28287504 168.706775108 249.814993808 2.57930007009 9.55464566136 39.4289868168 198.622073643 344.579994329 13889.8322576 56 1378.47656969 39.8476428489 75.0778047742 23.1523571511 308.523430303 30.4200056717
3168 137.658954027 1796.79423769 171.301665824 250.417716412 0.646813277533 4.3204683355 26.3905852619 218.224416712 349.101079575 15389.4690319 56 1432.13940134 39.7546777801 92.4107368311 23.2453222199 254.860598657 25.8989204253
3192 113.123829525 1550.20930889 173.216374474 250.65994768 0.583194712186 5.3341771505 22.0365057481 221.386174709 352.424479413 16596.4075513 56 1470.21410475 39.7067423701 93.7682148423 23.2932576299 216.785895242 22.5755205874
3216 96.1096908496 1346.01937229 176.994999358 250.87104689 0.981379681104 1.02695450335 21.5493234213 225.571295504 354.911851591 17587.6992944 56 1498.29542932 39.6843083665 93.0964856382 23.3156916335 188.704570674 20.0881484098
3240 83.6992580742 1191.30527553 179.2430271 250.941503176 0.272717547112 1.79405159513 16.516647852 230.475079829 356.748613426 18411.1392365 56 1519.68112499 39.6693750468 85.0174629862 23.3306249532 167.318875008 18.2513865739
3264 74.2579891565 1066.72843584 175.98357124 251.023478042 0.624018809696 1.73870497378 23.952198863 222.661599311 358.20767863 19104.9824711 56 1536.48741022 39.6604051322 88.0225534674 23.3395948678 150.512589775 16.7923213703
3288 66.8138896595 974.365416027 175.544791869 251.137936317 0.772002895574 1.00894957416 19.9522564223 227.12885479 359.313861657 19690.5922389 55 1550.06470757 39.6487015213 105.095486363 23.3512984787 136.935292427 15.6861383433
3312 60.7899819887 890.326987113 181.034626309 251.247959366 0.769516642739 0.898493622099 9.00380388345 238.080226485 360.197818935 20210.5441617 55 1561.28429837 39.6441104185 110.124317921 23.3558895815 125.715701626 14.8021810656
3336 55.7839536086 834.846543343 178.224159029 251.347217265 0.761331720945 0.324747743754 13.8386382457 233.728065025 360.886705771 20652.2062336 54 1570.74819292 39.6260134288 108.402355341 23.3739865712 116.251807074 14.1132942297
3360 51.541743056 778.423371732 179.427971198 251.437593363 0.768165524824 0.643826162213 13.3137099132 233.836705037 361.504478683 21037.092439 53 1578.89245694 39.6219170878 105.153228456 23.3780829122 108.107543049 13.4955213178
3384 47.8973240506 735.531517002 178.007477824 251.522738763 0.777810753952 0.975854275587 8.6170700145 238.106526193 361.986167137 21365.2905183 52 1585.96451715 39.6060183158 101.898212378 23.3939816842 101.03548284 13.0138328632
3408 44.7281998952 688.530937859 177.112246417 251.601692206 0.757132524575 0.799022690788 10.2273475954 236.614804983 362.459204608 21640.8605679 52 1592.19074757 39.6074079537 113.38528291 23.3925920463 94.8092524277 12.5407953923
3432 41.9679486776 658.229361178 177.795912433 251.675073375 0.776878810347 0.455707081959 10.2914616715 236.800879061 362.807021962 21882.2807257 50 1597.65318267 39.5925206103 113.925946565 23.4074793897 89.3468173231 12.1929780382
3456 39.4701388055 644.532931599 178.005813036 251.746265981 0.780266846974 1.13440363025 8.49239524519 237.846668296 362.995830495 22050.1413516 48 1602.62270005 39.5590505019 126.653237881 23.4409494981 84.3772999447 12.0041695055
3480 37.1732369393 629.954914948 178.873760932 251.816164152 0.777340554088 1.11873385782 11.5760736651 234.711687771 363.089346677 22167.7009042 47 1607.22207034 39.5213671942 143.608762456 23.4786328058 79.7779296544 11.9106533235
3504 35.0869976403 602.604719023 180.234211707 251.885706108 0.828977300103 0.820299515687 7.23901907225 239.225998004 363.325836924 22264.8522898 47 1611.45042824 39.5142905439 154.311604869 23.4857094561 75.5495717541 11.6741630767
3528 33.2008476687 577.978005801 182.024663726 251.954731269 0.825853837536 0.331068557437 7.51233502285 239.376011313 363.515181517 22342.6384871 47 1615.29524532 39.5039804206 154.47343492 23.4960195794 71.7047546729 11.4848184833
3552 31.4966827959 548.183095488 184.660553831 252.019090337 0.810533170863 0.913155640364 9.73961061151 236.517610239 363.716528411 22404.0452457 47 1618.79357218 39.5030644687 153.677065397 23.4969355313 68.2064278139 11.2834715895
3576 29.9612277779 515.856642574 186.223300354 252.079496609 0.793451984538 0.568984760252 5.82577059696 240.732296049 363.935572385 22440.1546114 46 1621.96679077 39.5138347975 162.237507148 23.4861652025 65.0332092199 11.0644276149
3600.0 28.568765865 501.391675083 180.482925184 252.136003883 0.796422414377 1.12215180027 10.1803698085 235.765052093 364.069590287 22462.3473085 75 1624.84568267 39.4956504762 163.017743386 23.5043495238 62.154317329 10.9304097136
3624 27.3749816494 428.436113513 175.900681325 252.186771851 0.784064901099 0.614791439614 6.89738313384 239.516988673 364.607816292 22597.9483792 75 1627.37059438 39.5995837335 129.556373726 23.4004162665 59.6294056202 10.392183709
3648 26.3600500747 389.349480349 173.923994837 252.231087148 0.782838461825 0.917372098895 6.16092420092 239.90777809 364.943940329 22707.6068572 73 1629.50581273 39.653057116 105.726519071 23.346942884 57.4941872737 10.0560596712
3672 25.4607878278 365.400935951 174.132602976 252.272147942 0.795961304833 1.10796359864 2.47517797916 243.348749174 365.161563722 22791.646937 72 1631.39653887 39.6865759545 92.6642441115 23.3134240455 55.6034611271 9.83843627824
3696 24.6344023134 350.479761955 173.038334016 252.31185737 0.799657485126 0.309740031213 6.16161206506 240.417133048 365.293663176 22856.5204065 72 1633.13178344 39.6948399156 83.5793870797 23.3051600844 53.8682165587 9.70633682436
3720 23.8657900649 338.683624117 172.201190594 252.349404293 0.781150914254 0.485497209682 5.49131625403 240.892631328 365.405059265 22904.4720723 71 1634.7489285 39.6994829047 79.2372296119 23.3005170953 52.2510715018 9.59494073519
3744 23.1429737978 325.859225025 172.713429407 252.385197339 0.772172741122 0.668324097775 4.43327610078 241.74102972 365.495446247 22941.1642112 70 1636.27316261 39.7061920775 73.8043564797 23.2938079225 50.7268373858 9.50455375349
3768 22.4705409094 316.080217017 173.04317937 252.41929551 0.77068103671 0.807757740521 3.97351709142 242.028748621 365.571762933 22963.6726205 70 1637.69411745 39.70902931 72.9109346482 23.29097069 49.3058825534 9.42823706711
3792 21.8349688687 306.1120531 172.155110909 252.452552039 0.776178927896 1.00830803118 6.07770858855 239.685252412 365.650081749 22980.3799233 70 1639.03984403 39.7135771565 69.8624926797 23.2864228435 47.960155969 9.34991825198
3816 21.2295360801 302.953634625 174.565829006 252.484894138 0.754436557581 0.210357951141 3.05009026131 243.500221091 365.662407131 22974.5579209 70 1640.32120485 39.6986808197 65.972654851 23.3013191803 46.678795147 9.33759286911
3840 20.6600035315 288.904342814 176.281076119 252.515261488 0.735753028579 0.36495100991 3.77117436464 242.612860108 365.73662785 22968.18163 68 1641.53424979 39.7184652489 64.6728091575 23.2815347511 45.4657502054 9.26337215096
3864 20.1203850588 283.860728418 175.254405981 252.544200738 0.722650294703 0.435886305501 3.37723148535 242.920031176 365.777480195 22946.8881678 66 1642.68151598 39.7107904862 64.8528089165 23.2892095138 44.3184840217 9.22251980567
3888 19.6092339383 276.62838539 174.095830281 252.571910814 0.713700076593 0.522504669292 2.67110493782 243.520779501 365.836357854 22923.161673 65 1643.77176674 39.7131752023 64.4069101187 23.2868247977 43.2282332542 9.16364214682
3912 19.1209823061 270.327682301 174.789211822 252.59879851 0.708846987664 0.627869503914 2.72496172927 243.339523268 365.860952285 22887.2087578 65 1644.81392395 39.7114616833 65.6125818115 23.2885383167 42.1860760512 9.13904771592
3936 18.6505948504 263.665413053 176.306531151 252.625245379 0.707448412131 0.717007618836 2.6880932939 243.262205295 365.881117021 22832.7286667 64 1645.81999643 39.7151567631 74.1388935309 23.2848432369 41.1800035718 9.11888297977
3960 18.203865711 258.591305603 176.181687029 252.651001709 0.709809879349 0.838153437596 3.33128041729 242.469754556 365.902202819 22786.521166 64 1646.7763566 39.7099623169 70.4105101246 23.2900376831 40.2236434002 9.09779718173
3984 17.7703929045 261.949270201 174.769370174 252.67676264 0.715720759235 0.900029824068 2.02803518918 243.679451586 365.87723887 22718.2160725 64 1647.70245088 39.6784646016 71.1901195316 23.3215353984 39.2975491227 9.12276113011
4008 17.3551197689 246.996163894 174.284021489 252.702279382 0.7235779157 0.987848925786 4.49868994215 241.087603833 365.944509682 22663.1079646 63 1648.59764144 39.7099658442 69.338457258 23.2900341558 38.4023585625 9.0554903189
4032 16.9650864402 239.610185539 173.587021064 252.727033018 0.72099817593 0.0912573198329 3.6318131805 242.828898305 365.983788531 22599.7770485 63 1649.43757364 39.7194245654 69.5087504523 23.2805754346 37.5624263591 9.0162114697
4056 16.5888197532 238.862673541 173.686073346 252.750959887 0.702202066025 0.212989276185 2.66758239683 243.666266373 365.975993778 22521.3880946 61 1650.24626918 39.7044138918 70.9504757781 23.2955861082 36.7537308236 9.02400622231
4080 16.2202589914 236.675419658 174.167844685 252.77437364 0.688054112582 0.330971766557 2.71277828864 243.493822192 365.94805556 22434.5842538 61 1651.03899317 39.6894105531 70.2970808683 23.3105894469 35.9610068251 9.05194444029
4104 15.8677848759 229.470858669 172.52338138 252.796866366 0.677411051071 0.394613474396 2.67442791921 243.456681188 365.977424618 22348.4146307 61 1651.80062468 39.6972350456 73.5551991787 23.3027649544 35.1993753178 9.02257538265
4128 15.5262971902 228.388346831 174.81918421 252.818838637 0.669658338545 0.470440525712 2.52492491137 243.516137587 365.954195951 22249.907462 60 1652.53749044 39.6852164682 71.9686363405 23.3147835318 34.4625095624 9.04580404941
4152 15.1963920137 225.696144606 174.621525293 252.840323103 0.664599661453 0.547251924679 3.26331374527 242.684511565 365.929745068 22147.8260247 60 1653.2503243 39.6767581789 69.9801762198 23.3232418211 33.7496756952 9.07025493304
4176 14.8763081682 219.024095723 175.423898977 252.861504114 0.6626421711 0.658703069684 3.8535782169 241.963572428 365.921021777 22038.7913901 60 1653.94386647 39.68279447 70.1559140563 23.31720553 33.0561335307 9.07897822405
4200 14.5687024297 213.727548272 173.526441216 252.882285048 0.663947753771 0.755317607906 2.31867571937 243.37977387 365.936695794 21930.9903786 60 1654.61127892 39.6886262776 68.3937487956 23.3113737224 32.3887210743 9.06330420677
4224 14.2773310178 207.318560901 174.07835994 252.902456355 0.667785930964 0.844279322143 3.53684988204 242.048628509 365.960969214 21821.345525 59 1655.24514802 39.7060272801 67.9264103431 23.2939727199 31.7548519779 9.03903078614
4248 13.9924620083 202.930671298 175.694769515 252.922735191 0.674109404667 0.910836251556 2.7734547947 242.718864358 365.918123434 21698.5180045 58 1655.86323511 39.7012915162 69.4408071901 23.2987084838 31.1367648875 9.08187656685
4272 13.7195877255 204.879668121 175.689794197 252.942757176 0.681469727293 0.937282372751 2.9170763345 242.521414388 365.886253723 21567.6922284 56 1656.45553812 39.6863908829 70.8419616169 23.3136091171 30.5444618743 9.11374627714
4296 13.4460775807 202.913876497 174.96093692 252.963462088 0.689609865173 0.979482756483 4.18766304287 241.179782247 365.828012612 21420.6155265 56 1657.04870376 39.6668785402 81.6328936655 23.3331214598 29.9512962424 9.17198738832
4320.0 13.1820481975 198.88114456 175.039859583 252.983936387 0.680621142366 0.0760139405942 4.28802940497 241.971399125 365.816545359 21279.5302239 85 1657.6243554 39.6740415518 86.4965533237 23.3259584482 29.375644598 9.18345464125
4344 12.9356521906 183.99324199 172.580837626 253.002973618 0.665156598625 0.178143619448 4.04504601338 242.10868015 365.834909977 21169.0523068 85 1658.1653808 39.727533968 81.2744518825 23.272466032 28.8346192024 9.16509002277
4368 12.7058835121 177.121875691 172.107166417 253.020694006 0.653682936461 0.285451202632 5.43378186499 240.606389989 365.853748108 21054.8896804 85 1658.66826587 39.7516572507 75.0957420753 23.2483427493 28.3317341286 9.14625189268
4392 12.4853374645 174.974386852 171.849928978 253.037746524 0.645091711071 0.353058545878 3.74289263865 242.22121058 365.84433559 20932.6222347 83 1659.15001519 39.7565509853 70.6908842944 23.2434490147 27.8499848064 9.15566441009
4416 12.2715976279 168.690921481 171.717812716 253.054366327 0.638552448393 0.428254982038 4.94205278727 240.936773455 365.83366307 20810.5227057 83 1659.61753708 39.7698251706 66.9460925224 23.2301748294 27.3824629169 9.16633693038
4440 12.0666565262 164.775778964 171.012489883 253.070440711 0.63446643544 0.51836303007 2.94798374536 242.828746078 365.825526477 20685.8258054 81 1660.06598671 39.7788648636 63.7284166975 23.2211351364 26.9340132831 9.17447352284
4464 11.8673246496 162.62027021 171.283056804 253.086260559 0.631961879571 0.543331859172 1.0118126883 244.726633014 365.793607587 20552.9555094 81 1660.50184096 39.7771280013 62.7668228714 23.2228719987 26.4981590415 9.20639241283
4488.0 1011.67426032 159.170186757 170.777316982 253.101786353 0.630321410247 0.585885122299 1.9442811529 243.737725961 365.776604017 20420.9978003 80 1660.92472427 39.7843884031 61.0735676269 23.2156115969 26.075275732 9.22339598278
4512 845.503685966 3294.9250038 153.126413978 253.286391277 0.81509635118 1.76599455652 27.7189620002 216.413555814 350.923441722 25878.4915492 79 948.031137031 42.1554761714 23.5487323214 20.8445238286 738.968862971 24.0765582781
4536 654.931795118 3935.61340388 158.900223266 253.5345215 0.378401224542 1.68826737439 37.6506692721 206.748140628 350.395582382 30491.4712704 79 1017.21538765 40.966164989 20.7092748579 22.033835011 669.784612349 24.6044176177
4560 514.593934188 3889.89125717 164.605597318 253.879718336 1.59978154271 4.65370855688 35.7814952388 204.085296325 352.699622374 34585.3246706 79 1087.29867246 40.5072290534 22.4758077515 22.4927709466 599.701327547 22.3003776257
4584 416.563946988 3647.07405844 168.263638538 254.17982199 0.953657502663 5.14606742555 23.4983241275 216.222128954 355.286802962 38192.3046929 78 1150.03004786 40.264069278 31.8295088223 22.735930722 536.969952144 19.7131970378
4608 347.03771686 3352.80057086 169.944650085 254.572069354 1.86139509092 3.84186479691 24.0992833234 215.625387434 357.591464185 41400.6763457 77 1203.72195242 40.1177170186 35.6175872285 22.8822829814 483.278047578 17.4085358146
4632 296.155405733 3084.87177423 171.735872971 254.768963231 0.251266568605 4.20207095042 26.7598232844 214.017875965 359.4612082 44235.7789768 76 1249.05427704 40.0154601804 38.0206169167 22.9845398196 437.945722959 15.5387917996
4656 257.761468393 2838.13628097 173.724626781 254.890484012 0.746092625353 0.855458472888 21.5472513634 221.960713526 361.019806941 46780.2371283 76 1287.30334778 39.9451461893 38.1635104883 23.0548538107 399.696652223 13.9801930591
4680 228.097437454 2606.01260914 173.81347051 255.034721662 0.817852257531 1.00549707423 16.3933810338 226.748547972 362.346802055 49095.5559998 76 1319.59937705 39.8995094077 36.5888143157 23.1004905923 367.400622955 12.6531979449
4704 204.635770738 2403.81215841 174.951456282 255.170762012 0.831455321321 1.08556469933 12.5205071487 230.391710818 363.45050672 51208.967828 75 1347.02351487 39.8669329317 32.1971112992 23.1330670683 339.976485131 11.5494932797
4728 185.622219646 2246.61624745 174.209260794 255.295941191 0.85511254694 0.76268458675 14.3984602591 228.687801415 364.326869684 53121.4174598 75 1370.55896416 39.8338707498 33.8997935793 23.1661292502 316.44103584 10.6731303155
4752 169.896963926 2100.38074711 175.271498421 255.409947365 0.84469673267 0.690249878263 11.6033640664 231.451741957 365.073069909 54878.537999 75 1390.99764453 39.810290593 41.4108488292 23.189709407 296.002355473 9.9269300903
4776 156.695186191 1980.5360528 174.644264322 255.514105187 0.881696632671 1.04600344285 15.0352461632 227.522948574 365.693554173 56505.6511145 75 1408.86831008 39.7858620686 47.3919052888 23.2141379314 278.131689918 9.30644582681
4800 145.445667553 1868.47460819 175.301791314 255.611949557 0.854474056255 0.354835621711 8.4236632826 234.755077482 366.239921378 58025.695675 74 1424.64853956 39.768567112 44.1765956074 23.231432888 262.351460443 8.76007862156
4824 135.739991332 1777.10458515 174.903313215 255.69930552 0.848396128044 1.26332839002 10.5876448793 231.601325082 366.698348667 59421.9018481 73 1438.6802224 39.7496691027 47.124590345 23.2503308973 248.319777606 8.30165133278
4848 127.272879536 1688.94882476 175.342585335 255.781165287 0.851099517941 1.19082830698 9.99547632278 232.181430565 367.105153339 60725.221398 70 1451.25686074 39.7350418092 54.5112397228 23.2649581908 235.74313926 7.89484666038
4872 119.826746062 1619.62803209 176.218250611 255.856841535 0.833298331327 1.0496962614 10.1096974734 232.150466398 367.452459587 61940.73353 70 1462.57955718 39.7184819001 56.8366776881 23.2815180999 224.420442825 7.54754041268
4896 113.210341353 1549.31718759 177.028641313 255.926068599 0.798450202995 0.623363917172 5.58782282924 237.064294451 367.76740399 63083.992307 70 1472.85784799 39.7056956744 53.6398427074 23.2943043256 214.14215201 7.23259600988
4920 107.319379523 1473.89236877 177.371492758 255.989894683 0.789878072059 0.0801289859883 5.00648887229 238.133609386 368.073733851 64169.1269381 69 1482.19188882 39.7008853883 51.8055316674 23.2991146117 204.80811118 6.92626614898
4944 102.064106645 1414.4889773 176.799848099 256.047935504 0.760298750427 0.742400493013 11.9132824284 230.536082824 368.340020328 65187.0706262 68 1490.65860111 39.6929515 54.8321541944 23.3070485 196.341398896 6.65997967191
4968 97.3059046368 1366.34708474 177.177820904 256.102822426 0.778003201566 1.2117272563 4.16996655786 237.737480557 368.56014182 66133.6193873 68 1498.43883249 39.6811904733 60.4413790566 23.3188095267 188.561167516 6.43985817975
4992 92.9811755122 1314.25734011 176.991922671 256.15654888 0.783347052969 0.459065134255 6.07483237059 236.526206562 368.77573003 67043.4442406 68 1505.61432653 39.6751892927 58.5133558101 23.3248107073 181.385673472 6.22426997026
5016 89.0429008111 1263.52523205 176.962740242 256.207060572 0.778039063777 0.91148484118 5.81211493367 236.291300588 368.973078554 67897.0370125 67 1512.23357564 39.6696484567 65.664990313 23.3303515433 174.76642436 6.02692144601
5040.0 85.4394429235 1228.56746504 177.371226279 256.255440884 0.772318195483 0.227710332635 5.10860334134 237.635927246 369.143157008 68705.0271894 97 1518.35930037 39.6604517522 65.00355024 23.3395482478 168.640699629 5.85684299187
5064 82.1617359666 1155.76429375 176.251763052 256.300005639 0.750256376957 0.579617579455 8.59365656361 233.776463841 369.35497913 69535.3734254 96 1524.00965331 39.678234888 48.0266323608 23.321765112 162.990346685 5.64502087027
5088 79.2035498264 1103.87955212 175.784920687 256.341193543 0.749858692357 0.865447058818 4.26150151302 237.781999193 369.55464578 70319.8866769 95 1529.15522932 39.6887356092 40.3233550221 23.3112643908 157.844770677 5.44535421967
5112 76.4889924549 1063.21358881 175.607388459 256.38064532 0.759403098513 0.991040004238 3.56898073653 238.29993084 369.711199354 71067.1769539 95 1533.91396026 39.6917116069 33.491575853 23.3082883931 153.086039739 5.28880064633
5136 73.9822898207 1026.60899161 175.541110606 256.418406807 0.741704554197 0.144069056656 5.34052064904 237.355298932 369.855233337 71781.8388622 94 1538.34458311 39.6946648007 30.4530049149 23.3053351993 148.655416894 5.144766663
5160 71.6485628988 1000.11465693 176.307536628 256.453455882 0.717734501218 0.316394815794 4.63788512131 237.874529679 369.966370584 72453.5007916 93 1542.49698244 39.6897049115 30.7777470531 23.3102950885 144.503017554 5.03362941573
5184 69.4718782534 968.952377722 176.529335659 256.486302181 0.703025603927 0.459600483075 3.53395261075 238.817119121 370.083442525 73107.6985822 92 1546.40066334 39.6903765889 27.7585749226 23.3096234111 140.599336662 4.9165574748
5208 67.4389559249 941.18941142 175.924929978 256.517425608 0.695197775592 0.57727016897 3.04515304216 239.164953405 370.191854755 73736.097481 91 1550.07052101 39.6898660728 25.4668872752 23.3101339272 136.929478986 4.80814524469
5232 65.5304691509 917.602671717 176.350417667 256.547288755 0.692667409507 0.698082597576 4.17572991052 237.886231326 370.283671172 74334.2600495 91 1553.53638265 39.6868296113 23.9120705031 23.3131703887 133.463617352 4.71632882768
5256 63.7338810248 895.756283607 175.904446071 256.576203627 0.694717203456 0.795444305515 5.01017303931 236.923461824 370.372845874 74906.8570124 90 1556.8186023 39.6836559315 23.7919537574 23.3163440685 130.181397699 4.62715412608
5280 62.0364573848 880.992451872 177.018771991 256.604462652 0.702168264442 0.944897131838 2.43180736599 239.316664585 370.443714227 75447.386398 90 1559.93566203 39.6764183583 22.8764368278 23.3235816417 127.06433797 4.55628577266
5304 60.4309968173 854.261748234 176.196570873 256.63228703 0.713663858428 1.08365678979 4.58073012801 236.989662193 370.532459785 75977.1042595 89 1562.90296506 39.6789001818 24.9961850584 23.3210998182 124.097034943 4.46754021518
5328 58.9206455689 831.837437463 175.889425334 256.659071851 0.696035835109 0.25722009003 5.41851709851 236.969155125 370.61626862 76488.8052825 88 1565.7086965 39.6809568721 27.4668579259 23.3190431279 121.2913035 4.38373137967
5352 57.4870151402 818.461908566 176.186094082 256.68453792 0.683564715939 0.435940429517 5.9872799533 236.20867698 370.676762391 76972.2596468 87 1568.38161436 39.6740897208 28.6037377751 23.3259102792 118.618385643 4.32323760918
5376 56.1244974925 799.76393799 176.692508805 256.709004286 0.676979825939 0.527303410402 1.48050617422 240.606206302 370.744130988 77442.6279854 84 1570.9353336 39.6731786142 30.113793374 23.3268213858 116.064666396 4.25586901218
5400 54.8254005085 784.335270165 176.145773622 256.732710707 0.673269907634 0.607336895181 2.7826986601 239.20398383 370.803327835 77891.0057286 83 1573.37978436 39.6693882025 31.7435726453 23.3306117975 113.620215641 4.1966721653
5424 53.586797283 769.563028365 175.969198044 256.755767508 0.672582655361 0.701615747654 4.84188823131 237.028145857 370.859173785 78323.2987085 82 1575.72013945 39.6650632241 31.3340170359 23.3349367759 111.279860551 4.14082621501
5448 52.4049200039 757.288608615 175.926520528 256.778303582 0.675259897254 0.808450520439 5.66700269834 236.070983301 370.910952872 78734.751778 81 1577.96211279 39.6604243732 33.3712893655 23.3395756268 109.037887206 4.08904712741
5472 51.27336567 744.16108139 175.936562215 256.800508724 0.681565393558 0.917030183375 3.30569294448 238.295202754 370.962685932 79132.4799016 78 1580.11713055 39.6569668815 32.395733483 23.3430331185 106.882869445 4.03731406799
5496 50.190535006 733.969384332 176.932089574 256.822457528 0.689666487335 0.959435838787 2.89506017662 238.633379968 371.008982936 79510.591226 77 1582.18651448 39.6517760212 30.9152806828 23.3482239788 104.813485515 3.99101706426
5520 49.1463327141 726.995804756 177.738676395 256.844347355 0.698715179086 0.997672141985 2.37247065806 239.086794665 371.038242504 79855.3781554 75 1584.18716217 39.6400878575 38.2324448428 23.3599121425 102.812837832 3.96175749636
5544 48.1446851018 710.375138451 177.46266881 256.866079307 0.708668192025 1.04461843751 1.67185881534 239.708775248 371.089998242 80201.2448372 75 1586.11655793 39.643273006 42.3926874371 23.356726994 100.883442072 3.91000175833
5568 47.1871368171 694.073032173 176.583423053 256.887502798 0.706131652609 0.104702396711 1.79991346153 240.501749691 371.141261082 80535.2864205 74 1587.96670663 39.6449263258 49.8455581126 23.3550736742 99.0332933686 3.85873891813
5592 46.2715163169 682.276708155 176.681659567 256.908009913 0.689725659936 0.17772363365 3.76635366587 238.458187127 371.185102368 80859.8686833 73 1589.74083926 39.6441610045 52.7834669639 23.3558389955 97.2591607431 3.81489763199
5616 45.3867924909 673.791373493 177.92415919 256.927782084 0.676331710805 0.266134575792 2.58983032828 239.539921301 371.213551229 81167.4838087 73 1591.45878616 39.638049744 51.2177624966 23.361950256 95.5412138395 3.78644877093
5640 44.53496818 664.462435345 178.157643931 256.946845996 0.665531591922 0.315150760193 2.3557108625 239.716760789 371.248675259 81454.980676 72 1593.11812138 39.6332933477 59.6887419336 23.3667066523 93.8818786193 3.75132474137
5664 43.7065921686 662.286528182 179.267534789 256.965459222 0.656650123455 0.388710081783 4.0057777367 237.983402835 371.261993898 81724.3173527 72 1594.73391821 39.6181134223 60.6409184009 23.3818865777 92.2660817873 3.73800610149
5688 42.9086215308 645.72496364 177.368570726 256.983520913 0.650785443054 0.48369931045 2.47819100925 239.403803324 371.310554526 82006.0148681 71 1596.29924758 39.6243416088 53.8313536706 23.3756583912 90.7007524161 3.68944547372
5712 42.1467907359 633.782980375 177.581777358 257.000954659 0.647040057489 0.539130006078 3.83877714211 237.974098135 371.354867998 82271.5536113 71 1597.79718139 39.6271561336 51.1834454573 23.3728438664 89.2028186115 3.64513200182
5736 41.4131880986 626.201777325 178.845559292 257.017970481 0.645427038837 0.622646869189 3.00858600958 238.705369601 371.38084625 82513.8539697 70 1599.2416955 39.6236700454 56.2548626324 23.3763299546 87.7583045033 3.61915374955
5760.0 40.6959455268 624.72432441 180.299387026 257.034880858 0.645309883264 0.662983853703 1.22807898809 240.428746416 371.388999554 82735.8186076 97 1600.65504556 39.6090706584 55.4827049668 23.3909293416 86.3449544376 3.61100044621
5784 40.0097848937 599.047320268 177.748845413 257.051349714 0.646168560983 0.692175377299 1.29825648768 240.312049859 371.436420538 82987.3963809 95 1602.01712133 39.6297645828 49.2396785247 23.3702354172 84.9828786643 3.56357946221
5808 39.3610336273 580.642526259 177.429047397 257.067211366 0.647633021697 0.719695822966 2.1326630734 239.432796715 371.49111639 83232.2956207 95 1603.30706046 39.6453047657 44.1231406811 23.3546952343 83.6929395331 3.50888361053
5832 38.7410998732 567.724233696 176.576074079 257.082654708 0.649477627328 0.737344113909 2.81481545878 238.715708091 371.533041641 83468.8544856 94 1604.54076323 39.65258965 40.2831684499 23.34741035 82.4592367717 3.46695835886
5856 38.1417231539 561.584980716 176.793551353 257.097873007 0.652038346045 0.780034122117 2.3421513502 239.127903174 371.556415159 83688.6527432 94 1605.7342293 39.6496165569 36.5195696723 23.3503834431 81.2657706954 3.44358484141
5880 37.5617590651 553.395387697 176.354216069 257.112896404 0.655427198647 0.821712899151 2.77108730016 238.638876197 371.584287155 83902.2104977 93 1606.89177661 39.6490953935 33.5715621675 23.3509046065 80.1082233882 3.41571284537
5904 37.0003467472 544.729398409 176.986568245 257.127747388 0.659587971097 0.854635115704 1.11971789076 240.238311634 371.611591138 84105.2755445 89 1608.01453214 39.6499584605 32.9369166996 23.3500415395 78.9854678619 3.38840886218
5928.0 1036.45710074 534.393261447 176.418684866 257.142430746 0.664128618907 0.884293106902 3.37638201778 237.932765509 371.64157686 84304.4115796 89 1609.10343115 39.6538573925 32.3000339659 23.3461426075 77.8965688481 3.3584231407
5952 971.252070132 3711.77072218 158.747753041 257.207623763 0.660587923356 0.590329123456 14.3814169113 227.160042277 365.966781617 89817.3447392 88 915.845456106 42.1724962014 15.9731424344 20.8275037986 771.154543892 9.03321838336
5976 876.854717996 4597.13235938 162.04508706 257.314381124 0.750338404413 0.876349395162 20.3415388666 220.717392209 364.500689716 94811.2535212 88 941.309081289 41.2465408267 18.2755331406 21.7534591733 745.690918709 10.4993102843
6000 786.864509097 4803.09553685 164.803617374 257.449033132 0.914325868962 0.644241529862 15.183764768 225.808634699 364.523102205 99598.6389088 88 969.88955862 40.897437479 20.88518312 22.102562521 717.110441378 10.4768977952
6024 708.396859929 4766.63012818 167.913065688 257.592795128 0.916389459672 0.794209729281 14.5119133029 226.184692379 364.984047794 104167.153204 87 998.79206058 40.7014699898 23.2344253915 22.2985300102 688.207939419 10.0159522072
6048 641.584790969 4627.50127649 168.812557565 257.726547635 0.89413502837 0.855572559323 16.9314606927 223.592284083 365.564288473 108550.197952 87 1026.87206429 40.5706492871 22.8661058107 22.4293507129 660.12793571 9.43571152769
6072 584.862942488 4480.69400424 169.687795606 257.850875557 0.901222031987 1.04934775268 14.6554715934 225.543083063 366.13093312 112722.691794 86 1053.64496107 40.4677293176 27.1762836889 22.5322706824 633.355038925 8.86906688119
6096 536.294248009 4325.33878501 170.474474384 257.969568825 0.926263494195 1.4914621585 12.7032339404 226.90947158 366.645077484 116708.775767 84 1079.04622498 40.3814029796 27.9029656359 22.6185970204 607.953775019 8.35492251689
6120 494.50646681 4168.44178004 171.140523501 258.084928093 0.941105066502 0.927510271467 9.7694932442 230.276963323 367.121969657 120522.849566 84 1102.99162644 40.3105568935 26.9583076747 22.6894431065 584.008373562 7.8780303435
6144 458.285731474 4015.75549045 172.488402997 258.194353567 0.979515642791 1.02893019812 9.61034643197 230.186854159 367.556538591 124164.447017 83 1125.50660862 40.2508523952 30.2334637134 22.7491476048 561.493391373 7.44346141006
6168 426.733830268 3874.70036658 172.834516764 258.300028209 0.985562416044 0.963995237286 10.1666295103 229.583784626 367.95547302 127659.33387 83 1146.60023694 40.1996732539 27.21501318 22.8003267461 540.399763061 7.04452698088
6192 399.00614951 3728.12794691 173.797896796 258.397389576 0.952074412125 0.962174388038 10.2338182087 229.454543414 368.319958905 131012.19499 83 1166.39137254 40.1573176519 27.9512597761 22.8426823481 520.608627456 6.68004109523
6216 374.546596149 3596.906501 174.306408791 258.486227147 0.926621278921 1.11458547249 13.5717144573 225.900851643 368.649202907 134223.615314 83 1184.90845253 40.1190905244 33.0954833642 22.8809094756 502.091547469 6.35079709324
6240 352.818408104 3472.82496422 174.287379214 258.570359168 0.94118659338 1.01888702188 11.0294438467 228.440123369 368.948421585 137321.676404 82 1202.25804856 40.0847669483 27.2518650396 22.9152330517 484.74195144 6.05157841536
6264 333.39567036 3361.88611139 175.234895649 258.64948536 0.916818845379 0.747162716165 8.8320358757 230.854497201 369.215239397 140280.020002 80 1218.53526948 40.0527356987 33.7615745645 22.9472643013 468.464730521 5.78476060338
6288 315.912788707 3276.69759546 174.435207497 258.722506625 0.883072699795 0.522832922397 11.5870050976 228.284582654 369.447585405 143113.59291 78 1233.8442867 40.0182634383 37.9152289656 22.9817365617 453.155713297 5.55241459617
6312 300.073381526 3169.66157486 175.581830748 258.790178455 0.865600354912 0.313031150314 10.4024283967 229.628761642 369.672788944 145863.404368 77 1248.29746612 39.9937596151 34.1238944997 23.0062403849 438.702533882 5.32721105628
6336 285.727032418 3075.84003292 175.239705995 258.852943884 0.84986908759 0.886323416143 4.77504197369 234.635821637 369.876044127 148500.869866 77 1261.88502357 39.9687418298 34.1857005104 23.0312581702 425.114976429 5.12395587348
6360 272.656550571 2998.87388967 174.838079354 258.912902331 0.850421446459 0.156372828947 2.92855628291 237.151747109 370.062249389 151025.886784 73 1274.69727669 39.9438594235 41.9658692115 23.0561405765 412.302723313 4.93775061137
6384 260.67575101 2921.60391895 176.159877214 258.968891854 0.814639525058 0.452547532721 5.4678105207 234.296110566 370.227530328 153470.850235 73 1286.82236579 39.9206704504 40.2755604366 23.0793295496 400.177634212 4.77246967254
6408 249.64436737 2857.01894228 175.813486771 259.021211539 0.802676121496 0.795611589 5.23986369978 234.140637049 370.376038894 155806.041034 73 1298.32163245 39.8969973152 48.5011608955 23.1030026848 388.678367545 4.6239611067
6432 239.455226247 2787.37402998 176.396023129 259.071543565 0.804480427475 0.121794756255 8.44191977408 231.560261476 370.518760491 158075.232921 72 1309.24359942 39.8766164736 49.1110107781 23.1233835264 377.756400575 4.48123950996
6456 230.065169965 2710.71668801 175.703412383 259.118851128 0.775582799559 0.438514949169 3.16162365828 236.505427464 370.665447069 160279.992828 72 1319.5780594 39.8622444931 47.6541167254 23.1377555069 367.421940602 4.33455293168
6480.0 221.368863644 2641.2637417 176.798590539 259.163290958 0.765488212901 0.744109885711 5.32422617307 234.002884769 370.792948352 162399.4668 102 1329.38046454 39.846440308 47.0103096219 23.153559692 357.619535458 4.20705164845
6504 213.411700501 2513.65535515 175.916347273 259.205395824 0.770320257834 1.0055208375 8.84187487612 230.176888203 370.975158802 164550.209063 101 1338.5791558 39.8603601193 31.5564416871 23.1396398807 348.420844193 4.02484119837
6528 206.135290122 2426.30682666 175.573241555 259.245494678 0.760987346323 0.317182521069 5.61502704885 234.061308404 371.126858641 166625.943413 99 1347.1563549 39.8620521585 23.0734017783 23.1379478415 339.843645103 3.87314135946
6552 199.406384241 2356.8451491 175.46315568 259.282927054 0.744753708222 0.542515209092 6.04757708636 233.382226941 371.251402663 168639.586297 99 1355.23680753 39.8579983737 21.5522386582 23.1420016263 331.763192468 3.74859733793
6576 193.13667192 2297.96325194 175.99165871 259.318470216 0.740212839281 0.741304303928 6.05580325715 233.144209383 371.359813111 170596.746734 97 1362.89991447 39.8515337508 17.6024505575 23.1484662492 324.100085533 3.64018688915
6600 187.272600459 2242.00747183 176.408493369 259.352791566 0.745622965848 0.951123128457 4.61317511367 234.337287225 371.45772123 172500.768553 96 1370.18822694 39.8439675108 16.6774152364 23.1560324892 316.811773056 3.54227877054
6624 181.771200785 2190.16129174 176.287163869 259.38639262 0.757861989784 1.08375672356 2.93894196483 235.833046701 371.550147859 174352.161076 95 1377.13560929 39.8370162774 16.8024443055 23.1629837226 309.864390709 3.44985214106
6648 176.59807989 2145.89945274 176.629416044 259.419404919 0.757414480988 0.225748018167 2.94415591972 236.653276661 371.633084616 176147.555103 93 1383.76619053 39.8280451624 22.6810027355 23.1719548376 303.233809464 3.36691538422
6672 171.719517994 2099.25000847 176.059715997 259.450808243 0.73843620076 0.379067765443 3.67760447629 235.754083313 371.712625887 177907.993768 93 1390.10974551 39.8206394806 21.4064207872 23.1793605194 296.890254483 3.28737411338
6696 167.107521181 2066.55368798 176.532381761 259.480698909 0.726345586227 0.492693225869 2.18987573785 237.11038654 371.779553154 179607.584015 92 1396.1859735 39.808945449 21.8557646786 23.191054551 290.814026499 3.22044684668
6720 162.735906981 2027.12686187 176.124982205 259.509421721 0.719257200555 0.617592645214 5.40968297714 233.744045455 371.84947454 181264.781519 90 1402.02228073 39.8010670134 27.3388413902 23.1989329866 284.977719263 3.15052546062
6744 158.593428053 1985.62716131 176.015873463 259.537192074 0.71723987106 0.700291187958 1.44022622525 237.605050641 371.916805784 182891.206631 90 1407.62184438 39.7947693499 24.9436106258 23.2052306501 279.378155621 3.08319421622
6768 154.664537132 1953.35160736 176.014944652 259.56418398 0.717897056621 0.775542101281 4.22742798773 234.714948873 371.976583585 184467.85201 90 1412.99384682 39.7856272419 24.3343901011 23.2143727581 274.006153182 3.02341641589
6792 150.931552732 1915.78605894 176.048574955 259.590555392 0.721804457085 0.865577770644 0.741178355153 238.080884024 372.039153144 186012.659102 89 1418.15734181 39.7805116598 23.0938311657 23.2194883402 268.842658184 2.96084685599
6816 147.378074387 1882.83929051 176.797939099 259.616446761 0.727252878316 0.890339730954 2.16299364391 236.602966984 372.093381065 187509.255225 89 1423.12404384 39.7732843674 28.0580296643 23.2267156326 263.875956161 2.90661893595
6840 143.997419195 1844.65802208 176.398847801 259.641870638 0.733913211346 0.971930260359 5.24514891097 233.407136978 372.153254471 188987.612044 88 1427.89984609 39.7703555877 26.6079448321 23.2296444123 259.10015391 2.84674552923
6864 140.785380677 1810.1784654 176.266902837 259.666855449 0.74079818318 0.0519477827166 3.09737369812 236.443024885 372.210590853 190433.278405 86 1432.4818314 39.7671275059 26.5690791724 23.2328724941 254.518168595 2.78940914756
6888 137.719321917 1779.64845453 176.24732924 259.690970024 0.720073868059 0.149405955849 1.80557715199 237.633972998 372.261762157 191842.496404 85 1436.895728 39.7626310772 27.9874778715 23.2373689228 250.104271993 2.73823784325
6912 134.781155983 1760.68537515 176.747506598 259.713982647 0.703449992634 0.260358401372 4.31463374983 235.007575208 372.298942394 193202.415308 83 1441.16013865 39.7510714251 31.867190384 23.2489285749 245.839861351 2.70105760614
6936 131.962402414 1731.31599521 176.509193413 259.736087276 0.691791511747 0.397507816427 4.60433600331 234.570277391 372.344608416 194542.047647 82 1445.28964051 39.7462219285 36.1579771182 23.2537780715 241.710359489 2.65539158461
6960 129.265042901 1706.40774598 177.060299099 259.757394485 0.684291612994 0.477457744233 0.824330924906 238.256525231 372.388226882 195852.147405 80 1449.27419904 39.7409767332 36.1164340479 23.2590232668 237.725800961 2.61177311846
6984 126.674334137 1683.81687718 177.309385442 259.778088085 0.678873766943 0.531037166859 2.94604821822 236.065952762 372.425835566 197126.38106 79 1453.13074458 39.7339028564 40.0599035831 23.2660971436 233.869255419 2.57416443476
7008 124.18640032 1663.79207217 177.639487788 259.798228235 0.675160288625 0.580422780545 0.9250596529 238.021129041 372.463671593 198374.005697 75 1456.86299382 39.7267159707 39.6096620012 23.2732840293 230.137006173 2.53632840711
7032 121.786209175 1652.81007024 177.356046561 259.817960397 0.673262873298 0.644829373058 2.75458570032 236.109361655 372.491305903 199574.852084 75 1460.48835691 39.7148891719 45.7784209655 23.2851108281 226.511643084 2.50869409769
7056 119.466951532 1623.96651657 178.032388583 259.837374987 0.673383059169 0.716872528533 4.45929851139 234.313070913 372.526332489 200762.95754 75 1464.01963895 39.7108189245 50.2186876995 23.2891810755 222.98036105 2.47366751184
7080 117.235880418 1608.63287667 178.837727921 259.856441307 0.675441297981 0.788675355532 2.02423418258 236.655207856 372.556431895 201917.604357 74 1467.43891807 39.7025772235 49.4070539903 23.2974227765 219.561081928 2.44356810592
7104 115.08417802 1588.0154661 178.625476466 259.87525424 0.678776625599 0.814569069394 2.55960608417 236.07179398 372.58847736 203051.879241 73 1470.75980035 39.6969718062 43.9846204426 23.3030281938 216.24019965 2.41152264092
7128 113.017882501 1560.88367311 179.582738527 259.893758687 0.683247033616 0.872287420719 2.88228460021 235.668422257 372.626510503 204163.785233 72 1473.97144415 39.696169351 47.6717212106 23.303830649 213.028555848 2.37348949791
7152 111.019508895 1545.70388373 179.481268173 259.912116192 0.689065708455 0.947919405118 5.06517965697 233.385719036 372.650969865 205237.846744 72 1477.09381033 39.6871965409 50.689528771 23.3128034591 209.906189673 2.34903013514
7176 109.095523128 1515.84424287 179.59197686 259.930284551 0.696922170044 1.02793061742 2.10453653459 236.240326126 372.688158233 206309.876376 72 1480.12208502 39.6888294873 51.834334992 23.3111705127 206.877914978 2.31184176736
7200.0 107.234256637 1503.03626282 179.368034491 259.948094278 0.682244697736 0.113799850155 2.10208163076 237.153779542 372.711969163 207340.538703 102 1483.06542631 39.6808461381 52.1199085979 23.3191538619 203.934573684 2.28803083721
7224 105.460007961 1448.47680342 177.756767046 259.964994806 0.668570837276 0.14748323009 3.01544167015 236.203509455 372.762958062 208425.210265 102 1485.89619467 39.699480282 35.8410293752 23.300519718 201.103805322 2.23704193862
7248 103.776368041 1414.51075042 177.527408233 259.980989794 0.6569285431 0.218498883091 2.63868098657 236.504901792 372.808848976 209479.546134 98 1488.59385715 39.7083597353 29.2203235374 23.2916402647 198.406142845 2.19115102375
7272 102.160417724 1387.06485822 177.002114497 259.996339132 0.647398663122 0.275880537292 2.1412074858 236.939174181 372.844971779 210516.379435 98 1491.19459294 39.7125391838 23.239320769 23.2874608162 195.805407058 2.15502822126
7296 100.603115505 1369.72668 176.809719793 260.011163199 0.639568666234 0.330341191709 2.52637986483 236.492547077 372.872348312 211523.082246 97 1493.71149255 39.7101886172 24.1758468332 23.2898113828 193.288507447 2.1276516884
7320 99.0931512999 1353.06218949 176.761155293 260.025596144 0.633096270012 0.374118835546 3.84433562534 235.122853124 372.896047228 212512.63283 96 1496.16314032 39.7070127181 21.5820470208 23.2929872819 190.836859677 2.10395277234
7344 97.6320886808 1335.73234525 176.750675608 260.039643927 0.628061859233 0.424476007536 2.04928755451 236.85853065 372.922423336 213484.546206 94 1498.54720805 39.7058204909 21.4015903651 23.2941795091 188.452791944 2.07757666465
7368 96.2154429909 1317.56810849 176.761406387 260.053367368 0.623942540751 0.452173661339 2.21221979085 236.658296638 372.94659031 214440.245607 93 1500.86908722 39.7044887695 20.6822029173 23.2955112305 186.13091277 2.05340969034
7392 94.8445537962 1301.25617109 177.276754396 260.066760359 0.620511254389 0.474356893867 1.28949773303 237.548873758 372.97067228 215378.582424 92 1503.12607903 39.7034794058 21.019811932 23.2965205942 183.873920962 2.02932772061
7416 93.5135994917 1287.9138859 177.785649732 260.079883948 0.617776498497 0.509616038923 3.26079945476 235.531924058 372.989597131 216298.796989 92 1505.32565517 39.6989668679 19.6192357614 23.3010331321 181.674344826 2.01040286913
7440 92.2214591337 1277.01447883 177.176455399 260.092759416 0.616298466325 0.579470304617 1.08127229107 237.63019952 373.010450336 217200.091016 90 1507.47025692 39.6950233137 19.666782325 23.3049766863 179.529743072 1.98954966382
7464 90.9619850506 1262.74498991 177.763612716 260.105465421 0.61576709855 0.599677320557 1.94000771814 236.73908244 373.028106071 218082.597791 88 1509.56884097 39.6910998621 21.3972072092 23.3089001379 177.431159026 1.97189392895
7488 89.7390136556 1248.98716455 177.206126206 260.117967053 0.615773748261 0.630470233033 2.69911027499 235.936678689 373.049478733 218952.056277 88 1511.6154926 39.689794347 23.4126371928 23.310205653 175.384507394 1.95052126706
7512 88.5492513215 1232.93493743 178.834700943 260.130299607 0.616306480604 0.652178245889 2.40709314026 236.194122525 373.067895478 219805.981516 88 1513.6141525 39.6886352132 25.5587265123 23.3113647868 173.385847497 1.93210452231
7536 87.3949937777 1222.16747939 177.616334313 260.142438503 0.617310562123 0.67984957067 2.02102600201 236.539375361 373.087631569 220645.119686 87 1515.56012557 39.6854628329 30.4447596467 23.3145371671 171.439874426 1.91236843092
7560 86.2692965832 1210.92951583 177.193181289 260.154456185 0.618756207604 0.706768475026 2.57902154133 235.94099759 373.103997411 221474.071117 86 1517.46444064 39.6812338746 29.8072739693 23.3187661254 169.535559351 1.89600258947
7584 85.1713060652 1198.39971689 178.15902872 260.166363444 0.620806513975 0.740168607049 1.06665988907 237.406001544 373.120222031 222287.168881 84 1519.32887498 39.6787889911 27.6037216442 23.3212110089 167.671125017 1.87977796872
7608 84.1042090534 1184.48687366 177.938849861 260.178125725 0.623112520922 0.749133882874 1.53037773468 236.919250135 373.140510498 223088.60635 83 1521.14789561 39.679122128 27.9345031092 23.320877872 165.852104387 1.85948950256
7632 83.0645923387 1173.01261008 177.829999952 260.189774749 0.625742269842 0.78383929886 2.88076226072 235.51988142 373.156017175 223873.014466 81 1522.92512737 39.6756558018 30.4930346167 23.3243441982 164.074872622 1.84398282484
7656 82.050739852 1163.07027776 177.322464756 260.20132929 0.628785523556 0.800782368536 2.20897539785 236.160127419 373.17198589 224645.46856 80 1524.66414193 39.672216247 31.478860692 23.327783753 162.335858065 1.82801410981
7680 81.0564094637 1155.24756424 177.176295682 260.212858315 0.632034473451 0.816987996737 1.50621791607 236.831901298 373.183134789 225391.169842 78 1526.37435725 39.6659785472 39.9424399503 23.3340214528 160.625642744 1.8168652116
7704 80.087885917 1144.68048339 178.107067125 260.22428554 0.635502998894 0.830212529524 0.747172992509 237.562825938 373.199049784 226137.098127 78 1528.04681589 39.6648802032 39.1255898668 23.3351197968 158.953184102 1.80095021612
7728 79.1398217929 1139.59613935 177.499819191 260.235668325 0.638998005984 0.840359385725 1.95378758969 236.331186692 373.208701841 226858.016807 78 1529.68745364 39.6569858409 44.5312813876 23.3430141591 157.312546351 1.79129815903
7752 78.2132686895 1131.13966069 178.548108661 260.246987922 0.642586131214 0.850315809361 2.11324441847 236.146865717 373.22209104 227569.115269 77 1531.29684192 39.6541136976 49.1783672897 23.3458863024 155.703158073 1.77790896026
7776 77.3069072445 1117.68048986 177.695742936 260.258254738 0.646235602742 0.858126010955 2.23335256336 236.004031084 373.236750163 228280.629845 77 1532.87599547 39.6527761342 48.0543885658 23.3472238658 154.124004526 1.76324983707
7800 76.4256099167 1103.88742154 178.792713973 260.269400374 0.649924215731 0.866639408123 1.28370604373 236.930329957 373.253555552 228986.22886 76 1534.41663705 39.6542408528 43.7272650618 23.3457591472 152.583362948 1.74644444861
7824 75.5632306631 1100.2065096 177.801241657 260.280494913 0.653624661 0.871570644959 1.29898261416 236.895327165 373.263663746 229661.508894 76 1535.92688764 39.6476738495 45.8642556363 23.3523261505 151.073112358 1.73633625394
7848 74.7222872706 1082.94489634 178.038342368 260.291498705 0.657407489764 0.892799214338 2.22526332445 235.933031266 373.28273569 230343.644542 74 1537.40575367 39.6523153748 46.4827275292 23.3476846252 149.594246325 1.71726431006
7872 73.8999763487 1078.26241636 179.436238062 260.302444052 0.661440235085 0.910334220353 2.11310833863 236.012673152 373.291637747 231000.928129 73 1538.85389205 39.6468261194 46.5381282122 23.3531738806 148.146107949 1.70836225348
7896 73.0918631121 1073.48236424 178.08449102 260.313387945 0.665663746382 0.92512000925 1.98037873976 236.115449558 373.300219484 231638.956473 72 1540.2804536 39.6395693127 54.6163359912 23.3604306873 146.719546397 1.69978051634
7920.0 72.3000568221 1069.04943719 177.607978808 260.324299416 0.670105596726 0.952077640238 1.78545274497 236.2680646 373.311340399 232274.707301 100 1541.68246558 39.6351637207 52.8925191033 23.3648362793 145.317534414 1.6886596011
7944 71.529230329 1042.5179436 178.157492395 260.335109915 0.674651953971 0.961236229188 2.56369750877 235.465304391 373.326267934 232932.861299 99 1543.05344534 39.6462863216 40.9210980007 23.3537136784 143.946554654 1.67373206659
7968 70.785796991 1022.70192067 177.559613204 260.345718966 0.679317406218 0.986611186256 0.21239174197 237.775960697 373.348826726 233579.090591 97 1544.37876251 39.6547909951 36.2536928112 23.3452090049 142.621237486 1.65117327454
7992 70.0643345902 1008.08848509 177.312227508 260.356193745 0.683968883869 0.98455981777 1.84326347341 236.132014078 373.367041278 234217.532677 96 1545.66734636 39.6603050024 32.0536252387 23.3396949976 141.332653637 1.63295872221
8016 69.35973175 997.808100798 177.222023273 260.366597951 0.688528006942 0.993894775694 0.402491918704 237.548487346 373.379069639 234840.956754 95 1546.92766419 39.6594164775 30.7909624427 23.3405835225 140.072335806 1.62093036113
8040 68.6724436515 988.92759497 177.177412261 260.376916728 0.693040921521 0.994273649316 0.92641185972 237.009356839 373.394196166 235456.110822 90 1548.1603364 39.6613580106 30.9037016279 23.3386419894 138.839663592 1.60580383437
8064 67.9967610723 981.441221372 178.674841518 260.387228365 0.696263195061 0.0149434724635 2.38814924495 236.513415721 373.400747503 236053.95575 90 1549.37369612 39.6566865102 32.6195606661 23.3433134898 137.62630387 1.59925249741
8088 67.3355286087 974.094549421 177.740363331 260.397362998 0.686665871951 0.0517990083698 0.81488410588 238.049288013 373.411601928 236645.515948 90 1550.56428768 39.6549505426 35.053755498 23.3450494574 136.43571231 1.58839807214
8112 66.688098421 966.468614309 178.164766892 260.407248758 0.677701439626 0.0767853837592 2.22457467027 236.613689746 373.422492418 237231.749803 88 1551.73266045 39.6542010379 34.4065735453 23.3457989621 135.267339547 1.57750758226
8136 66.0543492804 952.542355997 178.036731192 260.416894978 0.669330104121 0.0985840739598 0.599109473459 238.216081368 373.436235158 237819.397699 87 1552.87936771 39.6578192132 31.0903341959 23.3421807868 134.12063228 1.56376484179
8160 65.43406117 947.148620269 178.933424679 260.426311316 0.661448428973 0.119190304528 0.93448899401 237.858560954 373.444432776 238386.090267 86 1554.00312847 39.6549180577 31.6438953195 23.3450819423 132.996871522 1.5555672241
8184 64.8238088794 941.522082951 177.862920803 260.435555253 0.654013082068 0.139226617644 2.2468826059 236.524322439 373.452496146 238942.987741 85 1555.11072964 39.6509120571 34.0462282864 23.3490879429 131.889270352 1.54750385413
8208 64.2256310296 934.511520814 177.47467045 260.444600796 0.647002484888 0.153032599207 0.535412512769 238.219951605 373.463050508 239496.256398 83 1556.19904204 39.6496368334 33.245809773 23.3503631666 130.80095795 1.53694949225
8232 63.6385492225 930.443985823 177.718353486 260.453466476 0.640300787718 0.163523668684 1.79875386423 236.943955201 373.471617385 240032.452988 83 1557.26914717 39.6473160778 38.8261098073 23.3526839222 129.730852825 1.52838261507
8256 63.0592213403 928.613161034 177.46762099 260.462205912 0.633940059814 0.181877320257 2.03212708092 236.689849625 373.475206715 240561.918966 83 1558.32622678 39.6394106801 37.5698447485 23.3605893199 128.673773212 1.52479328484
8280 62.490554634 917.607014513 177.377307673 260.470779524 0.628045868536 0.208011497523 1.21810766702 237.475055441 373.486525768 241091.177067 83 1559.3672954 39.6417283741 37.0380251183 23.3582716259 127.632704592 1.51347423242
8304 61.9337258485 908.243340434 178.078745322 260.479174304 0.622547707816 0.224902710058 1.38305973447 237.290315541 373.496217991 241612.69776 82 1560.38837815 39.6422498677 35.8939819649 23.3577501323 126.611621849 1.5037820093
8328 61.3895903127 901.563475056 178.139237212 260.487380816 0.617452962398 0.243552796772 0.4986745652 238.152938857 373.506883665 242127.647373 81 1561.38812606 39.6430559126 35.1147908377 23.3569440874 125.61187393 1.49311633516
8352 60.8546074504 896.483944726 177.621845305 260.495455599 0.612633929795 0.252941349927 1.60659267372 237.032376445 373.514068719 242633.465896 80 1562.37214315 39.6393846332 33.4014176482 23.3606153668 124.627856842 1.48593128081
8376 60.3289757178 887.844478767 178.428204523 260.503397737 0.608105568371 0.272222493348 1.66635588449 236.949918315 373.522674023 243130.393199 80 1563.34121509 39.6402471426 34.6181081878 23.3597528574 123.658784903 1.47732597746
8400 59.8136656079 879.944801186 177.731153308 260.511195401 0.603933300617 0.290490649973 1.69282704568 236.901553601 373.532206854 243625.579775 80 1564.29284089 39.6405012621 33.7302197673 23.3594987379 122.707159102 1.46779314581
8424 59.3074726797 872.94694445 178.111234512 260.518869741 0.600102305486 0.311377271416 1.68486791726 236.884782763 373.540453112 244110.973946 79 1565.22915905 39.6405497886 33.9061204472 23.3594502114 121.770840946 1.45954688832
8448 58.8096777799 870.512689196 177.632580523 260.526434444 0.596580103666 0.328980778098 0.657759306772 237.890245366 373.547343477 244584.178665 76 1566.15104898 39.6366668609 35.6505965601 23.3633331391 120.848951011 1.45265652328
8472 58.3174346655 867.689936498 177.489571376 260.533935126 0.593279415783 0.340131507964 1.63459174999 236.898062198 373.552527144 245046.083028 73 1567.06396667 39.6314819213 37.1597119102 23.3685180787 119.936033324 1.44747285591
8496 57.8310185971 867.948621528 177.934521138 260.541369375 0.590193175707 0.350713187789 1.60148877994 236.91623548 373.553408938 245483.523083 72 1567.96695846 39.6215643358 50.6700283623 23.3784356642 119.033041529 1.44659106254
8520 57.3490184501 866.325446541 177.672398349 260.548760393 0.58730010036 0.368683336401 0.550862080614 237.944394088 373.558163784 245927.919047 72 1568.86385556 39.6169684522 48.8148311466 23.3830315478 118.13614443 1.44183621639
8544 56.8745235086 866.125868645 178.126218479 260.556062843 0.584650422209 0.379097380517 1.49285204627 236.987337306 373.562973919 246353.721187 70 1569.74822642 39.6121641962 58.2074400822 23.3878358038 117.251773576 1.43702608154
8568 56.4060906191 857.921670932 178.662027833 260.563300534 0.582248222276 0.39810499551 0.403479249988 238.052866997 373.568534961 246780.938241 69 1570.62285312 39.6094754213 65.9191800953 23.3905245787 116.377146878 1.43146503936
8592 55.9435768461 865.840410976 179.356868812 260.570477604 0.580019957504 0.403512984509 1.32770473998 237.118284712 373.568483226 247195.844913 69 1571.48686707 39.5980234125 61.7566395704 23.4019765875 115.513132927 1.43151677446
8616 55.4839728405 860.666884102 179.722098764 260.577641625 0.577917814892 0.417091040224 1.24088972273 237.186459795 373.57162142 247593.785446 67 1572.34727796 39.5926796804 72.4236228737 23.4073203196 114.652722029 1.42837858057
8640.0 55.0297230799 857.243658901 181.213568762 260.584756303 0.576081812926 0.444729356281 3.11496513835 235.279467387 373.574561387 247994.82814 97 1573.19922621 39.5885686329 66.8916285272 23.4114313671 113.800773787 1.42543861271
8664 54.5910299939 824.613025605 178.92144106 260.591663906 0.574680854184 0.468720226455 1.91788906441 236.447045947 373.595185814 248442.858231 95 1574.02678447 39.6153711638 52.4000215733 23.3846288362 112.973215527 1.40481418537
8688 54.1687416471 809.361319572 178.932110568 260.598351076 0.573510182674 0.476861842966 0.667041273691 237.684235622 373.612092949 248873.887898 94 1574.82300118 39.6271228313 44.1049492769 23.3728771687 112.17699882 1.38790705076
8712 53.7571692498 796.605016703 177.967346209 260.604906066 0.572433235828 0.482702667155 1.3712004903 236.968757539 373.624286559 249300.800747 94 1575.5994784 39.6346832999 38.3139006325 23.3653167001 111.400521602 1.37571344076
8736 53.355089044 788.092652603 177.586621218 260.611347035 0.571476789756 0.490893165883 1.027840108 237.298442898 373.634434773 249719.332864 93 1576.35873523 39.6383467305 35.4212122431 23.3616532695 110.641264763 1.36556522701
8760 52.959268468 782.902918458 177.451099954 260.617725122 0.570594939834 0.494800137613 1.67095057256 236.645929226 373.641403939 250128.791837 92 1577.10676972 39.6388315455 32.2311131856 23.3611684545 109.893230276 1.35859606023
