Time EBV Teff Treg ODC_le1 ODC_le2 ODC_le3 ODC_le4 ODC_le5 NK IL2 DAC Resting_Teff Resting_Treg EffectorMemory Resting_Treg_temp Resting_Teff_temp NK_temp
0.0 0 0 0 0 0 0 0 500 375 1000 0 1687 63 0 0 0 0
24 0 0 0 0 0 0 0 500 336.279789971 908.048253598 0 1687 63 0 0 0 38.7202100291
48 0 0 0 0 0 0 0 500 335.391027502 823.849847309 0 1687 63 0 0 0 39.6089724976
72 0 0 0 0 0 0 0 500 334.559882085 745.880698262 0 1687 63 0 0 0 40.4401179151
96 0 0 0 0 0 0 0 500 333.760437385 673.915002205 0 1687 63 0 0 0 41.2395626152
120 0 0 0 0 0 0 0 500 332.995774144 607.703333798 0 1687 63 0 0 0 42.0042258555
144 0 0 0 0 0 0 0 500 332.2684442 546.975994766 0 1687 63 0 0 0 42.7315557996
168.0 1000 0 0 0 0 0 0 500 331.580390823 491.447224652 0 1687 63 0 0 0 43.4196091775
192 587.94283022 2674.42256109 91.5619289612 4.47673168998 18.9970923557 71.5351553232 179.581289232 225.4097314 319.455578209 5741.3447637 0 1039.6715255 41.772295668 0 21.227704332 647.328474501 55.5444217919
216 136.889835517 6845.80317443 162.844920437 84.8486757294 49.3315470165 94.0013143088 128.783275917 143.035187028 264.666554164 482.924108184 0 1395.6219247 38.9761242247 613.083338035 24.0238757753 291.378075301 110.333445836
240 32.9910563959 2369.74810788 179.389015074 173.116182769 31.3100794695 61.1236578893 106.301459016 128.148620857 278.750945619 217.137557938 0 1603.79310006 38.8597603309 554.030472026 24.1402396691 83.2068999361 96.2490543816
264 16.3324813519 560.184906078 169.573732322 196.474528219 11.1432694962 33.2602050169 67.4420294054 191.679967862 303.592948628 235.847022108 0 1648.51226404 39.0697935462 518.009728105 23.9302064539 38.4877359554 71.4070513724
288 12.7039488268 227.027944475 166.531191912 198.581413249 3.66022854213 10.6538840414 39.5876018487 247.516872318 314.845143556 284.965498487 0 1658.01099471 39.4905377123 475.675142719 23.5094622877 28.989005292 60.1548564446
312 11.0584940236 159.099420215 161.664980281 198.87097999 0.889165527324 4.15211188624 24.4226387643 271.665103833 318.09227115 335.287193802 0 1661.89954016 39.7080711524 450.348041165 23.2919288476 25.1004598416 56.9077288504
336 9.90472037314 139.56362316 159.418662211 199.024170355 0.0623053277587 1.46831158139 20.4159252243 279.029287512 319.493934987 368.327053926 0 1664.53245516 39.7681475847 427.007310006 23.2318524153 22.4675448386 55.5060650139
360 8.94793099914 121.696726275 173.023804763 199.049654637 0.287939513158 1.56159537896 19.3131405578 279.787669914 319.383259297 348.542691576 0 1666.69270719 39.7864378796 417.601503719 23.2135621204 20.3072928106 55.6167407035
384 8.16923484307 115.443403727 169.00841398 199.095735971 0.372790826092 0.84310531922 15.4093574238 284.27901046 319.512807784 328.569086704 0 1668.4526781 39.7865577218 406.704241607 23.2134422782 18.5473219032 55.4871922169
408 7.54713089356 93.8980175901 169.627943568 199.143355224 0.433884256711 0.378124013318 11.7137930715 288.330843434 320.040538176 330.94674229 0 1669.87949732 39.9205500656 395.311702698 23.0794499344 17.120502677 54.9594618247
432 7.03311612332 89.2536294392 163.713080815 199.191220465 0.488688482383 1.46435212268 11.0155741131 287.840164817 320.562934508 339.393837809 0 1671.03865197 39.8970685721 379.557363694 23.1029314279 15.9613480275 54.4370654928
456 6.56166546781 83.7510723174 164.987662181 199.245347222 0.551436178863 1.42449688289 11.9954025145 286.783317202 320.406259885 325.146882641 0 1672.10203336 39.8971758888 366.616976038 23.1028241112 14.8979666445 54.5937401159
480 6.18079189604 73.6591847285 166.380111007 199.295775569 0.568557585789 0.292320826414 7.98127428831 291.86207173 320.582087852 318.043373784 0 1672.97466401 40.0159021963 356.670113848 22.9840978037 14.0253359853 54.4179121488
504 5.86019221741 68.8208769722 165.483607501 199.341081875 0.574639544927 0.946989217016 7.49573553608 291.641553827 321.00025043 325.833943575 0 1673.70350182 40.0630248342 337.734867019 22.9369751658 13.2964981845 53.9997495709
528 5.56549389526 59.9608767105 163.789813716 199.38566028 0.573753677649 0.745717442894 12.9904176907 286.304450909 321.256706237 326.143222213 0 1674.3728697 40.147662744 329.231113951 22.852337256 12.627130295 53.7432937638
552 5.31220177393 58.8695947793 164.365930327 199.426098891 0.571296218949 0.208560668449 7.91257087486 291.881473346 321.320812354 320.717368871 0 1674.94744536 40.1782184388 321.100678487 22.8217815612 12.0525546377 53.6791876466
576 5.0873562151 54.0749728488 161.956681598 199.462677154 0.559750478604 0.560246299449 9.59521686551 289.822109203 321.522770523 319.192458466 0 1675.45733707 40.2228016391 316.7236805 22.7771983609 11.5426629272 53.4772294772
600 4.86885561379 59.0486003059 161.74005567 199.499974809 0.579257488085 1.13108840002 7.03471679107 291.754962512 321.173729119 302.03124365 0 1675.94448895 40.0840384882 310.078524353 22.9159615118 11.0555110474 53.8262708817
624 4.66821578431 51.5871305225 160.658406868 199.536888355 0.581619458419 0.541603241485 6.02624276761 293.313646177 321.483511373 300.254688734 0 1676.40409496 40.2204923157 302.372862166 22.7795076843 10.5959050378 53.516488627
648 4.4874101376 51.816978468 162.895669298 199.571484066 0.589253169497 0.855222733642 5.03968714523 293.944352886 321.119219554 284.079337652 0 1676.81060596 40.1652069426 294.129695783 22.8347930574 10.1893940436 53.8807804465
672 4.3150425372 47.1915824286 157.572608633 199.606466342 0.59141543319 0.263891934153 6.72593709899 292.812289192 321.146510539 276.199547729 0 1677.20226344 40.2210975896 286.41870614 22.7789024104 9.79773655605 53.8534894613
696 4.15594523587 46.5166687459 156.452867001 199.639475681 0.583291184977 0.601604866966 7.86937504363 291.306253223 321.237422587 269.564052003 0 1677.5618315 40.2142019445 279.038211121 22.7857980555 9.43816849949 53.7625774135
720 4.02039130302 39.904575755 156.981057595 199.668609073 0.58973759812 0.802910496519 4.27039932301 294.668343509 321.277770348 264.509060872 0 1677.87284377 40.3691959372 282.265644459 22.6308040628 9.12715623131 53.7222296524
744 3.89122167133 39.4805718459 155.972012851 199.697828845 0.604824535535 1.00597583654 5.41288473604 293.278486047 321.378732779 265.415720676 0 1678.16437648 40.3432007525 274.43228868 22.6567992475 8.83562351944 53.6212672216
768 3.77116738859 40.8918947387 155.603094006 199.72631149 0.599399499355 0.321251949656 5.80056928826 293.552467773 321.360379889 260.457431701 0 1678.43485277 40.2832884537 267.638199241 22.7167115463 8.56514723041 53.6396201111
792 3.65787299918 35.3749632127 152.912076118 199.753546872 0.593146069438 0.583513666122 4.92401588246 294.14577751 321.468432248 259.069978652 0 1678.69383099 40.4240354143 265.788817827 22.5759645857 8.30616900918 53.5315677529
816 3.55325658953 36.1417232537 148.966594263 199.779407649 0.596394445769 0.766184226996 6.51343752368 292.344576155 321.713865069 264.278637954 0 1678.93100764 40.4435287372 257.578290381 22.5564712628 8.06899236102 53.2861349315
840 3.45304337348 34.3145513412 153.600738328 199.805207783 0.606847334826 0.906671829908 4.9806677049 293.700605347 321.519548979 252.32635932 0 1679.15753158 40.432170075 259.958402301 22.567829925 7.84246842108 53.4804510213
864 3.36559036214 31.6920197894 154.2734105 199.828819032 0.620138465591 0.0518357753435 5.10673263237 294.392474094 321.433185162 245.045294162 0 1679.35808937 40.5811622541 260.48188811 22.4188377459 7.64191063308 53.5668148387
888 3.27120187177 34.5908604476 150.375893105 199.854835606 0.601114302861 0.282402597041 5.40602205016 293.855625444 321.340822036 239.419786324 0 1679.56834565 40.4031850814 254.543175671 22.5968149186 7.43165434877 53.6591779644
912 3.18630711646 30.5720454021 158.29659062 199.878332178 0.591127168567 0.404058437499 3.93663365538 295.189848561 321.02851513 222.775410143 0 1679.76245549 40.5091266861 254.126935279 22.4908733139 7.23754451258 53.9714848704
936 3.10889804 28.713616247 153.270342864 199.900043357 0.586744291721 0.544057759689 5.65444835542 293.314706236 321.089104529 218.435218522 0 1679.93842785 40.5693547362 252.20110976 22.4306452638 7.06157215074 53.9108954715
960 3.03470391306 30.1157151672 150.478864025 199.921310064 0.588131754388 0.712998460855 6.10009064246 292.677469078 320.855375658 207.435020796 0 1680.10464902 40.444277255 252.583149616 22.555722745 6.89535097621 54.1446243428
984 2.96427566081 29.395181824 147.990448576 199.942138693 0.595521068418 0.88198620936 3.22556202663 295.354792003 321.12608501 208.093032206 0 1680.2655633 40.5282418153 250.285235903 22.4717581847 6.73443670177 53.87391499
1008 2.89928461227 27.2020963191 148.493776426 199.962112081 0.60618616732 0.964877864709 4.92539185293 293.541432034 321.219040144 211.972833079 0 1680.41405257 40.6435139268 244.456947995 22.3564860732 6.58594742586 53.7809598567
1032 2.83322191125 27.8484000539 148.701055083 199.983269256 0.611947279902 0.0992262576572 4.92799307222 294.377564134 321.081450832 206.612265691 0 1680.56184644 40.4994394946 241.075707826 22.5005605054 6.43815356403 53.9185491687
1056 2.77426094164 26.5144416554 144.086819029 200.002347364 0.598597037084 0.264091101528 5.02580345135 294.109161046 321.443221573 216.450449355 0 1680.69767829 40.6753908854 234.183585427 22.3246091146 6.3023217106 53.5567784277
1080 2.71541398283 25.8610572852 144.46350579 200.021453 0.590443252893 0.414090681188 3.32144496107 295.652568105 321.546745942 216.392886243 0 1680.83111222 40.7130734854 230.81016861 22.2869265146 6.16888777608 53.4532540587
1104 2.65737196956 24.0437674518 150.742226462 200.040512861 0.586304147134 0.514122695213 2.77960141283 296.079458884 321.219813058 206.48022513 0 1680.961948 40.6701218596 227.788415032 22.3298781404 6.03805199694 53.780186942
1128 2.60417128624 23.1537573012 143.29569853 200.058276185 0.585201027523 0.58380784929 3.67140812286 295.101306816 321.373717407 210.03454636 0 1681.08296122 40.7213411327 225.033534775 22.2786588673 5.91703877552 53.6262825932
1152 2.55586750378 23.9237444527 146.565733308 200.074724807 0.586614756639 0.671969113236 2.84844537096 295.818245952 321.304218374 205.250654955 0 1681.19264221 40.7145489337 221.591833547 22.2854510663 5.80735779025 53.6957816263
1176 2.50936309293 20.8452980138 142.841451836 200.09092058 0.589626678126 0.727689268593 3.92413151778 294.667631956 321.473690626 208.808587285 0 1681.29928125 40.9081697867 220.371406024 22.0918302133 5.70071874983 53.5263093748
1200 2.46488457913 22.4942966377 146.701004315 200.106797204 0.594446412261 0.822626077087 4.70143823729 293.77469207 321.434323558 205.721460529 0 1681.39878441 40.7267718349 215.508707156 22.2732281651 5.60121559369 53.5656764425
1224 2.4161209822 22.2631661778 145.541017039 200.124733654 0.603057737596 0.958258659033 5.32086058088 292.993089368 321.173345679 194.13031637 0 1681.50936318 40.7549533736 215.839527648 22.2450466264 5.4906368187 53.8266543218
1248 2.37083400117 25.7638727736 147.302388066 200.141985343 0.607900059602 0.0640370994395 4.53669050092 294.649386997 320.922924974 183.053866067 0 1681.60962316 40.4315831124 213.355826699 22.5684168876 5.39037683929 54.077075026
1272 2.32729025481 20.3703411799 144.920545717 200.158691969 0.594135818677 0.134170551911 1.70844126119 297.404560399 321.089347307 185.79280755 0 1681.71117009 40.8260092181 209.126201544 22.1739907819 5.28882990599 53.910652693
1296 2.28992095067 20.5899895655 144.470578438 200.172988799 0.583793090442 0.205978917163 4.81892975988 294.218309434 321.291595359 185.163904351 0 1681.79652122 40.9106463507 208.154995215 22.0893536493 5.20347877761 53.7084046415
1320 2.25382989008 18.7871690294 145.90047396 200.186803099 0.575961581469 0.28147832168 2.7807416653 296.175015333 321.208718175 186.779961175 0 1681.8786829 40.979640417 203.381720129 22.020359583 5.12131709538 53.7912818259
1344 2.21960059236 18.0269199887 142.414490734 200.199951828 0.569778044224 0.317629880252 1.55660936066 297.356030887 321.322769075 189.633419708 0 1681.95649252 41.0350622691 201.802418836 21.9649377309 5.04350747843 53.6772309251
1368 2.18462752745 20.2238358929 142.04513758 200.213459286 0.564491204389 0.376652191875 2.54233597215 296.303061345 321.202125033 182.922807583 0 1682.03446697 40.7957339686 204.30183411 22.2042660314 4.96553303158 53.7978749677
1392 2.15102737606 18.916138187 140.780541323 200.226537442 0.560735211364 0.426069377281 3.3722382674 295.414419702 321.363468371 186.623824282 0 1682.1114703 40.9231546062 200.947051336 22.0768453938 4.88852969757 53.6365316298
1416 2.11784954447 17.4672947392 144.957913743 200.23958201 0.558459409922 0.494363661523 2.17983183635 296.527763082 321.236357562 183.605221669 0 1682.18684532 41.0074652066 195.838089741 21.9925347934 4.8131546845 53.7636424381
1440.0 2.08343187261 19.4441539511 142.4204957 200.253291727 0.557395440875 0.545843192705 4.39230067842 294.251168961 321.079687943 174.684311763 30 1682.2637996 40.781373541 194.968685366 22.218626459 4.73620040456 53.9203120579
1464 2.05351987899 16.2810145331 135.03087666 200.26538415 0.557674494329 0.587758810131 2.76114918041 295.828033365 321.701503567 190.611155528 30 1682.33345589 41.1507290218 191.245139735 21.8492709782 4.66654411474 53.2984964341
1488 2.02674100348 15.7987265512 134.028960848 200.276371812 0.558492012922 0.60928253886 1.57317715974 296.982676476 321.957981526 203.35640598 30 1682.39445182 41.2095834232 186.725290379 21.7904165768 4.60554818457 53.0420184754
1512 1.99922809301 16.0747448752 133.439485856 200.287834513 0.559805269376 0.636083099138 2.61457209851 295.90170502 322.108869399 212.452090451 29 1682.45650598 41.1327404357 182.431047153 21.8672595643 4.54349402862 52.891130602
1536 1.97336663974 15.6947132425 132.850597397 200.298784735 0.561717833625 0.682956676473 3.32460969038 295.131931064 322.313166074 222.747157295 29 1682.51533807 41.1730561214 178.34762762 21.8269438786 4.48466193109 52.6868339273
1560 1.94887583526 15.165988059 132.414786528 200.309330377 0.564299278237 0.717638340606 2.81937083372 295.58936117 322.486056494 231.550576772 28 1682.57114341 41.2437670927 174.459305953 21.7562329073 4.42885659319 52.5139435067
1584 1.92520851346 14.9552337932 132.402431516 200.319700412 0.567445716974 0.757074172489 3.18210908617 295.173670612 322.633152305 239.78214092 27 1682.62486158 41.2574077596 170.752152402 21.7425922404 4.37513842823 52.3668476957
1608.0 1001.90225761 14.6479249905 134.512770865 200.329939781 0.570955172398 0.768436894289 1.49885307735 296.831815075 322.611950024 242.905209347 27 1682.67699261 41.286393223 167.214270516 21.713606777 4.32300739833 52.3880499767
1632 556.150381545 3122.45565214 144.310338838 201.988326222 5.05810169213 21.7300631174 70.5708262692 200.652682699 311.829638698 4717.47148659 27 1052.65846125 41.318687643 133.610492965 21.681312357 634.341538758 63.1703613028
1656 267.758595986 3880.4418582 170.691186363 209.729235736 9.79149924271 30.435311602 76.0448813606 173.999072059 312.527321791 6250.84807462 27 1259.71450733 39.707714399 261.019955002 23.292285601 427.285492677 62.4726782097
1680 130.927162386 3516.97158202 184.35382548 220.448331589 8.76339914245 31.5856317279 73.8201528294 165.382484712 314.521843627 6179.37540989 27 1430.5776965 39.2199496844 377.507222015 23.7800503156 256.422303508 60.4781563741
1704 69.6872899609 2568.88256297 195.855659877 228.408345507 6.78164225734 24.8347316894 61.0496661135 178.925614433 319.324252936 5583.6376955 27 1536.60343214 39.061155144 498.56678533 23.938844856 150.396567868 55.6757470651
1728 42.42827079 1684.70194853 195.78912463 232.522188403 5.10627646878 19.2823043255 60.3373483126 182.75188249 326.007374556 5023.68238293 27 1592.29293761 39.0317037729 562.677213355 23.9682962271 94.7070623969 48.9926254452
1752 29.0952324961 1132.67271388 194.843037298 235.049906938 2.6768869766 14.2902134104 51.0921412097 196.890851465 330.583379665 4488.31896654 26 1621.28138527 39.037250544 605.010390702 23.962749456 65.7186147377 44.4166203361
1776 21.9340670565 763.845323116 197.168313613 235.854871542 0.866658612703 10.2552766012 39.4390701368 213.584123108 334.570155693 4105.41799405 26 1637.38103055 39.0865580874 600.910638752 23.9134419126 49.6189694568 40.4298443073
1800 17.8280861764 522.044569376 191.909077666 236.079270913 0.427237530167 4.34132504561 33.769624138 225.382542373 337.706610672 3883.02638739 25 1646.72194123 39.1663000505 564.456314282 23.8336999495 40.2780587734 37.2933893285
1824 15.1005605971 427.247548266 188.033622796 236.220841795 0.298353854299 3.64777564345 24.6920565273 235.14097218 338.321958011 3593.21062887 25 1652.83650047 39.1919709478 563.281948139 23.8080290522 34.1634995372 36.6780419893
1848 13.0802595908 371.235136268 192.722606471 236.345771606 0.78749927206 1.95464340072 21.929403371 238.98268235 338.314298392 3316.03924528 23 1657.366597 39.2045345868 546.225698234 23.7954654132 29.6334030068 36.6857016086
1872 11.5120429028 299.107265278 191.702006625 236.500460694 0.0608192403532 3.01290318592 15.8659878558 244.559829024 338.32414877 3073.36037987 23 1660.90804302 39.2480790783 538.371694166 23.7519209217 26.091956984 36.6758512309
1896 10.3660557893 229.54530309 190.195515607 236.531279032 0.319828608816 0.392326876715 15.649962954 247.106602529 339.087811284 2917.91768489 23 1663.53547894 39.355467163 510.491491856 23.644532837 23.4645210705 35.9121887165
1920 9.44652863971 214.330666846 188.459683942 236.578493178 0.374132523588 1.34005869886 11.1098362539 250.597479346 338.413125958 2718.31163052 23 1665.59511856 39.3536661113 494.216417615 23.6463338887 21.4048814494 36.5868740432
1944 8.66153357704 190.064782358 186.529794206 236.634895025 0.469029190365 0.508896583301 8.53831861203 253.848860589 337.968892435 2530.94626762 23 1667.36410065 39.3818712186 489.653982189 23.6181287814 19.6358993584 37.0311075653
1968 7.98867397406 163.223647055 189.789780307 236.69369292 0.49721833979 0.736589193854 13.7060467241 248.366452822 337.261907625 2348.09636059 23 1668.88564982 39.4291093681 483.467207251 23.5708906319 18.1143501854 37.7380923758
1992 7.48002832351 139.800236253 178.682377795 236.74553128 0.555860995223 0.753581014541 9.2700089342 252.675017776 337.55394153 2236.43239718 23 1670.05362372 39.5455812682 467.548190883 23.4544187318 16.9463762923 37.446058471
2016 7.03620392307 130.117832939 178.434405733 236.797245134 0.560626548649 0.511474101862 6.68476489395 255.445889322 337.058884141 2120.10058215 23 1671.049799 39.543627543 451.326743196 23.456372457 15.9502010115 37.9411158593
2040 6.64147182701 120.337198447 181.261355017 236.846373132 0.582506163468 0.155803462661 10.9259644038 251.489352838 336.497312921 2006.05891267 22 1671.94224286 39.5742364133 430.682768765 23.4257635867 15.0577571521 38.5026870794
2064 6.28934542053 98.0607613972 185.367250223 236.89356652 0.583604165527 0.978602018634 10.5899900663 250.95423723 335.885840798 1885.27549544 22 1672.74573194 39.7051661051 422.154379537 23.2948338949 14.2542680645 39.1141592022
2088 5.98315375126 94.1845274188 176.914036305 236.937891718 0.589686053539 0.566757222955 9.91364220715 251.992022799 335.474257471 1777.1065356 22 1673.43590171 39.7181126613 411.454737248 23.2818873387 13.5640982958 39.52574253
2112 5.69661024264 88.4322674519 173.672483254 236.981791282 0.602104570346 0.161647777145 8.87467795409 253.379778416 334.811182449 1674.43742403 22 1674.07923282 39.7120130122 397.276132333 23.2879869878 12.9207671901 40.1888175513
2136 5.43345922295 82.1283618522 174.262716572 237.023997958 0.596184162453 0.839675923502 9.02538120387 252.514760753 334.133850877 1569.09513058 22 1674.67429297 39.7496009971 386.365706359 23.2503990029 12.3257070431 40.8661491233
2160.0 5.20051750121 78.5990272653 169.611718388 237.064077208 0.624254917086 0.358024242337 8.02743594704 253.926207685 333.685854583 1475.69681294 51 1675.20168213 39.790236304 377.208145689 23.209763696 11.7983178814 41.3141454178
2184 5.01819527739 56.1776673792 157.918427047 237.097295911 0.61960452865 0.67551035957 4.3480451212 257.259544079 334.302737991 1463.3565046 51 1675.62905649 40.1364242145 351.322926611 22.8635757855 11.370943517 40.6972620095
2208 4.86720517443 52.6497219207 151.73445465 237.125809191 0.626030824801 0.846958958088 4.91886733224 256.482333693 334.442898213 1445.00586018 51 1675.97170167 40.2029981799 328.10215163 22.7970018201 11.0282983444 40.5571017876
2232 4.72767788347 49.8663766466 149.136702995 237.153392869 0.63535472232 0.111523150894 5.71966818368 256.380061074 334.477606348 1427.8402129 50 1676.2870525 40.2452890779 305.011634137 22.7547109221 10.7129475146 40.5223936528
2256 4.59629529521 48.3038737884 148.486619323 237.17984741 0.617581503511 0.299309739398 4.40295648903 257.500304858 334.366115187 1402.78793413 48 1676.58321396 40.2555415564 286.64358681 22.7444584436 10.4167860551 40.6338848134
2280 4.47442198849 45.5318858489 147.196845758 237.204541639 0.609078370496 0.505541468931 6.51104496128 255.169793559 334.226531974 1377.84112074 48 1676.85916514 40.3136607754 269.479996476 22.6863392246 10.1408348704 40.7734680268
2304 4.35995285842 43.9988648686 147.411803204 237.228170412 0.607073499489 0.595604154748 2.4578434324 259.111308501 334.009121067 1344.62597255 47 1677.11765482 40.3384625785 258.168141961 22.6615374215 9.88234519115 40.990878934
2328 4.25091712268 43.537068623 146.903422477 237.251252345 0.608774661196 0.695211040026 2.14339316893 259.301368784 333.776237618 1312.90877347 45 1677.36352439 40.3504723461 243.395696549 22.6495276539 9.63647561939 41.2237623825
2352 4.14868776859 40.5131593933 149.62054331 237.273556881 0.613538530136 0.80417110079 4.41556575208 256.893167735 333.425186004 1274.87178239 44 1677.59486109 40.4011547068 233.113620748 22.5988452932 9.40513892371 41.5748139971
2376 4.0475399418 40.5652218244 148.659568195 237.296432817 0.622961101181 0.934644412311 4.76166662745 256.384295041 333.048318682 1234.5569647 43 1677.82177374 40.3563300257 221.019078384 22.6436699743 9.17822627164 41.9516813191
2400 3.95257698737 38.2219708216 147.735876326 237.318843724 0.636321230018 1.05304120698 2.75022023689 258.241573602 332.851590102 1196.64443868 43 1678.03698639 40.4237422018 213.03259729 22.5762577982 8.96301361846 42.1484098992
2424 3.8644728185 36.2739742502 145.828769377 237.340071051 0.619033280403 0.14238961796 4.42035026603 257.478155784 332.609070911 1163.55393187 43 1678.23667138 40.486287664 203.901420413 22.513712336 8.76332863469 42.3909290894
2448 3.77883031062 36.1548727153 146.272627303 237.360647524 0.606252580316 0.312888582055 3.86465402447 257.855557289 332.256267164 1125.23757165 42 1678.42925089 40.4547922928 196.657336356 22.5452077072 8.5707491261 42.7437328372
2472 3.69945786588 34.2080864653 146.661514265 237.379821168 0.598546518426 0.404337063226 1.99092956061 259.62636569 331.984783782 1090.1743193 41 1678.60974005 40.5430231801 189.1182019 22.4569768199 8.39025996061 43.0152162186
2496 3.62134700156 32.433101085 145.909070361 237.398891636 0.593395690649 0.475993425212 1.19304414157 260.338675106 331.702659283 1056.40141765 41 1678.78632305 40.5933957358 181.276827485 22.4066042642 8.21367696051 43.2973407176
2520 3.54711914537 32.3579123074 145.236215654 237.417276269 0.590434294884 0.510754366206 1.21640006318 260.265135007 331.393385318 1021.87634202 40 1678.95372024 40.5825845843 174.09390127 22.4174154157 8.04627977258 43.6066146824
2544 3.47330124421 32.0250436233 144.450274174 237.435870706 0.588777011292 0.563047037355 1.32538886348 260.086916381 331.025466795 984.100130088 40 1679.11971575 40.5483298695 170.395698847 22.4516701305 7.88028425747 43.9745332054
2568 3.40453082571 29.8951404403 143.844806683 237.453524826 0.588475436275 0.60508909162 2.04760963635 259.305301009 330.782988208 952.031035803 40 1679.27614464 40.6527845674 165.138196999 22.3472154326 7.7238553701 44.2170117927
2592 3.33928715698 29.7764960742 145.089598383 237.470622756 0.590152199287 0.696223863936 3.41199643325 257.831004747 330.411349372 918.582599899 40 1679.4234114 40.6428775183 159.313933225 22.3571224817 7.57658861138 44.5886506288
2616 3.27670401263 28.7954925619 144.802130765 237.487418155 0.593716106132 0.749419442897 4.67780811272 256.491638183 330.074872066 886.06063287 40 1679.56502362 40.6786282092 154.87199633 22.3213717908 7.43497638861 44.9251279347
2640 3.21698473582 28.7436591462 145.512168671 237.503869369 0.59920026737 0.843945133504 3.6490772795 257.40390795 329.779987395 853.321017718 40 1679.69985623 40.6657665255 151.758480257 22.3342334745 7.30014378385 45.2200126062
2664 3.15891819427 26.4132008085 140.897002024 237.520337558 0.606389746546 0.882813298346 1.65567796241 259.334781434 329.664885628 831.427876341 40 1679.8318632 40.7855642375 146.957924515 22.2144357625 7.16813681219 45.3351143727
2688 3.10478458298 25.2663563374 142.20692223 237.536155374 0.613915343583 0.92630442874 3.28819882519 257.635426028 329.364714132 803.11038353 39 1679.95472414 40.8543431919 144.443467961 22.1456568081 7.04527587462 45.6352858691
2712 3.05050580712 25.172668349 140.813330195 237.552506964 0.622278965068 0.95082497531 4.09202572113 256.782363374 329.073862537 774.927194036 39 1680.07701418 40.8282607966 143.107457657 22.1717392034 6.92298582728 45.9261374641
2736 2.99451730854 26.3566931023 143.460434517 237.569931244 0.632059291689 0.997671412017 2.19156299012 258.608775061 328.573947303 740.082136687 37 1680.20215847 40.6876761269 140.919914366 22.3123238731 6.79784154193 46.4260526974
2760 2.94217266215 26.4751460534 141.637557896 237.586495055 0.618630170121 0.0672584720997 1.96803176755 259.759584534 328.371778055 713.319054861 36 1680.32157652 40.806389076 137.955027899 22.193610924 6.67842349131 46.6282219462
2784 2.89083089435 24.3461048237 141.298248126 237.602648301 0.605213529561 0.150209564324 4.70697822747 256.934950377 328.126061273 689.538393522 36 1680.43742438 40.8000866323 136.11073513 22.1999133677 6.56257562883 46.8739387282
2808 2.84334065097 23.3892063189 143.716329488 237.617557684 0.595311374232 0.22970288049 1.03752653487 260.519901526 327.771780096 661.62847831 35 1680.5455622 40.8905893665 134.495712131 22.1094106335 6.45443781045 47.2282199048
2832 2.79782065405 22.2481226262 139.756642089 237.631866048 0.587036835115 0.277102902647 3.26197749476 258.242016719 327.654966078 643.715991912 34 1680.64876234 40.9515860796 132.008341075 22.0484139204 6.35123767553 47.3450339228
2856 2.75251336457 22.116962272 140.187333639 237.646156838 0.580414823245 0.354826115503 3.49432264876 257.924279574 327.393285452 622.499294292 34 1680.75099656 40.9312422755 129.659498125 22.0687577245 6.24900345452 47.6067145484
2880.0 2.7093729665 21.8980227709 141.494088383 237.659852878 0.575786719856 0.412911698333 4.55377954248 256.797669161 327.113125777 600.101781176 62 1680.84853027 40.9259974438 128.436554779 22.0740025562 6.15146974062 47.8868742233
2904 2.66830861456 21.5766904381 137.662759751 237.673008043 0.572964099715 0.478417060177 2.38832493087 258.887285866 327.041584981 587.791810029 61 1680.94169401 40.9463174859 125.363328702 22.0536825141 6.05830600066 47.9584150197
2928 2.62849632568 20.6289226622 136.322107442 237.685908068 0.571364615648 0.517988469681 1.17751876553 260.04722008 326.976772216 576.577669981 60 1681.03210799 41.0192238156 122.457911047 21.9807761844 5.96789201636 48.0232277846
2952 2.59021851292 20.1943209465 136.231829097 237.698470849 0.570623190422 0.554958042786 1.82751935317 259.348428564 326.835515592 563.534821449 59 1681.11882047 41.0435536471 120.701276704 21.9564463529 5.88117953671 48.1644844087
2976 2.55269159152 20.4418055145 135.701785184 237.710960476 0.570545880684 0.579443321281 2.47069264543 258.668357677 326.698818044 551.781847806 57 1681.20343082 40.9888163368 118.055690019 22.0111836632 5.79656919376 48.3011819563
3000 2.51610318136 19.5695669 135.346591781 237.723321693 0.571251017794 0.628860124887 2.00015758057 259.076409584 326.601048708 541.219182958 57 1681.28657505 41.0648867349 115.545218502 21.9351132651 5.71342495878 48.3989512924
3024 2.48093798401 19.1540351013 135.335377019 237.735397418 0.572837579119 0.663437344673 2.41498730382 258.613340354 326.470008214 529.904801871 56 1681.36627124 41.0914209279 113.159657401 21.9085790721 5.6337287683 48.5299917863
3048.0 1002.44615536 19.0136046052 135.503315668 237.747551535 0.574974716103 0.684964190991 2.87120934789 258.12130021 326.31042748 517.890234078 56 1681.44488993 41.0798758793 110.890236432 21.9201241207 5.55511007575 48.6895725198
3072 602.05369269 2607.19678585 135.610532693 239.04078495 3.30372045609 16.6148530708 57.8517072247 183.188934299 319.869169345 5770.08064203 55 1033.44726351 41.9108134994 37.3664557552 21.0891865006 653.552736498 55.1308306549
3096 358.6041672 2869.98862816 151.685624853 241.349268471 2.39016214349 13.06346846 64.3507583649 178.846342561 329.263084549 9280.6917302 54 1185.59829187 40.4523954052 60.2548435728 22.5476045948 501.401708138 45.7369154503
3120 237.188927097 2581.4308202 162.637537062 243.259849025 1.83285309884 10.1067861729 56.0207199179 188.779791785 337.328027741 11798.5373024 52 1302.2334127 39.9793662999 78.5634216118 23.0206337001 384.766587301 37.6719722585
3144 171.719311154 2208.62708043 169.043355916 244.357926484 3.63074737623 7.80661214647 33.0135938286 211.191120165 343.479506905 13606.6944757 51 1383.09938338 39.7770484623 104.667439402 23.2229515377 303.900616623 31.5204930944
3168 132.647857907 1878.88994765 172.990073651 244.990556965 1.15813838311 4.54350674423 36.2828870698 213.024910838 347.947471197 14955.5699192 50 1439.15989845 39.6734493313 111.169836622 23.3265506687 247.840101556 27.0525288029
3192 107.543933628 1614.19771409 173.985382577 245.44984753 0.37809990085 8.73907314375 28.5737621815 216.859217244 351.307296968 15983.7035363 49 1478.78808414 39.6202857816 131.820540927 23.3797142184 208.21191587 23.6927030322
3216 90.2659366448 1397.57564777 175.841530269 245.684443683 0.722061928765 6.44497285589 22.0358359358 225.112685596 353.81318542 16825.7322172 49 1507.84318539 39.5890602921 126.777648418 23.4109397079 179.156814614 21.1868145801
3240 77.7820000997 1227.1117853 176.540561093 245.888098638 0.984929362003 0.264417963091 17.554906142 235.307647895 355.713273605 17493.3149473 49 1529.79568233 39.5710499936 140.91601917 23.4289500064 157.204317672 19.2867263948
3264 68.3910635319 1103.65073655 178.022820416 246.075960595 0.971833500967 1.34873838923 16.700312507 234.903155007 357.154864587 18045.5097011 49 1546.85208033 39.5547092117 136.484545811 23.4452907883 140.147919679 17.8451354127
3288 61.1114098161 985.146715269 178.057098938 246.19700438 0.0971858418119 1.02716942507 17.3367922875 235.341848065 358.454774871 18523.9913709 48 1560.44298152 39.560304954 134.500774264 23.439695046 126.557018485 16.5452251285
3312 55.2129379649 910.590812218 177.953944472 246.219469871 0.185865779515 0.720199180131 17.2355560925 235.638909076 359.270518997 18887.2654606 48 1571.62487145 39.5398966418 143.638783363 23.4601033582 115.375128559 15.7294810031
3336 50.3524712192 836.323912623 179.771424414 246.25189944 0.294954198926 1.00354669181 17.2887319008 235.160867769 360.031347081 19202.4141635 48 1581.0144837 39.5380223366 141.253557645 23.4619776634 105.985516301 14.968652919
3360 46.2935530187 771.880549103 180.671147536 246.291686239 0.351476387209 0.630839435659 13.6925373183 239.03346062 360.649428148 19459.3308267 48 1588.95612554 39.5324974747 147.018249929 23.4675025253 98.0438744674 14.3505718513
3384 42.8481444354 713.794535177 178.681030223 246.336794225 0.427386959593 0.846616546999 13.2832306033 239.105971666 361.219957394 19688.5937581 48 1595.78207589 39.5352161884 144.36433454 23.4647838116 91.2179241148 13.7800426061
3408 39.8932501686 672.051041262 179.345499414 246.384271201 0.457721270531 0.199722183143 11.4820386061 241.476246739 361.62928091 19870.6893973 48 1601.68190784 39.5248977175 136.139459935 23.4751022825 85.3180921656 13.37071909
3432 37.2985949711 637.421301622 176.769977387 246.430908973 0.480088926817 0.171546038627 10.8665265515 242.05092951 361.98435265 20003.4953461 48 1606.90683606 39.5145272953 141.258477933 23.4854727047 80.0931639501 13.0156473502
3456 35.027693395 592.172661198 179.146091203 246.475940435 0.486010971661 0.859325966547 9.18353862524 242.995184002 362.381944229 20128.0817857 48 1611.52851559 39.5263354784 136.087344276 23.4736645216 75.4714844166 12.6180557708
3480 33.0582045631 552.749618 178.197394788 246.519431215 0.504936021828 0.590366847079 5.49573727244 246.889528644 362.729909083 20237.6428813 48 1615.56327931 39.5367947443 132.621005623 23.4632052557 71.4367206966 12.2700909168
3504 31.299639662 523.842425686 176.991527942 246.561572635 0.529100466535 1.0428677829 6.13206919576 245.73438992 362.988963199 20310.2211526 47 1619.1791595 39.5387370087 140.622448562 23.4612629913 67.8208405024 12.011036801
3528 29.6930213827 518.100526911 179.937368888 246.604453327 0.544980218893 0.652654594267 7.7239201131 244.473991746 363.079852234 20333.011293 46 1622.48729594 39.5121785845 144.690580994 23.4878214155 64.5127040639 11.9201477657
3552 28.204207402 502.38108038 179.314306668 246.64731974 0.56508792509 0.180466884483 7.98723739166 244.619888059 363.178282332 20330.8568128 45 1625.56973027 39.4923717857 155.942847472 23.5076282143 61.4302697332 11.821717668
3576 26.8355745052 483.305430165 182.480141766 246.688991687 0.560490858912 0.839586159967 9.41829286847 242.492638426 363.277107675 20302.5509404 44 1628.42106204 39.4837774002 175.210649936 23.5162225998 58.5789379681 11.7228923252
3600.0 25.5593940754 471.298597406 182.486694633 246.730102411 0.555625007257 0.42790519623 6.60364802218 245.682719364 363.346240856 20257.9192015 73 1631.08705611 39.4676898464 188.31172626 23.5323101536 55.9129438913 11.6537591436
3624 24.4700663637 392.896006264 176.760770693 246.766417873 0.56102938271 0.867073157753 6.10915278982 245.696326797 363.886747906 20357.1939097 72 1633.41676937 39.5732649682 149.269275424 23.4267350318 53.5832306361 11.1132520937
3648 23.5603034758 352.815997674 175.222072813 246.798738836 0.566203396174 0.216765430601 5.65556871316 246.762723625 364.26288235 20426.7760371 72 1635.35549935 39.6430862827 122.886623753 23.3569137173 51.6445006473 10.7371176497
3672 22.7583196714 331.20227003 173.772087094 246.827799549 0.554718141566 0.448990945145 5.26204627067 246.906445095 364.479038755 20472.9212845 71 1637.05796266 39.6752897463 107.492320231 23.3247102537 49.9420373413 10.5209612447
3696 22.0271328609 315.546330839 172.49431417 246.854924872 0.553923819212 0.599278381131 3.25598889082 248.735884038 364.631267639 20507.709388 71 1638.61010085 39.6938420391 93.544788592 23.3061579609 48.3898991472 10.3687323611
3720 21.3482987862 300.911040939 172.772907873 246.88103719 0.559809535829 0.786605073006 5.64489921683 246.127648985 364.743097623 20526.9255079 70 1640.05309579 39.7109056348 84.3026790153 23.2890943652 46.9469042074 10.2569023764
3744 20.7183083836 287.887491352 173.40281607 246.906504625 0.575510223443 1.02781388409 6.38593759463 245.104233674 364.83324208 20532.7930497 69 1641.39447723 39.7246518831 78.3658229409 23.2753481169 45.6055227702 10.1667579194
3768 20.1269234676 280.749413484 172.68089599 246.931279276 0.562448043063 0.244716140337 3.88582705428 248.375729487 364.90803557 20525.7554319 67 1642.6540463 39.7250040459 74.9240839987 23.2749959541 44.3459536972 10.0919644293
3792 19.5681635855 273.858150748 174.233530985 246.954802267 0.55308702465 0.449332164493 5.09760756625 246.945170978 364.954865409 20507.1369332 66 1643.84616006 39.7252016562 71.280217025 23.2747983438 43.1538399404 10.0451345906
3816 19.0361480653 266.10519837 174.207597084 246.977643347 0.553044855817 0.627709534318 3.11164128602 248.729960978 364.99227012 20475.347616 66 1644.98284517 39.7250185609 72.5279125601 23.2749814391 42.0171548358 10.0077298796
3840 18.5347536596 258.492627099 172.096994748 246.999883295 0.558943141723 0.789568420423 5.81139272138 245.840212422 365.044365344 20447.4603293 66 1646.05638524 39.7269538003 67.9636089061 23.2730461997 40.9436147605 9.9556346555
3864 18.0583687959 249.213741264 171.846161684 247.021926065 0.57052540599 0.919620293181 3.30949080395 248.178437433 365.098590845 20409.3451005 65 1647.07897336 39.7388459938 67.1501224682 23.2611540062 39.9210266453 9.90140915415
3888 17.6036100076 245.718466397 173.581736315 247.043950931 0.573179431141 0.0486877053213 2.63327015661 249.700911776 365.095879626 20351.3540545 64 1648.05423961 39.7301054334 70.1810144684 23.2698945666 38.9457603956 9.90412037339
3912 17.1673898274 242.713792565 173.900974306 247.065194757 0.556979125225 0.235174233856 3.74441633704 248.398235548 365.095494476 20288.6935506 63 1648.99102757 39.7209094266 69.1890539363 23.2790905734 38.0089724312 9.90450552332
3936 16.7489338708 237.652375094 172.897294164 247.085626075 0.54809123505 0.40735525351 5.7071377191 246.251789718 365.127747345 20223.9266455 59 1649.89161858 39.71701895 67.7918708961 23.28298105 37.1083814173 9.87225265509
3960 16.3411588826 239.602335108 172.571439625 247.105827936 0.545657111309 0.551859357007 2.69485062307 249.101804973 365.092926201 20134.1916157 58 1650.76788746 39.6926020076 72.2037485083 23.3073979924 36.2321125387 9.90707379862
3984 15.9398000298 238.979466707 173.969610896 247.126214311 0.548448274098 0.72173836662 5.69821249565 245.905386553 365.039456101 20030.0810469 56 1651.63151338 39.6689638099 77.0766089721 23.3310361901 35.3684866244 9.96054389812
4008 15.5628697866 226.238040169 174.166463576 247.146044547 0.557186960071 0.865259747063 2.38263598988 249.048872757 365.116522527 19944.5799831 55 1652.45077011 39.7107425672 78.3837299491 23.2892574328 34.5492298909 9.88347747256
4032 15.2014937123 221.179442748 177.091688864 247.165879161 0.568702980216 0.926238633683 5.05736196632 246.281817259 365.051695641 19836.5642851 55 1653.23076485 39.6916651801 82.7669302404 23.3083348199 33.7692351469 9.94830435884
4056 14.8526331051 222.056538758 174.735700635 247.185909399 0.582039270576 1.00762183507 4.5790167247 246.645412772 365.037927317 19722.1583279 55 1653.9853464 39.6744862449 88.2965267286 23.3255137551 33.0146536052 9.96207268302
4080 14.51472174 216.348490079 175.241605785 247.206059789 0.577644492293 0.104687666979 4.04441577604 248.067192276 365.026068799 19610.4406944 54 1654.71815352 39.6756816824 91.0483701714 23.3243183176 32.281846481 9.9739312002
4104 14.1845479567 212.985399619 178.279035269 247.225737368 0.563138731844 0.185754243846 1.5720182494 250.453351408 364.973073701 19487.5240415 54 1655.43425688 39.6685649065 89.167790538 23.3314350935 31.5657431229 10.0269262981
4128 13.8672313541 212.021972565 176.55482051 247.244643709 0.55158697574 0.26698535845 3.94663996264 247.990143995 364.940515204 19351.9316936 52 1656.12299314 39.6532687464 96.2342883597 23.3467312536 30.8770068616 10.0594847956
4152 13.5551682975 210.107448739 177.568270466 247.263343062 0.544794506554 0.424440762537 4.20632801385 247.561093656 364.880553467 19210.0189743 51 1656.80076004 39.6439877707 99.1382533424 23.3560122293 30.1992399626 10.1194465322
4176 13.2562410936 201.079803687 177.184557556 247.281524088 0.543028679516 0.55189964897 3.3375076916 248.286039893 364.902689911 19075.4645164 51 1657.45411036 39.6675821554 101.185085976 23.3324178446 29.5458896371 10.0973100888
4200 12.9718682498 199.176212659 178.416030291 247.299213484 0.545303748013 0.671540684121 2.24082378937 249.243118295 364.852797666 18931.0014928 51 1658.07345379 39.6566774389 103.878588678 23.3433225611 28.9265462159 10.1472023337
4224 12.6945122735 198.2471737 178.904662318 247.3169696 0.550449702653 0.742825731574 3.20402823472 248.185726732 364.785217418 18774.0972283 50 1658.67781028 39.6442314176 111.071346346 23.3557685824 28.322189725 10.2147825819
4248 12.423320423 193.85054576 180.85763421 247.334913338 0.557796139403 0.810298055385 3.15979255231 248.137199916 364.718144629 18611.7846208 50 1659.26949868 39.6394228316 118.858692715 23.3605771684 27.7305013203 10.2818553703
4272 12.1605297437 191.287567089 179.567383524 247.352939526 0.566555385054 0.858834540357 2.06699812456 249.154672424 364.685681098 18452.4038385 50 1659.84399183 39.638304123 123.914106246 23.361695877 27.1560081735 10.3143189015
4296 11.9039170324 187.49617803 180.610932146 247.37122134 0.576479424192 0.892095924266 0.979943550165 250.180259762 364.638237874 18289.0801726 50 1660.40550026 39.6394289622 127.291988833 23.3605710378 26.5944997369 10.3617621253
4320.0 11.6589862212 181.691500835 178.20264583 247.389357671 0.586895719945 0.947103578028 3.64418618892 247.432456843 364.617519574 18131.9751074 80 1660.94301739 39.6524601889 127.909025327 23.3475398111 26.0569826135 10.3824804254
4344 11.4324560597 166.328707658 174.085990775 247.406791225 0.59798373272 0.993953093719 1.88190443634 249.119367513 364.660547245 18007.0300246 77 1661.44404798 39.7182814597 119.221685941 23.2817185403 25.5559520249 10.3394527539
4368 11.2208220419 159.517045945 171.541768138 247.423660866 0.59957983406 0.0498212244088 2.7772853846 249.149652692 364.674132354 17878.8740433 76 1661.90950347 39.739547898 109.435728516 23.260452102 25.0904965336 10.3258676456
4392 11.0202910918 154.045286571 172.937983338 247.439686548 0.585601458335 0.0960283628518 1.49452837449 250.384155257 364.65102551 17740.3381904 76 1662.35098327 39.7632847757 104.08034288 23.2367152243 24.649016729 10.3489744897
4416 10.8277031325 149.306095541 171.301599752 247.455010558 0.573748507103 0.177055863427 2.9855901429 248.808594929 364.635494939 17603.2316232 75 1662.77446673 39.7768868298 99.5260177155 23.2231131702 24.225533272 10.3645050604
4440 10.6420000256 146.62759694 170.23830236 247.469774677 0.564573684275 0.257082386475 2.34717224291 249.36139701 364.607609351 17463.5826227 74 1663.18265979 39.7809499312 94.8369182005 23.2190500688 23.8173402173 10.392390648
4464 10.4591813598 146.044750074 172.264227137 247.484353447 0.557539912376 0.325579449114 1.73663412001 249.895893073 364.525149246 17313.6681092 73 1663.58364765 39.7653676377 89.9485214186 23.2346323623 23.4163523581 10.4748507538
4488.0 1010.28216956 142.641317548 170.958702689 247.498558111 0.552315091736 0.380378316826 2.05095933996 249.517789141 364.491818268 17164.7117163 73 1663.97372094 39.7808869102 86.6976471994 23.2191130898 23.0262790585 10.5081817318
4512 826.453868297 3262.61741795 152.322965081 247.701233403 0.918552983191 3.29187534111 33.360157585 214.728180688 348.468650857 22615.9888021 72 953.456887538 42.1205232057 23.6172129488 20.8794767943 733.543112461 26.5313491424
4536 624.53476745 3886.18246356 159.180244549 248.016241733 1.24144203868 4.30009120062 40.0771345817 206.365090447 348.294296505 27096.5063239 70 1030.12142574 40.8969070353 32.7209657721 22.1030929647 656.878574254 26.7057034949
4560 480.61168425 3849.48681233 164.386783875 248.388359578 0.488857721832 6.97436625632 32.4319722369 211.716444207 350.903554876 30977.4999502 68 1106.75961935 40.4145563071 45.7072366952 22.5854436929 580.240380647 24.0964451235
4584 382.1445297 3598.13763821 167.914210979 248.660838739 0.272677044216 5.4506001379 31.5192825788 214.0966015 353.718449928 34335.0499648 68 1174.68388002 40.1589736496 55.4743574495 22.8410263504 512.316119975 21.2815500723
4608 313.965905318 3256.87154319 172.291080338 248.845262599 0.583185568897 2.80618324419 28.1997431857 219.565625403 356.35318833 37299.1605997 68 1231.78732013 40.0213741577 44.5841098144 22.9786258423 455.212679872 18.6468116694
4632 265.44804468 2956.30185463 172.269092921 249.053095327 1.10458873296 2.99006619117 26.6539218601 220.198327889 358.512087248 39869.5023195 67 1278.68780414 39.9316611039 57.2560861643 23.0683388961 408.312195858 16.4879127515
4656 229.516250294 2692.70816688 173.16038616 249.187733442 0.65851063667 2.40168494294 17.3632685124 230.388802467 360.25347024 42166.1439918 67 1317.41591084 39.870332545 52.2835615226 23.129667455 369.584089154 14.7465297603
4680 202.109274321 2452.54085184 173.767417964 249.327895605 0.831218652492 1.69832380163 16.5203636833 231.622198258 361.69243536 44226.6646078 67 1349.57237283 39.8301662404 53.8196219335 23.1698337596 337.427627166 13.3075646398
4704 180.532213446 2265.48041855 175.895088814 249.470780048 0.842934102154 1.11418890872 13.5210753756 235.051021566 362.814972157 46050.6789714 65 1376.6293767 39.7943092039 57.2819776039 23.2056907961 310.370623294 12.185027843
4728 163.190044831 2106.65523654 175.386916718 249.600614814 0.851557764058 1.07184321691 14.003685102 234.472299103 363.750153652 47706.5454361 65 1399.59720466 39.7654652666 69.3043132244 23.2345347334 287.402795343 11.249846348
4752 148.80199739 1974.65447681 177.79984763 249.719054934 0.867142996742 0.911483936562 12.4632375901 236.039080543 364.474059883 49205.6579847 64 1419.51938999 39.7347651111 66.5785397673 23.2652348889 267.480610011 10.5259401171
4776 136.794825963 1853.20183143 177.570596039 249.831472857 0.910861069283 1.0977631404 8.08874194832 240.071160985 365.139164925 50575.8782408 63 1436.81116956 39.7148881317 72.9419105948 23.2851118683 250.188830441 9.86083507495
4800 126.604952657 1745.22108905 175.779846463 249.940106727 0.960812213594 1.1138933654 11.514440314 236.470747381 365.705490926 51844.7279973 63 1451.97053933 39.6970802686 79.71212173 23.3029197314 235.029460672 9.29450907359
4824 117.82530829 1656.64716684 178.949115269 250.04497371 0.978008190726 0.263232865143 12.696309366 236.017475869 366.165132568 53005.3544193 63 1465.4012498 39.6778079769 74.3352354386 23.3221920231 221.598750197 8.83486743186
4848 110.228245185 1560.47038365 177.033796953 250.140967951 0.957728827721 1.18614848694 9.5118001692 238.203354566 366.621146956 54091.4547592 62 1477.32617979 39.6699063013 80.4024901586 23.3300936987 209.67382021 8.37885304348
4872 103.542249004 1496.11455874 177.039439538 250.229812839 0.945177067716 1.28703645115 13.4400255762 234.097948067 366.962173839 55071.7000764 62 1488.03495722 39.6511667506 88.0088512 23.3488332494 198.96504278 8.03782616102
4896 97.6372320159 1426.09253782 178.813113215 250.315351073 0.993245022568 1.24242085582 10.039332628 237.409650421 367.299723683 56001.2476587 61 1497.68792775 39.6419738054 87.8454319988 23.3580261946 189.312072249 7.70027631636
4920 92.3899321546 1358.4823642 178.522185065 250.340275544 0.0792668868123 0.952889999324 10.9482365579 237.679331012 367.60972202 56868.7745897 61 1506.41634655 39.6357620903 88.2899912326 23.3642379097 180.583653447 7.39027797974
4944 87.6996912629 1301.64179801 177.231277629 250.348956828 0.128745502577 0.426848572175 6.32764018844 242.767808909 367.878477682 57683.9548225 61 1514.33582775 39.6266726206 86.8169364232 23.3733273795 172.664172249 7.1215223175
4968 83.4773277976 1260.52822786 177.197720501 250.359651973 0.164622035308 0.836578020025 7.83532491405 240.803823058 368.106574069 58428.3139551 58 1521.56224096 39.614868052 83.2185960898 23.385131948 165.437759043 6.89342593054
4992 79.624057394 1222.10957649 181.564892042 250.373358447 0.227256585542 1.30705351413 6.34777491014 241.744556544 368.285563419 59106.4072628 58 1528.23784489 39.5999708822 92.3569302842 23.4000291178 158.762155105 6.71443658089
5016 76.0807196604 1181.35574793 182.467042007 250.389802948 0.255570995723 0.850631408227 7.15442572423 241.349568924 368.449348373 59736.6026208 58 1534.44911297 39.5880330321 98.5383800407 23.4119669679 152.550887027 6.55065162722
5040.0 72.8532402331 1141.43773523 178.315864467 250.407718375 0.285999341175 0.227367751292 4.46756748919 244.611347044 368.646956206 60347.1916824 88 1540.17404505 39.5816740832 100.691097274 23.4183259168 146.825954953 6.35304379336
5064 69.9732583779 1035.88193639 178.462106846 250.425047458 0.288647686114 0.406088547405 3.13286771807 245.747348591 368.961527775 61037.4460271 87 1545.36778317 39.6289141302 71.0929851705 23.3710858698 141.632216833 6.03847222419
5088 67.4414021441 971.037256637 176.57906348 250.44125929 0.299072393313 0.545784842891 1.55367366961 247.160209805 369.224373402 61683.9358468 87 1549.96229855 39.6584256074 53.2101758321 23.3415743926 137.037701451 5.77562659693
5112 65.1484627177 925.500969281 176.301871492 250.45717816 0.316258074677 0.748875321059 4.98035346805 243.497334977 369.409098291 62290.5385199 86 1554.14448003 39.6716108013 42.8067887141 23.3283891987 132.855519975 5.59090170826
5136 63.0400336894 891.830221531 175.704392216 250.473380663 0.341797176762 0.948600434927 4.75354196019 243.482679766 369.556498633 62863.6682057 86 1558.012683 39.6766858092 37.060081242 23.3233141908 128.987317004 5.4435013664
5160 61.0871797495 863.81671 176.455813001 250.490018443 0.353287753212 0.19826709327 6.93093455365 242.027492157 369.68780101 63406.0742111 84 1561.61791695 39.6798522292 37.2645993634 23.3201477708 125.382083055 5.31219898927
5184 59.2616935649 835.987093943 175.76541798 250.506029356 0.352084415996 0.435141749059 5.75117508415 242.955569396 369.801839778 63928.8408445 80 1565.00688451 39.680876623 34.0675163448 23.319123377 121.993115492 5.19816022157
5208 57.5495877154 816.39746362 175.539493393 250.52165791 0.359932153519 0.605279456334 3.29580385691 245.217326624 369.894904543 64417.2350894 78 1568.20126261 39.6757231447 35.6737356518 23.3242768553 118.798737396 5.10509545605
5232 55.9331481877 803.955607195 175.498975031 250.537292959 0.372541859787 0.725704514705 3.61562605684 244.74883461 369.975006604 64873.6273695 77 1571.23227479 39.6670737382 38.9988760899 23.3329262618 115.76772521 5.02499339518
5256 54.4049685335 784.682074333 175.520930532 250.553104849 0.38919483975 0.845567489887 4.62818489054 243.583947931 370.051606461 65312.7455321 75 1574.1128944 39.6603779318 43.4309703948 23.3396220682 112.887105607 4.94839353869
5280 52.9571148475 767.77666914 177.655557023 250.569256231 0.409773487648 0.955386128874 3.374399091 244.691185062 370.124362663 65728.3263198 74 1576.85658187 39.6567129423 45.270745664 23.3432870577 110.143418137 4.87563733599
5304 51.5892082518 750.5093589 178.564866047 250.585776978 0.431463787129 0.0539926185043 5.83708760291 243.091679014 370.196363365 66127.2355691 72 1579.46117374 39.6543508845 44.6377117252 23.3456491155 107.53882626 4.80363663436
5328 50.2860686859 735.339798973 177.493928549 250.60210845 0.420817498949 0.235151781475 5.01275377949 243.729168491 370.262584085 66500.4228581 71 1581.95183895 39.6483060149 49.4903780583 23.3516939851 105.048161058 4.73741591391
5352 49.0496318035 720.341812141 177.291896317 250.61772587 0.416331693636 0.34929554502 3.04845156158 245.56819533 370.330454328 66861.3674802 70 1584.32596951 39.6448471361 51.1521596036 23.3551528639 102.67403049 4.66954567106
5376 47.8711439725 708.122637552 177.127457689 250.632896862 0.416273946534 0.490009739168 4.80362092214 243.657198531 370.387851818 67200.4117377 69 1586.59742643 39.6401549909 53.0947986608 23.3598450091 100.402573571 4.61214818098
5400 46.7448561547 697.864780677 177.597840337 250.647843822 0.421763328696 0.652091616323 4.30859187542 243.969709358 370.439916107 67519.0754375 68 1588.77605158 39.6337387585 54.4822192812 23.3662612415 98.2239484207 4.56008389229
5424 45.6701417054 683.31206396 178.654883428 250.662724884 0.431899931117 0.774245877885 3.67379983995 244.457329468 370.49236955 67824.8190025 68 1590.86322087 39.6308147353 57.5229522095 23.3691852647 96.1367791373 4.50763044929
5448 44.6428343235 672.527203372 177.73787063 250.677678804 0.444897861102 0.86222679373 3.90775574352 244.107440798 370.540702388 68117.6711516 67 1592.86458764 39.6241111804 55.8219456534 23.3758888196 94.1354123631 4.4592976109
5472 43.6581179415 661.596810927 176.596141835 250.692816198 0.460585892535 0.978042191721 1.90980252246 245.958753196 370.58757892 68387.2827183 67 1594.7894481 39.6187878132 62.3074212877 23.3812121868 92.2105519061 4.41242107969
5496 42.7079823061 650.104383704 178.178280077 250.708295898 0.474501341795 0.0135256630074 2.96332591884 245.840351179 370.627065336 68645.8950973 65 1596.6526393 39.6139493807 59.257430052 23.3860506193 90.3473607068 4.37293466381
5520 41.8013736061 639.309909458 177.219183853 250.723346429 0.461225317659 0.0980091205087 2.79718736248 245.920231771 370.67421514 68887.6690158 64 1598.43689188 39.610699781 63.973980098 23.389300219 88.5631081236 4.32578485957
5544 40.9294273772 630.11977622 179.070202383 250.737762244 0.450998542232 0.167836309482 2.51241305826 246.130989847 370.706888721 69112.7582649 64 1600.15717868 39.605325726 66.8424811822 23.394674274 86.8428213202 4.29311127833
5568 40.0906384763 625.300592992 179.854310849 250.751649286 0.443829356344 0.283569626686 4.98869696522 243.532254767 370.741060608 69323.0372951 63 1601.81660145 39.5978960517 66.431062388 23.4021039483 85.1833985563 4.2589393917
5592 39.2785249203 614.406688156 181.819719932 250.76521794 0.44056877848 0.361704414928 2.43900185508 245.993507013 370.765307204 69515.5583955 63 1603.42781343 39.593367934 68.1204974745 23.406632066 83.5721865704 4.23469279527
5616 38.4970256001 606.089866763 181.240011948 250.778469618 0.438833997346 0.406839569828 2.81401835998 245.561838455 370.794973518 69694.9379739 61 1604.98171123 39.5844084296 71.6311305933 23.4155915704 82.0182887767 4.20502648171
5640 37.7480913941 597.097658066 180.27234496 250.791400374 0.439215344538 0.500390591089 3.91819676694 244.350796924 370.840932818 69860.7667512 59 1606.47693299 39.5849880783 86.7438436587 23.4150119217 80.5230670083 4.15906718094
5664 37.0058020285 606.240632596 182.812023196 250.804524075 0.44214675849 0.56798764494 3.14552243038 245.039819092 370.818301466 69989.8874143 59 1607.95514543 39.5521740338 93.0375011158 23.4478259662 79.0448545752 4.18169853342
5688 36.2828448842 601.621297124 182.765881904 250.817672268 0.446689202339 0.625140685974 2.33962339081 245.770874453 370.837177684 70118.7260365 59 1609.40367901 39.5440997635 96.1894011505 23.4559002365 77.5963209908 4.1628223151
5712 35.585867213 588.361862013 180.679874184 250.830750386 0.452540201434 0.682848700282 4.40403945346 243.62982126 370.874690835 70251.4602637 59 1610.80501704 39.5429244724 99.2404947895 23.4570755276 76.1949829598 4.12530916445
5736 34.9125304819 579.538384841 182.205432118 250.843820116 0.459945444014 0.746353781422 3.34208402187 244.607796637 370.899901492 70371.6993851 59 1612.16161257 39.5405937923 94.9327756464 23.4594062077 74.83838743 4.10009850737
5760.0 34.2717503751 561.758605956 181.38271827 250.856719323 0.468733868104 0.805471916563 2.06891033856 245.800164555 370.951667011 70499.8627664 89 1613.4583804 39.5513312007 90.1687061944 23.4486687993 73.5416196057 4.04833298873
5784 33.6760707554 523.705446873 178.622879466 250.869166788 0.477894051576 0.83538255893 2.48433231288 245.33322429 371.040787192 70672.6808036 89 1614.67249429 39.5975258886 73.7768389792 23.4024741114 72.3275057119 3.95921280784
5808 33.1221727832 501.569893458 176.976598215 250.881167064 0.486911081907 0.856134529534 2.5652252974 245.210562029 371.115859361 70833.3342486 88 1615.8001897 39.6239324154 64.0578674677 23.3760675846 71.1998103072 3.88414063858
5832 32.595666097 488.170184826 176.31377979 250.892980347 0.496259991879 0.904370162435 2.3809810393 245.32540846 371.161529264 70983.7518312 88 1616.87150376 39.6352661552 54.6527023299 23.3647338448 70.1284962423 3.83847073599
5856 32.0923678341 475.48806728 176.019878623 250.904676214 0.50597740634 0.939678000521 4.04886165949 243.600806721 371.2033129 71128.2353949 88 1617.89726115 39.6465266469 47.6322060419 23.3534733531 69.1027388529 3.79668709948
5880 31.6076315984 468.154138505 176.55830982 250.916344854 0.516481164449 1.00108498888 2.53444211406 245.03164688 371.228657702 71255.4517007 87 1618.88537213 39.6474304882 46.6525143895 23.3525695118 68.1146278711 3.77134229792
5904 31.1383149283 460.373584662 176.465237408 250.927948587 0.513015259588 0.0613025793648 2.9671267015 245.530606874 371.254538776 71377.3207853 87 1619.84370027 39.6496838959 45.0464551877 23.3503161041 67.1562997323 3.74546122396
5928.0 1030.68491296 453.335239679 176.039298472 250.939131907 0.503758460893 0.107985635666 2.33673951221 246.112384486 371.282330845 71496.722647 86 1620.77105076 39.6522201885 41.1359286349 23.3477798115 66.2289492415 3.71766915492
5952 957.486065667 3665.76735007 158.241961256 250.993377296 0.493035428802 0.877924900329 12.1306564977 235.505005879 364.719365255 77001.6914025 85 919.13888 42.1742546015 21.6233583401 20.8257453985 767.861120001 10.2806347449
5976 852.527031382 4552.27371405 161.206114055 251.091098243 0.627363481358 1.47859783883 14.4942520144 232.308688424 363.136103432 81944.6835936 85 948.325440461 41.2087366732 20.7754052442 21.7912633268 738.674559541 11.8638965681
6000 754.588990945 4728.48029076 165.073947761 251.216054856 0.767556958637 1.53320816336 18.0159403028 228.467239721 363.270126471 86654.5390764 85 980.963717923 40.8468077233 29.0782640871 22.1531922767 706.036282079 11.7298735287
6024 671.15173428 4664.50245618 167.21012673 251.355570871 0.819285057432 1.38935474071 17.3063806522 229.12940868 363.885967891 91135.176108 84 1013.66613112 40.6429629182 25.0971945735 22.3570370818 673.333868883 11.1140321086
6048 601.660287972 4507.13626438 169.170199225 251.493485007 0.884811913723 1.86534547646 16.3612113581 229.395146246 364.612197799 95388.6329446 84 1045.05943504 40.5073117955 25.7221419028 22.4926882045 641.940564961 10.3878022009
6072 543.692756019 4322.70955199 170.029128553 251.629464294 0.934511227311 2.04497502572 15.0625672418 230.328482213 365.312831227 99434.9940657 83 1074.68052238 40.4053456581 24.6905483958 22.5946543419 612.319477618 9.68716877285
6096 495.034049027 4148.06426922 170.790280637 251.739580272 0.0711625931449 1.91673312494 15.3894989126 230.883025099 365.945992888 103267.755705 83 1102.35465583 40.3213231815 30.2316205112 22.6786768185 584.64534417 9.05400711229
6120 453.670332601 3991.85889847 172.344536751 251.756800791 0.166978315528 0.72941161614 11.9001430767 235.446666202 366.490637674 106896.631825 80 1128.18646776 40.2462440098 29.3825175162 22.7537559902 558.813532241 8.50936232637
6144 418.119569982 3840.94909293 172.383371639 251.784168654 0.281841171713 1.03224871462 11.2251747045 235.676566757 366.97858833 110332.35811 80 1152.30824028 40.1831609776 32.1401269279 22.8168390224 534.691759723 8.02141166947
6168 387.464911496 3677.37944653 173.211486801 251.820477423 0.345893493533 0.339358048852 9.62115044225 237.873120594 367.447978613 113630.241317 80 1174.70621219 40.1357030703 33.4361645059 22.8642969297 512.293787814 7.55202138705
6192 360.833982081 3540.5065937 174.359498059 251.859184911 0.390196058696 0.393358057363 13.7317414888 233.625519486 367.85483276 116761.068169 78 1195.47338874 40.0911756824 34.6172759251 22.9088243176 491.526611264 7.14516724041
6216 337.453449234 3404.14632933 173.834052025 251.900061595 0.424500832096 0.365177522534 10.4542903105 236.855969742 368.220797219 119757.043082 78 1214.80409797 40.0524171279 36.3131769954 22.9475828721 472.195902031 6.77920278122
6240 316.815009622 3284.75732921 175.037808822 251.940884587 0.43372158361 0.472246413273 10.5335491103 236.619598307 368.547192046 122606.660085 76 1232.78863874 40.0171266389 33.9769983861 22.9828733611 454.211361265 6.45280795368
6264 298.464373036 3187.6117838 176.456283397 251.980630826 0.448287748699 0.282844812173 9.90954484708 237.378691767 368.832002632 125310.319541 74 1249.55371852 39.9817737136 44.318544312 23.0182262864 437.446281483 6.16799736743
6288 281.968289158 3086.65607943 176.107802934 252.019290554 0.469696324671 1.08261239953 8.24163543563 238.186765288 369.086431326 127903.781261 73 1265.29071793 39.9495905037 52.5000272386 23.0504094963 421.709282076 5.91356867441
6312 267.134744845 2989.20296379 177.210037016 252.058152214 0.484655613044 0.838017901835 12.6308285205 233.988345753 369.32969701 130389.923294 71 1280.01777416 39.9232454297 51.8746889071 23.0767545703 406.982225843 5.67030298943
6336 253.700265283 2904.37158944 179.38880756 252.096760748 0.500176802485 0.400068288278 8.49487204563 238.508122117 369.536828699 132760.407407 71 1293.84326389 39.895285859 51.6353752993 23.104714141 393.156736113 5.46317130123
6360 241.523300492 2809.03386518 179.358812263 252.133886037 0.512916776196 0.969261854309 7.45907520533 238.924860129 369.74802082 135036.437807 71 1306.80748302 39.8757823431 46.751954715 23.1242176569 380.192516983 5.25197917994
6384 230.446779935 2723.48402983 178.408049207 252.170485941 0.517623671692 0.504843551258 4.68063152609 242.126415312 369.943132883 137219.691981 71 1318.96691508 39.8574994395 48.4911154744 23.1425005605 368.033084919 5.05686711724
6408 220.360556897 2634.54362326 178.410173573 252.205452344 0.528035374843 0.886468764314 7.38248807765 238.997555441 370.13802181 139338.626731 71 1330.36155879 39.8451350031 47.9321383416 23.1548649969 356.638441207 4.86197819037
6432 211.122398532 2566.33314576 176.528157693 252.240050436 0.537325075068 0.225426282225 5.45569027639 241.541507932 370.299512132 141359.955393 71 1341.06791222 39.8277036542 55.5632667409 23.1722963458 345.932087777 4.70048786799
6456 202.623859622 2494.22712345 177.732791966 252.27279701 0.529175854443 0.585357663552 7.89775617226 238.714913301 370.452080136 143329.732998 70 1351.16050308 39.8137157772 55.8970229019 23.1862842228 335.839496919 4.54791986371
6480.0 194.775095517 2424.24800482 176.929756388 252.304508488 0.545358874721 1.00356925082 5.56503309053 240.581530298 370.599250614 145226.682208 100 1360.69514695 39.8022513782 52.3576124804 23.1977486218 326.304853049 4.40074938572
6504 187.630088639 2295.45127581 176.570943058 252.335360337 0.544635463768 0.254490751644 1.8268193619 245.038694088 370.792265865 147159.734072 99 1369.5810553 39.8176543813 32.2639917385 23.1823456187 317.418944703 4.20773413469
6528 181.131999033 2204.80557122 175.932502435 252.363829514 0.534666937216 0.506763655534 8.33146599342 238.263273902 370.962747876 149022.106053 97 1377.81084263 39.8245451955 23.1333451442 23.1754548045 309.189157372 4.03725212411
6552 175.139299741 2139.22129937 176.521935831 252.390916383 0.541709738703 0.860635503242 7.99091793773 238.21582044 371.093542669 150815.465244 97 1385.52713733 39.8218962517 22.4186540871 23.1781037483 301.472862665 3.90645733089
6576 169.564781526 2083.16706543 175.954910873 252.417491654 0.543942247623 0.122435066029 5.36764936189 241.548481672 371.206236663 152558.186011 97 1392.82080825 39.8156903171 20.0306962002 23.1843096829 294.179191747 3.7937633364
6600 164.360515542 2029.45492184 175.781352746 252.442556643 0.529881341008 0.33389168017 5.46281576058 241.230854577 371.31123707 154253.982874 96 1399.73584267 39.8100161221 18.0749298235 23.1899838779 287.264157325 3.6887629295
6624 159.484601148 1984.47470687 175.757925982 252.466347225 0.524818651166 0.507268890793 4.21830289088 242.283262344 371.404673309 155894.162105 94 1406.30767234 39.8022484016 19.813435376 23.1977515984 280.69232766 3.5953266907
6648 154.899926413 1938.95685259 176.771907957 252.489341591 0.527508059665 0.68666325687 3.58909549361 242.707391601 371.491726543 157490.292 94 1412.57243131 39.7952619361 20.9725809737 23.2047380639 274.427568688 3.50827345713
6672 150.58101821 1903.55223385 176.208562525 252.511910141 0.537996737311 0.88223713769 2.57439525532 243.493460731 371.569526261 159033.455035 89 1418.54929761 39.7853956552 23.5919903056 23.2146043448 268.450702385 3.43047373848
6696 146.493373685 1866.19536884 176.056598703 252.534442326 0.554490504771 1.01634461963 5.38281419327 240.511908359 371.641980667 160537.12936 89 1424.27643078 39.7766141481 21.0852397746 23.2233858519 262.723569222 3.35801933276
6720 142.625752773 1831.07266796 176.043628756 252.55657599 0.543955197489 0.200179370171 4.88959636702 241.809693078 371.713536192 161992.620993 88 1429.76004446 39.7691143349 22.8969086038 23.2308856651 257.23995554 3.28646380724
6744 138.961352965 1791.15692019 176.077526351 252.577605041 0.534720210216 0.412680474487 7.06854498746 239.406449289 371.783893239 163415.244645 87 1435.01480958 39.7641334396 23.3904355587 23.2358665604 251.985190422 3.21610676039
6768 135.498002165 1758.17813379 178.753722019 252.597821 0.534542826223 0.606702534385 3.96681705657 242.294116585 371.84963697 164793.158108 86 1440.03401471 39.7580773464 29.0536924643 23.2419226536 246.965985291 3.15036302941
6792 132.204949196 1725.96698333 177.695240808 252.617618694 0.538903931304 0.705953245698 4.80612907514 241.331395056 371.90961357 166140.544292 85 1444.85419694 39.7520043319 31.2659151265 23.2479956681 242.145803058 3.09038643015
6816 129.072571497 1695.69228031 177.220562678 252.637138922 0.547259475956 0.834215837566 2.34391379254 243.637471974 371.9680517 167458.770348 85 1449.4836627 39.7456218031 27.026237309 23.2543781969 237.516337299 3.03194829978
6840 126.086027514 1669.61581176 176.643259638 252.656549335 0.558902790192 0.952855915172 3.68001507874 242.151676883 372.020757876 168730.27169 84 1453.93750606 39.7375554981 30.2007055465 23.2624445019 233.062493941 2.9792421234
6864 123.246461589 1631.74879489 176.444936273 252.675875777 0.567888611631 0.0638077843995 4.80462635917 241.88780147 372.082667552 169987.468623 83 1458.21332886 39.7374196744 34.6043433573 23.2625803256 228.786671138 2.91733244778
6888 120.541108439 1603.44239819 177.834040307 252.694534706 0.553913523138 0.220425216662 4.69250690138 241.838619655 372.133436908 171211.734311 81 1462.31906916 39.7322437429 34.1354752876 23.2677562571 224.680930843 2.86656309207
6912 117.954124276 1580.9562886 178.419397579 252.712413355 0.545772400975 0.377950286808 5.37804361298 240.985820346 372.176591388 172394.857143 80 1466.2759186 39.7248124452 39.1296165094 23.2751875548 220.724081394 2.82340861172
6936 115.479316991 1549.45308655 177.176164903 252.72970089 0.541762655977 0.466678869149 4.00854318041 242.253314406 372.228239685 173568.741786 80 1470.09302031 39.7233634764 39.692253385 23.2766365236 216.906979687 2.77176031465
6960 113.106330716 1533.11507088 178.736532636 252.746551224 0.540612655334 0.528358290018 1.52211345215 244.662364381 372.263356318 174687.818717 80 1473.77705531 39.7137245755 48.3927693825 23.2862754245 213.222944684 2.73664368185
6984 110.832615602 1505.89293446 177.350568683 252.763019134 0.54088681499 0.575623763879 2.89219824524 243.228272044 372.311038895 175812.189069 80 1477.3353924 39.7117433961 42.0102719547 23.2882566039 209.664607598 2.68896110508
7008 108.654249809 1483.36611708 178.34849279 252.77915042 0.542972898974 0.645029348754 2.04394841155 243.988898923 372.350249461 176895.919006 79 1480.76688138 39.7071630024 41.4007935837 23.2928369976 206.233118622 2.64975053862
7032 106.553303259 1467.89915253 179.705373183 252.795103297 0.546622857255 0.695568366065 2.1085284946 243.854176987 372.380502845 177942.841557 77 1484.09629898 39.6975449125 38.5542338719 23.3024550875 202.903701023 2.61949715502
7056 104.536303074 1438.93594033 177.787063668 252.810840106 0.551480295658 0.735364352961 1.03767362826 244.864641619 372.425514533 178977.927654 76 1487.3171276 39.698237364 42.2092472212 23.301762636 199.682872395 2.57448546709
7080 102.597513491 1426.46623392 177.11104245 252.826401121 0.556949434599 0.769462968344 1.8319434258 244.015243053 372.456936075 179974.287968 76 1490.42894593 39.6895627601 51.0610241387 23.3104372399 196.571054068 2.5430639244
7104 100.719931289 1415.68775138 177.473175353 252.841916045 0.563182211511 0.803920487529 1.52999807148 244.260983187 372.481025696 180945.971023 76 1493.45958446 39.6791641474 54.7405817467 23.3208358526 193.54041554 2.51897430357
7128 98.9064530317 1393.49132052 177.999468853 252.857355371 0.56994165037 0.836334289372 3.11893140938 242.617437282 372.514032168 181908.650613 75 1496.40624727 39.6757600851 51.1380893756 23.3242399149 190.59375273 2.48596783187
7152 97.1641220045 1368.15237827 177.27443147 252.872652354 0.578058423951 0.932413481076 5.4297188945 240.187156849 372.55422025 182853.265992 75 1499.25488538 39.677249143 49.9543933197 23.322750857 187.745114614 2.44577975008
7176 95.4850404508 1354.22125302 178.805586867 252.887896917 0.588228503216 1.00775022411 4.64922518132 240.866899176 372.582124487 183769.442529 74 1502.0124597 39.6714711434 45.2652547683 23.3285288566 184.9875403 2.41787551266
7200.0 93.8632225075 1330.25043248 178.630316679 252.902985912 0.58145755111 0.0907137774744 2.79296118905 243.631881573 372.614036549 184667.898458 103 1504.69137496 39.6707125601 45.9355049624 23.3292874399 182.308625041 2.38596345055
7224 92.3181628202 1290.99682985 177.49408313 252.917317515 0.570102956883 0.147738075984 2.80734891937 243.557492535 372.657118913 185589.015517 101 1507.26072727 39.6831452181 36.2834254084 23.3168547819 179.739272733 2.34288108621
7248 90.8439785435 1264.1182306 177.037385156 252.930967267 0.560763013382 0.20793961825 2.62628071385 243.67404939 372.699585755 186489.517252 101 1509.72226197 39.6901001406 30.3228634191 23.3098998594 177.277738033 2.30041424437
7272 89.4269460555 1239.69234722 176.857418548 252.944099862 0.553295344637 0.272272128134 3.29376449932 242.936568169 372.734112551 187372.350381 101 1512.09791099 39.693532538 27.803324521 23.306467462 174.902089009 2.26588744861
7296 88.06157968 1218.43624587 176.785902056 252.956798547 0.547405400691 0.328953717749 4.84882432048 241.318018017 372.765408852 188240.21215 100 1514.39655457 39.6950854348 24.6049271496 23.3049145652 172.603445433 2.23459114712
7320 86.7457091212 1199.82175362 176.752304206 252.969112321 0.543479424855 0.412508157864 3.22309455365 242.851805545 372.795256105 189091.72083 99 1516.62123323 39.6961870469 23.6436097543 23.3038129531 170.378766774 2.2047438943
7344 85.4714674351 1185.8840975 177.562192724 252.981149391 0.541338696921 0.480670586928 3.52838410456 242.468457224 372.81769204 189923.703907 99 1518.7831914 39.6928903824 21.588363662 23.3071096176 168.216808597 2.1823079595
7368 84.2361122333 1169.93827669 177.061553311 252.992960636 0.5405122385 0.523408201506 2.79249478717 243.15062414 372.842808598 190741.705519 98 1520.88815739 39.6919641313 20.3139838101 23.3080358687 166.111842606 2.15719140121
7392 83.0395364669 1156.87211806 176.886155141 253.004559281 0.540551831995 0.5561653809 1.98119192533 243.917531583 372.865989174 191540.201598 96 1522.93466119 39.6893796082 22.754611275 23.3106203918 164.06533881 2.13401082591
7416 81.8779346789 1145.65685755 177.35127562 253.015986169 0.540988412365 0.562718809684 1.14019526597 244.740111346 372.88774464 192322.734948 95 1524.92893958 39.6872193329 23.7613372967 23.3127806671 162.071060418 2.11225535947
7440 80.7491271131 1130.06084558 177.825905218 253.027257517 0.54167241252 0.58989235919 2.18168407384 243.65949364 372.907946874 193095.049736 95 1526.87391944 39.6850366372 23.955343915 23.3149633628 160.126080564 2.09205312541
7464 79.6548893463 1113.93999125 177.86443349 253.038355122 0.542960154673 0.624918433032 3.11770972311 242.67605657 372.931128837 193857.992662 95 1528.76685453 39.6857689815 22.8453736941 23.3142310185 158.233145468 2.06887116291
7488 78.5929668317 1101.13955101 177.217482308 253.049305537 0.545046405631 0.669446001582 2.95026856428 242.785933494 372.95216959 194603.473352 95 1530.60974614 39.6841378085 24.8899075599 23.3158621915 156.390253856 2.04783040979
7512 77.5596125304 1092.08445381 176.997644116 253.060153578 0.547915306186 0.715118564364 2.70954694014 242.967265614 372.969701787 195332.830367 95 1532.4085919 39.6800211262 25.0865095252 23.3199788738 154.591408097 2.03029821258
7536 76.5534927766 1079.68932126 176.931784199 253.070919941 0.5516665483 0.76646017627 2.38891209448 243.222041242 372.988062144 196051.454853 95 1534.1661818 39.6779642737 26.3443017754 23.3220357263 152.833818196 2.01193785588
7560 75.5761114715 1068.57860443 177.561124438 253.081594521 0.556039248082 0.7872406539 0.0508049899839 245.52432059 373.007653232 196759.359002 93 1535.87942657 39.6771202439 24.9512767117 23.3228797561 151.12057343 1.99234676765
7584 74.6223102411 1057.0680705 177.562864961 253.092229625 0.560481221689 0.802228170867 2.66892484833 242.876136136 373.024159327 197450.768277 90 1537.55594838 39.6740990339 24.9794756125 23.3259009661 149.444051623 1.97584067267
7608 73.6943684333 1045.80874661 177.169537563 253.102794362 0.565315154751 0.834526398643 3.18185750443 242.315506582 373.042847255 198130.654407 89 1539.19246425 39.6726789181 26.7172478571 23.3273210819 147.807535756 1.95715274484
7632 72.7912019489 1036.23633061 177.031504377 253.113298411 0.570460895848 0.849048796524 1.66210357488 243.805088324 373.060623254 198798.844475 88 1540.79004916 39.6714744266 28.6247170209 23.3285255734 146.209950844 1.93937674549
7656 71.9091785447 1026.55235488 177.79202354 253.123776766 0.57554334392 0.855762454889 2.10618093426 243.338736503 373.074778723 199455.061288 86 1542.35423289 39.6677298282 28.2398186164 23.3322701718 144.645767107 1.92522127611
7680 71.0459659658 1021.98210677 178.417747566 253.134249913 0.580814708009 0.883483991408 2.46516379626 242.936287593 373.083713173 200088.770711 83 1543.88848505 39.6594902857 28.3342866649 23.3405097143 143.11151495 1.91628682637
7704 70.2031047617 1011.24186423 177.967185895 253.14469639 0.586289544997 0.8958373281 1.80149666192 243.571680078 373.10088352 200715.959749 83 1545.3923123 39.6588827081 30.1142538491 23.3411172919 141.607687703 1.89911647953
7728 69.3801874954 1000.45866498 177.400973688 253.155115392 0.59195227969 0.924193337381 2.05210706481 243.276631929 373.116280017 201334.427967 83 1546.86429118 39.6573097952 31.0128023487 23.3426902048 140.135708822 1.88371998299
7752 68.5787832964 987.0782358 177.191634274 253.165482315 0.597814383903 0.941410019278 2.26034688392 243.034946401 373.13434941 201945.965319 82 1548.3022218 39.6589424516 32.4663108638 23.3410575484 138.697778204 1.86565059004
7776 67.7949395188 986.661614911 177.140920888 253.175842687 0.603860297038 0.956422344479 1.42693986429 243.836934809 373.142718004 202535.482592 81 1549.71045806 39.6501347028 30.8068817164 23.3498652972 137.289541938 1.85728199599
7800 67.0281974046 971.907571294 177.129779039 253.1861971 0.609970155865 0.97485824436 2.54136144602 242.687613056 373.160838229 203124.6605 79 1551.09354166 39.6532241855 31.529319582 23.3467758145 135.906458344 1.83916177043
7824 66.2782148075 966.95148753 177.148663249 253.196545025 0.616256524895 0.991723747662 1.61306467068 243.582410034 373.170152359 203693.467337 76 1552.44797681 39.6461836309 31.8761896548 23.3538163691 134.552023191 1.82984764103
7848 65.5436851847 962.436758237 177.561879001 253.206896789 0.620316956193 0.00836449846175 2.65181969141 243.512602067 373.182587445 204244.758308 74 1553.77850975 39.6431536226 37.1646906246 23.3568463774 133.221490253 1.81741255469
7872 64.8223702724 955.707183059 177.355868953 253.217111548 0.610579365212 0.0482403029536 2.65689596797 243.467172819 373.191373963 204785.291796 74 1555.08761863 39.6372246278 44.8105363215 23.3627753722 131.912381367 1.80862603655
7896 64.1163770561 950.960561991 177.899997776 253.227067661 0.601762219293 0.0898418262835 2.61399645134 243.467331845 373.201086366 205320.979901 74 1556.37229298 39.6327052406 45.060272405 23.3672947594 130.627707016 1.79891363356
7920.0 63.4241013534 941.518530165 178.375712007 253.236800976 0.593815618727 0.126463327453 1.54399044497 244.498929636 373.21339816 205847.825664 104 1557.63542544 39.6317712673 48.073908202 23.3682287327 129.364574559 1.78660183943
7944 62.7545650673 916.643028219 177.636807339 253.246196023 0.586656512834 0.157235801499 1.39447055713 244.615441109 373.231522027 206401.928783 103 1558.86230453 39.6458072284 39.9905738215 23.3541927716 128.137695473 1.7684779728
7968 62.1077767127 900.572881864 177.320224865 253.255262243 0.580246390808 0.185370730153 2.15569235594 243.823428283 373.252576136 206946.340989 102 1560.04913448 39.6535273215 32.9819192629 23.3464726785 126.95086552 1.74742386373
7992 61.478801692 889.313278225 177.185723116 253.264077199 0.574538257958 0.217629040843 1.84031436355 244.103441142 373.267840556 207478.40918 102 1561.20486954 39.6561819906 28.9639311352 23.3438180094 125.795130457 1.73215944335
8016 60.8642179984 882.127820368 177.136682671 253.272696387 0.569402865217 0.246435961601 1.4819910062 244.429473783 373.279809289 207994.775847 102 1562.33598263 39.6555993203 29.4967193836 23.3444006797 124.664017373 1.72019071093
8040 60.2625464987 872.722139484 177.123228941 253.281146647 0.56476102044 0.262587575395 1.10647609303 244.785028667 373.291536552 208506.829031 102 1563.4455893 39.6555050779 28.3550770859 23.3444949221 123.554410703 1.70846344714
8064 59.6744822191 865.83909231 177.116578252 253.289421843 0.560426886573 0.27265771653 0.695273420343 245.182220136 373.303368735 209010.769729 100 1564.53218861 39.6546165456 26.4923689189 23.3453834544 122.467811385 1.69663126492
8088 59.0984353388 855.442650911 177.117329678 253.297546377 0.556405438688 0.293062712615 1.22362651224 244.629358963 373.316013369 209510.494843 98 1565.59887431 39.6561412782 24.1643726734 23.3438587218 121.401125688 1.68398663088
8112 58.535576582 847.103547059 178.077288099 253.305506583 0.552705675795 0.30239042805 1.72548717194 244.113910144 373.326928343 209999.413705 97 1566.64305601 39.6566941207 23.1171355717 23.3433058793 120.35694399 1.67307165652
8136 57.9832483216 840.32566082 178.305965403 253.313342025 0.549305985087 0.319316334236 1.17864334948 244.63939231 373.336488295 210478.589013 97 1567.66927052 39.6552542252 22.4345046775 23.3447457748 119.330729477 1.66351170442
8160 57.4419682538 833.556402784 177.562948263 253.321047672 0.546178491409 0.330707463429 1.60486184511 244.197204531 373.347110234 210951.282771 96 1568.67688597 39.6542074161 21.9816511821 23.3457925839 118.323114027 1.65288976522
8184 56.9116565251 828.906665577 177.81778246 253.328625998 0.543286986349 0.345972900355 1.98456418373 243.797549934 373.355798108 211411.317023 96 1569.6657047 39.6518458317 25.0699177 23.3481541683 117.334295301 1.64420189166
8208 56.3896112597 822.931202878 177.409378926 253.336117589 0.540708363083 0.368699169202 3.32653188266 242.427942999 373.363890912 211869.229265 96 1570.64067598 39.6491072177 22.2839507212 23.3508927823 116.359324024 1.63610908784
8232 55.8782542403 814.578360152 177.256364942 253.343491206 0.538616743427 0.40512868211 3.60093613243 242.111827239 373.37569187 212321.695301 94 1571.59796729 39.651170487 21.0507007373 23.348829513 115.402032713 1.62430812915
8256 55.3774095556 807.661210103 177.199554802 253.350754005 0.536980056657 0.427051538606 1.86407735309 243.821137049 373.385185434 212765.420379 94 1572.53682994 39.650086763 21.7946412616 23.349913237 114.463170064 1.61481456495
8280 54.886183363 800.090894447 177.736387565 253.357921322 0.535583523685 0.438101355114 2.11395177867 243.554442024 373.3947025 213203.478055 92 1573.4593049 39.6505059738 21.5693835876 23.3494940262 113.540695096 1.60529749954
8304 54.4043109004 794.904807121 178.041248713 253.364997569 0.534376886802 0.447343552012 1.33316368313 244.320118312 373.402799489 213632.978844 91 1574.36544711 39.6484813884 21.3799042944 23.3515186116 112.634552887 1.59720051068
8328 53.9297286647 793.066233289 177.946674368 253.372013458 0.533329948621 0.458341109194 1.52754505617 244.108770432 373.407505955 214050.113586 91 1575.2587831 39.6423227748 21.1481688271 23.3576772252 111.741216902 1.59249404429
8352 53.4636918053 784.686324842 177.481958516 253.378950803 0.532453973098 0.47218102006 1.68546671004 243.930947497 373.418802636 214461.443627 89 1576.13838132 39.6444274665 28.3920610244 23.3555725335 110.861618678 1.58119736363
8376 53.0062494633 778.012026545 177.889433128 253.385809173 0.531758567825 0.484362002958 1.81451485054 243.783555408 373.427026004 214871.882303 89 1577.00284616 39.6444594502 29.3100972844 23.3555405498 109.997153844 1.57297399515
8400 52.5573218487 772.629330819 178.110613708 253.392589963 0.53123916858 0.494867380143 0.914225316273 244.667078175 373.435876968 215277.867341 87 1577.85251758 39.6440554363 27.5684348569 23.3559445637 109.147482423 1.56412303147
8424 52.1158698499 767.097714077 177.554800655 253.399308681 0.530823364273 0.502571638276 1.99331484897 243.573981471 373.444536681 215676.458968 84 1578.68912586 39.6428562269 27.2044958491 23.3571437731 108.310874137 1.55546331877
8448 51.6801284445 767.502658053 178.024246084 253.405992425 0.530621611324 0.524236453348 2.0295629952 243.509586518 373.447890215 216054.680226 81 1579.51545412 39.6352354789 31.2852963041 23.3647645211 107.484545881 1.55210978414
8472 51.250859151 760.905518702 177.564224088 253.41263125 0.530643301824 0.536518012542 1.06358560446 244.456621834 373.456098187 216434.996816 80 1580.33143632 39.6348224816 34.411827561 23.3651775184 106.668563674 1.54390181195
8496 50.8273176775 762.208292449 178.00202124 253.419237124 0.53075231264 0.541406267259 1.09644682369 244.412157475 373.45804573 216801.500058 79 1581.13687048 39.6263172537 33.5797493067 23.3736827463 105.863129519 1.54195426947
8520 50.4103688462 752.369926651 179.109767261 253.425795962 0.530942866385 0.551522088584 2.09602406919 243.395715017 373.467134593 217170.341579 79 1581.9320434 39.629123541 33.6984416159 23.370876459 105.067956603 1.53286540608
8544 50.0009983191 748.586331499 177.996326852 253.432291666 0.53125729416 0.560476940291 1.06696593006 244.409008172 373.474071139 217526.604741 78 1582.71334821 39.626417367 38.7760856731 23.373582633 104.286651793 1.52592886028
8568 49.5984310793 746.991150975 177.593736066 253.43873572 0.531631863232 0.565151929614 1.02047202781 244.444008462 373.481561442 217878.529533 76 1583.48278162 39.6238828686 41.6572586213 23.3761171314 103.517218374 1.51843855758
8592 49.1983606275 747.755679226 178.379623184 253.44519691 0.532106075245 0.576190051152 0.966402219515 244.480104747 373.482122101 218207.452058 72 1584.24764056 39.6151542904 51.0849269339 23.3848457096 102.752359439 1.51787789869
8616 48.8020164038 750.005967712 179.862680278 253.451656259 0.532655668288 0.57976495903 0.923178376279 244.512744741 373.480995139 218529.006079 71 1585.00617741 39.6032895452 57.4573464028 23.3967104548 101.993822591 1.51900486046
8640.0 48.4089283462 749.723657525 178.406846848 253.458121664 0.533297502295 0.59239178844 1.8609888305 243.555200218 373.485763732 218851.967286 100 1585.76017958 39.5981742906 58.0325745919 23.4018257094 101.239820415 1.51423626695
8664 48.0258941739 726.353148439 177.821751621 253.464480722 0.534027344944 0.596314485498 0.763250285671 244.641927165 373.497917938 219208.353039 99 1586.49822279 39.6168736592 47.8958957708 23.3831263408 100.501777207 1.50208206135
8688 47.6536207514 717.801761252 177.56541029 253.470718583 0.534789944566 0.601225595846 0.603855755964 244.789410124 373.510009685 219548.150628 97 1587.21527543 39.6222866937 40.1509951366 23.3777133063 99.7847245614 1.48999031439
8712 47.2890094149 712.236938168 177.459534433 253.476884438 0.535581059696 0.606201351769 1.40710984374 243.974223311 373.517918098 219875.314188 94 1587.91782486 39.6217752821 38.9705082158 23.3782247179 99.0821751328 1.48208190097
8736 46.9315889748 701.998456139 177.398919756 253.48298429 0.536418485902 0.61096588819 1.17616184304 244.193469496 373.529660933 220207.843808 94 1588.60811153 39.6297319302 34.4468717183 23.3702680698 98.3918884693 1.47033906631
8760 46.5816610232 694.840662189 177.889025494 253.489010961 0.537289180078 0.622159579732 2.89444582928 242.457094453 373.537673368 220530.640464 92 1589.28421254 39.6319739643 33.7815311669 23.3680260357 97.7157874564 1.46232663053
