Time EBV Teff Treg ODC_le1 ODC_le2 ODC_le3 ODC_le4 ODC_le5 NK IL2 DAC Resting_Teff Resting_Treg EffectorMemory Resting_Treg_temp Resting_Teff_temp NK_temp
0.0 0 0 0 0 0 0 0 500 375 1000 0 1687 63 0 0 0 0
24 0 0 0 0 0 0 0 500 336.279789971 908.048253598 0 1687 63 0 0 0 38.7202100291
48 0 0 0 0 0 0 0 500 335.391027502 823.849847309 0 1687 63 0 0 0 39.6089724976
72 0 0 0 0 0 0 0 500 334.559882085 745.880698262 0 1687 63 0 0 0 40.4401179151
96 0 0 0 0 0 0 0 500 333.760437385 673.915002205 0 1687 63 0 0 0 41.2395626152
120 0 0 0 0 0 0 0 500 332.995774144 607.703333798 0 1687 63 0 0 0 42.0042258555
144 0 0 0 0 0 0 0 500 332.2684442 546.975994766 0 1687 63 0 0 0 42.7315557996
168.0 1000 0 0 0 0 0 0 500 331.580390823 491.447224652 0 1687 63 0 0 0 43.4196091775
192 587.94283022 2674.42256109 91.5619289612 4.47673168998 18.9970923557 71.5351553232 179.581289232 225.4097314 319.455578209 5741.3447637 0 1039.6715255 41.772295668 0 21.227704332 647.328474501 55.5444217919
216 137.06424604 6903.99767763 163.120914216 82.7043152267 42.5588373773 91.0839999554 132.306822247 151.346025193 264.610902846 493.629383383 0 1395.29195089 38.9746409811 622.299191162 24.0253590189 291.708049109 110.389097155
240 32.7070849044 2400.36083641 172.663413763 168.709814467 33.9866948703 66.474528147 96.8817505409 133.947211975 278.499091071 213.867531836 0 1604.33880165 38.8552771099 565.275808575 24.1447228901 82.6611983452 96.5009089298
264 16.0627774899 573.197000955 173.818883255 194.004879608 7.86829226439 32.3608508524 80.7232945486 185.042682727 303.336625891 232.957797469 0 1649.09503281 39.0546593036 504.210458955 23.9453406964 37.9049671872 71.6633741093
288 12.527349608 215.613521427 165.79399506 195.890220041 4.20764587876 9.60800029795 43.3636769325 246.93045685 315.368982903 305.058397033 0 1658.43763681 39.5182781637 453.205240994 23.4817218363 28.5623631876 59.6310170979
312 10.9239569814 165.223230255 163.496657736 196.249458926 0.0952413621312 4.19399442845 24.5198540666 274.941451216 318.113604816 337.868262168 0 1662.19463211 39.6746069637 417.8225421 23.3253930363 24.8053678907 56.8863951846
336 9.72757863201 136.183950766 163.672630986 196.315272506 0.589436651463 2.55994979309 20.8875140429 279.647827006 319.070296753 342.622225023 0 1664.92046629 39.7493150939 400.950799417 23.2506849061 22.0795337051 55.9297032477
360 8.85165709063 120.555888922 163.961845425 196.40926885 0.68998724599 0.539903862015 10.2272547304 292.133585311 319.947305694 350.184387033 0 1666.92149367 39.8247064543 393.604085949 23.1752935457 20.078506329 55.052694306
384 8.11970986943 108.42888054 170.551368008 196.501025017 0.742752667988 1.21058201221 14.6592982021 286.8863421 319.801791668 334.870559321 0 1668.57846179 39.8497763149 388.202985167 23.1502236851 18.4215382092 55.1982083322
408 7.50177613781 93.131672205 166.817512654 196.590416352 0.783804496038 1.71283233282 10.2038898858 290.709056933 320.162460331 335.969037556 0 1669.98302967 39.9316621398 372.901107532 23.0683378602 17.0169703293 54.8375396698
432 7.00012645454 83.868780158 169.030762893 196.670751395 0.759352065344 0.714146915894 7.4482969321 294.407452691 320.404924872 328.018857075 0 1671.12399817 40.0062304524 365.76894959 22.9937695476 15.8760018257 54.5950751284
456 6.59268084944 72.8692312466 173.763020943 196.739842873 0.790196515893 1.60805545973 9.57366064932 291.288244502 320.646550354 332.775026333 0 1672.05414452 40.1139380508 346.98206629 22.8860619492 14.9458554844 54.3534496464
480 6.2357844958 70.1619045989 163.442767591 196.807366309 0.823050401111 1.37090437561 7.99375265584 293.004926258 321.019980974 333.907320276 0 1672.85809296 40.1101529008 339.502550966 22.8898470992 14.1419070374 53.9800190267
504 5.89623575253 68.1637038928 161.638263626 196.876887922 0.829078558152 1.00464887386 6.89093566634 294.39844898 321.148617864 324.514533942 0 1673.62314925 40.0918305239 334.514164768 22.9081694761 13.376850749 53.8513821364
528 5.62415124251 57.5176445111 165.30916633 196.935404828 0.814006169441 0.544242413881 7.10199259892 294.60435399 321.502696228 337.336271093 0 1674.24691801 40.2405709984 322.403806226 22.7594290016 12.7530819901 53.4973037729
552 5.36014421476 62.2629665099 164.415857346 196.993864566 0.805925591597 0.106259099927 6.62290754729 295.471043195 320.978280562 318.079482039 0 1674.83165931 40.0515938113 314.786446821 22.9484061887 12.1683406905 54.0217194382
576 5.1056853778 63.7706641037 164.282627993 197.051251623 0.773229355846 0.583595363389 9.64026720204 291.951656456 320.875593477 291.082843738 0 1675.40616132 40.0276568493 314.733207144 22.9723431507 11.5938386826 54.1244065236
600 4.87521233267 56.8899132912 159.821978457 197.104839635 0.779713489304 1.11804861414 7.32598911386 293.671409148 321.118266466 291.194029014 0 1675.93090502 40.1061256046 306.059807302 22.8938743954 11.0690949822 53.8817335349
624 4.6761350596 46.6504146933 160.591369797 197.153571117 0.77067910528 0.564256430089 6.20656822723 295.304925121 321.336691548 289.529271429 0 1676.38825272 40.3010966569 300.261541035 22.6989033431 10.6117472814 53.6633084526
648 4.49236174272 51.9212068626 166.266615488 197.199761615 0.769042983669 0.931470791004 6.5041027803 294.59562183 320.749880336 266.472803629 0 1676.79812214 40.137467136 293.172066219 22.862532864 10.2018778637 54.2501196641
672 4.32547409777 46.1043789631 164.390174396 197.243160521 0.751174425725 0.30081840047 2.83876391723 298.866082736 320.816828474 260.585753073 0 1677.18113865 40.310642392 283.611217557 22.689357608 9.81886135125 54.1831715264
696 4.17564098301 42.4387263624 157.002546404 197.28237839 0.734788163529 0.568402502871 4.20487381769 297.209557126 321.260683467 264.127449302 0 1677.52129348 40.3551558609 280.218716285 22.6448441391 9.47870652326 53.7393165337
720 4.02875786704 45.4568746057 155.82237327 197.321727134 0.732797087475 0.839425743626 4.77072411509 296.33532592 321.021950224 251.158914131 0 1677.84921725 40.208203617 276.701930445 22.791796383 9.1507827508 53.9780497766
744 3.90080602032 37.4480953451 154.257501687 197.35741728 0.743591196976 1.08016725105 5.76660732139 295.052216951 321.282348338 255.360065348 0 1678.14470668 40.4505455203 275.926622335 22.5494544797 8.85529331846 53.7176516628
768 3.78546754498 39.3668248716 152.75580976 197.390989591 0.738745680787 0.327838329152 5.77594225151 295.766484147 321.220865607 254.166613732 0 1678.40384811 40.3491347529 269.823515885 22.6508652471 8.59615189333 53.7791343936
792 3.66949013217 36.4509051065 150.577138887 197.425126279 0.725911752201 0.57247585421 6.31210851994 294.964377594 321.529067341 257.132413927 0 1678.66750407 40.428809116 264.643121838 22.571190884 8.33249592944 53.4709326597
816 3.56741641131 32.8991039834 149.543821366 197.455753115 0.72277041183 0.760548693844 8.62618090347 292.434746876 321.561267727 259.435956998 0 1678.89992572 40.5136371439 262.159529901 22.4863628561 8.10007427693 53.4387322738
840 3.47142121243 32.6145602591 151.534713551 197.485415839 0.728432859175 0.962994768721 6.46405066196 294.359105871 321.686015906 261.376895536 0 1679.11686899 40.4883833301 256.553215544 22.5116166699 7.88313100554 53.3139840946
864 3.37895249518 32.7848869498 155.456603358 197.514986021 0.723075436542 0.137707432511 5.26290426096 296.361326849 321.44223538 254.461291601 0 1679.32649241 40.5012203819 248.726128575 22.4987796181 7.67350758945 53.5577646208
888 3.2921275724 34.9932910686 151.244321725 197.542837522 0.705067122844 0.363845774961 6.56400981023 294.82423977 321.552081653 250.032352796 0 1679.52251992 40.4450904111 244.541758316 22.5549095889 7.47748008312 53.4479183477
912 3.20596564612 30.211108203 151.922175007 197.570681812 0.696302115938 0.587333594815 7.06346273096 294.082219746 321.486013714 245.451727314 0 1679.7185329 40.548360388 240.861292313 22.451639612 7.28146709903 53.5139862868
936 3.12994860159 28.165044555 153.973397487 197.595714942 0.695490257707 0.729176044644 2.56761778944 298.412000966 321.389183197 232.005351856 0 1679.89175216 40.6284272454 243.566351786 22.3715727546 7.10824783532 53.6108168034
960 3.05953115152 29.7830626331 155.652636647 197.619482332 0.697476917485 0.782109663167 1.68208363039 299.218847457 321.165064771 222.017920205 0 1680.05013384 40.5322122231 241.446281186 22.4677877769 6.94986615844 53.83493523
984 2.98887290756 27.4305278547 148.678328351 197.643988194 0.701186960523 0.837903796162 4.05874066037 296.758180388 321.407503866 225.334182453 0 1680.21124163 40.6492406387 237.695223742 22.3507593613 6.78875837399 53.5924961342
1008 2.91846519656 27.537557607 150.421199469 197.669157426 0.706902532266 0.901022425329 2.62580260022 298.097115017 321.176109794 215.427823679 0 1680.36956818 40.5714051474 235.396729392 22.4285948526 6.63043181971 53.8238902064
1032 2.85696817023 26.1480507004 153.048009395 197.691848803 0.713942311302 0.947042843897 1.07957013224 299.56759591 321.099646845 207.68694052 0 1680.51055413 40.710913918 230.570085996 22.289086082 6.48944586816 53.9003531559
1056 2.79770185862 25.9250855951 144.311057138 197.714394542 0.715067508483 0.0357235296726 5.31407479273 296.220739627 321.47913966 216.278873292 0 1680.64429857 40.6488129804 228.115244 22.3511870196 6.35570143368 53.5208603402
1080 2.74172919219 23.9317098999 145.438164512 197.735791066 0.697466211921 0.186513769313 3.14295128762 298.237277665 321.453616923 218.292614636 0 1680.77176877 40.7431306057 224.965980105 22.2568693943 6.22823122802 53.5463830772
1104 2.68703163134 25.846193213 147.236362109 197.756657529 0.683761520388 0.297512085902 4.01499977897 297.247069086 321.40535315 213.178712868 0 1680.89479043 40.6504173199 222.122251126 22.3495826801 6.10520956968 53.594646851
1128 2.63017307015 25.2499139243 149.482371535 197.778422388 0.673908831037 0.432918801197 1.38265980591 299.732090174 321.099882888 202.822226595 0 1681.02350505 40.6614245652 218.625324651 22.3385754348 5.97649494845 53.9001171127
1152 2.58160755257 22.8468883178 149.489513578 197.797175559 0.66807221 0.505910997555 4.62783101112 296.401010223 321.185839261 199.698983854 0 1681.1352599 40.8338258629 216.443300214 22.1661741371 5.86474010171 53.8141607391
1176 2.53728826149 21.1034027536 144.217812903 197.814482571 0.664783689056 0.561651572575 1.30635607933 299.652726088 321.469106816 205.696874175 0 1681.23621757 40.9144774406 215.406775156 22.0855225594 5.76378242978 53.5308931843
1200 2.49039561789 22.4097580261 145.89541856 197.833051806 0.662802864214 0.624025757744 1.5686106761 299.311508895 321.236785472 200.718000046 0 1681.34109141 40.747569307 211.647846707 22.252430693 5.65890859321 53.7632145287
1224 2.44354849948 21.049598566 142.184190815 197.851922195 0.662374338127 0.678660761808 3.99223533075 296.814807374 321.430331663 203.916682636 0 1681.44756871 40.820038113 208.174746484 22.179961887 5.55243129315 53.5696683376
1248 2.40255634663 22.1760536219 142.465715435 197.868743744 0.663506564014 0.721119519774 2.50402071077 298.242609461 321.463645388 200.889831058 0 1681.54081696 40.8173948109 208.894039182 22.1826051891 5.45918304094 53.5363546128
1272 2.35910867727 21.4886470688 143.529544599 197.886934663 0.665761141187 0.772038524515 3.59299921334 297.082266458 321.358775961 197.573953622 0 1681.6387337 40.7554777897 206.740653656 22.2445222103 5.36126629636 53.6412240397
1296 2.31406583715 23.5228195975 145.05103551 197.906242816 0.67005873636 0.860652537635 3.06147621456 297.501569695 321.034417808 183.250019487 0 1681.73958568 40.6121803553 206.79443298 22.3878196447 5.26041431931 53.9655821929
1320 2.27414995154 19.3787293371 146.941237289 197.923801795 0.675768852543 0.930269940875 2.71917891451 297.750980497 321.00194667 180.724402265 0 1681.83187856 40.8816462193 203.996901187 22.1183537807 5.16812144472 53.998053331
1344 2.23894466204 17.9712100992 143.015968226 197.939690984 0.682370994009 1.00042982695 5.56467064637 294.812837549 321.258684801 185.197159517 0 1681.91260471 41.0448839096 201.447783458 21.9551160904 5.08739528521 53.7413151997
1368 2.20445862788 19.4071950915 141.91267253 197.955538531 0.674303359243 0.0710553080858 3.41721934175 297.88188346 321.295420714 185.754666362 0 1681.99016919 40.8909093007 199.055488376 22.1090906993 5.00983081474 53.7045792868
1392 2.16933677937 19.7525416106 141.42843442 197.971613771 0.660579303671 0.14068282725 5.53110569648 295.696018402 321.403164434 186.406717799 0 1682.06982958 40.9064261714 196.849465895 22.0935738286 4.93017042361 53.5968355663
1416 2.13696240868 18.3493333323 141.343814495 197.986392171 0.650396188307 0.259020041133 4.07769731156 297.026494288 321.422543957 187.351405967 0 1682.1438042 41.0175330012 195.775514007 21.9824669988 4.85619579861 53.577456044
1440.0 2.10571524112 17.010859688 141.030805536 198.000674579 0.642710835993 0.334438764932 3.56570776227 297.456468058 321.435003998 188.597615062 30 1682.21478584 41.0779527124 192.894513422 21.9220472876 4.78521416219 53.5649960024
1464 2.07667819788 16.9040820652 134.916205408 198.014000703 0.637171698859 0.401589594099 1.684740416 299.262497588 321.863055557 202.552504871 30 1682.28070011 41.0734709597 188.199846606 21.9265290403 4.71929988754 53.1369444432
1488 2.04912799726 16.0325739763 133.672377422 198.026720217 0.632842385747 0.439735617855 2.62008375844 298.280618021 322.158046408 215.364262616 30 1682.34367229 41.1912782536 183.745951589 21.8087217464 4.6563277092 52.841953592
1512 2.02229019246 15.9965562295 133.110852638 198.039199419 0.629367117207 0.471845728104 1.48794015707 299.371647579 322.331237347 225.403505769 30 1682.40444095 41.1702231499 179.514434892 21.8297768501 4.59555904769 52.6687626538
1536 1.99610444577 15.7616845725 134.132795392 198.051474499 0.626481568927 0.489983848194 1.31433882416 299.51772126 322.458589957 232.836839117 30 1682.46386521 41.1827835448 175.490448648 21.8172164552 4.5361347921 52.5414100438
1560 1.97097950128 15.8708056168 134.227264612 198.063354577 0.624097542478 0.511120389101 1.96870146417 298.832726027 322.525538881 238.946108945 29 1682.52077389 41.1492745969 171.659497013 21.8507254031 4.4792261157 52.4744611199
1584 1.94638445701 15.8155101293 132.477816746 198.075091673 0.622273174818 0.54114081839 0.554248407272 300.207245927 322.686054798 244.818842309 28 1682.57655417 41.147325656 169.994676941 21.852674344 4.42344583651 52.3139452021
1608.0 1001.9225732 14.8885299404 134.010924299 198.086567673 0.620858679614 0.554364007703 3.0606398259 297.677569814 322.644826469 245.164162873 28 1682.63086898 41.263831339 169.379230709 21.736168661 4.36913102538 52.3551735319
1632 563.968445347 3067.17414168 141.662961545 199.611937784 4.94642785325 19.5518606155 70.831629986 205.058143762 312.796033353 4856.74674846 28 1049.07157336 41.3854038161 137.354334098 21.6145961839 637.928426644 62.2039666477
1656 276.372401002 3838.64340892 169.556184013 208.103434816 9.07677573971 32.7161868114 81.6016828111 168.501919822 313.911589412 6522.25304111 28 1251.7302944 39.7499529256 244.599103691 23.2500470744 435.269705605 61.0884105893
1680 140.810107282 3375.34613032 182.731372732 218.057215528 9.31444497421 35.982755334 72.1218019576 164.523782206 318.041028666 6839.18444997 27 1417.10546271 39.2840164415 349.30453928 23.7159835585 269.894537295 56.9589713345
1704 77.7097085978 2681.27404431 194.955258207 225.802595069 8.36215525765 23.6716910256 65.5735281411 176.590030507 321.630516593 6321.73630095 27 1522.20124256 39.0903475804 464.552887772 23.9096524196 164.79875745 53.3694834076
1728 47.3419214361 1888.33231891 191.412566466 231.112032253 2.34363452966 24.9824231902 61.3365430701 180.225366957 326.632602743 5679.69316737 27 1582.16348304 39.030010575 570.884748874 23.969989425 104.836516963 48.3673972579
1752 31.7175119416 1357.05772996 190.825561005 232.556125129 2.79869275661 11.1612624413 48.9310027531 204.55291692 329.98018277 4985.4203664 25 1615.41180334 39.0039110719 635.963091674 23.9960889281 71.5881966696 45.0198172308
1776 22.9734605607 947.800935511 194.28445131 233.488474366 1.7744702918 7.55461476672 43.6596313894 213.522809186 333.085158649 4393.15766794 25 1634.84147788 39.0200719195 689.124810248 23.9799280805 52.1585221278 41.9148413515
1800 17.9220127817 678.320041441 192.157235015 233.921406968 1.66783044652 4.98241842551 41.5853257514 217.843018409 335.56297356 3978.61320117 25 1646.27813271 39.0567284504 682.744504712 23.9432715496 40.721867298 39.4370264407
1824 14.7894225648 485.654762442 192.840475366 234.173825118 1.00518461872 5.22369745918 26.722553392 232.874739413 337.557779675 3681.50903402 24 1653.43630152 39.1186669197 652.239376834 23.8813330803 33.563698489 37.4422203257
1848 12.6726390417 376.612572221 193.076080502 234.339183677 0.70101457911 4.66497845238 22.6617679685 237.633055323 338.4958939 3403.71225085 24 1658.26154301 39.1801585964 630.493746109 23.8198414036 28.7384569992 36.5041061012
1872 11.1038377006 319.524388604 187.188535467 234.525213734 1.07267525922 1.60442212762 21.5696031539 241.228085726 338.403556135 3140.30146643 23 1661.79701205 39.1997152573 613.643553163 23.8002847427 25.2029879557 36.5964438657
1896 9.89589093448 261.872858452 190.096828621 234.677316702 0.211237826914 1.68949084213 17.222696502 246.199258127 338.247819116 2893.81194904 23 1664.54056556 39.2463287274 611.461018279 23.7536712726 22.4594344443 36.7521808853
1920 8.99439995804 211.251830288 193.168885743 234.723157113 0.407424025306 1.17407624278 14.493192502 249.202150117 338.526620656 2732.14598029 23 1666.60659009 39.3389683346 575.321406216 23.6610316654 20.3934099203 36.473379345
1944 8.26433853565 187.477704869 182.025536282 234.784503075 0.582572456827 2.46017151709 9.83110844652 252.341644504 338.410749152 2572.76404605 23 1668.25776092 39.3689844327 553.13762834 23.6310155673 18.7422390884 36.5892508492
1968 7.65749667091 159.968067644 179.176846406 234.857858635 0.660514195521 0.626112734984 13.3077682344 250.5477462 338.168608259 2431.80597687 22 1669.63516062 39.4293203763 531.336750905 23.5706796237 17.3648393827 36.8313917423
1992 7.15082307447 144.340560026 182.511003101 234.926634567 0.671012192579 0.606430624507 7.26358939262 256.532333224 337.640486978 2290.72364302 22 1670.78228182 39.4650997675 510.118484359 23.5349002325 16.2177181892 37.3595130233
2016 6.7147673461 132.716049215 178.25731239 234.990606785 0.69439450631 1.27677757498 11.6108149036 251.427406231 337.342547195 2176.95670363 22 1671.76913446 39.498015824 478.237153206 23.501984176 15.2308655503 37.6574528062
2040 6.31327637818 121.994468356 175.551961085 235.056011659 0.709110663867 0.0725633926229 13.218992757 250.943321527 336.665965021 2032.51068767 21 1672.67323315 39.5129076271 470.71540088 23.4870923729 14.3267668542 38.3340349803
2064 5.96719840854 109.60027169 178.286346173 235.114647504 0.686286073939 0.712890697429 7.17501196674 256.311163758 336.076286879 1907.9824793 21 1673.46140929 39.584033311 451.346897949 23.415966689 13.5385907126 38.9237131218
2088 5.64874997817 93.1873612388 172.895183841 235.171779723 0.702142342482 0.378878754025 10.3553883084 253.391810872 335.527961924 1786.75926277 21 1674.18169982 39.6399382728 447.234844028 23.3600617272 12.8183001807 39.4720380768
2112 5.39090676976 86.9884848117 174.434215181 235.220598569 0.695378862417 0.785448759364 7.9249895236 255.373584286 335.019538054 1678.84094826 20 1674.7693744 39.7024716159 437.539460756 23.2975283841 12.2306256053 39.9804619466
2136 5.16723989721 77.2055563783 181.932414972 235.265072993 0.694126032933 0.140005563404 1.87034568733 262.030449723 334.342775929 1577.594658 19 1675.27970846 39.8055550492 426.923777515 23.1944449508 11.7202915443 40.6572240717
2160.0 4.94147247296 85.4419132074 176.323701971 235.310535388 0.666214766789 0.431076928007 6.92923214896 256.662940768 333.248585165 1458.89154204 49 1675.77925475 39.6703676969 412.31900922 23.3296323031 11.2207452586 41.751414836
2184 4.75722770142 58.2553648389 157.473907617 235.348295791 0.661952523547 0.745415651886 5.2478369934 257.99649904 334.03776017 1444.4281248 49 1676.21248114 40.0151548855 383.526080461 22.9848451145 10.7875188639 40.9622398314
2208 4.6106930834 53.2024625281 151.401897211 235.379494095 0.668512876275 0.869831403627 3.27399448633 259.808167138 334.269160044 1423.8613774 47 1676.54732721 40.1310977344 357.474429535 22.8689022656 10.4526727992 40.7308399567
2232 4.47598837097 50.3344448887 148.989699602 235.409457694 0.679628440021 0.994218757061 5.6407469303 257.275948179 334.216159825 1399.71034341 46 1676.85185464 40.1605519098 334.677594149 22.8394480902 10.1481453682 40.7838401763
2256 4.3509616286 49.0421459414 149.496163 235.437898225 0.657329830071 0.158334102708 3.50893932062 260.237498521 334.028468568 1367.92779183 45 1677.13431696 40.1792320971 315.697496013 22.8207679029 9.8656830479 40.9715314328
2280 4.2341731707 45.0135949326 148.417667917 235.464367197 0.641389931076 0.377496107139 4.80964911718 258.707097647 333.867624747 1337.6980118 44 1677.39920832 40.256310103 298.938197712 22.743689897 9.60079169293 41.1323752537
2304 4.12604689784 45.0252821847 146.622275937 235.489105751 0.634972791015 0.562546505763 5.62399264303 257.689382309 333.658168116 1301.57176129 43 1677.64323506 40.2578526299 287.948671038 22.7421473701 9.35676494813 41.3418318849
2328 4.0228263287 42.0928119292 149.138859073 235.513216243 0.634760465262 0.695573727815 4.31377442322 258.842675141 333.369895998 1266.35939261 43 1677.87730601 40.3309025484 273.434694618 22.6690974516 9.12269400178 41.6301040031
2352 3.92752160621 38.6987625584 149.463456108 235.536096685 0.637995430755 0.76112774047 3.59308287658 259.471697267 333.080958776 1232.14007292 42 1678.09343927 40.40257089 259.469281339 22.59742911 8.90656074267 41.9190412255
2376 3.83652476098 39.1345869294 149.330545337 235.558628021 0.644068661137 0.859835388585 4.58613149683 258.351336432 332.717407282 1187.50829631 42 1678.29812846 40.3646075515 253.669616509 22.6353924485 8.70187154955 42.2825927191
2400 3.7492816537 36.4185053391 147.749069318 235.580996871 0.652852119827 0.937364132919 4.43915525248 258.389631623 332.46460157 1151.99852178 42 1678.49587799 40.4399499944 244.741730818 22.5600500056 8.50412202194 42.535398431
2424 3.66626379182 36.1268266163 145.746739991 235.602975848 0.648464087887 0.093762942548 4.93221001501 258.722587106 332.231594422 1119.0198911 39 1678.68328359 40.4443302768 233.898577777 22.5556697232 8.31671641901 42.7684055794
2448 3.58773634555 33.385032724 145.077180637 235.623764222 0.632141064538 0.173218511444 3.32572104861 260.245155153 331.985577658 1085.78670662 39 1678.86164299 40.5341380211 225.077878299 22.4658619789 8.1383570174 43.0144223426
2472 3.51255074837 33.6776782018 147.258127557 235.643635569 0.619529474645 0.290506262247 5.44800611867 257.998322576 331.560982536 1046.77443431 37 1679.03048301 40.4778143689 217.020996678 22.5221856311 7.96951699451 43.4390174646
2496 3.43981953494 32.4502881404 144.819709049 235.662943179 0.611573696131 0.432201935852 6.40782895493 256.885452234 331.307330869 1013.24512068 37 1679.19515033 40.5176161359 210.639649495 22.4823838641 7.80484967393 43.6926691319
2520 3.3710803956 31.2481426803 144.566343377 235.681399468 0.608008224528 0.531503373409 3.14957084227 260.029518092 330.999958985 979.25964171 37 1679.35090117 40.5623327837 203.878054395 22.4376672163 7.64909884154 44.0000410159
2544 3.30456384609 30.5258091132 146.474209443 235.699551367 0.60683261999 0.613335459656 4.81787914738 258.262401405 330.592680577 941.093656126 37 1679.50125041 40.5804175453 198.650556314 22.4195824547 7.49874959414 44.4073194241
2568 3.24111349694 29.1626356313 145.924635011 235.717219634 0.608875850366 0.741663074323 5.17037476039 257.761866681 330.280397465 906.700450185 35 1679.64488772 40.6262316382 193.007804601 22.3737683618 7.3551122898 44.7196025359
2592 3.17930191838 29.4011676589 143.112323141 235.734875909 0.613983357959 0.807793935758 2.58517512036 260.258171677 330.006478212 875.103269266 35 1679.78424351 40.5986592997 187.82514185 22.4013407003 7.21575650349 44.9935217894
2616 3.11842794291 28.8985352565 143.139857783 235.752767386 0.620101169862 0.847428153398 3.07914215809 259.700561133 329.675287975 841.493411051 35 1679.92148079 40.583022131 185.913412156 22.416977869 7.07851921902 45.3247120259
2640 3.06146953585 28.0449736607 143.347257708 235.770006523 0.626966476104 0.892459131515 2.20597802659 260.504589843 329.389897591 812.624867664 35 1680.0512457 40.6812030763 180.432003729 22.3187969237 6.94875430867 45.6101024104
2664 3.00407310783 26.6270200605 143.88639612 235.787917995 0.635164728962 0.953297425528 3.48902129074 259.134598559 329.013386748 780.894366261 35 1680.18070977 40.6829375873 177.273223272 22.3170624127 6.81929024166 45.9866132531
2688 2.95064119287 27.3562871208 142.618797805 235.805137532 0.644309217768 1.00169348902 3.40823785781 259.140621904 328.745828242 750.316738589 35 1680.3014163 40.6581742326 174.389860314 22.3418257674 6.69858370868 46.2541717592
2712 2.89890139237 25.1223654763 141.761774367 235.822329177 0.645866628456 0.0743204791077 3.19999218673 260.257491528 328.469288364 723.74093073 35 1680.41922346 40.7720784815 171.790736306 22.2279215185 6.58077654942 46.5307116375
2736 2.84872476205 23.9834575659 143.034976536 235.83905874 0.63202754501 0.144743598228 2.95249420945 260.431675907 328.166695738 696.051457152 35 1680.53284696 40.8173437334 169.441586239 22.1826562666 6.46715304693 46.8333042634
2760 2.80201616996 22.9897667684 141.394268315 235.854593029 0.621271678806 0.234602670134 2.29346541104 260.996067211 327.984372597 676.234804777 35 1680.63897777 40.8869424508 164.327359154 22.1130575492 6.36102223917 47.0156274036
2784 2.75506341688 24.0033972744 143.047273789 235.870224055 0.61232494844 0.294332018791 2.83371843041 260.389400547 327.593795122 648.239959208 33 1680.74400559 40.7498540978 161.49291955 22.2501459022 6.2559944235 47.4062048792
2808 2.70947410906 22.9006196376 142.022623867 235.885460212 0.605582354999 0.383916223246 4.22450817211 258.900533038 327.374518763 625.309862397 31 1680.84768535 40.8283879537 158.86228817 22.1716120463 6.15231465905 47.6254812377
2832 2.66585465319 22.2508486076 145.124172488 235.900146665 0.601255198316 0.451518327067 1.47317403216 261.573905777 326.945417419 595.702575398 31 1680.94679575 40.887734816 157.392003778 22.112265184 6.05320425997 48.0545825822
2856 2.62365642544 22.9499363769 141.332732869 235.914499209 0.598357039802 0.509293824447 3.62961251704 259.348237409 326.779900722 575.085491711 31 1681.04197948 40.8496545626 155.121560384 22.1503454374 5.95802052417 48.2200992794
2880.0 2.58111892484 22.109972081 142.421163751 235.92914923 0.596811300628 0.549995190328 0.969152370561 261.954891908 326.56825171 554.328042852 60 1681.13850906 40.9219715174 152.001534061 22.0780284826 5.8614909528 48.4317482905
2904 2.54241249059 20.2935194885 137.704974966 235.942664802 0.595975253305 0.579508181618 2.84341346327 260.038438299 326.536401856 545.443137135 58 1681.22670069 41.0012831207 148.112191845 21.9987168793 5.77329932476 48.4635981445
2928 2.50567896579 19.8480701134 136.484250957 235.955673449 0.595861797807 0.597941611451 1.51922200137 261.33130114 326.473054607 535.448844671 57 1681.30997485 41.0295451577 144.44008405 21.9704548423 5.69002515995 48.5269453936
2952 2.46866846454 19.7751802278 136.339401025 235.968976592 0.59620071911 0.623429303818 1.30766304567 261.503730339 326.326143026 523.607558725 56 1681.39355646 41.0068490143 140.96898764 21.9931509857 5.60644355401 48.6738569745
2976 2.43383568967 19.1795248843 135.394352418 235.981693232 0.597051797534 0.648796876344 2.83136653305 259.941091561 326.270386706 514.777880958 55 1681.4726753 41.0580803428 137.683508584 21.9419196572 5.52732471565 48.729613295
3000 2.39918857975 19.5955674831 137.146046085 235.994546965 0.598308855881 0.664570495634 2.42269626218 260.319877421 326.111319001 502.054484693 54 1681.55077948 40.9882396599 134.56956012 22.0117603401 5.44922053431 48.8886809991
3024 2.36502745704 19.2092551923 136.458348611 236.007435362 0.600076483032 0.693249471595 1.98747959877 260.711759084 325.916952088 490.70770109 53 1681.62805415 40.9940684441 131.615221848 22.0059315559 5.37194586568 49.0830479122
3048.0 1002.3328066 18.1599070688 135.420122804 236.019805196 0.602442647036 0.745179777782 2.25890675793 260.373665621 325.865435859 481.58995774 53 1681.70155936 41.1110961116 128.808973188 21.8889038884 5.298440654 49.1345641417
3072 598.827977578 2633.42485451 135.585236015 237.409394143 2.73742242864 10.3747127585 61.6252781833 187.853192486 319.558540419 5719.75770836 53 1034.83864335 41.878127415 41.2182707466 21.121872585 652.161356663 55.4414595812
3096 355.077227801 2859.42777898 153.198231842 240.282552845 4.55813085783 15.7722202911 60.7606602554 178.62643575 329.0945978 9214.72639722 53 1188.39212656 40.4405426046 62.576998323 22.5594573954 498.607873457 45.9054022007
3120 234.912952521 2552.16485728 165.112686493 242.211334044 3.34703063436 10.3385592348 58.8562772302 185.246798857 337.341810682 11732.6561013 53 1304.77041781 39.9790534118 80.0447754375 23.0209465882 382.229582202 37.6581893187
3144 170.373988479 2164.80443008 170.105909213 243.788109374 2.10761831649 8.69397428248 40.3586918018 205.051606225 343.676714731 13554.7739989 52 1384.97842539 39.7889978254 97.9244129164 23.2110021746 302.021574619 31.3232852701
3168 132.215167427 1842.03334919 171.640650234 244.43059032 1.83517883923 3.65201001311 36.012399839 214.069820988 348.262649162 14922.3384391 51 1439.91244997 39.6927013307 107.745011918 23.3072986693 247.087550049 26.7373508385
3192 107.596173069 1576.08923414 173.307198529 244.804904489 0.729684424302 2.6783273966 34.7075286952 217.079554995 351.573628933 15998.2204157 51 1478.78382437 39.6399245654 110.207275113 23.3600754346 208.21617564 23.4263710674
3216 90.7944902338 1358.44883122 174.920486922 245.026037379 0.985162146101 1.06435229516 29.2514214737 223.673026706 354.139705283 16872.2958279 51 1507.03465391 39.6181550073 110.938411531 23.3818449927 179.9653461 20.8602947178
3240 78.6109386758 1199.53814394 179.006751959 245.098788643 0.389054188353 2.06546956761 23.845758698 228.600928903 356.023422176 17568.0729523 50 1528.41428497 39.6047293632 114.365303016 23.3952706368 158.585715042 18.9765778245
3264 69.3966820033 1067.56831828 175.554743933 245.184091336 0.49378485396 1.23813320255 26.5060815336 226.577909074 357.573056561 18162.0495356 47 1545.11526922 39.6011112275 116.495549459 23.3988887725 141.884730795 17.4269434396
3288 62.0615338994 992.34625886 178.124758013 245.283523504 0.658244458559 0.557772251308 19.6675260719 233.832933714 358.444104328 18597.0545083 45 1558.67217637 39.5646428621 137.462230137 23.4353571379 128.327823641 16.5558956732
3312 55.9923818953 938.29994035 181.563715033 245.388614585 0.698152973387 0.731530492432 15.0917460448 238.089955904 359.106616224 18930.0267871 45 1570.12208884 39.52931661 159.446301246 23.47068339 116.877911173 15.8933837766
3336 50.8719893533 892.241897918 183.587142183 245.493943896 0.75534829363 0.859863195474 11.8620679783 241.028776636 359.63925887 19189.3498914 43 1579.94711387 39.4927326552 165.315416094 23.5072673448 107.052886141 15.3607411303
3360 46.4024832043 850.042850166 186.425547507 245.596725166 0.755669192125 1.43069742333 11.4077503568 240.809157861 359.962744915 19352.2931716 43 1588.64200877 39.455701257 179.989366653 23.544298743 98.3579912456 15.0372550853
3384 42.6255968715 788.27085646 186.830029852 245.699254735 0.831710736641 0.540714765881 8.94067326189 243.9876465 360.533244285 19498.4844915 43 1596.13135011 39.4528517028 191.411919783 23.5471482972 90.8686499065 14.4667557157
3408 39.3525896801 737.822231082 189.2195423 245.798569858 0.823260882387 0.72170035379 13.6762862559 238.98018265 360.925827061 19598.7519225 42 1602.67895786 39.44065087 189.742530915 23.55934913 84.3210421542 14.0741729394
3432 36.5280008873 699.338107091 188.659033314 245.891691495 0.846030920291 0.588018190245 6.89816519289 245.776094201 361.264818019 19657.828352 42 1608.38455594 39.4273061185 190.480898387 23.5726938815 78.6154440772 13.7351819818
3456 34.0557096051 666.338708313 185.740350927 245.980740766 0.865230970611 1.5929268761 14.1824017789 237.378699609 361.566626954 19671.8261136 40 1613.41858849 39.4144405653 210.88634225 23.5855594347 73.5814115248 13.4333730468
3480 31.8009158242 645.135535077 190.085635524 246.072083303 0.893535899554 1.00622233513 11.0025710862 241.025587376 361.663510913 19631.8529277 40 1618.03045438 39.3871678068 227.254441578 23.6128321932 68.9695456337 13.3364890878
3504 29.7806873044 616.914091339 189.138335078 246.158763565 0.871727615979 0.96362437195 10.8021310297 241.203753417 361.839647372 19570.8805045 40 1622.20055919 39.3725675194 259.420226092 23.6274324806 64.7994408194 13.1603526283
3528 27.9563828778 591.101582841 189.056312999 246.239991638 0.838929630289 0.682783594088 8.20316937751 244.03512576 361.99598024 19519.175548 40 1625.99337314 39.3615959778 246.114753054 23.6384040222 61.0066268762 13.0040197609
3552 26.3000333678 571.268528123 191.84786109 246.316792559 0.831273502054 0.522844729517 13.4831119312 238.845977278 362.08240995 19406.7404133 39 1629.45077921 39.3451086939 253.906010247 23.6548913061 57.5492208036 12.9175900502
3576 24.7846986203 560.079438164 187.888204718 246.390646017 0.836573652689 0.188172402051 8.41969703684 244.164910892 362.14753529 19261.7239197 38 1632.62721277 39.3219281595 270.939608248 23.6780718405 54.3727872411 12.8524647109
3600.0 23.3822410695 552.905824406 193.396464014 246.462162817 0.809593470295 0.803279827914 8.14026713101 243.784696753 362.093196857 19086.7363303 65 1635.57791464 39.2957948992 279.569809102 23.7042051008 51.4220853757 12.9068031437
3624 22.209841304 418.567105441 180.309152689 246.525030644 0.825005508053 0.233138494361 8.54389659635 243.872928757 363.038668615 19164.2331637 65 1638.13325852 39.4397519637 213.49828504 23.5602480363 48.8667414937 11.9613313857
3648 21.3184491516 353.121723443 176.371869811 246.574894146 0.801517273999 0.559504368862 3.3351376075 248.728946602 363.683628408 19210.7915776 64 1640.06742794 39.5523396124 174.847299193 23.4476603876 46.9325720754 11.3163715925
3672 20.564400232 320.766728532 174.760389374 246.617920799 0.793345365902 0.751789815281 4.49110599555 247.345838024 363.99350337 19229.1302322 64 1641.68874432 39.6112971205 150.067056017 23.3887028795 45.3112556936 11.0064966311
3696 19.8841486671 303.037941748 173.330082899 246.657983016 0.796243444272 0.955734106466 5.69838265675 245.891656775 364.141570543 19225.6819279 64 1643.14506742 39.6347554379 130.843360329 23.3652445621 43.8549325921 10.8584294573
3720 19.2660845437 282.642310949 171.905092344 246.695860199 0.794907945792 0.220969802 4.01903009057 248.269231962 364.314659466 19219.8665698 64 1644.4733216 39.6729309904 115.797921744 23.3270690096 42.5266784162 10.6853405344
3744 18.699244781 273.0504723 171.807636698 246.730954105 0.773457824554 0.399880888539 3.93107772065 248.164629461 364.401131105 19195.4621517 63 1645.68901116 39.6834911042 105.117276792 23.3165088958 41.3109888562 10.5988688961
3768 18.1673170229 263.354201517 171.607387378 246.764127774 0.760209832846 0.522855939296 3.55506519266 248.397741261 364.451571896 19161.899689 63 1646.83005345 39.6869361661 96.1683064443 23.3130638339 40.1699465608 10.5484281043
3792 17.6598606939 259.785906473 173.46339426 246.796264458 0.753326798627 0.67409512038 5.90522929464 245.871084328 364.45087063 19106.123612 62 1647.91850191 39.67683592 88.5835393413 23.32316408 39.0814981013 10.5491293705
3816 17.1754495 253.330169953 173.236139224 246.827680494 0.753801722194 0.832993306749 4.02333710324 247.562187373 364.479652668 19044.9279639 62 1648.96048263 39.6767682576 80.9330484279 23.3232317424 38.0395173882 10.520347333
3840 16.7141745566 246.930081753 174.712519335 246.858554968 0.759017979244 0.938954882734 3.01013562898 248.433336541 364.483623841 18965.6339928 61 1649.95413666 39.6763083549 80.2687089733 23.3236916451 37.0458633568 10.51637616
3864 16.2777392241 238.617143944 175.939946188 246.888844482 0.768075324472 1.05664037675 5.67250868921 245.613931127 364.504536214 18882.1530987 60 1650.89702147 39.6862128978 80.0154115742 23.3137871022 36.1029785429 10.4954637871
3888 15.8672749812 228.984451227 177.288507343 246.917868735 0.746272484036 0.202493820967 3.02611966208 249.107245297 364.542895004 18798.9369104 59 1651.78564589 39.7033962756 79.0497283072 23.2966037244 35.2143541251 10.4571049963
3912 15.4790239999 221.596929842 175.641270517 246.94525947 0.728809991926 0.320828537161 2.13616822954 249.868933771 364.571265685 18709.6391396 58 1652.62670549 39.715128456 81.1502612674 23.284871544 34.3732945251 10.4287343153
3936 15.1059846951 216.951764009 172.941659331 246.971677076 0.715786809854 0.420590833935 3.12939381093 248.762551469 364.573422478 18615.481847 57 1653.4335479 39.7083232565 82.4062768034 23.2916767435 33.5664521132 10.4265775226
3960 14.7494942405 215.103860258 172.691544764 246.997158107 0.707780792094 0.571529935952 5.81346743876 245.910063725 364.576395816 18516.1081173 56 1654.20644028 39.7062077616 81.3895639966 23.2937922384 32.7935597326 10.4236041845
3984 14.4047637965 209.485831488 174.743942088 247.022207488 0.705175931555 0.702602044998 6.43370651042 245.136308025 364.537190273 18403.6986116 56 1654.95391846 39.6996016217 87.2559815411 23.3003983783 32.0460815598 10.4628097278
4008 14.0702202679 207.089451464 175.904192778 247.047086088 0.707118146593 0.825493347296 4.99902435203 246.421278066 364.472497185 18281.9154376 56 1655.67942237 39.6875230494 88.6560666881 23.3124769506 31.3205776473 10.527502816
4032 13.7426618468 208.077902419 177.774456087 247.072174554 0.713703313495 0.959772766791 4.54757687098 246.706772494 364.396321397 18142.0650837 56 1656.38969493 39.6644126072 96.3757802951 23.3355873928 30.6103050819 10.6036786034
4056 13.4293036392 202.157027647 175.974161655 247.097027732 0.723294904656 1.02899883191 3.0314977847 248.119180746 364.420573661 18018.791081 56 1657.07381773 39.6802520692 95.817430495 23.3197479308 29.926182288 10.5794263399
4080 13.1270954756 197.255857104 172.888141133 247.121807652 0.720653201752 0.14953300317 5.33318898849 246.674817154 364.407588351 17894.8030394 56 1657.732105 39.6780564489 93.4843277897 23.3219435511 29.267895018 10.5924116501
4104 12.8389317955 190.510428395 172.255903999 247.145513262 0.704230523449 0.297511974186 5.41074168271 246.442002557 364.405512282 17768.4869285 55 1658.36173678 39.6872326979 92.109594866 23.3127673021 28.6382632334 10.5944877189
4128 12.5615369986 185.744534388 175.116464803 247.16839508 0.693220057506 0.419845588814 4.39169432254 247.32684495 364.3562171 17631.7052559 55 1658.9679032 39.6947385051 90.1529771996 23.3052614949 28.0320968154 10.6437829005
4152 12.2915617718 185.155484673 176.556827078 247.190860646 0.68599642669 0.509078681701 2.38440339775 249.229660847 364.271583492 17479.239514 55 1659.55661587 39.6763043574 94.0673214695 23.3236956426 27.4433841409 10.7284165089
4176 12.0301101215 177.32220507 173.302268161 247.212904922 0.681404376196 0.575004255588 4.33100714557 247.1996793 364.282750877 17338.0319011 53 1660.12977034 39.6963567133 94.9639589054 23.3036432867 26.8702296747 10.7172491242
4200 11.7763236766 179.565601273 175.734224967 247.234662349 0.679629508473 0.661798192672 2.16012007881 249.26378987 364.18032873 17171.8121656 53 1660.68344428 39.667251791 102.260876549 23.332748209 26.3165557312 10.8196712706
4224 11.5304361299 175.044944898 174.67606558 247.256177912 0.680302241403 0.736145545136 1.92336531229 249.404008988 364.139239844 17016.5980901 52 1661.22245482 39.6706696154 105.105047063 23.3293303846 25.7775451946 10.8607601571
4248 11.2937068483 172.007464723 174.570410096 247.277382802 0.682990792137 0.808283866687 3.55044282921 247.680899709 364.093400819 16863.8895117 52 1661.74173354 39.6710165874 102.051143916 23.3289834126 25.2582664716 10.9065991815
4272 11.0596826136 171.424189233 175.421671732 247.298913543 0.688450440284 0.896234785704 3.20947728858 247.906923942 363.997169841 16691.9972908 51 1662.25434046 39.659168789 106.069611374 23.340831211 24.7456595513 11.00283016
4296 10.8330147149 168.63947308 176.864805646 247.320406552 0.6957125861 0.956049538854 2.8311241865 248.196707136 363.928154204 16513.7557946 50 1662.75231519 39.6592702876 114.363237896 23.3407297124 24.247684827 11.0718457966
4320.0 10.6078346853 169.674084971 175.798706226 247.342466592 0.7048602894 1.02897657226 4.53074901679 246.392947528 363.81601533 16330.5354665 79 1663.24515126 39.631195134 118.751065509 23.368804866 23.7548487543 11.1839846704
4344 10.4004274187 149.510808151 171.903508402 247.363281701 0.69496153591 0.119166525082 3.77993813264 248.042652103 363.867429176 16195.1057682 78 1663.70757724 39.731289457 110.672596556 23.268710543 23.2924227699 11.1325708248
4368 10.213251443 140.619162488 170.17233405 247.382011135 0.680544818331 0.200813637737 4.46687244278 247.269757965 363.905109895 16058.2881418 77 1664.12245068 39.7827140649 102.981185425 23.2172859351 22.8775493344 11.0948901058
4392 10.0363568262 136.900225983 169.394349239 247.399695198 0.669372632897 0.280728124271 2.89014832734 248.760055716 363.878802931 15917.7201232 77 1664.51284648 39.7986339307 95.4836153693 23.2013660693 22.4871535315 11.1211970696
4416 9.86579840549 133.005048686 169.02063567 247.416783475 0.660153338615 0.33445501489 4.23617585825 247.352432311 363.838953193 15773.9260062 77 1664.88931595 39.8169293843 89.9006525406 23.1830706157 22.1106840594 11.1610468077
4440 9.70024549493 130.891499396 168.841617713 247.433444788 0.652913909735 0.404312012205 2.4629744832 249.046354805 363.768504188 15626.1066269 77 1665.25391286 39.8111716998 84.1661139834 23.1888283002 21.7460871556 11.2314958121
4464 9.54002741393 126.326967568 168.672192397 247.44968214 0.64712315086 0.432073937588 2.6693514951 248.801769275 363.72909237 15477.5525167 75 1665.60812888 39.8346588665 80.0589463354 23.1653411335 21.391871137 11.27090763
4488.0 1009.38510794 123.522720845 169.197671443 247.465514729 0.642443059335 0.472986994071 2.74024204873 248.678813167 363.660401728 15324.4207679 75 1665.95022782 39.8434184678 76.5244958699 23.1565815322 21.0497721925 11.3395982723
4512 815.481092654 3218.7975706 151.281219495 247.704463303 1.00093936246 2.55624394746 35.3128455618 213.425507823 346.947357563 20766.9207874 74 956.649309382 42.1234388566 24.7823291056 20.8765611434 730.350690631 28.0526424373
4536 608.239512402 3801.20469241 158.179757022 248.056325755 0.738186118774 4.82589901342 30.0495851855 216.330003926 347.205689534 25244.2361107 74 1037.39231286 40.8884351551 34.2101136624 22.1115648449 649.607687152 27.7943104666
4560 464.224894472 3725.00843124 164.357296122 248.549127064 1.54969101384 5.41296668208 37.4881821789 207.000033059 350.210640582 29115.0400968 73 1116.76071439 40.4102688568 38.7298366609 22.5897311432 570.239285625 24.7893594185
4584 368.09271029 3426.20630881 168.140364774 249.168657589 1.64540303827 4.47204119772 34.0145251195 210.699373053 353.428738083 32484.326903 72 1185.50257223 40.1740039671 34.9303855747 22.8259960329 501.497427782 21.5712619169
4608 302.296499408 3112.36493161 171.818487944 249.321614957 0.570572749255 3.10845335389 26.4222497841 220.577109154 356.124799641 35392.7112469 72 1242.36108613 40.0319914992 44.2842665807 22.9680085008 444.638913882 18.8752003595
4632 255.473453945 2824.18035132 171.958641009 249.519954889 0.882883512249 1.62173898937 23.9220784053 224.053344202 358.327266297 37934.3973841 72 1288.91297682 39.9417170778 46.2246949236 23.0582829222 398.087023188 16.6727337037
4656 220.956591907 2562.38926682 173.422882465 249.688848478 0.254422048729 2.50872979006 20.8735290743 226.674470607 360.119539517 40198.7961629 71 1327.07189281 39.8833425639 43.3726789262 23.1166574361 359.928107204 14.8804604834
4680 194.56745674 2351.99379309 174.382183211 249.779626883 0.577194585232 0.835157176536 16.63652515 232.171496204 361.519809349 42192.5035857 71 1358.71987468 39.8365290361 48.5902589768 23.1634709639 328.280125333 13.4801906509
4704 173.892624494 2148.03516851 173.828473819 249.882790907 0.668943418137 1.0238301081 17.7278229485 230.696612617 362.726207058 44021.0410743 71 1385.20424458 39.8096508176 49.9221990415 23.1903491824 301.795755429 12.2737929424
4728 157.314424935 2003.56510496 174.236571586 249.987044117 0.717240141981 0.326768784548 19.141870232 229.827076723 363.66563842 45653.5337221 67 1407.56630473 39.779560088 52.9742261474 23.220439912 279.433695282 11.3343615799
4752 143.554377026 1884.79391554 178.57534234 250.08579059 0.71296427144 0.349653557145 14.033837104 234.817754476 364.36539692 47101.5144342 66 1426.93190894 39.7456074739 67.0797333904 23.2543925261 260.068091068 10.6346030801
4776 132.052687675 1762.40141087 177.185209276 250.174330663 0.698373693768 0.759877634722 11.2040884935 237.163329513 365.05860376 48466.3034792 66 1443.75695361 39.7299380919 66.0546953146 23.2700619081 243.243046402 9.94139624002
4800 122.327143618 1655.85189142 176.176376778 250.256773069 0.756153659564 1.72751091241 9.42933616277 237.830226194 365.640147527 49720.7141101 65 1458.43210241 39.714332043 64.7575424793 23.285667957 228.567897603 9.35985247356
4824 113.93451708 1581.90892312 177.133038971 250.340736761 0.784937370935 0.67472065569 9.73409647975 238.46550873 366.079142581 50837.5993404 63 1471.42747947 39.6905198225 76.9037032291 23.3094801775 215.572520542 8.92085741912
4848 106.580328899 1510.24598737 176.812734567 250.419200085 0.778760894022 0.858331354217 12.0554434951 235.88826417 366.471379728 51879.8323242 63 1483.09176468 39.6704195545 76.0995833268 23.3295804455 203.908235336 8.52862027254
4872 100.084155702 1455.26531902 177.228705292 250.494258734 0.81192369553 0.723272629567 11.4656944384 236.5048505 366.801968517 52810.5213295 61 1493.61108713 39.6477508288 87.996115971 23.3522491712 193.388912881 8.19803148282
4896 94.3104490351 1394.02460372 177.654441362 250.565975191 0.792170147482 0.728365444888 10.4630026633 237.450486552 367.109162054 53688.6576039 61 1503.14460176 39.6315588245 99.1050213989 23.3684411755 183.855398248 7.89083794597
4920 89.1688839852 1330.08151171 177.636896275 250.631953378 0.766779226404 0.41475739176 9.87457862924 238.311931372 367.419674719 54529.9024554 60 1511.78760068 39.6236915823 88.382722392 23.3763084177 175.212399329 7.58032528115
4944 84.5743908901 1266.92742357 180.370094837 250.692273108 0.758833471384 0.842541918418 4.58678359504 243.119567905 367.704628074 55298.6035287 60 1519.6322014 39.6204842863 86.4639831023 23.3795157137 167.367798617 7.29537192668
4968 80.4568425509 1211.64144521 180.947105241 250.749142958 0.747037728505 0.198152422468 5.3459949955 242.959671894 367.957430342 56014.3881129 60 1526.75696812 39.6160836889 83.1586252183 23.3839163111 160.243031895 7.04256965817
4992 76.7437142079 1165.93369503 178.769306927 250.801128541 0.72596784178 0.678641073264 6.90390628774 240.890356254 368.180899644 56678.724175 60 1533.25897283 39.6085922483 88.7282569252 23.3914077517 153.741027187 6.81910035662
5016 73.3557486188 1126.81801722 178.427666343 250.850506789 0.737047361424 1.10432897257 7.69736190498 239.61075497 368.363193659 57295.7878838 60 1539.25498611 39.5971662914 95.0079651491 23.4028337086 147.745013906 6.63680634151
5040.0 70.2676608107 1075.66074064 177.937578386 250.897962672 0.725951437585 0.480115631587 6.86131138058 241.034658877 368.582861248 57909.3027978 90 1544.78784452 39.6014511303 85.6096371946 23.3985488697 142.212155493 6.41713875263
5064 67.5233679369 988.67828743 176.425422607 250.941144653 0.722508445062 0.793963669313 2.95549106821 244.586892164 368.872705062 58560.3159057 89 1549.77326393 39.6401441242 65.0899857113 23.3598558758 137.226736087 6.12729493895
5088 65.0873947421 931.910558524 175.748830079 250.981139835 0.730163053753 0.956435674542 6.17318999418 241.159071441 369.113231894 59172.9611626 88 1554.22523149 39.6635135669 52.1227315897 23.3364864331 132.774768526 5.88676810641
5112 62.8734663024 890.457018834 175.446926842 251.019274799 0.729419835045 0.187430087297 9.48646819254 238.577407085 369.295232422 59748.5045027 88 1558.29434267 39.6757186104 47.7349357403 23.3242813896 128.70565734 5.7047675789
5136 60.8329800879 862.776547261 175.328900993 251.05488416 0.712166710912 0.484435675794 4.12251320306 243.626000249 369.430696009 60291.3727786 87 1562.06398791 39.6757574849 43.9654631015 23.3242425151 124.9360121 5.56930399152
5160 58.9359021255 832.942140841 175.864581672 251.08852973 0.705231620017 0.657327977946 4.49262980102 243.05628087 369.562812619 60813.695684 85 1565.59255149 39.6805878976 38.5803010519 23.3194121024 121.407448525 5.43718738149
5184 57.1640310945 813.531289585 176.236713512 251.120829459 0.706496899707 0.792911568655 3.48497704583 243.894785025 369.659438195 61295.701418 84 1568.90291756 39.6739784109 41.0431050051 23.3260215891 118.09708245 5.34056180545
5208 55.4907794074 797.523667198 176.122370908 251.152443891 0.713703747411 0.97132734154 7.06992135449 240.092603664 369.742011513 61747.6526133 83 1572.04525461 39.6646750328 43.4810930164 23.3353249672 114.954745403 5.25798848759
5232 53.9226626634 773.842045996 176.108185293 251.183421526 0.727116549216 0.162541655194 6.22288615185 241.704034116 369.848863978 62189.0437216 82 1575.01072873 39.667612732 46.5527572579 23.332387268 111.989271282 5.15113602255
5256 52.4438816601 755.547424344 175.678746971 251.213312507 0.707232766935 0.30902153493 3.2477154368 244.522717753 369.930763577 62610.7666523 82 1577.81800511 39.6631590849 44.6351749851 23.3368409151 109.181994903 5.06923642316
5280 51.0475547533 735.767804152 175.54161524 251.241648653 0.693478920031 0.396166127851 2.07141565279 245.597290645 370.016006425 63015.686997 82 1580.48279063 39.6633146298 40.9124067836 23.3366853702 106.517209384 4.98399357609
5304 49.7340612335 714.467023208 175.484357724 251.26856523 0.684057514282 0.507583024996 4.4954546189 243.044339611 370.104919523 63407.4390309 81 1583.00181898 39.66641325 36.7561340012 23.33358675 103.998181034 4.89508047806
5328 48.495782053 695.513079206 175.459344829 251.294343783 0.679957310155 0.6212357676 2.58382276063 244.820640378 370.184495583 63779.3750876 80 1585.38596617 39.6682922982 36.8289738124 23.3317077018 101.614033839 4.81550441742
5352 47.3210637895 681.299813483 176.245718629 251.319328866 0.679025255796 0.693605493064 4.48936063373 242.81867975 370.248607798 64125.5107787 80 1587.65533901 39.6660296107 41.0319886422 23.3339703893 99.344661007 4.75139220255
5376 46.2030073004 670.034495887 177.682391945 251.343710154 0.681074209893 0.79111992789 5.10939063398 242.074705073 370.30668432 64458.2104412 79 1589.82268868 39.6603274185 38.772358109 23.3396725815 97.177311332 4.69331568021
5400 45.1366901669 654.544707874 176.321276573 251.367653183 0.686616403649 0.877966693838 2.53185936907 244.53590435 370.365225812 64777.6196408 79 1591.89798296 39.6588106496 39.6070703112 23.3411893504 95.102017057 4.63477418899
5424 44.1212785009 645.047046017 175.844186848 251.391214152 0.694722028604 0.999381551089 6.65586885234 240.258813414 370.418016563 65079.2002063 77 1593.88000156 39.6521604022 38.7211881924 23.3478395978 93.1199984533 4.58198343792
5448 43.1467367952 633.607670505 175.708441103 251.414406934 0.684163327288 0.181400197792 4.55950857526 243.160520964 370.467593182 65365.3902507 76 1595.78886007 39.6483760161 37.285729128 23.3516239839 91.2111399386 4.53240681865
5472 42.218595906 619.024039536 176.918422531 251.43647832 0.669620756337 0.266169297026 2.45356670366 245.174164921 370.526028284 65640.6494208 75 1597.61460214 39.6519903497 36.3787093557 23.3480096503 89.3853978702 4.47397171699
5496 41.3301717894 606.872934042 176.771924981 251.457651072 0.658333282977 0.362373859671 2.13966482834 245.381976956 370.575359579 65896.682589 73 1599.36622421 39.6510098305 40.8792709736 23.3489901695 87.6337758065 4.4246404214
5520 40.4759509533 601.435682739 177.660853651 251.478146404 0.650699282141 0.452200169964 2.68674532104 244.732208821 370.604408158 66131.4481678 72 1601.05298644 39.6389059213 45.3403379857 23.3610940787 85.9470135754 4.395591843
5544 39.6473769085 595.370491955 176.909997657 251.498252238 0.645872315252 0.532257863995 2.17071933033 245.152898251 370.634967621 66349.250866 71 1602.69406781 39.6302140421 49.8774462333 23.3697859579 84.3059322011 4.36503237986
5568 38.8490868887 586.396583812 176.239409302 251.51791576 0.643432841369 0.599496018851 2.54647715259 244.692678226 370.673292779 66563.8442723 71 1604.28053939 39.6250327218 48.0593929592 23.3749672782 82.71946062 4.32670722181
5592 38.0866353344 571.976352624 175.978800618 251.537033106 0.642908880531 0.669840725964 4.71840070828 242.431816578 370.725616987 66770.1158333 71 1605.80195378 39.6303479871 53.4002217375 23.3696520129 81.1980462288 4.27438301321
5616 37.3545998685 563.895509138 176.398161599 251.555775205 0.645277222674 0.789045823781 5.63067092486 241.379230823 370.756381778 66966.2176128 71 1607.2641044 39.6249294355 52.234482812 23.3750705645 79.7358956153 4.24361822295
5640 36.6504231513 552.360752248 178.581957977 251.574263649 0.650202645587 0.837677806512 2.53665941179 244.401196486 370.790643861 67147.5869623 71 1608.67524328 39.6262684279 55.513026893 23.3737315721 78.3247567338 4.20935613936
5664 35.9720978866 548.612732327 176.870185185 251.592561657 0.655936076734 0.883328798948 3.31611901356 243.552054452 370.822754045 67315.8826094 71 1610.03637401 39.6188709675 58.9408001113 23.3811290325 76.9636260058 4.17724595548
5688 35.3159093618 535.222932054 179.114151468 251.610765596 0.662509310623 0.902373436915 1.04502490339 245.779326752 370.855883606 67479.2422174 68 1611.35753866 39.6226208688 60.6996017935 23.3773791312 75.6424613488 4.14411639435
5712 34.6854905266 528.125477856 178.325076932 251.628755763 0.669309758887 0.93296309265 2.60225655406 244.16671483 370.887641872 67636.4589356 68 1612.6286328 39.6187616456 57.3144994132 23.3812383544 74.3713672127 4.11235812913
5736 34.0745458314 525.033056989 180.655665167 251.646694926 0.676758300864 0.963929931104 2.06662016789 244.645996673 370.907904096 67772.7916224 68 1613.86257701 39.6131287309 56.8474577475 23.3868712691 73.1374230019 4.09209590448
5760.0 33.4816433977 520.344120739 178.933196513 251.664616282 0.684703642155 1.00623560158 2.42539016974 244.219054303 370.931673472 67902.6746675 97 1615.06232946 39.6051409076 55.1332502285 23.3948590924 71.9376705548 4.06832652868
5784 32.9163503179 493.873293729 177.007814674 251.681999982 0.672868097288 0.060328100452 3.62587156265 243.958932256 370.979814767 68059.8123356 96 1616.21359156 39.6324596034 47.841140021 23.3675403966 70.7864084569 4.02018523335
5808 32.3831635248 480.713110502 176.217037672 251.698308666 0.658976982707 0.127542792224 2.55054974037 244.964621818 371.031055521 68204.4828196 95 1617.29966626 39.6445773378 43.9293980309 23.3554226622 69.7003337571 3.96894447973
5832 31.8718877562 468.743780138 175.893173664 251.713892533 0.646844280766 0.165096530312 3.37663320491 244.097533449 371.07161889 68342.6691425 94 1618.34221533 39.6540700915 41.8466937535 23.3459299085 68.6577846886 3.92838111031
5856 31.3801695301 461.662082978 175.755904226 251.728854399 0.636496115881 0.225955282384 2.01654355314 245.392150648 371.099779179 68473.6870466 94 1619.34545695 39.6546779371 37.5830612288 23.3453220629 67.6545430684 3.90022082204
5880 30.9043477255 453.787935458 176.354685002 251.743339475 0.62773618252 0.266763304447 1.59320415738 245.76895688 371.12543584 68595.0013318 94 1620.31799225 39.6573590776 35.9408668659 23.3426409224 66.6820077645 3.87456416099
5904 30.4429168719 447.565538744 175.926725414 251.757415484 0.619937519585 0.284785437907 1.12607525337 246.211786303 371.14931504 68707.0063554 92 1621.26205655 39.6559058016 35.7374333728 23.3440941984 65.7379434609 3.85068496061
5928.0 1029.99602335 440.228623324 175.766145251 251.771087777 0.612988587354 0.340870792261 5.48662588803 241.788426954 371.175281564 68817.1975007 91 1622.17823901 39.658068528 32.6704179335 23.341931472 64.821761005 3.82471843663
5952 954.939326345 3642.61810775 157.31687319 251.840695332 0.634089097564 1.41928136343 12.1565653977 233.949368808 364.429633339 74327.5444998 91 919.746959076 42.1851010339 17.5552960249 20.8148989661 767.253040939 10.5703666611
5976 847.857276432 4505.97327066 160.798119988 251.959540784 0.712513169255 1.6185633354 17.3094857878 228.399896922 362.859788763 79291.0146738 91 949.7069246 41.2177161804 20.5328299072 21.7822838196 737.293075415 12.1402112374
6000 748.595567772 4677.81705367 164.411153432 252.101228796 0.801940820444 1.08780008935 16.8496288451 229.159401447 363.029510584 84019.1492523 91 983.092061172 40.8513781132 19.2993370071 22.1486218868 703.907938843 11.9704894164
6024 664.611626011 4598.1422544 166.907037136 252.248944834 0.863966272973 1.75246591489 11.9788245867 233.15579839 363.70221361 88517.4377977 89 1016.39223491 40.6497163383 14.5073588146 22.3502836617 670.607765107 11.2977863909
6048 594.856078326 4448.66470333 168.596264839 252.403052001 0.964763676021 0.127710373566 13.5042470601 233.000226888 364.446365743 92763.3104929 89 1048.30368528 40.509426617 19.6316805784 22.490573383 638.696314734 10.5536342574
6072 536.773985982 4279.56460204 170.416300742 252.55013474 0.989411215122 1.93293174826 10.378344409 234.149177887 365.152075397 96780.1107812 86 1078.38434941 40.4017095468 22.5972295099 22.5982904532 608.615650608 9.84792460357
6096 488.064487581 4097.59608434 170.929207764 252.694427135 1.01430996728 0.651154302229 12.5895557117 233.050552883 365.808239882 100601.860494 86 1106.49049472 40.3180917322 26.3558324499 22.6819082678 580.509505293 9.19176011901
6120 446.789285449 3932.24395202 173.448874344 252.710698689 0.153084379717 0.825899369423 10.5355104057 235.774807155 366.381152882 104217.412906 86 1132.65816563 40.245773359 25.3355822295 22.754226641 554.341834389 8.61884711837
6144 411.571862082 3766.81773617 172.747098999 252.73669163 0.263534474011 0.968878604165 10.2677671033 235.763128187 366.907614153 107666.576771 85 1156.92042378 40.1874985772 24.4969085355 22.8125014228 530.079576232 8.09238584812
6168 381.220654285 3618.16476939 172.770020669 252.770553289 0.307781042508 0.418372390713 9.5112673896 236.992025887 367.371871587 110937.559125 84 1179.41685253 40.136235001 25.82352388 22.863764999 507.583147481 7.62812841315
6192 354.823788791 3487.22898595 173.026375817 252.805865586 0.361146048514 1.23195325794 10.1916236417 235.409411464 367.779543783 114040.038722 82 1200.29540739 40.0892210033 31.6854084036 22.9107789967 486.70459262 7.2204562181
6216 331.686546569 3353.26995413 173.335916633 252.846393475 0.431223521988 1.15626784797 8.97148100171 236.594634152 368.153018405 117008.537703 82 1219.69715716 40.0504020691 37.5327287878 22.9495979309 467.302842854 6.84698159526
6240 311.261612284 3234.5669463 174.521637822 252.88880633 0.455699910558 0.867545881468 7.86623397395 237.921713903 368.481623921 119842.663112 79 1237.74232756 40.0138199531 30.9072084326 22.9861800469 449.257672458 6.51837607995
6264 293.146302066 3120.24913934 175.489542964 252.931766627 0.489778488949 0.598039319797 8.35519853959 237.625217023 368.791658391 122539.864011 79 1254.52731715 39.9851307472 37.5853687507 23.0148692528 432.47268286 6.20834160964
6288 276.974567722 3010.48917817 176.237033306 252.974529477 0.521252997628 1.08256545564 6.14913169571 239.272520373 369.067747739 125130.861851 78 1270.16495044 39.9580253273 36.4570701059 23.0419746727 416.835049574 5.93225226147
6312 262.464399052 2911.98653701 175.672069541 253.016284818 0.515139209039 0.62406401898 5.85453165851 239.989980294 369.321591181 127608.573861 78 1284.75412168 39.9338098809 36.3592437112 23.0661901191 402.245878334 5.67840881989
6336 249.389907595 2813.43842884 175.059672422 253.056571932 0.537652842552 0.100314689374 5.60234618122 240.703114353 369.5557668 129993.301691 78 1298.37668994 39.912687585 38.144576692 23.087312415 388.623310071 5.44423320061
6360 237.551452414 2725.77467656 176.142964303 253.09495914 0.520538958341 0.558440669004 8.59701741503 237.229043817 369.765274554 132275.436235 76 1311.11877388 39.8924760402 44.9798650316 23.1075239598 375.881226132 5.23472544666
6384 226.769063062 2649.67928632 175.883895803 253.131771934 0.541744462762 1.06057553146 5.58451446778 239.681393602 369.9546155 134477.674243 74 1323.07563366 39.8722461858 41.0629847304 23.1277538142 363.924366354 5.04538450023
6408 216.912982633 2568.06038236 176.888018428 253.167236816 0.523298357725 0.386194974973 5.30028788292 240.622981967 370.13488247 136587.411443 73 1334.31439886 39.8560313042 50.2914785218 23.1439686958 352.685601156 4.86511753078
6432 207.853639929 2511.73056435 178.296266253 253.200688732 0.526718600107 0.807780332048 7.10760998977 238.357202344 370.279534756 138603.546433 73 1344.90606647 39.8339348265 48.6787864245 23.1660651735 342.093933543 4.72046524487
6456 199.477664297 2446.21575293 179.659037063 253.233633733 0.529306866896 0.119417878148 4.5707841456 241.546857375 370.419318807 140538.313226 72 1354.9379221 39.8161783201 52.2095084912 23.1838216799 332.062077919 4.58068119395
6480.0 191.756191043 2378.50100647 178.377396082 253.264439532 0.513869087082 0.395516758193 5.55336683209 240.272807789 370.572493251 142420.571073 101 1364.40085347 39.8057478532 48.9901450925 23.1942521468 322.599146541 4.42750674988
6504 184.709899279 2259.42079974 176.615786653 253.29327565 0.515877710112 0.693695298385 4.69085012736 240.806301213 370.760742558 144328.239468 100 1373.23550137 39.8182308177 29.3397597784 23.1817691823 313.764498642 4.23925744319
6528 178.280642355 2175.85705038 175.94845328 253.321042296 0.530590690549 0.891681810936 6.24925243222 239.007432768 370.923097866 146159.278137 98 1381.44251898 39.8215971653 22.861689417 23.1784028347 305.557481028 4.0769021348
6552 172.348054452 2110.92652339 175.715791029 253.348183805 0.528697702397 0.188128046686 6.07529740803 239.859693036 371.056531307 147929.68375 97 1389.14383975 39.8188496642 20.5292087679 23.1811503358 297.856160262 3.94346869382
6576 166.830439012 2053.5616765 178.256776506 253.373720489 0.520749641049 0.535901151422 5.33917773742 240.23045098 371.168842851 149644.722466 96 1396.42156481 39.8134031948 17.3657969083 23.1865968052 290.578435202 3.83115714972
6600 161.684984114 2000.57619836 176.623503093 253.398284714 0.526077279194 0.730912620614 4.42382147784 240.920903906 371.277061566 151313.797557 94 1403.31294137 39.8078628317 17.8078638791 23.1921371683 283.687058636 3.72293843492
6624 156.871834337 1951.79735514 176.058423753 253.422419257 0.540751565462 0.997379806233 6.92852178946 238.11092758 371.376396079 152939.216724 93 1409.85219204 39.8020870592 16.168480329 23.1979129408 277.147807971 3.62360392217
6648 152.345144281 1914.0817706 176.597978329 253.445816208 0.523903547486 0.188215881059 5.3331613947 240.508902967 371.457748445 154500.607565 92 1416.08305992 39.7918598129 21.1874281382 23.2081401871 270.916940087 3.54225155623
6672 148.08448953 1871.24715997 176.70657517 253.467886374 0.515325694574 0.430023309575 4.27703297866 241.309731642 371.544363834 156030.914569 90 1422.02658921 39.7865782222 22.9886572684 23.2134217778 264.973410797 3.45563616645
6696 144.059358426 1837.94125379 177.025219246 253.489179135 0.516545521597 0.651456445679 4.93563443766 240.407184458 371.615052742 157511.530571 90 1427.70704503 39.7761539334 21.1711058277 23.2238460666 259.292954978 3.38494725881
6720 140.250078509 1798.421341 176.893236025 253.51007587 0.523851707832 0.763029345623 3.51567882063 241.687364254 371.688580948 158951.837747 90 1433.1478094 39.770261405 25.1127967186 23.229738595 253.852190615 3.31141905271
6744 136.646144189 1765.80680217 176.371869544 253.530743914 0.535442658098 0.879509209136 2.78996278826 242.264341428 371.757688965 160349.883615 85 1438.35122275 39.7624590842 30.466802026 23.2375409158 248.648777265 3.24231103627
6768 133.226904352 1733.09443176 176.219270419 253.551365725 0.550351789494 1.00600562007 4.77802309554 240.114253769 371.823460914 161715.785481 83 1443.34044494 39.7557538239 31.7005733913 23.2442461761 243.659555069 3.1765390867
6792 129.970353594 1704.79961306 176.215762659 253.572060788 0.557249565774 0.0912431878698 4.65211751348 241.127328943 371.878040835 163038.031489 82 1448.13812334 39.7461424022 36.8003369115 23.2538575978 238.861876667 3.12195916637
6816 126.872795461 1674.41985284 176.680074678 253.591943336 0.542442684337 0.196462982385 4.32248894598 241.34666205 371.936188143 164329.012694 81 1452.74737852 39.7399578575 39.6979200659 23.2600421425 234.252621496 3.06381185809
6840 123.920965702 1650.23477371 176.457337528 253.610905627 0.5322424717 0.306938008462 4.75698886267 240.792925028 371.989580543 165586.119061 80 1457.1791712 39.7319436902 37.3077158544 23.2680563098 229.820828807 3.01041945808
6864 121.099949614 1627.2619698 176.421317086 253.629184943 0.526863594495 0.432662620916 3.95892756608 241.452361274 372.037005654 166802.440548 80 1461.45113762 39.7227760458 38.7459230341 23.2772239542 225.548862394 2.96299434703
6888 118.408467619 1592.72360184 176.91465667 253.646913799 0.525442914945 0.529415679695 3.00461549166 242.293612113 372.094224019 168001.654592 80 1465.56507193 39.7221602377 37.4418249382 23.2778397623 221.434928082 2.90577598173
6912 115.833767417 1573.33498366 178.278955164 253.664262429 0.527401917722 0.646744335017 2.81818614483 242.343405172 372.132298362 169150.317348 80 1469.52766204 39.7112003715 34.9872360472 23.2887996285 217.472337967 2.86770163932
6936 113.376942707 1536.80117299 177.919000736 253.681292925 0.531964835875 0.690320497104 2.57039810278 242.526023638 372.190476065 170290.148414 80 1473.34395215 39.713631288 33.6524153219 23.286368712 213.656047864 2.80952393559
6960 111.039135894 1506.33242496 177.535392624 253.698000187 0.537329657441 0.72452867627 2.11699455087 242.923146927 372.243452645 171405.041088 79 1477.00117634 39.7134242084 34.6611741291 23.2865757916 209.998823673 2.75654735545
6984 108.798985109 1486.88220632 176.918931494 253.714523703 0.544034870788 0.80920453231 5.39089750733 239.541339385 372.284472821 172484.512184 76 1480.52760674 39.7067371859 35.5373045399 23.2932628141 206.472393267 2.7155271798
7008 106.649736401 1464.12346934 178.099464988 253.730938761 0.553160899717 0.870661515822 1.54554684047 243.299691981 372.326343785 173540.758147 76 1483.93532488 39.7034153408 39.949372907 23.2965846592 203.064675129 2.67365621618
7032 104.581078529 1444.13378975 177.188169868 253.747330753 0.562891837515 0.922856065008 2.58178926636 242.185132077 372.359891406 174570.251067 73 1487.23476861 39.6953638648 42.259567393 23.3046361352 199.765231396 2.64010859483
7056 102.580998736 1438.94806672 177.290329458 253.763792443 0.57403057951 0.981802106293 1.4970803024 243.183294567 372.383510582 175549.168275 73 1490.44305746 39.6818131352 50.0013616627 23.3181868648 196.556942555 2.61648941933
7080 100.645214508 1415.01101749 177.660981729 253.780362588 0.585693995738 1.00040465544 2.39498012862 242.238558631 372.416984532 176519.910006 73 1493.57053948 39.6774920089 51.3566297426 23.3225079911 193.429460534 2.58301546888
7104 98.7894019069 1397.50162685 178.837591465 253.796706423 0.579384629957 0.0662262644231 3.09035527741 242.467327403 372.451758485 177467.401686 73 1496.58715382 39.6729921451 53.0925828713 23.3270078549 190.412846191 2.54824151619
7128 97.0021952901 1373.1469802 180.576575796 253.812389916 0.566451721331 0.145698438419 3.64955973619 241.825900186 372.489516756 178404.424986 73 1499.51016691 39.6729566271 50.1460645857 23.3270433729 187.489833104 2.51048324461
7152 95.2817101659 1353.95085807 180.398130373 253.827453411 0.55619205555 0.207767112909 1.10430944934 244.30427797 372.521101755 179312.180477 73 1502.33835229 39.6691335517 49.0021518337 23.3308664483 184.661647721 2.47889824549
7176 93.62286195 1333.68872357 180.547368573 253.84199042 0.547649854026 0.254627974486 2.46326742056 242.89246433 372.549636561 180200.192932 73 1505.07940796 39.6647678559 46.7839287884 23.3352321441 181.920592054 2.45036343972
7200.0 92.0246387435 1315.46948274 178.689351429 253.856042009 0.540648148373 0.296058517216 1.70264022129 243.604611102 372.584533198 181066.860069 101 1507.73482795 39.6627969698 50.689926558 23.3372030302 179.265172063 2.41546680244
7224 90.5013496578 1270.29673633 177.529201361 253.869505371 0.534978826625 0.333881899228 2.75277981477 242.508854086 372.633217013 181973.566058 101 1510.28435494 39.6797451985 38.0304919371 23.3202548015 176.715645069 2.36678298764
7248 89.0509491836 1240.47137294 177.057389889 253.882413635 0.53044761811 0.360086721294 1.62693536287 243.60011666 372.677120893 182854.479178 100 1512.72056109 39.6877552522 31.4066516152 23.3122447478 174.279438925 2.3228791074
7272 87.6596114806 1217.27501112 177.506034976 253.894899292 0.526874694729 0.397628179234 2.32605080115 242.854547031 372.712742204 183717.765237 100 1515.06692401 39.6921135612 25.3727418167 23.3078864388 171.933076 2.28725779661
7296 86.3192040764 1199.391218 177.024462424 253.907045654 0.524229604809 0.425299609121 2.91832727313 242.225097857 372.742060348 184559.418088 100 1517.33582455 39.6914390122 24.5361252117 23.3085609878 169.664175464 2.2579396521
7320 85.0241074243 1181.8054371 176.852230426 253.918913765 0.52277684267 0.486719958052 2.33261733814 242.738972094 372.769973847 185385.819184 98 1519.53719526 39.6909812572 25.0253082392 23.3090187428 167.462804757 2.23002615372
7344 83.7704645162 1165.1981368 178.512395997 253.930556733 0.522460005376 0.531778217362 3.6798080342 241.335397008 372.7957939 186194.779047 96 1521.67676271 39.6904623044 25.4876200666 23.3095376956 165.323237306 2.20420610028
7368 82.5556997249 1152.14098849 177.418050198 253.942010505 0.523256884437 0.597714761825 3.89121249672 241.04580535 372.819801319 186986.986402 92 1523.75756417 39.6873893249 26.6676028436 23.3126106751 163.242435843 2.18019868126
7392 81.3784092498 1139.68552666 177.027382602 253.95330613 0.525511653189 0.65596025274 2.02393049526 242.841291467 372.843584773 187766.275437 90 1525.78204359 39.6846469493 26.1295766167 23.3153530507 161.217956423 2.15641522794
7416 80.228613443 1131.17196455 176.92913154 253.964555103 0.528669998064 0.700847014679 4.13134777635 240.674580106 372.85872516 188520.953802 89 1527.76524322 39.6772820559 23.9422847845 23.3227179441 159.234756789 2.1412748407
7440 79.1141381461 1115.5122828 177.267646573 253.9756911 0.532928912988 0.750611317995 1.13693138142 243.603837285 372.883455227 189264.918512 88 1529.69673732 39.678151436 26.5072878951 23.321848564 157.303262693 2.11654477343
7464 78.0335530527 1102.99208586 177.024635309 253.98673197 0.537526313862 0.767257101506 2.12081639886 242.587668214 372.90454722 189997.552107 87 1531.57540841 39.6758847747 26.8304117229 23.3241152253 155.424591608 2.0954527807
7488 76.9817841664 1090.23339531 176.954318728 253.997722317 0.542369134634 0.784367802772 2.03562212755 242.639918616 372.924158695 190715.744286 87 1533.41016183 39.6735309383 26.3657970684 23.3264690617 153.589838188 2.07584130583
7512 75.9617502283 1078.62912522 176.929772561 254.008623399 0.547293011731 0.792515901069 0.88293978647 243.7686279 372.945323605 191419.636651 85 1535.19586575 39.672070651 30.2951485025 23.327929349 151.804134267 2.05467639542
7536 74.9662000097 1071.82035256 176.951035494 254.019502257 0.552216457681 0.801628747756 0.674213147414 243.952439388 372.959350522 192098.816546 84 1536.94316526 39.6656114053 38.3581917764 23.3343885947 150.056834757 2.04064947821
7560 73.9943152963 1060.38287309 176.982498835 254.030358992 0.557116638115 0.807536829926 0.418890579298 244.186096958 372.976663147 192777.926696 84 1538.65522055 39.6632392038 36.1648569871 23.3367607962 148.344779467 2.02333685367
7584 73.0498117458 1049.44847434 178.236368582 254.041141171 0.561966389403 0.818429619468 2.07917403289 242.499288785 372.993618709 193443.108202 84 1540.32442529 39.6610953952 33.852186625 23.3389046048 146.675574725 2.00638129173
7608 72.1322219902 1034.76288188 178.783070852 254.051844419 0.567074838031 0.846520931507 2.62839416828 241.906165641 373.013529941 194097.595442 83 1541.95162264 39.6623081315 36.4829152671 23.3376918685 145.04837737 1.98647005965
7632 71.2398831856 1024.95964875 177.661781757 254.062482859 0.572448301183 0.860446488377 1.13412594343 243.370496406 373.031717065 194743.864497 82 1543.53808216 39.66008408 34.8801569635 23.33991592 143.461917858 1.96828293554
7656 70.3651602661 1020.41671606 177.720972897 254.073141761 0.577946247011 0.882618876613 1.58822905377 242.878064059 373.042170124 195361.599966 79 1545.09639054 39.6522841307 38.6161652445 23.3477158693 141.903609474 1.95782987627
7680 69.5110658403 1008.84456655 178.803491788 254.083780012 0.58353572133 0.893499444226 3.01204750699 241.427137313 373.058157548 195973.207453 79 1546.62367337 39.6512075605 44.4770240575 23.3487924395 140.376326641 1.94184245211
7704 68.6805093483 995.841590583 179.637440906 254.094353799 0.589401294077 0.924759782394 1.32359785226 243.067887271 373.075560076 196584.09995 77 1548.11334389 39.651948417 44.297923572 23.348051583 138.886656124 1.92443992476
7728 67.8674663725 991.404622892 178.057368346 254.104935793 0.595411737489 0.937146767542 2.63098547482 241.731520225 373.086326073 197177.827356 77 1549.57389836 39.6443780217 38.782537961 23.3556219783 137.42610165 1.91367392773
7752 67.0727654398 983.518589607 177.492337253 254.115509436 0.601519850324 0.94680920526 0.895434576379 243.44072693 373.102347888 197753.606379 77 1551.00653127 39.643077699 41.8990198613 23.356922301 135.993468746 1.89765211209
7776 66.2976849213 968.751830279 178.588414286 254.126049596 0.607622596477 0.963749221931 1.087905718 243.214672866 373.118245765 198326.812026 76 1552.40775985 39.6446345448 44.4864439288 23.3553654552 134.59224016 1.88175423512
7800 65.5425170353 960.820481155 177.694137219 254.136543327 0.613728750772 0.974709288509 3.23067512392 241.044343508 373.132661564 198892.032248 76 1553.7758419 39.6421624123 42.1934111287 23.3578375877 133.224158118 1.86733843645
7824 64.7977475939 963.705492766 177.801778026 254.147117498 0.619956503967 0.983715102809 2.36626070647 241.882950187 373.135912869 199418.219682 73 1555.12645051 39.6292166742 49.2643007846 23.3707833258 131.873549505 1.86408713125
7848 64.0683579596 954.560991522 178.447270738 254.157697344 0.626173397263 0.990858919397 1.46558334814 242.759686989 373.149142617 199949.384845 72 1556.45435864 39.6271918458 52.8018788662 23.3728081542 130.545641377 1.85085738351
7872 63.3523003896 952.583241287 178.653215954 254.168306009 0.632328006415 0.99494584586 1.54109802414 242.663322113 373.155087687 200465.232534 72 1557.76001764 39.6186525265 50.285007424 23.3813474735 129.239982369 1.8449123134
7896 62.6537059271 937.999069614 178.292756804 254.178873254 0.638336249468 0.998382225977 0.562659302598 243.621748966 373.174699302 200981.541194 72 1559.03917515 39.6239215713 53.0800037435 23.3760784287 127.960824863 1.82530069875
7920.0 61.970706657 932.636388155 177.700100783 254.189382924 0.6360675747 0.0248560018044 2.5160740892 242.633619409 373.185409976 201482.091812 100 1560.29097181 39.6197291415 54.6211199791 23.3802708585 126.709028204 1.81459002399
7944 61.3108025189 903.075772505 177.80608504 254.199520568 0.626629746399 0.0596217978542 1.38160380911 243.732624077 373.207256546 202018.421685 97 1561.50672868 39.6377428309 43.609267903 23.3622571691 125.493271338 1.79274345407
7968 60.6751922095 885.711634157 177.406509242 254.209247737 0.617994935669 0.0818280824084 1.16638933464 243.924539909 373.229874333 202539.990521 97 1562.67898044 39.6470984963 38.8328056349 23.3529015037 124.321019573 1.77012566715
7992 60.0586415405 874.195082422 177.229706662 254.21865383 0.610003641503 0.101091506875 1.87970654279 243.190544478 373.247321972 203054.174142 97 1563.81767974 39.6515257151 33.194992201 23.3484742849 123.182320273 1.752678028
8016 59.4570911382 861.811388036 177.156217153 254.227807699 0.602510287219 0.119439511473 1.54006064439 243.510181857 373.262566831 203561.546052 94 1564.93055091 39.6546204549 28.3381722597 23.3453795451 122.069449101 1.73743316876
8040 58.8698234278 853.257342149 177.123739731 254.236726034 0.595497809752 0.137306971612 1.14902547512 243.881443708 373.275207689 204055.298737 94 1566.01882024 39.6549991182 27.2480467821 23.3450008818 120.981179775 1.72479231096
8064 58.2954283486 845.86458907 177.761333301 254.245435435 0.588900822403 0.150068099619 1.72293700662 243.292658635 373.285323485 204538.409904 94 1567.0850543 39.6540044026 28.1203203489 23.3459955974 119.914945717 1.71467651528
8088 57.7330919859 838.6765845 177.347746184 254.253952767 0.582775988485 0.176107764871 1.22830346999 243.758860008 373.298195197 205015.666588 93 1568.13117428 39.6549781056 28.3130966083 23.3450218944 118.868825735 1.70180480277
8112 57.1818844369 831.423707303 177.205847419 254.262297571 0.577090901137 0.196264487686 1.70791050491 243.256436534 373.307882197 205486.762607 91 1569.15797845 39.6524089194 27.2761741051 23.3475910806 117.842021559 1.6921178027
8136 56.6423236096 823.365265165 177.15258796 254.270466696 0.571847179491 0.213126183232 1.15182050248 243.792739437 373.319535469 205946.745632 90 1570.16534781 39.6529868068 32.093413122 23.3470131932 116.834652203 1.68046453113
8160 56.1107205725 822.877880187 177.166009186 254.278519745 0.566892066084 0.225569859895 0.585219234438 244.343799093 373.324587577 206393.456966 88 1571.15851618 39.6450607808 32.0589975342 23.3549392192 115.841483838 1.67541242317
8184 55.5875521397 818.228350046 178.144504398 254.286452142 0.562203790025 0.238804092867 1.99376042088 242.918779553 373.331832098 206834.141503 87 1572.13815462 39.6414281562 31.0182027887 23.3585718438 114.861845394 1.6681679021
8208 55.0747166813 808.479975735 177.550219539 254.294238306 0.557964344849 0.266756359612 0.335486546408 244.545554441 373.343344596 207272.516879 86 1573.10085975 39.6434874563 31.3585517664 23.3565125437 113.899140267 1.65665540383
8232 54.5737543956 799.144293177 177.319088006 254.301859179 0.554094380352 0.282856562087 1.65212758914 243.209062288 373.355917313 207709.067312 86 1574.04298731 39.6461730465 29.725072786 23.3538269535 112.957012701 1.64408268732
8256 54.0821739838 794.244713746 177.614471606 254.309355643 0.550616474022 0.310200188988 2.91261800305 241.917209689 373.36366474 208130.61317 85 1574.96834071 39.6435573494 30.4422303768 23.3564426506 112.031659302 1.63633526013
8280 53.5979708377 793.919425933 177.37580551 254.316762519 0.547550779294 0.330701639023 1.16553422974 243.639450831 373.369960603 208536.226221 82 1575.8809178 39.6381355387 34.542063993 23.3618644613 111.11908221 1.63003939699
8304 53.1210836665 791.141218992 177.308200119 254.324083924 0.544756682629 0.347305790564 1.40499270099 243.3788609 373.376671359 208939.753547 81 1576.78128601 39.6329811821 34.2597802437 23.3670188179 110.218714008 1.62332864085
8328 52.6517879291 786.11739363 177.297808799 254.331318176 0.542292279009 0.367311327679 0.613474799283 244.145603417 373.384988483 209337.694896 79 1577.6690548 39.6314325777 33.1870757166 23.3685674223 109.330945216 1.61501151744
8352 52.1896578006 780.512963414 177.314360375 254.338474321 0.5400424401 0.373511833335 0.8278182071 243.920153197 373.390846332 209720.181861 78 1578.54431296 39.6273829227 40.2870428077 23.3726170773 108.45568705 1.60915366808
8376 51.7350630364 778.92621613 178.338800268 254.345547122 0.537913245478 0.380406902677 1.01586814464 243.720264584 373.395447708 210096.000799 78 1579.40663804 39.6227043058 41.866331052 23.3772956942 107.59336197 1.60455229206
8400 51.2858060113 775.305735448 178.981990506 254.352571411 0.535969800825 0.400333242579 3.16749949101 241.543626053 373.400264396 210463.70207 77 1580.26012014 39.6191221901 42.4552658803 23.3808778099 106.739879871 1.59973560389
8424 50.843760654 772.586395487 179.066966975 254.359520048 0.534313768149 0.410819725019 1.31336783357 243.381978624 373.405622231 210822.674324 75 1581.10109625 39.6133867277 43.7326745849 23.3866132723 105.898903768 1.59437776896
8448 50.4099295223 760.995505187 178.99873827 254.366378153 0.532810744902 0.42431207981 1.42084582088 243.2556532 373.417892501 211188.016506 74 1581.92882589 39.6188997098 42.6822732451 23.3811002902 105.071174124 1.58210749856
8472 49.9838326087 759.457785097 179.132193632 254.373153835 0.531491202648 0.432358139286 1.50918223088 243.153814591 373.423425175 211533.203546 73 1582.74194083 39.614423106 46.9401547699 23.385576894 104.258059183 1.57657482472
8496 49.5647264819 751.433354323 178.819335226 254.379859443 0.530400023601 0.4572951342 0.538053204925 244.094392193 373.433038577 211877.742768 71 1583.54339224 39.6153764195 54.0821888272 23.3846235805 103.456607772 1.5669614229
8520 49.1537865226 745.415836914 179.602201362 254.386477709 0.52953166929 0.464852046195 1.56640990849 243.052728666 373.440210159 212215.786656 71 1584.33027721 39.6158313347 64.0580420084 23.3841686653 102.669722807 1.55978984091
8544 48.7463265614 747.962541007 179.99679978 254.393084739 0.528797833974 0.477388492081 1.58381568992 243.016913244 373.440937392 212545.360227 70 1585.11037705 39.6053047333 63.9315496813 23.3946952667 101.889622965 1.5590626076
8568 48.343419536 744.683539224 179.974158319 254.399664352 0.528216220348 0.485188453613 1.60130827296 242.9856227 373.44621267 212874.012164 67 1585.88355677 39.6017997033 60.1896451403 23.3982002967 101.116443245 1.55378732987
8592 47.9460620512 744.542667689 180.929867565 254.406200788 0.527761225481 0.498330287456 1.59077573881 242.976931959 373.448946592 213185.599045 66 1586.64674863 39.5940846373 61.0381545963 23.4059153627 100.353251387 1.55105340832
8616 47.5525028107 744.796194057 181.405562825 254.41272385 0.527491094001 0.513848349467 2.57078648645 241.975150219 373.44983799 213483.710457 65 1587.40362037 39.5867954328 62.9535565507 23.4132045672 99.5963796474 1.55016201038
8640.0 47.1642896433 736.561124448 179.439927255 254.419209632 0.527493307788 0.537113182659 1.51803173904 242.998152138 373.459937701 213785.114848 95 1588.15224497 39.5893826834 67.2068670892 23.4106173166 98.8477550449 1.54006229865
8664 46.7893526817 711.096304154 178.986807551 254.425525769 0.52768239588 0.549367674877 0.407756349959 244.08966781 373.476551514 214128.228517 94 1588.8783891 39.6128185136 53.5138348091 23.3871814864 98.1216109167 1.52344848532
8688 46.4272597287 699.372788079 178.654545901 254.431676576 0.527957448244 0.554074710589 1.23463945377 243.251651811 373.491147496 214455.302679 93 1589.57918744 39.6220575841 46.758331778 23.3779424159 97.420812575 1.50885250415
8712 46.0737771917 691.603259977 177.833988656 254.437731133 0.528309287508 0.561524324121 1.00968255662 243.462752698 373.501812083 214776.518557 92 1590.26352506 39.6256285065 41.9119617392 23.3743714935 96.7364749569 1.49818791641
8736 45.725727248 686.89995748 177.539298801 254.443742582 0.528733573192 0.573338163927 2.75380048638 241.700385194 373.508729496 215087.131919 90 1590.93772218 39.6251315311 37.8234939501 23.3748684689 96.0622778313 1.49127050326
8760 45.383637264 679.696231821 177.424877154 254.44970149 0.529301836134 0.582043138527 0.476813483122 243.962140052 373.517744916 215392.29151 87 1591.60144741 39.6280362621 37.4092260513 23.3719637379 95.3985526024 1.48225508348
