Time EBV Teff Treg ODC_le1 ODC_le2 ODC_le3 ODC_le4 ODC_le5 NK IL2 DAC Resting_Teff Resting_Treg EffectorMemory Resting_Treg_temp Resting_Teff_temp NK_temp
0.0 0 0 0 0 0 0 0 500 375 1000 0 1687 63 0 0 0 0
24 0 0 0 0 0 0 0 500 336.279789971 908.048253598 0 1687 63 0 0 0 38.7202100291
48 0 0 0 0 0 0 0 500 335.391027502 823.849847309 0 1687 63 0 0 0 39.6089724976
72 0 0 0 0 0 0 0 500 334.559882085 745.880698262 0 1687 63 0 0 0 40.4401179151
96 0 0 0 0 0 0 0 500 333.760437385 673.915002205 0 1687 63 0 0 0 41.2395626152
120 0 0 0 0 0 0 0 500 332.995774144 607.703333798 0 1687 63 0 0 0 42.0042258555
144 0 0 0 0 0 0 0 500 332.2684442 546.975994766 0 1687 63 0 0 0 42.7315557996
168.0 1000 0 0 0 0 0 0 500 331.580390823 491.447224652 0 1687 63 0 0 0 43.4196091775
192 587.94283022 2674.42256109 91.5619289612 4.47673168998 18.9970923557 71.5351553232 179.581289232 225.4097314 319.455578209 5741.3447637 0 1039.6715255 41.772295668 0 21.227704332 647.328474501 55.5444217919
216 137.848673628 6763.33857144 179.921971756 83.7290824374 49.1263998616 92.1895910222 129.936669201 145.018257478 264.807392271 491.407502161 0 1394.35912052 38.9816053849 605.597264294 24.0183946151 292.640879475 110.19260773
240 33.6493593873 2309.98788003 177.55251311 169.674140905 29.9830082838 64.5200321348 95.3843331386 140.438485538 279.221710066 227.581020689 0 1602.45272057 38.8686745431 548.072256527 24.1313254569 84.5472794293 95.7782899342
264 16.8365456439 559.686346334 171.545133944 190.873345776 10.8652915656 34.6560784853 76.9274726879 186.677811485 303.764797883 241.176937059 0 1647.39404864 39.0844706466 516.249418317 23.9155293534 39.6059513583 71.2352021173
288 13.0638689168 226.383780014 166.090334902 193.13281656 1.30091057794 13.6857311288 37.6181192361 254.262422497 314.917435776 291.684434176 0 1657.21267047 39.5192587199 481.637015829 23.4807412801 29.7873295258 60.0825642242
312 11.373512268 159.289242563 170.176889066 193.272998033 0.213876867017 7.38517200403 22.6865141163 276.44143898 318.116275924 346.841988878 0 1661.20710183 39.7452214488 442.138481329 23.2547785512 25.7928981652 56.8837240766
336 10.1432364608 148.497802736 169.197513365 193.388225509 0.927682995425 1.79913440606 22.9197345147 280.965222574 318.697021938 344.981458482 0 1663.9777277 39.7179554364 423.392994868 23.2820445636 23.0222723032 56.3029780627
360 9.12896399169 121.238930782 168.102920139 193.470520767 0.103233114788 0.792194267736 19.523393804 286.110658046 319.366885468 346.862050797 0 1666.28897503 39.8161938562 406.478766514 23.1838061438 20.7110249713 55.6331145325
384 8.36243393448 116.247414584 164.17174738 193.490959399 0.206784424605 0.933627406988 15.1722474675 290.196381302 320.004808666 347.534218571 0 1668.02829581 39.8336467212 393.697792605 23.1663532788 18.9717041853 54.995191334
408 7.70213737428 95.5605119639 173.66058456 193.519665932 0.263813708951 1.11196581079 15.3444077276 289.760146821 319.986603232 331.318716564 0 1669.53036609 39.929009829 386.617422402 23.070990171 17.469633913 55.0133967686
432 7.19374494906 83.9558433825 165.674317265 193.551831511 0.35558438433 1.20361857989 7.14806245788 297.740903067 320.737457266 350.594582979 0 1670.68906126 40.0118064588 372.544959186 22.9881935412 16.3109387395 54.2625427346
456 6.71783512333 83.9818742504 169.545580372 193.589843324 0.398692424558 1.27196597716 9.19081638907 295.548681885 320.465177226 328.181779819 0 1671.75464017 39.9450441103 361.621987995 23.0549558897 15.2453598348 54.534822775
480 6.31233486496 74.1358644915 161.561616032 193.628245953 0.416578744382 0.310752869542 11.5200141477 294.124408286 320.838241314 330.206877965 0 1672.67802596 40.0237018378 351.481818477 22.9762981622 14.3219740352 54.1617586864
504 5.96056171354 69.3830548954 164.353651801 193.665031982 0.445258977916 0.453899066071 14.3504816649 291.085328309 320.940353979 326.050146669 0 1673.47351004 40.0329986189 339.112524286 22.9670013811 13.5264899576 54.0596460215
528 5.63055303001 67.885535001 164.595864863 193.704142585 0.469412127973 0.542026591928 14.1156379203 291.168780775 320.563928713 297.534012329 0 1674.21586733 40.0036640109 336.560729654 22.9963359891 12.7841326681 54.4360712876
552 5.34443741703 66.2401805455 163.288908805 193.741761888 0.498398577428 1.08727573373 7.74688569712 296.925678103 320.562178281 287.928960568 0 1674.8638493 40.0087432158 324.367469896 22.9912567842 12.1361506981 54.4378217196
576 5.09160689197 58.3234051186 163.47973944 193.779220688 0.520941003399 0.661759974079 9.64231520781 295.395763126 320.675727816 282.057819649 0 1675.43962637 40.0867609628 315.775010923 22.9132390372 11.5603736309 54.3242721847
600 4.87064136324 53.0954650946 160.283549148 193.814431399 0.529347051757 0.256143983008 9.66587411562 295.734203451 320.726924172 271.533567809 0 1675.94340159 40.1736602178 315.987244387 22.8263397822 11.0565984149 54.2730758285
624 4.67052011197 52.3907229071 154.23660551 193.847592084 0.530745259965 0.839022044254 9.63136233515 295.151278276 321.098689096 275.583370126 0 1676.39592584 40.1635588629 308.493008469 22.8364411371 10.6040741562 53.9013109044
648 4.47954781423 53.6644523359 154.41351951 193.881608699 0.548609202171 0.430357018063 10.4300256529 294.709399428 320.924065504 271.642702925 0 1676.82348997 40.0528384597 294.925404894 22.9471615403 10.17651003 54.0759344964
672 4.30315503168 45.7639396 155.973797206 193.914766646 0.555923710665 0.846657448238 6.88869032262 297.793961873 321.058048833 266.859752455 0 1677.2284128 40.2154823393 288.965737615 22.7845176607 9.77158719768 53.9419511675
696 4.15535545354 40.6706671778 157.813859359 193.944383548 0.56787058943 0.233993384491 8.00569893032 297.248053548 321.321491955 269.015211193 0 1677.56797033 40.3877742232 282.26809283 22.6122257768 9.43202966911 53.6785080452
720 4.020534081 41.2014493271 162.047397982 193.972232632 0.560790201918 0.574350732523 6.37619944378 298.51642699 321.137206617 257.96291087 0 1677.87109365 40.315493403 279.58475378 22.684506597 9.12890634834 53.8627933839
744 3.89088636894 39.2494232562 156.500643711 193.999910771 0.566911657274 0.806211977107 5.82908045169 298.797885143 321.224756764 252.822822486 0 1678.16599805 40.3871883418 278.798646298 22.6128116582 8.83400195361 53.7752432366
768 3.76879723157 40.0946723961 155.223332729 194.027376337 0.581747041287 0.0543444531208 5.81121708467 299.525315084 321.213024205 252.861046266 0 1678.44023423 40.2981836515 271.735155531 22.7018163485 8.55976576538 53.7869757953
792 3.65361263743 37.868066911 156.130458277 194.053981035 0.562522143328 0.248138137407 5.62010722977 299.515251455 321.115382076 247.700198124 0 1678.7019118 40.3537807774 264.619428626 22.6462192226 8.29808819783 53.8846179246
816 3.55264584643 34.4389128868 149.563650262 194.077398676 0.552721343107 0.409695194123 6.09289066785 298.867294119 321.631761864 260.36919066 0 1678.93258268 40.4414920211 257.449807353 22.5585079789 8.06741732193 53.3682381369
840 3.45091721535 32.9514848998 147.522905903 194.101409592 0.550400205614 0.591916078384 6.97060882503 297.785665299 321.668073132 258.042973262 0 1679.16253443 40.4603456644 258.700932688 22.5396543356 7.83746557056 53.3319268685
864 3.34866173281 37.9551930575 154.248956999 194.126364824 0.557468611399 0.83601976224 7.16262994827 297.317516854 321.055163067 232.596381199 0 1679.38957937 40.2192232922 260.326535286 22.7807767078 7.61042062863 53.944836933
888 3.25961219782 30.8702109678 150.491772081 194.14918053 0.57222138057 1.00254949482 5.05970543441 299.21634316 321.341088238 234.536487107 0 1679.59736831 40.562983666 258.364577457 22.437016334 7.40263169313 53.658911762
912 3.17586236975 31.1565570886 145.631213523 194.171188557 0.554900296017 0.141168831931 2.68746434559 302.445277969 321.490333279 237.464374234 0 1679.78603503 40.5091198586 255.823154941 22.4908801414 7.21396497353 53.5096667217
936 3.09704869614 31.0197712962 146.739932067 194.191840139 0.54165084896 0.246283798647 1.96201200991 303.058213203 321.549786446 236.161521719 0 1679.96440332 40.4813595056 254.759454232 22.5186404944 7.03559667695 53.4502135549
960 3.01984642422 30.2557542286 148.915339908 194.212169346 0.533019641267 0.369978233217 3.23838482225 301.646447958 321.441098766 236.140625035 0 1680.13844752 40.4507559832 246.280739679 22.5492440168 6.86155247703 53.5589012346
984 2.94640913396 28.8826101867 145.209149634 194.231770011 0.52941606795 0.509597262331 5.18338423828 299.54583242 321.471576599 230.931895835 0 1680.3052283 40.483098847 249.215174907 22.516901153 6.69477169559 53.5284234011
1008 2.87857076593 29.5053918664 144.525748371 194.250286168 0.53129185498 0.647978269626 4.51012521322 300.060318494 321.595997314 231.63574283 0 1680.45940222 40.4866217863 244.378380119 22.5133782137 6.54059778257 53.4040026864
1032 2.81480904241 26.4163731805 149.809801913 194.268215366 0.536296123491 0.726260923151 5.53948453594 298.929743052 321.427780297 228.625467315 0 1680.60516006 40.6389251023 236.218975901 22.3610748977 6.39483994047 53.572219704
1056 2.75294545994 27.6058629426 150.494069452 194.286227604 0.54513136408 0.864479491854 4.3556159969 299.948545543 321.368880184 221.337998373 0 1680.74431537 40.5274892668 232.566579972 22.4725107332 6.25568463252 53.6311198161
1080 2.69405254956 23.1948560935 151.342811678 194.304099371 0.55742561214 0.992360983016 3.90771011695 300.238403917 321.24387732 212.23133002 0 1680.87968744 40.767673603 234.05910978 22.232326397 6.12031255996 53.7561226803
1104 2.63971146708 24.5278129731 146.547733397 194.321353976 0.571975450022 0.0962567254694 4.93072250764 300.079691341 321.2793906 212.182082545 0 1681.00158075 40.6205563857 228.919720029 22.3794436143 5.99841925377 53.7206094003
1128 2.58931910132 23.8398073782 142.859437007 194.337707679 0.559813424167 0.196150129979 4.53955401013 300.366774756 321.626137301 218.403704627 0 1681.116965 40.7168402328 225.172126553 22.2831597672 5.8830349984 53.3738626994
1152 2.54113034213 24.5871495498 144.384974897 194.353348605 0.550543890341 0.245456535285 2.01919900804 302.831451961 321.560464309 215.326234451 0 1681.22597369 40.6927927931 223.703252884 22.3072072069 5.77402631369 53.4395356912
1176 2.49196670876 23.3061637456 141.640156567 194.36936219 0.542766768936 0.318935873373 2.78829943355 301.980635734 321.619438865 216.559006372 0 1681.33701794 40.6825902406 222.424978952 22.3174097594 5.66298206313 53.3805611357
1200 2.44717670389 21.0469327186 146.798679591 194.38405562 0.537709295429 0.381918817253 2.9334800645 301.762836203 321.460942285 209.820010862 0 1681.440042 40.8889484185 222.386056113 22.1110515815 5.55995799592 53.5390577158
1224 2.40378514335 21.887016274 145.76096219 194.398440769 0.534802351319 0.469062408398 3.91154836778 300.686146104 321.321157241 204.107922143 0 1681.53762634 40.7702432598 218.575296169 22.2297567402 5.46237366446 53.6788427597
1248 2.36069770321 21.8724270955 143.465228948 194.412935481 0.533996139503 0.531433431442 2.02236831534 302.499266632 321.443218441 203.636848136 0 1681.63528815 40.7770798486 215.017720381 22.2229201514 5.36471184851 53.55678156
1272 2.32000098018 21.3318286769 145.980208604 194.426872945 0.535072829075 0.617077455861 2.76297710061 301.657999669 321.33395821 197.564899772 0 1681.72799494 40.845088977 214.608344587 22.154911023 5.27200506482 53.6660417906
1296 2.28034872802 22.4019630912 143.069231171 194.440741063 0.537680601032 0.658658652356 2.51810641544 301.844813269 321.355145241 194.164435621 0 1681.81731141 40.7527054574 214.360308436 22.2472945426 5.18268859374 53.644854759
1320 2.24328881978 19.5555969508 140.91639595 194.453998991 0.541415997306 0.717903202367 2.84526950105 301.441412308 321.485354818 197.903774832 0 1681.90202227 40.8721696103 213.282150609 22.1278303897 5.09797772814 53.5146451823
1344 2.20669218172 20.6537690656 143.469602598 194.467416681 0.546448597012 0.770026503426 2.21068938031 302.005418838 321.287328262 192.873936651 0 1681.98438861 40.7675417345 210.401125625 22.2324582655 5.01561139302 53.7126717381
1368 2.16998948428 19.8389984702 145.855487146 194.4812404 0.55277686534 0.840674224669 2.68167871294 301.443629797 321.044740143 182.121174771 0 1682.06747497 40.7697591587 211.610902146 22.2302408413 4.93252503284 53.9552598571
1392 2.13666921352 18.1789746047 144.686164015 194.494151939 0.559918106276 0.887390133018 2.60649144489 301.452048377 321.213181249 182.205694704 0 1682.14447789 41.0520473482 207.973576848 21.9479526518 4.85552211347 53.7868187513
1416 2.10414809773 19.0186281337 146.228506162 194.507124491 0.568035896712 0.953553416839 4.42631486676 299.544971328 321.035721953 173.978058955 0 1682.21753617 40.8972475207 205.572628887 22.1027524793 4.78246383344 53.9642780474
1440.0 2.07449943123 17.8573650433 142.228282932 194.519306756 0.576660153661 0.989850149275 1.78177085242 302.132412088 321.241765319 176.413480997 30 1682.28574356 41.1077923292 203.31454961 21.8922076708 4.71425643858 53.7582346817
1464 2.04626246663 16.1375539369 134.684655689 194.531231603 0.579377706935 0.0126121534822 1.96016635405 302.916612182 321.767804351 194.227994705 30 1682.35003497 41.1737327839 198.287968852 21.8262672161 4.6499650236 53.2321956499
1488 2.01875117169 16.7361659454 132.797876965 194.542883379 0.56867684734 0.0924994283803 4.98793969847 299.808000646 322.047418633 207.670091467 29 1682.41203535 41.0632117359 193.518806738 21.9367882641 4.58796464883 52.9525813681
1512 1.99161943555 17.6018617107 134.098457318 194.554335111 0.560093191689 0.175337612914 1.00179891174 303.708435172 322.136661715 214.312082588 29 1682.47321574 40.9536081346 189.985653092 22.0463918654 4.52678425678 52.8633382853
1536 1.96540991195 15.5472836501 134.562099241 194.565391431 0.552858945619 0.208734706753 1.98185136872 302.691163547 322.277474022 223.557195527 29 1682.53344966 41.1918561201 185.645930721 21.8081438799 4.46655034107 52.7225259787
1560 1.94000649203 15.5680020679 133.588585423 194.576117232 0.546605804569 0.25976942188 3.81586566108 300.80164188 322.438899477 231.375494485 28 1682.59095059 41.1626266007 181.516417812 21.8373733993 4.40904941218 52.5611005233
1584 1.91478950083 15.590642068 134.435735568 194.586791512 0.541291530693 0.288114426888 2.72639355441 301.857408975 322.438072106 234.18296454 28 1682.64801803 41.1309344208 177.583792316 21.8690655792 4.35198196907 52.561927895
1608.0 1001.89159403 14.7278635396 135.038181847 194.596647971 0.537166142192 0.339243920825 3.18047715227 301.346464813 322.56533924 237.911905127 28 1682.70108584 41.2637323559 174.810471046 21.7362676441 4.29891415661 52.4346607604
1632 553.045050675 3123.58351803 146.469582562 196.299411162 4.76440972481 20.9364708456 75.2321590153 202.767549251 311.414777378 4674.43769485 27 1054.12149093 41.2967234246 152.244428466 21.7032765754 632.878509063 63.5852226226
1656 265.37048378 3899.07698689 167.348916391 205.417481927 7.87419516083 26.3365866178 90.5277713289 169.843964965 312.33784846 6220.67199688 27 1262.0145931 39.69403632 256.619869133 23.30596368 424.985406896 62.6621515401
1680 129.913437876 3502.6974532 183.082739961 214.716812984 9.66879871434 30.5428891668 72.3108073712 172.760691763 314.601183725 6178.23203265 27 1432.15166286 39.2173658896 382.360854782 23.7826341104 254.848337132 60.3988162757
1704 69.5578766845 2550.45681472 196.440914816 222.973037877 6.23391305646 25.5666659486 63.8546906902 181.371692427 319.639421369 5618.57288091 27 1536.93603227 39.0624629949 515.531446315 23.9375370051 150.063967731 55.3605786317
1728 42.3872034129 1700.21026885 200.793357139 226.505551357 4.74202503559 17.0964277223 55.6321831939 196.02381269 325.841045871 5045.60588281 26 1592.33279331 39.0261403478 572.363244088 23.9738596522 94.6672066841 49.1589541298
1752 29.1001035545 1140.33445053 193.180200851 229.141984633 4.90450176201 11.5365045091 53.2558760262 201.161133069 330.833645975 4528.25914545 26 1621.29325437 39.0369583493 610.466277184 23.9630416507 65.7067456311 44.1663540251
1776 21.9185455072 785.548980869 192.93004618 230.151751349 0.540094487803 8.56328638165 44.114361895 216.630505886 334.257992959 4134.6803238 25 1637.36109238 39.0691998111 605.351598435 23.9308001889 49.638907621 40.742007041
1800 17.6862104695 556.892761154 196.016839899 230.545394668 1.12878080133 8.20391053795 35.2790469795 224.842867013 336.926286071 3828.58498804 25 1646.97575179 39.134821069 587.406034211 23.865178931 40.0242482029 38.0737139295
1824 14.938183899 431.092145268 191.468580733 230.898962068 0.885625926008 0.932892549632 22.3442542814 244.938265174 338.189548319 3560.24783985 25 1653.19309364 39.1878632587 568.225359727 23.8121367413 33.8069063608 36.8104516817
1848 12.9787938512 345.63004358 186.138368694 231.089887218 0.939129561971 1.37346422914 17.2743629256 249.323156065 338.953244031 3347.81192015 24 1657.62527213 39.2384720478 532.220483487 23.7615279522 29.3747278669 36.046755969
1872 11.5385592214 284.328333481 188.778438144 231.187871939 0.149806637654 0.627222117039 20.1761957736 247.858903532 339.207080016 3151.2915696 24 1660.88125431 39.286932752 512.97254852 23.713067248 26.1187456834 35.7929199843
1896 10.4077947244 234.179459846 191.54849669 231.218204969 0.238256973944 0.941284992942 13.7471287584 253.855124305 339.176775901 2956.2998941 24 1663.44386132 39.3547678264 502.58935791 23.6452321736 23.5561386763 35.8232240998
1920 9.52820190935 204.001107285 186.493429681 231.259027526 0.359808060656 0.652115704579 14.3949163049 253.334132404 339.269157501 2807.03169184 23 1665.43208158 39.3984355785 477.226357881 23.6015644215 21.5679184167 35.7308424998
1944 8.76022858886 185.226579904 189.459761795 231.310745139 0.468841875424 1.123442511 7.7904167474 259.306553726 338.402405821 2610.84211926 23 1667.15301743 39.4106856538 469.316371739 23.5893143462 19.8469825667 36.5975941792
1968 8.11417709591 158.833366117 184.823238105 231.364511238 0.471887738291 0.369101713039 13.9479962321 253.846503078 338.177043666 2450.53814442 23 1668.61514141 39.4664700707 466.595980713 23.5335299293 18.3848585911 36.8229563345
1992 7.58188106193 141.617041558 182.249582673 231.413238799 0.481452212415 0.616348158279 11.5684743893 255.92048644 337.885786333 2322.18121836 23 1669.82073626 39.5181408907 445.865349007 23.4818591093 17.1792637364 37.1142136673
2016 7.1339782422 117.467303065 181.394360916 231.458138824 0.492209234606 0.448004014911 7.22357860691 260.378069319 337.798465376 2215.07916756 23 1670.84286195 39.6303938317 427.982022586 23.3696061683 16.157138049 37.201534624
2040 6.75718978158 110.871079561 183.17720306 231.498733536 0.514007294675 1.10229203347 9.5430233905 257.341943745 337.166199885 2103.80323986 23 1671.69057725 39.6402208169 405.418304946 23.3597791831 15.3094227501 37.8338001159
2064 6.40178312654 105.896226227 186.440873346 231.539985419 0.514480303044 0.89354552094 9.55336541227 257.498623344 336.299159035 1956.83554991 21 1672.48915658 39.6498469179 407.050586488 23.3501530821 14.5108434118 38.7008409654
2088 6.07146638383 108.967962642 180.719787213 231.581279488 0.51775837636 0.627175557905 10.242571035 257.031215542 335.262819352 1809.26526053 21 1673.22577158 39.5913397502 404.230985282 23.4086602498 13.7742284152 39.7371806486
2112 5.77026654878 92.2072117363 181.178402774 231.621653804 0.542124222989 0.17617936059 9.39493729893 258.265105313 334.727796887 1688.64896913 21 1673.91218203 39.6928100076 400.448757861 23.3071899924 13.0878179695 40.2722031136
2136 5.49824714945 91.4987448843 175.086891159 231.660512835 0.537227875939 0.696141834443 5.65242695476 261.453690499 334.072508367 1580.12098515 21 1674.52281542 39.6689567064 386.062478515 23.3310432936 12.477184578 40.9274916337
2160.0 5.24222919684 80.6896161286 168.685316748 231.699710532 0.564134173788 1.170566226 8.65733933119 257.908249736 333.647850759 1487.3291862 51 1675.10494279 39.7567859367 372.869974959 23.2432140633 11.8950572076 41.3521492417
2184 5.05170974966 57.9672019371 155.079389683 231.731221796 0.565917109053 0.592213204646 5.58052026864 261.53012762 334.450753208 1478.36406405 50 1675.55205307 40.0960220968 344.478165955 22.9039779032 11.4479469304 40.5492467926
2208 4.89608419598 54.0926976678 151.535548054 231.757891504 0.572478766302 0.845064966424 6.53943011452 260.285134648 334.530697673 1457.05228691 49 1675.90563241 40.1692113028 321.837437745 22.8307886972 11.0943675884 40.4693023275
2232 4.75502587179 50.5741685548 149.55437654 231.783316757 0.586212524571 0.0327075557979 3.78321341907 263.814549743 334.533801874 1437.33073835 49 1676.22539399 40.2364334504 300.150164782 22.7635665496 10.7746060062 40.466198127
2256 4.62390466608 47.3343926645 148.197838562 231.807479237 0.567686068575 0.258646428406 4.53981875662 262.826369508 334.464623672 1413.7662511 47 1676.52214332 40.2973951527 281.203922329 22.7026048473 10.4778566738 40.5353763288
2280 4.50085422872 45.9395773604 148.719340072 231.830235302 0.558185169975 0.393983499587 3.05681745944 264.160778568 334.222825837 1380.54382121 47 1676.79940354 40.3051149659 267.378275702 22.6948850341 10.2005964566 40.7771741635
2304 4.38443266164 44.2266032727 147.533462934 231.852088234 0.554534962592 0.525499679055 3.25877027781 263.809106846 334.013047615 1349.43559007 46 1677.06225443 40.3312807876 253.254810935 22.6687192124 9.93774556307 40.986952386
2328 4.27393090952 41.9861277982 146.814785376 231.873325186 0.55539288979 0.626215427877 4.23662473295 262.708441763 333.824454151 1318.55850883 46 1677.31212638 40.3808312466 238.822319782 22.6191687534 9.68787361826 41.17554585
2352 4.17220362115 40.534602031 144.772655484 231.893471772 0.56058006662 0.769944152258 2.54127218845 264.23473182 333.690516983 1289.05900772 46 1677.54220257 40.4154023659 227.826331063 22.5845976341 9.45779742367 41.3094830172
2376 4.07574467959 39.1061124215 145.639089207 231.913277802 0.568744321926 0.833253583381 3.71745693122 262.967267361 333.423354985 1256.47000783 46 1677.7598829 40.4359303595 217.066379189 22.5640696405 9.24011709524 41.576645016
2400 3.9841711351 36.7424039992 146.862699262 231.93283108 0.578891302488 0.905391031813 2.60227166519 263.98061492 333.165780403 1223.21002792 45 1677.96749982 40.5144742594 207.367860056 22.4855257406 9.03250017394 41.834219598
2424 3.89622915974 36.7581357688 145.168375684 231.952401644 0.590466120486 0.968672806928 4.33730058101 262.151158846 332.854425552 1186.78109216 43 1678.16518597 40.4812916322 200.523274964 22.5187083678 8.83481402939 42.1455744485
2448 3.81273172183 34.4419689241 145.159974164 231.971788331 0.599481897838 0.0531976821853 5.77352962256 261.602002465 332.65011034 1155.11818204 42 1678.3546197 40.5660761503 191.484032342 22.4339238497 8.64538029505 42.3498896604
2472 3.73448600941 34.145311465 148.102026266 231.990192315 0.584674599445 0.183457673266 4.82016841291 262.421506998 332.179622192 1115.54397305 42 1678.53128792 40.576389813 184.224197826 22.423610187 8.46871207532 42.8203778091
2496 3.65800657097 33.1973651412 146.395091028 232.008164702 0.573945060335 0.273297435205 2.9189361553 264.225656646 331.885876342 1079.61630381 42 1678.70361061 40.5733095732 176.631310107 22.4266904268 8.29638938702 43.1141236589
2520 3.58580044196 31.077212749 142.95450783 232.025208068 0.566332273265 0.351522419386 2.73117345889 264.325763779 331.761330726 1049.91957621 42 1678.86757834 40.6683724522 171.5849144 22.3316275478 8.13242165795 43.2386692744
2544 3.51540942299 31.4371962696 142.034642151 232.041965513 0.561105911402 0.433489468269 3.48483165469 263.478607452 331.504271495 1018.50247218 42 1679.02635517 40.6699927585 166.022886626 22.3300072415 7.97364482328 43.4957285058
2568 3.44628635035 30.3648770508 143.135937944 232.058639485 0.558880146846 0.533923684898 4.2056707612 262.642885921 331.167032822 986.517916914 41 1679.18189495 40.6415712197 159.964056719 22.3584287803 7.81810504721 43.8329671787
2592 3.38022197262 30.445338095 142.665796814 232.074866479 0.559201175938 0.596314141175 2.79413363667 263.975484566 330.825376667 951.408800362 41 1679.33146795 40.6775753862 156.308798802 22.3224246138 7.66853205183 44.1746233341
2616 3.31542671433 30.685692155 143.371662412 232.091126588 0.561269712278 0.673890687507 5.34605257254 261.327660438 330.453190942 916.191744524 41 1679.47688446 40.594498802 152.957891274 22.405501198 7.52311553273 44.5468090583
2640 3.25362562928 27.5517494647 145.36495995 232.107024746 0.565636413582 0.757095068213 3.66434238833 262.905901383 330.101844099 882.106563836 40 1679.61770153 40.7431718394 150.865082095 22.2568281606 7.38229846548 44.8981559015
2664 3.19496243123 27.3699015255 143.88249264 232.122540211 0.571562755826 0.812926876323 3.78394474359 262.709025412 329.786494682 852.074208374 39 1679.75005004 40.7288658676 146.058047502 22.2711341324 7.24994995474 45.2135053185
2688 3.13836694151 26.225201794 144.27431518 232.137954578 0.578513492728 0.849018843407 1.81060400164 264.623909083 329.430676013 818.197964401 39 1679.87831611 40.7868862501 144.513079423 22.2131137499 7.12168388958 45.5693239881
2712 3.08341608796 26.2441076562 141.617669648 232.153384801 0.586502298983 0.923946839501 3.67232317664 262.663842883 329.195057685 789.335363068 39 1680.00216564 40.7574871129 143.175514643 22.2425128871 6.99783435876 45.804942316
2736 3.02844781916 26.844816166 141.155531753 232.169339821 0.596399138442 0.989521628648 3.67444000112 262.57029941 328.853085186 759.7284477 38 1680.12551942 40.6762189444 141.898409536 22.3237810556 6.87448058016 46.1469148146
2760 2.97511476437 25.295885614 140.931960686 232.185358782 0.601096926247 0.0515080823344 2.61014852808 264.55188768 328.579173386 732.283646804 38 1680.2469078 40.7775395353 140.77285179 22.2224604647 6.75309220122 46.4208266146
2784 2.92526595241 23.8264161633 144.20114561 232.200425137 0.588053271474 0.103078053232 1.27366465588 265.834778881 328.310409917 703.773915062 37 1680.36024738 40.8740812103 139.791632626 22.1259187897 6.6397526199 46.6895900835
2808 2.87740652624 23.836889827 140.606915809 232.214833215 0.576846935093 0.170037390914 4.74199635173 262.296286106 328.086746003 684.24021224 36 1680.4683862 40.8613892379 135.971802555 22.1386107621 6.53161379641 46.9132539975
2832 2.82988736858 22.7596765213 140.306586713 232.229130019 0.568411459429 0.286903921506 4.16512941965 262.75042518 327.852732545 661.544106799 36 1680.57607309 40.9189965756 134.321557908 22.0810034244 6.42392690556 47.1472674559
2856 2.78508715608 22.01195901 142.532915916 232.242664342 0.56279006194 0.370744450947 3.36954227573 263.454258868 327.563952564 638.615153984 36 1680.67766419 40.9663281636 130.863041178 22.0336718364 6.32233581221 47.4360474368
2880.0 2.74141749521 22.9813663158 141.480585799 232.255957411 0.558918891061 0.419071133102 1.57864707573 265.187405488 327.261901826 617.450384847 66 1680.77562327 40.8427753818 127.604338262 22.1572246182 6.22437673071 47.7380981752
2904 2.69927542005 21.2986260135 137.794939272 232.268910259 0.556111485363 0.473958436521 5.6470669494 261.053952868 327.252525245 605.341219046 66 1680.87192338 40.9910586885 124.530354692 22.0089413115 6.12807662146 47.7474747563
2928 2.65913549975 20.8527024404 136.440658109 232.281391423 0.55477342 0.517979279728 3.52981703249 263.116038844 327.173441931 593.280661945 63 1680.96284167 41.0155830082 121.625064822 21.9844169918 6.03715833229 47.8265580705
2952 2.61953500657 20.7553390269 136.07953079 232.293871011 0.554370183863 0.5610550692 2.42018943026 264.170514305 327.027811207 580.424973291 63 1681.05226146 40.9959829363 118.875403033 22.0040170637 5.9477385449 47.9721887945
2976 2.58147939111 20.1166513667 136.29347988 232.306043403 0.554723999999 0.57962196173 2.20966109349 264.349949541 326.884435297 567.82662524 63 1681.13863313 41.0455732181 116.269885857 21.9544267819 5.86136687131 48.1155647038
3000 2.54470134721 19.7498805703 135.591566873 232.317993053 0.555848378928 0.635501144582 2.80845239703 263.682205025 326.777952395 556.481835858 63 1681.22192876 41.0642477138 113.797333758 21.9357522862 5.77807123742 48.2220476066
3024 2.5084383732 19.7339418239 135.764112851 232.329980962 0.557895901759 0.671088362511 3.44607294948 262.994961823 326.604395933 543.463855619 62 1681.30378554 41.0352680489 111.44815133 21.9647319511 5.69621446428 48.3956040681
3048.0 1002.47344586 19.0714424389 135.805890272 232.34176568 0.560740261904 0.709655217696 1.95354005364 264.434298785 326.476539412 531.748849357 62 1681.38327066 41.0949887415 109.213897477 21.9050112585 5.61672934134 48.5234605893
3072 603.216437294 2600.57094829 135.045836506 233.31937391 1.55465580236 17.1453768417 50.8605056331 197.120087812 320.062861485 5800.25400706 61 1032.97580222 41.9229356371 36.5942900794 21.0770643629 654.024197777 54.9371385168
3096 361.757425911 2806.67500312 151.991747593 235.749764477 3.90432159519 16.2883268698 57.5053086932 186.552278363 329.970080418 9414.37041649 61 1183.41075856 40.4986898166 45.8097499733 22.5013101834 503.589241441 45.0299195831
3120 242.703792405 2502.79122945 162.275294929 237.297065903 1.63735279543 10.9338803184 49.502789329 200.628911653 338.385181987 12067.6235046 60 1296.6671889 40.0450813316 55.9942232967 22.9549186684 390.332811103 36.6148180146
3144 178.548173355 2123.13200199 167.421865491 238.281556862 1.85239289882 5.98052670355 38.5672757627 215.318247771 344.773955146 14069.7194591 60 1374.63287348 39.8614220074 65.5478650141 23.1385779926 312.367126523 30.2260448552
3168 140.557789503 1780.70230922 170.718469482 238.747226474 0.623699550712 6.45278617643 32.2666087328 221.909679064 349.531290402 15660.7057019 60 1428.04807497 39.7859930892 73.2953357566 23.2140069108 258.951925035 25.4687095996
3192 116.037759033 1530.49418779 174.0883908 239.028363276 0.794083454142 1.8658170313 30.8879682034 227.423768034 352.864919543 16934.304256 59 1465.76156796 39.7437248378 75.24900831 23.2562751622 221.238432044 22.1350804581
3216 99.020082243 1334.11442325 174.159380665 239.230261616 0.885328336596 1.944605847 27.7078713761 230.231932822 355.357292674 17994.7118637 59 1493.58246349 39.7239570033 76.7055768581 23.2760429967 193.417536512 19.6427073268
3240 86.4898037991 1212.90055621 173.369308835 239.38011505 0.207514186951 2.53866688568 23.8574925581 234.016211317 357.01589793 18851.5330454 59 1514.91467395 39.6860114388 81.6323999644 23.3139885612 172.085326054 17.9841020714
3264 76.8078552234 1081.40337455 173.473549881 239.444746135 0.433206754158 0.742822151349 19.9196454967 239.459579461 358.480959798 19614.3314481 58 1532.00056369 39.681381532 76.9882828981 23.318618468 154.999436315 16.5190402032
3288 69.2098448231 982.26445631 174.526673833 239.521395148 0.569776752842 2.06417705845 13.2656822175 244.578968821 359.602676427 20254.837787 57 1545.75089382 39.6736136796 85.7577682817 23.3263863204 141.24910618 15.3973235739
3312 63.0302565128 915.291074233 173.617551543 239.602594444 0.583043292975 0.166760443816 15.2335149203 244.414086897 360.444242952 20802.9907588 57 1557.15022337 39.6551298362 91.0805227654 23.3448701638 129.849776635 14.5557570497
3336 57.8892194016 849.047866927 177.075765274 239.677414145 0.617171411593 1.50871300034 11.3766301817 246.82007126 361.179741341 21290.9451715 57 1566.8119078 39.649324668 84.0099277003 23.350675332 120.188092201 13.8202586601
3360 53.5490756111 778.961170064 174.694739614 239.750077763 0.629259317974 1.17189609733 13.1506212492 245.298145571 361.854142446 21726.5094749 56 1575.0913793 39.6525588852 85.8604731565 23.3474411148 111.908620705 13.1458575555
3384 49.8979820156 720.960370374 175.812722502 239.817058218 0.63747222168 0.50002642591 11.7658090799 247.279634053 362.448633261 22121.4625802 56 1582.14830845 39.6608212433 86.9767788546 23.3391787567 104.85169155 12.5513667408
3408 46.7526938867 679.0026442 177.410884438 239.879376057 0.629780735472 0.462531631583 11.0218430638 248.00646851 362.87612887 22462.6943525 56 1588.27881811 39.6553195512 89.3340711906 23.3446804488 98.7211818864 12.1238711317
3432 43.965651069 655.51581846 175.83203547 239.93726516 0.619147430587 0.505675704079 12.7150461564 246.222865547 363.199476261 22748.7906125 56 1593.75024036 39.6360675221 90.0828904446 23.3639324779 93.2497596432 11.8005237402
3456 41.469734443 626.786734025 176.4255305 239.992381015 0.650945664784 1.40588207046 9.39539976007 248.555391488 363.495198506 22994.0388611 56 1598.69555011 39.6252569907 93.136074931 23.3747430093 88.3044498931 11.5048014949
3480 39.2241493419 600.76051807 176.437293965 240.047780583 0.670770490904 0.989614907939 7.65700471478 250.634829302 363.754784534 23204.5228447 55 1603.17633177 39.6124880552 97.026544739 23.3875119448 83.82366823 11.2452154675
3504 37.2115091872 570.850521752 175.329858391 240.099521044 0.645351440343 0.62124681069 8.80028322125 249.833597482 364.034024073 23396.464195 54 1607.2267128 39.612106863 99.6435345206 23.387893137 79.7732871984 10.9659759286
3528 35.3762041125 553.460159159 178.970246712 240.148858739 0.655086233127 0.0843385345648 8.36384275711 250.747873734 364.179695336 23539.6755036 54 1610.93222666 39.591367097 102.127153 23.408632903 76.0677733377 10.8203046652
3552 33.723377785 528.35360486 178.898959222 240.194937674 0.635216735146 0.599007809344 6.85822772343 251.712610057 364.417607547 23670.0567708 52 1614.2994992 39.5942560672 112.86432895 23.4057439328 72.700500802 10.5823924543
3576 32.1860365269 520.836458862 178.48186765 240.239678067 0.649228534486 1.11097041807 8.79497960836 249.205143371 364.510659968 23765.3427149 50 1617.43278164 39.5680589961 108.450247586 23.4319410039 69.5672183587 10.4893400331
3600.0 30.7535503082 512.968324059 181.680173398 240.283274883 0.630984493214 0.56747705963 5.50010455538 253.018159007 364.565898829 23810.4441282 79 1620.3679094 39.5444697352 118.548554114 23.4555302648 66.6320906012 10.4341011722
3624 29.4934640194 445.625989773 176.252018041 240.322962879 0.63752306159 0.909864737075 4.93427511409 253.195374207 364.990412264 23961.6048278 79 1623.00135014 39.6281071061 97.4536408871 23.3718928939 63.9986498606 10.0095877368
3648 28.4061991477 411.845492376 173.698974737 240.359321105 0.644309358615 0.189174046478 4.83954397137 253.967651516 365.294722863 24089.1970508 77 1625.26784116 39.6702241593 81.8113924515 23.3297758407 61.7321588378 9.70527713772
3672 27.4287124787 388.089662573 173.459937492 240.392676401 0.628095921143 0.448086434381 4.87382817257 253.657313069 365.494346949 24196.4371627 76 1627.30549911 39.6947619707 73.7397695151 23.3052380293 59.694500889 9.50565305239
3696 26.5349712703 369.908877457 172.993656542 240.423767814 0.625369439668 0.684233607239 4.18452528495 254.082103853 365.656479156 24290.2412367 74 1629.1721756 39.7129454975 67.8648862286 23.2870545025 57.8278244029 9.34352084546
3720 25.7065838092 357.146595899 174.530439049 240.453670603 0.633318290344 0.88682777666 3.98440258734 254.041780741 365.765638464 24368.807026 74 1630.90381335 39.7184424328 60.1491453888 23.2815575672 56.096186647 9.23436153735
3744 24.9304069607 348.490672807 173.560194686 240.48309381 0.642277813503 0.0221263360551 4.50467375221 254.347828286 365.852003743 24427.6996464 74 1632.52882634 39.7162896404 57.9812965299 23.2837103596 54.4711736603 9.14799625863
3768 24.199800361 336.901781576 172.507450586 240.511229775 0.621363811506 0.319859081869 7.43731970111 251.110227629 365.939212065 24482.214957 74 1634.06237603 39.7168754032 52.7736125005 23.2831245968 52.9376239686 9.06078793658
3792 23.5130166232 327.083731516 172.117245196 240.537872225 0.614334880352 0.575545895058 5.04599447708 253.226252521 366.026337233 24521.4370712 73 1635.50809561 39.7211184656 52.0773699883 23.2788815344 51.4919043941 8.97366276812
3816 22.8599948512 321.605717811 172.827497016 240.563838401 0.615671221961 0.700575130358 3.64942619999 254.470489045 366.065917765 24539.51887 71 1636.8827206 39.7095051028 55.3887642548 23.2904948972 50.1172794047 8.93408223614
3840 22.2393944803 311.996512315 172.879095236 240.589362662 0.621646002649 0.825977821643 2.98883982653 254.974173685 366.130054238 24554.835835 70 1638.19436286 39.7133758543 54.8161647365 23.2866241457 48.8056371404 8.86994576277
3864 21.6558311844 305.140116939 172.734927334 240.614347925 0.631964210256 0.958846337352 5.93849313376 251.856348391 366.192623432 24561.0044016 70 1639.43021086 39.7158654542 55.2021494517 23.2841345458 47.5697891421 8.80737656871
3888 21.0964849745 296.018579874 174.138385494 240.639347655 0.633854853017 0.10279859305 4.72595831915 253.898040578 366.226981308 24559.1401916 70 1640.61612794 39.7161653244 51.9905085732 23.2838346756 46.383872058 8.77301869364
3912 20.5675444483 289.827133581 173.538109522 240.663148386 0.617047751622 0.261488333024 4.241916776 254.216398751 366.274133865 24547.3170451 70 1641.73960503 39.713878212 51.4503772985 23.286121788 45.2603949735 8.72586613667
3936 20.065386516 281.542608279 173.495716889 240.685816008 0.606235971409 0.352068873349 2.61755196169 255.738327184 366.329169771 24525.9282906 69 1642.8094362 39.7231419723 55.6205826583 23.2768580277 44.1905638024 8.67083023038
3960 19.589220594 273.201010433 173.736968909 240.707515897 0.599297507117 0.481456511043 3.63425421046 254.577475873 366.377604742 24503.3617856 65 1643.82461212 39.7265485701 56.4703256451 23.2734514299 43.175387882 8.62239525933
3984 19.12901537 270.806062472 176.715326444 240.728840875 0.597603797499 0.621003267672 2.52085607709 255.531695981 366.356476189 24459.5838575 64 1644.80455722 39.7099574809 56.4937534981 23.2900425191 42.1954427841 8.64352381232
4008 18.6872771494 269.218971426 176.046750392 240.749822614 0.600635837782 0.757970845991 5.23971127729 252.651859423 366.393360956 24406.3982321 60 1645.74865498 39.7076141339 62.0734388408 23.2923858661 41.2513450194 8.60663904531
4032 18.2542164361 266.058948887 175.151585135 240.77107288 0.608426959258 0.886822474568 4.99115711863 252.742520566 366.378043689 24347.1127027 60 1646.67296627 39.6869333608 63.2138820717 23.3130666392 40.3270337357 8.62195631241
4056 17.8362329325 264.579212269 174.805522489 240.792398751 0.619534200799 0.978460724621 3.69611242264 253.913493899 366.363726225 24269.1170306 60 1647.56716986 39.6693828859 73.6925372822 23.3306171141 39.4328301386 8.63627377602
4080 17.4273234099 262.636278251 175.102017995 240.813912711 0.61028317905 0.0798121979326 4.45230364438 254.043688265 366.341608904 24184.5337188 60 1648.44290863 39.6547523134 78.6368858324 23.3452476866 38.5570913734 8.65839109674
4104 17.0369723572 252.393790496 173.591705358 240.834382684 0.595572642716 0.245115137312 3.89079437829 254.434135156 366.393470326 24112.2716942 59 1649.28379909 39.669779773 79.1773284326 23.330220227 37.7162009113 8.60652967541
4128 16.6660368443 246.656297402 174.993014513 240.853875829 0.585675160836 0.335516632825 2.21886959207 256.006062783 366.410005222 24030.074152 58 1650.08313844 39.6765131397 79.8431857735 23.3234868603 36.9168615638 8.58999477944
4152 16.3039710487 252.528694939 174.69759466 240.873049825 0.578723314833 0.413943769 3.54377524958 254.59050784 366.358355044 23933.0884895 58 1650.85945839 39.6396383144 75.8591649888 23.3603616856 36.1405416162 8.64164495677
4176 15.9516693333 239.911968816 175.866655479 240.891943047 0.574873017635 0.496577182812 1.80520372805 256.231403023 366.374606991 23833.6069912 58 1651.62118014 39.6588305283 81.0752393228 23.3411694717 35.3788198627 8.62539301029
4200 15.6173775986 231.362415384 175.233923308 240.910178475 0.573665682001 0.584859429612 1.79059858714 256.140697825 366.410991896 23734.2723813 57 1652.34502533 39.6770347475 83.9202487956 23.3229652525 34.6549746669 8.58900810524
4224 15.2928533756 234.667496267 175.124289357 240.928262858 0.574898583616 0.638215131574 2.76836107243 255.090262353 366.366983586 23620.4221759 55 1653.04404613 39.6473022078 83.3813554366 23.3526977922 33.9559538723 8.63301641507
4248 14.9757839312 231.03054427 173.934732712 240.946372267 0.577882224755 0.702586119807 2.69971457398 255.073444812 366.359094485 23502.9570065 55 1653.72978894 39.6404802156 87.6955151661 23.3595197844 33.2702110605 8.64090551626
4272 14.6697224785 225.111352819 174.124471869 240.964337775 0.582394372114 0.748238260729 1.54646066248 256.158568928 366.366480801 23384.206044 54 1654.39363766 39.6481908108 90.6484759485 23.3518091892 32.606362342 8.6335192002
4296 14.3706047644 222.818408136 175.075886389 240.982419628 0.588150651811 0.802568608831 2.35247324085 255.274387869 366.324484505 23255.5929121 53 1655.04112932 39.636012347 92.0275332065 23.363987653 31.958870681 8.67551549575
4320.0 14.0816727061 220.42457155 174.749294509 241.000442914 0.595266729036 0.848882701111 1.05734976182 256.498057893 366.31777205 23117.1197179 81 1655.66859312 39.6355603385 100.899613769 23.3644396615 31.3314068823 8.68222795154
4344 13.8102771061 203.25268452 173.503733262 241.017928917 0.602754755759 0.862670416296 2.49773983371 255.018906077 366.334551182 23016.3534182 80 1656.26254324 39.6875893481 91.183881807 23.3124106519 30.7374567642 8.66544881907
4368 13.5594550247 193.421586799 172.687705217 241.03460278 0.610271485382 0.891951901706 2.47000272991 254.993171101 366.384259485 22910.0755694 78 1656.81067046 39.7223199664 85.9011034824 23.2776800336 30.1893295422 8.61574051663
4392 13.3202067495 190.567722848 173.122962394 241.051000439 0.618020328982 0.92857158181 3.22282405574 254.179583593 366.375960532 22795.0576597 77 1657.3316593 39.72394213 80.6450573499 23.27605787 29.6683407056 8.62403946968
4416 13.0909559151 182.8152172 171.98133618 241.0672041 0.626555000983 0.96203203408 1.80853151312 255.535677351 366.398666879 22685.5964111 75 1657.83240346 39.7482770561 75.3158052396 23.2517229439 29.1675965469 8.60133312302
4440 12.8697745914 179.997341434 172.037459287 241.083328661 0.635212218994 0.98640813611 2.28746337724 255.007587606 366.381603683 22566.1563691 75 1658.31444383 39.7478973989 71.6139089249 23.2521026011 28.6855561681 8.61839631831
4464 12.6561489811 175.99630343 172.383669756 241.099313028 0.632206025437 0.0799890971278 4.54592877735 253.642563071 366.372746977 22444.9084215 75 1658.78087144 39.7561404347 68.5147095817 23.2438595653 28.2191285611 8.62725302484
4488.0 1012.44679324 176.748091742 172.044832096 241.114968954 0.619610190396 0.154321526696 2.84999043395 255.261108894 366.328885738 22313.1245697 74 1659.23670591 39.7368573343 65.9171750868 23.2631426657 27.7632940894 8.6711142635
4512 854.052908667 3334.10464139 153.256665515 241.276865875 0.776520603599 2.43651335223 28.2144484815 227.295651686 352.070445991 27771.3522148 74 945.647481454 42.1495166721 28.8224571394 20.8504833279 741.352518546 22.929554011
4536 667.952780397 4016.59005536 159.662850677 241.61730344 0.915374638726 2.41895982954 36.7888801312 218.25948196 351.211686978 32373.3220074 73 1011.86545304 40.963891634 30.1882011583 22.036108366 675.134546963 23.7883130237
4560 527.897912002 4003.7059395 164.474154551 242.01138925 0.803828702722 2.70753086975 37.1018940083 217.375357168 353.228000203 36455.8013311 73 1079.96549402 40.5025632487 35.4886455554 22.4974367513 607.034505981 21.771999798
4584 428.519759225 3780.79312225 168.988693887 242.341055479 0.960994106415 6.16439885805 33.0587991215 217.474752434 355.585213091 40061.414636 72 1141.79936102 40.2529919191 45.2785945096 22.7470080809 545.200638981 19.4147869107
4608 357.196823201 3496.9766914 170.995190223 242.500005004 0.783033688673 2.72450569715 27.1771749943 226.815280614 357.739151342 43261.8918332 72 1195.44215624 40.1002301224 44.961415919 22.8997698776 491.557843756 17.2608486596
4632 304.941718681 3196.55864373 171.695590057 242.641180835 0.327219037551 3.65431420692 26.1916900155 227.185595904 359.643948732 46147.933666 71 1240.9466847 40.0071697292 38.4257226953 22.9928302708 446.053315298 15.3560512699
4656 265.618081574 2930.43179818 173.557872871 242.763846606 0.885230688248 2.47274304027 16.676757651 237.201422013 361.205925725 48720.2722814 71 1279.29964213 39.9423061533 50.872557433 23.0576938467 407.700357874 13.794074277
4680 235.069630722 2710.2052324 174.071678995 242.951832642 1.20303623917 1.61404050614 17.8156108437 236.415479768 362.447926333 51050.2837754 71 1311.87643552 39.8884056821 53.5977809664 23.1115943179 375.123564477 12.5520736684
4704 210.797770146 2501.64445824 174.697891651 243.033251119 0.509512820393 1.99557947713 13.8207790129 240.64087757 363.530021669 53188.1051637 70 1339.73192548 39.8542818393 53.1181976955 23.1457181607 347.268074516 11.4699783329
4728 191.09191177 2348.19268628 174.834991771 243.118342449 0.596773578698 0.841008418635 13.3516464583 242.092229095 364.369435117 55119.2518067 70 1363.7156942 39.8167814599 57.4283538561 23.1832185401 323.284305798 10.630564885
4752 174.783180102 2195.29539999 175.493915372 243.199203096 0.625511476198 0.597016658037 15.7986490311 239.779619738 365.125811065 56910.9016267 70 1384.60143456 39.7940357264 58.4608019714 23.2059642736 302.398565435 9.87418893608
4776 161.070672877 2064.09457676 177.188579059 243.277766561 0.648195370747 0.753554301887 7.57063759292 247.749846172 365.734156936 58560.8441116 69 1402.91172251 39.7697600591 53.5898174354 23.2302399409 284.088277486 9.26584306514
4800 149.385347767 1952.51081032 176.368495986 243.352059449 0.659987474441 0.83422121971 10.0748017065 245.078930149 366.274708362 60079.0949152 66 1419.0973543 39.7501505049 58.2281986221 23.2498494951 267.902645702 8.72529163926
4824 139.286599239 1863.7025094 176.017240643 243.421189204 0.660817212847 1.03393120355 10.3391276304 244.544934748 366.710863648 61475.2205179 64 1433.52566812 39.7265207991 70.5218599306 23.2734792009 253.474331882 8.28913635398
4848 130.413137939 1796.73592729 177.269728592 243.485674362 0.65558159678 0.946850484621 7.6023722077 247.309521348 367.056991935 62751.4110297 64 1446.55371553 39.6983736781 81.3909038045 23.3016263219 240.44628447 7.9430080663
4872 122.597262235 1714.66169786 177.768376791 243.546775028 0.657456372946 0.842864835142 9.3374536168 245.615450146 367.422412055 63980.8456987 64 1458.33607039 39.6849578608 71.8359555152 23.3150421392 228.663929613 7.57758794656
4896 115.661778342 1635.25064324 177.685969248 243.604316657 0.652488940778 0.689070082555 10.8289405985 244.22518372 367.734516387 65101.6907913 64 1469.02222256 39.6714047075 80.1262536184 23.3285952925 217.977777441 7.26548361414
4920 109.500471569 1567.64939993 176.334263967 243.658670649 0.678287254832 1.23003677072 8.50318517299 245.929820151 368.040142486 66168.1606695 64 1478.71125156 39.6617698126 77.335918275 23.3382301874 208.288748444 6.95985751558
4944 103.971598552 1494.32382974 177.341966235 243.711244321 0.678970371802 0.921768765574 4.82736356195 249.860652979 368.310978755 67173.9007033 61 1487.56357153 39.6561906028 76.3498991586 23.3438093972 199.436428466 6.68902124663
4968 98.9882009913 1447.4866124 177.157426693 243.761601689 0.67518101392 0.337598725742 4.68605292541 250.539565645 368.523626893 68099.1099103 61 1495.66287875 39.640947054 77.6650684141 23.359052946 191.337121251 6.47637310823
4992 94.4343096286 1403.58479886 180.345411415 243.80868605 0.661320927227 0.621379478773 6.07186213876 248.836751405 368.706253215 68943.2930959 57 1503.17366585 39.6262098708 92.4656316978 23.3737901292 183.826334151 6.29374678669
5016 90.2440462509 1371.38876498 180.619991733 243.853886166 0.670245773208 0.956069402363 4.63496101071 249.884837647 368.85868974 69736.0843394 57 1510.17497638 39.6068224619 99.0571052004 23.3931775381 176.825023614 6.14131026142
5040.0 86.3613807991 1341.61681379 177.844921951 243.897715972 0.652096082888 0.377226513118 7.56717345379 247.505787978 368.986607515 70472.510267 87 1516.7417415 39.5847708833 102.766021745 23.4152291167 170.258258499 6.01339248676
5064 82.9048893213 1220.21954926 176.706047654 243.937398005 0.646564502825 0.709178634533 6.45126032514 248.255598532 369.319817835 71323.4828964 85 1522.71135372 39.6326441583 67.0108463749 23.3673558417 164.288646283 5.68018216703
5088 79.8689042831 1139.32066006 176.854275145 243.973830678 0.657780188477 0.969473661861 6.07983510343 248.319080369 369.589393632 72119.4953078 85 1527.99605881 39.6643051701 53.0377594342 23.3356948299 159.003941189 5.4106063701
5112 77.1273712891 1086.54144037 176.103836372 244.008828904 0.679613371181 1.17735438477 6.87153224764 247.262671092 369.781592799 72875.843153 83 1532.79900061 39.6781765692 41.7334942665 23.3218234308 154.200999384 5.21840720245
5136 74.6054046404 1047.75792247 176.837257885 244.042502299 0.668817572181 0.497437475091 5.89396745096 248.897275203 369.923463819 73583.9369461 82 1537.24752683 39.681704104 42.6563448018 23.318295896 149.752473172 5.07653618293
5160 72.2647597797 1021.50739855 176.091341865 244.07439115 0.667360614029 0.780927479273 7.44153266337 247.035788093 370.04192998 74260.7197587 82 1541.40461281 39.6780081818 40.1593863074 23.3219918182 145.595387193 4.95807002132
5184 70.0790862539 986.672650548 176.772029212 244.105333856 0.677299969783 0.975412313046 4.68831573724 249.553638124 370.159702944 74916.2119179 81 1545.31679626 39.6804156828 40.1108072766 23.3195843172 141.683203735 4.84029705758
5208 68.0327243257 960.778631203 176.865111342 244.135790829 0.69103149138 0.193932105325 7.46296177887 247.516283795 370.258056078 75541.423562 81 1549.00248113 39.6781017065 37.2142266004 23.3218982935 137.997518871 4.74194392405
5232 66.1140109812 936.38451961 176.148650121 244.165042006 0.673119594823 0.311882071484 2.14286075899 252.707095569 370.354253128 76141.6374407 81 1552.48052142 39.6761082747 35.7105049125 23.3238917253 134.519478574 4.64574687423
5256 64.3086927568 915.46196764 177.524478693 244.192721423 0.660937953855 0.445751572147 4.42489634351 250.275692708 370.43517553 76712.8643063 81 1555.7716907 39.6719418868 35.0067603155 23.3280581132 131.228309303 4.5648244718
5280 62.6057124151 891.396279395 176.424454768 244.21919023 0.654761033342 0.544126081243 0.438412420074 254.143510235 370.524578394 77266.6362977 81 1558.89586124 39.6729015337 34.8214741915 23.3270984663 128.104138762 4.47542160784
5304 60.9997859343 868.584246631 176.032024102 244.244638711 0.651392897744 0.604363611235 2.19589664753 252.303708132 370.607254053 77802.274226 81 1561.85752041 39.6730968812 33.003117026 23.3269031188 125.142479588 4.39274594862
5328 59.482341883 847.606659622 177.325649795 244.269247795 0.651996287705 0.734798955101 4.49836192124 249.845595041 370.679812214 78310.367128 78 1564.66980906 39.6725013878 36.0856695592 23.3274986122 122.330190937 4.32018778799
5352 58.0406121534 833.156918326 176.39799567 244.293326772 0.657093243295 0.844271174126 3.5794823816 250.625826429 370.742843159 78793.7144336 78 1567.35278445 39.6660360374 41.2666701083 23.3339639626 119.647215549 4.25715684309
5376 56.6632771399 822.752559568 177.028218738 244.317139917 0.665522693142 0.947657587433 4.46356598945 249.606113813 370.790838402 79257.4265967 78 1569.92626234 39.6552981089 39.3066572906 23.3447018911 117.073737664 4.20916160012
5400 55.3464772394 810.024103527 177.644373528 244.340797926 0.67617519241 0.996382233398 3.25704093323 250.729603715 370.844601454 79692.6751186 75 1572.39928458 39.6503261771 46.7672090231 23.3496738229 114.600715424 4.15539854817
5424 54.0854517027 793.487592179 177.493561853 244.364276423 0.674334240945 0.113904606663 5.77176583428 249.075718895 370.895419851 80118.7407568 74 1574.777143 39.6447403854 47.075277266 23.3552596146 112.222856997 4.10458015091
5448 52.8834676089 778.528133132 176.59813193 244.386723061 0.65819115272 0.246436980265 2.08288104896 252.625767757 370.952632091 80527.6514321 73 1577.05423033 39.6425421365 48.8801655637 23.3574578635 109.945769664 4.04736791029
5472 51.7361237095 764.78789964 177.111495581 244.408167874 0.645891382541 0.322112393444 2.29242614092 252.331402209 371.005621767 80920.9415913 71 1579.2361964 39.6400284498 49.3458547518 23.3599715502 107.763803599 3.99437823502
5496 50.6347860334 750.015162121 178.333736446 244.428859443 0.636753442626 0.405233321057 3.3200227646 251.209131029 371.048192928 81292.0572598 70 1581.33783242 39.6368513798 52.6855026252 23.3631486202 105.662167576 3.95180707401
5520 49.5746084181 743.451861236 176.99946945 244.448965743 0.63069489204 0.491919707649 3.1959244119 251.232495246 371.083030116 81641.8390309 69 1583.36625409 39.6260858117 53.6118708313 23.3739141883 103.633745911 3.91696988554
5544 48.5569916623 731.995935123 177.841799205 244.468536668 0.627832567553 0.564404580871 1.93137120435 252.407854979 371.120006228 81973.8038168 67 1585.32131132 39.6199550949 61.1109634136 23.3800449051 101.678688679 3.87999377329
5568 47.5729434702 728.188442968 178.849929691 244.487791861 0.626343392622 0.601029604158 2.63290296869 251.651932173 371.146596377 82283.8704733 67 1587.21680845 39.6082309538 65.7600280154 23.3917690462 99.7831915478 3.85340362483
5592 46.6278926401 712.394135788 177.650126712 244.506643731 0.626797097182 0.685749027365 3.07679577484 251.10401437 371.195681202 82592.8753504 67 1589.04639916 39.6108135341 73.1377248471 23.3891864659 97.9536008401 3.80431880025
5616 45.71713727 705.621365859 177.405329845 244.52522405 0.629372164992 0.741376195337 1.44289738461 252.661130205 371.219347903 82889.0774773 67 1590.81157335 39.5988295165 70.4882719154 23.4011704835 96.1884266511 3.78065209856
5640 44.8414262192 687.519359465 178.739123886 244.54353706 0.633479464649 0.821558897019 5.60833137718 248.393093201 371.270428896 83183.4759668 66 1592.51841078 39.605863918 65.20567849 23.394136082 94.4815892144 3.72957110624
5664 44.0031168836 675.588448077 180.40312396 244.561557979 0.640063943374 0.89843115927 2.5939354103 251.306011508 371.308621591 83448.3708583 65 1594.15586617 39.6077221119 71.4625980141 23.3922778881 92.8441338326 3.69137841034
5688 43.1891310564 677.966361341 182.728667471 244.579593465 0.648104867954 0.95868927537 2.53107277967 251.282539612 371.320030598 83687.8073172 65 1595.74617902 39.5913041206 72.6765283779 23.4086958794 91.2538209829 3.67996940372
5712 42.396682981 668.518506273 178.8358602 244.597716548 0.65682054531 0.988603554028 4.46745086515 249.289408488 371.343871662 83930.3353162 65 1597.29991327 39.5820767576 69.5808519747 23.4179232424 89.7000867313 3.65612834004
5736 41.6364804816 650.455831155 181.419529208 244.615532008 0.650057093721 0.07237456083 3.18034576471 251.481690572 371.388553018 84163.2653358 63 1598.7982247 39.5908730932 71.1309752536 23.4091269068 88.2017753005 3.61144698378
5760.0 40.9103561488 640.796241925 178.314554329 244.632494479 0.635741654943 0.121814850525 1.79599050498 252.81395851 371.431387045 84389.6348498 92 1600.2315766 39.5918835103 73.7342703982 23.4081164897 86.7684234033 3.56861295653
5784 40.217524337 611.634525968 177.127339649 244.648621965 0.623506994412 0.174723239875 1.20483200379 253.348315797 371.477834365 84648.0115181 92 1601.60618118 39.6144749954 60.364335007 23.3855250046 85.3938188271 3.52216563679
5808 39.5656742211 590.764089705 176.590889085 244.6637743 0.613051669063 0.216005654444 3.35184433432 251.155324042 371.537863864 84895.1519782 91 1602.90199408 39.6332489952 54.6101976993 23.3667510048 84.0980059258 3.46213613744
5832 38.9441139617 577.184928107 176.344955935 244.678231397 0.604690112249 0.299361687801 4.21681615765 250.200900644 371.579012536 85134.1250898 91 1604.13821354 39.6411937398 47.9292063055 23.3588062602 82.8617864613 3.42098746529
5856 38.3436499306 568.623323237 176.78435439 244.692249672 0.598446981426 0.361801528979 2.00548635775 252.342015459 371.60570824 85353.9291255 89 1605.33338362 39.6408850245 45.7129326422 23.3591149755 81.6666163878 3.39429176183
5880 37.7633534536 560.576523456 176.881596018 244.705881057 0.593532371403 0.402372675478 3.72448887206 250.573725023 371.633584962 85566.2067922 87 1606.49085891 39.6410161466 42.5903975926 23.3589838534 80.5091410971 3.36641503952
5904 37.2019051609 551.044656997 176.444603776 244.719174978 0.590043812391 0.466133441645 3.29025020145 250.934397566 371.66314022 85774.4568903 85 1607.61313525 39.6434615267 38.3198858187 23.3565384733 79.3868647545 3.33685978178
5928.0 1036.65623657 545.506654074 176.304269053 244.732227937 0.587995282732 0.520107192884 2.79428743318 251.365382153 371.683190604 85965.7902529 85 1608.70495657 39.6393385795 37.0428520828 23.3606614205 78.2950434299 3.31680939732
5952 972.187989545 3729.8181684 158.232665837 244.789145957 0.602542267616 1.08848230831 10.9682700072 242.551559458 366.08801921 91474.1999515 84 915.628783471 42.1602143125 19.5872931168 20.8397856875 771.371216529 8.91198079086
5976 878.788624959 4623.53940828 161.244213319 244.883881518 0.649880260075 1.02992165145 18.2237039131 235.212612656 364.627029172 96459.7353888 84 940.763560893 41.2389428802 23.7655372312 21.7610571198 746.236439107 10.3729708294
6000 789.471352511 4827.8941402 165.492804934 244.995419129 0.728637652435 0.494867753375 18.6180716538 235.16300381 364.635682454 101243.155526 82 969.022681364 40.8932444562 22.233539578 22.1067555438 717.977318636 10.3643175478
6024 711.433659595 4793.42672036 167.225971633 245.1134554 0.784590036502 1.06196711074 18.6468015923 234.393185859 365.080065483 105802.127523 81 997.62214219 40.6978215135 29.3028981778 22.3021784865 689.37785781 9.91993451864
6048 644.742275218 4670.65164089 168.605431303 245.235008645 0.838458221058 1.09537239032 13.5567274477 239.274433295 365.628617121 110160.401646 81 1025.48501164 40.5632229733 33.7771745571 22.4367770267 661.514988356 9.37138288034
6072 587.940931981 4524.02279252 169.666345938 245.352968907 0.86494436667 1.39301563366 15.645403124 236.743667967 366.175038279 114333.924875 80 1052.13179406 40.4586715366 32.3104519109 22.5413284634 634.868205936 8.82496172269
6096 539.326917127 4360.4929135 170.896272537 245.463370789 0.839673264377 1.03281833584 14.9586978407 237.705439769 366.694157136 118319.834552 80 1077.40679475 40.3765696965 32.3341056027 22.6234303035 609.593205248 8.30584286566
6120 497.426701518 4211.50323566 172.249859699 245.570226421 0.94876096556 2.46037201986 11.2206396556 239.800000937 367.157643428 122111.712211 79 1101.26651318 40.3042166088 34.4863949334 22.6957833912 585.733486816 7.84235657353
6144 461.105897906 4060.07444269 172.147050905 245.682123401 1.00025611162 1.40684368186 7.65583076761 244.254946037 367.588576755 125755.570746 79 1123.70570093 40.2446319761 35.9530623351 22.7553680239 563.294299072 7.41142324667
6168 429.373976469 3926.29049274 172.393051328 245.706460558 0.0822063389774 0.347094833364 8.62922233469 245.235015934 367.970523378 129232.688882 77 1144.78799793 40.1900087752 35.4753261442 22.8099912248 542.21200207 7.0294766233
6192 401.415953724 3794.66455612 173.38693724 245.717360645 0.144470615083 1.03419791691 6.70657044715 246.397400375 368.313797501 132555.571373 75 1164.62284594 40.1419238586 40.8273770215 22.8580761414 522.377154056 6.68620250029
6216 376.626461101 3678.2743969 174.881194075 245.734076109 0.19430777798 0.724991035018 7.42148662047 245.925138457 368.616630388 135732.610709 74 1183.28407049 40.0971649885 42.3157705169 22.9028350115 503.715929512 6.38336961376
6240 354.488675979 3567.38518195 175.451307846 245.754603867 0.264849980885 1.30117244745 9.07871754424 243.60065616 368.890321512 138769.950844 73 1200.87346141 40.0556375208 47.7861489987 22.9443624792 486.126538585 6.10967848931
6264 334.665566521 3445.82270717 175.027261858 245.778576401 0.296965045468 0.914651481748 7.60425016025 245.40555691 369.162829488 141704.465047 72 1217.42958967 40.0251513732 45.7905717408 22.9748486268 469.570410328 5.83717051377
6288 316.871258768 3349.40000732 175.827822851 245.804734293 0.330791449091 0.668765443909 13.7234422287 239.472266584 369.400853576 144506.35766 71 1232.97114306 39.9925821499 49.5162967346 23.0074178501 454.028856941 5.5991464249
6312 300.732065395 3274.27996891 176.459351901 245.831717243 0.34625082062 0.32529544029 8.18749273229 245.309243762 369.599921391 147170.374858 68 1247.65605793 39.9571996192 53.8311486183 23.0428003808 439.343942067 5.40007861019
6336 286.046315971 3163.75391946 176.734646209 245.858213285 0.365051954171 0.801997414784 5.15852479889 247.816212546 369.810282858 149759.463273 68 1261.55127602 39.9353944382 54.5387463666 23.0646055618 425.448723979 5.18971714379
6360 272.692780357 3082.55212645 176.413965385 245.88581049 0.408755150319 1.16868366774 4.4076992878 248.129051403 369.994360268 152236.271177 67 1274.63390542 39.9095351977 56.8254500913 23.0904648023 412.366094578 5.00563973328
6384 260.474041309 3011.8868412 176.097340151 245.915574063 0.444556731889 0.561555011547 6.86841310332 246.209901089 370.163050254 154617.263001 64 1287.001971 39.8857031145 67.5828075563 23.1142968855 399.998029 4.83694974777
6408 249.139517959 2975.34268339 178.338464705 245.945809305 0.465706404879 0.960057384986 6.84244636354 245.78598054 370.271440777 156869.819536 63 1298.81322616 39.848030475 76.0210196456 23.1519695251 388.186773843 4.72855922428
6432 238.586147968 2915.36807631 180.355659726 245.976205099 0.46407833468 0.431175218612 6.27677067514 246.851770671 370.389081525 159034.635434 63 1310.13788839 39.8197938773 70.0151711281 23.1802061227 376.862111606 4.61091847641
6456 228.858357489 2827.37066014 179.453864896 246.005379488 0.474688195636 0.826736579052 5.19769475339 247.495500983 370.546462572 161135.811034 62 1320.87615261 39.8070447004 71.2299378752 23.1929552996 366.123847386 4.45353742975
6480.0 219.876675879 2763.96636455 180.813514698 246.034664321 0.503227074367 1.13041954855 8.64030808892 243.691380966 370.674196995 163149.151293 92 1331.03618946 39.789099715 76.1379371899 23.210900285 355.963810537 4.32580300665
6504 211.746704954 2571.5573717 177.595300231 246.062938928 0.498392592932 0.576177380841 7.00201611471 245.860474982 370.918617369 165292.920629 92 1340.49584441 39.823798007 37.768237405 23.176201993 346.504155586 4.08138263244
6528 204.459180303 2446.57045542 178.100932539 246.089353091 0.509166254942 0.818638165352 4.71866606592 247.864176421 371.117373114 167344.266204 92 1349.14176245 39.8433422043 33.6849550052 23.1566577957 337.858237542 3.88262688781
6552 197.767854424 2369.48964375 177.306890954 246.115224749 0.528873336674 1.00787535376 5.85005269488 246.497973864 371.251895672 169329.18727 90 1357.21677727 39.8423848873 27.7564290949 23.1576151127 329.783222727 3.74810433003
6576 191.552187556 2300.19811512 176.197625427 246.141015067 0.538148017014 0.136178993076 5.62302633494 247.561631587 371.369886789 171265.133789 90 1364.85119084 39.8401224374 24.0086367782 23.1598775626 322.148809159 3.6301132122
6600 185.756352104 2238.27609741 175.815188787 246.165472476 0.524959515644 0.352993933706 4.83006863283 248.126505441 371.474876282 173153.177484 89 1372.08850379 39.8360238574 21.3435495244 23.1639761426 314.911496208 3.5251237198
6624 180.322140987 2191.21261509 175.715429905 246.188749902 0.52183012119 0.546588871882 4.66352465704 248.079306447 371.564289644 174979.15562 89 1378.97908707 39.8277505643 21.5651744604 23.1722494357 308.020912924 3.43571035789
6648 175.202671301 2148.78384322 176.357547666 246.211352919 0.525350304334 0.651529582615 2.31739949679 250.294367696 371.641969526 176751.110554 87 1385.56638487 39.8172927664 22.9267883981 23.1827072336 301.433615132 3.35803047553
6672 170.385261857 2095.39465458 175.993111527 246.233453611 0.532099134067 0.741172492802 3.64294166049 248.8503331 371.730360551 178495.108316 86 1391.85793815 39.8144834723 25.4425580197 23.1855165277 295.142061845 3.26963945046
6696 165.826017077 2069.36910562 175.919509102 246.255312518 0.543247631365 0.870367270432 4.58758365579 247.743488923 371.790608056 180170.563656 86 1397.88520203 39.7994845005 22.7631063999 23.2005154995 289.114797965 3.2093919453
6720 161.499020746 2022.29364773 175.941912958 246.277145392 0.558531579691 1.00447774404 4.24929091598 247.910554367 371.862064999 181811.528357 86 1403.68439061 39.7943215935 27.5092655816 23.2056784065 283.315609387 3.13793500241
6744 157.40487597 1984.61047297 175.983052921 246.298573085 0.548270265846 0.125545218063 1.72437009217 251.303241338 371.928367497 183411.709652 86 1409.23798308 39.7874677593 29.6937206789 23.2125322407 277.762016915 3.07163250503
6768 153.523865899 1946.65748157 176.918643072 246.318828997 0.534308010112 0.226002437141 2.98452960509 249.936330949 371.992480966 184974.183436 85 1414.56439669 39.7817208923 32.9048967622 23.2182791077 272.435603311 3.00751903604
6792 149.841295666 1911.06063155 177.330969137 246.338117179 0.525796927203 0.355497069802 3.91238241146 248.868206411 372.052519892 186505.825123 85 1419.67458082 39.7759008799 30.8466076502 23.2240991201 267.32541918 2.94748010937
6816 146.333346075 1877.89717158 176.589959425 246.356721149 0.521947046668 0.461634583515 2.6505939856 250.009103234 372.108951578 187997.878278 85 1424.59352131 39.7695750834 29.7209926376 23.2304249166 262.40647869 2.89104842336
6840 142.987632667 1849.62907957 176.863984896 246.374812083 0.521536361681 0.560821247952 4.18057644696 248.362253859 372.158139849 189446.383473 84 1429.33144199 39.7609528561 28.8154397386 23.2390471439 257.668558007 2.84186015312
6864 139.801092232 1812.48332051 176.479798233 246.392490124 0.524883452589 0.668900204475 3.45748436303 248.956241854 372.215938527 190871.8571 84 1433.8911153 39.7590997111 31.8615096233 23.2409002889 253.108884695 2.78406147463
6888 136.756538348 1787.38290971 176.377226964 246.409916095 0.530653320069 0.731370921177 1.62128677142 250.706772891 372.259419707 192255.434672 84 1438.2846602 39.7500971149 31.9882680821 23.2499028851 248.715339792 2.740580295
6912 133.841374329 1755.7805017 176.372888271 246.427179987 0.537919068069 0.794684416827 3.59966009648 248.64055643 372.307470643 193612.718023 84 1442.53121206 39.7458006592 32.6669862139 23.2541993408 244.468787941 2.69252935894
6936 131.060496603 1721.40423937 177.75583101 246.444265436 0.547609329484 0.904961019225 3.2675658855 248.835598329 372.358371423 194946.097101 83 1446.61838861 39.7448880906 31.6038938734 23.2551119094 240.38161139 2.64162857899
6960 128.399724985 1699.53010655 177.321647127 246.461289672 0.55935853018 0.9777203923 3.81938036978 248.182251035 372.399569187 196240.609612 81 1450.55875616 39.7382645559 31.8627847182 23.2617354441 236.441243835 2.60043081492
6984 125.846276798 1670.16871246 177.666405338 246.478109608 0.551944114857 0.125108362477 7.11860877015 245.726229144 372.441226805 197512.53805 80 1454.37087492 39.7344242369 34.1263957903 23.2655757631 232.629125078 2.55877319674
7008 123.396288594 1644.10263043 176.934718129 246.494230453 0.542177585744 0.277501333063 2.25480635276 250.431284275 372.481705571 198752.897139 78 1458.0563115 39.7301801985 40.2901531799 23.2698198015 228.943688499 2.51829443084
7032 121.042868498 1627.34465893 178.81841492 246.50978612 0.535162533092 0.320239988796 2.45028906323 250.184522293 372.514232029 199964.12319 77 1461.62102491 39.7222689654 41.8022944252 23.2777310346 225.378975085 2.485767973
7056 118.770045049 1608.67337654 177.431301375 246.524926683 0.530196499853 0.394930960979 2.46259510983 250.087350746 372.545406443 201145.470831 77 1465.08773102 39.7143236111 45.1825418902 23.2856763889 221.912268979 2.45459355898
7080 116.58407641 1581.12909207 176.941149655 246.539653555 0.527064550973 0.440960377685 2.38385119135 250.108470323 372.585489515 202318.305855 75 1468.44751453 39.7131989291 43.7715831448 23.2868010709 218.55248547 2.41451048658
7104 114.478144477 1568.68023044 176.79218051 246.554039828 0.525408186244 0.485584266919 2.17223838407 250.262729334 372.614237254 203445.974646 75 1471.7029548 39.7044309718 48.000206652 23.2955690282 215.297045201 2.38576274717
7128 112.442578302 1546.55829644 176.772858477 246.568170928 0.525053093079 0.544816417629 2.81883309899 249.543126461 372.644584451 204560.611076 75 1474.87083643 39.6999149045 47.4055914993 23.3000850955 212.129163568 2.35541555034
7152 110.476312748 1526.45423239 176.798414793 246.582077352 0.526097249112 0.578470583884 2.39897640838 249.914378406 372.671954525 205644.389704 75 1477.94924939 39.6936086469 49.4525424029 23.3063913531 209.050750608 2.32804547659
7176 108.590878751 1496.75941786 177.258396345 246.595683586 0.527969167626 0.618794314853 1.80151077438 250.456042156 372.712631912 206732.829507 75 1480.92257173 39.697294978 41.2776523148 23.302705022 206.077428264 2.28736809
7200.0 106.774131575 1475.93598631 176.975240334 246.609079508 0.530885513024 0.668962638476 3.05172808517 249.139344254 372.744168676 207778.533508 105 1483.80184985 39.6950325462 49.0188267261 23.3049674538 203.198150142 2.25583132515
7224 105.033338673 1435.195159 177.28444231 246.622218511 0.535144131533 0.738148844987 3.09567352252 249.008814989 372.780696523 208853.329859 105 1486.58000329 39.7052505594 36.5655490203 23.2947494406 200.419996704 2.2193034783
7248 103.370822367 1406.2909446 176.921580916 246.63508688 0.540273054599 0.757206159967 1.05453530738 251.012898596 372.819779967 209903.732252 103 1489.2458432 39.710266939 30.1301229827 23.289733061 197.754156789 2.18022003436
7272 101.770954009 1384.73236332 176.782261446 246.647788559 0.545542751272 0.777059778756 1.87604281796 250.153566091 372.851286699 210928.296053 102 1491.82280438 39.7107833315 28.869100035 23.2892166685 195.177195613 2.1487133022
7296 100.224670706 1363.99835366 176.738942653 246.660380548 0.551161019835 0.806672074133 1.56782383194 250.413962525 372.879523866 211935.530548 101 1494.3253365 39.7104703643 27.8549141856 23.2895296357 192.674663496 2.1204761347
7320 98.729491419 1346.40673282 177.318018967 246.672874685 0.557283803628 0.840248625426 1.14398277257 250.785610112 372.904702375 212922.230334 99 1496.75625687 39.708506111 26.8139842259 23.291493889 190.243743125 2.09529762659
7344 97.2842040158 1327.40939774 176.94660946 246.685273509 0.563888220415 0.883211652791 2.59225982554 249.275366791 372.931487446 213898.094527 99 1499.1174175 39.7081975772 24.5429705599 23.2918024228 187.882582491 2.06851255496
7368 95.8850007541 1309.6931975 176.81711566 246.697604328 0.571122871782 0.926209170104 3.93978549539 247.865278133 372.956516422 214857.681336 99 1501.41339131 39.707390636 21.9674786968 23.292609364 185.586608682 2.0434835789
7392 94.5284460654 1295.06706281 176.782346507 246.709893101 0.578807721706 0.939687599413 1.25435487449 250.517256702 372.978334876 215794.566562 99 1503.64851656 39.704646511 22.9654748568 23.295353489 183.351483432 2.02166512521
7416 93.2113305161 1280.54153265 177.299371208 246.722156797 0.586614220741 0.965674746354 2.46084529748 249.264708937 372.998656955 216713.520099 98 1505.82774787 39.7017198468 25.1801636754 23.2982801532 181.172252117 2.00134304592
7440 91.9313693255 1266.58533898 176.991559477 246.734407314 0.594885323221 1.02521255762 4.52092725527 247.124567549 373.019318514 217619.87851 97 1507.95426207 39.6988806953 23.658393006 23.3011193047 179.045737927 1.98068148721
7464 90.6897678913 1250.71909772 176.88321561 246.746549762 0.591246887988 0.0839214164817 3.53150404497 249.046777887 373.042297429 218515.580923 94 1510.02595133 39.6983171553 20.8363554139 23.3016828447 176.974048663 1.95770257171
7488 89.4816408735 1241.49141758 177.506345597 246.758346937 0.581915821871 0.159131568995 3.4563676775 249.044237994 373.058164975 219386.036895 93 1512.04831147 39.6925221224 18.6863661285 23.3074778776 174.951688521 1.94183502605
7512 88.3069039647 1225.7263508 177.8423701 246.769802788 0.574058677063 0.19766906426 1.37687896237 251.081590507 373.079399263 220244.96795 92 1514.02366987 39.6929158672 19.8193019644 23.3070841328 172.976330119 1.92060073819
7536 87.1654272778 1210.95871019 177.233144105 246.780936221 0.567027324891 0.225992130904 2.23866765567 250.187376666 373.09900194 221089.795724 92 1515.94980218 39.6915305688 23.1636875141 23.3084694312 171.050197816 1.90099806123
7560 86.055567482 1195.9154298 177.992708694 246.791774703 0.560843539105 0.266234308846 4.00061096139 248.380536487 373.118547349 221922.845795 91 1517.82951202 39.6910271104 25.731167298 23.3089728896 169.170487973 1.8814526524
7584 84.9723447734 1192.28742494 177.323991635 246.802382097 0.555795565503 0.306655573772 1.70360721517 250.631559547 373.130226957 222733.442946 90 1519.66884139 39.6825371804 23.5180229696 23.3174628196 167.331158598 1.86977304365
7608 83.9160250176 1175.75673037 177.090352827 246.812769422 0.551483378492 0.338037925526 1.36310137292 250.9346079 373.149579558 223538.898257 90 1521.47053122 39.6831789778 24.4687560299 23.3168210222 165.529468772 1.85042044327
7632 82.8884296976 1163.47532366 177.010360425 246.822926507 0.547739396178 0.356678172653 1.97565358042 250.297002343 373.167143173 224330.308319 88 1523.22873678 39.6818679744 24.7878112082 23.3181320256 163.771263214 1.83285682815
7656 81.8864264822 1152.81962017 176.995334102 246.832889058 0.544538918273 0.382124961849 0.513220647306 251.727226414 373.182705284 225103.730132 86 1524.94837994 39.6789583137 28.7076535023 23.3210416863 162.051620053 1.81729471687
7680 80.9090207093 1144.91742474 177.004383908 246.842671883 0.541789882632 0.40070952021 2.00509573289 250.20973298 373.19718001 225866.584987 84 1526.63098592 39.6748468304 28.0759383533 23.3251531696 160.36901407 1.80281999125
7704 79.9536339125 1136.98225213 177.028451903 246.852304707 0.539585715805 0.435289653776 2.41459955756 249.758220364 373.21083146 226614.37332 83 1528.28081629 39.6711114519 27.641337093 23.3288885481 158.719183701 1.7891685416
7728 79.0206688751 1120.54424781 178.02651085 246.861790585 0.538090043368 0.468968507084 0.770661477275 251.360489386 373.22774468 227355.352694 83 1529.89778806 39.672634244 28.3780612573 23.327365756 157.102211934 1.7722553214
7752 78.1131775936 1107.37389854 177.40891151 246.871103991 0.537061238558 0.493548376397 3.07313162807 249.025154765 373.244299874 228085.686868 82 1531.47518541 39.6726590692 30.3805477892 23.3273409308 155.524814583 1.75570012716
7776 77.227363107 1102.47472129 177.59767528 246.880287098 0.536628308419 0.530990929161 3.29311203295 248.75898163 373.255489093 228794.238417 80 1533.01822343 39.6667226538 35.0550582897 23.3332773462 153.981776565 1.74451090779
7800 76.3593642623 1096.1060831 177.710082718 246.889385694 0.536681647219 0.543879702106 1.52228423804 250.507768718 373.26601143 229491.495989 79 1534.53454166 39.6612948772 38.1278787336 23.3387051228 152.465458328 1.73398857076
7824 75.50946785 1084.44346256 177.947571426 246.898398266 0.537024198391 0.57031546179 2.68171745347 249.312544619 373.278760791 230177.601846 79 1536.02405623 39.6601598336 46.6475289029 23.3398401664 150.975943762 1.72123921022
7848 74.6795513768 1074.70596505 178.079142184 246.907307133 0.537889938746 0.609059970147 2.76174223639 249.184000721 373.291961287 230865.666766 78 1537.48257968 39.6584208065 43.7070688373 23.3415791935 149.517420312 1.7080387139
7872 73.8664381118 1066.97604926 177.514718917 246.916150515 0.539173017219 0.621028042677 1.8547004779 250.068947946 373.303913002 231534.320142 78 1538.91506965 39.6551554107 45.8833604549 23.3448445893 148.084930344 1.69608699943
7896 73.068015181 1072.40000028 178.291609122 246.924952059 0.540711910824 0.641066359506 0.900446323292 250.992823346 373.307976334 232176.026341 77 1540.32385702 39.6428311975 45.8986251889 23.3571688025 146.676142967 1.69202366742
7920.0 72.2818695663 1057.79743155 178.61264208 246.933739225 0.542393105449 0.64954361035 1.94964627875 249.924677779 373.321123996 232822.533491 106 1541.71670806 39.6445385307 42.1301111298 23.3554614693 145.283291933 1.67887600509
7944 71.5228253933 1030.0994605 177.72157981 246.94234185 0.544153884518 0.657389488975 0.901508838147 250.954605937 373.339867481 233486.583239 104 1543.06728891 39.6574773374 36.0696357251 23.3425226626 143.932711087 1.66013252031
7968 70.7888530544 1013.5237914 177.354517022 246.950775476 0.546025266002 0.672845977538 0.746650535666 251.083702743 373.359281991 234138.951849 103 1544.37525735 39.6637782797 31.2131770683 23.3362217203 142.624742646 1.6407180102
7992 70.0742872512 1000.84102411 177.205068675 246.959099954 0.547990172889 0.681005736017 1.54208687498 250.269817261 373.374657968 234780.640387 102 1545.6510018 39.6664973391 27.8277358551 23.3335026609 141.348998188 1.62534203317
8016 69.3776070362 989.065433893 178.11300699 246.967328486 0.550077418262 0.695265884304 2.26682068102 249.520507529 373.389566822 235413.152778 99 1546.89758444 39.6686384289 25.6240115159 23.3313615711 140.102415557 1.61043317869
8040 68.6955339732 980.675096209 177.479120812 246.97549696 0.552301222082 0.705570865986 1.95673426677 249.809896684 373.400416113 236034.211371 98 1548.12020077 39.667352463 23.0776082557 23.332647537 138.879799223 1.59958388801
8064 68.0274399409 973.932597701 178.029704486 246.983610317 0.55462162716 0.718701611469 2.60022550596 249.142840937 373.409742945 236641.415844 98 1549.32023344 39.6647982488 22.7544372513 23.3352017512 137.679766553 1.59025705641
8088 67.3736726505 962.734210456 178.364600782 246.991661932 0.557112436208 0.737023872022 2.18884610346 249.525355655 373.422493703 237246.662295 98 1550.49774097 39.6667119591 20.9141292516 23.3332880409 136.502259026 1.57750629842
8112 66.7333338425 957.611637399 177.587100065 246.999661282 0.559783435825 0.749676936886 0.747719137832 250.943159206 373.4317552 237836.317619 96 1551.65272755 39.6630109065 21.3561815528 23.3369890935 135.347272446 1.56824480062
8136 66.1048371744 948.94165644 177.313096587 247.007626082 0.562516162621 0.761917105013 2.27421009186 249.393730557 373.442989485 238421.662244 91 1552.78907269 39.6623439594 19.938638514 23.3376560406 134.210927303 1.55701051616
8160 65.4879379709 944.878790496 177.790955027 247.015557272 0.565376416562 0.772959048983 1.76983145748 249.876275803 373.451118632 238990.885338 88 1553.90639612 39.6586951516 19.610888237 23.3413048484 133.09360387 1.54888136869
8184 64.8828823917 936.211005642 177.407566549 247.023449429 0.568310239166 0.784430357506 2.22881855388 249.394991419 373.461708225 239552.914328 87 1555.00484804 39.6580563832 24.576408898 23.3419436168 131.995151955 1.53829177595
8208 64.2892535927 929.688099561 177.276032485 247.03130571 0.57136636276 0.793297261204 0.65823036363 250.945800301 373.470758905 240108.746245 87 1556.08453327 39.6562085366 25.9780958493 23.3437914634 130.915466722 1.52924109657
8232 63.7074874602 922.895177417 177.743607039 247.039117354 0.574416070283 0.798952216582 1.05584777954 250.531666578 373.480639249 240653.890484 85 1557.14492264 39.6556839949 31.4380153007 23.3443160051 129.855077349 1.51936075184
8256 63.1341887776 919.954445165 177.430348006 247.046926977 0.577509060137 0.809106220311 0.424988887853 251.141468853 373.485514083 241191.590545 85 1558.19096034 39.649177568 30.8461005278 23.350822432 128.809039652 1.51448591786
8280 62.5708848917 913.246814051 177.324923662 247.054711726 0.580646890374 0.81994241057 2.76330037232 248.781398599 373.494250585 241721.396028 85 1559.22145781 39.6479187042 33.746951514 23.3520812958 127.778542184 1.5057494165
8304 62.0167504938 906.433025204 177.99775891 247.062480824 0.583855521509 0.828395904745 1.08077259023 250.444495158 373.501667742 242242.040437 84 1560.23693475 39.6459051104 35.5212720923 23.3540948896 126.763065239 1.4983322595
8328 61.4734902953 897.02041612 177.547585752 247.070207657 0.58707915069 0.830822842296 0.373491291998 251.138399056 373.512145627 242762.784393 83 1561.2347235 39.6472744134 35.0198482712 23.3527255866 125.76527649 1.48785437442
8352 60.9401052436 893.186763151 177.920478353 247.077902631 0.59026614314 0.835573799792 0.629844535711 250.866412889 373.51950104 243272.134086 83 1562.21571514 39.6447005434 31.8626050347 23.3552994566 124.784284853 1.48049896097
8376 60.4158690201 886.79719723 177.535438375 247.085572876 0.593468834018 0.844468110073 1.84947336755 249.627016811 373.52751853 243770.820481 83 1563.18161818 39.642857285 34.4309781955 23.357142715 123.818381809 1.4724814715
8400 59.9007517967 881.775174639 177.403117759 247.093216131 0.596690574605 0.848101513263 1.05038269196 250.411609088 373.535032269 244267.478843 82 1564.13230173 39.6407257651 30.1984004573 23.3592742349 122.86769826 1.46496773227
8424 59.3949940726 872.665581514 178.630378251 247.100825544 0.599886277386 0.851623929157 1.21990080471 250.227763443 373.543447253 244755.964202 81 1565.06769819 39.6419684292 29.4154698767 23.3580315708 121.932301806 1.45655274848
8448 58.8973107949 868.307682082 178.493636431 247.108417455 0.603120186604 0.863032864117 1.34900227647 250.076427217 373.550223765 245228.03874 78 1565.98916544 39.6387485572 33.4284933624 23.3612514428 121.010834554 1.44977623619
8472 58.407306922 865.499809198 178.281620761 247.115995893 0.606365850909 0.865214886464 0.473688583188 250.938734785 373.556145719 245689.887746 78 1566.89786035 39.6349700148 40.1463174017 23.3650299852 120.102139642 1.44385428178
8496 57.9249047744 859.544328053 178.668682607 247.123559366 0.609605461036 0.871972719991 0.566121958173 250.828740493 373.563118544 246154.650473 76 1567.79402957 39.6324587102 39.5177716532 23.3675412898 119.205970427 1.43688145676
8520 57.4512943234 852.482433183 178.384904784 247.131086515 0.612866965251 0.883155143738 1.61795090848 249.754940466 373.571235955 246614.99924 76 1568.67569142 39.6335982538 38.9663282638 23.3664017462 118.324308576 1.42876404611
8544 56.9839767008 855.063730837 177.785906758 247.138615105 0.616175034697 0.885415601702 0.671274082337 250.688520175 373.573170734 247053.921026 74 1569.54569254 39.6225935923 41.6059448533 23.3774064077 117.45430745 1.42682926709
8568 56.5197507413 857.494426231 178.307306712 247.146195849 0.619493778203 0.891675859931 0.721026403592 250.621608107 373.574787864 247481.492704 74 1570.41152847 39.6147785419 40.4186985548 23.3852214581 116.588471521 1.42521213736
8592 56.0609422335 851.548819363 178.199962418 247.153790325 0.622850057998 0.900400239098 0.754524456334 250.568434921 373.580391856 247902.044264 73 1571.26918814 39.6123533716 44.1129994962 23.3876466284 115.730811849 1.4196081447
8616 55.6102624673 841.886501361 179.654771015 247.161351625 0.626180334927 0.899615048822 0.77712060611 250.535732383 373.588763638 248321.797762 72 1572.11359625 39.6153136666 46.535738144 23.3846863334 114.886403743 1.41123636353
8640.0 55.1682220799 841.857058547 179.243816113 247.168867131 0.629435578311 0.900395164378 0.762417294109 250.538884831 373.594891714 248724.747154 100 1572.94230096 39.6103058062 57.7990023226 23.3896941938 114.057699037 1.40510828737
8664 54.7344782278 821.046711344 178.148367988 247.176338588 0.632643198489 0.903482146075 1.71018882696 249.577347239 373.603130935 249166.973236 99 1573.75832782 39.6226125947 47.9603668787 23.3773874053 113.241672179 1.39686906657
8688 54.314323921 804.472728252 177.683687009 247.183669403 0.635800705054 0.908685533048 1.58327240555 249.688571953 373.619440061 249605.526994 97 1574.5500655 39.6349993222 41.045605567 23.3650006778 112.449934496 1.38055994084
8712 53.9037140259 797.699688875 177.493127518 247.190924353 0.6389099237 0.912468368852 1.41510229511 249.842595059 373.628173951 250030.527782 95 1575.32374784 39.6364290307 36.1024859482 23.3635709693 111.676252159 1.3718260501
8736 53.4993611634 791.229847444 177.428560044 247.198158117 0.642039755257 0.922026336966 1.21297402944 250.024801761 373.635513074 250444.727026 93 1576.08648413 39.6367717606 34.4809833529 23.3632282394 110.913515863 1.36448692755
8760 53.1014441249 787.710053131 177.409698235 247.205365398 0.645153365202 0.921805791004 1.00617686092 250.221498583 373.641325329 250850.179025 91 1576.83787426 39.6345691695 33.2081659742 23.3654308305 110.162125741 1.35867467252
