Time EBV Teff Treg ODC_le1 ODC_le2 ODC_le3 ODC_le4 ODC_le5 NK IL2 DAC Resting_Teff Resting_Treg EffectorMemory Resting_Treg_temp Resting_Teff_temp NK_temp
0.0 0 0 0 0 0 0 0 500 375 1000 0 1687 63 0 0 0 0
24 0 0 0 0 0 0 0 500 336.279789971 908.048253598 0 1687 63 0 0 0 38.7202100291
48 0 0 0 0 0 0 0 500 335.391027502 823.849847309 0 1687 63 0 0 0 39.6089724976
72 0 0 0 0 0 0 0 500 334.559882085 745.880698262 0 1687 63 0 0 0 40.4401179151
96 0 0 0 0 0 0 0 500 333.760437385 673.915002205 0 1687 63 0 0 0 41.2395626152
120 0 0 0 0 0 0 0 500 332.995774144 607.703333798 0 1687 63 0 0 0 42.0042258555
144 0 0 0 0 0 0 0 500 332.2684442 546.975994766 0 1687 63 0 0 0 42.7315557996
168.0 1000 0 0 0 0 0 0 500 331.580390823 491.447224652 0 1687 63 0 0 0 43.4196091775
192 587.94283022 2674.42256109 91.5619289612 4.47673168998 18.9970923557 71.5351553232 179.581289232 225.4097314 319.455578209 5741.3447637 0 1039.6715255 41.772295668 0 21.227704332 647.328474501 55.5444217919
216 136.425376517 6904.38714786 161.798066913 76.8547678137 42.4935932021 92.2002596077 128.060702327 160.39067705 264.520664935 479.601686054 0 1396.20380761 38.972164469 600.834684403 24.027835531 290.796192395 110.479335066
240 32.5919068239 2420.05828139 169.945064696 158.438246709 33.7162064299 59.8088824391 107.231853802 140.80481062 278.512916333 217.465395712 0 1604.59491095 38.8536315727 553.185690994 24.1463684273 82.4050890461 96.4870836674
264 15.9250227999 569.569007032 167.217683126 182.535037345 12.2570432237 36.6225780352 70.3888094745 198.196531922 303.513470485 237.410096291 0 1649.41135325 39.0553136082 514.871103884 23.9446863918 37.588646752 71.4865295154
288 12.3744352174 219.707435096 162.174683303 185.671347562 3.46411281177 8.26667496533 48.3188964421 254.278968219 315.247195538 300.12270885 0 1658.75422082 39.4874725413 471.808429768 23.5125274587 28.2457791834 59.7528044626
312 10.7842507382 157.064632863 163.854464045 185.98409521 1.53850292989 4.28062077758 25.6338958966 282.562885186 318.196054297 341.595547613 0 1662.51439986 39.7016539629 435.836570404 23.2983460371 24.4856001444 56.8039457037
336 9.6752102684 137.443271887 171.205210904 186.150355732 0.684024374478 0.964555136838 20.2638390858 291.937225671 319.024084149 340.220571517 0 1665.0493408 39.7683001178 419.178922024 23.2316998822 21.9506592023 55.9759158518
360 8.7863228862 128.151508179 167.852846567 186.258830278 0.81337989156 0.905222447014 13.9219223327 298.100645051 319.395008193 338.587480799 0 1667.05321601 39.7499081068 398.749295899 23.2500918932 19.946783987 55.6049918072
384 8.04943134183 110.511669569 168.638263495 186.364696448 0.817110131855 1.54315382912 16.4276571403 294.847382451 319.771512157 330.63995535 0 1668.73321807 39.8359440302 386.535183708 23.1640559698 18.2667819275 55.2284878438
408 7.4245275891 102.160934268 167.341561795 186.466225459 0.854235521665 1.63960260929 17.7297017872 293.310234623 319.872249187 314.584607609 0 1670.14300477 39.8322376719 378.583016346 23.1677623281 16.8569952325 55.1277508139
432 6.92627931797 87.2383277047 162.244161482 186.560833176 0.942580376121 0.910347902224 15.2099990429 296.376239503 320.595442663 327.318768667 0 1671.2832757 39.9301986252 367.801114056 23.0698013748 15.7167243001 54.4045573377
456 6.49301739528 78.0608336515 165.77857471 186.653445417 0.967597612807 0.958225205729 14.0344168289 297.386314935 320.778715171 333.120393838 0 1672.2668297 39.9882583891 352.084994444 23.0117416109 14.7331702989 54.2212848296
480 6.12273415422 68.9274994477 170.237128683 186.735684681 0.0212060377839 2.9645602085 11.1271400216 299.151409051 320.728297934 322.336321398 0 1673.11087803 40.0897413091 345.177885967 22.9102586909 13.8891219728 54.2717020667
504 5.7874335156 76.8245376081 163.708857987 186.745767907 0.170978532373 0.837125694246 14.3565571222 297.889570744 320.481152533 295.401923125 0 1673.85752549 39.9430783496 344.080474262 23.0569216504 13.1424745058 54.5188474679
528 5.47420830647 63.7990658143 163.341685434 186.761848554 0.208739825894 0.788263657844 11.4208500211 300.820297941 320.489851911 286.454722055 0 1674.57046097 40.0334662142 337.014395081 22.9665337858 12.4295390318 54.5101480897
552 5.21535911728 62.0152730363 157.588507708 186.778375754 0.235695469195 0.412333363835 6.78491166927 305.788683744 320.899636507 287.970420073 0 1675.15925788 40.0555137305 330.558700052 22.9444862695 11.8407421227 54.1003634938
576 4.97626908047 56.8924062919 156.729918194 186.7958162 0.265442669811 0.909279227548 5.67949238793 306.349969515 321.064413128 285.523003977 0 1675.70305646 40.1309101177 326.655043659 22.8690898823 11.2969435394 53.9355868722
600 4.77490652578 49.2943267767 160.558875275 186.813654002 0.304641100154 0.398620057468 10.9171708359 301.565914005 321.145973767 288.548706424 0 1676.16433767 40.2635701409 318.555310182 22.7364298591 10.8356623293 53.8540262334
624 4.58585973652 53.6003872613 160.511078472 186.832583042 0.32405029355 0.826441119555 4.90461700495 307.11230854 321.085219414 276.622116151 0 1676.58812248 40.1733733916 312.354450511 22.8266266084 10.4118775239 53.9147805867
648 4.40785942001 48.3905093592 156.38737394 186.852672559 0.341884230833 0.122639209181 7.77447751489 304.908326486 321.306844019 276.253579998 0 1676.99296875 40.2439059241 308.426645853 22.7560940759 10.0070312539 53.6931559811
672 4.2518013684 42.1017320313 156.158536094 186.871063106 0.342732073901 0.584909721067 7.70511222314 304.496182876 321.435896636 280.396209932 0 1677.34886299 40.3461106799 302.490777308 22.6538893201 9.65113701345 53.564103365
696 4.10599730034 45.2545034137 151.317013615 186.889432596 0.360879001053 0.817182110794 6.50169543633 305.430810856 321.668013928 281.169518377 0 1677.67641778 40.2519949393 298.852756956 22.7480050607 9.32358221749 53.3319860728
720 3.96611182276 43.728342169 156.782708467 186.908877744 0.385876263555 0.0424524965685 8.17764833123 304.485145165 321.296271911 265.651917904 0 1677.99213043 40.2299038817 299.910784706 22.7700961183 9.00786957015 53.7037280893
744 3.83052282564 41.2792281646 154.255215828 186.928732563 0.378366975904 0.410712269852 5.72000075736 306.562187434 321.180609326 257.927008832 0 1678.29945459 40.2719457205 294.667107892 22.7280542795 8.70054540617 53.8193906749
768 3.71397281412 38.8588892577 156.023823144 186.946399629 0.386033355603 0.678420004964 6.60097296146 305.388174049 321.38637957 251.412132538 0 1678.56686838 40.4139189041 293.33222245 22.5860810959 8.4331316242 53.6136204301
792 3.59897253183 34.8561354233 153.654852461 186.965039023 0.406607955668 1.00176901589 5.5876274795 306.038956526 321.348315787 253.817315118 0 1678.82678597 40.4269451385 282.932499478 22.5730548615 8.17321402775 53.6516842133
816 3.49351469403 37.1819150175 159.080129683 186.983411365 0.409037628287 0.255616843014 5.96328188925 306.388652274 321.036772152 239.522017861 0 1679.06367154 40.3093552738 274.675239334 22.6906447262 7.93632845785 53.9632278489
840 3.397058936 35.092746742 149.738789283 187.000530193 0.40781154511 0.47779967334 3.59964443265 308.514214156 321.58315877 250.400899721 0 1679.28451784 40.4296897833 265.540935503 22.5703102167 7.71548216264 53.4168412308
864 3.29977908483 37.6853571195 151.309478177 187.018418883 0.414208719067 0.648210875311 6.80876082173 305.110400701 321.217467055 238.220555803 0 1679.50167951 40.2687779448 259.252626293 22.7312220552 7.49832048862 53.7825329456
888 3.21110661233 32.5031940209 153.079825961 187.03558672 0.426841002445 0.790062280043 3.20652511299 308.540984884 321.309867245 232.799987323 0 1679.70588561 40.4783773613 258.407959817 22.5216226387 7.29411439319 53.6901327559
912 3.13266408154 29.1182862162 148.909073789 187.051699452 0.442842091835 0.96370609109 5.35676277139 306.184989594 321.534369719 239.478383494 0 1679.8848736 40.5765435821 253.15687962 22.4234564179 7.11512640314 53.4656302818
936 3.05399046027 31.8588790533 149.316454536 187.069002676 0.461454611096 0.114981951827 4.86845647497 307.486104286 321.343228524 232.325456205 0 1680.06086878 40.4156933266 247.572226289 22.5843066734 6.93913122222 53.6567714765
960 2.98455936777 25.2142396186 147.229549705 187.084751777 0.452673083298 0.283052898426 5.29008581874 306.889436422 321.660384365 240.377057225 0 1680.22225621 40.7722799836 241.613880222 22.2277200164 6.77774378554 53.3396156358
984 2.92322001423 26.7022411511 152.118092552 187.098793526 0.449762256277 0.448476967741 7.65875759878 304.344209651 321.542991836 231.653872742 0 1680.36060429 40.7017798275 239.148943375 22.2982201725 6.63939571243 53.4570081646
1008 2.85926509314 28.0890130724 148.134145577 187.113755289 0.452886919332 0.603236854701 1.66236049415 310.167760443 321.564719287 231.003501118 0 1680.50386909 40.5547974448 235.032305947 22.4452025552 6.49613090861 53.4352807134
1032 2.79548877889 29.1077192906 147.081761397 187.129178199 0.459286589965 0.699129303913 2.97639990054 308.736006006 321.481286017 225.876024402 0 1680.6474597 40.488479683 232.397155729 22.511520317 6.35254030426 53.5187139831
1056 2.73535163328 24.3847004051 152.418901316 187.144293299 0.467595054624 0.745299410367 4.00441749072 307.638394745 321.174804797 213.935811779 0 1680.78587955 40.7182744518 230.012264212 22.2817255482 6.21412044795 53.8251952039
1080 2.67695782423 26.2696844113 149.331289156 187.159587427 0.477780937204 0.832989022067 4.86372202648 306.665920587 321.152775723 203.683180461 0 1680.91686747 40.5764657472 228.950304183 22.4235342528 6.08313253013 53.8472242777
1104 2.62200357486 23.8487030565 149.582090992 187.174640581 0.490419147082 0.953596633371 5.25767468324 306.123668956 321.011861824 197.230193813 0 1681.04230414 40.6823585879 227.074122807 22.3176414121 5.95769585989 53.9881381761
1128 2.57290928091 22.2783850419 145.639750727 187.188740119 0.504351447303 1.0088249649 2.9181154079 308.379968061 321.243830459 197.952327841 0 1681.15488882 40.8340591845 226.456355567 22.1659408155 5.84511118111 53.7561695419
1152 2.5279949634 21.0918568383 146.792728183 187.202122023 0.502842541508 0.0890670027342 2.97173464891 309.234233784 321.365977456 204.943970605 0 1681.25723047 40.9203232996 219.138907624 22.0796767004 5.74276953481 53.6340225442
1176 2.48377425069 20.4873454124 142.882441499 187.215297327 0.492995781194 0.167120436258 4.07230501043 308.052281445 321.501639194 207.713560751 0 1681.35725776 40.9198088423 217.208204301 22.0801911577 5.64274224171 53.4983608065
1200 2.43952654296 23.0512951874 145.49375406 187.228484719 0.485679155782 0.271630429125 5.26590599531 306.748299701 321.373893768 201.44324866 0 1681.45629136 40.7163822812 213.560164699 22.2836177188 5.54370863671 53.6261062329
1224 2.39631803091 22.526747269 149.876000889 187.241441447 0.481427002551 0.365941898534 4.42215048124 307.48903917 321.097898917 192.812996926 0 1681.55430627 40.7185918839 209.189933511 22.2814081161 5.44569373295 53.9021010834
1248 2.3522502076 21.3196932421 144.880082205 187.254811245 0.479416599828 0.45398499583 2.90609852199 308.905688637 321.224249435 192.931854306 0 1681.65405236 40.7428346864 206.066806037 22.2571653136 5.34594763695 53.7757505654
1272 2.31175171784 20.2498552944 141.345624166 187.267298353 0.479506423051 0.508761496031 2.89326272173 308.851171006 321.382851275 196.02355093 0 1681.74658308 40.8498558255 203.190082779 22.1501441745 5.25341691635 53.6171487259
1296 2.26910447057 21.4818238103 146.436119846 187.280711906 0.481400201085 0.595446132922 3.39514137665 308.247300383 320.996161129 183.608052387 0 1681.84162811 40.6433978402 200.559863923 22.3566021598 5.15837188977 54.0038388713
1320 2.23013339747 19.3737784113 146.513979475 187.293269431 0.48544012839 0.673264354876 2.30324378311 309.244782303 321.024800818 179.320292268 0 1681.93193936 40.926723519 197.126860755 22.073276481 5.06806063895 53.9751991829
1344 2.1958397004 18.0966979616 143.666762788 187.304606529 0.490087512505 0.705610705323 2.44809648581 309.051598767 321.210980787 182.170551749 0 1682.01010071 40.9971107686 192.959170269 22.0028892314 4.98989929057 53.7890192137
1368 2.16123205176 19.0631607691 144.942639445 187.316350068 0.495738090012 0.757026965763 2.7324511644 308.698433712 321.092841859 177.185150419 0 1682.0880243 40.8964273095 190.039312852 22.1035726905 4.91197569917 53.9071581415
1392 2.12969150868 16.8317517951 143.348513929 187.32734992 0.502198291288 0.84214291424 5.39401140341 305.934297471 321.157719266 176.917973996 0 1682.16055408 41.1168793736 189.24503168 21.8831206264 4.83944592077 53.8422807343
1416 2.09863816602 16.8323952931 144.43662833 187.33850207 0.510280144186 0.890773069923 1.1168119925 310.143632723 321.049091115 172.499090131 0 1682.23086924 41.0967693653 185.605820294 21.9032306347 4.76913075899 53.9509088854
1440.0 2.0674526298 16.5638416396 143.365928738 187.350059934 0.519251991276 0.949281499845 2.94799298452 308.23341359 321.121609838 171.429669952 30 1682.30143611 41.0939389316 182.197865009 21.9060610684 4.69856388652 53.8783901626
1464 2.0405458645 15.6275073703 134.982973456 187.360348164 0.528026568013 0.992684911659 2.93712532678 308.181815029 321.67332109 187.938278338 30 1682.36325376 41.2463305225 177.98690881 21.7536694775 4.63674624003 53.3266789102
1488 2.01437786919 16.185407754 134.808193541 187.370601505 0.526672389431 0.0572898141208 1.82370437156 310.22173192 321.913291307 199.171620894 30 1682.42230661 41.1488469972 173.982414802 21.8511530028 4.57769338215 53.086708694
1512 1.9881765369 15.5112262063 134.858595188 187.380857094 0.517946642679 0.109330429197 4.84432428869 307.147541545 322.091783364 208.78587156 29 1682.48187468 41.2134232192 170.171708036 21.7865767808 4.51812531478 52.9082166363
1536 1.96275550578 15.9384049071 132.547045712 187.390785851 0.511121226973 0.203740997472 4.67060122333 307.223750701 322.255737485 217.952795843 28 1682.53936612 41.1478118521 167.515008668 21.8521881479 4.46063387945 52.7442625161
1560 1.93794287187 15.2920804813 133.388055837 187.400486849 0.505668903938 0.234188472928 1.55283873443 310.306817039 322.365381133 224.593795117 28 1682.59574736 41.2011615023 165.020146371 21.7988384977 4.40425263841 52.6346188671
1584 1.91455222037 14.7342182425 132.270332942 187.409653758 0.500950459234 0.259466266637 2.17365648481 309.656273031 322.520337665 232.081162348 28 1682.64908245 41.2836311586 162.646335329 21.7163688414 4.35091754716 52.4796623358
1608.0 1001.89194913 14.5404166732 132.244319004 187.418541532 0.496988689765 0.29488152958 2.64765040718 309.141937841 322.653694371 239.296295022 27 1682.70038242 41.2965558292 159.396100719 21.7034441708 4.29961757295 52.3463056297
1632 555.167210021 3129.0147807 142.998104582 189.163897804 3.62531788903 23.2315927763 70.7237032497 213.255488281 311.4640451 4695.79668436 27 1053.01556742 41.2977425713 143.327392692 21.7022574287 633.98443257 63.5359549005
1656 267.066843358 3824.84760694 173.173248882 197.241761419 8.21604150563 28.3585485827 71.6515130881 194.532135404 312.836912963 6269.87513348 27 1260.60832015 39.7165745398 256.630933173 23.2834254602 426.391679847 62.1630870377
1680 132.6877689 3475.42442406 186.471566032 207.215883116 9.34413133779 29.6985304449 72.1742499977 181.567205103 315.559342433 6296.50556385 26 1428.31632495 39.23658351 387.164388547 23.76341649 258.683675039 59.4406575674
1704 70.9491616332 2640.11036193 192.549885587 216.779874691 9.18660926226 20.261473892 58.6011829218 195.170859232 319.404640193 5673.55151602 26 1534.19926314 39.0601169717 505.082979475 23.9398830283 152.800736858 55.5953598079
1728 42.4355345447 1777.67725878 191.985212614 221.800091184 4.67701082715 21.3930686327 51.9133482455 200.21648111 324.777327354 4988.57929172 26 1591.99847714 39.0114029961 592.628538507 23.9885970039 95.0015228506 50.2226726467
1752 28.7444626401 1146.89413967 190.667092107 224.737401248 3.84461382679 18.7424720443 50.6326395086 202.042873371 330.368286031 4478.53710822 26 1621.99388247 39.0289197098 612.727245152 23.9710802902 65.0061175278 44.6317139699
1776 21.7468664744 757.403468948 199.182240161 226.15511515 2.7263568135 6.11258297066 46.4517058674 218.554239198 334.779403458 4124.99199126 26 1637.80572416 39.0871045822 616.596853386 23.9128954178 49.1942758321 40.2205965423
1800 17.6865867805 527.923497136 196.2872432 226.546579224 0.917951053088 4.15004457044 30.054340509 238.331084643 337.525383657 3869.63308095 26 1647.02220141 39.158162615 589.711079033 23.841837385 39.9777985842 37.4746163438
1824 15.0763767219 405.748010706 188.05443769 226.70226579 0.471076098583 1.00941286729 32.5283486946 239.288896549 339.10887785 3669.18985051 26 1652.93266688 39.2220847216 552.154477123 23.7779152784 34.0673331174 35.8911221504
1848 13.2724939485 313.528503355 185.568584152 226.810880684 0.645233171228 1.27212225744 19.2783445154 251.993419371 340.446432196 3527.3768713 26 1657.03317117 39.3069333206 520.688111982 23.6930666794 29.9668288194 34.5535678052
1872 11.9526184328 261.748889332 189.357379575 226.924417549 0.762157632475 1.26574941593 20.3999846591 250.647690743 340.957925827 3397.4351046 25 1660.01531993 39.3691491284 475.444067662 23.6308508716 26.9846800631 34.0420741738
1896 10.8676692512 231.103456411 184.672078447 227.035423056 0.802644953295 0.557200065617 15.2220239261 256.382707999 340.9008435 3237.75257706 23 1662.44157479 39.3890168916 454.183818136 23.6109831084 24.5584251985 34.0991565007
1920 9.90662686391 229.544299617 192.191140431 227.149405998 0.851925355728 0.765764010739 18.1035985502 253.129306085 339.445938934 2985.85172674 22 1664.56208875 39.325584621 460.718072246 23.674415379 22.437911238 35.5540610671
1944 9.09723991231 190.917597576 194.653084879 227.260816052 0.891546984547 1.40913481418 16.1292093943 254.309292754 339.155736447 2772.74108692 21 1666.40398946 39.4151062149 475.105611245 23.5848937851 20.59601053 35.8442635532
1968 8.43107616344 172.398392991 192.856211511 227.360759788 0.863066402961 1.00828742322 17.7223283443 253.045558041 338.668821437 2602.64313875 21 1667.90378163 39.4412841758 458.885750833 23.5587158242 19.0962183608 36.331178564
1992 7.82949162794 159.986020255 181.824575284 227.459131071 0.898950494482 0.962949272518 8.58045113479 262.098518027 338.055161723 2423.8084647 21 1669.24970977 39.4352049082 461.113961214 23.5647950918 17.7502902235 36.9448382773
2016 7.30480922425 148.404694899 183.556031482 227.552483089 0.886244879962 0.814725167681 8.89382704826 261.852719815 337.371675144 2253.55598565 21 1670.43157265 39.4511294844 462.508608449 23.5488705156 16.568427339 37.6283248563
2040 6.8376160414 129.129532413 184.622960077 227.638569656 0.846413472027 0.588178210174 6.12842039588 264.798418265 336.791153291 2102.90319805 20 1671.49326709 39.5219741269 450.736468079 23.4780258731 15.5067328996 38.2088467097
2064 6.41609188076 123.240509529 182.923687935 227.719225857 0.85498703011 1.31861297599 10.3109061122 259.796268024 335.696561256 1944.38283421 20 1672.4367034 39.5036525843 436.789376085 23.4963474157 14.5632965904 39.3034387447
2088 6.06797580024 103.421269749 184.879576654 227.790896302 0.844173500915 0.366649416324 11.7410850199 259.25719576 335.297371682 1809.46568249 20 1673.23750582 39.6449222382 431.86327187 23.3550777618 13.762494171 39.7026283188
2112 5.76240625078 97.5104695311 183.392848005 227.855677978 0.82873600703 0.104972862014 10.1466919073 261.063921245 334.442081568 1678.98515697 20 1673.92653829 39.6528650695 423.161472826 23.3471349305 13.0734617066 40.5579184331
2136 5.46820094306 88.881422354 184.464402636 227.919255239 0.796437276058 0.648357744198 6.29278989432 264.343159846 333.387855593 1542.82403516 20 1674.58760494 39.6625173957 416.214103772 23.3374826043 12.4123950538 41.6121444079
2160.0 5.22149631259 85.7756187573 173.0164717 227.974410041 0.800454095216 0.992353234495 4.21140540242 266.021377227 333.198410786 1450.41865608 50 1675.14891297 39.711793755 400.883087448 23.288206245 11.8510870198 41.8015892148
2184 5.0242112223 59.4720990328 156.454556238 228.020461191 0.784092489116 0.332689759941 6.11009370856 264.752662851 334.064395578 1445.05681332 50 1675.6119312 40.053614911 370.550161304 22.946385089 11.3880687882 40.9356044232
2208 4.86106327907 55.4532815672 152.485242577 228.058833535 0.767490729285 0.529228331449 3.0799653285 267.564482076 334.150786829 1422.09870597 49 1675.98224733 40.1185364969 346.239421508 22.8814635031 11.0177526584 40.8492131721
2232 4.71453003138 51.6578176669 150.762905522 228.09386849 0.759571281208 0.641947083205 3.22268662798 267.281926518 334.189052135 1402.91291198 47 1676.31515582 40.2009455702 321.422619108 22.7990544298 10.6848441657 40.8109478655
2256 4.5800036534 48.2718888946 148.95770429 228.126780929 0.757207518828 0.767299616365 2.65400328715 267.694708649 334.115638601 1380.43383663 47 1676.61950567 40.2515139858 300.646042196 22.7484860142 10.3804943176 40.8843613994
2280 4.45430778982 47.0600951686 147.549179313 228.158424441 0.759467676017 0.84464038767 2.71389006642 267.523577429 333.943895928 1351.99263686 47 1676.90285486 40.2539652664 283.205902511 22.7460347336 10.0971451307 41.0561040725
2304 4.33535896608 45.0865906511 148.912181734 228.18934967 0.764442431054 0.928832190434 2.44326254118 267.674113167 333.711127412 1319.98175291 47 1677.17143257 40.2811576723 266.905955696 22.7188423277 9.82856742394 41.2888725891
2328 4.22553349857 42.9825558814 147.428344978 228.218915684 0.772745866562 1.06515945558 6.48840492265 263.454774071 333.571255367 1289.8609341 46 1677.42018857 40.3320032292 253.450914231 22.6679967708 9.57981142027 41.4287446338
2352 4.12446952452 40.1497309862 147.160726343 228.246769728 0.757228373305 0.229185658877 2.96394298486 267.802873256 333.383705383 1261.25427039 46 1677.64966361 40.4151140158 239.494245192 22.5848859842 9.35033637777 41.6162946177
2376 4.02954340483 38.2140771049 146.036486985 228.272922572 0.741137136364 0.343247009299 2.17041640475 268.472276877 333.216203066 1233.22112015 45 1677.86433963 40.4620522878 226.959035312 22.5379477122 9.13566035507 41.7837969348
2400 3.9370322609 38.3911577438 145.103605426 228.298523164 0.729334122184 0.46776144366 4.32059209848 266.183789172 332.944694531 1199.28882712 45 1678.07211384 40.418132542 217.610672522 22.581867458 8.92788614832 42.0553054702
2424 3.84950638217 35.8572192273 146.138094155 228.322994954 0.72269577593 0.591035988788 5.15836020152 265.20491308 332.641852184 1164.1743231 44 1678.27076478 40.504539498 209.172917158 22.495460502 8.72923520623 42.3581478164
2448 3.76626537279 36.766728009 144.836987406 228.34665219 0.721161405236 0.756703086187 4.64532394442 265.530159374 332.389812479 1129.75377422 43 1678.45824032 40.4765144912 200.62593601 22.5234855088 8.54175967209 42.6101875218
2472 3.68526769037 33.4334498443 146.424833534 228.370202889 0.72361656803 0.847732766483 4.22022485688 265.83822292 332.076893672 1094.49155759 41 1678.64190795 40.5664869816 193.798617412 22.4335130184 8.35809204463 42.9231063289
2496 3.61045381041 32.4124258049 145.531847241 228.392540742 0.729094902175 0.961962651499 6.24220172287 263.674199982 331.748326918 1061.4558308 41 1678.81101771 40.5924254368 185.673671552 22.4075745632 8.18898228266 43.2516730829
2520 3.53828182609 30.9496683074 148.072967962 228.41451456 0.716498688669 0.0920355380722 5.15815492534 265.618796288 331.378176519 1023.89313885 41 1678.97446237 40.6494336455 179.178478779 22.3505663545 8.02553761555 43.6218234818
2544 3.47064075045 30.1861904911 146.610158669 228.435019894 0.700637900716 0.211119495222 1.74847288687 268.904749823 331.11622427 990.041361789 40 1679.12736087 40.6709953842 174.166752702 22.3290046158 7.87263912136 43.8837757311
2568 3.40364582503 29.6745603946 146.872680753 228.45530461 0.687231210261 0.260749021414 1.54804408618 269.048671072 330.687951744 950.334341035 39 1679.27835614 40.6683565821 172.482728165 22.3316434179 7.72164384847 44.3120482564
2592 3.34099437089 28.0208119227 145.02573014 228.474299907 0.676491893066 0.342876442012 1.90717406974 268.599157688 330.45323027 920.468341519 39 1679.42072984 40.7608179734 166.23187594 22.2391820266 7.57927015238 44.5467697312
2616 3.28049548318 27.3718311916 145.562298041 228.492723055 0.667990643833 0.39120904125 3.20486033733 267.243216923 330.096323135 887.381599892 39 1679.55737027 40.7762264548 161.393177425 22.2237735452 7.44262972062 44.9036768655
2640 3.22248599057 27.5039533743 142.826422735 228.510512798 0.661895908832 0.473874141616 1.25250783852 269.101209313 329.951852939 861.73979961 38 1679.68835456 40.7682624427 155.977526613 22.2317375573 7.3116454335 45.0481470615
2664 3.16304013497 27.4771925327 141.59424625 228.528930878 0.65734877121 0.536187205881 2.65008155386 267.627451591 329.60894276 830.055901899 38 1679.82177803 40.7036584355 155.790113157 22.2963415645 7.17822195581 45.3910572412
2688 3.10573473311 27.4803238195 143.175052533 228.546918812 0.654659285832 0.580561373831 2.94229046575 267.275570063 329.243870624 800.315236942 37 1679.9513659 40.7165296819 150.858636237 22.2834703181 7.04863409014 45.7561293765
2712 3.05071957315 27.466818028 145.924365861 228.564446902 0.653172928439 0.620340785566 2.07429484017 268.087744544 328.839134003 767.606548065 37 1680.07575693 40.7164945292 146.263964773 22.2835054708 6.92424305774 46.1608659982
2736 2.99737571659 24.5415897492 142.384237574 228.581721407 0.652630151561 0.649799493584 3.13000380167 266.985845147 328.689246063 743.073510402 36 1680.19717067 40.852234261 144.871372505 22.147765739 6.80282932334 46.310753938
2760 2.94732063615 25.4229743362 142.292833599 228.598214673 0.653523676287 0.725525039077 3.76598022922 266.256756383 328.368716041 715.44832065 35 1680.31002508 40.8054352777 141.686300801 22.1945647223 6.68997491264 46.6312839596
2784 2.89722342672 23.7882350376 143.251725909 228.615051589 0.656127765524 0.774987088006 1.57090999893 268.382923559 328.134548401 689.710514494 35 1680.42345297 40.8579070159 139.710688151 22.1420929841 6.57654701805 46.8654515999
2808 2.84893551689 24.6311954476 139.938960282 228.631633809 0.659471949863 0.807305121466 1.27162410631 268.629965013 327.921313264 668.849061559 34 1680.53223621 40.7926881926 136.890965914 22.2073118074 6.46776377725 47.0786867371
2832 2.79951299745 24.4777774477 142.938058355 228.648997699 0.663607038643 0.833763993521 2.26001698989 267.593614279 327.489563265 640.950264535 31 1680.6433243 40.7342242428 134.25782727 22.2657757572 6.35667568792 47.5104367358
2856 2.75236517706 24.1040271902 141.469630001 228.66596634 0.668772676437 0.911602825999 3.9340437565 265.819614401 327.247375955 617.085500705 29 1680.75029263 40.7752610254 132.793914168 22.2247389746 6.24970735653 47.7526240463
2880.0 2.70738765321 22.7294712515 141.292436436 228.682576718 0.675706522375 0.989320872183 3.3970733123 266.255322576 327.087011018 597.061193657 58 1680.85253146 40.8489748221 129.493386004 22.1510251779 6.14746852954 47.9129889832
2904 2.66438405918 22.1223497557 137.974943082 228.698899404 0.68372588111 1.0403763314 2.72163314621 266.855365238 326.950043063 583.042388347 57 1680.95005382 40.8797037038 126.380365232 22.1202962962 6.04994617135 48.0499569378
2928 2.62426309794 20.5781002706 137.128644075 228.714448889 0.677872069227 0.115127574748 2.70190371234 267.790647755 326.869117757 570.276858955 56 1681.04165139 41.0206237216 123.439143034 21.9793762784 5.95834859786 48.130882244
2952 2.58603764144 20.155415065 136.796693665 228.72923625 0.665998006558 0.149539005946 1.58036981522 268.874856923 326.764497879 557.653080009 55 1681.12825497 41.0446860109 121.635662585 21.9553139891 5.8717450215 48.2355021227
2976 2.54894947637 19.7708339451 135.996418398 228.743548928 0.655194388168 0.172692067809 1.38704383822 269.041520779 326.636804714 546.336948717 54 1681.2122516 41.0647701901 118.959014011 21.9352298099 5.78774839223 48.3631952868
3000 2.51285530352 19.4602742139 135.284538186 228.757459221 0.64549953739 0.215772254095 1.07701398307 269.304255005 326.544292919 536.127183754 53 1681.29396574 41.0769365519 116.41873373 21.9230634481 5.70603425113 48.4557070821
3024 2.47711887818 19.384488042 135.145355715 228.771232294 0.636793518326 0.263619776163 3.77992423315 266.548430179 326.40787679 525.115455383 53 1681.3746895 41.0563799429 114.005212955 21.9436200571 5.62531048746 48.5921232115
3048.0 1002.44213618 18.9544170913 135.492699064 228.784738355 0.629542656796 0.322719706807 4.41583943444 265.847159848 326.256125735 513.410669409 53 1681.45398562 41.0845574289 111.710015025 21.9154425711 5.54601437085 48.7438742665
3072 601.91110435 2622.02914163 134.573474193 230.03464832 4.35229099369 16.2930741098 58.5054484256 190.814538152 319.816228709 5756.47409038 53 1033.47343796 41.9027541494 39.184540774 21.0972458506 653.526562028 55.1837712927
3096 357.13589926 2875.58064112 153.820395256 232.86513966 2.78295800424 13.0346286336 61.7135333188 189.603740384 329.015826514 9246.56425252 53 1186.68906224 40.4394998972 57.634986007 22.5605001028 500.310937755 45.9841734872
3120 236.077978917 2587.48209237 161.972701613 234.715970272 3.14580201607 14.3280926928 55.9579352861 191.852199734 337.262529137 11746.6104794 51 1303.42627535 39.9736860086 90.430695953 23.0263139914 383.573724642 37.7374708643
3144 170.697636401 2197.00720242 173.276354626 235.665444575 2.03518851588 8.6688028748 42.6149524896 211.015611546 343.43990665 13551.2371713 51 1384.45892771 39.7762140813 111.840944289 23.2237859187 302.541072283 31.5600933518
3168 132.189266882 1844.02728331 173.078296119 236.516057472 1.86637110564 6.24557023122 28.7644326668 226.607568525 348.153272926 14958.2626397 50 1439.9175746 39.6861148728 110.723563516 23.3138851272 247.082425389 26.8467270757
3192 107.60878952 1574.9257435 175.676758494 237.00967788 1.13717867729 7.29121675549 25.1106327516 229.451293936 351.585372848 16028.9374613 50 1478.76952459 39.6400189087 112.323373337 23.3599810913 208.230475399 23.4146271539
3216 90.5809598617 1387.88752994 176.931518088 237.195704147 0.788272259513 2.38981655577 32.1446149433 227.481592095 353.909722887 16840.2171435 49 1507.34043233 39.5998564713 127.237121594 23.4001435287 179.65956766 21.0902771141
3240 78.0354378252 1240.6105373 182.856333035 237.39926223 1.09668406558 2.93159114759 21.0694298452 237.503032713 355.588267961 17474.8635205 48 1529.33116292 39.566761822 139.056644235 23.433238178 157.66883707 19.4117320401
3264 68.5408787723 1099.32783867 183.217692029 237.483914857 0.403559221737 0.606942571674 19.5522329143 241.953350437 357.103777601 18023.4432674 47 1546.5823104 39.5594781184 138.907703318 23.4405218816 140.417689596 17.8962224007
3288 61.108519612 1013.14803672 179.235444088 237.561835108 0.501510518108 1.53098251902 18.2894991469 242.116172709 358.177993783 18437.8435795 45 1560.39619434 39.5345280955 160.695014488 23.4654719045 126.603805647 16.8220062189
3312 54.9070372493 972.278611659 183.282430526 237.656589925 0.663929567596 1.39479672931 18.813974952 241.470708827 358.704787408 18724.1642425 45 1572.11253812 39.4839856695 174.18499618 23.5160143305 114.887461875 16.2952125935
3336 49.7511743621 895.959053176 185.823162685 237.755485893 0.668013221221 0.877068973238 18.2381256792 242.461306234 359.43936129 18973.2156755 44 1582.08593898 39.4732424952 174.390795013 23.5267575048 104.914061008 15.5606387113
3360 45.4006540131 833.383688009 186.888280977 237.850452623 0.696138669439 1.0147437778 14.4883838695 245.950281061 359.945352381 19143.2928608 43 1590.60596442 39.453093775 188.830268878 23.546906225 96.3940355673 15.0546476209
3384 41.652795964 779.964855066 183.960941875 237.939941123 0.708320544458 1.33606447139 10.3250283708 249.690645491 360.381177835 19258.6401333 43 1598.04066724 39.4349908973 203.25535036 23.5650091027 88.959332755 14.6188221669
3408 38.4434329227 738.056903062 183.33126056 238.029051833 0.751877541303 0.652149602142 14.7187945308 245.848126493 360.801993604 19343.0254083 43 1604.48273643 39.4194974403 210.954382792 23.5805025597 82.5172635637 14.1980063972
3432 35.6928630291 676.390693743 184.887846482 238.11473332 0.793196938448 1.0167844903 14.6902347562 245.385050496 361.292137772 19431.5667747 42 1610.07903817 39.4318663536 204.27483699 23.5681336464 76.9209618163 13.7078622297
3456 33.2944998228 645.676881957 183.00080543 238.198845255 0.808740990085 0.127299751662 11.4064064622 249.458707542 361.589431646 19461.1448596 42 1614.97592165 39.4181718574 205.034243536 23.5818281426 72.0240783454 13.4105683552
3480 31.1673397007 621.65017283 181.133525101 238.27737218 0.780871050257 0.182756174389 6.98795457993 253.771046016 361.8342822 19445.468421 42 1619.350031 39.406143188 219.962524318 23.593856812 67.6499689939 13.1657178019
3504 29.2424335551 586.462937941 183.365425554 238.350522619 0.76277562312 1.00746691777 7.12395423255 252.755280609 361.985054498 19418.8299314 42 1623.33077451 39.3946510611 220.282813614 23.6053489389 63.6692254849 13.0149455035
3528 27.5540214366 536.418719146 185.01840329 238.420486563 0.813094235832 0.808592933988 12.4292520642 247.528574204 362.345745077 19408.0116598 42 1626.86604948 39.4166779952 211.682176658 23.5833220048 60.1339505089 12.6542549245
3552 26.0424197424 525.000119481 189.453707794 238.489757925 0.815451628899 0.501128815185 11.8953277587 248.298333873 362.406173901 19330.6118909 42 1630.02003628 39.3912681508 208.909013755 23.6087318492 56.9799637104 12.593826101
3576 24.685732943 499.326531746 183.430350569 238.555006732 0.818696438824 1.11020600113 7.39057616786 252.125514661 362.628302365 19257.9382664 42 1632.8785904 39.3974984937 217.906374238 23.6025015063 54.1214095884 12.3716976361
3600.0 23.4535310084 466.777201948 185.878195854 238.617068794 0.793575942562 0.57946607643 7.35749802613 252.652391162 362.818058335 19193.3102009 71 1635.48650246 39.4087401014 209.402554837 23.5912598986 51.5134975291 12.181941666
3624 22.4441166028 373.575153197 177.611731507 238.669277659 0.792890573724 0.959326835212 6.63762135461 252.940883579 363.523323966 19268.6725011 71 1637.67602074 39.548920547 168.151575271 23.451079453 49.3239792456 11.4766760352
3648 21.6217787561 328.413079554 173.693938731 238.713392612 0.77377476494 0.260860065214 2.54640434508 257.705568214 363.952188157 19323.0929466 71 1639.44428471 39.6318221188 135.776691381 23.3681778812 47.555715283 11.0478118445
3672 20.9035645946 309.770812563 172.558140328 238.752020161 0.752558175393 0.446856469182 5.3225013384 254.726063857 364.161233387 19343.7450949 71 1640.97982628 39.6662257834 117.887353737 23.3337742166 46.0201737132 10.8387666143
3696 20.2440124291 290.939305791 172.1293483 238.787923154 0.742068960238 0.621598624024 4.42367026925 255.424738993 364.294418431 19354.7652661 71 1642.38905483 39.6900574682 102.925591015 23.3099425318 44.6109451591 10.70558157
3720 19.6426649773 274.374969534 172.093977305 238.821443862 0.741955980677 0.859669887911 5.62833112227 253.948599148 364.4446522 19356.417871 68 1643.67816567 39.7231169904 94.444888359 23.2768830096 43.3218343222 10.5553478011
3744 19.0774437254 268.904649327 171.682045163 238.854057631 0.740644561679 0.0811257273802 4.49675246208 255.827419619 364.47991852 19335.8468801 68 1644.8850237 39.7144618649 88.2485275322 23.2855381351 42.1149762868 10.5200814808
3768 18.5417779646 263.240578877 172.037403367 238.885169612 0.717786574552 0.314314161676 6.13007796595 253.952651687 364.531583621 19307.1918202 68 1646.03219341 39.7145981438 80.7274733292 23.2854018562 40.967806582 10.4684163801
3792 18.0370343742 250.400450739 174.043407572 238.914613919 0.706342003453 0.543268850997 5.39801336383 254.437761864 364.586575408 19273.0580416 66 1647.11705928 39.7329460959 75.7169051225 23.2670539041 39.8829407109 10.413424593
3816 17.5664722656 242.649362089 173.825056825 238.942540272 0.703143010039 0.689217533609 4.35614601066 255.308953175 364.648549369 19230.3189063 64 1648.12941797 39.7440844648 72.807021705 23.2559155352 38.8705820194 10.3514506325
3840 17.1194272678 235.379376317 172.935597765 238.969756519 0.7056762673 0.860068836307 3.99183426656 255.472664112 364.680580645 19179.835864 63 1649.09143787 39.750130909 71.6384022659 23.249869091 37.908562115 10.3194193557
3864 16.695818185 227.878580749 173.552981764 238.99641652 0.713649028192 0.965505108156 2.46032164202 256.864107702 364.717234593 19127.0836004 63 1650.00462691 39.7566258002 67.0823452856 23.2433741998 36.9953730742 10.2827654084
3888 16.2918615833 224.432313682 172.981824914 239.022625346 0.704831533879 0.0851839789646 4.73107842651 255.456280716 364.721751424 19059.4022286 62 1650.87505907 39.7487915425 68.1969371089 23.2512084575 36.1249409219 10.2782485774
3912 15.8997478271 221.04326884 172.528050057 239.048007321 0.685149731028 0.205275520343 1.98501775948 258.076549669 364.71309475 18984.6451374 61 1651.72053527 39.7389905136 66.4466849131 23.2610094864 35.2794647215 10.2869052512
3936 15.5186039287 222.479340744 172.950933971 239.072654795 0.670220924488 0.33797332849 4.16285760242 255.756293351 364.67721727 18894.9701953 61 1652.54259451 39.7202323097 63.9012268901 23.2797676903 34.4574054788 10.3227827314
3960 15.1456111078 215.902189163 175.15236334 239.096917839 0.660121928596 0.436371263962 4.42092291303 255.385666056 364.642806758 18792.6277675 61 1653.34963107 39.7205154977 67.5235769385 23.2794845023 33.6503689164 10.3571932426
3984 14.7968665519 208.609763336 173.922204426 239.119878894 0.654833632605 0.564386352301 4.20525788145 255.45564324 364.685891577 18698.0169091 60 1654.10761061 39.7390406557 68.9320147256 23.2609593443 32.8923893796 10.3141084239
4008 14.4577274714 204.943115695 171.708046047 239.142630578 0.654389972215 0.715389815073 3.88648610884 255.601103527 364.669080949 18592.5039809 58 1654.84175049 39.7227487504 73.1483072634 23.2772512496 32.1582495019 10.330919052
4032 14.1345826367 202.597521916 174.378178158 239.164874412 0.658214572015 0.817088949779 3.42712060145 255.932701466 364.63424085 18475.90234 58 1655.54350978 39.718257081 80.5227331554 23.281742919 31.456490214 10.3657591513
4056 13.8192815389 197.972493684 175.065933985 239.187258613 0.665262219513 0.918243572933 3.9402725383 255.288963058 364.6005594 18358.9314863 58 1656.2285571 39.7159647407 84.6865848337 23.2840352593 30.7714428853 10.3994406011
4080 13.5150334008 196.844667985 175.319414016 239.20957285 0.664555468065 0.0910488718735 5.21654822557 254.818274586 364.547076822 18229.6278059 58 1656.88983344 39.7035939041 91.7047756968 23.2964060959 30.1101665509 10.4529231794
4104 13.2200256278 193.478329112 174.130596592 239.231280363 0.647544440753 0.192980944454 3.60994665894 256.318247594 364.518627158 18102.9118154 57 1657.53195725 39.6982922943 95.805248264 23.3017077057 29.4680427384 10.4813728433
4128 12.9354728791 188.277616834 173.536444773 239.252196365 0.634824396119 0.318156521598 5.82500709117 253.969815628 364.512810009 17979.1168985 55 1658.15333227 39.7082772736 93.7855299022 23.2917227264 28.8466677165 10.4871899919
4152 12.6601181606 184.304333048 176.198134759 239.272536011 0.625875827308 0.376408775779 2.06927972998 257.655899657 364.455872356 17838.1292983 55 1658.75422886 39.7064863684 98.9331056698 23.2935136316 28.2457711334 10.5441276449
4176 12.3915660791 186.555190986 175.109685971 239.29254479 0.618780617326 0.44191998195 3.26444087135 256.38231374 364.387312522 17695.5472712 53 1659.33850067 39.6746862323 97.833597082 23.3253137677 27.6614993195 10.612687479
4200 12.1233294872 186.117184812 174.76587659 239.312770559 0.613714914665 0.477278031106 0.685838243892 258.910398252 364.320855551 17537.2925119 52 1659.92403861 39.6632612031 102.748483846 23.3367387969 27.0759613784 10.6791444499
4224 11.8592636841 184.071942107 175.756386413 239.332975657 0.609912728889 0.537081434873 5.10790025253 254.412129928 364.234256421 17376.0414562 52 1660.50076926 39.6509694087 103.026485569 23.3490305913 26.4992307331 10.7657435802
4248 11.6053009314 178.84426199 175.728041352 239.352762852 0.609307230404 0.622750884196 2.32302967914 257.092149355 364.19545585 17217.5178896 51 1661.05779956 39.6591376324 101.934560019 23.3408623676 25.9422004309 10.8045441513
4272 11.3641770695 170.677359614 174.877088255 239.371974575 0.611292467789 0.727599237451 3.2390248913 256.050108829 364.19094632 17057.7061485 51 1661.58797109 39.6790460457 108.586054341 23.3209539543 25.4120289 10.8090536814
4296 11.1357478686 169.845802302 176.954660306 239.390653818 0.615383541476 0.766912907121 3.01142979282 256.215619942 364.129128631 16894.0868341 51 1662.08973591 39.6817123586 109.755873806 23.3182876414 24.9102640816 10.8708713699
4320.0 10.904213972 169.528811561 178.304910429 239.410138583 0.621536232152 0.858479694068 3.94514598794 255.164699504 364.010913561 16716.730995 80 1662.59597363 39.6571933781 111.760152042 23.3428066219 24.4040263639 10.9890864403
4344 10.6951265622 150.613857759 172.764752222 239.428298638 0.629344753174 0.921598042022 3.29055563702 255.730202931 364.06997327 16587.8496893 78 1663.06143702 39.752130243 103.469670408 23.247869757 23.9385629711 10.9300267317
4368 10.5027662738 144.684231388 171.154709946 239.445543164 0.637579897761 0.950590007897 3.23252223938 255.733764692 364.084075911 16448.7395824 74 1663.48597693 39.7797508366 98.3422887103 23.2202491634 23.5140230603 10.9159240899
4392 10.3183093732 140.66691196 169.883544679 239.462604043 0.646364866018 0.986142140578 0.991641952782 257.913246999 364.061493092 16309.0881944 72 1663.89234944 39.793185776 92.1190842094 23.206814224 23.1076505569 10.9385069092
4416 10.1409392959 136.815837515 170.812422654 239.479530816 0.655263970316 0.999752539444 1.646100716 257.219351959 364.015123277 16165.9687832 70 1664.28332059 39.8065417901 85.8795739022 23.1934582099 22.7166794036 10.9848767245
4440 9.96797530698 133.989275881 170.131276944 239.496556609 0.664419732376 1.03218337418 3.20810534287 255.598734943 363.962262828 16015.942363 70 1664.66436583 39.8122712876 83.2539651027 23.1877287124 22.3356341603 11.0377371729
4464 9.79706797158 136.269926902 169.427212365 239.513730022 0.655120813574 0.0917880124213 2.80572521866 256.933635934 363.872021913 15859.161585 69 1665.03954911 39.781013912 78.1965382385 23.218986088 21.9604508809 11.1279780886
4488.0 1009.63093442 132.737488364 170.577512587 239.530359494 0.641540509173 0.13733779465 2.37124083031 257.319521373 363.799193832 15699.0020891 69 1665.40612525 39.7907905615 78.3630870875 23.2092094385 21.593874742 11.2008061692
4512 816.772564254 3248.7627438 154.127915989 239.750376951 0.885981880668 2.79503789387 34.2310623028 222.337540973 347.151745792 21109.2325996 67 956.265216115 42.103221135 30.0653462566 20.896778865 730.734783877 27.8482542095
4536 608.765725234 3869.22381102 159.376602789 240.060532989 1.07051635908 3.90951571636 33.887042179 221.072392757 347.120901242 25509.424396 67 1037.09219495 40.8543665408 44.2204623333 22.1456334592 649.907805037 27.8790987593
4560 463.492054766 3807.84375423 165.437605499 240.42923602 1.08444664923 9.11498151522 37.2026523277 212.168683489 350.015139963 29319.4806865 67 1117.12874681 40.3731185989 52.9065761957 22.6268814011 569.871253183 24.9848600382
4584 366.132086307 3519.58509473 169.09365478 240.918069337 0.930063567433 5.32261673668 37.0211015176 215.808148842 353.153931156 32602.3476949 67 1186.92282361 40.1313446509 62.645267727 22.8686553491 500.077176382 21.8460688456
4608 299.420238896 3200.78137817 171.610390417 241.17871964 1.42064272897 3.95792593982 30.3733632938 223.069348399 355.826941953 35441.8907042 66 1244.89454157 39.9860069299 56.2097055326 23.0139930701 442.105458423 19.1730580482
4632 251.989426539 2904.9139481 175.765266094 241.518575224 0.0253248428168 3.44615578959 31.1299995812 223.879944564 358.000822759 37877.6824483 65 1292.42643965 39.8929949905 64.2786718377 23.1070050095 394.57356034 16.9991772418
4656 217.038171417 2616.37768469 175.008650712 241.603309869 0.717353510165 4.40367966051 19.6862068132 233.589450148 359.844254054 40056.4333597 65 1331.46453317 39.8373356697 65.7891338871 23.1626643303 355.53546682 15.1557459474
4680 190.572345961 2394.71132191 176.597613438 241.794799348 1.11230233267 1.83492016039 17.2592166284 237.998761532 361.285011561 41973.4794698 63 1363.56914867 39.7921866157 71.9206601775 23.2078133843 323.430851323 13.7149884398
4704 169.832626877 2197.79252183 175.938830744 241.86049923 0.274134512809 1.55653337834 15.6853983758 240.623434504 362.477996181 43703.3629818 62 1390.43847526 39.7606391199 72.3623504138 23.2393608801 296.561524731 12.52200382
4728 153.18335059 2044.32472604 177.291553007 241.914885763 0.417103466686 0.858450624795 16.3828291839 240.426730963 363.410376686 45245.1786074 61 1413.16574818 39.7281710395 77.9022182173 23.2718289605 273.834251812 11.5896233153
4752 139.440953088 1912.01264838 177.648311203 241.976248572 0.454250472425 1.00827167007 11.1100304897 245.451198797 364.16449537 46623.733534 60 1432.76333722 39.7003466428 72.1654309063 23.2996533572 254.236662769 10.8355046308
4776 127.985599945 1793.18191509 180.528158115 242.03919967 0.499908331988 0.376957546571 10.1580404792 246.925893973 364.839565215 47873.1472643 60 1449.72624437 39.6808537967 78.1121223284 23.3191462033 237.273755618 10.1604347861
4800 118.310343003 1684.15550002 178.494668575 242.10024413 0.543756627674 0.551519724945 8.84585534286 247.958624175 365.440221282 49027.6209202 59 1464.51517002 39.6674011625 84.4288998798 23.3325988375 222.484829973 9.55977871912
4824 109.964868521 1610.07999366 176.759040027 242.162082389 0.59151614994 0.740326421815 11.3725320516 245.133542989 365.882075984 50055.0699985 58 1477.59843864 39.6415409467 89.0180591695 23.3584590533 209.401561351 9.11792401757
4848 102.668505518 1536.30406932 179.597547266 242.224143614 0.611767843832 1.02491049116 10.044320987 246.094857065 366.260425512 50991.6394756 56 1489.31414842 39.6192875544 98.4424550371 23.3807124456 197.685851569 8.73957448889
4872 96.2248350741 1463.42856605 178.503844629 242.284141487 0.621621551768 0.261424903823 11.3617133322 245.471098726 366.622621085 51855.0426236 55 1499.88940491 39.6053349374 99.8441371362 23.3946650626 187.11059508 8.37737891666
4896 90.5193267966 1410.05493918 177.955335031 242.341086683 0.630040080948 0.21533396125 11.8273342103 244.986205066 366.909914227 52630.6170144 55 1509.42049557 39.5826573998 102.643330268 23.4173426002 177.579504422 8.09008577382
4920 85.4463418736 1347.28035289 183.263666032 242.395127774 0.629850113902 0.962092284203 7.40659347487 248.606336354 367.202896037 53344.472904 55 1518.05296303 39.5737988417 120.475380541 23.4262011583 168.947036967 7.79710396461
4944 80.8824341823 1297.65188565 184.338718577 242.448546451 0.672733886179 1.39113805324 8.414673918 247.072907693 367.441540115 54015.9639528 53 1525.92872952 39.5585329669 107.004618529 23.4414670331 161.071270472 7.55845988614
4968 76.7728268535 1258.3741353 182.411951392 242.502498395 0.692166433121 0.114134303184 10.8379491427 245.853251727 367.674228999 54601.1097567 53 1533.12086112 39.5454785389 127.191670972 23.4545214611 153.87913887 7.32577100208
4992 73.0189469755 1205.44250757 179.8258718 242.55363484 0.676708610396 0.79248956137 7.6844257336 248.292741256 367.890181922 55175.3382719 53 1539.77379922 39.5359824741 124.97941381 23.4640175259 147.226200772 7.1098180793
5016 69.5903681102 1176.2281895 179.048002095 242.602953948 0.681618632907 0.32001607024 7.98761673852 248.407794612 368.054326477 55677.9569778 51 1545.91339566 39.5178571802 127.833472832 23.4821428198 141.086604335 6.94567352371
5040.0 66.4239174268 1153.85371854 184.080072063 242.650073253 0.673658137915 0.857153965146 10.7272352144 245.09187943 368.163463895 56112.4869625 81 1551.64009152 39.496503858 128.564873617 23.503496142 135.359908475 6.8365361065
5064 63.6579577403 997.672240343 178.974538293 242.692870706 0.659091382765 0.317848814715 6.09572050761 250.23446859 368.638901184 56730.270081 79 1556.76418199 39.5759867447 88.9188293592 23.4240132553 130.235818003 6.36109881711
5088 61.3071560089 916.463660258 177.646771961 242.729690394 0.647795731147 0.540831100492 3.05815901363 253.023523761 368.979799938 57291.5511757 76 1561.13339773 39.6230333701 68.6584774631 23.3769666299 125.866602267 6.02020006332
5112 59.1965639842 871.317848035 176.267814511 242.763666245 0.646746055399 0.706347239555 4.112933947 251.770306513 369.182193801 57802.1951447 74 1565.06453287 39.6398183676 59.3043456309 23.3601816324 121.935467121 5.81780620079
5136 57.2655100649 834.528059766 176.995132301 242.796020644 0.656616204503 1.02330475247 7.11604951593 248.408008884 369.339872009 58284.9829096 71 1568.68023805 39.6491453078 55.7248014722 23.3508546922 118.319761945 5.66012799281
5160 55.4741106236 813.360247836 177.663045286 242.826967691 0.639325862024 0.29351526759 4.76469529104 251.475495889 369.448768751 58728.4362823 71 1572.04870068 39.6454168794 57.4878399168 23.3545831206 114.951299311 5.55123125
5184 53.7801721233 794.498415098 176.294127162 242.856393465 0.627054375527 0.465894318673 6.30138079121 249.74927705 369.543118216 59141.1871541 69 1575.24962202 39.6382918457 61.4556304054 23.3617081543 111.750377976 5.45688178554
5208 52.1971731898 773.127259114 175.802434609 242.884429734 0.625899899483 0.69297189333 4.26175256202 251.534945912 369.645484645 59540.5013362 68 1578.25960887 39.6367228447 65.5776154679 23.3632771553 108.740391128 5.3545153567
5232 50.7030444574 759.645713148 176.047177541 242.911793958 0.631203021668 0.827359397445 6.06789135204 249.561752271 369.713863389 59917.2788168 68 1581.11102893 39.6256993563 61.2892839927 23.3743006437 105.88897106 5.28613661282
5256 49.2944886287 737.134012194 175.771986926 242.93869547 0.639406288858 0.0387532903262 6.37700539612 250.006139556 369.8107184 60279.8877798 67 1583.81685202 39.6274719397 60.2223847183 23.3725280603 103.183147978 5.18928160148
5280 47.9649264263 723.385877211 175.696235853 242.964474615 0.618820363432 0.193600943351 4.56836963467 251.654734444 369.884475247 60616.8084911 66 1586.37970278 39.6216852986 57.9755413849 23.3783147014 100.620297216 5.11552475424
5304 46.7043022618 709.271065062 176.177293753 242.988903767 0.605292171005 0.343648901406 3.479387978 252.582767183 369.954414999 60927.2311167 66 1588.82067198 39.6181351125 63.3078346973 23.3818648875 98.1793280178 5.04558500261
5328 45.5030782238 688.901222317 176.664720349 243.012398811 0.597795704641 0.461420445895 3.2170374861 252.711347553 370.01838485 61222.5607873 65 1591.15581285 39.6162107328 72.6520419822 23.3837892672 95.8441871475 4.98161515145
5352 44.3610009468 681.871810206 178.189712305 243.035120115 0.594635308298 0.556958071394 0.742775448749 255.070511057 370.063466257 61496.618921 64 1593.38245097 39.6048668651 71.9528325454 23.3951331349 93.6175490274 4.93653374444
5376 43.27063118 666.138648957 179.846041722 243.057298095 0.593931592014 0.614095478116 3.13395407185 252.600720764 370.122889562 61759.0995145 64 1595.51906882 39.6039622695 72.2074547573 23.3960377305 91.4809311713 4.87711043933
5400 42.2322337048 653.16589977 182.664508191 243.078980943 0.597208049828 0.764549590409 4.09794951697 251.4613119 370.170978823 62001.8296175 64 1597.56006365 39.600081792 67.2819986527 23.399918208 89.4399363465 4.82902117837
5424 41.2514393883 632.357540206 180.635427341 243.100150249 0.604317806773 0.829626806774 1.9170182355 253.548886902 370.247530167 62241.2646752 64 1599.49736849 39.6068972621 71.3567697162 23.3931027379 87.5026315031 4.75246983482
5448 40.3169081644 621.301840819 177.601577458 243.121065642 0.612976357101 0.892618191529 3.51135735099 251.861982458 370.30806867 62464.6271768 64 1601.34682366 39.6054813783 73.9349153484 23.3945186217 85.6531763357 4.69193133196
5472 39.4179642499 616.511205869 178.279475276 243.141972042 0.623562693895 0.966746414947 3.93601908448 251.331699765 370.334206613 62659.216655 63 1603.12829464 39.5918292712 80.3125847468 23.4081707288 83.8717053576 4.66579338875
5496 38.5510404288 608.057330403 179.644773406 243.162794634 0.617400079731 0.0824463501336 5.20770547889 250.929653458 370.371064143 62846.5769566 62 1604.85340256 39.5873617203 80.3819441751 23.4126382797 82.1465974311 4.62893585869
5520 37.7201516353 593.886276043 178.715316959 243.182723067 0.603252627297 0.271962629077 5.18527190389 250.756789773 370.420170142 63032.1127031 62 1606.51208253 39.5848500781 77.1519670541 23.4151499219 80.4879174664 4.57982985965
5544 36.9354037463 578.221210519 178.019526076 243.201604231 0.594793780326 0.377947125154 3.0218238516 252.803831012 370.489662296 63211.4823386 62 1608.08646802 39.5965079368 80.4422821296 23.4034920632 78.913531978 4.51033770552
5568 36.179022942 570.086000467 177.56008939 243.21998069 0.590149553973 0.520991318587 6.64603193743 249.022846501 370.520317544 63371.6383903 62 1609.60318488 39.5892919422 81.908992716 23.4107080578 77.3968151197 4.4796824573
5592 35.4578953522 557.687230938 177.563059766 243.237798608 0.590736333422 0.695118355848 5.97931539803 249.497031305 370.571252619 63532.8071596 62 1611.05551776 39.5933898437 80.688175603 23.4066101563 75.9444822359 4.42874738269
5616 34.7555600687 557.490130915 179.102023088 243.255586756 0.594936318023 0.74392169983 1.50301725116 253.902537976 370.571169572 63662.358935 61 1612.46777853 39.5717728089 79.8880221102 23.4282271911 74.5322214674 4.42883042914
5640 34.0712548345 551.500638962 180.084063158 243.27340334 0.59981701785 0.780783152112 3.00135786867 252.344638622 370.590946258 63778.958248 61 1613.85013306 39.5662506386 77.0880769444 23.4337493614 73.1498669365 4.40905374308
5664 33.4243574087 525.244087545 180.251633394 243.290736056 0.606163915757 0.860573124353 1.13501093053 254.107515974 370.668752084 63914.3029067 61 1615.16579918 39.5906643682 77.8007382879 23.4093356318 71.8342008177 4.33124791773
5688 32.8061740151 526.908611979 180.620647089 243.307810607 0.613433327057 0.88050984912 1.19323079284 254.005015424 370.681831206 64016.0876623 61 1616.41875107 39.5751411809 80.8835791299 23.4248588191 70.5812489256 4.31816879552
5712 32.1990391846 519.748856143 178.475108517 243.325109609 0.621601467309 0.938780710388 2.17530966681 252.939198546 370.703790583 64109.0365887 60 1617.65266939 39.5688478181 86.9482326873 23.4311521819 69.347330602 4.2962094188
5736 31.6142477384 511.512880189 179.961641836 243.342326095 0.631127708332 1.0148718957 3.9822320264 251.029442275 370.726095436 64198.6854491 58 1618.84433543 39.5646456095 87.6190008768 23.4353543905 68.1556645697 4.27390456588
5760.0 31.0437142707 506.947930963 181.373473915 243.359619219 0.628412958314 0.0671434318494 1.82762671628 254.117197675 370.743246016 64268.3483592 87 1620.00893684 39.5586161142 88.8900141535 23.4413838858 66.9910631582 4.25675398599
5784 30.5102440261 475.752397563 178.417547717 243.37577562 0.6145735286 0.107898367808 2.39564792357 253.506104561 370.819588082 64391.2898186 85 1621.1076177 39.5996254697 75.811147569 23.4003745303 65.8923822986 4.18041191965
5808 30.0112256296 456.226040074 176.780405413 243.390833016 0.603305660531 0.201211015817 3.53039429729 252.274256011 370.886758955 64506.2642964 85 1622.13424119 39.6229820938 65.9889674447 23.3770179062 64.8657588131 4.11324104719
5832 29.5363794978 443.770699032 176.760246738 243.405158772 0.594606603607 0.259061383515 2.52222555658 253.218947685 370.929146766 64606.1530375 85 1623.11100067 39.6350884561 63.031936506 23.3649115439 63.8889993326 4.07085323551
5856 29.0814118614 436.471629912 176.074966118 243.418918049 0.587336626256 0.291637459856 1.39856215432 254.303545711 370.962789324 64703.6331574 84 1624.04727627 39.6384977439 55.597257848 23.3615022561 62.9527237296 4.03721067815
5880 28.6422473879 427.205768893 176.479643784 243.432250063 0.581075250583 0.332869209632 2.13776002764 253.516045449 370.992520563 64792.1938943 83 1624.95251467 39.644695727 52.4642081978 23.355304273 62.0474853259 4.00747943859
5904 28.2165682339 420.531484565 176.679725042 243.445244244 0.576313228966 0.407798822678 4.71263195092 250.858011753 371.012534742 64872.3728691 83 1625.83039914 39.6444229383 48.3302056343 23.3555770617 61.1696008565 3.98746526027
5928.0 1027.80466461 413.614183088 176.966484774 243.457922612 0.573533679802 0.491667170853 5.16154257953 250.315333958 371.037153846 64946.4640307 83 1626.68145653 39.6467786995 45.0835016119 23.3532213005 60.3185434633 3.96284615581
5952 949.316613651 3652.9700262 157.688145769 243.527055287 0.599891134951 1.21590767864 11.92219796 242.73494794 363.903309745 70425.8230953 81 921.109840518 42.1640220123 23.5787196808 20.8359779877 765.890159475 11.0966902564
5976 837.554533538 4523.08728773 161.640515405 243.642732831 0.684367832586 1.54897336109 20.7166105477 233.407315428 362.267444163 75332.9871259 80 952.780481676 41.1827393672 23.6400851822 21.8172606328 734.219518317 12.7325558386
6000 734.947119574 4691.39578728 164.855235401 243.792156118 0.833750202465 1.60765244771 16.7936347257 236.972806507 362.481442572 79982.557757 79 988.006531653 40.8110332142 25.6303325407 22.1889667858 698.993468341 12.5185574297
6024 648.711192039 4617.54721387 167.251348995 243.957443962 0.894636422531 1.06493425178 14.9863827073 239.096602656 363.185727535 84374.2223105 78 1023.11967762 40.6002042884 27.9988694453 22.3997957116 663.880322374 11.814272467
6048 577.519029467 4456.04722018 168.934928878 244.119928325 0.93526187738 0.398395800357 17.179718665 237.366695333 363.981594389 88515.8955709 76 1056.73672734 40.4565841017 33.2251925232 22.5434158983 630.263272653 11.0184056129
6072 518.527157007 4295.86092063 171.189230996 244.2738995 0.991171750904 1.02961244905 19.4778534467 234.227462854 364.701295629 92390.7079903 74 1088.38191538 40.3397935959 38.5514171908 22.6602064041 598.618084616 10.2987043731
6096 469.19596982 4128.17430152 172.623650892 244.418291259 0.932540824322 0.757662364862 15.9574822417 237.93402331 365.362187405 96044.4324757 73 1117.9546833 40.2469540334 41.0137809242 22.7530459666 569.045316693 9.63781259687
6120 427.610260197 3952.79856838 173.136180993 244.549551619 0.934939406021 0.793516563226 11.9247812226 241.797211189 365.971046088 99492.5088686 73 1145.42469145 40.1733957184 36.3074586211 22.8266042816 541.575308541 9.02895391415
6144 392.354577206 3769.9748286 173.853167533 244.670881767 0.924062536494 0.395986558257 11.2302574842 242.778811654 366.548543684 102772.841998 73 1170.78459363 40.1186531426 40.636779918 22.8813468574 516.215406363 8.45145631767
6168 362.160152887 3619.33158128 174.09915425 244.779543213 0.887422052535 0.960648905492 16.4396929383 236.93269289 367.036561581 105860.857754 72 1194.17036292 40.0658090481 50.3475927064 22.9341909519 492.829637077 7.96343842041
6192 336.065824694 3467.55621948 173.791249877 244.880216432 0.892411682822 0.440601634026 13.6845061443 240.102264107 367.489292084 108821.796125 72 1215.76162595 40.0241967742 46.5138891796 22.9758032258 471.238374044 7.51070791738
6216 313.367978295 3316.48192586 173.869938395 244.973676768 0.900098592989 0.722250211382 12.4798920381 240.924082389 367.908725313 111636.501146 72 1235.67864273 39.9920609386 43.6494055946 23.0079390614 451.321357267 7.09127468877
6240 293.488000835 3188.32251576 174.067394762 245.062385229 0.897726670156 0.658394632021 10.3277677954 243.053725674 368.268673155 114308.317786 72 1254.04952264 39.959477077 47.9419259671 23.040522923 432.950477353 6.73132684729
6264 275.858072799 3068.7265037 175.570071498 245.145261152 0.878615386024 0.61376954628 12.829233149 240.533120767 368.578342081 116846.647513 72 1271.11938357 39.9289433577 45.0642551964 23.0710566423 415.880616425 6.42165792112
6288 260.207654917 2954.05932209 176.740701471 245.221546854 0.852381287262 0.383089152504 6.38862471216 247.154357994 368.883748524 119270.95634 71 1286.93526639 39.9062799779 46.4977509224 23.0937200221 400.064733599 6.11625147759
6312 246.207144698 2856.67198908 177.673549098 245.291225515 0.834261023289 0.874016439397 6.31599601154 246.684501011 369.13784135 121566.510383 69 1301.6290963 39.8806961824 54.5358309453 23.1193038176 385.370903697 5.86215865191
6336 233.551745602 2767.01703451 176.775525526 245.357925602 0.853709393895 0.47221042055 9.95319360147 243.362960983 369.36141567 123769.400392 68 1315.38060447 39.8546668805 56.3286040204 23.1453331195 371.619395527 5.63858433168
6360 222.122326468 2679.61092647 177.239236808 245.421689072 0.839620018371 0.124713843203 11.5982065148 242.015770551 369.579487044 125881.705649 67 1328.20964943 39.834302615 52.3820994653 23.165697385 358.790350563 5.42051295789
6384 211.681035161 2622.30208944 179.413629989 245.481122691 0.814743665253 0.798306438769 9.47186002732 243.433967178 369.743906223 127855.403034 66 1340.26857496 39.8059625085 63.8005115453 23.1940374915 346.731425038 5.25609377877
6408 202.13300207 2534.68310336 178.302379581 245.537618343 0.807442885798 0.326033790353 10.8312714028 242.497633578 369.939356652 129783.65788 66 1351.61606038 39.7928296028 61.4894082947 23.2071703972 335.383939609 5.06064335019
6432 193.429103327 2453.32779236 178.355916283 245.590218572 0.790254408171 0.716469971597 6.69003636694 246.213020681 370.118733503 131639.212593 66 1362.22290191 39.7795257813 67.9798571264 23.2204742187 324.777098087 4.88126649888
6456 185.430627437 2383.88888722 178.820112669 245.640390305 0.797211433353 1.03125376345 2.95302055592 249.578123942 370.271437573 133426.63134 66 1372.19599184 39.7641883456 63.5882999324 23.2358116544 314.804008157 4.72856242831
6480.0 178.058253107 2329.30964237 179.5524029 245.688154588 0.76850903697 0.292487166422 2.80323954199 250.447609667 370.408470584 135121.428844 95 1381.58702236 39.7470936665 65.094423988 23.2529063335 305.412977638 4.591529418
6504 171.38279603 2170.77801913 177.223100012 245.731570409 0.749532803047 0.596845991544 6.65285435474 246.269196442 370.65482142 136913.354168 93 1390.30559138 39.7791828403 36.9724719494 23.2208171597 296.69440862 4.34517858191
6528 165.383148037 2072.84128593 176.869198998 245.771552603 0.748915309555 0.883124349223 7.51233706374 245.084070675 370.849180225 138623.302787 93 1398.26885801 39.7931211419 28.6933942298 23.2068788581 288.731141993 4.15081977737
6552 159.877052977 1999.85403622 176.137663508 245.809422996 0.733820222837 0.254899198915 6.57381170256 246.62804588 370.994578522 140277.294956 91 1405.68790295 39.7951499701 24.7830033058 23.2048500299 281.312097045 4.00542148018
6576 154.773971773 1941.90632644 175.884189267 245.844659297 0.716427946715 0.486007342512 6.39061026566 246.562295148 371.116823301 141877.083189 91 1412.66657937 39.7927464254 24.9318177299 23.2072535746 274.333420628 3.88317670139
6600 150.006130308 1902.83784349 175.834007599 245.878143463 0.712817345368 0.799745357862 8.56789433337 244.041399501 371.213711029 143414.590118 90 1419.27560028 39.7825925966 25.092787689 23.2174074034 267.724399723 3.7862889729
6624 145.530752278 1857.07239841 176.396779371 245.910683234 0.720486038625 0.934274154172 2.69048115231 249.744075421 371.307002785 144910.989576 88 1425.56525825 39.7756666404 25.501819136 23.2243333596 261.434741748 3.69299721749
6648 141.323206458 1815.99595915 176.110806816 245.942525566 0.718286285387 0.155630255534 6.30797518258 246.875582711 371.394654367 146362.01336 88 1431.55435337 39.7683598331 23.6345480278 23.2316401669 255.445646629 3.60534563527
6672 137.368908936 1770.1232374 176.684335762 245.972672237 0.699614453852 0.362872195189 4.64328998252 248.321551131 371.482656145 147778.158338 88 1437.25357128 39.7648252823 23.0792753188 23.2351747177 249.746428718 3.51734385699
6696 133.646865432 1737.21210457 176.274526518 246.001255556 0.688668070297 0.487284455263 4.77922801672 248.043563902 371.559238091 149142.796423 86 1442.67702447 39.7567138898 28.4927079159 23.2432861102 244.322975532 3.44076191129
6720 130.11883221 1704.06936722 176.173538608 246.028779776 0.684281358566 0.649381033651 2.55033779235 250.08722004 371.629583827 150469.181802 85 1447.87378605 39.7491486749 31.3841625437 23.2508513251 239.126213947 3.37041617542
6744 126.783511527 1661.96821246 176.590578372 246.055426767 0.684509495861 0.734348459887 3.16496622444 249.360749053 371.704590583 151772.951369 85 1452.84043129 39.7468964214 31.7299118932 23.2531035786 234.159568704 3.29540941875
6768 123.622171007 1636.30100441 176.352174849 246.081403949 0.687607854253 0.804166672162 2.53020167947 249.896619845 371.764618633 153030.879954 84 1457.59071109 39.7374485539 29.3787721687 23.2625514461 229.409288913 3.23538136871
6792 120.617549929 1601.6903434 176.2970774 246.106872561 0.692847761902 0.866163782875 2.65968657922 249.674429315 371.830765883 154261.314068 84 1462.15085901 39.7343914261 27.380472627 23.2656085739 224.849140992 3.1692341188
6816 117.767008737 1574.42233938 176.298994445 246.131853095 0.700142209949 0.928069914614 2.52202198843 249.717912792 371.891024852 155451.672662 83 1466.51492825 39.7290927506 30.7077353303 23.2709072494 220.485071745 3.10897514995
6840 115.049398884 1547.53610343 177.039707618 246.156531177 0.709954525211 1.06001678463 6.01998005113 246.053517463 371.943098272 156609.320613 82 1470.70994634 39.722021828 33.2949620695 23.277978172 216.29005366 3.05690172986
6864 112.459815776 1517.77807769 176.633045905 246.180830789 0.705434581905 0.180685767578 2.3629486407 250.570100222 371.999257399 157743.393354 82 1474.74165057 39.7187643 35.181353844 23.2812357 212.258349429 3.00074260295
6888 109.990587248 1489.0338962 176.506672335 246.204056424 0.690158740033 0.292246114929 3.54499088293 249.268547839 372.053237242 158855.05972 81 1478.61602503 39.7153789314 31.3358103215 23.2846210686 208.383974969 2.94676276022
6912 107.63570687 1460.98909951 176.477083411 246.226274487 0.679266237657 0.402828055584 3.50638355812 249.185247662 372.105465614 159934.70203 81 1482.33888599 39.7127820585 33.4693533631 23.2872179415 204.661114008 2.89453438751
6936 105.382642158 1440.42263231 176.497743486 246.247706965 0.672182842679 0.50273316561 2.2944407277 250.282936299 372.146508452 160983.454628 81 1485.92400753 39.7051419288 32.4989793346 23.2948580712 201.075992466 2.85349155006
6960 103.219641673 1418.72866491 176.540054592 246.26854436 0.667816469881 0.567846832627 3.98740774565 248.508384592 372.1895549 162001.206906 80 1489.39061783 39.700270264 33.4258286064 23.299729736 197.609382166 2.81044510172
6984 101.149778534 1392.75498566 177.042000165 246.288807503 0.666537831031 0.683991575448 4.38727309201 247.973389999 372.235488011 162997.547032 80 1492.73121869 39.6988696709 37.5256850174 23.3011303291 194.268781304 2.76451199105
7008 99.1688204518 1369.91577292 176.766459291 246.308605419 0.66850431046 0.76712594212 2.66274528935 249.593019039 372.279419735 163978.482625 79 1495.94825895 39.6962055721 34.6843248724 23.3037944279 191.051741049 2.72058026749
7032 97.2669690216 1350.22172639 177.116346159 246.328070143 0.671947335549 0.80604550426 1.86523229448 250.328704723 372.316268642 164929.201159 79 1499.05468876 39.6914140948 35.5552519725 23.3085859052 187.945311236 2.68373136036
7056 95.4417528284 1325.1670992 176.828943278 246.347219992 0.676048682327 0.834830062018 1.92656804907 250.215333215 372.358450165 165865.086694 79 1502.05494668 39.6906007437 38.5045509812 23.3093992563 184.945053321 2.64154983719
7080 93.6929027376 1302.16477987 176.72655515 246.366038217 0.680743893373 0.858126316417 2.82682440395 249.26826717 372.399372297 166785.034552 79 1504.94604528 39.6903887772 40.4101605844 23.3096112228 182.053954718 2.60062770533
7104 92.0074930007 1283.76079989 178.86662794 246.38464583 0.686276340765 0.922123491244 3.51365716143 248.493297177 372.430423103 167676.297784 78 1507.74589293 39.6861457602 42.7511013378 23.3138542398 179.254107071 2.56957689922
7128 90.3841294781 1264.38018251 178.980318 246.403063821 0.693599168698 1.00316612438 4.02772293203 247.872447955 372.464392478 168551.203497 78 1510.45753478 39.6837629789 43.8194662062 23.3162370211 176.542465218 2.53560752352
7152 88.818446198 1252.63780145 178.043327201 246.421200325 0.685252120287 0.119909033535 2.39365582724 250.379982694 372.49095755 169402.631403 78 1513.08423106 39.6755443765 40.3669001273 23.3244556235 173.915768936 2.50904245182
7176 87.3099713113 1228.79925809 177.686004466 246.43863074 0.671867558104 0.195295966238 2.7286763713 249.965529365 372.530865415 170243.976646 78 1515.63092792 39.6789854093 44.5474893454 23.3210145907 171.369072076 2.46913458659
7200.0 85.8598755845 1215.42433547 179.860111563 246.45536568 0.66065657754 0.24192665861 0.971890259583 251.670160825 372.558994442 171061.753883 106 1518.0881463 39.673497209 47.4767560983 23.326502791 168.911853698 2.44100556029
7224 84.4628425025 1186.35232887 177.909406488 246.471500017 0.650903561375 0.285215948537 2.08889956886 250.503480905 372.590722263 171894.900017 105 1520.46958244 39.6808390608 36.8519602485 23.3191609392 166.530417561 2.40927773965
7248 83.1242512033 1162.09824835 177.171377002 246.486996078 0.642621903264 0.323866222782 3.04953117003 249.496984627 372.62992424 172709.419094 103 1522.7608193 39.6853981022 29.1942135381 23.3146018978 164.2391807 2.37007576225
7272 81.8361649154 1141.59694601 176.892185316 246.501965749 0.635516421433 0.344985277734 1.90731138587 250.610221166 372.663742666 173504.467505 101 1524.97416035 39.6877748391 24.9511302052 23.3122251609 162.025839649 2.33625733644
7296 80.5935294893 1127.46084126 176.791788125 246.516478299 0.629271887091 0.378636768599 2.61864398937 249.856969057 372.691845315 174278.576668 97 1527.11698439 39.685879454 22.1237623342 23.314120546 159.883015609 2.30815468773
7320 79.3904324041 1110.82521971 176.765616206 246.530616534 0.624245672842 0.42034603824 2.21237146309 250.212420293 372.718491704 175037.891817 97 1529.19996119 39.6851567003 21.0267751745 23.3148432997 157.800038809 2.28150829799
7344 78.2241239221 1099.60331326 176.77321957 246.54442802 0.620212045897 0.46034162346 2.71601577477 249.659002536 372.740890771 175772.599757 96 1531.22618198 39.6810977402 23.8994912106 23.3189022598 155.77381802 2.25910923096
7368 77.093348557 1088.2356015 176.787189798 246.557940062 0.617215557426 0.504851662451 3.11767126645 249.202321453 372.764789788 176497.049311 96 1533.19851521 39.6791309332 23.7782434951 23.3208690668 153.801484791 2.23521021396
7392 75.9958662069 1072.30175871 176.806752773 246.571191371 0.61515580454 0.532548604188 1.46610988093 250.81499434 372.78797872 177212.838479 94 1535.11962039 39.6777595228 21.4426539029 23.3222404772 151.880379608 2.21202128181
7416 74.9312198159 1059.3345437 177.420391992 246.584192804 0.61366848797 0.559167098538 2.72837485133 249.514596759 372.809418679 177905.802072 94 1536.98980429 39.6760016331 25.4235151356 23.3239983669 150.010195708 2.19058132372
7440 73.8972980388 1046.60656325 177.060988178 246.596974078 0.613018478686 0.60337926764 2.87221776453 249.314410412 372.831778757 178591.192017 92 1538.81216868 39.6741555353 23.8170844866 23.3258444647 148.187831319 2.16822124491
7464 72.8937191045 1036.70403461 176.940000109 246.609548081 0.613181512363 0.63463172791 1.95626764523 250.186371035 372.851484812 179260.847733 91 1540.58661435 39.6709227058 23.1268349108 23.3290772942 146.413385645 2.14851519055
7488 71.9172699292 1024.2902765 176.911350012 246.621958066 0.613843442799 0.658486399537 1.98266087768 250.123051215 372.871290544 179918.847911 89 1542.31880888 39.6687230802 22.5927409997 23.3312769198 144.681191117 2.12870945836
7512 70.9690451105 1008.71037925 177.69760373 246.634188821 0.61485675687 0.669931548956 0.952176064904 251.128846809 372.894279068 180566.368864 88 1544.00715126 39.6708973495 23.33858161 23.3291026505 142.992848736 2.10572093438
7536 70.049809515 999.442356543 177.672491932 246.64622428 0.616054971249 0.680173950391 0.834625003485 251.222921796 372.913559224 181200.058492 87 1545.64809674 39.6688070179 23.0489106605 23.3311929821 141.35190326 2.08644077867
7560 69.1523685272 989.455319907 177.204566437 246.658152713 0.61747043232 0.699906221256 1.64329331838 250.381177315 372.930155542 181820.888629 86 1547.2543873 39.6649165737 22.0479055207 23.3350834263 139.745612696 2.06984446019
7584 68.2795691861 979.315111658 177.038871563 246.669933102 0.619203351493 0.717819776884 0.381850118444 251.611193652 372.948776924 182429.356882 84 1548.82162762 39.6633533804 23.0918492803 23.3366466196 138.178372374 2.05122307795
7608 67.4267178676 970.65973119 177.003382883 246.681625576 0.621180752669 0.736358496738 2.06821087658 249.892624299 372.96380197 183019.755699 84 1550.35687598 39.6598032774 27.1511129294 23.3401967226 136.643124016 2.03619803216
7632 66.5968073936 962.784801636 177.914593798 246.693186295 0.623510344727 0.75722492226 0.679050590675 251.247027848 372.978706874 183598.228356 82 1551.85510808 39.6559990279 31.3216646664 23.3440009721 135.144891923 2.02129312855
7656 65.7849727986 954.262653499 177.357528063 246.704680747 0.626106331365 0.783559975946 3.23279927244 248.652853674 372.992809181 184168.241515 81 1553.32437063 39.6520677976 33.3797540837 23.3479322024 133.675629372 2.00719082086
7680 64.9913730058 947.376287568 177.174391837 246.716106764 0.629215597913 0.81215196695 0.73180939723 251.110716275 373.006796706 184723.282051 81 1554.76458109 39.6480816722 36.0390064356 23.3519183278 132.235418906 1.99320329677
7704 64.2163894447 939.2359911 177.988915486 246.727458396 0.632484955723 0.815226220965 1.22796239498 250.596868033 373.018997632 185268.374721 81 1556.17455308 39.6441682271 38.4929657792 23.3558317729 130.825446917 1.98100236984
7728 63.4618295881 931.202028422 177.969089567 246.738701378 0.635805665048 0.830548906975 2.63274851993 249.162195531 373.035565142 185809.992961 81 1557.55162165 39.6432770348 36.4806135388 23.3567229652 129.448378353 1.96443485988
7752 62.7253387215 917.627673346 178.695980286 246.749864722 0.639348518398 0.851017342247 1.97095824523 249.788811173 373.052351871 186343.716034 81 1558.89923631 39.645084329 35.6497368143 23.354915671 128.10076369 1.94764813143
7776 62.0074422796 908.139969686 178.61926802 246.760935793 0.643012170713 0.856609173063 2.27717704233 249.462265822 373.067070737 186861.738387 81 1560.21550104 39.6438050878 40.0277191497 23.3561949122 126.784498961 1.93292926549
7800 61.3070423505 898.713630424 177.66789875 246.771924176 0.646781019725 0.873296584618 0.503526760264 251.20447146 373.082641836 187376.805788 81 1561.50290859 39.6436406391 41.0770389745 23.3563593609 125.497091404 1.91735816672
7824 60.6209692883 892.933849822 177.843639094 246.78287459 0.650602181221 0.877728843702 1.71399449027 249.974799896 373.093138109 187877.155278 80 1562.76612387 39.6392759277 40.7594149592 23.3607240723 124.233876131 1.90686189313
7848 59.9530656995 879.950086297 178.889637817 246.793718174 0.654424339026 0.883774457939 0.855001881478 250.813081149 373.111649665 188376.174248 80 1564.00020323 39.6438564472 41.8545788157 23.3561435528 122.99979677 1.88835033699
7872 59.3009292616 872.090999997 177.782859249 246.804485355 0.658218672222 0.892908263315 1.93618581305 249.708201897 373.124892731 188866.845244 79 1565.20660568 39.6411489824 39.6010124261 23.3588510176 121.793394321 1.87510727173
7896 58.6632635003 865.088928877 177.387505488 246.81519146 0.662189149051 0.912828109874 1.94757562262 249.662215659 373.137091094 189346.042305 79 1566.38878367 39.6392084651 38.3049275024 23.3607915349 120.611216331 1.86290890831
7920.0 58.0376669002 859.382449837 177.958959458 246.825873897 0.666343690988 0.933642226531 1.92243796279 249.651702224 373.146104092 189808.162204 109 1567.55068864 39.6347338729 40.7340443742 23.3652661271 119.449311362 1.85389591024
7944 57.430447856 839.863590315 177.438372785 246.836420122 0.670652619323 0.952382351272 2.82394518436 248.716599725 373.161024427 190290.744827 108 1568.68316126 39.6462978909 35.5632538193 23.3537021091 118.316838745 1.83897557487
7968 56.8414581167 828.921406484 177.864004612 246.846824227 0.675019719292 0.95647804281 1.6756204987 249.846057513 373.178052578 190761.482596 105 1569.7827475 39.6499654516 30.2698131572 23.3500345484 117.217252504 1.82194742474
7992 56.2658035969 821.765189355 177.380278608 246.85716346 0.67929594347 0.959523700003 1.48053445953 250.023482438 373.189488991 191220.095882 104 1570.85859618 39.6479447517 26.3440574662 23.3520552483 116.141403817 1.8105110112
8016 55.7031546698 812.176155851 177.197576852 246.867435938 0.68353452969 0.964035478711 1.2338214842 250.251172571 373.205009061 191671.320797 101 1571.91286854 39.6509709307 25.1999780113 23.3490290693 115.087131462 1.79499094156
8040 55.154169489 802.187098721 177.120710828 246.877621555 0.687631007234 0.961562335009 1.9463633774 249.526821727 373.218773213 192119.720568 101 1572.94328265 39.6527105959 22.4400799105 23.3472894041 114.05671735 1.78122678954
8064 54.6174229758 794.532889066 177.089546113 246.887737886 0.69164964024 0.96757091306 0.594832490736 250.858209071 373.231511668 192556.706281 100 1573.95244631 39.653956908 22.8187745304 23.346043092 113.047553694 1.768488334
8088 54.0911163233 792.267987344 177.092947164 246.897812727 0.695637324091 0.968542714108 1.21687109383 250.221136142 373.238664172 192979.668985 100 1574.94286655 39.6479568961 24.0939904122 23.3520431039 112.057133451 1.7613358302
8112 53.5746202637 782.684902937 177.101266695 246.907852758 0.699642165915 0.985578563972 2.77314013985 248.633786373 373.25042498 193403.513171 99 1575.91734464 39.6495291894 23.4784821745 23.3504708106 111.082655361 1.74957502176
8136 53.0692602273 775.422795645 177.102469887 246.917826913 0.70187872934 0.0153813973604 1.26491534742 251.099997615 373.261469828 193818.411404 99 1576.87235388 39.6496222638 23.9254443039 23.3503777362 110.127646124 1.73853017452
8160 52.5738519703 769.467554539 177.109367556 246.927634195 0.692402568331 0.031662319753 1.78195962065 250.566341298 373.270847968 194224.832755 98 1577.80986521 39.6478433141 25.1012090491 23.3521566859 109.190134793 1.72915203436
8184 52.0884151299 761.193796576 177.540492587 246.937205468 0.683398857985 0.0554305093286 3.24445284953 249.079512317 373.281438784 194627.806477 98 1578.73037877 39.6491711236 25.0968494003 23.3508288764 108.269621228 1.71856121823
8208 51.6127127651 756.357375871 177.273671323 246.946552484 0.675102448108 0.0913453022387 0.64266692011 251.644332847 373.290577187 195022.031385 97 1579.63349657 39.6469182031 25.3371959838 23.3530817969 107.366503436 1.70942281568
8232 51.144776879 751.384222036 177.192250521 246.955721538 0.667282495039 0.111493286239 3.04617159685 249.219331085 373.298819881 195407.854083 96 1580.52322596 39.6445055198 25.5880375292 23.3554944802 106.476774038 1.70118012111
8256 50.6861597215 744.297919248 177.977499897 246.964687849 0.660020886676 0.134576952878 1.40480164624 250.835912666 373.30836623 195790.436582 96 1581.39696061 39.6450955164 24.7859827115 23.3549044836 105.603039387 1.69163377199
8280 50.237056035 736.53351354 178.577106103 246.973452867 0.653140350955 0.148183600683 1.74112026285 250.48410292 373.31821596 196167.630259 95 1582.25397656 39.6466924722 24.1989475403 23.3533075278 104.746023446 1.68178404202
8304 49.7955722454 734.502612386 177.678380417 246.982057084 0.646610582751 0.163055656703 1.04663381712 251.161642861 373.325220038 196534.588073 93 1583.09697481 39.6414748453 22.7878070556 23.3585251547 103.903025187 1.67477996395
8328 49.3620513373 725.153646373 177.347809 246.990497227 0.640426649941 0.181792505525 1.3125293073 250.874754312 373.337191398 196902.377301 92 1583.92690756 39.6450671171 21.5704331409 23.3549328829 103.07309244 1.66280860441
8352 48.9373854347 719.610789907 177.223100213 246.998759615 0.634635269984 0.197541376342 0.544421304548 251.624642435 373.346517111 197259.2948 91 1584.74067979 39.6446446019 23.3585287245 23.3553553981 102.259320208 1.65348289085
8376 48.5198487002 714.359767702 177.187338516 247.006880988 0.629145765035 0.213509983018 0.748239926659 251.402223339 373.354380082 197611.563182 89 1585.54175857 39.6431762828 23.0366375358 23.3568237172 101.458241436 1.64561992032
8400 48.1100726422 709.888191928 177.910313673 247.014851965 0.623999536848 0.232589173835 1.91218936199 250.216369963 373.361698366 197956.308164 89 1586.32913146 39.6418447747 23.5697646655 23.3581552253 100.67086854 1.63830163612
8424 47.7070079658 705.693452879 179.313821284 247.022695939 0.619138860209 0.241137883357 1.07089371629 251.046133603 373.369026148 198290.643638 88 1587.10462684 39.6403122132 26.9395533718 23.3596877868 99.895373159 1.6309738547
8448 47.3105181438 700.976465487 178.540862164 247.030417564 0.614536287171 0.254731321311 1.19347479501 250.906840034 373.375702532 198623.84363 87 1587.86846571 39.6386759382 26.9574407952 23.3613240618 99.1315342964 1.62429746981
8472 46.9194177865 698.408118619 177.710782723 247.038042193 0.610203592744 0.274587421632 2.28607572229 249.791091072 373.381255355 198950.362797 87 1588.62261258 39.6343563271 24.246541128 23.3656436729 98.3773874218 1.61874464732
8496 46.5343916313 692.409915908 177.817608504 247.045559246 0.606188052929 0.288782069919 1.36621726891 250.693253364 373.388316541 199269.244748 87 1589.36641347 39.6336155127 24.8310613196 23.3663844873 97.6335865322 1.61168346102
8520 46.1565776343 687.084262183 177.451491268 247.052948589 0.602417699604 0.30428632015 2.41010729551 249.630240097 373.397281529 199583.166253 84 1590.09732495 39.6336117305 27.1114835517 23.3663882695 96.9026750514 1.60271847299
8544 45.7839438721 687.199691179 179.094923446 247.060251871 0.598904586552 0.316192281677 1.44316780294 250.581483459 373.400401819 199880.52438 84 1590.81854625 39.6275954791 31.7786830626 23.3724045209 96.1814537569 1.5995981837
8568 45.4173512205 678.708346505 177.93788605 247.067453705 0.595566739037 0.324894695734 1.45709140902 250.554993452 373.411140207 200188.502495 82 1591.52993245 39.631848728 31.7122313427 23.368151272 95.4700675478 1.58885979514
8592 45.0573453337 674.10683925 178.419297681 247.074544191 0.592412516819 0.334200602795 1.43886908404 250.559973606 373.417752897 200489.221136 82 1592.22888651 39.6306972066 29.8732453374 23.3693027934 94.771113488 1.58224710513
8616 44.7016654411 670.998137012 178.308749488 247.0815689 0.589441333211 0.345172289442 0.404448934409 251.579368544 373.421750282 200777.557589 81 1592.91998197 39.626932104 30.4671829899 23.373067896 94.0800180366 1.57824971984
8640.0 44.3528241747 665.446811687 178.518302 247.088479128 0.586637562492 0.354138457176 0.339432554906 251.631312298 373.430528641 201064.382487 110 1593.59917281 39.6279884913 32.6766496971 23.3720115087 93.400827191 1.56947136116
8664 44.0105225762 656.551494005 177.727514236 247.095281234 0.584001912845 0.36349026578 1.2405856721 250.716640915 373.433055678 201358.315259 109 1594.26671445 39.6334887205 29.0289004493 23.3665112795 92.7332855471 1.56694432374
8688 43.6757187276 649.062268049 178.741353424 247.101956523 0.581527079779 0.368911807336 1.10736623744 250.840238353 373.442053989 201646.796887 105 1594.92021398 39.6364425083 26.1126267702 23.3635574917 92.079786024 1.55794601272
8712 43.3459808189 645.715186971 178.264491202 247.10855369 0.579226967966 0.390148228712 2.92018429627 249.001886817 373.44893166 201925.200732 99 1595.56403698 39.6341280363 24.6433324377 23.3658719637 91.4359630216 1.55106834214
8736 43.0222772883 639.445398162 177.609098922 247.115055105 0.577241920054 0.407826820055 0.708223284792 251.191652871 373.45846742 202202.186951 99 1596.1972749 39.636939059 26.0209839162 23.363060941 90.8027251027 1.54153258169
8760 42.7036202576 636.070740077 177.374470556 247.121481959 0.575427660841 0.420316029368 1.48300020961 250.399774142 373.464170159 202474.44035 98 1596.82087631 39.634872645 24.6480652294 23.365127355 90.1791236958 1.53582984353
