Time EBV Teff Treg ODC_le1 ODC_le2 ODC_le3 ODC_le4 ODC_le5 NK IL2 DAC Resting_Teff Resting_Treg EffectorMemory Resting_Treg_temp Resting_Teff_temp NK_temp
0.0 0 0 0 0 0 0 0 500 375 1000 0 1687 63 0 0 0 0
24 0 0 0 0 0 0 0 500 336.279789971 908.048253598 0 1687 63 0 0 0 38.7202100291
48 0 0 0 0 0 0 0 500 335.391027502 823.849847309 0 1687 63 0 0 0 39.6089724976
72 0 0 0 0 0 0 0 500 334.559882085 745.880698262 0 1687 63 0 0 0 40.4401179151
96 0 0 0 0 0 0 0 500 333.760437385 673.915002205 0 1687 63 0 0 0 41.2395626152
120 0 0 0 0 0 0 0 500 332.995774144 607.703333798 0 1687 63 0 0 0 42.0042258555
144 0 0 0 0 0 0 0 500 332.2684442 546.975994766 0 1687 63 0 0 0 42.7315557996
168.0 1000 0 0 0 0 0 0 500 331.580390823 491.447224652 0 1687 63 0 0 0 43.4196091775
192 587.94283022 2674.42256109 91.5619289612 4.47673168998 18.9970923557 71.5351553232 179.581289232 225.4097314 319.455578209 5741.3447637 0 1039.6715255 41.772295668 0 21.227704332 647.328474501 55.5444217919
216 137.267725937 6964.63436346 163.742465826 77.4225861443 45.8406959436 87.04876052 128.792354065 160.895603327 264.433084436 471.143791892 0 1394.83629656 38.972374678 616.925692681 24.027625322 292.163703439 110.566915565
240 32.6671136402 2407.12878124 172.96766792 165.391412235 32.678183867 73.8636564021 94.63465674 133.432090756 278.507701545 226.989468073 0 1604.4266779 38.8547339624 544.124873163 24.1452660376 82.5733220995 96.4922984553
264 16.0069169393 572.955166501 169.038747183 193.154515613 13.1910511805 37.2985684593 82.5309852347 173.824879513 303.358655751 225.930577839 0 1649.21775286 39.0556025926 515.168895968 23.9443974074 37.7822471432 71.64134425
288 12.479017594 221.113354219 164.880778629 196.215717133 2.78214707401 11.0350230786 43.9226157624 246.044496952 315.056861144 281.59200454 0 1658.53205729 39.5046052273 480.676013506 23.4953947727 28.4679427066 59.9431388568
312 10.8902379595 156.038079101 166.971457111 196.640864634 0.622289573868 3.71993478048 27.334629608 271.682281404 318.324508122 344.617860638 0 1662.28874457 39.7294718358 435.291891455 23.2705281642 24.7112554306 56.6754918784
336 9.75698793766 136.07121151 167.653068211 196.776360891 0.928672831438 1.44679465788 16.4105724256 284.437599194 319.092195484 356.144314049 0 1664.85844321 39.7518819428 412.573270576 23.2481180572 22.1415567947 55.907804516
360 8.8680531007 112.119786982 175.921860376 196.914099742 0.985274951233 1.02370902118 17.9761071423 283.100809143 319.597722428 355.233561566 0 1666.89513646 39.8832035141 393.207245237 23.1167964859 20.1048635424 55.402277572
384 8.15099260174 108.049590166 176.082094036 196.998028241 0.0776051007665 0.984702305932 11.7668356201 290.172828732 319.705457491 335.630345683 0 1668.51168843 39.8685766351 379.463090901 23.1314233649 18.4883115695 55.2945425091
408 7.557724672 96.4189141113 176.939133184 197.008981421 0.137221548639 1.23869281554 12.3822565609 289.232847654 319.778725504 330.154155203 0 1669.85541968 39.9087797192 361.058460179 23.0912202808 17.1445803151 55.2212744965
432 7.06480994168 87.8052419939 163.083852997 197.025358376 0.202557723545 0.331094847686 12.5876190795 289.853369973 320.654280499 340.408823091 0 1670.97600399 39.974738785 348.143230927 23.025261215 16.0239960119 54.3457195016
456 6.63531007127 77.1441369328 161.228652069 197.045954073 0.232105413751 0.593759511717 8.39455154901 293.733629453 321.165624529 348.900963227 0 1671.9534443 40.0539931086 336.258010617 22.9460068914 15.0465556976 53.8343754714
480 6.26124889076 76.5186512423 166.969582053 197.068331239 0.292068955204 1.31410180176 8.05224928445 293.27324872 320.79041352 326.115075385 0 1672.79230328 39.9934011409 342.037226299 23.0065988591 14.2076967195 54.2095864805
504 5.91598883997 69.1737109272 161.398121158 197.095746301 0.333989937991 0.21646577439 9.78487524638 292.56892274 320.929696773 320.747409231 0 1673.57318939 40.0275329631 338.575179751 22.9724670369 13.426810612 54.070303228
528 5.63072199149 66.2965267303 162.550240258 197.120809222 0.349402899829 0.830376185866 8.86439532458 292.835016367 321.324256557 322.138870684 0 1674.22554998 40.1147366969 330.740795737 22.8852633031 12.7744500152 53.675743444
552 5.35610623507 62.5440958232 163.515608545 197.148444521 0.377575189626 0.527482636392 9.9902503582 291.956247294 321.224113389 312.148548522 0 1674.84340622 40.0948161296 324.821043454 22.9051838704 12.156593776 53.7758866114
576 5.10974889164 57.1732296336 165.927056877 197.176021438 0.405512928329 0.187240495994 11.8662325901 290.364992547 320.893623228 294.812950513 0 1675.40214362 40.1368889113 321.639509332 22.8631110887 11.5978563793 54.106376772
600 4.89354617869 52.7930544567 161.424306023 197.202386814 0.414533619117 0.860406286221 10.0245473389 291.498125942 321.148607314 292.268237783 0 1675.89297261 40.1881493071 319.252027106 22.8118506929 11.1070273936 53.8513926866
624 4.70158274531 50.3169557593 166.77785092 197.22796206 0.425687464771 0.152581295875 3.47971862844 298.714050551 321.069554128 286.511615833 0 1676.3292242 40.2338195501 307.391795335 22.7661804499 10.6707758019 53.9304458722
648 4.51785105273 53.3308791282 160.959712911 197.253120462 0.41991218299 0.548031999329 9.7087547486 292.070180607 321.106303983 278.163452675 0 1676.74164492 40.1545408103 300.486385209 22.8454591897 10.2583550825 53.893696017
672 4.34477686575 47.4605656547 157.127153152 197.278221343 0.440514154944 0.964712465592 6.45133467493 294.865217361 321.085406154 273.005021787 0 1677.13505345 40.2366813841 295.786220915 22.7633186159 9.86494655333 53.9145938462
696 4.18048954261 44.1896543298 155.400703406 197.30369528 0.435428324704 0.399168509212 12.9981449 288.863562986 321.178863805 271.094413796 0 1677.50558037 40.2214871579 286.481354683 22.7785128421 9.49441962894 53.8211361953
720 4.03104928869 45.235180066 154.735512446 197.327700638 0.448431722679 0.906097131485 6.37658852155 294.941181987 321.19404622 260.462519597 0 1677.84472382 40.228918589 282.617110631 22.771081411 9.15527617558 53.8059537803
744 3.89603818842 42.7595850945 155.768429337 197.351235872 0.465015392726 0.160949541231 7.18888781873 294.833911376 321.111705689 256.470431076 0 1678.15049489 40.2279093019 272.725387922 22.7720906981 8.84950511057 53.8882943112
768 3.77738057161 39.53465331 153.875409331 197.37257613 0.456666979232 0.381278446242 3.72853165587 298.060946789 321.397433375 258.21719169 0 1678.42350408 40.4016954729 266.969256699 22.5983045271 8.57649592208 53.6025666257
792 3.66628313039 37.3387846823 153.337399658 197.393002655 0.45712327045 0.566805701262 5.82518851765 295.757879856 321.392541043 253.773955949 0 1678.67488753 40.4129959189 264.921723132 22.5870040811 8.32511247388 53.6074589578
816 3.55857722814 40.1445758771 155.103753926 197.41362696 0.46663860896 0.766852857414 2.84810117154 298.504780403 321.215896919 244.783910539 0 1678.91581875 40.2661780758 258.756033367 22.7338219242 8.08418125425 53.7841030814
840 3.45458586995 35.666828226 152.646690836 197.434704493 0.481398703004 0.843191627392 4.0276280925 297.213077084 321.333533706 245.119647749 0 1679.15364454 40.3992522876 250.452037446 22.6007477124 7.84635546435 53.6664662944
864 3.35974353192 36.4056610567 157.845070791 197.455163063 0.499296792647 0.983629094123 4.24499655339 296.816914497 320.97346382 225.088286972 0 1679.3683493 40.3999553562 249.76978129 22.6000446438 7.63165069562 54.0265361801
888 3.27201295434 31.2215658906 146.972820361 197.474817378 0.487448528155 0.145092057843 3.88627772267 298.006364313 321.394517797 237.460100737 0 1679.56820921 40.4992821672 243.678670356 22.5007178328 7.43179078918 53.6054822036
912 3.18894812324 31.6395540784 145.931539244 197.493407595 0.477648847431 0.319915367776 6.16012689895 295.54890129 321.565647385 241.872839284 0 1679.75632703 40.4839503946 236.312453718 22.5160496054 7.24367296514 53.434352616
936 3.10624109647 31.952941056 151.383613968 197.512171379 0.475801476613 0.532866931686 5.58814580511 295.891014407 321.325807352 228.604358958 0 1679.94235364 40.4195306611 233.600751848 22.5804693389 7.05764636105 53.6741926487
960 3.03418723707 28.172195729 151.294008403 197.528996274 0.481111820168 0.715554189369 3.78822025923 297.486117457 321.206660736 225.858660066 0 1680.1081322 40.5881454337 228.267338646 22.4118545663 6.89186780358 53.7933392643
984 2.96745742689 25.7234367183 149.385842996 197.545195124 0.490702335162 0.823955719965 3.56714907065 297.57299775 321.399187573 225.370287636 0 1680.26035697 40.7139219304 228.35035226 22.2860780696 6.7396430325 53.6008124272
1008 2.90107857911 29.8930557957 148.6794338 197.562047782 0.503016687801 0.918590012443 3.53685472977 297.479490788 321.292759904 219.773167751 0 1680.40856642 40.5071996592 223.752956317 22.4928003408 6.59143358011 53.707240097
1032 2.8319324716 26.4073593411 146.425278443 197.580541553 0.519873187137 1.05386466107 4.08511440047 296.760606199 321.359586057 218.501144017 0 1680.56576096 40.5935364098 220.516139708 22.4064635902 6.43423904226 53.6404139431
1056 2.77175431941 26.3143445344 148.683695716 197.597144273 0.510295441347 0.256701601837 4.38494821821 297.250910465 321.251528846 211.901330553 0 1680.70276936 40.6354527357 217.690666172 22.3645472643 6.29723064229 53.7484711547
1080 2.71154033155 25.8250198211 146.576999618 197.61385285 0.504987323854 0.415615247091 2.97871561775 298.486828961 321.257792502 206.785708664 0 1680.83846415 40.5736752007 217.109388023 22.4263247993 6.16153585294 53.7422074987
1104 2.65811245394 22.7880593727 142.430942672 197.628897986 0.503430982514 0.493551514917 3.79360325426 297.580516262 321.484312392 212.444621889 0 1680.96157171 40.8032074365 215.769420329 22.1967925635 6.03842828575 53.5156876088
1128 2.60293785306 25.4960746906 148.548447175 197.644749308 0.504631149813 0.584148874427 3.05873986888 298.207730799 321.158479399 197.317055792 0 1681.08460514 40.5889819303 215.656525894 22.4110180697 5.9153948626 53.841520601
1152 2.55070888305 21.8584539136 150.343063434 197.660141044 0.50810989781 0.643795926565 3.0600653358 298.127887796 321.042531009 191.522041662 0 1681.2046762 40.8057477952 213.630657399 22.1942522048 5.79532379983 53.9574689914
1176 2.50435905989 22.0758999734 147.317222071 197.67417342 0.512266221407 0.67565726667 1.24423019623 299.893672895 321.025781253 184.352202005 0 1681.31005836 40.8428482877 216.774560108 22.1571517123 5.68994164293 53.9742187479
1200 2.45821529543 22.2334403884 145.176167261 197.688534115 0.517638891865 0.742045339482 3.47133316788 297.580448486 321.052120079 183.644659263 0 1681.41397627 40.7516957556 215.024757914 22.2483042444 5.58602373493 53.9478799219
1224 2.41398408381 21.2008860591 145.26798421 197.702724159 0.524635651573 0.804264869584 2.50258600697 298.465789313 321.144801597 183.043115153 0 1681.51463195 40.8133922252 214.429735054 22.1866077748 5.48536805294 53.8551984035
1248 2.37271735695 20.7064090398 144.211610586 197.716391352 0.532403134759 0.85655146163 4.13848267606 296.756171376 321.1942798 187.465133989 0 1681.60845399 40.8458588557 208.106077894 22.1541411443 5.39154601148 53.8057202006
1272 2.33147783573 23.6166634906 145.159595821 197.73051506 0.541941896639 0.93279380498 2.85085209852 297.94389714 321.094140428 180.790674381 0 1681.70086585 40.6652852882 207.055733399 22.3347147118 5.29913414782 53.9058595726
1296 2.29070507329 21.2526230801 144.374741394 197.744998521 0.551009831142 0.0185204180912 4.59333230967 297.09213892 321.022958692 177.215879374 0 1681.79384579 40.766917193 207.090473125 22.233082807 5.20615420641 53.977041309
1320 2.24412865697 21.8954429161 140.986818224 197.761746667 0.536750598565 0.142008977894 4.63542132484 296.924072432 320.935036484 172.486352935 0 1681.89781079 40.5969958129 204.339503322 22.4030041871 5.10218921168 54.0649635162
1344 2.20617215594 21.217618433 141.261857052 197.775362911 0.527876317795 0.216806846209 2.19134400746 299.288609917 321.085718663 173.421244749 0 1681.98535064 40.7340579751 201.830421827 22.2659420249 5.01464935896 53.9142813378
1368 2.16918833726 18.0484347935 143.583031378 197.788654279 0.520557331927 0.253871938193 0.749904934128 300.687011517 321.119150451 173.642900763 0 1682.07022611 40.9718516256 198.535264814 22.0281483744 4.92977389371 53.8808495496
1392 2.13725823513 19.0079281415 143.904196351 197.800170769 0.51513445797 0.303930310193 2.34221489164 299.038549571 321.028080982 170.167842739 0 1682.14239597 40.8732479413 197.419898599 22.1267520587 4.85760402552 53.9719190187
1416 2.10312601252 17.4925072721 141.412229429 197.812553779 0.510655450625 0.353725080379 1.50405071721 299.819014973 321.004739844 167.980754885 0 1682.22004704 40.9917934445 196.38095141 22.0082065555 4.7799529575 53.9952601568
1440.0 2.07162500754 18.8784529793 140.409203393 197.824075845 0.507455235045 0.387162136921 3.24124609825 298.040060685 321.091643466 169.453316065 30 1682.29075155 40.8108361175 193.545448387 22.1891638825 4.70924844575 53.9083565348
1464 2.04274431761 16.8688441587 134.717575111 197.834739919 0.505546613292 0.441561741981 1.4588528807 299.759298845 321.627859448 185.618457219 30 1682.35776832 41.102689669 188.90179562 21.897310331 4.64223168016 53.3721405527
1488 2.01561091079 16.4711165406 133.52796433 197.844868797 0.504506826233 0.461616600071 0.441997584531 300.747010192 321.891831737 198.557200732 30 1682.41936498 41.1136494611 184.49307895 21.8863505389 4.58063501904 53.1081682643
1512 1.98958770427 15.5133867006 133.524858245 197.854695677 0.503836044118 0.479193669499 2.25916490402 298.903109705 322.064091237 207.684168832 29 1682.47871496 41.2215536555 182.289355451 21.7784463445 4.52128503224 52.9359087634
1536 1.96471558447 15.2883207048 133.62290171 197.864201058 0.503785973973 0.527366365935 3.82631267636 297.278333926 322.265742776 218.201875792 28 1682.53518209 41.2367308218 178.229501174 21.7632691782 4.46481790246 52.7342572252
1560 1.94061591154 15.014573823 134.640439442 197.873533765 0.504572074734 0.57333866292 4.28807423979 296.760481257 322.353057222 225.246042563 28 1682.5899106 41.2598843889 174.361705602 21.7401156111 4.41008939509 52.6469427787
1584 1.91684935167 15.0788176833 135.603848044 197.88287366 0.506128285466 0.608955104388 1.75916968012 299.24287327 322.389429141 229.200292128 27 1682.64365417 41.2192383349 170.673332835 21.7807616651 4.35634583065 52.61057086
1608.0 1001.89346843 14.6551413731 134.003125388 197.892209249 0.508176290096 0.630607701414 1.23392776112 299.735078999 322.484856614 234.277416046 27 1682.69685049 41.2750481799 167.153847354 21.7249518201 4.30314950963 52.5151433865
1632 554.956212012 3130.08227775 146.448536005 199.557332184 3.69061911311 20.3401118625 73.8496257723 202.562311068 311.404680694 4664.66669656 27 1053.12600038 41.3027136362 145.771377225 21.6972863638 633.873999622 63.5953193065
1656 263.111118279 3938.08301109 170.500616626 208.164015079 7.39298169618 38.271218819 74.7240808164 171.44770359 311.578868863 6081.44131763 27 1263.98345419 39.678292837 256.388308529 23.321707163 423.016545814 63.4211311377
1680 128.482035866 3416.54971492 183.665172282 218.833244881 10.8759763809 31.7729993212 78.2447244267 160.273054991 314.894938544 6127.02375612 26 1434.53346 39.2237807697 398.537686 23.7762192303 252.466540001 60.1050614566
1704 67.8749227312 2665.23410173 189.489067425 227.385520777 6.44558302811 26.0724318922 62.384852405 177.711611898 317.851222876 5330.34096428 25 1539.6269975 39.0408321832 541.456683659 23.9591678168 147.373002499 57.1487771247
1728 39.221106323 1816.34959087 189.813115777 232.930353484 4.72293817104 20.888612812 59.5760761548 181.882019379 321.815629084 4472.85036388 25 1598.21386066 38.9768343305 665.941837718 24.0231656695 88.7861393399 53.1843709164
1752 25.9828535302 1130.23636913 199.240796014 235.151537585 2.77745463808 12.0438475001 48.3965180884 201.630642189 327.797249437 3923.6238324 25 1627.76152618 38.9973457395 660.621350015 24.0026542605 59.2384738236 47.2027505639
1776 19.4328037307 707.260438931 194.775876824 236.153654306 0.999040921609 8.02006584351 38.9433453313 215.883893598 332.742222731 3566.77349496 25 1642.80752773 39.0674796608 633.432196301 23.9325203392 44.1924722725 42.2577772699
1800 15.8338390403 477.832800148 192.598890782 236.546310698 1.50693975716 4.77132753943 29.3474729323 227.827949074 335.714262401 3297.35455373 25 1651.09627401 39.1576182476 630.514137843 23.8423817524 35.9037259887 39.2857375996
1824 13.5751769844 354.423055035 188.009172136 236.688761368 0.359561945175 1.99027620102 16.5842244162 244.377176071 337.62204482 3140.82708223 25 1656.2736907 39.2480787977 577.087764452 23.7519212023 30.7263092994 37.37795518
1848 12.020835236 277.673331829 190.503614742 236.763183511 0.461126595916 0.982124422423 17.0204874389 244.773078033 338.50824478 2998.42923151 25 1659.81264709 39.3284489973 535.341415586 23.6715510027 27.1873529068 36.4917552209
1872 10.8709834771 239.742285402 187.968867659 236.841876296 0.56383745028 0.737894587636 20.5810783424 241.275313324 338.644916666 2843.35987589 23 1662.40860205 39.3707668566 517.649997773 23.6292331434 24.5913979521 36.355083335
1896 9.86887469808 208.702654448 191.10579952 236.930046633 0.674260459978 2.14287782249 16.2568067721 243.996008314 338.108015662 2664.75734067 23 1664.65369954 39.3901950339 501.886733717 23.6098049661 22.3463004644 36.8919843384
1920 9.06553199524 184.184804133 182.420594562 237.025319201 0.807328392072 1.65209790827 11.956756694 248.558497805 338.130879468 2527.7312906 23 1666.47124449 39.4404171369 482.316790801 23.5595828631 20.528755507 36.8691205329
1944 8.36961004998 165.778490634 184.781086056 237.124661854 0.845181105249 0.188292056678 11.8742528913 249.967612093 337.403506492 2360.67612915 23 1668.0358601 39.4584177232 472.143792975 23.5415822768 18.9641398949 37.5964935088
1968 7.79387031991 149.7840957 178.455686253 237.213440481 0.830616952413 0.231469428215 11.5743585989 250.15011454 337.26265714 2229.14960857 23 1669.3386925 39.5044141817 458.740771381 23.4955858183 17.6613074989 37.7373428606
1992 7.30122499465 128.96647795 181.565139836 237.293895722 0.820197656019 0.524724075081 11.4315831162 249.929599431 336.823850604 2109.04469413 23 1670.45484482 39.5643977584 444.72770973 23.4356022416 16.5451551759 38.1761493969
2016 6.87549654222 115.346117245 179.911449124 237.367794784 0.831633648634 0.385385364192 13.0514721794 248.363714024 336.363895466 1996.81078171 23 1671.41793559 39.6144605541 430.072488811 23.3855394459 15.58206441 38.6361045348
2040 6.5262822988 97.9082186151 174.498735829 237.432241885 0.825451488529 1.04466925579 9.02627402018 251.671363351 336.463214898 1918.62028126 22 1672.21878311 39.7607995274 411.680933591 23.2392004726 14.7812168879 38.5367851024
2064 6.20201171236 95.3746901638 171.818036117 237.493993084 0.795973304203 0.659453622601 7.70793532718 253.342644662 335.862781229 1823.62885357 22 1672.94256695 39.7180685056 394.368094062 23.2819314944 14.0574330464 39.137218772
2088 5.90298717186 90.7857672314 172.952633947 237.552991015 0.800301002674 1.04311983099 5.14712380457 255.456464348 335.254610452 1725.31866391 22 1673.61534882 39.7231178235 383.52532975 23.2768821765 13.3846511839 39.7453895484
2112 5.64176020744 81.5604659248 176.06434048 237.606888724 0.779500106724 0.44306199107 9.01069564685 252.159853532 334.815706126 1637.69808612 22 1674.20961081 39.8034676848 367.606281126 23.1965323152 12.7903891899 40.1842938741
2136 5.41198472127 76.6791484968 178.530935521 237.655125058 0.770660730607 0.764839946423 3.56475889406 257.244615371 333.96977815 1537.04379571 22 1674.72866731 39.8282120209 361.469278475 23.1717879791 12.2713326874 41.0302218506
2160.0 5.19499593852 67.1418315037 172.775598333 237.702530934 0.776579099377 1.02053886545 5.94727749525 254.553073607 333.642006832 1459.38210143 52 1675.22112686 39.9223475058 347.63960468 23.0776524942 11.7788731361 41.3579931684
2184 5.02621052332 54.4530955381 157.096493387 237.740445512 0.751627267458 0.273752252865 5.35844082581 255.875734143 334.21619283 1446.51611944 50 1675.61271225 40.184704502 322.072932606 22.815295498 11.3872877465 40.7838071704
2208 4.87860940442 51.6031219325 150.478830569 237.773654573 0.735516328523 0.479889724691 4.58632138912 256.424617986 334.387825963 1430.04710769 50 1675.94675834 40.2332648249 299.821793647 22.7667351751 11.0532416512 40.6121740374
2232 4.74069158282 50.4261622907 148.618130599 237.805117149 0.728912140915 0.687584223494 5.34409131236 255.434295175 334.338301663 1406.38539068 50 1676.25806075 40.2585558564 282.294961864 22.7414441436 10.7419392467 40.6616983374
2256 4.61169405747 47.2726280636 146.969362515 237.83528526 0.730245885632 0.860287811081 7.72344290143 252.850738143 334.233150892 1382.63934619 48 1676.54953409 40.2979038223 266.008908863 22.7020961777 10.4504659073 40.766849108
2280 4.48977883269 46.7521957984 147.668414901 237.864782225 0.738465595908 1.00443022776 5.82772581926 254.564596133 334.062195705 1353.25121137 48 1676.82450909 40.3143536883 250.671536241 22.6856463117 10.1754909054 40.9378042951
2304 4.37291275939 44.5077350948 147.223192982 237.893771974 0.722082944275 0.214490112246 6.71059879393 254.459056177 333.830310921 1322.01076686 48 1677.08830308 40.3386643758 238.008768253 22.6613356242 9.91169691225 41.1696890798
2328 4.26558698107 40.6699188558 148.131762957 237.920395403 0.70795924939 0.437514880741 3.9697525545 256.964377913 333.601261869 1288.4015028 48 1677.33186792 40.4342458793 228.728681825 22.5657541207 9.66813207401 41.398738131
2352 4.16482310184 39.0865074396 146.037172494 237.945631152 0.700172728833 0.539668536399 3.08531992455 257.729207659 333.372095055 1255.18173649 47 1677.55952252 40.4708180334 221.372613528 22.5291819666 9.44047747589 41.6279049457
2376 4.07048038482 38.0781305677 144.481020061 237.96961867 0.696176516583 0.622373656582 2.84212613166 257.869705026 333.196113319 1226.91119877 47 1677.77238975 40.4836804105 211.100888429 22.5163195895 9.22761024987 41.803886681
2400 3.97951661042 36.9530045774 145.486578684 237.993195498 0.695294680234 0.720249453509 4.43740495897 256.15385541 332.897748955 1194.03000479 47 1677.97763501 40.5012450522 201.825938384 22.4987549478 9.02236498976 42.1022510453
2424 3.89333235145 34.9022563154 146.248158069 238.016061137 0.697639211984 0.808422868838 1.76711432682 258.710762456 332.609026425 1160.81352956 46 1678.17293252 40.5734742557 192.508163479 22.4265257443 8.82706747116 42.3909735755
2448 3.81038584311 34.4515664118 144.828680045 238.038663558 0.702121356362 0.87516355871 3.99214132667 256.391910201 332.347070745 1127.39098365 46 1678.35967507 40.5608945944 185.018914197 22.4391054056 8.64032492428 42.6529292554
2472 3.72949024345 34.9205051246 144.601484985 238.061367644 0.708989713229 0.953118047072 2.15654773834 258.119976858 332.009642528 1090.16717025 46 1678.5414234 40.5087416286 180.142395125 22.4912583714 8.45857659782 42.990357472
2496 3.65162469028 32.4004549181 142.473509392 238.083930418 0.713868669758 0.0329229498381 4.18180446745 256.987473496 331.839132257 1061.26595847 46 1678.71828468 40.6117901292 173.79190782 22.3882098708 8.28171531857 43.1608677431
2520 3.5783844884 31.3970824097 142.412846555 238.105333201 0.6953931136 0.165200873512 4.84666233991 256.187410473 331.567190788 1030.51510264 45 1678.88383758 40.6404430977 167.969419545 22.3595569023 8.11616241775 43.4328092127
2544 3.50923088981 30.4506651328 142.541859613 238.125476187 0.681345701959 0.256798216608 5.29087491829 255.645504978 331.294241413 1000.98386615 45 1679.04024351 40.6703244727 161.686621121 22.3296755273 7.95975648724 43.7057585877
2568 3.44217429322 30.001394358 143.288194703 238.145038982 0.671173714556 0.37195835669 3.59127448961 257.220554459 330.943665197 966.042616256 44 1679.19147581 40.6675240599 159.809577451 22.3324759401 7.80852418541 44.0563348038
2592 3.37730390934 29.416710211 141.791176141 238.164087085 0.66425310941 0.474719453532 4.8029723655 255.893967988 330.685753337 936.95791141 44 1679.33791631 40.6744338763 155.210415723 22.3255661237 7.66208368886 44.3142466637
2616 3.31333602252 28.3785982164 143.014465846 238.183074655 0.660006585345 0.547819978883 3.10360170812 257.505497074 330.344005199 903.729751279 44 1679.48258163 40.7125662177 151.944526969 22.2874337823 7.51741836859 44.6559948018
2640 3.25101163799 27.7014498622 143.870795607 238.201839044 0.657761753893 0.596131140771 1.39597820159 259.148289861 330.009276039 872.387794683 43 1679.62338085 40.7285400483 146.99598296 22.2714599517 7.37661914364 44.9907239618
2664 3.19240716545 26.5385788152 142.586040172 238.21976854 0.656660920115 0.654983849487 5.35316500809 255.115421684 329.742830221 843.823565481 43 1679.75631298 40.791584743 143.38571328 22.208415257 7.24368701408 45.2571697797
2688 3.13720190115 26.1837658282 141.757414783 238.236957846 0.657437338772 0.710336439054 2.02086707259 258.374401305 329.525197754 817.865834791 43 1679.88110779 40.7967326964 140.03997694 22.2032673036 7.11889220679 45.4748022466
2712 3.08204128896 25.8473204544 143.144871668 238.254478043 0.659806006519 0.787990511571 2.75332257585 257.544402864 329.138900633 787.908899948 42 1680.0054231 40.7825235764 136.926980882 22.2174764236 6.99457689515 45.861099367
2736 3.0286471346 25.6142723406 140.809221699 238.271823146 0.663770085453 0.845065782076 3.4191104235 256.800230564 328.916938507 762.922718726 41 1680.12592138 40.772096003 134.013803219 22.227903997 6.87407861508 46.0830614936
2760 2.97823358158 23.9327593443 140.220467971 238.288598562 0.668936650507 0.893449335023 2.82945257837 257.319562875 328.783333614 741.537542323 41 1680.24086777 40.8996948347 130.334334769 22.1003051653 6.75913222883 46.2166663863
2784 2.92887670716 23.7920050624 138.676989189 238.305442221 0.675174970489 0.958484382478 5.17342586679 254.88747256 328.561533767 720.750004189 41 1680.35219682 40.8800995632 126.880853642 22.1199004368 6.64780317505 46.4384662331
2808 2.88050760839 23.2168677236 138.829216495 238.322404421 0.683235250379 1.03530175069 3.46433099966 256.494727579 328.305081224 697.745512982 40 1680.46165539 40.9054022587 125.558616196 22.0945977413 6.53834460159 46.6949187765
2832 2.83481555234 22.893108656 138.71059881 238.338866945 0.684442187249 0.0718280956961 2.59781301335 258.30704976 328.080786977 677.374319875 38 1680.56500337 40.9105183624 122.420408428 22.0894816376 6.43499662522 46.9192130233
2856 2.79075514761 21.9140522591 139.756838731 238.354789445 0.67125667154 0.158972420924 3.5474498459 257.267531618 327.879260421 656.595463087 38 1680.66504467 40.9830444009 120.458827424 22.0169555991 6.33495532322 47.1207395793
2880.0 2.74844214068 21.3953885328 139.721169329 238.370045401 0.660383349709 0.210972298122 0.410980548629 260.347618403 327.654102744 637.619899424 67 1680.76086181 41.0114008482 117.623797366 21.9885991518 6.23913818156 47.3458972568
2904 2.70756993761 21.1460309227 137.154519129 238.384776135 0.650684625148 0.244689789821 3.19344762379 257.526401826 327.500584086 622.763595205 66 1680.85338875 41.0147961619 115.904542412 21.9852038381 6.14661124129 47.4994159144
2928 2.66764405193 20.8310420332 136.302316677 238.399180576 0.642296786196 0.283974972456 1.91202619243 258.762521473 327.376121548 609.183698249 66 1680.94370693 41.0230485829 113.328386629 21.9769514171 6.05629305991 47.6238784526
2952 2.62876010117 20.4709002494 135.917318758 238.413245951 0.635215138852 0.354858570248 3.49687611605 257.099804225 327.238975563 595.88189298 64 1681.03170799 41.0373242458 110.886029524 21.9626757542 5.96829199981 47.7610244375
2976 2.59094258289 20.1073119229 135.662183248 238.426991778 0.629735696977 0.393484764937 2.06673147664 258.483056284 327.09936164 582.88336572 62 1681.1173149 41.0533038895 108.56761976 21.9466961105 5.88268509168 47.900638361
3000 2.5541689551 19.730796718 136.189542764 238.440445329 0.625369858187 0.448401790877 1.52474972792 258.961033295 326.927848597 569.219490635 61 1681.20057847 41.0713334855 106.364194397 21.9286665145 5.79942152653 48.0721514036
3024 2.51845444364 19.3553410415 135.891245785 238.453617409 0.621983966659 0.481953163881 1.93970765478 258.502737806 326.776377075 555.99471008 59 1681.28146161 41.0920645242 104.267568712 21.9079354758 5.71853837679 48.2236229261
3048.0 1002.48366603 19.0711030664 135.201252635 238.466567082 0.619489843239 0.524321906638 3.26756169152 257.122059477 326.636661329 542.229540011 59 1681.36020883 41.1032032603 104.23405954 21.8967967397 5.63979116589 48.3633386716
3072 603.453647178 2599.26233845 135.211048375 239.375796228 2.98095675919 16.3678917021 58.7323164306 182.54303888 320.086393826 5812.76015278 59 1032.87190608 41.9243857814 35.0672678696 21.0756142186 654.128093912 54.913606175
3096 362.04043853 2815.25598856 151.414360928 243.108000699 4.93930101041 17.9495588798 56.1426372794 177.860502132 329.983157961 9440.43088568 58 1183.1764627 40.4956837334 44.9814949786 22.5043162666 503.823537296 45.0168420395
3120 242.205530447 2530.96292611 162.116471655 244.878192397 2.68875153574 10.9297646578 44.1220013388 197.381290071 338.205901042 12056.0865211 57 1297.11959651 40.030764527 63.9124587118 22.969235473 389.88040349 36.7940989589
3144 177.392153449 2150.67773446 170.570311497 245.618990383 1.20436522484 6.22137460981 45.0237095057 201.931560277 344.436801259 14009.9330487 57 1376.00801596 39.8377715558 76.1454690274 23.1622284442 310.991984034 30.5631987419
3168 139.121300323 1797.47896167 170.619584477 245.867391245 1.04287214383 3.77076002049 31.0995687968 218.219407794 349.294324774 15567.6145712 57 1430.05593783 39.7655039933 75.2012121106 23.2344960067 256.944062163 25.7056752263
3192 114.57498911 1549.97259144 174.213109345 246.243473091 0.822025982425 4.11142245862 21.5185575679 227.304520901 352.627311754 16782.9802205 55 1467.98026322 39.7203052861 79.7535676936 23.2796947139 219.019736775 22.3726882464
3216 97.2979069557 1363.22609969 179.06441731 246.438370401 0.307609550483 1.02677983396 23.6395973013 228.587642914 354.884185065 17756.0966196 55 1496.31038438 39.6818551228 85.9568401265 23.3181448772 190.689615615 20.1158149352
3240 84.6599330967 1214.65953758 174.746878786 246.518691659 0.476129643177 1.36855981082 19.0408026497 232.595816238 356.739339487 18572.4937383 55 1518.00446795 39.6623796688 96.3824129169 23.3376203312 168.995532046 18.2606605139
3264 74.9985373975 1093.22560441 177.022372682 246.619821715 0.679743089775 1.67832943783 12.4704173274 238.55168843 358.114373982 19270.3306891 55 1535.13881463 39.6456858733 102.827374472 23.3543141267 151.861185368 16.8856260186
3288 67.3321393394 1005.6819802 175.045376524 246.739375912 0.833403547648 1.66419272257 14.5336431798 236.229384638 359.196980586 19853.269916 54 1549.08646109 39.6270137595 107.510779798 23.3729862405 137.913538905 15.8030194147
3312 61.1069899276 921.477288763 174.387095745 246.860789964 0.846006148715 0.771808530454 18.640025858 232.881369499 360.108523212 20362.7062622 54 1560.66040096 39.6170571737 110.457907006 23.3829428263 126.339599036 14.8914767882
3336 56.0234897258 846.183087033 176.639418355 246.970425885 0.843057970365 0.475506756896 14.7755653724 236.935444016 360.928329023 20815.695794 52 1570.2912662 39.6195952874 108.678419151 23.3804047126 116.708733797 14.0716709772
3360 51.7210408675 786.258824815 177.607033763 247.071868178 0.853622564062 0.758411697723 9.09433256928 242.221764991 361.52495903 21199.9722056 52 1578.54333182 39.6132202574 102.590091718 23.3867797426 108.456668176 13.475040971
3384 48.0564901593 742.751627934 182.387511219 247.165401835 0.836418871698 0.80972413199 11.5446446563 239.643810505 361.989265835 21502.845404 51 1585.65348515 39.6006923283 115.713803355 23.3993076717 101.346514846 13.0107341652
3408 44.8310494192 716.299973509 180.53731821 247.252272111 0.82004613615 0.694224153968 8.82178162328 242.411675976 362.319124127 21757.2507375 50 1591.96393247 39.5726000672 116.270469852 23.4273999328 95.0360675287 12.6808758734
3432 41.9488222156 687.458882448 181.229849691 247.332861505 0.789340129347 0.593522779409 10.9818138617 240.302461725 362.603830033 21957.7175522 50 1597.66180988 39.5523765049 114.734373375 23.4476234951 89.3381901148 12.3961699675
3456 39.4028441798 644.632226333 182.104898249 247.407104694 0.786671923254 0.507848374666 10.5909133303 240.707461678 362.963514254 22116.7607196 49 1602.75432277 39.5541096419 138.761742943 23.4458903581 84.2456772273 12.0364857462
3480 37.1158213523 622.489877889 179.506630884 247.477527789 0.79414541216 1.23482717036 9.48530605818 241.008193571 363.156184617 22246.6402494 49 1607.34520479 39.5300712223 146.39196025 23.4699287777 79.6547952077 11.8438153834
3504 35.0791288108 589.520482189 177.656251904 247.545959446 0.81125094617 0.897800066612 7.20888349548 243.536106046 363.49655276 22388.3618078 49 1611.48258958 39.5363637346 131.594869389 23.4636362654 75.5174104125 11.503447241
3528 33.2821927708 546.56197485 182.781107212 247.609178952 0.782905471864 0.432705647691 8.88124138251 242.293968546 363.781186233 22503.359058 49 1615.15709528 39.5495933751 131.254738739 23.4504066249 71.8429047111 11.2188137679
3552 31.672765044 534.202311052 181.317270136 247.666960036 0.77834384584 0.966284749534 6.35928071645 244.229130652 363.968708013 22573.7495331 48 1618.45564762 39.5403896686 136.466946434 23.4596103314 68.5443523719 11.0312919878
3576 30.1765034152 507.476503328 183.180877765 247.724216117 0.802867816529 1.32674002718 8.65067031232 241.495505727 364.108921221 22626.4637886 48 1621.53523125 39.5355907733 141.581089786 23.4644092267 65.4647687509 10.8910787795
3600.0 28.8027904408 494.658462285 181.614035693 247.780630124 0.804219405443 0.80598777496 6.09131532733 244.517847368 364.20342661 22643.6855905 78 1624.3726768 39.5179397301 152.064245872 23.4820602699 62.6273231994 10.7965733909
3624 27.6056425051 430.300512696 176.240887289 247.831834323 0.79326238431 0.103753485719 4.38305767773 246.888092129 364.636174898 22771.0788444 78 1626.8917202 39.5971318254 119.929522217 23.4028681746 60.1082798023 10.363825103
3648 26.5868082186 391.157248676 174.29439165 247.875644327 0.762686109033 0.358987513253 5.01201746518 245.990664585 364.992426694 22877.8735608 76 1629.0355365 39.6571450837 102.007499337 23.3428549163 57.9644634964 10.0075733069
3672 25.6783761715 366.629994157 172.755033741 247.914997744 0.748625228601 0.578884553142 4.60396382051 246.153528654 365.212119649 22970.9959636 76 1630.9431021 39.6888072957 84.866433266 23.3111927043 56.0568978967 9.78788035185
3696 24.8459880287 352.926785747 172.141605619 247.951870626 0.744934766551 0.773397210879 4.53802399557 245.991773401 365.346516434 23037.289719 74 1632.68964653 39.6957066921 76.2135734649 23.3042933079 54.3103534709 9.6534835666
3720 24.0719631087 339.065380222 174.764193058 247.987314926 0.749101616829 0.894269296178 4.10657301953 246.262741142 365.450771255 23086.887332 74 1634.31811803 39.7072808114 70.0294862454 23.2927191886 52.6818819722 9.54922874578
3744 23.3508139423 325.084503788 174.169244681 248.021640053 0.749196624919 0.105052176521 7.04445414305 244.079657002 365.549020324 23125.7253816 74 1635.83874517 39.7179709741 68.2270618018 23.2820290259 51.1612548343 9.45097967677
3768 22.68145537 313.222857616 173.967828246 248.053792964 0.726367892636 0.305561844206 5.57548532471 245.338791975 365.650929254 23162.0752673 74 1637.25353309 39.7288671889 62.2510257952 23.2711328111 49.7464669126 9.34907074684
3792 22.0508230735 306.941036208 176.673511148 248.084174511 0.710972696055 0.394129700033 1.9788253877 248.831897705 365.692927213 23174.6726107 72 1638.58629696 39.7237435412 61.1393323366 23.2762564588 48.4137030348 9.3070727874
3816 21.4483448114 299.516489112 173.42857267 248.113485247 0.700958613939 0.547336189999 4.05263033532 246.585589613 365.758672344 23180.5385108 72 1639.86208539 39.7209157242 61.4268686214 23.2790842758 47.13791461 9.24132765652
3840 20.8795228799 288.211143016 172.701461496 248.141659225 0.697819939474 0.719391844156 5.76019292735 244.680936064 365.839008704 23184.0509054 69 1641.07112156 39.7323054998 60.0942014838 23.2676945002 45.9288784377 9.16099129695
3864 20.3386867388 287.259693036 172.005455887 248.169186867 0.701792065101 0.881894299323 5.22731044169 245.019816327 365.86559493 23169.0181333 69 1642.21893272 39.7149534369 59.8322117335 23.2850465631 44.7810672838 9.13440507091
3888 19.8180819675 277.690002627 174.958200112 248.196618972 0.70270521603 0.0884255404371 4.49623659583 246.516013676 365.884954074 23147.3876716 69 1643.32781537 39.7177069055 57.1795377118 23.2822930945 43.6721846296 9.11504592677
3912 19.3259621252 270.512903802 174.73006343 248.222740874 0.683757642829 0.273651603243 2.57518090254 248.244668977 365.940539898 23119.4706704 67 1644.37847147 39.7211220431 56.0761312793 23.2788779569 42.621528534 9.05946010283
3936 18.8584261362 266.753753968 173.576591433 248.247605927 0.670903094687 0.411305262236 6.48739052565 244.18279519 365.972258855 23080.1224737 65 1645.37757533 39.7191134489 57.0931162701 23.2808865511 41.622424667 9.02774114638
3960 18.4124674318 255.506274085 172.850302954 248.271558359 0.664314964264 0.526275157799 2.21831133041 248.319540188 366.024920737 23042.0885348 65 1646.33328054 39.732883438 59.7982589623 23.267116562 40.666719455 8.97507926375
3984 17.9841806748 253.971959568 173.473494067 248.294944885 0.661120572177 0.613852344556 3.845610829 246.584471369 366.019637426 22983.9949537 64 1647.24930392 39.7171782908 64.9571109016 23.2828217092 39.7506960801 8.98036257512
4008 17.568183965 255.807619835 172.787003989 248.318144497 0.661220294263 0.716760954506 3.38226354937 246.921610704 365.994508252 22919.0929487 62 1648.1386187 39.6867978658 64.6100632483 23.3132021342 38.8613813015 9.00549174921
4032 17.1666773167 243.22137032 174.600342663 248.341134403 0.66541939367 0.848160880072 3.74260863503 246.402676688 366.03997802 22854.6002291 62 1649.00419802 39.7140337665 66.6734053406 23.2859662335 37.9958019755 8.96002198057
4056 16.7843241058 242.132693722 174.977272531 248.363735608 0.672902455308 0.941983663302 4.94456948612 245.076808787 366.030833129 22775.2908183 61 1649.82559135 39.7000260831 69.6282538429 23.2999739169 37.1744086541 8.96916687176
4080 16.4139011429 238.756121044 174.976042839 248.386275292 0.666265596832 0.0846596203317 5.01215185344 245.850647637 366.013983434 22687.8649866 61 1650.62258061 39.6907888951 73.1144606767 23.3092111049 36.3774193847 8.9860165671
4104 16.0561026762 234.548987502 173.708240831 248.408016488 0.649818383415 0.223762105508 4.01416353834 246.704239485 366.023980394 22597.8737287 61 1651.39412836 39.6884713392 77.6937753398 23.3115286608 35.6058716367 8.97601960699
4128 15.7098675651 229.397540771 172.418023255 248.429065801 0.638356219618 0.349119761634 3.94034547795 246.643112739 366.041600816 22508.6735044 61 1652.14212493 39.6931441928 78.185423311 23.3068558072 34.8578750702 8.95839918469
4152 15.3785397199 226.925571512 175.109919938 248.449351074 0.631211862517 0.470170308314 3.68194601403 246.767320741 366.016463546 22407.3837758 61 1652.85808768 39.6866256951 79.6812933137 23.3133743049 34.141912318 8.98353645457
4176 15.0624370977 212.844419137 173.927871692 248.468955653 0.627967768854 0.575454511155 3.23906075194 247.088561315 366.074392608 22322.8646256 60 1653.54525881 39.7245302336 76.5169465901 23.2754697664 33.4547411912 8.92560739332
4200 14.7631858892 212.57857493 174.810698062 248.487841108 0.627066808055 0.62134473812 2.645515468 247.618231877 366.060354637 22222.1702763 60 1654.19276638 39.7109046749 74.835763747 23.2890953251 32.8072336212 8.93964536359
4224 14.4675086466 213.257000067 176.015920065 248.506876474 0.627873265811 0.708069821357 6.02584069416 244.131339744 366.008220074 22104.1850089 59 1654.83227205 39.6950916183 77.1429889533 23.3049083817 32.1677279494 8.99177992664
4248 14.1738011013 212.906844214 176.128795954 248.526253837 0.632422462762 0.828450481027 3.43084613762 246.582027081 365.951071772 21979.9851942 58 1655.46708481 39.6653277846 76.4256574037 23.3346722154 31.5329151868 9.04892822938
4272 13.8867911717 209.50034009 176.322087655 248.545760314 0.639311789287 0.905170645119 3.89507061166 246.014686639 365.925944831 21849.3921782 57 1656.09054456 39.6645277198 76.8795367338 23.3354722802 30.909455436 9.07405516959
4296 13.6156287889 202.172821054 178.220646076 248.564799676 0.647467844693 0.0220886282351 5.99827404909 244.767369802 365.929931767 21717.8472918 57 1656.68196009 39.6829215944 81.1095462874 23.3170784056 30.3180399129 9.070068234
4320.0 13.3548298496 197.117711561 174.448201954 248.583342582 0.631501494626 0.138053714653 3.0340145509 247.613087657 365.939007647 21589.6295952 87 1657.25008965 39.689752307 85.0728046736 23.310247693 29.7499103479 9.06099235393
4344 13.1094850883 184.209391601 172.344738362 248.600727647 0.619061926063 0.216212708388 0.837915762472 249.726081956 365.949434656 21484.8198511 87 1657.78810599 39.7403895189 78.1807449472 23.2596104811 29.211894012 9.05056534493
4368 12.8789978494 177.749399419 171.885622727 248.617062903 0.609149493078 0.278408942201 2.3667228718 248.128655789 365.966456969 21371.5211852 86 1658.29202907 39.7623219042 75.1546805991 23.2376780958 28.7079709264 9.03354303176
4392 12.655283975 175.818296693 172.189871057 248.632969231 0.601511675628 0.348509669222 2.79310398313 247.62390544 365.945304885 21251.2332421 84 1658.77969253 39.7569973269 70.7689497517 23.2430026731 28.2203074701 9.05469511577
4416 12.4383324399 171.578418689 172.071815495 248.648497351 0.59627376821 0.437312178697 3.08878293475 247.229133766 365.927708426 21129.1544509 83 1659.25365422 39.7648596026 66.960494472 23.2351403974 27.7463457799 9.07229157515
4440 12.2293748372 167.747750697 171.224304413 248.663604947 0.592826822735 0.473444530774 2.35390683206 247.916216867 365.922053215 21005.4093655 81 1659.71055264 39.7726579876 63.6820938787 23.2273420124 27.2894473596 9.07794678559
4464 12.0274430733 164.946525464 170.871446949 248.678378975 0.590496688682 0.523779259195 3.47802397045 246.729321106 365.903856757 20877.2990768 79 1660.15205555 39.7744369958 61.7525240537 23.2255630042 26.8479444517 9.09614324411
4488.0 1011.83113354 160.857248631 172.443093365 248.692943168 0.589883946157 0.598841197736 1.47510166313 248.643230024 365.871504451 20745.0537302 79 1660.58194307 39.7852707962 59.113797948 23.2147292038 26.4180569262 9.12849554995
4512 847.59696764 3295.71111866 153.958681047 248.863540168 0.751227306235 2.53624884814 28.1764419515 219.672541725 351.16090691 26208.7305486 79 947.438262357 42.1621927743 23.7147777811 20.8378072257 739.561737639 23.8390930913
4536 657.498107668 3947.82107803 159.66210063 249.177792674 0.886844156673 5.35081080866 30.489226485 214.095325875 350.522472113 30808.8393945 78 1016.14515303 40.9664026489 26.7990814605 22.0335973511 670.854846968 24.4775278877
4560 517.071893341 3916.19309248 164.844328516 249.569749309 0.44240415957 7.0246992651 35.2295789278 207.733568338 352.772565084 34897.3078122 77 1085.90847251 40.5048489972 25.7729977556 22.4951510028 601.091527486 22.227434917
4584 418.613895601 3671.7434313 167.809687097 249.773534308 0.605445944485 2.07366276874 29.1418224956 218.405534482 355.322504193 38500.9171653 76 1148.59655495 40.2607516948 34.4273498054 22.7392483052 538.403445049 19.6774958076
4608 348.625046143 3390.21181223 169.827140342 249.939217512 0.0848872950838 1.41923519804 18.9925628494 229.564097145 357.572025947 41691.4249411 75 1202.39651971 40.1093988189 31.8268436275 22.8906011811 484.603480284 17.427974054
4632 297.475644195 3097.72781145 171.172935194 249.999414898 0.37201586431 1.95167626026 22.3334751679 225.343417808 359.503410401 44542.748818 75 1247.82921035 40.0152624071 38.6720757925 22.9847375929 439.170789651 15.4965895998
4656 258.991434806 2848.81272443 172.96248626 250.107778416 0.629770838472 2.2727923493 22.4259913855 224.56366701 361.064490784 47094.1291273 74 1286.04348905 39.9458253997 42.559277255 23.0541746003 400.956510948 13.9355092173
4680 229.131476976 2632.0909777 175.722364909 250.246809412 0.779057915736 0.391488789179 16.0897922832 232.492851599 362.329232601 49384.642086 72 1318.43281205 39.8933415405 49.365872397 23.1066584595 368.56718795 12.6707673997
4704 205.411463359 2445.83754118 175.761269393 250.378233098 0.849707481415 1.8675119822 16.3294973629 230.575050075 363.383375138 51475.5569927 72 1346.06884327 39.8520368138 44.9241087383 23.1479631862 340.93115673 11.6166248628
4728 186.184960727 2266.17899878 176.532051033 250.515678804 0.964966333876 0.914210410523 15.1279371896 232.477207261 364.299670498 53398.2045215 70 1369.84023795 39.8267002927 43.1197084993 23.1732997073 317.159762051 10.7003295029
4752 170.35136919 2127.60198779 178.735163856 250.642560421 0.930642011307 0.481062895069 8.84152143786 239.104213234 365.040608663 55137.0244238 68 1390.38514039 39.8000607189 56.5560757498 23.1999392811 296.614859606 9.95939133778
4776 156.920204908 2026.7102927 178.166774138 250.755592969 0.904852516971 0.8945269294 12.3509226685 235.094104915 365.589604421 56724.2051322 68 1408.52517527 39.763693009 51.8673472 23.236306991 278.474824731 9.41039557991
4800 145.471292742 1905.49444371 176.377114197 250.85895776 0.89686813307 0.588479318941 11.8913836475 235.76431114 366.157074127 58210.1284693 68 1424.58329466 39.7479081764 58.0877854095 23.2520918236 262.416705336 8.84292587389
4824 135.603076257 1816.5956907 175.948648431 250.952898081 0.884287025183 0.943429111714 16.0906023042 231.128783477 366.609518478 59581.6640808 68 1438.84964568 39.7262677629 58.2703718661 23.2737322371 248.150354318 8.39048152269
4848 126.981703424 1731.14347253 175.736737442 251.039074926 0.869562080044 1.09503575647 11.0221788957 235.974148341 367.007441214 60855.7542448 68 1451.66049631 39.7082386058 55.8269675731 23.2917613942 235.339503682 7.9925587868
4872 119.451852594 1633.53017948 176.047955323 251.117360005 0.846612433917 0.948500260569 6.89572111147 240.191806189 367.416277545 62062.7210302 67 1463.14014545 39.7047841749 64.1584456842 23.2952158251 223.859854542 7.58372245616
4896 112.808258005 1564.1497885 176.172046897 251.189016013 0.815498384236 0.496841918987 4.96570463009 242.532939053 367.738443653 63190.4790154 66 1473.47453922 39.6920492062 66.2683047858 23.3079507938 213.525460772 7.26155634745
4920 106.863575667 1497.41732504 176.372183435 251.254608108 0.806892560065 1.0083286757 10.9081687885 236.022001867 368.01961316 64248.8331737 66 1482.89932251 39.6803907605 58.5425796129 23.3196092395 204.100677485 6.98038684115
4944 101.574814758 1426.25581886 176.142243309 251.317144368 0.832709234282 0.662286628758 11.2088338477 235.97902592 368.324204981 65249.7708938 64 1491.44274912 39.6817841007 64.2125967446 23.3182158993 195.557250878 6.67579501968
4968 96.7928437429 1380.6073587 176.225032292 251.37744246 0.840164257504 1.16742030294 6.92104407395 239.693928905 368.529990064 66174.8880731 63 1499.27011351 39.665524206 69.5457236407 23.334475794 187.72988649 6.47000993732
4992 92.4237243815 1338.8357094 177.413327965 251.435775453 0.831081816021 0.499732622577 8.2738974704 238.959512637 368.711019904 67043.2267507 63 1506.52414484 39.6506817674 68.9950563191 23.3493182326 180.475855153 6.28898009645
5016 88.4384199573 1292.94164125 177.959849045 251.490322839 0.823777003656 0.922138920496 6.6650528978 240.098708338 368.907205678 67864.7242754 63 1513.23498548 39.6439432115 71.5000112615 23.3560567885 173.76501452 6.09279432293
5040.0 84.7694587186 1267.8216103 180.957429735 251.543148267 0.841363704201 0.337415006464 10.3632675128 236.914805509 369.037771368 68610.173552 90 1519.47609728 39.6229139296 80.9706588713 23.3770860704 167.523902721 5.96222863281
5064 81.4542852658 1169.34171815 178.131274996 251.59290767 0.826399869925 0.775332673411 3.19946474123 243.605895045 369.30791823 69439.2117202 87 1525.21704279 39.657722037 58.0536816738 23.342277963 161.782957215 5.69208177038
5088 78.4965371702 1106.01118667 177.002457299 251.638782753 0.829642446391 1.01887512502 4.29978917207 242.212910503 369.539064646 70214.9413151 86 1530.38017111 39.6773107837 47.5060549681 23.3226892163 156.61982889 5.4609353549
5112 75.8046212598 1061.3132619 176.556318385 251.681651467 0.803152783042 0.253590392196 5.73716314208 241.524442215 369.710835247 70948.6027322 85 1535.11302271 39.6845804157 44.6906750183 23.3154195843 151.886977291 5.28916475387
5136 73.3189067649 1026.44342865 176.432252274 251.721220372 0.780734443261 0.425118224958 4.72076857438 242.352158385 369.852586945 71649.1303063 83 1539.51568564 39.6865134289 41.3786687113 23.3134865711 147.484314366 5.14741305621
5160 71.0071161179 1000.41052638 176.796480804 251.758424181 0.769654571872 0.67457517732 5.03707159207 241.760274477 369.968508613 72312.8667583 79 1543.63798832 39.6810302906 39.3936227073 23.3189697094 143.362011685 5.03149138781
5184 68.8398102216 975.480218427 176.516814996 251.794165066 0.769008175676 0.835407437684 3.11599844075 243.48542088 370.072700692 72939.3456805 77 1547.53042537 39.6766590498 43.0327029566 23.3233409502 139.469574634 4.92729930882
5208 66.7972823568 955.418366118 178.856640003 251.829019154 0.774800499664 0.958524764809 2.92605757546 243.511598006 370.151354453 73531.9412097 77 1551.22082261 39.6665922454 42.4907874874 23.3334077546 135.779177388 4.84864554736
5232 64.8746489559 930.486339775 178.669470385 251.863172878 0.782434724846 0.113273815635 5.32822150039 241.91289708 370.245863316 74103.96202 77 1554.72034753 39.6642026898 41.8284240359 23.3357973102 132.27965247 4.75413668438
5256 63.0774947214 901.895173643 178.34813043 251.895612831 0.758469476616 0.273975525655 3.40458607129 243.667356095 370.347001241 74663.8330757 76 1558.01355951 39.6667405049 41.0051261962 23.3332594951 128.986440488 4.65299876011
5280 61.3889820966 878.033213158 177.332723643 251.926125665 0.741987913449 0.411497537199 2.15428658787 244.766102296 370.439125527 75199.585689 76 1561.12423982 39.6676761698 41.4023708226 23.3323238302 125.875760186 4.56087447373
5304 59.7903460218 859.046373239 176.761768135 251.955264958 0.731219499756 0.514524812636 2.68197922003 244.117011509 370.516245476 75708.1496286 75 1564.08328425 39.6643877178 42.2942724283 23.3356122822 122.916715747 4.48375452506
5328 58.2745409899 845.787833722 179.112598737 251.983301436 0.725296882439 0.623889985027 2.92260638597 243.74490531 370.573814447 76188.4646226 73 1566.90136865 39.6555984675 40.7926995599 23.3444015325 120.098631348 4.42618555386
5352 56.8330827357 826.044173749 180.076664923 252.010506682 0.723710894329 0.743915753755 3.89598553058 242.625881139 370.642533995 76647.749162 72 1569.59635344 39.6533498588 45.6001320322 23.3466501412 117.403646562 4.35746600585
5376 55.4616058712 814.979238185 178.135875133 252.03704636 0.725075393312 0.779400867392 1.80096095375 244.657516425 370.695257926 77083.8612523 71 1572.16995644 39.6440497436 48.7627360943 23.3559502564 114.830043558 4.30474207471
5400 54.1459373833 799.739032214 178.49079318 252.063204297 0.728130776731 0.857753250745 3.45964962412 242.891262051 370.747707103 77495.6385022 70 1574.65064528 39.6381808201 55.2006926347 23.3618191799 112.349354716 4.25229289741
5424 52.8898701232 792.224698538 176.978823897 252.088928884 0.733585565265 0.918712021416 2.94704851098 243.311725017 370.798422329 77886.1503228 68 1577.02805935 39.6276779343 63.5275317228 23.3723220657 109.971940655 4.20157767165
5448 51.6808512077 787.466908886 177.858264135 252.114491013 0.740480971834 0.955035442472 2.35025447347 243.839738098 370.828929671 78253.2684208 64 1579.32370787 39.6122936409 67.5600946057 23.3877063591 107.676292128 4.17107032992
5472 50.510015153 779.098083766 177.806977675 252.14007518 0.748214314011 0.981618948086 1.69181520401 244.438276353 370.859317445 78600.6380354 64 1581.55634409 39.5996450875 69.1922388723 23.4003549125 105.443655907 4.14068255609
5496 49.3911468885 759.731077036 178.551740149 252.165340651 0.751952788585 0.0170241352647 2.83656182049 244.229120604 370.918632201 78943.4479029 63 1583.70294007 39.6023742681 67.7074432959 23.3976257319 103.297059935 4.0813678
5520 48.316211653 753.059525735 178.285869769 252.189778278 0.729326693355 0.0839714256149 1.85243915583 245.144484447 370.951062083 79253.9912453 63 1585.76858488 39.591398813 69.4604328553 23.408601187 101.231415123 4.04893791827
5544 47.2859935069 739.390524786 178.988433145 252.213032883 0.709820004727 0.17075558863 5.655585177 241.250806346 370.99490691 79550.4895382 63 1587.75759753 39.5884015421 78.7543599287 23.4115984579 99.2424024739 4.00509309077
5568 46.2958638732 732.532227253 182.198083174 252.235320266 0.695289526752 0.32162087691 6.17326758376 240.574501746 371.022889519 79834.863178 63 1589.67375087 39.5783745924 76.233077515 23.4216254076 97.3262491265 3.97711048174
5592 45.3413058261 717.664679014 180.955230913 252.256895166 0.686244732283 0.464925088611 4.57012469866 242.021810314 371.06154847 80105.8784126 61 1591.52901665 39.5773705046 78.6133743775 23.4226294954 95.4709833494 3.93845153048
5616 44.4154028048 713.449966699 179.678323105 252.278047157 0.68124785011 0.573264184977 3.95070837601 242.516732431 371.082879383 80346.8647356 61 1593.33109319 39.5635200412 82.9856435236 23.4364799588 93.6689068119 3.91712061763
5640 43.5297843834 701.096876886 178.570761898 252.298596943 0.679693680425 0.678733360712 4.14594934965 242.197026665 371.136109128 80593.0471448 61 1595.0646694 39.566026791 82.4755156852 23.433973209 91.935330597 3.86389087279
5664 42.6717460874 696.205474367 180.09079886 252.318906276 0.68094304934 0.770662334916 4.27381139914 241.95567694 371.14952962 80804.6677317 61 1596.74448812 39.5521969666 91.3689110895 23.4478030334 90.2555118853 3.85047038058
5688 41.8490205822 679.468469726 181.163035028 252.338844708 0.68497773803 0.857020516452 3.24196568446 242.877191353 371.196832925 81029.6986872 61 1598.36472966 39.5575669666 90.0219279406 23.4424330334 88.6352703382 3.80316707569
5712 41.0620478336 663.710880261 179.98938813 252.358427455 0.690726316931 0.936487884772 4.039620485 241.974737857 371.241399919 81244.2844416 61 1599.91815938 39.5621307272 93.773441395 23.4378692728 87.0818406172 3.75860008195
5736 40.3063201476 649.315217377 179.020660039 252.377777807 0.698383166905 0.98963884025 2.73296497787 243.201235207 371.281857125 81453.1007434 61 1601.41334885 39.564401897 95.3796627159 23.435598103 85.5866511492 3.71814287623
5760.0 39.5775101629 644.152908021 180.375768618 252.396869207 0.690479103494 0.0533325943599 1.33030319083 245.529015903 371.302652561 81643.0521822 89 1602.85667697 39.5555877762 96.3493200237 23.4444122238 84.1433230265 3.69734743984
5784 38.8905125456 602.290552621 177.940546155 252.414791277 0.674485569769 0.105978479109 2.70462488469 244.100119788 371.383098916 81895.1116151 89 1604.23027482 39.5978965027 76.1643820501 23.4021034973 82.7697251751 3.6169010853
5808 38.2512223578 578.497636047 176.914962368 252.431391164 0.661124715597 0.159778481128 3.72601715089 243.021688487 371.453715316 82130.8676949 87 1605.50802638 39.6213686002 61.7081918525 23.3786313998 81.4919736186 3.54628468446
5832 37.6438409624 564.965859858 177.757979562 252.447127709 0.650111088123 0.238895480255 3.48162397346 243.182241747 371.498015512 82346.595609 87 1606.72211488 39.6318388323 53.3169971247 23.3681611677 80.2778851125 3.50198448906
5856 37.0612978049 552.491210781 176.750103716 252.462230087 0.641258346986 0.291254237886 1.13417258231 245.471084744 371.536815273 82556.9945914 87 1607.88817007 39.6392231166 45.714600651 23.3607768834 79.1118299296 3.46318472744
5880 36.5004454994 542.194516326 177.338639106 252.476810708 0.633913256466 0.34711044075 1.64797693727 244.894188656 371.568890882 82754.4015758 86 1609.01236556 39.6436936893 41.8893485201 23.3563063107 77.9876344413 3.43110911881
5904 35.9592458918 533.155560041 176.565229916 252.490948158 0.628216421611 0.407875456858 3.0331655925 243.43979437 371.596456583 82943.3338011 85 1610.09881627 39.6446137668 40.6121448814 23.3553862332 76.9011837222 3.40354341782
5928.0 1035.43328112 526.694247332 176.85755198 252.504784908 0.624141808881 0.476252781856 1.3235988022 245.071221698 371.615488056 83120.0633712 83 1611.15570013 39.6410226928 38.8660841266 23.3589773072 75.8442998696 3.38451194489
5952 969.279755118 3732.3928224 158.998454782 252.566588011 0.633613777624 1.04002093284 8.42758373948 237.332193538 365.826785598 88603.7743299 82 916.316988975 42.1523658631 24.3703980337 20.8476341369 770.683011025 9.17321440305
5976 873.468908737 4628.57641372 162.168810876 252.669496545 0.661431631192 0.883162764282 13.8678839862 231.918025072 364.326661294 93568.0667087 82 942.267818368 41.2223432408 28.3168434709 21.7776567592 744.732181632 10.6733387064
6000 782.36812603 4824.31591929 165.44998265 252.781949488 0.732245400993 1.93762128241 12.9517767724 231.596407056 364.369452517 98331.9063859 81 971.397394494 40.8776356773 30.6431412531 22.1223643227 715.602605505 10.6305474837
6024 703.144762169 4786.91955751 167.274280586 252.910762424 0.838231747647 1.44390295887 17.6865178373 227.120585031 364.838284613 102867.30376 81 1000.82760476 40.6797053336 28.4587500815 22.3202946664 686.172395236 10.1617153878
6048 635.810758991 4647.0381272 168.679443858 253.043688764 0.886767068374 0.551145600657 18.093574878 227.424823688 365.431582856 107206.291314 81 1029.41511733 40.5481527719 30.771657041 22.4518472281 657.584882665 9.56841714502
6072 578.836566855 4481.51405406 169.72804582 253.167454455 0.856415433159 0.512545320778 11.5347930589 233.928791731 366.025462569 111356.154073 80 1056.61880184 40.4488469002 26.9684301925 22.5511530998 630.381198157 8.97453743167
6096 530.287205846 4317.1771546 170.555820257 253.279173172 0.840614147043 0.882782622364 12.8218654783 232.175564579 366.56229453 115306.549613 80 1082.32105957 40.3658200771 33.1206484749 22.6341799229 604.678940429 8.43770547137
6120 488.584520534 4163.08642856 171.726465697 253.386057861 0.913868631404 0.160152373832 10.9254045253 234.614516608 367.043786912 119082.895404 80 1106.51286511 40.294246295 27.7555967302 22.705753705 580.487134889 7.95621308896
6144 452.511396406 4011.05204988 171.981329445 253.488736944 0.877246763684 0.523333646119 12.2650902838 232.845592361 367.488791733 122681.687645 78 1129.2173539 40.2347068161 36.1226173582 22.7652931839 557.7826461 7.51120826764
6168 420.971716883 3876.53320431 172.883068833 253.58366153 0.888111619318 1.35559684813 10.8978395034 233.274790498 367.866958437 126123.867817 78 1150.56256556 40.1776187743 36.5904992374 22.8223812257 536.437434438 7.13304156374
6192 393.276679482 3748.90930222 173.328413706 253.676544827 0.902475552188 0.348617893352 10.6463049073 234.426056819 368.225959879 129408.087295 78 1170.58214982 40.1309100434 40.0230606472 22.8690899566 516.417850176 6.77404012156
6216 368.761477761 3618.27443012 173.717512867 253.762562983 0.893401478122 1.21081987263 8.38224648613 235.750969179 368.548727177 132558.83067 78 1189.3849714 40.0897115934 43.0642830114 22.9102884066 497.615028602 6.45127282405
6240 346.996138096 3495.58335882 173.679060876 253.842622263 0.867271550158 0.823337481021 6.38201166263 238.084757042 368.850324596 135587.293894 78 1207.00213139 40.054474224 34.0700439261 22.945525776 479.997868607 6.14967540476
6264 327.632908721 3359.37028397 173.805472876 253.916618409 0.840713097478 0.52198192784 9.9667160055 234.753970559 369.150227721 138506.87617 78 1223.4672578 40.0307615751 35.9158914147 22.9692384249 463.532742198 5.84977227953
6288 310.269945744 3263.83699619 175.175240121 253.984878476 0.826844051687 0.311213414857 11.2533450395 233.623719017 369.388645882 141289.522597 77 1238.88744836 39.9989897038 34.6346126955 23.0010102962 448.112551644 5.61135411866
6312 294.597294222 3162.7594866 174.643814806 254.048373713 0.815350584295 0.994253405057 9.79303105381 234.348991243 369.620245703 143971.383883 77 1253.38726215 39.9738870646 40.8873597561 23.0261129354 433.612737846 5.37975429743
6336 280.415477237 3053.62159388 174.963468901 254.109350631 0.822755898825 0.454817370832 8.8053111352 235.807764963 369.840017053 146582.542992 77 1267.00905005 39.9542504404 37.0136855716 23.0457495596 419.990949945 5.15998294825
6360 267.533472041 2961.70551171 174.78744838 254.166959857 0.817255837514 1.01067361807 7.82315232219 236.181958364 370.037980899 149083.70528 77 1279.81153236 39.9346198825 38.373095485 23.0653801175 407.188467641 4.96201910178
6384 255.78512256 2869.90306783 174.817894708 254.221340726 0.791109365049 0.388510347529 3.48598730272 241.113052257 370.223899428 151502.413699 76 1291.86350695 39.9180076572 37.9621339772 23.0819923428 395.136493049 4.77610057246
6408 245.031273533 2790.49862125 175.755131355 254.271690987 0.775894470003 0.756199775406 9.42822199621 234.767992771 370.392146671 153836.86363 76 1303.22140099 39.9015631394 39.7213560503 23.0984368606 383.778599005 4.60785333007
6432 235.129361264 2719.17211626 176.201832266 254.319857023 0.77391071407 0.201961121961 5.55296903929 239.151302101 370.537676563 156082.681283 74 1313.96349362 39.8826936672 41.6852860083 23.1173063328 373.036506382 4.46232343771
6456 225.997081429 2654.59695354 176.127153261 254.364977276 0.746579210289 0.385466187837 4.68459731781 239.818380007 370.67751247 158254.704439 72 1324.12543987 39.8656248578 44.2041885244 23.1343751422 362.874560128 4.32248753086
6480.0 217.505438071 2599.59330358 176.153605304 254.407427185 0.734222927139 0.686218465453 7.06023850513 237.111892917 370.795500277 160335.359159 102 1333.79718084 39.8462612081 54.6849292417 23.1537387919 353.202819159 4.20449972434
6504 209.693059166 2482.74945558 176.569346511 254.447802099 0.740340987304 0.998390167601 5.73023750104 238.083229244 370.960310596 162459.496418 102 1342.91736097 39.8543911083 30.8878869381 23.1456088917 344.082639028 4.03968940487
6528 202.550232806 2393.02382567 175.825211757 254.48671098 0.757504698579 1.13856739776 5.00687287828 238.610344045 371.116774596 164510.683891 101 1351.42444375 39.8584058857 21.4935711709 23.1415941143 335.575556246 3.88322540553
6552 195.936101909 2328.66216665 175.577148577 254.524553049 0.752852399067 0.417957131382 5.53605256765 238.768584853 371.237006281 166488.413233 99 1359.4438083 39.8522490292 17.9063771594 23.1477509708 327.556191697 3.76299372067
6576 189.775291779 2267.78374604 175.520692017 254.560346512 0.743306603519 0.682909488415 3.65438952436 240.359047871 371.345889854 168413.303349 99 1367.04637645 39.8458701116 18.6680537209 23.1541298884 319.953623545 3.65411014761
6600 184.013586864 2213.34253507 175.540699196 254.594714965 0.744057594705 0.816877251442 3.59669369872 240.24765649 371.445005021 170285.925445 97 1374.2749693 39.8386672142 20.0144788103 23.1613327858 312.725030695 3.55499498083
6624 178.610050154 2162.98629903 175.589208219 254.628105126 0.751048105855 0.987691043417 2.07111878597 241.562036939 371.536548821 172112.571699 97 1381.16119428 39.8311702316 17.1835011822 23.1688297684 305.83880572 3.46345118011
6648 173.526756367 2117.28262845 175.652074047 254.660815723 0.752313037411 0.0802836520255 4.3775717038 240.129015883 371.620095328 173885.014534 96 1387.73541421 39.8228628379 17.7268820604 23.1771371621 299.264585793 3.37990467356
6672 168.73559096 2075.89192184 175.718496542 254.691874325 0.728253172603 0.27106109162 5.24713403428 239.061677376 371.698129256 175608.493054 96 1394.01954166 39.8145906611 18.5402005428 23.1854093389 292.980458344 3.30187074533
6696 164.215731213 2027.83371425 175.77643354 254.72122937 0.715116678497 0.523190025202 4.65515447687 239.385309449 371.777646874 177300.408256 95 1400.02944535 39.8099601023 18.2083907362 23.1900398977 286.970554652 3.22235312717
6720 159.938959363 1995.21806545 175.844379062 254.749412271 0.709400872527 0.600079749128 2.11413527242 241.826971835 371.841578885 178934.919569 94 1405.78488698 39.7989139774 17.4841872359 23.2010860226 281.215113023 3.15842111598
6744 155.879698586 1957.37626214 176.528835928 254.776711626 0.707187984479 0.699653298774 2.26914271263 241.547304378 371.907690107 180527.447938 93 1411.31632274 39.7923071005 19.6051481829 23.2076928995 275.683677256 3.09230989423
6768 152.032183022 1919.93101978 176.197311856 254.803233606 0.708123452917 0.755195193914 2.2417146786 241.491733068 371.971462303 182085.480232 93 1416.61995464 39.7858530494 21.7054416988 23.2141469506 270.38004536 3.02853769847
6792 148.377299685 1881.82735222 176.937886899 254.829126914 0.711210681183 0.858953897842 6.87077269612 236.72993581 372.033853788 183608.276348 92 1421.71457463 39.7813514514 22.0667653028 23.2186485486 265.285425373 2.96614621326
6816 144.908397044 1845.12527358 176.973076182 254.854480914 0.718256828215 0.960763163552 5.24399844109 238.222500653 372.095224824 185099.364692 90 1426.60126503 39.7774328757 23.6426231372 23.2225671243 260.398734964 2.90477517768
6840 141.604249204 1814.96935446 176.447849059 254.879485287 0.727299141572 1.00504101449 2.50951283558 240.878661721 372.148734499 186551.610682 89 1431.30104071 39.7706352861 23.9791221499 23.2293647139 255.69895929 2.8512655027
6864 138.45283944 1784.86436507 176.28717086 254.903701571 0.706693213563 0.121834901108 3.51564945881 240.752120856 372.200414849 187971.120481 88 1435.82703451 39.7647099838 25.2406882461 23.2352900162 251.172965488 2.79958515263
6888 135.445170923 1751.05852028 176.25380599 254.92668829 0.68953003687 0.230865976048 3.33126701454 240.821648682 372.253715327 189364.56849 86 1440.18756695 39.7614874849 24.9490560598 23.2385125151 246.812433053 2.74628467414
6912 132.568294632 1728.62760843 176.278632011 254.948670999 0.676199819441 0.317427775498 5.00205693509 239.055644471 372.295211614 190714.31423 86 1444.39266448 39.7524673271 25.9098505706 23.2475326729 242.607335523 2.70478838716
6936 129.814355695 1695.82635786 176.313913092 254.969809122 0.667121484594 0.441519593528 3.41260135388 240.508948445 372.343651977 192044.27895 86 1448.45506965 39.7502289071 26.2331723467 23.2497710929 238.544930349 2.6563480242
6960 127.177716315 1670.98563658 176.354217151 254.990250884 0.661622045897 0.534182996799 3.70370238562 240.110241687 372.385710454 193333.358201 86 1452.37476917 39.7445875619 32.0606683892 23.2554124381 234.625230826 2.61428954725
6984 124.650291125 1643.08484768 176.39252173 255.010127477 0.65899533706 0.60496818119 1.86743984187 241.858469162 372.428613603 194606.988188 86 1456.16236108 39.7410715652 30.9134632916 23.2589284348 230.837638923 2.57138639825
7008 122.227343396 1621.63679514 176.429763196 255.029514291 0.658083494409 0.649486329055 1.9167998286 241.746116057 372.466890857 195850.291165 86 1459.81983041 39.7349794302 27.6130181237 23.2650205698 227.180169585 2.53310914399
7032 119.901794897 1592.70303056 176.461644193 255.048479703 0.658629175386 0.719257057391 2.75821930758 240.815414756 372.508749447 197072.755416 86 1463.357386 39.7337369333 26.5467503327 23.2662630667 223.642614 2.49125055388
7056 117.669009816 1571.3865589 176.494114491 255.067077343 0.66063818494 0.749658779528 3.5233955664 239.999230126 372.544180438 198262.494834 86 1466.77608138 39.7284611193 27.4644157561 23.2715388807 220.223918615 2.4558195638
7080 115.518392956 1548.61276821 176.53305214 255.085403682 0.664515789437 0.844733046621 2.02507718102 241.3802703 372.579419154 199427.1422 85 1470.09150674 39.7244928199 28.5100060685 23.2755071801 216.908493255 2.42058084723
7104 113.452395595 1523.12203443 176.557511742 255.103462687 0.669920034856 0.891144935625 3.47331473707 239.862157606 372.617184734 200574.701818 84 1473.29818265 39.7231723666 30.4288902222 23.2768276334 213.701817345 2.38281526725
7128 111.460998483 1509.28212254 176.5938979 255.121342103 0.676438404246 0.935837264321 1.79777889767 241.46860333 372.646502501 201683.439108 80 1476.40624955 39.7156012853 36.7047065375 23.2843987147 210.593750444 2.35349750014
7152 109.535386954 1495.28969786 177.385528224 255.139116106 0.683557333293 0.971216505316 2.03561461217 241.170495443 372.671951095 202776.09659 79 1479.42959415 39.7075982215 33.2406317913 23.2924017785 207.570405851 2.32804890658
7176 107.672929155 1474.39696026 177.844950303 255.156772346 0.684207542893 0.068872017052 6.06635562077 238.023792473 372.702476326 203843.870348 79 1482.37267559 39.7048562603 36.4232866555 23.2951437397 204.627324409 2.29752367508
7200.0 105.868806629 1458.04008525 177.169083762 255.173932635 0.670335658079 0.178062420032 4.02660903486 239.951060252 372.725719478 204886.064906 108 1485.23801666 39.6970456891 34.5297355225 23.3029543109 201.761983339 2.2742805229
7224 104.141826129 1418.27654253 176.885552257 255.190328978 0.659219686248 0.247306247265 1.89565190808 242.007493181 372.766507627 205947.696754 108 1488.00281916 39.7093343366 27.1732304879 23.2906656634 198.997180844 2.23349237418
7248 102.486418306 1392.49482538 176.764585677 255.206058246 0.649785348599 0.27379552589 0.69189334126 243.178467539 372.802584972 206982.944291 102 1490.66374281 39.7115608122 21.8949087785 23.2884391878 196.336257189 2.19741502889
7272 100.894671782 1368.55816635 176.708151557 255.221214268 0.641369119946 0.310078529382 3.33147380296 240.49586428 372.83657977 208000.06675 100 1493.23535326 39.713820703 21.1012674986 23.286179297 193.764646743 2.16342023044
7296 99.3579983508 1349.97690371 176.692823702 255.235896361 0.634292468331 0.344175844967 1.86077833494 241.924856991 372.864543815 208997.087014 98 1495.72904407 39.7126203583 20.3798779145 23.2873796417 191.270955929 2.13545618638
7320 97.87018788 1334.73863202 177.698447897 255.250179654 0.628071459368 0.367552306547 2.31470551428 241.439491066 372.887066652 209968.942034 98 1498.15415074 39.7089376811 22.3179882026 23.2910623189 188.845849258 2.11293334863
7344 96.4277424976 1320.43888833 177.090740706 255.264108482 0.622886769293 0.406347542891 1.64788189932 242.058775307 372.909964967 210927.617539 97 1500.51600868 39.7046435966 20.3935933913 23.2953564034 186.48399132 2.09003503348
7368 95.0294295488 1303.43662085 177.741284013 255.277707696 0.618570609435 0.444187354102 2.89300709861 240.766527241 372.934177614 211870.082836 97 1502.81669811 39.7033651035 19.0738707139 23.2966348965 184.183301894 2.06582238728
7392 93.6730170344 1285.45445532 177.131899516 255.291012231 0.615606741996 0.508751796174 2.99676607957 240.587863151 372.958392299 212796.765036 96 1505.05820921 39.7026225983 18.3656954929 23.2973774017 181.941790786 2.04160770154
7416 92.3608652637 1270.76254417 176.909803939 255.304017464 0.613763278384 0.5519314054 3.04187828061 240.488409571 372.98139841 213706.960182 96 1507.2355788 39.7005492014 19.4074981577 23.2994507986 179.764421203 2.01860159101
7440 91.0865360277 1254.55466219 177.336397294 255.31679966 0.613144214792 0.612323429545 3.97116145027 239.486571246 373.002869019 214602.936802 95 1509.35889367 39.6993075972 19.3563070449 23.3006924028 177.641106332 1.99713098184
7464 89.8497399442 1240.5794957 177.75981219 255.329377225 0.613631173493 0.652008439211 2.85759094248 240.54739222 373.023987228 215481.328796 93 1511.42781459 39.697376383 20.9583501405 23.302623617 175.572185407 1.97601277299
7488 88.6479099056 1225.81280561 177.175284917 255.341782207 0.614697108299 0.676384116927 1.69809538731 241.669041181 373.044736403 216347.485139 92 1513.44603856 39.6956684945 22.2418727245 23.3043315055 173.553961443 1.95526359758
7512 87.4775466543 1218.63397817 177.60952548 255.354050654 0.616203810874 0.700455307296 0.473610720245 242.855679508 373.060255524 217187.299328 91 1515.41794056 39.6898283422 25.6636760441 23.3101716578 171.582059436 1.93974447734
7536 86.337588186 1204.7914094 177.160577843 255.366191611 0.617946154285 0.713675534337 2.20682620879 241.095360492 373.079203218 218023.550047 88 1517.34635257 39.6870556202 24.7531980164 23.3129443798 169.653647426 1.92079678273
7560 85.2253092145 1195.19143948 177.022167676 255.37822969 0.620003866723 0.743182235672 2.85147759823 240.407106609 373.095119449 218836.090482 86 1519.23430866 39.6826430309 25.9656046021 23.3173569691 167.765691336 1.90488055164
7584 84.1426298669 1184.53655005 176.983230217 255.390144697 0.622659206312 0.767563600654 1.43825047578 241.78138202 373.112389571 219637.506158 86 1521.07894354 39.6795932324 26.0052277657 23.3204067676 165.921056462 1.88761042989
7608 83.0872261521 1174.71586795 176.987035681 255.401960704 0.625556247033 0.787469774986 1.97370229926 241.211310975 373.127369738 220419.291536 85 1522.88286632 39.674919569 31.6830650756 23.325080431 164.117133681 1.87263026331
7632 82.0598652616 1156.56374605 176.991751324 255.413664203 0.628676094771 0.803465703004 2.45033487041 240.703859128 373.148149632 221203.412091 84 1524.64621077 39.6774819973 32.3128789894 23.3225180027 162.353789231 1.85185036889
7656 81.0566891145 1149.31631132 177.604777606 255.425294696 0.632146677164 0.83274012931 0.847462817053 242.262355681 373.160862013 221956.734186 84 1526.37213774 39.6726033216 37.3256741119 23.3273966784 160.627862261 1.83913798818
7680 80.0790759142 1139.10226865 177.997699043 255.43683412 0.635872306119 0.848159441698 2.2107553787 240.868378753 373.175110505 222707.841304 84 1528.05979594 39.6692429871 36.3966157934 23.3307570129 158.94020406 1.82488949572
7704 79.1286836966 1123.88081833 177.390093199 255.448257242 0.639934463895 0.885010150171 3.45889185485 239.567906289 373.19571262 223457.71294 82 1529.70678571 39.6714193511 32.8139691211 23.3285806489 157.293214291 1.8042873812
7728 78.1991716653 1118.33573038 177.854010116 255.459639593 0.644482909424 0.910680077062 2.68285191638 240.302345504 373.205592928 224177.876094 82 1531.3205678 39.664972303 33.3394761833 23.335027697 155.679432197 1.79440707276
7752 77.2902090536 1110.49544422 178.290147562 255.470985126 0.649455641513 0.945684255619 2.84110939232 240.092765584 373.218081605 224886.041 81 1532.90383642 39.6601134052 34.4739549283 23.3398865948 154.096163581 1.78191839543
7776 76.4002950805 1101.35405135 177.569242069 255.482312105 0.654674085369 0.956805792991 2.00554140606 240.90066661 373.230348315 225575.388481 79 1534.45844386 39.6559800871 43.2514120831 23.3440199129 152.541556142 1.76965168603
7800 75.5324455349 1088.12038387 177.306672116 255.493576286 0.660037162763 0.98138703287 1.08528521092 241.779714307 373.247323461 226268.471845 79 1535.97996462 39.6572034435 45.3281987112 23.3427965565 151.020035383 1.75267653959
7824 74.6839366046 1083.05188015 178.090887136 255.504806889 0.665420124089 0.984479499358 2.16131912726 240.683974361 373.258975235 226943.397299 77 1537.47071543 39.6530682663 44.8381970058 23.3469317337 149.529284571 1.74102476583
7848 73.8507826104 1075.43877373 177.547218809 255.516049772 0.670841085796 0.994969759016 0.193286582708 242.624852801 373.268722341 227607.123685 77 1538.93817357 39.6476984832 42.0153100358 23.3523015168 148.061826432 1.73127766002
7872 73.0391360397 1063.61597891 177.908280619 255.527214516 0.676197159326 0.99906725103 1.17703341434 241.620487659 373.284504691 228261.110609 77 1540.37295097 39.6490130403 43.585513782 23.3509869597 146.627049029 1.71549530969
7896 72.2468830736 1055.09628331 177.926825539 255.538319911 0.681181555838 0.00570780099729 2.10369914106 241.671091591 373.297040947 228906.964643 76 1541.7763943 39.6464874032 41.1788071275 23.3535125968 145.223605702 1.70295905345
7920.0 71.4713637705 1040.08141932 179.349781136 255.549260592 0.670600825221 0.0402221297176 1.98002601938 241.759890433 373.31015033 229540.883075 104 1543.15411421 39.6474629163 43.803798986 23.3525370837 143.845885792 1.68984967102
7944 70.7208057538 1018.08162791 177.975040147 255.559802265 0.660865040031 0.0612682501961 1.7959090336 241.922155411 373.327301223 230194.256571 102 1544.49275827 39.6582942448 37.3249098118 23.3417057552 142.507241729 1.67269877824
7968 69.993615086 1002.52882164 177.437050524 255.569977206 0.651805441159 0.0851112361839 1.52434576495 242.168760351 373.346810746 230839.574188 100 1545.79203355 39.6643178013 30.4932118508 23.3356821987 141.20796645 1.65318925479
7992 69.2846169998 991.363403444 178.794165225 255.579866822 0.643468558919 0.12253961851 3.16772292817 240.486402072 373.360058846 231465.424541 100 1547.06083745 39.6651067821 29.9787406512 23.3348932179 139.939162554 1.63994115517
8016 68.5920310453 981.987736075 177.728734648 255.589505902 0.635842343353 0.141056170673 1.79830517892 241.835290405 373.37318337 232084.141678 98 1548.30302919 39.6654579076 29.649523572 23.3345420924 138.696970808 1.62681663098
8040 67.91399922 971.138766222 177.342908575 255.598926742 0.628666476647 0.164727910392 2.37676066431 241.230918206 373.385958445 232697.491871 97 1549.52184886 39.6659141802 26.9142058885 23.3340858198 137.478151139 1.61404155575
8064 67.2521376996 961.847401416 177.194994239 255.608112895 0.622078327746 0.192716491171 2.89400526218 240.683087023 373.398814268 233301.589269 95 1550.71422685 39.6661017513 25.8339833136 23.3338982487 136.285773156 1.60118573305
8088 66.6015343911 960.732452544 177.53812947 255.617140217 0.616213398124 0.234035566969 1.35645741269 242.176153405 373.404127752 233882.979599 94 1551.88761369 39.6583145814 26.0409691677 23.3416854186 135.112386315 1.59587224858
8112 65.9619997442 954.740999043 177.31374751 255.626019369 0.610801876184 0.243862397323 0.854459964153 242.664856393 373.413735491 234458.393016 91 1553.04416592 39.6551109778 26.9173808698 23.3448890222 133.955834079 1.58626451027
8136 65.3331099762 949.03510459 177.653281652 255.634759462 0.605729015623 0.268714475135 2.2965553828 241.194241664 373.421519185 235022.36796 91 1554.18378489 39.6515736913 26.0542279301 23.3484263087 132.816215116 1.57848081639
8160 64.7178802208 935.265661772 177.797714855 255.643322986 0.601118041203 0.284623534031 0.71232331535 242.758612123 373.434756341 235588.405673 91 1555.30200183 39.6558744376 25.0785696079 23.3441255624 131.69799817 1.56524365963
8184 64.1175626037 926.366484431 178.383338721 255.651695532 0.596809315386 0.295252337694 1.08625819505 242.369984619 373.447122204 236144.879748 89 1556.39496858 39.6567540692 24.7824237885 23.3432459308 130.605031423 1.55287779669
8208 63.528925875 918.921443914 177.631298232 255.659923748 0.592751485689 0.309711892998 2.41697441254 241.02063846 373.457269877 236693.05585 86 1557.46847969 39.6561555539 25.062708437 23.3438444461 129.53152031 1.54273012394
8232 62.9515001577 911.599738539 177.36249497 255.668016695 0.589114908942 0.340214442601 2.68095965597 240.721694297 373.467055855 237229.868526 85 1558.52350386 39.6549803831 29.1183585096 23.3450196169 128.476496146 1.53294414631
8256 62.3825115191 911.668985607 178.139667062 255.676018025 0.585928390758 0.362563785236 0.941423381596 242.434066416 373.470854848 237750.788749 84 1559.56415339 39.6470296792 29.6054695481 23.3529703208 127.435846616 1.5291451533
8280 61.8228755974 904.800529677 177.594601081 255.68391831 0.583022299638 0.374163101136 1.19788457984 242.161011709 373.478630705 238269.715574 84 1560.59032188 39.6443670308 30.7218494701 23.3556329692 126.409678124 1.52136929576
8304 61.2731911772 897.93885637 178.042762889 255.691710746 0.580386172427 0.39662701104 1.40263941156 241.928636658 373.487910503 238782.227913 84 1561.60051589 39.6448793696 28.9957662583 23.3551206304 125.399484111 1.5120894976
8328 60.7342981233 887.009445454 177.5637312 255.699385494 0.578020420431 0.403399045597 0.602708789519 242.716486249 373.498878281 239292.447687 84 1562.59284901 39.6466723878 28.4236320312 23.3533276122 124.407150997 1.50112172
8352 60.2064657757 882.317781319 178.0155803 255.706939001 0.575813012484 0.415094530859 0.75436475733 242.547788698 373.506460907 239782.816206 84 1563.5660755 39.6443580741 36.6994994448 23.3556419259 123.433924498 1.49353909452
8376 59.6865547362 878.092014727 178.433679935 255.714416768 0.573804335982 0.426193176057 1.88635368756 241.399232031 373.512732527 240274.608748 83 1564.52611535 39.6410440999 33.6668793777 23.3589559001 122.473884652 1.4872674737
8400 59.1755209205 871.546054222 179.50951457 255.72180593 0.571982402012 0.436166314854 0.993121864969 242.276923488 373.519872276 240757.192784 80 1565.47159648 39.6389992694 32.0523444701 23.3610007306 121.528403521 1.48012772541
8424 58.6735438955 865.922016522 178.511194801 255.729104409 0.570360605383 0.452768117701 2.05706473661 241.190702131 373.529414108 241229.036412 77 1566.40211058 39.6385479819 35.4868757653 23.3614520181 120.597889422 1.47058589331
8448 58.1797726307 857.358484836 178.170984671 255.736325948 0.569017845041 0.471928428866 1.09040700506 242.132320773 373.538185582 241697.408124 76 1567.31894642 39.6388570887 38.8072235836 23.3611429113 119.681053584 1.46181441941
8472 57.6938936329 853.975661643 179.43956316 255.743476537 0.567860006079 0.482255889014 1.11732039466 242.089087172 373.542630518 242155.80606 75 1568.22201906 39.6342491125 37.6221013025 23.3657508875 118.777980938 1.45736948302
8496 57.2178497681 848.765854345 179.234052975 255.75052753 0.566836147552 0.488616873782 0.115077913899 243.078941534 373.551831821 242606.369837 73 1569.10892914 39.6340538488 43.8809956836 23.3659461512 117.891070866 1.44816818024
8520 56.7465262822 852.924821509 178.476746673 255.757554461 0.565898170651 0.494155828266 1.1091144532 242.073277086 373.552698299 243036.308572 73 1569.9869874 39.6227982602 52.4886779433 23.3772017398 117.013012603 1.44730170171
8544 56.2785258364 848.534091437 179.761363881 255.764578696 0.565036806585 0.49805110154 1.10977368377 242.062559712 373.554744937 243466.298852 72 1570.8607951 39.6177805788 53.8137742297 23.3822194212 116.139204901 1.44525506426
8568 55.8183999725 844.052962207 178.334910502 255.77153195 0.56429767295 0.511471093867 2.06486281267 241.08783647 373.563863592 243896.949776 70 1571.72194941 39.6173833545 53.2887236799 23.3826166455 115.278050588 1.43613640906
8592 55.3607863215 848.853778562 179.072428003 255.778496418 0.563753830774 0.523709836125 1.02986815812 242.104171756 373.561034286 244295.66439 69 1572.57804274 39.603099772 57.596502718 23.396900228 114.421957262 1.43896571498
8616 54.9085168889 848.852257967 179.699812013 255.785430276 0.563294581078 0.530206425261 1.99551490667 241.125553811 373.565243114 244691.880879 69 1573.42661481 39.5979969905 60.3281636733 23.4020030095 113.573385188 1.43475688654
8640.0 54.461438949 846.34264361 179.877053726 255.792336152 0.562995558484 0.544646406021 1.93475474218 241.165267141 373.568678588 245073.113164 96 1574.26656977 39.5925884427 72.0347893039 23.4074115573 112.733430233 1.43132141308
8664 54.0256817666 819.905003026 178.440710265 255.799119232 0.562837857644 0.554358081554 0.831353343315 242.252331485 373.582773894 245510.669298 96 1575.08917434 39.611257342 55.5158191481 23.388742658 111.910825663 1.41722610705
8688 53.6059391621 802.709971749 178.303272008 255.805703694 0.56276968875 0.55977233805 1.6513767451 241.420377534 373.600724197 245937.933625 94 1575.88230359 39.6250337602 44.5091945091 23.3749662398 111.117696412 1.39927580383
8712 53.1975358061 789.901040747 177.737862118 255.812159547 0.562772827714 0.568802410455 2.40876731637 240.647497898 373.613907533 246355.66682 93 1576.65436482 39.6330326704 40.4444120035 23.3669673296 110.345635178 1.38609246853
8736 52.7976989686 783.948806282 177.514221511 255.818528952 0.562918853607 0.585188607869 3.11344380958 239.919919777 373.622553147 246764.479556 93 1577.41063515 39.6348326527 35.8488093568 23.3651673473 109.589364855 1.37744685448
8760 52.4046793209 775.793769186 177.428611355 255.82483948 0.563200606391 0.588572862554 0.817236952026 242.206150099 373.630429517 247165.539744 91 1578.15488128 39.636399892 36.6544391306 23.363600108 108.845118723 1.36957048435
