Time EBV Teff Treg ODC_le1 ODC_le2 ODC_le3 ODC_le4 ODC_le5 NK IL2 DAC Resting_Teff Resting_Treg EffectorMemory Resting_Treg_temp Resting_Teff_temp NK_temp
0.0 0 0 0 0 0 0 0 500 375 1000 0 1687 63 0 0 0 0
24 0 0 0 0 0 0 0 500 336.279789971 908.048253598 0 1687 63 0 0 0 38.7202100291
48 0 0 0 0 0 0 0 500 335.391027502 823.849847309 0 1687 63 0 0 0 39.6089724976
72 0 0 0 0 0 0 0 500 334.559882085 745.880698262 0 1687 63 0 0 0 40.4401179151
96 0 0 0 0 0 0 0 500 333.760437385 673.915002205 0 1687 63 0 0 0 41.2395626152
120 0 0 0 0 0 0 0 500 332.995774144 607.703333798 0 1687 63 0 0 0 42.0042258555
144 0 0 0 0 0 0 0 500 332.2684442 546.975994766 0 1687 63 0 0 0 42.7315557996
168.0 1000 0 0 0 0 0 0 500 331.580390823 491.447224652 0 1687 63 0 0 0 43.4196091775
192 587.94283022 2674.42256109 91.5619289612 4.47673168998 18.9970923557 71.5351553232 179.581289232 225.4097314 319.455578209 5741.3447637 0 1039.6715255 41.772295668 0 21.227704332 647.328474501 55.5444217919
216 137.133773567 6832.29400719 169.956090598 83.2919575024 42.3180494447 95.7877246575 125.639734966 152.96253343 264.540507676 480.555971089 0 1395.2132175 38.9769209698 612.497646929 24.0230790302 291.786782505 110.459492325
240 33.1856378704 2342.40859003 176.590200592 166.146763412 30.7851590069 60.9707006209 104.208052197 137.889324763 279.060299006 238.70947008 0 1603.42652204 38.8627860045 536.625197829 24.1372139955 83.5734779563 95.9397009949
264 16.4989110402 567.261404428 169.96204747 187.79424055 12.0758720523 28.6363477729 72.2529281628 199.240611462 303.730540924 241.367144337 0 1648.13845502 39.0717404558 495.672061491 23.9282595442 38.8615449772 71.2694590765
288 12.8540954392 228.267591898 162.699941448 190.381280876 2.51853648111 16.3720497377 42.4006497047 248.3274832 315.352467042 311.695107489 0 1657.68204523 39.496850993 456.083157933 23.503149007 29.3179547733 59.6475329585
312 11.09714992 169.019268264 164.619016211 190.614374899 1.23282181678 5.79928212543 25.7026306881 276.650890471 317.755323883 326.911012087 0 1661.79626834 39.6745463425 422.977814655 23.3254536575 25.203731664 57.2446761177
336 9.90120887073 130.836609987 164.882664598 190.748971608 0.926279616983 1.82436422519 23.9422654034 282.558119147 319.076540688 346.442840264 0 1664.53973233 39.7896896593 413.994629754 23.2103103407 22.4602676653 55.9234593123
360 8.98839390557 122.901762339 164.401487248 190.887380081 0.975344547736 1.83330752506 16.0811520115 290.222815834 319.851697949 357.426038357 0 1666.61262861 39.8246764722 395.970852186 23.1753235278 20.3873713924 55.1483020511
384 8.25245897081 106.777878128 168.009788242 190.946317947 0.109386949234 1.67019915918 13.3719563735 293.902139571 320.11057934 357.201629959 0 1668.28017712 39.855972504 387.972788673 23.144027496 18.7198228769 54.8894206605
408 7.63004700822 97.4488279902 166.069606157 190.967291035 0.262365122561 2.0305975734 10.4600166742 296.279729595 320.510517642 349.759196051 0 1669.6916587 39.9056781952 383.225131143 23.0943218048 17.3083413024 54.4894823587
432 7.10429614817 88.5655584423 165.962605324 190.999991478 0.34253024946 1.28110899482 12.680831324 294.695537954 320.583397479 345.006372372 0 1670.88404236 39.9471377129 374.547314476 23.0528622871 16.1159576422 54.4166025213
456 6.66169686532 79.3436513064 167.486105174 191.036664438 0.401018704186 0.416304527529 9.90145340448 298.244558926 320.801771077 347.011861211 0 1671.88718951 39.9879238198 361.353587703 23.0120761802 15.1128104918 54.1982289236
480 6.27488622127 75.8805806538 169.698121384 191.073389786 0.424173768081 0.938154592189 8.3625248862 299.201756967 320.587434814 315.267509952 0 1672.76324056 40.025262901 364.862586024 22.974737099 14.2367594402 54.4125651863
504 5.92160276188 70.7234371855 164.762160212 191.110988424 0.436902268946 0.714755239748 8.47174499638 299.265609071 320.566140093 308.265718959 0 1673.55908105 40.0022464088 357.44193936 22.9977535912 13.4409189532 54.4338599073
528 5.62578378176 65.2554130545 160.72623448 191.146060135 0.477690839974 0.539118995195 12.3034629998 295.533667031 320.982411497 309.482449929 0 1674.23304586 40.069874874 356.468033929 22.930125126 12.7669541425 54.0175885037
552 5.34835800969 62.4563946065 161.643903512 191.183192439 0.50681344962 0.207959276418 7.15694175465 300.945093081 320.963325105 303.081941424 0 1674.85889417 40.0706665186 347.908345001 22.9293334814 12.1411058276 54.0366748952
576 5.11436105948 54.5309731707 157.470114338 191.216847733 0.500495597559 0.596871507015 6.98568290888 300.700102254 321.407935436 317.768354045 0 1675.39416021 40.1855512777 333.947254379 22.8144487223 11.60583979 53.5920645648
600 4.89554416686 57.3140557406 159.030025288 191.25009246 0.516488046204 0.924636891648 7.40137330148 299.907409301 321.392487741 308.861925678 0 1675.88464144 40.0847732393 329.216493414 22.9152267607 11.1153585599 53.6075122599
624 4.68421336096 53.1374768237 156.304722674 191.284986949 0.52734695662 0.467794694798 7.57828174124 300.141589659 321.420984855 301.900630427 0 1676.36403923 40.129077556 326.070437617 22.870922444 10.635960774 53.5790151458
648 4.49711080513 49.2031653598 161.343010818 191.317391809 0.536188622279 0.819620846577 5.59365584219 301.73314288 321.360853779 297.494610945 0 1676.78851872 40.1686842151 315.47593924 22.8313157849 10.2114812783 53.639146221
672 4.32009909021 49.5989441022 161.220928687 191.350333675 0.552022750344 0.280061860446 10.0860957366 297.731485977 320.986592761 274.148185878 0 1677.18822081 40.1474742775 308.833607241 22.8525257225 9.8117791931 54.0134072392
696 4.16497227586 44.7508908029 153.037116531 191.380478692 0.551779213008 0.786863143485 8.88221523942 298.398663712 321.512473465 284.928677112 0 1677.54261018 40.2430645777 298.524032562 22.7569354223 9.45738981742 53.4875265359
720 4.01842402456 41.8835591955 156.960663045 191.410426129 0.553525488986 0.171956079163 7.56825248268 300.29583982 321.515236498 279.412019408 0 1677.87479648 40.2834970052 292.666885821 22.7165029948 9.12520351665 53.4847635024
744 3.88497916376 42.9898955157 155.708839718 191.438113273 0.542292378938 0.481812697999 7.50340228181 300.034379369 321.303825372 267.52036053 0 1678.17567403 40.2301076391 289.821318824 22.7698923609 8.82432596832 53.6961746286
768 3.75840281072 37.083815383 149.423989465 191.465122387 0.547446595917 0.79877371014 5.0763083685 302.112348938 321.68250712 272.384608832 0 1678.46524105 40.3786209361 287.69294465 22.6213790639 8.53475894829 53.3174928805
792 3.65205286561 35.9974080213 153.890515935 191.488993272 0.562800553693 1.01455601845 6.78726611553 300.14638404 321.730110745 274.001932572 0 1678.70827097 40.4627107577 279.403829374 22.5372892423 8.29172902523 53.2698892555
816 3.5440510044 36.5115048507 152.597843713 191.514840602 0.585974816945 1.14993714216 4.23481024502 302.514437194 321.41958983 258.986741312 0 1678.94978023 40.3373709605 280.933915915 22.6626290395 8.05021977398 53.5804101702
840 3.44455454513 34.282757406 156.526299028 191.539668967 0.576105089867 0.433224335361 7.77456418366 299.676437424 321.428606499 250.626053744 0 1679.17733917 40.470064393 276.926260249 22.529935607 7.82266083333 53.5713935013
864 3.35661409834 30.2364795999 151.630809509 191.561963263 0.574482243777 0.635609900131 6.25108000522 300.976864587 321.640940362 256.55063427 0 1679.37836877 40.5926966924 273.473249115 22.4073033076 7.62163123193 53.3590596387
888 3.26559854855 33.910149008 160.703644395 191.585759954 0.581368891161 0.86803177266 6.38820544004 300.576633942 320.877915996 230.38573577 0 1679.58050648 40.3538912906 267.771455217 22.6461087094 7.41949352327 54.1220840041
912 3.18579593994 30.4396822004 151.62213209 191.607557421 0.593930325295 0.988953668678 6.46675801374 300.342800571 321.32044293 235.350156451 0 1679.7647268 40.570676045 261.692834992 22.429323955 7.23527319737 53.6795570701
936 3.10301287856 29.7236822145 145.515720754 191.631234529 0.596800814624 0.189320338363 4.14156420754 303.441080111 321.619414384 240.564983493 0 1679.9512584 40.5528199458 257.34753634 22.4471800542 7.04874160085 53.3805856169
960 3.02957599318 28.7645461344 148.77372814 191.652440115 0.584247436922 0.27914760469 2.99291245332 304.49125239 321.569437091 238.734756843 0 1680.11843566 40.589394496 250.650241976 22.410605504 6.88156433605 53.4305629092
984 2.95906059679 29.7773536094 146.094117248 191.672911163 0.575389899813 0.379274733758 3.62974221513 303.742681988 321.637096181 239.262798357 0 1680.27732258 40.5038760981 246.456944236 22.4961239019 6.72267741617 53.3629038194
1008 2.89088514991 25.9462298808 148.774461624 191.692934533 0.570570672159 0.484792900268 4.13296849514 303.118733399 321.634547277 238.09678334 0 1680.43319051 40.6658175602 241.814235104 22.3341824398 6.56680948733 53.3654527233
1032 2.82894766897 26.6007543849 147.892706195 191.711442193 0.569360890728 0.591683345646 5.86443165433 301.263081916 321.542995229 230.264937293 0 1680.57337826 40.6470738147 243.397057889 22.3529261853 6.42662173964 53.4570047715
1056 2.76375330056 28.5390814376 149.211948973 191.731407349 0.573612100661 0.802998561289 8.1305333113 298.761448678 321.192930239 218.082969398 0 1680.71910307 40.4887569608 238.352279878 22.5112430392 6.2808969346 53.8070697612
1080 2.70661557117 24.47275717 147.73924962 191.749521847 0.583189468326 0.948499580757 5.39796290587 301.320826198 321.429690261 218.107967847 0 1680.85137027 40.7478303006 233.756947012 22.2521696994 6.14862973102 53.5703097395
1104 2.65163646731 25.0543239893 145.66175711 191.767634183 0.58853938375 0.0696647063782 6.55573381591 301.018427911 321.544972974 219.372959345 0 1680.97552492 40.709070437 228.638411223 22.290929563 6.02447507589 53.4550270261
1128 2.5981098165 24.9059607809 149.656116808 191.785417559 0.574781461662 0.176393327239 1.74072580916 305.722681843 321.327943313 208.807739307 0 1681.09615081 40.6388712251 228.794656496 22.3611287749 5.90384919212 53.6720566876
1152 2.54686193756 22.0876122473 141.916277663 191.802427483 0.564023059848 0.241560659263 2.78483993921 304.607148859 321.587104113 214.952781322 0 1681.21381253 40.8341759838 226.163148641 22.1658240162 5.78618747478 53.4128958878
1176 2.50094013264 23.7257992841 143.856311855 191.817710021 0.556242717855 0.312836817708 3.01589904615 304.297311397 321.550148175 215.300527475 0 1681.31716286 40.7073667832 219.893307728 22.2926332168 5.68283713619 53.4498518256
1200 2.45571935944 21.9494442315 145.557473424 191.83285509 0.550843481242 0.398375499975 3.23532532065 303.982600608 321.61441193 214.315262364 0 1681.42007395 40.7755632221 216.067296699 22.2244367779 5.57992605251 53.3855880709
1224 2.41357340001 19.7651298672 145.670613867 191.847114649 0.547799778582 0.481517620483 5.02313297429 302.100434978 321.593873617 212.678031225 0 1681.51655574 40.9531564545 213.502125165 22.0468435455 5.48344426378 53.4061263831
1248 2.36706240854 24.596404084 144.452158731 191.863098251 0.54812043096 0.615827025948 2.68376600431 304.289188288 321.294199836 200.95596881 0 1681.61901688 40.5402825035 212.100392862 22.4597174965 5.38098312196 53.7058001643
1272 2.32215618525 22.810928469 143.405433652 191.878884506 0.551277782981 0.713659993817 4.26813208004 302.588045637 321.327305273 197.733249871 0 1681.72137696 40.6143390141 210.907447045 22.3856609859 5.27862304053 53.6726947274
1296 2.28203548247 19.5021876419 142.344229188 191.893359619 0.556387202584 0.777222246854 1.12265160228 305.650379329 321.534665791 200.785614719 0 1681.81414469 40.8883395975 208.87571149 22.1116604025 5.18585530625 53.4653342097
1320 2.24388917631 20.0832276366 147.224872493 191.907499846 0.562142580193 0.809335491761 3.77514304963 302.945879032 321.201527875 188.415123957 0 1681.90002284 40.7880418203 211.930846648 22.2119581797 5.09997715632 53.7984721251
1344 2.20852952543 18.4152689972 143.297579745 191.920967659 0.568573210278 0.864232371696 2.93249024098 303.713736518 321.245902437 186.233510005 0 1681.98113023 40.9623190425 213.079946817 22.0376809575 5.01886976841 53.7540975636
1368 2.17500059642 18.3346144422 143.486189204 191.934097401 0.575972119164 0.922244487381 3.81108225018 302.756603742 321.260096596 184.9569919 0 1682.05729076 40.9717458451 211.20047169 22.0282541549 4.94270923882 53.739903404
1392 2.14025392363 20.3921584798 141.02126546 191.948114988 0.584696846594 0.964749427643 3.08551249011 303.416926248 321.278441772 184.784688555 0 1682.1349098 40.7602384028 208.54550982 22.2397615972 4.86509020043 53.7215582288
1416 2.10495446768 20.2104436995 141.66844246 191.962822986 0.594590300275 0.999372676866 1.6122217914 304.830992246 321.231195069 183.025288643 0 1682.21480303 40.7348025424 205.092435024 22.2651974576 4.78519696901 53.768804932
1440.0 2.07036600061 18.2638005551 140.975012813 191.977672518 0.594613096606 0.0607489929908 2.08535873077 305.281606662 321.245293887 179.915273625 30 1682.29386754 40.8742210462 203.867472927 22.1257789538 4.70613246259 53.754706113
1464 2.04191934257 16.1840420078 134.406140031 191.989901275 0.584065128735 0.101195166502 3.37938635957 303.94545207 321.825936556 197.321195514 29 1682.35983518 41.1623629365 198.82971326 21.8376370635 4.64016481846 53.1740634437
1488 2.0147459273 16.1048372949 133.29561856 192.001546387 0.575134215113 0.161929270851 2.42768695245 304.833703175 322.091619386 210.400662464 29 1682.42141778 41.1497483425 194.04987961 21.8502516575 4.57858222411 52.9083806136
1512 1.98829198953 15.8841180653 132.765231069 192.012870916 0.567393520083 0.194323944992 2.44698947276 304.778422146 322.27616352 220.67549112 29 1682.48145784 41.1613116832 190.487746143 21.8386883168 4.5185421641 52.7238364799
1536 1.96212227731 15.8231815222 134.924023722 192.0240772 0.560563736028 0.248956385589 2.4341943223 304.732208356 322.309964338 226.439552842 28 1682.54070388 41.1396562343 186.136269532 21.8603437657 4.45929612313 52.690035662
1560 1.93716558339 16.3208673766 133.977015087 192.0347857 0.555006237443 0.295879944585 4.22759805772 302.88673006 322.429889589 232.923714062 28 1682.5971966 41.082133317 181.995369201 21.917866683 4.40280340259 52.5701104112
1584 1.91303346463 14.9787837677 134.988437599 192.045178486 0.550483193867 0.32121628384 1.93965645384 305.143465583 322.518676486 238.202273437 28 1682.65239305 41.238555199 178.050919999 21.761444801 4.34760695171 52.4813235139
1608.0 1001.889923 15.0878363532 133.890488674 192.055177887 0.546572893427 0.348247778364 2.47160325464 304.578398187 322.596089925 241.548046262 27 1682.70467447 41.1965896964 175.285958674 21.8034103036 4.2953255316 52.4039100752
1632 554.935139881 3132.59330033 145.005318056 193.555434189 2.68069289637 18.5060526617 77.222207031 208.035613223 311.540777245 4680.98527318 27 1053.18119989 41.3053678685 135.8999493 21.6946321315 633.818800109 63.4592227549
1656 265.256807925 3849.53234318 175.252301606 202.282932549 9.74911567404 34.8194768226 72.8059927666 180.342482188 312.369670393 6199.3490729 27 1262.21785605 39.7030016589 253.335647085 23.2969983411 424.782143952 62.6303296072
1680 131.922369562 3449.25640111 187.645238348 211.745811822 9.26775909145 31.1645102331 76.7624811221 171.059437731 315.644527428 6255.22084102 27 1429.55081118 39.2386678017 378.276556818 23.7613321983 257.449188821 59.3554725722
1704 70.5428245855 2623.64700986 188.799655522 219.590860152 7.91167710915 19.039825746 68.4283912554 185.029245738 319.122261785 5600.01439981 26 1534.89701459 39.0584132121 506.444216345 23.9415867879 152.102985416 55.877738215
1728 41.757887359 1842.45442488 187.957218528 223.892422474 4.52715971839 20.5675507389 56.1340644249 194.878802645 323.556599383 4801.46848815 25 1593.17135465 38.9958352387 596.641203079 24.0041647613 93.828645353 51.4434006168
1752 27.5940777144 1236.03296258 191.500557561 225.689981006 2.32681022303 12.0176552052 50.5359863489 209.429567217 327.893607416 4108.37057801 24 1624.19401261 38.9937281152 669.93545803 24.0062718848 62.8059873946 47.1063925846
1776 20.1344630412 804.900889467 198.108814503 226.865253921 2.07206922546 11.5491454172 35.94247185 223.571059587 331.34235555 3610.3606611 24 1641.10005478 39.0314258211 685.878273454 23.9685741789 45.8999452209 43.6576444505
1800 15.9836560823 540.959906299 194.540710633 227.41830627 1.18570913902 5.76126982049 27.4428038647 238.191910906 334.37056701 3269.11150006 24 1650.65312572 39.1035023107 678.072138541 23.8964976893 36.3468742775 40.6294329905
1824 13.5163885251 376.839440137 186.100383563 227.575518718 0.136828230852 2.53855360652 31.9401541922 237.808945253 336.743667414 3088.83746582 24 1656.35262523 39.2021842887 643.309533559 23.7978157113 30.6473747696 38.2563325858
1848 11.8241480378 317.840410648 187.330881194 227.642028402 0.528303454273 2.12726939636 24.9765180269 244.725880721 337.230169729 2902.12664202 24 1660.18842756 39.2375039344 593.959848087 23.7624960656 26.8115724464 37.7698302707
1872 10.5538347539 238.425148579 189.059569671 227.744685876 0.692405407567 1.92791456575 22.8965581081 246.738436043 337.853047732 2752.24860116 24 1663.09490609 39.3426487175 562.244002918 23.6573512825 23.9050939099 37.1469522679
1896 9.64923582385 191.7188588 187.696680073 227.838040993 0.696958738461 0.311898557089 16.3308899881 254.822211724 338.453667998 2639.20079226 23 1665.16565176 39.4462989042 530.909444561 23.5537010958 21.8343482432 36.5463320021
1920 8.88543528863 176.861175931 185.193197737 227.925291106 0.742425865081 1.76199739391 11.6059191499 257.964366486 338.075664033 2513.75869524 22 1666.87608432 39.4435933874 490.111500395 23.5564066126 20.123915679 36.9243359673
1944 8.23758680325 165.867922483 188.216585027 228.011738223 0.782706730904 0.888929401114 14.7771766724 255.539448973 337.353456184 2350.14810808 22 1668.33147125 39.4500470467 483.657562055 23.5499529533 18.6685287496 37.6465438167
1968 7.69843277617 135.125453814 189.412876359 228.091586608 0.79557229625 1.34005163565 13.1296175351 256.643171925 337.298559943 2230.07353496 22 1669.56527848 39.5719899616 466.173057264 23.4280100384 17.4347215197 37.7014400571
1992 7.22198024888 130.555835287 185.71784092 228.167491946 0.78448796677 0.387412784383 11.818317399 258.842289904 336.522849046 2091.58852239 22 1670.63038502 39.549236597 448.891115128 23.450763403 16.3696149838 38.4771509542
2016 6.80478561725 110.777698022 180.009942501 228.237086094 0.783738439092 1.02243172412 7.53136611885 262.425377624 336.277457782 1984.38904794 22 1671.57950525 39.6400035423 432.018792622 23.3599964577 15.4204947524 38.722542218
2040 6.44734315053 104.434800187 172.619171271 228.299804913 0.761525044487 0.543886790425 4.29735196097 266.097431291 336.099440235 1887.98512388 22 1672.38707073 39.6699767886 415.739798878 23.3300232114 14.6129292765 38.9005597651
2064 6.12488705946 97.4692444985 175.02073418 228.358066522 0.756606742705 0.874931988451 7.32524051266 262.685154234 335.511141897 1785.18376286 22 1673.11446775 39.6981961279 400.739478352 23.3018038721 13.8855322551 39.4888581033
2088 5.83711691712 88.9920971367 174.944645199 228.412497489 0.741461591925 0.468834679891 10.5716627815 259.805543458 334.947800339 1686.86583051 22 1673.76578753 39.7448786418 390.667870777 23.2551213582 13.2342124764 40.0521996607
2112 5.57728629989 84.351736928 180.237750255 228.462975914 0.742827948615 1.01428181822 5.82302069671 263.956893623 334.292111529 1594.59169368 22 1674.3535404 39.7874446812 364.639438675 23.2125553188 12.646459598 40.7078884716
2136 5.34870055282 70.861756675 175.234901155 228.509306205 0.72480514968 0.36218696564 6.0397014649 264.364000216 333.974811838 1513.81479374 22 1674.87508806 39.9139762279 352.533927735 23.0860237721 12.1249119419 41.0251881619
2160.0 5.14175835959 66.1925896657 170.936012793 228.551803662 0.71509539312 0.745708080292 8.19948319598 261.787909669 333.521141366 1430.37566197 52 1675.34230065 39.9450447 344.791930663 23.0549553 11.6576993552 41.4788586342
2184 4.97630234988 53.0622072547 155.605137381 228.587052705 0.723890549405 1.01195717397 3.81652949328 265.860570079 334.022839674 1415.86522934 52 1675.72562219 40.2120480771 322.67611574 22.7879519229 11.2743778125 40.977160326
2208 4.83233657685 50.3753699093 150.456034941 228.618942252 0.715202781578 0.188315293925 3.31341927733 267.164120396 334.142205927 1397.38570873 52 1676.05150508 40.260240594 302.486143014 22.739759406 10.9484949299 40.8577940737
2232 4.6941676254 48.7339927247 148.868023147 228.649608635 0.695357859443 0.32154689004 4.79201909719 265.541467518 334.034795426 1372.27070001 51 1676.36265004 40.2684615152 285.759581751 22.7315384848 10.637349965 40.9652045746
2256 4.56605630199 47.9343947869 149.262739462 228.67819384 0.68299997838 0.452892786993 3.71424140511 266.471671989 333.835849254 1343.99373471 50 1676.65126329 40.2633429293 269.320034519 22.7366570707 10.3487367186 41.1641507466
2280 4.44590874398 44.5540446912 146.062364395 228.705374362 0.677337817745 0.628222648387 4.12373607879 265.865329094 333.799474185 1322.09805901 48 1676.92353828 40.3384402652 253.834336721 22.6615597348 10.0764617244 41.2005258153
2304 4.33316192032 42.5963943813 145.864176192 228.731476481 0.678482005917 0.760389687435 2.20408606947 267.625565757 333.638369299 1294.83134343 48 1677.17846619 40.3787826354 240.158365467 22.6212173646 9.8215338147 41.3616307014
2328 4.22764210265 40.5529220916 145.066818486 228.75664566 0.683551504443 0.885488625038 4.86895195654 264.805362255 333.477583645 1267.79992632 47 1677.41708156 40.4263050932 227.967994625 22.5736949068 9.58291844829 41.5224163553
2352 4.12757505259 40.6244465194 144.538605458 228.781362175 0.692811717419 0.996846960022 3.26532712991 266.263652018 333.216357112 1235.59920017 45 1677.64210117 40.3941196968 218.942361627 22.6058803032 9.35789883864 41.7836428882
2376 4.03182744575 39.1286234409 144.684123048 228.80578745 0.6864270588 0.0660077734977 2.5964207581 267.84535696 332.969521779 1203.63884838 45 1677.85872592 40.4417597204 209.946061558 22.5582402796 9.14127408902 42.0304782215
2400 3.94024857118 37.1566165202 145.212529846 228.829096989 0.666874212615 0.157572914732 4.72471367619 265.621742208 332.740451382 1172.18078513 45 1678.06607881 40.5014212369 199.917709961 22.4985787631 8.93392119861 42.2595486178
2424 3.85403472566 34.9366809611 146.864282642 228.850973563 0.65248821119 0.30627157581 6.38136898084 263.80889767 332.397942944 1136.50892157 45 1678.26109439 40.5529124806 192.749114634 22.4470875194 8.73890561802 42.6020570558
2448 3.77313347635 35.3338347701 143.387616801 228.871592693 0.644241470268 0.465084261153 6.63422244153 263.384859135 332.224169278 1107.61809266 45 1678.44361975 40.554156559 184.341144482 22.445843441 8.55638025764 42.7758307218
2472 3.69133727507 33.8858130532 144.216980617 228.892699149 0.640334219372 0.564940035678 3.27495013501 266.627076461 331.847306238 1071.94623276 45 1678.62763315 40.5371719796 178.58342516 22.4628280204 8.37236685342 43.1526937622
2496 3.61662050005 31.5161582708 145.931371285 228.912317944 0.639371048293 0.655845801566 3.33296894843 266.459496258 331.552720463 1038.57198596 44 1678.79767664 40.6491203506 171.439491643 22.3508796494 8.20232336209 43.4472795372
2520 3.54220996425 31.9670537621 144.514183514 228.932276718 0.641059504722 0.735768139721 4.54146133939 265.149434298 331.245164311 1002.66806847 41 1678.96455044 40.5816661136 167.789540961 22.4183338864 8.03544956259 43.7548356895
2544 3.47167675742 30.1597316015 144.453117511 228.951669954 0.644848494818 0.801493234726 2.49880701018 267.103181307 330.872772865 965.717750271 40 1679.12471167 40.667339812 165.504518591 22.332660188 7.87528833475 44.127227135
2568 3.40341916871 30.5690779401 142.446368442 228.97095558 0.650382506557 0.867836469253 4.34545179928 265.165373646 330.585117601 932.611681363 38 1679.2779974 40.6054086357 162.489368887 22.3945913643 7.72200260853 44.4148823992
2592 3.33775608966 29.4366242673 141.786523332 228.990064811 0.657768122666 0.937537340441 3.02738333347 266.387246393 330.350342741 902.197782469 38 1679.42706576 40.6742805902 159.763182523 22.3257194098 7.57293424729 44.6496572593
2616 3.27416999785 28.897521369 145.632094327 229.009168282 0.666802753556 1.00884007809 3.60003589101 265.715152995 329.906904604 867.764612519 38 1679.57043159 40.6614990556 155.305414444 22.3385009444 7.42956841691 45.0930953965
2640 3.21504454608 26.6605758097 141.620160229 229.027419971 0.662325140012 0.11051999815 4.74432808452 265.455406807 329.783093823 844.142183182 38 1679.70522859 40.7987684233 152.146778777 22.2012315767 7.29477141151 45.2169061776
2664 3.15692056439 26.4955237957 142.536408807 229.045357306 0.649251680325 0.234319136682 1.87945870685 268.191613171 329.429349773 814.208190078 38 1679.83617307 40.7747351906 149.286745083 22.2252648094 7.16382693503 45.5706502267
2688 3.10092758214 26.5222052787 142.18909281 229.062644244 0.639037638517 0.2930083503 1.99675125028 268.008558517 329.182675782 788.083091934 38 1679.96254635 40.7555753312 144.698655438 22.2444246688 7.03745365973 45.8173242186
2712 3.04526625876 26.7760812333 141.947183669 229.079886444 0.630471141807 0.343284468649 2.21390653336 267.732451412 328.802153021 758.979372253 37 1680.08762211 40.6901841414 141.372222215 22.3098158586 6.91237789745 46.1978469794
2736 2.99154971842 24.9507900514 143.831126899 229.09662086 0.62351321415 0.391756549734 2.3029354488 267.585173928 328.4388982 728.97948315 37 1680.20984726 40.8037751039 138.294884863 22.1962248961 6.79015274578 46.5611018001
2760 2.94216629074 24.3925030693 139.858832754 229.112123115 0.618566374353 0.457349954288 2.88833320995 266.923627347 328.363234836 706.89051233 37 1680.32215281 40.8740267916 137.366265943 22.1259732084 6.67784719336 46.6367651643
2784 2.89357083717 23.0816815748 142.453029267 229.127532689 0.615373262532 0.521275687772 1.47561400689 268.260204355 328.021471184 682.560441416 37 1680.4322058 40.925769848 133.636927711 22.074230152 6.56779420408 46.9785288159
2808 2.8470984662 23.4134954947 141.846789414 229.142453202 0.613449881823 0.550467068914 2.9416537659 266.751976082 327.758699585 657.21303825 37 1680.53685831 40.8675685033 133.070105072 22.1324314967 6.46314169627 47.2413004157
2832 2.80083302167 22.7493383084 140.602390616 229.157515131 0.612539567273 0.604971382567 2.43134074909 267.193633171 327.573958967 637.724792948 37 1680.64159333 40.8997727185 130.617145986 22.1002272815 6.3584066802 47.4260410336
2856 2.75719575992 22.5802562092 141.132387783 229.171943295 0.612678786705 0.635819111276 2.69080154388 266.888757264 327.377656388 616.902306882 37 1680.74070485 40.9591547171 129.302842741 22.0408452829 6.25929515735 47.6223436117
2880.0 2.71392217179 22.1895893287 142.206208095 229.186489646 0.61343234994 0.656610450032 2.01504529617 267.528422258 327.029278179 595.03200916 65 1680.83834808 40.9339690899 127.112088998 22.0660309101 6.16165192097 47.9707218208
2904 2.6718212212 21.6962370603 138.063023716 229.200889206 0.614608055122 0.669869986337 2.2782986745 267.236334079 326.942209879 582.236924086 61 1680.93350634 40.9238378758 124.088113218 22.0761621242 6.06649365724 48.0577901206
2928 2.63069341734 21.1796009082 137.165838943 229.215209304 0.616305399954 0.696899119245 1.46301145509 268.008574722 326.823396223 568.635237564 59 1681.02667469 40.9518226509 121.22988018 22.0481773491 5.97332531471 48.1766037767
2952 2.59193974572 20.2276514643 135.983235635 229.228949891 0.618217321793 0.71611352349 3.39178146505 266.044937799 326.770068314 558.141114896 58 1681.11487023 41.0395631446 118.524131431 21.9604368554 5.88512976651 48.2299316856
2976 2.55471689189 19.8050852784 135.750777678 229.242390518 0.620861291145 0.763671754489 2.10992813442 267.263148302 326.648822937 546.823318009 58 1681.19921021 41.0643062968 115.958368643 21.9356937032 5.80078978902 48.3511770628
3000 2.51811716816 19.9481413718 135.408261414 229.255866299 0.624509115724 0.819532152475 2.79374094242 266.506351491 326.514811384 535.666890374 58 1681.28175727 41.0172195315 113.522222812 21.9827804685 5.71824273058 48.4851886162
3024 2.48260946903 19.1930180554 135.081083658 229.269215654 0.628962749649 0.858515772823 2.41623285406 266.82707297 326.422414487 525.704473694 58 1681.36245001 41.0867542338 111.206826509 21.9132457662 5.6375499892 48.5775855131
3048.0 1002.44840895 18.7830591394 135.502292153 229.282352994 0.633782230273 0.867257587797 1.96489186257 267.251715325 326.256404785 513.138233264 57 1681.4399632 41.1139906133 109.974406497 21.8860093867 5.56003680536 48.743595215
3072 603.169367329 2597.39574949 136.561745307 230.82548157 4.01941401712 18.1050810246 56.0419071673 191.008116221 320.015388012 5787.58661928 57 1032.98592578 41.9262144351 33.5095258891 21.0737855649 654.014074226 54.9846119885
3096 361.033259737 2832.96981053 152.331642622 234.741585179 2.48944480069 21.7980960241 58.2848335032 182.686040493 329.696793589 9354.98439866 56 1183.8571673 40.483402061 51.0836849573 22.516597939 503.142832707 45.3032064108
3120 240.768023075 2543.60616438 162.630554853 236.304925938 2.56910162332 14.5304675863 44.0524360082 202.543068844 337.903074897 11942.4170306 55 1298.5590627 40.0158389199 66.3290736138 22.9841610801 388.440937301 37.0969251031
3144 175.616603314 2165.80613275 168.668625615 237.600028704 0.989360325454 11.60254636 32.9474813859 216.860583224 344.160114761 13853.4305311 55 1378.22631522 39.8228914828 77.5553935254 23.1771085172 308.77368479 30.8398852391
3168 137.01063575 1828.11701507 171.939523157 237.982479327 0.367225383834 9.57652106403 35.9705839977 216.103190227 348.803932371 15329.6677349 55 1432.98493254 39.7330035485 88.6644523654 23.2669964515 254.015067466 26.196067629
3192 112.20011586 1574.51777718 171.009567549 238.217148333 1.15077266618 4.94982090131 34.4209593804 221.261298718 352.141035812 16498.7243783 55 1471.58383492 39.6819447154 98.1989557077 23.3180552846 215.416165082 22.8589641881
3216 95.1052962253 1357.56975984 173.100677596 238.423982325 0.965452214002 3.20736990098 21.5172302704 235.885965289 354.726927922 17477.5593003 55 1499.91741525 39.6650437992 93.6257940259 23.3349562008 187.082584757 20.273072078
3240 82.6825799957 1203.54000568 176.818484201 238.631008168 0.0622655427379 0.72089122044 22.2705767056 238.315258363 356.59811906 18264.3590168 54 1521.40439811 39.650833699 93.7145733784 23.349166301 165.595601898 18.4018809398
3264 73.2507838459 1068.79149822 173.331793064 238.663195676 0.27891444928 0.556210769037 15.3046595705 245.197019535 358.076808592 18942.5211896 54 1538.25538626 39.6441375173 104.546440663 23.3558624827 148.744613747 16.9231914082
3288 65.826370383 984.263300239 175.409600922 238.717607688 0.387810353406 0.795495205279 13.1707962341 246.928290519 359.15625577 19510.1576451 54 1551.84211507 39.6286222315 105.52678956 23.3713777685 135.157884937 15.8437442304
3312 59.7848421699 902.75387937 175.98473173 238.776498948 0.420746104682 0.783725217596 13.5857333466 246.433296383 360.03375618 19996.4894193 54 1563.12407659 39.617017989 110.931861926 23.382982011 123.875923415 14.96624382
3336 54.7464987641 835.412507675 177.578071702 238.83672038 0.496191203447 1.42931363037 10.3202502699 248.917524516 360.717392702 20406.5889853 53 1572.68792002 39.6060410785 112.066033963 23.3939589215 114.312079981 14.2826072977
3360 50.5499037499 774.720118119 176.353010045 238.90031425 0.583736310345 1.83131937517 11.2381906931 247.446439371 361.395272869 20780.1062145 53 1580.78244824 39.6057262221 108.21043483 23.3942737779 106.217551767 13.6047271313
3384 46.9596971199 726.670899189 177.683922654 238.969644262 0.647211136379 0.144839602588 11.9930560592 248.24524894 361.898796156 21084.0206559 52 1587.78044162 39.5987055765 111.706810359 23.4012944235 99.2195583823 13.1012038437
3408 43.8554535909 682.777401334 177.368080381 239.035378646 0.652085797343 1.21134837631 10.3572190805 248.743968099 362.33716419 21352.7102121 52 1593.8924601 39.592037127 115.255749522 23.407962873 93.1075399096 12.6628358099
3432 41.1464758747 652.798201221 179.488764233 239.098363348 0.665377606711 0.998508969741 6.4470840568 252.790666018 362.678288581 21569.0637394 52 1599.27245641 39.5802525495 125.719952066 23.4197474505 87.7275435998 12.3217114195
3456 38.747165936 599.773095082 182.059711135 239.159517401 0.68171741756 0.785925309292 7.08862468205 252.28421519 363.070773292 21785.381845 52 1604.08952226 39.5962008821 125.480924731 23.4037991179 82.9104777465 11.9292267079
3480 36.6377841432 576.796202089 178.446283887 239.216750871 0.666918800956 0.213819917672 3.94771450984 255.9547959 363.369519307 21958.0283981 52 1608.34363659 39.5885561963 123.190296001 23.4114438037 78.6563634168 11.6304806929
3504 34.7230541413 566.925584393 180.834195947 239.269433738 0.648327152705 0.64402265981 4.9270213942 254.511195054 363.506500361 22078.5676322 51 1612.21621839 39.5600436079 125.808258419 23.4399563921 74.7837816161 11.4934996387
3528 32.9568336097 542.302674802 179.099051463 239.320528035 0.659674402389 0.916999510625 5.557903617 253.544894435 363.72434908 22189.3251953 51 1615.81981705 39.5544189954 116.388608173 23.4455810046 71.1801829579 11.2756509199
3552 31.3541659486 521.822332629 179.650393688 239.369567769 0.642814151628 0.401951992784 8.93348819601 250.652177891 363.882495195 22254.1507629 50 1619.10550378 39.5425398545 127.106673058 23.4574601455 67.8944962261 11.1175048049
3576 29.8977206026 497.428685771 181.655127507 239.415364875 0.647144208091 0.915888644971 5.30312732057 253.718474951 364.079866779 22310.1065753 48 1622.1134637 39.5493629447 132.084420792 23.4506370553 64.8865363067 10.9201332211
3600.0 28.5606241412 472.842195825 182.710461213 239.460529578 0.66279758229 0.125904380531 6.53783308676 253.212935372 364.214347031 22348.9326049 78 1624.88267961 39.5452654162 132.517219439 23.4547345838 62.1173203938 10.7856529686
3624 27.4115922592 410.767341728 176.599010386 239.500578047 0.641098800222 0.453057178188 5.83498216345 253.570283811 364.656503647 22477.5698435 78 1627.30434734 39.6348187177 107.229769567 23.3651812823 59.6956526662 10.3434963529
3648 26.4244429914 378.679052699 174.847956563 239.535656124 0.636022529045 0.657676548844 4.63101945443 254.539625343 364.95748165 22578.1391497 77 1629.37823217 39.6827472203 96.3198917779 23.3172527797 57.6217678323 10.0425183498
3672 25.5292432724 361.623359564 172.850927941 239.568673918 0.643443031373 0.904099440888 6.44829044825 252.435493161 365.132428935 22662.9490141 77 1631.25436408 39.6966790871 82.7174884215 23.3033209129 55.7456359226 9.86757106437
3696 24.7059390727 348.586856206 172.535437832 239.60070676 0.654860581188 0.188929249643 6.52123415179 253.034269257 365.268695225 22729.1323607 76 1632.98336013 39.706308957 74.5865477638 23.293691043 54.0166398723 9.73130477484
3720 23.9316143542 340.372661303 171.998647746 239.63157641 0.639718916659 0.439879279183 5.37850208358 253.91032331 365.342845628 22775.0836099 75 1634.60896464 39.6968146823 68.5746000157 23.3031853177 52.3910353674 9.65715437133
3744 23.2079806951 323.4449599 173.022776828 239.660899113 0.63502290918 0.612113159028 3.92173958885 255.170225229 365.463094939 22817.8004933 73 1636.13752629 39.7178941327 62.3525908323 23.2821058673 50.8624737146 9.5369050605
3768 22.5367291519 313.236532442 172.825887361 239.688869269 0.636345390063 0.713845649878 3.06317196848 255.897767723 365.557958515 22844.6385388 71 1637.55623239 39.7246125106 61.291673586 23.2753874894 49.4437676165 9.44204148492
3792 21.9002133549 305.696595814 173.487884652 239.716326529 0.642555336958 0.863776647213 4.82113515374 253.956206333 365.609396434 22858.1040684 71 1638.90192977 39.7194965522 58.6930948091 23.2805034478 48.0980702381 9.39060356601
3816 21.2970632429 299.187557749 173.336903949 239.743477919 0.654354501401 0.960505858397 1.38659473027 257.25506699 365.651587653 22860.3488679 71 1640.17983946 39.7146149686 55.9182208947 23.2853850314 46.8201605465 9.34841234621
3840 20.7275824587 288.561424457 172.18307804 239.770240325 0.653604117662 0.0988662265012 4.58547696183 254.891812369 365.732440406 22859.2582555 71 1641.3910053 39.7244334524 55.5103175933 23.2755665476 45.6089947084 9.26755959313
3864 20.1874771351 283.119590421 172.593607389 239.795731795 0.634770271658 0.242632926421 2.5581757488 256.768689258 365.771970362 22843.7912022 70 1642.53965524 39.7199018027 56.0178873065 23.2800981973 44.460344765 9.22802963732
3888 19.6722217668 275.420177763 174.045544392 239.820088845 0.622309962989 0.386232724203 5.3017845438 253.869583923 365.802950098 22821.9118333 70 1643.63789039 39.7222108684 53.9428082792 23.2777891316 43.3621096145 9.19704990163
3912 19.1812301565 269.405719733 173.62686388 239.843550756 0.616206030328 0.525682923474 3.81112040323 255.203439886 365.834794338 22790.0162286 68 1644.68564422 39.7190499499 53.2459670513 23.2809500501 42.3143557862 9.16520566143
3936 18.7128027031 263.790674366 173.158483343 239.866361153 0.614339797602 0.59124798004 2.24219455047 256.685856518 365.865951892 22749.659853 68 1645.68673775 39.7158167012 54.7008442388 23.2841832988 41.3132622565 9.1340481075
3960 18.2598019705 261.86466797 172.65118183 239.888948144 0.615182154917 0.69037410775 4.51286471588 254.292630877 365.868326691 22694.6923254 67 1646.65499106 39.7018924025 56.8381976277 23.2981075975 40.3450089394 9.13167330861
3984 17.8284919508 251.589346546 172.340118016 239.911089413 0.620661480259 0.833758074846 4.44731088227 254.187180149 365.9164662 22644.9660339 67 1647.58155793 39.7166092791 57.0043782484 23.2833907209 39.4184420759 9.08353379951
4008 17.4168290161 244.452115011 173.142848773 239.932989241 0.629725070117 0.928408628167 4.25671370802 254.252163352 365.940122746 22585.7305936 66 1648.46601294 39.7224884854 57.2712266152 23.2775115146 38.5339870623 9.05987725409
4032 17.0229254748 241.820700464 172.521148766 239.954771266 0.635027280553 0.0756804918649 5.78267708395 253.551843877 365.942776049 22519.2463002 65 1649.31189591 39.7122051061 55.703605219 23.2877948939 37.6881040903 9.05722395015
4056 16.6455779162 237.827874434 171.852717239 239.975828034 0.618010646287 0.166892135158 4.31063879058 254.928630393 365.969558134 22446.6302751 65 1650.12481246 39.7154548189 57.3974521372 23.2845451811 36.8751875448 9.03044186608
4080 16.2823425311 229.745718637 171.607004034 239.996059784 0.605346682149 0.284381023178 3.63789708728 255.476315423 365.987846027 22373.6206556 63 1650.90805185 39.7212506242 57.8835059864 23.2787493758 36.0919481559 9.0121539722
4104 15.9325295711 228.35031315 173.760945528 240.01563206 0.596825360756 0.386418774249 2.85105720682 256.150066597 365.966528595 22283.3302351 62 1651.66182089 39.7092976532 60.2944322504 23.2907023468 35.338179113 9.03347140495
4128 15.5939631399 225.464982837 173.111328363 240.034763468 0.591127746807 0.444276666114 2.05192291632 256.877909202 365.961014598 22191.9952451 62 1652.39287518 39.7059350674 60.6292804823 23.2940649326 34.6071248278 9.03898540153
4152 15.2698252761 219.237382322 173.362789825 240.053332707 0.588207705641 0.552063539197 2.96146699865 255.844929049 365.970875531 22100.5677663 62 1653.09464828 39.713697632 60.0643693308 23.286302368 33.9053517275 9.02912446857
4176 14.9498823392 219.975004625 173.159590739 240.072010721 0.58827668903 0.634920851595 3.97719018041 254.727601558 365.904553783 21988.6859752 62 1653.78391103 39.6802762542 62.2877929078 23.3197237458 33.2160889721 9.09544621704
4200 14.6416075024 210.229220145 173.15960358 240.090436972 0.591321033187 0.727016046325 2.83371298037 255.757512967 365.94073939 21881.1743893 62 1654.45462095 39.7089525534 66.4457176216 23.2910474466 32.5453790555 9.05926060917
4224 14.3494680378 207.818337605 173.747811594 240.108388026 0.59658793819 0.795753645483 2.4658575206 256.033412869 365.928735232 21768.6010066 61 1655.08834864 39.7050778942 68.143711876 23.2949221058 31.9116513643 9.07126476756
4248 14.0638285423 209.644063279 175.682139912 240.12647911 0.60330321748 0.846401028026 3.11013324064 255.313683403 365.868681603 21641.0171962 59 1655.70652383 39.6801034203 71.6359568496 23.3198965797 31.2934761742 9.13131839695
4272 13.7841772752 203.901232197 177.04151895 240.144766558 0.610880526016 0.892350741606 2.75133542015 255.600666754 365.852917488 21513.0551117 58 1656.31483745 39.6883815727 75.4066772361 23.3116184273 30.6851625507 9.14708251129
4296 13.5147949065 197.221899047 174.504431116 240.162979625 0.619842466447 0.961115121075 4.20669313322 254.049369653 365.85751506 21390.9125741 58 1656.90151012 39.6985923965 75.3113498635 23.3014076035 30.098489882 9.14248494005
4320.0 13.2543650372 199.709376947 177.691768572 240.181229409 0.63118823783 1.07353907706 5.45843732765 252.655605948 365.784647536 21248.8758226 87 1657.46696319 39.6745573853 75.2677283654 23.3254426147 29.5330368138 9.21535246335
4344 13.0065793869 183.997438415 173.975209607 240.199157526 0.629077026816 0.189520497825 5.51563451503 253.466610434 365.811009734 21137.9293529 85 1658.01092919 39.7326000632 70.7441482743 23.2673999368 28.9890708185 9.18899026534
4368 12.7750466067 177.482671609 172.443225662 240.215958379 0.618361108806 0.246629894246 1.36577196064 257.553278657 365.839458057 21021.6248956 82 1658.51741802 39.7549993184 66.8722471526 23.2450006816 28.4825819872 9.16054194258
4392 12.5528099775 172.112708476 171.365986987 240.232111422 0.609084758825 0.282200440728 3.09615382387 255.780449554 365.848117872 20904.3595756 82 1659.00331365 39.7708431293 62.5546066947 23.2291568707 27.9966863536 9.15188212769
4416 12.3401687226 168.486252073 170.890320088 240.247624469 0.60202101278 0.372007217498 2.53262291998 256.24572438 365.841446274 20783.3571387 82 1659.46828723 39.780452591 59.7571331027 23.219547409 27.5317127704 9.1585537254
4440 12.1332830169 165.311810118 170.706091801 240.262827223 0.597175948154 0.434398284814 2.94895925456 255.756639289 365.814069604 20658.9472396 82 1659.92025519 39.780601229 56.3448899125 23.219398771 27.0797448119 9.18593039507
4464 11.9329952003 162.57092474 171.089862628 240.277691508 0.593692837628 0.482734566886 4.28810802745 254.35777306 365.789831923 20530.2174308 82 1660.35858054 39.7874524802 53.3272006856 23.2125475198 26.6414194628 9.21016807679
4488.0 1011.73882932 159.263917406 170.673334686 240.292272939 0.591616632984 0.533576033015 2.52533417444 256.057200221 365.774283505 20400.2997974 79 1660.78367594 39.7928697288 50.6409919357 23.2071302712 26.216324062 9.22571649427
4512 845.617648365 3297.65731795 153.106277606 240.463902944 0.749334896409 2.84095519002 24.5999091804 231.345897789 350.891661452 25841.7648153 78 947.986387055 42.1537102485 18.4475068285 20.8462897515 739.013612947 24.1083385472
4536 654.269708417 3948.85583602 158.931340508 240.809603862 0.403006263164 5.33004799018 35.084732078 218.372609807 350.299498898 30415.9906529 76 1017.47095665 40.9576509715 26.7560739357 22.0423490285 669.529043348 24.7005011017
4560 513.087791393 3932.46832295 164.165319684 241.145304034 0.435821116485 5.70975232373 33.3363423684 219.372780158 352.523564155 34460.8953137 73 1088.08694459 40.486956823 37.7783334959 22.513043177 598.913055409 22.4764358442
4584 414.226136463 3683.82760041 168.985994459 241.442056267 0.368439963569 5.67100770583 32.4943664478 220.024129617 355.085518428 38041.0931991 72 1151.60148429 40.2404342594 37.2749167714 22.7595657406 535.398515716 19.9144815714
4608 344.19472805 3392.61149003 170.323176228 241.657170463 0.49021166381 6.48341778475 23.4453421308 227.923857958 357.378532011 41181.1021071 71 1205.99656231 40.0904657351 41.6485835226 22.9095342649 481.003437691 17.6214679879
4632 292.985094241 3127.94462414 172.786339556 241.855820125 0.937603290754 0.193470554141 24.2896455105 232.72346052 359.252624605 43946.0470491 70 1251.95464623 39.9859663117 51.6783432914 23.0140336883 435.045353767 15.7473753944
4656 254.397935084 2872.63291787 174.972999381 242.057879516 0.958347574135 0.83621688731 16.7961608932 239.351395129 360.818612499 46433.927306 70 1290.72219391 39.9149220509 58.9204553127 23.0850779491 396.277806097 14.1813875003
4680 224.571587461 2642.68411782 177.367292183 242.238869919 0.978858674593 0.659830550981 17.5967991727 238.525641683 362.131773804 48675.0616852 69 1323.48826993 39.8655685203 53.7245754604 23.1344314797 363.511730069 12.8682261951
4704 200.913120395 2450.82820943 176.409254362 242.399840382 0.972103104295 0.78944065265 15.7423250065 240.096290855 363.196109955 50693.3435385 69 1351.401136 39.8241227393 64.3966834437 23.1758772607 335.598864 11.8038900447
4728 181.850056014 2273.79627327 178.292497691 242.54853802 1.01995162831 0.766992773774 14.5582715168 241.106246062 364.138168019 52559.7041111 68 1375.27187607 39.7982325636 56.024967846 23.2017674364 311.728123928 10.8618319801
4752 166.076476465 2133.14858453 176.137420999 242.657633145 0.0981810813211 1.41790323106 11.6159342453 244.210348298 364.870589303 54239.5526992 68 1395.99106701 39.7690168464 53.6937436039 23.2309831536 291.008932995 10.1294106967
4776 152.892164259 1992.68928656 175.1164997 242.678800349 0.229079339763 0.61645748401 9.66968171223 246.805981115 365.54212484 55807.3312398 66 1414.05515206 39.7518296278 57.095782044 23.2481703722 272.944847938 9.45787515893
4800 141.690800317 1883.61709511 176.244568341 242.709275503 0.30414935764 0.501856052881 10.9178353102 245.566883777 366.090706854 57240.337453 66 1429.9463372 39.7330092813 55.0433012415 23.2669907187 257.053662802 8.90929314545
4824 132.069124115 1779.65658093 178.59300375 242.743912499 0.350576671571 0.543394770922 11.6949119327 244.667204126 366.57163055 58570.983893 65 1444.02310179 39.7193478398 55.1091650122 23.2806521602 242.976898216 8.42836944968
4848 123.692935204 1702.59259862 177.591988822 242.780158527 0.377582834236 0.376096013887 9.0861940994 247.379968526 366.96721273 59780.5397049 64 1456.59927732 39.7002694701 69.7533038807 23.2997305299 230.400722682 8.03278726883
4872 116.30659018 1622.17774469 177.414783575 242.815910212 0.392036116205 0.286112121069 12.8346951824 243.671246368 367.327567077 60932.2392603 64 1467.95893709 39.686831804 71.2263098119 23.313168196 219.041062914 7.67243292222
4896 109.777645689 1545.06979425 177.702230402 242.85056279 0.40684830614 0.213870843716 9.08207660791 247.446641452 367.659107233 62013.5056937 63 1478.21678066 39.6774303038 75.3183136563 23.3225696962 208.783219346 7.34089276593
4920 103.939100929 1499.38180316 177.181588251 242.883925416 0.413906092307 0.738725263229 5.95690692831 250.006536301 367.902037615 63001.1597903 62 1487.54952788 39.6549450007 72.4832481496 23.3450549993 199.45047212 7.09796238474
4944 98.6724064687 1432.18035858 178.208735863 242.91754521 0.452089735726 1.09788362824 6.04326695671 249.48921447 368.169496562 63934.8077443 61 1496.12787894 39.6480560014 74.8507218542 23.3519439986 190.872121065 6.83050343683
4968 93.9312499589 1387.60556238 177.883724084 242.950750419 0.446705878255 0.487407217799 8.13529933029 247.979837155 368.388222775 64794.5844335 59 1503.96342907 39.6337280306 86.716951874 23.3662719694 183.036570936 6.61177722384
4992 89.5625286342 1353.88946874 181.577555442 242.983219026 0.468322759451 1.01037422736 6.2569190949 249.281164893 368.521543819 65578.3757784 58 1511.27391164 39.6081849297 91.7855709376 23.3918150703 175.726088363 6.47845618012
5016 85.5809216722 1306.21601073 179.805965359 243.014894665 0.459967282831 0.498459010771 7.70968067956 248.316998362 368.735808286 66333.0937674 58 1518.04325093 39.6029023013 95.6833885809 23.3970976987 168.956749071 6.26419171314
5040.0 81.9181501338 1263.59597271 182.243628011 243.045425973 0.474074206543 0.841511305262 4.71964369967 250.919344816 368.891760242 67032.9638432 88 1524.33991647 39.5919435779 94.9567542207 23.4080564221 162.660083533 6.10823975709
5064 78.6799356384 1147.7782385 178.198765495 243.07463394 0.480394136731 0.204019993023 8.40334488427 247.837607046 369.231760126 67837.6076624 87 1530.01360406 39.6415843415 65.5739635953 23.3584156585 156.986395948 5.76823987295
5088 75.8186612674 1080.59300522 176.588963879 243.101095853 0.475017692698 0.529466472852 4.93820438757 250.956215595 369.482804368 68583.1439485 85 1535.05724984 39.6661216022 50.0229673443 23.3338783978 151.94275016 5.51719563156
5112 73.2231884202 1033.95189489 175.946398836 243.126111394 0.484831141538 0.788527625509 3.71249703994 251.888032799 369.664291902 69285.4506825 85 1539.66230091 39.6769636919 44.2323212373 23.3230363081 147.337699089 5.33570809669
5136 70.8295329541 999.372891219 175.706863335 243.150755416 0.506359305099 1.09357132294 4.7448736051 250.504440352 369.804506859 69951.1171429 85 1543.9376422 39.6787252732 40.3589865629 23.3212747268 143.062357803 5.19549313972
5160 68.6023307733 970.748633307 176.101867549 243.175133197 0.504195559107 0.350331762669 6.44907143863 249.521268043 369.919903119 70580.395049 82 1547.94222316 39.675970772 39.2944834408 23.324029228 139.057776841 5.08009688032
5184 66.5292279878 937.240468788 176.666726475 243.198262338 0.502495691385 0.575273199939 5.73229980153 249.991668969 370.043564825 71193.3352614 82 1551.69917014 39.6806875416 35.7946609639 23.3193124584 135.300829865 4.95643517416
5208 64.5946459576 914.072575732 176.475671075 243.220629179 0.509217000799 0.737665357772 5.66465796328 249.867830499 370.144437535 71772.9340987 81 1555.22424922 39.6778560287 37.609666063 23.3221439713 131.775750786 4.85556246439
5232 62.7675685337 891.546711159 176.474658766 243.242791927 0.521351420669 0.858789580232 5.34854078514 250.028526287 370.231796411 72327.924475 78 1558.57245423 39.6731393752 34.4732162174 23.3268606248 128.42754577 4.76820358815
5256 61.0450481683 871.940060598 178.373928737 243.264890165 0.538319984641 1.00011897118 4.64308067535 250.553590204 370.309665841 72853.290531 78 1561.74701402 39.6675464372 31.637627796 23.3324535628 125.25298598 4.69033415839
5280 59.423434061 846.228067369 177.49803907 243.286582721 0.530121980791 0.189243660281 3.57049987716 252.423551761 370.403602559 73363.2957051 78 1564.7554513 39.6712465966 33.0307628013 23.3287534034 122.244548708 4.59639744032
5304 57.8921397994 834.262345486 177.25643913 243.307116461 0.519431946453 0.313841356128 4.32387803252 251.535732204 370.468595678 73839.835096 77 1567.60620774 39.6617186343 35.9498076636 23.3382813657 119.393792262 4.53140432117
5328 56.4361481484 815.660119114 176.342431726 243.326861621 0.515467613805 0.50401788061 3.68368539743 251.969967488 370.537886361 74303.3772842 77 1570.33167544 39.6578092743 37.9199189096 23.3421907257 116.668324562 4.4621136379
5352 55.055020679 797.556459712 176.545181226 243.346032097 0.516799509234 0.594690557635 0.960621930556 254.581855906 370.60847245 74746.6173528 76 1572.93015108 39.6570434055 40.1415068296 23.3429565945 114.069848923 4.39152754932
5376 53.7422409662 785.489359055 177.57829404 243.364803622 0.520817846784 0.676993097057 2.99957459149 252.437810843 370.663075878 75168.5234217 74 1575.40891349 39.6497250465 39.5392241436 23.3502749535 111.591086509 4.33692412061
5400 52.4812366343 774.420056988 176.976856974 243.383464555 0.527457342456 0.745239008698 1.90835292212 253.435486172 370.709866807 75562.7167289 74 1577.79913715 39.6405205689 41.2649783052 23.3594794311 109.200862854 4.29013319233
5424 51.2785345743 758.354124266 177.268537023 243.401955625 0.536619225499 0.852199853042 3.51655663447 251.692668663 370.76749548 75943.424829 72 1580.09017621 39.6378025582 45.7123668444 23.3621974418 106.909823795 4.23250451883
5448 50.1343057254 742.023328681 176.845017891 243.420315189 0.548657811329 0.950771755358 4.89541377503 250.18484147 370.826795243 76314.4530287 71 1582.27903289 39.6372228469 46.8003044221 23.3627771531 104.720967118 4.17320475619
5472 49.0409844576 728.897296573 176.925629596 243.438623072 0.55134014698 0.0872812299836 2.02686530461 253.895890247 370.875561763 76663.2171616 71 1584.37729285 39.6343468681 53.8215129989 23.3656531319 102.622707156 4.12443823573
5496 47.9901446207 717.160928761 176.902869274 243.456311642 0.53820352868 0.195701751896 2.11434080565 253.695442272 370.919747542 76998.4249101 68 1586.40050937 39.628610369 54.6649244056 23.371389631 100.599490629 4.08025245699
5520 46.9834076915 705.944801929 177.772857407 243.473265421 0.528345976454 0.247035768111 2.13169540417 253.619657431 370.963721557 77313.3613297 67 1588.346094 39.6253668542 60.5717202018 23.3746331458 98.6539060079 4.03627844253
5544 46.0156892976 700.724124573 177.265221991 243.489634679 0.520683822764 0.308859370855 2.97359294495 252.707229183 370.996875891 77615.885797 67 1590.22089833 39.6155764364 60.2400053717 23.3844235636 96.7791016685 4.0031241076
5568 45.0779947663 694.12917248 177.971389167 243.505627116 0.515460162755 0.388665444293 2.68706787113 252.903179407 371.017872103 77898.3408022 67 1592.04218007 39.6022456584 57.7904606173 23.3977543416 94.9578199294 3.98212789627
5592 44.1835876571 671.419185473 179.1705122 243.521072533 0.512348310679 0.429688949796 2.2628736053 253.274016601 371.081902627 78181.305729 66 1593.7911396 39.6154672404 60.0207260255 23.3845327596 93.2088604043 3.91809737169
5616 43.3257878837 665.117613477 179.343844997 243.536114736 0.511032621647 0.506325773613 3.59570912967 251.85081774 371.111225646 78435.8454282 66 1595.46874051 39.6079394641 67.4351937443 23.3920605359 91.5312594893 3.88877435343
5640 42.4951737264 659.997592297 180.559210341 243.550960455 0.511858499877 0.580793698667 3.83145369722 251.52493365 371.132148245 78677.642231 66 1597.09692505 39.5972487919 68.793849111 23.4027512081 89.9030749486 3.86785175428
5664 41.6917922141 648.771581273 179.507821065 243.565653779 0.514880891857 0.645292262913 1.97637632363 253.297796743 371.165668767 78910.2079362 65 1598.67752064 39.5947267848 74.9175060101 23.4052732152 88.3224793589 3.83433123186
5688 40.915799219 638.231802922 180.547187548 243.580222478 0.519325169022 0.720613677309 5.98075716554 249.19908151 371.19946547 79134.9717978 64 1600.20855579 39.5920082079 74.7113932434 23.4079917921 86.7914442178 3.80053452885
5712 40.1729486181 624.378145036 181.555185244 243.594585379 0.526282638182 0.815607392377 2.75960182576 252.303922765 371.239132496 79360.0504188 64 1601.67931653 39.5952203979 69.4289613769 23.4047796021 85.32068347 3.76086750305
5736 39.456976046 617.851099463 180.189792767 243.608893556 0.534838105497 0.878804703954 1.46652027642 253.510943358 371.268112248 79564.5070675 64 1603.09855247 39.5902214463 67.4430585233 23.4097785537 83.9014475336 3.73188775074
5760.0 38.7645766212 608.334142701 180.186605789 243.623222326 0.54446899722 0.920862530362 2.1047339958 252.806712151 371.302275291 79758.9484344 93 1604.4754628 39.5921068928 65.4639944016 23.4078931072 82.5245372063 3.69772470841
5784 38.1087633834 579.400291908 177.730096303 243.63728492 0.554604436875 0.97202140325 3.47725756268 251.358831677 371.35672024 79982.5719762 92 1605.78699426 39.6171854094 58.7470838914 23.3828145906 81.2130057493 3.64327975987
5808 37.488950133 560.815528922 176.752901765 243.6510379 0.559129784382 0.0206527501471 2.61700675677 253.152172809 371.412937522 80198.8588502 90 1607.02739737 39.6324793032 52.1677426282 23.3675206968 79.9726026401 3.58706247699
5832 36.8969398086 548.182801553 176.353209043 243.664241189 0.547074984396 0.0685915388279 1.62501645224 254.095075836 371.4542226 80406.3664786 87 1608.21316738 39.639783995 45.6466679463 23.360216005 78.7868326272 3.54577739899
5856 36.3288395061 536.665507094 176.731767538 243.676850845 0.536739611353 0.127657880312 2.45353617275 253.205215491 371.489765928 80603.2428017 87 1609.3531122 39.6462637545 43.3986881155 23.3537362455 77.6468878046 3.51023407185
5880 35.7802139779 529.549712074 176.685333714 243.689001304 0.528111954495 0.173351015407 2.18993610781 253.419599618 371.515352823 80788.5057217 87 1610.45493159 39.6457339156 41.7375086876 23.3542660844 76.5450684152 3.48464717629
5904 35.2475792554 521.938865031 176.739213609 243.700796806 0.52066938538 0.207160925472 0.863636368176 254.707736516 371.539704652 80966.1306963 86 1611.52653968 39.6457598885 38.9325799584 23.3542401115 75.4734603218 3.46029534723
5928.0 1034.73222363 514.472284478 176.317794572 243.712225872 0.514039578402 0.230282713642 2.45397131231 253.089480524 371.564699388 81136.7045813 85 1612.5652131 39.644957948 37.611290393 23.355042052 74.4347869037 3.43530061116
5952 967.647175028 3715.36273469 158.452032056 243.763673706 0.526155359266 1.15032550238 9.13781315953 245.422032273 365.665749285 86636.2537934 83 916.703306398 42.1600419914 20.4045948894 20.8399580086 770.296693606 9.33425071389
5976 870.499454833 4608.98345728 161.337967937 243.851767777 0.615603419898 1.06383098769 15.3482065447 239.120591271 364.154911931 91591.3903867 83 943.114060306 41.2245589378 25.3693896424 21.7754410622 743.885939698 10.8450880682
6000 778.40717209 4803.80262049 165.120134797 243.964162239 0.70108033814 0.730885176558 17.2617692638 237.342102983 364.209999099 96341.5279491 83 972.733110932 40.8766230899 31.7428967757 22.1233769101 714.266889072 10.7900009
6024 698.517723327 4758.421361 167.150137653 244.083801153 0.755217920992 0.864698978515 15.9325806139 238.363701334 364.696928906 100881.019949 83 1002.6383491 40.6772838408 26.3123982383 22.3227161592 684.361650903 10.3030710931
6048 630.912115117 4615.81722572 169.964932064 244.199302629 0.768943602464 1.00882738423 14.2085441906 239.814382195 365.316946981 105212.366385 79 1031.59846806 40.5462911471 27.0928694261 22.4537088529 655.401531945 9.68305301791
6072 573.586945563 4479.74487858 171.01267712 244.313500972 0.829740644683 0.744356505551 14.6405745016 239.471827377 365.877422561 109302.255826 79 1059.22408796 40.435177774 33.3841315625 22.564822226 627.775912039 9.12257743839
6096 524.667132237 4322.06835937 171.708927427 244.425019149 0.829239790906 0.41237791825 12.0425715304 242.290791612 366.417327769 113211.943767 77 1085.40218511 40.3483481212 37.0254571925 22.6516518788 601.597814897 8.58267223064
6120 482.595440666 4175.88153097 172.37907443 244.528285485 0.819498567106 0.739723735736 13.0411212588 240.871370954 366.890630371 116921.050767 75 1110.09629517 40.2710074805 37.2175203218 22.7289925195 576.903704835 8.10936962796
6144 446.235416513 4017.45097546 172.986170626 244.625192173 0.831502589407 1.2723477026 13.5640980314 239.706859504 367.343404335 120468.976417 75 1133.28350748 40.2105976333 35.2563450463 22.7894023667 553.716492522 7.65659566373
6168 414.633508217 3871.72054342 172.825182638 244.716914354 0.822117509094 0.930017209656 10.0416360368 243.489314891 367.757727145 123856.132228 74 1154.97830835 40.158759853 37.5606022847 22.841240147 532.021691655 7.24227285407
6192 386.967554138 3734.4143998 173.412531781 244.802189941 0.81551400399 0.841029009854 9.33648732922 244.204779716 368.131050861 127099.813465 74 1175.26778248 40.1137057219 36.225763571 22.8862942781 511.732217527 6.86894913834
6216 362.610013501 3591.66804703 174.794548178 244.880687037 0.793523178714 0.0992542587902 10.4550032 243.771532325 368.482562638 130208.362395 74 1194.22994868 40.0785465181 38.6067503422 22.9214534819 492.770051321 6.51743736108
6240 340.966811083 3482.3707775 176.037029083 244.952517169 0.777762547183 1.05755410448 9.84624242798 243.365923751 368.770341259 133154.349687 73 1211.99609247 40.0382380876 51.2440861263 22.9617619124 475.003907535 6.2296587398
6264 321.590500393 3367.04616188 175.308144676 245.019680673 0.756458207446 0.808728300081 9.51900512715 243.896127693 369.038427146 136005.273929 73 1228.70079756 40.0039785057 43.5728333538 22.9960214943 458.299202448 5.96157285294
6288 304.233230564 3266.89744262 174.666682334 245.082212143 0.73832273362 0.584280692307 11.9907654775 241.604418954 369.28878603 138725.190047 72 1244.34796114 39.9728595965 49.0963944781 23.0271404035 442.652038861 5.71121396943
6312 288.591927957 3154.12679485 175.498342941 245.140835904 0.747893968012 1.05375718445 7.96851650557 245.088996438 369.532102447 141354.637468 71 1259.04203866 39.9505875952 47.3478015186 23.0494124048 427.957961346 5.46789755259
6336 274.420003621 3079.30493418 177.816834013 245.196964579 0.73382001746 0.629697636002 5.88198510643 247.557532662 369.721242368 143842.219895 69 1272.85021545 39.9191940643 59.4066463531 23.0808059357 414.149784555 5.27875763145
6360 261.44314669 2996.87456247 176.913430786 245.250422114 0.743505041076 1.12699601668 9.15772256527 243.721354263 369.903922817 146240.219654 69 1285.94275703 39.8936313807 65.5293063583 23.1063686193 401.05724297 5.09607718246
6384 249.582029656 2926.34341681 176.692517504 245.302495363 0.742427211181 0.655447879277 8.63572633053 244.663903216 370.070563724 148547.889998 69 1298.29824025 39.8677868528 60.6732298829 23.1322131472 388.701759752 4.92943627502
6408 238.73272051 2825.4381008 177.521809905 245.352150984 0.752696537264 1.16273818722 8.36940474557 244.363009546 370.257689156 150792.203097 69 1309.95334258 39.8557056245 58.8548645423 23.1442943755 377.046657423 4.7423108434
6432 228.79735852 2742.87506247 176.625806422 245.399290206 0.728197039192 0.474541531847 4.86606463106 248.531906592 370.42227179 152951.377762 68 1320.92073619 39.841547129 56.931653819 23.158452871 366.079263817 4.57772820912
6456 219.641201187 2673.90112727 175.955218552 245.443610616 0.7219493438 0.787609866899 7.67742766063 245.369402513 370.566446696 155021.284152 68 1331.28616458 39.8249703337 58.562802772 23.1750296663 355.713835426 4.43355330303
6480.0 211.167827265 2611.75272004 176.367274023 245.486333412 0.716063981184 0.138807675146 5.84274538427 247.816049548 370.692760672 157009.390714 96 1341.10768029 39.806861003 66.3352809672 23.193138997 345.892319715 4.30723932694
6504 203.450774313 2462.06630532 175.902210218 245.525611859 0.694024015413 0.471186691137 5.29887510826 248.010302327 370.901483538 159084.269772 93 1350.28808534 39.8291445185 35.7297400645 23.1708554815 336.711914664 4.09851646087
6528 196.452378931 2368.19377556 176.59724593 245.561887959 0.690571646426 0.797686182542 8.8716217809 244.078232432 371.068113718 161064.217555 93 1358.77023088 39.8355945015 25.4527232067 23.1644054985 328.229769123 3.93188628087
6552 189.994175474 2290.40271952 175.934957732 245.59676191 0.702363488267 1.03985372022 5.9690623395 246.691958543 371.201633678 162985.454964 93 1366.738563 39.8355677539 22.5064114997 23.1644322461 320.261437003 3.79836632063
6576 183.997335607 2224.76553949 175.711383984 245.630447883 0.689841958819 0.242465066266 5.704731073 247.73251402 371.318527565 164855.068332 93 1374.26479703 39.8324262262 21.1596666138 23.1675737738 312.735202976 3.6814724343
6600 178.391840889 2173.61621116 175.669400655 245.662080704 0.675396794254 0.495971942613 6.91861858084 246.247931979 371.416279316 166662.195778 92 1381.41171758 39.8242396309 24.1866385731 23.1757603691 305.588282422 3.58372068251
6624 173.135930892 2123.69625816 175.693939592 245.692282829 0.672869082947 0.734988742271 6.73582677812 246.164032569 371.508531963 168428.85771 91 1388.21726344 39.8172383801 22.1017590525 23.1827616199 298.782736569 3.49146803562
6648 168.201346489 2073.51065202 175.735891362 245.72160118 0.680590607884 0.952590918002 3.18961414416 249.45560315 371.597844324 170147.788514 91 1394.70112788 39.8118041964 28.5163940025 23.1881958036 292.298872127 3.40215567455
6672 163.55258415 2030.90087644 175.792976706 245.750494745 0.694770410032 1.06653462641 1.49307492175 250.995125297 371.676074707 171824.770393 90 1400.89199902 39.8036151248 26.8454371665 23.1963848752 286.108000982 3.32392529217
6696 159.165311147 1988.70692622 175.851649035 245.778413302 0.673615990091 0.205550935552 4.53628207608 248.806137697 371.752048043 173459.955838 89 1406.81214506 39.7971125188 23.9222076509 23.2028874812 280.187854944 3.24795195572
6720 155.017649984 1951.02243235 175.909919333 245.804761173 0.657740440251 0.323358553806 4.31122072207 248.902919112 371.823289567 175047.630351 88 1412.47837583 39.7902400342 24.3221186969 23.2097599658 274.521624173 3.17671043211
6744 151.084156939 1910.78752009 175.97326043 245.829909983 0.647588180385 0.426351393704 1.83458812509 251.261562319 371.890135561 176598.858635 86 1417.9156758 39.783800525 21.6944703654 23.216199475 269.084324203 3.10986443767
6768 147.357038379 1875.21006463 176.483326298 245.854041566 0.641197383496 0.527680582448 5.07731860279 247.899761865 371.953607446 178106.054618 86 1423.12606824 39.7776924229 21.2461271114 23.2223075771 263.873931767 3.04639255291
6792 143.814727334 1845.91707561 176.251004731 245.877405717 0.640100316932 0.701011389129 6.91612409606 245.865358482 372.011965246 179568.500827 86 1428.13054436 39.7699414662 23.2292618547 23.2300585338 258.869455641 2.98803475315
6816 140.439323676 1808.84997288 177.094408926 245.900286214 0.645096561291 0.825028020178 0.61441542109 252.015173784 372.068379153 181002.055686 86 1432.94903451 39.7645510176 25.1701669706 23.2354489824 254.050965495 2.93162084626
6840 137.229893722 1778.46298064 176.538111272 245.922770029 0.65205669793 0.8917341982 2.18119908237 250.352239993 372.124401516 182402.311862 85 1437.57589547 39.7592549203 24.8242272536 23.2407450797 249.424104531 2.87559848272
6864 134.16790749 1748.56219607 176.367538556 245.944988192 0.66108136171 0.96228863139 4.52384604601 247.90779577 372.175714832 183767.322684 82 1442.03105165 39.7530493772 26.4244548974 23.2469506228 244.968948358 2.82428516714
6888 131.23853658 1722.68380144 176.34489128 245.967038458 0.665738941874 0.0907225201766 5.57703033334 247.699469747 372.22224559 185094.805659 82 1446.33110214 39.7458387876 28.413434023 23.2541612124 240.668897866 2.77775440871
6912 128.439721618 1694.22545985 177.564080916 245.988296705 0.650035121926 0.244581342044 4.44527744775 248.671809383 372.269677848 186391.231699 81 1450.47631928 39.7413099857 32.413977438 23.2586900143 236.523680722 2.73032215128
6936 125.759572975 1668.48718166 176.842463392 246.008678914 0.63947391454 0.374607744287 2.16986984316 250.807369584 372.312920732 187660.962543 80 1454.47762688 39.7348460622 34.142386149 23.2651539378 232.522373122 2.68707926683
6960 123.185753469 1646.25226992 176.999643065 246.02839907 0.632480803149 0.442715823115 2.85369661085 250.042707694 372.35166665 188893.050351 80 1458.35046642 39.7272584397 37.5088294911 23.2727415603 228.649533589 2.64833334891
6984 120.717715729 1624.48646844 176.705537475 246.047524354 0.627880420058 0.50974876325 2.3666536005 250.448192863 372.389976472 190101.093616 80 1462.09283138 39.71992576 40.8265181908 23.28007424 224.907168621 2.61002352694
7008 118.353972932 1594.35448204 177.572468242 246.066104966 0.625286361988 0.575075719582 1.70204540651 251.031487547 372.437193179 191299.750702 78 1465.70660474 39.7201267264 37.3408687121 23.2798732736 221.293395263 2.56280681976
7032 116.077957156 1581.27392128 178.585033462 246.084300334 0.624254134668 0.607886062662 1.96276843466 250.720791034 372.463634317 192440.959145 77 1469.20608032 39.7080915944 44.0269316417 23.2919084056 217.793919685 2.53636568163
7056 113.881283138 1562.86629108 180.579987902 246.102189278 0.624484438171 0.66933509262 3.04414163375 249.559849558 372.495926077 193564.558292 76 1472.60899374 39.7019767607 39.7569076279 23.2980232393 214.391006261 2.50407392219
7080 111.759112258 1548.61334353 178.531736527 246.119833047 0.626322491786 0.712491025274 3.04550900147 249.495844435 372.525777326 194649.973384 74 1475.91734172 39.6928241876 41.7984582675 23.3071758124 211.082658286 2.47422267321
7104 109.711854624 1526.54118008 178.657596027 246.137242527 0.629425763898 0.761842632204 1.9083557845 250.563133293 372.559493583 195712.98027 74 1479.13131979 39.6891003331 45.0296193525 23.3108996669 207.868680216 2.44050641607
7128 107.737529557 1505.66023508 177.991332312 246.154445342 0.634132920972 0.863616643006 4.53665550937 247.811149585 372.589557704 196755.723493 73 1482.24932306 39.6830345234 47.00417028 23.3169654766 204.750676941 2.41044229513
7152 105.835684053 1479.39537465 180.122852882 246.171479305 0.6414459634 0.952028828155 4.05111248736 248.183933417 372.625326203 197780.504972 73 1485.27329991 39.6831961033 50.0695499243 23.3168038967 201.726700098 2.37467379609
7176 104.008123343 1456.32130058 179.478369751 246.188347862 0.649852205102 0.984000806388 3.52631525237 248.651483875 372.658980253 198788.92906 73 1488.19548868 39.6816922867 54.3399133418 23.3183077133 198.804511328 2.34101974642
7200.0 102.249270967 1438.74850971 178.28376279 246.205084847 0.658609837834 1.00268721186 0.88877523272 251.244842871 372.689803658 199780.125163 101 1491.02265636 39.6770294012 55.372696189 23.3229705988 195.977343644 2.31019634044
7224 100.567713404 1390.29570784 177.364164326 246.221332599 0.645731425435 0.0612078251868 2.05796825912 251.013759892 372.737123407 200809.853379 99 1493.74697953 39.6937280828 40.1190540584 23.3062719172 193.253020473 2.26287659139
7248 98.9662039144 1359.10315165 176.981248122 246.2367193 0.632594396884 0.128343236076 4.01218153345 248.990161534 372.779614726 201810.770379 98 1496.35207522 39.7009615689 30.7054746165 23.2990384311 190.647924787 2.22038527198
7272 97.4292013222 1334.52290282 176.822460084 246.251440506 0.621731660399 0.197820925539 2.80477957073 250.124227337 372.814236241 202788.201548 97 1498.86315169 39.7040123004 27.5611487292 23.2959876996 188.136848311 2.18576375749
7296 95.9453216324 1314.64368136 176.768372394 246.265645119 0.612475226119 0.23619327185 2.54043503584 250.345251348 372.843057248 203744.332053 96 1501.29791916 39.7038679093 25.1103359405 23.2961320907 185.702080844 2.15694275059
7320 94.5116386239 1299.87587498 176.755150834 246.279385337 0.6045486146 0.276531457992 2.15855927765 250.680975313 372.868194474 204679.376251 94 1503.66037585 39.7006561003 24.6643852956 23.2993438997 183.339624152 2.13180552404
7344 93.1236495566 1281.04177494 177.599114744 246.292724483 0.597743534017 0.310753891903 2.68764788621 250.111130205 372.894841388 205603.691046 92 1505.9585648 39.7009302896 21.3458854837 23.2990697104 181.041435201 2.10515861017
7368 91.7791702618 1263.73522636 177.076431609 246.305701083 0.592232100198 0.368014666284 2.07203658267 250.662015568 372.919803304 206507.374116 90 1508.19392675 39.6995844517 22.5135806378 23.3004155483 178.806073257 2.08019669475
7392 90.4768615634 1249.01717211 177.843653659 246.318346995 0.587671693778 0.385661200623 1.43810799411 251.270212116 372.942014217 207394.149294 90 1510.36800087 39.6972042638 23.8895296064 23.3027957362 176.63199913 2.05798578129
7416 89.2103085812 1238.24881506 177.199066665 246.330732358 0.583927727741 0.436272209597 2.6628786414 249.986189063 372.960811549 208261.480232 90 1512.49040144 39.6923978515 23.4161212264 23.3076021485 174.509598568 2.03918844913
7440 87.9790767447 1225.28963781 177.861595468 246.342874981 0.581115480418 0.457155795737 0.868933861991 251.749919882 372.981038336 209110.294022 89 1514.5623155 39.6897429205 26.5216095111 23.3102570795 172.437684508 2.01896166242
7464 86.7826731289 1208.22499007 178.832914678 246.354785143 0.578793322007 0.481140321196 1.98979304553 250.595488168 373.001430777 209950.079032 89 1516.58385721 39.6888743127 27.0782880205 23.3111256873 170.416142797 1.99856922187
7488 85.6238334732 1194.21782912 178.320662177 246.36643892 0.577196686623 0.522315831362 2.98024671654 249.553801846 373.023584355 210780.806855 88 1518.54943684 39.6878956604 23.4895026237 23.3121043396 168.450563161 1.9764156435
7512 84.4969634199 1185.10186195 178.223032254 246.377899713 0.576304437245 0.538562460828 0.944707908396 251.562525481 373.040935176 211585.863795 88 1520.46691371 39.6835884491 26.7458792886 23.3164115509 166.53308629 1.95906482281
7536 83.3954774927 1174.63026395 177.415784038 246.389236884 0.57578787704 0.558531734373 0.852719009805 251.623724495 373.056590777 212377.146586 86 1522.34755217 39.6784862629 27.2569810875 23.3215137371 164.652447837 1.94340922118
7560 82.3246610507 1161.64365715 178.415377949 246.400396274 0.575613443116 0.5774533493 1.68691233042 250.759624604 373.074128842 213154.746358 86 1524.18307074 39.6764742886 30.2078502872 23.3235257114 162.816929261 1.92587115603
7584 81.2815808547 1152.4483519 177.50956936 246.411407373 0.575820500086 0.597551455515 2.4525241215 249.962696551 373.090649214 213917.175003 86 1525.97666509 39.6725207021 33.4089036956 23.3274792979 161.023334912 1.90935078467
7608 80.2654298934 1134.74048255 177.1854046 246.422279326 0.576518319205 0.623549321482 2.14022017562 250.237432858 373.11149023 214678.998359 86 1527.73099504 39.6747597795 33.5721918232 23.3252402205 159.269004968 1.8885097681
7632 79.2779967136 1126.60509579 177.072929245 246.432993705 0.577639383752 0.648735218396 2.75185634292 249.588775351 373.126186961 215423.291324 85 1529.43988923 39.6697950786 31.9344422644 23.3302049214 157.560110774 1.87381303791
7656 78.3136398243 1117.86912801 177.050468768 246.443611928 0.579208867045 0.674563389959 1.30796845346 250.994647362 373.141783125 216150.582935 84 1531.1144909 39.666806248 32.2444911821 23.333193752 155.8855091 1.85821687375
7680 77.3725865256 1104.87158296 178.527386958 246.45413125 0.581001543595 0.68678373278 1.83393679151 250.444146683 373.156956731 216866.155977 83 1532.75393504 39.6656177635 34.4670279595 23.3343822365 154.246064962 1.84304326787
7704 76.4570910322 1091.73941585 178.346524525 246.464522811 0.583125341669 0.717040794284 1.25227309989 250.983037954 373.174809444 217576.544533 82 1534.35407678 39.6662013374 34.331608513 23.3337986626 152.645923222 1.82519055489
7728 75.5630344312 1084.08321351 177.546188839 246.474832631 0.585572550755 0.727692971356 0.655606483896 251.556295364 373.188400384 218269.448453 81 1535.92038236 39.6619640667 34.4057346585 23.3380359332 151.079617648 1.81159961478
7752 74.6886788768 1073.0214404 177.270633573 246.485077549 0.588107226503 0.734484177029 1.01939672019 251.172934328 373.203532259 218951.395425 80 1537.45707836 39.6610974592 35.382492072 23.3389025408 149.542921642 1.79646773911
7776 73.8367040843 1061.82429094 178.474477498 246.495220892 0.590846775898 0.769909109484 2.26237150128 249.881651722 373.217829024 219622.617537 78 1538.95867953 39.6593726258 36.2559775816 23.3406273742 148.041320475 1.78217097465
7800 73.0019222389 1060.74116047 178.044165683 246.505324663 0.594033034576 0.79160987871 2.49250372975 249.616528694 373.226645471 220268.315141 75 1540.43270883 39.6509229717 40.0628538978 23.3490770283 146.56729117 1.77335452713
7824 72.1796411788 1054.93487564 178.677539745 246.515447465 0.597536614027 0.818379706147 3.69516222702 248.373473988 373.234312686 220898.200844 75 1541.8887888 39.6442728243 44.2472402431 23.3557271757 145.111211205 1.76568731263
7848 71.378722758 1037.76022404 177.753998973 246.525481251 0.601533798377 0.860881518594 3.80059799561 248.211505437 373.253286007 221538.263188 75 1543.31285378 39.6485850008 46.9852306211 23.3514149992 143.687146219 1.74671399102
7872 70.5961452823 1035.53417535 178.325108104 246.535464759 0.605970555773 0.885375335447 2.88984623596 249.083343114 373.263131053 222157.16401 74 1544.70619799 39.6426111715 44.8544296988 23.3573888285 142.293802009 1.73686894593
7896 69.8267724216 1028.9084176 177.673676065 246.545463863 0.610707442737 0.904584148396 0.963355714472 250.975888831 373.271967567 222762.039563 74 1546.07946932 39.6375655048 47.9007687079 23.3624344952 140.920530686 1.72803243144
7920.0 69.0750348299 1015.82163074 178.332266677 246.555418138 0.615475306515 0.907536433458 1.01838370762 250.903186415 373.286112802 223362.124533 101 1547.42560705 39.6375205842 52.0417130461 23.3624794158 139.574392952 1.71388719623
7944 68.3476144424 992.70186562 177.633252268 246.565228371 0.620050008108 0.907338167806 1.99045549642 249.916927957 373.303618578 223987.961595 100 1548.73356039 39.6498980698 41.0041045211 23.3501019302 138.266439616 1.69638142058
7968 67.6440658221 975.240897018 177.335329789 246.574886818 0.624562424952 0.916599582175 1.85313185247 250.030819323 373.324403296 224602.655564 99 1550.00075068 39.657571987 33.9227643667 23.342428013 136.999249322 1.67559670224
7992 66.9607690672 960.424110909 177.199005117 246.584432183 0.628993862209 0.91777988319 1.65865401983 250.210140052 373.342415517 225207.516881 97 1551.23387321 39.6631069621 30.7567361678 23.3368930379 135.766126789 1.65758448156
8016 66.2933355072 952.181876945 177.14971951 246.593916159 0.633327833388 0.92310610423 0.404893466533 251.444756437 373.354207049 225799.154956 96 1552.43994174 39.6618436168 26.1213507073 23.3381563832 134.560058258 1.64579294971
8040 65.6411257355 942.049251198 177.128093024 246.603340608 0.637662337237 0.935425368911 1.08760578199 250.735965904 373.367320913 226381.460608 95 1553.62140883 39.6629633092 25.3052001109 23.3370366908 133.378591169 1.63267908525
8064 65.0025347366 934.765675533 177.505688796 246.612723275 0.642002496275 0.938037082332 1.7476285531 250.059608593 373.377443033 226952.088729 94 1554.78023554 39.6612762065 23.8298807598 23.3387237935 132.219764463 1.62255696512
8088 64.3766007967 928.146041996 177.274572171 246.622072421 0.646297593127 0.947950202773 1.35513095058 250.428548833 373.387376432 227510.713714 94 1555.91838043 39.6589669961 26.1711503189 23.3410330039 131.08161957 1.61262356655
8112 63.7635468448 919.858954758 177.193238114 246.631379774 0.650660046124 0.959814979984 1.91771244878 249.840432752 373.398212179 228066.229778 94 1557.03563742 39.6584377824 25.5820601953 23.3415622176 129.964362578 1.60178781945
8136 63.1627384211 911.816415793 177.169591411 246.640650914 0.655081918923 0.965957512778 0.45301657402 251.285293081 373.408293495 228613.07371 94 1558.13270418 39.6577164353 25.7753608178 23.3422835647 128.867295822 1.59170650306
8160 62.5727687462 904.8782224 177.174587108 246.649903031 0.659489870287 0.981054246579 1.93895124908 249.770601603 373.417500184 229149.890196 93 1559.2119448 39.6559543767 25.2423063759 23.3440456233 127.788055202 1.58249981467
8184 61.9938559966 900.005449106 177.187544436 246.659129233 0.663986945893 0.986862547735 1.40916869913 250.280852575 373.426294133 229675.897218 91 1560.27290592 39.6530547858 24.8918320371 23.3469452142 126.727094087 1.57370586554
8208 61.426325283 890.05724258 177.740532511 246.668319835 0.668454832511 0.992925817424 0.841696881514 250.828602634 373.437352765 230198.062544 88 1561.31551888 39.654357866 24.8810203175 23.345642134 125.684481121 1.5626472329
8232 60.8708937562 882.213394052 177.392269659 246.677457842 0.672934410331 1.01140297922 2.20634735647 249.431857413 373.448307092 230715.904975 86 1562.33767974 39.6544274142 22.8283152238 23.3455725858 124.662320266 1.55169290636
8256 60.3252815871 878.825453623 178.102681957 246.686528823 0.667756329698 0.0289498915553 0.571758521533 252.045006434 373.454840468 231218.117361 84 1563.34295775 39.6496961351 22.1812359116 23.3503038649 123.65704225 1.54515953021
8280 59.788468763 873.163507011 177.555512895 246.695425257 0.659375535083 0.049331799036 1.91684305063 250.679024359 373.463822851 231713.341422 82 1564.33417344 39.6482133849 22.4067056928 23.3517866151 122.665826565 1.53617714737
8304 59.2617320772 867.692682245 177.359393721 246.70412486 0.651534815674 0.08513341237 4.19616078995 248.363046122 373.473093517 232199.507752 79 1565.30853082 39.6462366909 24.677174385 23.3537633091 121.691469178 1.52690648101
8328 58.7425488416 862.675208301 178.015346356 246.712676301 0.644278092727 0.10884359678 2.47954691321 250.054655097 373.479309942 232672.866256 78 1566.27033218 39.6428745249 28.8575637086 23.3571254751 120.72966782 1.52069005644
8352 58.2317980436 858.939145816 179.340978482 246.721070912 0.637505095696 0.137424307066 1.72691528613 250.7770844 373.484864038 233137.492695 77 1567.21802523 39.6385994218 31.9685358099 23.3614005782 119.781974775 1.51513596048
8376 57.7279278477 854.36831219 178.524894443 246.729339688 0.631191576805 0.16049564419 1.96826136174 250.510711729 373.490975706 233594.762442 77 1568.15464974 39.6353792474 33.7272786602 23.3646207526 118.845350263 1.50902429269
8400 57.2333782575 848.777421186 177.781109871 246.737447492 0.625353574376 0.189119951486 2.16468303999 250.283395943 373.499891116 234050.748502 77 1569.07583503 39.6350181845 33.1467483579 23.3649818155 117.924164968 1.5001088824
8424 56.7478654686 841.861019003 177.510149991 246.745403875 0.619947177782 0.210179247667 2.34330750599 250.081162194 373.508900264 234495.346625 76 1569.98172941 39.6346437256 40.4382062544 23.3653562744 117.018270587 1.49109973411
8448 56.2692503691 838.352010866 178.851834164 246.753247825 0.614918652925 0.23385068784 1.49716098981 250.900821845 373.51341959 234931.897447 74 1570.87558637 39.6294185343 42.3682457822 23.3705814657 116.12441363 1.48658040868
8472 55.7999010502 829.432096208 177.918910866 246.760944248 0.610260590095 0.247825853303 0.634186934132 251.746782375 373.523332816 235375.021028 74 1571.75437133 39.631583383 40.402819662 23.368416617 115.245628671 1.47666718222
8496 55.3372900914 829.749278708 178.176492606 246.768537146 0.605845008488 0.25995444528 0.755115305698 251.610548096 373.527108194 235789.627558 72 1572.62089541 39.624943607 48.7399104799 23.375056393 114.379104588 1.47289180434
8520 54.8790978635 830.250462647 179.037596864 246.776066633 0.601648433424 0.273004269747 0.869665291817 251.479615372 373.528010564 236196.783079 72 1573.48015027 39.6158282308 53.3873634691 23.3841717692 113.519849727 1.47198943408
8544 54.4261379774 826.77397459 178.077142623 246.783521482 0.597700044872 0.292449037467 1.96084688946 250.365482547 373.534479001 236607.633617 71 1574.33160119 39.6133404893 50.2461974975 23.3866595107 112.668398816 1.46552099763
8568 53.9799486797 821.288138138 179.72279714 246.79087891 0.594020293614 0.300646694461 1.05267964226 251.261774461 373.538974173 237006.10668 71 1575.17153286 39.6097099205 51.4566941437 23.3902900795 111.82846714 1.46102582512
8592 53.5408695166 817.991515697 180.676659655 246.798134791 0.59055967786 0.320324550582 2.09672086634 250.194260115 373.544650152 237392.617068 69 1575.99957809 39.6082164265 53.687915049 23.3917835735 111.000421907 1.45534984627
8616 53.1072851954 813.371278822 181.857737607 246.805318032 0.587369380152 0.334794937383 1.13681295249 251.135704698 373.548005167 237774.418675 69 1576.81808582 39.6043399675 52.7679916755 23.3956600325 110.181914181 1.45199483083
8640.0 52.680234857 811.53484239 179.635076835 246.812413433 0.584435208074 0.352045582759 1.14904869677 251.10205708 373.555006156 238142.277551 96 1577.62549269 39.6002467759 61.9955332313 23.3997532241 109.374507316 1.44499384217
8664 52.2645878897 788.003779963 178.726462469 246.819341491 0.581745319837 0.363785924616 1.11424233356 251.120884931 373.568805843 238554.968538 93 1578.41483172 39.6182328433 49.7182493396 23.3817671567 108.585168285 1.43119415523
8688 51.8626739458 771.685187262 178.591974146 246.826063433 0.5792726561 0.369807806872 1.01441024195 251.210445862 373.585555823 238959.215149 92 1579.17868469 39.631462556 43.3304318988 23.368537444 107.821315321 1.4144441752
8712 51.4710094096 764.311366376 177.812513613 246.832636999 0.576951018518 0.378313213397 1.85685375437 250.355245016 373.596356804 239353.202101 92 1579.92311739 39.6356606145 39.8193598113 23.3643393855 107.076882618 1.40364319464
8736 51.0861046512 756.945682026 177.523329401 246.839120599 0.57476160403 0.388681050176 1.667198773 250.530237974 373.604190435 239742.640231 92 1580.65530848 39.6372353076 35.5921061531 23.3627646924 106.344691522 1.39580956308
8760 50.7076055329 751.22300355 177.416805283 246.845520617 0.57272594439 0.392858065022 0.463310025453 251.725585349 373.611220693 240123.65444 90 1581.37611173 39.6373328994 32.6085295722 23.3626671006 105.623888273 1.38877930555
