Time EBV Teff Treg ODC_le1 ODC_le2 ODC_le3 ODC_le4 ODC_le5 NK IL2 DAC Resting_Teff Resting_Treg EffectorMemory Resting_Treg_temp Resting_Teff_temp NK_temp
0.0 0 0 0 0 0 0 0 500 375 1000 0 1687 63 0 0 0 0
24 0 0 0 0 0 0 0 500 336.279789971 908.048253598 0 1687 63 0 0 0 38.7202100291
48 0 0 0 0 0 0 0 500 335.391027502 823.849847309 0 1687 63 0 0 0 39.6089724976
72 0 0 0 0 0 0 0 500 334.559882085 745.880698262 0 1687 63 0 0 0 40.4401179151
96 0 0 0 0 0 0 0 500 333.760437385 673.915002205 0 1687 63 0 0 0 41.2395626152
120 0 0 0 0 0 0 0 500 332.995774144 607.703333798 0 1687 63 0 0 0 42.0042258555
144 0 0 0 0 0 0 0 500 332.2684442 546.975994766 0 1687 63 0 0 0 42.7315557996
168.0 1000 0 0 0 0 0 0 500 331.580390823 491.447224652 0 1687 63 0 0 0 43.4196091775
192 587.94283022 2674.42256109 91.5619289612 4.47673168998 18.9970923557 71.5351553232 179.581289232 225.4097314 319.455578209 5741.3447637 0 1039.6715255 41.772295668 0 21.227704332 647.328474501 55.5444217919
216 137.444755951 6913.57996292 163.127542597 83.5490313991 48.1537390157 85.7790124682 128.615066076 153.903151041 264.672897027 483.297570202 0 1394.73174063 38.9749362352 619.985347046 24.0250637648 292.268259368 110.327102973
240 32.7577108275 2444.35806677 168.712371458 175.477568861 36.9364701947 59.4095038379 105.971584099 122.204873007 278.269847662 221.623141207 0 1604.12345416 38.8527017891 532.395694877 24.1472982109 82.8765458372 96.730152338
264 15.9552861664 573.757871425 168.25905135 201.006337258 9.69796226108 35.2639289411 81.0720905883 172.959680951 303.357478035 238.892084075 0 1649.32252139 39.0511125733 493.567921437 23.9488874267 37.6774786107 71.6425219658
288 12.4216213982 214.849791682 163.442477069 203.805649946 2.56119921229 11.0724598427 40.3646077084 242.19608329 315.29467012 299.416764025 0 1658.66516239 39.5084978302 453.491232995 23.4915021698 28.3348376072 59.7053298801
312 10.8671320936 156.402026193 162.324270936 204.116447616 0.681348436958 3.18488579769 32.8946447805 259.122673368 318.488498963 342.094759786 0 1662.34049398 39.7250417099 433.843311406 23.2749582901 24.6595060186 56.511501037
336 9.7159346459 139.216529269 165.974526294 204.253054951 0.865735200264 1.43054624027 16.9905824885 276.46008112 319.129136758 348.061375351 0 1664.95175721 39.7516872062 414.485557945 23.2483127938 22.0482427945 55.870863243
360 8.82374012196 115.372830327 165.49339409 204.380751423 0.888799611051 0.800967092338 15.3908732627 278.538608611 319.827213312 351.222420761 0 1666.98938539 39.8641085287 406.932213916 23.1358914713 20.0106146051 55.1727866882
384 8.10639461954 105.497547589 165.443340674 204.496043915 0.916662480238 0.641718809765 13.7569360284 280.188638767 320.131134777 353.013521428 0 1668.61028001 39.8683626047 391.808048894 23.1316373953 18.3897199859 54.8688652235
408 7.49209935268 104.316818639 164.635638658 204.605428823 0.929362829483 0.584030362576 21.3207575103 272.560420475 320.242477474 342.768091411 0 1669.99170225 39.8197225197 377.870905916 23.1802774803 17.0082977472 54.7575225264
432 6.95136671795 93.4235407565 169.369312333 204.709114233 0.926950378214 1.45216588151 14.3636211085 278.548148399 319.878050536 315.90828113 0 1671.21430733 39.8488737656 371.128281596 23.1511262344 15.7856926702 55.1219494642
456 6.50520470198 79.213838506 162.925514534 204.80365285 0.945105517552 0.662889329822 10.8874176807 282.700934622 320.575040408 315.289721668 0 1672.23989249 39.9943290746 361.905828019 23.0056709254 14.760107513 54.4249595927
480 6.09834354779 77.1021307259 160.277260351 204.894922888 0.950126971712 1.35258332812 9.72153473863 283.080832073 320.403899128 301.063367662 0 1673.15056851 39.9196967465 352.289771951 23.0803032535 13.8494314935 54.5961008723
504 5.75434807334 67.2693403092 161.331622556 204.976430307 0.932740817445 1.13576627457 9.57908652572 283.375976075 320.647298063 299.922954684 0 1673.93655991 40.0132792767 340.127105945 22.9867207233 13.0634400944 54.3527019372
528 5.47376586246 64.400848617 158.605108182 205.04612127 0.919827274458 0.813543507339 8.10277016054 285.117737787 321.120089531 305.45475888 0 1674.57714265 40.0910650808 331.716504592 22.9089349192 12.4228573469 53.8799104699
552 5.22461850188 60.9328378626 154.72766574 205.10964275 0.887533670966 0.293468267735 6.59415161582 287.115203695 321.529345321 317.457053293 0 1675.14301475 40.128818381 321.731419767 22.871181619 11.8569852508 53.4706546796
576 4.98274219823 61.3313767611 163.254554635 205.171653207 0.862943624199 0.829534315602 13.3128680293 279.823000824 320.930802902 293.210538095 0 1675.68474173 40.0400293848 314.885572224 22.9599706152 11.3152582679 54.0691970984
600 4.75847937216 54.598631008 157.401890833 205.231295923 0.853916085471 0.402103858742 8.32044554127 285.192238592 321.015752658 283.755998086 0 1676.19330541 40.0883051891 311.087283164 22.9116948109 10.80669459 53.9842473421
624 4.5656294545 51.960544721 161.339410253 205.283809613 0.844210520468 0.960500010246 11.3137546594 281.597725197 320.880222153 270.722420569 0 1676.63264688 40.14737619 305.494993979 22.85262381 10.3673531189 54.1197778475
648 4.39473206675 43.8402792158 159.351304896 205.331991627 0.831117817814 0.460347448721 7.02429844767 286.352244659 321.221328822 276.766612302 0 1677.02567021 40.3427772522 293.539922461 22.6572227478 9.97432978816 53.7786711788
672 4.23796434685 45.4169330937 157.595253321 205.376921373 0.821279478289 0.792326259967 5.26398618803 287.7454867 321.055548612 268.319861901 0 1677.37628506 40.2161134153 289.180501609 22.7838865847 9.62371494197 53.9444513883
696 4.09106279024 43.018986953 157.356454301 205.420445208 0.82577111649 1.01599909319 4.21860581194 288.519178771 321.188260152 266.960982937 0 1677.71030838 40.2629797787 279.002918211 22.7370202213 9.2896916232 53.8117398486
720 3.94919573465 42.1220467641 154.700952007 205.464313787 0.821393997362 0.236243924774 5.20943849985 288.268609791 321.153815653 257.444730153 0 1678.03033606 40.2501600057 277.040309506 22.7498399943 8.96966394179 53.8461843475
744 3.82385974153 38.1456697489 156.168031475 205.503465294 0.799261292501 0.475217631608 4.88921900573 288.332836776 321.095433786 252.774166851 0 1678.31707736 40.3668283904 269.939516188 22.6331716096 8.68292264393 53.9045662147
768 3.71090835989 35.8401928429 152.208243103 205.539159684 0.789757500429 0.681262398571 3.60717350526 289.382646912 321.461771904 259.095937434 0 1678.5737091 40.4188221378 263.722659189 22.5811778622 8.42629090307 53.5382280964
792 3.60313877422 38.7096229117 154.179536918 205.574031639 0.789407465884 0.885775717565 6.0761756662 286.674609512 321.396547127 254.113280812 0 1678.81541587 40.2899640761 256.546655978 22.7100359239 8.18458412592 53.6034528739
816 3.49967447502 36.1322911237 150.575110165 205.608662928 0.790464837903 0.165834063891 9.2409346582 284.194103512 321.461132201 254.285147833 0 1679.05097722 40.3648063673 252.08808631 22.6351936327 7.9490227848 53.5388677994
840 3.40155664189 33.095440161 150.101398288 205.641916892 0.77069120292 0.420188896235 4.21514300536 288.952060004 321.51320543 251.550586307 0 1679.27394158 40.4362720246 249.225876869 22.5637279754 7.7260584181 53.486794571
864 3.30183054814 35.5458352991 150.235131251 205.676034576 0.759898689467 0.639692848212 5.80972103685 287.114652849 321.288544285 236.73339021 0 1679.49713921 40.2876863552 248.806727565 22.7123136448 7.50286079276 53.7114557154
888 3.21150401821 30.9794110834 156.26919671 205.7076147 0.759777322645 0.866213710678 4.47585707316 288.190537193 321.056637623 226.905154454 0 1679.70519641 40.5064113358 241.027906327 22.4935886642 7.29480359248 53.9433623775
912 3.13622243597 26.7650640122 151.577012193 205.734736639 0.765423331908 0.989403910228 5.57464359277 286.935792526 321.303167592 225.963833157 0 1679.87831793 40.7191735646 240.740943125 22.2808264354 7.12168207365 53.696832408
936 3.06652465489 27.8365866483 147.730381934 205.760505434 0.755970807088 0.125343808879 4.14765283056 289.21052712 321.45906992 230.094858631 0 1680.03563207 40.6553306414 235.870883978 22.3446693586 6.96436792618 53.5409300803
960 2.99782734656 28.3505181713 147.943582228 205.785861969 0.736850366351 0.231572134237 4.89061035462 288.355105176 321.495888814 228.598902505 0 1680.19111235 40.648891278 233.378158939 22.351108722 6.80888765094 53.5041111861
984 2.93109584809 27.540218501 145.15969948 205.810495042 0.723297995351 0.412159651857 3.40592457263 289.648122738 321.641110705 231.263836206 0 1680.34160057 40.5973325884 233.249716855 22.4026674116 6.65839943297 53.3588892959
1008 2.86528078354 28.5941046314 143.756748614 205.834976708 0.714781282376 0.532535365431 5.11395137526 287.803755269 321.603492664 229.741989974 0 1680.49014477 40.5468254631 230.4318075 22.4531745369 6.50985522676 53.3965073367
1032 2.80072211652 24.5536970363 148.429429059 205.859327628 0.710445264938 0.623284041967 2.9032631675 289.903679897 321.336632891 217.202152624 0 1680.63775957 40.7166726328 231.798937085 22.2833273672 6.36224042533 53.6633671097
1056 2.74244983705 25.8554020672 148.464018872 205.88169613 0.708331812831 0.676213209278 3.99067160519 288.743087243 321.249905961 212.596461743 0 1680.76873263 40.588829122 228.459504118 22.411170878 6.23126737313 53.7500940397
1080 2.68921616351 22.8721456548 147.996939727 205.902522238 0.708678329136 0.763451843053 3.37944445344 289.245903137 321.364665256 209.303897326 0 1680.8916784 40.8663745209 227.463998867 22.1336254791 6.10832160496 53.6353347441
1104 2.63877970078 23.2067849425 148.05926606 205.922682851 0.711538395444 0.856947387923 4.45524984475 288.053581521 321.240775309 204.685304856 0 1681.00557298 40.8264856579 225.561188633 22.1735143421 5.99442701813 53.7592246916
1128 2.58515149029 27.0073473214 145.439665431 205.944675495 0.716917408163 0.921558274953 1.27878181656 291.138067006 321.151875076 199.123730221 0 1681.12488944 40.5719910461 222.008514163 22.4280089539 5.87511056305 53.8481249242
1152 2.5338443671 21.118230524 148.458699553 205.966332658 0.723817640736 0.979258145491 3.89787523405 288.432716322 321.087894057 194.299330698 0 1681.24335592 40.8736018774 220.687180792 22.1263981226 5.75664407837 53.9121059436
1176 2.48774153414 21.4867352522 143.410607031 205.986376445 0.732024355638 1.07628316079 5.69749186424 286.507824175 321.300199275 200.198421422 0 1681.34748617 40.8131417621 214.713259399 22.1868582379 5.65251382693 53.6998007254
1200 2.4457764788 22.1766907968 143.63367641 206.005029023 0.724529471095 0.133264898526 1.03408423555 292.103092372 321.432894466 204.136011011 0 1681.44284966 40.7991029547 209.149064668 22.2008970453 5.55715034383 53.5671055344
1224 2.40185110401 24.3141017807 144.801343889 206.024512285 0.70922648059 0.191420537311 2.87755377172 290.197286925 321.272435777 200.074923366 0 1681.5409044 40.6003540553 203.948599792 22.3996459447 5.45909560018 53.7275642231
1248 2.35803026855 19.9995866718 146.185749535 206.043913675 0.696042990685 0.262070039252 1.8174292157 291.180544079 321.206731994 194.885892326 0 1681.64179041 40.8778679531 200.078478794 22.1221320469 5.35820958664 53.7932680069
1272 2.3193582781 18.8440531835 145.478666972 206.061052198 0.686258332468 0.342389586907 3.90870677259 289.00159311 321.340421379 195.570494116 0 1681.73008539 40.9854383356 195.524053482 22.0145616644 5.26991460592 53.6595786215
1296 2.28414141637 17.8615400448 141.884960136 206.076719715 0.679429738908 0.423733933845 2.44970237855 290.370414233 321.51854355 199.279258549 0 1681.81057672 41.1022443678 194.165018077 21.8977556322 5.18942328274 53.4814564504
1320 2.24986576666 19.1476860883 140.826493865 206.092067569 0.674231110314 0.474086298018 3.96905427661 288.790560746 321.69842941 205.43443846 0 1681.88778433 40.9922436565 189.031205392 22.0077563435 5.11221567185 53.3015705901
1344 2.21527289846 18.8197635943 143.795423518 206.107689667 0.670241073954 0.522401717782 2.65285921455 290.046808327 321.439865503 200.090520646 0 1681.96620827 40.9905802424 185.162894608 22.0094197576 5.03379173182 53.5601344972
1368 2.17897321898 19.7014564641 143.403648826 206.124261487 0.667432559295 0.595516284259 4.73202454392 287.880765126 321.287729393 190.921511123 0 1682.04754869 40.8277175966 184.439976222 22.1722824034 4.95245131301 53.712270607
1392 2.1448899309 18.7917542396 147.52126216 206.140033552 0.666707265065 0.659045986947 2.49352719638 290.040686 321.027145546 179.851443426 0 1682.12530032 40.9228551366 180.910709469 22.0771448634 4.87469967978 53.9728544543
1416 2.11183688237 17.4375240104 144.315711685 206.155565357 0.666917081863 0.697976332361 2.19824466627 290.281296562 321.156105708 176.580974291 0 1682.20047051 41.005458104 181.523021754 21.994541896 4.79952948919 53.843894292
1440.0 2.08011583855 18.9468205611 143.773570999 206.170714705 0.667766787373 0.714309040868 2.77306391672 289.67414555 321.115094078 171.106834868 30 1682.27179769 40.8565292544 181.200265219 22.1434707456 4.72820231181 53.8849059226
1464 2.05147240539 15.9056617159 135.058840423 206.184617462 0.66926809338 0.757791897263 2.73710681862 289.651215729 321.671135514 188.747834116 30 1682.33831751 41.2062939683 177.003323739 21.7937060317 4.66168248793 53.3288644864
1488 2.02517943742 15.5596489747 133.957349089 206.197585454 0.67121358676 0.779459596375 1.32103347021 291.030707892 321.943814569 201.131922514 29 1682.39810696 41.2437399047 173.013847879 21.7562600953 4.60189304376 53.0561854317
1512 1.99852783398 16.688344485 132.923412431 206.210946076 0.673564362415 0.801705979416 3.05412625927 289.259657323 322.075954694 209.811033771 29 1682.45776476 41.0364773413 170.202103195 21.9635226587 4.54223524128 52.9240453061
1536 1.97223556106 16.2671611971 132.853008767 206.224354287 0.676535930177 0.847967647892 1.73495016532 290.51619197 322.260311291 217.975981764 29 1682.51786882 41.1476287134 167.550711995 21.8523712866 4.48213117837 52.73968871
1560 1.94753463875 15.0551151224 132.706591899 206.237176499 0.680027863126 0.877215444181 2.16843435029 290.037145843 322.39328659 225.838434298 29 1682.57420676 41.2568999038 165.032799386 21.7431000962 4.42579324103 52.6067134105
1584 1.92406142551 14.8283875419 131.604929743 206.249578579 0.683711397921 0.896525714087 2.4122969903 289.757887319 322.576539365 234.374017271 28 1682.62751437 41.2773223897 162.624930066 21.7226776103 4.37248563354 52.423460636
1608.0 1001.90035326 15.2132663057 134.67932465 206.262332395 0.687937237096 0.92957651969 1.74547251423 290.374681334 322.536058234 236.731938191 28 1682.68097204 41.1812267654 159.3603417 21.8187732346 4.31902796142 52.463941767
1632 559.406375472 3129.40386585 143.473055403 208.262912734 3.63115001934 25.6891417213 72.5908545663 189.825940959 311.828716736 4729.94073322 27 1050.97600027 41.3252777074 145.113543456 21.6747222926 636.023999729 63.1712832649
1656 268.993261558 3870.9521837 175.205982118 215.375333215 10.4464465758 22.6417302975 85.7136972069 165.822792705 312.583162994 6259.73856124 27 1258.5213181 39.7136897029 266.916544782 23.2863102971 428.478681903 62.4168370071
1680 132.772894097 3462.13233846 187.260444415 225.992328863 9.24403283898 21.8500389712 59.0403001502 183.873299177 315.302697254 6300.80047526 27 1428.09653331 39.2357053161 380.687703449 23.7642946839 258.903466696 59.6973027475
1704 71.9495955367 2585.23849994 191.181517646 232.372446897 5.51577609897 26.0679307741 63.0012541992 173.042592031 320.352773944 5789.39684048 27 1532.61373987 39.074064774 494.456377696 23.925935226 154.386260135 54.6472260572
1728 43.7536809341 1746.35551851 200.564169123 236.214813308 3.78413054014 16.5231767909 54.1616032647 189.316276096 325.819530285 5163.16829722 26 1589.48193171 39.0277273748 579.642274919 23.9722726252 97.5180682897 49.1804697162
1752 29.7398517585 1189.92900418 193.77693967 238.746862428 2.30435892091 10.9222219323 48.701351094 199.325205625 330.21870732 4574.65636052 26 1619.82094585 39.027116881 616.952281078 23.972883119 67.179054154 44.7812926809
1776 22.2501856226 807.63436676 192.947163994 239.588219573 2.13563408666 6.63858306603 29.928949006 221.708614268 334.351773995 4182.18793054 25 1636.63498355 39.0700521749 618.506305016 23.9299478251 50.3650164497 40.648226006
1800 17.8796920742 566.677643576 195.00581284 239.921865454 0.871729733076 5.41139224481 33.2037038985 220.59130867 337.005781066 3874.59071895 25 1646.54590137 39.133543341 604.441058444 23.866456659 40.4540986294 37.994218935
1824 15.1391349556 425.636862113 190.718800409 240.109294217 0.416138176847 2.11082493738 26.3030886302 231.060654038 338.766460729 3665.14683317 24 1652.76576031 39.1971144945 575.196013028 23.8028855055 34.234239688 36.2335392717
1848 13.1521333774 362.34036744 189.382877862 240.22590479 0.70861557082 2.85257481826 20.3145908653 235.898313956 338.9811546 3402.67645906 23 1657.22693934 39.222325857 570.030149674 23.777674143 29.7730606642 36.0188454005
1872 11.5892514774 315.048360428 195.502916045 240.393215834 0.961573683263 0.570609552634 15.7301276844 242.344473246 338.468428104 3127.43320913 23 1660.73414435 39.2373484561 566.766658238 23.7626515439 26.2658556491 36.5315718968
1896 10.3730562705 252.143656384 193.365009668 240.552729592 0.973786811073 1.67026248619 13.0155603566 243.787660754 338.505123083 2909.50931205 23 1663.49672261 39.305353171 556.437555832 23.694646829 23.5032773931 36.4948769185
1920 9.44026890631 215.10293323 191.5064665 240.691131094 0.986774596589 1.41253368928 13.5993303399 243.310230281 338.466139102 2737.63212712 22 1665.61000907 39.3543872511 530.286841619 23.6456127489 21.389990932 36.5338608991
1944 8.65819793651 186.497666849 188.690882764 240.821514852 1.05135950308 2.27235739923 13.7929317541 242.061836491 338.201190062 2569.15800546 22 1667.37730534 39.3953979887 511.944484155 23.6046020113 19.6226946595 36.7988099392
1968 8.02087170636 161.102829184 195.473846429 240.85819462 0.127945649604 0.7585132354 13.1660917705 245.089254725 337.589083202 2404.99285905 22 1668.81843561 39.4405543853 496.908555306 23.5594456147 18.1815643925 37.4109167987
1992 7.47513662494 135.958398349 184.355974932 240.876217413 0.205349445362 0.804956938166 8.15862130838 249.954854895 337.419326857 2267.32991301 22 1670.05923259 39.5263228946 480.626713583 23.4736771054 16.9407674101 37.5806731439
2016 7.01556430794 120.796935566 179.742591901 240.899188869 0.279291236349 0.243157673387 8.63007043404 249.948291787 337.028561171 2130.82998675 22 1671.0990878 39.5765946289 477.268312844 23.4234053711 15.9009122053 37.9714388304
2040 6.62065608192 116.329538716 176.597713117 240.924176258 0.30490432529 0.899772254132 8.65617094912 249.214976214 336.467543118 2005.25085573 22 1671.98876159 39.5816225493 466.288081887 23.4183774507 15.011238412 38.5324568831
2064 6.2617578325 103.258378559 176.129685076 240.951248031 0.333547260213 0.648289143008 9.62264917477 248.444266391 336.076783019 1903.65260763 22 1672.80288112 39.6480816227 443.780229749 23.3519183773 14.1971188811 38.9232169824
2088 5.94900334422 92.2909666561 173.887232558 240.978267089 0.36201451688 0.290832828168 10.0525037525 248.316381814 335.755086104 1813.57767167 22 1673.51171473 39.7109942277 418.283566384 23.2890057723 13.4882852698 39.2449138973
2112 5.68263562836 85.7617866777 171.888863326 241.003422427 0.376715939976 0.887130596561 11.5124668831 246.220264153 335.313635157 1715.39471179 22 1674.11624548 39.7691611299 410.107841133 23.2308388701 12.8837545188 39.686364844
2136 5.4411774095 79.2480271633 169.148806946 241.028878693 0.395220243039 0.509076754269 10.9787602815 247.088064028 334.834583287 1632.25423634 22 1674.66102714 39.7881858474 396.873355574 23.2118141526 12.3389728624 40.1654167135
2160.0 5.22609064678 75.3799824006 171.298005353 241.053329395 0.4173163898 0.962980834796 5.57336376078 251.993009619 334.451571695 1555.57735651 52 1675.14894235 39.8410312674 378.978641229 23.1589687326 11.8510576505 40.5484283063
2184 5.04488901102 57.9218153147 155.424005696 241.075401439 0.410158134898 0.203466059278 4.73150150888 253.579472858 334.943720903 1542.67782115 52 1675.56852789 40.0988928049 350.92870567 22.9011071951 11.4314721096 40.0562790985
2208 4.89239003757 53.2428437746 149.835474134 241.094123917 0.404250749776 0.353228511363 4.29579836559 253.852598456 335.134800947 1523.75239624 51 1675.91529151 40.1913960969 328.478886678 22.8086039031 11.0847084907 39.8651990547
2232 4.75385874275 50.1658764111 149.800159453 241.111554827 0.406544348073 0.57494837221 4.93071067825 252.976241774 335.050372796 1501.14306086 50 1676.2288122 40.2447508139 305.234728087 22.7552491861 10.7711877973 39.9496272055
2256 4.62247685273 49.5418563382 147.551042519 241.12883716 0.41642308697 0.71004829159 5.44478660956 252.299904851 334.928496079 1473.81023041 50 1676.52438271 40.2319509773 285.767538883 22.7680490227 10.4756172904 40.0715039226
2280 4.49869365808 46.2034476523 149.069257558 241.146078352 0.431390805407 0.869330902383 4.55205549031 253.00114445 334.693745055 1441.70358864 50 1676.80457669 40.2956538855 268.583834823 22.7043461145 10.1954233109 40.306254946
2304 4.3824249777 44.67323983 148.819300645 241.163390535 0.450804122122 0.986897545779 1.35616795551 256.042739841 334.472665766 1407.38530621 50 1677.06680343 40.3116141547 252.457827136 22.6883858453 9.93319657213 40.5273342356
2328 4.27321020039 42.6226639846 147.783588273 241.180774301 0.460040945596 0.0791578917541 5.87241359954 252.407613262 334.264632017 1372.373589 47 1677.31371336 40.3544275271 239.035997591 22.6455724729 9.68628663583 40.7353679839
2352 4.17285145241 41.0812437716 147.627216801 241.196976915 0.450088533015 0.256024275742 4.70998602073 253.386924255 334.017042497 1336.11164523 46 1677.54101127 40.4021738596 227.036970097 22.5978261404 9.45898873131 40.9829575045
2376 4.07757242488 38.9758764255 146.396879617 241.212488552 0.446163070177 0.396258811224 3.34564292794 254.599446638 333.840813723 1301.87626332 45 1677.75642073 40.4507761492 217.261872349 22.5492238508 9.24357927318 41.1591862783
2400 3.98735596764 38.2960298236 145.537302826 241.227455487 0.446475223885 0.515995161613 3.73007763015 254.079996496 333.541179003 1265.22876303 45 1677.96002869 40.4671057669 208.478457236 22.5328942331 9.0399713096 41.4588209986
2424 3.89746425936 39.4789870644 144.844474163 241.242791747 0.450817685535 0.613727965412 3.31085094462 254.381811657 333.208670045 1227.24919047 44 1678.16142705 40.3940665386 198.661419096 22.6059334614 8.83857295093 41.7913299567
2448 3.80964315318 35.4306697641 146.158478478 241.258312119 0.457548485527 0.681715892976 1.93819561495 255.664227887 332.858232723 1187.42319048 43 1678.3608048 40.5051972358 190.751959288 22.4948027642 8.63919520016 42.1417672787
2472 3.72962565053 35.4223415817 145.832577749 241.273005669 0.465758630081 0.761171834397 3.93436598339 253.565697882 332.507458558 1145.05557043 42 1678.54124474 40.4886830033 187.369607605 22.5113169967 8.45875525585 42.492541443
2496 3.65082528465 33.7719116919 144.71166359 241.288093889 0.47685279204 0.863470905914 1.92341691729 255.448165495 332.212301219 1108.28956879 42 1678.71934216 40.5313809454 181.529737318 22.4686190546 8.28065783809 42.7876987824
2520 3.57634841694 32.1343645227 145.229054229 241.303027681 0.489551839552 0.936892130346 4.67696487387 252.593563475 331.865795415 1071.17449042 42 1678.88801722 40.5908653856 175.21906576 22.4091346144 8.11198278245 43.134204586
2544 3.50664309064 30.3472350189 143.720278433 241.317687357 0.503791467265 1.0157789447 3.05555192735 254.107190303 331.655963936 1039.45754645 41 1679.04634221 40.6778819464 168.496605522 22.3221180536 7.95365779201 43.3440360648
2568 3.4394089677 29.5405239693 143.484329799 241.33215069 0.491795896184 0.0926874608131 4.39161768343 253.691748268 331.326511376 1003.43533552 41 1679.19822277 40.6998116192 165.20561101 22.3001883808 7.80177723305 43.6734886253
2592 3.37544926937 29.9227181507 141.96963053 241.345860322 0.48277533895 0.237886888366 4.35651320082 253.57696425 331.037771665 969.358684111 41 1679.34240596 40.6807122159 163.162228082 22.3192877841 7.65759404111 43.9622283365
2616 3.31329631284 28.0454280976 142.436691804 241.359236366 0.477240777447 0.325861246535 4.35405926753 253.483602342 330.76392694 940.005954105 41 1679.48323172 40.7448075712 158.445172031 22.2551924288 7.51676828315 44.2360730612
2640 3.25284287784 28.5676186339 142.078161129 241.372372291 0.474271726558 0.399919626403 1.30612399235 256.447312363 330.411366909 907.471416635 41 1679.61920541 40.6923949513 155.079313146 22.3076050487 7.38079459082 44.5886330921
2664 3.1916879829 28.2046356532 142.938541501 241.385850043 0.472849388115 0.462408094523 4.49421518928 253.184677284 330.040038277 873.985364123 40 1679.7570004 40.6743819038 151.026315669 22.3256180962 7.24299959656 44.9599617248
2688 3.13477831473 26.0381256419 143.593485493 241.398621796 0.474111047501 0.562024809499 3.21920988771 254.346032459 329.794064561 844.358308469 40 1679.88666975 40.8035617578 147.289288694 22.1964382422 7.11333025014 45.2059354401
2712 3.08191632321 25.0015797135 144.151090922 241.410749687 0.47689443183 0.606596311268 2.67005175355 254.835707816 329.464865414 815.690387924 40 1680.00656005 40.863422148 142.83176038 22.136577852 6.99343994881 45.5351345874
2736 3.02989468456 24.925164722 143.849890002 241.422974468 0.480683054226 0.642722226552 3.14060771877 254.313012532 329.112360108 785.136292794 39 1680.12377141 40.8358838314 139.645148368 22.1641161686 6.87622859458 45.8876398929
2760 2.97964864312 24.3883781365 142.023557947 241.43508676 0.485219941688 0.682913987535 1.48408375394 255.912695556 328.946246533 761.34340484 38 1680.23742011 40.8559342025 135.699566288 22.1440657975 6.76257989304 46.053753468
2784 2.92926735676 24.8389824956 142.818475764 241.447565408 0.490522047308 0.706518872221 0.984872908167 256.370520764 328.495597448 728.889468033 37 1680.35069171 40.7871548132 134.907426195 22.2128451868 6.64930828903 46.5044025537
2808 2.87912825168 24.2325950689 139.348816284 241.460345581 0.496747068328 0.765225377798 2.49327760054 254.784404372 328.358960727 706.464677463 37 1680.46409233 40.8093470259 132.285657906 22.1906529741 6.53590767454 46.6410392744
2832 2.83171023041 23.2264678753 139.095145703 241.472807788 0.503983772492 0.807274733259 1.77770365563 255.43823005 328.145535306 684.755139436 37 1680.57174685 40.87369915 129.817422728 22.12630085 6.42825314844 46.854464695
2856 2.78631146138 22.746547831 140.530155631 241.485117338 0.511610667641 0.83547623193 0.916580168465 256.251215593 327.861510504 660.833561574 36 1680.67446832 40.8905154222 127.538232306 22.1094845778 6.32553168056 47.1384894976
2880.0 2.74181101175 22.7397778301 139.755135694 241.497569378 0.519732339797 0.869777944522 3.01679164642 254.09612869 327.599845433 639.805624971 66 1680.77492331 40.8652175682 124.418403422 22.1347824318 6.22507668797 47.4001545687
2904 2.69998506899 21.3285613189 137.37444548 241.509648133 0.52791683392 0.880359249088 0.883330384154 256.198745398 327.5243444 625.808227981 64 1680.87037766 40.9887995069 121.473567051 22.0112004931 6.12962233633 47.4756556014
2928 2.65863282243 21.2296010236 136.728330239 241.521964359 0.536123152958 0.909181442139 4.7360588727 252.296672172 327.357669999 610.173077429 64 1680.96372664 40.9686097476 118.689187161 22.0313902524 6.03627335559 47.6423300022
2952 2.61958976328 20.5205041948 136.124357171 241.533957881 0.54503417379 0.981145987885 4.25328755201 252.686574404 327.241143882 596.844089899 64 1681.05239158 41.025700675 116.052918581 21.974299325 5.94760842272 47.7588561201
2976 2.58191859271 20.0663431182 136.723091398 241.545828941 0.54263206605 0.0470996226934 2.69678015545 255.167659214 327.05002413 581.923789241 63 1681.13772933 41.051846714 113.552848859 21.948153286 5.86227067125 47.9499758716
3000 2.54533324359 19.7415382845 135.768475712 241.557338538 0.533078277088 0.139150950402 4.02784647542 253.742585758 326.924630331 568.416967184 63 1681.22055165 41.0658727145 112.165242361 21.9341272855 5.77944834885 48.0753696703
3024 2.50911866176 19.670123602 136.984884116 241.568712947 0.52556430065 0.219527431351 4.39924835343 253.286946967 326.709445276 553.366114297 60 1681.30231005 41.0423740338 109.873568011 21.9576259662 5.69768994607 48.2905547253
3048.0 1002.47427148 19.0700775527 135.571315986 241.579677517 0.51999701539 0.285925481758 2.66063925581 254.953760729 326.604369221 540.779042715 58 1681.38142973 41.0964767731 108.682072299 21.9035232269 5.61857027237 48.3956307805
3072 602.856625739 2608.8848956 134.621107644 242.570154482 2.38533431141 11.5684002599 63.4072740458 180.0688369 320.017742891 5804.36687746 58 1033.11527062 41.9130274217 41.5988409977 21.0869725783 653.884729384 54.9822571101
3096 360.925831716 2830.93282995 151.98721993 245.286487789 2.29099733127 13.9794705422 60.1240149402 178.319029397 329.820666906 9400.41181695 58 1183.99128083 40.4837388705 53.0171227558 22.5162611295 503.008719171 45.1793330954
3120 241.208820031 2534.67652087 161.150728034 247.20895069 1.8914163122 13.7580012554 48.4755022432 188.666129498 338.183351308 12020.1214801 58 1298.19017421 40.0267943278 59.5972989383 22.9732056722 388.809825794 36.8166486932
3144 176.676209418 2135.31680932 165.929946426 248.312441919 1.25813603001 4.82669418886 32.6157231614 212.9870047 344.556370377 13994.6430637 58 1376.9783759 39.8424070768 70.7038361136 23.1575929232 310.0216241 30.4436296243
3168 138.682308207 1800.01577297 170.94683533 248.869543191 1.17605604397 4.39143097241 33.8164819203 211.746487871 349.266549439 15520.9711559 57 1430.68795103 39.7626266857 74.8936831576 23.2373733143 256.312048976 25.7334505624
3192 114.200421215 1519.61049439 174.500984165 249.145171016 1.15394511647 2.75485538323 27.1802000235 219.76582846 352.755272176 16770.3763949 56 1468.61691969 39.7340294069 75.7584423278 23.2659705931 218.383080315 22.2447278251
3216 97.276806463 1346.94416585 173.542251699 249.277385974 0.736440598851 1.10734003222 25.5398690816 223.338964312 355.067636901 17753.5197053 56 1496.38941425 39.6957635672 93.5197102977 23.3042364328 190.610585749 19.9323631009
3240 84.710433632 1210.22597868 175.643034491 249.443624707 0.936647482392 2.09958791726 17.2942298286 230.225910063 356.767250417 18579.5946682 55 1517.92469509 39.665954819 92.4270334371 23.334045181 169.075304915 18.2327495849
3264 75.0446829644 1100.72302645 175.192158477 249.601055801 0.317135435589 2.33712182542 19.5663282654 228.178358671 358.103819531 19266.862102 52 1535.04928138 39.640576718 96.9888300217 23.359423282 151.950718621 16.8961804703
3288 67.3417387071 1006.46371919 174.791986496 249.669762464 0.501932776945 1.02330036614 14.0384726244 234.766531767 359.171174638 19836.869526 52 1549.06325546 39.623974925 110.945280265 23.376025075 137.936744544 15.8288253631
3312 61.0210500075 944.281061168 176.557206248 249.748584798 0.559520017798 0.886881104697 12.8270088178 235.97800526 359.924637349 20302.8351782 51 1560.78669109 39.5947610933 121.328635819 23.4052389067 126.21330891 15.0753626522
3336 55.7302251435 878.069122632 176.795418864 249.828772696 0.619739812251 1.35824568098 10.4229033014 237.770338508 360.597364156 20700.6638158 50 1570.78745022 39.5760185814 134.1436222 23.4239814186 116.212549779 14.4026358458
3360 51.2619552261 824.735255891 177.464494187 249.909774487 0.643097046177 0.608220246132 9.88552817006 238.95338005 361.186907301 21050.4935431 50 1579.36684444 39.5615537953 127.399084329 23.4384462047 107.633155558 13.8130927007
3384 47.4612673274 773.821444562 179.119067568 249.983669843 0.628276746732 0.598227887242 8.54867297972 240.241152543 361.697736616 21336.9099631 49 1586.76230633 39.5522178849 129.716939329 23.4477821151 100.237693672 13.3022633851
3408 44.153362523 729.643206743 179.247755667 250.053127408 0.667366844357 1.41669855445 10.6065467581 237.256260434 362.109806983 21568.1959577 47 1593.26562822 39.5411692606 132.404793362 23.4588307394 93.7343717811 12.8901930189
3432 41.2224861795 719.854727756 181.770728322 250.124798732 0.719215542802 1.43125592448 9.88312660726 237.841603193 362.308366981 21711.5815334 44 1599.05994042 39.500675078 145.056973372 23.499324922 87.94005958 12.6916330207
3456 38.552616773 701.47100522 178.50811661 250.197322398 0.721285758917 0.406531982029 12.7301751169 235.944684743 362.516285225 21800.0114621 43 1604.3942116 39.4732081705 170.978464436 23.5267918295 82.6057883999 12.4837147767
3480 36.0990149456 691.969952563 187.958426146 250.267879917 0.705503775617 0.636584679573 10.6718041723 237.718227454 362.501977907 21822.9875676 42 1609.32078387 39.4285716134 190.097945283 23.5714283866 77.6792161287 12.4980220942
3504 33.8230904614 667.664474705 191.214783938 250.337188335 0.703511836644 0.482780811137 8.09939922865 240.377119787 362.595398392 21814.7593221 41 1613.94098135 39.4038780889 199.775664441 23.5961219111 73.0590186545 12.4046016091
3528 31.7426578885 655.118710045 190.60896284 250.404183377 0.714459747888 1.21986278657 12.0950554006 235.566438686 362.644954466 21748.7277011 41 1618.19143436 39.3733341787 212.95985328 23.6266658213 68.8085656409 12.3550455351
3552 29.8485181583 630.4939715 189.71665184 250.470020268 0.717160574051 1.01981217333 9.25580988973 238.537197094 362.800878743 21667.0303132 38 1622.09614084 39.3580095446 233.800381019 23.6419904554 64.9038591575 12.1991212583
3576 28.0597069227 642.711034495 191.004135243 250.537764788 0.733030853719 0.801119256989 11.5032331164 236.424851984 362.664491787 21493.7777591 38 1625.78243125 39.3117372846 258.901923163 23.6882627154 61.2175687535 12.3355082149
3600.0 26.4053688504 618.541534761 187.466181671 250.605034063 0.734251573565 0.700048981071 5.16841955726 242.792245824 362.785589921 21353.8766424 67 1629.23496723 39.2983708217 272.47117734 23.7016291783 57.7650327713 12.2144100802
3624 25.0776737872 463.97541059 180.735027622 250.662168199 0.747907359482 1.14497549459 7.30605328087 240.138895665 363.785906425 21485.0629549 67 1632.10511352 39.4488359244 206.326318129 23.5511640756 54.8948864833 11.2140935757
3648 24.0636036333 394.332537728 175.570577277 250.707723385 0.730155723826 0.756568153655 9.39054420689 238.41500853 364.430031756 21578.1900938 67 1634.28183447 39.5565863279 162.86454249 23.4434136721 52.7181655263 10.5699682453
3672 23.2071843522 357.558577255 173.38976433 250.747548251 0.727890399721 0.157595814097 8.98590079235 239.381064742 364.764527543 21639.1221746 66 1636.10605057 39.6159210412 136.594707287 23.3840789588 50.8939494312 10.2354724585
3696 22.4456674255 333.232056888 174.279922603 250.783402338 0.707107415482 0.419995889168 4.8533301278 243.236164228 364.963826099 21681.0928126 66 1637.72543175 39.6552524394 116.602721314 23.3447475606 49.2745682486 10.0361739018
3720 21.7449307473 322.605372055 173.763816118 250.81680244 0.698669970514 0.633760646279 6.17330264655 241.677464296 365.055518884 21694.1062605 66 1639.21075101 39.6577001591 104.325356479 23.3422998409 47.7892489921 9.94448111672
3744 21.0867913888 312.268524738 172.468369071 250.849014556 0.69999853385 0.80832081464 4.1781339763 243.464532118 365.147012526 21691.4450793 65 1640.60889971 39.6633289996 98.3281636954 23.3366710004 46.3911002868 9.852987475
3768 20.4731309898 298.441471145 173.455238542 250.880172945 0.707795823403 0.971174475351 6.74116474034 240.699692015 365.246446351 21684.7323452 64 1641.91755426 39.6833526535 92.6043344952 23.3166473465 45.0824457418 9.75355365033
3792 19.8975464672 287.177336287 174.062204091 250.910316557 0.694044873609 0.179188539382 5.90136307305 242.315086956 365.292675172 21661.86293 64 1643.14442634 39.6866367859 91.9673107149 23.3133632141 43.8555736644 9.70732482957
3816 19.3630811154 274.501565181 175.145550163 250.938296863 0.677490062501 0.365881484745 4.63854796675 243.379783622 365.376849795 21641.0374215 64 1644.28869372 39.7080092445 88.7320969735 23.2919907555 42.7113062829 9.62315020643
3840 18.8599764208 265.037970885 175.253552472 250.964859386 0.669146093582 0.558046581152 5.00774466063 242.800203278 365.433699703 21612.941812 63 1645.36561241 39.7181765692 83.837800931 23.2818234308 41.6343875929 9.5663002982
3864 18.3811229795 262.151593809 178.206750858 250.990622875 0.667262099848 0.67073994255 3.29141993222 244.379955149 365.435389092 21559.8516928 62 1646.38986759 39.7094997585 84.5029409173 23.2905002415 40.6101324151 9.56461090946
3888 17.9188276526 258.8664359 177.014988485 251.016145361 0.669368295164 0.77144599609 2.49534858583 245.04769176 365.436103492 21505.8244015 61 1647.37906197 39.6941707958 79.0420127896 23.3058292042 39.6209380292 9.56389650924
3912 17.4734015615 255.007345538 175.693787298 251.041515067 0.675000543367 0.874093169909 1.57239840711 245.836992812 365.440606526 21429.6195156 60 1648.33412797 39.6831875409 87.9246106281 23.3168124591 38.6658720316 9.55939347553
3936 17.0461958523 249.815833868 175.162689373 251.066725404 0.683411206801 0.962182105376 6.51329236327 240.774388919 365.455865677 21359.9057175 60 1649.25263746 39.6816766595 85.736685481 23.3183233405 37.7473625457 9.54413432386
3960 16.6370296388 243.554935762 175.460316923 251.091440628 0.668161498726 0.142243627688 5.17178873036 242.926365515 365.473461117 21282.8041341 60 1650.13437749 39.6859418642 83.6292379444 23.3140581358 36.8656225133 9.52653888371
3984 16.2442424606 239.163277664 175.658818016 251.115083643 0.652205267111 0.292608511096 5.74445817086 242.195644406 365.470600617 21192.824253 60 1650.98049568 39.678995644 86.3971650206 23.321004356 36.0195043225 9.52939938438
4008 15.8691226638 231.700679252 175.1959679 251.137756555 0.64249196021 0.421444115477 3.14699249699 244.651314871 365.49933674 21107.0942426 59 1651.79140635 39.6885208099 86.1013044015 23.3114791901 35.2085936509 9.50066326169
4032 15.5143827222 224.24434258 174.353573072 251.159429619 0.636020929415 0.469260465431 1.42303114694 246.312257838 365.53456202 21021.3078239 58 1652.56003562 39.704828177 84.2926914865 23.295171823 34.4399643793 9.46543798079
4056 15.171840272 219.949941492 173.542959437 251.180651107 0.631830488038 0.545718430558 2.53102207032 245.110777903 365.529771648 20924.2338067 58 1653.30074829 39.7001812795 85.5601139101 23.2998187205 33.6992517152 9.47022835284
4080 14.8398270424 216.712689382 172.762737049 251.201583411 0.629950870602 0.616706059685 1.56886585046 245.982893807 365.522913667 20824.7797924 58 1654.01953816 39.6971925856 82.1938596469 23.3028074144 32.980461841 9.47708633387
4104 14.5220286665 212.669175337 174.376217799 251.222040219 0.630275670827 0.668716979225 3.46064325364 244.018323876 365.49506307 20715.0178843 58 1654.70830541 39.6909808775 83.2903611657 23.3090191225 32.2916945952 9.50493693077
4128 14.2126580103 209.818588925 174.110684835 251.242434837 0.63312770929 0.771706100646 2.19988254134 245.152848811 365.465052972 20599.4704897 57 1655.37878555 39.6807189983 82.6041360262 23.3192810017 31.6212144531 9.53494702927
4152 13.9118674633 205.964416969 173.008514743 251.262830637 0.638522165479 0.837708652437 1.95144210071 245.309496443 365.461064379 20480.0723997 57 1656.03256065 39.6824158944 82.2637103863 23.3175841056 30.9674393492 9.53893562178
4176 13.624314615 202.112291005 174.714236617 251.282935034 0.644961989227 0.860231386022 2.59911159039 244.612759999 365.44598322 20351.7001369 56 1656.65863616 39.6878182319 86.5260838567 23.3121817681 30.341363838 9.55401678104
4200 13.3447479764 198.586226906 176.826869451 251.303108343 0.652735292161 0.932922204307 2.0844333276 245.026800831 365.393873182 20216.4952113 55 1657.2667081 39.6823531852 88.5512716833 23.3176468148 29.7332918992 9.60612681965
4224 13.077082245 195.086878781 178.026040537 251.323083143 0.661977795079 0.98545927501 2.42994302431 244.599536761 365.369414353 20078.9053901 53 1657.84995112 39.6800152759 91.9601502763 23.3199847241 29.1500488833 9.63058564857
4248 12.8070064001 201.268414183 180.521192886 251.343764188 0.652905616542 0.0805608479562 2.9683143636 244.954454983 365.225569622 19912.9602478 53 1658.43474085 39.6291690534 96.0854410264 23.3708309466 28.5652591492 9.77443037931
4272 12.5386677377 197.985646782 179.205521718 251.364232039 0.63653432561 0.191346163343 4.61164636471 243.196241107 365.188475816 19752.1466928 52 1659.01999965 39.6243766197 98.3288198744 23.3756233803 27.9800003523 9.81152418499
4296 12.2864319121 189.211159661 178.139502465 251.383443821 0.624609384352 0.308560555748 6.91491790482 240.768468333 365.216271652 19597.5294803 52 1659.57425204 39.6602405021 104.528685443 23.3397594979 27.4257479638 9.78372834873
4320.0 12.0446253819 184.49765141 178.460070681 251.401953891 0.617859292037 0.472201149179 4.94621090253 242.561774765 365.180815726 19445.4250847 81 1660.10297334 39.6612265583 103.635050578 23.3387734417 26.8970266589 9.8191842756
4344 11.8190998615 168.716200653 173.488916384 251.419424667 0.614812811669 0.531063743461 1.81587454752 245.61882423 365.221339878 19323.240531 79 1660.60105259 39.7299887707 95.7452692915 23.2700112293 26.3989474082 9.77866012376
4368 11.6103139286 162.262202405 171.506096236 251.435835689 0.61310031668 0.577988279287 3.30698441737 244.066091297 365.25042173 19197.3617424 77 1661.05993904 39.7559607127 88.1773018574 23.2440392873 25.940060954 9.74957827167
4392 11.4112338882 156.896592271 170.681965252 251.451739161 0.613235817557 0.651856568895 2.54359625722 244.739572195 365.246784901 19065.534247 77 1661.49719894 39.7757158097 85.5651820767 23.2242841903 25.5028010566 9.75321510086
4416 11.2178348551 154.362534063 170.362045279 251.467479974 0.614766354188 0.691014178018 1.77032265288 245.456416841 365.210372486 18930.4507025 77 1661.92113108 39.7758029244 80.4463585445 23.2241970756 25.0788689164 9.78962751529
4440 11.0293143193 151.896268661 170.22348411 251.483136892 0.617211809783 0.748944707386 4.90258300267 242.248123588 365.173548178 18790.0718422 75 1662.33463694 39.7759594296 76.9584442826 23.2240405704 24.6653630542 9.82645182353
4464 10.848383273 147.428468923 171.367288913 251.498497272 0.621130975912 0.791290142154 1.91043105385 245.178650555 365.149858565 18648.4496843 72 1662.73261427 39.7928812187 74.0766176863 23.2071187813 24.2673857255 9.85014143687
4488.0 1010.67340535 144.944626846 171.731870849 251.513699493 0.625428833395 0.805288265546 0.869832453182 246.185750955 365.10888832 18501.0820012 70 1663.11711644 39.7970645698 73.4666574158 23.2029354302 23.8828835599 9.89111168138
4512 834.272608994 3297.39515 155.422972169 251.706897015 0.808192156747 2.71392229347 24.1989195098 220.572069026 349.424128846 23918.1595606 69 951.189263196 42.1182919945 31.246105542 20.8817080055 735.810736804 25.5758711556
4536 635.736997619 3951.4179206 159.867274764 251.997503047 0.740711217786 7.80056104381 36.2277736061 203.233451086 348.979243887 28400.8966123 68 1025.23669915 40.900124726 42.4174852491 22.099875274 661.763300854 26.0207561148
4560 492.002826803 3911.34443412 164.680938827 252.287573318 0.888428063658 6.94647684891 31.6212117114 208.256310059 351.431703419 32328.0225195 68 1100.04070348 40.4254241881 51.4827194517 22.5745758119 586.959296518 23.5682965819
4584 393.188847638 3641.23576332 169.652690968 252.584365161 1.21080392292 3.96797465306 28.6812109703 213.555645293 354.229126848 35768.1886575 67 1166.55158059 40.1816780998 39.9964457854 22.8183219002 520.448419405 20.7708731532
4608 324.080395448 3337.88793309 172.78050929 252.830402206 1.1532372906 4.2916081787 25.9242327794 215.800519546 356.637191061 38728.5493675 65 1222.91163301 40.031340998 56.2005714448 22.968659002 464.088366992 18.3628089404
4632 274.209442384 3057.62258004 174.357010805 253.169398561 1.48338891242 3.18826044348 21.6969096678 220.462042415 358.642566847 41326.4580469 63 1269.92639535 39.9307174271 65.2933509135 23.0692825729 417.073604651 16.3574331546
4656 236.817868436 2824.38666883 174.728038516 253.375380201 0.987033472357 0.892943851464 19.2084128234 225.536229652 360.22765423 43601.2287647 61 1309.3133295 39.8528982372 73.2460529246 23.1471017628 377.686670501 14.7723457709
4680 207.833734461 2620.72219577 176.040484556 253.567915441 0.0792621302749 3.22450763581 17.7762378329 225.352076961 361.483955029 45609.1919382 58 1342.64069491 39.7894453683 72.8871743535 23.2105546317 344.359305089 13.5160449725
4704 184.758458699 2452.37104673 177.135302353 253.612270083 0.363652707492 1.59302565873 14.5092271701 229.92182438 362.500240868 47348.0437652 58 1371.1263464 39.7366432761 91.7774348228 23.2633567239 315.873653596 12.4997591334
4728 166.005782634 2295.2705652 177.986639285 253.685820442 0.56195698687 0.736478420806 13.8831227803 231.13262137 363.362277114 48925.1388955 57 1395.6770038 39.6929145851 94.1796459125 23.3070854149 291.322996201 11.637722887
4752 150.547999747 2146.37126049 177.594301578 253.776237687 0.708264191214 2.40474201165 9.85220887378 233.258547236 364.137753651 50344.4806489 56 1416.94815546 39.6632019459 94.3777821163 23.3367980541 270.051844543 10.8622463503
4776 137.665604725 2007.06906251 179.277829873 253.884673952 0.875439021957 1.80607389016 13.1461226917 230.287690444 364.810371382 51621.7659656 56 1435.42843469 39.6414392909 104.115990024 23.3585607091 251.571565306 10.1896286194
4800 126.78084849 1887.55526647 179.65159433 254.002105252 1.01369492891 1.14300426809 13.9887921439 229.852403408 365.384279557 52794.1411018 56 1451.59802474 39.6211303517 99.1763545619 23.3788696483 235.401975255 9.61572044407
4824 117.523270304 1767.18294291 179.715459154 254.027057017 0.154617862379 1.35084384737 6.02736945177 238.440111821 365.937517675 53866.2129106 56 1465.78750987 39.6130277531 110.888970454 23.3869722469 221.212490125 9.06248232651
4848 109.534139016 1678.89628631 182.714732026 254.04721038 0.227300110853 1.20577341942 9.99270355173 234.527012538 366.359701942 54853.1438968 54 1478.33836674 39.5961455015 109.020147485 23.4038544985 208.661633258 8.64029805987
4872 102.530781086 1601.59399956 180.669871939 254.073970014 0.294023771504 0.0976646683513 6.27688704481 239.257454501 366.718345591 55740.9633865 54 1489.59073741 39.5787224164 114.83356664 23.4212775836 197.409262587 8.28165441038
4896 96.3289321173 1532.26595154 182.504906523 254.101399945 0.299414051278 0.606942829605 8.14778639998 236.844456774 367.044005193 56548.1705084 54 1499.76340664 39.5652432199 121.152665152 23.4347567801 187.236593363 7.95599480848
4920 90.8396463841 1459.78333732 181.917638738 254.129652845 0.350159846487 1.17407675021 8.38848053393 235.957630024 367.349741817 57323.038561 54 1508.93457625 39.5546259718 109.038343743 23.4453740282 178.065423754 7.65025818459
4944 85.9518274192 1393.90765945 180.567536497 254.161539684 0.406035624673 0.793779090911 7.25088144254 237.387764158 367.639277561 58020.1979106 54 1517.2379618 39.5481691888 112.444909104 23.4518308112 169.762038196 7.36072244002
4968 81.576355938 1332.63814578 180.326556824 254.194881174 0.440143088605 0.285103263108 8.29798492945 236.781887545 367.90549736 58671.8224196 53 1524.7803652 39.5433744177 122.975159521 23.4566255823 162.219634798 7.09450264182
4992 77.5817564788 1302.59680539 181.484758219 254.228299397 0.455893795664 0.0540146851997 13.0898681882 232.171923934 368.053407344 59249.5170808 53 1531.7387884 39.5208944399 124.967419353 23.4791055601 155.261211597 6.94659265783
5016 73.9348058119 1247.22828136 183.479842445 254.260828584 0.452043754454 0.656024551658 7.51652671058 237.114576399 368.255962519 59794.0005028 51 1538.18478044 39.5152305224 125.362062646 23.4847694776 148.815219557 6.74403748208
5040.0 70.6160167417 1191.35004322 182.600270577 254.292818452 0.481937427859 1.14284396997 9.25320462256 234.829195528 368.456190002 60302.2940147 81 1544.11809165 39.5137287234 135.864992047 23.4862712766 142.881908347 6.54380999968
5064 67.7540775371 1047.30431109 178.953343627 254.323078043 0.486087325603 0.488746774938 3.67519133229 241.026896525 368.909604047 60982.3641396 81 1549.34332264 39.5877238135 89.3988530022 23.4122761865 137.656677357 6.0903959542
5088 65.2917877118 965.661258332 178.035898596 254.350177193 0.491918169925 0.69778510297 3.77231273597 240.687806799 369.223029126 61597.1793239 80 1553.85424242 39.6313457099 68.2977188274 23.3686542901 133.145757582 5.77697087587
5112 63.0849056076 918.311040314 176.461819246 254.375883019 0.506025492386 0.849028912453 3.99392629337 240.275136283 369.426057596 62167.2876685 80 1557.91099882 39.6489381716 57.2215387357 23.3510618284 129.089001181 5.5739424059
5136 61.0562997869 881.437630863 176.278543343 254.401161292 0.526583752391 1.03394396955 5.50308190261 238.535229083 369.573775533 62702.8852273 80 1561.65905396 39.6573868554 53.7357546304 23.3426131446 125.340946032 5.42622446846
5160 59.1829962835 848.255948249 176.647958094 254.42548993 0.513729615269 0.310814336504 5.37008713127 239.379878988 369.707707167 63219.8722274 80 1565.1414927 39.6646523453 48.9538121314 23.3353476547 121.858507295 5.29229283457
5184 57.4427852869 818.571356178 176.35986599 254.448370355 0.510338447201 0.55430406496 4.79495369595 239.692033437 369.832694485 63717.232048 77 1568.39479696 39.6711505818 44.6545338132 23.3288494182 118.605203038 5.16730551689
5208 55.8183340888 800.373832711 176.435754283 254.470445591 0.517422617629 0.798234835573 6.76328807686 237.450608879 369.929373639 64183.0704286 76 1571.44464172 39.6677876878 44.2835225132 23.3322123122 115.555358277 5.07062636276
5232 54.2789770067 781.689558296 176.48328996 254.492453775 0.532917649584 0.969932915362 4.58441418894 239.420281471 370.007236283 64620.3002636 76 1574.34810683 39.6628990753 48.2373927558 23.3371009247 112.651893164 4.99276371889
5256 52.8262980053 762.205061582 175.888096642 254.514236104 0.528863430328 0.110666848096 5.21767565213 239.628557966 370.089466094 65042.4269292 76 1577.10259276 39.6603686358 50.0308074635 23.3396313642 109.897407238 4.91053390768
5280 51.4552655517 745.328657412 176.165360295 254.534823723 0.5162148974 0.277667035787 3.52192729822 241.149367045 370.167079577 65450.7134913 75 1579.71454707 39.6578910731 44.437972142 23.3421089269 107.285452927 4.83292042451
5304 50.1546847303 732.530127393 176.849870369 254.554496401 0.509064634678 0.383154178465 4.67952066887 239.873764117 370.231359262 65824.5106477 72 1582.20171686 39.6513655441 48.068948312 23.3486344559 104.798283137 4.76864073993
5328 48.917086857 715.551349247 177.567346024 254.573521628 0.506946733067 0.493027560941 1.58841554261 242.838088536 370.300298269 66190.449951 71 1584.57970789 39.6498509102 45.1275083265 23.3501490898 102.420292105 4.69970173294
5352 47.7370289607 703.976369956 177.538738572 254.592092954 0.507519893034 0.579860772765 6.32814744686 237.992378934 370.350956649 66522.5543976 69 1586.85412293 39.641987664 51.3864350026 23.358012336 100.145877063 4.64904335277
5376 46.6075189792 694.00454086 180.066738413 254.610409712 0.513379531343 0.744439992007 2.7224459877 241.409324778 370.391748863 66833.6613444 68 1589.03917437 39.6330701068 55.6983873849 23.3669298932 97.9608256228 4.60825113887
5400 45.5300675796 680.324783165 178.302658752 254.628576071 0.522553399825 0.810206915068 3.09951411096 240.939149504 370.450463114 67138.316081 68 1591.13278156 39.6295232586 59.1422104171 23.3704767414 95.8672184361 4.54953688809
5424 44.4920576038 676.072817936 176.792037657 254.646841539 0.533966103588 0.916750315266 5.26703856169 238.635403481 370.487756254 67415.0974858 67 1593.15388039 39.6155465647 63.7503759717 23.3844534353 93.8461196027 4.51224374786
5448 43.4916546748 669.105313582 176.710491958 254.665301392 0.548925199707 1.04523544717 6.26063568687 237.479902275 370.526413339 67675.2613417 67 1595.10973167 39.6068146915 67.7585785403 23.3931853085 91.8902683305 4.47358666302
5472 42.5376701547 646.773375545 179.05443842 254.683793104 0.555849818458 0.200085831931 6.01782342261 238.542447823 370.584211106 67940.6450505 67 1596.98482078 39.6132609647 65.8111830694 23.3867390353 90.0151792191 4.41578889524
5496 41.6304718373 635.672034778 178.703889033 254.701617147 0.547749816835 0.409270886939 7.48483621677 236.856525933 370.63818071 68188.3330681 66 1598.77188901 39.6123976959 63.4348167214 23.3876023041 88.2281109834 4.36181929185
5520 40.7632218455 623.418255027 178.955205418 254.718869166 0.545452080538 0.518169450474 2.95074096047 241.266768343 370.688286412 68424.4041757 64 1600.48512369 39.6115383808 62.1294793301 23.3884616192 86.5148763077 4.31171358922
5544 39.9268299546 620.29849456 178.454853252 254.735830742 0.545731842285 0.5844827633 3.37681728816 240.757137364 370.710943168 68628.1979518 63 1602.13952694 39.599253328 68.0671823528 23.400746672 84.860473053 4.2890568339
5568 39.1178474989 610.243945767 176.985460539 254.752618366 0.548119900577 0.655875867957 2.69018956232 241.353196304 370.749558017 68828.9450962 63 1603.74568957 39.5947275955 72.3852966687 23.4052724045 83.2543104259 4.25044198506
5592 38.34028643 596.946783332 178.51897142 254.76918616 0.552517731949 0.736158456111 3.83588583472 240.106251818 370.789643961 69021.2213855 63 1605.29496289 39.5963957243 74.8748958667 23.4036042757 81.7050371094 4.21035604072
5616 37.5928235913 593.385162454 180.0890422 254.78558928 0.558587864999 0.789688537746 1.88693340863 241.979200909 370.812768119 69193.3621501 62 1606.78601931 39.5873052817 74.6424763405 23.4126947183 80.2139806832 4.1872318831
5640 36.8682498676 592.084430279 179.412472699 254.802001089 0.566033942352 0.848704900656 2.83938023611 240.943879832 370.827659568 69347.6873841 60 1608.23350547 39.5711911368 78.7321441157 23.4288088632 78.7664945315 4.17234043415
5664 36.1638096896 584.235859244 182.558244592 254.818506416 0.574959309279 0.911909224207 3.71542660863 239.979198442 370.849004032 69488.0439208 59 1609.64623171 39.5667504778 84.5701910156 23.4332495222 77.3537682843 4.1509959697
5688 35.4711131082 582.679082076 183.36204026 254.835333338 0.585227820522 0.949731559596 1.65423032267 241.975476959 370.848442346 69599.5276597 58 1611.03576145 39.5495722217 93.3440848252 23.4504277783 75.9642385437 4.15155765566
5712 34.8078233569 566.999231264 181.063029976 254.852055061 0.595574133379 0.0222326869469 5.35283873731 239.177299382 370.904597716 69734.5404018 58 1612.37541621 39.5601127422 90.7807802351 23.4398872578 74.6245837874 4.0954022852
5736 34.1659548574 573.308493219 181.252848548 254.868475191 0.581254579028 0.131647301383 4.95528676443 239.463336164 370.903109486 69830.5925022 55 1613.66815071 39.5356360081 91.7920253335 23.4643639919 73.3318492906 4.09689051613
5760.0 33.5301568402 564.553203793 181.194832914 254.884687992 0.56990110358 0.205026344163 3.68449965035 240.65588491 370.912938775 69915.9391114 84 1614.95353354 39.5270698795 95.3491569441 23.4729301205 72.0464664577 4.08706122713
5784 32.9437892822 522.329073978 178.12386594 254.899649706 0.561138944787 0.264658096543 3.01814150555 241.256411747 371.0217118 70076.8145861 83 1616.15387002 39.582763456 77.4483445979 23.417236544 70.8461299774 3.97828820195
5808 32.4007008152 496.164814445 176.846736604 254.913553618 0.554319505385 0.311510015288 3.00045129409 241.220165567 371.100322872 70225.5375518 83 1617.26303538 39.6136122346 66.3221099339 23.3863877654 69.7369646141 3.89967712966
5832 31.8885475994 482.21348811 176.289100908 254.926737668 0.549136587795 0.353294778171 1.73702268524 242.433808281 371.148634608 70363.3363845 83 1618.30810996 39.6266099393 57.3436471223 23.3733900607 68.6918900416 3.8513653941
5856 31.3974623198 471.672654487 176.586052177 254.939473279 0.545245391571 0.405530294394 0.298390187096 243.811360848 371.181582834 70489.6380133 83 1619.31074959 39.633261238 51.5075404407 23.366738762 67.6892504094 3.81841716845
5880 30.9247712823 463.293208627 176.131767462 254.951845337 0.542352601472 0.440915693267 1.76285528375 242.302031084 371.215191173 70604.0984703 80 1620.27712336 39.6373958962 52.4277500109 23.3626041038 66.7228766384 3.78480882948
5904 30.4669357104 455.005608511 177.289489572 254.963958117 0.540622743904 0.487366987107 3.10908029318 240.898971859 371.239846924 70715.9059018 79 1621.21442513 39.6420211633 47.1768916406 23.3579788367 65.7855748656 3.76015307856
5928.0 1030.02198396 451.860146734 177.240751408 254.975879589 0.539922632403 0.520253752387 0.405085231711 243.558858794 371.255709466 70808.7015791 79 1622.12558542 39.6361107678 49.3273835544 23.3638892322 64.8744145824 3.74429053642
5952 956.101873931 3680.56907996 159.334267663 255.036987873 0.566226410571 1.15152000917 9.18661720273 234.058648504 364.608818881 76299.9687152 79 919.47342869 42.1579736371 21.5518807364 20.8420263629 767.526571312 10.3911811219
5976 850.113467016 4571.39044942 161.667847943 255.14233653 0.682643287048 1.62218584043 19.6385696774 222.914264665 363.002370226 81208.8035711 78 949.033873304 41.1918116303 32.256071602 21.8081883697 737.966126699 11.9976297764
6000 751.145228806 4760.65928248 165.662402105 255.276300705 0.763215000521 1.71535275917 18.1219641964 224.123167338 363.113437758 85885.772352 78 982.171908407 40.8233286873 30.6758012357 22.1766713127 704.828091596 11.8865622442
6024 666.929984565 4702.92009308 167.531666325 255.423112357 0.910029394578 1.57712823812 14.0098196959 228.079910314 363.728201039 90309.5021664 75 1015.40199177 40.6163553588 39.1108533143 22.3836446412 671.598008237 11.271798963
6048 596.612023152 4556.76349631 169.014598191 255.574992456 0.89733944843 1.14369516611 15.1700882163 227.213884712 364.435190144 94508.2508661 75 1047.43641064 40.4731846979 33.7561740036 22.5268153021 639.563589364 10.564809858
6072 538.020534705 4389.20541478 170.137079571 255.720928464 0.979142425965 1.56091436331 14.394997309 227.344017437 365.128914013 98458.8385769 74 1077.68530043 40.3652701621 38.2300711627 22.6347298379 609.314699569 9.87108598919
6096 488.740669815 4211.06697458 172.304067183 255.860592378 0.972124819621 1.47473201806 12.2197084255 229.472842358 365.754647743 102209.478497 74 1106.05466157 40.2783290203 38.9226144007 22.7216709797 580.945338429 9.24535225916
6120 447.029246835 4022.4264068 173.091143359 255.918995662 0.0911603577022 0.923538649285 14.3943921602 228.671913171 366.349269462 105774.517602 74 1132.47965631 40.2121678331 43.2746674114 22.7878321669 554.520343691 8.65073054063
6144 411.508984393 3859.87845773 174.046297783 255.940150346 0.267096301706 0.351826849667 14.2367877861 229.204138716 366.876124275 109155.593718 73 1156.9443849 40.1544944696 48.817830208 22.8455055304 530.055615099 8.12387572773
6168 380.800802395 3719.24889175 174.320514423 255.974584265 0.341317896104 0.476686260408 9.01672571797 234.19068586 367.311548096 112351.478641 71 1179.70580204 40.0968889167 47.924715342 22.9031110833 507.29419796 7.68845190639
6192 354.050308592 3580.14266918 175.778142936 256.013895454 0.373039143686 0.443053644054 11.4908094385 231.67920232 367.709883378 115384.804221 71 1200.89136132 40.0497989704 61.5803585922 22.9502010296 486.108638687 7.29011662481
6216 330.572873833 3465.16070512 176.92838027 256.054198849 0.409540921522 0.449737194531 11.3152979373 231.771225097 368.061286333 118276.692988 69 1220.6127053 40.0045710621 48.5269234636 22.9954289379 466.387294698 6.93871366895
6240 309.806350765 3339.69703369 176.608395226 256.095553195 0.441945084967 0.290172009064 9.11058527047 234.06174444 368.39271574 121011.410958 69 1239.01733149 39.968870814 49.2996163003 23.031129186 447.982668508 6.60728426235
6264 291.431116702 3215.191336 175.218731609 256.136643757 0.46336571153 0.224596371616 12.3811874897 230.794206669 368.708379636 123630.508357 68 1256.10967703 39.939902878 59.7616578396 23.060097122 430.890322972 6.2916203663
6288 274.915460898 3128.69702236 175.637601921 256.177406195 0.46615253105 0.286611663151 9.42460946877 233.645220141 368.946979663 126104.133792 66 1272.14166163 39.9024071308 55.2736653951 23.0975928692 414.85833837 6.05302033949
6312 260.139751124 3016.8572047 176.837995891 256.216251052 0.481301317107 1.02431826941 10.9516815262 231.326447835 369.215167075 128480.898089 64 1287.08585379 39.8805814677 63.6155220429 23.1194185323 399.914146208 5.78483292734
6336 246.724576784 2941.26642221 177.382260818 256.256789518 0.537703574538 0.520373784667 7.98788328202 234.69724984 369.407096154 130723.476382 62 1301.13909277 39.847412843 63.4080290776 23.152587157 385.860907229 5.59290384805
6360 234.522030287 2867.33596226 178.433523129 256.298024862 0.550336140797 0.903825226668 7.56173803983 234.68607573 369.600203153 132851.200288 62 1314.36563004 39.820662199 71.200170934 23.179337801 372.634369963 5.39979684909
6384 223.347867745 2797.6842392 177.869875723 256.338173818 0.537529734688 0.318980613747 6.45375428005 236.351561553 369.770892788 134890.367853 62 1326.85712429 39.7936970473 65.3008895543 23.2063029527 360.142875716 5.22910721458
6408 213.192988661 2706.07087942 177.114549007 256.375575479 0.53934266153 0.770130030962 6.40251555455 235.912436273 369.970866131 136860.144237 60 1338.55478797 39.7805064874 74.8754941773 23.2194935126 348.445212035 5.02913387093
6432 203.793351716 2670.82250502 182.947058452 256.41288138 0.567161605989 1.08972887165 3.00744740593 238.922780736 370.077400311 138676.41525 59 1349.64970383 39.746912018 85.2110599547 23.253087982 337.350296168 4.92259969099
6456 195.06124125 2611.90685006 180.55888204 256.449529352 0.551010727176 0.47328568518 5.14212415207 237.384050083 370.20319378 140438.557546 59 1360.22591544 39.7228700614 87.7305173702 23.2771299386 326.774084558 4.79680622287
6480.0 187.026059086 2531.02330705 180.718991726 256.484343548 0.555279218116 0.761251418992 4.78071539978 237.418410414 370.367496687 142160.509393 88 1370.20365116 39.7133683056 91.3814423436 23.2866316944 316.796348845 4.63250331536
6504 179.865579845 2307.98988677 177.787215109 256.517376155 0.573425276815 0.0643674162318 5.24656243596 237.598268715 370.676919738 144046.745056 88 1379.34374047 39.7636271876 43.6330576825 23.2363728124 307.656259531 4.32308026437
6528 173.546830233 2173.18891951 176.920265862 256.547562278 0.554934016978 0.374882071195 4.62070468918 237.901916944 370.916066903 145837.35459 88 1387.54521876 39.793038713 31.113706191 23.206961287 299.454781248 4.08393309887
6552 167.788782677 2093.25133394 176.178018121 256.57551948 0.551330875051 0.562747683677 4.46493476833 237.845467192 371.068939546 147555.990443 88 1395.12693703 39.7981652604 26.6396929567 23.2018347396 291.873062973 3.93106045602
6576 162.457846063 2031.87687704 175.914115464 256.602328234 0.557810937263 0.817991893633 4.6164354621 237.405433472 371.191227611 149220.087114 86 1402.2525512 39.7959923378 25.4786863023 23.2040076622 284.747448806 3.80877239164
6600 157.487851798 1982.20774333 176.266327381 256.628678657 0.574458408096 1.01831894474 5.40346252761 236.375081462 371.295157603 150830.510714 86 1408.99248832 39.7906632263 27.7313743927 23.2093367737 278.007511687 3.70484239953
6624 152.822144187 1933.82802238 176.019051625 256.654931674 0.58069389997 0.324819557427 8.64471189747 233.79484297 371.386176079 152398.434043 86 1415.40691976 39.7832486423 27.7451279866 23.2167513577 271.593080249 3.6138239236
6648 148.445057465 1887.27402302 175.957386805 256.680075806 0.57437062629 0.529395668463 5.7607750324 236.455382865 371.478262135 153922.557534 85 1421.50652617 39.7787935238 30.0674304884 23.2212064762 265.493473837 3.52173786767
6672 144.320648192 1853.54486901 175.979707694 256.704372845 0.576520309019 0.698015756908 3.60355665091 238.417534437 371.552555768 155395.19123 84 1427.32232126 39.7681779482 32.5397226439 23.2318220518 259.677678745 3.44744423446
6696 140.426345704 1810.75926865 176.823464023 256.728164239 0.583791631252 0.80758706793 4.24976658997 237.630690471 371.63280216 156834.159795 82 1432.88253364 39.7639764271 36.2079818522 23.2360235729 254.117466362 3.36719784203
6720 136.73694831 1785.80014341 177.202881247 256.751683028 0.59437544093 0.873503647208 0.706990232531 241.07344765 371.692338763 158219.500186 80 1438.204604 39.7508055841 36.842521052 23.2491944159 248.795396002 3.3076612392
6744 133.238590971 1744.68273687 177.714742986 256.775006319 0.605814421464 0.920200059061 1.94213837679 239.756840823 371.764826279 159582.735954 78 1443.31075215 39.7474592969 34.4608204312 23.2525407031 243.689247851 3.23517372347
6768 129.913544048 1722.30766116 178.061468594 256.798207179 0.618599973498 0.993016781814 2.88517476336 238.705001302 371.818989217 160880.774596 78 1448.20934053 39.7358362352 41.7268444776 23.2641637648 238.790659472 3.18101078504
6792 126.74565847 1693.17434483 178.714773468 256.821306085 0.621213653407 0.101488146919 3.57338029791 238.882611815 371.873331644 162156.456901 78 1452.92335718 39.7268506969 39.1594654058 23.2731493031 234.076642823 3.12666835803
6816 123.736401791 1658.71508156 177.234389208 256.84337904 0.604217184735 0.19716614217 4.10929101036 238.245946621 371.940512434 163403.611086 76 1457.4470999 39.7251436242 44.2349437171 23.2748563758 229.552900104 3.05948756858
6840 120.869319382 1628.50087185 177.9605791 256.864410849 0.592754186434 0.32630132887 3.35159898803 238.864934647 371.994214192 164615.323343 75 1461.79339875 39.7191852576 47.207717672 23.2808147424 225.206601253 3.00578580988
6864 118.13445542 1607.94510437 177.937467627 256.884627454 0.585806772379 0.451303980313 3.38802120273 238.69024059 372.04053613 165790.430697 73 1465.97310737 39.709520307 47.4661237458 23.290479693 221.026892636 2.95946387265
6888 115.507093856 1587.63207219 178.730698446 256.904342671 0.583801113485 0.591457324778 4.23658276684 237.683816123 372.082132617 166921.255961 73 1470.02134242 39.7001355141 50.7413491611 23.2998644859 216.978657584 2.91786738576
6912 112.994500601 1566.0542179 179.421148863 256.923631562 0.586345275857 0.719417664943 2.91509295337 238.855512543 372.125001238 168026.329093 72 1473.92425151 39.6921558613 51.4797849057 23.3078441387 213.075748496 2.87499876465
6936 110.586110036 1537.15072255 177.689877293 256.942662693 0.591817466805 0.79383123032 2.52891616074 239.142772448 372.175392865 169105.242942 71 1477.69568794 39.6889294838 57.0519493612 23.3110705162 209.30431207 2.8246071371
6960 108.277424614 1522.13264229 178.254342498 256.961505955 0.599503289714 0.880719609761 1.94838476356 239.609886381 372.210032864 170147.73459 69 1481.33418796 39.678141287 58.700517145 23.321858713 205.665812046 2.78996713862
6984 106.055204268 1500.79826755 180.641275764 256.98029663 0.608910744143 0.929613830254 2.30673012804 239.174448667 372.24742977 171163.94767 66 1484.86285185 39.6722156359 60.1262796737 23.3277843641 202.137148158 2.75257023245
7008 103.91403671 1490.08477445 180.67266158 256.999082433 0.61947921113 0.993181296157 2.50732512782 238.880931931 372.276938196 172136.171733 66 1488.2836629 39.6605091335 71.8216518841 23.3394908665 198.716337103 2.7230618067
7032 101.833793351 1487.81144799 179.351070713 257.017998946 0.621308634461 0.0455433781656 2.69210381225 239.623045228 372.293387257 173076.696765 66 1491.62618973 39.641965454 72.1822640528 23.358034546 195.373810273 2.70661274512
7056 99.8258440712 1463.70066737 178.792730652 257.036318037 0.60562229274 0.120005558714 2.7751339647 239.462920145 372.333221458 174010.443163 65 1494.87956307 39.6395494493 62.8222510461 23.3604505507 192.120436937 2.66677854402
7080 97.8880591055 1458.47534041 181.80276671 257.05393209 0.593061331444 0.22878123305 2.66861729937 239.455608045 372.351175695 174869.3936 63 1498.03380629 39.6237867236 79.4805927164 23.3762132764 188.966193714 2.64882430714
7104 96.009833759 1434.53386498 179.735144886 257.071025921 0.583760454744 0.306321334259 3.53305817606 238.505834113 372.383664059 175739.877702 63 1501.11309052 39.6185504849 80.4118826447 23.3814495151 185.886909488 2.61633594313
7128 94.2098228141 1416.9735927 180.029943537 257.087497444 0.577073700353 0.391721622376 4.21277714403 237.730930088 372.421001562 176588.60044 63 1504.0828396 39.6157421036 84.5666678144 23.3842578964 182.917160404 2.57899844055
7152 92.4641791656 1399.35634994 179.33555141 257.103631815 0.573686292096 0.496729833978 0.76300904764 241.06294301 372.448971512 177409.312113 62 1506.97723884 39.6096786287 82.8816906718 23.3903213713 180.022761162 2.5510284904
7176 90.7875709818 1374.77300363 181.313470503 257.11935305 0.571988445661 0.533854638006 2.29786829282 239.476935572 372.485071597 178220.579397 62 1509.77478171 39.6093450851 79.3625882725 23.3906549149 177.225218295 2.51492840497
7200.0 89.1805613397 1348.71675741 180.014967401 257.134668271 0.571559389602 0.571549740716 2.6688193988 239.053403198 372.523042645 179019.72161 90 1512.47015329 39.6089163463 83.4065028441 23.3910836537 174.529846713 2.47695735767
7224 87.6667736936 1272.51887077 178.204613944 257.149352882 0.572315714941 0.624227721025 2.73909611324 238.915007567 372.601038491 179903.158452 90 1515.03383503 39.6455469108 54.3953347035 23.3544530892 171.966164972 2.39896151174
7248 86.2536059039 1228.61698888 177.4146199 257.16332674 0.574472574881 0.690394742409 1.46411210835 240.107693832 372.664286768 180748.461486 89 1517.43340058 39.6657843917 45.8278883566 23.3342156083 169.566599419 2.33571323463
7272 84.9074505792 1199.37174948 177.075208725 257.176915115 0.577394871105 0.706385300736 1.0985873963 240.440717315 372.707840156 181572.19338 87 1519.72544258 39.674678947 43.1155327187 23.325321053 167.274557418 2.29215984647
7296 83.6144898631 1178.59735619 176.933684818 257.190241499 0.580633358934 0.7372744486 3.56282187267 237.929028819 372.740020024 182382.734438 86 1521.93417119 39.6767963707 35.5616514147 23.3232036293 165.065828808 2.25997997879
7320 82.3683632158 1163.55027041 176.873021989 257.20336179 0.584506412755 0.770124236378 2.90170580344 238.540301756 372.769584102 183170.477143 86 1524.07127714 39.6776210946 33.3171086028 23.3223789054 162.928722868 2.23041590061
7344 81.1601558592 1144.62921731 177.396173287 257.216366179 0.588940990515 0.794896027133 2.16840126443 239.231395537 372.793745259 183941.917653 84 1526.15070904 39.6767245358 34.3579809824 23.3232754642 160.849290962 2.20625474336
7368 79.9897733667 1133.51324453 177.068590773 257.229249069 0.593676821899 0.820206846273 2.34178292815 239.015084333 372.815902033 184694.373099 84 1528.1723135 39.6734216159 34.7781982035 23.3265783841 158.827686503 2.18409796962
7392 78.854904834 1116.3740972 177.621962691 257.242028426 0.598881712755 0.859246206781 3.40036399094 237.899479661 372.840365931 185435.031792 84 1530.14076331 39.6738356512 38.773597162 23.3261643488 156.859236697 2.15963407171
7416 77.7499538675 1112.00532696 178.916596402 257.25476454 0.604502089573 0.873078050672 2.4433006606 238.824354657 372.85456386 186151.263012 82 1532.06200394 39.6647770252 36.3542379162 23.3352229748 154.937996068 2.14543614276
7440 76.6744890863 1095.32868269 178.419268258 257.267453578 0.61016441129 0.882711800394 1.42792312383 239.811747085 372.876146563 186862.453312 80 1533.94041273 39.6643522808 34.4318012048 23.3356477192 153.059587275 2.12385343976
7464 75.6297881368 1089.57937388 177.514300171 257.280068615 0.615953589465 0.904532214127 1.31133137308 239.888114207 372.896414649 187544.165075 77 1535.77063938 39.6596171187 39.7709538563 23.3403828813 151.229360623 2.10358535372
7488 74.6092819137 1077.26466497 178.896335086 257.292680848 0.621917637641 0.920425133333 2.15721388475 239.007762494 372.912408001 188217.065172 76 1537.56432463 39.6555139156 41.0136929435 23.3444860844 149.435675376 2.08759200209
7512 73.6154686306 1069.94741441 178.832797649 257.30525123 0.627963779794 0.931232747639 1.94901875089 239.18653349 372.926813666 188869.303681 74 1539.31651119 39.6494243502 46.2921755 23.3505756498 147.68348881 2.07318633634
7536 72.6465289406 1059.38785744 177.739921934 257.317792229 0.634060665709 0.93769176187 0.690921724864 240.419533617 372.945741613 189514.426836 74 1541.03104732 39.6468235834 51.3277299752 23.3531764166 145.968952679 2.0542583895
7560 71.7028001015 1052.10199549 178.427729085 257.330286773 0.640000196609 0.941597840298 1.37509095434 239.713024234 372.959755783 190149.871133 73 1542.7055729 39.6409661124 46.9700520201 23.3590338876 144.294427106 2.04024421941
7584 70.7749065464 1052.51594892 178.234384544 257.342848646 0.645921687834 0.952728553793 1.02596099469 240.032540115 372.964692325 190749.108182 72 1544.3551654 39.6271964213 48.9983376997 23.3728035787 142.644834606 2.03530767801
7608 69.8727269202 1035.08773257 178.318111739 257.355335602 0.651887279116 0.971287368519 2.59049279317 238.430996955 372.987178302 191355.238319 71 1545.96749721 39.6307396812 53.4902402608 23.3692603188 141.032502793 2.01282170053
7632 68.993891583 1026.19088052 180.675442627 257.367772045 0.658240019979 0.999688954969 2.0716560981 238.90264288 373.004923487 191938.669009 68 1547.54180918 39.62899802 60.327425605 23.37100198 139.458190828 1.99507651578
7656 68.1341826093 1016.14710704 181.198270689 257.380113944 0.65073791898 0.0269361742933 2.55371104167 239.388500919 373.017034093 192515.213699 67 1549.08561849 39.6255867641 60.9535484981 23.3744132359 137.914381513 1.98296590986
7680 67.2935207345 1018.06842772 179.232287692 257.392127305 0.639594744434 0.0614843149376 1.98809732282 239.918696311 373.02579559 193064.087031 66 1550.598169 39.6147421362 70.3688522094 23.3852578638 136.401831005 1.97420441313
7704 66.4633368799 1017.05993678 178.734934434 257.403940114 0.629434072216 0.117170353161 2.37726416918 239.47219129 373.030344476 193604.515231 64 1552.09548293 39.6029342998 69.5199404969 23.3970657002 134.904517074 1.96965552684
7728 65.6480608556 1015.1774016 178.758287082 257.415507933 0.620373614715 0.154928851677 0.773881855234 241.035307743 373.037554387 194118.785051 64 1553.57054532 39.5934951683 81.2482290565 23.4065048317 133.429454679 1.96244561589
7752 64.8444750863 1018.92669032 179.905861501 257.426891302 0.612061231389 0.178399621186 1.1878738511 240.594773992 373.040314939 194618.063826 62 1555.02763074 39.5804496983 82.5324017138 23.4195503017 131.972369258 1.9596850641
7776 64.0573711308 1003.00380806 180.067849312 257.438033178 0.604516946968 0.215781904839 2.5347495467 239.206918422 373.057881874 195121.465466 61 1556.46146964 39.5824838631 85.38448299 23.4175161369 130.538530364 1.9421181286
7800 63.2851189556 1006.81461898 182.784651419 257.448969021 0.597793111841 0.250627952318 2.85440071051 238.848209202 373.059157409 195589.05696 61 1557.86921401 39.5693895391 86.9447369524 23.4306104609 129.130785993 1.94084259339
7824 62.5231202935 1006.28624261 184.858882906 257.459776924 0.591944307774 0.290633853062 2.15593203569 239.501712878 373.061883356 196040.413895 60 1559.26186103 39.5587175689 91.7802962944 23.4412824311 127.73813897 1.93811664667
7848 61.7741406453 993.193770318 183.185828317 257.470430955 0.586878344822 0.319294719015 0.455584905065 241.167811074 373.074712788 196500.2147 60 1560.63584272 39.5568810905 84.3213181236 23.4431189095 126.36415728 1.92528721484
7872 61.0475134248 994.755309951 183.22240559 257.480806144 0.582319003218 0.335815979412 0.699179072775 240.901879798 373.085756585 196928.773213 58 1561.97155989 39.5494825058 91.4384809173 23.4505174942 125.028440114 1.91424341777
7896 60.3195396997 1007.38916741 182.570004981 257.491246302 0.578154102247 0.364156213249 1.97717009901 239.589273281 373.074774543 197307.768019 58 1563.3096363 39.5276489257 108.644723982 23.4723510743 123.690363699 1.92522545967
7920.0 59.6038937123 995.518473779 182.479723995 257.501564584 0.574677426079 0.405269293875 3.20559524642 238.312893448 373.087574485 197722.890519 88 1564.63230969 39.5268500131 100.237419523 23.4731499869 122.367690309 1.91242551742
7944 58.9305723863 922.466914803 180.903204479 257.511335015 0.572129939265 0.449085200435 4.21893815134 237.248511693 373.149249782 198235.176048 86 1565.88947325 39.5795277823 74.4281111791 23.4204722177 121.110526753 1.85075021996
7968 58.3033365305 883.500050731 178.727363259 257.520504895 0.570586772889 0.494097108783 1.98898489037 239.425826332 373.198493314 198731.18857 85 1567.05973909 39.6120123218 58.1889699171 23.3879876782 119.940260913 1.80150668874
7992 57.7033079043 862.773107266 178.228872661 257.529350197 0.569490770752 0.500678697814 0.706270463924 240.694209869 373.224923038 199204.423751 83 1568.17815918 39.6250424117 52.5502516085 23.3749575883 118.821840819 1.77507696393
8016 57.1209075938 852.035843096 178.209229561 257.53800847 0.568572591911 0.515489361806 1.33424544956 240.043684125 373.239292315 199664.064128 83 1569.26409478 39.6269184111 47.6452479374 23.3730815889 117.735905215 1.76070768736
8040 56.5544813789 838.374133986 177.607969166 257.546502449 0.567883588369 0.527323901606 0.903081635212 240.455208424 373.258106353 200123.022878 82 1570.32296893 39.6339255125 43.7614894554 23.3660744875 116.677031068 1.7418936496
8064 56.0012600101 830.310110939 177.385029579 257.554872145 0.567390029342 0.543901159929 1.41293727776 239.920899386 373.270566836 200568.487604 77 1571.35796286 39.6332858244 41.9014861232 23.3667141756 115.64203714 1.72943316687
8088 55.4580417996 829.283478724 178.301529774 257.563166113 0.567148651159 0.554125990826 0.904811834188 240.410747409 373.276244986 200990.550827 77 1572.3753807 39.6267779245 46.1293782958 23.3732220755 114.624619301 1.72375501675
8112 54.9221767212 822.828952458 177.692008113 257.571425229 0.567043191902 0.56457085866 0.382059054916 240.914901664 373.284398543 201412.493748 74 1573.38100411 39.6233408764 45.2715401237 23.3766591236 113.618995888 1.71560145977
8136 54.3970225585 821.671956468 177.867131757 257.579597119 0.567032408576 0.570132175857 1.83202862826 239.451209666 373.291895172 201814.437189 74 1574.36833922 39.618353286 52.3042216897 23.381646714 112.631660778 1.70810483053
8160 53.8786306284 817.428712631 177.573411951 257.587742495 0.567200464465 0.586421053326 2.24824659572 239.01038939 373.299481589 202213.973652 72 1575.34462346 39.6140740419 54.7477257946 23.3859259581 111.655376536 1.70051841369
8184 53.3684787042 815.333668815 177.968293256 257.595839467 0.567640405145 0.609819490225 2.62702393733 238.599676698 373.304679235 202603.77821 70 1576.30681017 39.6078558988 54.0172583176 23.3921441012 110.693189827 1.69532076717
8208 52.8655860248 813.674344656 179.250239351 257.603906122 0.568442332641 0.635894986564 1.98266211404 239.209094444 373.308722414 202979.543628 68 1577.25685804 39.601682698 54.5163807834 23.398317302 109.743141961 1.69127758828
8232 52.3704593256 811.732510032 179.44584589 257.611936745 0.569479568505 0.648915774634 1.34271545907 239.826952451 373.314855298 203341.345482 67 1578.19401854 39.5960113411 62.2514303701 23.4039886589 108.805981456 1.68514470397
8256 51.8792855488 814.460584286 180.925761723 257.619994649 0.570724412744 0.664131811198 0.702329053489 240.442820072 373.311157735 203686.450457 67 1579.12387191 39.581388621 66.0520326765 23.418611379 107.876128089 1.68884226749
8280 51.3939475242 810.058027011 180.991407891 257.628050494 0.572067734324 0.672427577175 1.06668645297 240.06076774 373.318995385 204029.676545 67 1580.0459879 39.5798996585 69.1326167296 23.4201003415 106.954012098 1.68100461748
8304 50.9192941207 799.591820246 178.871266374 257.636022334 0.573522757959 0.683977831396 1.38055182774 239.725925248 373.333524986 204385.331334 66 1580.9500033 39.5838139904 65.2635557538 23.4161860096 106.049996703 1.66647501644
8328 50.4544309561 793.828460913 180.057792725 257.643923102 0.575109321167 0.692693180596 0.660908381825 240.427366013 373.342141617 204725.494789 66 1581.83631309 39.5842158578 61.5045454247 23.4157841422 105.16368691 1.6578583854
8352 49.9962169643 790.398647073 179.381948496 257.651804629 0.57678097688 0.705635561905 1.91503511765 239.150743713 373.345930317 205050.834976 65 1582.71022945 39.5763500795 63.3022388766 23.4236499205 104.289770548 1.65406968585
8376 49.5447040181 787.131673974 179.239241724 257.659665301 0.578525645288 0.707666189811 1.17210712533 239.882035737 373.351548126 205358.974544 64 1583.57319683 39.5723274729 75.1124381139 23.4276725271 103.426803168 1.64845187642
8400 49.0997679313 788.18541383 179.63677273 257.66750584 0.58035239641 0.721485773571 1.386826016 239.643829973 373.356602503 205664.971078 62 1584.42469588 39.5663259231 78.9538078385 23.4336740769 102.575304115 1.64339749958
8424 48.6552221237 797.298207 179.933462731 257.675436925 0.582349944351 0.733441937964 0.631225390322 240.377545801 373.349873457 205943.887012 62 1585.27514978 39.5490287296 83.8396541052 23.4509712704 101.724850221 1.65012654534
8448 48.2146388924 787.336188548 180.691847997 257.683396996 0.584425440706 0.739521286576 0.887389248455 240.105267026 373.356284314 206230.876267 61 1586.12125824 39.5481152628 86.6081587042 23.4518847372 100.878741763 1.64371568863
8472 47.7852460002 776.534657942 183.68349671 257.691253115 0.586514140069 0.746780808535 2.08668579239 238.888766142 373.367140204 206514.744305 61 1586.94810353 39.5532566194 93.5280628495 23.4467433806 100.051896472 1.63285979849
8496 47.3646012127 769.705901193 181.820813714 257.699046223 0.588690140802 0.753722920176 1.2487154787 239.709825236 373.377358938 206809.244531 60 1587.75863065 39.5540350013 86.977885946 23.4459649987 99.2413693505 1.62264106425
8520 46.9501027063 775.155677951 180.194661633 257.706822148 0.590854612823 0.7567091845 1.39974160008 239.545872453 373.38049294 207073.146391 60 1588.55727307 39.5439541019 91.293277509 23.4560458981 98.442726928 1.61950706222
8544 46.5370787714 773.185006494 180.231367076 257.714667955 0.593054126673 0.758715155199 1.56905266162 239.3645101 373.379448893 207325.680888 59 1589.35396811 39.5341334053 102.305822252 23.4658665947 97.6460318856 1.62055110894
8568 46.1292004537 776.6193985 181.140381479 257.722513603 0.595240345391 0.759320361922 0.729187810221 240.193737878 373.378669421 207575.694201 57 1590.1418781 39.5234152202 98.1986572567 23.4765847798 96.8581219033 1.62133058154
8592 45.7206675076 789.099351938 181.198285635 257.730471087 0.59749655246 0.774644604129 0.892742032267 240.004645723 373.370233359 207791.980113 57 1590.93108328 39.5040260852 102.226193887 23.4959739148 96.068916722 1.62976664343
8616 45.3150776775 776.656222012 182.083519364 257.738473023 0.599878260692 0.781581366618 1.07782180444 239.802245543 373.3775136 208020.624717 57 1591.71819533 39.5074043417 103.28467398 23.4925956583 95.2818046655 1.62248640206
8640.0 44.9205338451 765.569608763 183.702389684 257.746357643 0.602328397689 0.796764746301 2.18631138271 238.668237828 373.391256438 208242.396958 87 1592.48564234 39.5142814414 115.660695736 23.4857185586 94.5143576634 1.60874356451
8664 44.5468401457 717.255786458 180.03991163 257.753920478 0.604759977272 0.80010393131 1.17764400505 239.663571607 373.430213312 208568.396574 86 1593.21785011 39.561514264 84.4502847896 23.438485736 93.7821498966 1.56978669012
8688 44.1940772305 689.370022887 178.542731945 257.761146649 0.607121538035 0.807625912588 1.01551290933 239.808592989 373.460320675 208870.90258 85 1593.90781017 39.5892514884 69.6186279845 23.4107485116 93.0921898322 1.53967932759
8712 43.8539378856 676.750855768 178.353642351 257.768196161 0.609416584045 0.805719978625 0.791602263871 240.025065011 373.475493208 209157.136656 85 1594.57212508 39.5997741419 59.2125451864 23.4002258581 92.4278749283 1.52450679421
8736 43.5230846183 665.621119255 178.657003727 257.775131605 0.611666818055 0.81112372119 1.49790991702 239.304167937 373.48849028 209437.793642 83 1595.21882772 39.6089346756 52.696876436 23.3910653244 91.7811722866 1.51150972235
8760 43.2003443841 655.705740502 177.879856949 257.781973116 0.613921767353 0.816818494029 1.156675071 239.630611549 373.500354111 209717.566278 83 1595.85014494 39.6160164525 47.494602194 23.3839835475 91.1498550678 1.49964589176
