Time EBV Teff Treg ODC_le1 ODC_le2 ODC_le3 ODC_le4 ODC_le5 NK IL2 DAC Resting_Teff Resting_Treg EffectorMemory Resting_Treg_temp Resting_Teff_temp NK_temp
0.0 0 0 0 0 0 0 0 500 375 1000 0 1687 63 0 0 0 0
24 0 0 0 0 0 0 0 500 336.279789971 908.048253598 0 1687 63 0 0 0 38.7202100291
48 0 0 0 0 0 0 0 500 335.391027502 823.849847309 0 1687 63 0 0 0 39.6089724976
72 0 0 0 0 0 0 0 500 334.559882085 745.880698262 0 1687 63 0 0 0 40.4401179151
96 0 0 0 0 0 0 0 500 333.760437385 673.915002205 0 1687 63 0 0 0 41.2395626152
120 0 0 0 0 0 0 0 500 332.995774144 607.703333798 0 1687 63 0 0 0 42.0042258555
144 0 0 0 0 0 0 0 500 332.2684442 546.975994766 0 1687 63 0 0 0 42.7315557996
168.0 1000 0 0 0 0 0 0 500 331.580390823 491.447224652 0 1687 63 0 0 0 43.4196091775
192 587.94283022 2674.42256109 91.5619289612 4.47673168998 18.9970923557 71.5351553232 179.581289232 225.4097314 319.455578209 5741.3447637 0 1039.6715255 41.772295668 0 21.227704332 647.328474501 55.5444217919
216 137.576303058 6896.77480865 169.345618994 79.6515247782 43.3457910344 92.2808608696 124.78162399 159.940199328 264.792558542 517.225876039 0 1394.62410036 38.9753358803 636.665768598 24.0246641197 292.375899636 110.207441458
240 32.9924451758 2384.639815 176.823926977 165.876608564 29.910290187 64.6914560236 98.918280355 140.603364871 278.84747861 237.381855436 0 1603.78607711 38.8586296554 550.387367877 24.1413703446 83.2139228932 96.1525213902
264 16.2351136655 562.294976064 171.522867323 191.758970454 12.4501028406 36.0577657546 63.405321802 196.327839149 303.558595936 245.725506642 0 1648.71727305 39.0643870885 513.55875655 23.9356129115 38.2827269462 71.4414040644
288 12.6410524756 217.406789232 170.339579751 194.174735653 0.766050301544 11.6020527816 44.7955866066 248.661574658 315.042058618 301.661021759 0 1658.16583826 39.5072781784 465.728779924 23.4927218216 28.834161735 59.957941382
312 11.046322484 158.496863845 171.140445837 194.34554331 0.831179379584 4.3284796269 24.3080185777 276.186779106 318.065581898 336.780233949 0 1661.93813536 39.730665838 433.352580478 23.269334162 25.0618646433 56.934418102
336 9.93792394105 129.460192901 172.518954486 194.418711892 0.362145389 2.00502275307 21.5417732255 281.67234674 319.280175546 363.28740101 0 1664.47449651 39.8314989766 410.153566239 23.1685010234 22.5255034891 55.7198244543
360 9.03928070818 119.353767562 170.492181937 194.481357506 0.47594717968 0.750674614758 19.8982086671 284.393812032 319.860007209 370.165759084 0 1666.50334335 39.8416595058 394.134832346 23.1583404942 20.4966566498 55.1399927918
384 8.27496391224 107.434741079 171.429642733 194.549284675 0.535558490049 0.802940332639 16.8254500406 287.286766462 319.944969234 349.055205404 0 1668.23090973 39.871191012 389.045093203 23.128808988 18.7690902668 55.0550307661
408 7.65346291523 88.3716421395 173.466349193 194.612950495 0.553775569268 0.520235853483 10.8506379937 293.462400089 320.203683292 346.665753177 0 1669.64803597 39.9942437914 375.946754757 23.0057562086 17.3519640305 54.7963167083
432 7.14000780349 92.1372726779 164.030156647 194.671651979 0.56884749894 0.628852554636 6.16148314936 297.969164818 320.669415293 349.954643789 0 1670.79760285 39.8990104621 362.031527383 23.1009895379 16.2023971518 54.3305847077
456 6.67370473997 83.6228529881 163.502921922 194.730392201 0.58581029377 0.683124445322 16.6964003208 287.304272739 320.833875416 337.891009452 0 1671.85706191 39.9586868618 360.271995544 23.0413131382 15.1429380946 54.1661245841
480 6.2701487709 79.9502771638 165.894668991 194.785080863 0.586666599626 0.946163389706 8.50831159668 295.173777551 320.736319012 323.233438154 0 1672.7690727 39.9632153545 352.42718717 23.0367846455 14.2309272994 54.2636809884
504 5.91692424782 69.9721868359 163.801797924 194.836560176 0.59099358693 0.744309510627 11.236960092 292.591176634 320.889846575 319.291248072 0 1673.57087857 40.0185432706 347.589365739 22.9814567294 13.4291214338 54.1101534258
528 5.62169006425 63.6089598301 164.361982695 194.883096301 0.62941952838 0.480294598 10.8912461072 293.115943466 321.143419091 323.133919459 0 1674.24511407 40.1164722863 334.700091644 22.8835277137 12.7548859257 53.8565809098
552 5.35680397316 60.8878426131 165.631937702 194.928898004 0.644455555188 1.20499136345 10.3015327097 292.920122368 321.026754508 312.155597082 0 1674.84336877 40.1183129685 327.574216732 22.8816870315 12.1566312345 53.973245492
576 5.10910480938 58.7244217517 158.848944829 194.975239586 0.656271547642 0.92767011233 8.29836132456 295.142457429 321.282587032 311.836292127 0 1675.4021512 40.1060245957 319.368572252 22.8939754043 11.5978488047 53.7174129681
600 4.87283483378 58.550183261 158.298997296 195.021421516 0.639883151977 0.497065674045 9.68599435303 294.155635305 320.906841317 288.052090947 0 1675.93224056 40.0350285881 319.993947006 22.9649714119 11.0677594364 54.0931586831
624 4.67073851649 50.7349881466 158.874519596 195.062187265 0.644363473965 0.050385361206 8.77930614819 295.463757752 321.200089701 287.180263078 0 1676.39725785 40.2117126262 312.118856758 22.7882873738 10.6027421452 53.7999102996
648 4.49133815454 48.1372996051 159.983165468 195.099340414 0.626429757945 0.624520202108 9.45017307957 294.199536546 321.197989713 282.743188613 0 1676.80436683 40.2397698993 303.014438289 22.7602301007 10.1956331709 53.8020102877
672 4.32402506597 48.8038981881 156.016898233 195.1352205 0.636595046473 0.928467859595 3.03011819737 300.269598397 321.232733758 272.357325261 0 1677.18368264 40.2712151668 303.880468878 22.7287848332 9.81631736059 53.7672662429
696 4.1607379269 44.2087481503 157.297019992 195.172027279 0.62754458577 0.226113620782 5.91699949586 298.057315018 321.279201241 271.5712008 0 1677.55095643 40.2290471051 293.007302139 22.7709528949 9.44904356545 53.7207987597
720 4.01563684323 47.2596627552 155.376032214 195.205046967 0.616369934697 0.609796855824 7.28069131982 296.288094923 321.215293135 265.730856316 0 1677.87847746 40.1761168926 285.613306788 22.8238831074 9.12152254484 53.7847068656
744 3.87490173564 39.7146460408 155.650586554 195.238176781 0.624660346472 0.911657231909 4.82933543066 298.39617021 321.234740331 262.187031124 0 1678.1998952 40.3097389726 280.38885227 22.6902610274 8.80010480055 53.76525967
768 3.75643419581 34.1755040214 158.481344074 195.267486361 0.624749509851 0.152165491139 6.42448407105 297.531114566 321.279115774 259.830916417 0 1678.47242302 40.5151965355 271.359069793 22.4848034645 8.52757697529 53.7208842262
792 3.650948273 33.6830176619 156.066481308 195.293811574 0.608648203864 0.299043309844 2.0928124487 301.705684463 321.531826183 265.11413837 0 1678.71099612 40.5046579532 261.417011845 22.4953420468 8.2890038826 53.468173817
816 3.54478819595 36.2502388303 156.115323438 195.320497016 0.59835255176 0.452983437855 4.1956312104 299.432535784 321.114107883 251.436875152 0 1678.94776495 40.3380095188 253.56011429 22.6619904812 8.05223504556 53.8858921173
840 3.44592489017 31.9245502727 159.763593393 195.345812271 0.596620197802 0.686453986541 6.55937268725 296.811740857 321.14671809 238.367084919 0 1679.17466792 40.5089634687 251.456244526 22.4910365313 7.82533208317 53.8532819106
864 3.35930424075 33.5508734453 155.408054429 195.368704259 0.603180880819 0.843178650408 4.76828059528 298.416655614 321.114791194 232.28777155 0 1679.3708322 40.4779821092 248.770733793 22.5220178908 7.62916779979 53.8852088065
888 3.27370248662 30.6642307026 154.667084473 195.392280883 0.615722093885 1.01082495184 4.09544751774 298.885724553 321.141012278 227.900700128 0 1679.56575923 40.5822333044 244.660700531 22.4177666956 7.43424077449 53.858987723
912 3.19616757787 28.9256183775 149.906976102 195.414467439 0.61076826746 0.158087323008 4.67841950963 299.138257461 321.405405394 233.486285568 0 1679.74159172 40.6097242583 241.996792917 22.3902757417 7.25840827654 53.5945946062
936 3.12054883124 30.3358859856 151.941989388 195.436157639 0.598120157531 0.317680482793 4.24932500317 299.398716718 321.208100238 222.688514143 0 1679.91196301 40.53311849 241.781208626 22.46688151 7.08803699223 53.791899763
960 3.04613750744 29.3602889049 146.131931205 195.457664791 0.591050535039 0.473646491857 3.89792754296 299.579710639 321.3944778 228.019355499 0 1680.08019845 40.5326096137 236.812817241 22.4673903863 6.91980154872 53.6055222005
984 2.97589008333 26.736786561 146.323807757 195.478306116 0.589224857101 0.591235404471 4.24331511361 299.097918509 321.559630839 231.689924328 0 1680.24025536 40.6330269599 232.525968501 22.3669730401 6.75974463711 53.4403691611
1008 2.91178654815 29.0119499 148.211959135 195.497574074 0.591031221527 0.689049015964 3.91194258903 299.310403099 321.537829459 229.721473849 0 1680.3853963 40.5862455298 226.668050024 22.4137544702 6.61460370247 53.4621705411
1032 2.84320081607 26.5508166487 145.238665672 195.518792013 0.596428206361 0.799751879028 3.47644153093 299.608586371 321.506483206 227.017356455 0 1680.54067912 40.6357371928 224.229183503 22.3642628072 6.45932088187 53.4935167945
1056 2.78409803113 25.9045621889 145.67139482 195.537700729 0.604193338713 0.886988610091 2.79687324184 300.174244081 321.641588831 227.305499474 0 1680.67526545 40.6602700981 222.201621678 22.3397299019 6.32473454582 53.3584111696
1080 2.72889304608 22.517321288 145.386322491 195.555987268 0.613419985638 0.934555196445 1.74725325771 301.148784292 321.682004168 230.713459184 0 1680.80181966 40.864966833 217.445197483 22.135033167 6.19818033516 53.3179958321
1104 2.67469143863 24.3880720825 146.184829786 195.574598705 0.623849648503 1.006586735 2.65882265915 300.136142253 321.638875451 227.509622011 0 1680.92292758 40.6623015895 215.044618235 22.3376984105 6.07707242036 53.361124549
1128 2.62002133833 25.5641130898 142.314277003 195.59392307 0.617151525888 0.0865452444136 1.8716930715 301.830687088 321.739713976 225.636430484 0 1681.04649538 40.6103442396 214.855433922 22.3896557604 5.95350462276 53.260286024
1152 2.56829697531 22.7612609423 143.490448101 195.612157503 0.602685536765 0.17051779242 1.77846428035 301.836174888 321.671846177 225.956495773 0 1681.16459507 40.7448777492 210.865440827 22.2551222508 5.83540492584 53.3281538237
1176 2.52305002861 21.3403133261 146.523890506 195.628079155 0.591858775967 0.210015630726 2.78357345935 300.786472979 321.674954532 221.215425662 0 1681.26814345 40.8646045777 211.115011662 22.1353954223 5.73185655473 53.3250454685
1200 2.4773013776 24.2541139967 144.07597538 195.644192295 0.582681423014 0.294717719996 2.93143679895 300.546971763 321.581981688 217.945079417 0 1681.37034669 40.6674064332 207.59183861 22.3325935668 5.62965330722 53.4180183124
1224 2.42822025218 23.7992047854 148.737522827 195.661566237 0.575267464146 0.359154003201 2.8908511095 300.513161187 321.221905409 204.456626873 0 1681.48083946 40.6013664943 204.375170164 22.3986335057 5.51916053583 53.7780945916
1248 2.37859439666 26.4923135455 146.873764962 195.679299216 0.570496822587 0.482656384324 4.01331605199 299.254231525 320.957721358 186.675672274 0 1681.59206067 40.4477702099 206.287730323 22.5522297901 5.4079393293 54.0422786428
1272 2.33517508102 20.1679165122 145.024657547 195.695044713 0.56950751336 0.578474002805 4.17113418937 298.985839581 321.126370483 187.879530603 0 1681.69332202 40.8385193276 203.365482941 22.1614806724 5.30667798224 53.8736295171
1296 2.29278756652 24.6226034673 144.763675353 195.710709719 0.571117745809 0.673854844945 4.27429040189 298.770027288 320.981181234 178.451221453 0 1681.78802153 40.5855127036 200.679395567 22.4144872964 5.2119784678 54.0188187667
1320 2.25142610396 20.7545804342 141.751459271 195.726355765 0.575273963687 0.777140859329 4.30161213524 298.619617277 321.189166173 180.597773957 0 1681.8834194 40.8881384487 198.219744738 22.1118615513 5.11658059739 53.8108338277
1344 2.21336645476 21.9526540689 143.264713135 195.741142005 0.581307483395 0.832620620613 0.894652828867 301.950277062 321.110550073 175.174158709 0 1681.96903335 40.7409454928 197.827998568 22.2590545072 5.03096665373 53.8894499277
1368 2.17658111808 19.8409637076 143.570219018 195.75583679 0.587879144999 0.861783013256 2.40639242496 300.388108627 321.002743123 171.493738972 0 1682.05299837 40.8570360396 196.622794285 22.1429639604 4.94700162766 53.9972568774
1392 2.14241132511 17.9934692193 141.841315617 195.769868762 0.594510171856 0.87539123469 1.52424038315 301.235989448 321.075684993 174.086746423 0 1682.13096634 40.9638443673 193.593657161 22.0361556327 4.86903365882 53.9243150078
1416 2.11039339957 18.797755739 142.541177266 195.783369288 0.600975127402 0.893672225804 2.28559595695 300.436387402 321.037382899 171.754733724 0 1682.20317177 40.8609073548 191.756759931 22.1390926452 4.79682822779 53.9626171015
1440.0 2.07985365599 16.5661945815 140.353304275 195.796580651 0.607494213251 0.910017674604 1.83213481053 300.853772651 321.196498271 173.153479048 30 1682.27346921 41.1154137282 192.965351615 21.8845862718 4.72653079265 53.8035017296
1464 2.05213341228 16.6351489821 134.012522463 195.808869356 0.613696515931 0.924687138121 0.857427015219 301.795319975 321.709766234 189.10665747 30 1682.33655112 41.11492185 189.299100173 21.88507815 4.66344888724 53.2902337664
1488 2.02454135539 16.1141827233 132.890719451 195.821394281 0.619990299133 0.939389230378 3.93555706654 298.683669124 321.938693458 200.151533664 30 1682.39919601 41.154267687 187.776131601 21.845732313 4.60080399709 53.061306543
1512 1.99730255472 15.8571977188 134.897385722 195.834058661 0.626658131125 0.967525319393 2.98893478442 299.582823104 322.052780842 207.525794679 30 1682.46101625 41.1682935739 184.439302785 21.8317064261 4.53898375656 52.9472191584
1536 1.9721053314 15.3715965354 133.855783518 195.846055897 0.633380583977 0.999143342989 2.64990959919 299.871510577 322.258618146 218.312873548 30 1682.51841371 41.2304746738 180.28698541 21.7695253262 4.48158629197 52.7413818547
1560 1.94774387846 15.1849696009 132.043687047 195.857896388 0.632263536726 0.0398264541792 2.19534984032 301.274663781 322.445863901 227.52958093 28 1682.57369513 41.2413641673 178.298920046 21.7586358327 4.42630487711 52.5541360996
1584 1.9240351661 14.9501391181 133.010391025 195.869414036 0.621775054751 0.0709121309843 2.70574959628 300.732149182 322.49677846 232.481364683 28 1682.62751019 41.2580127241 176.442589415 21.7419872759 4.3724898148 52.5032215407
1608.0 1001.90097634 14.7802206606 132.470142044 195.880572308 0.612349929433 0.117868051657 2.09573899217 301.293470719 322.640455301 240.281853488 28 1682.67982898 41.2659684961 172.713991233 21.7340315039 4.32017101877 52.3595446994
1632 553.628801506 3121.9659895 145.17032452 197.416005746 3.85526725898 21.4677073579 65.616378755 211.644640883 311.511568683 4684.72258469 28 1053.86547769 41.3019126155 124.005545265 21.6980873845 633.13452231 63.488431317
1656 269.006814202 3803.9512348 169.089392314 206.044693319 8.86573668875 24.9222925106 80.4590761988 179.708201283 313.434537322 6343.89487519 28 1258.91454347 39.7326801855 232.9744417 23.2673198145 428.085456525 61.5654626779
1680 136.105978874 3395.2672719 184.643567848 213.940771636 9.1536525018 27.0519488828 64.0110142666 185.842612713 316.937653052 6502.36418332 27 1423.71407337 39.2639506353 378.236317844 23.7360493647 263.285926624 58.0623469482
1704 74.0252090205 2638.92765906 191.455553865 220.997868967 7.55676267313 18.6767103519 61.1655369778 191.60312103 320.579668837 5941.92893073 27 1528.7568039 39.0773513812 489.522453704 23.9226486188 158.2431961 54.4203311638
1728 44.6938195438 1831.65963411 191.492792344 225.8427267 3.12268792922 19.9669752605 59.7646717007 191.30293841 325.645604096 5284.71708398 27 1587.44860221 39.0209364784 589.142981139 23.9790635216 99.551397788 49.3543959043
1752 30.3382890604 1213.04664014 191.199669852 228.053406098 3.49543023758 12.043105977 47.3385253782 209.069532309 331.109377772 4820.24616202 27 1618.59041602 39.0299712417 589.555476766 23.9700287583 68.4095839807 43.8906222287
1776 22.8756367872 804.143178734 193.889697023 229.1559506 0.820106707882 8.99211515399 41.9661435522 219.065683986 335.531478514 4483.12131857 27 1635.3345726 39.079437731 570.289140416 23.920562269 51.6654273959 39.4685214864
1800 18.5372745909 575.938203213 188.300271808 229.541621283 1.35794260683 4.90776718846 37.3548392977 226.837829624 338.415363667 4196.31656414 26 1645.14308539 39.1430102701 555.164730361 23.8569897299 41.8569146118 36.5846363336
1824 15.7232237273 446.768133245 187.57892953 229.747279674 1.03624217907 5.08285509705 27.9166821525 236.216940898 339.882416299 3957.91922269 26 1651.48753241 39.1941654315 537.491785017 23.8058345685 35.5124675904 35.1175837017
1848 13.7311931041 357.058247568 185.939807739 229.83913762 0.590533368247 2.84247624726 27.2749786344 239.452874131 340.753814343 3771.39834186 26 1655.98118823 39.2481471836 504.898521976 23.7518528164 31.0188117687 34.2461856575
1872 12.2451770318 283.21997021 191.739678326 229.966663803 0.799052129927 1.18309630801 20.8636078713 247.187579888 341.189325957 3593.26249082 26 1659.34023684 39.3170880008 476.478115151 23.6829119992 27.6597631605 33.810674043
1896 11.1231432367 239.582284164 186.114822281 230.085029317 0.859914077062 1.5320245396 17.4285787379 250.094453329 341.488527989 3421.10330594 26 1661.87445865 39.37840063 467.246564729 23.62159937 25.1255413512 33.5114720118
1920 10.2180371359 212.561458118 184.689254728 230.19702887 0.872093158797 0.935658222151 9.49265838356 258.502561366 341.449566672 3249.61669377 26 1663.91014968 39.4174585286 469.910280356 23.5825414714 23.0898503216 33.5504333285
1944 9.45377864885 182.88442811 179.421681045 230.296732076 0.848851218205 1.20545693518 13.0799076829 254.569052088 341.403313464 3125.92206913 26 1665.62981162 39.4673109546 451.036861712 23.5326890454 21.3701883836 33.5966865363
1968 8.82166336355 164.164274275 177.974369455 230.386493347 0.862767086303 0.31415066704 12.4540015678 255.982587332 341.273567099 3000.31117801 26 1667.05423037 39.508497105 433.861931935 23.491502895 19.9457696254 33.7264329013
1992 8.27572801042 149.798397636 182.653190644 230.467995399 0.835528599921 0.52482127355 14.6203261354 253.551328592 340.919316054 2879.65170588 26 1668.28154002 39.5383297532 404.56539591 23.4616702468 18.7184599754 34.0806839467
2016 7.79366950736 136.192199836 177.351692208 230.542562048 0.8168014034 0.678501871953 8.33158030982 259.630554367 340.696582044 2759.96477526 26 1669.3658117 39.5679312365 386.64978294 23.4320687635 17.6341883027 34.3034179563
2040 7.37732318125 122.796883678 180.288781732 230.609897987 0.815232031532 0.221586033041 10.1682208869 258.185063061 340.346294523 2638.28936258 25 1670.3079589 39.636775446 373.765709365 23.363224554 16.6920410978 34.6537054771
2064 7.00327068559 106.877441088 175.334345237 230.672395549 0.793723339128 0.79400696311 8.86147918561 258.878394963 340.005475063 2523.98926344 25 1671.15236524 39.7003016394 361.441393203 23.2996983606 15.8476347556 34.9945249373
2088 6.67978577093 101.077900192 172.875218295 230.728349518 0.772567234092 0.309029986237 7.77441119053 260.415642071 339.585808505 2414.08238866 25 1671.87959299 39.717818837 348.618711696 23.282181163 15.1204070076 35.4141914952
2112 6.36815936145 104.008684055 176.771665701 230.7829634 0.757180130661 0.756698919591 5.00168805955 262.70146949 338.702872125 2273.69910124 25 1672.57486379 39.6789284535 343.808471944 23.3210715465 14.4251362101 36.2971278754
2136 6.08934995845 89.2102654114 181.202849132 230.834039673 0.761435970093 0.0680023846293 5.23922113299 263.09730084 338.154748166 2152.69755703 24 1673.20884992 39.783722003 337.699821823 23.216277997 13.7911500797 36.8452518348
2160.0 5.84489575195 83.1022309185 176.657719668 230.879754895 0.729149386248 0.325499218902 3.17944677809 264.886149722 337.716773133 2049.3516456 54 1673.75987854 39.8148986657 327.905015139 23.1851013343 13.2401214574 37.2832268674
2184 5.64255147752 65.9481171517 160.000505285 230.91781407 0.713341844978 0.53487982265 2.87749212212 264.956472141 338.185241408 2018.84342202 52 1674.22732413 40.0547619399 301.518332503 22.9452380601 12.772675867 36.8147585927
2208 5.46958410361 60.6146504649 154.809222942 230.950994329 0.709273108389 0.739055109082 5.91416600101 261.686511453 338.29050307 1983.36463755 52 1674.61959731 40.1414261285 278.858599442 22.8585738715 12.3804026831 36.7094969306
2232 5.30833583283 57.5892810919 151.921941242 230.982941678 0.715553120864 0.9303251011 4.46089523058 262.910284869 338.121286305 1941.73002885 52 1674.98262549 40.1701459595 259.295074515 22.8298540405 12.0173745111 36.8787136952
2256 5.15991100946 54.4670801242 149.925946825 231.013613813 0.727555955459 1.09249131811 5.42081737867 261.745521535 337.969126713 1897.09220689 51 1675.31777672 40.220232244 246.915273572 22.779767756 11.68222328 37.0308732876
2280 5.02218858276 51.6334533252 150.951546775 231.042670189 0.705632066801 0.260009133904 4.95027850737 263.041410103 337.734466946 1851.86343761 51 1675.62870614 40.2679972075 232.643340533 22.7320027925 11.3712938594 37.2655330546
2304 4.89120057659 50.8561864011 149.015851866 231.070356508 0.692818811713 0.481604566072 3.09624787745 264.658972237 337.473778858 1806.73684218 51 1675.92325332 40.2670889362 218.188872135 22.7329110638 11.0767466794 37.5262211427
2328 4.76679888839 48.7415881138 149.22787349 231.097005695 0.687340429348 0.620806218758 4.11974029267 263.475107365 337.165311176 1755.18474426 48 1676.2035307 40.2947875359 209.254326328 22.7052124641 10.7964692959 37.8346888242
2352 4.64926391006 47.654027631 150.094655167 231.122722573 0.686628810956 0.717244563961 3.89582979855 263.577574254 336.821792045 1702.95297059 48 1676.4693108 40.3592045968 197.554793883 22.6407954032 10.530689197 38.1782079556
2376 4.5377741325 44.6927555532 151.345602111 231.147758381 0.689176528736 0.809654852994 4.39217106726 262.96123917 336.421838305 1649.19388933 47 1676.71996782 40.3591840531 189.043628847 22.6408159469 10.2800321766 38.5781616951
2400 4.43127992465 42.7315122971 150.665075525 231.172404387 0.695302222864 0.9386056282 6.59398521166 260.59970255 336.064422135 1596.40078808 47 1676.96016896 40.3985309487 181.436541952 22.6014690513 10.0398310394 38.9355778658
2424 4.32915204196 42.7874410034 149.316446585 231.196859787 0.697176730072 0.0567383340579 3.65613727224 264.393087877 335.671697607 1540.06086369 47 1677.18996981 40.3969910354 177.471122659 22.6030089646 9.8100301924 39.3283023933
2448 4.23152700285 39.1157924358 148.18550008 231.220364738 0.677669221111 0.18952981964 5.55125588694 262.361180334 335.368457234 1492.17168367 47 1677.41110785 40.4863155589 170.174007749 22.5136844411 9.58889214981 39.6315427664
2472 4.13781585428 39.5674565155 147.87333383 231.242887033 0.664173968361 0.351175944465 5.20689933244 262.534863722 334.938756649 1437.79657054 47 1677.62120036 40.4321662049 166.488001288 22.5678337951 9.3787996341 40.0612433518
2496 4.04314590489 38.0801885495 146.585146622 231.265784625 0.655577620256 0.469200716077 4.23522592622 263.374211113 334.548317399 1386.44312988 46 1677.83450734 40.4584997229 161.263112621 22.5415002771 9.16549266143 40.4516826017
2520 3.95805194386 35.9090270342 145.951860617 231.286623664 0.65115127633 0.559313976767 2.55900094805 264.943910136 334.259758942 1341.52600415 46 1678.02761848 40.5395743621 155.601230524 22.4604256379 8.97238151747 40.7402410588
2544 3.87275598182 37.6397907933 146.831259899 231.307869279 0.649649192776 0.655735355394 4.06644944172 263.320296732 333.787078335 1287.61469548 46 1678.21918845 40.5089903675 152.394312031 22.4910096325 8.78081154278 41.212921665
2568 3.79034145406 35.1356075316 146.247994054 231.328855741 0.651910436997 0.789425267013 6.3774694972 260.852339058 333.359176481 1239.93381002 45 1678.40480037 40.5058463551 149.520839903 22.4941536449 8.59519963011 41.640823519
2592 3.71509380078 33.480137825 147.421745233 231.348550086 0.658361007914 0.9444751923 6.05011073664 260.998502977 332.986742677 1190.54820443 44 1678.57611488 40.6274287844 148.895206431 22.3725712156 8.4238851209 42.0132573237
2616 3.64191982236 32.5493248571 145.139724497 231.368326898 0.663354010489 0.0845965185714 4.69189807948 263.191824494 332.622223797 1148.53466728 43 1678.74076116 40.6023936962 145.482742378 22.3976063038 8.25923883316 42.377776203
2640 3.57276426606 30.2898029243 143.897155511 231.387185128 0.648816700656 0.203282661225 4.14748740449 263.613228106 332.369998523 1110.40926738 41 1678.89783773 40.7101107005 142.40168106 22.2898892995 8.10216226565 42.6300014777
2664 3.50294912557 31.2672998818 143.119178817 231.406210643 0.637065177712 0.292392971836 4.87949806137 262.784833146 331.955079091 1070.39877742 41 1679.05392976 40.6040835288 137.622787756 22.3959164712 7.94607023668 43.0449209092
2688 3.43506606399 30.7705877066 145.373252418 231.424779143 0.628667525599 0.404354543916 4.49041502522 263.051783762 331.534195585 1028.46871192 41 1679.20742879 40.6244699306 134.165993896 22.3755300694 7.79257120889 43.4658044154
2712 3.37063978128 30.1028308965 144.672268208 231.4425528 0.623303629566 0.471002262866 3.92950220114 263.533639107 331.185457482 988.985189002 37 1679.35329917 40.6675202971 130.955799085 22.3324797029 7.64670082545 43.814542518
2736 3.30641180329 28.8161176594 145.474269188 231.460486735 0.619900725771 0.529806574495 0.500280550446 266.889525414 330.737030605 947.895640655 37 1679.49794261 40.668171526 129.921985953 22.331828474 7.50205738992 44.2629693956
2760 3.24391900409 27.9515111602 145.227260155 231.478198189 0.61800396502 0.588074209117 4.00449568501 263.311227952 330.33894404 907.550320183 36 1679.63921312 40.6977797289 128.059476262 22.3022202711 7.36078687788 44.66105596
2784 3.18688775454 26.8534955168 143.93198514 231.494640658 0.618264682394 0.658440470623 3.94129191606 263.287362273 330.094201379 875.32453584 35 1679.7690551 40.7952016763 124.418591591 22.2047983237 7.23094490001 44.905798621
2808 3.12888924734 26.9517940078 143.748437003 231.511698213 0.620301318407 0.719262616994 1.14242814206 266.006309709 329.658733957 838.454450192 35 1679.8991623 40.7178646515 122.988358241 22.2821353485 7.10083769846 45.3412660435
2832 3.07384688088 27.4449728383 143.500408325 231.528248288 0.623076960775 0.734901950784 2.18419268001 264.92958012 329.296865754 801.426447632 35 1680.02400855 40.7700117789 123.544473523 22.2299882211 6.97599144646 45.7031342464
2856 3.01867023708 28.0110290923 143.212270049 231.545223279 0.626662303275 0.786375358974 4.29677126515 262.744967794 328.865074018 764.013741957 34 1680.14801097 40.6998995112 124.216304774 22.3001004888 6.85198902409 46.1349259819
2880.0 2.9666115034 25.1922349137 143.993348682 231.561637555 0.631626874366 0.84536670124 4.10309208278 262.858276787 328.56904983 735.112049711 64 1680.26656066 40.8176794382 120.993656121 22.1823205618 6.73343933598 46.4309501708
2904 2.91777763122 24.3473948116 140.17652268 231.577435726 0.637580285116 0.886744807839 1.62245782431 265.275781358 328.429609058 714.578786672 62 1680.37750088 40.8921352806 117.963240669 22.1078647194 6.62249911374 46.5703909428
2928 2.87118424037 22.7883117877 138.036943948 231.592906119 0.643899133772 0.918811724804 2.95876601674 263.885617006 328.309658374 696.569425017 62 1680.48313484 40.9447102036 116.080965404 22.0552897964 6.51686515785 46.6903416263
2952 2.82672829748 22.2774938318 137.132427131 231.60805463 0.650513067798 0.94204521957 3.11426656193 263.685120521 328.164777404 679.960016716 61 1680.58378377 40.9702234191 113.3464047 22.0297765809 6.41621622683 46.8352225964
2976 2.78362784964 21.8219388568 137.157113868 231.623126901 0.657531429433 0.973525562733 1.15551288685 265.59030322 327.972853957 662.802871191 61 1680.6813219 40.9899485148 110.76166689 22.0100514852 6.31867810074 47.0271460442
3000 2.74104335191 21.5576740438 136.688451955 231.638416784 0.66488962653 0.992135380418 3.24100070893 263.4635575 327.796167363 646.167426707 61 1680.77755551 40.988743358 108.315447841 22.011256642 6.22244448725 47.203832638
3024 2.69954951622 21.1079203203 136.895086148 231.653719854 0.672335281493 0.0416808857417 2.19845458941 265.43380939 327.594866949 629.066997535 60 1680.87148313 41.0098702181 105.997576444 21.9901297819 6.12851686864 47.405133052
3048.0 1002.65935617 20.8096585365 137.974362767 231.66869524 0.659105982214 0.123572200205 4.05242796706 263.496198611 327.386660123 611.494885231 60 1680.96236945 41.0135991188 103.798229858 21.9864008812 6.03763054933 47.6133398778
3072 606.952901491 2594.25709346 136.645210705 232.533833588 2.70942913242 14.031740706 59.3968073406 191.328189234 320.51098249 5900.10514595 60 1031.37719865 41.9458364942 31.3902052719 21.0541635058 655.622801345 54.4890175111
3096 365.663846662 2819.3295338 151.860401283 235.711123837 3.07577308685 14.3155061528 62.1286092574 184.768987666 330.243041216 9524.60374387 59 1180.40513415 40.5125734627 45.3553725969 22.4874265373 506.594865847 44.7569587843
3120 245.359495734 2527.39112562 162.571272933 237.535993302 1.74532352459 13.7945350398 40.5485975145 206.375550619 338.496366643 12193.9805726 57 1293.82723309 40.049329832 58.700539628 22.950670168 393.17276691 36.503633358
3144 180.017834639 2175.47330244 168.762519872 238.202977757 1.81652385237 4.53537159476 37.9415557527 217.503571043 344.561427878 14161.2640572 55 1372.6310697 39.8452615755 81.8550234909 23.1547384245 314.368930299 30.4385721225
3168 140.858368098 1852.92193557 169.794585066 238.493571804 0.67484613063 5.30003304944 30.9463768976 224.585172118 349.112842392 15698.0961384 55 1427.44798153 39.7497403321 84.5093461016 23.2502596679 259.552018473 25.8871576087
3192 115.450302054 1594.05224691 174.007723461 238.832659329 1.34738795143 2.7493742094 21.6550412199 235.415537291 352.384116006 16913.0511965 55 1466.51981616 39.6971133753 81.1030280122 23.3028866247 220.480183837 22.6158839951
3216 97.8871232725 1379.99437756 173.298807062 239.02468138 0.641582522744 2.2210109781 25.6818140168 232.430911103 354.909990254 17905.812245 55 1495.32231853 39.6754203763 92.4335806554 23.3245796237 191.677681467 20.0900097469
3240 85.0939095897 1231.43805746 173.850524729 239.198617705 1.08093865773 3.7032626789 23.5155619893 232.50161897 356.758362231 18726.1152567 54 1517.24710662 39.6550494053 99.6141209529 23.3449505947 169.75289338 18.2416377693
3264 75.2137439081 1121.5599431 175.655229239 239.279984672 0.629737406393 2.8809567294 17.4649553012 239.744365891 358.005082631 19393.5050803 52 1534.71917259 39.6232264315 107.436214836 23.3767735685 152.28082741 16.9949173701
3288 67.3777553831 1048.03941929 174.166058215 239.399911297 0.771531038602 1.18012136228 14.9783859572 243.670050346 358.991003334 19933.7192855 51 1548.94812781 39.590736354 117.721693664 23.409263646 138.051872188 16.0089966667
3312 60.9440721427 957.302997786 175.447648969 239.520761649 0.833277219816 1.74946590053 22.3923987037 235.504096527 359.894013619 20405.9582136 50 1560.91558433 39.5814240897 123.425757406 23.4185759103 126.084415665 15.1059863819
3336 55.6177623269 888.809201221 178.165426302 239.636925504 0.852557290968 0.855625365976 16.3826325256 242.272259314 360.562965676 20793.4196215 50 1570.99055224 39.5638539445 131.303769054 23.4361460555 116.009447762 14.4370343252
3360 51.184857023 823.706330924 178.00645722 239.744956208 0.878103327917 1.22706954014 12.5625867972 245.587284128 361.252552107 21140.7185684 49 1579.52226931 39.5632051258 135.523208946 23.4367948742 107.47773069 13.7474478936
3384 47.3878192117 774.201151597 178.702728142 239.848692229 0.913742132553 0.594357691393 9.39042023901 249.252787709 361.735921036 21426.6972614 48 1586.9062054 39.5495917394 144.107688325 23.4504082606 100.0937946 13.2640789652
3408 44.0784753547 731.452093149 182.116303525 239.946965828 0.89059172211 0.742336804424 11.015498312 247.404607334 362.126640954 21655.5133751 48 1593.41303225 39.5371824736 144.079823557 23.4628175264 93.5869677468 12.8733590466
3432 41.1903876534 693.707230171 181.722187514 240.036318462 0.861105656658 0.751612840004 12.1578803753 246.193082667 362.482794496 21844.7758004 48 1599.14782017 39.5268876529 146.708631798 23.4731123471 87.8521798261 12.5172055047
3456 38.6295132303 662.525451042 182.402571659 240.117868306 0.828743027286 0.68347429171 10.0911216715 248.278792704 362.745395923 21981.4316577 48 1604.2712496 39.509374298 161.009332984 23.490625702 82.7287504017 12.2546040778
3480 36.3578651207 623.740109043 186.308825123 240.19242452 0.802436714351 0.517003034368 8.82703949261 249.661096239 363.067001122 22108.7802908 48 1608.86386352 39.5119178103 159.689429466 23.4880821897 78.1361364826 11.9329988789
3504 34.3262426835 601.347121644 183.555033641 240.261477755 0.807516135582 1.1553652384 7.6644907078 250.111150164 363.288586428 22201.2219114 48 1612.99023153 39.5002562496 152.093208576 23.4997437504 74.0097684668 11.7114135731
3528 32.5142293416 567.583473576 187.439920247 240.328243235 0.822865434437 0.842056573287 10.1046863848 247.902148373 363.530083629 22264.6378432 48 1616.70227807 39.5056010014 158.31774303 23.4943989986 70.2977219285 11.4699163716
3552 30.8949392107 527.397006254 183.502550134 240.390344626 0.789804014915 0.37095710012 6.79345264086 251.655441619 363.852181328 22349.2877694 48 1620.04253893 39.5224430518 147.809078228 23.4775569482 66.957461067 11.1478186729
3576 29.4353735392 507.826793317 182.691680409 240.446998025 0.776677886126 0.832193845185 7.52752290762 250.416607337 364.000496844 22377.5757984 46 1623.05440774 39.5123663704 160.840592203 23.4876336296 63.9455922599 10.9995031564
3600.0 28.0675534368 508.233697951 184.234617365 240.50288994 0.794344851553 1.25066835988 7.93747683987 249.514620009 364.021410475 22360.5490045 74 1625.88126468 39.482429999 164.470809414 23.517570001 61.1187353214 10.978589526
3624 26.8809361722 429.844523005 177.568193984 240.553636435 0.775759402133 0.670395758237 6.7633365691 251.236871836 364.535158234 22481.7312335 73 1628.39201732 39.5782290401 130.452668302 23.4217709599 58.6079826816 10.4648417665
3648 25.8772183835 388.438427867 174.917689539 240.597962178 0.781387439712 1.08352650241 7.55122475255 249.985899127 364.889023781 22573.1901217 73 1630.50918935 39.6375896159 111.917740736 23.3624103841 56.4908106556 10.1109762197
3672 24.9942915504 361.407412617 172.98801999 240.63883821 0.777872811304 0.370201975049 6.33176332237 251.881323681 365.135657354 22656.2227464 73 1632.37034118 39.6774260766 95.105398876 23.3225739234 54.6296588187 9.86434264667
3696 24.1879584545 344.217601832 172.717904188 240.676722779 0.765120615072 0.663867595104 3.38788285628 254.506406154 365.277823751 22718.2147829 73 1634.06786425 39.6931972665 82.3568330325 23.3068027335 52.9321357495 9.72217625002
3720 23.4392849894 332.210246072 172.709622468 240.712764645 0.764848685995 0.860582228656 6.08050758728 251.581296853 365.381749404 22756.9473466 72 1635.64567243 39.6994142601 78.9929518778 23.3005857399 51.3543275667 9.61825059712
3744 22.7403950594 321.589105262 172.507996336 240.747554763 0.759235017323 0.120211432947 5.21131195052 253.161686837 365.471227554 22784.9759538 71 1637.12136052 39.7031127491 76.2768839515 23.2968872509 49.8786394789 9.52877244681
3768 22.0878238723 307.688319355 171.920339857 240.780177695 0.735955269892 0.282098570235 4.14889844097 254.052870024 365.583630345 22814.48229 70 1638.5044276 39.7201614291 69.7049085214 23.2798385709 48.495572399 9.41636965619
3792 21.4691794635 306.346135315 172.16370255 240.811180979 0.720291222659 0.425156339257 3.83101629598 254.212355164 365.605704656 22813.3450779 68 1639.81195476 39.6988456962 69.1323035734 23.3011543038 47.188045245 9.39429534529
3816 20.8762868978 304.103517955 172.359392452 240.841222254 0.711120611016 0.576450911943 4.32281339895 253.548392824 365.641818454 22799.9035782 66 1641.06931071 39.6889377515 68.6989029753 23.3110622485 45.9306892938 9.35818154666
3840 20.306561927 292.545474896 174.090648968 240.870670297 0.709160997155 0.747239875542 3.62503394935 254.047894881 365.67422148 22781.6428592 64 1642.28050503 39.6891279081 66.2929732667 23.3108720919 44.7194949726 9.32577852112
3864 19.7669382398 287.641251714 174.048119562 240.899376189 0.712491753709 0.843043386152 4.77685421234 252.768234459 365.708017478 22743.2005373 62 1643.42950009 39.6823249991 71.649992856 23.3176750009 43.5704999097 9.29198252265
3888 19.2473382449 280.963258044 175.659764832 240.927994562 0.721223771123 1.03387927231 4.60682149157 252.710080903 365.722011036 22699.7797797 62 1644.53808432 39.6796563033 70.007334099 23.3203436967 42.4619156849 9.2779889651
3912 18.7618914131 267.80780094 175.946531742 240.955862961 0.728543479028 0.151733659035 4.16414680694 253.999713094 365.796065992 22658.6531994 61 1645.5793063 39.7030313532 70.3811597733 23.2969686468 41.4206937029 9.20393400896
3936 18.3035491211 260.811460321 175.926476981 240.982536551 0.710564597693 0.316775721176 4.39113236671 253.598990764 365.827390786 22605.3413846 60 1646.56088942 39.7046747144 74.7146969154 23.2953252856 40.4391105832 9.17260921531
3960 17.8610803557 264.47977826 173.840662218 241.008388639 0.698847448753 0.450443258328 5.56265928072 252.279661373 365.816545501 22539.4940534 57 1647.50623858 39.6737775472 74.7949582656 23.3262224528 39.493761419 9.18345449972
3984 17.4209688385 265.117735982 176.224125304 241.034404756 0.6924404688 0.600795159982 5.86918641997 251.803173196 365.755832737 22452.1018181 56 1648.44697853 39.6431700295 76.9222337094 23.3568299705 38.5530214666 9.2441672641
4008 16.998482325 257.772293265 175.226575644 241.059876874 0.691681050549 0.715659421861 2.07599113075 255.456791523 365.777926848 22363.1020232 55 1649.35632958 39.6499577783 84.2029609982 23.3500422217 37.6436704201 9.22207315314
4032 16.5958631356 253.536187937 175.003386457 241.084774001 0.693524436287 0.769704427751 1.17276401044 256.279233124 365.802852333 22272.6891437 55 1650.22420418 39.6542101383 86.6509691259 23.3457898617 36.7757958229 9.19714766847
4056 16.208007295 248.07006145 177.913087404 241.109427602 0.696761698991 0.814169017331 2.15933549889 255.220306184 365.784946462 22168.2370746 52 1651.05965829 39.6457353736 94.2238817833 23.3542646264 35.9403417064 9.21505353896
4080 15.8391841985 240.964341568 178.541025802 241.133570589 0.702177993065 0.898484898763 3.81638267838 253.449383841 365.792196951 22070.7140241 52 1651.85732638 39.6575052513 94.1855283592 23.3424947487 35.1426736181 9.20780304995
4104 15.4722451394 245.957602266 180.051824403 241.158401857 0.710984782191 1.01898418291 5.55060219002 251.561026988 365.696095364 21941.1502449 51 1652.64540195 39.6132025821 95.8978259861 23.3867974179 34.354598052 9.30390463717
4128 15.1166053365 240.46275431 178.692957417 241.182989521 0.694855745452 0.138522806069 3.28976901521 254.693862913 365.696126382 21811.6541213 51 1653.41507793 39.6117383712 105.218210496 23.3882616288 33.5849220703 9.30387361855
4152 14.7710318287 236.255856386 178.131932949 241.206781592 0.677490145324 0.23534294185 4.03069982422 253.849685497 365.684365166 21680.5879342 51 1654.16353249 39.6094996923 107.953676428 23.3905003077 32.8364675145 9.31563483529
4176 14.4407090338 230.620723626 177.510852086 241.229537554 0.664856666404 0.368564499802 3.49032940043 254.24671188 365.681538311 21555.3575394 50 1654.88036124 39.6106517788 104.796007451 23.3893482212 32.1196387595 9.31846169024
4200 14.1178399254 225.213591519 176.774499175 241.251937122 0.656575798608 0.467097390877 3.00510370598 254.619285983 365.639726532 21405.4742334 50 1655.58054335 39.6050255472 117.580379249 23.3949744528 31.419456652 9.36027346897
4224 13.810364337 221.007470819 177.885353833 241.273536013 0.65168471124 0.538729558449 2.33616745092 255.199882267 365.640019285 21264.815322 50 1656.24974981 39.609844465 120.426022122 23.390155535 30.7502501908 9.35998071601
4248 13.5087730646 218.746208355 179.117603967 241.295070676 0.649107158661 0.607193738129 1.68950536449 255.759123063 365.575357602 21109.2289258 50 1656.90485897 39.5980594611 125.861575833 23.4019405389 30.0951410295 9.42464239912
4272 13.2207660844 217.179521519 180.513930122 241.31603564 0.648270768856 0.655148337782 2.87475753528 254.505787719 365.535303957 20957.821753 50 1657.53172213 39.5879876152 124.803302288 23.4120123848 29.4682778723 9.46469604356
4296 12.940175927 206.120808483 182.107911615 241.336909999 0.649375028375 0.697793897079 2.02621341754 255.289707659 365.530954836 20803.7978999 48 1658.14531566 39.6135079894 128.27280187 23.3864920106 28.8546843379 9.46904516549
4320.0 12.6736935339 205.309173388 176.564490935 241.357215572 0.652258741947 0.793527682344 3.81811167807 253.378886326 365.529115011 20648.7084066 76 1658.72635922 39.6037952261 132.757619882 23.3962047739 28.2736407846 9.4708849905
4344 12.4259256439 185.861500896 174.183455444 241.376603341 0.657434205689 0.880844329747 5.20984683054 251.875271293 365.584684201 20533.9446451 76 1659.27344157 39.6827091406 121.366971023 23.3172908594 27.7265584356 9.41531580071
4368 12.1972229446 178.641676097 172.692249985 241.395022675 0.665009043222 0.980598653371 4.12026129799 252.839108331 365.613147555 20412.9877502 76 1659.77507477 39.705562807 110.482477488 23.294437193 27.2249252333 9.38685244661
4392 11.9776425848 173.687883653 173.008739717 241.413266319 0.674132153265 1.02270390017 1.98238169133 254.907515937 365.593927224 20281.4115329 76 1660.25577182 39.7139823941 104.928332782 23.2860176059 26.7442281884 9.40607277759
4416 11.7679313873 169.109504598 171.623412079 241.431213462 0.67489599566 0.0622795422452 3.68028770124 254.151323299 365.591145073 20150.3558678 75 1660.71535456 39.7248630543 99.7079307621 23.2751369457 26.2846454406 9.40885492807
4440 11.5673863539 162.077896556 171.008393455 241.448420946 0.660251852237 0.131180641133 3.18399298228 254.576153578 365.600896191 20023.2867133 75 1661.15611024 39.753819264 92.4877260819 23.246180736 25.8438897603 9.39910381078
4464 11.3738405712 160.575959817 172.137546555 241.464970605 0.647787396812 0.190259063436 1.58085908848 256.116123847 365.567153715 19884.3094001 71 1661.58020547 39.7529023915 87.3250923413 23.2470976085 25.419794537 9.43284628604
4488.0 1011.18543246 155.902252797 173.576723805 241.481063447 0.637066142896 0.251304662667 4.90412398782 252.72644176 365.531714114 19742.7281964 70 1661.99353914 39.7615659596 82.085501679 23.2384340404 25.0064608618 9.46828588782
4512 840.52057786 3320.96697377 154.665055155 241.669018228 0.806406275652 2.31312894252 26.1794769197 229.031969635 350.299644341 25168.3002313 70 949.422439642 42.1167614812 30.3271265046 20.8832385188 737.577560359 24.7003556612
4536 645.403632257 3990.90762035 161.608976612 242.128933226 1.09017729721 7.25257668417 37.8812924708 211.647020322 349.644899803 29654.2028102 70 1021.13486632 40.9088175868 37.9790639759 22.0911824132 665.86513368 25.3551001992
4560 502.533941593 3947.80288422 165.313599602 242.639001092 1.53899702191 6.11280921598 34.4625015875 215.246691083 351.976231323 33621.0921102 70 1093.99695077 40.4428498431 45.4477560373 22.5571501569 593.003049235 23.0237686787
4584 403.778164468 3668.56676291 169.048563197 243.044062777 0.946402986797 4.78894184558 31.6681098058 219.552482585 354.738851641 37128.6998225 69 1158.95886757 40.2087684023 48.8299690235 22.7912315977 528.041132431 20.2611483613
4608 334.376779681 3376.47702476 171.129726992 243.247593798 0.732055869942 3.54306609135 32.6481221244 219.829162116 357.073066836 40191.6462255 68 1214.16225706 40.0583090317 47.2760277101 22.9416909683 472.837742941 17.9269331662
4632 283.982417232 3081.5638144 172.263644267 243.476133708 1.06111423149 2.36885594281 26.9822103332 226.111685785 359.059555862 42905.1095169 68 1260.49589423 39.9634862767 48.6648966666 23.0365137233 426.504105769 15.94044414
4656 246.292788129 2822.75386635 173.916440552 243.68757827 0.537635270718 3.60775638984 23.9941527968 228.172877273 360.678881267 45313.8038612 67 1299.22946424 39.8964703185 54.1536777578 23.1035296815 387.770535761 14.3211187351
4680 217.278723786 2593.3161082 174.379609958 243.825647231 0.847792231945 1.42551526568 20.0535019083 233.847543363 362.023701756 47484.8556692 66 1331.78109324 39.8490114298 54.0259810976 23.1509885702 355.218906758 12.9762982455
4704 194.28960736 2409.31796379 174.016330349 243.978629758 0.936100604393 0.949101317726 13.0894568604 241.04671146 363.08929894 49430.4974517 66 1359.43463669 39.8071788963 54.0924558276 23.1928211037 327.565363312 11.9107010614
4728 175.689744417 2235.8745757 174.862201966 244.12415775 0.989755972409 0.890642897987 17.0978059095 236.897637471 364.000311592 51199.1991064 66 1383.14465132 39.777748527 62.670615306 23.222251473 303.855348681 10.9996884098
4752 160.412727599 2074.82605022 176.895643077 244.224169193 0.0663743963289 0.707738208068 15.7406148969 239.261103306 364.801036212 52842.7401134 66 1403.58633226 39.7603630983 55.3330869034 23.2396369017 283.413667742 10.1989637897
4776 147.665172244 1958.43996321 175.410116868 244.240823457 0.188191437019 0.252063413269 12.9875455332 242.33137616 365.434157899 54319.3197808 63 1421.32310056 39.7355035312 69.9993303055 23.2644964688 265.676899439 9.56584210291
4800 136.728669588 1866.31855542 177.642604385 244.264994008 0.226120445781 0.427072272937 11.946387538 243.135425736 365.928344537 55665.4073733 60 1437.06265078 39.7081041699 82.6138296619 23.2918958301 249.937349221 9.07165546442
4824 127.219580809 1780.81100061 177.934354231 244.29192658 0.266121453844 0.566386084397 12.0902577778 242.785308104 366.350045187 56907.245822 60 1451.16472171 39.6818157143 90.7127442558 23.3181842857 235.835278294 8.649954815
4848 118.897438901 1690.97174728 178.954724476 244.32212326 0.330740498092 0.717072820984 15.4221144338 239.207948987 366.754473196 58068.3435753 60 1463.85089878 39.6646665309 76.4397587446 23.3353334691 223.149101225 8.24552680552
4872 111.621638316 1618.84262992 180.875119523 244.356182343 0.386576694845 1.14115267064 13.4865129291 240.629575363 367.108436764 59108.5968396 58 1475.2052665 39.6476676082 82.6986427573 23.3523323918 211.794733499 7.89156323805
4896 105.108945112 1568.64422648 180.649626109 244.391725372 0.412301553762 1.06769296193 11.4656245022 242.66265561 367.363098985 60040.1431803 58 1485.56862906 39.6206822515 96.6209065547 23.3793177485 201.431370943 7.63690101724
4920 99.2735693901 1500.98288773 184.142386815 244.426878519 0.416779800149 0.761784026833 8.821707785 245.572849869 367.646089298 60931.0470596 58 1495.04983789 39.6100180538 88.6198044796 23.3899819462 191.950162114 7.35391070368
4944 94.0780553455 1435.15467298 181.268490448 244.462017569 0.447039104367 0.534382586742 10.651185984 243.905374757 367.924313979 61760.614118 57 1503.63836661 39.6006862489 96.6825194489 23.3993137511 183.361633391 7.07568602275
4968 89.4016178963 1377.25271604 179.352472653 244.496981204 0.47262632774 0.9890669983 5.06721071636 248.974114754 368.174584722 62546.4834557 57 1511.48817923 39.5922761252 93.9310039499 23.4077238748 175.51182077 6.82541527968
4992 85.1685935574 1325.53459768 182.807057955 244.531814403 0.473891824004 0.387080165743 7.71696818636 246.890245421 368.385246011 63260.457441 57 1518.69241818 39.5838759843 100.5131267 23.4161240157 168.307581825 6.61475399108
5016 81.3466395517 1265.84378505 179.383832919 244.564515875 0.478762103735 0.684641557916 6.56936914858 247.702711316 368.626876602 63971.3425215 57 1525.28907726 39.5853093289 92.9407398617 23.4146906711 161.710922741 6.37312340015
5040.0 77.8730562066 1225.41828235 179.999415012 244.596537479 0.503408609636 1.04628153708 3.36366932984 250.490103045 368.806170575 64616.4339583 87 1531.34579066 39.5777128527 93.0952702835 23.4222871473 155.654209344 6.19382942709
5064 74.792839824 1105.64452986 178.098194864 244.626500992 0.488129061985 0.386575855039 7.06945546812 247.429338623 369.141473436 65365.1254883 87 1536.81429696 39.6292623944 66.3844715937 23.3707376056 150.185703049 5.85852656617
5088 72.087397218 1036.23722421 176.537738242 244.653542014 0.494606795883 0.804569927254 4.21818454679 249.829096717 369.410915388 66062.4176416 85 1541.64793196 39.6600856864 52.2256028989 23.3399143136 145.352068049 5.58908461432
5112 69.6373489621 991.074377156 175.905115096 244.679703952 0.515648078956 1.00157389791 3.89985670712 249.903217365 369.594094317 66718.1030573 82 1546.0481829 39.6716194379 45.6682813383 23.3283805621 140.951817107 5.40590568461
5136 67.3775310286 956.724577366 175.66799234 244.705235741 0.508776957399 0.248457824609 6.958256704 247.579272774 369.732890003 67337.0669019 78 1550.13122546 39.6726769134 45.4918659951 23.3273230866 136.868774543 5.26710999944
5160 65.2681608203 931.920353716 176.924199765 244.729326095 0.50336994366 0.523913394675 6.506974529 247.736416038 369.839522924 67920.4279499 77 1553.96621099 39.6684622857 40.6255382246 23.3315377143 133.033789012 5.16047707838
5184 63.2987399563 904.726314588 177.070141082 244.75255878 0.509335271267 0.75590075425 5.66346668429 248.318738511 369.948178294 68477.9534291 76 1557.57168253 39.667297463 39.9859738914 23.332702537 129.42831747 5.05182170776
5208 61.4532858799 883.98236792 176.157291712 244.775462255 0.523617428648 0.899508156185 3.56972331515 250.231688846 370.04436929 69007.8779994 76 1560.96949551 39.6624913133 39.9038725945 23.3375086867 126.030504497 4.95563071247
5232 59.7142513083 864.233442817 176.59751972 244.798273561 0.526881725344 0.0572148599399 3.14272638512 251.474903469 370.130298843 69509.7277284 75 1564.18982457 39.6572898235 42.225252173 23.3427101765 122.81017543 4.86970115875
5256 58.0678057654 840.614386445 176.056179254 244.819996093 0.510056323382 0.190130747104 4.54292127158 249.936895566 370.21688185 69988.5245341 75 1567.25654834 39.6563912618 48.1250643585 23.3436087382 119.74345166 4.78311815199
5280 56.5175768698 824.110697442 175.875930567 244.840488436 0.501022249645 0.378803121323 3.46793976652 250.811746427 370.292145863 70451.626169 75 1570.15782467 39.6502999169 45.3717065257 23.3497000831 116.842175331 4.70785413899
5304 55.042959554 813.501601265 177.558485998 244.8602938 0.498474157105 0.477386637736 2.31755810093 251.846287305 370.348357863 70872.6773022 73 1572.92916051 39.6389454358 51.4021542605 23.3610545642 114.070839496 4.6516421389
5328 53.6412021257 788.766228496 177.850583696 244.879589844 0.499434803367 0.57091354701 3.92263032547 250.12743148 370.424519189 71291.0287283 72 1575.58052636 39.6422074401 52.7364262443 23.3577925599 111.41947364 4.57548081327
5352 52.3183013323 776.557240383 177.44064783 244.898369545 0.503809674233 0.656298099295 3.21927324098 250.722249441 370.492341849 71682.8119119 71 1578.0919781 39.6373985109 58.1489025024 23.3626014891 108.908021904 4.5076581527
5376 51.0569547184 756.94356534 178.049292834 244.916932095 0.510783452992 0.747854195006 4.27908250557 249.545347752 370.552277467 72064.9629339 70 1580.49706442 39.635184961 62.6115471344 23.364815039 106.50293558 4.44772253499
5400 49.8576400874 746.058698983 176.730656458 244.935311973 0.520505489989 0.816625398671 3.13352397512 250.594033164 370.611875957 72435.6202801 70 1582.79244892 39.6294599257 54.7408773914 23.3705400743 104.20755108 4.38812404475
5424 48.7131425882 723.203181844 176.641728347 244.953633001 0.531579812087 0.86724046045 2.81047578563 250.837070941 370.678797804 72790.903028 70 1584.99385458 39.6340555496 54.1420036163 23.3659444504 102.006145424 4.32120219835
5448 47.6261421916 713.803664088 177.528337574 244.971830767 0.543807227251 0.914118378487 1.24040513773 252.32983849 370.722883627 73118.2277657 70 1587.08949358 39.6264580661 57.1301090473 23.3735419339 99.9105064193 4.27711637506
5472 46.5897625606 698.053826293 177.864020229 244.989985649 0.5567726594 0.983224001885 3.40668816737 250.063329523 370.7826735 73440.7317982 69 1589.09715782 39.6290819424 57.2318080859 23.3709180576 97.9028421826 4.21732650236
5496 45.5971801152 686.636869052 176.713398894 245.008201753 0.571445571898 1.06555815256 4.36228979816 248.992504725 370.827933125 73746.0439609 69 1591.02420597 39.6235978523 57.4527231344 23.3764021477 95.9757940318 4.17206687716
5520 44.6489288463 670.236475181 176.722859592 245.026451049 0.581188092847 0.190902537166 5.04728483299 249.154173489 370.884847919 74042.8399585 69 1592.87361988 39.6282004875 58.6540886062 23.3717995125 94.1263801242 4.11515208317
5544 43.7385598723 661.552874387 178.050186139 245.044240236 0.570632842229 0.269991064662 1.72811246342 252.387023395 370.916638427 74320.3944798 69 1594.65181007 39.6208953229 56.1379199201 23.3791046771 92.3481899325 4.08336157504
5568 42.8654597525 648.316307168 178.934016195 245.061377584 0.563286321928 0.393073211988 3.14646734969 250.835795533 370.958569156 74589.4815606 69 1596.3637578 39.6206682884 52.5978281712 23.3793317116 90.636242205 4.04143084624
5592 42.0247080927 636.759863477 177.639534298 245.078050435 0.559329001114 0.454664476081 1.54319784519 252.364758243 370.998771853 74831.8278865 68 1598.01643496 39.6180758583 64.7684978251 23.3819241417 88.9835650464 4.00122814894
5616 41.2172266435 629.274163102 178.985300167 245.094293639 0.557384817057 0.541430320393 3.72907168808 250.077819537 371.029835845 75071.9051262 66 1599.60763454 39.6125575369 61.5940432987 23.3874424631 87.392365461 3.9701641566
5640 40.4389698469 619.267750909 181.258699373 245.110234028 0.557880040917 0.598376440676 0.838366672454 252.895142818 371.063800592 75293.4887718 66 1601.14622806 39.6115780931 64.7130801208 23.3884219069 85.8537719455 3.9361994101
5664 39.6878761591 609.375206325 180.541142892 245.125940604 0.559195688072 0.61474521227 1.90670845538 251.793410041 371.093894791 75509.7239319 66 1602.63391381 39.6064692323 64.3636438337 23.3935307677 84.3660861912 3.90610521158
5688 38.9624417273 602.829942297 179.985901228 245.141442549 0.561486251184 0.666051880332 0.787727210117 252.84329211 371.121612681 75702.1399561 66 1604.07419751 39.6004838001 74.3681358946 23.3995161999 82.925802499 3.87838732099
5712 38.2578115359 599.517245194 179.260771729 245.156855313 0.56467404057 0.699986715285 2.6253342826 250.953149649 371.143607663 75887.0178959 64 1605.47599959 39.590711194 77.7551596745 23.409288806 81.5240004161 3.85639233904
5736 37.572043386 593.545813537 178.694168018 245.172230709 0.56899873423 0.762025755768 2.34079370436 251.155951098 371.165449444 76060.694731 63 1606.84366479 39.5837597061 81.4546165121 23.4162402939 80.1563352168 3.83455055809
5760.0 36.9096955476 584.606505526 178.937037491 245.187486859 0.575062555294 0.850143247869 3.88368561936 249.503621719 371.196789599 76226.8802266 91 1608.16894514 39.5821667144 85.9946473285 23.4178332856 78.8310548614 3.80321040295
5784 36.2825770178 558.40293133 177.260208979 245.202367823 0.583052390556 0.914067989585 1.2220874801 252.078424317 371.2509452 76434.0128544 90 1609.43141448 39.6079490077 70.3895273553 23.3920509923 77.5685855222 3.74905480155
5808 35.6915851641 537.756523396 176.551547448 245.216832475 0.591379371103 0.935388604645 1.37312730122 251.883272248 371.311942743 76630.2248235 88 1610.62236352 39.6273597906 61.8457937339 23.3726402094 76.3776364838 3.6880572589
5832 35.1280257887 525.190983071 176.242233437 245.231051433 0.599925650771 0.965864406958 1.3120639329 251.891094577 371.353510698 76813.4436818 88 1611.75847039 39.6363269132 55.9278457866 23.3636730868 75.2415296136 3.64648930416
5856 34.5840864203 518.674487015 177.505216869 245.245194703 0.608467241242 0.975936414809 2.17329855209 250.997103089 371.375076129 76980.7280538 86 1612.8551284 39.6329552441 49.9469620971 23.3670447559 74.1448715988 3.62492387307
5880 34.057933302 509.404500249 176.583662435 245.259282406 0.614327757402 0.0172289379417 3.87495560617 250.234205293 371.40633157 77139.3763559 85 1613.9187743 39.6362984195 49.8543306956 23.3637015805 73.0812256988 3.59366843173
5904 33.5487724989 499.958955408 176.245432706 245.273015332 0.601489450701 0.0591345540398 2.5302042131 251.536156451 371.436351984 77296.0020426 82 1614.94968601 39.6393502765 45.2664607921 23.3606497235 72.0503139892 3.56364801752
5928.0 1033.05670742 493.157485982 176.112346743 245.286216674 0.58991771057 0.0871879789905 1.10154596723 252.935131669 371.462407263 77438.7370839 81 1615.9475246 39.6398362851 46.2832232007 23.3601637149 71.0524753977 3.53759273857
5952 963.607531606 3704.00029148 158.716326185 245.345895337 0.566606956761 0.797229564822 12.0991140273 241.191154114 365.31294218 82941.4688542 80 917.669876147 42.1581875399 21.4197500226 20.8418124601 769.330123851 9.68705782172
5976 863.339349371 4610.24023679 162.45157362 245.442930615 0.620013317812 1.13298443891 14.8421521148 237.961919513 363.747813901 87866.2142163 77 945.167718076 41.2060662815 20.5119183013 21.7939337185 741.832281922 11.2521861007
6000 768.700093982 4802.73889897 165.100764607 245.552024153 0.642334905264 1.03060273344 18.8680472666 233.906990942 363.818784389 92574.3040382 76 976.040671288 40.8520770451 36.0216576284 22.1479229549 710.95932871 11.1812156125
6024 687.009234755 4763.58573175 168.359392505 245.666558354 0.6889880397 1.02540395674 22.1530504537 230.465999196 364.329194252 97053.0530194 75 1007.1975645 40.6463253353 35.3757868067 22.3536746647 679.802435501 10.6708057491
6048 617.941088684 4647.99947948 169.240225238 245.788614444 0.825671075182 0.821088635836 14.0760580012 238.488567843 364.932338495 101279.740736 74 1037.44627904 40.4995597985 40.839521285 22.5004402015 649.553720953 10.0676615069
6072 559.618456328 4481.43659929 170.156516728 245.919102347 0.970159831018 1.86871057469 15.8191407933 235.422886454 365.556555565 105304.449814 74 1066.30806226 40.393950211 45.1145130949 22.606049789 620.691937741 9.44344443644
6096 510.423480399 4291.05734173 171.62340236 246.054702812 0.983388326319 0.781223144372 9.47151314467 242.709172572 366.164467745 109162.562787 74 1093.40809883 40.3151211119 41.5686822283 22.6848788881 593.591901166 8.83553225692
6120 468.541114908 4122.34770976 171.825500553 246.14689219 0.0808749657531 0.218169345916 13.5420402635 240.012023235 366.700697262 112819.746408 74 1118.74334863 40.2459459254 39.4393448672 22.7540540746 568.256651369 8.29930273952
6144 432.513112102 3968.38174874 173.445209945 246.160537426 0.149255415625 0.762710759017 16.659268571 236.268227828 367.166637453 116294.744762 74 1142.4170177 40.1838043707 37.3133839675 22.8161956293 544.582982298 7.8333625488
6168 401.329548138 3809.52640563 173.079685729 246.182699684 0.238045810055 0.908170157699 12.5043745445 240.166709803 367.61316179 119617.094057 74 1164.48472594 40.1362984529 39.278407948 22.8637015471 522.515274056 7.38683821138
6192 374.083535636 3669.19191369 174.14444618 246.212871875 0.329579241397 1.14601117359 13.3984849612 238.913052749 367.991465177 122779.445912 74 1185.07100179 40.0902094812 44.8492995764 22.9097905188 501.928998211 7.00853482472
6216 350.111427216 3533.5624156 175.531922279 246.249829598 0.40364810629 1.10747089272 12.3154160502 239.923635352 368.348731367 125809.250744 73 1204.29259094 40.0527880701 35.6049910252 22.9472119299 482.707409062 6.65126863432
6240 328.978655895 3393.76143948 174.848621669 246.287809227 0.421338994954 0.97219547935 8.07646008956 244.242196209 368.685039195 128716.616185 73 1222.17002102 40.0237812973 41.1289401831 22.9762187027 464.829978982 6.31496080617
6264 310.179307597 3288.88318289 174.927920137 246.325186995 0.424993315064 0.645704435024 7.96087901333 244.643236241 368.960646073 131484.785727 73 1238.84562226 39.9887143635 48.309245587 23.0112856365 448.15437774 6.03935392828
6288 293.258500536 3196.38810033 174.594335372 246.36229367 0.456757462414 0.142026883276 6.06824687434 246.97067511 369.196580702 134122.828456 72 1254.52339481 39.9538151476 55.8295296763 23.0461848524 432.476605188 5.80341929927
6312 277.999362033 3092.52159106 174.616511489 246.39839016 0.450588860613 0.644216136046 9.26651058688 243.240294256 369.441645791 136678.084023 72 1269.25264176 39.9301896438 48.1407571135 23.0698103562 417.74735824 5.55835421007
6336 264.226929333 2984.6022365 175.802702353 246.433716677 0.480606662578 0.0437379463518 7.56323685228 245.478701862 369.66505265 139127.266743 71 1283.04602035 39.9094249574 49.3359960888 23.0905750426 403.95397965 5.33494735117
6360 251.754020434 2894.4311964 176.206560248 246.467953189 0.469896295854 0.572962997783 6.79086574659 245.698321771 369.869788441 141477.896124 69 1295.96609344 39.8891712708 53.3114650846 23.1108287292 391.033906556 5.13021156016
6384 240.366732704 2824.13434482 176.920174128 246.501112641 0.488844091713 0.888438620774 4.57205017809 247.549554469 370.044076908 143727.244319 69 1308.12940686 39.865787059 55.5755506879 23.134212941 378.870593133 4.95592309397
6408 229.927168441 2737.19692387 176.287408931 246.534773608 0.525265669349 1.22268709705 7.54280536195 244.174468263 370.219667179 145910.878118 67 1319.61238267 39.8494227732 55.5628313946 23.1505772268 367.387617327 4.78033282293
6432 220.321573954 2702.61838537 176.521663053 246.568763654 0.529898588215 0.528075198769 5.00582914365 247.367433415 370.344960598 147956.897912 66 1330.4503058 39.8193084219 64.0167067264 23.1806915781 356.549694197 4.65503940322
6456 211.40341357 2614.85362794 177.445910862 246.601796974 0.539281931762 0.846685854358 6.91497929736 245.097255942 370.492226048 149970.242147 66 1340.78211767 39.8066158734 61.8964621914 23.1933841266 346.217882331 4.50777395351
6480.0 203.184859701 2544.12352925 178.704328463 246.634334551 0.544233366196 0.217659541254 6.09871999951 246.505052541 370.635908591 151900.80532 95 1350.52934256 39.7942887177 61.2862079724 23.2057112823 336.470657442 4.36409141078
6504 195.723669955 2395.15828018 176.794957891 246.664522364 0.534207544677 0.500191519095 5.66065508688 246.640423484 370.849063629 153901.606571 94 1359.60235588 39.8169061661 37.5139518957 23.1830938339 327.397644117 4.15093637268
6528 188.968863247 2293.36070099 176.413209368 246.692755463 0.540060288384 0.788348899423 6.29941585342 245.679419495 371.027281195 155826.118244 92 1367.9693389 39.8275366737 29.1982310549 23.1724633263 319.030661098 3.97271880637
6552 182.741369904 2225.86282094 175.89668553 246.7203244 0.558651915776 1.0146646678 3.41268159806 248.293677417 371.15744573 157680.055966 90 1375.81269299 39.8244907129 24.9476708604 23.1755092871 311.187307015 3.84255427194
6576 176.953548791 2163.69377144 175.731035993 246.746761681 0.537169423733 0.137111685246 1.35340480703 251.225552402 371.273663492 159481.859716 89 1383.22553255 39.8206548072 27.6330779406 23.1793451928 303.774467452 3.72633651007
6600 171.546786038 2111.85703076 176.307264341 246.771396719 0.523237794301 0.356707492052 6.64503237746 245.703625616 371.373516547 161234.622367 88 1390.25858236 39.8136111063 24.0497826797 23.1863888937 296.741417642 3.6264834545
6624 166.47185847 2063.4197817 175.964211403 246.794884038 0.521586417652 0.606354755999 3.46280786512 248.614366923 371.464966758 162930.025595 87 1396.95863825 39.8059499704 28.0293048876 23.1940500296 290.041361749 3.5350332442
6648 161.695390631 2024.31874221 176.551319781 246.817799079 0.529343813405 0.804778206984 4.00750147748 247.840577422 371.542124368 164571.156878 85 1403.35190917 39.7945561954 33.7697719245 23.2054438046 283.648090829 3.45787563386
6672 157.192432057 1982.64977712 176.148667382 246.840504441 0.543161465305 0.909152087509 3.39213745824 248.315044547 371.623347507 166177.004637 83 1409.46289207 39.7868351048 35.3305853262 23.2131648952 277.537107928 3.37665249465
6696 152.935756301 1942.77813099 176.047653572 246.863198246 0.559552290549 0.995996558565 2.50294090841 249.078311996 371.699041426 167742.013482 83 1415.31384438 39.7798937038 31.2074954377 23.2201062962 271.686155626 3.30095857542
6720 148.912784413 1901.54315976 176.046748468 246.885937497 0.578184179898 1.07573395749 2.31801872761 249.142125637 371.772276091 169260.263549 82 1420.91134182 39.7739989624 34.1429708747 23.2260010376 266.088658182 3.22772391084
6744 145.106841284 1868.1814779 176.081456835 246.908446409 0.573086233827 0.169543035747 2.88509121314 249.463833107 371.837590107 170741.756352 81 1426.26673846 39.7655508675 31.9027084993 23.2344491325 260.733261544 3.16240989449
6768 141.491945658 1835.49415249 176.137341429 246.929879026 0.560747389193 0.317023117961 3.11831927229 249.074031194 371.89830485 172174.876204 80 1431.40919649 39.7573774336 37.7092510239 23.2426225664 255.59080351 3.10169515195
6792 138.046735236 1811.21721101 177.300120364 246.950464816 0.553153011251 0.38086316663 2.28815790844 249.827361097 371.94828305 173565.987391 79 1436.35999435 39.7459414497 31.6528328821 23.2540585503 250.640005649 3.05171695222
6816 134.765353947 1769.28838772 176.670596078 246.970336121 0.548925456872 0.504049864952 6.10609808217 245.870590474 372.013631226 174928.356495 79 1441.1279061 39.7445656971 36.7446602502 23.2554343029 245.872093905 2.98636877562
6840 131.647792413 1740.73027613 176.956592488 246.98961454 0.5502694856 0.670671399973 5.57462749297 246.21481708 372.068345731 176254.563479 76 1445.69891978 39.7379569341 36.8009095766 23.2620430659 241.301080222 2.93165427105
6864 128.667383344 1711.97920763 177.38100048 247.00860918 0.556223169132 0.77273790193 3.96703729398 247.695392454 372.116903998 177539.413279 75 1450.10836503 39.730786852 45.2811216581 23.269213148 236.891634972 2.88309600426
6888 125.825234499 1692.1433126 177.197672951 247.027376517 0.564273957225 0.830152538011 2.22917696387 249.349020023 372.163868116 178795.914284 74 1454.35013263 39.7220072466 46.3373035751 23.2779927534 232.64986737 2.83613188621
6912 123.100331571 1664.38371946 177.769032191 247.046062253 0.574143767855 0.924967280535 4.2428389587 247.211987739 372.211166699 180027.563855 73 1458.45229388 39.716611624 44.5528219082 23.283388376 228.547706122 2.78883330261
6936 120.488939875 1642.89237416 177.890113784 247.064721349 0.586636444266 1.02957227285 6.05688911781 245.262180815 372.250766849 181215.319453 72 1462.41428326 39.7082141332 47.988563595 23.2917858668 224.58571674 2.74923315316
6960 117.988223761 1616.64501475 177.093670291 247.083390499 0.595312484295 0.183710285378 6.60489746682 245.532689263 372.295399342 182383.002338 71 1466.23960752 39.7033870974 50.7846004524 23.2966129026 220.760392478 2.7046006597
6984 115.578795071 1603.59660097 178.359080149 247.101647991 0.585314378651 0.326789859814 4.10281204532 247.883435724 372.325827519 183503.177151 70 1469.95005376 39.691869276 54.3033898804 23.308130724 217.049946242 2.67417248231
7008 113.258022213 1586.68432991 178.98122351 247.119348989 0.578476280737 0.373862538289 0.652759673848 251.275552518 372.355437408 184588.908635 68 1473.55032974 39.6809820585 67.2581706456 23.3190179415 213.449670258 2.64456259407
7032 111.001014136 1581.30512507 178.178577085 247.136730626 0.573226987347 0.434724864917 2.11244785678 249.742869664 372.376410888 185638.311137 65 1477.07386676 39.6646146124 67.2198603658 23.3353853876 209.926133239 2.62358911387
7056 108.821721418 1561.71085538 178.724358371 247.153727744 0.570015656406 0.491380301327 2.46133548878 249.323540809 372.408193775 186667.340812 65 1480.50329999 39.6572150637 66.8039357245 23.3427849363 206.496700016 2.59180622653
7080 106.71847059 1555.43919095 179.71001055 247.170386863 0.568363877016 0.54527073944 2.69372456419 249.022253955 372.430918849 187649.491799 63 1483.83294349 39.6441414148 72.2392659508 23.3558585852 203.167056513 2.56908115296
7104 104.681427933 1540.37898065 180.091177191 247.18682292 0.569345136103 0.658441340964 1.70747164186 249.87791896 372.4570901 188599.37032 62 1487.07981941 39.6346468719 86.5466355842 23.3653531281 199.920180588 2.54290990208
7128 102.698472039 1537.72064158 180.775687644 247.20319748 0.572465938401 0.703875466899 1.79389349052 249.726567623 372.471876525 189522.845674 62 1490.25776537 39.6187167878 92.4246733376 23.3812832122 196.74223463 2.52812347693
7152 100.777003372 1511.81491484 180.659484785 247.219471555 0.576615194368 0.755020716636 4.77571206005 246.673180473 372.50476432 190453.437104 61 1493.36082058 39.6153547964 76.8173433573 23.3846452036 193.639179423 2.49523568219
7176 98.9438618163 1488.51838269 181.79986604 247.235428771 0.582690649893 0.829193299575 1.50574746619 249.846939812 372.545013133 191337.319449 60 1496.34071691 39.6156285335 85.2552099555 23.3843714665 190.659283094 2.45498686857
7200.0 97.1604306877 1499.30356784 180.745688547 247.251421683 0.589898365966 0.889084354998 4.19650236701 247.073093228 372.555462256 192172.59793 88 1499.24907397 39.5975572661 89.3893205493 23.4024427339 187.750926036 2.44453774591
7224 95.4686554731 1388.42302247 179.788520324 247.267072481 0.598164611417 0.921543501199 2.70348112856 248.509738277 372.643594789 193149.950936 88 1502.04494762 39.642159548 57.0601364752 23.357840452 184.955052387 2.35640521306
7248 93.9057869077 1334.39288349 178.035159623 247.281984894 0.606547094198 0.956133487576 2.80672155108 248.348612972 372.715959933 194083.296546 87 1504.63514686 39.666512815 40.5595752293 23.333487185 182.364853151 2.28404006902
7272 92.425188459 1296.0004719 178.176977224 247.296547926 0.615394728547 1.0012599019 2.65597083279 248.43082661 372.767314707 194991.760177 84 1507.09702635 39.6808363123 36.9425030444 23.3191636877 179.902973659 2.23268529505
7296 91.0061395202 1277.37389086 178.775009764 247.310745361 0.605412951553 0.0602898086478 1.37586110943 250.647690768 372.79786456 195871.811111 83 1509.46314709 39.6811669837 35.5562061159 23.3188330163 177.536852918 2.20213544164
7320 89.6362399261 1253.619902 177.565800442 247.32438398 0.593843109552 0.120770453793 0.983809038908 250.977193417 372.829031847 196744.936344 83 1511.75778068 39.6839079024 34.4954475554 23.3160920976 175.242219324 2.17096815534
7344 88.3133645071 1240.19661435 177.630968026 247.33751454 0.583861388037 0.16256437031 2.51276485747 249.403294843 372.854134763 197591.810362 81 1513.98189905 39.6812369234 37.5936174094 23.3187630766 173.018100952 2.14586523933
7368 87.0300868848 1225.97511825 178.094824669 247.350236926 0.575212154634 0.204001441466 0.952354510209 250.918194967 372.87681537 198427.92666 80 1516.14815283 39.6784247808 35.8131536221 23.3215752192 170.851847178 2.12318463148
7392 85.7836955979 1214.91925422 178.111520681 247.362598458 0.567564407755 0.240553074539 3.31929586095 248.509988198 372.896229091 199237.673001 77 1518.26007379 39.6731383124 41.1691170735 23.3268616876 168.739926217 2.10377091082
7416 84.5720158886 1204.16700798 179.721312098 247.374639584 0.561247276668 0.297426445453 3.56706059749 248.199626095 372.915547471 200031.088249 76 1520.32150483 39.66905539 45.9928193695 23.33094461 166.678495178 2.08445253135
7440 83.3913234871 1189.68503183 178.665511312 247.386419628 0.556022008516 0.317872822912 0.822150547926 250.917534992 372.934498251 200819.875662 76 1522.33811376 39.6661954741 41.9277626552 23.3338045259 164.661886246 2.06550175135
7464 82.2409323166 1185.15512351 178.906361349 247.3979549 0.551275605676 0.338844673281 2.01181760941 249.700107211 372.947206301 201576.226968 76 1524.30886745 39.6564998657 41.1086715552 23.3435001343 162.691132556 2.0527937008
7488 81.1238256344 1160.66640205 179.128133161 247.409221791 0.547259219691 0.365227952922 1.10796214014 250.570328895 372.975114063 202338.950335 76 1526.23315315 39.6625462497 39.0269158972 23.3374537503 160.766846854 2.02488593925
7512 80.044798699 1147.85139573 179.063789062 247.420178257 0.543796292217 0.384234288515 2.10977830115 249.54201286 372.995417609 203078.306836 75 1528.09689484 39.661048111 42.8253416192 23.338951889 158.903105162 2.00458239308
7536 78.9951042474 1135.84711481 178.767938311 247.430918194 0.541179575396 0.431707799927 0.980918017062 250.615276412 373.015285344 203809.38675 74 1529.91592831 39.6589968787 43.7795132366 23.3410031213 157.084071692 1.98471465793
7560 77.9689705088 1134.05477887 179.96716873 247.4415122 0.539239987757 0.455179146175 1.85080544184 249.713263223 373.026551111 204511.42411 73 1531.69888399 39.6514050655 42.9578932983 23.3485949345 155.30111602 1.97344889054
7584 76.9630601419 1130.16137263 179.615556686 247.452001095 0.537836884879 0.480042502602 2.68257771769 248.847541798 373.036280875 205193.145354 72 1533.45179285 39.6408846427 44.865807373 23.3591153573 153.548207157 1.96371912671
7608 75.9819910963 1111.38955148 178.086651845 247.462342469 0.537018236944 0.504402507928 1.45483850769 250.041398278 373.058264279 205875.459968 72 1535.16975407 39.644116076 49.8033374109 23.355883924 151.830245933 1.94173572249
7632 75.0270850247 1102.69492079 177.540022715 247.47252569 0.536682842519 0.542928887897 2.12879472326 249.319067855 373.073370363 206540.846705 71 1536.8456376 39.6391335537 51.5840414275 23.3608664463 150.154362402 1.92662963879
7656 74.0982193658 1089.95717619 178.53029559 247.482556625 0.536973018634 0.56393576472 2.76455364287 248.651980948 373.090838553 207199.525856 69 1538.48169805 39.6387977409 55.268284314 23.3612022591 148.518301952 1.90916144895
7680 73.1839349106 1092.16401775 177.766940327 247.492564446 0.537913338165 0.603593679816 1.34501886294 250.020909672 373.094831971 207820.603098 68 1540.09401797 39.6251339033 63.0110274601 23.3748660967 146.905982033 1.90516803105
7704 72.2903797946 1079.87899027 177.503397704 247.502489611 0.539432749093 0.643642987486 3.87360313503 247.440831516 373.110804783 208448.425094 68 1541.67700712 39.6234764786 69.6150907311 23.3765235214 145.322992888 1.88919521847
7728 71.4129412939 1077.50710512 178.413017161 247.512392413 0.541996131355 0.713413669459 3.31190950101 247.920288285 373.117415207 209054.62449 68 1543.2342199 39.6137887578 68.672615736 23.3862112422 143.765780109 1.88258479461
7752 70.5562853443 1064.15274184 180.196772181 247.522233254 0.545304069272 0.739158378996 2.7817045932 248.411599704 373.132227889 209656.998048 68 1544.7610058 39.614389569 67.5656783868 23.385610431 142.23899421 1.86777211287
7776 69.7226417053 1053.98124504 180.638654944 247.53198638 0.548834260389 0.75369107933 2.20424582916 248.96124245 373.145941657 210249.801366 67 1546.25030762 39.6116754638 64.2877203254 23.3883245362 140.749692389 1.85405834525
7800 68.9049006222 1052.84738363 180.349978313 247.541732427 0.552663870195 0.773132385554 1.58265969662 249.54981162 373.15512201 210810.477014 66 1547.71421081 39.6041693146 66.623864918 23.3958306854 139.285789199 1.8448779916
7824 68.1014220922 1048.14045565 179.178338478 247.55149049 0.556632464275 0.786851641682 0.945901888809 250.159123515 373.163810536 211357.805913 63 1549.15615121 39.5964553827 74.9627182576 23.4035446173 137.843848795 1.83618946621
7848 67.3083792487 1052.72065894 180.648238314 247.561306446 0.560750115954 0.801353216671 2.30072856042 248.77586166 373.165111489 211873.603294 63 1550.58231254 39.5844295771 85.6347473544 23.4155704229 136.417687466 1.83488851323
7872 66.5264947866 1048.60363449 179.795980891 247.571171512 0.564986919904 0.81242009245 1.65074984309 249.400671631 373.172214151 212394.578683 63 1551.99283374 39.5757570023 87.0311550291 23.4242429977 135.007166268 1.82778585049
7896 65.7623059264 1028.95824668 181.716086499 247.581000938 0.569421278268 0.828634341719 0.940260764027 250.080682677 373.189413043 212924.515664 63 1553.37749462 39.5816019381 76.501725888 23.4183980619 133.622505388 1.81058695902
7920.0 65.0172753359 1025.71031789 180.929208145 247.590771225 0.573976590414 0.851001969715 2.15671772962 248.827532484 373.198215991 213421.39182 93 1554.72862915 39.5744607805 74.2989836392 23.4255392195 132.271370852 1.80178401122
7944 64.3060650401 973.362089576 178.786200854 247.600279638 0.57873385967 0.881365100095 2.20800334438 248.731618057 373.241279182 213992.765414 92 1556.0292892 39.6108698725 58.1315439951 23.3891301275 130.970710806 1.75872082044
7968 63.6323487312 941.131332467 177.876480197 247.609460598 0.583582389085 0.895446787333 2.1159021091 248.795608115 373.27725465 214555.894625 90 1557.26181046 39.6331404088 46.1529842375 23.3668595912 129.738189541 1.72274535209
7992 62.9838807475 922.98323867 177.483878538 247.618464323 0.588433316787 0.909358428618 2.9153482608 247.968395669 373.300153149 215102.316771 88 1558.4485117 39.642745803 40.2458556409 23.357254197 128.551488305 1.6998468534
8016 62.3538964733 910.634851503 179.528137031 247.627374677 0.593418539892 0.927049798621 1.63496373456 249.217193248 373.31376194 215634.963237 88 1559.60276656 39.6460674586 35.7677157286 23.3539325414 127.397233439 1.68623806222
8040 61.7411246563 899.291611782 179.563299173 247.636202649 0.598464280939 0.944362783218 2.28844466052 248.532525626 373.329345981 216163.260926 87 1560.72788123 39.6497310949 32.5076128793 23.3502689051 126.272118773 1.67065402143
8064 61.1405013116 892.664717812 178.067595835 247.64501586 0.603614443558 0.958929934358 0.909099272473 249.883340488 373.339436611 216677.873573 86 1561.83179171 39.646717558 30.991925494 23.353282442 125.168208291 1.66056339085
8088 60.5525120437 882.941580096 177.517472798 247.653802757 0.608759760241 0.963892338667 1.50649860089 249.267046541 373.353084061 217185.7352 86 1562.91543053 39.648971123 32.4225704603 23.351028877 124.084569473 1.64691594161
8112 59.9779384876 875.686007749 178.13784375 247.662545206 0.61386433262 0.974690873178 2.04341691289 248.705482674 373.36390682 217686.791364 84 1563.9760104 39.6484509969 32.0134169287 23.3515490031 123.023989601 1.63609318235
8136 59.4123400755 873.581704331 178.27958228 247.671305929 0.618965972658 0.975285942228 0.578107294354 250.156334861 373.368746459 218170.346449 84 1565.02101598 39.6411189528 32.60909047 23.3588810472 121.978984023 1.63125354329
8160 58.8573682885 864.658503999 178.395185297 247.680054487 0.623961857323 0.983220851577 3.06432122501 247.648441578 373.379337566 218653.415323 83 1566.04932274 39.6416323337 32.2985026957 23.3583676663 120.95067726 1.62066243668
8184 58.3125398999 857.568294384 177.67848706 247.688793775 0.629016437251 0.994942685084 1.5105093837 249.176737718 373.389217896 219126.026828 83 1567.06049354 39.6405456611 33.1766504991 23.3594543389 119.939506465 1.61078210589
8208 57.7795813904 850.293164205 177.409467801 247.697481841 0.62965485889 0.0106482259717 2.91734486799 248.744870205 373.400701203 219594.918733 82 1568.05173414 39.6415594612 33.632132731 23.3584405388 118.948265857 1.59929879902
8232 57.2570360679 844.07700742 177.313727218 247.706006218 0.62148809816 0.0353711781091 0.296464153629 251.340670351 373.410513163 220056.332766 81 1569.02506696 39.6404028875 34.5598772551 23.3595971125 117.974933041 1.58948683963
8256 56.7418258107 841.323241464 177.310434794 247.714379275 0.613673074151 0.049820950487 1.67816181346 249.943964886 373.414859417 220503.490679 79 1569.98551975 39.633640269 34.8596507022 23.366359731 117.014480254 1.58514058493
8280 56.2369230264 832.818554539 178.147555405 247.722557308 0.606367209706 0.0779929440731 0.993389765874 250.599692772 373.425550093 220947.879859 79 1570.92959182 39.6355106007 37.1297935341 23.3644893993 116.070408177 1.57444990887
8304 55.7410856459 825.995065836 179.21646919 247.730566316 0.599480032641 0.0897805712572 1.30965399939 250.27051908 373.433966489 221381.728675 78 1571.8579065 39.6352534205 41.2704368652 23.3647465795 115.142093505 1.56603351321
8328 55.2523702619 829.244254972 178.041776829 247.738441484 0.592952391875 0.115054580283 1.57946190067 249.974089642 373.435330557 221801.437923 78 1572.77309456 39.6237253361 42.9917160636 23.3762746639 114.226905445 1.56466944497
8352 54.7690659107 823.425728956 177.638527314 247.746214722 0.58676077723 0.125201142243 0.871039746653 250.670783611 373.443884528 222219.545359 77 1573.68087746 39.6230538483 42.8160249779 23.3769461517 113.319122538 1.55611547418
8376 54.2953743407 812.074820413 177.484100978 247.75382145 0.580882335651 0.142473106464 2.11046157038 249.412361536 373.454896167 222636.987502 77 1574.57247911 39.6262407675 44.8852502398 23.3737592325 112.42752089 1.54510383506
8400 53.8322346384 802.258897471 177.413509287 247.76125026 0.575404065032 0.157337106634 1.30874058636 250.197267981 373.46570652 223054.813064 77 1575.44561147 39.6294287173 42.277733979 23.3705712827 111.554388527 1.53429348259
8424 53.3793372025 796.228618543 177.878845447 247.768509372 0.570227854177 0.169875819757 1.46675032132 250.024636631 373.474935991 223461.457139 75 1576.30048971 39.629567746 43.6867525085 23.370432254 110.699510291 1.52506401169
8448 52.9313907544 796.205287395 177.583393863 247.775686103 0.565319445096 0.191492657624 2.59788546127 248.869616332 373.477635736 223849.370495 74 1577.14623063 39.6215754969 48.7754907228 23.3784245031 109.853769374 1.52236426581
8472 52.4915466512 786.615278298 178.114280727 247.782733307 0.560790392999 0.212451430171 1.69832130538 249.745703563 373.487537551 224243.028199 74 1577.97925513 39.6253332947 52.1276375326 23.3746667053 109.020744868 1.51246245085
8496 52.0591143364 786.961050064 177.676055073 247.789665649 0.55662470515 0.234156725876 2.76924385567 248.650309063 373.49255981 224625.909944 74 1578.79848846 39.619145334 52.3712440034 23.380854666 108.201511538 1.50744019183
8520 51.6311842941 786.566420562 179.048747648 247.79653361 0.552888755268 0.268617493649 1.8066525925 249.575307548 373.493610022 224997.670629 74 1579.61007887 39.6118375062 49.9336148177 23.3881624938 107.389921136 1.50638997994
8544 51.2083032665 786.84590553 178.080526471 247.803333247 0.549561841348 0.296691253753 2.8444833474 248.505930309 373.49889228 225361.378711 72 1580.4134895 39.6062333604 46.794255747 23.3937666396 106.586510498 1.50110772259
8568 50.790369165 778.558405525 178.18998689 247.810069995 0.5465572718 0.312896462291 0.894203465289 250.436272805 373.505583168 225713.849463 71 1581.20910586 39.6059237853 53.1933887741 23.3940762147 105.790894145 1.49441683421
8592 50.3811532376 772.250302954 178.831612616 247.816685395 0.543852914906 0.335240761687 1.89129753274 249.412923395 373.514184821 226069.17446 69 1581.98954082 39.6079430113 53.1148455251 23.3920569887 105.010459178 1.485815181
8616 49.9756760173 771.546043931 181.658262042 247.823262639 0.541441497123 0.353845577878 1.89172158663 249.389728698 373.512957485 226398.434024 67 1582.76253501 39.5975044264 60.5765726101 23.4024955736 104.237464987 1.48704251765
8640.0 49.5739086612 771.972551205 183.161679309 247.829804885 0.53926455095 0.363806856781 0.905382317478 250.361741388 373.514375099 226723.313642 96 1583.53011866 39.5925372311 58.9399452747 23.4074627689 103.469881341 1.48562490355
8664 49.1851749264 745.645555222 179.587433393 247.836160907 0.537269931859 0.375879782517 1.83953743368 249.411151943 373.533426549 227093.88902 94 1584.27672644 39.6154897903 50.223234153 23.3845102097 102.723273557 1.46657345306
8688 48.8084810718 731.685372339 178.595197049 247.842346518 0.535512540814 0.391038561968 1.69772993656 249.53337244 373.547956899 227452.63682 94 1584.99978469 39.625308459 44.08330608 23.374691541 102.000215312 1.45204310392
8712 48.4411357423 721.720915825 177.82281234 247.848405937 0.533934089415 0.400340633576 1.51706193645 249.700257401 373.559858152 227807.194288 94 1585.7054522 39.631616445 39.0287911084 23.368383555 101.294547798 1.44014185028
8736 48.0816550286 713.995847701 177.518469154 247.854363602 0.532545278201 0.420273052786 3.27478410293 247.918033963 373.569318421 228155.528226 93 1586.39656953 39.6351291058 36.2117338552 23.3648708942 100.603430467 1.43068158202
8760 47.728787058 711.73863015 177.403087066 247.860241509 0.531474232153 0.443525374484 0.993903610746 250.170855272 373.574415946 228495.168648 93 1587.07518548 39.6316966377 33.2024340242 23.3683033623 99.9248145212 1.4255840568
