Time EBV Teff Treg ODC_le1 ODC_le2 ODC_le3 ODC_le4 ODC_le5 NK IL2 DAC Resting_Teff Resting_Treg EffectorMemory Resting_Treg_temp Resting_Teff_temp NK_temp
0.0 0 0 0 0 0 0 0 500 375 1000 0 1687 63 0 0 0 0
24 0 0 0 0 0 0 0 500 336.279789971 908.048253598 0 1687 63 0 0 0 38.7202100291
48 0 0 0 0 0 0 0 500 335.391027502 823.849847309 0 1687 63 0 0 0 39.6089724976
72 0 0 0 0 0 0 0 500 334.559882085 745.880698262 0 1687 63 0 0 0 40.4401179151
96 0 0 0 0 0 0 0 500 333.760437385 673.915002205 0 1687 63 0 0 0 41.2395626152
120 0 0 0 0 0 0 0 500 332.995774144 607.703333798 0 1687 63 0 0 0 42.0042258555
144 0 0 0 0 0 0 0 500 332.2684442 546.975994766 0 1687 63 0 0 0 42.7315557996
168.0 1000 0 0 0 0 0 0 500 331.580390823 491.447224652 0 1687 63 0 0 0 43.4196091775
192 587.94283022 2674.42256109 91.5619289612 4.47673168998 18.9970923557 71.5351553232 179.581289232 225.4097314 319.455578209 5741.3447637 0 1039.6715255 41.772295668 0 21.227704332 647.328474501 55.5444217919
216 137.647076441 6929.9218051 163.695455862 83.7216830264 48.983035254 86.8006143423 136.538284707 143.956382671 264.520976188 492.5230967 0 1394.3104291 38.9742774185 595.132223776 24.0257225815 292.689570901 110.479023813
240 32.9102864886 2395.96813547 173.428049963 170.874540412 26.0661632743 69.9731199782 96.9605435714 136.125632764 278.55609 232.357524804 0 1603.88098146 38.8566077025 541.373793392 24.1433922975 83.119018542 96.443910001
264 16.1271937542 579.898969756 166.065443454 193.770725794 13.1814722957 33.1888312418 81.2216141807 178.637356488 303.283901813 227.024925965 0 1648.92455858 39.0538434966 512.476323118 23.9461565034 38.0754414166 71.7160981879
288 12.4946059161 225.321384678 163.47378016 196.723119217 2.58485626213 20.3065262474 44.5280387596 235.857459514 315.127007635 291.841946756 0 1658.48319567 39.4872811167 468.317104455 23.5127188833 28.5168043323 59.8729923655
312 10.9221294372 151.590751628 166.560610956 197.086224327 1.05155586092 5.87130274817 27.6903165701 268.300600494 318.442952407 343.521317477 0 1662.22643576 39.7566172368 445.25138438 23.2433827632 24.7735642361 56.5570475932
336 9.79573236306 135.147727011 168.542724809 197.183491517 0.727251538591 3.52360484676 18.4170971932 280.148554905 319.197593878 353.820424087 0 1664.78015554 39.7815037894 432.491133108 23.2184962106 22.2198444557 55.8024061227
360 8.92179278028 119.396733631 171.762161697 197.296688286 0.837015236504 0.593314251384 16.9351778392 284.337804387 319.624844845 350.954831502 0 1666.76998163 39.8536280653 425.687538949 23.1463719347 20.2300183739 55.3751551553
384 8.19252996026 108.911673004 168.558148538 197.403285678 0.818075687799 0.449244956648 16.5661543374 284.76323934 319.901671866 353.282518778 0 1668.41090218 39.834107444 409.021233981 23.165892556 18.5890978194 55.0983281343
408 7.58834574402 99.4482863903 166.59929772 197.498271524 0.859910322524 1.8353831872 13.0555904085 286.750844557 320.398416004 351.598207473 0 1669.78252362 39.8692442215 408.307575674 23.1307557785 17.2174763774 54.6015839963
432 7.04886690246 87.9340737915 160.093608319 197.596242589 0.921760760288 0.98319661267 10.6399780266 289.858822011 320.992837173 363.141384556 0 1671.00690865 39.9384614506 391.820206198 23.0615385494 15.9930913484 54.0071628278
456 6.59811772121 87.0167407103 159.011039592 197.689324047 0.955579240309 1.18086404663 17.7417125343 282.432520132 321.200415512 360.384268305 0 1672.02326144 39.9040167918 380.76596842 23.0959832082 14.9767385592 53.7995844886
480 6.17559228971 81.7319590929 165.471094553 197.784277162 0.954313535233 1.14399495564 10.4449564049 289.672457942 320.822848862 334.916896107 0 1672.97638613 39.9021302196 371.87411073 23.0978697804 14.0236138658 54.1771511382
504 5.81000381734 70.8983669146 168.636539434 197.870789972 0.92445420779 0.312452227018 14.5110637032 286.38123989 320.581327163 314.979077851 0 1673.80857876 39.9845618061 359.586846698 23.0154381939 13.1914212429 54.4186728376
528 5.51204140741 67.1467917502 167.764780436 197.942889648 0.91157820402 1.0978579296 9.54658336894 290.501090849 320.81198142 302.344854415 0 1674.48927121 40.0656090084 349.715606873 22.9343909916 12.5107287898 54.1880185805
552 5.26292393624 57.6819221083 167.291113715 198.004762374 0.87764563052 0.654944950857 8.23900557506 292.223641469 321.116285844 306.753028534 0 1675.0595118 40.1862266001 340.440691987 22.8137733999 11.9404882046 53.8837141565
576 5.03206712023 56.6976002652 161.364610805 198.063694936 0.874122329069 0.121443498919 7.39827424124 293.542464995 321.329275292 310.736685643 0 1675.57744216 40.124533597 330.507477889 22.875466403 11.4225578426 53.6707247087
600 4.81433302878 52.1263404351 158.315150514 198.120429416 0.841939093606 0.622464748144 7.29743360395 293.117733138 321.470335377 313.0652618 0 1676.07251433 40.2053555557 316.940046712 22.7946444443 10.9274856694 53.5296646238
624 4.61503310864 56.1159502097 154.897208042 198.173683848 0.84183123811 1.03349271961 6.40551384745 293.545478347 321.400763433 304.760664913 0 1676.5177294 40.0592584223 309.493024448 22.9407415777 10.4822706016 53.5992365677
648 4.415825847 50.6354248775 163.811721871 198.228476159 0.812300748744 0.49246119985 8.33193419089 292.134827701 321.107038979 280.286662601 0 1676.97056134 40.1344945508 303.70165112 22.8655054492 10.0294386578 53.8929610215
672 4.25434359333 42.3502819568 159.808094988 198.273552525 0.804212196286 0.820207787899 3.3826136938 296.719413797 321.304852763 281.719341891 0 1677.34349164 40.3538397987 295.327768939 22.6461602013 9.65650836379 53.6951472373
696 4.11003212376 43.3441163139 158.334351806 198.315240444 0.799986306571 0.0787637806247 6.32905921099 294.476950258 321.255349337 274.415439414 0 1677.66828824 40.2977931407 287.448289359 22.7022068593 9.33171175545 53.7446506631
720 3.96840977146 43.3733967893 153.424360314 198.356513419 0.772960721477 0.461166584156 7.34719640805 293.062162867 321.355233002 269.254330149 0 1677.98796063 40.2681270585 280.798568911 22.7318729415 9.01203936709 53.6447669989
744 3.83152208507 44.9725314345 155.111226551 198.396929103 0.764417891324 0.724889927108 5.56568371655 294.548079362 321.091748033 253.803515225 0 1678.29523436 40.1860107247 275.105233621 22.8139892753 8.70476564045 53.9082519677
768 3.70984281755 36.6163417819 156.880113385 198.433979677 0.767547493731 0.885179581335 2.68690432691 297.226388921 321.127094201 250.105529927 0 1678.57606837 40.4192878803 267.549565469 22.5807121197 8.42393163406 53.8729057999
792 3.60062560234 39.0491007901 156.074998981 198.468542182 0.775119418808 0.0067697191209 3.79903424884 296.950534431 321.0671616 241.001406022 0 1678.82168 40.3256922564 260.011930562 22.6743077436 8.17831999556 53.9328384004
816 3.49686512594 32.8721662794 155.234061567 198.501871727 0.746407840071 0.214367004311 4.56141839108 295.975935037 321.2607025 240.472668804 0 1679.05931238 40.4998248089 255.426411926 22.5001751911 7.94068762366 53.7392975006
840 3.4039516809 33.2462593103 156.375220362 198.531633464 0.728247608307 0.353268894241 3.39740536249 296.989444671 321.055060365 234.177470184 0 1679.26877817 40.4431068406 248.506576064 22.5568931594 7.73122182798 53.9449396353
864 3.31017584761 36.4172971291 153.15704714 198.561872726 0.716222871471 0.515560878956 4.61990040475 295.586443119 320.964326978 222.794307384 0 1679.48001248 40.3795223933 243.285054914 22.6204776067 7.51998751941 54.0356730223
888 3.22302504657 32.5924303495 149.464609341 198.590403229 0.710108442088 0.600158844938 3.41833320879 296.680996275 321.176823313 224.645964267 0 1679.67885287 40.4768915305 238.681422297 22.5231084695 7.32114713116 53.8231766875
912 3.14313746104 28.1888027821 148.722777916 198.617081457 0.707754444138 0.709616669679 5.44683076578 294.518716663 321.335388794 223.934557648 0 1679.86158048 40.6231328033 237.553892913 22.3768671967 7.13841952364 53.6646112065
936 3.06575499597 31.6454790331 152.48057256 198.643579457 0.710426672915 0.8490135297 4.32267676828 295.474303572 321.043402074 212.592208418 0 1680.03428979 40.4141386108 232.931590475 22.5858613892 6.96571021364 53.9565979267
960 2.99482167255 25.4199822706 155.37429236 198.668632896 0.717187810985 0.956104061675 3.5693205204 296.088754711 320.852851016 203.950742732 0 1680.19858432 40.7484446734 232.63996828 22.2515553266 6.8014156841 54.1471489842
984 2.93155788041 25.4897006647 151.824863465 198.691668067 0.714473477706 0.0729317974013 4.90175674986 295.619169908 321.018730288 204.283408324 0 1680.34224151 40.7841586376 228.666411821 22.2158413624 6.65775849126 53.9812697127
1008 2.86610183821 28.3013006042 146.654149667 198.715530963 0.695533409873 0.231738616753 5.75092756854 294.606269442 321.05147629 205.026382173 0 1680.4871756 40.4781084668 224.139992865 22.5218915332 6.51282440214 53.9485237109
1032 2.80459489388 24.8793182353 148.339740434 198.737949789 0.683202415422 0.381010928542 5.20332473694 294.99451213 321.142106108 204.386717813 0 1680.6291837 40.7235085967 222.93253662 22.2764914033 6.37081629951 53.8578938927
1056 2.75096300105 23.522553627 144.842702316 198.757630101 0.676529106256 0.517711844116 5.59612259012 294.452006359 321.468349303 214.875653814 0 1680.75154885 40.8098128448 218.073110243 22.1901871552 6.24845114971 53.5316506978
1080 2.69427045803 25.1748526365 148.212219235 198.778708233 0.673829590387 0.655477186268 4.65346264111 295.238522349 321.140819318 202.399000051 0 1680.87805182 40.6235111701 219.510961154 22.3764888299 6.12194818317 53.8591806827
1104 2.63910751681 27.278665116 148.294098594 198.799628999 0.675177078504 0.773788440458 5.67568968171 294.075715801 321.019456543 194.737673382 0 1681.00258505 40.5575393885 218.048016033 22.4424606115 5.99741494905 53.9805434576
1128 2.58573070575 24.571944333 147.119067762 198.82038487 0.679644094397 0.859735278528 3.63854115783 296.001694599 321.017726566 194.447800928 0 1681.12413558 40.6285164801 211.9809635 22.3714835199 5.87586441527 53.982273434
1152 2.53656606295 21.7999636292 144.747040371 198.840035805 0.685417391763 0.909052851598 4.11628000075 295.449213951 321.276073311 197.960534313 0 1681.23729152 40.8659955331 207.306169084 22.1340044669 5.76270848384 53.723926689
1176 2.49004185636 23.3157764729 146.946292459 198.859161914 0.69236965173 0.960449950107 2.27833571832 297.209682766 321.126699669 193.177926192 0 1681.34135941 40.669879049 203.927701366 22.330120951 5.65864058669 53.8733003312
1200 2.44305801189 21.9386589589 145.716286136 198.879055442 0.697858402578 0.0317059721524 4.64414030611 295.747239877 321.055198183 189.032456092 0 1681.44831609 40.7498084653 201.825347718 22.2501915347 5.55168390674 53.9448018173
1224 2.39980805818 21.9043886505 142.000665375 198.897527599 0.681473214115 0.115585934286 2.51923359861 297.786179654 321.323038944 192.037804007 0 1681.5467638 40.7938511309 199.872901119 22.2061488691 5.4532362031 53.676961057
1248 2.35762299675 19.0066612057 146.130560246 198.915465369 0.667467864881 0.180320651245 3.3698016618 296.866944453 321.204455041 186.324243546 0 1681.64338561 40.9954006702 198.181822017 22.0045993298 5.3566143925 53.7955449594
1272 2.31976284118 18.8739543367 144.02457502 198.93154039 0.656853442546 0.261374895769 3.48640527855 296.663825993 321.233580862 186.785720488 0 1681.72932785 40.9993556292 195.706678904 22.0006443708 5.27067215437 53.7664191382
1296 2.28349017142 19.2323271789 146.452404249 198.94696427 0.648407682865 0.343726781912 5.40237885692 294.658522408 320.93229979 178.054445979 0 1681.81099986 40.9125430961 196.302598451 22.0874569039 5.18900013915 54.0677002109
1320 2.24448255567 19.8324383615 142.241012365 198.963632783 0.641973788652 0.44508978332 2.93280141342 297.016502232 321.044479157 177.415067203 0 1681.8986883 40.810853605 193.98548011 22.189146395 5.10131169778 53.9555208439
1344 2.20703881801 19.2555389658 142.563844599 198.979776807 0.637740062947 0.496035553358 2.37546532032 297.510982256 321.135657944 178.501117531 0 1681.98374708 40.8446654312 189.940395257 22.1553345688 5.0162529161 53.8643420563
1368 2.17392759065 18.6460574749 145.185164245 198.994204235 0.635009329715 0.540216554559 3.06286105767 296.767708823 321.115359083 176.76306457 0 1682.05985214 41.0042270639 186.1178545 21.9957729361 4.94014786082 53.8846409175
1392 2.1418162434 19.1845345822 140.187107492 199.008359988 0.633532132178 0.598074021229 3.61383376679 296.146200092 321.274099783 181.172351925 0 1682.13226527 40.9250074457 183.495006356 22.0749925543 4.86773473101 53.7259002172
1416 2.10811792967 17.3750150935 144.66946461 199.023426539 0.633449822224 0.660072769816 2.58960131939 297.09344955 321.152816102 174.119111224 0 1682.20885798 41.0076919535 183.988379445 21.9923080465 4.79114202033 53.8471838988
1440.0 2.07705759259 17.6944228718 145.503691952 199.037541618 0.634674221001 0.716052326606 2.11858070356 297.493151131 321.162109501 172.67644769 30 1682.27926701 40.9785254629 179.631537124 22.0214745371 4.72073298831 53.8378904997
1464 2.04942846088 15.6534975564 136.58289311 199.050309425 0.636698007876 0.753300278633 3.03224034121 296.527451947 321.595113907 187.284487781 30 1682.34310993 41.2458028074 175.497618294 21.7541971926 4.65689006431 53.404886094
1488 2.02291140037 15.7677480948 133.763653852 199.062771571 0.639241502917 0.777134394525 2.805960717 296.714891814 321.909196643 199.769369727 30 1682.4030837 41.2030122845 171.566684621 21.7969877155 4.59691629883 53.0908033575
1512 1.99687801133 15.6671411875 134.634054527 199.075219449 0.642220123023 0.81053874294 2.52727107144 296.944750614 322.08956164 209.346448561 30 1682.46208513 41.1931997473 167.825417253 21.8068002527 4.53791486539 52.9104383611
1536 1.97095464869 15.5202515122 133.039254483 199.087840673 0.645696333086 0.834491974706 2.31658025715 297.115390762 322.228028584 217.592743613 29 1682.52085251 41.1936656428 165.246418913 21.8063343572 4.47914748679 52.7719714167
1560 1.9463278688 15.4442342758 132.879088277 199.100053298 0.649391682162 0.850874888562 1.89907106878 297.500609063 322.374742439 223.459582522 29 1682.57670717 41.1861699151 164.769230489 21.8138300849 4.42329282421 52.6252575613
1584 1.92232637942 15.24278253 132.938428443 199.112176349 0.653362854153 0.879153896841 2.38250003875 296.972806861 322.436457113 229.271548064 29 1682.63117679 41.1970920992 162.39125623 21.8029079008 4.36882320834 52.5635428876
1608.0 1001.89872111 14.7334922404 131.891962109 199.124324997 0.657718051135 0.909783007749 3.83591949307 295.472254451 322.606849741 236.964462398 28 1682.68491426 41.2657079227 159.137410032 21.7342920773 4.31508573595 52.3931502594
1632 554.88908102 3135.1828378 139.488096159 200.447512762 3.2988079721 20.9074127683 70.8704820727 204.475784425 311.566022758 4712.39307881 28 1053.18179077 41.2968420572 138.846527137 21.7031579428 633.818209227 63.4339772423
1656 268.872656745 3815.522554 169.476224177 206.837680216 8.66564156619 27.264554603 82.2232172323 175.008906383 313.493910078 6385.91648342 28 1259.05577639 39.7284312757 243.466976806 23.2715687243 427.944223607 61.5060899222
1680 136.395065288 3360.57799019 185.687371048 216.275133025 9.1379135139 25.5288156044 70.0381332764 179.02000458 317.305531045 6624.16414239 28 1423.42349307 39.266930687 345.328868008 23.733069313 263.576506928 57.6944689553
1704 75.2902558053 2587.30170858 192.529590157 223.154832812 4.39006162267 23.6638578825 59.1156842317 189.675563451 321.578209233 6128.02610209 28 1526.69911867 39.0910061115 457.182370562 23.9089938885 160.300881328 53.4217907669
1728 46.6820765477 1734.36969953 201.00633422 227.034284125 3.16831555255 15.974854612 54.6903227533 199.132222957 328.04324114 5668.53372164 28 1583.8497353 39.0554868553 499.301937892 23.9445131447 103.150264697 46.9567588599
1752 32.7746796069 1160.36099657 202.802428517 228.436042286 3.96040061349 9.0630821848 43.0416755419 215.498799374 333.358167053 5239.43738684 28 1613.7013079 39.0731733146 542.38233765 23.9268266854 73.2986920936 41.6418329477
1776 25.1050381382 788.093968139 195.678110513 229.238823337 0.903126949351 5.61839608483 35.2943156065 228.945338022 337.46304013 4925.0241406 28 1630.65225614 39.1245057496 558.503072239 23.8754942504 56.3477438536 37.53695987
1800 20.6467316783 585.782663396 191.473902154 229.63180554 1.67454717718 4.10029333488 29.799084934 234.794269014 340.446188333 4722.56635959 28 1640.63294705 39.1878718164 541.286199643 23.8121281836 46.3670529454 34.5538116678
1824 17.6794948961 457.116754897 192.06320229 229.832665454 0.62293993745 3.74062139517 16.7626734488 249.041099765 342.11229964 4571.83521217 27 1647.26604037 39.2468577889 498.796540948 23.7531422111 39.7339596298 32.8877003605
1848 15.4598508289 398.971588354 189.765902667 229.986667215 0.835361684268 1.44336188742 21.4576948894 246.276914324 342.371232545 4346.9337492 27 1652.1760626 39.2485919813 486.874440277 23.7514080187 34.8239373943 32.6287674551
1872 13.7306704051 347.034567972 182.835973499 230.139241117 0.889479893917 1.57417612145 13.4515397778 253.945563089 342.761406034 4149.72858369 27 1656.03670342 39.2773329283 469.2488823 23.7226670717 30.9632965717 32.2385939665
1896 12.3603674158 283.502978995 183.68243538 230.28188152 0.910979619089 0.9146169097 16.6830880932 251.209433858 343.15948817 3981.30554305 27 1659.11643441 39.3311575368 450.306495169 23.6688424632 27.8835655903 31.8405118302
1920 11.2692496774 247.890724371 182.363024881 230.407073345 0.921124486346 1.7212563188 13.920069076 253.030476774 343.189597056 3804.14664317 27 1661.56075213 39.3645246591 442.51598491 23.6354753409 25.4392478622 31.8104029445
1944 10.3837402601 215.481697849 181.664872838 230.519194931 0.901446454825 0.541948524994 18.976323237 249.061086852 343.217582446 3666.85037204 27 1663.55128085 39.4066535056 411.992191912 23.5933464944 23.4487191445 31.782417554
1968 9.65279933236 182.399595253 178.566426026 230.617199062 0.887549783439 0.962534172516 10.284959423 257.247757559 343.367349355 3525.24539575 27 1665.20366556 39.4883431946 408.558388989 23.5116568054 21.7963344353 31.6326506458
1992 9.02287169219 166.689329737 181.859357089 230.708528816 0.908647763454 0.857711568453 8.3305172228 259.194594629 342.977891091 3379.31458524 27 1666.61208328 39.5002830185 391.938225396 23.4997169815 20.3879167209 32.022108909
2016 8.48908595273 158.053601852 182.87989511 230.791175656 0.886321850216 0.538409629469 8.33436279753 259.449730066 342.583027849 3239.75049757 25 1667.80887215 39.5093562247 373.669829782 23.4906437753 19.1911278453 32.4169721518
2040 7.9953160198 156.914977211 177.032859413 230.870166448 0.86944001382 0.154871558978 10.0312814753 258.074240504 342.111085393 3079.11518614 25 1668.91084975 39.4994864228 371.365611996 23.5005135772 18.0891502414 32.8889146072
2064 7.51825552074 133.837791409 179.960029979 230.948881786 0.850470385561 0.215370724129 11.4847624401 256.500514664 341.328965976 2913.43476827 25 1669.98093006 39.53568258 367.005010413 23.46431742 17.0190699332 33.6710340249
2088 7.12525529373 123.377715277 180.482157027 231.016399173 0.83905354001 1.14744975239 10.0495864293 256.947511105 340.929556108 2764.09180063 25 1670.86995517 39.579916158 361.289744701 23.420083842 16.1300448282 34.0704438923
2112 6.78066577381 109.984461171 179.463823057 231.080170079 0.882192910432 1.67932492529 8.59938699702 257.758925089 340.553467939 2632.2457729 25 1671.64997794 39.6471477667 351.35748342 23.3528522333 15.3500220582 34.4465320615
2136 6.46272856773 105.739387642 181.4243399 231.145663292 0.923693882086 1.16378890207 10.6134491296 256.153404795 339.899417686 2484.88486157 25 1672.36502278 39.6749272567 346.31347166 23.3250727433 14.6349772139 35.1005823147
2160.0 6.17997933095 99.5880839093 178.997604359 231.206862208 0.900010073384 0.728629791822 10.349463477 256.81503445 339.274615573 2348.07906803 55 1673.00273199 39.7098122366 346.747760452 23.2901877634 13.9972680082 35.7253844278
2184 5.95089234727 72.2784528003 160.467512444 231.257797632 0.900888469523 1.05493575055 4.71901508832 262.06736306 339.900842006 2317.8984759 55 1673.53461172 39.9888697491 318.501114747 23.0111302509 13.4653882759 35.0991579947
2208 5.76163606897 67.3600945548 156.389111122 231.301463484 0.889929706504 0.227679255237 3.25918393075 264.321743624 339.941746994 2273.78845307 55 1673.96341282 40.0666740837 293.546494342 22.9333259163 13.0365871824 35.0582530065
2232 5.5897079624 61.9198849915 152.900817294 231.341301234 0.865416400905 0.466600049878 6.90472496536 260.421957351 339.89753876 2231.46515958 55 1674.35188273 40.1343547384 272.287953176 22.8656452616 12.6481172654 35.1024612405
2256 5.43029347116 59.7073671601 151.965650102 231.378560421 0.852881671318 0.640867883905 4.10394778763 263.023742236 339.713602472 2184.0276442 54 1674.71082853 40.1627675061 253.039431551 22.8372324939 12.2891714709 35.2863975285
2280 5.28002547306 55.6979960261 153.002120568 231.414327078 0.847661925272 0.788976141861 2.98675585511 263.962278999 339.474321205 2131.47412994 53 1675.04974402 40.2167377219 237.331875869 22.7832622781 11.9502559814 35.525678796
2304 5.13829932825 55.2749529692 151.055975777 231.44890505 0.847613347613 0.901535800067 3.58459259515 263.217353207 339.150392531 2075.82700717 53 1675.36758052 40.1952558165 222.635523863 22.8047441835 11.6324194758 35.8496074701
2328 5.00550990742 50.5958695184 152.669021312 231.482259007 0.851530703368 1.01327966044 3.76243934661 262.890491283 338.845545437 2018.33975321 50 1675.66827741 40.2941237905 210.757788762 22.7058762095 11.3317225902 36.154454564
2352 4.88315182913 48.4405733351 151.276505892 231.513936374 0.847750241709 0.0857773645421 1.46956827897 266.082967741 338.556082838 1960.82820465 49 1675.94415688 40.3324220427 200.31642984 22.6675779573 11.0558431136 36.4439171628
2376 4.76273775373 47.486130207 150.513050601 231.545185075 0.82202045649 0.221853606934 4.20444989521 263.206490966 338.200535103 1901.60058656 49 1676.21440349 40.3252796624 190.12829504 22.6747203376 10.7855965109 36.7994648981
2400 4.64964197174 45.2186270117 149.648048347 231.574467078 0.803510605556 0.353280933874 2.55690372245 264.71183766 337.893532901 1844.00001247 49 1676.46964807 40.3741024012 182.933612921 22.6258975988 10.5303519298 37.1064671001
2424 4.54106536124 44.5968349526 148.656460109 231.602682242 0.789174159282 0.432750014348 2.84138206948 264.334011515 337.490095257 1785.53066236 49 1676.71340714 40.3600689652 175.540222488 22.6399310348 10.2865928549 37.5099047441
2448 4.43903758431 41.5146743072 149.222658177 231.629397882 0.778992481666 0.520890288888 1.7369401814 265.333779166 337.163073051 1729.15525487 47 1676.94471893 40.4555895606 168.959264587 22.5444104394 10.055281066 37.8369269497
2472 4.34010773416 43.5069586221 147.233456444 231.655603193 0.771788386921 0.60645623708 4.55513058992 262.411021593 336.765187635 1671.09805025 47 1677.16609451 40.3869980831 162.124698966 22.6130019169 9.83390548845 38.2348123657
2496 4.24256864768 40.1176567231 148.250057245 231.681839831 0.767801510951 0.703703105449 3.41651517972 263.430140373 336.33949327 1613.65735796 47 1677.38643701 40.446912282 155.986961026 22.553087718 9.61356298871 38.6605067308
2520 4.1516292745 38.1472840997 147.900335714 231.706774798 0.766910985901 0.768728731475 2.90988554496 263.84769994 335.936151381 1556.17421909 47 1677.59193845 40.5023935583 152.304666524 22.4976064417 9.40806154361 39.0638486198
2544 4.06738646772 35.9285087742 148.868050977 231.730368536 0.76795219251 0.829193784367 1.94119374473 264.731291742 335.548163244 1502.5547125 45 1677.78280922 40.5853680164 146.129811513 22.4146319836 9.21719078126 39.4518367565
2568 3.98617043351 35.8812347921 147.837559125 231.753635054 0.770318804468 0.873438726478 2.86855072773 263.734056687 335.167212521 1448.86451465 44 1677.96538985 40.564770715 142.406175289 22.435229285 9.03461015017 39.8327874803
2592 3.90647643044 34.6668786743 145.683712054 231.777026246 0.7742761283 0.922302735226 1.79095756476 264.735437326 334.782726514 1395.56947956 44 1678.14497536 40.5873601727 140.989591424 22.4126398273 8.85502464295 40.2172734864
2616 3.82815773957 35.5784472246 146.791634848 231.800621773 0.779317418634 0.961229270991 2.75136620392 263.707465333 334.273854224 1339.7464324 42 1678.32075097 40.5340145646 138.738407713 22.4659854354 8.6792490326 40.726145777
2640 3.74923330653 35.3611417582 147.090682151 231.825070026 0.785676986252 1.01437487283 3.90864176109 262.466236354 333.808754676 1286.43950535 42 1678.49810105 40.5129993082 134.810336089 22.4870006918 8.50189895108 41.1912453247
2664 3.67456103176 32.533357667 145.04101279 231.848891212 0.793413536581 1.0840359007 3.74305665157 262.5306027 333.469994657 1238.6924603 41 1678.66756958 40.6092979237 132.144925724 22.3907020763 8.33243042012 41.5300053437
2688 3.60212721477 32.418487677 147.88822923 231.872713109 0.798153524264 0.146240402137 2.51676215649 264.666130809 332.928119847 1186.27097089 40 1678.83036176 40.5776020201 127.814361883 22.4223979799 8.16963823897 42.0718801543
2712 3.53250964885 30.602962541 144.79077534 231.895813563 0.780614264012 0.242117319035 5.13404244345 261.947412411 332.607778085 1140.46776407 40 1678.98823842 40.6614654301 125.774204062 22.3385345699 8.01176157956 42.3922219155
2736 3.46544274711 30.0010355431 149.586172198 231.91804569 0.766212235472 0.300757823643 2.67931700026 264.335667251 331.990944619 1088.36911478 40 1679.1394561 40.6634809132 121.940307919 22.3365190868 7.86054389719 43.0090553813
2760 3.40194298393 28.6577387286 145.670954829 231.93913482 0.754663268469 0.377574683555 2.9124086343 264.016218593 331.715865487 1047.01754433 40 1679.28336355 40.731456769 118.369763356 22.268543231 7.71663644803 43.2841345133
2784 3.34029802025 27.7876531671 142.533086031 231.959704856 0.745611332603 0.467514037109 5.03004772838 261.797122046 331.46577549 1008.9689295 40 1679.42277999 40.7691082272 116.011079063 22.2308917728 7.5772200081 43.5342245111
2808 3.28204435415 27.9358158231 142.340922074 231.979294013 0.739254805318 0.528821231429 2.9215476466 263.831082304 331.11088 968.276346224 40 1679.55400692 40.7356648835 117.723994331 22.2643351165 7.44599308099 43.889120001
2832 3.22480796955 26.3257625248 141.735841505 231.998736906 0.734616193635 0.602095246839 3.78386112998 262.880690524 330.775162596 934.137285398 39 1679.68385729 40.8259050508 115.532712232 22.1740949492 7.31614271001 44.2248374046
2856 3.17091140865 25.4427114828 141.692393401 232.017272232 0.731871090351 0.647794125628 3.40180242877 263.201260123 330.455483729 901.205580672 39 1679.80591175 40.873227878 113.487779225 22.126772122 7.19408824833 44.5445162718
2880.0 3.11676558043 25.4396489488 143.342904688 232.036160593 0.730712842059 0.723492507832 1.10139038161 265.408243676 329.976041568 862.922378699 67 1679.92772866 40.835396898 112.547731844 22.164603102 7.07227133489 45.023958433
2904 3.06559586677 24.8918904541 140.867257592 232.054305181 0.730866949066 0.753385211418 2.62208091833 263.839361741 329.727194317 835.514081059 67 1680.0436154 40.8592337257 109.740148828 22.1407662743 6.95638459731 45.2728056841
2928 3.01624654486 24.04064648 138.884349313 232.072107772 0.731887130886 0.787617945118 3.0017707376 263.406616414 329.566738139 811.853648993 65 1680.15545042 40.9119761733 107.095725646 22.0880238267 6.84454957868 45.4332618622
2952 2.96854214837 23.5237369678 138.687432583 232.089630837 0.73377016535 0.821304260981 2.26549466344 264.089800074 329.324936659 787.943639786 64 1680.26333193 40.9323746701 104.600713095 22.0676253299 6.73666806271 45.6750633419
2976 2.92221120637 23.0666302434 137.817714879 232.106972993 0.736301320032 0.852470362428 1.44749278301 264.856762542 329.121713059 765.774652312 61 1680.36808748 40.9491434151 102.243093407 22.0508565849 6.63191251733 45.8782869419
3000 2.87723292186 22.5450431779 140.889108844 232.12413714 0.739128224144 0.867063726343 2.57412357367 263.695547336 328.807593596 738.523673676 60 1680.46983305 40.9714703154 100.998910005 22.0285296846 6.53016694151 46.1924064046
3024 2.83260310608 22.8849126784 138.807215364 232.141505779 0.742398496188 0.912953550439 5.68438099689 260.518761178 328.502947721 714.509188529 58 1680.5702865 40.9123957104 99.8261841743 22.0876042896 6.42971349628 46.4970522803
3048.0 1002.78885453 21.9311996124 138.49561035 232.158889833 0.746902720841 0.96089453122 3.7591399869 262.374172928 328.27886018 692.436715982 58 1680.66948918 40.9757868058 97.7513896724 22.0242131942 6.33051081167 46.7211398212
3072 608.664982591 2611.60632404 136.226698382 232.996681921 1.97606895185 15.0787900997 57.8195224955 192.128936532 320.640657999 5951.31928169 58 1030.58508997 41.9364840847 40.9126826293 21.0635159153 656.414910018 54.3593420027
3096 365.523173565 2860.19835926 153.138687239 235.409768875 3.91567024922 20.209451355 58.4119129628 182.053196558 329.933224097 9550.08101211 58 1180.35693264 40.4845141623 53.9494828951 22.5154858377 506.643067347 45.0667759045
3120 244.186757509 2545.95022743 164.343620498 237.685372528 2.37548179957 13.7016490845 54.3221928517 191.915303737 338.234204125 12184.7611822 57 1294.98178575 40.0301470295 70.340956599 22.9698529705 392.018214243 36.7657958762
3144 178.943316564 2179.18204461 169.146399218 238.67709361 1.32723954132 7.27734778718 38.4036327143 214.314686347 344.533461381 14144.0925119 56 1374.00887106 39.8385265607 84.0485168628 23.1614734393 312.991128934 30.4665386203
3168 139.975593091 1840.23999527 171.963510369 238.994814852 0.556822013989 6.52383252056 25.1568822858 228.767648328 349.094377519 15674.0773485 56 1428.72668372 39.7462904039 92.344350435 23.2537095961 258.273316268 25.9056224825
3192 114.882955943 1570.99847303 172.13960982 239.318962659 0.615624979678 4.58356444682 31.8642653932 223.617582521 352.528193331 16908.39734 56 1467.4516169 39.7054684024 92.8416128082 23.2945315976 219.54838309 22.4718066701
3216 97.5625569809 1376.89450099 173.708388964 239.505661337 0.302043808574 4.93305160398 16.2355460545 239.023697195 354.953434521 17911.3993624 55 1495.86903138 39.6750049365 91.9596596751 23.3249950635 191.130968609 20.0465654805
3240 84.8508366618 1222.90951008 172.151055917 239.634978245 0.777198337184 1.71905488977 16.2562845427 241.612483985 356.800137475 18738.0565718 55 1517.67216089 39.6559955646 92.3888423602 23.3440044354 169.327839098 18.1998625263
3264 75.1681307215 1111.61364929 174.125438052 239.786615585 0.86970389365 0.733387340533 18.6519096248 239.958383556 358.15737603 19420.9972719 54 1534.83067355 39.6349503631 101.482908673 23.3650496369 152.169326441 16.8426239715
3288 67.5193192811 998.585485557 176.396673696 239.930659133 0.916544660145 0.248235710771 17.7808837261 241.12367677 359.3298255 20016.9589142 53 1548.76554505 39.6339313624 113.751118742 23.3660686376 138.234454938 15.6701745016
3312 61.3362107901 919.145085216 177.339306677 240.059770242 0.879769557244 0.490175486023 14.3485905862 244.221694129 360.22414479 20535.708687 52 1560.25136961 39.6239539188 110.545866498 23.3760460812 126.748630383 14.7758552117
3336 56.1855073059 867.147385609 178.020623123 240.175852968 0.888216080728 0.29635335222 13.438737383 245.200840216 360.860383492 20948.7838073 52 1569.96782505 39.6020533692 119.232496646 23.3979466309 117.032174941 14.1396165094
3360 51.8070975566 808.919639136 181.656641806 240.282355354 0.86429188997 0.638745340777 14.0132628429 244.201344572 361.411362544 21305.2803769 50 1578.35433143 39.5869721993 133.612551647 23.4130278007 108.645668561 13.5886374569
3384 48.0162135842 778.150832947 185.081872438 240.381642423 0.873606037243 0.744336386154 8.97473639389 249.02567876 361.782076213 21587.6192403 49 1585.69503907 39.5587980309 135.916179065 23.4412019691 101.304960924 13.2179237884
3408 44.6716954357 737.205118014 179.15262515 240.47691576 0.882787231866 0.797170950722 12.5715058564 245.271620201 362.180844627 21825.5206494 48 1592.25060054 39.5419526438 146.916275516 23.4580473562 94.7493994536 12.8191553746
3432 41.7582097701 698.188889811 181.539793789 240.565307814 0.860233099736 0.813219436331 8.50400497189 249.257234678 362.567475425 22023.1176637 48 1598.03048453 39.5363428954 159.806331914 23.4636571046 88.969515457 12.4325245759
3456 39.136204513 680.52529892 182.684497307 240.650263136 0.902160783948 1.7533032278 9.38999624527 247.304276607 362.755428441 22153.8237587 46 1603.2525622 39.502899752 175.344254213 23.497100248 83.7474377918 12.2445715606
3480 36.7500836351 662.511770212 184.954643857 240.73758591 0.912545615767 0.421531370093 6.14159011766 251.786746986 362.930811441 22256.9973441 46 1608.05043155 39.4795702109 167.714923833 23.5204297891 78.9495684428 12.0691885602
3504 34.5930108747 630.466163772 183.666034316 240.819147844 0.892247116357 0.908392282454 7.42255188602 249.957660871 363.163737665 22328.5907662 45 1612.42815194 39.4700769399 166.83550382 23.5299230601 74.5718480491 11.8362623361
3528 32.6306709374 602.605236619 183.223563455 240.897384471 0.880410180692 0.427234156154 4.8078885115 252.987082681 363.306334482 22349.5887398 44 1616.42988768 39.4512245291 184.718340704 23.5487754709 70.5701123146 11.6936655195
3552 30.8999986017 573.048585978 181.246511526 240.968373042 0.864035276949 0.951018005769 5.70290424488 251.51366943 363.595714917 22392.2941546 44 1619.99863867 39.4574892206 180.500543087 23.5425107794 67.0013613194 11.4042850839
3576 29.3258264448 540.10977429 183.334050585 241.035023648 0.834434090664 0.716347526257 10.3080870896 247.106107645 363.766375814 22398.4421242 44 1623.25402384 39.4571965579 188.486483198 23.5428034421 63.745976148 11.233624187
3600.0 27.9124442494 516.947828175 182.305034041 241.096544992 0.815066189519 0.300960869652 8.13636907243 249.651058876 363.947973402 22395.8649021 73 1626.19125611 39.4549464885 192.963883658 23.5450535115 60.8087438838 11.052026599
3624 26.7166612238 432.070571447 176.778428614 241.149251576 0.793467464343 0.625826563044 6.3430856405 251.088368756 364.52427536 22531.5716211 72 1628.7301506 39.5644392082 149.089999854 23.4355607918 58.2698493934 10.4757246414
3648 25.7150607706 389.038539694 174.749750017 241.194640121 0.792851912602 0.888174802654 3.47362180956 253.650711353 364.901432068 22630.0012448 72 1630.84635559 39.628823177 123.097351713 23.371176823 56.1536444046 10.0985679335
3672 24.8314877851 364.225529334 174.05917759 241.236414857 0.801103138105 1.00955529214 3.61134388796 253.341582824 365.12706845 22700.4445066 71 1632.70895822 39.6638540069 110.431244757 23.3361459931 54.2910417705 9.87293155122
3696 24.0236067947 347.469817829 174.628154248 241.27561277 0.77616852305 0.309076088036 4.76746115249 252.871681466 365.264547653 22756.5128462 71 1634.41053069 39.6781236282 96.1610126933 23.3218763718 52.5894693004 9.7354523478
3720 23.2832204274 330.813710038 174.780980994 241.31162794 0.759489632794 0.518604838071 6.40219888976 251.008078699 365.402811104 22803.89017 71 1635.97510589 39.6989903913 84.6647016439 23.3010096087 51.0248941043 9.59718889734
3744 22.5952866787 317.38736892 172.777702214 241.345634514 0.753914634563 0.724352319648 5.50836068333 251.667737848 365.515427947 22837.1848626 71 1637.42962873 39.7104910418 80.3038776071 23.2895089582 49.5703712655 9.48457205396
3768 21.9462196805 310.669665589 173.930033236 241.37861694 0.755981275528 0.8805500516 4.36539269942 252.619459033 365.560608431 22847.1173859 68 1638.80156452 39.7034449561 79.1321258349 23.2965550439 48.1984354709 9.43939156964
3792 21.3359716141 301.957907318 173.192822428 241.410751332 0.764234247403 1.01800197548 4.8763703964 251.930642048 365.642870055 22854.506433 67 1640.09617817 39.707345447 76.8487840271 23.292654553 46.9038218274 9.35712994592
3816 20.759425688 291.910854046 172.985240577 241.442402911 0.776033108963 0.178857904139 5.01772406552 252.58498201 365.711095266 22850.9961543 66 1641.32178368 39.7153816037 77.4147617694 23.2846183963 45.67821631 9.28890473474
3840 20.2104366248 286.775823247 173.931018527 241.473178866 0.756202954606 0.338455717737 3.02879854244 254.403363919 365.747931364 22831.3490528 65 1642.4894554 39.7138900375 79.5701858595 23.2861099625 44.5105445982 9.25206863688
3864 19.684430851 279.301414488 173.003520842 241.502813367 0.74352070493 0.530294227292 4.79050848473 252.432863215 365.777572629 22809.417655 65 1643.60933176 39.7064047734 77.8771839059 23.2935952266 43.3906682374 9.22242737245
3888 19.1858273112 273.212790613 172.137044056 241.53129857 0.737372287523 0.61877059602 3.46558103805 253.646977508 365.82199887 22780.8850695 64 1644.67363367 39.7039103919 75.9483913555 23.2960896081 42.326366323 9.1780011308
3912 18.7099359911 267.482316191 172.760871904 241.559012527 0.734365414223 0.706117710438 3.92651587608 253.073988472 365.845862723 22742.4173905 64 1645.69102276 39.7023113304 73.5614026692 23.2976886696 41.3089772384 9.15413727793
3936 18.2548226315 262.302325546 172.775200308 241.586134846 0.734672809704 0.795528765448 4.18410874405 252.699554834 365.884729242 22692.518335 62 1646.66616603 39.7059826063 75.5235495915 23.2940173937 40.3338339651 9.11527075936
3960 17.8207373745 257.757370367 173.773238517 241.612707847 0.738087781641 0.890272834885 4.20628107347 252.552650462 365.892106226 22637.6968779 61 1647.59627816 39.6982262493 73.6623815729 23.3017737507 39.4037218354 9.10789377547
3984 17.3976164228 257.057157487 174.047313359 241.639440451 0.7459576501 1.01681174897 3.13559575641 253.462194394 365.86338677 22566.9059957 61 1648.502182 39.676934015 71.3965221502 23.323065985 38.4978179905 9.13661323128
4008 16.9911265368 249.554085846 174.734193952 241.665501969 0.723850675994 0.153499757935 3.98606049649 253.4710871 365.885129095 22492.5348613 60 1649.37689389 39.6821497346 72.4455586661 23.3178502654 37.6231061 9.11487090592
4032 16.6054631221 242.303909246 175.849049496 241.690113443 0.70599997815 0.249300907037 4.64598345232 252.708602219 365.902274041 22415.2236164 59 1650.20841003 39.689907321 71.427440045 23.310092679 36.7915899656 9.09772595973
4056 16.2362013472 238.220207577 176.162581083 241.713696853 0.693013935734 0.368588604975 3.06507731573 254.159623291 365.912628431 22328.2157831 58 1651.0045113 39.6900631633 73.3975042758 23.3099368367 35.9954886977 9.0873715699
4080 15.8773378584 234.458096111 174.342076436 241.736766085 0.683707817979 0.449214878291 1.49836016263 255.631951056 365.903252063 22233.0640795 56 1651.7778294 39.6802904008 77.1048435044 23.3197095992 35.2221705955 9.0967479382
4104 15.5315154986 228.551999502 176.287261506 241.759235792 0.677268767594 0.525019467861 1.806866557 255.231609415 365.899878418 22129.0121664 56 1652.52595845 39.6892090329 81.4454643105 23.3107909671 34.4740415453 9.10012158303
4128 15.198991221 229.102427266 177.874088645 241.781151013 0.673252001 0.588128914429 3.98801342657 252.969454645 365.873032449 22014.7929771 55 1653.24410341 39.673170441 85.8970250054 23.326829559 33.7558965847 9.12696755218
4152 14.8727825551 226.367607408 176.358783606 241.803032824 0.671970515513 0.683096730488 3.11758860016 253.724311329 365.838242116 21899.1947832 55 1653.94883147 39.6568487465 88.9177107704 23.3431512535 33.0511685279 9.1617578847
4176 14.5506810415 222.191058818 178.526118522 241.825121883 0.673593853885 0.768033490603 5.33398850974 251.399262262 365.790025691 21766.8748617 55 1654.64614112 39.6494384418 95.9800879591 23.3505615582 32.353858869 9.2099743096
4200 14.2426860041 218.062953816 175.619878112 241.846807823 0.678546583388 0.888170397384 3.27696951645 253.30950568 365.808587185 21647.0751087 54 1655.31493582 39.6528135814 94.8136048623 23.3471864186 31.685064173 9.19141281571
4224 13.9456819634 220.422492228 176.232492673 241.868378561 0.686783553023 0.994301641692 4.11369726425 252.33683898 365.760294395 21507.6784249 54 1655.95868672 39.6310112546 99.7691488817 23.3689887454 31.0413132749 9.23970560622
4248 13.6508260168 215.350493997 177.212942256 241.890225385 0.672368510322 0.115389683848 2.10139699728 255.220619423 365.72819728 21365.7776716 54 1656.59977607 39.6328647268 103.020631613 23.3671352732 30.4002239247 9.27180272146
4272 13.3739099261 206.643934186 181.078431615 241.910644865 0.656560581224 0.1839188138 0.86441776169 256.384457978 365.717594208 21225.4713615 53 1657.20416972 39.6501614699 108.403506946 23.3498385301 29.795830274 9.28240579333
4296 13.1036480489 206.599610302 178.674652447 241.930536739 0.643011843095 0.250377707091 3.59566215965 253.58041155 365.678203579 21078.163103 52 1657.79178763 39.634945966 110.867031125 23.365054034 29.2082123667 9.32179642202
4320.0 12.8398137564 198.212448175 179.040917616 241.949993174 0.633074048771 0.367254713971 3.18725225451 253.862425808 365.657122619 20928.8009209 81 1658.36766019 39.6462244332 114.562730462 23.3537755668 28.6323398059 9.34287738214
4344 12.5982411334 181.730757837 174.510489156 241.96793221 0.626526951006 0.422308884607 2.37671343389 254.60651852 365.71219208 20816.7707783 80 1658.9000836 39.7151248652 106.389357912 23.2848751348 28.0999163992 9.28780792136
4368 12.3720360728 178.536804713 172.266510122 241.984893075 0.621944426293 0.488187438457 3.20333801895 253.70163704 365.718503284 20695.8202133 80 1659.39447899 39.7176485733 98.5447498336 23.2823514267 27.6055210052 9.28149671694
4392 12.153614738 172.147514274 171.82322784 242.001469365 0.619170324788 0.550973991309 3.91326031103 252.915126007 365.720335804 20573.0795946 79 1659.87290467 39.7374937104 91.2288338493 23.2625062896 27.1270953273 9.27966419664
4416 11.9448466575 167.095963929 174.1629487 242.017545441 0.618166340685 0.607681533964 2.44373551869 254.312871165 365.703151071 20444.0777298 77 1660.33040405 39.7529070042 85.018631827 23.2470929958 26.6695959451 9.29684892985
4440 11.743561106 163.808005652 172.554461718 242.033304053 0.618288487983 0.642289504868 2.88747520859 253.818642745 365.68838509 20312.2849484 77 1660.7712296 39.7593488508 80.6442301639 23.2406511492 26.228770392 9.31161491084
4464 11.5477397036 162.112787734 172.032715324 242.048910259 0.619271613123 0.674744948511 2.26370461685 254.393368562 365.652684009 20174.0353945 76 1661.19955455 39.7516954687 77.8851757866 23.2483045313 25.8004454422 9.34731599166
4488.0 1011.35615547 159.990330033 171.130128125 242.06447093 0.621049555621 0.705876691666 0.606871530202 256.001731292 365.623842546 20033.5204136 75 1661.61918686 39.7499083078 74.652657437 23.2500916922 25.3808131393 9.37615745506
4512 842.76849957 3305.81008229 153.488420876 242.255068532 0.893191625815 3.06444567758 26.8403756405 226.946918524 350.596137164 25485.6563607 72 948.795841346 42.1362978076 28.6583160738 20.8637021924 738.204158653 24.4038628372
4536 649.903381898 3953.23847114 161.333891911 242.524699698 0.928633391948 5.52108232961 36.1555921065 214.869992473 350.031179039 30040.4247412 72 1019.28807394 40.9408688143 32.0568569083 22.0591311857 667.711926058 24.9688209622
4560 508.083231979 3939.69363078 165.575306146 242.832949455 0.419678874475 3.35737577498 28.7892852988 224.600710596 352.275290144 34039.9578024 70 1090.87808962 40.4680742289 42.9346527105 22.5319257711 596.121910378 22.7247098571
4584 408.960120827 3698.49708682 168.640881177 243.076941146 0.179147467901 6.11845346369 28.6963322978 221.929125624 354.827628382 37561.8349167 70 1155.25399956 40.2158024657 41.836262315 22.7841975343 531.746000435 20.1723716195
4608 339.019448187 3386.15197904 171.119835842 243.22897789 0.738082864851 4.42885466067 30.053448546 221.550636038 357.201092238 40663.1751321 69 1210.27010608 40.0715710987 48.4976756294 22.9284289013 476.729893918 17.798907763
4632 288.228870472 3108.51491102 172.81520237 243.389702111 0.213998882767 1.9493938934 18.4301140138 236.016791098 359.134325905 43397.7778727 68 1256.43565298 39.9719548134 46.8908679033 23.0280451866 430.564347018 15.865674096
4656 249.967216736 2852.47754364 173.634280371 243.477575342 0.622676700525 1.94896151953 21.667678383 232.283108054 360.71908288 45823.6352439 67 1295.34068723 39.9020422155 56.1208819525 23.0979577845 391.65931277 14.2809171208
4680 220.506493143 2632.86100917 176.197252102 243.604492267 0.754457965086 2.41476267946 18.0746104292 235.151676659 362.023358444 48008.2924058 66 1328.07226847 39.8497239491 63.0970668892 23.1502760509 358.927731529 12.9766415566
4704 197.119576026 2433.68210846 175.159994791 243.744055376 0.827015866311 0.580807936412 12.0744236601 242.773697161 363.115468587 49992.865483 66 1355.97703352 39.8116646864 60.2683910914 23.1883353136 331.022966482 11.8845314144
4728 178.248534653 2266.93803412 177.577559492 243.870051445 0.853404056536 1.4826177198 13.359523831 240.434402947 364.015152697 51782.0713662 65 1379.84231676 39.779231814 68.0680330596 23.220768186 307.157683236 10.9848473043
4752 162.680527109 2127.46190463 179.482264539 243.990856332 0.877358078476 1.03440240179 8.80448157312 245.292901614 364.762042961 53418.9777828 64 1400.5079276 39.7519502052 58.7769878265 23.2480497948 286.492072398 10.2379570399
4776 149.60734927 1992.97441401 177.536137933 244.102366045 0.890492552538 0.425744467408 15.6998688239 238.881528111 365.411847534 54906.3586088 63 1418.59093629 39.7311344475 72.8785250768 23.2688655525 268.409063706 9.58815246747
4800 138.482755375 1882.4079751 177.614601807 244.205656081 0.901018647303 0.992071504384 16.775846645 237.125407122 365.952864611 56286.960496 63 1434.52430491 39.7101805399 68.3380428669 23.2898194601 252.475695093 9.04713539012
4824 128.891312674 1794.58347125 177.835568802 244.301604592 0.881437875512 0.573724810868 12.8224311741 241.420801547 366.392981747 57540.1229745 63 1448.6794456 39.6863320247 71.6417044953 23.3136679753 238.320554395 8.60701825398
4848 120.510315234 1720.45252991 176.205095343 244.390904305 0.9067783347 1.61188208993 9.09601175353 243.994423517 366.783239329 58688.1810404 59 1461.38332943 39.663733436 78.7526229588 23.336266564 225.616670573 8.21676067226
4872 113.083515351 1647.97665971 177.412712748 244.477525722 0.915339148806 0.554839870359 10.2223563761 243.829938882 367.110549625 59734.965584 58 1472.91141165 39.6434176055 102.135067288 23.3565823945 214.088588346 7.8894503761
4896 106.455718649 1584.99851719 178.164511669 244.559880679 0.897762026619 0.465011976572 12.2710512288 241.806294089 367.396734785 60725.0161392 58 1483.42007427 39.6230138508 90.0306497255 23.3769861492 203.579925734 7.60326521587
4920 100.55746536 1516.5982273 179.394121959 244.635820302 0.887076464369 1.07933110141 9.60753966116 243.790232471 367.686427579 61636.5933684 58 1492.96258747 39.6102971903 89.0972117601 23.3897028097 194.037412531 7.31357242248
4944 95.294807124 1443.0354678 179.962158512 244.707711267 0.885646649329 0.783637026545 10.5031037181 243.119901338 367.973489479 62487.114006 58 1501.63245148 39.6060576887 101.429126047 23.3939423113 185.367548523 7.02651052236
4968 90.5748981352 1388.06036502 180.201740948 244.774622762 0.859879593794 0.393943849668 6.5422192136 247.42933458 368.223086553 63293.7614305 57 1509.52521479 39.5973105241 97.7078943811 23.4026894759 177.474785207 6.77691344808
4992 86.2907075941 1349.58187603 180.485406041 244.836342045 0.844876382561 0.893811322822 5.88890248212 247.536067767 368.411877209 64027.919774 57 1516.78265373 39.5817740362 99.6161270457 23.4182259638 170.217346265 6.58812279189
5016 82.3739422339 1305.17349571 183.800462682 244.894539119 0.819327156548 0.537830266719 11.222347604 242.525955853 368.582445384 64705.7850678 55 1523.50535272 39.5690401867 107.048443652 23.4309598133 163.49464728 6.41755461679
5040.0 78.7878492941 1253.56058746 182.253624833 244.949001133 0.807334890567 0.16657785495 7.81348578832 246.263600332 368.774358369 65363.2426489 85 1529.74086439 39.5645547786 103.707628042 23.4354452214 157.259135605 6.22564163178
5064 75.6405233201 1123.3378878 178.27073657 244.99749088 0.782701170782 0.531584125793 3.55827526158 250.12994856 369.153873268 66131.7805744 84 1535.3200979 39.6240629465 67.9126421015 23.3759370535 151.679902097 5.84612673249
5088 72.8914541164 1052.41595838 177.317627857 245.040652905 0.773670456087 0.716244139672 3.20277538181 250.266657116 369.420947733 66832.1951581 83 1540.21786665 39.6538258379 56.8104181573 23.3461741621 146.782133343 5.57905226735
5112 70.4033948881 1002.40484612 176.690447133 245.080942411 0.77461687548 0.886201645633 4.97988851562 248.278350551 369.613183891 67499.4291074 82 1544.67701465 39.6689481274 47.4396662196 23.3310518726 142.322985343 5.38681610941
5136 68.1197736971 965.598637085 175.966108653 245.119221269 0.763206626391 0.151965935049 5.93706077523 248.028545393 369.763877863 68135.4978836 82 1548.79541784 39.6747083677 39.5631114414 23.3252916323 138.204582157 5.23612213755
5160 66.0067127804 930.123568381 175.688404376 245.15468413 0.738635903699 0.299973918922 2.61941673622 251.18728931 369.898400284 68744.0547744 81 1552.6322772 39.6801373854 38.7362092805 23.3198626146 134.367722799 5.10159971674
5184 64.0370723293 905.907842093 176.733891328 245.187865941 0.723709943717 0.536200086693 7.63879124209 245.913432785 370.001805931 69316.4765943 79 1556.22849544 39.6772757358 39.4796139588 23.3227242642 130.771504554 4.9981940695
5208 62.1791068273 888.892981145 176.030090058 245.219719174 0.720252625124 0.738019396134 3.3711111618 249.950897642 370.084417987 69857.5786059 78 1559.63837794 39.6675600735 37.5128672019 23.3324399265 127.361622059 4.91558201425
5232 60.4249568553 869.895484914 175.811274852 245.250687319 0.723395733084 0.848741977051 3.95220564385 249.224969326 370.172346314 70371.2281429 77 1562.87894727 39.6630353702 39.2043740135 23.3369646298 124.121052721 4.82765368723
5256 58.7731349192 846.169906545 177.354590157 245.280896356 0.730250596129 0.932177309966 4.23477159428 248.821904142 370.256749901 70866.8427087 75 1565.94834425 39.6612750265 41.3551098749 23.3387249735 121.051655745 4.74325010026
5280 57.2151906745 828.728647313 177.001709349 245.310510376 0.73661891442 0.113407193307 7.99886527531 245.84059824 370.335588163 71339.6470082 75 1568.85795514 39.6577861213 40.9308609309 23.3422138787 118.142044853 4.66441183822
5304 55.737963715 810.928811088 177.124017577 245.338983788 0.71569875455 0.260661254976 5.6458958639 248.038760338 370.405019289 71781.1836151 75 1571.62986857 39.6531736049 50.4623692418 23.3468263951 115.370131421 4.59498071136
5328 54.3355868396 791.583902164 177.07959127 245.36605252 0.701669582333 0.408314991816 3.01783086403 250.506132041 370.476667319 72219.5218374 75 1574.27460645 39.6514611541 46.8124159216 23.3485388459 112.725393548 4.52333268208
5352 53.0031058853 776.875147168 176.71416783 245.392009512 0.693158199535 0.538408996848 5.16227794685 248.214145344 370.539137477 72627.5252608 73 1576.7976998 39.6462457807 49.0203779449 23.3537542193 110.20230019 4.46086252329
5376 51.7399016423 756.502736003 176.1861392 245.417020255 0.690252032718 0.687077183382 3.98535639998 249.220294128 370.611275142 73031.3094107 72 1579.20191456 39.6476398369 47.7877537423 23.3523601631 107.798085438 4.38872485907
5400 50.5448709008 742.479504951 177.842286272 245.441233415 0.69184008933 0.775255305524 1.63052634031 251.461144849 370.671772219 73413.3995023 71 1581.48506012 39.6461564766 46.4567907486 23.3538435234 105.514939873 4.32822778152
5424 49.3862510665 741.608530257 177.784999846 245.465353042 0.695009893084 0.787497557437 1.35423543807 251.697904068 370.687109984 73744.0059979 70 1583.70030521 39.6238623022 56.6080545916 23.3761376978 103.299694781 4.31289001652
5448 48.2826190146 717.676478077 176.665226472 245.488974464 0.698838585438 0.840420946667 3.77090395473 249.200862048 370.766440395 74094.94959 70 1585.82797986 39.633886461 60.8177974192 23.366113539 101.172020135 4.23355960548
5472 47.2353795044 703.510107255 176.252519295 245.51205265 0.704873974465 0.930738358991 3.85102622928 249.001308786 370.822921692 74433.0872092 68 1587.85112751 39.6325994264 58.9682079396 23.3674005736 99.148872481 4.17707830909
5496 46.2313607902 693.938293432 176.652521222 245.534897144 0.713132813056 0.989618350564 0.818181593992 251.944170097 370.866273093 74749.1357236 66 1589.79613156 39.6270866565 57.0064514052 23.3729133435 97.2038684363 4.13372690819
5520 45.2577614773 701.328859797 176.944219506 245.557617344 0.703278055049 0.079772221335 3.70032386705 249.959008512 370.874090958 75017.6800112 64 1591.6834369 39.6018061209 63.8848581981 23.3981938791 95.316563093 4.12590904299
5544 44.3171851962 677.805171199 178.024843158 245.579478668 0.685134205591 0.15682004333 2.52843470747 251.050132375 370.926889178 75300.9456106 64 1593.52017971 39.609609757 66.7133982823 23.390390243 93.4798202832 4.07311082309
5568 43.4076087793 674.056747201 178.010036068 245.600548219 0.669957540849 0.224595768874 3.26798531729 250.236913153 370.944606424 75550.8789151 64 1595.29650319 39.593794415 66.0049682331 23.406205585 91.7034968054 4.05539357674
5592 42.5368484875 661.106070078 178.677114096 245.620724344 0.658303942355 0.343447903554 1.71696761143 251.660556198 370.99654649 75794.7063552 62 1597.00680613 39.5962627928 69.8860288724 23.4037372072 89.9931938628 4.00345351088
5616 41.7030742009 650.818449279 180.324525912 245.640145297 0.650168532355 0.408007788853 2.0877740474 251.213904333 371.027287234 76024.8168777 62 1598.64742681 39.5923762103 75.5042625271 23.4076237897 88.352573184 3.97271276637
5640 40.8993278462 643.718611289 178.232789239 245.659029599 0.643861558658 0.447428232418 2.37727081669 250.872409792 371.065028533 76249.9237235 61 1600.2331372 39.5875015795 73.5886691292 23.4124984205 86.7668627977 3.93497146795
5664 40.1094233903 646.90158911 179.307324867 245.677794939 0.639622401567 0.548498629956 3.55287739587 249.581206632 371.061419402 76432.1669287 61 1601.79136445 39.5657779498 77.3688417709 23.4342220502 85.2086355497 3.93858059855
5688 39.3495175948 628.806714963 180.098842964 245.696120382 0.638260953387 0.641830929644 4.59359231902 248.430195415 371.112611145 76625.2113964 60 1603.3012994 39.5734040637 82.3334578012 23.4265959363 83.6987005954 3.88738885617
5712 38.6034811537 645.592488806 179.881591937 245.714456773 0.639215920961 0.694419854859 2.71348874235 250.238418708 371.092146283 76757.9099104 57 1604.77794296 39.5372504482 94.060161697 23.4627495518 82.2220570351 3.90785371755
5736 37.8757833052 627.61784123 183.51596064 245.732730906 0.641283149944 0.733823905698 2.81390018383 250.078261854 371.117769527 76911.59456 57 1606.23003346 39.5416790633 97.3460816894 23.4583209367 80.7699665322 3.88223047407
5760.0 37.172988259 620.136226143 182.491653109 245.750791529 0.64474275755 0.805245495539 4.73166138832 248.067558828 371.142704947 77051.1241999 87 1607.63409184 39.5362154239 98.6029652865 23.4637845761 79.3659081537 3.85729505389
5784 36.5195560502 575.689378414 178.714519522 245.768008361 0.649961156084 0.873460783804 2.27394361177 250.434626086 371.241845389 77262.8592607 85 1608.95313146 39.5843188942 79.8898340148 23.4156811058 78.0468685341 3.75815461166
5808 35.9147125258 550.615753595 177.878889579 245.784364451 0.655936699271 0.900653456986 1.50484491087 251.15420048 371.31626265 77458.4743399 85 1610.1726137 39.6105612246 69.1036498138 23.3894387754 76.8273862963 3.6837373507
5832 35.3402766411 536.055654962 176.814494929 245.800302269 0.662155901577 0.93700866071 2.49789215068 250.102641017 371.364091346 77642.7380733 83 1611.33014411 39.6212735779 59.1168812578 23.3787264221 75.669855887 3.63590865495
5856 34.7916338173 523.258165457 176.935068241 245.815922419 0.669100583961 0.981052567898 2.29225089753 250.24167353 371.40476169 77815.4815236 81 1612.43743799 39.6302258217 55.492955797 23.3697741783 74.5625620008 3.59523831086
5880 34.26371556 513.054711879 176.395276142 245.83135201 0.674594073616 0.0377389077699 2.93021918056 250.526095826 371.439906924 77983.8331007 79 1613.50423051 39.6356473407 49.4539772857 23.3643526593 73.4957694865 3.56009307728
5904 33.753566722 503.504382662 176.191238141 245.846375541 0.660937277902 0.0742836830378 0.556953700025 252.861449797 371.467634433 78142.2107336 79 1614.53639582 39.6384049334 45.8587830596 23.3615950666 72.4636041709 3.5323655678
5928.0 1033.25918361 495.957674278 178.718321374 245.860863435 0.648465401183 0.121395709577 4.0671509443 249.302124509 371.487764 78285.5650651 78 1615.53806279 39.6389552046 45.0047390476 23.3610447954 71.4619371997 3.51223600139
5952 964.277145309 3709.17300604 159.711996369 245.926154708 0.624459534149 0.792090441586 7.87268728772 244.784608027 365.389040528 83780.2744324 78 917.512687413 42.1557286369 20.4826077493 20.8442713631 769.487312577 9.61095947389
5976 864.684179329 4611.07674396 163.489053426 246.034599915 0.689493117838 0.822512959618 16.720950976 235.73244303 363.8334762 88707.0506736 77 944.78317181 41.2084367151 25.373790106 21.7915632849 742.21682818 11.1665238011
6000 770.287384755 4831.9376769 165.51713296 246.159536569 0.785086257774 2.1701444716 14.266553418 236.618679282 363.854904784 93394.1149932 75 975.486348186 40.8435235406 31.3229672051 22.1564764594 711.513651804 11.1450952175
6024 688.564772934 4804.68925052 167.45274084 246.309728813 0.93671518806 1.29016278181 13.6627048529 237.800688363 364.344684927 97836.0512048 73 1006.56154839 40.6349581176 37.7161028324 22.3650418824 680.438451595 10.6553150744
6048 619.380243944 4670.76419077 169.42890953 246.459852547 0.962400914114 0.13912750203 11.5703986566 240.868220379 364.963669787 102063.041274 73 1036.78580599 40.4956799127 39.3772036059 22.5043200873 650.214194001 10.0363302148
6072 561.10908422 4510.08228118 170.873252836 246.598780268 0.928337333302 1.02756920818 11.9059946193 239.539318571 365.576159729 106080.933279 72 1065.53517119 40.3878406538 41.5705620093 22.6121593462 621.464828801 9.4238402725
6096 511.730785696 4338.05341854 171.235051086 246.728088442 0.941045468408 0.600912260488 11.2088613274 240.521092501 366.15284276 109895.169518 72 1092.64837921 40.3028689438 46.3622832636 22.6971310562 594.351620775 8.84715724176
6120 469.451652878 4179.23442508 173.520890898 246.849751936 0.942264931531 0.918939570733 10.8354765628 240.453566998 366.659686686 113512.803698 72 1118.15530474 40.2287057199 39.5366506942 22.7712942801 568.844695252 8.34031331568
6144 433.119749354 4015.74347788 172.921255202 246.966130711 1.00751218929 1.18295806778 13.2266321696 237.616766862 367.14673082 116950.826362 71 1141.99459311 40.1704962513 50.8000949303 22.8295037487 545.00540688 7.85326918134
6168 401.671194258 3867.25226042 173.698798878 247.039426487 0.0849031113899 0.477579509967 17.7172798173 234.680811074 367.571267471 120243.43922 69 1164.21772411 40.117656534 49.9023606718 22.882343466 522.782275879 7.42873252993
6192 374.156336809 3726.96604411 174.555461314 247.053536863 0.199818181806 0.910708641779 12.3745277898 239.461408523 367.943390316 123374.45649 68 1184.99381893 40.0695644144 52.9377011685 22.9304355856 502.006181059 7.05660968544
6216 349.875291807 3609.48440119 177.125077788 247.077570942 0.26836591185 0.948163809478 11.4547050184 240.251194317 368.271108877 126342.166597 68 1204.45548866 40.0244936645 61.4419882203 22.9755063355 482.544511326 6.72889112448
6240 328.259552163 3501.03107421 175.822726776 247.103651022 0.278442247548 0.587695797125 8.2340173105 243.796193621 368.555931118 129159.187355 68 1222.74154741 39.9807162109 55.6948006596 23.0192837891 464.25845258 6.44406888295
6264 309.09855381 3361.53454003 176.703247153 247.130867161 0.321522824125 0.309095248585 8.36744664645 243.871068119 368.879275694 131893.486969 65 1239.79224228 39.9577042772 59.1024957522 23.0422957228 447.207757714 6.12072430779
6288 291.93548021 3274.0258082 175.781701252 247.159270253 0.350516033286 0.986446571312 8.47964114892 243.024125993 369.118550268 134462.26884 64 1255.74113202 39.9216729219 72.0902262956 23.0783270781 431.258867971 5.88144973347
6312 276.368789736 3184.37843781 177.949182073 247.188649051 0.3616017969 0.654592164435 7.773681328 244.021475659 369.324819031 136926.075124 64 1270.80905472 39.8869802108 65.9819742656 23.1130197892 416.190945271 5.67518097088
6336 262.269850397 3090.42426899 179.057203077 247.21833931 0.398197212094 1.00713354136 6.69558493668 244.680744999 369.534618847 139268.710103 64 1284.98820935 39.8604426237 63.2529456084 23.1395573763 402.011790635 5.46538115413
6360 249.511437423 2984.04372427 177.531978761 247.249775637 0.4307531118 0.561380912996 11.2716035056 240.486486831 369.75686954 141532.579802 64 1298.28143938 39.8434369566 70.734486594 23.1565630434 388.718560614 5.24313046159
6384 237.928690326 2880.89032186 177.239158034 247.281293962 0.450289157874 0.162220351785 4.90545255326 247.200743974 369.965200186 143725.701324 64 1310.74259656 39.8303837737 71.5776615731 23.1696162263 376.257403425 5.03479981537
6408 227.350206417 2818.9741213 176.665683509 247.311584799 0.440974810899 0.458761000608 5.45838767322 246.330291715 370.11848629 145815.919739 64 1322.44686786 39.8043329068 69.6799876161 23.1956670932 364.553132126 4.88151371139
6432 217.662791679 2715.7818663 176.683355442 247.340677158 0.45365312449 0.842543275381 10.040311333 241.322815108 370.305561217 147864.869001 64 1333.47842471 39.796717455 65.234418299 23.203282545 353.521575281 4.69443878412
6456 208.826244777 2617.91492324 177.895625886 247.36935594 0.458270839823 0.296196691827 6.71059643636 245.165580091 370.484928425 149831.835465 64 1343.79897796 39.7919935808 64.987555753 23.2080064192 343.201022028 4.51507157679
6480.0 200.684836599 2553.67117447 178.757719193 247.396588119 0.45756497332 0.584367169633 6.09614131605 245.465338421 370.622531492 151715.126869 92 1353.52025103 39.7772966673 73.3449752201 23.2227033327 333.479748959 4.37746850985
6504 193.300156762 2389.78775688 176.880197635 247.422690076 0.4732081944 0.867470830311 4.58359064464 246.653040254 370.847442495 153699.403821 91 1362.56690291 39.8049613304 40.9435839004 23.1950386696 324.433097078 4.15255750733
6528 186.639570509 2285.86671231 176.110025445 247.448226821 0.500146669242 1.13523917662 5.14931605703 245.767071275 371.03115229 155596.34621 91 1370.87443761 39.817443175 31.3699506329 23.182556825 316.12556238 3.96884771177
6552 180.518125966 2206.14996528 175.812320541 247.473484718 0.501123967808 0.324352558683 3.29968893086 248.401349823 371.17320327 157438.125862 90 1378.63869376 39.8202999518 25.9253149904 23.1797000482 308.361306227 3.82679673164
6576 174.839898985 2144.00394747 175.71740944 247.497364047 0.496592372657 0.501781587911 4.9686471423 246.535614849 371.289302169 159220.445309 90 1385.95673347 39.8172212015 30.3953265483 23.1827787985 301.043266524 3.71069783293
6600 169.530635439 2094.09308057 176.390808145 247.520413197 0.501222802148 0.676231705954 4.19277987271 247.109352422 371.38717992 160954.490381 89 1392.90374366 39.8099758401 25.471157609 23.1900241599 294.096256332 3.61282008164
6624 164.552206409 2044.41190446 176.005570134 247.543054461 0.512763642742 0.841168454207 4.02523723346 247.077776208 371.480670723 162637.722977 87 1399.51473323 39.8035603947 25.1769435293 23.1964396053 287.485266759 3.51932927863
6648 159.862072377 2007.75494237 176.730054988 247.565631878 0.528738881537 0.935855064362 4.64739476648 246.322379409 371.555786337 164258.159935 86 1405.8263738 39.7916574397 28.7737305668 23.2083425603 281.173626186 3.44421366477
6672 155.4436093 1959.56469335 176.217792928 247.588213836 0.538759394991 0.0881875719465 1.83485543373 249.949983762 371.641516455 165853.743064 86 1411.85622002 39.7875158873 29.3272929726 23.2124841127 275.14377997 3.35848354704
6696 151.271748053 1923.33184178 176.07258787 247.609857649 0.522884196711 0.203109650179 3.86596923675 247.798179266 371.713650707 167394.029446 85 1417.618369 39.7790712532 34.2809177982 23.2209287468 269.381630992 3.28634929519
6720 147.321027362 1886.27543648 176.062812683 247.630410889 0.513877988038 0.381505564775 5.47238367118 246.001821886 371.782908683 168900.94994 84 1423.14079357 39.771396179 30.4754739713 23.228603821 263.859206421 3.21709131843
6744 143.57693024 1852.49760766 176.099095978 247.650200091 0.511884466532 0.510385701171 2.88622060098 248.44130914 371.846983955 170360.842081 84 1428.43367896 39.7633596434 30.2502253211 23.2366403566 258.566321025 3.15301604733
6768 140.02851152 1810.77765512 176.137692095 247.669435806 0.513708821438 0.620062462019 3.05664766007 248.140145249 371.917328809 171791.370233 82 1433.50721226 39.7608539747 34.5072441727 23.2391460253 253.492787727 3.08267119259
6792 136.664745437 1778.55191307 177.044602937 247.688263782 0.51916637838 0.6991298328 3.00970452891 248.083735477 371.976828771 173184.539422 81 1438.36430943 39.7545153649 35.8236541611 23.2454846351 248.635690557 3.02317123082
6816 133.460512223 1747.55845116 177.991302206 247.706873553 0.527394304551 0.821568805453 3.64458358436 247.299579752 372.032086011 174542.346883 80 1443.03647252 39.7482001506 34.6144746018 23.2517998494 243.963527466 2.96791399062
6840 130.409678367 1711.77033157 177.556152951 247.725364868 0.539396664212 0.934974690008 3.05881557131 247.741448205 372.089777878 175872.850588 79 1447.52826413 39.7451332361 33.1147277924 23.2548667639 239.471735855 2.91022212386
6864 127.508137782 1688.43721658 178.309737578 247.7438045 0.553489029767 0.989093984398 3.34875808454 247.3648544 372.140401144 177163.375951 77 1451.83699075 39.7375618566 31.2903502374 23.2624381434 235.163009243 2.85959885819
6888 124.716443063 1667.2661823 179.11957736 247.762146374 0.545322005611 0.085574010578 3.48310573582 248.123851873 372.176738603 178401.317603 76 1456.01587548 39.7267211447 40.8876931757 23.2732788553 230.984124509 2.82326139918
6912 122.038320338 1648.54738731 177.468508366 247.779682646 0.532564404833 0.212733619079 4.40985330599 247.065166023 372.219257762 179609.701681 74 1460.05919567 39.7172255856 46.7856482523 23.2827744144 226.940804316 2.78074223968
6936 119.462984809 1629.7974002 177.746741859 247.7965773 0.524097393708 0.302592545429 3.25692078736 248.119811972 372.255328502 180788.497429 74 1463.97807243 39.7068657094 46.9519433963 23.2931342906 223.021927563 2.74467149975
6960 116.999783497 1594.87510585 178.216429153 247.812859498 0.518314309654 0.378805333427 3.93825629443 247.351764564 372.306114448 181960.728258 73 1467.75995662 39.707473871 43.2637040431 23.292526129 219.240043367 2.69388555339
6984 114.634763916 1584.96345052 177.701659131 247.828682924 0.515279043222 0.461935341635 3.44243102304 247.751671667 372.336760555 183069.390834 73 1471.41247904 39.694420766 50.7266705864 23.305579234 215.587520945 2.66323944637
7008 112.358852992 1554.84038701 178.263281851 247.844172293 0.514995161398 0.542910611748 3.80445079875 247.293471134 372.379769169 184175.294445 72 1474.95691791 39.6928973172 51.3173328191 23.3071026828 212.043082076 2.62023083245
7032 110.173234006 1533.38547833 179.034833371 247.859376108 0.517537536201 0.662846052074 5.92587304692 245.034367256 372.415355151 185248.575088 72 1478.38269247 39.6871314864 50.741854978 23.3128685136 208.617307524 2.58464485067
7056 108.072689055 1517.4857653 177.634379715 247.874398136 0.523480989979 0.774861066686 2.90425124909 247.923008557 372.450806476 186290.514378 69 1481.696456 39.6799463961 54.5254947977 23.3200536039 205.303543985 2.54919352546
7080 106.051721616 1496.21285234 178.792150074 247.889330212 0.531521287894 0.853690427083 4.80164985762 245.923808215 372.484767053 187312.432397 68 1484.90585435 39.6747099687 60.1079047359 23.3252900313 202.09414564 2.51523294898
7104 104.098594688 1476.33390599 178.35886732 247.904287126 0.541685952796 0.938759757239 3.57050373323 247.04476343 372.517412763 188312.75069 67 1488.02676572 39.6704194509 62.7669874773 23.3295805491 198.973234273 2.48258723934
7128 102.21089756 1463.26487925 179.709481952 247.919313942 0.553415912927 1.01009723112 3.25242463556 247.264748277 372.538092694 189281.667992 67 1491.05885964 39.6595460231 60.9581755773 23.3404539769 195.941140347 2.46190730754
7152 100.382015665 1450.5990679 178.031521746 247.934154801 0.541686238612 0.106830015471 2.86165468612 248.555674258 372.56714385 190220.524957 66 1494.01503015 39.6520709705 61.8889001536 23.3479290295 192.984969844 2.43285615157
7176 98.6150208726 1434.81661224 178.306911342 247.948443068 0.531612520216 0.224603546962 5.31382884034 245.981512024 372.595177356 191135.160469 64 1496.88768279 39.645826436 64.292453416 23.354173564 190.112317201 2.40482264553
7200.0 96.909206967 1415.30087829 180.015746631 247.962264947 0.524938238637 0.307496512992 2.70969787091 248.495602429 372.624740459 192031.753184 94 1499.67734033 39.6432597817 68.5797123364 23.3567402183 187.322659661 2.37525954301
7224 95.2882451637 1353.07835104 178.121740354 247.975485818 0.520384782178 0.37110815075 1.92016989787 249.21285135 372.681760272 192996.182061 94 1502.35057413 39.6665162674 46.5866084116 23.3334837326 184.649425865 2.31823972973
7248 93.7604075389 1309.69234096 177.333786312 247.988065276 0.517536340812 0.424323071984 0.882319927141 250.187755383 372.739771318 193935.76969 91 1504.88124982 39.6842635829 34.8894677767 23.3157364171 182.118750173 2.26022868415
7272 92.3012648849 1283.96761067 177.007965858 248.000218275 0.515678442972 0.451223091039 1.71448378421 249.318396406 372.778065793 194846.083527 91 1507.30557768 39.6896094263 29.8253972656 23.3103905737 179.694422308 2.22193420926
7296 90.8987132742 1261.95993636 177.56313605 248.012049464 0.51473005891 0.493759523555 1.37272660518 249.606734347 372.809156549 195736.93595 90 1509.64534534 39.6913797608 30.2545420351 23.3086202392 177.354654652 2.19084345273
7320 89.5460431825 1241.38489478 177.550050432 248.023621906 0.514514081775 0.518876818772 1.94376657311 248.999220618 372.839036699 196618.361441 89 1511.91161228 39.6931154456 27.7048088916 23.3068845544 175.08838771 2.16096330315
7344 88.238316645 1225.19711678 177.650948798 248.034981299 0.515219121817 0.575500521546 3.34332172587 247.53097733 372.864202839 197480.18706 89 1514.11107349 39.6919826952 26.8522227171 23.3080173048 172.888926497 2.13579716264
7368 86.9689179915 1211.73969219 177.920479185 248.046197999 0.517071949636 0.633777608365 2.65287293708 248.150079505 372.885636553 198320.659496 88 1516.25415761 39.6884917131 27.892339083 23.3115082869 170.745842377 2.11436344906
7392 85.7373194932 1200.30616878 178.268754603 248.057290246 0.519968163607 0.662304892568 0.932914466775 249.827522229 372.906540016 199140.377097 86 1518.34178394 39.6848381103 31.6191547836 23.3151618897 168.658216053 2.09345998629
7416 84.5375879133 1187.98911998 178.346423453 248.06831421 0.523135500348 0.682310586468 2.16472937186 248.56151033 372.925424382 199948.943211 86 1520.38291569 39.6803030728 29.7977771474 23.3196969272 166.617084299 2.07457561967
7440 83.3716492544 1171.9170801 178.006140835 248.079248516 0.526723498151 0.711090814329 1.30077562254 249.382161548 372.946641227 200745.535393 86 1522.37499102 39.6794349151 27.5837931023 23.3205650849 164.625008973 2.05335877533
7464 82.2424988598 1160.15198404 177.313301159 248.090061777 0.530701231044 0.7442257131 1.3320455294 249.302965748 372.968843204 201523.650979 85 1524.31126791 39.6772743868 29.848973903 23.3227256132 162.688732085 2.03115679751
7488 81.142139464 1150.15315611 177.934143595 248.100829127 0.535186641496 0.764025765321 1.32556171458 249.27439675 372.986102693 202284.075268 83 1526.20421697 39.6729036792 31.1680451238 23.3270963208 160.795783025 2.01389730875
7512 80.0723450208 1134.70403182 178.073738681 248.111529976 0.539906017253 0.784693366552 1.24192468783 249.321945951 373.005580116 203036.734042 82 1528.05176865 39.6720374431 32.9268589594 23.3279625569 158.948231341 1.99441988557
7536 79.0306285825 1128.5264935 177.915672578 248.122183 0.544809403238 0.801911159207 2.09780420869 248.433292227 373.022358555 203767.004667 78 1529.85616941 39.6666688956 33.0662166857 23.3333311044 157.143830578 1.97764144677
7560 78.0139610799 1118.23946545 178.067367445 248.132812639 0.54985526752 0.816738648189 0.902241485502 249.598351959 373.037682541 204481.827671 76 1531.62293522 39.6619366649 37.929552942 23.3380633351 155.377064771 1.96231746113
7584 77.0230931231 1106.1303579 178.351999375 248.143404665 0.555028449303 0.830492589491 1.64598787209 248.825086422 373.056323835 205187.7671 75 1533.35134613 39.6609880275 42.2209490234 23.3390119725 153.648653863 1.94367616696
7608 76.055162851 1102.83523725 179.251821154 248.153983374 0.560316507474 0.842669087314 2.34096914756 248.102061883 373.066502389 205868.119693 73 1535.04359507 39.6526421567 46.9261452913 23.3473578433 151.956404922 1.93349761287
7632 75.1034510714 1100.53532773 179.157906756 248.164618301 0.565816617189 0.870550701529 2.98308352298 247.415930856 373.072357521 206528.09842 72 1536.71176404 39.6410258979 53.0521287981 23.3589741021 150.288235956 1.92764248109
7656 74.1707652278 1091.28371156 178.917136112 248.175279873 0.571820654993 0.903166222663 1.57766431 248.772068938 373.086399876 207182.87254 71 1538.35334327 39.6369636526 54.5885877276 23.3630363474 148.646656723 1.91360012598
7680 73.2628925705 1083.61799378 179.419855659 248.18590024 0.577963707396 0.90977522905 1.15558495869 249.170775864 373.103334487 207828.102315 71 1539.95659917 39.6345493889 54.1015934606 23.3654506111 147.043400821 1.89666551482
7704 72.3727201731 1069.31267742 178.078101537 248.19655492 0.584156926684 0.92831134029 2.67478536768 247.616191443 373.117654112 208459.607723 71 1541.53291936 39.633232493 59.0240417883 23.366767507 145.467080634 1.88234588988
7728 71.5072952219 1066.21109189 178.473136901 248.207153311 0.590549814596 0.951780497497 2.10995924107 248.140557134 373.131100727 209073.592876 71 1543.0695667 39.6281827297 65.3732175268 23.3718172703 143.93043329 1.86889927544
7752 70.6585171324 1055.75959256 179.375002439 248.217788958 0.597039778812 0.958837783439 1.54365739837 248.68267608 373.141649603 209685.283743 70 1544.58075857 39.6238957416 65.1669893494 23.3761042584 142.419241417 1.8583503986
7776 69.8296315659 1045.30176678 180.456542441 248.228413402 0.60346859991 0.977158033143 3.90176660848 246.289193355 373.155021757 210284.139608 69 1546.06100621 39.6216527204 63.1405366303 23.3783472796 140.938993776 1.84497824462
7800 69.0200216966 1039.14611403 178.519053488 248.239028548 0.610216438131 0.994664829245 1.20812611183 248.947964071 373.167900029 210873.327596 69 1547.51035169 39.6172858549 58.3472005795 23.3827141451 139.4896483 1.83209997326
7824 68.2263590108 1032.33600655 178.828848201 248.249673188 0.616967138966 1.0077677919 0.486666285457 249.638925595 373.179787746 211434.607748 68 1548.93487128 39.613078309 66.2243630556 23.386921691 138.065128714 1.82021225556
7848 67.4492819658 1025.83542308 179.683595247 248.260300637 0.615820941423 0.025699339968 2.73736046128 248.360818619 373.189385543 211991.803803 66 1550.33325249 39.6086397119 66.1323820316 23.3913602881 136.666747504 1.81061445889
7872 66.6893365669 1023.47179436 181.781581188 248.270684573 0.60620025776 0.0576011113425 0.939440684358 250.126073372 373.19809408 212530.312801 64 1551.70400276 39.6020292277 66.8604978111 23.3979707723 135.29599723 1.8019059216
7896 65.9359198172 1023.65045595 180.979553294 248.280938011 0.597202842916 0.0909783916507 2.14869296936 248.882187784 373.198900927 213031.763329 63 1553.06478666 39.5895503461 85.946009356 23.4104496539 133.935213328 1.80109907495
7920.0 65.1889115091 1034.94465771 182.863445324 248.291073527 0.589028234222 0.137732191273 2.34120487441 248.640961171 373.194989598 213524.736138 92 1554.41684768 39.5730849814 81.8681309299 23.4269150186 132.583152315 1.80501040406
7944 64.4712090048 976.088168997 180.446080794 248.300794445 0.581840086258 0.165778149944 1.44757868006 249.504008637 373.237326089 214107.942185 92 1555.72846116 39.6097149019 60.0503406869 23.3902850981 131.271538836 1.76267391306
7968 63.7942705561 948.113424961 178.489454538 248.309955617 0.575446464568 0.183069581303 1.38062628379 249.550902051 373.273047422 214669.152106 91 1556.96598431 39.6296712633 48.1143451837 23.3703287367 130.03401569 1.72695257994
7992 63.142770225 925.548515932 177.70807736 248.318770299 0.569553320557 0.198630382633 1.20726491586 249.70578108 373.298199567 215224.781327 91 1558.15810069 39.6426505673 39.083110556 23.3573494327 128.841899305 1.70180043534
8016 62.5122107876 909.490618266 177.38059993 248.327303881 0.564209467999 0.224598912457 0.926138467212 249.957749269 373.317474895 215768.672232 90 1559.3134434 39.6500938111 35.4149952316 23.3499061889 127.686556597 1.68252510748
8040 61.8975346708 902.948995207 177.25211141 248.335629968 0.559287115282 0.236902138924 1.61331076601 249.25487001 373.329714347 216295.65932 88 1560.4407228 39.6486352281 34.5112888942 23.3513647719 126.559277195 1.67028565494
8064 61.2953541912 893.022931458 177.836740909 248.34379824 0.55484007029 0.273150729247 3.21194136845 247.61626959 373.341675179 216817.484621 88 1561.54762539 39.6505072189 31.8043004981 23.3494927811 125.452374607 1.65832482326
8088 60.706729405 885.432127286 177.421785748 248.351800251 0.550885219265 0.285641920271 1.80929119497 249.002381412 373.352405622 217330.727158 87 1562.63130532 39.6487026636 29.872231084 23.3512973364 124.368694672 1.64759437971
8112 60.1291425738 876.974910595 177.279505539 248.359673514 0.547265521928 0.307870224682 2.35275316605 248.432437571 373.363096333 217832.58443 87 1563.6968874 39.6486748758 31.6645329722 23.3513251242 123.303112596 1.63690366866
8136 59.5638153041 871.575506247 177.229371103 248.367405147 0.544116926385 0.335660248527 0.841266220985 249.911551455 373.372765194 218327.667381 86 1564.74163041 39.646684567 30.7089416176 23.353315433 122.258369587 1.62723480784
8160 59.0087112039 863.730269694 177.606549979 248.375027189 0.54132712539 0.353755237121 1.31702739826 249.412863049 373.381856421 218812.339597 85 1565.76944456 39.6455080371 32.7786911553 23.3544919629 121.230555431 1.61814358111
8184 58.4634100751 859.337599155 177.782162933 248.38254813 0.538863452225 0.377170971243 1.75157715571 248.949840289 373.38925081 219288.77688 85 1566.78065651 39.642009642 30.8194077069 23.357990358 120.21934348 1.61074919236
8208 57.9282544818 851.37657285 178.166825402 248.389966486 0.536801543108 0.399297178199 2.15453575001 248.519399041 373.398953234 219758.003236 85 1567.77531211 39.6419188395 31.9194811473 23.3580811605 119.224687885 1.6010467682
8232 57.4041637147 841.962489652 178.154417044 248.397272461 0.535083622471 0.416835112821 0.525444386939 250.125364415 373.41006944 220225.285793 85 1568.75137061 39.6439587076 30.9371045307 23.3560412924 118.248629382 1.58993056159
8256 56.890842497 836.063714365 179.216716095 248.404471678 0.533593662579 0.432402423105 1.85994848208 248.769583753 373.41922681 220679.630042 85 1569.70875049 39.64342577 33.0006123848 23.35657423 117.291249508 1.58077319182
8280 56.3859377933 831.395846733 178.876303858 248.411598355 0.532367223688 0.45069278583 2.16279971948 248.442541914 373.426277858 221129.380373 83 1570.65156449 39.639776525 30.8892649931 23.360223475 116.348435505 1.57372214367
8304 55.890514303 822.32934452 178.469849474 248.418638878 0.531371256967 0.462533501868 1.44434530323 249.143111057 373.436744041 221571.739372 82 1571.57889059 39.6412714672 34.4976470875 23.3587285328 115.421109409 1.56325596057
8328 55.4052699357 815.642638771 177.706429027 248.425583675 0.530549742074 0.472725188141 1.68927145375 248.881869939 373.446636575 222010.865735 82 1572.48847479 39.6410771926 35.7873295271 23.3589228074 114.511525206 1.5533634275
8352 54.9261751562 813.879380892 178.605213801 248.432490675 0.529872704996 0.479975416901 0.926402228146 249.631258973 373.450010491 222434.077043 80 1573.38714371 39.6349039194 35.5581250057 23.3650960806 113.612856287 1.54998951142
8376 54.4554636132 808.791911413 178.530718175 248.439327532 0.529280185102 0.486701131497 1.13513421171 249.409556938 373.45924234 222856.931432 77 1574.27228256 39.6343992735 32.3198917797 23.3656007265 112.727717431 1.54075766169
8400 53.9923150752 806.256620474 178.18579338 248.446105457 0.52878675011 0.497512156008 2.31088201332 248.216713622 373.46683003 223266.474225 75 1575.14427508 39.6314434606 32.1277762206 23.3685565394 111.855724919 1.53316997252
8424 53.5357457389 800.435744145 180.291000055 248.45283912 0.528473990535 0.50843406522 1.46734860123 249.042904221 373.471068058 223664.317299 75 1576.00496421 39.6269315837 36.4610186737 23.3730684163 110.995035781 1.5289319443
8448 53.0882904177 791.686450541 178.435010442 248.459491199 0.528285793502 0.51637914651 0.592298144496 249.903545715 373.481858 224062.071896 75 1576.85063737 39.6297897459 43.7970510065 23.3702102541 110.149362621 1.51814200232
8472 52.6481748986 788.420843297 178.718219574 248.466087234 0.528169911641 0.520692521596 0.698634881634 249.786415449 373.488617496 224450.879991 72 1577.68292861 39.6260327397 50.0966684302 23.3739672603 109.317071388 1.51138250653
8496 52.2115860631 795.710761545 177.926605988 248.472684082 0.528126038668 0.528879640145 1.79780427718 248.672505959 373.485881774 224823.795507 71 1578.50839615 39.610160568 51.3964107746 23.389839432 108.491603843 1.51411822798
8520 51.7767346988 793.724546551 179.504119239 248.479309993 0.528216675251 0.541047639449 0.902130427011 249.549295263 373.487233856 225183.311497 71 1579.33281779 39.6044797046 57.2243996542 23.3955202954 107.667182205 1.51276614605
8544 51.3486863801 786.673953166 179.18127163 248.485888732 0.528422577421 0.546955728462 0.995360994548 249.443371965 373.495624828 225551.935634 70 1580.14624136 39.6044953334 55.1059052392 23.3955046666 106.85375864 1.50437517445
8568 50.9312876836 774.204513529 180.237693073 248.492359854 0.528724799154 0.55738735832 1.02692846604 249.39459952 373.508271806 225919.735375 69 1580.94140239 39.6114983832 57.0632198383 23.3885016168 106.058597603 1.49172819631
8592 50.5214938446 774.625494167 180.480857388 248.498769102 0.529108794185 0.565277774347 2.03204878296 248.374795545 373.51149525 226270.588249 69 1581.72185011 39.6061619295 58.36046504 23.3938380705 105.278149885 1.48850475244
8616 50.1151200464 773.794844884 180.970392385 248.505181781 0.529620815532 0.577879486042 2.02634670555 248.36097121 373.513309805 226611.998458 69 1582.49650415 39.598701537 61.5653557575 23.401298463 104.503495844 1.48669019706
8640.0 49.7156961393 768.64547934 180.142055093 248.511542853 0.530324382629 0.597509180439 1.97820984766 248.382413734 373.522586303 226957.963385 99 1583.25998508 39.6000972281 60.7271445064 23.3999027719 103.740014912 1.47741369884
8664 49.3260745597 747.173205028 178.474095244 248.517806392 0.531134414224 0.601693127871 0.91033613878 249.439029925 373.534107663 227328.559812 97 1584.00711427 39.6162664596 51.905319175 23.3837335404 102.992885724 1.46589233876
8688 48.9476240365 737.497728286 177.817325173 248.523947374 0.531970132876 0.60646534735 0.779061896678 249.558555246 373.546629026 227686.624173 96 1584.73288917 39.6222185073 45.3538800764 23.3777814927 102.267110821 1.45337097553
8712 48.5782163051 725.697103673 178.226812587 248.529997257 0.532837401941 0.611493845507 0.599800852792 249.72587064 373.558588946 228045.155923 94 1585.44229583 39.6300204472 38.2057560953 23.3699795528 101.557704159 1.44141105612
8736 48.2166282684 717.428505796 177.674414882 248.535973753 0.533748699207 0.616315105352 0.381681635526 249.932280804 373.567407127 228395.95514 94 1586.13704749 39.632944261 33.7799510026 23.367055739 100.862952505 1.43259287495
8760 47.8618363329 710.890090204 177.459401614 248.541891841 0.534672575136 0.619570895633 1.13447306839 249.169391617 373.575935945 228738.00034 94 1586.81958537 39.6356304566 33.1932811713 23.3643695434 100.180414624 1.4240640566
