Time EBV Teff Treg ODC_le1 ODC_le2 ODC_le3 ODC_le4 ODC_le5 NK IL2 DAC Resting_Teff Resting_Treg EffectorMemory Resting_Treg_temp Resting_Teff_temp NK_temp
0.0 0 0 0 0 0 0 0 500 375 1000 0 1687 63 0 0 0 0
24 0 0 0 0 0 0 0 500 336.279789971 908.048253598 0 1687 63 0 0 0 38.7202100291
48 0 0 0 0 0 0 0 500 335.391027502 823.849847309 0 1687 63 0 0 0 39.6089724976
72 0 0 0 0 0 0 0 500 334.559882085 745.880698262 0 1687 63 0 0 0 40.4401179151
96 0 0 0 0 0 0 0 500 333.760437385 673.915002205 0 1687 63 0 0 0 41.2395626152
120 0 0 0 0 0 0 0 500 332.995774144 607.703333798 0 1687 63 0 0 0 42.0042258555
144 0 0 0 0 0 0 0 500 332.2684442 546.975994766 0 1687 63 0 0 0 42.7315557996
168.0 1000 0 0 0 0 0 0 500 331.580390823 491.447224652 0 1687 63 0 0 0 43.4196091775
192 587.94283022 2674.42256109 91.5619289612 4.47673168998 18.9970923557 71.5351553232 179.581289232 225.4097314 319.455578209 5741.3447637 0 1039.6715255 41.772295668 0 21.227704332 647.328474501 55.5444217919
216 137.060902749 6965.34576238 161.592231002 80.663191884 47.4730248698 80.8717598982 141.054092563 149.937930785 264.572756152 485.351112905 0 1395.22455351 38.972002547 596.841297001 24.027997453 291.775446488 110.427243849
240 32.6497895658 2411.12266057 169.96315685 171.040062203 33.5206751399 64.9813839763 95.1284654702 135.32941321 278.468720675 231.464818475 0 1604.43501314 38.8536788179 553.884093301 24.1463211821 82.5649868628 96.5312793253
264 15.8562811873 585.770593762 165.209315409 197.545435037 10.2506778646 34.3396824494 76.7151360096 181.14906864 302.98237735 235.518888827 0 1649.49492325 39.0398391291 498.638639944 23.9601608709 37.5050767513 72.0176226509
288 12.3293754865 220.341399919 162.642995353 200.15037617 2.53306458044 11.9490251072 43.7839155679 241.583618575 315.077685005 282.189046596 0 1658.86694196 39.4983747354 469.969301023 23.5016252646 28.1330580357 59.9223149957
312 10.7935074385 151.53867632 163.456131166 200.341569094 0.98720968909 3.74065184879 24.8917260215 270.038843347 318.498603863 346.475968874 0 1662.51522001 39.7468712569 436.120789664 23.2531287431 24.4847799912 56.5013961378
336 9.69725608484 136.492158969 163.719949015 200.409913483 0.257102768244 2.36712299346 21.689303505 275.27655725 319.499463065 364.836815935 0 1665.00154494 39.7705717431 412.893584885 23.2294282569 21.9984550622 55.5005369352
360 8.78742030671 122.047229076 171.90998642 200.46956246 0.525918581381 1.27801181069 23.0930898312 274.633417317 319.42676126 347.152630039 0 1667.05577419 39.7806052067 399.710144129 23.2193947933 19.9442258069 55.57323874
384 8.08326024853 102.770132935 170.384893771 200.539357984 0.589118071166 0.311657374484 13.0807064714 285.479160099 320.185300593 353.437470891 0 1668.66894213 39.9031295393 386.213335905 23.0968704607 18.3310578746 54.8146994077
408 7.4796995774 104.626472305 172.103070967 200.607687976 0.589364651343 0.977532491371 13.329425997 284.495988884 319.695312794 323.66579809 0 1670.01642007 39.8010066545 373.784094432 23.1989933455 16.9835799342 55.3046872062
432 6.9707435702 90.3576478097 168.572813367 200.671300954 0.602466936132 0.241549489464 12.1519184108 286.33276421 320.232457386 323.951083803 0 1671.18029757 39.9002520396 359.275714058 23.0997479604 15.8197024282 54.7675426147
456 6.54056220571 74.5620828064 171.966008017 200.72897647 0.623661115439 1.43046374578 14.0774210512 283.139477618 320.563777971 324.385586132 0 1672.16625823 40.0594387612 341.734461008 22.9405612388 14.8337417685 54.436222029
480 6.18941303746 67.0961931898 167.087520295 200.78168062 0.654229339784 1.33700646424 7.73163457665 289.495448999 321.006510584 327.229025079 0 1672.96323543 40.113072207 337.967283971 22.886927793 14.036764569 53.9934894164
504 5.86831974187 70.543847217 167.376568394 200.834094651 0.662274822151 1.0918612696 14.8959645702 282.515804687 320.730728457 312.591886807 0 1673.68291163 40.0399562641 329.289916137 22.9600437359 13.3170883679 54.2692715431
528 5.5600354589 66.4572041734 162.880010506 200.887082752 0.657696841112 1.01724797647 12.0610823038 285.376890127 320.964263352 307.099518939 0 1674.38056959 40.067208879 316.115027834 22.932791121 12.6194304068 54.0357366488
552 5.28609727696 61.1879398553 167.649761754 200.937294366 0.659072387357 0.705300066254 8.14681558972 289.551517591 320.508822524 282.152788308 0 1674.99839387 40.0570741608 312.28657696 22.9429258392 12.0016061272 54.491177476
576 5.04214776549 53.1225055448 161.059168053 200.984245712 0.656310137702 0.319285490314 6.9328871536 291.107271507 320.905773328 282.395807209 0 1675.55602902 40.186667983 303.451598471 22.813332017 11.4439709778 54.0942266721
600 4.83775156319 52.7583481581 159.668854354 201.024620982 0.648982025293 0.753254112079 7.48502510927 290.088117771 321.01144934 280.22702611 0 1676.02115488 40.2301687406 296.2982336 22.7698312594 10.978845123 53.9885506601
624 4.64427600479 55.8745245573 154.855251897 201.064749359 0.664661981787 1.0471508459 4.99228266432 292.231155149 321.191348705 277.138593999 0 1676.45523298 40.1378028635 289.818977306 22.8621971365 10.5447670237 53.8086512954
648 4.4679827313 46.1561178904 157.037070874 201.103490233 0.660437477868 0.404688220408 5.48630638958 292.34507768 321.347131428 276.610416394 0 1676.85917066 40.3128823465 288.737735766 22.6871176535 10.1408293449 53.6528685722
672 4.31065164158 44.1809277091 154.386284397 201.138799227 0.655894277178 0.741592259805 6.75617961644 290.707534619 321.464175079 281.555957868 0 1677.21477056 40.314636545 282.518555977 22.685363455 9.78522944237 53.5358249215
696 4.16267510211 43.9725458468 162.85670963 201.173400606 0.667036679531 1.01176369222 7.70246028488 289.445338738 321.102548789 268.194262043 0 1677.54871275 40.2705566299 272.654289085 22.7294433701 9.45128725099 53.8974512119
720 4.02296904478 42.5197277414 160.199573638 201.207544387 0.659637982452 0.446705052847 9.01922662017 288.666885958 321.051146108 255.66348278 0 1677.86553576 40.3124034354 269.909286181 22.6875965646 9.1344642405 53.9488538926
744 3.8914369865 40.35461169 155.582455199 201.240284183 0.655303095461 0.680432955101 7.33155732087 290.092422446 321.02423692 247.103819037 0 1678.16355664 40.3543400042 269.904310101 22.6456599958 8.8364433576 53.9757630807
768 3.77365745926 36.1004039898 147.560799227 201.270639162 0.663823730629 0.962507007198 5.39277554583 291.710254555 321.5499613 258.515664539 0 1678.4324118 40.4501635078 269.119216998 22.5498364922 8.56758820241 53.4500387003
792 3.65539255178 38.959809957 148.270711778 201.30276108 0.680788776855 0.192262208105 8.02097007085 289.803217864 321.506748714 256.596471011 0 1678.69730501 40.3186752111 264.138879952 22.6813247889 8.30269498965 53.4932512869
816 3.5488815354 37.7955271021 154.536392307 201.332564594 0.664825363498 0.420791857626 5.74108903488 291.84072915 321.199501332 240.922292318 0 1678.93989729 40.3696375305 265.768963294 22.6303624695 8.06010271442 53.8004986681
840 3.45439539901 30.4804551695 150.447104609 201.35935098 0.660768198777 0.70448994812 5.16751302121 292.107877852 321.638557819 253.576578524 0 1679.15803018 40.6461211062 258.90606171 22.3538788938 7.84196982361 53.3614421813
864 3.36575016048 31.785142865 149.25104614 201.385193402 0.665923406422 0.901924513801 6.29876269449 290.748195983 321.6515591 253.557037535 0 1679.35681095 40.5487099983 255.670995172 22.4512900017 7.64318904767 53.3484409006
888 3.27655122411 31.9183138702 153.577718783 201.412186468 0.666720375685 0.150614297709 6.72143070593 291.049048153 321.379125507 242.955172645 0 1679.55779631 40.4716744203 251.095565038 22.5283255797 7.44220368857 53.6208744933
912 3.19643193787 29.4252137793 152.109334994 201.436655308 0.652857841181 0.393605462767 3.26658115109 294.250300237 321.376648598 239.144799396 0 1679.74051709 40.5733570242 249.009180354 22.4266429758 7.25948291374 53.6233514028
936 3.1230878546 30.6298106494 151.784079032 201.459251788 0.645680983441 0.500083706343 5.38018419254 292.014799329 321.406970158 234.706061755 0 1679.90677915 40.5606093274 247.342594276 22.4393906726 7.09322085089 53.5930298424
960 3.04962874695 29.713230569 149.44695059 201.482255678 0.644043065351 0.682024507762 5.58775011559 291.603926633 321.408020715 232.405666377 0 1680.07191931 40.4990428992 244.985838072 22.5009571008 6.92808069095 53.5919792859
984 2.97867359439 30.4535306171 149.658613488 201.50505478 0.647948786613 0.812512794001 4.7649110273 292.269572612 321.347071225 225.077733019 0 1680.23252883 40.4740696946 243.956358121 22.5259303054 6.76747117004 53.6529287754
1008 2.91113308871 25.3421054677 153.025310501 201.527478683 0.656780804608 1.0191917589 8.50427460175 288.292274152 321.365522371 223.451642156 0 1680.3878755 40.7193252288 238.446031666 22.2806747712 6.61212449516 53.6344776299
1032 2.85132254601 25.7957895957 146.737051597 201.547964323 0.652405742421 0.206272832886 6.35516571396 291.238191387 321.641257335 231.99070573 0 1680.52337702 40.6941761107 232.411617085 22.3058238893 6.47662297659 53.3587426659
1056 2.79437512077 24.0657311987 147.996916925 201.567528079 0.641287173889 0.335719495429 3.08272628199 294.37273897 321.716518504 233.566640938 0 1680.65319091 40.7896702029 229.81470833 22.2103297971 6.34680909229 53.2834814968
1080 2.74120116746 25.6988192687 146.196113539 201.585895012 0.633770513558 0.409969679126 2.48340696472 294.886957831 321.773984461 234.703232682 0 1680.77314917 40.7228755781 225.617533769 22.2771244219 6.22685083207 53.2260155398
1104 2.68521930058 23.8427094042 150.014932441 201.605422456 0.628754670873 0.531221429773 4.41366833009 292.820933113 321.51781068 226.32483418 0 1680.89982054 40.7360725043 223.677665672 22.2639274957 6.10017945699 53.4821893202
1128 2.63458853552 23.2442665768 149.184775971 201.623351884 0.627602272498 0.635953653575 4.65577257347 292.457319617 321.413514753 219.687741058 0 1681.01482285 40.7761329918 221.989254728 22.2238670082 5.98517714911 53.5864852472
1152 2.58668099041 22.9957925113 151.25327929 201.640639314 0.628744935707 0.712802926792 4.64271853749 292.375094286 321.305137388 211.574640455 0 1681.12312188 40.7447674661 220.503017393 22.2552325339 5.87687811678 53.6948626128
1176 2.54031748806 21.6844286168 149.195303012 201.657741496 0.632524659372 0.822209509843 3.43834909259 293.449175242 321.383261318 209.780094886 0 1681.2286562 40.8286629035 218.311871897 22.1713370965 5.77134380418 53.6167386829
1200 2.49373871857 24.580317581 147.336044629 201.67538126 0.638681113999 0.883465091267 2.50824447808 294.294228057 321.397382036 207.931277401 0 1681.33315858 40.6520276339 213.441017496 22.3479723661 5.66684142414 53.6026179649
1224 2.44580031277 23.1033039825 144.202409284 201.694092616 0.647036016465 0.970092533554 3.92083547271 292.767943361 321.460408908 206.472289238 0 1681.44154258 40.6646856508 212.813095431 22.3353143492 5.5584574186 53.5395910923
1248 2.40297461157 20.7775450099 143.839015998 201.711342252 0.650771744059 0.044826611754 2.59529723915 294.997762153 321.48214369 205.277410661 0 1681.54011308 40.8675494555 211.410486517 22.1324505445 5.45988692145 53.5178563104
1272 2.36452749678 18.6297945576 141.016336815 201.726919257 0.63742925418 0.152209558885 3.57478962572 293.908652304 321.796316254 214.638750335 0 1681.62835547 41.0690723229 207.240973982 21.9309276771 5.37164453223 53.203683747
1296 2.32756951181 20.2929548651 144.755666257 201.741852309 0.626755224837 0.210864231993 1.47791392015 295.942614314 321.535525099 209.095658125 0 1681.71102243 40.8541794417 203.33653105 22.1458205583 5.28897756924 53.4644749019
1320 2.2898246257 19.2316289613 145.660246011 201.757102684 0.617177361071 0.253532887424 2.67461768797 294.697569379 321.383048773 203.39039726 0 1681.79672677 40.9190477515 201.613237904 22.0809522485 5.20327322601 53.6169512278
1344 2.25416740404 19.4040816727 144.714175552 201.7715381 0.609437774421 0.30594635713 1.55627998454 295.756797784 321.407190009 201.065810106 0 1681.87744988 40.8860646154 198.13705329 22.1139353846 5.1225501185 53.5928099917
1368 2.21834893245 20.9319935799 147.236265282 201.786098244 0.602852469038 0.367005443066 4.56080882791 292.683235016 321.196045809 191.613890666 0 1681.95778208 40.7317215253 195.810395295 22.2682784747 5.04221792489 53.803954192
1392 2.18118880097 17.7952062192 148.353126864 201.801306935 0.597778098886 0.43155693218 3.94255827323 293.22679976 321.097726042 184.40941515 0 1682.04322556 41.0067064191 192.720379788 21.9932935809 4.95677443684 53.9022739581
1416 2.14900416559 16.994616982 143.42251622 201.814598308 0.594479099562 0.464121574555 1.48331869751 295.643482321 321.230028964 184.97174701 0 1682.11670967 41.1047209177 188.844480708 21.8952790823 4.88329032806 53.7699710365
1440.0 2.11689226394 18.4626927351 143.11016936 201.827994317 0.59206502745 0.507419770489 3.08420549296 293.988315392 321.163207229 179.875668883 30 1682.18849061 40.8814931009 187.149797467 22.1185068991 4.81150939015 53.8367927714
1464 2.08713046101 16.3907527764 135.591050944 201.84055348 0.590733743621 0.545233952082 3.29491032279 293.728568501 321.740952459 195.618694363 30 1682.25733245 41.1604103594 182.65380426 21.8395896406 4.74266754708 53.2590475409
1488 2.05975919816 15.9543989783 133.477165771 201.852244034 0.590141727767 0.580391700077 3.08352201103 293.893700527 322.047984899 208.187453403 30 1682.31964335 41.2130184197 179.367882595 21.7869815803 4.68035665311 52.9520151011
1512 2.0318305133 16.7661723276 132.597785928 201.864328196 0.590113987066 0.595588494437 2.11020509489 294.839764228 322.227306402 218.886578296 27 1682.38238257 41.0615269463 175.277119417 21.9384730537 4.61761743043 52.7726935988
1536 2.00411631902 16.6850001546 133.342916503 201.876489132 0.5907014674 0.646971021249 3.09875381603 293.787084563 322.328471774 225.927800384 27 1682.44511933 41.0400568292 172.383304392 21.9599431708 4.55488066857 52.6715282264
1560 1.97738030436 16.5340722132 135.996279627 201.888403862 0.592327291378 0.694962062573 2.95596366142 293.868343123 322.298410997 228.005525525 27 1682.50607126 41.1086370328 168.648696074 21.8913629672 4.49392873553 52.7015890034
1584 1.95173271679 15.8395382445 136.075426308 201.900025574 0.594650784401 0.719290944303 1.69165704302 295.094375654 322.398888758 231.136374438 26 1682.56430607 41.1328817768 166.076695301 21.8671182232 4.43569392743 52.601111242
1608.0 1001.92702062 15.548343312 134.491538935 201.911414464 0.597068146193 0.726159046926 1.32279445561 295.442563887 322.490150197 236.334769137 26 1682.62039499 41.1511228327 162.650767831 21.8488771673 4.37960500626 52.5098498038
1632 555.044081222 3229.43214887 141.150137646 204.037494929 5.40183207923 20.1785456245 71.9759116618 198.406215705 310.861221265 4619.31306834 25 1052.73411741 41.251737625 156.676326162 21.748262375 634.265882589 64.1387787362
1656 254.491230247 4124.76345923 171.573750199 214.324048528 10.0931966896 31.9422439726 76.9801925467 166.660318263 309.046041198 5732.86003874 25 1271.63306981 39.6064702254 290.740130104 23.3935297746 415.366930182 65.9539588029
1680 117.180742703 3576.66699877 190.873572887 226.807188641 9.46886166341 36.9408107746 68.963182924 157.819955996 310.382892878 5321.72985432 25 1450.59814597 39.1539062251 436.981925207 23.8460937749 236.401854023 64.6171071233
1704 59.1560474201 2527.88431568 202.525020879 237.116301155 9.32462362036 35.7001406851 62.4382306051 155.420703935 314.543836114 4431.12843122 24 1555.87817001 39.007516243 558.324329808 23.992483757 131.12182999 60.456163887
1728 34.3775899559 1512.03166307 197.630190017 243.54882727 5.6280377759 18.0932095914 59.1185061984 173.611419164 321.270526628 3741.00772412 24 1608.69721256 38.9921690573 633.682482439 24.0078309427 78.3027874348 53.7294733723
1752 23.3803998022 926.955500502 191.789473284 245.959211024 3.60846954548 12.4910469455 41.286304316 196.654968169 327.337940497 3258.70617419 24 1633.62308129 39.0323048769 650.447254331 23.9676951231 53.3769187093 47.662059504
1776 17.8766119419 592.434632405 189.338696676 247.171723504 0.598715705803 4.98979519737 41.4466959318 205.793069661 331.569344226 2944.20034405 24 1646.32991643 39.1125093535 635.899975561 23.8874906465 40.6700835693 43.4306557744
1800 14.787356186 405.022163825 185.298275335 247.348076049 0.763588628616 2.64875236084 25.8545735007 223.38500946 334.311729467 2760.8153002 23 1653.45944859 39.210692026 610.82907783 23.789307974 33.5405514027 40.688270534
1824 12.7488608052 315.465365369 188.195678634 247.553885711 1.0869972034 2.34570028457 22.8603467703 226.153070031 335.187297577 2581.18998999 22 1658.10353295 39.2742196582 577.415568891 23.7257803418 28.8964670496 39.8127024234
1848 11.2541326859 263.525517066 182.685194141 247.63559688 0.627353284908 2.92966051798 14.9604704009 233.846918916 335.589729836 2410.39418668 21 1661.4968032 39.3353875377 558.815506747 23.6646124623 25.5031967946 39.4102701645
1872 10.0880542689 225.721055184 185.539084676 247.754165298 0.759271069265 0.859685127029 14.6280879538 235.998790551 335.24361903 2237.21888088 19 1664.12676752 39.3632871841 546.440766233 23.6367128159 22.8732324765 39.7563809705
1896 9.13098020595 201.424228397 187.160629876 247.870581857 0.80841796773 1.17790635534 13.0856146469 237.057479173 334.377441112 2048.24599127 19 1666.27878274 39.3727440596 541.878593591 23.6272559404 20.7212172519 40.6225588886
1920 8.3188663651 177.770500602 183.633357948 247.992025677 0.947945717534 1.73135210104 14.2939316644 235.03474484 333.857586717 1881.73189922 19 1668.11440203 39.4015788342 530.662703044 23.5984211658 18.8855979635 41.1424132843
1944 7.645680545 160.3687381 184.98441041 248.114481754 0.993966596098 0.480019238369 15.0597978754 235.351734536 333.258453492 1739.28494066 19 1669.63684839 39.4285080081 504.461907088 23.5714919919 17.3631516111 41.7415465093
1968 7.10529979892 128.09201578 186.908163742 248.223254138 0.984240775139 0.677280958673 7.94824163534 242.166982493 333.069926334 1620.34115521 19 1670.87948781 39.5556646209 490.520772933 23.4443353791 16.1205121896 41.9300736666
1992 6.67152040554 112.851062979 182.818329206 248.314680395 0.940928434874 0.471911349365 8.90921655512 241.363263265 332.73287772 1518.89389097 19 1671.8669864 39.6268571878 477.288345854 23.3731428122 15.1330135947 42.2671222806
2016 6.28583741666 102.213151669 176.829367784 248.39793845 0.935813113076 1.29385456842 8.42526527988 240.947128588 332.357497505 1430.6947155 19 1672.73868681 39.660436376 461.773000625 23.339563624 14.2613131881 42.6425024962
2040 5.9404786174 91.8409436323 184.281410689 248.478887174 0.963983155849 0.884139749715 7.15981575434 242.513174165 331.579713327 1329.61363443 19 1673.5234976 39.7431151248 443.457651442 23.2568848752 13.4765023941 43.4202866737
2064 5.65616695562 80.5145407238 172.326451445 248.549625714 0.946743089888 0.256110646501 6.68516042805 243.562360121 331.664866045 1272.52300116 19 1674.17072918 39.8131439717 425.870979866 23.1868560283 12.8292708207 43.3351339554
2088 5.38685355782 87.9466984993 172.900856157 248.617544947 0.915983224268 0.747083594227 6.92183935863 242.797548876 330.665204455 1181.92257714 19 1674.76924824 39.6986562585 412.233645899 23.3013437415 12.2307517585 44.3347955453
2112 5.14307916541 69.134401408 165.254645757 248.681155071 0.920379899286 1.17082021412 6.26662772995 242.961017085 330.72363272 1132.59158106 19 1675.33043753 39.8806446401 398.715433137 23.1193553599 11.6695624681 44.2763672804
2136 4.93480574485 67.0465975861 164.22405325 248.737495422 0.894744153454 0.603150827333 9.83554133262 239.929068264 330.339959226 1073.51293672 18 1675.80127233 39.8896185121 389.139839259 23.1103814879 11.1987276712 44.660040775
2160.0 4.73106259113 66.7644775709 167.981997559 248.793808811 0.889588585547 0.953557423745 5.81432120963 243.54872397 329.634829342 1004.55624305 48 1676.26008778 39.8872831822 374.265251983 23.1127168178 10.7399122119 45.3651706591
2184 4.56926204602 50.5988319245 153.321181257 248.840083145 0.872642800365 0.198647744811 6.30092024881 243.787706061 330.365842269 1010.85116397 47 1676.63755848 40.1778159435 347.456572859 22.8221840565 10.362441509 44.634157732
2208 4.43213654006 45.5682150569 149.138093831 248.879335467 0.84618245596 0.335253477462 2.42842679453 247.510801805 330.631774749 1008.14650741 46 1676.95032742 40.2975642082 324.911731559 22.7024357918 10.0496725707 44.3682252521
2232 4.3070954462 45.0290182673 144.858941918 248.915234295 0.827529861513 0.478382392796 4.83361093563 244.945242515 330.767695221 1002.74520384 45 1677.23245697 40.2886880638 307.857540992 22.7113119362 9.76754301876 44.2323047798
2256 4.18742672734 42.7057557663 146.758499357 248.949963827 0.81734411837 0.687951868565 6.91773888915 242.627001297 330.700678971 987.910521827 44 1677.50314341 40.3253688475 294.800290752 22.6746311525 9.49685657711 44.2993210296
2280 4.07653401916 41.0435194331 147.153572653 248.982816774 0.815871799959 0.862728574905 4.54753269085 244.79105016 330.539062893 972.50561764 44 1677.75399796 40.3533356919 280.476092262 22.6466643081 9.2460020313 44.4609371078
2304 3.97140097908 39.546070143 144.942582524 249.014841603 0.818662320805 0.910942790291 2.15194617295 247.103607113 330.458109946 957.893382955 44 1677.99183723 40.3825593613 265.786339948 22.6174406387 9.00816276408 44.5418900552
2328 3.87515178548 36.9212813693 145.271384317 249.04505328 0.823911593314 1.02347510078 5.02627083324 244.081289192 330.40753184 943.880777189 44 1678.21050551 40.4624877848 252.617694882 22.5375122152 8.78949448165 44.5924681612
2352 3.78466211716 36.6869194444 143.55908027 249.074372568 0.824934102955 0.152877314506 5.54103143097 244.406784583 330.321760022 927.946432506 43 1678.4149191 40.463455788 240.829114457 22.536544212 8.58508089321 44.6782399792
2376 3.69626045036 37.3912559999 144.337675937 249.103227683 0.803468885692 0.24025172511 2.21068311227 247.642368594 330.109420982 906.655397701 43 1678.61336488 40.3951891792 230.146542831 22.6048108208 8.38663511597 44.8905790194
2400 3.61391417621 33.4062476704 142.846925591 249.13007424 0.785688932183 0.303671930761 4.50846334766 245.27210155 330.045646853 892.207514014 42 1678.80162732 40.553178187 219.521283997 22.446821813 8.19837266853 44.9543531477
2424 3.53845245867 31.7608210814 144.1792757 249.154726498 0.772689312074 0.428734796669 5.13911216131 244.504737231 329.806794486 869.989138007 41 1678.97277702 40.6123995806 210.814554518 22.3876004194 8.02722297524 45.1932055156
2448 3.46441620137 31.7341677717 142.357412401 249.179082274 0.763697530964 0.544291850671 5.79347647267 243.719451872 329.670844044 850.18928228 41 1679.13967332 40.5995037393 202.853989634 22.4004962607 7.8603266707 45.3291559567
2472 3.39364228912 32.4295098778 144.757951444 249.20264192 0.758759123631 0.649328098068 3.26917046823 246.12010039 329.317253047 823.082326963 41 1679.2991752 40.5672205245 195.623342355 22.4327794755 7.70082479003 45.6827469537
2496 3.32620085936 28.5698711542 143.288767914 249.225449471 0.75654119723 0.717266798806 2.59975516667 246.700987366 329.250000555 805.89277234 41 1679.45297236 40.7126962255 188.008306854 22.2873037745 7.54702763489 45.7499994459
2520 3.26253352513 27.6301050445 143.781416375 249.247371 0.756066104997 0.769348843544 3.67898732643 245.548226725 328.98562023 782.627797258 41 1679.59710165 40.7485719424 181.978733805 22.2514280576 7.40289834488 46.0143797714
2544 3.20051170755 28.2533855613 141.495133188 249.269156284 0.757667358936 0.839702390827 0.665194404554 248.468279561 328.836527456 762.452011667 41 1679.73694039 40.7229668451 176.386498248 22.2770331549 7.26305960503 46.1634725455
2568 3.14150418087 26.4978607704 140.850348765 249.290341664 0.760522704151 0.893058332903 3.46364825272 245.592429046 328.664141796 744.277156131 41 1679.87065921 40.7716828465 170.281059307 22.2283171535 7.12934078666 46.3358582046
2592 3.08483191721 26.2061325733 140.709397605 249.311163952 0.764602566365 0.918224684547 1.16358846813 247.842420329 328.458434603 724.154946558 40 1679.99867044 40.7653843512 166.534031435 22.2346156488 7.00132955025 46.5415653981
2616 3.03054327987 25.0470911819 142.804221233 249.331583166 0.768867933524 0.9414942386 1.69887613033 247.259178531 328.174309302 703.274711493 40 1680.12181532 40.8277571515 161.164289928 22.1722428485 6.87818466761 46.8256906995
2640 2.97692304227 25.4966029195 140.760116296 249.352235132 0.773731967328 0.976230745784 4.24420296978 244.653599185 327.994580279 683.814708707 39 1680.24233463 40.7546307229 156.161318207 22.2453692771 6.75766536537 47.0054197223
2664 2.9257285178 24.004993693 139.16789028 249.372303848 0.763522453819 0.0938635116398 5.48090348108 244.289406705 327.914169792 667.484113721 39 1680.3589283 40.8624161099 153.439053694 22.1375838901 6.64107168944 47.0858302089
2688 2.87626722592 23.5128561175 139.246385861 249.391626244 0.747914381882 0.181989840856 2.68380338251 246.99466615 327.701081892 649.471192311 39 1680.47081677 40.8769799884 149.974454014 22.1230200116 6.52918322388 47.2989181087
2712 2.82908901709 22.9563375576 138.981349878 249.410014559 0.734886683835 0.245483069814 1.73918341649 247.870432271 327.536427237 631.787016822 39 1680.57766596 40.9033332878 148.701718931 22.0966667122 6.42233403243 47.463572764
2736 2.78378537363 22.8809446481 138.574606533 249.427671222 0.723687813232 0.28942886641 2.68200039126 246.877211707 327.388306076 616.489223704 39 1680.68005831 40.8880562877 145.6000251 22.1119437123 6.31994168579 47.6116939249
2760 2.7397611777 22.6578047214 137.938936163 249.444854884 0.713705399802 0.31087422511 1.59163573436 247.938929756 327.203090707 601.588792632 39 1680.77979453 40.9121640476 142.674253619 22.0878359524 6.22020546461 47.7969092937
2784 2.69651406941 21.6645572748 139.560575953 249.461778158 0.704651015107 0.352581622551 3.44732617309 246.033663031 326.951241193 584.159216577 39 1680.87768376 40.9460322327 139.936894836 22.0539677673 6.12231622947 48.0487588076
2808 2.65405220468 21.9616979731 138.701158627 249.478463115 0.697306494908 0.432101751388 4.20828822472 245.183840413 326.792835243 568.262309004 39 1680.9737475 40.9394392261 136.402101423 22.0605607739 6.02625249204 48.2071647581
2832 2.6138071653 20.5579001149 137.967587282 249.494380362 0.691798053633 0.467458766796 1.83211277208 247.514250046 326.694070334 556.512805768 39 1681.0651714 41.0157205072 133.067349228 21.9842794928 5.9348285957 48.305929667
2856 2.57550800768 20.0353297581 138.377998548 249.509646419 0.687322073272 0.510821384263 3.24416863783 246.048041485 326.535947692 542.068633836 37 1681.15200266 41.0514922997 130.894135636 21.9485077003 5.84799732764 48.4640523094
2880.0 2.53795599389 19.9842995545 139.901364853 249.524748306 0.68368853308 0.533412553073 2.66802967346 246.590120934 326.282409415 526.115347455 65 1681.23676939 41.0235984087 127.872880019 21.9764015913 5.763230602 48.717590586
2904 2.50132754655 20.6765483898 136.650275913 249.539625872 0.681042097684 0.580644021108 0.983729743788 248.214958265 326.212050194 515.964984779 63 1681.3196218 40.9906157281 125.010475025 22.0093842719 5.68037819693 48.7879498069
2928 2.46543031412 19.2426561821 135.517494374 249.554370927 0.679118602284 0.603977235112 0.314393699526 248.848139536 326.166421181 507.817124766 62 1681.40118938 41.0684089803 122.295655986 21.9315910197 5.59881060813 48.8335788202
2952 2.4309017663 19.3700680258 135.082739527 249.568723214 0.677816967119 0.636775396044 1.49359753515 247.623086888 326.064086388 498.656084294 61 1681.47914923 41.0270714496 119.717046736 21.9729285504 5.52085076121 48.9359136131
2976 2.39699926132 19.0501932793 135.182283101 249.582995755 0.677228785872 0.660616549855 2.66626442672 246.412894482 325.926215203 487.747758642 59 1681.55591803 41.0394927611 118.244013162 21.9605072389 5.44408196307 49.0737847981
3000 2.36434855582 18.2421977387 134.630308001 249.596927347 0.677224464244 0.684392606004 1.71460273989 247.326852842 325.869300429 479.936328341 58 1681.63019866 41.1223771962 115.876483321 21.8776228038 5.36980133378 49.1306995718
3024 2.33289901809 17.8806447712 134.978279415 249.610531935 0.677402900813 0.687005654118 0.683941206006 248.341118303 325.757603907 471.170736063 57 1681.70149522 41.1470010215 113.620309044 21.8529989785 5.2985047753 49.2423960936
3048.0 1002.30233012 17.5903124822 134.588556345 249.623936425 0.677611469899 0.688106085909 0.581321032478 248.429024986 325.637676236 460.77975532 56 1681.77075817 41.1642376991 113.417437307 21.8357623009 5.2292418185 49.3623237648
3072 599.784319306 2609.53608533 134.811415017 250.486320425 2.4237027679 15.088095714 51.6616945677 180.340186524 319.668768535 5711.65062904 55 1034.45843611 41.9049808286 41.292714445 21.0950191714 652.541563876 55.3312314655
3096 355.80101152 2847.86706279 152.519607022 253.481830627 1.65680330004 18.7829428385 52.8266589105 173.251764323 329.127009406 9216.9232738 55 1187.82813992 40.4473161493 64.5131176232 22.5526838507 499.171860073 45.872990595
3120 236.281931702 2525.40262052 164.767996128 255.156984706 2.23976192497 8.91050156011 47.9506682606 185.742083548 337.700311448 11788.1025806 55 1303.41728514 40.0021111764 70.0385176594 22.9978888236 383.58271485 37.2996885529
3144 171.981910466 2159.64181953 170.989840848 256.097457062 1.03369211772 8.44035873316 37.1532958146 197.275196272 343.833168746 13620.4972051 54 1382.90493585 39.8020696942 92.3488792279 23.1979303058 304.095064136 31.1668312544
3168 133.896566161 1812.2669738 171.029123084 256.623661392 1.00144295865 5.54923937814 35.4076734057 201.417982865 348.569390495 15070.4241822 54 1437.51728351 39.7168246457 92.1221370058 23.2831753543 249.482716481 26.4306095063
3192 109.645089924 1523.4823448 174.591928997 256.958640852 1.59931946461 6.38767357656 28.4984842957 206.55588181 352.132318039 16236.2115472 54 1475.67283522 39.6872875178 81.3291435426 23.3127124822 211.327164772 22.8676819619
3216 93.0953167253 1341.6695422 174.469592616 257.188900388 0.226713904332 3.17664716138 22.7331002093 216.674638336 354.622582946 17139.6099592 53 1503.27555143 39.6610271456 99.2603653599 23.3389728544 183.724448558 20.3774170553
3240 80.7817995486 1203.32969712 173.604522786 257.274242242 0.494519940767 1.44408912166 21.7179421068 219.069206588 356.276343873 17877.7057565 53 1524.64860569 39.6251547106 107.157036072 23.3748452894 162.351394298 18.7236561279
3264 71.3958410218 1066.82118608 175.907979658 257.379414987 0.628126084078 1.84042142687 16.0639894811 224.08804802 357.763715987 18521.9610565 53 1541.53414724 39.62051164 108.972319001 23.37948836 145.465852745 17.2362840135
3288 64.0889146279 960.744174146 176.415466517 257.483422504 0.651540712326 1.25816674418 16.0269573629 224.579912676 358.987091171 19073.9276462 53 1555.0186852 39.6221439189 104.868917844 23.3778560811 131.981314784 16.0129088293
3312 58.1717616292 888.502452853 175.88918696 257.582698642 0.69492147932 1.08302315339 9.08235184717 231.557004878 359.827978323 19525.3609861 51 1566.12473439 39.6056711115 107.595041301 23.3943288885 120.875265597 15.1720216773
3336 53.3051462764 824.98440334 175.552582885 257.678458091 0.745252597996 0.482225494251 13.5128027415 227.581261075 360.60621615 19907.4927222 50 1575.4262974 39.6030191602 121.321255113 23.3969808398 111.573702589 14.3937838509
3360 49.1216990088 783.796572219 175.447336108 257.77026869 0.752726218498 0.949693756265 13.8908565988 226.636454736 361.054575285 20216.015764 49 1583.49696499 39.5713270367 129.587547046 23.4286729633 103.503034995 13.9454247161
3384 45.5147131448 736.45923967 177.291812149 257.856808735 0.767070819409 1.30789971409 7.49098262474 232.577238106 361.541362697 20482.5695756 48 1590.56173537 39.5619195949 133.459867597 23.4380804051 96.4382646178 13.4586373043
3408 42.3411041864 707.417446252 179.969258398 257.939589162 0.751509327568 0.229887440321 10.6103196905 230.468694378 361.811509107 20673.2042954 47 1596.82310093 39.5317316 139.679966755 23.4682684 90.1768990573 13.188490894
3432 39.547792438 673.602091934 178.960863193 258.015531893 0.736949642504 0.319374269161 8.94784229058 231.980301904 362.173193219 20827.3431856 47 1602.40258792 39.5210038129 160.867149607 23.4789961871 84.5974120675 12.8268067817
3456 37.0387888776 641.400753403 178.914516267 258.087446227 0.739729792195 1.15674644236 9.76463530036 230.251442237 362.413382619 20952.3113825 47 1607.44866339 39.502839487 162.282627534 23.497160513 79.5513365997 12.5866173817
3480 34.8577981791 595.539360999 180.652544086 258.154078244 0.731990052148 0.0898381489082 10.6742651975 230.349828357 362.799895554 21081.3959302 47 1611.89103674 39.5156526117 155.246013988 23.4843473883 75.1089632529 12.2001044469
3504 32.9510011705 559.100470868 182.661676392 258.214572086 0.715456014819 0.9856921466 10.0953431266 229.988936625 363.133041345 21184.0492569 46 1615.79741113 39.5265683514 150.45389844 23.4734316486 71.2025888597 11.8669586563
3528 31.2116600439 537.577950739 184.298200376 258.271732596 0.691041111188 0.561741238071 5.45354539974 235.021939654 363.259450755 21228.795585 45 1619.36211369 39.5091810329 155.986801028 23.4908189671 67.6378862945 11.740549246
3552 29.6152488127 523.700279095 182.412452275 258.326153395 0.696564016841 0.985016937683 5.4075821683 234.584683482 363.384511438 21232.2012059 45 1622.65332652 39.4935743294 173.415819045 23.5064256706 64.3466734701 11.6154885632
3576 28.1761306908 505.512238611 180.908206629 258.377552791 0.67575807032 0.488668826241 6.31337879469 234.144641517 363.584134266 21253.4348999 45 1625.64155112 39.4882687088 171.34341753 23.5117312912 61.3584488654 11.4158657346
3600.0 26.8354434308 491.19489856 180.659419087 258.426844938 0.676721818287 0.865134411614 6.02785140542 234.003447426 363.638470752 21230.1299605 74 1628.42715625 39.4664692556 185.334860012 23.5335307444 58.5728437344 11.361529249
3624 25.6771063382 418.164488709 177.418041214 258.472122006 0.683569514372 0.165157964035 6.21332334822 234.465827167 364.136611789 21331.9359122 72 1630.88952101 39.5609849176 147.147839008 23.4390150824 56.1104789737 10.8633882119
3648 24.7117162649 371.804920773 175.566001785 258.510740985 0.66312106524 0.479826396557 8.3735989618 231.97271259 364.55055052 21419.4594244 71 1632.94038932 39.6369414002 122.298363483 23.3630585998 54.0596106602 10.4494494806
3672 23.8670701791 346.111221905 174.667108582 258.545243865 0.661914668477 0.735624544993 4.32440010299 235.732816818 364.781234024 21485.2916261 71 1634.72805007 39.6758034479 104.948903697 23.3241965521 52.271949918 10.2187659774
3696 23.0969405043 330.605799915 174.519529371 258.577967025 0.669611982203 0.895618530642 2.72902719905 237.127775263 364.924609605 21529.4240069 70 1636.35601621 39.6915370171 93.8273523954 23.3084629829 50.6439837704 10.0753903964
3720 22.385313651 314.970256964 174.545736105 258.609685225 0.682476638868 1.01004124872 3.66694787835 236.030849008 365.048724325 21562.8914252 70 1637.86384281 39.7110186755 84.9875516228 23.2889813245 49.1361571736 9.95127567633
3744 21.7216567994 304.728496647 175.193070452 258.640404706 0.670358448961 0.192698397392 3.11149723693 237.38504121 365.129376688 21578.4901226 68 1639.26982639 39.7131171545 80.4694715117 23.2868828455 47.7301735948 9.87062331283
3768 21.0974564155 295.749544114 174.352319081 258.669319943 0.65353828273 0.406361553542 8.17442389456 232.096356325 365.204778218 21583.5808456 67 1640.59536073 39.7175547816 77.6240623703 23.2824452184 46.404639252 9.79522178276
3792 20.5003136981 292.009716986 172.994019845 258.697313716 0.647978479397 0.619071259323 5.04684491667 234.988791628 365.238405841 21573.7622485 66 1641.86224963 39.7013695529 72.4235094712 23.2986304471 45.137750352 9.76159415985
3816 19.9342308332 281.755218571 173.164691555 258.7245508 0.649795421083 0.744934951871 3.81550861021 236.065210216 365.305746449 21556.0722804 66 1643.06963411 39.7110687534 71.2108512978 23.2889312466 43.9303658774 9.69425355151
3840 19.3999824674 273.999207986 171.991372756 258.751132106 0.655311451352 0.830128724117 2.35352466483 237.409903053 365.362018435 21530.8277336 65 1644.20992994 39.712899706 71.1422199542 23.287100294 42.790070042 9.63798156553
3864 18.8909713239 269.807851976 172.490560225 258.777420373 0.663316159982 0.891471894806 3.72265758868 235.945133983 365.381459882 21493.339936 65 1645.29666682 39.703236393 70.3935961355 23.296763607 41.703333163 9.61854011865
3888 18.4077483942 260.90505462 173.552108564 258.803393194 0.673549231498 0.967954287441 2.81058858681 236.7445147 365.427262453 21448.3247393 64 1646.3325097 39.7138272246 74.6142608292 23.2861727754 40.6674902841 9.57273754752
3912 17.9452373677 258.598889419 175.149096864 258.829247379 0.673286536668 0.0944525092781 3.66104254617 236.741971028 365.410088394 21395.9961896 64 1647.32205008 39.6959255479 69.0362995753 23.3040744521 39.6779499067 9.58991160709
3936 17.50004433 250.909145149 174.241742812 258.854244996 0.654296073501 0.20816821616 3.47791757527 236.805373139 365.430870827 21335.0873851 64 1648.27827391 39.6998109837 68.2416663787 23.3001890163 38.7217260788 9.56912917378
3960 17.0784984317 243.584248889 175.265519017 258.877915509 0.641104189245 0.357744071016 3.94306374381 236.180172486 365.471241168 21268.4447892 64 1649.18630777 39.7108678092 68.5584753294 23.2891321908 37.8136922094 9.52875883319
3984 16.6811179838 234.054903892 172.617187207 258.900403641 0.632976954117 0.436714282727 2.234206169 237.795698952 365.524831675 21206.405238 63 1650.04344728 39.7256428471 69.0040449671 23.2743571529 36.9565527039 9.47516832622
4008 16.2979950611 231.732564308 174.27299235 258.92236747 0.628061180449 0.536846692613 2.36349169993 237.549232957 365.499942982 21123.2862917 62 1650.86797548 39.71338815 70.6736411585 23.28661185 36.1320245078 9.50005701912
4032 15.9277010778 228.722479405 175.991656552 258.943980416 0.626398356267 0.635253129009 3.3956215084 236.398746589 365.476851386 21032.8888791 61 1651.66633158 39.7044241474 72.0184775267 23.2955758526 35.3336684059 9.5231486154
4056 15.5701282366 227.050767191 174.367255289 258.965338536 0.62828382666 0.721655216038 3.34134006173 236.343382359 365.489097128 20939.7700823 60 1652.43887707 39.7008707254 70.6512445436 23.2991292746 34.5611229181 9.51090287334
4080 15.2240132597 220.534568817 175.997860828 258.986594786 0.632894639845 0.809099715214 3.19500520972 236.376405649 365.475688846 20843.9745889 59 1653.18700837 39.6966376264 67.6939314261 23.3033623736 33.8129916104 9.52431115508
4104 14.8945560396 216.700159992 175.099447318 259.007470197 0.63970207023 0.874276546655 1.86980340151 237.608747784 365.479019994 20737.0184503 59 1653.90122178 39.7001822624 71.8413036252 23.2998177376 33.0987782027 9.52098000689
4128 14.5738956924 214.74494888 174.730025628 259.028486533 0.648134449248 0.939858956817 2.49631116398 236.887208896 365.455112581 20626.4101786 58 1654.59535253 39.6891491229 71.8370001544 23.3108508771 32.4046474507 9.54488742
4152 14.2639285572 209.660475104 177.364049533 259.049541631 0.657877608802 0.977519871894 2.07784222697 237.237218661 365.431222205 20506.0303609 56 1655.2684056 39.6938741201 73.963510411 23.3061258799 31.7315943803 9.56877779574
4176 13.9538660302 211.464552329 175.148428723 259.071373767 0.660763744801 0.0381723441782 2.80334110215 237.426349041 365.35155336 20366.4248878 56 1655.93837379 39.6572345446 80.9480037547 23.3427654554 31.0616261941 9.64844664084
4200 13.6540188656 205.545859061 174.516252992 259.092590832 0.641922596787 0.100109249446 2.50120757975 237.664169741 365.352028216 20235.69786 56 1656.59129587 39.6645703284 82.5671133849 23.3354296716 30.4087041187 9.64797178547
4224 13.3689306984 200.572417359 176.278558019 259.112654477 0.626416119237 0.180444420394 1.93138071568 238.149104267 365.338006179 20098.6084996 56 1657.21305378 39.676160653 86.2183745596 23.323839347 29.7869462019 9.66199382179
4248 13.0975781882 191.865804573 177.287028723 259.131721272 0.613682481296 0.23510464363 1.19317851465 238.826313088 365.324626185 19962.3056559 56 1657.80575098 39.6946700663 91.0426708272 23.3053299337 29.1942490066 9.67537381566
4272 12.8371349066 191.662243861 175.255088295 259.150049868 0.603474822045 0.305206126411 2.2668415079 237.674427675 365.313970599 19825.1433585 55 1658.37329345 39.6848053328 91.7991326794 23.3151946672 28.6267065361 9.68602940215
4296 12.5840428512 188.850983298 177.466254524 259.167955042 0.595929017654 0.394087749846 1.23373901279 238.608289177 365.261143237 19681.3852783 54 1658.92531858 39.6793878034 93.4483494088 23.3206121966 28.0746814061 9.73885676422
4320.0 12.3364328856 183.009471001 178.575490222 259.185636462 0.590619262332 0.441382605582 3.26305056906 236.5193111 365.23277904 19532.4587764 83 1659.4668194 39.6925175675 97.7440006833 23.3074824325 27.5331805836 9.76722096089
4344 12.1058226111 172.70297224 173.473069421 259.202308657 0.587919244604 0.545872880293 3.81162645641 235.85227276 365.237101413 19411.8972621 79 1659.9739395 39.7334291971 90.5123702017 23.2665708029 27.02606048 9.76289858794
4368 11.8889957209 165.513184153 171.497724373 259.218243183 0.58798053781 0.61834937345 2.1305490019 237.444877902 365.266446983 19290.6853923 77 1660.44989715 39.759539623 83.4955411045 23.240460377 26.5501028293 9.73355301823
4392 11.682113069 160.14422966 170.686146439 259.233743655 0.589742620191 0.70960747725 6.22069810983 233.246208136 365.267631925 19166.2931607 75 1660.90372056 39.7768494368 77.5028852876 23.2231505632 26.0962794231 9.7323680758
4416 11.482167848 157.974559846 172.266626758 259.249064645 0.59377550657 0.770761203466 2.25957244697 237.126826197 365.228366647 19032.1659863 74 1661.34198784 39.7823743438 72.3335544855 23.2176256562 25.6580121483 9.77163335353
4440 11.2867838649 156.335990471 171.791754028 259.264413363 0.598855632095 0.827018735674 3.26814324378 236.041569025 365.179997298 18892.757596 73 1661.76948468 39.7689427035 69.696148979 23.2310572965 25.2305153082 9.82000270323
4464 11.0966424373 152.171466895 172.512593521 259.279753864 0.60515305697 0.864521648428 2.24779578285 237.002775647 365.144274374 18750.2999984 73 1662.18696987 39.7804228853 67.4332304102 23.2195771147 24.8130301138 9.85572562735
4488.0 1010.91113645 150.187492151 173.624925206 259.295142337 0.611982206466 0.889779751092 2.20236073643 237.000734968 365.081982965 18596.0943752 70 1662.59382432 39.7775007845 69.3528350454 23.2224992155 24.4061756603 9.91801703592
4512 834.983405945 3302.38321315 156.316491755 259.490316146 0.796768701439 2.53681880933 21.579039601 215.597056741 349.499398192 24006.8129104 69 950.979796217 42.1191806649 29.8923318867 20.8808193351 736.020203763 25.5006018093
4536 636.330061218 3948.06391277 160.208708078 259.798189798 0.90936128719 4.31452991752 33.4053000936 201.572618902 349.023754835 28490.590251 68 1024.98743975 40.9013185246 39.6368279223 22.0986814754 662.012560233 25.9762451655
4560 492.879193605 3912.40578894 164.787984386 260.269136048 0.957660725963 5.53982675146 24.8763529503 208.357023523 351.506290663 32426.7458672 68 1099.54262426 40.429729252 48.281501988 22.570270748 587.457375715 23.4937093375
4584 394.119820539 3641.98790234 168.894770724 260.604835993 0.77107228557 2.88980335511 25.7414033334 209.992885032 354.264253322 35865.2903173 68 1165.87231208 40.1837293004 52.676708865 22.8162706996 521.127687901 20.7357466785
4608 325.170567399 3342.86560748 170.98401622 260.864688913 0.127262601065 2.76401606756 24.9021332707 211.341899146 356.7110576 38860.7419088 67 1221.98165991 40.0361182302 46.4254344556 22.9638817698 465.018340074 18.2889424007
4632 275.282312725 3045.65617457 173.286932508 260.966551569 0.597827307087 2.07410104543 22.1960479124 214.165472165 358.727440612 41472.5467216 65 1268.89570783 39.9398033631 53.4365381924 23.0601966369 418.104292149 16.2725593891
4656 238.111960507 2799.03757875 174.719156578 261.129422788 0.869862888228 1.73639118523 15.3976178554 220.866705282 360.359602081 43780.4920879 64 1307.94924253 39.8687216152 59.6197770693 23.1312783848 379.050757454 14.6403979197
4680 209.47649737 2574.60431954 175.190043074 261.302501754 0.929414454132 0.728601086631 17.4355592869 219.603923417 361.689806179 45843.987108 64 1340.77548826 39.8167720095 77.0445260324 23.1832279905 346.224511721 13.3101938217
4704 186.923746618 2362.58132051 175.737431404 261.463240912 0.934449163359 0.184275012592 13.6379572485 223.780077663 362.850385246 47749.321626 64 1368.52146 39.7843314484 63.9701532905 23.2156685516 318.478539976 12.1496147546
4728 168.785108179 2205.34741409 176.907396396 261.603016635 0.903807565819 1.12246260027 13.8065539206 222.564159277 363.772029096 49426.7578964 61 1392.12312665 39.7526369693 73.6915143461 23.2473630307 294.876873334 11.2279709053
4752 153.734690598 2080.92243634 178.193161538 261.736659542 1.01407250684 1.05217057053 14.4715719859 221.725525394 364.461129249 50925.2872982 60 1412.62659073 39.7146988625 83.5674084709 23.2853011375 274.373409255 10.5388707516
4776 141.063792788 1952.694943 178.692390554 261.762022565 0.23804452834 1.42011580889 12.7023757901 223.877441307 365.099033538 52304.6664411 60 1430.61548413 39.6915535336 80.333427629 23.3084464664 256.38451585 9.90096646273
4800 130.374632991 1827.35089254 177.846667655 261.793694584 0.291328494036 0.879136742459 6.65587779504 230.379962383 365.71837033 53588.3827786 59 1446.33899954 39.680676374 80.2515375851 23.319323626 240.661000438 9.2816296711
4824 121.169698632 1747.7354949 177.286235773 261.828265173 0.336658351666 1.04511967358 12.210118438 224.579838362 366.130375036 54732.0419454 59 1460.24834366 39.6504528473 85.4473484241 23.3495471527 226.751656322 8.869624965
4848 113.173437316 1650.37193427 179.740944757 261.86441371 0.367509635401 0.889103070007 8.67340164326 228.205571941 366.581311825 55804.6523734 59 1472.67787651 39.6412887866 85.0398690555 23.3587112134 214.322123468 8.41868817549
4872 106.203574811 1568.83608381 178.2967994 261.901613367 0.39735111093 0.411050998185 7.09463495086 230.195349572 366.974365298 56802.6953819 59 1483.75644298 39.6308773406 80.7514157549 23.3691226594 203.243557002 8.02563470342
4896 100.041240968 1493.88269204 177.736648008 261.938258037 0.429675943055 0.231229537193 11.557766983 225.843069499 367.310171562 57713.0346329 58 1493.74751756 39.620858779 89.3198856561 23.379141221 193.252482421 7.68982843885
4920 94.5782836986 1428.76314027 182.048457975 261.974558439 0.439779854813 0.820200236679 8.25523263235 228.510228836 367.605360249 58564.1977498 57 1502.76608973 39.6117172321 89.4705466972 23.3882827679 184.233910254 7.39463975238
4944 89.6815228581 1374.30781229 180.719512779 262.010887457 0.461181366741 0.54254156019 9.58092957925 227.404460036 367.862715623 59348.6485238 56 1510.97666221 39.6004926195 98.0498675658 23.3995073805 176.023337767 7.13728437799
4968 85.2637522087 1326.27324423 180.483528025 262.04650055 0.472266148167 0.131298498475 5.25957593847 232.090358864 368.080637531 60091.8435151 56 1518.489668 39.5865888063 98.9395397565 23.4134111937 168.510331978 6.91936246966
4992 81.2290810193 1269.91401892 179.274151989 262.080242499 0.459728811772 0.468941427129 5.78830439639 231.202782865 368.295659092 60787.1243254 56 1525.44706797 39.5792935236 95.2186834336 23.4207064764 161.552932008 6.70434090921
5016 77.5729272234 1231.86382939 181.735479383 262.112321503 0.472551418948 0.806844749213 6.38066768288 230.227614645 368.473170469 61408.3027428 56 1531.82639074 39.5677565457 101.118743387 23.4322434543 155.173609236 6.52682953147
5040.0 74.2129493516 1193.97566354 179.84879026 262.144623517 0.494024732748 0.225312675783 6.14952135061 230.986517723 368.641182187 61995.5450642 86 1537.75337847 39.55583622 107.09869831 23.44416378 149.246621509 6.35881781384
5064 71.2483525941 1068.74600567 177.8018101 262.174547122 0.487663547421 0.535585134102 5.97240507667 230.829799119 369.013537064 62707.8007226 86 1543.08741043 39.6158282664 71.6452562764 23.3841717336 143.912589545 5.98646293654
5088 68.6680638523 994.609212155 177.853220361 262.201758507 0.499082488876 0.866573041112 5.32574754397 231.106838418 369.297019698 63365.7610836 86 1547.75490471 39.6517715948 55.6814214689 23.3482284052 139.245095265 5.70298030329
5112 66.3348875945 950.004389031 176.919442861 262.228194843 0.521974874913 1.05604108599 6.10211616273 230.091673032 369.479562019 63981.1009372 86 1551.99295404 39.6642177423 42.5132447006 23.3357822577 135.007045943 5.52043798198
5136 64.1953125731 910.486956429 175.980942845 262.254574155 0.547402340627 0.278225464149 4.16860308854 232.751194951 369.641166698 64567.1724478 86 1555.90562786 39.6747318539 39.4188012661 23.3252681461 131.094372116 5.35883330329
5160 62.2175267737 880.362952706 175.621411439 262.280035342 0.538667538587 0.43576028133 3.93710639975 232.808430437 369.773154678 65129.4034439 86 1559.54316422 39.6791757859 34.1383871223 23.3208242141 127.456835757 5.22684532308
5184 60.3713002514 854.607085426 176.141072968 262.304342143 0.538912009728 0.648080372004 4.15518357156 232.353481903 369.877902571 65660.141478 86 1562.95683494 39.6779020236 33.1292387784 23.3220979764 124.043165039 5.12209743031
5208 58.6388605381 831.559150474 176.381305345 262.328034797 0.547019403228 0.779714169625 2.15350037693 234.191731252 369.974499632 66164.0995352 85 1566.1782356 39.6758787279 34.1576710619 23.3241212721 120.821764382 5.02550036886
5232 57.0123296714 810.519006127 175.808922711 262.351354253 0.559302126263 0.915654416145 2.7795975195 233.394091684 370.073501734 66649.4426652 84 1569.22035415 39.6767636901 33.3694355422 23.3232363099 117.779645831 4.92649826727
5256 55.4773921097 791.096081743 176.131219627 262.374563299 0.574731410876 0.957122392137 1.28591191636 234.807670981 370.153621771 67107.9608504 81 1572.10377603 39.6718487318 35.1937514461 23.3281512682 114.896223946 4.84637823016
5280 54.0308326434 770.251319 176.128303306 262.397647712 0.590414366103 0.996153934037 1.48536162501 234.530422362 370.238169576 67552.040035 80 1574.83620738 39.6723668716 36.3326390315 23.3276331284 112.163792603 4.76183042437
5304 52.6606791603 756.088084963 177.690592036 262.420383974 0.581944538525 0.094333365192 4.37754071236 232.525797409 370.301480307 67971.7479705 79 1577.43407569 39.6666969001 33.7713863218 23.3333030999 109.565924288 4.69851969391
5328 51.3548626982 741.082953795 176.388367169 262.441996298 0.566604963942 0.228932215353 3.01573497952 233.746731542 370.366846185 68369.0711097 78 1579.92071422 39.6608102053 35.4046975498 23.3391897947 107.079285761 4.63315381564
5352 50.1133981012 729.565756963 175.940578128 262.462583154 0.555542612572 0.29800135219 3.54806187399 233.135811007 370.427513658 68745.7412055 78 1582.29482355 39.6542046647 37.2763102715 23.3457953353 104.705176429 4.57248634241
5376 48.930893656 714.073615202 175.79916093 262.482335658 0.547716586146 0.357961298569 2.88064264211 233.731343815 370.491843143 69110.6294816 78 1584.56660609 39.6530987225 37.2895723399 23.3469012775 102.433393884 4.50815685828
5400 47.8065582942 695.978136062 177.184221607 262.501345344 0.543487947215 0.501550407363 4.81183376272 231.641782538 370.553635997 69459.588629 75 1586.73519196 39.6538190239 39.3251833781 23.3461809761 100.264808014 4.4463640039
5424 46.7332028912 685.983117924 176.289514414 262.5198599 0.544301791268 0.623933221347 3.57991231038 232.731992777 370.600663669 69787.0643389 75 1588.81079652 39.6461126005 41.6577891172 23.3538873995 98.1892034588 4.39933633219
5448 45.7079041059 673.222597223 176.607701408 262.538038789 0.548950526829 0.73653913081 3.17000462946 233.006466924 370.654703678 70105.2603875 73 1590.80193167 39.6441069742 40.6881128669 23.3558930258 96.1980683092 4.34529632304
5472 44.7206031971 667.229013678 177.653351391 262.556128126 0.555718433822 0.77823697935 1.77181042928 234.338106031 370.691348251 70396.4849273 73 1592.72375928 39.6351065855 38.7117922319 23.3648934145 94.2762407012 4.30865174997
5496 43.7747047364 651.905711994 178.578188051 262.574069056 0.563354662061 0.814557459621 3.21838838668 232.829630435 370.737674862 70679.8165086 72 1594.57277573 39.6337023959 38.1239064219 23.3662976041 92.4272242453 4.26232513911
5520 42.8670823184 637.756009337 177.320130964 262.591903162 0.571654919422 0.843355929389 2.52606642784 233.467019561 370.785329064 70945.3952003 72 1596.35266545 39.6340678022 42.306943166 23.3659321978 90.64733453 4.21467093635
5544 42.0036950347 627.010738053 176.425431438 262.609484426 0.580774802382 0.911260711848 3.53798688198 232.360493177 370.837280367 71208.9542007 72 1598.05122413 39.633740952 40.0188335749 23.366259048 88.9487758458 4.1627196336
5568 41.175609356 614.619270336 177.628877881 262.626990837 0.591840451189 0.993301924583 4.3606305032 231.427236283 370.877798292 71457.2633467 72 1599.68453237 39.6337475345 41.0490055589 23.3662524655 87.3154676109 4.12220170889
5592 40.381842387 600.437524047 178.645778244 262.644317425 0.588168568011 0.0684158994156 3.08285621781 233.616241889 370.923717557 71696.8883958 71 1601.25521457 39.6376486545 41.2874821082 23.3623513455 85.7447854139 4.07628244375
5616 39.6244900631 592.941960248 178.654972226 262.660826206 0.574963850501 0.162708839609 1.60835409799 234.993147005 370.964019325 71916.086469 67 1602.75684178 39.6351925475 50.9246600198 23.3648074525 84.2431581977 4.03598067627
5640 38.8860568253 589.123238388 178.631296521 262.676893366 0.564223520244 0.230921529958 4.13675390017 232.391207683 370.979159646 72121.4192834 67 1604.22171028 39.6210985049 54.8456636232 23.3789014951 82.7782896951 4.02084035502
5664 38.1731504461 581.796839749 177.364642834 262.692442517 0.556877190597 0.364016653346 6.41710234134 229.969561297 371.015901413 72323.1653057 67 1605.64195562 39.6184711519 56.0132416451 23.3815288481 81.358044361 3.98409858742
5688 37.4846518595 569.607091914 176.541885043 262.707590498 0.553268978252 0.465534668955 3.64288897633 232.630716878 371.051521614 72514.8660152 66 1607.01691044 39.6181572661 64.2125363587 23.3818427339 79.9830895424 3.94847838656
5712 36.8157192665 567.390437234 177.55826575 262.722514449 0.55228309507 0.561820795329 1.80264517621 234.360736484 371.066612319 72690.2980287 66 1608.35401713 39.6068399353 62.0023608222 23.3931600647 78.6459828443 3.93338768212
5736 36.1668282509 561.368194487 179.058420182 262.73725601 0.553307799864 0.617583089681 1.95798575989 234.133867339 371.089729752 72848.7179399 65 1609.6553271 39.6035524113 67.3763214487 23.3964475887 77.3446728796 3.91027024891
5760.0 35.5382373865 550.97261935 178.300134126 262.75183713 0.555853784863 0.68806103247 2.9908138267 233.013434225 371.119665863 73013.3899672 95 1610.91905137 39.603046348 61.3274649768 23.396953652 76.0809486123 3.8803341383
5784 34.9440635028 525.153737397 177.759440854 262.76594241 0.55984159772 0.750664938896 3.79727278522 232.126278267 371.170571224 73197.8143845 93 1612.12087353 39.6295248442 53.7654459537 23.3704751558 74.879126456 3.82942877762
5808 34.3811905096 514.283073099 176.612807993 262.779641363 0.565151342193 0.810685186979 3.38499583678 232.45952627 371.217788133 73367.8059369 91 1613.25878854 39.6382024481 48.2050064272 23.3617975519 73.7412114404 3.78221186809
5832 33.8394790402 504.138713578 176.180994189 262.793177928 0.571397324495 0.843673764331 2.89709149943 232.894659483 371.251837207 73531.0827227 88 1614.35468473 39.6405965807 42.3252811961 23.3594034193 72.6453152492 3.74816279451
5856 33.3153819526 496.512662812 178.189237819 262.806632683 0.577933500149 0.858184258779 1.34830250301 234.408947054 371.275405181 73676.4858811 85 1615.41639687 39.639976362 40.5804967361 23.360023638 71.5836031106 3.72459482076
5880 32.8074164462 487.512052638 176.759730087 262.820027777 0.584545762209 0.877518989338 0.702637118371 235.015270352 371.305327882 73819.9843068 85 1616.44772377 39.6432641022 37.2398443272 23.3567358978 70.5522762162 3.69467211955
5904 32.3166203386 481.032836497 176.626538835 262.833318903 0.591238893738 0.897524906548 1.95173119404 233.726186102 371.330575116 73952.6654469 84 1617.44548636 39.6428848504 35.4371473858 23.3571151496 69.5545136191 3.66942488555
5928.0 1031.84235518 474.472632459 176.623247013 262.84650657 0.598129379087 0.912531720686 2.10767586594 233.535156463 371.357200456 74078.9875256 83 1618.41152833 39.645158376 34.9451143634 23.354841624 68.588471649 3.64279954505
5952 960.350499609 3683.17694182 158.88711839 262.912894129 0.626487101683 0.44281610314 12.2354102345 223.78239243 364.988812229 79572.5442417 82 918.447543519 42.1678362819 19.4684824932 20.8321637181 768.55245646 10.0111877724
5976 857.49376617 4570.73664784 161.47040111 263.025580549 0.712082147663 1.08727590726 22.5171830923 212.657878303 363.419877 84513.6139992 80 946.86979521 41.2112788489 23.825396584 21.7887211511 740.130204769 11.5801230015
6000 760.909138422 4777.2248569 164.738113151 263.163570102 0.777186783178 0.211370614723 11.9874058687 223.86046663 363.492959635 89200.3378762 79 978.736327199 40.8440329327 28.3219607753 22.1559670673 708.26367278 11.5070403659
6024 678.068501745 4716.054018 167.11888217 263.298342089 0.805529181659 1.45044612545 16.822356213 217.62332639 364.067634339 93677.8581739 78 1010.81692875 40.6409395157 29.4509420199 22.3590604843 676.183071231 10.932365662
6048 608.64519988 4574.47463151 168.758965238 263.439571332 0.926379889184 1.83145882232 14.4720738464 219.330516109 364.748191105 97917.7370049 77 1041.76252539 40.5022845061 29.4524169039 22.4977154939 645.237474592 10.2518088964
6072 550.358635079 4409.64609804 170.886406946 263.532570665 0.16124600989 1.6014888105 14.5664054319 220.138289081 365.388465516 101926.515199 76 1071.13321398 40.3926071114 35.2819839569 22.6073928886 615.866785998 9.61153448495
6096 501.135038721 4263.06852887 172.896207635 263.563763411 0.267957824368 1.27303756042 9.01004062497 225.885200578 365.964607393 105709.627716 74 1098.74742599 40.2996437959 46.8172820794 22.7003562041 588.252573986 9.03539260851
6120 459.048341479 4098.86856172 172.364900246 263.608034286 0.385190943805 0.3473710674 11.4402352556 224.219168446 366.497953518 109320.631036 74 1124.71085015 40.2253468394 43.7666857197 22.7746531606 562.289149832 8.50204648264
6144 423.020374213 3932.47411702 172.486924375 263.658338664 0.46301120882 1.73141857486 10.2168961901 223.930335361 367.001045193 112754.557365 73 1148.88640682 40.1659257212 47.5523449089 22.8340742788 538.113593161 7.99895480759
6168 391.876032373 3781.29714256 174.761764033 263.716466462 0.516706596738 0.700878585892 9.99242689544 225.073521459 367.446884386 116011.805485 72 1171.39595579 40.1143989093 46.2127171802 22.8856010907 515.604044187 7.55311561502
6192 364.743352685 3646.38145053 174.802457633 263.774454274 0.556746203957 0.641359643599 9.18696859082 225.840471286 367.839010165 119116.353788 72 1192.34647578 40.0675461444 48.3119313063 22.9324538556 494.653524196 7.16098983626
6216 340.966865102 3502.4320521 174.826248059 263.832764845 0.612360386495 1.622239427 10.7077710001 223.22486434 368.212103729 122095.689709 71 1211.83422293 40.0307733824 46.0394365111 22.9692266176 475.165777051 6.78789627159
6240 319.913856413 3388.44544589 176.02508292 263.892626642 0.625381194903 0.541458546542 10.1657202901 224.774813325 368.515442033 124902.266536 70 1230.02507584 39.9904311092 51.910413648 23.0095688908 456.974924139 6.48455796829
6264 301.164026444 3272.68092218 175.366980898 263.949572665 0.622913606634 0.316381509658 8.78314553171 226.327986685 368.81080631 127593.766304 69 1247.03613811 39.9585367913 54.8919838594 23.0414632087 439.963861869 6.1891936906
6288 284.363608604 3182.94246708 176.524254737 264.002693509 0.616561719401 0.713555149036 4.11751601862 230.549673602 369.056896434 130138.97399 68 1262.9565164 39.9231288131 61.3749358936 23.0768711869 424.043483579 5.94310356669
6312 269.216248924 3072.96773778 178.53134659 264.054036186 0.635532376602 0.115242690664 5.4270957892 229.768092957 369.301014697 132602.842365 68 1277.91060526 39.8989318146 56.5964359643 23.1010681854 409.08939472 5.69898530447
6336 255.570282627 2968.26556178 177.01425558 264.102493632 0.613246228961 0.586328294907 6.76606552046 227.931866322 369.532897062 134955.610423 68 1291.88934489 39.8770487379 58.263137516 23.1229512621 395.110655093 5.46710293896
6360 243.227725341 2887.6121442 177.039706276 264.14838696 0.628024790095 0.984990737547 3.25431214233 230.984285369 369.742122849 137201.957064 66 1304.96569756 39.8555301811 62.3681161289 23.1444698189 382.034302422 5.25787715168
6384 231.965609793 2792.71315924 177.297060748 264.192446783 0.607511136673 0.404397150594 7.07149403074 227.724150898 369.934886473 139369.382668 65 1317.27560557 39.8375551377 57.2848353549 23.1624448623 369.724394412 5.06511352782
6408 221.700469184 2709.8340905 176.873225408 264.233591326 0.609381093699 0.85171624521 7.01495762764 227.290353706 370.116393646 141448.180415 65 1328.82286 39.8207899905 60.1645477119 23.1792100095 358.177139983 4.88360635531
6432 212.283452003 2638.02154417 176.499173035 264.274023724 0.635462812723 1.13483011518 3.55757216677 230.39811118 370.273467981 143443.334508 65 1339.69790745 39.8027881321 66.1414932135 23.1972118679 347.302092528 4.72653202047
6456 203.621357257 2561.40159093 176.038421512 264.313696463 0.626091430332 0.409525238725 5.6069836884 229.043703178 370.430368427 145376.805804 65 1349.95475043 39.7895589249 63.7671037161 23.2104410751 337.045249551 4.56963157393
6480.0 195.650954602 2477.1026283 178.843922865 264.350991511 0.622530594889 0.727746685515 5.94736382231 228.351367385 370.583190209 147251.455445 95 1359.61501382 39.7812573674 63.4898193751 23.2187426326 327.384986158 4.41680979218
6504 188.446467367 2326.38466287 176.877779887 264.38632959 0.635632486464 0.997035718186 6.48884671335 227.492155491 370.807333024 149194.612009 94 1368.56353799 39.8071682097 35.5557313297 23.1928317903 318.43646199 4.1926669772
6528 181.935722652 2225.44004525 176.086288172 264.419241408 0.614476169888 0.379581727448 8.08115592132 226.505544772 370.988376214 151058.118369 94 1376.79402985 39.818509564 28.3768811778 23.181490436 310.205970127 4.01162378734
6552 175.939789348 2157.4897986 176.53793449 264.449998682 0.611804148851 0.673086560083 3.2204040735 231.044706534 371.121237569 152853.852147 92 1384.49733513 39.8167827511 24.4340133943 23.1832172489 302.502664848 3.87876243215
6576 170.362908393 2099.9606905 176.971591255 264.479685752 0.618216791756 0.839329751836 6.13013739596 227.932630307 371.234253362 154594.340607 92 1391.7776475 39.8115639138 22.5210420345 23.1884360862 295.222352474 3.76574663877
6600 165.156489329 2048.242466 176.181194404 264.508788361 0.633857552364 1.09024237042 6.42924106998 227.337870645 371.33821209 156284.460188 90 1398.67935226 39.8059218403 23.5840742305 23.1940781597 288.320647722 3.66178791167
6624 160.270249687 2003.34308483 175.939889121 264.537668218 0.63844170162 0.255482506546 2.57724749627 231.991160077 371.426222943 157921.574794 90 1405.24848703 39.7966543578 25.7980734383 23.2033456422 281.751512946 3.57377705855
6648 155.674958762 1958.99211576 176.545270927 264.565199996 0.624057297207 0.337954495231 2.61955389626 231.853234314 371.511651355 159515.301714 87 1411.51278622 39.7890294712 26.7789153345 23.2109705288 275.487213754 3.48834864664
6672 151.342886654 1919.39274194 176.160415666 264.591401319 0.615043537286 0.498411827663 5.18705315958 229.108090155 371.590982488 161064.216289 86 1417.49505441 39.7808262628 25.0406242429 23.2191737372 269.504945572 3.40901751316
6696 147.256238314 1880.23750634 176.434314232 264.6166182 0.61468487036 0.69318567732 4.36325980853 229.712251443 371.66858382 162567.027158 86 1423.20964042 39.774982218 27.8183386933 23.225017782 263.790359563 3.33141618131
6720 143.39173882 1843.72455644 176.194398723 264.641233524 0.620166131675 0.807326976509 2.40921552701 231.522057839 371.739723844 164034.169371 84 1428.6760561 39.767209591 26.5113501577 23.232790409 258.323943879 3.2602761572
6744 139.727878434 1805.97084237 176.147312396 264.665479958 0.629683254037 0.944195545383 6.14734138926 227.613299852 371.808714332 165457.575339 81 1433.91746241 39.7615777963 30.8646211685 23.2384222037 253.082537565 3.19128566889
6768 136.247404182 1775.35823792 176.667195983 264.689530512 0.635691197507 0.0986125731617 2.62809942316 231.948066293 371.868347854 166839.335056 78 1438.94806545 39.7532233465 30.3465084697 23.2467766535 248.051934531 3.13165214752
6792 132.941261923 1744.86164168 176.907401687 264.712610355 0.617600857211 0.181116277376 4.09521625507 230.393456254 371.928165957 168183.226203 77 1443.77618474 39.746018116 33.6284034206 23.253981884 243.223815234 3.07183404424
6816 129.792787508 1716.93865808 178.312070991 264.734558678 0.604221908353 0.298213132289 3.27207946964 231.090926811 371.981708883 169492.228796 77 1448.41810355 39.7379633192 34.1168585818 23.2620366808 238.581896427 3.01829111834
6840 126.785392324 1694.03874037 177.729725834 264.755639662 0.59528978585 0.383891399775 3.31596037164 230.949218779 372.028760694 170754.50168 77 1452.89222419 39.7278692408 42.9249136149 23.2721307592 234.10777579 2.97123930727
6864 123.91064146 1667.05767687 179.184695912 264.776018926 0.590032834247 0.480663167044 2.14937367983 232.003911392 372.076362119 171993.073905 77 1457.20821502 39.7202443608 46.1670398598 23.2797556392 229.791784959 2.92363788263
6888 121.167309938 1632.37429729 179.644008157 264.795782457 0.587385451648 0.547034970164 1.84460479118 232.225192329 372.130542828 173208.842626 77 1461.36495401 39.7187197271 50.065586215 23.2812802729 225.635045966 2.86945717272
6912 118.557225378 1606.02103312 179.500525445 264.81495937 0.587251936812 0.633816049969 3.27733232317 230.686640319 372.18343483 174404.996891 77 1465.35164012 39.7150369906 41.6042751651 23.2849630094 221.648359859 2.81656517139
6936 116.059915963 1575.13234748 178.235947961 264.83374248 0.589296795178 0.673277612706 2.62718953058 231.27649358 372.231497272 175566.12431 76 1469.19538684 39.7115081826 43.3146251712 23.2884918174 217.804613133 2.76850272879
6960 113.672199374 1553.07537137 178.639788141 264.85216693 0.592598740006 0.711799982661 2.79910787961 231.044326467 372.273980916 176694.821528 75 1472.89719825 39.7054286952 44.6119291175 23.2945713048 214.102801725 2.72601908525
6984 111.383175898 1526.90147316 177.361123937 264.870317859 0.597480561589 0.793213464362 2.72402498854 231.014963126 372.319849257 177803.953381 75 1476.47292676 39.7027666483 45.5696937828 23.2972333517 210.527073217 2.68015074461
7008 109.192274471 1496.90914705 176.905372534 264.88822072 0.604483051646 0.870985496606 1.48221953631 232.154091195 372.365603768 178899.674189 75 1479.91974491 39.7020666878 41.9443018452 23.2979333122 207.080255067 2.63439623289
7032 107.090747646 1480.69904813 176.761233334 264.905961065 0.612982432906 0.937325871111 3.10647249158 230.437258138 372.401581118 179947.625499 75 1483.24578008 39.6950473073 45.9934548205 23.3049526927 203.754219902 2.59841888341
7056 105.063459928 1462.73081891 177.590683717 264.92367179 0.622807651916 0.996009028727 4.62822590795 228.82928562 372.431003437 180974.46404 74 1486.47403051 39.6869550582 45.8442117686 23.3130449418 200.525969471 2.56899656449
7080 103.108221136 1443.79320421 177.088069687 264.941378111 0.634190548377 1.06685163604 3.00533376567 230.352245938 372.465068478 181976.154932 73 1489.60812278 39.6814553974 48.191091138 23.3185446026 197.391877201 2.53493152308
7104 101.227933373 1425.54680919 178.671651469 264.959047463 0.642495359771 0.121931841671 2.28850603709 231.988019298 372.499204391 182951.689278 72 1492.64103428 39.6782881491 50.7413426234 23.3217118509 194.358965699 2.50079561024
7128 99.4089075733 1409.77019922 179.023360356 264.976336349 0.6289679028 0.156352656477 2.58385885655 231.654484234 372.526743876 183897.032464 69 1495.5902932 39.6705748248 58.2060906916 23.3294251752 191.409706778 2.47325612509
7152 97.6393045399 1407.5687477 179.025986578 264.993120837 0.617339826512 0.220376488742 1.75543607068 232.413726776 372.540225251 184801.999772 67 1498.47256788 39.6543417646 62.3169873589 23.3456582354 188.527432097 2.45977474998
7176 95.9235133561 1393.98042599 180.473961938 265.009402676 0.607321046322 0.252070203461 1.90641216503 232.224793908 372.567765124 185690.352283 67 1501.28644357 39.6485492225 63.7484005253 23.3514507775 185.71355641 2.43223487726
7200.0 94.2594934365 1378.73110152 179.822305147 265.025227021 0.598564235266 0.294168486389 2.95334181286 231.128698443 372.59385454 186551.603857 96 1504.02965584 39.6429543206 74.5088864244 23.3570456794 182.970344143 2.40614546141
7224 92.6798880834 1316.52596598 178.038258148 265.040310823 0.591772084869 0.360254208191 3.73765009589 230.270012787 372.653012703 187496.989397 96 1506.65725365 39.667379777 48.001650514 23.332620223 180.342746335 2.34698729818
7248 91.1900335926 1277.75826621 177.298314791 265.054632709 0.586728022781 0.39918601612 1.32905016705 232.630403084 372.706086545 188404.464274 96 1509.14447679 39.6812544256 38.1841875386 23.3187455744 177.855523197 2.29391345606
7272 89.767217081 1248.90324654 176.985463597 265.068424979 0.582859831061 0.43713109743 0.751476785494 233.160107305 372.748432754 189291.775266 93 1511.52875547 39.689485978 33.1724648687 23.310514022 175.471244509 2.25156724737
7296 88.4009924614 1226.16055965 177.771340412 265.081797079 0.579807898312 0.470530459949 3.04478515019 230.823079411 372.78094497 190163.346675 93 1513.82671222 39.6924175372 28.2243050128 23.3075824628 173.173287768 2.21905503112
7320 87.0792789812 1212.01179295 177.151816405 265.094876159 0.578002939326 0.515586149595 1.21592135721 232.595613393 372.805305994 191008.141037 92 1516.05758332 39.6891552974 25.9300766221 23.3108447026 170.942416668 2.19469400775
7344 85.8033631476 1194.25638465 176.91924373 265.10766088 0.576930576858 0.540504966178 1.31908475289 232.455818823 372.834172342 191842.928287 91 1518.2212818 39.6903756447 25.9783094413 23.3096243553 168.778718188 2.16582765949
7368 84.5634890948 1185.29024308 176.862771446 265.120249329 0.576284780686 0.563133823531 3.35377213893 230.386559926 372.853046569 192650.116852 87 1520.33012229 39.683393114 27.4179827588 23.316606886 166.669877691 2.14695343283
7392 83.3596560341 1171.87867614 176.856304392 265.132643027 0.576315406987 0.590187117974 2.30147778683 231.39937666 372.87648502 193448.208598 85 1522.38698858 39.6813425308 26.1028586398 23.3186574692 164.613011407 2.12351498183
7416 82.1872884301 1159.52384665 176.883870386 265.14489316 0.577012753989 0.631036271967 2.15848026907 231.488577544 372.894980564 194223.150995 83 1524.39691348 39.676943416 27.4603485454 23.323056584 162.603086506 2.10501943728
7440 81.0503523961 1148.19856435 177.310657936 265.156964933 0.578602002563 0.672930247267 1.92882818664 231.662674629 372.91648135 194982.699398 83 1526.35421537 39.6749882459 31.0734480569 23.3250117541 160.645784611 2.0835186511
7464 79.9417917662 1137.29332343 177.769893709 265.1689385 0.580672925261 0.689750277328 2.69228513219 230.868353164 372.931815793 195724.403053 82 1528.26841791 39.6692253076 35.7525734233 23.3307746924 158.731582075 2.06818420859
7488 78.8656808476 1122.78527476 178.071991106 265.180768773 0.583354079958 0.729297225667 1.33156622576 232.175013694 372.953386422 196460.841163 79 1530.13437484 39.6680233309 38.2203920106 23.3319766691 156.86562514 2.04661357955
7512 77.8180031882 1114.57783811 178.279057733 265.192500813 0.586364487785 0.741228918836 0.96210768509 232.517798094 372.969603583 197177.29605 78 1531.95637503 39.66316588 39.5413485463 23.33683412 155.043624953 2.03039641798
7536 76.7961122864 1106.33295428 179.058440706 265.204157644 0.58941969858 0.744287686189 1.55588863779 231.906246332 372.985775142 197875.149412 77 1533.73959065 39.6588614579 44.6197274583 23.3411385421 153.260409331 2.01422485986
7560 75.79806776 1103.73190244 177.811639718 265.215753941 0.592591427717 0.756767485274 1.08203849548 232.352848649 372.997434496 198556.456191 76 1535.48575431 39.6487236777 48.6771460726 23.3512763223 151.514245669 2.00256550502
7584 74.8185607405 1091.48800408 177.841102727 265.227347873 0.595978515327 0.782499318565 2.55461666852 230.839557624 373.0102838 199225.244527 75 1537.20572899 39.6440856021 51.9145950318 23.3559143979 149.794270989 1.98971620171
7608 73.8656362851 1080.1942987 178.332278704 265.238842162 0.599652243668 0.791905324624 0.992767435282 232.376832833 373.029160138 199882.975736 74 1538.88543878 39.6428987162 56.0899644494 23.3571012838 148.114561202 1.97083986335
7632 72.9369535815 1069.04439653 178.958195888 265.250258025 0.603448575771 0.815686792381 2.34344747407 230.987159131 373.044552916 200530.846283 74 1540.52715782 39.6410242381 58.2987440246 23.3589757619 146.472842159 1.95544708497
7656 72.0337602924 1054.8540037 178.299203741 265.261574457 0.607484545183 0.828920816673 1.64715531069 231.654864869 373.064313771 201173.189846 74 1542.12918746 39.6415301118 61.4709103377 23.3584698882 144.870812526 1.93568623054
7680 71.1549197719 1046.49596535 179.17681068 265.272798466 0.611708269346 0.850868664358 1.86786422955 231.396760369 373.079516915 201806.233565 74 1543.69188012 39.6386519256 58.6691474852 23.3613480744 143.308119863 1.92048308672
7704 70.2962011761 1035.08603232 179.827820191 265.283978985 0.616065022323 0.854842132692 1.0770076618 232.168106196 373.09350813 202423.705515 74 1545.22324145 39.637261468 58.4223675732 23.362738532 141.776758534 1.90649187102
7728 69.4616850902 1022.80982327 181.047691486 265.295053555 0.620413723465 0.86989510493 1.19408687058 232.020550745 373.111072057 203034.753988 73 1546.71604573 39.6374306388 55.8167590918 23.3625693612 140.283954257 1.88892794465
7752 68.6462755494 1017.38906273 178.642655052 265.306082355 0.624924039066 0.888498797438 2.25638190799 230.924112899 373.12557195 203631.639156 72 1548.17778915 39.6335712752 50.8515009273 23.3664287248 138.822210833 1.87442805128
7776 67.8476217721 1005.60190918 178.560381976 265.317092789 0.629539086957 0.889624586632 1.31592104859 231.847822488 373.138653368 204211.401269 71 1549.61334647 39.6308668487 52.685459538 23.3691331513 137.386653514 1.86134663353
7800 67.0715200382 996.31808652 177.744994033 265.327995981 0.634097551765 0.90149336955 1.28477934314 231.851633753 373.15542019 204788.720634 71 1551.01262665 39.6303625291 51.8507246106 23.3696374709 135.98737333 1.84457981151
7824 66.3133467105 986.733779995 179.540671057 265.338848256 0.638748537047 0.918714008361 2.19462739918 230.909061798 373.168604972 205347.229318 69 1552.38272624 39.6290078655 56.9583972631 23.3709921345 134.617273741 1.83139502946
7848 65.5660698943 984.736412245 178.163899132 265.349748129 0.643712162376 0.946147039705 2.07025022104 230.990142446 373.175362072 205886.718932 69 1553.73512845 39.6206293745 60.4023683342 23.3793706255 133.264871537 1.82463792967
7872 64.8335074613 982.134192471 181.309305418 265.360640528 0.648883755637 0.958060017416 1.94196569041 231.090450007 373.18148523 206413.305531 67 1555.06419139 39.6119036145 62.1974430928 23.3880963855 131.93580859 1.8185147711
7896 64.1131090587 979.53999358 182.091361758 265.371560185 0.654162492435 0.973069961781 1.78502876023 231.216178599 373.187967204 206922.094416 64 1556.37481166 39.6062627801 64.3959892781 23.3937372199 130.625188327 1.8120327974
7920.0 63.4013114744 986.483819132 181.163136866 265.382559606 0.659465489682 0.976969664651 1.64642748889 231.33457775 373.18758859 207401.816758 92 1557.67090385 39.5892962406 71.3890567825 23.4107037594 129.329096136 1.81241141149
7944 62.7123723017 944.030599797 179.301690094 265.393410513 0.664750542543 0.991299328953 1.40349303319 231.547046581 373.218591952 207953.87527 90 1558.93559525 39.61598288 54.9253146633 23.38401712 128.064404739 1.78140804939
7968 62.0564401667 916.828167271 178.032235636 265.403935468 0.66992873664 1.00091332048 1.02668917024 231.898533303 373.25225788 208495.942686 87 1560.14140923 39.6349858641 45.6155157004 23.3650141359 126.85859076 1.74774212142
7992 61.4201971218 903.767348137 179.095241026 265.414298169 0.666987986925 0.0156754210656 2.59092643686 231.312111985 373.268308075 209015.320348 86 1561.31088476 39.638806298 38.5281081361 23.361193702 125.689115228 1.73169192623
8016 60.8009481621 892.143253181 177.913571506 265.42436236 0.65731920309 0.0363117736712 2.10403219395 231.777974469 373.284723799 209526.581977 84 1562.45143147 39.6419559298 35.3139691115 23.3580440702 124.548568517 1.71527620289
8040 60.1985450522 880.590562162 177.458345694 265.434112378 0.648368152782 0.064910713822 0.538189555839 233.314419199 373.300557189 210032.813149 84 1563.56325038 39.6455562301 34.090064798 23.3544437699 123.436749608 1.69944281269
8064 59.6088605506 873.332564405 177.828204503 265.4436234 0.639929642232 0.0791007409053 0.960594242291 232.876751974 373.31106915 210524.999283 83 1564.65300631 39.6445947182 34.0676679959 23.3554052818 122.346993677 1.68893085186
8088 59.0316185283 866.40348772 177.436834684 265.45290508 0.631883968858 0.0906216522543 1.34820494996 232.476384348 373.32180267 211006.063794 82 1565.72175417 39.642775217 40.470544197 23.357224783 121.278245817 1.67819733167
8112 58.4655122549 858.101648935 177.300847232 265.461982882 0.624268140039 0.114508800959 1.67710192393 232.122138252 373.3328981 211486.912536 82 1566.77209868 39.6429243688 40.5336108247 23.3570756312 120.227901302 1.66710190135
8136 57.9093774238 855.178325566 177.692719262 265.470881236 0.617141244546 0.13169956936 0.99091578419 232.789362166 373.339995862 211945.804484 80 1567.80521806 39.6380522229 48.1338781153 23.3619477771 119.194781925 1.6600041393
8160 57.3609076478 854.786919006 178.557520944 265.479641936 0.610377902548 0.14747151412 1.29233487171 232.470173775 373.343416259 212399.240666 79 1568.82546324 39.6295416701 46.876572185 23.3704583299 118.17453675 1.65658374248
8184 56.8219499001 844.172895199 178.47156886 265.488239444 0.603970059397 0.163025422167 1.5669230363 232.177842037 373.354697175 212856.193392 79 1569.8311522 39.6316014984 41.8793990295 23.3683985016 117.168847791 1.64530282628
8208 56.2958603782 834.052110335 178.419277783 265.496624524 0.598048086032 0.185851644641 0.777471118686 232.942004626 373.367134806 213303.495127 79 1570.81476294 39.6341247154 42.4361910046 23.3658752846 116.185237048 1.6328651951
8232 55.7802703041 830.352653966 177.717682183 265.50483954 0.592482033324 0.200485096568 0.968405580959 232.733787748 373.375025353 213739.484464 79 1571.77956898 39.6298847533 42.3627373879 23.3701152467 115.220431007 1.62497464829
8256 55.2727956434 824.504750924 177.478596864 265.512925812 0.587277644297 0.223097193651 2.12110576366 231.555593586 373.383223655 214169.185954 79 1572.73101891 39.6280516473 41.7487433079 23.3719483527 114.268981079 1.61677634623
8280 54.7754887947 819.580343606 177.389606919 265.520854567 0.58244457364 0.234682994393 1.25961923374 232.402398631 373.393428852 214588.927174 77 1573.66522572 39.6270404786 44.3672352397 23.3729595214 113.334774268 1.60657114955
8304 54.2864911188 814.352550239 179.788054085 265.528657929 0.57783498884 0.241098092588 1.38335285136 232.269056138 373.397836359 214998.429629 75 1574.58483616 39.6232689908 45.6207096428 23.3767310092 112.415163824 1.60216364257
8328 53.8036447458 811.896481868 180.266597247 265.536371941 0.573447264945 0.257658369588 1.47471007852 232.157812345 373.402785038 215396.157983 73 1575.49415316 39.6180643701 46.1383097282 23.3819356299 111.505846826 1.59721496364
8352 53.3289551344 804.592906318 180.141751473 265.543967352 0.569405888325 0.279125698572 2.53011571686 231.077385344 373.410728842 215786.733068 73 1576.39015119 39.6174151505 52.3730105508 23.3825848495 110.609848791 1.58927115979
8376 52.8624189504 801.249158479 179.167710213 265.551448082 0.56582669686 0.313053091233 2.53319204773 231.036480081 373.418420245 216175.520632 72 1577.27184186 39.6137247149 53.0581518446 23.3862752851 109.728158124 1.58157975668
8400 52.4033794772 797.431281227 179.619473442 265.558829418 0.562643650731 0.324276548858 0.557866215706 232.996384166 373.426447711 216552.037032 72 1578.14105577 39.6132379492 58.7712129298 23.3867620508 108.858944213 1.57355229002
8424 51.9503326758 795.365611371 178.283417151 265.566137643 0.559618727421 0.334662412073 0.570354806411 232.96922641 373.430784764 216926.995394 72 1578.99947252 39.6064383258 56.8939967257 23.3935616742 108.00052747 1.56921523704
8448 51.5053973815 788.784607494 179.023533001 265.573339637 0.556803692297 0.34438786383 0.55522469214 232.970244114 373.439399633 217300.062216 72 1579.84475975 39.6076966539 52.8302086314 23.3923033461 107.15524024 1.56060036892
8472 51.0702132386 777.108603093 180.250910683 265.580409476 0.554141483562 0.348811167916 0.509772530813 233.006865341 373.450016523 217669.365389 72 1580.67305263 39.6112823432 53.5584939338 23.3887176568 106.326947355 1.54998347881
8496 50.6429688508 772.743108897 179.843830198 265.587376538 0.551645963793 0.363718072036 1.41357696827 232.083682457 373.456399556 218026.317066 72 1581.48671957 39.608994884 54.7902850465 23.391005116 105.513280417 1.54360044501
8520 50.2209787196 768.115137776 179.274397196 265.594285891 0.549345387863 0.370288632364 1.32184984826 232.164230239 373.463283091 218377.963663 72 1582.29149272 39.6067065626 54.5614249895 23.3932934374 104.708507263 1.53671691014
8544 49.8071348072 760.885764164 178.995444972 265.601090985 0.547240145116 0.388477298176 2.17394648697 231.289245084 373.471957397 218721.421651 72 1583.08229744 39.6084817907 60.831201527 23.3915182093 103.917702549 1.5280426047
8568 49.4003012533 764.089766555 180.277979914 265.607811711 0.54534328354 0.393918877145 1.02554163539 232.427384492 373.473479903 219054.570386 71 1583.85975019 39.5997730221 60.8249966076 23.4002269779 103.140249793 1.52652009893
8592 48.9972385551 755.485875229 178.573225433 265.61450234 0.543588890659 0.411352683623 1.84955013848 231.581005946 373.480393535 219395.087843 71 1584.63162961 39.5987811014 56.9307654658 23.4012188986 102.368370376 1.51960646689
8616 48.6024482156 750.561853006 177.935619921 265.621089434 0.542073951731 0.423166604778 0.648360050139 232.765309958 373.48958265 219726.515641 71 1585.38907843 39.5985927149 55.6641620999 23.4014072851 101.610921554 1.51041735129
8640.0 48.2129709121 744.536865374 179.986322838 265.62762315 0.540703417718 0.434625693927 1.43203329581 231.965014442 373.494337875 220046.718348 100 1586.13702858 39.5979195414 55.2621432029 23.4020804586 100.862971403 1.50566212657
8664 47.8351398079 723.091123882 178.400825294 265.633997083 0.539518603835 0.443440501265 1.15833954974 232.224704261 373.508122758 220395.705779 99 1586.86571257 39.6174960553 47.8410724368 23.3825039447 100.134287417 1.49187724312
8688 47.469034089 711.469740578 178.253297327 265.640208531 0.538466057641 0.452786460389 1.8188491281 231.549689823 373.522415553 220737.848578 98 1587.57173379 39.6272206035 40.1367883338 23.3727793965 99.4282661917 1.47758444846
8712 47.1119761948 701.511503569 177.672342809 265.646301537 0.537529111594 0.461583499836 2.43390498246 230.920680869 373.534060017 221075.92417 97 1588.26073398 39.6329670691 35.51415757 23.3670329309 98.7392660058 1.46593998488
8736 46.7625876551 694.534978777 177.437864412 265.652298916 0.536738529806 0.468341224071 1.01544945395 232.327171876 373.544195934 221404.704969 92 1588.9354698 39.6359625428 36.3115082935 23.3640374572 98.0645301879 1.45580406721
8760 46.4194177614 689.085214647 178.055759385 265.658224897 0.535996784033 0.471587857626 0.576617560946 232.757572899 373.551929147 221726.473273 90 1589.59883525 39.6377868152 38.3415388143 23.3622131848 97.4011647303 1.44807085416
