Time EBV Teff Treg ODC_le1 ODC_le2 ODC_le3 ODC_le4 ODC_le5 NK IL2 DAC Resting_Teff Resting_Treg EffectorMemory Resting_Treg_temp Resting_Teff_temp NK_temp
0.0 0 0 0 0 0 0 0 500 375 1000 0 1687 63 0 0 0 0
24 0 0 0 0 0 0 0 500 337 885 0 1687 63 0 0 0 38
48 0 0 0 0 0 0 0 500 333 798 0 1687 63 0 0 0 42
72 0 0 0 0 0 0 0 500 338 712 0 1687 63 0 0 0 37
96 0 0 0 0 0 0 0 500 325 654 0 1687 63 0 0 0 50
120 0 0 0 0 0 0 0 500 331 599 0 1687 63 0 0 0 44
144 0 0 0 0 0 0 0 500 326 539 0 1687 63 0 0 0 49
168.0 1000 0 0 0 0 0 0 500 336 487 0 1687 63 0 0 0 39
192 353 5708 117 14 30 65 170 221 268 803 0 1160 37 414 26 527 107
216 72 3401 168 91 51 84 122 152 256 355 0 1504 36 464 27 183 119
240 23 1052 165 143 28 61 88 180 283 240 0 1624 37 492 26 63 92
264 19 368 150 153 6 35 71 235 319 320 0 1649 36 450 27 38 56
288 17 283 177 156 2 15 41 286 301 362 0 1646 31 416 32 41 74
312 15 185 178 156 1 5 29 309 322 397 0 1655 37 414 26 32 53
336 14 219 186 156 1 4 24 315 316 384 0 1657 32 398 31 30 59
360 13 179 185 156 1 4 32 307 321 392 0 1649 36 395 27 38 54
384 13 143 171 156 0 3 21 320 311 397 0 1666 34 382 29 21 64
408 12 162 176 156 0 5 21 318 318 411 0 1665 43 350 20 22 57
432 10 137 182 156 0 3 28 313 309 364 0 1671 38 357 25 16 66
456 9 101 184 156 0 2 21 321 319 388 0 1674 45 340 18 13 56
480 9 118 180 156 0 2 10 332 307 385 0 1666 41 334 22 21 68
504 8 108 157 156 0 0 16 328 331 343 0 1671 44 342 19 16 44
528 7 99 159 156 0 0 17 327 315 318 0 1673 33 336 30 14 60
552 5 77 141 156 0 1 12 331 310 318 0 1671 31 329 32 16 65
576 5 63 169 156 0 2 7 335 332 295 0 1671 35 321 28 16 43
600 5 44 146 156 0 0 7 337 321 268 0 1677 36 321 27 10 54
624 5 50 140 156 0 0 5 339 321 282 0 1678 35 305 28 9 54
648 5 55 152 156 0 0 7 337 335 290 0 1680 39 297 24 7 40
672 5 52 123 156 0 0 7 337 333 287 0 1675 46 299 17 12 42
696 5 56 156 156 0 1 12 331 324 296 0 1676 36 289 27 11 51
720 5 60 150 156 0 0 9 335 328 292 0 1677 44 284 19 10 47
744 5 48 152 156 0 0 8 336 313 308 0 1675 42 276 21 12 62
768 5 46 173 156 0 0 7 337 324 303 0 1676 41 274 22 11 51
792 5 40 167 156 0 0 3 341 321 287 0 1678 39 277 24 9 54
816 5 48 164 156 0 0 5 339 322 289 0 1671 41 266 22 16 53
840 4 44 165 156 0 0 8 336 322 276 0 1676 41 261 22 11 53
864 4 36 182 156 0 0 5 339 329 261 0 1678 36 256 27 9 46
888 3 34 141 156 0 0 7 337 331 274 0 1681 40 248 23 6 44
912 3 20 153 156 0 0 4 340 317 239 0 1684 40 249 23 3 58
936 3 19 134 156 0 0 2 342 322 247 0 1683 44 236 19 4 53
960 3 34 133 156 0 0 7 337 333 238 0 1677 41 241 22 10 42
984 3 38 137 156 0 0 10 334 327 231 0 1681 41 240 22 6 48
1008 3 28 137 156 0 0 5 339 329 220 0 1678 42 234 21 9 46
1032 3 31 145 156 0 0 5 339 319 211 0 1681 38 229 25 6 56
1056 3 27 144 156 0 0 3 341 314 207 0 1680 40 225 23 7 61
1080 3 31 137 156 0 0 5 339 331 204 0 1681 44 223 19 6 44
1104 3 33 153 156 0 0 6 338 327 219 0 1675 42 223 21 12 48
1128 3 23 133 156 0 0 5 339 314 227 0 1679 45 217 18 8 61
1152 3 19 157 156 0 0 4 340 322 238 0 1681 37 215 26 6 53
1176 3 25 152 156 0 0 0 344 323 244 0 1679 41 209 22 8 52
1200 3 26 152 156 0 0 4 340 322 230 0 1680 38 209 25 7 53
1224 3 19 141 156 0 0 2 342 309 225 0 1683 45 202 18 4 66
1248 3 29 145 156 0 0 4 340 330 219 0 1681 38 203 25 6 45
1272 3 20 138 156 0 0 8 336 326 210 0 1683 38 203 25 4 49
1296 3 28 151 156 0 0 4 340 317 207 0 1682 41 199 22 5 58
1320 2 24 159 156 0 0 4 340 319 199 0 1680 42 195 21 7 56
1344 2 21 141 156 0 0 3 341 327 195 0 1685 42 192 21 2 48
1368 2 13 138 156 0 0 2 342 328 190 0 1682 45 189 18 5 47
1392 1 5 154 156 0 0 2 342 318 170 0 1685 36 187 27 2 57
1416 1 4 138 156 0 0 2 342 313 159 0 1685 47 186 16 2 62
1440 1 12 126 156 0 0 1 343 321 159 0 1684 44 187 19 3 54
1464 1 8 141 156 0 0 1 343 316 146 0 1686 38 186 25 1 59
1488 1 9 153 156 0 0 2 342 326 141 0 1684 38 183 25 3 49
1512 1 11 144 156 0 0 0 344 323 145 0 1683 34 180 29 4 52
1536 1 13 142 156 0 0 6 338 326 143 0 1681 38 179 25 6 49
1560 1 7 137 156 0 0 2 342 321 136 0 1686 48 176 15 1 54
1584 1 6 140 156 0 0 0 344 316 126 0 1687 39 175 24 0 59
1608.0 1001 6 147 156 0 0 1 343 317 123 0 1686 37 174 26 1 58
1632 391 5130 160 171 18 53 91 167 271 921 0 1149 42 386 21 538 104
1656 99 3520 168 229 27 65 73 106 266 415 0 1457 46 433 17 230 109
1680 39 1305 169 266 10 47 65 112 295 304 0 1604 39 452 24 83 80
1704 25 505 193 272 7 21 48 152 303 319 0 1631 41 424 22 56 72
1728 21 325 184 273 0 8 31 188 309 355 0 1644 41 398 22 43 66
1752 17 253 174 274 0 3 33 190 313 400 0 1640 32 373 31 47 62
1776 15 217 158 274 0 3 23 200 307 389 0 1659 49 363 14 28 68
1800 13 170 182 274 0 4 18 204 318 400 0 1666 36 357 27 21 57
1824 11 165 169 274 0 2 21 203 333 378 0 1651 38 345 25 36 42
1848 10 123 164 274 0 1 15 210 308 353 0 1672 35 351 28 15 67
1872 8 112 178 274 0 0 8 218 315 361 0 1670 38 343 25 17 60
1896 6 88 176 274 0 1 10 215 332 323 0 1670 44 347 19 17 43
1920 6 66 168 274 0 3 7 216 311 311 0 1672 39 336 24 15 64
1944 6 69 154 274 0 1 12 213 322 321 0 1673 49 329 14 14 53
1968 5 64 158 274 0 1 9 216 308 300 0 1677 32 321 31 10 67
1992 4 53 162 274 0 0 7 219 308 294 0 1677 39 316 24 10 67
2016 4 55 174 274 0 0 6 220 322 283 0 1677 44 318 19 10 53
2040 4 35 163 274 0 1 5 220 327 256 0 1681 45 318 18 6 48
2064 4 36 151 274 0 1 3 222 335 255 0 1685 45 311 18 2 40
2088 4 50 152 274 0 0 1 225 323 243 0 1681 40 310 23 6 52
2112 4 43 156 274 0 0 6 220 329 253 0 1680 39 303 24 7 46
2136 4 43 167 274 0 1 6 219 326 247 0 1677 40 299 23 10 49
2160 4 35 143 274 0 2 4 220 309 242 0 1680 51 298 12 7 66
2184 4 45 169 274 0 1 8 217 309 250 0 1677 36 289 27 10 66
2208 4 47 159 274 0 1 5 220 324 258 0 1673 42 282 21 14 51
2232 4 37 158 274 0 0 5 221 313 252 0 1677 42 282 21 10 62
2256 4 36 170 274 0 0 1 225 320 245 0 1676 42 274 21 11 55
2280 4 34 160 274 0 0 5 221 336 245 0 1680 43 262 20 7 39
2304 4 41 154 274 0 0 2 224 326 259 0 1679 44 252 19 8 49
2328 4 37 144 274 0 0 5 221 319 281 0 1676 42 247 21 11 56
2352 4 46 153 274 0 0 2 224 319 281 0 1676 39 233 24 11 56
2376 3 36 160 274 0 0 3 223 326 279 0 1677 42 238 21 10 49
2400 3 42 133 274 0 0 4 222 322 273 0 1678 41 240 22 9 53
2424 3 33 166 274 0 0 6 220 325 245 0 1682 37 246 26 5 50
2448 3 32 144 274 0 0 4 222 322 251 0 1682 40 243 23 5 53
2472 3 28 125 274 0 0 1 225 327 242 0 1684 36 239 27 3 48
2496 3 24 129 274 0 0 5 221 316 238 0 1681 40 235 23 6 59
2520 3 35 128 274 0 0 5 221 313 242 0 1680 37 233 26 7 62
2544 3 24 135 274 0 0 2 224 310 247 0 1680 44 234 19 7 65
2568 2 29 153 274 0 0 4 222 314 241 0 1684 35 231 28 3 61
2592 2 15 147 274 0 0 2 224 316 222 0 1681 36 229 27 6 59
2616 2 22 171 274 0 0 3 223 303 212 0 1682 39 224 24 5 72
2640 2 19 165 274 0 0 3 223 327 204 0 1684 44 223 19 3 48
2664 2 18 172 274 0 0 3 223 318 212 0 1679 47 217 16 8 57
2688 2 22 166 274 0 0 4 222 308 198 0 1683 35 218 28 4 67
2712 2 17 154 274 0 0 2 224 327 189 0 1683 46 218 17 4 48
2736 2 19 132 274 0 0 3 223 330 183 0 1682 44 213 19 5 45
2760 2 19 144 274 0 0 5 221 321 183 0 1680 37 209 26 7 54
2784 2 12 120 274 0 0 1 225 324 163 0 1684 40 209 23 3 51
2808 2 15 117 274 0 0 1 225 315 172 0 1679 41 206 22 8 60
2832 2 22 110 274 0 0 4 222 317 171 0 1680 37 201 26 7 58
2856 2 17 139 274 0 0 2 224 337 171 0 1685 50 198 13 2 38
2880 1 18 153 274 0 0 2 224 318 179 0 1683 39 195 24 4 57
2904 1 8 165 274 0 0 0 226 335 158 0 1683 39 196 24 4 40
2928 1 7 141 274 0 0 1 225 315 148 0 1686 43 194 20 1 60
2952 1 15 135 274 0 0 0 226 326 136 0 1685 48 191 15 2 49
2976 1 10 135 274 0 0 0 226 327 125 0 1686 41 188 22 1 48
3000 1 8 123 274 0 0 0 226 314 122 0 1686 48 185 15 1 61
3024 1 4 132 274 0 0 1 225 324 110 0 1687 43 184 20 0 51
3048.0 1001 1 125 274 0 0 1 225 324 109 0 1687 47 184 16 0 51
3072 344 5081 164 282 11 24 65 118 296 846 0 1178 38 392 25 509 79
3096 80 3350 170 314 14 30 55 87 281 380 0 1484 37 471 26 203 94
3120 32 1243 167 330 10 20 56 84 293 298 0 1596 38 444 25 91 82
3144 25 490 156 334 6 19 28 113 312 324 0 1639 41 420 22 48 63
3168 18 313 153 334 2 11 24 129 312 351 0 1641 45 394 18 46 63
3192 15 222 149 335 0 5 15 145 313 351 0 1663 39 364 24 24 62
3216 15 180 164 335 0 0 17 148 315 391 0 1657 39 369 24 30 60
3240 12 167 172 335 0 0 18 147 322 389 0 1656 34 367 29 31 53
3264 9 156 134 335 1 3 14 147 316 362 0 1667 41 359 22 20 59
3288 7 111 146 335 0 1 10 154 323 345 0 1670 40 356 23 17 52
3312 6 105 151 335 0 0 10 155 299 341 0 1670 41 351 22 17 76
3336 6 76 157 335 0 2 6 157 317 327 0 1678 40 343 23 9 58
3360 6 72 153 335 0 0 3 162 322 312 0 1684 43 343 20 3 53
3384 5 68 166 335 0 0 6 159 320 312 0 1678 38 337 25 9 55
3408 5 62 166 335 0 0 9 156 321 303 0 1677 37 323 26 10 54
3432 5 59 156 335 0 0 8 157 312 289 0 1681 41 322 22 6 63
3456 4 62 161 335 0 0 2 163 325 277 0 1676 40 317 23 11 50
3480 4 54 166 335 0 0 7 158 313 271 0 1683 41 305 22 4 62
3504 4 40 157 335 0 0 3 162 315 247 0 1680 37 303 26 7 60
3528 4 45 159 335 0 0 5 160 323 254 0 1675 30 298 33 12 52
3552 4 47 177 335 0 0 2 163 304 266 0 1676 42 290 21 11 71
3576 3 36 171 335 0 0 1 164 331 259 0 1677 39 279 24 10 44
3600 3 32 166 335 0 0 2 163 315 243 0 1680 39 266 24 7 60
3624 3 33 157 335 0 0 5 160 320 241 0 1678 46 254 17 9 55
3648 2 31 141 335 0 0 1 164 328 237 0 1682 43 255 20 5 47
3672 2 19 140 335 0 0 1 164 325 219 0 1685 44 252 19 2 50
3696 2 19 158 335 0 0 1 164 321 209 0 1682 37 251 26 5 54
3720 2 18 152 335 0 0 1 164 324 192 0 1684 39 251 24 3 51
3744 2 10 149 335 0 0 1 164 320 180 0 1684 43 250 20 3 55
3768 2 16 157 335 0 0 1 164 330 175 0 1683 32 243 31 4 45
3792 2 25 140 335 0 1 1 163 325 164 0 1683 45 240 18 4 50
3816 2 12 135 335 0 0 2 163 316 159 0 1684 42 237 21 3 59
3840 2 18 128 335 0 0 2 163 336 157 0 1684 44 228 19 3 39
3864 2 15 140 335 0 0 2 163 329 168 0 1684 43 225 20 3 46
3888 2 13 151 335 0 0 2 163 323 166 0 1685 39 220 24 2 52
3912 2 19 164 335 0 0 2 163 328 182 0 1683 37 212 26 4 47
3936 2 14 149 335 0 0 1 164 322 173 0 1680 42 207 21 7 53
3960 2 12 132 335 0 0 1 164 321 172 0 1681 41 206 22 6 54
3984 2 13 126 335 0 0 2 163 336 172 0 1683 38 202 25 4 39
4008 2 20 132 335 0 0 0 165 314 176 0 1683 31 197 32 4 61
4032 2 17 147 335 0 0 2 163 325 175 0 1683 42 197 21 4 50
4056 2 16 142 335 0 0 1 164 329 191 0 1680 44 195 19 7 46
4080 1 11 143 335 0 0 2 163 327 184 0 1683 34 195 29 4 48
4104 1 6 121 335 0 0 1 164 317 174 0 1684 47 195 16 3 58
4128 1 8 120 335 0 0 1 164 331 161 0 1685 42 194 21 2 44
4152 1 6 127 335 0 0 0 165 316 147 0 1686 47 197 16 1 59
4176 1 8 136 335 0 0 1 164 322 137 0 1684 41 195 22 3 53
4200 1 10 137 335 0 0 1 164 316 136 0 1686 42 191 21 1 59
4224 1 7 132 335 0 0 0 165 319 126 0 1684 43 191 20 3 56
4248 1 4 124 335 0 0 0 165 325 128 0 1686 45 190 18 1 50
4272 1 9 142 335 0 0 1 164 327 122 0 1687 38 186 25 0 48
4296 1 8 129 335 0 0 0 165 318 117 0 1685 39 186 24 2 57
4320 1 6 137 335 0 0 0 165 312 117 0 1686 48 187 15 1 63
4344 1 4 135 335 0 0 0 165 336 107 0 1686 40 187 23 1 39
4368 1 10 125 335 0 0 2 163 310 125 0 1686 34 184 29 1 65
4392 1 6 139 335 0 0 0 165 323 119 0 1686 46 183 17 1 52
4416 1 5 106 335 0 0 2 163 321 114 0 1685 44 182 19 2 54
4440 1 6 110 335 0 0 2 163 315 109 0 1687 50 181 13 0 60
4464 1 7 106 335 0 0 0 165 323 111 0 1686 42 177 21 1 52
4488.0 1001 6 125 335 0 0 3 162 329 118 0 1683 46 173 17 4 46
4512 354 5155 156 338 8 28 46 80 277 834 0 1188 47 367 16 499 98
4536 86 3339 197 364 11 30 49 46 278 393 0 1476 35 452 28 211 97
4560 36 1125 171 378 8 16 45 53 289 290 0 1605 32 473 31 82 86
4584 21 435 179 381 1 8 21 89 312 338 0 1644 37 442 26 43 63
4608 14 264 162 382 0 1 18 99 304 331 0 1662 39 420 24 25 71
4632 13 146 188 382 0 1 8 109 309 322 0 1665 39 418 24 22 66
4656 13 158 177 382 0 0 7 111 324 379 0 1664 47 384 16 23 51
4680 11 161 187 382 0 3 7 108 315 404 0 1660 39 368 24 27 60
4704 9 121 183 382 0 0 4 114 306 370 0 1670 38 366 25 17 69
4728 9 109 180 382 0 0 5 113 327 327 0 1672 36 341 27 15 48
4752 7 82 167 382 1 0 2 115 322 321 0 1676 48 328 15 11 53
4776 7 85 166 382 1 0 4 113 330 331 0 1666 49 324 14 21 45
4800 7 91 160 382 0 1 5 112 319 321 0 1672 41 321 22 15 56
4824 6 75 160 382 0 0 5 113 317 345 0 1671 40 312 23 16 58
4848 6 80 172 382 0 0 5 113 321 307 0 1674 40 321 23 13 54
4872 5 69 145 382 0 0 1 117 316 311 0 1676 43 315 20 11 59
4896 4 60 142 382 0 0 4 114 329 280 0 1673 38 321 25 14 46
4920 3 35 155 382 0 0 2 116 316 258 0 1683 39 317 24 4 59
4944 2 32 160 382 0 1 3 114 330 250 0 1679 42 305 21 8 45
4968 2 22 159 382 0 0 0 118 320 220 0 1687 43 302 20 0 55
4992 1 10 154 382 0 0 0 118 318 207 0 1686 39 300 24 1 57
5016 1 16 148 382 0 0 1 117 336 182 0 1683 42 296 21 4 39
5040 1 16 165 382 0 0 1 117 326 173 0 1683 39 295 24 4 49
5064 1 5 124 382 0 0 0 118 318 156 0 1684 47 294 16 3 57
5088 1 5 121 382 0 0 0 118 337 141 0 1687 44 293 19 0 38
5112 1 7 124 382 0 0 0 118 321 139 0 1686 33 288 30 1 54
5136 1 16 122 382 0 0 2 116 322 137 0 1685 38 282 25 2 53
5160 1 10 135 382 0 0 0 118 324 130 0 1683 40 281 23 4 51
5184 1 10 133 382 0 0 1 117 314 114 0 1685 43 282 20 2 61
5208 1 6 133 382 0 0 0 118 323 120 0 1685 44 277 19 2 52
5232 1 10 117 382 0 0 0 118 323 120 0 1683 48 274 15 4 52
5256 1 9 135 382 0 0 0 118 319 117 0 1686 44 268 19 1 56
5280 1 10 119 382 0 0 0 118 321 121 0 1685 41 267 22 2 54
5304 1 9 127 382 0 0 1 117 319 126 0 1685 42 265 21 2 56
5328 1 8 124 382 0 0 1 117 313 119 0 1686 47 265 16 1 62
5352 1 14 123 382 0 0 0 118 318 123 0 1687 43 263 20 0 57
5376 1 9 134 382 0 0 0 118 313 120 0 1685 42 263 21 2 62
5400 1 13 124 382 0 0 1 117 313 126 0 1682 38 259 25 5 62
5424 1 11 110 382 0 0 1 117 321 129 0 1684 43 256 20 3 54
5448 1 12 133 382 0 0 1 117 325 128 0 1685 42 248 21 2 50
5472 1 12 132 382 0 0 0 118 316 115 0 1686 44 246 19 1 59
5496 1 7 121 382 0 0 0 118 321 112 0 1686 49 243 14 1 54
5520 1 11 137 382 0 0 0 118 317 118 0 1685 36 241 27 2 58
5544 1 8 148 382 0 0 1 117 312 115 0 1684 41 237 22 3 63
5568 1 5 144 382 0 0 0 118 313 103 0 1686 41 236 22 1 62
5592 1 8 144 382 0 0 0 118 310 105 0 1686 39 230 24 1 65
5616 1 6 128 382 0 0 1 117 321 101 0 1685 40 230 23 2 54
5640 1 6 129 382 0 0 1 117 322 96 0 1684 46 231 17 3 53
5664 1 3 123 382 0 0 0 118 319 94 0 1686 48 225 15 1 56
5688 1 9 118 382 0 0 0 118 314 96 0 1686 42 223 21 1 61
5712 1 9 135 382 0 0 1 117 330 109 0 1683 42 217 21 4 45
5736 1 6 120 382 0 0 1 117 309 112 0 1685 37 217 26 2 66
5760 1 9 114 382 0 0 0 118 315 108 0 1685 39 215 24 2 60
5784 1 6 128 382 0 0 1 117 321 106 0 1682 41 214 22 5 54
5808 1 11 121 382 0 0 1 117 324 111 0 1685 44 214 19 2 51
5832 1 5 127 382 0 0 1 117 332 110 0 1684 50 213 13 3 43
5856 1 10 114 382 0 0 0 118 310 109 0 1685 47 210 16 2 65
5880 1 10 123 382 0 0 0 118 316 101 0 1684 45 209 18 3 59
5904 1 8 129 382 0 0 0 118 326 100 0 1684 39 207 24 3 49
5928.0 1001 9 141 382 0 0 1 117 313 106 0 1682 39 206 24 5 62
5952 369 5007 182 387 5 12 34 62 277 840 0 1191 42 421 21 496 98
5976 93 3146 186 401 7 25 25 42 271 389 0 1481 36 492 27 206 104
6000 29 1088 176 411 4 17 19 49 286 280 0 1634 39 477 24 53 89
6024 15 345 167 414 2 4 12 68 315 266 0 1653 29 456 34 34 60
6048 13 190 166 414 0 0 11 75 316 313 0 1661 37 419 26 26 59
6072 11 149 176 414 0 0 5 81 318 345 0 1658 40 405 23 29 57
6096 10 146 169 414 0 0 7 79 320 364 0 1663 44 384 19 24 55
6120 8 102 163 414 0 0 7 79 306 358 0 1674 39 378 24 13 69
6144 6 69 177 414 0 0 2 84 317 337 0 1677 39 365 24 10 58
6168 6 63 183 414 0 0 1 85 315 307 0 1680 40 360 23 7 60
6192 6 57 167 414 0 0 4 82 320 333 0 1672 36 345 27 15 55
6216 6 64 151 414 0 0 0 86 319 324 0 1679 44 349 19 8 56
6240 6 65 162 414 0 0 4 82 309 334 0 1671 43 340 20 16 66
6264 6 71 161 414 0 0 5 81 329 316 0 1673 38 336 25 14 46
6288 6 72 157 414 0 0 2 84 322 308 0 1674 29 324 34 13 53
6312 5 52 179 414 0 0 1 85 310 299 0 1673 42 328 21 14 65
6336 5 61 172 414 0 0 2 84 312 295 0 1676 35 323 28 11 63
6360 5 57 167 414 0 0 2 84 316 292 0 1676 41 322 22 11 59
6384 5 37 167 414 0 0 1 85 315 309 0 1677 38 310 25 10 60
6408 5 49 152 414 0 0 3 83 313 292 0 1678 46 305 17 9 62
6432 5 44 147 414 0 0 7 79 324 291 0 1672 42 291 21 15 51
6456 5 57 182 414 0 0 1 85 314 288 0 1676 42 282 21 11 61
6480 4 35 173 414 0 0 1 85 316 275 0 1679 37 283 26 8 59
6504 4 41 164 414 0 0 3 83 319 261 0 1676 37 288 26 11 56
6528 4 52 163 414 0 0 5 81 337 265 0 1679 41 279 22 8 38
6552 4 35 172 414 0 0 1 85 313 253 0 1684 38 267 25 3 62
6576 4 44 185 414 0 0 2 84 325 262 0 1677 38 258 25 10 50
6600 4 31 177 414 0 0 1 85 312 252 0 1680 36 246 27 7 63
6624 4 46 150 414 0 0 1 85 338 262 0 1676 46 239 17 11 37
6648 4 44 167 414 0 0 3 83 326 269 0 1675 35 236 28 12 49
6672 4 35 171 414 0 0 0 86 310 251 0 1679 40 235 23 8 65
6696 4 30 171 414 0 0 0 86 312 244 0 1677 44 240 19 10 63
6720 4 40 154 414 0 0 3 83 337 271 0 1675 40 235 23 12 38
6744 4 41 167 414 0 0 1 85 329 281 0 1680 44 221 19 7 46
6768 4 31 158 414 0 0 1 85 326 254 0 1680 47 222 16 7 49
6792 4 33 155 414 0 0 0 86 317 261 0 1681 46 224 17 6 58
6816 4 36 155 414 0 0 2 84 321 265 0 1677 41 216 22 10 54
6840 4 52 155 414 0 0 1 85 312 274 0 1677 43 215 20 10 63
6864 4 54 160 414 0 0 5 81 329 248 0 1677 34 219 29 10 46
6888 4 34 140 414 0 0 2 84 317 236 0 1682 46 217 17 5 58
6912 4 43 144 414 0 0 1 85 325 252 0 1673 41 217 22 14 50
6936 4 33 140 414 0 0 0 86 308 250 0 1676 38 218 25 11 67
6960 4 38 152 414 0 0 0 86 327 257 0 1678 44 215 19 9 48
6984 4 40 127 414 0 0 2 84 314 248 0 1674 44 214 19 13 61
7008 4 46 142 414 0 0 0 86 317 238 0 1679 34 221 29 8 58
7032 4 35 132 414 0 0 0 86 319 227 0 1678 45 222 18 9 56
7056 4 30 150 414 0 0 1 85 338 230 0 1678 45 218 18 9 37
7080 4 37 158 414 0 0 0 86 326 223 0 1676 35 212 28 11 49
7104 4 38 148 414 0 0 5 81 323 210 0 1675 43 211 20 12 52
7128 4 36 153 414 0 0 0 86 318 221 0 1679 42 208 21 8 57
7152 4 42 151 414 0 0 3 83 326 223 0 1676 44 212 19 11 49
7176 3 21 150 414 0 0 3 83 321 224 0 1681 47 206 16 6 54
7200 3 29 148 414 0 0 2 84 309 220 0 1680 42 205 21 7 66
7224 3 37 156 414 0 0 3 83 322 228 0 1679 43 205 20 8 53
7248 3 23 147 414 0 0 0 86 332 218 0 1676 38 208 25 11 43
7272 3 42 149 414 0 0 2 84 338 217 0 1679 31 207 32 8 37
7296 3 21 154 414 0 0 3 83 330 205 0 1682 49 206 14 5 45
7320 3 28 145 414 0 0 1 85 325 217 0 1681 48 206 15 6 50
7344 3 26 147 414 0 0 4 82 322 233 0 1681 43 201 20 6 53
7368 3 21 160 414 0 0 1 85 321 224 0 1683 45 197 18 4 54
7392 3 26 135 414 0 0 2 84 329 236 0 1679 44 194 19 8 46
7416 2 27 147 414 0 0 1 85 331 209 0 1683 42 194 21 4 44
7440 2 18 138 414 0 0 1 85 322 214 0 1685 42 192 21 2 53
7464 2 25 144 414 0 0 0 86 313 205 0 1679 38 188 25 8 62
7488 2 22 150 414 0 0 0 86 319 206 0 1683 33 187 30 4 56
7512 2 19 149 414 0 0 1 85 318 192 0 1682 38 185 25 5 57
7536 2 12 138 414 0 0 0 86 320 198 0 1684 45 181 18 3 55
7560 2 17 125 414 0 0 0 86 324 196 0 1680 42 181 21 7 51
7584 2 20 135 414 0 0 2 84 324 197 0 1680 45 178 18 7 51
7608 2 15 136 414 0 0 0 86 338 194 0 1684 45 172 18 3 37
7632 2 19 145 414 0 0 0 86 326 202 0 1684 43 168 20 3 49
7656 2 18 153 414 0 0 0 86 321 202 0 1681 38 171 25 6 54
7680 2 22 145 414 0 0 1 85 316 195 0 1681 42 174 21 6 59
7704 2 15 121 414 0 0 0 86 325 185 0 1682 42 173 21 5 50
7728 2 14 112 414 0 0 0 86 322 187 0 1684 41 168 22 3 53
7752 2 22 134 414 0 0 1 85 324 189 0 1684 46 166 17 3 51
7776 2 18 136 414 0 0 1 85 331 176 0 1683 44 169 19 4 44
7800 2 23 123 414 0 0 0 86 318 175 0 1683 42 169 21 4 57
7824 2 24 150 414 0 0 1 85 329 169 0 1681 36 172 27 6 46
7848 2 9 146 414 0 0 1 85 317 178 0 1683 42 170 21 4 58
7872 2 21 166 414 0 0 0 86 312 194 0 1680 34 170 29 7 63
7896 2 13 127 414 0 0 0 86 315 175 0 1684 42 168 21 3 60
7920 2 10 137 414 0 0 0 86 313 172 0 1682 43 169 20 5 62
7944 2 14 132 414 0 0 0 86 317 171 0 1684 48 167 15 3 58
7968 2 13 125 414 0 0 1 85 325 168 0 1683 44 166 19 4 50
7992 2 27 133 414 0 0 1 85 323 174 0 1680 43 162 20 7 52
8016 2 21 130 414 0 0 0 86 314 170 0 1679 44 161 19 8 61
8040 2 18 137 414 0 0 0 86 323 170 0 1680 38 158 25 7 52
8064 2 22 135 414 0 0 3 83 309 154 0 1681 34 159 29 6 66
8088 2 14 124 414 0 0 1 85 327 156 0 1683 41 158 22 4 48
8112 1 7 155 414 0 0 0 86 331 146 0 1686 43 157 20 1 44
8136 1 9 148 414 0 0 0 86 324 139 0 1687 47 156 16 0 51
8160 1 10 137 414 0 0 0 86 317 134 0 1686 42 151 21 1 58
8184 1 4 139 414 0 0 0 86 320 124 0 1685 41 150 22 2 55
8208 1 7 123 414 0 0 2 84 330 117 0 1686 42 150 21 1 45
8232 1 3 119 414 0 0 0 86 307 120 0 1685 48 149 15 2 68
8256 1 7 123 414 0 0 0 86 315 124 0 1687 47 147 16 0 60
8280 1 6 123 414 0 0 0 86 329 120 0 1685 47 145 16 2 46
8304 1 2 126 414 0 0 1 85 329 105 0 1687 48 145 15 0 46
8328 1 16 120 414 0 0 1 85 333 111 0 1684 38 144 25 3 42
8352 1 3 120 414 0 0 0 86 306 95 0 1686 46 144 17 1 69
8376 1 9 156 414 0 0 0 86 323 93 0 1686 42 142 21 1 52
8400 1 8 132 414 0 0 1 85 323 91 0 1685 44 141 19 2 52
8424 1 5 137 414 0 0 0 86 320 91 0 1685 40 139 23 2 55
8448 1 6 129 414 0 0 1 85 314 94 0 1686 42 138 21 1 61
8472 1 10 121 414 0 0 0 86 328 93 0 1684 36 137 27 3 47
8496 1 11 122 414 0 0 0 86 333 99 0 1684 45 137 18 3 42
8520 1 9 142 414 0 0 0 86 320 88 0 1686 38 135 25 1 55
8544 1 5 117 414 0 0 0 86 318 97 0 1686 36 133 27 1 57
8568 1 9 110 414 0 0 0 86 315 99 0 1683 41 132 22 4 60
8592 1 10 124 414 0 0 0 86 315 100 0 1683 44 131 19 4 60
8616 1 9 128 414 0 0 0 86 327 101 0 1684 49 129 14 3 48
8640 1 3 118 414 0 0 0 86 323 96 0 1686 48 129 15 1 52
8664 1 6 147 414 0 0 0 86 318 98 0 1686 37 128 26 1 57
8688 1 11 124 414 0 0 0 86 318 97 0 1685 46 126 17 2 57
8712 1 7 121 414 0 0 0 86 322 97 0 1687 42 127 21 0 53
8736 1 12 125 414 0 0 3 83 319 104 0 1686 40 125 23 1 56
8760 1 11 142 414 0 0 1 85 331 101 0 1686 41 125 22 1 44
