Time EBV Teff Treg ODC_le1 ODC_le2 ODC_le3 ODC_le4 ODC_le5 NK IL2 DAC Resting_Teff Resting_Treg EffectorMemory Resting_Treg_temp Resting_Teff_temp NK_temp
0.0 0 0 0 0 0 0 0 500 375 1000 0 1687 63 0 0 0 0
24 0 0 0 0 0 0 0 500 334 911 0 1687 63 0 0 0 41
48 0 0 0 0 0 0 0 500 337 842 0 1687 63 0 0 0 38
72 0 0 0 0 0 0 0 500 346 752 0 1687 63 0 0 0 29
96 0 0 0 0 0 0 0 500 326 685 0 1687 63 0 0 0 49
120 0 0 0 0 0 0 0 500 325 606 0 1687 63 0 0 0 50
144 0 0 0 0 0 0 0 500 336 547 0 1687 63 0 0 0 39
168.0 1000 0 0 0 0 0 0 500 338 489 0 1687 63 0 0 0 37
192 360 5710 118 16 29 70 161 224 272 832 0 1137 39 385 24 550 103
216 92 3826 160 109 35 96 120 140 269 353 0 1464 35 444 28 223 106
240 31 1241 160 164 18 57 92 169 297 283 0 1617 42 430 21 70 78
264 20 400 169 169 9 22 75 225 303 303 0 1645 39 406 24 42 72
288 14 225 176 172 1 8 43 276 307 336 0 1649 48 376 15 38 68
312 12 162 159 172 0 3 35 290 330 353 0 1660 39 366 24 27 45
336 12 157 180 172 0 2 28 298 322 353 0 1666 42 361 21 21 53
360 11 140 177 172 0 1 25 302 323 370 0 1651 38 358 25 36 52
384 11 131 166 172 0 3 19 306 314 364 0 1663 35 349 28 24 61
408 10 125 169 172 0 1 19 308 312 377 0 1670 44 328 19 17 63
432 9 118 156 172 1 1 13 313 319 348 0 1667 36 340 27 20 56
456 9 120 159 172 0 2 17 309 310 362 0 1673 40 325 23 14 65
480 8 98 162 172 0 1 18 309 321 349 0 1661 41 325 22 26 54
504 8 93 174 172 0 1 12 315 322 326 0 1673 39 325 24 14 53
528 8 74 165 172 0 0 23 305 332 325 0 1675 41 326 22 12 43
552 8 86 154 172 0 0 18 310 331 339 0 1667 39 305 24 20 44
576 8 94 172 172 0 2 11 315 317 345 0 1666 32 305 31 21 58
600 8 94 171 172 0 2 12 314 323 341 0 1666 39 300 24 21 52
624 8 105 163 172 0 2 9 317 314 342 0 1670 45 305 18 17 61
648 7 85 164 172 0 0 13 315 321 331 0 1679 41 301 22 8 54
672 7 75 164 172 0 2 7 319 317 340 0 1675 36 306 27 12 58
696 7 73 178 172 0 0 15 313 306 326 0 1675 36 301 27 12 69
720 7 74 175 172 0 0 13 315 335 319 0 1669 42 294 21 18 40
744 7 54 169 172 0 0 9 319 317 309 0 1679 38 292 25 8 58
768 7 62 184 172 0 0 12 316 314 317 0 1674 35 289 28 13 61
792 7 93 154 172 0 0 12 316 318 328 0 1674 39 275 24 13 57
816 6 97 155 172 0 1 12 315 334 307 0 1675 43 277 20 12 41
840 6 85 160 172 0 0 6 322 317 306 0 1679 32 280 31 8 58
864 6 75 179 172 0 1 14 313 328 292 0 1675 41 269 22 12 47
888 6 52 175 172 0 0 7 321 327 298 0 1676 37 267 26 11 48
912 6 63 181 172 0 0 13 315 319 324 0 1673 45 265 18 14 56
936 6 53 137 172 0 0 7 321 315 336 0 1676 43 267 20 11 60
960 6 67 131 172 0 0 7 321 320 341 0 1671 42 261 21 16 55
984 6 54 144 172 0 0 11 317 319 329 0 1671 45 258 18 16 56
1008 6 65 146 172 0 0 12 316 326 328 0 1673 41 261 22 14 49
1032 5 63 164 172 0 0 16 312 317 330 0 1671 35 267 28 16 58
1056 4 40 152 172 0 0 9 319 323 316 0 1680 37 260 26 7 52
1080 4 56 134 172 0 1 8 319 314 289 0 1674 45 264 18 13 61
1104 3 43 153 172 0 0 9 319 315 263 0 1679 38 266 25 8 60
1128 3 27 154 172 0 1 8 319 326 253 0 1682 43 266 20 5 49
1152 3 29 152 172 0 0 6 322 322 230 0 1682 38 267 25 5 53
1176 3 32 145 172 0 0 6 322 318 233 0 1679 38 262 25 8 57
1200 3 24 152 172 0 0 3 325 335 223 0 1681 49 258 14 6 40
1224 3 18 151 172 0 0 4 324 320 220 0 1680 36 257 27 7 55
1248 3 23 128 172 0 0 5 323 306 219 0 1680 46 251 17 7 69
1272 3 21 146 172 0 0 3 325 324 212 0 1685 37 251 26 2 51
1296 3 27 155 172 0 1 7 320 330 217 0 1680 41 244 22 7 45
1320 3 18 174 172 0 0 5 323 323 202 0 1681 45 243 18 6 52
1344 3 28 150 172 0 0 1 327 322 205 0 1679 37 236 26 8 53
1368 3 28 147 172 0 0 3 325 312 214 0 1680 40 229 23 7 63
1392 3 21 161 172 0 0 4 324 321 216 0 1683 40 228 23 4 54
1416 3 27 145 172 0 0 7 321 321 216 0 1677 42 221 21 10 54
1440 3 36 142 172 0 1 2 325 325 224 0 1674 47 214 16 13 50
1464 3 27 143 172 0 0 3 325 320 210 0 1682 42 209 21 5 55
1488 3 36 140 172 0 0 4 324 316 213 0 1676 43 211 20 11 59
1512 3 27 127 172 0 0 4 324 330 215 0 1677 41 211 22 10 45
1536 3 26 132 172 0 0 5 323 322 215 0 1680 44 211 19 7 53
1560 3 26 138 172 0 0 5 323 320 222 0 1680 46 211 17 7 55
1584 3 31 157 172 0 0 4 324 327 214 0 1679 36 217 27 8 48
1608.0 1003 30 154 172 0 0 5 323 314 213 0 1683 39 213 24 4 61
1632 369 5275 175 179 9 52 105 155 268 889 0 1144 42 389 21 543 107
1656 89 3433 164 239 32 45 79 105 269 357 0 1477 44 465 19 210 106
1680 30 1122 165 268 11 36 62 123 289 280 0 1618 36 469 27 69 86
1704 22 428 174 273 4 17 48 158 312 291 0 1644 37 453 26 43 63
1728 16 232 173 273 3 9 31 184 314 336 0 1650 33 403 30 37 61
1752 15 215 189 274 2 0 19 205 330 395 0 1645 40 378 23 42 45
1776 11 152 184 274 1 2 18 205 322 379 0 1664 32 381 31 23 53
1800 11 121 182 274 0 1 12 213 312 403 0 1665 39 368 24 22 63
1824 11 124 178 274 0 2 8 216 310 372 0 1664 47 364 16 23 65
1848 11 128 184 274 0 0 18 208 337 380 0 1666 41 348 22 21 38
1872 11 135 178 274 0 1 16 209 335 386 0 1660 44 348 19 27 40
1896 9 94 163 274 0 2 19 205 317 375 0 1672 41 346 22 15 58
1920 9 104 169 274 0 3 15 208 314 360 0 1671 42 341 21 16 61
1944 9 96 195 274 0 2 10 214 315 372 0 1666 35 333 28 21 60
1968 8 80 190 274 0 1 13 212 327 356 0 1664 29 324 34 23 48
1992 8 110 174 274 0 2 12 212 312 324 0 1667 40 321 23 20 63
2016 8 80 164 274 0 0 9 217 326 318 0 1674 36 321 27 13 49
2040 8 100 174 274 0 0 12 214 324 312 0 1669 40 318 23 18 51
2064 7 98 182 274 0 0 11 215 310 330 0 1665 43 304 20 22 65
2088 7 90 153 274 0 0 10 216 317 298 0 1675 39 302 24 12 58
2112 6 67 154 274 0 0 5 221 329 321 0 1671 36 293 27 16 46
2136 6 72 173 274 0 0 4 222 328 319 0 1669 38 299 25 18 47
2160 6 52 180 274 0 0 7 219 327 309 0 1679 39 285 24 8 48
2184 6 68 158 274 0 0 8 218 312 308 0 1676 45 280 18 11 63
2208 6 66 155 274 0 0 9 217 316 320 0 1672 45 274 18 15 59
2232 6 77 168 274 0 0 6 220 324 319 0 1667 41 278 22 20 51
2256 5 51 176 274 0 0 5 221 330 306 0 1678 39 269 24 9 45
2280 5 55 181 274 0 0 4 222 330 288 0 1678 38 271 25 9 45
2304 5 57 147 274 0 0 4 222 318 272 0 1674 37 277 26 13 57
2328 5 44 150 274 0 0 3 223 317 252 0 1678 37 267 26 9 58
2352 5 46 151 274 0 0 3 223 318 269 0 1674 43 256 20 13 57
2376 5 65 151 274 0 0 3 223 316 277 0 1673 37 250 26 14 59
2400 5 49 162 274 0 1 5 220 323 286 0 1673 45 249 18 14 52
2424 5 42 151 274 0 1 9 216 325 282 0 1677 44 254 19 10 50
2448 4 41 159 274 0 0 7 219 321 277 0 1679 42 252 21 8 54
2472 4 49 153 274 0 0 10 216 323 258 0 1676 46 249 17 11 52
2496 3 42 178 274 0 0 4 222 316 238 0 1682 30 249 33 5 59
2520 3 22 145 274 0 0 5 221 310 238 0 1681 40 241 23 6 65
2544 3 35 145 274 0 0 1 225 322 233 0 1678 37 233 26 9 53
2568 3 31 154 274 0 0 3 223 320 233 0 1680 34 226 29 7 55
2592 3 29 137 274 0 0 2 224 337 227 0 1680 42 220 21 7 38
2616 3 20 133 274 0 0 2 224 306 230 0 1683 46 215 17 4 69
2640 3 30 148 274 0 0 1 225 323 238 0 1681 42 211 21 6 52
2664 3 21 172 274 0 0 4 222 334 220 0 1678 46 208 17 9 41
2688 2 14 158 274 0 0 4 222 322 210 0 1685 46 209 17 2 53
2712 2 12 153 274 0 0 0 226 329 192 0 1684 42 204 21 3 46
2736 2 19 140 274 0 0 0 226 317 186 0 1685 36 203 27 2 58
2760 1 14 145 274 0 0 0 226 326 185 0 1684 39 205 24 3 49
2784 1 8 117 274 0 0 0 226 323 162 0 1684 42 207 21 3 52
2808 1 10 136 274 0 0 2 224 317 154 0 1685 42 204 21 2 58
2832 1 14 152 274 0 0 1 225 330 160 0 1686 40 200 23 1 45
2856 1 10 125 274 0 0 1 225 321 146 0 1686 43 200 20 1 54
2880 1 9 147 274 0 0 2 224 324 136 0 1684 37 199 26 3 51
2904 1 6 127 274 0 0 0 226 324 129 0 1685 45 197 18 2 51
2928 1 9 122 274 0 1 3 222 326 126 0 1686 38 194 25 1 49
2952 1 8 132 274 0 0 1 225 323 118 0 1687 45 191 18 0 52
2976 1 16 126 274 0 0 2 224 329 128 0 1682 41 185 22 5 46
3000 1 6 137 274 0 0 1 225 328 118 0 1686 43 181 20 1 47
3024 1 5 131 274 0 0 1 225 321 121 0 1685 42 179 21 2 54
3048.0 1001 15 129 274 0 0 0 226 318 121 0 1683 43 175 20 4 57
3072 381 5199 193 282 14 33 61 110 270 857 0 1151 43 372 20 536 105
3096 90 3270 208 312 22 36 65 65 285 416 0 1479 39 460 24 208 90
3120 43 1284 188 345 11 19 43 82 311 334 0 1597 44 466 19 90 64
3144 28 627 180 351 1 14 35 99 304 330 0 1633 41 457 22 54 71
3168 22 375 183 351 0 5 23 121 307 375 0 1645 41 433 22 42 68
3192 19 324 180 351 0 3 16 130 315 396 0 1637 43 422 20 50 60
3216 15 231 189 351 0 2 21 126 330 379 0 1657 47 423 16 30 45
3240 11 155 207 351 0 2 11 136 315 367 0 1664 42 411 21 23 60
3264 11 136 164 351 0 0 11 138 320 382 0 1664 42 391 21 23 55
3288 9 104 174 351 0 0 8 141 322 373 0 1664 40 373 23 23 53
3312 7 76 170 351 0 0 9 140 320 348 0 1678 45 371 18 9 55
3336 7 79 164 351 0 0 2 147 314 333 0 1677 33 355 30 10 61
3360 6 83 159 351 0 0 4 145 322 317 0 1676 40 346 23 11 53
3384 6 60 145 351 0 0 5 144 322 311 0 1671 47 343 16 16 53
3408 5 65 167 351 0 0 2 147 313 318 0 1678 38 338 25 9 62
3432 5 54 142 351 0 0 5 144 324 317 0 1671 42 331 21 16 51
3456 5 60 152 351 0 1 4 144 328 295 0 1681 43 331 20 6 47
3480 5 61 163 351 0 1 8 140 314 290 0 1677 39 326 24 10 61
3504 5 48 169 351 0 0 3 146 321 280 0 1678 39 323 24 9 54
3528 5 57 166 351 0 0 4 145 316 301 0 1674 42 304 21 13 59
3552 5 52 160 351 0 0 4 145 318 311 0 1675 42 282 21 12 57
3576 5 48 161 351 0 0 4 145 326 323 0 1673 38 269 25 14 49
3600 5 62 136 351 0 0 2 147 325 317 0 1672 41 264 22 15 50
3624 4 40 142 351 0 0 8 141 330 312 0 1679 43 262 20 8 45
3648 4 42 148 351 0 0 7 142 326 301 0 1680 43 258 20 7 49
3672 4 58 151 351 0 0 1 148 328 280 0 1673 43 265 20 14 47
3696 4 41 152 351 0 0 6 143 318 258 0 1679 37 260 26 8 57
3720 4 40 149 351 0 0 4 145 322 263 0 1677 42 253 21 10 53
3744 4 47 157 351 0 0 4 145 319 258 0 1678 41 252 22 9 56
3768 4 47 150 351 0 1 2 146 332 252 0 1680 37 249 26 7 43
3792 4 32 174 351 0 0 2 147 329 244 0 1682 43 246 20 5 46
3816 4 41 162 351 0 0 3 146 327 252 0 1677 35 241 28 10 48
3840 4 39 142 351 0 0 4 145 314 255 0 1680 39 236 24 7 61
3864 4 42 162 351 0 0 2 147 325 258 0 1678 43 238 20 9 50
3888 4 58 150 351 0 0 1 148 343 280 0 1677 39 228 24 10 32
3912 4 51 152 351 0 0 5 144 327 268 0 1676 46 226 17 11 48
3936 4 44 148 351 0 0 3 146 316 268 0 1674 43 225 20 13 59
3960 4 32 147 351 0 0 2 147 326 270 0 1678 42 218 21 9 49
3984 4 30 166 351 0 0 2 147 327 268 0 1678 41 212 22 9 48
4008 4 35 175 351 0 0 2 147 311 278 0 1673 34 212 29 14 64
4032 4 40 159 351 0 0 3 146 335 286 0 1670 39 216 24 17 40
4056 4 29 161 351 0 0 3 146 313 283 0 1680 43 216 20 7 62
4080 4 40 177 351 0 0 4 145 332 291 0 1677 41 214 22 10 43
4104 4 39 167 351 0 0 3 146 314 272 0 1682 41 211 22 5 61
4128 4 34 170 351 0 0 2 147 317 277 0 1677 43 211 20 10 58
4152 4 36 160 351 0 0 0 149 313 268 0 1683 34 206 29 4 62
4176 4 36 143 351 0 0 3 146 314 271 0 1681 47 200 16 6 61
4200 4 42 149 351 0 0 2 147 315 268 0 1677 44 203 19 10 60
4224 4 51 148 351 0 0 5 144 309 263 0 1670 42 193 21 17 66
4248 4 43 165 351 0 0 5 144 330 242 0 1673 38 197 25 14 45
4272 4 40 174 351 0 0 4 145 314 248 0 1677 35 194 28 10 61
4296 4 43 166 351 0 0 3 146 319 247 0 1677 39 200 24 10 56
4320 4 36 153 351 0 0 2 147 312 260 0 1672 42 199 21 15 63
4344 4 41 145 351 0 0 2 147 310 267 0 1681 42 193 21 6 65
4368 4 36 168 351 0 0 2 147 318 261 0 1681 37 193 26 6 57
4392 4 43 161 351 0 0 1 148 323 272 0 1673 34 194 29 14 52
4416 4 43 150 351 0 0 2 147 326 264 0 1676 39 194 24 11 49
4440 4 35 154 351 0 0 1 148 332 243 0 1681 51 195 12 6 43
4464 4 41 146 351 0 0 2 147 319 237 0 1677 44 198 19 10 56
4488.0 1004 37 134 351 0 0 3 146 329 236 0 1678 44 202 19 9 46
4512 338 5186 188 359 4 16 53 68 262 847 0 1132 37 401 26 555 113
4536 79 2949 188 376 8 23 49 44 281 352 0 1507 43 459 20 180 94
4560 31 956 177 389 7 20 40 44 285 292 0 1621 39 479 24 66 90
4584 17 361 155 391 3 9 20 77 315 307 0 1645 40 450 23 42 60
4608 16 232 170 392 0 4 14 90 314 349 0 1645 43 416 20 42 61
4632 12 154 175 392 0 0 11 97 322 335 0 1669 41 391 22 18 53
4656 9 117 142 392 0 1 8 99 331 354 0 1671 38 371 25 16 44
4680 6 76 154 392 0 0 5 103 314 320 0 1678 41 364 22 9 61
4704 5 55 155 392 0 0 4 104 316 304 0 1676 42 355 21 11 59
4728 5 57 156 392 0 0 1 107 316 311 0 1670 44 339 19 17 59
4752 5 58 156 392 0 0 6 102 318 308 0 1684 38 332 25 3 57
4776 4 57 155 392 0 0 2 106 320 296 0 1679 43 329 20 8 55
4800 4 59 134 392 0 0 6 102 323 301 0 1672 40 318 23 15 52
4824 4 38 144 392 0 0 3 105 320 289 0 1681 34 311 29 6 55
4848 4 48 170 392 0 0 1 107 321 319 0 1675 39 296 24 12 54
4872 4 60 163 392 0 0 0 108 312 305 0 1677 40 289 23 10 63
4896 4 48 164 392 0 1 3 104 334 294 0 1676 46 288 17 11 41
4920 4 35 164 392 0 0 2 106 323 272 0 1680 43 289 20 7 52
4944 4 43 149 392 0 0 5 103 307 273 0 1675 34 285 29 12 68
4968 4 42 149 392 0 0 4 104 322 258 0 1678 41 285 22 9 53
4992 4 46 150 392 0 0 2 106 333 256 0 1676 40 278 23 11 42
5016 4 58 149 392 0 0 3 105 313 267 0 1680 37 277 26 7 62
5040 4 47 134 392 0 0 1 107 326 248 0 1679 43 271 20 8 49
5064 4 37 142 392 0 1 2 105 313 254 0 1679 41 262 22 8 62
5088 3 39 159 392 0 0 2 106 324 258 0 1673 44 253 19 14 51
5112 3 35 138 392 0 0 2 106 321 241 0 1680 39 250 24 7 54
5136 2 30 129 392 0 0 2 106 323 224 0 1679 37 250 26 8 52
5160 2 22 131 392 0 0 2 106 324 212 0 1681 43 250 20 6 51
5184 1 20 148 392 0 0 2 106 326 204 0 1684 37 249 26 3 49
5208 1 14 141 392 0 0 0 108 330 176 0 1687 39 249 24 0 45
5232 1 4 129 392 0 0 2 106 324 154 0 1683 43 246 20 4 51
5256 1 10 121 392 0 0 0 108 327 155 0 1684 46 243 17 3 48
5280 1 11 147 392 0 0 0 108 316 148 0 1684 37 243 26 3 59
5304 1 6 148 392 0 0 2 106 326 144 0 1686 41 241 22 1 49
5328 1 7 140 392 0 0 0 108 312 135 0 1684 44 241 19 3 63
5352 1 5 141 392 0 0 1 107 307 138 0 1684 42 242 21 3 68
5376 1 11 130 392 0 0 0 108 316 140 0 1684 44 234 19 3 59
5400 1 10 133 392 0 0 0 108 323 135 0 1686 39 231 24 1 52
5424 1 7 137 392 0 0 1 107 321 132 0 1683 43 228 20 4 54
5448 1 9 127 392 0 0 0 108 313 123 0 1683 45 227 18 4 62
5472 1 11 131 392 0 0 0 108 314 129 0 1683 41 220 22 4 61
5496 1 11 142 392 0 0 1 107 330 133 0 1685 44 215 19 2 45
5520 1 6 127 392 0 0 0 108 325 115 0 1684 45 214 18 3 50
5544 1 8 127 392 0 0 0 108 321 110 0 1683 43 212 20 4 54
5568 1 12 128 392 0 0 0 108 332 111 0 1684 43 213 20 3 43
5592 1 11 140 392 0 0 0 108 327 109 0 1684 46 212 17 3 48
5616 1 8 131 392 0 0 0 108 332 106 0 1685 38 210 25 2 43
5640 1 11 122 392 0 0 1 107 307 116 0 1682 49 204 14 5 68
5664 1 12 127 392 0 0 0 108 312 113 0 1684 40 202 23 3 63
5688 1 7 122 392 0 0 0 108 323 118 0 1685 36 199 27 2 52
5712 1 15 124 392 0 0 0 108 315 122 0 1685 36 197 27 2 60
5736 1 9 130 392 0 0 1 107 311 120 0 1685 40 193 23 2 64
5760 1 11 131 392 0 0 3 105 326 128 0 1682 40 194 23 5 49
5784 1 9 148 392 0 0 0 108 321 117 0 1684 36 194 27 3 54
5808 1 4 133 392 0 0 0 108 319 109 0 1686 40 193 23 1 56
5832 1 6 133 392 0 0 0 108 309 108 0 1687 42 191 21 0 66
5856 1 8 132 392 0 0 2 106 305 123 0 1684 38 186 25 3 70
5880 1 9 120 392 0 0 1 107 320 111 0 1686 35 185 28 1 55
5904 1 3 129 392 0 0 0 108 324 103 0 1687 40 184 23 0 51
5928.0 1001 14 159 392 0 0 1 107 312 94 0 1681 44 185 19 6 63
5952 393 5119 178 399 8 13 25 55 276 839 0 1143 42 401 21 544 99
5976 97 3604 170 418 10 13 27 32 276 440 0 1455 42 440 21 232 99
6000 38 1332 159 428 8 13 21 30 276 282 0 1599 39 461 24 88 99
6024 19 474 147 431 4 6 20 39 303 309 0 1649 48 460 15 38 72
6048 15 266 153 432 0 2 10 56 317 320 0 1657 46 446 17 30 58
6072 13 186 189 432 0 1 8 59 321 374 0 1649 39 432 24 38 54
6096 12 185 218 432 0 0 9 59 329 369 0 1656 44 407 19 31 46
6120 10 112 211 432 0 1 2 65 316 373 0 1675 40 385 23 12 59
6144 9 102 196 432 0 0 3 65 324 379 0 1666 39 372 24 21 51
6168 8 107 175 432 0 0 5 63 338 370 0 1665 39 374 24 22 37
6192 6 79 186 432 0 1 2 65 316 340 0 1677 38 362 25 10 59
6216 6 65 174 432 0 0 2 66 319 352 0 1670 44 349 19 17 56
6240 6 56 163 432 0 0 1 67 329 346 0 1677 34 330 29 10 46
6264 4 54 161 432 0 0 1 67 331 335 0 1679 39 322 24 8 44
6288 4 45 170 432 0 0 0 68 332 312 0 1676 38 315 25 11 43
6312 4 43 172 432 0 0 2 66 315 282 0 1678 39 311 24 9 60
6336 4 51 173 432 0 0 0 68 319 278 0 1676 36 308 27 11 56
6360 4 32 153 432 0 0 0 68 313 261 0 1678 46 304 17 9 62
6384 4 41 153 432 0 0 2 66 324 264 0 1680 41 291 22 7 51
6408 3 35 158 432 0 0 0 68 312 255 0 1679 36 288 27 8 63
6432 3 27 176 432 0 0 0 68 319 261 0 1678 40 283 23 9 56
6456 3 40 145 432 0 0 2 66 324 253 0 1680 36 275 27 7 51
6480 1 20 154 432 0 0 1 67 317 238 0 1682 38 274 25 5 58
6504 1 6 155 432 0 0 0 68 325 221 0 1684 39 272 24 3 50
6528 1 5 135 432 0 0 0 68 318 200 0 1685 39 274 24 2 57
6552 1 6 150 432 0 0 0 68 334 175 0 1685 44 272 19 2 41
6576 1 7 139 432 0 0 0 68 315 166 0 1684 42 267 21 3 60
6600 1 7 123 432 0 0 0 68 319 156 0 1685 39 266 24 2 56
6624 1 8 125 432 0 0 0 68 313 144 0 1687 44 260 19 0 62
6648 1 12 123 432 0 0 1 67 322 150 0 1685 37 257 26 2 53
6672 1 10 125 432 0 0 0 68 326 139 0 1683 45 254 18 4 49
6696 1 6 126 432 0 0 0 68 334 123 0 1686 43 253 20 1 41
6720 1 4 123 432 0 0 0 68 329 120 0 1686 48 252 15 1 46
6744 1 7 136 432 0 0 0 68 324 117 0 1685 37 249 26 2 51
6768 1 3 134 432 0 0 1 67 327 112 0 1685 37 246 26 2 48
6792 1 6 145 432 0 0 0 68 325 114 0 1687 36 242 27 0 50
6816 1 12 140 432 0 0 0 68 336 117 0 1684 43 239 20 3 39
6840 1 9 139 432 0 0 0 68 323 102 0 1686 44 237 19 1 52
6864 1 5 120 432 0 0 0 68 324 103 0 1683 49 234 14 4 51
6888 1 10 139 432 0 0 0 68 306 109 0 1685 40 228 23 2 69
6912 1 2 114 432 0 0 0 68 323 101 0 1686 50 227 13 1 52
6936 1 6 114 432 0 0 0 68 318 104 0 1684 44 227 19 3 57
6960 1 5 122 432 0 0 0 68 323 101 0 1686 39 220 24 1 52
6984 1 8 117 432 0 0 0 68 322 101 0 1686 38 216 25 1 53
7008 1 5 125 432 0 0 1 67 327 96 0 1684 47 214 16 3 48
7032 1 8 136 432 0 0 0 68 318 99 0 1685 37 209 26 2 57
7056 1 5 122 432 0 0 1 67 328 100 0 1685 45 206 18 2 47
7080 1 10 135 432 0 0 0 68 325 94 0 1684 43 205 20 3 50
7104 1 13 118 432 0 0 0 68 312 96 0 1685 39 205 24 2 63
7128 1 13 119 432 0 0 0 68 317 104 0 1684 42 205 21 3 58
7152 1 8 152 432 0 0 0 68 318 107 0 1685 30 203 33 2 57
7176 1 14 138 432 0 0 0 68 313 110 0 1686 41 200 22 1 62
7200 1 14 135 432 0 0 0 68 320 125 0 1681 35 199 28 6 55
7224 1 12 133 432 0 0 0 68 312 126 0 1682 45 195 18 5 63
7248 1 16 135 432 0 0 3 65 317 131 0 1680 42 197 21 7 58
7272 1 12 143 432 0 0 0 68 324 125 0 1685 39 195 24 2 51
7296 1 4 141 432 0 0 0 68 322 111 0 1685 44 195 19 2 53
7320 1 10 113 432 0 0 0 68 313 117 0 1683 43 193 20 4 62
7344 1 7 121 432 0 0 0 68 326 121 0 1687 46 188 17 0 49
7368 1 9 123 432 0 0 0 68 330 123 0 1684 39 186 24 3 45
7392 1 5 123 432 0 0 0 68 313 129 0 1682 39 187 24 5 62
7416 1 14 134 432 0 0 0 68 314 129 0 1684 38 187 25 3 61
7440 1 11 123 432 0 0 0 68 341 121 0 1683 39 185 24 4 34
7464 1 8 142 432 0 0 0 68 315 125 0 1683 42 183 21 4 60
7488 1 10 128 432 0 0 0 68 326 120 0 1686 46 182 17 1 49
7512 1 8 142 432 0 0 2 66 318 118 0 1687 41 181 22 0 57
7536 1 17 147 432 0 0 0 68 315 122 0 1684 40 180 23 3 60
7560 1 12 147 432 0 0 0 68 328 112 0 1686 38 180 25 1 47
7584 1 4 137 432 0 0 0 68 316 114 0 1687 48 180 15 0 59
7608 1 9 135 432 0 0 0 68 323 118 0 1686 44 179 19 1 52
7632 1 7 125 432 0 0 0 68 329 123 0 1685 45 177 18 2 46
7656 1 10 141 432 0 0 0 68 313 128 0 1684 39 176 24 3 62
7680 1 12 143 432 0 0 0 68 331 119 0 1682 39 176 24 5 44
7704 1 7 134 432 0 0 1 67 321 112 0 1686 39 174 24 1 54
7728 1 7 138 432 0 0 0 68 320 112 0 1684 38 173 25 3 55
7752 1 5 117 432 0 0 0 68 319 108 0 1685 47 171 16 2 56
7776 1 10 133 432 0 0 0 68 317 107 0 1685 39 170 24 2 58
7800 1 4 96 432 0 0 0 68 312 102 0 1687 47 169 16 0 63
7824 1 12 138 432 0 0 0 68 332 105 0 1684 39 167 24 3 43
7848 1 8 118 432 0 0 0 68 323 99 0 1685 50 165 13 2 52
7872 1 8 127 432 0 0 1 67 323 102 0 1684 38 165 25 3 52
7896 1 6 120 432 0 0 0 68 318 100 0 1686 43 164 20 1 57
7920 1 9 149 432 0 0 0 68 321 104 0 1684 42 163 21 3 54
7944 1 9 137 432 0 0 1 67 315 109 0 1684 40 162 23 3 60
7968 1 7 126 432 0 0 0 68 332 109 0 1685 50 162 13 2 43
7992 1 7 141 432 0 0 0 68 318 108 0 1687 43 158 20 0 57
8016 1 8 118 432 0 0 0 68 322 114 0 1685 42 158 21 2 53
8040 1 3 121 432 0 0 0 68 327 104 0 1686 44 158 19 1 48
8064 1 5 138 432 0 0 0 68 330 107 0 1681 45 156 18 6 45
8088 1 8 149 432 0 0 0 68 334 115 0 1685 38 155 25 2 41
8112 1 9 137 432 0 0 0 68 340 115 0 1684 38 154 25 3 35
8136 1 5 136 432 0 0 0 68 329 112 0 1685 49 153 14 2 46
8160 1 6 126 432 0 0 1 67 326 106 0 1686 46 152 17 1 49
8184 1 13 142 432 0 0 0 68 314 105 0 1683 37 151 26 4 61
8208 1 6 133 432 0 0 0 68 332 101 0 1685 44 152 19 2 43
8232 1 8 144 432 0 0 0 68 329 97 0 1686 42 151 21 1 46
8256 1 9 123 432 0 0 0 68 313 96 0 1685 38 151 25 2 62
8280 1 5 132 432 0 0 1 67 330 97 0 1687 44 148 19 0 45
8304 1 11 135 432 0 0 0 68 318 106 0 1680 39 149 24 7 57
8328 1 10 131 432 0 0 0 68 314 114 0 1686 40 149 23 1 61
8352 1 6 142 432 0 0 0 68 323 113 0 1685 41 150 22 2 52
8376 1 12 130 432 0 0 0 68 329 113 0 1683 37 149 26 4 46
8400 1 8 135 432 0 0 0 68 325 111 0 1686 44 149 19 1 50
8424 1 10 135 432 0 0 0 68 307 108 0 1687 43 149 20 0 68
8448 1 10 123 432 0 0 0 68 310 111 0 1686 51 150 12 1 65
8472 1 6 124 432 0 0 0 68 322 108 0 1685 42 150 21 2 53
8496 1 13 134 432 0 0 0 68 330 112 0 1685 47 148 16 2 45
8520 1 7 123 432 0 0 1 67 321 98 0 1686 39 145 24 1 54
8544 1 7 114 432 0 0 0 68 315 100 0 1684 45 142 18 3 60
8568 1 10 122 432 0 0 2 66 311 109 0 1685 48 139 15 2 64
8592 1 5 104 432 0 0 0 68 319 110 0 1686 42 136 21 1 56
8616 1 10 118 432 0 0 0 68 321 106 0 1683 43 135 20 4 54
8640 1 6 116 432 0 0 0 68 316 100 0 1685 41 135 22 2 59
8664 1 9 110 432 0 0 0 68 335 102 0 1686 46 136 17 1 40
8688 1 7 128 432 0 0 0 68 325 109 0 1685 43 136 20 2 50
8712 1 5 136 432 0 0 1 67 318 102 0 1687 38 133 25 0 57
8736 1 6 142 432 0 0 0 68 329 99 0 1687 40 133 23 0 46
8760 1 4 130 432 0 0 0 68 317 103 0 1687 42 134 21 0 58
