Time EBV Teff Treg ODC_le1 ODC_le2 ODC_le3 ODC_le4 ODC_le5 NK IL2 DAC Resting_Teff Resting_Treg EffectorMemory Resting_Treg_temp Resting_Teff_temp NK_temp
0.0 0 0 0 0 0 0 0 500 375 1000 0 1687 63 0 0 0 0
24 0 0 0 0 0 0 0 500 337 908 0 1687 63 0 0 0 38
48 0 0 0 0 0 0 0 500 343 836 0 1687 63 0 0 0 32
72 0 0 0 0 0 0 0 500 324 771 0 1687 63 0 0 0 51
96 0 0 0 0 0 0 0 500 318 715 0 1687 63 0 0 0 57
120 0 0 0 0 0 0 0 500 330 658 0 1687 63 0 0 0 45
144 0 0 0 0 0 0 0 500 329 609 0 1687 63 0 0 0 46
168.0 1000 0 0 0 0 0 0 500 337 534 0 1687 63 0 0 0 38
192 353 5598 111 19 28 84 142 227 260 851 0 1148 46 400 17 539 115
216 80 3482 170 101 34 99 104 162 276 353 0 1512 44 440 19 175 99
240 30 1049 164 138 20 53 106 183 303 258 0 1610 50 468 13 77 72
264 23 492 192 150 5 27 72 246 296 336 0 1631 35 429 28 56 79
288 19 295 168 152 2 12 50 284 320 363 0 1642 33 428 30 45 55
312 16 253 197 152 0 4 40 304 307 366 0 1652 40 403 23 35 68
336 15 179 185 152 0 3 30 315 316 393 0 1658 39 380 24 29 59
360 13 175 177 153 0 2 20 325 308 399 0 1657 42 362 21 30 67
384 12 182 188 153 0 1 26 320 330 387 0 1663 39 355 24 24 45
408 10 127 157 153 0 2 20 325 312 374 0 1669 41 360 22 18 63
432 9 125 163 153 0 0 24 323 321 338 0 1668 39 344 24 19 54
456 8 100 169 153 0 1 17 329 324 323 0 1672 39 348 24 15 51
480 8 88 177 153 0 2 10 335 316 326 0 1672 32 337 31 15 59
504 8 94 170 153 0 0 12 335 316 355 0 1668 33 335 30 19 59
528 8 85 177 153 0 0 10 337 331 353 0 1661 33 325 30 26 44
552 7 78 160 153 0 0 13 334 324 368 0 1669 41 314 22 18 51
576 6 66 167 153 0 1 21 325 320 338 0 1679 44 309 19 8 55
600 6 79 175 153 0 1 20 326 329 329 0 1673 44 295 19 14 46
624 6 56 163 153 0 0 8 339 315 308 0 1674 42 298 21 13 60
648 6 70 149 153 0 0 9 338 322 300 0 1676 37 296 26 11 53
672 6 68 148 153 0 2 11 334 313 284 0 1674 40 290 23 13 62
696 5 59 161 153 0 0 10 337 325 313 0 1671 40 285 23 16 50
720 5 49 146 153 0 0 7 340 324 303 0 1679 46 279 17 8 51
744 5 57 164 153 0 0 13 334 323 285 0 1679 37 277 26 8 52
768 4 46 131 153 0 0 6 341 325 296 0 1674 34 275 29 13 50
792 4 54 141 153 0 0 8 339 326 282 0 1677 39 270 24 10 49
816 4 47 146 153 0 0 3 344 313 268 0 1674 38 273 25 13 62
840 4 29 154 153 0 0 11 336 319 252 0 1679 42 277 21 8 56
864 4 35 160 153 0 0 5 342 321 262 0 1678 37 266 26 9 54
888 4 40 154 153 0 1 9 337 320 271 0 1677 44 263 19 10 55
912 4 36 171 153 0 0 4 343 317 272 0 1675 43 261 20 12 58
936 4 39 164 153 0 0 3 344 318 268 0 1677 35 259 28 10 57
960 4 36 166 153 0 0 11 336 331 258 0 1678 43 252 20 9 44
984 4 39 166 153 0 0 4 343 320 261 0 1678 44 250 19 9 55
1008 4 35 151 153 0 0 9 338 323 252 0 1676 38 253 25 11 52
1032 4 40 152 153 0 0 5 342 337 248 0 1679 41 243 22 8 38
1056 4 48 151 153 0 0 4 343 321 262 0 1676 40 241 23 11 54
1080 3 36 168 153 0 0 9 338 321 252 0 1681 39 242 24 6 54
1104 3 39 142 153 0 0 7 340 326 231 0 1677 47 241 16 10 49
1128 3 24 130 153 0 1 7 339 313 219 0 1679 41 239 22 8 62
1152 3 26 148 153 0 0 3 344 319 205 0 1681 43 237 20 6 56
1176 3 25 151 153 0 0 5 342 323 204 0 1678 41 237 22 9 52
1200 3 25 143 153 0 1 3 343 320 206 0 1676 41 232 22 11 55
1224 3 23 154 153 0 0 3 344 304 207 0 1685 44 227 19 2 71
1248 3 30 154 153 0 0 5 342 328 231 0 1677 42 220 21 10 47
1272 3 32 138 153 0 0 7 340 318 218 0 1686 38 216 25 1 57
1296 3 27 140 153 0 0 7 340 331 235 0 1681 40 209 23 6 44
1320 3 17 160 153 0 0 3 344 332 218 0 1683 39 216 24 4 43
1344 3 34 148 153 0 0 7 340 333 226 0 1678 40 213 23 9 42
1368 3 28 138 153 0 0 8 339 328 225 0 1680 39 209 24 7 47
1392 3 27 172 153 0 0 9 338 310 230 0 1676 41 207 22 11 65
1416 3 20 157 153 0 0 3 344 319 209 0 1682 41 205 22 5 56
1440 3 29 152 153 0 0 2 345 317 211 0 1679 45 202 18 8 58
1464 3 22 156 153 0 0 6 341 323 215 0 1682 34 199 29 5 52
1488 3 38 143 153 0 0 7 340 320 218 0 1682 37 199 26 5 55
1512 3 24 141 153 0 0 9 338 323 211 0 1680 34 193 29 7 52
1536 3 32 149 153 0 0 7 340 312 215 0 1680 37 189 26 7 63
1560 3 34 147 153 0 0 3 344 306 212 0 1681 40 190 23 6 69
1584 3 28 130 153 0 0 6 341 322 215 0 1683 46 189 17 4 53
1608.0 1003 34 136 153 0 1 6 340 326 214 0 1674 45 184 18 13 49
1632 369 5215 180 165 16 53 102 164 268 883 0 1151 43 387 20 536 107
1656 77 3171 182 227 20 47 96 110 281 359 0 1517 37 455 26 170 94
1680 25 1058 184 259 19 28 74 120 300 246 0 1624 38 465 25 63 75
1704 14 288 182 265 6 19 40 170 305 259 0 1657 40 451 23 30 70
1728 13 196 181 266 3 7 29 195 315 328 0 1661 38 425 25 26 60
1752 10 132 182 266 0 3 20 211 311 349 0 1665 39 397 24 22 64
1776 10 131 175 266 0 2 20 212 299 374 0 1658 40 376 23 29 76
1800 10 134 169 266 0 1 11 222 327 339 0 1667 38 385 25 20 48
1824 9 109 168 266 0 1 10 223 325 338 0 1665 38 371 25 22 50
1848 7 101 183 266 0 0 9 225 307 313 0 1671 42 370 21 16 68
1872 7 86 176 266 0 1 8 225 318 330 0 1674 45 348 18 13 57
1896 7 68 172 266 0 2 9 223 308 323 0 1673 38 337 25 14 67
1920 7 76 160 266 0 1 8 225 317 327 0 1674 41 335 22 13 58
1944 7 97 172 266 0 0 9 225 311 312 0 1675 40 338 23 12 64
1968 7 64 150 266 0 0 3 231 317 308 0 1673 42 333 21 14 58
1992 7 87 160 266 0 0 10 224 327 320 0 1670 45 325 18 17 48
2016 7 83 165 266 0 1 12 221 320 318 0 1666 43 338 20 21 55
2040 6 82 161 266 0 0 11 223 325 312 0 1668 34 328 29 19 50
2064 5 68 175 266 0 1 6 227 321 281 0 1676 35 333 28 11 54
2088 5 46 143 266 0 0 8 226 326 278 0 1684 39 319 24 3 49
2112 5 54 151 266 0 0 7 227 322 298 0 1673 43 315 20 14 53
2136 5 48 147 266 0 0 3 231 316 305 0 1676 40 299 23 11 59
2160 5 50 151 266 0 0 7 227 328 299 0 1680 40 284 23 7 47
2184 5 61 168 266 0 0 6 228 321 288 0 1670 41 275 22 17 54
2208 4 52 157 266 0 0 5 229 323 285 0 1678 41 271 22 9 52
2232 4 50 150 266 0 0 5 229 322 279 0 1680 39 263 24 7 53
2256 4 41 137 266 0 0 6 228 327 269 0 1676 44 254 19 11 48
2280 4 39 138 266 0 0 3 231 336 276 0 1679 41 248 22 8 39
2304 3 25 157 266 0 0 2 232 342 254 0 1678 38 254 25 9 33
2328 3 34 140 266 0 1 7 226 321 250 0 1682 27 248 36 5 54
2352 3 28 142 266 0 0 4 230 317 244 0 1677 36 236 27 10 58
2376 2 27 155 266 0 0 4 230 322 228 0 1682 42 242 21 5 53
2400 2 37 141 266 0 0 5 229 319 223 0 1680 38 243 25 7 56
2424 2 18 155 266 0 0 4 230 309 201 0 1685 38 242 25 2 66
2448 2 16 122 266 0 0 0 234 316 197 0 1685 41 235 22 2 59
2472 2 15 142 266 0 0 2 232 327 181 0 1682 36 238 27 5 48
2496 2 25 142 266 0 0 3 231 322 191 0 1682 40 235 23 5 53
2520 2 23 145 266 0 0 6 228 319 183 0 1682 41 239 22 5 56
2544 2 26 137 266 0 0 2 232 314 184 0 1680 43 238 20 7 61
2568 2 18 151 266 0 0 3 231 329 169 0 1684 41 236 22 3 46
2592 2 19 142 266 0 0 1 233 328 169 0 1683 37 233 26 4 47
2616 2 16 120 266 0 0 2 232 321 171 0 1682 47 226 16 5 54
2640 2 14 115 266 0 0 1 233 306 175 0 1685 41 228 22 2 69
2664 2 21 140 266 0 0 7 227 315 182 0 1678 35 223 28 9 60
2688 2 8 143 266 0 0 4 230 328 176 0 1685 47 220 16 2 47
2712 2 17 145 266 0 0 5 229 314 182 0 1683 40 213 23 4 61
2736 2 9 147 266 0 0 2 232 333 181 0 1683 48 213 15 4 42
2760 2 18 138 266 0 0 8 226 317 179 0 1678 41 212 22 9 58
2784 2 16 154 266 0 0 2 232 332 183 0 1684 45 211 18 3 43
2808 2 18 158 266 0 0 3 231 310 183 0 1681 46 208 17 6 65
2832 2 20 137 266 0 0 1 233 320 188 0 1685 36 204 27 2 55
2856 2 14 158 266 0 0 1 233 316 176 0 1682 47 203 16 5 59
2880 2 12 154 266 0 0 1 233 327 170 0 1682 42 197 21 5 48
2904 2 13 133 266 0 0 6 228 320 173 0 1683 48 197 15 4 55
2928 2 21 135 266 0 0 1 233 320 184 0 1685 43 196 20 2 55
2952 2 20 124 266 0 0 2 232 324 186 0 1682 43 194 20 5 51
2976 2 25 132 266 0 0 5 229 313 181 0 1683 39 193 24 4 62
3000 2 22 141 266 0 0 4 230 323 178 0 1683 37 188 26 4 52
3024 2 20 136 266 0 0 4 230 324 171 0 1681 44 191 19 6 51
3048.0 1002 14 134 266 0 0 0 234 319 172 0 1683 36 190 27 4 56
3072 388 5018 192 268 11 33 60 128 262 879 0 1124 39 387 24 563 113
3096 85 3155 212 300 18 35 62 85 270 399 0 1485 28 464 35 202 105
3120 26 911 179 319 12 26 46 97 304 279 0 1624 48 453 15 63 71
3144 17 289 204 322 4 11 28 135 316 302 0 1655 36 433 27 32 59
3168 14 193 200 323 1 5 23 148 322 359 0 1658 41 408 22 29 53
3192 12 171 199 323 0 2 16 159 312 381 0 1664 29 391 34 23 63
3216 11 164 178 323 0 1 12 164 313 384 0 1660 39 384 24 27 62
3240 11 147 192 323 0 0 5 172 322 360 0 1661 41 369 22 26 53
3264 10 104 191 323 0 0 9 168 320 360 0 1663 36 353 27 24 55
3288 8 113 172 323 0 1 9 167 321 342 0 1672 36 343 27 15 54
3312 8 110 158 323 0 0 11 166 330 348 0 1670 43 332 20 17 45
3336 8 120 154 323 0 1 8 168 325 348 0 1666 39 331 24 21 50
3360 8 108 164 323 0 0 12 165 313 328 0 1662 38 331 25 25 62
3384 8 117 166 323 0 1 10 166 323 317 0 1668 40 320 23 19 52
3408 6 89 146 323 0 1 8 168 324 315 0 1675 36 316 27 12 51
3432 6 82 142 323 0 1 8 168 338 304 0 1673 37 309 26 14 37
3456 6 69 135 323 0 0 3 174 338 331 0 1672 45 300 18 15 37
3480 6 65 144 323 0 0 5 172 320 322 0 1670 41 303 22 17 55
3504 6 67 162 323 0 0 5 172 321 303 0 1673 50 291 13 14 54
3528 6 78 155 323 0 0 7 170 321 308 0 1663 50 284 13 24 54
3552 6 61 154 323 0 0 2 175 313 310 0 1675 36 280 27 12 62
3576 6 60 172 323 0 1 7 169 318 305 0 1667 43 275 20 20 57
3600 6 69 152 323 0 1 3 173 327 318 0 1678 35 266 28 9 48
3624 6 63 148 323 0 0 5 172 314 303 0 1671 43 277 20 16 61
3648 6 75 153 323 0 0 3 174 322 295 0 1670 40 270 23 17 53
3672 4 46 158 323 0 0 8 169 321 282 0 1677 34 272 29 10 54
3696 4 46 164 323 0 0 7 170 320 278 0 1674 36 267 27 13 55
3720 4 37 175 323 0 0 4 173 325 252 0 1682 39 271 24 5 50
3744 4 40 156 323 0 0 3 174 306 254 0 1683 39 264 24 4 69
3768 4 37 165 323 0 0 5 172 327 257 0 1674 35 253 28 13 48
3792 4 34 155 323 0 0 1 176 331 263 0 1678 37 244 26 9 44
3816 3 44 133 323 0 0 2 175 327 261 0 1674 43 239 20 13 48
3840 3 32 155 323 0 0 2 175 323 230 0 1676 50 242 13 11 52
3864 3 28 143 323 0 0 2 175 317 233 0 1677 39 239 24 10 58
3888 3 33 158 323 0 0 5 172 321 215 0 1684 34 237 29 3 54
3912 3 31 159 323 0 0 3 174 315 212 0 1677 40 238 23 10 60
3936 3 27 148 323 0 0 3 174 321 205 0 1680 36 237 27 7 54
3960 3 27 150 323 0 0 1 176 318 212 0 1678 43 233 20 9 57
3984 3 35 149 323 0 0 4 173 318 230 0 1681 38 232 25 6 57
4008 3 26 165 323 0 0 1 176 328 222 0 1681 37 229 26 6 47
4032 3 26 160 323 0 0 1 176 324 226 0 1680 39 222 24 7 51
4056 3 36 139 323 0 0 4 173 326 239 0 1678 37 223 26 9 49
4080 3 32 150 323 0 0 0 177 320 235 0 1676 37 223 26 11 55
4104 3 34 138 323 0 0 1 176 322 234 0 1682 41 223 22 5 53
4128 3 32 166 323 0 1 6 170 323 221 0 1680 31 227 32 7 52
4152 3 28 146 323 0 0 4 173 315 220 0 1681 33 234 30 6 60
4176 3 23 161 323 0 0 0 177 312 218 0 1681 40 235 23 6 63
4200 3 27 131 323 0 0 0 177 322 213 0 1679 40 230 23 8 53
4224 3 29 142 323 0 0 0 177 319 221 0 1676 45 225 18 11 56
4248 3 24 132 323 0 0 0 177 310 212 0 1682 37 220 26 5 65
4272 3 21 152 323 0 0 6 171 325 219 0 1678 40 220 23 9 50
4296 2 22 141 323 0 0 1 176 326 213 0 1682 40 220 23 5 49
4320 2 15 140 323 0 0 1 176 318 193 0 1684 43 221 20 3 57
4344 2 21 129 323 0 0 5 172 325 191 0 1680 45 217 18 7 50
4368 2 11 157 323 0 0 1 176 309 191 0 1683 39 212 24 4 66
4392 2 19 140 323 0 0 0 177 316 183 0 1684 41 212 22 3 59
4416 2 14 134 323 0 0 0 177 317 180 0 1682 45 207 18 5 58
4440 2 21 131 323 0 0 1 176 320 181 0 1676 40 210 23 11 55
4464 2 15 124 323 0 0 2 175 302 178 0 1682 41 213 22 5 73
4488.0 1002 20 129 323 0 0 3 174 325 189 0 1685 40 212 23 2 50
4512 362 5010 174 327 8 26 48 91 268 909 0 1146 36 381 27 541 107
4536 87 3005 190 351 13 32 47 57 276 403 0 1494 35 441 28 193 99
4560 29 1125 160 368 7 24 38 63 300 249 0 1606 41 446 22 81 75
4584 15 400 168 371 1 12 21 95 324 259 0 1653 33 427 30 34 51
4608 10 190 163 372 0 4 15 109 315 290 0 1660 47 397 16 27 60
4632 10 101 192 372 0 1 9 118 314 344 0 1667 39 376 24 20 61
4656 10 105 152 372 0 0 9 119 327 344 0 1669 40 361 23 18 48
4680 9 120 174 372 0 0 9 119 305 368 0 1659 29 348 34 28 70
4704 9 88 168 372 0 1 5 122 314 378 0 1675 43 345 20 12 61
4728 8 101 187 372 0 0 1 127 333 347 0 1670 44 328 19 17 42
4752 7 98 172 372 0 0 4 124 327 345 0 1669 43 324 20 18 48
4776 6 68 169 372 0 0 9 119 325 329 0 1672 43 329 20 15 50
4800 6 54 159 372 0 0 1 127 322 332 0 1678 41 319 22 9 53
4824 6 72 158 372 0 0 5 123 316 332 0 1676 44 310 19 11 59
4848 6 75 155 372 0 0 7 121 321 343 0 1667 38 309 25 20 54
4872 6 64 161 372 0 0 5 123 311 337 0 1674 41 312 22 13 64
4896 4 54 145 372 0 0 3 125 327 311 0 1678 39 310 24 9 48
4920 4 48 166 372 0 0 2 126 322 283 0 1679 40 312 23 8 53
4944 4 41 168 372 0 0 2 126 316 248 0 1680 41 310 22 7 59
4968 4 46 137 372 0 0 5 123 315 253 0 1674 38 298 25 13 60
4992 4 40 156 372 0 0 2 126 328 247 0 1679 39 288 24 8 47
5016 3 32 164 372 0 0 4 124 326 251 0 1678 46 274 17 9 49
5040 3 34 151 372 0 0 6 122 316 241 0 1676 40 268 23 11 59
5064 3 37 149 372 0 0 5 123 333 235 0 1682 43 258 20 5 42
5088 3 31 144 372 0 0 2 126 330 220 0 1680 46 252 17 7 45
5112 3 19 135 372 0 0 0 128 318 207 0 1681 38 253 25 6 57
5136 3 19 148 372 0 0 2 126 310 196 0 1685 41 251 22 2 65
5160 3 27 141 372 0 0 0 128 328 199 0 1683 39 246 24 4 47
5184 3 29 139 372 0 0 1 127 321 209 0 1682 43 239 20 5 54
5208 3 29 148 372 0 0 1 127 324 209 0 1671 35 232 28 16 51
5232 3 28 157 372 0 0 2 126 306 220 0 1678 40 221 23 9 69
5256 3 24 160 372 0 1 0 127 319 228 0 1680 39 215 24 7 56
5280 3 25 163 372 0 0 1 127 326 219 0 1682 37 212 26 5 49
5304 3 33 139 372 0 0 2 126 326 215 0 1680 40 209 23 7 49
5328 3 25 148 372 0 0 0 128 325 212 0 1680 30 206 33 7 50
5352 3 19 135 372 0 0 1 127 320 211 0 1682 38 209 25 5 55
5376 3 26 148 372 0 0 2 126 330 211 0 1678 39 207 24 9 45
5400 3 30 149 372 0 0 2 126 329 216 0 1677 39 207 24 10 46
5424 3 20 130 372 0 0 2 126 319 224 0 1683 42 203 21 4 56
5448 3 28 150 372 0 0 3 125 315 222 0 1682 42 198 21 5 60
5472 3 19 151 372 0 0 2 126 320 216 0 1683 33 198 30 4 55
5496 3 18 117 372 0 0 1 127 330 229 0 1682 42 196 21 5 45
5520 3 23 137 372 0 0 0 128 324 216 0 1684 34 199 29 3 51
5544 3 24 140 372 0 0 3 125 322 227 0 1684 43 195 20 3 53
5568 3 37 148 372 0 0 0 128 322 225 0 1681 42 194 21 6 53
5592 3 28 140 372 0 0 0 128 336 219 0 1685 33 198 30 2 39
5616 3 29 137 372 0 0 3 125 326 238 0 1679 38 195 25 8 49
5640 3 27 140 372 0 0 1 127 338 231 0 1682 41 197 22 5 37
5664 3 29 143 372 0 0 3 125 317 234 0 1680 36 195 27 7 58
5688 2 24 139 372 0 1 2 125 323 220 0 1678 35 193 28 9 52
5712 2 15 123 372 0 0 2 126 325 209 0 1685 43 194 20 2 50
5736 2 28 139 372 0 0 5 123 318 208 0 1681 42 194 21 6 57
5760 2 22 145 372 0 0 0 128 314 206 0 1679 45 195 18 8 61
5784 2 22 149 372 0 0 3 125 318 196 0 1683 45 193 18 4 57
5808 2 25 159 372 0 0 2 126 314 188 0 1683 39 193 24 4 61
5832 2 17 145 372 0 0 0 128 317 177 0 1684 44 191 19 3 58
5856 2 13 148 372 0 0 0 128 316 195 0 1684 39 188 24 3 59
5880 2 15 141 372 0 0 1 127 323 176 0 1686 49 189 14 1 52
5904 2 18 130 372 0 0 1 127 315 177 0 1683 35 190 28 4 60
5928.0 1002 24 127 372 0 0 2 126 318 176 0 1683 47 191 16 4 57
5952 382 5413 177 379 3 17 35 66 264 933 0 1114 36 407 27 573 111
5976 84 3539 188 390 14 24 31 41 270 379 0 1498 34 441 29 189 105
6000 29 1126 160 402 10 15 28 45 290 258 0 1614 42 478 21 73 85
6024 16 414 146 407 1 9 12 71 309 279 0 1653 44 471 19 34 66
6048 14 224 179 408 1 0 4 87 322 356 0 1650 42 449 21 37 53
6072 14 181 169 408 0 0 7 85 324 369 0 1654 38 417 25 33 51
6096 13 177 166 408 0 1 7 84 319 370 0 1657 37 388 26 30 56
6120 10 168 154 408 0 0 10 82 322 360 0 1658 44 384 19 29 53
6144 8 126 140 408 0 1 7 84 325 352 0 1663 41 375 22 24 50
6168 8 114 164 408 0 0 1 91 320 343 0 1670 36 361 27 17 55
6192 8 83 167 408 0 0 2 90 324 325 0 1675 37 364 26 12 51
6216 8 95 179 408 0 0 5 87 323 344 0 1663 36 345 27 24 52
6240 8 94 176 408 0 0 5 87 308 355 0 1668 38 336 25 19 67
6264 8 103 157 408 0 0 5 87 323 335 0 1678 36 342 27 9 52
6288 6 59 158 408 0 1 5 86 328 323 0 1676 38 327 25 11 47
6312 5 54 172 408 0 0 2 90 324 323 0 1678 34 318 29 9 51
6336 5 61 182 408 0 0 1 91 307 277 0 1673 34 320 29 14 68
6360 4 42 159 408 0 0 0 92 327 283 0 1674 45 305 18 13 48
6384 4 54 155 408 0 0 1 91 329 284 0 1672 37 304 26 15 46
6408 4 40 169 408 0 0 0 92 312 270 0 1678 46 299 17 9 63
6432 4 51 164 408 0 0 4 88 317 269 0 1680 38 288 25 7 58
6456 3 40 159 408 0 0 2 90 320 259 0 1681 37 286 26 6 55
6480 3 28 176 408 0 0 0 92 314 243 0 1683 46 278 17 4 61
6504 3 28 165 408 0 0 3 89 328 243 0 1681 37 268 26 6 47
6528 2 22 155 408 0 0 3 89 327 231 0 1681 36 267 27 6 48
6552 2 23 129 408 0 0 1 91 334 202 0 1683 41 267 22 4 41
6576 2 20 129 408 0 0 3 89 331 207 0 1680 37 258 26 7 44
6600 2 20 128 408 0 0 1 91 317 204 0 1683 45 256 18 4 58
6624 2 12 152 408 0 0 0 92 336 201 0 1679 42 254 21 8 39
6648 2 16 184 408 0 0 0 92 319 198 0 1683 43 249 20 4 56
6672 2 20 154 408 0 0 1 91 331 196 0 1683 34 240 29 4 44
6696 2 15 145 408 0 0 1 91 329 191 0 1683 39 236 24 4 46
6720 2 16 146 408 0 0 0 92 323 196 0 1680 42 225 21 7 52
6744 2 26 133 408 0 1 1 90 318 190 0 1683 39 217 24 4 57
6768 2 21 125 408 0 0 1 91 332 182 0 1685 41 213 22 2 43
6792 2 12 150 408 0 0 0 92 318 179 0 1685 45 213 18 2 57
6816 2 17 153 408 0 0 2 90 312 186 0 1682 40 208 23 5 63
6840 2 24 132 408 0 0 2 90 316 176 0 1682 45 209 18 5 59
6864 2 17 145 408 0 0 0 92 320 172 0 1682 42 209 21 5 55
6888 2 12 128 408 0 0 1 91 316 183 0 1683 39 207 24 4 59
6912 2 19 133 408 0 0 1 91 314 179 0 1680 35 205 28 7 61
6936 2 25 132 408 0 0 1 91 315 179 0 1679 37 204 26 8 60
6960 2 19 133 408 0 0 0 92 331 180 0 1684 46 202 17 3 44
6984 2 17 135 408 0 0 0 92 322 176 0 1683 44 200 19 4 53
7008 2 20 137 408 0 0 0 92 327 172 0 1680 38 199 25 7 48
7032 2 10 131 408 0 0 0 92 320 179 0 1685 44 198 19 2 55
7056 2 20 116 408 0 0 1 91 309 180 0 1684 43 194 20 3 66
7080 2 13 154 408 0 0 1 91 316 176 0 1685 35 195 28 2 59
7104 2 20 124 408 0 0 1 91 325 178 0 1683 40 193 23 4 50
7128 1 12 130 408 0 0 2 90 319 172 0 1680 34 191 29 7 56
7152 1 7 140 408 0 0 0 92 315 157 0 1683 47 189 16 4 60
7176 1 11 134 408 0 0 2 90 318 140 0 1681 41 190 22 6 57
7200 1 12 137 408 0 0 1 91 329 143 0 1686 36 189 27 1 46
7224 1 8 154 408 0 0 1 91 324 126 0 1683 44 190 19 4 51
7248 1 5 125 408 0 0 0 92 319 122 0 1686 42 188 21 1 56
7272 1 8 120 408 0 0 0 92 319 122 0 1685 45 188 18 2 56
7296 1 11 134 408 0 0 2 90 323 121 0 1685 40 188 23 2 52
7320 1 10 140 408 0 0 0 92 304 117 0 1682 42 185 21 5 71
7344 1 9 134 408 0 0 0 92 338 123 0 1683 47 184 16 4 37
7368 1 5 117 408 0 0 0 92 323 109 0 1686 50 184 13 1 52
7392 1 11 120 408 0 0 0 92 318 106 0 1684 35 184 28 3 57
7416 1 14 135 408 0 0 1 91 328 114 0 1680 39 183 24 7 47
7440 1 11 133 408 0 0 1 91 320 115 0 1684 38 183 25 3 55
7464 1 5 114 408 0 0 1 91 309 117 0 1683 45 181 18 4 66
7488 1 8 130 408 0 0 1 91 313 116 0 1687 39 179 24 0 62
7512 1 5 137 408 0 0 1 91 325 113 0 1685 41 179 22 2 50
7536 1 14 141 408 0 0 0 92 317 114 0 1683 44 178 19 4 58
7560 1 8 126 408 0 0 0 92 325 118 0 1684 39 177 24 3 50
7584 1 5 125 408 0 0 0 92 315 107 0 1685 44 175 19 2 60
7608 1 10 127 408 0 0 0 92 323 102 0 1683 46 174 17 4 52
7632 1 8 133 408 0 0 0 92 317 101 0 1686 40 172 23 1 58
7656 1 6 139 408 0 0 0 92 328 99 0 1685 41 172 22 2 47
7680 1 9 129 408 0 0 0 92 330 117 0 1685 40 169 23 2 45
7704 1 10 129 408 0 0 1 91 320 121 0 1685 43 167 20 2 55
7728 1 11 148 408 0 0 1 91 330 120 0 1685 45 166 18 2 45
7752 1 6 139 408 0 0 0 92 320 115 0 1683 43 166 20 4 55
7776 1 5 98 408 0 0 0 92 319 112 0 1684 50 166 13 3 56
7800 1 9 127 408 0 0 0 92 331 112 0 1683 43 163 20 4 44
7824 1 3 122 408 0 0 0 92 331 109 0 1686 40 163 23 1 44
7848 1 5 126 408 0 0 0 92 320 105 0 1684 39 162 24 3 55
7872 1 9 141 408 0 0 0 92 325 96 0 1686 34 163 29 1 50
7896 1 8 147 408 0 0 1 91 316 97 0 1687 41 163 22 0 59
7920 1 10 149 408 0 0 0 92 318 102 0 1683 42 163 21 4 57
7944 1 11 124 408 0 0 0 92 324 110 0 1682 43 162 20 5 51
7968 1 10 143 408 0 0 0 92 322 112 0 1684 40 160 23 3 53
7992 1 17 134 408 0 0 0 92 330 114 0 1684 43 156 20 3 45
8016 1 6 126 408 0 0 0 92 319 112 0 1686 39 156 24 1 56
8040 1 4 123 408 0 0 0 92 319 109 0 1687 40 154 23 0 56
8064 1 8 128 408 0 0 0 92 324 110 0 1685 38 151 25 2 51
8088 1 8 128 408 0 0 0 92 323 111 0 1685 46 149 17 2 52
8112 0 7 141 408 0 0 0 92 320 113 0 1685 41 147 22 2 55
8136 0 0 68 408 0 0 0 92 331 100 0 1687 63 148 0 0 44
8160 0 0 15 408 0 0 0 92 329 81 0 1687 63 148 0 0 46
8184 0 0 4 408 0 0 0 92 326 73 0 1687 63 148 0 0 49
8208 0 0 1 408 0 0 0 92 334 66 0 1687 63 148 0 0 41
8232 0 0 0 408 0 0 0 92 317 62 0 1687 63 148 0 0 58
8256 0 0 0 408 0 0 0 92 317 53 0 1687 63 148 0 0 58
8280 0 0 0 408 0 0 0 92 322 47 0 1687 63 148 0 0 53
8304 0 0 0 408 0 0 0 92 325 36 0 1687 63 148 0 0 50
8328 0 0 0 408 0 0 0 92 325 33 0 1687 63 148 0 0 50
8352 0 0 0 408 0 0 0 92 312 29 0 1687 63 148 0 0 63
8376 0 0 0 408 0 0 0 92 337 25 0 1687 63 148 0 0 38
8400 0 0 0 408 0 0 0 92 324 24 0 1687 63 148 0 0 51
8424 0 0 0 408 0 0 0 92 325 20 0 1687 63 148 0 0 50
8448 0 0 0 408 0 0 0 92 329 17 0 1687 63 148 0 0 46
8472 0 0 0 408 0 0 0 92 322 15 0 1687 63 148 0 0 53
8496 0 0 0 408 0 0 0 92 326 15 0 1687 63 148 0 0 49
8520 0 0 0 408 0 0 0 92 324 14 0 1687 63 148 0 0 51
8544 0 0 0 408 0 0 0 92 323 10 0 1687 63 148 0 0 52
8568 0 0 0 408 0 0 0 92 324 9 0 1687 63 148 0 0 51
8592 0 0 0 408 0 0 0 92 321 8 0 1687 63 148 0 0 54
8616 0 0 0 408 0 0 0 92 334 8 0 1687 63 148 0 0 41
8640 0 0 0 408 0 0 0 92 335 7 0 1687 63 148 0 0 40
8664 0 0 0 408 0 0 0 92 319 6 0 1687 63 148 0 0 56
8688 0 0 0 408 0 0 0 92 318 6 0 1687 63 148 0 0 57
8712 0 0 0 408 0 0 0 92 323 5 0 1687 63 148 0 0 52
8736 0 0 0 408 0 0 0 92 317 5 0 1687 63 148 0 0 58
8760 0 0 0 408 0 0 0 92 333 4 0 1687 63 148 0 0 42
