Time EBV Teff Treg ODC_le1 ODC_le2 ODC_le3 ODC_le4 ODC_le5 NK IL2 DAC Resting_Teff Resting_Treg EffectorMemory Resting_Treg_temp Resting_Teff_temp NK_temp
0.0 0 0 0 0 0 0 0 500 375 1000 0 1687 63 0 0 0 0
24 0 0 0 0 0 0 0 500 335 913 0 1687 63 0 0 0 40
48 0 0 0 0 0 0 0 500 331 827 0 1687 63 0 0 0 44
72 0 0 0 0 0 0 0 500 340 742 0 1687 63 0 0 0 35
96 0 0 0 0 0 0 0 500 338 680 0 1687 63 0 0 0 37
120 0 0 0 0 0 0 0 500 326 616 0 1687 63 0 0 0 49
144 0 0 0 0 0 0 0 500 337 563 0 1687 63 0 0 0 38
168.0 1000 0 0 0 0 0 0 500 319 520 0 1687 63 0 0 0 56
192 349 5625 122 21 30 80 172 197 290 809 0 1139 35 376 28 548 85
216 89 3488 179 118 36 83 130 133 291 388 0 1484 37 426 26 203 84
240 30 1232 168 158 28 59 94 161 294 290 0 1609 38 430 25 78 81
264 19 360 186 163 11 24 63 239 306 300 0 1642 40 453 23 45 69
288 16 240 159 166 2 9 39 284 322 360 0 1651 38 424 25 36 53
312 14 207 146 166 0 5 39 290 322 384 0 1664 46 413 17 23 53
336 13 232 163 166 0 4 28 302 327 383 0 1659 42 386 21 28 48
360 11 148 182 166 0 3 29 302 325 370 0 1657 35 378 28 30 50
384 10 148 166 166 0 5 28 301 320 345 0 1667 41 368 22 20 55
408 8 113 193 166 0 3 20 311 327 346 0 1665 31 357 32 22 48
432 8 113 153 166 1 0 15 318 315 344 0 1663 37 346 26 24 60
456 8 88 166 166 0 0 15 319 303 323 0 1670 37 342 26 17 72
480 6 106 159 166 0 0 18 316 317 336 0 1677 37 345 26 10 58
504 6 74 154 166 0 0 12 322 334 324 0 1673 35 334 28 14 41
528 6 69 152 166 0 0 14 320 319 315 0 1664 38 330 25 23 56
552 6 60 167 166 0 0 15 319 332 311 0 1679 41 322 22 8 43
576 4 51 128 166 0 0 9 325 327 312 0 1677 42 313 21 10 48
600 4 46 153 166 0 0 6 328 316 294 0 1683 38 298 25 4 59
624 4 40 170 166 0 0 8 326 311 272 0 1677 49 296 14 10 64
648 4 30 173 166 0 0 5 329 320 262 0 1677 40 289 23 10 55
672 4 52 146 166 0 0 9 325 313 277 0 1676 39 282 24 11 62
696 3 51 162 166 0 0 6 328 317 269 0 1679 32 280 31 8 58
720 3 37 175 166 0 0 6 328 321 250 0 1676 43 284 20 11 54
744 3 17 152 166 0 0 3 331 313 234 0 1684 34 279 29 3 62
768 3 34 162 166 0 0 4 330 327 233 0 1682 40 266 23 5 48
792 3 30 142 166 0 0 5 329 331 212 0 1678 43 262 20 9 44
816 3 27 161 166 0 0 3 331 318 233 0 1682 40 255 23 5 57
840 3 34 130 166 0 0 6 328 327 229 0 1679 46 252 17 8 48
864 3 34 154 166 0 0 5 329 317 220 0 1681 33 250 30 6 58
888 3 14 143 166 0 0 2 332 323 210 0 1684 39 246 24 3 52
912 3 16 140 166 0 0 3 331 321 221 0 1685 42 245 21 2 54
936 3 24 155 166 0 0 3 331 318 214 0 1676 38 245 25 11 57
960 3 28 168 166 0 0 3 331 309 208 0 1683 44 238 19 4 66
984 3 32 154 166 0 0 4 330 327 215 0 1677 38 237 25 10 48
1008 3 28 148 166 0 0 2 332 336 201 0 1682 40 232 23 5 39
1032 3 28 117 166 0 0 6 328 319 206 0 1679 47 230 16 8 56
1056 3 33 141 166 0 1 3 330 319 209 0 1678 38 231 25 9 56
1080 3 32 125 166 0 0 7 327 324 223 0 1681 39 225 24 6 51
1104 3 31 146 166 0 0 10 324 329 230 0 1682 39 219 24 5 46
1128 3 29 154 166 0 0 7 327 309 228 0 1681 30 214 33 6 66
1152 3 18 155 166 0 0 2 332 304 218 0 1680 42 209 21 7 71
1176 3 24 139 166 0 0 6 328 314 221 0 1681 44 207 19 6 61
1200 3 45 142 166 0 0 4 330 330 225 0 1681 38 198 25 6 45
1224 3 33 149 166 0 0 4 330 317 216 0 1676 40 199 23 11 58
1248 3 26 156 166 0 0 4 330 324 219 0 1681 46 196 17 6 51
1272 3 30 149 166 0 0 7 327 314 216 0 1684 40 192 23 3 61
1296 3 15 129 166 0 0 3 331 321 230 0 1682 41 189 22 5 54
1320 3 25 132 166 0 0 4 330 317 232 0 1680 46 189 17 7 58
1344 3 29 142 166 0 0 4 330 325 239 0 1680 50 186 13 7 50
1368 3 33 154 166 0 0 8 326 326 243 0 1679 39 193 24 8 49
1392 2 14 155 166 0 0 0 334 328 222 0 1686 36 189 27 1 47
1416 2 20 172 166 0 0 3 331 319 216 0 1682 35 189 28 5 56
1440 2 17 140 166 0 0 3 331 313 203 0 1683 43 188 20 4 62
1464 2 18 140 166 0 0 2 332 314 196 0 1684 40 184 23 3 61
1488 2 18 145 166 0 0 1 333 329 194 0 1681 39 185 24 6 46
1512 2 11 149 166 0 0 3 331 307 195 0 1682 43 186 20 5 68
1536 2 19 150 166 0 0 1 333 315 189 0 1680 47 189 16 7 60
1560 2 31 152 166 0 0 1 333 319 192 0 1677 39 191 24 10 56
1584 2 20 146 166 0 0 2 332 331 180 0 1686 39 191 24 1 44
1608.0 1002 15 148 166 0 0 2 332 319 173 0 1685 41 188 22 2 56
1632 363 5145 174 178 23 41 91 167 268 881 0 1174 38 398 25 513 107
1656 97 3284 169 226 23 44 91 116 274 361 0 1491 37 437 26 196 101
1680 30 1127 179 248 15 39 75 123 285 268 0 1621 39 466 24 66 90
1704 21 443 163 258 5 19 59 159 311 331 0 1634 41 427 22 53 64
1728 16 264 171 259 3 3 28 207 312 342 0 1667 35 399 28 20 63
1752 15 228 178 260 0 6 16 218 310 354 0 1651 41 384 22 36 65
1776 14 188 198 260 0 2 20 218 321 365 0 1655 38 369 25 32 54
1800 13 159 167 260 0 1 13 226 325 393 0 1657 40 366 23 30 50
1824 12 181 184 260 0 1 19 220 300 383 0 1662 45 373 18 25 75
1848 11 123 174 260 0 0 12 228 329 370 0 1661 40 358 23 26 46
1872 11 134 178 260 0 0 7 233 325 380 0 1665 37 343 26 22 50
1896 8 105 177 260 0 0 4 236 317 374 0 1660 42 321 21 27 58
1920 8 99 144 260 0 0 8 232 305 357 0 1673 39 328 24 14 70
1944 8 100 166 260 0 0 8 232 317 345 0 1672 36 334 27 15 58
1968 8 91 160 260 0 2 7 231 316 357 0 1676 37 311 26 11 59
1992 7 104 160 260 0 1 10 229 331 343 0 1675 34 303 29 12 44
2016 5 58 174 260 0 0 4 236 309 318 0 1677 38 299 25 10 66
2040 5 44 181 260 0 0 1 239 333 312 0 1671 34 286 29 16 42
2064 5 58 165 260 0 0 8 232 317 319 0 1673 39 292 24 14 58
2088 5 61 129 260 0 0 6 234 313 299 0 1674 43 292 20 13 62
2112 5 57 156 260 0 0 6 234 324 300 0 1677 38 283 25 10 51
2136 5 55 149 260 0 0 4 236 326 314 0 1675 37 267 26 12 49
2160 5 55 163 260 0 0 2 238 319 291 0 1678 44 276 19 9 56
2184 5 52 159 260 0 0 5 235 328 275 0 1680 41 272 22 7 47
2208 5 43 181 260 0 0 10 230 309 281 0 1675 40 259 23 12 66
2232 5 41 155 260 0 0 3 237 321 291 0 1672 45 256 18 15 54
2256 5 53 156 260 0 1 4 235 314 282 0 1678 43 252 20 9 61
2280 5 55 129 260 0 0 5 235 328 297 0 1671 45 243 18 16 47
2304 5 44 134 260 0 0 4 236 330 314 0 1678 48 240 15 9 45
2328 5 56 142 260 0 0 5 235 324 294 0 1674 38 248 25 13 51
2352 5 49 162 260 0 0 10 230 315 287 0 1685 32 243 31 2 60
2376 5 48 162 260 0 0 5 235 319 269 0 1678 48 245 15 9 56
2400 5 40 149 260 0 0 7 233 321 288 0 1673 37 242 26 14 54
2424 5 41 157 260 0 0 1 239 321 293 0 1673 44 245 19 14 54
2448 5 54 169 260 0 0 4 236 330 291 0 1670 36 245 27 17 45
2472 5 49 173 260 0 0 2 238 331 291 0 1680 46 239 17 7 44
2496 5 59 168 260 0 0 3 237 318 307 0 1674 42 229 21 13 57
2520 5 53 165 260 0 0 5 235 321 295 0 1676 42 226 21 11 54
2544 4 36 174 260 0 0 6 234 323 282 0 1679 38 229 25 8 52
2568 4 27 186 260 0 0 1 239 325 285 0 1680 42 223 21 7 50
2592 4 38 157 260 0 0 4 236 329 262 0 1677 37 227 26 10 46
2616 4 54 168 260 0 0 2 238 325 247 0 1679 43 221 20 8 50
2640 4 39 174 260 0 0 3 237 329 244 0 1678 42 222 21 9 46
2664 4 31 153 260 0 0 4 236 313 240 0 1678 41 227 22 9 62
2688 4 39 173 260 0 0 3 237 331 256 0 1677 42 218 21 10 44
2712 4 45 175 260 0 0 3 237 309 246 0 1675 35 219 28 12 66
2736 4 61 185 260 0 0 6 234 315 251 0 1677 40 221 23 10 60
2760 4 42 168 260 0 0 3 237 319 242 0 1678 43 224 20 9 56
2784 4 44 153 260 0 0 3 237 326 259 0 1669 44 213 19 18 49
2808 4 49 156 260 0 0 9 231 326 251 0 1681 35 213 28 6 49
2832 4 35 143 260 0 0 7 233 326 244 0 1675 44 215 19 12 49
2856 4 33 143 260 0 1 6 233 326 247 0 1675 44 212 19 12 49
2880 4 29 140 260 0 1 8 231 331 251 0 1678 37 213 26 9 44
2904 4 54 145 260 0 0 9 231 327 257 0 1677 38 206 25 10 48
2928 3 42 155 260 0 0 6 234 319 242 0 1682 41 211 22 5 56
2952 3 24 146 260 0 0 5 235 324 224 0 1680 33 211 30 7 51
2976 3 17 149 260 0 0 0 240 322 223 0 1679 43 208 20 8 53
3000 3 23 133 260 0 0 3 237 333 214 0 1685 47 202 16 2 42
3024 3 26 133 260 0 0 4 236 325 209 0 1681 42 202 21 6 50
3048.0 1003 28 146 260 0 0 4 236 327 212 0 1679 38 195 25 8 48
3072 364 5281 181 265 11 39 83 102 281 823 0 1176 41 411 22 511 94
3096 88 3242 190 307 14 46 63 70 296 371 0 1497 41 465 22 190 79
3120 35 1171 199 319 8 31 51 91 292 287 0 1602 43 446 20 85 83
3144 23 465 171 325 5 13 44 113 304 309 0 1645 44 416 19 42 71
3168 21 283 165 326 2 6 25 141 306 390 0 1638 45 394 18 49 69
3192 16 296 170 326 0 2 21 151 312 392 0 1642 40 392 23 45 63
3216 14 179 197 326 0 1 20 153 326 391 0 1668 34 377 29 19 49
3240 14 183 188 326 0 0 18 156 318 389 0 1655 43 371 20 32 57
3264 12 149 186 326 0 0 10 164 326 396 0 1662 39 355 24 25 49
3288 12 154 168 326 0 0 11 163 328 425 0 1655 41 337 22 32 47
3312 10 115 195 326 0 0 7 167 324 381 0 1670 36 327 27 17 51
3336 10 83 186 326 0 0 5 169 318 370 0 1668 35 326 28 19 57
3360 9 93 174 326 0 1 5 168 320 386 0 1665 52 322 11 22 55
3384 9 115 166 326 0 0 6 168 326 359 0 1665 38 330 25 22 49
3408 8 88 162 326 0 1 7 166 335 360 0 1666 41 330 22 21 40
3432 5 48 150 326 0 1 5 168 320 325 0 1677 45 323 18 10 55
3456 5 51 162 326 0 1 4 169 309 334 0 1670 46 320 17 17 66
3480 5 56 150 326 0 0 5 169 333 328 0 1675 38 319 25 12 42
3504 4 38 149 326 0 0 4 170 315 311 0 1681 34 314 29 6 60
3528 4 46 167 326 0 0 4 170 332 285 0 1675 39 318 24 12 43
3552 3 30 161 326 0 1 4 169 329 246 0 1683 38 316 25 4 46
3576 3 32 154 326 0 0 5 169 308 241 0 1681 41 311 22 6 67
3600 3 29 125 326 0 0 4 170 319 234 0 1678 40 306 23 9 56
3624 3 22 131 326 0 0 3 171 313 243 0 1683 39 298 24 4 62
3648 3 28 148 326 0 1 2 171 323 232 0 1683 40 291 23 4 52
3672 3 28 136 326 0 0 1 173 320 233 0 1680 35 284 28 7 55
3696 3 25 147 326 0 0 2 172 315 240 0 1681 43 288 20 6 60
3720 3 26 155 326 0 0 4 170 319 244 0 1682 35 274 28 5 56
3744 3 31 141 326 0 0 3 171 326 246 0 1681 44 268 19 6 49
3768 2 26 140 326 0 0 2 172 315 240 0 1683 37 260 26 4 60
3792 2 23 164 326 0 0 0 174 315 225 0 1684 41 259 22 3 60
3816 2 20 151 326 0 0 4 170 324 213 0 1684 40 257 23 3 51
3840 2 23 139 326 0 0 1 173 313 212 0 1684 40 250 23 3 62
3864 2 21 144 326 0 0 1 173 298 201 0 1680 45 250 18 7 77
3888 2 12 150 326 0 0 1 173 327 191 0 1684 36 242 27 3 48
3912 2 18 146 326 0 0 1 173 319 189 0 1685 42 243 21 2 56
3936 2 23 149 326 0 0 1 173 314 197 0 1681 38 234 25 6 61
3960 2 13 147 326 0 0 1 173 335 189 0 1684 45 223 18 3 40
3984 2 19 137 326 0 0 1 173 314 186 0 1680 36 223 27 7 61
4008 2 12 140 326 0 0 1 173 323 164 0 1685 42 221 21 2 52
4032 2 12 145 326 0 0 0 174 327 173 0 1684 35 215 28 3 48
4056 2 17 153 326 0 0 2 172 321 179 0 1684 39 209 24 3 54
4080 2 20 132 326 0 0 0 174 329 169 0 1680 44 212 19 7 46
4104 2 24 137 326 0 0 1 173 324 169 0 1684 42 203 21 3 51
4128 2 19 112 326 0 0 2 172 321 173 0 1680 39 199 24 7 54
4152 2 24 130 326 0 0 5 169 335 194 0 1680 39 197 24 7 40
4176 2 20 133 326 0 0 3 171 315 193 0 1683 41 196 22 4 60
4200 2 17 138 326 0 0 0 174 314 175 0 1683 37 193 26 4 61
4224 2 17 126 326 0 0 1 173 322 188 0 1682 46 193 17 5 53
4248 2 13 162 326 0 0 1 173 307 178 0 1685 37 192 26 2 68
4272 2 17 143 326 0 0 0 174 314 172 0 1684 42 187 21 3 61
4296 1 8 142 326 0 0 3 171 330 159 0 1685 41 187 22 2 45
4320 1 6 135 326 0 0 0 174 334 142 0 1683 43 186 20 4 41
4344 1 11 128 326 0 0 1 173 333 125 0 1683 42 187 21 4 42
4368 1 7 140 326 0 0 2 172 316 131 0 1683 44 186 19 4 59
4392 1 7 124 326 0 0 0 174 313 125 0 1686 46 184 17 1 62
4416 1 5 135 326 0 0 2 172 330 116 0 1684 41 183 22 3 45
4440 1 8 150 326 0 0 2 172 325 114 0 1685 39 180 24 2 50
4464 1 5 132 326 0 0 2 172 324 113 0 1685 49 179 14 2 51
4488.0 1001 10 125 326 0 0 6 168 312 106 0 1685 41 174 22 2 63
4512 358 5228 165 328 4 24 61 83 282 869 0 1141 43 377 20 546 93
4536 83 3287 182 350 13 38 48 51 269 380 0 1477 47 465 16 210 106
4560 27 1100 163 376 8 14 33 69 280 267 0 1620 44 466 19 67 95
4584 18 377 169 377 3 3 28 89 298 291 0 1649 40 453 23 38 77
4608 15 264 187 378 2 3 13 104 320 345 0 1654 41 419 22 33 55
4632 14 171 188 378 1 4 7 110 328 404 0 1660 41 391 22 27 47
4656 11 157 197 378 0 1 8 113 322 370 0 1662 46 388 17 25 53
4680 9 115 184 378 0 0 15 107 320 339 0 1672 42 376 21 15 55
4704 8 84 179 378 0 0 7 115 317 330 0 1676 45 376 18 11 58
4728 8 100 176 378 0 0 10 112 306 337 0 1666 41 356 22 21 69
4752 7 82 165 378 0 0 4 118 316 328 0 1677 47 346 16 10 59
4776 7 80 147 378 0 0 3 119 319 347 0 1669 37 330 26 18 56
4800 6 63 149 378 0 0 6 116 313 348 0 1668 37 318 26 19 62
4824 5 61 165 378 0 0 4 118 320 353 0 1674 36 305 27 13 55
4848 5 74 158 378 0 0 3 119 321 328 0 1677 41 308 22 10 54
4872 5 49 175 378 0 0 2 120 321 307 0 1678 41 302 22 9 54
4896 5 51 171 378 0 0 0 122 328 284 0 1676 43 286 20 11 47
4920 5 66 154 378 0 0 5 117 334 298 0 1669 40 285 23 18 41
4944 4 35 135 378 0 0 3 119 321 275 0 1683 44 289 19 4 54
4968 4 39 130 378 0 0 4 118 326 247 0 1678 42 280 21 9 49
4992 4 34 136 378 0 0 2 120 315 256 0 1679 40 275 23 8 60
5016 4 39 146 378 0 0 2 120 331 283 0 1682 41 259 22 5 44
5040 4 40 139 378 0 0 2 120 309 290 0 1679 44 260 19 8 66
5064 4 45 164 378 0 0 5 117 311 272 0 1680 42 257 21 7 64
5088 4 39 173 378 0 0 1 121 325 269 0 1682 44 247 19 5 50
5112 4 32 183 378 0 0 1 121 323 265 0 1679 39 240 24 8 52
5136 4 39 157 378 0 0 2 120 309 252 0 1676 40 237 23 11 66
5160 3 32 136 378 0 0 0 122 323 255 0 1680 43 237 20 7 52
5184 3 30 150 378 0 0 1 121 314 235 0 1683 37 239 26 4 61
5208 3 31 145 378 0 0 0 122 309 232 0 1677 45 241 18 10 66
5232 3 22 156 378 0 0 4 118 321 233 0 1680 39 238 24 7 54
5256 3 28 162 378 0 0 3 119 328 233 0 1684 40 236 23 3 47
5280 3 26 145 378 0 0 3 119 326 230 0 1676 43 237 20 11 49
5304 3 34 158 378 0 0 1 121 305 231 0 1677 38 238 25 10 70
5328 2 18 152 378 0 0 1 121 306 214 0 1682 47 233 16 5 69
5352 2 23 124 378 0 0 0 122 324 203 0 1678 41 232 22 9 51
5376 2 14 125 378 0 0 1 121 310 196 0 1682 35 235 28 5 65
5400 2 15 129 378 0 0 1 121 308 197 0 1684 45 231 18 3 67
5424 2 11 134 378 0 0 3 119 310 190 0 1684 42 225 21 3 65
5448 2 16 125 378 0 0 0 122 327 183 0 1684 44 219 19 3 48
5472 2 13 120 378 0 0 1 121 318 177 0 1686 40 218 23 1 57
5496 2 19 125 378 0 1 0 121 329 176 0 1680 41 215 22 7 46
5520 2 9 145 378 0 1 1 120 318 177 0 1684 41 214 22 3 57
5544 2 15 129 378 0 0 2 120 328 170 0 1683 45 211 18 4 47
5568 2 23 140 378 0 0 2 120 321 185 0 1680 43 206 20 7 54
5592 2 20 135 378 0 0 1 121 317 183 0 1682 39 204 24 5 58
5616 1 14 137 378 0 0 0 122 326 171 0 1684 47 204 16 3 49
5640 1 8 127 378 0 0 0 122 313 156 0 1685 45 205 18 2 62
5664 1 8 129 378 0 0 0 122 321 138 0 1685 48 203 15 2 54
5688 1 5 121 378 0 0 1 121 314 135 0 1685 46 202 17 2 61
5712 1 7 124 378 0 0 0 122 320 124 0 1687 40 198 23 0 55
5736 1 10 139 378 0 0 1 121 325 128 0 1680 36 198 27 7 50
5760 1 3 136 378 0 0 1 121 318 123 0 1685 44 201 19 2 57
5784 1 7 133 378 0 0 0 122 324 120 0 1686 45 198 18 1 51
5808 1 12 134 378 0 0 1 121 326 124 0 1684 45 195 18 3 49
5832 1 8 126 378 0 0 2 120 317 115 0 1686 34 196 29 1 58
5856 1 5 125 378 0 0 2 120 322 118 0 1685 43 195 20 2 53
5880 1 12 126 378 0 0 1 121 335 121 0 1683 42 194 21 4 40
5904 1 7 130 378 0 0 2 120 333 118 0 1686 34 192 29 1 42
5928.0 1001 8 116 378 0 0 1 121 324 121 0 1685 44 191 19 2 51
5952 376 5233 179 381 9 13 40 57 259 878 0 1168 38 358 25 519 116
5976 104 3303 185 403 10 14 26 47 274 401 0 1467 42 421 21 220 101
6000 41 1232 162 418 2 13 19 48 288 297 0 1602 36 424 27 85 87
6024 23 510 161 419 1 6 17 57 317 344 0 1614 38 401 25 73 58
6048 17 295 180 419 1 2 14 64 312 335 0 1639 38 405 25 48 63
6072 15 197 188 419 0 4 6 71 316 335 0 1655 37 379 26 32 59
6096 15 177 154 419 0 1 7 73 322 365 0 1660 38 377 25 27 53
6120 13 193 163 419 0 1 6 74 325 392 0 1650 44 365 19 37 50
6144 12 173 156 419 1 1 8 71 329 396 0 1655 47 365 16 32 46
6168 10 143 173 419 0 0 4 77 324 387 0 1661 38 374 25 26 51
6192 9 122 156 419 0 0 2 79 323 380 0 1663 42 369 21 24 52
6216 8 94 179 419 0 0 6 75 316 366 0 1673 34 367 29 14 59
6240 8 89 166 419 0 0 5 76 322 347 0 1676 42 366 21 11 53
6264 8 83 171 419 0 0 2 79 336 346 0 1673 38 353 25 14 39
6288 7 79 155 419 0 0 2 79 320 348 0 1667 37 338 26 20 55
6312 7 83 147 419 0 0 3 78 306 360 0 1673 39 339 24 14 69
6336 7 84 146 419 0 0 2 79 330 360 0 1671 46 349 17 16 45
6360 6 73 147 419 0 0 3 78 321 329 0 1675 37 340 26 12 54
6384 6 68 142 419 0 0 4 77 312 300 0 1673 40 331 23 14 63
6408 6 75 153 419 0 0 5 76 332 329 0 1674 31 320 32 13 43
6432 6 57 183 419 0 0 4 77 326 319 0 1671 44 316 19 16 49
6456 6 65 175 419 0 0 1 80 317 328 0 1672 38 307 25 15 58
6480 6 62 173 419 0 0 2 79 315 310 0 1677 36 303 27 10 60
6504 6 65 146 419 0 0 2 79 317 313 0 1671 41 305 22 16 58
6528 6 78 142 419 0 0 5 76 314 323 0 1671 41 294 22 16 61
6552 6 67 167 419 0 0 1 80 318 296 0 1675 37 297 26 12 57
6576 6 65 166 419 0 0 4 77 321 304 0 1675 45 295 18 12 54
6600 5 69 171 419 0 1 4 76 322 309 0 1678 42 297 21 9 53
6624 4 47 177 419 0 1 3 77 319 282 0 1677 44 295 19 10 56
6648 4 44 156 419 0 0 4 77 306 283 0 1676 41 291 22 11 69
6672 4 55 166 419 0 0 2 79 330 274 0 1675 40 282 23 12 45
6696 4 56 148 419 0 0 3 78 304 265 0 1678 45 280 18 9 71
6720 4 44 168 419 0 0 1 80 325 265 0 1678 36 276 27 9 50
6744 4 35 154 419 0 0 1 80 320 259 0 1682 36 267 27 5 55
6768 4 37 170 419 0 0 2 79 327 257 0 1681 40 261 23 6 48
6792 4 29 155 419 0 0 3 78 325 254 0 1676 44 257 19 11 50
6816 3 23 149 419 0 0 0 81 329 243 0 1680 41 258 22 7 46
6840 3 25 145 419 0 0 0 81 320 232 0 1679 42 251 21 8 55
6864 3 18 149 419 0 0 0 81 318 224 0 1684 38 251 25 3 57
6888 3 33 150 419 0 0 3 78 319 246 0 1679 37 243 26 8 56
6912 2 12 166 419 0 0 1 80 323 226 0 1684 49 244 14 3 52
6936 2 21 165 419 0 0 0 81 313 222 0 1682 39 236 24 5 62
6960 2 17 153 419 0 0 0 81 318 218 0 1679 43 233 20 8 57
6984 2 16 152 419 0 0 1 80 317 208 0 1682 41 228 22 5 58
7008 1 15 156 419 0 0 0 81 326 197 0 1686 42 225 21 1 49
7032 1 3 157 419 0 0 1 80 317 175 0 1686 42 226 21 1 58
7056 1 2 144 419 0 0 0 81 317 168 0 1684 49 222 14 3 58
7080 1 6 128 419 0 0 0 81 321 163 0 1687 45 219 18 0 54
7104 1 6 133 419 0 0 0 81 325 148 0 1684 45 214 18 3 50
7128 1 7 133 419 0 0 0 81 320 144 0 1685 42 212 21 2 55
7152 1 8 142 419 0 0 0 81 322 126 0 1684 38 212 25 3 53
7176 1 5 123 419 0 0 0 81 310 124 0 1685 42 211 21 2 65
7200 1 8 120 419 0 0 1 80 319 113 0 1687 45 211 18 0 56
7224 1 13 115 419 0 0 2 79 305 109 0 1686 42 209 21 1 70
7248 1 8 109 419 0 0 0 81 320 111 0 1685 43 207 20 2 55
7272 1 12 139 419 0 0 0 81 305 120 0 1684 42 201 21 3 70
7296 1 7 124 419 0 0 0 81 320 116 0 1685 49 198 14 2 55
7320 1 12 134 419 0 0 0 81 308 115 0 1685 39 195 24 2 67
7344 1 8 145 419 0 0 0 81 321 103 0 1683 36 195 27 4 54
7368 1 8 112 419 0 0 0 81 327 100 0 1685 46 191 17 2 48
7392 1 1 111 419 0 0 0 81 324 98 0 1687 51 190 12 0 51
7416 1 9 115 419 0 0 0 81 316 99 0 1686 40 186 23 1 59
7440 1 7 133 419 0 0 0 81 320 101 0 1683 43 185 20 4 55
7464 1 5 121 419 0 0 0 81 335 103 0 1686 45 181 18 1 40
7488 1 4 124 419 0 0 0 81 330 99 0 1686 45 180 18 1 45
7512 1 7 128 419 0 0 0 81 316 102 0 1685 42 180 21 2 59
7536 1 8 144 419 0 0 0 81 324 105 0 1682 43 177 20 5 51
7560 1 8 129 419 0 0 0 81 326 95 0 1686 41 176 22 1 49
7584 1 5 90 419 0 0 0 81 325 89 0 1684 47 175 16 3 50
7608 1 8 132 419 0 0 0 81 330 87 0 1686 40 175 23 1 45
7632 1 6 150 419 0 0 0 81 308 88 0 1685 37 174 26 2 67
7656 1 5 113 419 0 0 0 81 323 97 0 1687 41 173 22 0 52
7680 1 16 121 419 0 0 1 80 311 106 0 1680 43 171 20 7 64
7704 1 8 142 419 0 0 0 81 319 107 0 1685 40 169 23 2 56
7728 1 7 103 419 0 0 0 81 332 105 0 1686 47 169 16 1 43
7752 1 5 118 419 0 0 1 80 308 103 0 1684 46 169 17 3 67
7776 1 8 101 419 0 0 1 80 320 97 0 1685 43 168 20 2 55
7800 1 10 140 419 0 0 0 81 317 95 0 1681 41 168 22 6 58
7824 1 14 130 419 0 0 1 80 333 105 0 1687 42 167 21 0 42
7848 1 13 137 419 0 0 2 79 321 115 0 1684 41 164 22 3 54
7872 1 8 133 419 0 0 0 81 319 103 0 1684 43 165 20 3 56
7896 1 5 146 419 0 0 0 81 332 106 0 1685 39 163 24 2 43
7920 1 5 121 419 0 0 1 80 308 102 0 1684 42 164 21 3 67
7944 1 4 98 419 0 0 0 81 325 105 0 1686 47 165 16 1 50
7968 1 11 121 419 0 0 0 81 320 109 0 1682 43 165 20 5 55
7992 1 15 115 419 0 0 2 79 324 124 0 1683 41 165 22 4 51
8016 1 9 136 419 0 0 0 81 318 115 0 1685 42 165 21 2 57
8040 1 6 137 419 0 0 0 81 323 116 0 1686 39 164 24 1 52
8064 1 10 134 419 0 0 1 80 315 120 0 1683 41 166 22 4 60
8088 1 6 117 419 0 0 0 81 324 112 0 1685 48 165 15 2 51
8112 1 11 137 419 0 0 1 80 314 106 0 1683 37 162 26 4 61
8136 1 10 147 419 0 0 1 80 321 107 0 1686 45 161 18 1 54
8160 1 11 161 419 0 0 1 80 323 115 0 1687 43 159 20 0 52
8184 1 8 127 419 0 0 0 81 321 107 0 1684 36 158 27 3 54
8208 1 5 110 419 0 0 0 81 320 103 0 1685 42 157 21 2 55
8232 1 15 135 419 0 0 1 80 322 103 0 1684 35 154 28 3 53
8256 1 7 142 419 0 0 0 81 316 94 0 1686 37 154 26 1 59
8280 1 7 108 419 0 0 1 80 330 94 0 1684 44 153 19 3 45
8304 1 6 114 419 0 0 1 80 326 88 0 1686 44 152 19 1 49
8328 1 6 138 419 0 0 0 81 331 82 0 1685 44 151 19 2 44
8352 1 11 113 419 0 0 0 81 325 88 0 1686 43 151 20 1 50
8376 0 4 122 419 0 0 0 81 323 84 0 1687 44 150 19 0 52
8400 0 0 80 419 0 0 0 81 329 74 0 1687 62 150 1 0 46
8424 0 0 26 419 0 0 0 81 325 63 0 1687 63 150 0 0 50
8448 0 0 12 419 0 0 0 81 327 55 0 1687 63 150 0 0 48
8472 0 0 9 419 0 0 0 81 336 50 0 1687 63 150 0 0 39
8496 0 0 0 419 0 0 0 81 328 42 0 1687 63 150 0 0 47
8520 0 0 0 419 0 0 0 81 333 35 0 1687 63 150 0 0 42
8544 0 0 0 419 0 0 0 81 336 31 0 1687 63 150 0 0 39
8568 0 0 0 419 0 0 0 81 323 28 0 1687 63 150 0 0 52
8592 0 0 0 419 0 0 0 81 332 25 0 1687 63 150 0 0 43
8616 0 0 0 419 0 0 0 81 332 23 0 1687 63 150 0 0 43
8640 0 0 0 419 0 0 0 81 329 21 0 1687 63 150 0 0 46
8664 0 0 0 419 0 0 0 81 333 17 0 1687 63 150 0 0 42
8688 0 0 0 419 0 0 0 81 327 14 0 1687 63 150 0 0 48
8712 0 0 0 419 0 0 0 81 313 14 0 1687 63 150 0 0 62
8736 0 0 0 419 0 0 0 81 321 12 0 1687 63 150 0 0 54
8760 0 0 0 419 0 0 0 81 317 11 0 1687 63 150 0 0 58
