Time EBV Teff Treg ODC_le1 ODC_le2 ODC_le3 ODC_le4 ODC_le5 NK IL2 DAC Resting_Teff Resting_Treg EffectorMemory Resting_Treg_temp Resting_Teff_temp NK_temp
0.0 0 0 0 0 0 0 0 500 375 1000 0 1687 63 0 0 0 0
24 0 0 0 0 0 0 0 500 331 905 0 1687 63 0 0 0 44
48 0 0 0 0 0 0 0 500 342 818 0 1687 63 0 0 0 33
72 0 0 0 0 0 0 0 500 328 731 0 1687 63 0 0 0 47
96 0 0 0 0 0 0 0 500 337 670 0 1687 63 0 0 0 38
120 0 0 0 0 0 0 0 500 334 599 0 1687 63 0 0 0 41
144 0 0 0 0 0 0 0 500 334 544 0 1687 63 0 0 0 41
168.0 1000 0 0 0 0 0 0 500 328 485 0 1687 63 0 0 0 47
192 363 5795 129 16 33 71 145 235 263 851 0 1137 38 394 25 550 112
216 70 3539 148 93 37 93 106 171 272 345 0 1508 37 468 26 179 103
240 26 1018 182 142 21 58 108 171 281 245 0 1636 43 457 20 51 94
264 17 355 165 152 7 24 81 236 314 273 0 1656 37 409 26 31 61
288 14 188 174 153 3 8 43 293 319 336 0 1655 37 385 26 32 56
312 12 153 180 153 0 1 24 322 328 333 0 1659 33 365 30 28 47
336 10 116 170 153 0 0 23 324 315 363 0 1669 41 356 22 18 60
360 9 109 177 153 0 1 10 336 316 382 0 1665 32 337 31 22 59
384 9 115 177 153 0 0 18 329 326 360 0 1670 42 336 21 17 49
408 9 118 195 153 0 0 16 331 318 343 0 1671 37 329 26 16 57
432 8 102 171 153 0 2 22 323 323 346 0 1670 43 321 20 17 52
456 6 84 145 153 0 2 22 323 322 335 0 1677 44 327 19 10 53
480 6 75 160 153 0 0 18 329 323 308 0 1678 43 322 20 9 52
504 6 50 160 153 0 1 7 339 311 311 0 1678 37 309 26 9 64
528 6 53 171 153 0 0 8 339 314 322 0 1680 42 305 21 7 61
552 6 44 171 153 0 0 9 338 310 322 0 1679 38 297 25 8 65
576 6 50 157 153 0 0 9 338 317 322 0 1674 37 292 26 13 58
600 6 46 156 153 0 0 2 345 321 321 0 1677 40 289 23 10 54
624 6 70 166 153 0 0 10 337 317 350 0 1674 42 284 21 13 58
648 5 59 145 153 0 0 10 337 319 323 0 1676 37 289 26 11 56
672 5 51 185 153 0 0 6 341 320 307 0 1674 42 282 21 13 55
696 3 37 167 153 0 1 6 340 316 284 0 1680 43 285 20 7 59
720 3 28 161 153 0 0 3 344 319 261 0 1683 43 285 20 4 56
744 3 22 156 153 0 0 5 342 317 251 0 1683 40 278 23 4 58
768 2 20 141 153 0 0 5 342 315 232 0 1685 45 280 18 2 60
792 2 16 162 153 0 0 4 343 314 206 0 1686 35 276 28 1 61
816 2 31 134 153 0 0 2 345 316 201 0 1679 45 274 18 8 59
840 2 15 133 153 0 0 2 345 323 192 0 1684 39 267 24 3 52
864 2 15 134 153 0 0 2 345 313 189 0 1683 41 258 22 4 62
888 2 20 163 153 0 0 3 344 317 191 0 1681 45 255 18 6 58
912 2 14 159 153 0 0 0 347 321 194 0 1683 42 258 21 4 54
936 2 20 161 153 0 0 3 344 330 194 0 1681 43 254 20 6 45
960 2 20 157 153 0 0 4 343 320 173 0 1681 35 252 28 6 55
984 2 13 160 153 0 0 2 345 319 170 0 1685 42 248 21 2 56
1008 2 9 144 153 0 0 1 346 327 172 0 1684 41 240 22 3 48
1032 2 11 137 153 0 0 1 346 310 170 0 1684 42 238 21 3 65
1056 2 16 119 153 0 0 3 344 314 173 0 1681 46 231 17 6 61
1080 2 27 133 153 0 0 2 345 320 186 0 1677 36 226 27 10 55
1104 2 18 137 153 0 0 4 343 315 183 0 1683 38 226 25 4 60
1128 2 19 136 153 0 0 3 344 322 174 0 1684 39 229 24 3 53
1152 2 19 124 153 0 0 1 346 324 169 0 1683 35 221 28 4 51
1176 1 15 130 153 0 0 1 346 338 161 0 1685 43 217 20 2 37
1200 1 10 132 153 0 0 5 342 325 140 0 1685 36 216 27 2 50
1224 1 11 132 153 0 0 3 344 336 132 0 1686 44 219 19 1 39
1248 1 4 124 153 0 0 1 346 320 129 0 1685 41 213 22 2 55
1272 1 13 153 153 0 0 3 344 322 120 0 1685 41 211 22 2 53
1296 1 12 120 153 0 0 3 344 315 123 0 1682 40 209 23 5 60
1320 1 6 137 153 0 0 0 347 319 117 0 1687 51 209 12 0 56
1344 1 5 116 153 0 0 0 347 339 122 0 1684 44 208 19 3 36
1368 1 9 107 153 0 0 2 345 322 122 0 1685 44 205 19 2 53
1392 1 8 120 153 0 0 2 345 325 127 0 1686 48 198 15 1 50
1416 1 5 132 153 0 0 1 346 324 116 0 1685 45 197 18 2 51
1440 1 7 118 153 0 0 1 346 324 120 0 1683 41 196 22 4 51
1464 1 7 125 153 0 0 4 343 329 126 0 1686 44 193 19 1 46
1488 1 6 117 153 0 0 1 346 320 124 0 1686 37 192 26 1 55
1512 1 14 117 153 0 0 0 347 316 128 0 1679 41 192 22 8 59
1536 1 6 128 153 0 0 2 345 318 112 0 1685 39 193 24 2 57
1560 1 10 110 153 0 0 2 345 317 117 0 1684 47 190 16 3 58
1584 1 11 137 153 0 0 1 346 333 123 0 1684 43 191 20 3 42
1608.0 1001 10 139 153 0 0 1 346 321 109 0 1685 36 191 27 2 54
1632 370 5247 168 166 14 58 106 156 293 873 0 1121 38 388 25 566 82
1656 104 3560 177 210 28 69 86 107 268 435 0 1453 33 451 30 234 107
1680 45 1476 165 241 24 39 67 129 289 302 0 1584 35 451 28 103 86
1704 16 461 191 256 2 21 59 162 311 264 0 1651 40 483 23 36 64
1728 15 229 174 257 3 14 33 193 320 340 0 1649 35 446 28 38 55
1752 14 185 162 257 0 4 24 215 308 400 0 1659 42 408 21 28 67
1776 13 183 157 257 0 5 28 210 315 367 0 1662 37 404 26 25 60
1800 11 157 171 257 0 2 21 220 309 347 0 1667 42 402 21 20 66
1824 10 153 193 257 0 0 13 230 324 374 0 1658 41 379 22 29 51
1848 9 115 191 257 0 0 16 227 307 351 0 1671 40 372 23 16 68
1872 9 106 179 257 0 1 12 230 314 350 0 1672 40 364 23 15 61
1896 9 102 161 257 0 0 6 237 323 341 0 1669 40 360 23 18 52
1920 9 107 153 257 0 0 19 224 319 351 0 1673 35 357 28 14 56
1944 8 103 178 257 0 1 11 231 329 317 0 1677 38 359 25 10 46
1968 8 105 166 257 0 0 6 237 313 321 0 1666 39 337 24 21 62
1992 8 90 169 257 0 0 9 234 318 332 0 1668 45 327 18 19 57
2016 8 88 152 257 0 0 9 234 324 347 0 1668 38 318 25 19 51
2040 8 103 160 257 0 0 12 231 322 323 0 1673 34 322 29 14 53
2064 8 84 154 257 0 1 14 228 316 355 0 1668 42 310 21 19 59
2088 7 104 153 257 0 0 15 228 323 321 0 1671 41 322 22 16 52
2112 7 70 148 257 0 0 6 237 321 315 0 1669 43 323 20 18 54
2136 5 55 150 257 0 0 15 228 327 318 0 1676 44 314 19 11 48
2160 5 55 155 257 1 0 7 235 323 313 0 1675 38 307 25 12 52
2184 5 67 137 257 0 1 4 238 315 315 0 1678 48 296 15 9 60
2208 5 42 168 257 0 0 8 235 322 313 0 1674 29 287 34 13 53
2232 5 46 162 257 0 0 6 237 320 304 0 1675 42 278 21 12 55
2256 5 49 151 257 0 0 5 238 321 303 0 1678 37 273 26 9 54
2280 5 48 134 257 0 1 6 236 318 294 0 1676 42 270 21 11 57
2304 4 61 144 257 0 0 12 231 319 285 0 1677 36 268 27 10 56
2328 4 38 175 257 0 0 6 237 324 275 0 1681 44 270 19 6 51
2352 4 47 146 257 0 0 4 239 322 271 0 1680 40 266 23 7 53
2376 3 57 149 257 0 1 5 237 326 254 0 1679 38 267 25 8 49
2400 3 45 168 257 0 0 4 239 319 252 0 1677 49 265 14 10 56
2424 3 35 152 257 0 0 3 240 336 240 0 1679 42 260 21 8 39
2448 3 22 151 257 0 0 3 240 317 231 0 1679 46 255 17 8 58
2472 3 15 166 257 0 0 3 240 332 219 0 1685 47 247 16 2 43
2496 3 26 142 257 0 0 2 241 318 216 0 1683 40 238 23 4 57
2520 3 28 148 257 0 0 1 242 327 207 0 1680 42 238 21 7 48
2544 3 19 144 257 0 0 2 241 329 220 0 1679 40 231 23 8 46
2568 3 26 146 257 0 0 5 238 319 222 0 1679 38 227 25 8 56
2592 3 35 166 257 0 0 6 237 322 224 0 1683 41 225 22 4 53
2616 3 18 152 257 0 0 1 242 323 223 0 1683 41 223 22 4 52
2640 3 28 160 257 0 0 0 243 318 231 0 1681 40 220 23 6 57
2664 3 36 166 257 0 0 2 241 309 221 0 1675 36 213 27 12 66
2688 3 23 157 257 0 0 2 241 316 218 0 1679 37 209 26 8 59
2712 3 23 158 257 0 0 3 240 319 213 0 1683 45 211 18 4 56
2736 3 37 151 257 0 0 2 241 326 217 0 1679 40 203 23 8 49
2760 3 21 144 257 0 0 2 241 332 215 0 1682 38 201 25 5 43
2784 3 24 156 257 0 0 2 241 330 211 0 1682 42 197 21 5 45
2808 3 17 159 257 0 0 4 239 313 202 0 1685 43 195 20 2 62
2832 3 19 151 257 0 0 1 242 318 209 0 1680 37 195 26 7 57
2856 3 27 137 257 0 0 5 238 308 218 0 1678 38 194 25 9 67
2880 3 24 135 257 0 0 1 242 333 208 0 1682 37 188 26 5 42
2904 3 23 119 257 0 0 1 242 329 208 0 1684 41 186 22 3 46
2928 3 24 146 257 0 0 3 240 325 209 0 1678 45 183 18 9 50
2952 3 20 155 257 0 0 3 240 332 202 0 1684 45 188 18 3 43
2976 3 28 145 257 0 0 3 240 324 196 0 1682 39 189 24 5 51
3000 2 16 163 257 0 0 3 240 320 195 0 1682 43 191 20 5 55
3024 2 15 141 257 0 1 2 240 333 185 0 1683 48 187 15 4 42
3048.0 1002 17 150 257 0 0 4 239 313 177 0 1679 36 187 27 8 62
3072 373 5216 178 266 8 33 59 134 273 876 0 1136 46 400 17 551 102
3096 92 3469 202 296 21 42 51 90 278 417 0 1464 34 456 29 223 97
3120 36 1196 183 320 5 34 51 90 285 283 0 1599 41 474 22 88 90
3144 23 492 179 325 4 12 42 117 304 337 0 1637 41 448 22 50 71
3168 18 278 171 327 1 4 29 139 320 355 0 1663 40 446 23 24 55
3192 17 275 161 327 0 3 24 146 314 387 0 1654 41 414 22 33 61
3216 15 211 188 327 0 0 13 160 309 374 0 1655 36 403 27 32 66
3240 15 231 190 328 0 3 19 150 318 397 0 1651 37 386 26 36 57
3264 15 201 181 328 1 1 14 156 316 375 0 1657 42 388 21 30 59
3288 13 165 177 328 0 1 14 157 320 401 0 1654 39 361 24 33 55
3312 9 112 173 328 0 1 15 156 327 365 0 1673 45 351 18 14 48
3336 8 86 153 328 0 1 9 162 320 352 0 1662 42 341 21 25 55
3360 6 89 171 328 0 0 8 164 318 334 0 1681 34 332 29 6 57
3384 5 66 157 328 0 0 2 170 317 312 0 1669 37 323 26 18 58
3408 5 64 138 328 0 0 6 166 324 311 0 1676 43 320 20 11 51
3432 4 68 155 328 0 0 5 167 311 304 0 1673 41 317 22 14 64
3456 3 49 159 328 0 0 5 167 327 274 0 1678 42 317 21 9 48
3480 3 35 167 328 0 0 1 171 323 248 0 1679 40 309 23 8 52
3504 3 26 143 328 0 0 2 170 317 249 0 1683 41 301 22 4 58
3528 3 32 134 328 0 0 7 165 314 235 0 1682 41 308 22 5 61
3552 2 28 141 328 0 1 2 169 321 218 0 1682 37 310 26 5 54
3576 2 18 122 328 0 0 1 171 334 210 0 1685 43 297 20 2 41
3600 2 26 140 328 0 0 0 172 313 217 0 1679 33 284 30 8 62
3624 2 19 153 328 0 0 2 170 316 196 0 1682 42 280 21 5 59
3648 2 33 149 328 0 0 4 168 321 201 0 1682 41 268 22 5 54
3672 2 24 149 328 0 0 4 168 327 192 0 1683 46 264 17 4 48
3696 2 22 146 328 0 0 2 170 321 194 0 1684 37 262 26 3 54
3720 2 12 116 328 0 0 1 171 313 198 0 1683 48 258 15 4 62
3744 2 26 138 328 0 0 0 172 318 198 0 1682 40 257 23 5 57
3768 2 20 149 328 0 0 0 172 315 195 0 1682 42 251 21 5 60
3792 2 11 143 328 0 0 0 172 325 192 0 1685 48 250 15 2 50
3816 2 15 149 328 0 0 1 171 327 182 0 1683 42 246 21 4 48
3840 2 19 127 328 0 0 3 169 315 179 0 1680 39 243 24 7 60
3864 2 11 138 328 0 0 2 170 312 175 0 1684 44 241 19 3 63
3888 2 10 146 328 0 0 1 171 327 166 0 1685 37 241 26 2 48
3912 2 21 130 328 0 0 1 171 320 184 0 1680 45 236 18 7 55
3936 2 19 140 328 0 0 2 170 328 191 0 1682 44 235 19 5 47
3960 2 20 145 328 0 0 2 170 330 189 0 1686 36 234 27 1 45
3984 2 27 146 328 0 0 3 169 315 195 0 1681 44 229 19 6 60
4008 2 20 145 328 0 0 1 171 319 182 0 1685 45 223 18 2 56
4032 2 19 154 328 0 0 2 170 319 180 0 1685 35 223 28 2 56
4056 2 17 139 328 0 0 0 172 316 183 0 1680 43 224 20 7 59
4080 2 30 129 328 0 0 1 171 326 196 0 1680 46 219 17 7 49
4104 2 24 127 328 0 0 1 171 322 198 0 1683 43 213 20 4 53
4128 2 16 137 328 0 0 3 169 326 184 0 1682 42 214 21 5 49
4152 2 14 138 328 0 0 2 170 333 200 0 1684 46 207 17 3 42
4176 2 22 126 328 0 0 1 171 316 209 0 1682 47 202 16 5 59
4200 2 21 146 328 0 0 2 170 335 191 0 1681 35 201 28 6 40
4224 2 9 150 328 0 0 2 170 327 170 0 1683 37 197 26 4 48
4248 2 13 135 328 0 0 0 172 323 174 0 1685 47 190 16 2 52
4272 2 14 144 328 0 0 1 171 308 181 0 1685 37 186 26 2 67
4296 2 14 133 328 0 0 0 172 324 170 0 1683 45 185 18 4 51
4320 2 18 139 328 0 0 2 170 327 169 0 1687 41 179 22 0 48
4344 2 17 132 328 0 0 1 171 334 167 0 1682 37 177 26 5 41
4368 2 16 130 328 0 0 2 170 313 164 0 1677 36 171 27 10 62
4392 2 20 140 328 0 0 2 170 338 165 0 1683 37 171 26 4 37
4416 2 22 136 328 0 0 1 171 318 169 0 1684 42 166 21 3 57
4440 2 18 124 328 0 0 0 172 318 177 0 1680 40 163 23 7 57
4464 2 14 124 328 0 0 3 169 332 180 0 1684 47 161 16 3 43
4488.0 1002 13 117 328 0 0 0 172 335 173 0 1682 36 155 27 5 40
4512 374 5275 185 332 8 20 52 88 270 887 0 1161 42 379 21 526 105
4536 89 3193 188 356 16 33 34 61 276 363 0 1483 43 428 20 204 99
4560 32 1043 171 372 10 17 38 63 306 281 0 1613 43 447 20 74 69
4584 23 457 163 375 0 9 25 91 315 342 0 1630 40 444 23 57 60
4608 13 238 157 375 0 3 13 109 325 301 0 1661 45 450 18 26 50
4632 9 134 165 375 1 1 12 111 318 298 0 1671 41 440 22 16 57
4656 8 113 167 375 0 2 6 117 326 337 0 1669 43 407 20 18 49
4680 6 79 167 375 0 1 5 119 314 325 0 1672 37 397 26 15 61
4704 6 58 143 375 0 0 6 119 322 326 0 1679 43 384 20 8 53
4728 6 87 137 375 0 1 4 120 325 337 0 1671 38 368 25 16 50
4752 6 85 154 375 0 1 4 120 321 332 0 1662 40 373 23 25 54
4776 6 82 159 375 0 0 8 117 330 334 0 1673 41 367 22 14 45
4800 6 71 163 375 0 0 2 123 323 346 0 1672 45 358 18 15 52
4824 6 57 184 375 0 1 2 122 323 332 0 1675 43 347 20 12 52
4848 6 64 168 375 0 0 4 121 319 313 0 1677 45 340 18 10 56
4872 6 47 171 375 0 1 3 121 315 313 0 1671 40 339 23 16 60
4896 6 65 163 375 0 0 2 123 312 315 0 1668 39 333 24 19 63
4920 6 73 148 375 0 0 4 121 317 323 0 1669 35 321 28 18 58
4944 6 76 160 375 0 0 2 123 319 321 0 1670 43 324 20 17 56
4968 5 61 163 375 0 0 4 121 328 314 0 1678 41 316 22 9 47
4992 5 61 150 375 0 1 7 117 302 312 0 1672 41 321 22 15 73
5016 5 49 154 375 0 0 6 119 317 296 0 1678 38 312 25 9 58
5040 4 45 170 375 0 0 4 121 331 280 0 1681 44 306 19 6 44
5064 4 32 167 375 0 0 2 123 318 274 0 1683 37 301 26 4 57
5088 4 37 162 375 0 0 2 123 322 274 0 1675 41 292 22 12 53
5112 4 41 159 375 0 0 4 121 327 279 0 1676 38 288 25 11 48
5136 4 42 155 375 0 0 1 124 327 272 0 1677 42 277 21 10 48
5160 4 28 151 375 0 0 3 122 317 277 0 1678 49 273 14 9 58
5184 4 37 149 375 0 0 4 121 322 274 0 1677 39 272 24 10 53
5208 4 32 134 375 0 0 3 122 318 264 0 1678 46 261 17 9 57
5232 4 35 135 375 0 0 2 123 310 266 0 1674 48 251 15 13 65
5256 3 37 156 375 0 0 4 121 316 269 0 1677 51 244 12 10 59
5280 3 33 143 375 0 0 1 124 323 264 0 1678 41 240 22 9 52
5304 3 17 151 375 0 0 0 125 331 234 0 1681 43 238 20 6 44
5328 3 31 165 375 0 0 2 123 338 227 0 1679 41 236 22 8 37
5352 3 20 174 375 0 0 2 123 312 231 0 1684 41 232 22 3 63
5376 3 26 161 375 0 0 2 123 313 225 0 1682 41 229 22 5 62
5400 3 27 160 375 0 0 0 125 325 221 0 1677 44 222 19 10 50
5424 3 26 147 375 0 0 3 122 317 223 0 1679 43 218 20 8 58
5448 3 26 160 375 0 0 2 123 325 221 0 1680 40 218 23 7 50
5472 3 30 144 375 0 0 3 122 322 220 0 1678 41 214 22 9 53
5496 3 16 150 375 0 0 2 123 327 222 0 1683 44 213 19 4 48
5520 3 28 137 375 0 0 1 124 327 226 0 1683 38 211 25 4 48
5544 3 26 160 375 0 0 2 123 320 212 0 1684 40 212 23 3 55
5568 2 17 142 375 0 0 1 124 307 220 0 1683 50 207 13 4 68
5592 2 25 152 375 0 0 0 125 327 216 0 1682 41 208 22 5 48
5616 2 9 157 375 0 0 0 125 317 199 0 1683 36 207 27 4 58
5640 2 11 145 375 0 0 1 124 330 207 0 1681 36 202 27 6 45
5664 2 24 146 375 0 0 1 124 324 198 0 1684 38 199 25 3 51
5688 1 12 137 375 0 0 2 123 335 176 0 1684 50 197 13 3 40
5712 1 13 148 375 0 0 0 125 323 164 0 1681 42 192 21 6 52
5736 1 12 147 375 0 0 0 125 319 160 0 1684 38 189 25 3 56
5760 1 12 117 375 0 0 0 125 317 146 0 1685 41 190 22 2 58
5784 1 9 128 375 0 0 1 124 314 137 0 1685 45 189 18 2 61
5808 1 11 110 375 0 0 0 125 322 138 0 1683 41 184 22 4 53
5832 1 4 139 375 0 0 0 125 326 125 0 1685 45 184 18 2 49
5856 1 11 145 375 0 0 0 125 323 123 0 1686 42 184 21 1 52
5880 1 8 145 375 0 0 0 125 316 130 0 1685 44 180 19 2 59
5904 1 7 137 375 0 0 0 125 313 127 0 1687 41 177 22 0 62
5928.0 1001 7 122 375 0 0 0 125 332 118 0 1684 43 177 20 3 43
5952 355 5295 155 381 4 16 39 60 270 852 0 1163 41 403 22 524 105
5976 81 3086 199 397 7 20 27 49 269 332 0 1507 37 459 26 180 106
6000 37 1021 189 406 3 9 28 54 287 321 0 1606 42 424 21 81 88
6024 24 465 189 408 1 4 18 69 310 333 0 1629 35 419 28 58 65
6048 20 303 164 408 0 1 14 77 312 367 0 1645 41 403 22 42 63
6072 18 230 171 408 1 1 9 81 336 372 0 1648 43 405 20 39 39
6096 16 222 170 408 0 1 11 80 331 384 0 1649 38 396 25 38 44
6120 14 187 180 408 1 2 7 82 336 407 0 1662 34 379 29 25 39
6144 13 166 176 408 0 1 9 82 317 380 0 1657 45 367 18 30 58
6168 11 161 170 408 0 0 7 85 317 375 0 1667 34 359 29 20 58
6192 9 120 172 408 0 0 8 84 310 335 0 1663 43 372 20 24 65
6216 8 105 169 408 0 0 5 87 318 348 0 1664 43 367 20 23 57
6240 7 109 185 408 0 2 5 85 323 330 0 1669 32 362 31 18 52
6264 7 76 166 408 0 0 6 86 329 331 0 1673 37 354 26 14 46
6288 7 99 165 408 0 0 3 89 314 348 0 1662 34 352 29 25 61
6312 7 84 178 408 0 0 4 88 331 347 0 1669 30 337 33 18 44
6336 7 67 173 408 0 0 4 88 326 340 0 1673 42 327 21 14 49
6360 7 80 135 408 0 0 3 89 316 344 0 1671 43 314 20 16 59
6384 7 85 144 408 0 0 9 83 318 323 0 1676 44 305 19 11 57
6408 7 66 176 408 0 0 7 85 323 327 0 1670 41 302 22 17 52
6432 6 60 177 408 0 0 1 91 325 313 0 1675 42 298 21 12 50
6456 6 59 150 408 0 1 2 89 323 305 0 1674 30 298 33 13 52
6480 6 60 164 408 0 0 3 89 316 301 0 1679 37 295 26 8 59
6504 6 65 162 408 0 0 1 91 308 318 0 1674 38 294 25 13 67
6528 6 57 167 408 0 0 2 90 326 302 0 1678 40 293 23 9 49
6552 6 50 179 408 0 0 2 90 322 319 0 1674 41 293 22 13 53
6576 5 41 175 408 0 0 2 90 319 290 0 1676 42 294 21 11 56
6600 5 49 167 408 0 0 3 89 327 285 0 1679 42 289 21 8 48
6624 5 48 185 408 0 0 4 88 332 286 0 1673 41 283 22 14 43
6648 5 60 167 408 0 0 3 89 325 297 0 1675 39 273 24 12 50
6672 4 46 154 408 0 0 3 89 316 290 0 1676 39 271 24 11 59
6696 4 33 147 408 0 0 2 90 317 279 0 1679 39 270 24 8 58
6720 4 39 142 408 0 0 1 91 328 267 0 1681 47 268 16 6 47
6744 4 34 152 408 0 0 0 92 322 273 0 1669 40 259 23 18 53
6768 4 25 149 408 0 0 2 90 318 281 0 1679 38 249 25 8 57
6792 4 45 155 408 0 0 2 90 315 274 0 1675 44 242 19 12 60
6816 4 43 166 408 0 0 1 91 328 263 0 1676 39 244 24 11 47
6840 2 34 149 408 0 0 3 89 315 250 0 1681 44 243 19 6 60
6864 2 18 149 408 0 0 1 91 327 223 0 1684 38 238 25 3 48
6888 2 19 134 408 0 0 3 89 321 210 0 1681 37 235 26 6 54
6912 2 20 159 408 0 0 1 91 313 210 0 1682 37 229 26 5 62
6936 2 24 137 408 0 0 1 91 318 211 0 1682 45 223 18 5 57
6960 2 14 136 408 0 0 0 92 331 194 0 1681 47 217 16 6 44
6984 2 18 148 408 0 0 1 91 321 186 0 1683 36 212 27 4 54
7008 2 19 141 408 0 0 0 92 326 180 0 1683 44 214 19 4 49
7032 2 23 142 408 0 0 1 91 316 178 0 1681 30 211 33 6 59
7056 1 15 164 408 0 0 0 92 320 167 0 1680 37 208 26 7 55
7080 1 7 140 408 0 0 0 92 298 156 0 1683 45 206 18 4 77
7104 1 10 150 408 0 0 0 92 319 142 0 1686 39 205 24 1 56
7128 1 7 135 408 0 0 0 92 327 121 0 1684 38 203 25 3 48
7152 1 6 137 408 0 0 1 91 321 127 0 1686 34 202 29 1 54
7176 1 9 125 408 0 0 0 92 325 129 0 1685 39 203 24 2 50
7200 1 8 136 408 0 0 2 90 318 128 0 1686 46 200 17 1 57
7224 1 7 134 408 0 0 0 92 320 121 0 1685 41 198 22 2 55
7248 1 9 141 408 0 0 1 91 313 123 0 1686 37 194 26 1 62
7272 1 5 128 408 0 0 0 92 313 123 0 1684 42 194 21 3 62
7296 1 10 141 408 0 0 0 92 321 119 0 1685 40 192 23 2 54
7320 1 8 131 408 0 0 1 91 316 114 0 1685 48 191 15 2 59
7344 1 11 125 408 0 0 0 92 325 118 0 1683 44 189 19 4 50
7368 1 10 127 408 0 0 0 92 317 108 0 1684 49 186 14 3 58
7392 1 7 129 408 0 0 1 91 310 111 0 1686 45 185 18 1 65
7416 1 9 130 408 0 0 1 91 327 103 0 1687 43 183 20 0 48
7440 1 9 147 408 0 0 0 92 318 109 0 1683 40 178 23 4 57
7464 1 8 137 408 0 0 0 92 317 112 0 1687 46 176 17 0 58
7488 1 9 134 408 0 0 0 92 323 122 0 1682 38 177 25 5 52
7512 1 7 132 408 0 0 0 92 321 116 0 1682 47 178 16 5 54
7536 1 3 113 408 0 0 0 92 323 118 0 1686 44 178 19 1 52
7560 1 7 110 408 0 0 0 92 316 115 0 1686 46 177 17 1 59
7584 1 6 132 408 0 0 0 92 324 110 0 1685 44 178 19 2 51
7608 1 4 112 408 0 0 0 92 315 108 0 1686 39 178 24 1 60
7632 1 7 104 408 0 0 0 92 331 102 0 1685 46 177 17 2 44
7656 1 13 129 408 0 0 1 91 324 103 0 1685 37 177 26 2 51
7680 1 7 128 408 0 0 0 92 322 108 0 1682 41 175 22 5 53
7704 0 2 140 408 0 0 0 92 318 98 0 1687 43 176 20 0 57
7728 0 1 96 408 0 0 0 92 324 88 0 1687 50 176 13 0 51
7752 0 0 19 408 0 0 0 92 323 82 0 1687 63 176 0 0 52
7776 0 0 6 408 0 0 0 92 329 71 0 1687 63 176 0 0 46
7800 0 0 2 408 0 0 0 92 328 64 0 1687 63 176 0 0 47
7824 0 0 0 408 0 0 0 92 329 57 0 1687 63 176 0 0 46
7848 0 0 0 408 0 0 0 92 328 52 0 1687 63 176 0 0 47
7872 0 0 0 408 0 0 0 92 319 47 0 1687 63 176 0 0 56
7896 0 0 0 408 0 0 0 92 322 45 0 1687 63 176 0 0 53
7920 0 0 0 408 0 0 0 92 333 35 0 1687 63 176 0 0 42
7944 0 0 0 408 0 0 0 92 324 30 0 1687 63 176 0 0 51
7968 0 0 0 408 0 0 0 92 338 25 0 1687 63 176 0 0 37
7992 0 0 0 408 0 0 0 92 332 21 0 1687 63 176 0 0 43
8016 0 0 0 408 0 0 0 92 327 18 0 1687 63 176 0 0 48
8040 0 0 0 408 0 0 0 92 322 12 0 1687 63 176 0 0 53
8064 0 0 0 408 0 0 0 92 332 12 0 1687 63 176 0 0 43
8088 0 0 0 408 0 0 0 92 329 8 0 1687 63 176 0 0 46
8112 0 0 0 408 0 0 0 92 316 6 0 1687 63 176 0 0 59
8136 0 0 0 408 0 0 0 92 332 5 0 1687 63 176 0 0 43
8160 0 0 0 408 0 0 0 92 328 4 0 1687 63 176 0 0 47
8184 0 0 0 408 0 0 0 92 324 3 0 1687 63 176 0 0 51
8208 0 0 0 408 0 0 0 92 334 3 0 1687 63 176 0 0 41
8232 0 0 0 408 0 0 0 92 333 3 0 1687 63 176 0 0 42
8256 0 0 0 408 0 0 0 92 337 2 0 1687 63 176 0 0 38
8280 0 0 0 408 0 0 0 92 316 2 0 1687 63 176 0 0 59
8304 0 0 0 408 0 0 0 92 334 1 0 1687 63 176 0 0 41
8328 0 0 0 408 0 0 0 92 323 1 0 1687 63 176 0 0 52
8352 0 0 0 408 0 0 0 92 330 1 0 1687 63 176 0 0 45
8376 0 0 0 408 0 0 0 92 324 1 0 1687 63 176 0 0 51
8400 0 0 0 408 0 0 0 92 344 1 0 1687 63 176 0 0 31
8424 0 0 0 408 0 0 0 92 324 1 0 1687 63 176 0 0 51
8448 0 0 0 408 0 0 0 92 329 1 0 1687 63 176 0 0 46
8472 0 0 0 408 0 0 0 92 315 1 0 1687 63 176 0 0 60
8496 0 0 0 408 0 0 0 92 316 1 0 1687 63 176 0 0 59
8520 0 0 0 408 0 0 0 92 323 0 0 1687 63 176 0 0 52
8544 0 0 0 408 0 0 0 92 321 0 0 1687 63 176 0 0 54
8568 0 0 0 408 0 0 0 92 325 0 0 1687 63 176 0 0 50
8592 0 0 0 408 0 0 0 92 320 0 0 1687 63 176 0 0 55
8616 0 0 0 408 0 0 0 92 316 0 0 1687 63 176 0 0 59
8640 0 0 0 408 0 0 0 92 324 0 0 1687 63 176 0 0 51
8664 0 0 0 408 0 0 0 92 317 0 0 1687 63 176 0 0 58
8688 0 0 0 408 0 0 0 92 323 0 0 1687 63 176 0 0 52
8712 0 0 0 408 0 0 0 92 326 0 0 1687 63 176 0 0 49
8736 0 0 0 408 0 0 0 92 318 0 0 1687 63 176 0 0 57
8760 0 0 0 408 0 0 0 92 321 0 0 1687 63 176 0 0 54
