Time EBV Teff Treg ODC_le1 ODC_le2 ODC_le3 ODC_le4 ODC_le5 NK IL2 DAC Resting_Teff Resting_Treg EffectorMemory Resting_Treg_temp Resting_Teff_temp NK_temp
0.0 0 0 0 0 0 0 0 500 375 1000 0 1687 63 0 0 0 0
24 0 0 0 0 0 0 0 500 354 897 0 1687 63 0 0 0 21
48 0 0 0 0 0 0 0 500 330 814 0 1687 63 0 0 0 45
72 0 0 0 0 0 0 0 500 334 730 0 1687 63 0 0 0 41
96 0 0 0 0 0 0 0 500 325 654 0 1687 63 0 0 0 50
120 0 0 0 0 0 0 0 500 339 588 0 1687 63 0 0 0 36
144 0 0 0 0 0 0 0 500 327 532 0 1687 63 0 0 0 48
168.0 1000 0 0 0 0 0 0 500 330 458 0 1687 63 0 0 0 45
192 374 5794 101 17 31 63 161 228 255 801 0 1181 41 409 22 506 120
216 88 3786 163 117 34 86 121 142 261 345 0 1488 42 450 21 199 114
240 33 1276 174 162 23 58 105 152 287 265 0 1596 39 454 24 91 88
264 23 518 161 176 10 23 68 223 307 342 0 1617 40 425 23 70 68
288 13 270 177 181 4 14 46 255 309 343 0 1656 37 433 26 31 66
312 10 156 168 181 0 6 39 274 320 344 0 1666 41 425 22 21 55
336 8 108 177 181 0 2 19 298 316 343 0 1669 39 398 24 18 59
360 8 113 148 181 0 1 10 308 334 360 0 1669 47 394 16 18 41
384 8 118 153 181 0 2 18 299 302 326 0 1666 42 397 21 21 73
408 7 111 160 181 0 3 13 303 316 337 0 1671 42 380 21 16 59
432 7 96 153 181 0 2 11 306 327 334 0 1670 43 366 20 17 48
456 5 71 174 181 0 0 15 304 313 339 0 1672 37 355 26 15 62
480 5 52 187 181 0 1 5 313 316 318 0 1679 38 343 25 8 59
504 5 51 175 181 0 0 8 311 316 299 0 1678 42 334 21 9 59
528 5 56 153 181 0 1 10 308 311 307 0 1675 41 312 22 12 64
552 5 52 163 181 0 0 4 315 326 304 0 1673 45 310 18 14 49
576 5 62 177 181 0 0 16 303 317 312 0 1678 45 299 18 9 58
600 4 36 155 181 0 0 11 308 326 274 0 1677 48 298 15 10 49
624 4 46 127 181 0 0 6 313 332 264 0 1679 33 299 30 8 43
648 4 55 132 181 0 0 9 310 333 260 0 1675 39 294 24 12 42
672 3 42 151 181 0 0 10 309 310 253 0 1681 40 289 23 6 65
696 3 29 147 181 0 0 4 315 328 229 0 1683 38 288 25 4 47
720 2 25 165 181 0 0 3 316 337 243 0 1677 33 282 30 10 38
744 2 25 158 181 0 0 6 313 322 237 0 1683 40 285 23 4 53
768 2 23 169 181 0 0 3 316 320 212 0 1682 38 279 25 5 55
792 2 18 132 181 0 0 4 315 319 201 0 1683 39 276 24 4 56
816 2 22 143 181 0 0 5 314 330 205 0 1683 43 273 20 4 45
840 2 10 148 181 0 0 5 314 314 193 0 1686 40 268 23 1 61
864 2 17 138 181 0 0 3 316 329 192 0 1680 39 262 24 7 46
888 2 23 167 181 0 0 3 316 322 189 0 1684 43 257 20 3 53
912 2 18 149 181 0 0 2 317 326 171 0 1683 39 254 24 4 49
936 2 18 163 181 0 0 0 319 325 172 0 1684 45 245 18 3 50
960 2 15 147 181 0 0 1 318 311 181 0 1682 42 244 21 5 64
984 2 16 156 181 0 0 2 317 323 182 0 1684 36 242 27 3 52
1008 2 15 152 181 0 0 1 318 317 172 0 1683 44 235 19 4 58
1032 2 19 143 181 0 0 3 316 320 177 0 1683 42 231 21 4 55
1056 2 17 145 181 0 0 4 315 308 187 0 1682 38 227 25 5 67
1080 2 18 117 181 0 0 2 317 307 185 0 1682 47 226 16 5 68
1104 2 14 141 181 0 0 4 315 328 183 0 1682 31 222 32 5 47
1128 2 29 145 181 0 0 7 312 335 181 0 1678 45 215 18 9 40
1152 1 9 150 181 0 0 3 316 319 160 0 1686 35 209 28 1 56
1176 1 8 124 181 0 0 3 316 318 144 0 1687 34 208 29 0 57
1200 1 10 137 181 0 0 0 319 325 139 0 1685 41 205 22 2 50
1224 1 9 135 181 0 0 1 318 327 129 0 1682 45 205 18 5 48
1248 1 6 127 181 0 0 0 319 330 130 0 1685 46 203 17 2 45
1272 1 10 143 181 0 0 0 319 316 117 0 1687 45 204 18 0 59
1296 1 7 145 181 0 0 2 317 309 122 0 1684 40 201 23 3 66
1320 1 4 125 181 0 0 0 319 323 110 0 1686 47 198 16 1 52
1344 1 12 120 181 0 0 2 317 327 110 0 1683 38 197 25 4 48
1368 1 10 130 181 0 0 1 318 323 108 0 1687 33 193 30 0 52
1392 1 5 121 181 0 0 2 317 332 110 0 1686 45 194 18 1 43
1416 1 9 118 181 0 0 2 317 327 111 0 1683 41 193 22 4 48
1440 1 8 128 181 0 0 2 317 313 118 0 1685 45 190 18 2 62
1464 1 5 112 181 0 0 5 314 316 119 0 1686 43 188 20 1 59
1488 1 7 124 181 0 0 1 318 314 119 0 1685 40 188 23 2 61
1512 1 7 143 181 0 0 1 318 329 120 0 1683 38 187 25 4 46
1536 1 10 120 181 0 0 0 319 319 121 0 1684 43 184 20 3 56
1560 1 3 117 181 0 0 2 317 329 113 0 1687 44 186 19 0 46
1584 1 7 123 181 0 0 2 317 319 112 0 1683 46 183 17 4 56
1608.0 1001 5 127 181 0 0 0 319 321 113 0 1682 42 182 21 5 54
1632 416 5263 173 190 17 47 89 157 278 938 0 1125 40 378 23 562 97
1656 118 3626 201 242 21 46 78 113 278 447 0 1425 37 447 26 262 97
1680 42 1356 203 279 6 31 77 107 278 349 0 1557 32 410 31 130 97
1704 24 523 185 282 5 18 49 146 297 321 0 1630 39 412 24 57 78
1728 16 244 184 285 3 3 33 176 304 351 0 1639 40 407 23 48 71
1752 13 176 185 285 1 3 22 189 317 338 0 1662 37 409 26 25 58
1776 10 131 185 285 0 0 10 205 328 361 0 1658 40 399 23 29 47
1800 10 143 154 285 0 1 10 204 323 359 0 1670 36 377 27 17 52
1824 10 144 142 285 0 1 15 199 321 344 0 1666 42 371 21 21 54
1848 8 120 160 285 0 1 16 198 310 354 0 1661 43 358 20 26 65
1872 8 100 146 285 0 2 16 197 321 328 0 1662 45 354 18 25 54
1896 8 91 148 285 0 0 11 204 329 306 0 1674 39 341 24 13 46
1920 8 91 141 285 0 1 7 207 312 340 0 1671 38 333 25 16 63
1944 8 81 172 285 0 0 11 204 326 311 0 1681 38 330 25 6 49
1968 8 88 186 285 0 0 10 205 310 347 0 1671 36 320 27 16 65
1992 8 84 184 285 0 2 12 201 316 327 0 1669 45 318 18 18 59
2016 7 82 203 285 0 1 6 208 312 340 0 1672 31 306 32 15 63
2040 7 86 176 285 0 1 6 208 312 341 0 1670 41 305 22 17 63
2064 7 99 188 285 0 0 8 207 317 351 0 1669 44 298 19 18 58
2088 7 52 194 285 0 0 5 210 319 347 0 1676 38 283 25 11 56
2112 7 71 181 285 0 0 11 204 329 349 0 1671 42 275 21 16 46
2136 6 65 162 285 0 0 9 206 323 348 0 1673 39 271 24 14 52
2160 6 77 178 285 0 0 8 207 315 355 0 1679 36 258 27 8 60
2184 6 64 163 285 0 0 6 209 325 325 0 1673 47 258 16 14 50
2208 5 69 168 285 0 0 14 201 316 303 0 1675 39 255 24 12 59
2232 5 55 164 285 0 0 9 206 332 286 0 1675 37 248 26 12 43
2256 5 41 154 285 0 0 7 208 315 275 0 1682 49 246 14 5 60
2280 5 46 179 285 0 0 9 206 316 287 0 1679 37 243 26 8 59
2304 4 35 175 285 0 0 3 212 316 260 0 1679 40 243 23 8 59
2328 4 41 161 285 0 0 4 211 332 251 0 1680 42 240 21 7 43
2352 4 41 167 285 0 0 4 211 325 247 0 1677 42 235 21 10 50
2376 4 35 157 285 0 0 4 211 319 257 0 1675 44 228 19 12 56
2400 4 43 186 285 0 0 2 213 326 291 0 1675 41 218 22 12 49
2424 4 42 180 285 0 0 3 212 317 274 0 1679 39 223 24 8 58
2448 4 44 166 285 0 0 4 211 311 277 0 1674 47 225 16 13 64
2472 4 26 174 285 0 0 5 210 331 251 0 1675 41 225 22 12 44
2496 4 28 159 285 0 0 4 211 320 239 0 1677 38 223 25 10 55
2520 4 49 143 285 0 0 2 213 313 253 0 1677 36 219 27 10 62
2544 4 34 140 285 0 0 4 211 324 260 0 1679 36 218 27 8 51
2568 4 33 151 285 0 0 5 210 318 278 0 1678 38 218 25 9 57
2592 4 33 157 285 0 0 6 209 326 275 0 1683 35 217 28 4 49
2616 4 34 154 285 0 0 5 210 316 265 0 1676 42 214 21 11 59
2640 4 38 136 285 0 0 4 211 317 258 0 1685 31 213 32 2 58
2664 4 34 135 285 0 0 5 210 319 270 0 1678 39 214 24 9 56
2688 4 41 172 285 0 1 5 209 333 249 0 1677 44 215 19 10 42
2712 4 37 191 285 0 0 0 215 336 237 0 1671 36 212 27 16 39
2736 4 36 168 285 0 0 6 209 320 229 0 1677 40 208 23 10 55
2760 4 50 168 285 0 0 5 210 322 242 0 1680 36 202 27 7 53
2784 4 34 168 285 0 1 6 208 319 235 0 1683 35 197 28 4 56
2808 3 26 161 285 0 0 6 209 321 241 0 1683 42 192 21 4 54
2832 3 32 138 285 0 0 3 212 322 228 0 1677 42 191 21 10 53
2856 3 27 145 285 0 0 3 212 325 219 0 1679 40 188 23 8 50
2880 3 33 159 285 0 0 4 211 317 215 0 1673 40 179 23 14 58
2904 3 31 156 285 0 0 4 211 326 217 0 1678 43 172 20 9 49
2928 3 27 159 285 0 2 3 210 316 209 0 1676 35 174 28 11 59
2952 3 26 129 285 0 0 3 212 322 212 0 1677 41 174 22 10 53
2976 3 36 135 285 0 0 4 211 331 217 0 1681 42 175 21 6 44
3000 3 34 143 285 0 0 1 214 327 224 0 1679 41 176 22 8 48
3024 3 32 123 285 0 0 2 213 314 225 0 1683 44 175 19 4 61
3048.0 1003 34 133 285 0 0 3 212 336 221 0 1680 45 184 18 7 39
3072 343 5245 165 290 7 35 65 103 273 853 0 1144 39 384 24 543 102
3096 94 3283 189 324 16 31 47 82 274 399 0 1466 36 443 27 221 101
3120 41 1190 196 346 8 22 46 78 295 305 0 1582 37 446 26 105 80
3144 25 448 176 348 5 13 29 105 315 340 0 1624 36 398 27 63 60
3168 17 271 163 350 0 3 27 120 331 357 0 1643 47 388 16 44 44
3192 14 209 167 350 1 2 12 135 333 351 0 1662 38 388 25 25 42
3216 10 172 177 351 0 0 10 139 308 315 0 1668 37 400 26 19 67
3240 8 89 165 351 0 0 6 143 316 299 0 1669 40 397 23 18 59
3264 8 106 178 351 0 1 5 143 324 316 0 1670 40 389 23 17 51
3288 8 95 160 351 0 0 4 145 325 333 0 1674 41 369 22 13 50
3312 7 73 174 351 0 0 4 145 320 336 0 1670 40 367 23 17 55
3336 6 97 176 351 0 0 8 141 317 346 0 1672 43 345 20 15 58
3360 4 71 171 351 0 0 4 145 317 298 0 1672 38 347 25 15 58
3384 3 44 164 351 0 0 5 144 316 277 0 1680 48 345 15 7 59
3408 3 26 143 351 0 0 3 146 334 266 0 1682 41 348 22 5 41
3432 3 28 161 351 0 0 0 149 317 249 0 1681 37 337 26 6 58
3456 2 27 147 351 0 0 0 149 321 242 0 1679 44 333 19 8 54
3480 2 20 136 351 0 0 0 149 309 212 0 1682 39 335 24 5 66
3504 2 29 143 351 0 0 1 148 324 219 0 1678 38 327 25 9 51
3528 2 18 149 351 0 0 1 148 326 209 0 1683 45 320 18 4 49
3552 2 18 159 351 0 0 0 149 317 198 0 1681 32 315 31 6 58
3576 2 23 140 351 0 0 0 149 328 191 0 1681 40 311 23 6 47
3600 2 23 154 351 0 0 2 147 323 202 0 1681 46 300 17 6 52
3624 2 11 141 351 0 0 0 149 323 199 0 1684 44 301 19 3 52
3648 2 18 158 351 0 1 0 148 321 205 0 1678 44 295 19 9 54
3672 2 19 131 351 0 0 2 147 321 202 0 1681 39 289 24 6 54
3696 2 18 130 351 0 0 1 148 317 205 0 1678 42 284 21 9 58
3720 2 26 164 351 0 0 3 146 334 199 0 1682 42 274 21 5 41
3744 2 22 134 351 0 0 2 147 320 194 0 1683 41 272 22 4 55
3768 2 16 129 351 0 0 2 147 323 176 0 1681 37 267 26 6 52
3792 2 23 129 351 0 0 2 147 330 190 0 1687 42 258 21 0 45
3816 2 16 128 351 0 0 0 149 313 183 0 1683 39 254 24 4 62
3840 2 22 151 351 0 0 2 147 312 182 0 1680 42 252 21 7 63
3864 2 25 131 351 0 0 2 147 322 189 0 1681 33 243 30 6 53
3888 2 20 149 351 0 1 1 147 314 189 0 1681 40 244 23 6 61
3912 2 11 147 351 0 0 0 149 320 176 0 1683 43 238 20 4 55
3936 2 8 145 351 0 0 2 147 327 154 0 1686 41 236 22 1 48
3960 2 22 139 351 0 0 2 147 326 162 0 1682 42 232 21 5 49
3984 2 20 125 351 0 0 1 148 321 170 0 1681 46 224 17 6 54
4008 2 24 136 351 0 0 4 145 321 177 0 1683 40 222 23 4 54
4032 2 16 129 351 0 0 4 145 318 167 0 1686 37 218 26 1 57
4056 2 16 151 351 0 0 2 147 316 161 0 1686 40 218 23 1 59
4080 2 23 157 351 0 0 0 149 329 172 0 1685 46 214 17 2 46
4104 2 19 133 351 0 0 2 147 328 176 0 1682 52 207 11 5 47
4128 2 15 149 351 0 0 0 149 323 181 0 1683 40 202 23 4 52
4152 2 17 131 351 0 0 2 147 326 188 0 1682 42 195 21 5 49
4176 2 22 134 351 0 0 2 147 329 192 0 1683 41 190 22 4 46
4200 2 20 130 351 0 0 2 147 322 196 0 1681 41 186 22 6 53
4224 2 26 136 351 0 0 2 147 324 193 0 1684 33 185 30 3 51
4248 2 28 141 351 0 0 0 149 325 193 0 1678 45 181 18 9 50
4272 2 14 134 351 0 0 3 146 320 181 0 1684 43 181 20 3 55
4296 2 17 141 351 0 0 0 149 329 173 0 1684 39 179 24 3 46
4320 2 6 157 351 0 0 0 149 325 166 0 1682 48 176 15 5 50
4344 2 14 153 351 0 0 0 149 328 167 0 1682 38 174 25 5 47
4368 2 12 142 351 0 0 0 149 325 162 0 1685 36 174 27 2 50
4392 2 13 126 351 0 0 1 148 324 172 0 1685 43 175 20 2 51
4416 2 20 145 351 0 0 1 148 320 181 0 1681 39 170 24 6 55
4440 2 12 142 351 0 0 1 148 311 171 0 1683 42 166 21 4 64
4464 2 13 149 351 0 0 1 148 307 180 0 1686 43 167 20 1 68
4488.0 1002 12 160 351 0 0 2 147 314 183 0 1687 40 164 23 0 61
4512 363 5299 194 354 6 23 48 69 267 867 0 1161 37 397 26 526 108
4536 91 3154 189 368 6 31 33 62 278 400 0 1481 45 418 18 206 97
4560 43 1253 178 386 3 18 30 63 290 297 0 1578 44 418 19 109 85
4584 25 439 190 389 2 10 17 82 310 341 0 1642 40 390 23 45 65
4608 21 292 185 389 2 2 10 97 322 390 0 1636 37 398 26 51 53
4632 17 204 193 389 0 2 8 101 316 383 0 1653 39 384 24 34 59
4656 15 196 207 389 0 0 11 100 314 393 0 1657 34 362 29 30 61
4680 14 188 190 389 0 1 10 100 323 389 0 1657 41 353 22 30 52
4704 14 176 195 389 0 2 13 96 308 393 0 1651 50 347 13 36 67
4728 13 141 196 389 0 1 5 105 321 386 0 1664 42 346 21 23 54
4752 11 164 177 390 0 0 5 105 308 389 0 1655 41 353 22 32 67
4776 10 127 167 390 0 0 9 101 323 371 0 1665 46 349 17 22 52
4800 10 117 150 390 0 1 6 103 327 343 0 1665 37 337 26 22 48
4824 9 105 163 390 0 0 2 108 322 356 0 1672 47 337 16 15 53
4848 9 108 168 390 0 1 6 103 321 351 0 1664 41 339 22 23 54
4872 9 117 165 390 0 0 7 103 310 358 0 1669 46 332 17 18 65
4896 8 78 168 390 0 0 4 106 322 344 0 1675 45 331 18 12 53
4920 8 91 154 390 0 0 4 106 325 330 0 1672 42 337 21 15 50
4944 7 86 172 390 0 0 3 107 327 359 0 1669 37 321 26 18 48
4968 7 79 157 390 0 1 5 104 318 325 0 1672 33 316 30 15 57
4992 7 90 160 390 0 1 6 103 321 316 0 1670 44 310 19 17 54
5016 6 86 162 390 0 0 8 102 313 326 0 1669 43 299 20 18 62
5040 6 79 154 390 0 0 8 102 318 327 0 1671 46 300 17 16 57
5064 6 63 166 390 0 0 5 105 333 305 0 1670 42 303 21 17 42
5088 6 57 150 390 0 0 5 105 320 313 0 1676 39 296 24 11 55
5112 6 70 177 390 0 0 0 110 326 312 0 1667 43 289 20 20 49
5136 5 75 181 390 0 0 4 106 314 288 0 1674 42 275 21 13 61
5160 5 44 171 390 0 0 3 107 314 281 0 1678 44 274 19 9 61
5184 5 43 161 390 0 0 3 107 324 287 0 1675 41 270 22 12 51
5208 4 43 169 390 0 0 2 108 313 282 0 1681 37 263 26 6 62
5232 4 53 158 390 0 0 2 108 323 261 0 1679 39 267 24 8 52
5256 4 41 144 390 0 0 1 109 330 254 0 1680 38 261 25 7 45
5280 4 35 153 390 0 0 3 107 324 260 0 1680 40 257 23 7 51
5304 4 47 157 390 0 0 3 107 317 292 0 1672 38 244 25 15 58
5328 4 39 161 390 0 0 3 107 332 287 0 1676 38 235 25 11 43
5352 4 34 156 390 0 0 1 109 325 272 0 1680 39 226 24 7 50
5376 4 42 172 390 0 0 2 108 322 279 0 1678 42 222 21 9 53
5400 4 27 176 390 0 0 1 109 311 251 0 1680 45 231 18 7 64
5424 4 31 153 390 0 0 0 110 324 256 0 1672 42 229 21 15 51
5448 4 36 142 390 0 0 1 109 314 265 0 1679 43 224 20 8 61
5472 4 39 144 390 0 0 0 110 314 266 0 1680 46 218 17 7 61
5496 4 41 143 390 0 0 2 108 326 263 0 1674 44 218 19 13 49
5520 3 35 161 390 0 0 2 108 328 263 0 1678 40 211 23 9 47
5544 3 23 162 390 0 0 1 109 318 261 0 1681 42 206 21 6 57
5568 3 37 135 390 0 0 1 109 310 268 0 1680 39 201 24 7 65
5592 3 23 159 390 0 0 1 109 319 255 0 1680 48 202 15 7 56
5616 3 22 139 390 0 0 0 110 318 269 0 1682 43 199 20 5 57
5640 3 17 149 390 0 0 1 109 320 242 0 1678 40 197 23 9 55
5664 3 29 143 390 0 0 2 108 310 237 0 1682 42 192 21 5 65
5688 3 34 113 390 0 0 2 108 313 244 0 1679 40 186 23 8 62
5712 3 29 139 390 0 0 2 108 323 230 0 1678 34 186 29 9 52
5736 3 26 148 390 0 0 0 110 324 241 0 1682 36 184 27 5 51
5760 3 23 157 390 0 0 1 109 321 200 0 1681 42 184 21 6 54
5784 3 40 134 390 0 0 0 110 320 214 0 1678 40 180 23 9 55
5808 3 25 124 390 0 0 2 108 324 207 0 1682 38 176 25 5 51
5832 3 25 134 390 0 0 4 106 323 216 0 1678 38 175 25 9 52
5856 3 27 180 390 0 0 2 108 324 200 0 1677 34 173 29 10 51
5880 2 29 157 390 0 0 1 109 325 211 0 1680 42 166 21 7 50
5904 2 15 145 390 0 0 2 108 308 208 0 1682 42 167 21 5 67
5928.0 1002 14 158 390 0 1 2 107 314 199 0 1684 39 169 24 3 61
5952 354 4860 201 391 3 19 34 53 287 864 0 1203 38 398 25 484 88
5976 84 3077 207 403 15 15 21 46 272 417 0 1494 35 419 28 193 103
6000 36 1053 193 415 5 11 24 45 291 319 0 1593 48 427 15 94 84
6024 27 466 189 417 3 2 12 66 306 361 0 1626 41 395 22 61 69
6048 22 311 183 418 0 5 12 65 316 411 0 1627 39 369 24 60 59
6072 17 253 166 418 0 3 6 73 323 424 0 1649 40 364 23 38 52
6096 12 199 171 418 0 1 10 71 321 387 0 1658 45 378 18 29 54
6120 11 154 155 418 0 1 3 78 314 355 0 1653 43 365 20 34 61
6144 10 132 165 418 0 3 5 74 320 360 0 1666 39 354 24 21 55
6168 8 93 171 418 0 1 5 76 317 343 0 1676 36 352 27 11 58
6192 7 87 171 418 0 0 5 77 317 338 0 1667 38 343 25 20 58
6216 6 86 168 418 0 1 4 77 314 331 0 1672 38 338 25 15 61
6240 5 86 165 418 0 1 5 76 318 318 0 1670 43 344 20 17 57
6264 5 68 145 418 0 1 4 77 317 315 0 1671 45 338 18 16 58
6288 5 51 158 418 0 0 3 79 325 312 0 1672 39 336 24 15 50
6312 5 46 140 418 0 0 2 80 322 298 0 1680 35 334 28 7 53
6336 5 51 141 418 0 0 3 79 320 306 0 1672 42 319 21 15 55
6360 5 59 147 418 0 0 2 80 344 294 0 1675 42 315 21 12 31
6384 5 67 155 418 0 0 2 80 309 301 0 1678 40 307 23 9 66
6408 5 53 157 418 0 0 0 82 321 292 0 1681 44 299 19 6 54
6432 4 33 156 418 0 0 2 80 324 290 0 1679 44 295 19 8 51
6456 4 31 154 418 0 0 1 81 312 253 0 1680 45 293 18 7 63
6480 4 49 153 418 0 0 0 82 317 271 0 1676 44 276 19 11 58
6504 4 51 149 418 0 0 3 79 337 272 0 1675 40 279 23 12 38
6528 4 46 144 418 0 0 1 81 319 255 0 1679 41 280 22 8 56
6552 4 43 135 418 0 0 2 80 315 250 0 1679 43 276 20 8 60
6576 4 35 150 418 0 0 4 78 316 248 0 1682 33 263 30 5 59
6600 4 30 152 418 0 0 1 81 332 244 0 1679 46 249 17 8 43
6624 4 42 151 418 0 0 0 82 319 242 0 1680 44 250 19 7 56
6648 4 33 161 418 0 0 2 80 331 247 0 1677 43 237 20 10 44
6672 4 47 158 418 0 0 1 81 327 261 0 1677 39 229 24 10 48
6696 3 28 138 418 0 0 1 81 316 251 0 1684 42 233 21 3 59
6720 3 28 155 418 0 0 0 82 316 230 0 1680 31 228 32 7 59
6744 3 19 153 418 0 0 1 81 321 207 0 1681 43 224 20 6 54
6768 3 33 133 418 0 0 1 81 329 206 0 1682 44 220 19 5 46
6792 3 28 136 418 0 0 2 80 321 220 0 1681 44 217 19 6 54
6816 3 27 134 418 0 0 2 80 314 215 0 1676 45 214 18 11 61
6840 3 32 159 418 0 0 0 82 326 210 0 1678 35 205 28 9 49
6864 3 24 146 418 0 0 0 82 320 215 0 1682 43 200 20 5 55
6888 3 29 148 418 0 0 2 80 329 210 0 1683 42 201 21 4 46
6912 3 24 146 418 0 0 2 80 321 219 0 1678 39 196 24 9 54
6936 3 28 159 418 0 0 2 80 316 223 0 1677 43 196 20 10 59
6960 3 35 140 418 0 0 2 80 320 235 0 1679 40 199 23 8 55
6984 3 31 145 418 0 0 0 82 319 223 0 1680 40 197 23 7 56
7008 3 23 126 418 0 0 0 82 314 220 0 1682 36 200 27 5 61
7032 3 27 144 418 0 0 0 82 320 217 0 1679 33 196 30 8 55
7056 3 17 119 418 0 0 0 82 328 209 0 1682 42 196 21 5 47
7080 3 26 143 418 0 0 2 80 321 215 0 1682 47 196 16 5 54
7104 3 30 157 418 0 0 2 80 316 214 0 1679 42 190 21 8 59
7128 3 30 165 418 0 0 2 80 331 218 0 1677 36 187 27 10 44
7152 3 33 150 418 0 0 1 81 314 214 0 1682 45 183 18 5 61
7176 3 29 150 418 0 0 1 81 317 227 0 1681 41 176 22 6 58
7200 3 23 172 418 0 0 0 82 337 222 0 1678 39 179 24 9 38
7224 3 35 154 418 0 0 0 82 328 220 0 1677 35 178 28 10 47
7248 3 25 147 418 0 0 1 81 322 219 0 1679 50 175 13 8 53
7272 3 34 149 418 0 0 5 77 328 222 0 1678 41 176 22 9 47
7296 3 28 163 418 0 0 1 81 320 198 0 1675 46 175 17 12 55
7320 3 30 154 418 0 0 0 82 326 199 0 1684 36 167 27 3 49
7344 3 26 146 418 0 0 2 80 322 199 0 1683 38 169 25 4 53
7368 3 19 134 418 0 0 1 81 323 196 0 1680 39 168 24 7 52
7392 3 27 131 418 0 0 0 82 329 200 0 1685 40 163 23 2 46
7416 3 31 135 418 0 0 1 81 330 212 0 1676 40 165 23 11 45
7440 3 26 134 418 0 0 1 81 322 210 0 1680 31 165 32 7 53
7464 3 29 139 418 0 0 2 80 317 219 0 1685 36 162 27 2 58
7488 3 26 155 418 0 0 2 80 323 226 0 1680 39 163 24 7 52
7512 3 23 154 418 0 1 2 79 312 216 0 1682 39 166 24 5 63
7536 3 20 134 418 0 0 0 82 324 210 0 1682 39 170 24 5 51
7560 3 35 142 418 0 0 3 79 325 216 0 1679 40 162 23 8 50
7584 3 22 160 418 0 0 2 80 321 205 0 1682 43 163 20 5 54
7608 3 25 160 418 0 0 1 81 321 219 0 1680 43 160 20 7 54
7632 3 18 165 418 0 0 1 81 332 220 0 1686 43 162 20 1 43
7656 2 12 147 418 0 0 1 81 324 210 0 1682 41 160 22 5 51
7680 2 21 142 418 0 0 1 81 322 197 0 1682 44 161 19 5 53
7704 2 21 152 418 0 0 1 81 322 191 0 1682 48 164 15 5 53
7728 2 13 152 418 0 0 0 82 327 190 0 1684 38 160 25 3 48
7752 2 17 135 418 0 0 0 82 306 182 0 1686 45 156 18 1 69
7776 2 14 115 418 0 0 0 82 323 169 0 1685 44 156 19 2 52
7800 2 16 129 418 0 0 1 81 329 165 0 1686 44 157 19 1 46
7824 2 20 159 418 0 0 0 82 309 157 0 1686 41 159 22 1 66
7848 2 18 131 418 0 0 0 82 323 167 0 1682 42 159 21 5 52
7872 2 20 123 418 0 0 1 81 310 177 0 1683 44 157 19 4 65
7896 1 10 128 418 0 0 1 81 323 153 0 1685 42 155 21 2 52
7920 1 7 124 418 0 0 0 82 325 136 0 1687 45 157 18 0 50
7944 1 11 117 418 0 0 0 82 324 135 0 1684 39 155 24 3 51
7968 1 9 136 418 0 0 0 82 325 135 0 1684 46 154 17 3 50
7992 1 8 137 418 0 0 0 82 330 125 0 1685 43 152 20 2 45
8016 1 11 144 418 0 0 0 82 331 124 0 1682 43 151 20 5 44
8040 1 7 143 418 0 0 1 81 323 127 0 1683 39 147 24 4 52
8064 1 9 134 418 0 0 0 82 310 124 0 1685 39 147 24 2 65
8088 1 11 133 418 0 0 0 82 333 119 0 1683 43 145 20 4 42
8112 1 6 123 418 0 0 0 82 316 120 0 1684 47 143 16 3 59
8136 1 5 127 418 0 0 1 81 317 114 0 1684 45 142 18 3 58
8160 1 9 98 418 0 0 0 82 308 114 0 1684 48 141 15 3 67
8184 1 9 105 418 0 0 0 82 316 107 0 1686 46 142 17 1 59
8208 1 7 118 418 0 0 2 80 319 102 0 1684 43 142 20 3 56
8232 1 7 118 418 0 0 1 81 321 99 0 1685 45 141 18 2 54
8256 1 9 121 418 0 0 0 82 318 106 0 1685 43 140 20 2 57
8280 1 8 133 418 0 0 0 82 329 105 0 1686 44 139 19 1 46
8304 1 11 100 418 0 0 0 82 307 105 0 1684 44 138 19 3 68
8328 1 11 127 418 0 0 0 82 319 109 0 1685 39 135 24 2 56
8352 1 3 106 418 0 0 0 82 338 116 0 1686 43 135 20 1 37
8376 1 7 109 418 0 0 0 82 325 111 0 1685 41 135 22 2 50
8400 1 12 133 418 0 0 1 81 313 120 0 1682 40 135 23 5 62
8424 1 8 132 418 0 0 1 81 334 117 0 1685 50 134 13 2 41
8448 1 10 120 418 0 0 0 82 328 118 0 1683 38 134 25 4 47
8472 1 4 111 418 0 0 0 82 317 118 0 1686 43 133 20 1 58
8496 1 8 115 418 0 0 0 82 313 117 0 1685 47 132 16 2 62
8520 1 9 124 418 0 1 3 78 325 114 0 1686 40 132 23 1 50
8544 1 7 111 418 0 0 1 81 326 120 0 1686 42 131 21 1 49
8568 1 8 106 418 0 0 0 82 317 112 0 1685 40 131 23 2 58
8592 1 11 130 418 0 0 0 82 322 111 0 1684 42 126 21 3 53
8616 1 7 117 418 0 0 0 82 327 100 0 1687 41 126 22 0 48
8640 1 8 128 418 0 0 0 82 320 102 0 1686 40 125 23 1 55
8664 1 5 119 418 0 0 0 82 322 104 0 1686 40 125 23 1 53
8688 1 9 103 418 0 0 1 81 318 111 0 1683 43 125 20 4 57
8712 1 11 128 418 0 0 1 81 325 109 0 1685 40 125 23 2 50
8736 1 8 124 418 0 0 0 82 319 114 0 1685 48 123 15 2 56
8760 1 11 127 418 0 0 0 82 321 124 0 1682 45 124 18 5 54
