Time EBV Teff Treg ODC_le1 ODC_le2 ODC_le3 ODC_le4 ODC_le5 NK IL2 DAC Resting_Teff Resting_Treg EffectorMemory Resting_Treg_temp Resting_Teff_temp NK_temp
0.0 0 0 0 0 0 0 0 500 375 1000 0 1687 63 0 0 0 0
24 0 0 0 0 0 0 0 500 336 901 0 1687 63 0 0 0 39
48 0 0 0 0 0 0 0 500 345 830 0 1687 63 0 0 0 30
72 0 0 0 0 0 0 0 500 332 764 0 1687 63 0 0 0 43
96 0 0 0 0 0 0 0 500 338 679 0 1687 63 0 0 0 37
120 0 0 0 0 0 0 0 500 328 596 0 1687 63 0 0 0 47
144 0 0 0 0 0 0 0 500 332 539 0 1687 63 0 0 0 43
168.0 1000 0 0 0 0 0 0 500 317 497 0 1687 63 0 0 0 58
192 368 5868 119 13 29 71 154 233 270 822 0 1133 41 410 22 554 105
216 85 3706 154 109 33 74 126 158 278 369 0 1486 37 467 26 201 97
240 30 1266 153 159 20 53 96 172 301 223 0 1610 37 482 26 77 74
264 18 353 188 170 10 23 63 234 306 280 0 1653 30 434 33 34 69
288 16 245 194 173 2 11 43 271 328 330 0 1652 37 415 26 35 47
312 15 161 204 173 0 2 19 306 332 370 0 1667 36 376 27 20 43
336 12 155 187 173 0 1 9 317 329 411 0 1659 42 361 21 28 46
360 12 146 192 173 0 2 18 307 319 387 0 1666 40 361 23 21 56
384 12 128 178 173 0 3 14 310 320 398 0 1653 39 346 24 34 55
408 12 137 187 173 0 3 22 302 318 388 0 1662 50 350 13 25 57
432 10 110 174 173 0 3 14 310 319 385 0 1658 43 347 20 29 56
456 7 96 164 173 0 1 20 306 317 368 0 1670 39 333 24 17 58
480 7 92 176 173 0 0 14 313 322 327 0 1670 44 341 19 17 53
504 6 68 175 173 0 0 13 314 310 328 0 1675 38 331 25 12 65
528 6 73 169 173 0 0 14 313 311 328 0 1676 35 317 28 11 64
552 6 54 154 173 0 0 13 314 335 319 0 1674 39 308 24 13 40
576 5 68 162 173 0 0 8 319 329 304 0 1673 35 300 28 14 46
600 5 50 147 173 0 0 9 318 321 322 0 1677 35 293 28 10 54
624 5 68 144 173 0 1 16 310 319 320 0 1676 49 278 14 11 56
648 5 53 164 173 0 0 14 313 317 302 0 1674 37 285 26 13 58
672 5 50 176 173 0 0 7 320 329 290 0 1679 42 283 21 8 46
696 5 48 176 173 0 0 7 320 308 271 0 1679 35 271 28 8 67
720 5 57 182 173 0 0 10 317 317 281 0 1676 41 262 22 11 58
744 4 46 158 173 0 0 9 318 326 276 0 1675 39 256 24 12 49
768 4 40 155 173 0 0 12 315 329 265 0 1675 45 249 18 12 46
792 4 41 146 173 0 0 6 321 323 267 0 1674 42 243 21 13 52
816 4 33 144 173 0 0 5 322 318 243 0 1680 39 238 24 7 57
840 4 41 146 173 0 0 7 320 313 259 0 1680 38 234 25 7 62
864 4 51 152 173 0 0 9 318 313 278 0 1672 36 228 27 15 62
888 4 39 157 173 0 0 6 321 306 263 0 1676 42 235 21 11 69
912 4 50 143 173 0 1 6 320 324 270 0 1679 36 230 27 8 51
936 4 37 181 173 0 0 3 324 329 258 0 1675 38 231 25 12 46
960 4 40 160 173 0 0 4 323 312 250 0 1675 39 229 24 12 63
984 4 43 134 173 0 0 7 320 316 256 0 1674 48 225 15 13 59
1008 4 33 138 173 0 0 5 322 324 260 0 1680 45 223 18 7 51
1032 4 33 146 173 0 0 2 325 314 242 0 1677 38 223 25 10 61
1056 4 44 142 173 0 0 7 320 335 254 0 1673 45 225 18 14 40
1080 4 38 147 173 0 0 10 317 325 244 0 1682 44 226 19 5 50
1104 4 27 161 173 0 0 6 321 322 242 0 1676 42 222 21 11 53
1128 4 35 165 173 0 1 7 319 313 260 0 1673 41 216 22 14 62
1152 4 24 150 173 0 0 10 317 324 254 0 1680 45 214 18 7 51
1176 4 36 163 173 0 0 5 322 326 236 0 1677 42 211 21 10 49
1200 4 50 161 173 0 0 6 321 324 232 0 1681 40 214 23 6 51
1224 4 28 162 173 0 0 10 317 305 237 0 1676 45 209 18 11 70
1248 4 37 139 173 0 0 5 322 327 245 0 1678 40 207 23 9 48
1272 4 32 155 173 0 0 5 322 318 241 0 1678 36 205 27 9 57
1296 4 31 145 173 0 0 7 320 321 236 0 1681 41 201 22 6 54
1320 4 32 157 173 0 0 4 323 326 247 0 1676 38 193 25 11 49
1344 4 28 142 173 0 0 5 322 323 244 0 1683 35 189 28 4 52
1368 4 35 148 173 0 0 4 323 321 247 0 1680 34 187 29 7 54
1392 3 30 165 173 0 0 3 324 316 226 0 1679 36 188 27 8 59
1416 3 16 139 173 0 0 7 320 316 207 0 1683 38 190 25 4 59
1440 3 25 144 173 0 0 7 320 336 203 0 1681 41 189 22 6 39
1464 3 18 145 173 0 0 3 324 329 208 0 1685 41 185 22 2 46
1488 3 18 169 173 0 0 5 322 308 198 0 1681 38 183 25 6 67
1512 3 12 160 173 0 0 3 324 319 191 0 1686 40 184 23 1 56
1536 3 26 145 173 0 0 3 324 315 203 0 1676 35 184 28 11 60
1560 3 24 148 173 0 0 6 321 315 218 0 1682 37 185 26 5 60
1584 3 22 134 173 0 1 3 323 324 235 0 1682 45 177 18 5 51
1608.0 1003 35 130 173 0 1 0 326 317 234 0 1681 43 175 20 6 58
1632 387 5287 198 186 17 42 109 146 268 877 0 1149 41 394 22 538 107
1656 90 3164 215 239 20 63 77 101 273 390 0 1507 36 427 27 180 102
1680 41 1057 197 267 10 31 62 130 295 317 0 1584 35 418 28 103 80
1704 30 450 179 275 7 15 38 165 320 362 0 1622 41 419 22 65 55
1728 25 335 174 278 1 5 33 183 310 435 0 1635 37 377 26 52 65
1752 19 293 192 278 0 2 27 193 313 392 0 1640 35 386 28 47 62
1776 16 258 171 278 0 3 26 193 310 389 0 1642 41 368 22 45 65
1800 13 204 173 278 0 3 21 198 326 379 0 1648 45 382 18 39 49
1824 12 178 193 278 0 1 23 198 314 347 0 1662 37 379 26 25 61
1848 8 126 177 278 0 2 15 205 316 350 0 1667 35 357 28 20 59
1872 8 97 172 278 0 0 17 205 319 337 0 1669 40 354 23 18 56
1896 7 102 152 278 0 2 11 209 315 341 0 1666 38 354 25 21 60
1920 7 76 174 278 0 0 6 216 318 333 0 1669 41 348 22 18 57
1944 7 68 154 278 0 1 3 218 328 311 0 1672 43 338 20 15 47
1968 7 86 157 278 0 0 15 207 322 320 0 1673 40 324 23 14 53
1992 7 82 163 278 0 0 8 214 317 308 0 1675 39 311 24 12 58
2016 7 76 169 278 0 0 10 212 314 326 0 1671 38 300 25 16 61
2040 7 78 193 278 0 1 10 211 318 316 0 1680 41 302 22 7 57
2064 7 86 172 278 0 0 8 214 314 333 0 1668 34 312 29 19 61
2088 7 76 153 278 0 0 11 211 314 334 0 1668 40 314 23 19 61
2112 7 94 193 278 0 0 6 216 323 326 0 1667 35 300 28 20 52
2136 7 63 177 278 0 1 6 215 334 309 0 1676 41 299 22 11 41
2160 7 88 182 278 0 1 10 211 310 325 0 1670 30 290 33 17 65
2184 7 68 166 278 0 1 8 213 318 320 0 1672 39 292 24 15 57
2208 6 68 161 278 0 0 7 215 305 343 0 1659 42 279 21 28 70
2232 6 72 172 278 0 2 8 212 324 308 0 1671 42 285 21 16 51
2256 6 67 194 278 0 0 13 209 327 322 0 1669 31 271 32 18 48
2280 5 57 168 278 0 0 6 216 318 317 0 1676 48 269 15 11 57
2304 5 48 155 278 0 0 4 218 313 295 0 1672 40 266 23 15 62
2328 4 36 164 278 0 0 4 218 317 296 0 1678 43 259 20 9 58
2352 4 40 176 278 0 1 3 218 316 289 0 1677 42 257 21 10 59
2376 4 34 167 278 0 0 7 215 318 283 0 1678 38 256 25 9 57
2400 4 47 157 278 0 0 7 215 322 287 0 1680 40 251 23 7 53
2424 4 43 154 278 0 1 7 214 322 270 0 1677 34 254 29 10 53
2448 3 28 142 278 0 0 5 217 320 239 0 1680 45 257 18 7 55
2472 3 31 146 278 0 0 3 219 323 246 0 1678 42 253 21 9 52
2496 3 22 148 278 0 0 1 221 330 254 0 1683 46 242 17 4 45
2520 3 34 133 278 0 0 3 219 331 249 0 1677 46 239 17 10 44
2544 3 30 139 278 0 0 4 218 324 240 0 1682 45 237 18 5 51
2568 3 22 152 278 0 0 3 219 319 237 0 1679 39 233 24 8 56
2592 3 28 158 278 0 0 3 219 316 227 0 1682 37 236 26 5 59
2616 3 31 152 278 0 0 5 217 318 220 0 1682 42 231 21 5 57
2640 3 16 140 278 0 0 3 219 317 216 0 1684 42 228 21 3 58
2664 3 30 135 278 0 0 2 220 331 214 0 1682 45 226 18 5 44
2688 3 36 159 278 0 0 5 217 322 204 0 1681 37 223 26 6 53
2712 3 26 149 278 0 0 5 217 326 204 0 1682 46 220 17 5 49
2736 3 21 156 278 0 0 1 221 322 205 0 1681 36 215 27 6 53
2760 3 26 144 278 0 0 1 221 314 212 0 1679 44 208 19 8 61
2784 3 26 142 278 0 1 6 215 333 217 0 1681 39 205 24 6 42
2808 3 26 120 278 0 0 7 215 311 228 0 1682 42 200 21 5 64
2832 3 24 137 278 0 0 5 217 325 224 0 1683 50 198 13 4 50
2856 3 33 130 278 0 0 3 219 318 227 0 1677 41 196 22 10 57
2880 3 20 148 278 0 0 4 218 323 208 0 1683 41 195 22 4 52
2904 3 19 152 278 0 0 4 218 314 212 0 1683 34 193 29 4 61
2928 3 28 149 278 0 0 1 221 327 206 0 1680 41 195 22 7 48
2952 3 29 156 278 0 0 6 216 329 203 0 1679 40 188 23 8 46
2976 3 19 161 278 0 0 3 219 325 206 0 1675 37 182 26 12 50
3000 3 21 148 278 0 0 4 218 318 217 0 1683 44 181 19 4 57
3024 3 19 168 278 0 0 4 218 324 219 0 1680 36 183 27 7 51
3048.0 1003 32 143 278 0 0 4 218 325 223 0 1682 36 181 27 5 50
3072 373 5259 184 287 7 27 70 109 272 876 0 1152 43 393 20 535 103
3096 77 3301 181 321 17 27 66 69 280 353 0 1511 34 470 29 176 95
3120 33 1052 195 342 7 25 44 82 303 287 0 1618 38 488 25 69 72
3144 21 434 172 348 2 11 29 110 297 365 0 1637 38 437 25 50 78
3168 15 293 173 348 1 3 15 133 310 334 0 1645 39 434 24 42 65
3192 10 189 162 348 1 2 12 137 320 339 0 1658 40 434 23 29 55
3216 10 169 172 348 0 0 15 137 326 329 0 1661 45 413 18 26 49
3240 9 123 190 348 0 1 8 143 322 349 0 1669 43 396 20 18 53
3264 8 129 178 348 0 0 3 149 312 360 0 1676 37 379 26 11 63
3288 8 117 184 348 0 0 9 143 327 355 0 1669 39 367 24 18 48
3312 8 94 185 348 0 2 7 143 324 337 0 1669 41 354 22 18 51
3336 8 102 156 348 0 0 8 144 335 347 0 1667 41 352 22 20 40
3360 7 98 166 348 0 0 7 145 321 348 0 1672 43 353 20 15 54
3384 7 91 134 348 0 1 6 145 321 337 0 1667 47 341 16 20 54
3408 7 111 139 348 0 0 5 147 320 332 0 1674 36 350 27 13 55
3432 7 71 177 348 0 0 3 149 325 317 0 1676 33 347 30 11 50
3456 7 88 170 348 0 0 8 144 328 324 0 1675 44 325 19 12 47
3480 6 77 156 348 0 0 7 145 324 319 0 1671 35 317 28 16 51
3504 5 53 159 348 0 0 5 147 321 313 0 1676 37 322 26 11 54
3528 5 61 164 348 0 0 4 148 330 306 0 1679 39 317 24 8 45
3552 5 48 159 348 0 1 4 147 329 292 0 1675 39 310 24 12 46
3576 4 53 166 348 0 0 4 148 322 289 0 1676 37 302 26 11 53
3600 3 27 143 348 0 0 3 149 311 258 0 1681 42 306 21 6 64
3624 3 26 127 348 0 0 3 149 322 247 0 1682 43 300 20 5 53
3648 3 29 153 348 0 0 2 150 324 238 0 1683 37 289 26 4 51
3672 2 24 149 348 0 0 3 149 319 207 0 1682 45 284 18 5 56
3696 2 19 137 348 0 0 0 152 317 199 0 1685 46 280 17 2 58
3720 2 23 139 348 0 0 3 149 311 206 0 1679 39 271 24 8 64
3744 2 28 127 348 0 0 1 151 332 195 0 1681 42 267 21 6 43
3768 2 14 140 348 0 0 2 150 325 187 0 1684 42 262 21 3 50
3792 2 18 153 348 0 0 2 150 326 185 0 1681 40 257 23 6 49
3816 2 24 141 348 0 0 0 152 332 194 0 1682 47 250 16 5 43
3840 2 12 148 348 0 0 0 152 321 186 0 1685 36 243 27 2 54
3864 2 20 128 348 0 0 2 150 328 191 0 1679 42 240 21 8 47
3888 2 20 140 348 0 0 3 149 320 191 0 1682 46 239 17 5 55
3912 2 17 138 348 0 0 3 149 314 189 0 1683 38 238 25 4 61
3936 2 21 147 348 0 0 1 151 319 190 0 1683 39 235 24 4 56
3960 2 22 135 348 0 0 2 150 330 199 0 1682 40 230 23 5 45
3984 2 15 143 348 0 0 0 152 335 193 0 1681 34 228 29 6 40
4008 2 23 147 348 0 0 1 151 315 186 0 1680 51 227 12 7 60
4032 2 17 148 348 0 0 1 151 320 182 0 1683 31 223 32 4 55
4056 2 14 131 348 0 0 2 150 324 187 0 1682 38 219 25 5 51
4080 2 13 148 348 0 0 3 149 320 183 0 1687 38 214 25 0 55
4104 2 17 129 348 0 0 1 151 322 193 0 1680 41 209 22 7 53
4128 2 19 128 348 0 0 1 151 327 176 0 1683 46 202 17 4 48
4152 1 8 136 348 0 0 2 150 323 152 0 1684 43 206 20 3 52
4176 1 6 130 348 0 0 1 151 320 144 0 1683 43 206 20 4 55
4200 1 8 119 348 0 0 1 151 310 135 0 1686 42 206 21 1 65
4224 1 6 120 348 0 0 2 150 330 120 0 1684 46 205 17 3 45
4248 1 11 144 348 0 0 2 150 326 125 0 1684 46 201 17 3 49
4272 1 12 113 348 0 0 0 152 320 123 0 1681 46 199 17 6 55
4296 1 6 126 348 0 0 0 152 315 121 0 1685 40 198 23 2 60
4320 1 15 138 348 0 0 0 152 323 120 0 1686 36 197 27 1 52
4344 1 9 136 348 0 0 2 150 325 110 0 1685 46 193 17 2 50
4368 1 9 114 348 0 0 0 152 308 112 0 1686 43 189 20 1 67
4392 1 6 112 348 0 0 0 152 321 115 0 1684 49 187 14 3 54
4416 1 8 121 348 0 0 1 151 316 123 0 1684 38 185 25 3 59
4440 1 10 120 348 0 0 1 151 325 131 0 1685 43 180 20 2 50
4464 1 6 122 348 0 0 2 150 324 133 0 1687 42 179 21 0 51
4488.0 1001 13 141 348 0 0 3 149 333 127 0 1683 42 177 21 4 42
4512 354 5026 191 353 7 26 47 67 282 890 0 1142 46 388 17 545 93
4536 82 2986 190 369 10 28 32 61 272 397 0 1486 44 466 19 201 103
4560 31 1020 185 386 5 21 31 57 287 298 0 1604 38 469 25 83 88
4584 22 402 174 387 2 9 23 79 301 362 0 1636 43 456 20 51 74
4608 13 210 190 387 0 2 16 95 310 347 0 1662 37 433 26 25 65
4632 11 135 166 387 0 0 5 108 314 347 0 1670 43 410 20 17 61
4656 9 115 162 387 0 0 8 105 328 363 0 1666 39 398 24 21 47
4680 7 105 170 387 0 0 7 106 330 355 0 1666 42 383 21 21 45
4704 7 90 179 387 0 1 3 109 322 347 0 1668 40 368 23 19 53
4728 6 82 177 387 0 0 3 110 318 343 0 1674 40 357 23 13 57
4752 6 63 172 387 0 0 5 108 324 345 0 1668 40 341 23 19 51
4776 6 62 158 387 0 0 2 111 319 348 0 1677 44 328 19 10 56
4800 6 63 177 387 0 0 0 113 321 343 0 1672 37 333 26 15 54
4824 5 60 180 387 0 0 4 109 324 317 0 1678 46 332 17 9 51
4848 4 54 160 387 0 0 4 109 335 322 0 1679 37 312 26 8 40
4872 4 53 165 387 0 1 7 105 322 305 0 1681 43 304 20 6 53
4896 4 41 179 387 0 0 2 111 313 281 0 1675 46 306 17 12 62
4920 4 26 172 387 0 0 0 113 308 276 0 1683 40 301 23 4 67
4944 4 41 175 387 0 0 2 111 323 279 0 1676 35 279 28 11 52
4968 4 35 169 387 0 0 3 110 324 270 0 1679 41 279 22 8 51
4992 4 38 155 387 0 0 2 111 327 269 0 1678 40 271 23 9 48
5016 3 42 150 387 0 0 2 111 337 264 0 1681 37 271 26 6 38
5040 3 39 147 387 0 0 1 112 316 242 0 1683 43 273 20 4 59
5064 3 31 151 387 0 0 0 113 315 255 0 1680 40 270 23 7 60
5088 3 39 127 387 0 0 4 109 324 237 0 1680 41 263 22 7 51
5112 3 15 153 387 0 0 3 110 317 218 0 1681 42 258 21 6 58
5136 3 36 148 387 0 0 1 112 322 231 0 1680 44 253 19 7 53
5160 3 31 178 387 0 0 1 112 326 230 0 1677 36 255 27 10 49
5184 3 34 146 387 0 0 2 111 320 217 0 1683 43 248 20 4 55
5208 3 32 140 387 0 1 1 111 313 231 0 1677 44 239 19 10 62
5232 3 28 158 387 0 0 3 110 321 233 0 1679 44 234 19 8 54
5256 3 27 165 387 0 0 3 110 325 247 0 1678 34 230 29 9 50
5280 3 31 173 387 0 0 2 111 320 236 0 1677 42 229 21 10 55
5304 3 29 171 387 0 0 2 111 328 236 0 1681 33 224 30 6 47
5328 3 15 145 387 0 0 2 111 329 230 0 1684 41 221 22 3 46
5352 3 26 138 387 0 0 3 110 312 228 0 1681 47 217 16 6 63
5376 3 26 153 387 0 0 0 113 318 228 0 1680 46 208 17 7 57
5400 3 26 170 387 0 0 1 112 330 222 0 1682 41 203 22 5 45
5424 2 25 155 387 0 0 1 112 317 210 0 1682 42 198 21 5 58
5448 2 16 144 387 0 0 0 113 303 193 0 1683 36 196 27 4 72
5472 2 23 151 387 0 0 1 112 325 197 0 1683 39 197 24 4 50
5496 2 23 136 387 0 0 5 108 317 187 0 1685 37 194 26 2 58
5520 2 19 136 387 0 0 1 112 315 184 0 1683 43 190 20 4 60
5544 2 13 157 387 0 0 1 112 326 182 0 1683 36 189 27 4 49
5568 2 22 124 387 0 0 1 112 329 195 0 1683 43 184 20 4 46
5592 2 17 128 387 0 1 1 111 315 178 0 1683 37 183 26 4 60
5616 2 16 132 387 0 0 1 112 312 176 0 1681 42 180 21 6 63
5640 2 14 129 387 0 0 1 112 323 166 0 1684 42 178 21 3 52
5664 2 19 137 387 0 0 0 113 328 173 0 1687 48 171 15 0 47
5688 2 19 132 387 0 0 2 111 316 184 0 1681 41 167 22 6 59
5712 2 14 138 387 0 0 1 112 322 173 0 1682 45 165 18 5 53
5736 2 17 130 387 0 0 0 113 319 172 0 1681 43 165 20 6 56
5760 2 23 145 387 0 0 1 112 308 172 0 1683 31 164 32 4 67
5784 2 23 130 387 0 0 3 110 342 176 0 1680 41 164 22 7 33
5808 2 17 131 387 0 0 1 112 311 170 0 1682 41 164 22 5 64
5832 2 18 122 387 0 0 1 112 323 157 0 1683 45 160 18 4 52
5856 2 18 121 387 0 0 1 112 325 163 0 1687 43 161 20 0 50
5880 2 29 148 387 0 0 1 112 302 170 0 1681 43 157 20 6 73
5904 2 19 134 387 0 0 3 110 313 182 0 1681 47 154 16 6 62
5928.0 1002 19 145 387 0 0 0 113 318 182 0 1681 36 149 27 6 57
5952 362 5325 170 390 7 18 30 55 271 902 0 1140 40 408 23 547 104
5976 81 3271 198 410 8 24 24 34 273 361 0 1506 38 444 25 181 102
6000 30 989 186 419 4 11 21 45 297 268 0 1620 36 458 27 67 78
6024 22 390 169 421 2 2 18 57 310 325 0 1637 40 427 23 50 65
6048 17 242 184 421 0 1 8 70 307 373 0 1657 28 382 35 30 68
6072 16 205 197 421 0 1 8 70 318 367 0 1662 38 362 25 25 57
6096 15 170 184 421 0 0 9 70 307 383 0 1659 44 367 19 28 68
6120 14 211 155 421 0 0 9 70 330 401 0 1652 36 363 27 35 45
6144 11 161 159 421 0 0 9 70 329 388 0 1669 43 359 20 18 46
6168 10 131 171 421 0 1 5 73 329 383 0 1666 40 344 23 21 46
6192 10 115 156 421 0 1 6 72 339 380 0 1659 36 342 27 28 36
6216 9 138 144 421 0 0 5 74 313 351 0 1663 38 344 25 24 62
6240 9 116 149 421 0 1 4 74 310 331 0 1676 42 336 21 11 65
6264 8 93 166 421 0 0 7 72 319 342 0 1668 38 323 25 19 56
6288 6 89 161 421 0 1 2 76 309 340 0 1675 40 318 23 12 66
6312 6 66 165 421 0 1 2 76 316 324 0 1676 43 315 20 11 59
6336 5 67 162 421 0 0 4 75 319 301 0 1674 39 309 24 13 56
6360 5 60 170 421 0 0 3 76 319 299 0 1672 36 302 27 15 56
6384 5 48 173 421 0 0 1 78 326 292 0 1678 39 299 24 9 49
6408 5 49 166 421 0 0 1 78 314 285 0 1675 40 293 23 12 61
6432 4 37 166 421 0 0 0 79 324 277 0 1679 41 296 22 8 51
6456 3 24 160 421 0 0 1 78 327 255 0 1680 38 294 25 7 48
6480 3 38 168 421 0 0 0 79 320 246 0 1677 40 293 23 10 55
6504 2 26 157 421 0 0 1 78 315 222 0 1684 48 290 15 3 60
6528 2 27 149 421 0 0 1 78 315 213 0 1679 38 287 25 8 60
6552 2 20 129 421 0 0 0 79 323 202 0 1682 44 278 19 5 52
6576 2 25 149 421 0 0 3 76 324 210 0 1681 38 275 25 6 51
6600 2 24 146 421 0 0 1 78 314 196 0 1683 31 271 32 4 61
6624 2 24 154 421 0 0 1 78 313 182 0 1679 44 270 19 8 62
6648 2 11 151 421 0 0 0 79 316 189 0 1682 43 266 20 5 59
6672 2 21 151 421 0 0 0 79 318 197 0 1684 38 262 25 3 57
6696 2 19 138 421 0 0 0 79 332 195 0 1680 46 257 17 7 43
6720 2 18 136 421 0 0 0 79 325 187 0 1684 40 255 23 3 50
6744 2 16 133 421 0 0 2 77 321 194 0 1685 45 250 18 2 54
6768 1 11 146 421 0 0 0 79 326 176 0 1686 35 250 28 1 49
6792 1 4 145 421 0 0 0 79 334 151 0 1686 45 246 18 1 41
6816 1 14 128 421 0 0 1 78 325 144 0 1680 41 245 22 7 50
6840 1 16 153 421 0 0 1 78 321 135 0 1683 37 240 26 4 54
6864 1 9 162 421 0 0 1 78 315 131 0 1687 42 234 21 0 60
6888 1 6 116 421 0 0 0 79 319 128 0 1684 43 231 20 3 56
6912 1 7 128 421 0 0 0 79 319 130 0 1686 41 228 22 1 56
6936 1 7 129 421 0 0 0 79 322 121 0 1683 39 226 24 4 53
6960 1 9 113 421 0 0 0 79 310 121 0 1687 48 226 15 0 65
6984 1 7 126 421 0 0 2 77 325 120 0 1684 38 224 25 3 50
7008 1 14 138 421 0 0 1 78 326 121 0 1683 42 222 21 4 49
7032 1 9 115 421 0 0 1 78 329 123 0 1684 44 222 19 3 46
7056 1 5 129 421 0 0 1 78 324 113 0 1687 43 221 20 0 51
7080 1 4 134 421 0 0 0 79 310 115 0 1687 43 218 20 0 65
7104 1 5 129 421 0 0 0 79 318 104 0 1684 45 217 18 3 57
7128 1 11 117 421 0 0 0 79 327 109 0 1685 42 211 21 2 48
7152 1 2 120 421 0 0 1 78 326 105 0 1686 43 211 20 1 49
7176 1 2 101 421 0 0 0 79 316 107 0 1685 48 210 15 2 59
7200 1 8 107 421 0 0 0 79 325 111 0 1686 47 208 16 1 50
7224 1 8 128 421 0 0 0 79 323 116 0 1683 36 207 27 4 52
7248 1 4 133 421 0 0 0 79 327 109 0 1687 36 208 27 0 48
7272 1 8 151 421 0 0 0 79 330 105 0 1685 40 205 23 2 45
7296 1 8 115 421 0 0 0 79 322 105 0 1683 49 206 14 4 53
7320 1 8 126 421 0 0 0 79 311 108 0 1685 40 200 23 2 64
7344 1 8 122 421 0 0 0 79 316 105 0 1687 45 198 18 0 59
7368 1 2 126 421 0 0 0 79 321 107 0 1687 39 195 24 0 54
7392 1 6 124 421 0 0 0 79 323 104 0 1686 43 194 20 1 52
7416 1 11 121 421 0 0 0 79 320 103 0 1685 36 192 27 2 55
7440 1 9 119 421 0 0 0 79 323 102 0 1681 38 190 25 6 52
7464 1 9 131 421 0 0 1 78 316 97 0 1685 40 189 23 2 59
7488 1 9 131 421 0 0 1 78 316 100 0 1684 44 188 19 3 59
7512 1 7 139 421 0 0 0 79 329 96 0 1684 34 185 29 3 46
7536 1 6 125 421 0 0 1 78 325 95 0 1685 40 184 23 2 50
7560 1 3 119 421 0 0 0 79 321 96 0 1686 47 181 16 1 54
7584 1 6 139 421 0 0 0 79 323 97 0 1684 42 181 21 3 52
7608 1 8 125 421 0 0 0 79 306 100 0 1684 38 178 25 3 69
7632 1 10 145 421 0 0 0 79 333 98 0 1685 38 175 25 2 42
7656 1 10 127 421 0 0 0 79 329 102 0 1683 39 170 24 4 46
7680 1 6 120 421 0 0 1 78 325 103 0 1684 48 169 15 3 50
7704 1 6 120 421 0 0 0 79 314 109 0 1682 43 164 20 5 61
7728 1 7 115 421 0 0 0 79 329 107 0 1685 38 161 25 2 46
7752 1 6 113 421 0 0 0 79 318 107 0 1684 40 160 23 3 57
7776 1 10 143 421 0 0 0 79 308 112 0 1684 41 158 22 3 67
7800 1 11 146 421 0 0 0 79 319 118 0 1684 40 158 23 3 56
7824 1 10 130 421 0 0 1 78 327 114 0 1686 44 159 19 1 48
7848 1 6 131 421 0 0 0 79 314 113 0 1686 44 157 19 1 61
7872 1 9 135 421 0 0 1 78 326 99 0 1686 42 153 21 1 49
7896 1 6 146 421 0 0 0 79 315 92 0 1686 39 154 24 1 60
7920 1 9 134 421 0 0 0 79 327 98 0 1682 45 153 18 5 48
7944 1 6 140 421 0 0 1 78 323 99 0 1684 42 153 21 3 52
7968 1 2 136 421 0 0 0 79 325 95 0 1687 44 151 19 0 50
7992 1 7 119 421 0 0 0 79 320 102 0 1687 46 149 17 0 55
8016 1 4 112 421 0 0 0 79 328 98 0 1685 47 148 16 2 47
8040 1 9 127 421 0 0 0 79 329 95 0 1685 44 146 19 2 46
8064 1 5 116 421 0 0 0 79 321 105 0 1682 46 143 17 5 54
8088 1 8 119 421 0 0 0 79 316 106 0 1684 43 140 20 3 59
8112 1 3 112 421 0 0 0 79 333 105 0 1683 47 140 16 4 42
8136 1 8 120 421 0 0 0 79 317 107 0 1683 45 139 18 4 58
8160 1 6 133 421 0 0 0 79 317 102 0 1687 42 139 21 0 58
8184 1 14 125 421 0 0 0 79 321 107 0 1684 44 135 19 3 54
8208 1 9 135 421 0 0 0 79 310 101 0 1683 41 136 22 4 65
8232 1 10 122 421 0 0 0 79 319 104 0 1683 46 135 17 4 56
8256 1 8 142 421 0 0 0 79 312 100 0 1687 40 136 23 0 63
8280 1 5 113 421 0 0 0 79 311 98 0 1686 43 133 20 1 64
8304 1 12 118 421 0 0 0 79 315 104 0 1685 35 133 28 2 60
8328 1 10 118 421 0 0 2 77 315 103 0 1682 44 133 19 5 60
8352 1 2 118 421 0 0 0 79 322 108 0 1686 38 133 25 1 53
8376 1 5 113 421 0 0 0 79 323 110 0 1687 43 130 20 0 52
8400 1 10 122 421 0 0 0 79 315 106 0 1684 41 130 22 3 60
8424 1 12 118 421 0 0 2 77 327 109 0 1686 44 129 19 1 48
8448 1 6 128 421 0 0 1 78 310 95 0 1683 42 130 21 4 65
8472 1 6 120 421 0 0 0 79 327 97 0 1684 42 129 21 3 48
8496 1 4 120 421 0 0 0 79 321 97 0 1687 43 129 20 0 54
8520 1 7 107 421 0 0 0 79 329 105 0 1685 43 129 20 2 46
8544 1 13 113 421 0 0 0 79 323 115 0 1685 46 127 17 2 52
8568 1 12 136 421 0 0 0 79 315 116 0 1681 36 127 27 6 60
8592 1 14 127 421 0 0 0 79 318 118 0 1685 42 127 21 2 57
8616 1 11 140 421 0 0 1 78 319 115 0 1685 40 127 23 2 56
8640 1 10 137 421 0 0 0 79 328 112 0 1685 45 127 18 2 47
8664 1 5 131 421 0 0 0 79 326 111 0 1684 36 127 27 3 49
8688 1 8 126 421 0 0 0 79 324 112 0 1686 44 127 19 1 51
8712 1 13 110 421 0 0 1 78 321 111 0 1684 47 126 16 3 54
8736 1 8 121 421 0 0 2 77 325 119 0 1684 41 123 22 3 50
8760 1 10 139 421 0 0 1 78 322 112 0 1685 35 123 28 2 53
