Time EBV Teff Treg ODC_le1 ODC_le2 ODC_le3 ODC_le4 ODC_le5 NK IL2 DAC Resting_Teff Resting_Treg EffectorMemory Resting_Treg_temp Resting_Teff_temp NK_temp
0.0 0 0 0 0 0 0 0 500 375 1000 0 1687 63 0 0 0 0
24 0 0 0 0 0 0 0 500 332 924 0 1687 63 0 0 0 43
48 0 0 0 0 0 0 0 500 336 844 0 1687 63 0 0 0 39
72 0 0 0 0 0 0 0 500 327 767 0 1687 63 0 0 0 48
96 0 0 0 0 0 0 0 500 340 709 0 1687 63 0 0 0 35
120 0 0 0 0 0 0 0 500 331 642 0 1687 63 0 0 0 44
144 0 0 0 0 0 0 0 500 334 576 0 1687 63 0 0 0 41
168.0 1000 0 0 0 0 0 0 500 337 519 0 1687 63 0 0 0 38
192 330 5496 120 21 30 68 175 206 272 786 0 1181 38 408 25 506 103
216 69 3453 152 102 31 86 132 149 274 331 0 1495 41 497 22 192 101
240 24 1066 170 152 20 48 98 182 307 272 0 1623 37 487 26 64 68
264 17 341 145 154 6 25 67 248 315 322 0 1641 38 433 25 46 60
288 14 237 133 154 0 8 42 296 296 361 0 1655 41 428 22 32 79
312 12 217 167 154 0 5 21 320 317 364 0 1657 33 400 30 30 58
336 11 144 174 154 0 2 19 325 310 336 0 1662 36 400 27 25 65
360 10 125 150 154 0 0 16 330 320 342 0 1668 39 395 24 19 55
384 8 128 172 154 0 1 20 325 308 347 0 1664 35 378 28 23 67
408 6 81 199 154 0 3 16 327 300 336 0 1670 38 363 25 17 75
432 6 61 195 154 0 1 12 333 321 326 0 1672 47 349 16 15 54
456 6 65 175 154 0 0 13 333 319 312 0 1674 45 353 18 13 56
480 6 72 146 154 0 1 14 331 317 305 0 1678 43 345 20 9 58
504 6 67 169 154 0 0 8 338 320 320 0 1669 38 339 25 18 55
528 6 76 161 154 0 0 13 333 325 341 0 1672 39 333 24 15 50
552 6 66 172 154 0 0 12 334 334 306 0 1671 43 325 20 16 41
576 6 73 159 154 0 0 11 335 319 312 0 1669 41 319 22 18 56
600 6 81 148 154 0 1 12 333 326 291 0 1679 43 317 20 8 49
624 6 60 148 154 0 1 14 331 327 295 0 1677 45 320 18 10 48
648 6 80 150 154 0 0 11 335 334 321 0 1672 39 319 24 15 41
672 6 74 161 154 0 1 10 335 329 339 0 1670 37 305 26 17 46
696 5 56 197 154 0 0 8 338 324 305 0 1677 39 311 24 10 51
720 5 58 173 154 0 0 8 338 312 303 0 1672 42 308 21 15 63
744 5 35 185 154 0 0 8 338 323 297 0 1682 35 306 28 5 52
768 4 51 157 154 0 0 8 338 317 291 0 1680 43 307 20 7 58
792 4 42 151 154 0 1 10 335 327 286 0 1679 35 291 28 8 48
816 4 48 150 154 0 2 8 336 311 276 0 1678 37 289 26 9 64
840 4 51 167 154 0 0 15 331 308 269 0 1677 37 284 26 10 67
864 3 35 168 154 0 0 6 340 324 271 0 1677 37 272 26 10 51
888 3 16 170 154 0 0 5 341 325 274 0 1681 35 262 28 6 50
912 3 34 148 154 0 0 4 342 323 264 0 1681 41 255 22 6 52
936 3 27 165 154 0 0 8 338 313 251 0 1681 40 258 23 6 62
960 3 20 160 154 0 0 5 341 325 240 0 1680 48 251 15 7 50
984 3 30 158 154 0 0 0 346 332 233 0 1681 35 242 28 6 43
1008 3 23 148 154 0 0 3 343 323 224 0 1685 35 236 28 2 52
1032 3 22 153 154 0 0 5 341 317 210 0 1681 38 231 25 6 58
1056 3 21 149 154 0 0 1 345 331 207 0 1685 45 226 18 2 44
1080 3 20 152 154 0 0 2 344 326 210 0 1682 47 223 16 5 49
1104 3 31 158 154 0 0 4 342 321 212 0 1674 39 219 24 13 54
1128 3 32 161 154 0 0 4 342 324 222 0 1679 37 218 26 8 51
1152 3 23 145 154 0 0 5 341 316 227 0 1680 46 216 17 7 59
1176 3 30 143 154 0 1 9 336 314 227 0 1680 40 212 23 7 61
1200 3 30 137 154 0 0 5 341 328 228 0 1680 45 205 18 7 47
1224 3 25 150 154 0 0 4 342 319 219 0 1683 37 205 26 4 56
1248 3 35 149 154 0 0 5 341 325 225 0 1681 40 208 23 6 50
1272 3 21 140 154 0 0 7 339 330 224 0 1683 46 209 17 4 45
1296 3 17 153 154 0 0 3 343 313 210 0 1683 43 208 20 4 62
1320 3 31 124 154 0 0 5 341 312 216 0 1678 45 208 18 9 63
1344 3 29 146 154 0 0 6 340 315 206 0 1679 40 207 23 8 60
1368 3 32 129 154 0 0 6 340 324 207 0 1681 40 202 23 6 51
1392 3 28 124 154 0 0 10 336 304 202 0 1680 40 206 23 7 71
1416 3 34 138 154 0 0 6 340 325 215 0 1678 36 206 27 9 50
1440 3 21 155 154 0 0 3 343 325 207 0 1680 41 211 22 7 50
1464 3 19 156 154 0 0 2 344 326 203 0 1679 35 202 28 8 49
1488 3 21 136 154 0 0 5 341 318 210 0 1679 45 198 18 8 57
1512 3 25 144 154 0 0 5 341 323 208 0 1682 45 196 18 5 52
1536 3 23 150 154 0 0 5 341 303 211 0 1682 39 195 24 5 72
1560 3 32 142 154 0 0 5 341 316 223 0 1681 45 188 18 6 59
1584 3 33 144 154 0 0 7 339 326 227 0 1679 43 187 20 8 49
1608.0 1003 28 142 154 0 0 5 341 311 213 0 1680 43 187 20 7 64
1632 365 5250 168 166 15 52 91 176 268 823 0 1151 43 407 20 536 107
1656 81 3046 209 231 26 53 85 105 272 364 0 1480 34 401 29 207 103
1680 37 1045 171 251 17 38 76 118 283 308 0 1596 48 429 15 91 92
1704 25 494 176 262 6 19 61 152 307 349 0 1636 40 415 23 51 68
1728 20 296 187 262 2 11 36 189 317 385 0 1646 33 397 30 41 58
1752 18 287 169 263 2 8 31 196 315 411 0 1647 39 390 24 40 60
1776 16 226 168 264 0 2 32 202 317 394 0 1659 41 379 22 28 58
1800 14 180 170 264 0 2 21 213 308 378 0 1653 32 375 31 34 67
1824 12 180 176 264 0 1 15 220 326 388 0 1668 43 359 20 19 49
1848 10 153 178 264 0 1 21 214 318 371 0 1665 40 359 23 22 57
1872 9 106 196 264 0 0 14 222 319 335 0 1665 31 362 32 22 56
1896 8 81 165 264 0 0 9 227 331 341 0 1664 37 359 26 23 44
1920 8 98 152 264 0 0 13 223 317 344 0 1671 40 357 23 16 58
1944 7 114 173 264 0 0 17 219 326 340 0 1666 41 351 22 21 49
1968 7 87 189 264 0 1 15 220 321 339 0 1673 35 344 28 14 54
1992 7 71 177 264 0 0 8 228 326 324 0 1676 33 336 30 11 49
2016 6 68 153 264 0 0 6 230 316 324 0 1674 41 341 22 13 59
2040 6 59 155 264 0 0 6 230 331 332 0 1677 38 338 25 10 44
2064 5 66 166 264 0 0 9 227 317 331 0 1673 33 325 30 14 58
2088 5 54 182 264 0 0 8 228 324 312 0 1672 43 317 20 15 51
2112 4 48 167 264 0 0 7 229 304 295 0 1677 29 311 34 10 71
2136 4 60 147 264 0 0 9 227 316 275 0 1678 37 310 26 9 59
2160 4 45 161 264 0 1 8 227 332 259 0 1676 37 308 26 11 43
2184 3 31 143 264 0 1 3 232 326 258 0 1684 39 301 24 3 49
2208 3 23 140 264 0 0 1 235 311 248 0 1682 41 297 22 5 64
2232 3 31 153 264 0 0 6 230 316 248 0 1680 41 291 22 7 59
2256 3 28 158 264 0 0 4 232 333 246 0 1679 41 288 22 8 42
2280 3 28 166 264 0 0 1 235 322 242 0 1680 42 284 21 7 53
2304 3 22 147 264 0 0 1 235 319 237 0 1681 43 276 20 6 56
2328 3 30 150 264 0 0 5 231 322 236 0 1682 42 269 21 5 53
2352 2 20 144 264 0 0 2 234 318 223 0 1685 36 261 27 2 57
2376 2 19 161 264 0 0 4 232 326 219 0 1681 32 261 31 6 49
2400 2 19 145 264 0 0 0 236 325 217 0 1676 47 258 16 11 50
2424 2 15 146 264 0 0 5 231 320 208 0 1684 42 259 21 3 55
2448 2 24 151 264 0 0 1 235 323 188 0 1684 45 251 18 3 52
2472 2 20 146 264 0 0 0 236 324 180 0 1684 39 251 24 3 51
2496 2 27 142 264 0 0 1 235 326 190 0 1681 33 246 30 6 49
2520 2 18 138 264 0 0 2 234 321 177 0 1683 39 245 24 4 54
2544 2 22 140 264 0 0 2 234 313 189 0 1683 39 244 24 4 62
2568 2 14 139 264 0 0 0 236 324 191 0 1681 45 243 18 6 51
2592 2 14 126 264 0 0 4 232 318 180 0 1684 36 242 27 3 57
2616 2 21 136 264 0 0 1 235 326 168 0 1683 46 238 17 4 49
2640 2 21 147 264 0 0 4 232 305 169 0 1680 41 233 22 7 70
2664 2 18 156 264 0 0 3 233 315 168 0 1682 39 230 24 5 60
2688 2 19 150 264 0 0 2 234 330 171 0 1682 32 228 31 5 45
2712 2 18 132 264 0 0 1 235 324 178 0 1680 44 226 19 7 51
2736 2 17 142 264 0 0 2 234 317 171 0 1685 47 229 16 2 58
2760 2 21 144 264 0 0 4 232 320 185 0 1683 43 225 20 4 55
2784 2 17 128 264 0 0 3 233 328 183 0 1683 44 218 19 4 47
2808 2 17 154 264 0 0 1 235 310 176 0 1682 37 213 26 5 65
2832 2 12 154 264 0 0 2 234 315 166 0 1686 49 210 14 1 60
2856 1 8 131 264 0 0 0 236 306 170 0 1684 45 201 18 3 69
2880 1 9 124 264 0 0 1 235 334 153 0 1684 43 198 20 3 41
2904 1 4 126 264 0 0 0 236 322 134 0 1685 47 196 16 2 53
2928 1 9 134 264 0 0 3 233 316 127 0 1685 47 194 16 2 59
2952 1 8 108 264 0 0 4 232 311 122 0 1686 48 193 15 1 64
2976 1 20 127 264 0 0 5 231 315 129 0 1680 42 190 21 7 60
3000 1 6 148 264 0 0 0 236 315 113 0 1686 42 189 21 1 60
3024 1 5 136 264 0 0 3 233 325 111 0 1685 43 188 20 2 50
3048.0 1001 6 146 264 0 0 1 235 312 115 0 1687 43 189 20 0 63
3072 369 5155 181 266 9 28 81 116 281 894 0 1203 39 409 24 484 94
3096 92 3612 168 304 20 35 66 75 249 378 0 1472 46 467 17 215 126
3120 34 1387 165 322 10 25 43 100 281 280 0 1602 42 455 21 85 94
3144 19 429 160 327 6 13 32 122 297 279 0 1645 42 428 21 42 78
3168 12 215 156 327 1 2 32 138 315 299 0 1661 40 403 23 26 60
3192 11 172 163 327 0 3 12 158 318 329 0 1654 36 383 27 33 57
3216 10 108 153 327 0 1 8 164 326 320 0 1675 47 386 16 12 49
3240 10 117 159 327 0 1 7 165 320 374 0 1663 37 356 26 24 55
3264 9 108 152 327 0 0 9 164 319 365 0 1668 37 348 26 19 56
3288 8 99 172 327 0 0 7 166 326 339 0 1677 44 349 19 10 49
3312 7 63 188 327 0 0 4 169 321 336 0 1672 39 342 24 15 54
3336 6 76 183 327 0 0 1 172 315 329 0 1668 44 334 19 19 60
3360 6 56 180 327 0 0 10 163 322 328 0 1677 40 323 23 10 53
3384 6 67 201 327 0 0 6 167 327 322 0 1673 43 298 20 14 48
3408 6 69 167 327 0 1 3 169 316 312 0 1676 38 298 25 11 59
3432 6 59 154 327 0 0 4 169 318 297 0 1674 38 306 25 13 57
3456 6 60 155 327 0 0 6 167 322 293 0 1673 36 299 27 14 53
3480 6 54 152 327 0 0 5 168 317 277 0 1673 38 292 25 14 58
3504 3 42 156 327 0 0 4 169 327 281 0 1677 44 278 19 10 48
3528 3 38 143 327 0 0 2 171 322 256 0 1680 44 275 19 7 53
3552 2 23 166 327 0 0 0 173 317 223 0 1685 44 269 19 2 58
3576 2 17 135 327 0 0 2 171 322 200 0 1685 47 266 16 2 53
3600 2 30 160 327 0 0 0 173 316 201 0 1678 31 256 32 9 59
3624 2 15 157 327 0 0 6 167 329 196 0 1681 43 255 20 6 46
3648 2 28 132 327 0 0 2 171 338 201 0 1682 42 248 21 5 37
3672 2 15 153 327 0 0 2 171 321 198 0 1684 37 244 26 3 54
3696 2 21 155 327 0 0 1 172 317 202 0 1682 44 237 19 5 58
3720 2 19 170 327 0 0 2 171 323 194 0 1682 35 239 28 5 52
3744 2 22 155 327 0 0 0 173 329 198 0 1681 44 236 19 6 46
3768 2 11 151 327 0 0 4 169 324 192 0 1683 40 230 23 4 51
3792 2 12 150 327 0 0 1 172 314 188 0 1684 43 223 20 3 61
3816 2 14 127 327 0 0 1 172 331 186 0 1684 51 220 12 3 44
3840 2 20 123 327 0 0 1 172 318 188 0 1681 43 217 20 6 57
3864 2 25 133 327 0 0 0 173 311 189 0 1680 46 219 17 7 64
3888 2 28 158 327 0 0 4 169 321 189 0 1682 37 216 26 5 54
3912 2 21 174 327 0 0 3 170 329 188 0 1676 40 212 23 11 46
3936 2 18 154 327 0 0 3 170 328 193 0 1679 40 209 23 8 47
3960 2 14 161 327 0 0 2 171 312 187 0 1680 43 207 20 7 63
3984 2 13 136 327 0 0 1 172 327 181 0 1681 43 206 20 6 48
4008 2 20 128 327 0 0 3 170 318 180 0 1686 39 204 24 1 57
4032 2 19 147 327 0 0 1 172 319 165 0 1682 40 206 23 5 56
4056 2 7 141 327 0 0 2 171 327 166 0 1683 40 205 23 4 48
4080 2 24 147 327 0 0 4 169 321 180 0 1681 38 203 25 6 54
4104 2 25 155 327 0 0 1 172 338 191 0 1678 42 197 21 9 37
4128 2 12 124 327 0 0 1 172 308 176 0 1684 46 196 17 3 67
4152 2 19 127 327 0 0 2 171 308 176 0 1681 36 195 27 6 67
4176 2 20 131 327 0 0 5 168 337 166 0 1683 43 198 20 4 38
4200 2 11 124 327 0 0 1 172 328 162 0 1685 39 194 24 2 47
4224 2 17 147 327 0 0 1 172 313 171 0 1683 38 187 25 4 62
4248 2 19 140 327 0 0 0 173 325 156 0 1683 39 187 24 4 50
4272 2 15 141 327 0 0 3 170 318 165 0 1678 44 185 19 9 57
4296 2 15 148 327 0 0 2 171 320 177 0 1683 36 182 27 4 55
4320 1 8 128 327 0 0 2 171 314 171 0 1686 44 182 19 1 61
4344 1 9 128 327 0 0 0 173 325 165 0 1683 43 180 20 4 50
4368 1 11 111 327 0 0 0 173 317 144 0 1686 31 180 32 1 58
4392 1 3 132 327 0 0 0 173 318 141 0 1685 36 179 27 2 57
4416 1 6 120 327 0 0 1 172 310 130 0 1684 37 180 26 3 65
4440 1 4 112 327 0 0 0 173 321 128 0 1685 45 177 18 2 54
4464 1 9 99 327 0 0 2 171 327 124 0 1683 42 175 21 4 48
4488.0 1001 8 115 327 0 0 0 173 313 124 0 1685 40 175 23 2 62
4512 377 5223 169 331 11 31 60 67 264 823 0 1138 34 395 29 549 111
4536 97 3478 164 355 11 35 43 56 271 384 0 1479 41 434 22 208 104
4560 39 1328 162 372 5 20 39 64 293 298 0 1601 37 473 26 86 82
4584 27 547 183 375 1 13 22 89 320 344 0 1634 37 424 26 53 55
4608 19 314 177 376 0 8 20 96 322 374 0 1640 40 398 23 47 53
4632 11 158 173 376 1 1 15 107 323 335 0 1666 35 400 28 21 52
4656 10 130 169 376 0 1 4 119 325 365 0 1654 39 384 24 33 50
4680 8 117 170 376 0 0 6 118 319 357 0 1670 43 382 20 17 56
4704 8 104 171 376 0 0 8 116 326 343 0 1671 40 376 23 16 49
4728 8 103 183 376 0 1 7 116 327 348 0 1670 38 373 25 17 48
4752 8 99 169 376 0 1 2 121 313 346 0 1669 44 358 19 18 62
4776 8 113 169 376 0 0 6 118 320 341 0 1670 42 343 21 17 55
4800 7 85 166 376 0 1 8 115 318 327 0 1663 43 342 20 24 57
4824 5 62 176 376 0 1 6 117 315 315 0 1675 45 340 18 12 60
4848 4 39 173 376 0 0 1 123 316 286 0 1676 43 337 20 11 59
4872 4 51 165 376 0 0 1 123 323 284 0 1676 46 320 17 11 52
4896 4 51 172 376 0 0 4 120 331 278 0 1677 34 322 29 10 44
4920 4 35 168 376 0 1 1 122 309 273 0 1679 43 319 20 8 66
4944 4 39 155 376 0 0 4 120 326 279 0 1678 44 313 19 9 49
4968 4 47 180 376 0 0 5 119 319 266 0 1675 41 310 22 12 56
4992 4 27 181 376 0 0 3 121 318 256 0 1678 38 293 25 9 57
5016 4 29 152 376 0 0 3 121 315 268 0 1677 38 286 25 10 60
5040 4 29 157 376 0 0 4 120 312 260 0 1684 44 277 19 3 63
5064 4 41 145 376 0 0 2 122 322 269 0 1680 38 270 25 7 53
5088 4 38 164 376 0 0 2 122 312 273 0 1674 32 265 31 13 63
5112 4 44 154 376 0 0 5 119 328 269 0 1676 37 265 26 11 47
5136 4 48 150 376 0 1 3 120 320 266 0 1680 43 269 20 7 55
5160 3 43 168 376 0 0 1 123 318 277 0 1681 35 265 28 6 57
5184 3 25 172 376 0 1 1 122 310 246 0 1680 49 265 14 7 65
5208 3 32 156 376 0 0 2 122 310 256 0 1680 45 260 18 7 65
5232 3 24 191 376 0 0 2 122 319 244 0 1682 38 256 25 5 56
5256 3 27 190 376 0 0 3 121 303 230 0 1682 39 248 24 5 72
5280 3 36 147 376 0 0 2 122 330 234 0 1677 41 240 22 10 45
5304 3 26 148 376 0 0 1 123 311 235 0 1684 38 240 25 3 64
5328 3 29 143 376 0 0 0 124 314 215 0 1683 39 243 24 4 61
5352 3 23 145 376 0 0 4 120 311 212 0 1681 46 236 17 6 64
5376 3 24 147 376 0 0 2 122 321 212 0 1682 42 234 21 5 54
5400 3 31 131 376 0 0 1 123 330 236 0 1678 38 232 25 9 45
5424 3 27 131 376 0 0 2 122 316 240 0 1679 44 225 19 8 59
5448 3 31 154 376 0 0 1 123 334 223 0 1681 40 224 23 6 41
5472 2 19 144 376 0 0 4 120 326 224 0 1685 37 223 26 2 49
5496 2 20 159 376 0 0 0 124 320 202 0 1682 35 225 28 5 55
5520 2 14 162 376 0 0 0 124 313 196 0 1686 33 221 30 1 62
5544 2 15 163 376 0 0 2 122 325 185 0 1681 39 221 24 6 50
5568 2 17 138 376 0 0 2 122 330 178 0 1681 43 219 20 6 45
5592 2 18 132 376 0 0 2 122 326 166 0 1679 48 218 15 8 49
5616 2 18 147 376 0 0 2 122 312 167 0 1680 37 217 26 7 63
5640 2 21 156 376 0 0 1 123 305 162 0 1683 39 212 24 4 70
5664 2 13 128 376 0 0 1 123 317 165 0 1685 41 205 22 2 58
5688 2 15 127 376 0 0 0 124 327 167 0 1679 38 201 25 8 48
5712 2 21 123 376 0 0 1 123 320 180 0 1682 42 194 21 5 55
5736 2 25 138 376 0 0 2 122 329 188 0 1683 36 189 27 4 46
5760 2 19 158 376 0 0 1 123 316 182 0 1681 38 192 25 6 59
5784 2 8 150 376 0 0 1 123 320 163 0 1686 46 185 17 1 55
5808 2 14 145 376 0 0 1 123 329 167 0 1683 45 182 18 4 46
5832 2 11 146 376 0 0 0 124 323 164 0 1684 40 178 23 3 52
5856 2 16 140 376 0 0 3 121 327 147 0 1683 42 179 21 4 48
5880 2 16 151 376 0 1 1 122 318 142 0 1685 39 177 24 2 57
5904 2 17 133 376 0 0 1 123 325 144 0 1683 44 173 19 4 50
5928.0 1002 15 145 376 0 0 1 123 317 161 0 1682 43 168 20 5 58
5952 332 4898 173 378 9 21 45 47 275 863 0 1187 42 378 21 500 100
5976 82 3015 183 395 10 20 36 39 276 379 0 1503 43 449 20 184 99
6000 29 1024 184 407 6 13 25 49 301 257 0 1621 41 425 22 66 74
6024 20 350 177 408 1 3 24 64 317 313 0 1653 43 376 20 34 58
6048 18 212 182 408 0 2 13 77 316 375 0 1661 35 365 28 26 59
6072 15 189 175 408 0 1 9 82 303 420 0 1644 38 365 25 43 72
6096 12 168 192 408 0 0 8 84 326 401 0 1666 39 358 24 21 49
6120 12 164 169 408 0 0 4 88 327 371 0 1659 41 369 22 28 48
6144 10 116 177 408 0 0 4 88 326 346 0 1668 38 365 25 19 49
6168 9 113 161 408 0 1 2 89 327 362 0 1666 37 342 26 21 48
6192 9 100 174 408 0 0 7 85 320 374 0 1674 47 346 16 13 55
6216 8 109 189 408 0 0 2 90 315 388 0 1670 39 341 24 17 60
6240 7 96 168 408 0 0 7 85 315 360 0 1664 40 343 23 23 60
6264 7 85 175 408 0 0 1 91 318 362 0 1660 44 345 19 27 57
6288 7 101 163 408 0 0 0 92 318 333 0 1670 40 344 23 17 57
6312 7 81 164 408 0 0 6 86 314 336 0 1669 41 350 22 18 61
6336 7 70 194 408 0 0 3 89 324 312 0 1674 37 346 26 13 51
6360 7 69 161 408 0 0 2 90 310 341 0 1670 43 333 20 17 65
6384 7 65 170 408 0 0 3 89 323 340 0 1674 40 324 23 13 52
6408 7 79 153 408 0 0 3 89 320 338 0 1667 41 307 22 20 55
6432 6 76 166 408 0 1 2 89 320 286 0 1673 43 309 20 14 55
6456 6 56 167 408 0 0 2 90 319 299 0 1680 36 301 27 7 56
6480 6 63 174 408 0 0 4 88 322 319 0 1671 44 296 19 16 53
6504 6 76 178 408 0 0 4 88 315 310 0 1673 42 290 21 14 60
6528 5 55 182 408 0 0 2 90 325 308 0 1675 37 287 26 12 50
6552 5 45 165 408 0 0 1 91 320 296 0 1680 44 293 19 7 55
6576 5 54 162 408 0 0 3 89 326 301 0 1673 40 291 23 14 49
6600 5 63 163 408 0 0 2 90 307 281 0 1676 42 300 21 11 68
6624 5 53 165 408 0 0 0 92 317 291 0 1672 45 282 18 15 58
6648 5 53 167 408 0 0 2 90 322 287 0 1681 41 284 22 6 53
6672 5 53 171 408 0 0 2 90 313 276 0 1674 38 283 25 13 62
6696 4 37 183 408 0 0 4 88 320 282 0 1679 39 270 24 8 55
6720 4 47 159 408 0 0 0 92 332 292 0 1675 35 262 28 12 43
6744 4 49 165 408 0 0 3 89 319 278 0 1675 40 264 23 12 56
6768 3 52 146 408 0 0 3 89 323 283 0 1677 40 255 23 10 52
6792 3 32 156 408 0 0 2 90 316 265 0 1679 42 257 21 8 59
6816 3 22 147 408 0 0 1 91 324 257 0 1681 43 256 20 6 51
6840 3 29 136 408 0 0 0 92 315 250 0 1682 36 253 27 5 60
6864 3 35 132 408 0 1 0 91 322 265 0 1677 44 251 19 10 53
6888 3 22 126 408 0 0 0 92 320 261 0 1678 42 256 21 9 55
6912 3 31 143 408 0 0 3 89 329 242 0 1679 43 255 20 8 46
6936 3 36 159 408 0 0 1 91 329 221 0 1678 40 250 23 9 46
6960 3 40 129 408 0 0 3 89 319 225 0 1677 44 255 19 10 56
6984 3 33 150 408 0 0 4 88 333 212 0 1680 37 254 26 7 42
7008 3 23 158 408 0 0 2 90 334 204 0 1681 38 251 25 6 41
7032 3 28 149 408 0 0 0 92 314 207 0 1682 47 240 16 5 61
7056 3 25 139 408 0 0 1 91 314 208 0 1683 37 230 26 4 61
7080 3 22 131 408 0 0 0 92 312 217 0 1681 43 225 20 6 63
7104 3 26 149 408 0 0 0 92 340 233 0 1682 39 218 24 5 35
7128 3 28 157 408 0 0 1 91 316 240 0 1680 37 215 26 7 59
7152 3 30 145 408 0 0 3 89 317 227 0 1683 39 219 24 4 58
7176 3 29 148 408 0 0 2 90 312 233 0 1683 34 216 29 4 63
7200 3 25 146 408 0 0 2 90 324 218 0 1678 42 214 21 9 51
7224 3 29 149 408 0 0 0 92 322 224 0 1680 45 210 18 7 53
7248 3 32 133 408 0 0 2 90 317 225 0 1682 47 200 16 5 58
7272 3 22 144 408 0 0 1 91 316 223 0 1680 44 197 19 7 59
7296 3 33 135 408 0 0 0 92 325 229 0 1679 38 199 25 8 50
7320 3 34 134 408 0 0 3 89 334 222 0 1683 45 196 18 4 41
7344 3 31 150 408 0 0 3 89 312 241 0 1677 38 185 25 10 63
7368 2 14 179 408 0 0 0 92 321 221 0 1682 38 185 25 5 54
7392 2 17 171 408 0 0 0 92 323 206 0 1683 45 187 18 4 52
7416 2 14 151 408 0 0 0 92 307 197 0 1684 45 182 18 3 68
7440 2 12 156 408 0 0 0 92 328 183 0 1686 39 181 24 1 47
7464 2 18 154 408 0 0 1 91 322 184 0 1684 40 181 23 3 53
7488 2 16 137 408 0 0 0 92 321 180 0 1682 39 179 24 5 54
7512 2 9 109 408 0 0 1 91 306 183 0 1685 43 178 20 2 69
7536 2 22 133 408 0 0 1 91 315 203 0 1682 40 177 23 5 60
7560 2 11 150 408 0 0 0 92 323 192 0 1687 40 173 23 0 52
7584 2 20 169 408 0 0 0 92 322 199 0 1679 36 174 27 8 53
7608 2 12 151 408 0 0 2 90 325 196 0 1682 42 169 21 5 50
7632 2 10 146 408 0 0 0 92 319 181 0 1682 49 165 14 5 56
7656 2 13 149 408 0 0 0 92 315 165 0 1680 38 162 25 7 60
7680 2 12 141 408 0 0 0 92 327 165 0 1683 46 160 17 4 48
7704 2 16 146 408 0 0 0 92 322 158 0 1683 35 164 28 4 53
7728 2 21 150 408 0 0 0 92 319 162 0 1682 42 162 21 5 56
7752 2 17 140 408 0 0 2 90 316 177 0 1683 40 157 23 4 59
7776 2 13 125 408 0 0 0 92 319 183 0 1685 46 154 17 2 56
7800 2 10 135 408 0 0 0 92 328 173 0 1686 40 153 23 1 47
7824 2 22 121 408 0 0 0 92 320 186 0 1681 41 149 22 6 55
7848 2 16 140 408 0 0 0 92 308 190 0 1682 43 149 20 5 67
7872 2 22 132 408 0 0 0 92 314 188 0 1680 45 150 18 7 61
7896 2 13 143 408 0 0 0 92 315 187 0 1683 43 148 20 4 60
7920 2 15 149 408 0 0 0 92 321 176 0 1683 40 148 23 4 54
7944 2 17 155 408 0 0 0 92 322 173 0 1681 43 151 20 6 53
7968 2 10 144 408 0 0 0 92 327 166 0 1681 44 149 19 6 48
7992 2 8 126 408 0 0 1 91 315 154 0 1687 44 149 19 0 60
8016 2 14 131 408 0 0 0 92 326 148 0 1683 42 149 21 4 49
8040 2 14 137 408 0 0 0 92 330 144 0 1683 41 146 22 4 45
8064 2 12 143 408 0 0 0 92 322 147 0 1683 42 147 21 4 53
8088 1 10 133 408 0 0 1 91 323 148 0 1684 47 145 16 3 52
8112 1 3 127 408 0 0 0 92 314 126 0 1686 44 145 19 1 61
8136 1 6 125 408 0 0 0 92 325 120 0 1685 38 141 25 2 50
8160 1 7 150 408 0 0 0 92 315 105 0 1685 34 140 29 2 60
8184 1 3 130 408 0 0 0 92 317 102 0 1686 43 140 20 1 58
8208 1 4 129 408 0 0 0 92 316 108 0 1686 49 137 14 1 59
8232 1 8 125 408 0 0 0 92 326 112 0 1685 43 135 20 2 49
8256 1 10 116 408 0 0 0 92 319 110 0 1685 48 133 15 2 56
8280 1 10 114 408 0 0 0 92 319 109 0 1684 45 131 18 3 56
8304 1 4 93 408 0 0 0 92 320 105 0 1682 49 131 14 5 55
8328 1 6 110 408 0 0 0 92 319 106 0 1685 44 132 19 2 56
8352 1 10 140 408 0 0 0 92 319 100 0 1683 38 133 25 4 56
8376 1 7 124 408 0 0 0 92 316 100 0 1686 47 133 16 1 59
8400 1 7 138 408 0 0 0 92 317 97 0 1686 42 132 21 1 58
8424 1 5 132 408 0 0 0 92 316 92 0 1683 45 134 18 4 59
8448 1 7 141 408 0 0 0 92 305 89 0 1685 46 133 17 2 70
8472 1 4 133 408 0 0 0 92 324 91 0 1686 41 132 22 1 51
8496 1 4 119 408 0 0 0 92 323 90 0 1686 52 132 11 1 52
8520 1 5 131 408 0 0 1 91 323 88 0 1685 39 132 24 2 52
8544 1 5 125 408 0 0 0 92 304 81 0 1686 40 132 23 1 71
8568 1 7 115 408 0 0 1 91 314 83 0 1686 43 131 20 1 61
8592 1 8 116 408 0 0 0 92 320 89 0 1686 42 131 21 1 55
8616 1 9 118 408 0 0 0 92 330 90 0 1685 41 132 22 2 45
8640 1 7 134 408 0 0 1 91 322 91 0 1687 44 128 19 0 53
8664 1 11 122 408 0 0 0 92 329 97 0 1686 39 127 24 1 46
8688 1 7 135 408 0 0 2 90 323 93 0 1684 46 129 17 3 52
8712 1 7 127 408 0 0 2 90 322 93 0 1684 41 128 22 3 53
8736 1 8 141 408 0 0 0 92 336 97 0 1685 37 128 26 2 39
8760 1 10 127 408 0 0 1 91 328 103 0 1684 38 128 25 3 47
