Time EBV Teff Treg ODC_le1 ODC_le2 ODC_le3 ODC_le4 ODC_le5 NK IL2 DAC Resting_Teff Resting_Treg EffectorMemory Resting_Treg_temp Resting_Teff_temp NK_temp
0.0 0 0 0 0 0 0 0 500 375 1000 0 1687 63 0 0 0 0
24 0 0 0 0 0 0 0 500 326 931 0 1687 63 0 0 0 49
48 0 0 0 0 0 0 0 500 334 830 0 1687 63 0 0 0 41
72 0 0 0 0 0 0 0 500 338 752 0 1687 63 0 0 0 37
96 0 0 0 0 0 0 0 500 325 681 0 1687 63 0 0 0 50
120 0 0 0 0 0 0 0 500 334 609 0 1687 63 0 0 0 41
144 0 0 0 0 0 0 0 500 341 541 0 1687 63 0 0 0 34
168.0 1000 0 0 0 0 0 0 500 331 491 0 1687 63 0 0 0 44
192 346 5830 96 16 28 72 159 225 274 857 0 1167 47 385 16 520 101
216 69 3578 149 85 55 90 118 152 260 328 0 1520 40 462 23 167 115
240 20 949 163 130 23 56 103 188 289 213 0 1644 34 485 29 43 86
264 15 295 158 136 9 27 68 260 303 257 0 1655 40 445 23 32 72
288 13 174 168 137 1 7 37 318 320 300 0 1660 41 403 22 27 55
312 11 151 161 137 0 2 19 342 322 339 0 1660 46 382 17 27 53
336 9 121 171 137 0 2 18 343 331 326 0 1671 35 378 28 16 44
360 8 117 162 137 0 0 12 351 322 334 0 1673 41 361 22 14 53
384 8 91 173 137 0 0 14 349 314 311 0 1671 38 364 25 16 61
408 4 73 157 137 0 0 16 347 318 302 0 1681 47 355 16 6 57
432 4 45 148 137 0 0 9 354 320 288 0 1680 42 355 21 7 55
456 4 56 155 137 0 0 7 356 329 269 0 1676 34 353 29 11 46
480 4 37 149 137 0 0 11 352 320 268 0 1680 45 345 18 7 55
504 4 50 137 137 0 0 11 352 319 269 0 1676 44 333 19 11 56
528 4 45 147 137 0 0 3 360 320 275 0 1674 44 320 19 13 55
552 4 37 164 137 0 0 5 358 310 273 0 1676 43 309 20 11 65
576 3 40 140 137 0 1 6 356 311 278 0 1679 40 299 23 8 64
600 3 36 142 137 0 1 8 354 319 255 0 1677 39 302 24 10 56
624 3 24 152 137 0 0 6 357 328 238 0 1682 43 301 20 5 47
648 3 29 148 137 0 0 3 360 329 234 0 1679 39 294 24 8 46
672 3 28 155 137 0 0 6 357 332 237 0 1680 42 283 21 7 43
696 2 41 142 137 0 0 1 362 304 233 0 1676 41 285 22 11 71
720 2 21 145 137 0 0 5 358 321 216 0 1682 35 284 28 5 54
744 2 23 148 137 0 0 3 360 319 212 0 1682 41 275 22 5 56
768 2 16 138 137 0 0 2 361 317 208 0 1685 47 268 16 2 58
792 2 21 155 137 0 0 5 358 315 200 0 1685 46 258 17 2 60
816 2 19 139 137 0 0 4 359 311 195 0 1684 39 255 24 3 64
840 2 23 154 137 0 0 3 360 324 185 0 1679 34 250 29 8 51
864 2 20 146 137 0 0 4 359 329 177 0 1683 39 248 24 4 46
888 2 18 138 137 0 0 5 358 314 177 0 1682 41 242 22 5 61
912 2 35 139 137 0 0 4 359 306 178 0 1679 42 233 21 8 69
936 2 16 137 137 0 0 3 360 335 168 0 1682 41 233 22 5 40
960 2 23 136 137 0 0 2 361 317 170 0 1681 43 232 20 6 58
984 2 19 129 137 0 0 2 361 321 182 0 1682 44 228 19 5 54
1008 2 27 147 137 0 0 4 359 320 192 0 1679 38 223 25 8 55
1032 2 16 137 137 0 0 4 359 321 191 0 1681 43 223 20 6 54
1056 2 25 148 137 0 0 7 356 319 184 0 1682 45 217 18 5 56
1080 2 21 141 137 0 0 5 358 308 179 0 1682 42 214 21 5 67
1104 2 16 136 137 0 0 5 358 327 170 0 1682 42 210 21 5 48
1128 2 15 143 137 0 0 4 359 316 169 0 1685 37 206 26 2 59
1152 2 14 148 137 0 0 4 359 318 170 0 1684 42 205 21 3 57
1176 2 13 124 137 0 0 4 359 330 170 0 1686 40 200 23 1 45
1200 2 23 134 137 0 0 3 360 314 181 0 1681 42 195 21 6 61
1224 2 11 128 137 0 0 3 360 309 174 0 1683 46 195 17 4 66
1248 2 19 131 137 0 0 5 358 317 179 0 1679 45 191 18 8 58
1272 2 17 142 137 0 0 6 357 322 170 0 1685 42 198 21 2 53
1296 2 13 128 137 0 0 3 360 319 161 0 1682 46 194 17 5 56
1320 2 10 132 137 0 0 3 360 315 165 0 1685 41 186 22 2 60
1344 2 12 139 137 0 0 2 361 343 161 0 1684 32 181 31 3 32
1368 2 20 137 137 0 0 1 362 322 159 0 1685 37 180 26 2 53
1392 2 18 134 137 0 0 2 361 323 168 0 1685 41 176 22 2 52
1416 2 12 130 137 0 0 1 362 318 173 0 1679 42 175 21 8 57
1440 2 19 118 137 0 0 3 360 333 173 0 1683 38 174 25 4 42
1464 2 15 124 137 0 0 3 360 323 170 0 1686 42 172 21 1 52
1488 2 17 118 137 0 0 4 359 327 173 0 1683 37 174 26 4 48
1512 2 16 126 137 0 0 3 360 330 185 0 1681 41 173 22 6 45
1536 2 24 119 137 0 0 2 361 324 180 0 1685 41 172 22 2 51
1560 2 16 142 137 0 0 6 357 320 179 0 1685 33 171 30 2 55
1584 2 19 138 137 0 0 5 358 323 167 0 1682 46 173 17 5 52
1608.0 1002 14 126 137 0 0 3 360 319 167 0 1684 44 174 19 3 56
1632 365 5140 159 144 19 52 120 165 271 874 0 1152 45 377 18 535 104
1656 82 3218 186 202 29 63 93 113 277 350 0 1507 35 445 28 180 98
1680 26 1011 177 230 12 33 76 149 274 249 0 1627 39 475 24 60 101
1704 15 335 154 236 6 15 44 199 301 257 0 1656 43 460 20 31 74
1728 13 198 139 237 0 4 28 231 319 315 0 1665 39 438 24 22 56
1752 10 138 159 237 0 2 23 238 319 329 0 1662 37 419 26 25 56
1776 10 130 176 237 0 2 14 247 320 361 0 1662 40 386 23 25 55
1800 7 109 153 237 0 0 15 248 311 329 0 1669 37 388 26 18 64
1824 6 71 167 237 0 0 7 256 321 311 0 1669 40 379 23 18 54
1848 5 70 171 237 0 1 5 257 313 319 0 1670 44 364 19 17 62
1872 5 60 151 237 0 0 5 258 331 284 0 1678 44 360 19 9 44
1896 5 54 158 237 0 0 12 251 318 290 0 1671 42 355 21 16 57
1920 5 64 150 237 0 0 11 252 316 305 0 1672 35 350 28 15 59
1944 5 67 154 237 0 0 5 258 336 281 0 1679 39 338 24 8 39
1968 5 70 135 237 0 0 8 255 326 274 0 1675 33 329 30 12 49
1992 4 39 157 237 0 1 9 253 326 269 0 1680 46 321 17 7 49
2016 4 55 166 237 0 0 5 258 321 278 0 1673 36 310 27 14 54
2040 4 44 176 237 0 1 4 258 306 290 0 1675 37 303 26 12 69
2064 4 41 170 237 0 0 8 255 312 278 0 1683 35 296 28 4 63
2088 3 29 152 237 0 0 4 259 331 265 0 1682 47 298 16 5 44
2112 3 32 147 237 0 0 8 255 309 256 0 1682 44 297 19 5 66
2136 3 20 140 237 0 0 1 262 312 255 0 1682 47 290 16 5 63
2160 3 29 143 237 0 0 4 259 316 265 0 1683 44 286 19 4 59
2184 3 20 158 237 0 0 7 256 327 260 0 1683 44 286 19 4 48
2208 3 32 164 237 0 0 1 262 330 250 0 1671 40 278 23 16 45
2232 2 17 165 237 0 0 4 259 315 231 0 1685 42 279 21 2 60
2256 2 16 161 237 0 0 2 261 327 218 0 1684 38 276 25 3 48
2280 2 13 146 237 0 0 2 261 310 202 0 1681 40 273 23 6 65
2304 2 26 132 237 0 0 1 262 324 197 0 1678 41 266 22 9 51
2328 2 18 140 237 0 0 5 258 325 199 0 1685 37 265 26 2 50
2352 2 19 138 237 0 0 3 260 328 207 0 1678 36 254 27 9 47
2376 2 14 131 237 0 0 4 259 334 201 0 1685 44 249 19 2 41
2400 2 15 139 237 0 0 2 261 331 205 0 1682 41 243 22 5 44
2424 2 18 135 237 0 0 2 261 324 197 0 1682 46 242 17 5 51
2448 2 23 125 237 0 0 2 261 331 199 0 1683 38 238 25 4 44
2472 2 14 145 237 0 0 4 259 308 191 0 1686 42 238 21 1 67
2496 1 9 140 237 0 0 3 260 319 182 0 1687 37 232 26 0 56
2520 1 10 133 237 0 0 3 260 325 170 0 1684 43 230 20 3 50
2544 1 9 136 237 0 0 1 262 315 155 0 1685 44 226 19 2 60
2568 1 10 130 237 0 0 1 262 317 141 0 1683 46 223 17 4 58
2592 1 9 137 237 0 0 1 262 330 140 0 1683 42 222 21 4 45
2616 1 5 145 237 0 0 1 262 324 140 0 1685 42 220 21 2 51
2640 1 12 124 237 0 0 1 262 327 136 0 1685 47 214 16 2 48
2664 1 5 123 237 0 0 2 261 327 129 0 1685 40 213 23 2 48
2688 1 3 135 237 0 0 1 262 319 130 0 1686 48 212 15 1 56
2712 1 6 114 237 0 0 0 263 323 135 0 1684 47 209 16 3 52
2736 1 9 131 237 0 0 2 261 325 131 0 1686 38 206 25 1 50
2760 1 9 133 237 0 0 2 261 324 125 0 1685 45 203 18 2 51
2784 1 8 133 237 0 0 2 261 326 122 0 1684 40 202 23 3 49
2808 1 9 148 237 0 0 2 261 327 123 0 1683 35 200 28 4 48
2832 1 9 135 237 0 0 1 262 319 123 0 1683 34 197 29 4 56
2856 1 12 129 237 0 0 3 260 323 119 0 1686 42 197 21 1 52
2880 1 10 144 237 0 0 1 262 330 121 0 1685 46 196 17 2 45
2904 1 8 137 237 0 0 0 263 319 109 0 1687 48 195 15 0 56
2928 1 7 121 237 0 0 1 262 324 116 0 1684 38 194 25 3 51
2952 1 11 147 237 0 0 3 260 325 122 0 1682 42 194 21 5 50
2976 1 7 143 237 0 0 1 262 324 122 0 1685 36 192 27 2 51
3000 1 7 131 237 0 0 4 259 323 119 0 1686 31 187 32 1 52
3024 1 10 131 237 0 0 2 261 322 128 0 1682 43 185 20 5 53
3048.0 1001 6 127 237 0 0 2 261 326 118 0 1685 42 185 21 2 49
3072 372 5131 191 245 14 42 80 119 266 873 0 1140 44 383 19 547 109
3096 99 3402 170 276 18 35 76 95 276 383 0 1448 40 419 23 239 99
3120 28 1147 186 298 10 39 47 106 298 236 0 1628 41 446 22 59 77
3144 21 414 182 306 6 14 34 140 309 286 0 1642 38 406 25 45 66
3168 17 223 172 307 0 5 27 161 315 360 0 1644 40 383 23 43 60
3192 13 166 167 307 0 3 22 168 314 366 0 1662 43 384 20 25 61
3216 10 178 154 307 0 2 14 177 317 378 0 1656 43 380 20 31 58
3240 10 129 165 307 0 1 16 176 307 367 0 1670 37 365 26 17 68
3264 10 115 186 307 0 1 12 180 304 349 0 1666 36 355 27 21 71
3288 10 133 181 307 0 0 11 182 311 366 0 1661 41 346 22 26 64
3312 9 114 157 307 0 0 11 182 315 364 0 1670 36 356 27 17 60
3336 7 113 163 307 0 0 11 182 335 346 0 1664 38 351 25 23 40
3360 6 75 165 307 0 0 17 176 322 328 0 1680 42 348 21 7 53
3384 6 70 159 307 0 0 7 186 318 312 0 1675 40 332 23 12 57
3408 6 70 162 307 0 0 8 185 321 306 0 1666 39 322 24 21 54
3432 6 66 150 307 0 0 6 187 321 284 0 1672 41 317 22 15 54
3456 6 70 126 307 0 0 6 187 324 305 0 1674 47 308 16 13 51
3480 6 75 160 307 0 1 5 187 325 312 0 1671 38 301 25 16 50
3504 6 59 152 307 0 2 4 187 320 318 0 1672 42 297 21 15 55
3528 5 47 153 307 0 0 8 185 314 319 0 1681 40 289 23 6 61
3552 5 57 160 307 0 0 5 188 334 328 0 1670 37 284 26 17 41
3576 4 48 173 307 0 0 2 191 321 303 0 1676 37 277 26 11 54
3600 4 44 162 307 0 0 6 187 324 318 0 1673 40 271 23 14 51
3624 4 32 184 307 0 0 3 190 312 292 0 1680 44 269 19 7 63
3648 4 39 142 307 0 0 1 192 309 293 0 1679 41 267 22 8 66
3672 3 44 131 307 0 0 5 188 314 276 0 1678 35 265 28 9 61
3696 3 31 141 307 0 0 4 189 308 259 0 1682 35 265 28 5 67
3720 3 41 158 307 0 0 1 192 325 252 0 1678 41 261 22 9 50
3744 2 15 151 307 0 0 2 191 323 246 0 1683 39 267 24 4 52
3768 2 18 128 307 0 0 2 191 316 231 0 1685 47 261 16 2 59
3792 2 17 130 307 0 0 2 191 319 205 0 1685 43 260 20 2 56
3816 2 28 135 307 0 0 4 189 322 204 0 1684 42 261 21 3 53
3840 2 22 140 307 0 0 3 190 309 204 0 1682 45 252 18 5 66
3864 2 14 131 307 0 0 2 191 319 189 0 1685 39 253 24 2 56
3888 2 19 137 307 0 0 2 191 315 187 0 1681 41 250 22 6 60
3912 2 18 142 307 0 0 2 191 324 196 0 1682 49 244 14 5 51
3936 2 19 145 307 0 0 2 191 322 190 0 1683 43 239 20 4 53
3960 2 20 161 307 0 0 1 192 318 189 0 1683 44 234 19 4 57
3984 2 26 164 307 0 0 4 189 321 194 0 1677 38 229 25 10 54
4008 2 19 156 307 0 0 2 191 314 184 0 1681 42 229 21 6 61
4032 2 18 144 307 0 0 2 191 321 178 0 1682 42 227 21 5 54
4056 2 14 143 307 0 0 1 192 327 170 0 1685 42 223 21 2 48
4080 2 15 136 307 0 0 1 192 330 180 0 1684 42 218 21 3 45
4104 2 15 133 307 0 0 0 193 327 189 0 1681 46 215 17 6 48
4128 2 21 155 307 0 0 3 190 329 183 0 1678 30 215 33 9 46
4152 2 11 143 307 0 0 1 192 324 177 0 1679 41 215 22 8 51
4176 2 15 135 307 0 0 0 193 314 180 0 1684 46 211 17 3 61
4200 2 12 136 307 0 0 2 191 322 160 0 1685 44 211 19 2 53
4224 2 12 120 307 0 0 2 191 319 151 0 1686 43 213 20 1 56
4248 2 16 123 307 0 0 2 191 330 156 0 1684 44 207 19 3 45
4272 2 23 123 307 0 0 0 193 325 165 0 1679 41 202 22 8 50
4296 2 11 121 307 0 0 0 193 324 162 0 1685 42 198 21 2 51
4320 2 12 136 307 0 0 2 191 316 162 0 1684 35 196 28 3 59
4344 2 20 157 307 0 0 3 190 321 167 0 1684 41 198 22 3 54
4368 2 13 130 307 0 0 0 193 319 165 0 1682 38 197 25 5 56
4392 2 18 139 307 0 0 0 193 322 162 0 1685 33 193 30 2 53
4416 2 17 146 307 0 0 0 193 323 155 0 1682 38 197 25 5 52
4440 2 19 149 307 0 0 2 191 327 165 0 1681 39 191 24 6 48
4464 2 13 128 307 0 0 1 192 317 151 0 1680 46 192 17 7 58
4488.0 1002 16 118 307 0 0 1 192 323 153 0 1679 46 189 17 8 52
4512 356 5287 139 313 9 19 72 87 280 823 0 1137 47 382 16 550 95
4536 75 3323 167 339 16 26 55 64 288 361 0 1519 40 470 23 168 87
4560 30 1139 163 353 13 27 31 76 288 261 0 1625 38 457 25 62 87
4584 18 397 166 356 3 12 41 88 315 300 0 1646 42 436 21 41 60
4608 15 248 187 356 2 6 25 111 317 340 0 1654 42 383 21 33 58
4632 13 186 171 358 1 1 14 126 305 356 0 1650 39 378 24 37 70
4656 10 135 166 358 0 3 10 129 313 366 0 1668 37 364 26 19 62
4680 8 109 155 358 0 1 8 133 304 367 0 1666 43 361 20 21 71
4704 5 71 141 358 0 1 6 135 324 329 0 1676 42 372 21 11 51
4728 5 53 153 358 0 0 3 139 319 318 0 1678 43 362 20 9 56
4752 5 61 182 358 0 0 3 139 324 314 0 1674 40 356 23 13 51
4776 5 71 151 358 0 0 0 142 324 337 0 1669 45 342 18 18 51
4800 5 60 162 358 0 0 4 138 319 320 0 1678 29 333 34 9 56
4824 5 38 158 358 0 0 5 137 328 300 0 1677 44 324 19 10 47
4848 5 48 166 358 0 0 0 142 315 309 0 1674 39 319 24 13 60
4872 5 66 153 358 0 0 7 135 320 312 0 1676 45 318 18 11 55
4896 5 50 155 358 0 0 2 140 328 305 0 1676 43 319 20 11 47
4920 5 59 147 358 0 0 2 140 311 293 0 1679 33 313 30 8 64
4944 5 56 154 358 0 0 4 138 312 273 0 1674 42 305 21 13 63
4968 4 34 133 358 0 0 3 139 323 297 0 1678 48 302 15 9 52
4992 4 49 170 358 0 0 6 136 320 273 0 1682 43 305 20 5 55
5016 4 42 145 358 0 0 6 136 329 287 0 1677 41 297 22 10 46
5040 4 51 143 358 0 0 8 134 323 282 0 1676 45 293 18 11 52
5064 4 52 162 358 0 0 1 141 316 274 0 1676 39 292 24 11 59
5088 4 54 146 358 0 0 2 140 325 272 0 1674 45 288 18 13 50
5112 4 51 158 358 0 0 6 136 311 265 0 1676 44 285 19 11 64
5136 3 28 160 358 0 0 1 141 324 248 0 1680 36 283 27 7 51
5160 3 30 161 358 0 0 1 141 332 247 0 1677 37 277 26 10 43
5184 3 33 156 358 0 0 1 141 327 243 0 1679 43 273 20 8 48
5208 3 31 158 358 0 0 0 142 313 233 0 1680 45 267 18 7 62
5232 3 34 155 358 0 0 0 142 319 229 0 1681 35 262 28 6 56
5256 3 32 154 358 0 0 3 139 317 231 0 1674 43 258 20 13 58
5280 3 32 164 358 0 0 2 140 320 219 0 1683 37 260 26 4 55
5304 3 29 159 358 0 0 2 140 322 221 0 1681 44 254 19 6 53
5328 3 31 186 358 0 0 1 141 319 227 0 1678 37 249 26 9 56
5352 3 18 163 358 0 0 0 142 320 208 0 1684 49 246 14 3 55
5376 3 32 136 358 0 0 1 141 318 226 0 1677 44 244 19 10 57
5400 3 33 138 358 0 0 1 141 310 230 0 1679 37 234 26 8 65
5424 3 36 151 358 0 0 0 142 318 227 0 1683 34 228 29 4 57
5448 3 29 151 358 0 0 3 139 320 217 0 1680 44 231 19 7 55
5472 3 26 159 358 0 0 1 141 318 221 0 1681 38 222 25 6 57
5496 3 34 161 358 0 0 3 139 312 225 0 1679 36 217 27 8 63
5520 3 34 167 358 0 0 2 140 317 234 0 1682 35 207 28 5 58
5544 3 23 151 358 0 0 1 141 332 207 0 1684 42 207 21 3 43
5568 3 10 156 358 0 0 4 138 310 199 0 1684 48 202 15 3 65
5592 3 19 159 358 0 0 1 141 317 197 0 1680 41 201 22 7 58
5616 3 32 155 358 0 0 1 141 312 183 0 1683 38 198 25 4 63
5640 3 22 143 358 0 0 1 141 314 197 0 1682 43 195 20 5 61
5664 3 37 142 358 0 0 2 140 323 198 0 1681 40 190 23 6 52
5688 3 23 164 358 0 0 1 141 323 197 0 1681 38 192 25 6 52
5712 3 24 151 358 0 0 4 138 310 201 0 1681 37 189 26 6 65
5736 3 34 154 358 0 0 1 141 323 217 0 1675 37 188 26 12 52
5760 3 27 150 358 0 0 1 141 325 213 0 1682 36 191 27 5 50
5784 3 30 142 358 0 0 2 140 331 216 0 1681 43 187 20 6 44
5808 3 18 129 358 0 0 3 139 324 222 0 1679 40 183 23 8 51
5832 2 22 145 358 0 0 2 140 327 210 0 1684 41 178 22 3 48
5856 2 14 150 358 0 0 2 140 332 202 0 1682 44 174 19 5 43
5880 2 15 147 358 0 0 3 139 314 198 0 1683 37 176 26 4 61
5904 2 14 132 358 0 0 2 140 330 179 0 1681 49 175 14 6 45
5928.0 1002 15 141 358 0 0 2 140 329 169 0 1683 41 176 22 4 46
5952 383 5213 201 362 5 12 44 77 277 923 0 1164 40 386 23 523 98
5976 88 3378 194 389 9 20 27 55 278 388 0 1473 40 456 23 214 97
6000 31 1169 171 406 0 17 24 53 297 260 0 1614 41 474 22 73 78
6024 14 319 160 406 4 6 17 67 310 260 0 1650 42 461 21 37 65
6048 12 186 188 406 1 3 10 80 321 306 0 1665 32 443 31 22 54
6072 10 142 168 406 0 1 11 82 323 354 0 1667 35 403 28 20 52
6096 8 112 174 406 0 0 7 87 320 367 0 1667 38 370 25 20 55
6120 8 99 168 406 0 0 4 90 328 373 0 1666 40 358 23 21 47
6144 8 86 154 406 0 0 3 91 324 372 0 1671 43 352 20 16 51
6168 5 70 161 406 0 0 3 91 324 339 0 1676 41 335 22 11 51
6192 5 49 167 406 0 0 4 90 320 323 0 1677 41 322 22 10 55
6216 5 51 161 406 0 0 1 93 331 323 0 1677 42 314 21 10 44
6240 5 54 160 406 0 1 0 93 322 318 0 1678 37 317 26 9 53
6264 5 50 170 406 0 1 3 90 309 328 0 1673 39 305 24 14 66
6288 5 60 155 406 0 1 3 90 315 312 0 1671 33 305 30 16 60
6312 5 42 157 406 0 0 1 93 332 298 0 1677 36 307 27 10 43
6336 5 46 161 406 0 0 3 91 313 299 0 1674 46 292 17 13 62
6360 5 65 137 406 0 0 3 91 332 297 0 1670 48 292 15 17 43
6384 5 47 149 406 0 0 3 91 318 273 0 1677 39 295 24 10 57
6408 3 31 152 406 0 0 4 90 321 271 0 1682 45 287 18 5 54
6432 3 34 161 406 0 0 3 91 321 253 0 1682 38 287 25 5 54
6456 3 33 153 406 0 0 2 92 323 248 0 1681 42 279 21 6 52
6480 2 37 153 406 0 0 1 93 318 239 0 1684 32 271 31 3 57
6504 2 15 169 406 0 0 2 92 319 230 0 1684 39 271 24 3 56
6528 2 8 140 406 0 0 1 93 313 191 0 1686 45 272 18 1 62
6552 2 20 146 406 0 0 1 93 326 198 0 1682 42 268 21 5 49
6576 2 19 153 406 0 0 0 94 325 181 0 1683 39 265 24 4 50
6600 2 15 142 406 0 0 0 94 322 172 0 1682 43 262 20 5 53
6624 2 22 147 406 0 0 1 93 324 184 0 1679 39 254 24 8 51
6648 2 16 149 406 0 0 1 93 312 179 0 1682 43 251 20 5 63
6672 2 15 140 406 0 0 0 94 318 163 0 1686 39 252 24 1 57
6696 2 18 141 406 0 0 1 93 321 165 0 1682 35 247 28 5 54
6720 2 16 154 406 0 0 1 93 331 170 0 1682 37 244 26 5 44
6744 2 18 164 406 0 0 0 94 325 166 0 1683 39 240 24 4 50
6768 2 22 124 406 0 0 0 94 319 166 0 1681 40 239 23 6 56
6792 2 14 134 406 0 0 1 93 329 165 0 1685 44 230 19 2 46
6816 2 10 133 406 0 0 0 94 316 160 0 1686 41 228 22 1 59
6840 2 19 135 406 0 0 1 93 328 169 0 1679 44 226 19 8 47
6864 2 26 131 406 0 0 1 93 321 170 0 1680 36 224 27 7 54
6888 2 24 141 406 0 1 3 90 326 169 0 1684 38 220 25 3 49
6912 2 13 135 406 0 0 0 94 324 168 0 1685 39 216 24 2 51
6936 2 16 139 406 0 0 1 93 321 176 0 1683 44 214 19 4 54
6960 2 19 140 406 0 0 3 91 330 174 0 1678 39 217 24 9 45
6984 2 30 134 406 0 0 1 93 317 178 0 1679 37 214 26 8 58
7008 2 27 161 406 0 0 0 94 307 170 0 1682 42 214 21 5 68
7032 2 16 155 406 0 0 1 93 319 157 0 1684 44 212 19 3 56
7056 2 23 134 406 0 0 2 92 328 166 0 1680 33 212 30 7 47
7080 2 14 144 406 0 0 0 94 330 175 0 1685 46 207 17 2 45
7104 2 13 120 406 0 0 0 94 324 169 0 1685 47 201 16 2 51
7128 2 19 146 406 0 0 0 94 319 159 0 1682 41 201 22 5 56
7152 2 14 153 406 0 0 0 94 328 151 0 1684 41 199 22 3 47
7176 2 12 147 406 0 0 1 93 336 167 0 1687 38 190 25 0 39
7200 2 17 142 406 0 0 1 93 311 164 0 1682 45 191 18 5 64
7224 2 14 129 406 0 0 0 94 327 159 0 1678 35 189 28 9 48
7248 2 14 125 406 0 0 0 94 313 163 0 1684 39 185 24 3 62
7272 2 10 132 406 0 0 3 91 322 166 0 1683 48 179 15 4 53
7296 2 17 136 406 0 0 1 93 322 174 0 1684 51 177 12 3 53
7320 2 14 139 406 0 0 1 93 321 178 0 1682 43 175 20 5 54
7344 2 19 127 406 0 0 2 92 312 166 0 1685 36 175 27 2 63
7368 2 13 125 406 0 0 0 94 323 172 0 1683 40 175 23 4 52
7392 2 17 141 406 0 0 0 94 321 165 0 1684 40 175 23 3 54
7416 2 11 134 406 0 0 0 94 319 160 0 1687 42 176 21 0 56
7440 2 21 129 406 0 0 1 93 324 174 0 1682 42 168 21 5 51
7464 2 16 137 406 0 0 2 92 318 177 0 1681 42 163 21 6 57
7488 2 19 126 406 0 0 0 94 324 176 0 1683 41 162 22 4 51
7512 2 16 139 406 0 0 0 94 319 175 0 1680 39 158 24 7 56
7536 2 16 141 406 0 0 0 94 327 176 0 1684 35 157 28 3 48
7560 2 21 144 406 0 0 0 94 322 166 0 1677 43 154 20 10 53
7584 2 13 142 406 0 0 4 90 330 163 0 1683 44 155 19 4 45
7608 2 16 151 406 0 0 2 92 312 176 0 1683 39 153 24 4 63
7632 2 22 135 406 0 0 2 92 312 179 0 1680 43 153 20 7 63
7656 2 20 154 406 0 0 0 94 320 172 0 1683 36 148 27 4 55
7680 1 10 149 406 0 0 0 94 324 156 0 1684 33 150 30 3 51
7704 1 9 139 406 0 0 2 92 326 149 0 1683 41 150 22 4 49
7728 1 4 126 406 0 0 0 94 314 132 0 1686 47 151 16 1 61
7752 1 10 118 406 0 0 1 93 317 129 0 1684 44 151 19 3 58
7776 1 8 132 406 0 0 1 93 322 118 0 1686 43 149 20 1 53
7800 1 6 126 406 0 0 0 94 325 117 0 1686 44 149 19 1 50
7824 1 9 128 406 0 0 0 94 319 113 0 1687 42 148 21 0 56
7848 1 4 132 406 0 0 0 94 329 107 0 1686 42 147 21 1 46
7872 1 10 138 406 0 0 0 94 323 109 0 1685 43 146 20 2 52
7896 1 6 148 406 0 0 0 94 331 100 0 1686 46 146 17 1 44
7920 1 7 128 406 0 0 0 94 328 96 0 1685 39 147 24 2 47
7944 1 6 119 406 0 0 1 93 326 95 0 1687 40 148 23 0 49
7968 1 7 133 406 0 0 0 94 328 98 0 1684 45 146 18 3 47
7992 1 7 126 406 0 0 0 94 332 91 0 1684 49 145 14 3 43
8016 1 6 123 406 0 0 0 94 319 92 0 1683 38 144 25 4 56
8040 1 6 120 406 0 0 0 94 330 87 0 1682 46 143 17 5 45
8064 1 3 114 406 0 0 0 94 323 86 0 1685 48 142 15 2 52
8088 1 7 112 406 0 0 0 94 332 77 0 1686 48 142 15 1 43
8112 1 5 118 406 0 0 0 94 323 85 0 1684 36 142 27 3 52
8136 1 8 140 406 0 0 1 93 327 96 0 1683 40 142 23 4 48
8160 1 13 146 406 0 0 0 94 318 99 0 1685 47 142 16 2 57
8184 1 10 149 406 0 0 1 93 333 98 0 1684 46 142 17 3 42
8208 1 4 124 406 0 0 0 94 320 98 0 1686 40 141 23 1 55
8232 1 7 132 406 0 0 0 94 327 99 0 1687 43 138 20 0 48
8256 1 9 126 406 0 0 0 94 325 104 0 1683 39 137 24 4 50
8280 1 9 123 406 0 0 1 93 315 99 0 1683 41 137 22 4 60
8304 1 5 134 406 0 0 0 94 324 100 0 1686 47 137 16 1 51
8328 1 10 117 406 0 0 0 94 326 110 0 1684 45 137 18 3 49
8352 1 7 124 406 0 0 1 93 315 100 0 1685 36 135 27 2 60
8376 1 9 125 406 0 0 0 94 318 101 0 1683 43 135 20 4 57
8400 1 5 141 406 0 0 0 94 313 106 0 1686 39 132 24 1 62
8424 1 7 148 406 0 0 0 94 320 102 0 1684 47 132 16 3 55
8448 1 11 146 406 0 0 1 93 317 104 0 1683 33 128 30 4 58
8472 1 10 138 406 0 0 1 93 319 104 0 1683 39 129 24 4 56
8496 1 11 141 406 0 0 0 94 324 103 0 1682 39 127 24 5 51
8520 1 5 141 406 0 0 1 93 325 97 0 1686 42 127 21 1 50
8544 1 6 128 406 0 0 0 94 327 103 0 1686 43 126 20 1 48
8568 1 9 130 406 0 0 0 94 331 105 0 1685 41 127 22 2 44
8592 1 7 123 406 0 0 0 94 302 100 0 1686 38 126 25 1 73
8616 1 7 117 406 0 0 1 93 315 99 0 1684 42 126 21 3 60
8640 1 9 132 406 0 0 0 94 318 97 0 1685 38 124 25 2 57
8664 1 6 130 406 0 0 0 94 318 94 0 1685 39 124 24 2 57
8688 1 4 131 406 0 0 0 94 330 96 0 1685 45 121 18 2 45
8712 1 12 133 406 0 0 1 93 324 103 0 1685 36 119 27 2 51
8736 1 6 113 406 0 0 1 93 324 99 0 1687 47 121 16 0 51
8760 1 8 130 406 0 0 0 94 309 97 0 1684 44 121 19 3 66
