Time EBV Teff Treg ODC_le1 ODC_le2 ODC_le3 ODC_le4 ODC_le5 NK IL2 DAC Resting_Teff Resting_Treg EffectorMemory Resting_Treg_temp Resting_Teff_temp NK_temp
0.0 0 0 0 0 0 0 0 500 375 1000 0 1687 63 0 0 0 0
24 0 0 0 0 0 0 0 500 335 920 0 1687 63 0 0 0 40
48 0 0 0 0 0 0 0 500 341 821 0 1687 63 0 0 0 34
72 0 0 0 0 0 0 0 500 339 752 0 1687 63 0 0 0 36
96 0 0 0 0 0 0 0 500 320 675 0 1687 63 0 0 0 55
120 0 0 0 0 0 0 0 500 335 607 0 1687 63 0 0 0 40
144 0 0 0 0 0 0 0 500 321 551 0 1687 63 0 0 0 54
168.0 1000 0 0 0 0 0 0 500 326 497 0 1687 63 0 0 0 49
192 352 5686 118 19 35 63 148 235 275 843 0 1179 45 417 18 508 100
216 71 3460 168 108 38 86 132 136 259 320 0 1509 43 465 20 178 116
240 26 1106 184 162 22 46 90 180 298 252 0 1622 38 449 25 65 77
264 17 297 184 167 10 16 60 247 313 309 0 1646 34 409 29 41 62
288 16 207 179 169 0 10 32 289 313 336 0 1661 39 380 24 26 62
312 16 181 172 169 0 7 27 297 314 397 0 1660 47 367 16 27 61
336 14 183 182 169 0 3 24 304 315 397 0 1651 39 380 24 36 60
360 13 163 166 169 0 4 16 311 312 385 0 1663 41 383 22 24 63
384 13 156 173 169 0 2 16 313 326 405 0 1655 44 354 19 32 49
408 12 165 169 169 0 2 23 306 317 399 0 1662 43 352 20 25 58
432 12 190 176 169 1 2 20 308 314 377 0 1651 39 343 24 36 61
456 10 148 162 169 0 0 18 313 316 356 0 1666 46 336 17 21 59
480 9 123 163 169 0 1 17 313 327 337 0 1666 44 339 19 21 48
504 8 94 180 169 0 1 25 305 320 343 0 1667 44 330 19 20 55
528 8 85 165 169 0 1 13 317 324 372 0 1667 40 326 23 20 51
552 8 86 169 169 0 1 18 312 325 362 0 1665 41 324 22 22 50
576 8 97 179 169 0 1 10 320 328 354 0 1667 42 300 21 20 47
600 7 66 181 169 0 0 13 318 322 330 0 1673 34 295 29 14 53
624 7 82 174 169 0 0 12 319 325 341 0 1672 35 274 28 15 50
648 5 37 161 169 0 1 6 324 332 316 0 1677 44 278 19 10 43
672 5 44 172 169 0 0 3 328 319 320 0 1676 37 271 26 11 56
696 5 50 159 169 0 0 6 325 338 306 0 1673 50 259 13 14 37
720 4 52 146 169 0 0 9 322 322 316 0 1678 41 258 22 9 53
744 4 41 158 169 0 2 1 328 321 275 0 1682 40 258 23 5 54
768 3 33 151 169 0 1 2 328 341 252 0 1678 44 260 19 9 34
792 2 22 135 169 0 0 4 327 327 219 0 1683 46 261 17 4 48
816 2 18 128 169 0 0 2 329 329 201 0 1682 45 258 18 5 46
840 2 13 130 169 0 0 2 329 321 196 0 1685 44 255 19 2 54
864 2 11 124 169 0 0 3 328 322 199 0 1685 38 245 25 2 53
888 2 28 138 169 0 0 2 329 332 195 0 1683 44 244 19 4 43
912 2 20 154 169 0 0 3 328 327 179 0 1682 36 241 27 5 48
936 2 22 134 169 0 0 2 329 313 184 0 1682 44 229 19 5 62
960 2 28 136 169 0 0 4 327 314 199 0 1679 49 225 14 8 61
984 2 13 160 169 0 0 5 326 325 176 0 1682 41 226 22 5 50
1008 2 12 165 169 0 0 3 328 322 172 0 1683 43 224 20 4 53
1032 2 25 158 169 0 0 1 330 324 183 0 1680 41 220 22 7 51
1056 2 14 159 169 0 0 8 323 320 192 0 1683 38 218 25 4 55
1080 2 16 142 169 0 1 3 327 318 198 0 1679 40 215 23 8 57
1104 2 16 149 169 0 0 3 328 319 181 0 1683 38 215 25 4 56
1128 2 15 158 169 0 0 2 329 327 174 0 1684 38 211 25 3 48
1152 2 15 164 169 0 0 2 329 333 174 0 1684 43 210 20 3 42
1176 2 8 142 169 0 0 0 331 325 175 0 1684 40 208 23 3 50
1200 2 19 134 169 0 0 0 331 321 165 0 1683 37 204 26 4 54
1224 2 17 132 169 0 0 2 329 325 174 0 1681 40 197 23 6 50
1248 2 20 137 169 0 0 1 330 319 165 0 1685 38 197 25 2 56
1272 2 11 136 169 0 0 5 326 315 162 0 1684 40 196 23 3 60
1296 2 19 147 169 0 0 4 327 324 167 0 1681 45 192 18 6 51
1320 2 10 157 169 0 0 2 329 324 157 0 1683 38 189 25 4 51
1344 2 13 134 169 0 0 0 331 310 164 0 1681 37 189 26 6 65
1368 2 17 147 169 0 0 0 331 321 172 0 1682 38 188 25 5 54
1392 2 17 146 169 0 0 4 327 317 166 0 1680 40 180 23 7 58
1416 2 17 148 169 0 0 3 328 316 177 0 1681 33 179 30 6 59
1440 2 19 146 169 0 0 4 327 319 181 0 1682 36 178 27 5 56
1464 1 13 156 169 0 0 3 328 315 165 0 1684 34 179 29 3 60
1488 1 4 127 169 0 0 3 328 313 150 0 1686 48 179 15 1 62
1512 1 12 125 169 0 0 1 330 324 144 0 1686 36 178 27 1 51
1536 1 9 126 169 0 0 1 330 311 134 0 1685 43 178 20 2 64
1560 1 13 125 169 0 0 1 330 325 134 0 1685 44 172 19 2 50
1584 1 7 126 169 0 0 1 330 322 133 0 1685 39 170 24 2 53
1608.0 1001 6 113 169 0 0 2 329 316 119 0 1683 40 169 23 4 59
1632 347 5132 176 179 20 53 112 136 281 865 0 1131 35 400 28 556 94
1656 82 3266 193 226 26 47 98 103 269 368 0 1502 37 469 26 185 106
1680 35 1138 167 249 10 52 83 106 284 293 0 1605 45 451 18 82 91
1704 24 468 163 255 2 19 53 171 314 318 0 1634 37 423 26 53 61
1728 18 281 172 255 2 9 47 187 317 365 0 1643 41 415 22 44 58
1752 15 221 168 256 0 5 33 206 317 365 0 1661 38 382 25 26 58
1776 14 188 164 256 0 5 19 220 321 361 0 1665 37 361 26 22 54
1800 12 129 177 256 1 2 17 224 316 367 0 1665 41 347 22 22 59
1824 12 124 183 257 0 0 13 230 311 372 0 1661 40 340 23 26 64
1848 12 130 194 257 0 1 13 229 326 365 0 1664 40 351 23 23 49
1872 10 118 185 257 0 0 13 230 311 367 0 1666 43 331 20 21 64
1896 10 86 197 257 0 0 14 229 332 372 0 1667 45 328 18 20 43
1920 8 92 182 257 1 0 7 235 320 357 0 1661 40 323 23 26 55
1944 7 73 189 257 0 1 7 235 332 360 0 1669 40 303 23 18 43
1968 7 99 188 257 0 0 10 233 310 353 0 1673 38 285 25 14 65
1992 7 76 157 257 0 0 18 225 324 313 0 1674 38 282 25 13 51
2016 6 72 170 257 0 0 5 238 324 308 0 1675 41 278 22 12 51
2040 6 69 161 257 0 1 9 233 322 324 0 1673 45 274 18 14 53
2064 5 50 149 257 0 0 5 238 314 293 0 1676 39 274 24 11 61
2088 5 51 151 257 0 0 11 232 320 293 0 1672 40 280 23 15 55
2112 5 49 157 257 0 1 11 231 334 295 0 1676 34 278 29 11 41
2136 5 62 155 257 0 0 9 234 319 294 0 1675 36 275 27 12 56
2160 4 43 182 257 0 0 4 239 318 257 0 1679 42 278 21 8 57
2184 4 38 154 257 0 0 4 239 314 263 0 1681 46 269 17 6 61
2208 3 42 158 257 0 0 5 238 320 262 0 1676 38 267 25 11 55
2232 3 23 151 257 0 0 2 241 319 249 0 1679 41 268 22 8 56
2256 2 31 158 257 0 1 0 242 321 244 0 1683 43 264 20 4 54
2280 2 14 161 257 0 0 3 240 327 217 0 1683 42 268 21 4 48
2304 2 19 169 257 0 0 0 243 314 195 0 1685 43 267 20 2 61
2328 2 25 142 257 0 0 3 240 328 194 0 1679 32 265 31 8 47
2352 2 13 141 257 0 0 2 241 324 187 0 1687 44 262 19 0 51
2376 2 23 133 257 0 0 3 240 331 178 0 1684 38 258 25 3 44
2400 2 20 111 257 0 0 5 238 315 169 0 1681 44 249 19 6 60
2424 2 20 132 257 0 0 3 240 319 165 0 1681 41 246 22 6 56
2448 2 21 132 257 0 0 3 240 327 164 0 1684 43 244 20 3 48
2472 2 23 141 257 0 0 4 239 323 167 0 1679 42 238 21 8 52
2496 2 12 122 257 0 1 3 239 313 175 0 1684 45 232 18 3 62
2520 2 20 147 257 0 0 1 242 325 181 0 1679 38 226 25 8 50
2544 2 20 132 257 0 0 2 241 318 186 0 1685 37 221 26 2 57
2568 2 12 139 257 0 0 2 241 319 176 0 1685 46 215 17 2 56
2592 2 15 141 257 0 0 0 243 323 171 0 1680 43 211 20 7 52
2616 2 15 150 257 0 0 3 240 328 176 0 1684 42 211 21 3 47
2640 2 20 162 257 0 0 4 239 313 179 0 1683 39 207 24 4 62
2664 2 8 157 257 0 0 3 240 319 165 0 1682 43 205 20 5 56
2688 2 11 129 257 0 0 1 242 325 151 0 1680 46 201 17 7 50
2712 2 10 135 257 0 0 4 239 323 154 0 1685 42 197 21 2 52
2736 2 18 143 257 0 0 1 242 314 153 0 1682 37 201 26 5 61
2760 2 12 144 257 0 0 0 243 322 160 0 1684 42 200 21 3 53
2784 2 17 136 257 0 0 2 241 325 155 0 1685 41 194 22 2 50
2808 2 20 139 257 0 0 3 240 308 150 0 1677 41 192 22 10 67
2832 2 18 149 257 0 0 3 240 323 146 0 1679 43 190 20 8 52
2856 2 16 137 257 0 0 1 242 327 144 0 1682 42 188 21 5 48
2880 2 16 131 257 0 0 2 241 310 162 0 1680 39 189 24 7 65
2904 2 7 133 257 0 0 3 240 318 159 0 1685 44 185 19 2 57
2928 2 17 147 257 0 0 3 240 320 176 0 1682 39 183 24 5 55
2952 2 14 136 257 0 0 2 241 330 167 0 1682 43 184 20 5 45
2976 2 22 127 257 0 0 6 237 324 167 0 1686 39 180 24 1 51
3000 2 13 133 257 0 0 2 241 316 175 0 1683 40 176 23 4 59
3024 2 18 128 257 0 0 0 243 317 179 0 1681 46 182 17 6 58
3048.0 1002 16 131 257 0 0 1 242 332 177 0 1684 39 182 24 3 43
3072 362 5026 191 260 18 26 75 121 271 869 0 1136 47 374 16 551 104
3096 73 3057 180 294 19 28 65 94 273 370 0 1519 39 443 24 168 102
3120 35 961 175 318 11 29 44 98 302 324 0 1612 44 449 19 75 73
3144 23 429 192 322 4 15 35 124 310 362 0 1641 48 429 15 46 65
3168 19 261 172 325 1 4 32 138 312 362 0 1654 36 419 27 33 63
3192 15 222 180 325 1 2 14 158 317 389 0 1657 38 403 25 30 58
3216 13 180 181 325 0 1 20 154 309 386 0 1655 39 374 24 32 66
3240 11 131 184 325 1 0 13 161 324 371 0 1664 44 378 19 23 51
3264 10 145 177 325 0 0 6 169 314 375 0 1662 40 373 23 25 61
3288 9 128 170 325 0 0 11 164 326 366 0 1661 37 368 26 26 49
3312 6 95 184 325 0 0 6 169 316 325 0 1673 36 371 27 14 59
3336 6 81 164 325 0 0 12 163 319 324 0 1676 41 360 22 11 56
3360 6 82 158 325 1 0 8 166 323 323 0 1662 44 358 19 25 52
3384 6 75 161 325 0 1 8 166 336 307 0 1675 46 350 17 12 39
3408 6 72 170 325 0 0 4 171 320 310 0 1674 39 364 24 13 55
3432 6 60 165 325 0 0 4 171 315 312 0 1675 40 356 23 12 60
3456 5 52 177 325 0 0 4 171 319 299 0 1679 44 345 19 8 56
3480 4 40 154 325 0 0 4 171 322 295 0 1680 46 335 17 7 53
3504 4 46 159 325 0 0 3 172 330 301 0 1678 37 324 26 9 45
3528 3 43 156 325 0 0 2 173 321 278 0 1680 48 325 15 7 54
3552 3 37 149 325 0 0 2 173 326 267 0 1684 40 319 23 3 49
3576 3 25 192 325 0 0 3 172 315 239 0 1682 35 308 28 5 60
3600 3 27 169 325 0 1 6 168 326 230 0 1686 43 297 20 1 49
3624 3 19 167 325 0 0 3 172 320 213 0 1680 49 297 14 7 55
3648 3 26 153 325 0 0 2 173 321 228 0 1678 47 286 16 9 54
3672 3 36 160 325 0 0 4 171 320 238 0 1680 41 274 22 7 55
3696 3 41 142 325 0 0 3 172 324 241 0 1677 45 267 18 10 51
3720 3 37 137 325 0 1 2 172 319 223 0 1684 38 263 25 3 56
3744 3 34 140 325 0 0 4 171 321 215 0 1676 45 263 18 11 54
3768 3 26 147 325 0 0 2 173 322 228 0 1678 38 260 25 9 53
3792 3 43 127 325 0 0 4 171 327 245 0 1677 45 252 18 10 48
3816 3 36 144 325 0 0 1 174 329 234 0 1682 41 251 22 5 46
3840 3 20 129 325 0 0 6 169 323 222 0 1682 43 252 20 5 52
3864 3 29 148 325 0 0 5 170 318 220 0 1680 40 251 23 7 57
3888 3 27 148 325 0 0 2 173 322 212 0 1678 36 250 27 9 53
3912 3 30 163 325 0 0 1 174 329 219 0 1679 42 247 21 8 46
3936 3 39 151 325 0 0 3 172 331 221 0 1682 33 243 30 5 44
3960 2 16 154 325 0 0 0 175 315 201 0 1683 42 246 21 4 60
3984 2 12 147 325 0 0 2 173 322 193 0 1686 48 233 15 1 53
4008 2 29 138 325 0 0 1 174 323 197 0 1680 40 229 23 7 52
4032 2 25 150 325 0 0 3 172 312 184 0 1685 48 224 15 2 63
4056 2 13 141 325 0 0 2 173 319 179 0 1680 43 221 20 7 56
4080 2 26 130 325 0 0 0 175 313 195 0 1675 45 214 18 12 62
4104 2 23 150 325 0 0 1 174 320 184 0 1683 34 216 29 4 55
4128 2 17 145 325 0 0 1 174 323 176 0 1683 39 213 24 4 52
4152 2 12 147 325 0 0 1 174 321 182 0 1684 44 207 19 3 54
4176 2 18 137 325 0 0 2 173 322 186 0 1681 44 210 19 6 53
4200 2 17 139 325 0 0 3 172 326 191 0 1681 40 210 23 6 49
4224 2 10 136 325 0 0 1 174 313 176 0 1685 38 210 25 2 62
4248 2 15 160 325 0 0 0 175 316 166 0 1683 40 208 23 4 59
4272 2 12 146 325 0 0 0 175 318 174 0 1686 44 204 19 1 57
4296 2 17 155 325 0 0 2 173 333 174 0 1685 40 198 23 2 42
4320 2 12 147 325 0 0 1 174 331 155 0 1687 43 196 20 0 44
4344 2 24 129 325 0 0 1 174 320 173 0 1681 43 192 20 6 55
4368 2 12 136 325 0 0 0 175 318 163 0 1682 45 191 18 5 57
4392 2 21 134 325 0 0 2 173 327 173 0 1682 43 186 20 5 48
4416 2 10 155 325 0 0 0 175 311 177 0 1684 44 189 19 3 64
4440 2 22 134 325 0 0 2 173 328 172 0 1682 35 186 28 5 47
4464 2 28 152 325 0 0 3 172 315 179 0 1674 43 182 20 13 60
4488.0 1002 12 145 325 0 0 0 175 316 180 0 1684 45 182 18 3 59
4512 371 5291 166 331 9 30 42 88 258 858 0 1172 40 395 23 515 117
4536 79 3262 200 355 8 41 40 56 283 367 0 1493 35 461 28 194 92
4560 35 1092 183 372 9 24 31 64 295 277 0 1603 40 455 23 84 80
4584 23 480 156 376 4 11 28 81 319 336 0 1630 41 439 22 57 56
4608 21 327 158 377 0 5 20 98 306 353 0 1650 42 421 21 37 69
4632 19 281 181 377 0 1 13 109 307 390 0 1641 41 391 22 46 68
4656 16 217 173 377 0 3 8 112 309 403 0 1644 37 372 26 43 66
4680 14 196 162 377 0 0 10 113 321 386 0 1649 42 363 21 38 54
4704 10 140 165 377 1 0 10 112 309 359 0 1667 42 368 21 20 66
4728 8 111 164 377 1 1 8 113 323 359 0 1666 38 354 25 21 52
4752 7 104 170 377 0 1 9 113 314 333 0 1672 41 342 22 15 61
4776 6 60 163 377 0 1 11 111 314 319 0 1678 38 347 25 9 61
4800 5 52 170 377 0 0 6 117 319 321 0 1679 36 333 27 8 56
4824 5 51 127 377 0 1 2 120 306 321 0 1677 42 333 21 10 69
4848 5 71 166 377 0 1 4 118 323 320 0 1680 40 336 23 7 52
4872 5 42 165 377 0 0 1 122 310 315 0 1676 40 331 23 11 65
4896 5 44 151 377 0 0 7 116 303 306 0 1675 42 324 21 12 72
4920 5 63 158 377 0 0 3 120 306 301 0 1675 38 313 25 12 69
4944 5 48 165 377 0 0 2 121 321 304 0 1671 46 304 17 16 54
4968 4 45 153 377 0 0 2 121 337 291 0 1683 41 307 22 4 38
4992 4 39 159 377 0 0 1 122 334 270 0 1681 39 297 24 6 41
5016 3 23 158 377 0 0 2 121 321 277 0 1683 28 287 35 4 54
5040 3 27 157 377 0 0 1 122 323 276 0 1680 40 281 23 7 52
5064 3 42 158 377 0 0 0 123 308 275 0 1676 39 271 24 11 67
5088 3 34 166 377 0 0 2 121 326 265 0 1673 38 271 25 14 49
5112 3 26 157 377 0 0 2 121 312 253 0 1682 39 269 24 5 63
5136 3 30 160 377 0 0 2 121 335 246 0 1683 35 259 28 4 40
5160 3 32 178 377 0 0 2 121 328 250 0 1681 40 253 23 6 47
5184 3 37 150 377 0 0 3 120 320 248 0 1679 38 252 25 8 55
5208 3 29 149 377 0 0 1 122 331 239 0 1680 39 250 24 7 44
5232 3 32 146 377 0 0 2 121 309 232 0 1680 38 250 25 7 66
5256 3 31 159 377 0 0 0 123 327 235 0 1679 34 244 29 8 48
5280 3 28 146 377 0 0 1 122 333 235 0 1679 38 240 25 8 42
5304 3 39 146 377 0 0 3 120 323 235 0 1678 40 239 23 9 52
5328 3 32 162 377 0 0 1 122 319 223 0 1681 42 233 21 6 56
5352 2 27 169 377 0 0 0 123 315 249 0 1679 44 215 19 8 60
5376 1 16 157 377 0 0 1 122 316 221 0 1686 45 214 18 1 59
5400 1 3 133 377 0 0 0 123 322 205 0 1686 39 214 24 1 53
5424 1 10 153 377 0 0 0 123 330 184 0 1687 42 214 21 0 45
5448 1 4 131 377 0 0 1 122 330 161 0 1687 45 214 18 0 45
5472 1 11 141 377 0 0 0 123 313 153 0 1684 37 209 26 3 62
5496 1 4 129 377 0 0 0 123 329 145 0 1686 46 208 17 1 46
5520 1 8 138 377 0 0 1 122 327 134 0 1684 40 207 23 3 48
5544 1 11 141 377 0 0 1 122 319 128 0 1684 44 204 19 3 56
5568 1 6 150 377 0 0 0 123 324 117 0 1686 42 203 21 1 51
5592 1 5 118 377 0 0 0 123 309 114 0 1687 45 200 18 0 66
5616 1 7 112 377 0 0 0 123 315 113 0 1683 43 199 20 4 60
5640 1 8 105 377 0 0 1 122 318 112 0 1684 48 200 15 3 57
5664 1 8 112 377 0 0 0 123 324 107 0 1684 44 201 19 3 51
5688 1 5 116 377 0 0 0 123 314 98 0 1686 44 203 19 1 61
5712 1 10 119 377 0 0 1 122 317 106 0 1685 42 199 21 2 58
5736 1 4 121 377 0 0 1 122 320 108 0 1684 47 196 16 3 55
5760 1 10 129 377 0 0 0 123 323 110 0 1685 49 197 14 2 52
5784 1 6 117 377 0 0 1 122 326 114 0 1684 46 196 17 3 49
5808 1 12 135 377 0 0 1 122 310 114 0 1681 41 194 22 6 65
5832 1 11 122 377 0 0 2 121 329 113 0 1685 41 194 22 2 46
5856 1 9 118 377 0 0 2 121 324 118 0 1683 44 193 19 4 51
5880 1 13 123 377 0 0 3 120 334 118 0 1681 35 192 28 6 41
5904 1 13 142 377 0 0 3 120 319 119 0 1686 38 190 25 1 56
5928.0 1001 5 132 377 0 0 0 123 321 117 0 1685 41 189 22 2 54
5952 392 5318 165 382 4 21 36 57 276 848 0 1140 36 390 27 547 99
5976 76 3547 176 404 6 25 28 37 273 335 0 1526 36 443 27 161 102
6000 30 1128 182 413 5 18 21 43 300 259 0 1620 34 447 29 67 75
6024 14 312 185 413 1 9 14 63 312 279 0 1658 36 432 27 29 63
6048 10 145 181 414 0 1 7 78 322 312 0 1662 36 417 27 25 53
6072 8 134 168 414 0 0 3 83 320 329 0 1668 39 399 24 19 55
6096 6 81 174 414 0 0 7 79 324 318 0 1672 37 383 26 15 51
6120 6 63 158 414 0 0 3 83 321 312 0 1672 42 370 21 15 54
6144 6 66 150 414 0 0 4 82 331 303 0 1677 43 361 20 10 44
6168 6 72 175 414 0 0 4 82 317 309 0 1675 39 342 24 12 58
6192 6 62 151 414 0 0 1 85 321 313 0 1671 41 332 22 16 54
6216 6 67 155 414 0 0 2 84 316 318 0 1673 38 327 25 14 59
6240 6 54 165 414 0 0 4 82 320 336 0 1672 35 313 28 15 55
6264 6 61 178 414 0 0 3 83 309 311 0 1683 36 302 27 4 66
6288 6 73 180 414 0 0 2 84 328 310 0 1673 36 309 27 14 47
6312 5 50 161 414 0 0 2 84 320 307 0 1676 37 309 26 11 55
6336 5 40 149 414 0 0 4 82 322 313 0 1675 45 310 18 12 53
6360 5 56 168 414 0 0 0 86 316 330 0 1673 45 295 18 14 59
6384 5 69 169 414 0 0 4 82 320 296 0 1676 42 292 21 11 55
6408 5 54 154 414 0 0 5 81 323 268 0 1677 51 286 12 10 52
6432 5 64 165 414 0 0 1 85 326 288 0 1675 39 280 24 12 49
6456 5 49 159 414 0 0 2 84 305 278 0 1677 35 284 28 10 70
6480 5 40 151 414 0 0 1 85 310 302 0 1675 44 276 19 12 65
6504 5 52 166 414 0 0 0 86 313 306 0 1673 36 269 27 14 62
6528 5 52 136 414 0 0 5 81 322 290 0 1674 37 258 26 13 53
6552 4 42 146 414 0 0 2 84 318 285 0 1677 34 252 29 10 57
6576 4 32 138 414 0 0 0 86 311 262 0 1678 37 258 26 9 64
6600 4 51 149 414 0 0 6 80 321 282 0 1678 48 257 15 9 54
6624 4 44 163 414 0 0 5 81 329 267 0 1675 40 250 23 12 46
6648 4 52 149 414 0 0 1 85 320 258 0 1673 41 256 22 14 55
6672 4 32 155 414 0 0 0 86 317 250 0 1681 40 258 23 6 58
6696 4 34 144 414 0 0 1 85 319 273 0 1676 45 249 18 11 56
6720 4 34 151 414 0 0 2 84 332 280 0 1678 45 253 18 9 43
6744 4 32 159 414 0 0 1 85 316 281 0 1675 44 247 19 12 59
6768 4 41 151 414 0 0 2 84 322 307 0 1674 39 241 24 13 53
6792 4 54 152 414 0 0 0 86 320 298 0 1672 39 245 24 15 55
6816 4 29 171 414 0 0 2 84 315 274 0 1682 36 244 27 5 60
6840 4 45 161 414 0 0 3 83 324 271 0 1675 34 240 29 12 51
6864 4 38 160 414 0 0 1 85 327 253 0 1679 41 240 22 8 48
6888 4 42 148 414 0 0 2 84 330 268 0 1678 42 234 21 9 45
6912 4 40 164 414 0 0 1 85 324 260 0 1677 38 231 25 10 51
6936 4 32 160 414 0 0 0 86 315 253 0 1677 40 228 23 10 60
6960 4 46 150 414 0 0 0 86 330 256 0 1682 37 215 26 5 45
6984 3 29 153 414 0 0 1 85 320 241 0 1679 42 214 21 8 55
7008 3 34 128 414 0 0 2 84 332 233 0 1683 42 204 21 4 43
7032 3 19 136 414 0 0 1 85 316 226 0 1681 41 209 22 6 59
7056 3 26 138 414 0 0 1 85 329 237 0 1681 37 209 26 6 46
7080 3 26 150 414 0 0 3 83 322 220 0 1681 36 211 27 6 53
7104 3 24 155 414 0 0 1 85 326 219 0 1679 35 206 28 8 49
7128 3 23 163 414 0 0 2 84 328 204 0 1683 42 204 21 4 47
7152 3 23 150 414 0 0 0 86 311 207 0 1684 39 201 24 3 64
7176 3 21 161 414 0 0 0 86 319 207 0 1681 45 199 18 6 56
7200 3 18 170 414 0 0 1 85 319 210 0 1682 37 195 26 5 56
7224 3 14 142 414 0 0 0 86 325 207 0 1683 46 182 17 4 50
7248 3 27 136 414 0 0 2 84 319 191 0 1680 39 188 24 7 56
7272 3 28 142 414 0 0 3 83 321 195 0 1684 36 189 27 3 54
7296 3 28 134 414 0 0 1 85 317 198 0 1685 37 184 26 2 58
7320 2 22 142 414 0 0 3 83 329 196 0 1681 43 183 20 6 46
7344 2 20 146 414 0 0 0 86 333 180 0 1682 45 185 18 5 42
7368 2 23 142 414 0 0 0 86 312 183 0 1678 38 181 25 9 63
7392 2 14 135 414 0 0 2 84 311 170 0 1685 39 183 24 2 64
7416 2 18 122 414 0 0 1 85 321 173 0 1682 44 184 19 5 54
7440 2 14 128 414 0 0 4 82 322 161 0 1680 41 181 22 7 53
7464 2 21 134 414 0 0 2 84 327 171 0 1681 43 178 20 6 48
7488 2 11 128 414 0 0 1 85 318 159 0 1685 44 177 19 2 57
7512 2 27 147 414 0 0 0 86 321 175 0 1676 40 176 23 11 54
7536 2 21 123 414 0 0 0 86 319 173 0 1680 42 172 21 7 56
7560 2 20 141 414 0 0 0 86 328 172 0 1683 46 173 17 4 47
7584 2 16 151 414 0 0 0 86 324 174 0 1679 39 174 24 8 51
7608 2 17 130 414 0 0 1 85 315 187 0 1682 49 174 14 5 60
7632 2 20 159 414 0 0 4 82 318 173 0 1679 36 174 27 8 57
7656 2 20 144 414 0 0 1 85 327 176 0 1682 38 173 25 5 48
7680 2 12 136 414 0 0 2 84 322 169 0 1686 43 172 20 1 53
7704 2 14 137 414 0 0 1 85 312 156 0 1684 49 171 14 3 63
7728 2 16 134 414 0 0 1 85 328 172 0 1682 38 171 25 5 47
7752 2 14 136 414 0 0 2 84 319 178 0 1684 41 167 22 3 56
7776 2 19 149 414 0 0 0 86 322 171 0 1683 39 165 24 4 53
7800 2 14 139 414 0 0 1 85 325 164 0 1686 42 167 21 1 50
7824 2 16 143 414 0 0 0 86 323 173 0 1679 37 168 26 8 52
7848 2 15 127 414 0 0 2 84 318 171 0 1684 50 166 13 3 57
7872 2 11 127 414 0 0 1 85 322 169 0 1684 47 166 16 3 53
7896 2 26 131 414 0 0 0 86 312 172 0 1675 38 167 25 12 63
7920 2 24 141 414 0 0 2 84 323 176 0 1680 43 168 20 7 52
7944 2 16 156 414 0 0 0 86 325 164 0 1682 40 169 23 5 50
7968 2 19 148 414 0 0 0 86 329 159 0 1685 45 167 18 2 46
7992 2 21 140 414 0 0 0 86 317 166 0 1684 42 164 21 3 58
8016 2 20 142 414 0 0 1 85 316 166 0 1680 45 165 18 7 59
8040 2 11 124 414 0 0 0 86 323 169 0 1682 46 165 17 5 52
8064 2 12 144 414 0 0 0 86 323 166 0 1684 42 167 21 3 52
8088 2 15 139 414 0 0 1 85 301 160 0 1685 42 162 21 2 74
8112 2 19 137 414 0 0 0 86 321 157 0 1681 36 165 27 6 54
8136 2 27 141 414 0 0 0 86 316 168 0 1677 39 168 24 10 59
8160 2 19 136 414 0 0 2 84 317 163 0 1684 34 166 29 3 58
8184 2 19 135 414 0 0 2 84 320 167 0 1685 46 166 17 2 55
8208 2 11 143 414 0 0 1 85 323 162 0 1682 39 167 24 5 52
8232 2 18 140 414 0 0 2 84 316 170 0 1680 37 165 26 7 59
8256 2 15 132 414 0 0 1 85 323 166 0 1684 40 165 23 3 52
8280 2 12 142 414 0 0 0 86 317 163 0 1685 42 163 21 2 58
8304 2 14 121 414 0 0 1 85 323 167 0 1687 45 158 18 0 52
8328 2 19 129 414 0 0 0 86 319 166 0 1680 41 158 22 7 56
8352 2 15 148 414 0 0 0 86 321 169 0 1684 31 157 32 3 54
8376 2 20 129 414 0 0 1 85 316 166 0 1682 37 158 26 5 59
8400 2 16 144 414 0 0 0 86 318 160 0 1683 38 160 25 4 57
8424 2 13 135 414 0 0 0 86 311 161 0 1684 39 161 24 3 64
8448 2 17 133 414 0 0 3 83 328 169 0 1681 45 158 18 6 47
8472 2 20 134 414 0 0 2 84 338 169 0 1682 43 160 20 5 37
8496 2 20 136 414 0 0 0 86 317 174 0 1683 35 162 28 4 58
8520 2 29 168 414 0 0 1 85 318 179 0 1682 31 158 32 5 57
8544 2 21 153 414 0 0 1 85 322 175 0 1681 34 157 29 6 53
8568 2 16 136 414 0 0 0 86 322 176 0 1680 34 159 29 7 53
8592 2 11 142 414 0 0 1 85 328 165 0 1683 38 163 25 4 47
8616 2 17 131 414 0 0 1 85 325 160 0 1682 41 161 22 5 50
8640 2 19 126 414 0 0 3 83 325 163 0 1679 41 157 22 8 50
8664 1 6 120 414 0 0 1 85 324 153 0 1687 40 160 23 0 51
8688 1 6 133 414 0 0 1 85 328 147 0 1684 47 159 16 3 47
8712 1 9 143 414 0 0 0 86 316 136 0 1686 37 157 26 1 59
8736 1 5 146 414 0 0 0 86 323 130 0 1685 39 156 24 2 52
8760 1 10 129 414 0 0 1 85 328 131 0 1686 46 151 17 1 47
