Time EBV Teff Treg ODC_le1 ODC_le2 ODC_le3 ODC_le4 ODC_le5 NK IL2 DAC Resting_Teff Resting_Treg EffectorMemory Resting_Treg_temp Resting_Teff_temp NK_temp
0.0 0 0 0 0 0 0 0 500 375 1000 0 1687 63 0 0 0 0
24 0 0 0 0 0 0 0 500 332 897 0 1687 63 0 0 0 43
48 0 0 0 0 0 0 0 500 332 813 0 1687 63 0 0 0 43
72 0 0 0 0 0 0 0 500 334 754 0 1687 63 0 0 0 41
96 0 0 0 0 0 0 0 500 335 687 0 1687 63 0 0 0 40
120 0 0 0 0 0 0 0 500 340 630 0 1687 63 0 0 0 35
144 0 0 0 0 0 0 0 500 331 565 0 1687 63 0 0 0 44
168.0 1000 0 0 0 0 0 0 500 342 515 0 1687 63 0 0 0 33
192 351 5792 106 13 29 73 165 220 272 808 0 1192 45 396 18 495 103
216 81 3714 151 94 36 95 135 140 266 342 0 1478 33 470 30 209 109
240 31 1231 166 147 19 64 92 178 288 289 0 1618 45 484 18 69 87
264 22 477 168 160 10 25 85 220 304 329 0 1635 32 461 31 52 71
288 14 234 186 162 0 14 38 286 307 331 0 1657 40 440 23 30 68
312 13 187 167 162 0 3 33 302 307 372 0 1651 34 433 29 36 68
336 10 149 170 162 0 5 24 309 323 357 0 1664 40 428 23 23 52
360 9 133 173 162 0 3 15 320 327 351 0 1669 43 417 20 18 48
384 8 114 176 162 0 1 19 318 313 348 0 1670 42 389 21 17 62
408 8 93 176 162 0 1 14 323 327 318 0 1675 43 375 20 12 48
432 7 106 184 162 0 0 16 322 329 348 0 1664 41 361 22 23 46
456 7 72 182 162 0 2 21 315 327 329 0 1677 38 350 25 10 48
480 7 82 177 162 0 2 13 323 331 348 0 1672 33 340 30 15 44
504 6 57 171 162 0 1 13 324 320 318 0 1675 35 329 28 12 55
528 6 51 163 162 0 0 7 331 307 314 0 1673 39 324 24 14 68
552 6 74 148 162 0 0 7 331 326 319 0 1672 41 308 22 15 49
576 5 57 156 162 0 1 10 327 323 314 0 1670 37 300 26 17 52
600 5 53 161 162 0 0 11 327 325 275 0 1679 44 296 19 8 50
624 4 23 137 162 0 0 8 330 323 259 0 1685 37 291 26 2 52
648 4 41 156 162 0 0 4 334 321 255 0 1676 46 286 17 11 54
672 4 32 160 162 0 0 7 331 323 247 0 1682 44 274 19 5 52
696 4 35 163 162 0 0 7 331 321 250 0 1682 39 265 24 5 54
720 3 36 157 162 0 0 5 333 323 257 0 1679 36 250 27 8 52
744 3 36 145 162 0 0 7 331 316 243 0 1682 39 243 24 5 59
768 3 30 146 162 0 0 8 330 322 251 0 1675 41 237 22 12 53
792 3 27 152 162 0 0 8 330 310 258 0 1677 38 234 25 10 65
816 3 25 142 162 0 0 5 333 326 244 0 1679 37 235 26 8 49
840 3 19 142 162 0 0 4 334 320 227 0 1683 41 237 22 4 55
864 3 19 141 162 0 0 0 338 319 217 0 1679 41 227 22 8 56
888 3 24 136 162 0 0 0 338 322 241 0 1678 43 216 20 9 53
912 3 30 145 162 0 0 5 333 312 225 0 1683 50 209 13 4 63
936 2 28 177 162 0 1 6 331 312 217 0 1678 41 209 22 9 63
960 2 25 145 162 0 0 6 332 314 216 0 1681 44 210 19 6 61
984 2 18 135 162 0 0 4 334 324 216 0 1682 39 211 24 5 51
1008 2 19 147 162 0 0 3 335 321 201 0 1684 43 211 20 3 54
1032 2 17 159 162 0 0 1 337 321 202 0 1679 37 206 26 8 54
1056 2 18 153 162 0 0 0 338 321 206 0 1681 44 204 19 6 54
1080 2 18 130 162 0 0 4 334 322 197 0 1684 40 204 23 3 53
1104 2 10 137 162 0 0 4 334 329 188 0 1684 39 203 24 3 46
1128 2 7 144 162 0 0 2 336 327 182 0 1686 41 201 22 1 48
1152 2 20 127 162 0 0 3 335 319 176 0 1683 43 196 20 4 56
1176 2 23 127 162 0 0 3 335 313 177 0 1681 37 191 26 6 62
1200 2 21 140 162 0 0 2 336 319 169 0 1683 43 191 20 4 56
1224 2 15 147 162 0 0 2 336 321 159 0 1685 41 189 22 2 54
1248 2 17 137 162 0 0 2 336 315 151 0 1684 45 185 18 3 60
1272 2 20 156 162 0 0 0 338 323 154 0 1682 36 181 27 5 52
1296 2 22 138 162 0 0 3 335 320 166 0 1680 37 176 26 7 55
1320 2 16 140 162 0 0 5 333 326 158 0 1682 37 174 26 5 49
1344 2 12 122 162 0 0 2 336 316 163 0 1683 48 167 15 4 59
1368 2 21 116 162 0 0 5 333 329 171 0 1681 42 163 21 6 46
1392 2 11 118 162 0 0 1 337 325 170 0 1682 46 158 17 5 50
1416 2 17 116 162 0 0 5 333 331 163 0 1681 42 158 21 6 44
1440 2 21 116 162 0 0 0 338 317 166 0 1684 37 159 26 3 58
1464 2 10 127 162 0 0 2 336 323 167 0 1683 45 157 18 4 52
1488 2 8 141 162 0 0 3 335 331 161 0 1684 43 159 20 3 44
1512 2 11 154 162 0 0 3 335 310 161 0 1684 42 159 21 3 65
1536 2 16 135 162 0 0 1 337 321 162 0 1680 41 162 22 7 54
1560 2 8 119 162 0 0 2 336 323 154 0 1685 37 162 26 2 52
1584 2 14 142 162 0 0 0 338 323 154 0 1685 36 162 27 2 52
1608.0 1002 20 140 162 0 0 2 336 314 156 0 1682 42 158 21 5 61
1632 378 5188 181 172 24 46 98 160 278 900 0 1126 40 398 23 561 97
1656 88 3190 201 214 33 51 92 110 276 421 0 1454 39 457 24 233 99
1680 38 1128 171 255 15 29 61 140 298 303 0 1614 36 446 27 73 77
1704 22 486 158 263 2 17 41 177 295 310 0 1642 37 414 26 45 80
1728 18 295 148 263 0 6 34 197 318 351 0 1642 39 403 24 45 57
1752 18 213 183 263 0 1 20 216 307 379 0 1648 40 369 23 39 68
1776 16 177 182 263 0 1 13 223 319 418 0 1646 37 348 26 41 56
1800 14 207 171 263 1 2 22 212 325 394 0 1652 38 339 25 35 50
1824 13 175 180 263 1 3 27 206 323 362 0 1670 32 345 31 17 52
1848 12 155 193 263 0 2 20 215 322 366 0 1658 41 329 22 29 53
1872 11 138 192 263 0 0 8 229 319 399 0 1656 40 323 23 31 56
1896 10 114 189 263 0 0 19 218 337 373 0 1666 39 324 24 21 38
1920 8 84 163 263 0 0 8 229 326 350 0 1670 46 328 17 17 49
1944 8 106 164 263 0 0 10 227 319 348 0 1667 45 317 18 20 56
1968 8 88 168 263 0 0 6 231 330 330 0 1666 41 321 22 21 45
1992 7 81 153 263 0 0 10 227 329 315 0 1668 39 314 24 19 46
2016 7 78 140 263 0 0 4 233 325 327 0 1673 45 311 18 14 50
2040 7 82 168 263 0 0 0 237 331 340 0 1676 41 308 22 11 44
2064 7 78 174 263 0 0 2 235 324 338 0 1672 37 303 26 15 51
2088 6 78 177 263 0 0 3 234 330 330 0 1674 31 294 32 13 45
2112 6 56 168 263 0 0 8 229 321 317 0 1679 38 285 25 8 54
2136 4 53 153 263 0 2 4 231 304 327 0 1673 43 280 20 14 71
2160 3 31 170 263 0 0 1 236 320 295 0 1680 41 278 22 7 55
2184 3 33 146 263 0 0 6 231 321 288 0 1677 41 279 22 10 54
2208 3 29 165 263 0 0 8 229 324 293 0 1676 43 274 20 11 51
2232 3 22 144 263 0 0 4 233 314 273 0 1685 39 271 24 2 61
2256 3 43 151 263 0 0 2 235 327 268 0 1673 36 267 27 14 48
2280 3 25 163 263 0 0 5 232 326 247 0 1684 33 268 30 3 49
2304 2 19 140 263 0 0 3 234 318 246 0 1681 44 259 19 6 57
2328 2 14 153 263 0 0 8 229 305 220 0 1684 43 255 20 3 70
2352 2 15 170 263 0 0 2 235 314 211 0 1684 37 250 26 3 61
2376 2 10 156 263 0 0 4 233 314 191 0 1685 35 248 28 2 61
2400 2 17 129 263 0 0 2 235 310 186 0 1684 49 243 14 3 65
2424 2 19 141 263 0 0 1 236 327 190 0 1680 37 241 26 7 48
2448 2 20 136 263 0 0 1 236 331 189 0 1679 37 240 26 8 44
2472 2 19 132 263 0 0 5 232 313 192 0 1681 43 233 20 6 62
2496 2 25 140 263 0 0 2 235 326 191 0 1682 40 229 23 5 49
2520 2 16 133 263 0 0 2 235 327 187 0 1686 52 223 11 1 48
2544 2 26 131 263 0 0 3 234 324 172 0 1684 33 221 30 3 51
2568 2 14 145 263 0 0 3 234 319 173 0 1682 38 217 25 5 56
2592 2 11 131 263 0 0 4 233 322 166 0 1683 38 217 25 4 53
2616 2 13 137 263 0 0 5 232 326 171 0 1682 35 208 28 5 49
2640 2 16 135 263 0 0 2 235 312 171 0 1679 43 205 20 8 63
2664 2 22 159 263 0 0 3 234 326 181 0 1682 40 201 23 5 49
2688 2 24 132 263 0 0 3 234 313 181 0 1680 56 197 7 7 62
2712 2 21 141 263 0 0 3 234 322 186 0 1684 36 195 27 3 53
2736 2 13 136 263 0 0 2 235 317 167 0 1685 39 193 24 2 58
2760 2 16 118 263 0 0 2 235 319 166 0 1681 47 189 16 6 56
2784 2 18 121 263 0 0 3 234 310 169 0 1679 42 186 21 8 65
2808 2 18 131 263 0 0 2 235 319 172 0 1680 40 181 23 7 56
2832 2 20 144 263 0 0 3 234 326 187 0 1683 46 180 17 4 49
2856 2 14 134 263 0 0 2 235 324 177 0 1684 44 179 19 3 51
2880 2 12 146 263 0 0 1 236 319 171 0 1682 47 176 16 5 56
2904 2 16 144 263 0 0 0 237 336 177 0 1679 41 174 22 8 39
2928 2 18 147 263 0 0 2 235 326 171 0 1685 43 177 20 2 49
2952 2 15 141 263 0 0 2 235 327 158 0 1684 46 173 17 3 48
2976 2 18 127 263 0 0 1 236 325 152 0 1684 36 171 27 3 50
3000 2 14 137 263 0 0 2 235 317 162 0 1682 38 169 25 5 58
3024 2 11 133 263 0 0 1 236 317 159 0 1685 37 170 26 2 58
3048.0 1002 23 148 263 0 0 2 235 310 154 0 1682 34 172 29 5 65
3072 358 5081 191 271 13 31 72 113 276 894 0 1149 42 397 21 538 99
3096 84 3019 177 314 11 34 62 79 259 358 0 1492 46 444 17 195 116
3120 35 1088 176 327 9 21 44 99 300 302 0 1594 43 450 20 93 75
3144 23 465 180 329 7 11 33 120 312 328 0 1634 35 425 28 53 63
3168 19 270 176 329 3 4 20 144 322 348 0 1653 47 408 16 34 53
3192 13 230 184 330 2 3 11 154 319 346 0 1665 38 396 25 22 56
3216 12 151 172 330 0 2 10 158 319 388 0 1664 43 392 20 23 56
3240 12 143 186 330 0 0 15 155 312 401 0 1663 44 366 19 24 63
3264 12 114 201 330 0 0 12 158 321 391 0 1666 38 362 25 21 54
3288 12 114 180 330 0 3 7 160 312 415 0 1664 38 349 25 23 63
3312 12 135 164 330 0 0 8 162 324 387 0 1663 41 355 22 24 51
3336 10 154 156 330 0 1 11 158 316 387 0 1668 42 351 21 19 59
3360 7 131 159 330 0 1 12 157 313 356 0 1666 35 361 28 21 62
3384 7 90 195 330 0 0 10 160 327 318 0 1674 43 365 20 13 48
3408 7 92 192 330 0 1 13 156 327 317 0 1668 42 350 21 19 48
3432 6 54 181 330 0 0 7 163 325 318 0 1669 44 344 19 18 50
3456 6 78 180 330 0 0 7 163 329 313 0 1672 37 338 26 15 46
3480 6 59 190 330 0 0 6 164 312 314 0 1672 40 323 23 15 63
3504 6 61 169 330 0 0 6 164 329 335 0 1676 39 316 24 11 46
3528 6 69 156 330 0 0 10 160 330 338 0 1674 45 303 18 13 45
3552 6 59 172 330 0 0 8 162 327 307 0 1672 38 304 25 15 48
3576 6 72 140 330 0 1 7 162 324 314 0 1669 40 294 23 18 51
3600 5 58 164 330 0 1 6 163 321 285 0 1675 44 288 19 12 54
3624 5 48 161 330 0 1 8 161 316 284 0 1677 40 288 23 10 59
3648 5 58 165 330 0 0 10 160 329 270 0 1674 44 286 19 13 46
3672 4 59 151 330 0 0 9 161 324 302 0 1670 42 274 21 17 51
3696 4 60 154 330 0 0 9 161 308 272 0 1674 43 273 20 13 67
3720 4 27 152 330 0 0 5 165 309 258 0 1682 33 275 30 5 66
3744 4 48 142 330 0 0 4 166 334 264 0 1673 40 265 23 14 41
3768 4 38 161 330 0 0 4 166 317 272 0 1679 41 266 22 8 58
3792 3 40 136 330 0 0 4 166 330 246 0 1674 42 265 21 13 45
3816 3 37 128 330 0 0 5 165 315 229 0 1684 42 265 21 3 60
3840 3 22 151 330 0 0 2 168 335 218 0 1685 35 267 28 2 40
3864 3 31 137 330 0 0 3 167 330 227 0 1680 43 258 20 7 45
3888 3 34 161 330 0 0 2 168 315 223 0 1682 33 254 30 5 60
3912 3 23 154 330 0 0 4 166 312 224 0 1679 37 256 26 8 63
3936 3 23 151 330 0 0 1 169 321 230 0 1680 50 250 13 7 54
3960 3 32 148 330 0 0 3 167 314 235 0 1681 37 237 26 6 61
3984 3 27 141 330 0 1 2 167 317 232 0 1680 43 236 20 7 58
4008 3 36 160 330 0 0 3 167 310 233 0 1678 37 230 26 9 65
4032 3 33 141 330 0 0 2 168 314 220 0 1682 41 228 22 5 61
4056 2 36 133 330 0 0 2 168 322 214 0 1681 39 231 24 6 53
4080 2 20 160 330 0 0 2 168 315 188 0 1684 47 229 16 3 60
4104 2 11 129 330 0 0 0 170 330 188 0 1684 43 227 20 3 45
4128 2 15 134 330 0 0 1 169 327 183 0 1682 45 227 18 5 48
4152 2 21 132 330 0 0 3 167 321 174 0 1680 42 227 21 7 54
4176 2 18 148 330 0 0 1 169 320 160 0 1684 38 228 25 3 55
4200 2 20 138 330 0 0 1 169 327 167 0 1682 42 223 21 5 48
4224 2 13 138 330 0 0 2 168 326 183 0 1680 45 220 18 7 49
4248 2 22 143 330 0 0 4 166 306 185 0 1683 37 217 26 4 69
4272 2 23 140 330 0 0 1 169 331 181 0 1681 46 210 17 6 44
4296 2 17 149 330 0 0 1 169 333 173 0 1684 42 206 21 3 42
4320 2 14 150 330 0 0 0 170 317 180 0 1683 40 205 23 4 58
4344 2 16 140 330 0 0 2 168 329 177 0 1683 43 204 20 4 46
4368 2 13 143 330 0 0 0 170 326 179 0 1681 38 204 25 6 49
4392 2 13 132 330 0 0 0 170 312 177 0 1683 43 204 20 4 63
4416 2 12 136 330 0 0 3 167 314 173 0 1681 42 203 21 6 61
4440 2 17 137 330 0 0 4 166 322 179 0 1683 37 203 26 4 53
4464 2 21 146 330 0 0 0 170 324 191 0 1683 37 198 26 4 51
4488.0 1002 15 141 330 0 0 1 169 322 187 0 1681 41 197 22 6 53
4512 361 4965 183 332 9 22 45 92 287 904 0 1153 47 379 16 534 88
4536 71 3081 178 358 15 33 50 44 274 347 0 1489 46 501 17 198 101
4560 26 978 180 375 7 17 39 62 297 266 0 1633 36 486 27 54 78
4584 20 348 184 376 3 8 26 87 311 320 0 1642 35 459 28 45 64
4608 15 243 200 376 0 2 15 107 318 360 0 1650 38 428 25 37 57
4632 10 157 186 376 0 1 11 112 321 348 0 1667 43 407 20 20 54
4656 10 96 197 376 0 0 7 117 322 357 0 1677 41 366 22 10 53
4680 7 102 176 376 0 1 4 119 320 350 0 1668 37 360 26 19 55
4704 7 95 191 376 0 0 7 117 329 322 0 1671 38 349 25 16 46
4728 7 82 170 376 0 0 2 122 318 323 0 1670 39 345 24 17 57
4752 7 87 170 376 0 0 10 114 324 316 0 1666 38 338 25 21 51
4776 6 70 140 376 0 0 3 121 328 325 0 1677 41 333 22 10 47
4800 6 61 146 376 0 0 4 120 323 331 0 1670 40 317 23 17 52
4824 6 76 165 376 0 0 4 120 321 311 0 1675 38 329 25 12 54
4848 5 51 160 376 0 0 2 122 311 311 0 1676 39 324 24 11 64
4872 5 55 162 376 0 0 4 120 314 316 0 1677 43 309 20 10 61
4896 4 48 156 376 0 0 2 122 325 300 0 1678 44 306 19 9 50
4920 4 43 154 376 0 1 2 121 318 284 0 1681 44 304 19 6 57
4944 4 45 157 376 0 0 2 122 315 299 0 1675 37 292 26 12 60
4968 4 32 154 376 0 0 3 121 326 283 0 1678 38 284 25 9 49
4992 4 39 180 376 0 0 2 122 329 273 0 1681 39 288 24 6 46
5016 4 49 165 376 0 0 2 122 320 274 0 1672 43 276 20 15 55
5040 4 33 160 376 0 0 0 124 323 268 0 1682 34 269 29 5 52
5064 4 50 156 376 0 0 3 121 331 281 0 1674 33 256 30 13 44
5088 4 42 146 376 0 0 4 120 333 271 0 1676 40 261 23 11 42
5112 4 34 156 376 0 0 2 122 316 276 0 1680 34 254 29 7 59
5136 4 45 156 376 0 0 3 121 328 276 0 1679 38 258 25 8 47
5160 4 42 149 376 0 0 2 122 318 278 0 1678 39 247 24 9 57
5184 4 31 154 376 0 0 2 122 325 259 0 1674 45 246 18 13 50
5208 4 41 159 376 0 0 4 120 336 246 0 1683 36 241 27 4 39
5232 4 38 160 376 0 0 3 121 324 254 0 1682 43 237 20 5 51
5256 4 35 168 376 0 0 3 121 324 244 0 1679 39 234 24 8 51
5280 4 46 159 376 0 0 3 121 318 251 0 1675 41 223 22 12 57
5304 3 38 166 376 0 0 4 120 319 243 0 1684 39 221 24 3 56
5328 2 23 153 376 0 0 0 124 312 218 0 1686 34 220 29 1 63
5352 2 16 158 376 0 0 0 124 328 190 0 1684 40 216 23 3 47
5376 2 25 163 376 0 0 1 123 319 183 0 1680 30 214 33 7 56
5400 2 24 167 376 0 0 2 122 325 172 0 1681 39 210 24 6 50
5424 2 21 154 376 0 0 2 122 320 175 0 1682 39 203 24 5 55
5448 2 20 146 376 0 0 1 123 307 163 0 1686 41 197 22 1 68
5472 2 17 136 376 0 0 2 122 312 180 0 1683 38 196 25 4 63
5496 2 9 141 376 0 0 0 124 318 164 0 1686 39 196 24 1 57
5520 2 13 148 376 0 0 1 123 321 159 0 1684 42 194 21 3 54
5544 2 17 149 376 0 0 3 121 325 164 0 1680 43 191 20 7 50
5568 2 15 148 376 0 0 2 122 321 154 0 1683 38 192 25 4 54
5592 2 17 144 376 0 0 2 122 319 165 0 1684 40 189 23 3 56
5616 2 22 149 376 0 0 2 122 319 167 0 1683 40 188 23 4 56
5640 2 20 162 376 0 0 1 123 320 178 0 1682 44 187 19 5 55
5664 2 16 148 376 0 0 2 122 316 188 0 1682 48 187 15 5 59
5688 2 10 130 376 0 0 5 119 317 184 0 1684 46 188 17 3 58
5712 2 27 138 376 0 0 1 123 320 174 0 1684 45 187 18 3 55
5736 2 15 156 376 0 0 3 121 327 163 0 1682 45 184 18 5 48
5760 2 11 120 376 0 0 0 124 329 164 0 1684 42 179 21 3 46
5784 2 13 135 376 0 0 2 122 324 162 0 1687 40 180 23 0 51
5808 2 10 128 376 0 0 1 123 317 177 0 1678 42 179 21 9 58
5832 2 16 127 376 0 0 0 124 319 175 0 1681 43 177 20 6 56
5856 2 20 145 376 0 0 0 124 310 175 0 1679 43 176 20 8 65
5880 2 13 137 376 0 0 1 123 314 167 0 1683 40 178 23 4 61
5904 2 16 130 376 0 0 1 123 331 173 0 1684 43 174 20 3 44
5928.0 1002 29 151 376 0 0 1 123 326 174 0 1680 45 170 18 7 49
5952 355 4826 189 379 2 20 40 59 278 879 0 1176 46 392 17 511 97
5976 96 3223 206 392 14 25 25 44 279 359 0 1500 39 450 24 187 96
6000 40 1155 194 407 3 16 32 42 306 341 0 1583 45 441 18 104 69
6024 23 428 202 410 2 8 11 69 311 321 0 1630 37 459 26 57 64
6048 21 308 195 410 1 0 20 69 309 383 0 1641 43 402 20 46 66
6072 19 241 182 410 0 1 4 85 316 408 0 1644 38 395 25 43 59
6096 17 255 187 410 0 3 8 79 330 405 0 1648 32 385 31 39 45
6120 15 222 183 410 0 2 7 81 324 400 0 1657 37 384 26 30 51
6144 13 188 187 410 0 2 7 81 302 401 0 1656 47 391 16 31 73
6168 10 152 193 411 0 0 5 84 329 339 0 1672 47 415 16 15 46
6192 7 88 156 411 0 0 5 84 321 322 0 1667 36 406 27 20 54
6216 6 69 181 411 0 0 6 83 314 324 0 1677 34 393 29 10 61
6240 6 66 180 411 0 0 2 87 320 359 0 1666 35 367 28 21 55
6264 6 74 142 411 0 1 1 87 308 340 0 1675 37 354 26 12 67
6288 6 63 171 411 0 0 1 88 312 320 0 1678 38 344 25 9 63
6312 5 58 159 411 0 0 2 87 320 300 0 1680 46 348 17 7 55
6336 5 47 181 411 0 0 2 87 324 279 0 1676 39 335 24 11 51
6360 5 54 172 411 0 0 5 84 316 286 0 1675 41 328 22 12 59
6384 5 57 150 411 0 0 1 88 322 300 0 1677 48 322 15 10 53
6408 5 50 156 411 0 0 1 88 311 299 0 1682 41 322 22 5 64
6432 4 53 157 411 0 0 5 84 316 302 0 1677 41 312 22 10 59
6456 3 43 166 411 0 0 3 86 318 288 0 1680 37 305 26 7 57
6480 3 33 167 411 0 0 0 89 320 259 0 1685 45 298 18 2 55
6504 3 33 154 411 0 0 0 89 314 253 0 1677 40 294 23 10 61
6528 3 30 149 411 0 0 2 87 323 260 0 1682 47 285 16 5 52
6552 3 28 137 411 0 0 2 87 319 265 0 1680 43 275 20 7 56
6576 3 27 152 411 0 0 2 87 327 261 0 1682 37 271 26 5 48
6600 3 30 155 411 0 0 2 87 321 251 0 1682 38 271 25 5 54
6624 3 34 142 411 0 0 0 89 324 252 0 1674 42 268 21 13 51
6648 2 27 153 411 0 0 2 87 324 238 0 1682 41 267 22 5 51
6672 2 24 137 411 0 0 1 88 321 231 0 1683 45 262 18 4 54
6696 2 20 145 411 0 0 1 88 325 209 0 1684 42 263 21 3 50
6720 2 25 133 411 0 0 1 88 314 209 0 1679 42 256 21 8 61
6744 2 17 149 411 0 0 1 88 325 198 0 1683 47 253 16 4 50
6768 2 24 153 411 0 0 0 89 329 184 0 1682 41 248 22 5 46
6792 2 28 147 411 0 0 1 88 319 189 0 1681 44 240 19 6 56
6816 2 18 132 411 0 0 0 89 321 188 0 1683 39 238 24 4 54
6840 2 15 116 411 0 0 1 88 323 190 0 1682 44 238 19 5 52
6864 2 13 150 411 0 0 0 89 322 185 0 1684 38 233 25 3 53
6888 2 13 146 411 0 0 0 89 305 180 0 1685 36 231 27 2 70
6912 2 19 126 411 0 0 1 88 325 187 0 1680 37 223 26 7 50
6936 2 12 146 411 0 0 1 88 321 188 0 1683 41 221 22 4 54
6960 2 18 148 411 0 0 0 89 326 177 0 1683 38 216 25 4 49
6984 2 20 173 411 0 0 1 88 319 181 0 1679 41 210 22 8 56
7008 2 10 162 411 0 0 1 88 337 177 0 1683 47 208 16 4 38
7032 2 23 148 411 0 0 1 88 322 169 0 1683 40 210 23 4 53
7056 2 14 148 411 0 0 0 89 319 179 0 1682 37 209 26 5 56
7080 2 15 136 411 0 0 0 89 322 177 0 1681 36 206 27 6 53
7104 2 22 129 411 0 0 1 88 324 180 0 1679 38 200 25 8 51
7128 1 19 120 411 0 0 0 89 326 168 0 1681 40 195 23 6 49
7152 1 12 125 411 0 0 0 89 322 154 0 1686 40 199 23 1 53
7176 1 11 138 411 0 0 0 89 319 150 0 1685 44 195 19 2 56
7200 1 5 150 411 0 0 1 88 322 135 0 1685 41 195 22 2 53
7224 1 8 128 411 0 0 0 89 326 136 0 1683 43 193 20 4 49
7248 1 14 126 411 0 0 0 89 319 130 0 1682 43 193 20 5 56
7272 1 13 140 411 0 0 0 89 331 126 0 1683 40 191 23 4 44
7296 1 5 129 411 0 0 0 89 328 125 0 1687 45 190 18 0 47
7320 1 12 122 411 0 0 0 89 324 124 0 1682 39 188 24 5 51
7344 1 10 134 411 0 0 0 89 320 124 0 1685 43 190 20 2 55
7368 1 7 129 411 0 0 1 88 312 123 0 1685 36 190 27 2 63
7392 1 7 132 411 0 0 0 89 317 114 0 1687 41 189 22 0 58
7416 1 6 109 411 0 0 0 89 329 103 0 1686 45 188 18 1 46
7440 1 11 115 411 0 0 0 89 327 110 0 1683 46 187 17 4 48
7464 1 5 128 411 0 0 1 88 323 107 0 1684 41 186 22 3 52
7488 1 6 117 411 0 0 0 89 323 96 0 1687 39 186 24 0 52
7512 1 6 117 411 0 0 0 89 320 100 0 1685 44 183 19 2 55
7536 1 7 105 411 0 0 0 89 320 94 0 1685 46 183 17 2 55
7560 1 6 111 411 0 0 1 88 314 91 0 1685 37 182 26 2 61
7584 1 7 113 411 0 0 0 89 316 89 0 1685 43 179 20 2 59
7608 1 11 123 411 0 0 0 89 313 94 0 1685 46 178 17 2 62
7632 1 12 126 411 0 0 0 89 316 101 0 1685 40 176 23 2 59
7656 1 4 115 411 0 0 2 87 322 96 0 1685 46 175 17 2 53
7680 1 9 129 411 0 0 1 88 323 92 0 1686 42 175 21 1 52
7704 1 12 136 411 0 0 0 89 318 96 0 1685 37 173 26 2 57
7728 1 5 120 411 0 0 1 88 330 97 0 1684 47 174 16 3 45
7752 1 12 133 411 0 0 1 88 316 111 0 1684 42 173 21 3 59
7776 1 10 144 411 0 0 2 87 328 114 0 1685 37 173 26 2 47
7800 1 8 139 411 0 0 1 88 323 116 0 1683 42 170 21 4 52
7824 1 5 124 411 0 0 0 89 315 116 0 1686 37 171 26 1 60
7848 1 8 127 411 0 0 1 88 333 118 0 1687 41 170 22 0 42
7872 1 5 132 411 0 0 0 89 319 118 0 1684 38 169 25 3 56
7896 1 9 128 411 0 0 0 89 322 122 0 1682 40 168 23 5 53
7920 1 10 100 411 0 0 0 89 313 120 0 1685 44 167 19 2 62
7944 1 9 120 411 0 0 0 89 323 115 0 1681 41 166 22 6 52
7968 1 13 130 411 0 0 0 89 335 111 0 1682 39 162 24 5 40
7992 1 10 151 411 0 0 0 89 330 116 0 1687 40 162 23 0 45
8016 1 3 129 411 0 0 1 88 329 107 0 1687 46 161 17 0 46
8040 1 10 118 411 0 0 0 89 331 112 0 1685 46 159 17 2 44
8064 1 14 126 411 0 0 1 88 328 122 0 1685 46 159 17 2 47
8088 1 7 135 411 0 0 0 89 318 109 0 1686 47 158 16 1 57
8112 1 6 129 411 0 0 2 87 325 105 0 1686 39 156 24 1 50
8136 1 10 121 411 0 0 2 87 307 106 0 1684 45 152 18 3 68
8160 1 8 98 411 0 0 0 89 329 103 0 1684 43 152 20 3 46
8184 1 12 143 411 0 0 0 89 318 104 0 1686 34 150 29 1 57
8208 1 8 142 411 0 0 0 89 320 108 0 1686 39 150 24 1 55
8232 1 5 126 411 0 0 0 89 315 103 0 1687 42 149 21 0 60
8256 1 7 123 411 0 0 0 89 319 102 0 1683 42 147 21 4 56
8280 1 9 142 411 0 0 0 89 321 104 0 1687 44 147 19 0 54
8304 1 10 144 411 0 0 0 89 329 100 0 1684 39 147 24 3 46
8328 1 3 124 411 0 0 0 89 319 97 0 1685 45 145 18 2 56
8352 1 5 131 411 0 0 1 88 321 98 0 1686 41 144 22 1 54
8376 1 8 108 411 0 0 0 89 316 105 0 1685 46 142 17 2 59
8400 1 10 148 411 0 0 0 89 318 106 0 1685 45 142 18 2 57
8424 1 7 142 411 0 0 0 89 325 104 0 1683 45 142 18 4 50
8448 1 7 119 411 0 0 1 88 314 106 0 1684 53 141 10 3 61
8472 1 7 127 411 0 0 0 89 329 106 0 1684 43 140 20 3 46
8496 1 11 140 411 0 0 0 89 318 101 0 1685 40 138 23 2 57
8520 1 13 122 411 0 0 0 89 321 103 0 1685 44 138 19 2 54
8544 1 8 132 411 0 0 2 87 320 105 0 1683 43 138 20 4 55
8568 1 7 123 411 0 0 0 89 325 109 0 1687 47 136 16 0 50
8592 1 9 138 411 0 0 1 88 327 112 0 1684 39 135 24 3 48
8616 1 5 125 411 0 0 0 89 316 108 0 1686 45 135 18 1 59
8640 1 8 123 411 0 0 0 89 308 114 0 1686 41 136 22 1 67
8664 1 7 118 411 0 0 1 88 321 106 0 1685 47 138 16 2 54
8688 1 7 116 411 0 0 0 89 325 104 0 1686 44 137 19 1 50
8712 1 7 120 411 0 0 0 89 322 92 0 1685 43 137 20 2 53
8736 1 7 145 411 0 0 0 89 316 96 0 1685 36 137 27 2 59
8760 1 6 127 411 0 0 1 88 326 99 0 1685 39 136 24 2 49
