Time EBV Teff Treg ODC_le1 ODC_le2 ODC_le3 ODC_le4 ODC_le5 NK IL2 DAC Resting_Teff Resting_Treg EffectorMemory Resting_Treg_temp Resting_Teff_temp NK_temp
0.0 0 0 0 0 0 0 0 500 375 1000 0 1687 63 0 0 0 0
24 0 0 0 0 0 0 0 500 318 910 0 1687 63 0 0 0 57
48 0 0 0 0 0 0 0 500 343 803 0 1687 63 0 0 0 32
72 0 0 0 0 0 0 0 500 320 731 0 1687 63 0 0 0 55
96 0 0 0 0 0 0 0 500 328 666 0 1687 63 0 0 0 47
120 0 0 0 0 0 0 0 500 338 608 0 1687 63 0 0 0 37
144 0 0 0 0 0 0 0 500 320 547 0 1687 63 0 0 0 55
168.0 1000 0 0 0 0 0 0 500 334 488 0 1687 63 0 0 0 41
192 370 5934 108 10 26 75 153 236 261 870 0 1127 46 383 17 560 114
216 102 3893 150 91 42 76 124 167 271 406 0 1468 39 459 24 219 104
240 34 1543 150 152 22 67 109 150 286 281 0 1598 34 452 29 89 89
264 20 542 162 172 8 30 86 204 318 281 0 1641 36 444 27 46 57
288 12 221 168 172 1 14 33 280 310 318 0 1658 45 417 18 29 65
312 10 144 166 172 2 4 29 293 324 332 0 1666 36 397 27 21 51
336 9 137 144 173 0 2 20 305 338 322 0 1673 40 383 23 14 37
360 9 117 159 173 0 0 10 317 320 321 0 1671 42 386 21 16 55
384 8 98 188 173 0 0 19 308 329 355 0 1667 35 372 28 20 46
408 7 64 198 173 0 0 9 318 336 340 0 1677 37 361 26 10 39
432 6 73 197 173 0 0 7 320 335 372 0 1668 38 336 25 19 40
456 6 79 185 173 0 0 9 318 323 351 0 1673 40 334 23 14 52
480 6 70 174 173 0 0 16 311 326 361 0 1674 45 313 18 13 49
504 6 61 160 173 0 0 8 319 326 353 0 1678 46 309 17 9 49
528 6 71 169 173 0 0 16 311 318 340 0 1680 34 298 29 7 57
552 6 73 138 173 0 0 10 317 319 306 0 1671 48 307 15 16 56
576 6 60 175 173 0 0 21 306 322 302 0 1673 33 307 30 14 53
600 5 48 168 173 0 0 7 320 313 307 0 1673 42 293 21 14 62
624 5 45 191 173 0 0 5 322 329 289 0 1677 39 290 24 10 46
648 5 47 168 173 0 0 1 326 314 276 0 1677 47 281 16 10 61
672 5 49 162 173 0 1 6 320 316 286 0 1671 43 275 20 16 59
696 5 34 155 173 0 0 4 323 319 279 0 1677 45 274 18 10 56
720 4 45 160 173 0 0 5 322 334 299 0 1678 46 269 17 9 41
744 4 42 177 173 0 0 4 323 322 288 0 1672 35 274 28 15 53
768 4 49 149 173 0 0 7 320 326 292 0 1680 38 263 25 7 49
792 4 39 141 173 0 0 2 325 327 295 0 1676 43 251 20 11 48
816 4 29 150 173 0 0 8 319 320 287 0 1678 39 249 24 9 55
840 4 58 155 173 0 0 9 318 326 274 0 1674 40 248 23 13 49
864 4 42 144 173 0 0 9 318 325 274 0 1679 37 246 26 8 50
888 4 42 150 173 0 1 7 319 317 277 0 1678 40 243 23 9 58
912 4 35 179 173 0 0 8 319 308 276 0 1676 42 234 21 11 67
936 3 31 162 173 0 1 4 322 332 260 0 1681 39 231 24 6 43
960 3 27 170 173 0 0 5 322 327 254 0 1681 39 225 24 6 48
984 3 35 142 173 0 0 1 326 316 258 0 1680 47 219 16 7 59
1008 3 29 135 173 0 0 9 318 315 247 0 1681 45 214 18 6 60
1032 3 27 144 173 0 0 7 320 325 243 0 1680 36 211 27 7 50
1056 3 39 154 173 0 0 3 324 332 238 0 1679 41 213 22 8 43
1080 3 37 164 173 0 0 4 323 319 230 0 1680 39 213 24 7 56
1104 3 30 153 173 0 0 6 321 326 226 0 1676 40 218 23 11 49
1128 3 29 153 173 0 0 3 324 328 225 0 1680 44 222 19 7 47
1152 2 27 140 173 0 0 12 315 314 213 0 1684 36 222 27 3 61
1176 2 22 147 173 0 0 6 321 323 184 0 1684 42 220 21 3 52
1200 2 18 139 173 0 0 5 322 306 168 0 1681 45 222 18 6 69
1224 2 17 129 173 0 0 3 324 325 165 0 1685 36 218 27 2 50
1248 2 17 139 173 0 0 2 325 320 151 0 1683 44 219 19 4 55
1272 2 12 142 173 0 0 2 325 317 158 0 1684 43 215 20 3 58
1296 2 22 148 173 0 0 0 327 331 148 0 1680 41 212 22 7 44
1320 2 14 143 173 0 0 2 325 322 163 0 1683 39 210 24 4 53
1344 2 13 129 173 0 0 1 326 313 161 0 1683 43 209 20 4 62
1368 2 17 158 173 0 0 2 325 309 159 0 1682 34 205 29 5 66
1392 2 16 144 173 0 0 2 325 328 156 0 1684 46 203 17 3 47
1416 2 17 149 173 0 0 0 327 310 155 0 1682 42 200 21 5 65
1440 2 13 145 173 0 0 1 326 319 156 0 1684 41 197 22 3 56
1464 2 19 133 173 0 0 2 325 329 173 0 1683 42 195 21 4 46
1488 2 15 114 173 0 1 3 323 330 172 0 1684 48 194 15 3 45
1512 2 18 132 173 0 0 2 325 302 177 0 1679 40 188 23 8 73
1536 2 17 144 173 0 0 1 326 321 189 0 1680 44 187 19 7 54
1560 2 10 151 173 0 0 5 322 329 190 0 1684 43 185 20 3 46
1584 2 20 143 173 0 0 3 324 331 181 0 1681 37 181 26 6 44
1608.0 1002 16 140 173 0 0 5 322 317 183 0 1683 37 181 26 4 58
1632 374 5221 191 178 14 47 92 169 277 862 0 1127 34 400 29 560 98
1656 105 3566 169 231 25 52 77 115 286 416 0 1443 41 493 22 244 89
1680 32 1171 184 260 16 46 63 115 289 278 0 1605 40 491 23 82 86
1704 26 484 157 267 4 21 50 158 307 321 0 1638 37 447 26 49 68
1728 18 305 165 269 2 5 38 186 309 384 0 1644 40 440 23 43 66
1752 14 225 154 270 0 4 17 209 311 382 0 1657 49 434 14 30 64
1776 14 211 158 270 1 3 19 207 312 386 0 1650 37 417 26 37 63
1800 13 179 147 270 1 1 14 214 311 364 0 1668 39 415 24 19 64
1824 13 195 156 270 0 2 17 211 327 348 0 1662 39 410 24 25 48
1848 12 172 161 270 0 1 18 211 331 340 0 1664 43 394 20 23 44
1872 11 121 158 270 0 1 18 211 316 338 0 1661 43 390 20 26 59
1896 11 116 169 270 0 0 11 219 321 341 0 1667 44 371 19 20 54
1920 10 137 161 270 0 0 12 218 317 357 0 1670 43 354 20 17 58
1944 9 100 171 270 0 0 23 207 320 343 0 1666 38 349 25 21 55
1968 9 111 162 270 0 2 16 212 321 339 0 1664 40 355 23 23 54
1992 8 113 190 270 0 0 11 219 321 347 0 1665 32 354 31 22 54
2016 7 74 183 270 0 0 13 217 316 363 0 1670 31 332 32 17 59
2040 7 81 156 270 0 1 4 225 324 343 0 1677 44 332 19 10 51
2064 7 87 166 270 0 0 11 219 326 339 0 1665 39 320 24 22 49
2088 7 84 186 270 0 0 5 225 308 310 0 1672 42 323 21 15 67
2112 6 46 173 270 0 1 11 218 314 304 0 1675 38 316 25 12 61
2136 6 54 156 270 0 0 4 226 320 323 0 1674 43 305 20 13 55
2160 6 73 152 270 0 0 10 220 331 308 0 1675 37 299 26 12 44
2184 6 49 158 270 0 0 7 223 320 312 0 1681 40 287 23 6 55
2208 6 65 150 270 0 0 10 220 323 316 0 1677 41 284 22 10 52
2232 5 57 146 270 0 0 4 226 328 319 0 1678 40 281 23 9 47
2256 5 54 167 270 0 0 5 225 330 316 0 1676 39 280 24 11 45
2280 5 59 153 270 0 1 9 220 325 297 0 1681 41 289 22 6 50
2304 5 46 179 270 0 0 4 226 314 284 0 1679 42 280 21 8 61
2328 5 36 173 270 0 1 2 227 336 281 0 1677 38 273 25 10 39
2352 5 63 166 270 0 1 3 226 318 276 0 1667 43 264 20 20 57
2376 5 49 151 270 0 0 7 223 326 277 0 1677 40 259 23 10 49
2400 4 41 148 270 0 0 6 224 314 265 0 1674 41 254 22 13 61
2424 4 53 155 270 0 0 8 222 318 247 0 1674 41 249 22 13 57
2448 4 43 166 270 0 0 3 227 316 243 0 1680 40 247 23 7 59
2472 4 39 137 270 0 0 6 224 322 242 0 1676 45 240 18 11 53
2496 2 33 148 270 0 0 4 226 319 242 0 1683 42 240 21 4 56
2520 2 27 156 270 0 0 4 226 326 231 0 1687 40 239 23 0 49
2544 2 14 155 270 0 0 1 229 327 214 0 1681 32 236 31 6 48
2568 2 29 132 270 0 0 1 229 325 217 0 1681 41 226 22 6 50
2592 2 22 145 270 0 0 3 227 315 216 0 1683 45 220 18 4 60
2616 2 13 156 270 0 0 1 229 313 202 0 1684 41 215 22 3 62
2640 2 18 147 270 0 1 0 229 324 178 0 1683 47 219 16 4 51
2664 2 18 138 270 0 0 3 227 320 182 0 1685 46 217 17 2 55
2688 2 13 144 270 0 0 3 227 326 176 0 1684 47 215 16 3 49
2712 2 15 128 270 0 0 2 228 327 178 0 1685 42 213 21 2 48
2736 2 16 138 270 0 0 1 229 326 178 0 1681 47 209 16 6 49
2760 2 21 127 270 0 0 2 228 323 167 0 1683 41 210 22 4 52
2784 2 22 140 270 0 0 0 230 321 180 0 1681 39 210 24 6 54
2808 2 13 125 270 0 0 1 229 323 168 0 1685 47 212 16 2 52
2832 2 18 135 270 0 0 2 228 320 184 0 1684 40 202 23 3 55
2856 2 13 120 270 0 0 3 227 316 187 0 1686 41 203 22 1 59
2880 2 19 139 270 0 0 1 229 316 198 0 1680 40 199 23 7 59
2904 2 15 140 270 0 0 1 229 328 169 0 1682 40 201 23 5 47
2928 2 13 160 270 0 0 0 230 315 152 0 1682 43 202 20 5 60
2952 2 10 145 270 0 0 0 230 321 147 0 1684 46 199 17 3 54
2976 2 15 133 270 0 0 1 229 320 139 0 1686 36 200 27 1 55
3000 2 14 115 270 0 0 1 229 316 147 0 1685 44 196 19 2 59
3024 2 17 148 270 0 0 2 228 323 147 0 1684 39 193 24 3 52
3048.0 1002 18 145 270 0 0 1 229 333 148 0 1681 44 189 19 6 42
3072 357 5211 168 278 18 26 67 111 272 845 0 1151 39 392 24 536 103
3096 95 3350 172 309 14 31 64 82 268 405 0 1484 40 424 23 203 107
3120 40 1200 180 324 5 25 55 91 267 277 0 1599 39 431 24 88 108
3144 26 453 174 326 1 15 44 114 311 362 0 1632 43 414 20 55 64
3168 20 317 184 326 2 7 30 135 312 357 0 1638 42 402 21 49 63
3192 18 306 177 328 1 2 22 147 319 381 0 1648 33 368 30 39 56
3216 16 209 177 328 0 3 21 148 301 385 0 1648 45 364 18 39 74
3240 15 197 170 328 0 1 12 159 308 372 0 1654 45 374 18 33 67
3264 14 180 161 328 0 0 12 160 317 359 0 1653 35 385 28 34 58
3288 13 171 174 328 0 1 11 160 314 343 0 1654 37 381 26 33 61
3312 9 97 176 328 0 0 15 157 326 330 0 1674 45 377 18 13 49
3336 9 98 176 328 0 2 14 156 311 362 0 1667 41 349 22 20 64
3360 9 115 176 328 0 1 7 164 327 359 0 1661 38 341 25 26 48
3384 8 97 180 328 0 1 5 166 318 339 0 1673 39 330 24 14 57
3408 8 93 163 328 0 1 5 166 323 334 0 1675 42 323 21 12 52
3432 7 107 152 328 0 0 6 166 321 316 0 1673 36 322 27 14 54
3456 7 89 168 328 0 0 10 162 331 301 0 1672 45 314 18 15 44
3480 7 71 156 328 0 0 6 166 316 294 0 1668 42 314 21 19 59
3504 7 66 178 328 0 0 7 165 313 308 0 1670 40 302 23 17 62
3528 6 59 162 328 0 0 7 165 308 334 0 1676 40 288 23 11 67
3552 6 77 161 328 0 0 5 167 330 301 0 1677 39 287 24 10 45
3576 5 76 152 328 0 0 6 166 317 310 0 1674 44 280 19 13 58
3600 5 58 158 328 0 0 8 164 317 282 0 1677 40 278 23 10 58
3624 5 59 181 328 0 0 10 162 322 300 0 1676 41 264 22 11 53
3648 4 37 162 328 0 0 7 165 330 279 0 1679 45 251 18 8 45
3672 4 36 153 328 0 0 5 167 311 271 0 1676 40 246 23 11 64
3696 4 47 145 328 0 0 1 171 325 272 0 1681 43 242 20 6 50
3720 4 45 175 328 0 0 4 168 320 292 0 1676 36 232 27 11 55
3744 4 28 162 328 0 0 4 168 318 257 0 1678 43 231 20 9 57
3768 4 33 159 328 0 0 1 171 323 263 0 1678 33 228 30 9 52
3792 4 45 134 328 0 0 2 170 322 262 0 1679 43 225 20 8 53
3816 4 41 146 328 0 0 7 165 303 273 0 1676 44 227 19 11 72
3840 4 39 153 328 0 0 2 170 334 276 0 1680 39 222 24 7 41
3864 4 33 163 328 0 0 2 170 322 275 0 1675 39 218 24 12 53
3888 4 39 141 328 0 1 4 167 314 268 0 1675 42 223 21 12 61
3912 4 34 165 328 0 0 1 171 316 259 0 1678 35 218 28 9 59
3936 4 48 151 328 0 0 7 165 332 253 0 1678 48 218 15 9 43
3960 4 36 131 328 0 0 0 172 321 244 0 1682 40 209 23 5 54
3984 4 42 139 328 0 0 2 170 333 229 0 1678 41 212 22 9 42
4008 4 48 154 328 0 0 2 170 316 251 0 1676 40 203 23 11 59
4032 4 35 167 328 0 0 5 167 315 246 0 1680 42 200 21 7 60
4056 4 36 146 328 0 0 3 169 331 251 0 1675 44 206 19 12 44
4080 4 40 131 328 0 0 3 169 321 262 0 1675 46 204 17 12 54
4104 4 33 156 328 0 0 2 170 312 234 0 1684 44 214 19 3 63
4128 4 50 145 328 0 0 3 169 324 242 0 1673 31 206 32 14 51
4152 3 55 138 328 0 0 3 169 325 247 0 1676 35 205 28 11 50
4176 3 39 130 328 0 0 3 169 324 238 0 1680 36 209 27 7 51
4200 3 20 146 328 0 0 0 172 322 227 0 1681 43 214 20 6 53
4224 3 22 146 328 0 0 5 167 321 230 0 1683 43 208 20 4 54
4248 3 29 135 328 0 0 3 169 328 234 0 1681 46 201 17 6 47
4272 3 33 141 328 0 0 1 171 332 214 0 1686 45 196 18 1 43
4296 3 26 121 328 0 0 1 171 325 202 0 1681 41 192 22 6 50
4320 3 35 126 328 0 0 2 170 325 207 0 1678 42 192 21 9 50
4344 3 20 148 328 0 0 2 170 328 191 0 1681 48 194 15 6 47
4368 3 18 147 328 0 0 2 170 336 200 0 1685 45 192 18 2 39
4392 3 27 142 328 0 0 0 172 332 200 0 1684 42 192 21 3 43
4416 3 33 147 328 0 0 3 169 317 206 0 1678 40 192 23 9 58
4440 3 30 140 328 0 0 2 170 323 216 0 1681 45 189 18 6 52
4464 3 31 141 328 0 0 3 169 306 225 0 1676 41 186 22 11 69
4488.0 1003 38 164 328 0 0 4 168 335 224 0 1677 31 190 32 10 40
4512 371 4910 213 332 5 21 49 93 271 894 0 1116 42 400 21 571 104
4536 101 3299 197 353 18 35 41 53 284 434 0 1458 35 420 28 229 91
4560 41 1238 187 370 3 20 36 71 302 286 0 1602 36 446 27 85 73
4584 27 567 172 374 7 10 26 83 323 309 0 1618 39 440 24 69 52
4608 19 322 190 375 0 5 20 100 312 382 0 1641 38 403 25 46 63
4632 15 198 176 375 0 2 13 110 306 384 0 1658 44 411 19 29 69
4656 14 191 180 375 0 0 9 116 302 400 0 1660 47 385 16 27 73
4680 14 178 180 375 0 0 11 114 317 373 0 1660 44 372 19 27 58
4704 13 154 189 375 0 0 8 117 308 417 0 1652 35 355 28 35 67
4728 11 175 159 375 0 0 10 115 323 386 0 1661 40 360 23 26 52
4752 9 140 155 375 0 0 5 120 317 343 0 1670 43 367 20 17 58
4776 9 112 155 375 0 0 8 117 329 336 0 1670 38 348 25 17 46
4800 8 111 164 375 0 2 9 114 314 347 0 1657 38 345 25 30 61
4824 6 49 167 375 0 1 6 118 321 333 0 1680 43 334 20 7 54
4848 6 53 158 375 0 0 3 122 319 338 0 1677 48 319 15 10 56
4872 6 53 184 375 0 0 4 121 325 326 0 1673 36 311 27 14 50
4896 6 56 162 375 0 0 5 120 306 328 0 1669 43 304 20 18 69
4920 5 55 162 375 0 0 8 117 328 329 0 1680 45 295 18 7 47
4944 5 42 162 375 0 0 6 119 334 314 0 1680 40 293 23 7 41
4968 5 51 181 375 0 0 4 121 312 306 0 1676 40 288 23 11 63
4992 4 52 163 375 0 0 4 121 328 314 0 1675 37 284 26 12 47
5016 4 48 167 375 0 1 4 120 307 311 0 1676 44 280 19 11 68
5040 4 44 169 375 0 0 3 122 325 295 0 1675 42 274 21 12 50
5064 4 41 164 375 0 0 2 123 325 280 0 1676 37 266 26 11 50
5088 4 38 144 375 0 0 1 124 339 284 0 1676 39 258 24 11 36
5112 4 31 156 375 0 0 4 121 332 267 0 1681 43 261 20 6 43
5136 4 40 144 375 0 0 1 124 320 277 0 1677 47 255 16 10 55
5160 4 43 158 375 0 0 1 124 328 267 0 1678 41 247 22 9 47
5184 4 28 148 375 0 0 4 121 328 265 0 1679 38 248 25 8 47
5208 4 53 157 375 0 0 1 124 323 279 0 1674 42 247 21 13 52
5232 4 37 169 375 0 0 3 122 316 270 0 1678 39 237 24 9 59
5256 4 35 153 375 0 0 4 121 324 271 0 1681 42 236 21 6 51
5280 4 59 163 375 0 0 6 119 310 257 0 1681 38 230 25 6 65
5304 4 38 162 375 0 0 2 123 323 243 0 1677 32 229 31 10 52
5328 4 30 167 375 0 0 2 123 325 245 0 1677 40 226 23 10 50
5352 4 39 138 375 0 0 0 125 330 233 0 1680 38 224 25 7 45
5376 4 31 135 375 0 0 5 120 316 246 0 1679 41 219 22 8 59
5400 4 29 156 375 0 0 0 125 320 265 0 1679 39 213 24 8 55
5424 4 38 164 375 0 0 2 123 331 266 0 1677 39 212 24 10 44
5448 3 37 148 375 0 0 1 124 322 262 0 1676 42 213 21 11 53
5472 3 28 156 375 0 0 1 124 327 238 0 1679 37 212 26 8 48
5496 3 42 139 375 0 0 4 121 331 244 0 1681 32 212 31 6 44
5520 3 30 164 375 0 0 3 122 314 241 0 1676 38 210 25 11 61
5544 3 33 164 375 0 0 0 125 326 236 0 1679 46 208 17 8 49
5568 2 29 156 375 0 0 1 124 327 223 0 1683 48 196 15 4 48
5592 2 17 140 375 0 0 1 124 316 213 0 1681 39 198 24 6 59
5616 2 16 140 375 0 0 0 125 326 213 0 1686 40 191 23 1 49
5640 2 18 133 375 0 0 0 125 313 202 0 1681 50 188 13 6 62
5664 2 22 155 375 0 0 3 122 329 195 0 1681 41 184 22 6 46
5688 2 11 155 375 0 0 0 125 317 186 0 1680 36 183 27 7 58
5712 2 18 155 375 0 0 2 123 314 191 0 1683 40 184 23 4 61
5736 2 20 167 375 0 0 2 123 317 187 0 1684 34 182 29 3 58
5760 2 11 139 375 0 0 1 124 326 181 0 1684 37 181 26 3 49
5784 2 21 152 375 0 0 0 125 338 162 0 1682 39 180 24 5 37
5808 2 18 143 375 0 0 1 124 335 155 0 1686 41 176 22 1 40
5832 2 21 134 375 0 0 0 125 312 168 0 1681 39 174 24 6 63
5856 2 20 142 375 0 0 0 125 314 166 0 1683 43 176 20 4 61
5880 2 14 137 375 0 0 1 124 307 167 0 1683 46 175 17 4 68
5904 2 16 147 375 0 0 1 124 318 174 0 1684 42 176 21 3 57
5928.0 1002 10 135 375 0 0 1 124 314 166 0 1684 43 174 20 3 61
5952 359 4934 191 380 2 15 42 61 265 898 0 1191 38 395 25 496 110
5976 96 3410 165 395 11 18 29 47 281 422 0 1485 43 422 20 202 94
6000 32 1222 178 404 9 14 32 41 299 304 0 1604 41 446 22 83 76
6024 19 423 162 410 2 6 22 60 304 302 0 1640 38 461 25 47 71
6048 12 203 171 411 1 1 9 78 318 328 0 1657 39 435 24 30 57
6072 11 158 179 412 0 0 6 82 333 345 0 1661 40 414 23 26 42
6096 11 174 167 412 0 2 6 80 324 353 0 1658 47 403 16 29 51
6120 10 124 170 412 0 1 11 76 308 359 0 1667 52 385 11 20 67
6144 10 119 176 412 0 0 4 84 304 407 0 1663 41 348 22 24 71
6168 9 128 193 412 0 0 3 85 307 396 0 1666 34 345 29 21 68
6192 8 98 190 412 0 0 2 86 321 335 0 1668 42 344 21 19 54
6216 7 95 161 412 0 0 2 86 334 335 0 1670 38 332 25 17 41
6240 7 100 162 412 0 1 8 79 324 334 0 1672 39 320 24 15 51
6264 7 87 161 412 0 0 3 85 322 331 0 1671 44 304 19 16 53
6288 7 77 171 412 0 1 3 84 312 319 0 1674 38 310 25 13 63
6312 7 80 160 412 0 0 3 85 314 324 0 1668 40 301 23 19 61
6336 7 76 168 412 0 0 2 86 326 336 0 1670 37 301 26 17 49
6360 7 83 153 412 0 0 1 87 327 338 0 1670 41 292 22 17 48
6384 7 84 156 412 0 0 7 81 315 331 0 1671 41 288 22 16 60
6408 6 77 171 412 0 0 2 86 327 320 0 1680 35 283 28 7 48
6432 6 71 161 412 0 0 0 88 318 313 0 1675 36 272 27 12 57
6456 5 47 178 412 0 0 0 88 323 304 0 1677 42 271 21 10 52
6480 5 45 171 412 0 0 1 87 328 306 0 1682 37 272 26 5 47
6504 4 47 147 412 0 0 5 83 331 285 0 1682 45 268 18 5 44
6528 4 37 146 412 0 0 2 86 316 282 0 1678 41 262 22 9 59
6552 4 43 160 412 0 0 2 86 319 267 0 1679 43 253 20 8 56
6576 4 23 142 412 0 0 4 84 325 275 0 1676 50 243 13 11 50
6600 4 42 138 412 0 0 1 87 325 286 0 1677 32 235 31 10 50
6624 4 49 144 412 0 0 3 85 334 277 0 1677 38 233 25 10 41
6648 4 38 164 412 0 0 5 83 327 264 0 1681 42 233 21 6 48
6672 4 41 172 412 0 0 5 83 315 265 0 1679 36 239 27 8 60
6696 4 40 142 412 0 0 1 87 328 256 0 1683 44 239 19 4 47
6720 4 47 158 412 0 0 3 85 313 269 0 1678 42 227 21 9 62
6744 4 43 182 412 0 0 1 87 328 266 0 1678 32 229 31 9 47
6768 4 38 184 412 0 0 2 86 337 255 0 1679 39 227 24 8 38
6792 4 46 167 412 0 0 6 82 331 251 0 1681 36 221 27 6 44
6816 3 28 156 412 0 0 2 86 320 250 0 1680 38 227 25 7 55
6840 3 23 154 412 0 0 1 87 316 242 0 1682 44 222 19 5 59
6864 3 23 162 412 0 0 1 87 318 230 0 1682 35 218 28 5 57
6888 3 26 132 412 0 0 1 87 311 224 0 1682 39 211 24 5 64
6912 3 29 149 412 0 0 0 88 331 230 0 1679 38 209 25 8 44
6936 3 23 144 412 0 0 1 87 322 239 0 1679 44 203 19 8 53
6960 3 27 156 412 0 0 1 87 333 216 0 1681 44 206 19 6 42
6984 3 23 179 412 0 0 2 86 327 198 0 1685 39 213 24 2 48
7008 3 20 165 412 0 0 2 86 313 194 0 1680 39 213 24 7 62
7032 3 24 153 412 0 0 0 88 323 212 0 1684 40 208 23 3 52
7056 3 21 169 412 0 0 1 87 311 225 0 1682 46 208 17 5 64
7080 2 12 169 412 0 0 1 87 318 214 0 1686 42 208 21 1 57
7104 2 21 137 412 0 0 0 88 317 207 0 1681 42 206 21 6 58
7128 2 20 141 412 0 0 1 87 319 199 0 1686 40 200 23 1 56
7152 2 24 155 412 0 0 2 86 314 195 0 1682 38 202 25 5 61
7176 2 18 155 412 0 0 0 88 321 179 0 1681 40 204 23 6 54
7200 2 19 143 412 0 0 1 87 331 171 0 1680 37 205 26 7 44
7224 2 14 154 412 0 0 0 88 317 167 0 1681 38 203 25 6 58
7248 2 17 136 412 0 0 0 88 331 167 0 1684 39 200 24 3 44
7272 2 22 140 412 0 0 0 88 314 169 0 1685 48 192 15 2 61
7296 2 19 173 412 0 0 0 88 317 167 0 1679 37 195 26 8 58
7320 2 9 132 412 0 0 1 87 319 171 0 1685 41 192 22 2 56
7344 2 19 149 412 0 0 1 87 321 184 0 1681 47 183 16 6 54
7368 2 11 155 412 0 0 2 86 314 179 0 1683 42 185 21 4 61
7392 2 21 150 412 0 0 3 85 327 176 0 1680 41 188 22 7 48
7416 2 16 165 412 0 0 1 87 321 175 0 1684 39 186 24 3 54
7440 2 16 136 412 0 0 2 86 327 177 0 1682 40 184 23 5 48
7464 2 21 145 412 0 0 0 88 328 169 0 1683 40 180 23 4 47
7488 2 18 135 412 0 0 0 88 330 183 0 1683 43 177 20 4 45
7512 1 15 147 412 0 0 1 87 315 175 0 1682 37 178 26 5 60
7536 1 11 141 412 0 0 0 88 328 159 0 1687 36 178 27 0 47
7560 1 2 113 412 0 0 0 88 313 146 0 1687 48 177 15 0 62
7584 1 13 140 412 0 0 1 87 318 145 0 1682 40 175 23 5 57
7608 1 4 125 412 0 0 0 88 324 133 0 1685 38 175 25 2 51
7632 1 5 113 412 0 0 0 88 315 122 0 1684 44 174 19 3 60
7656 1 7 119 412 0 0 1 87 326 112 0 1685 50 174 13 2 49
7680 1 14 119 412 0 0 0 88 314 115 0 1684 47 172 16 3 61
7704 1 3 119 412 0 0 2 86 325 114 0 1686 47 170 16 1 50
7728 1 8 127 412 0 0 0 88 325 115 0 1685 39 166 24 2 50
7752 1 9 113 412 0 0 0 88 332 124 0 1683 39 162 24 4 43
7776 1 9 130 412 0 0 1 87 318 119 0 1684 37 164 26 3 57
7800 1 9 143 412 0 0 0 88 311 110 0 1687 44 163 19 0 64
7824 1 8 127 412 0 0 0 88 311 110 0 1687 43 164 20 0 64
7848 1 14 143 412 0 0 0 88 332 105 0 1684 46 164 17 3 43
7872 1 11 121 412 0 0 0 88 324 112 0 1683 41 164 22 4 51
7896 1 6 119 412 0 0 0 88 329 116 0 1685 47 162 16 2 46
7920 1 6 128 412 0 0 0 88 324 104 0 1684 39 160 24 3 51
7944 1 8 110 412 0 0 0 88 312 111 0 1679 49 160 14 8 63
7968 1 12 102 412 0 0 0 88 324 112 0 1682 41 158 22 5 51
7992 1 7 124 412 0 0 0 88 331 113 0 1686 46 156 17 1 44
8016 1 10 135 412 0 0 1 87 320 115 0 1687 38 152 25 0 55
8040 1 7 119 412 0 0 1 87 321 111 0 1686 40 150 23 1 54
8064 1 9 136 412 0 0 0 88 325 114 0 1683 45 148 18 4 50
8088 1 4 152 412 0 0 0 88 328 106 0 1686 45 147 18 1 47
8112 1 6 131 412 0 0 0 88 325 94 0 1686 46 145 17 1 50
8136 1 9 134 412 0 0 1 87 320 90 0 1686 36 143 27 1 55
8160 1 7 124 412 0 0 0 88 313 91 0 1683 44 144 19 4 62
8184 1 5 127 412 0 0 0 88 317 87 0 1687 40 146 23 0 58
8208 1 6 134 412 0 0 0 88 316 86 0 1686 44 144 19 1 59
8232 1 6 114 412 0 0 0 88 327 88 0 1685 45 144 18 2 48
8256 1 6 117 412 0 0 0 88 323 84 0 1682 40 143 23 5 52
8280 1 15 139 412 0 0 1 87 323 93 0 1685 40 141 23 2 52
8304 1 4 142 412 0 0 0 88 328 91 0 1685 41 142 22 2 47
8328 1 9 125 412 0 0 0 88 316 88 0 1685 42 144 21 2 59
8352 1 9 134 412 0 0 1 87 320 94 0 1684 39 143 24 3 55
8376 1 10 119 412 0 0 0 88 325 96 0 1687 39 141 24 0 50
8400 1 6 129 412 0 0 0 88 325 101 0 1685 41 138 22 2 50
8424 1 8 122 412 0 0 0 88 325 97 0 1682 37 136 26 5 50
8448 1 16 125 412 0 0 0 88 321 111 0 1681 37 135 26 6 54
8472 1 6 119 412 0 0 0 88 313 111 0 1684 50 134 13 3 62
8496 1 11 132 412 0 0 0 88 318 114 0 1685 45 134 18 2 57
8520 1 9 122 412 0 0 1 87 317 115 0 1685 48 133 15 2 58
8544 1 7 114 412 0 0 0 88 311 109 0 1685 42 133 21 2 64
8568 1 8 128 412 0 0 0 88 323 113 0 1685 42 132 21 2 52
8592 1 4 138 412 0 0 0 88 332 111 0 1685 41 131 22 2 43
8616 1 9 150 412 0 0 0 88 323 115 0 1685 45 130 18 2 52
8640 1 6 147 412 0 0 0 88 326 116 0 1686 47 127 16 1 49
8664 1 4 122 412 0 0 0 88 330 117 0 1685 48 124 15 2 45
8688 1 7 119 412 0 0 0 88 308 110 0 1684 39 124 24 3 67
8712 1 7 109 412 0 0 0 88 323 114 0 1683 47 123 16 4 52
8736 1 7 128 412 0 0 3 85 306 105 0 1684 47 123 16 3 69
8760 1 2 105 412 0 0 0 88 318 104 0 1686 52 123 11 1 57
