Time EBV Teff Treg ODC_le1 ODC_le2 ODC_le3 ODC_le4 ODC_le5 NK IL2 DAC Resting_Teff Resting_Treg EffectorMemory Resting_Treg_temp Resting_Teff_temp NK_temp
0.0 0 0 0 0 0 0 0 500 375 1000 0 1687 63 0 0 0 0
24 0 0 0 0 0 0 0 500 343 918 0 1687 63 0 0 0 32
48 0 0 0 0 0 0 0 500 343 847 0 1687 63 0 0 0 32
72 0 0 0 0 0 0 0 500 343 779 0 1687 63 0 0 0 32
96 0 0 0 0 0 0 0 500 332 713 0 1687 63 0 0 0 43
120 0 0 0 0 0 0 0 500 334 645 0 1687 63 0 0 0 41
144 0 0 0 0 0 0 0 500 341 577 0 1687 63 0 0 0 34
168.0 1000 0 0 0 0 0 0 500 334 514 0 1687 63 0 0 0 41
192 339 5749 122 13 28 79 137 243 265 788 0 1194 42 397 21 493 110
216 65 3206 163 93 35 91 119 162 271 295 0 1545 32 471 31 142 104
240 20 971 174 130 27 51 92 200 290 255 0 1626 34 479 29 61 85
264 13 246 177 138 2 25 69 266 316 265 0 1660 34 469 29 27 59
288 11 150 155 139 1 7 25 328 326 339 0 1660 44 431 19 27 49
312 10 119 161 139 0 6 17 338 316 377 0 1662 44 394 19 25 59
336 10 132 163 139 0 5 16 340 325 379 0 1664 41 380 22 23 50
360 9 115 184 139 0 1 17 343 330 344 0 1673 42 383 21 14 45
384 9 104 178 139 0 0 16 345 311 362 0 1663 45 361 18 24 64
408 7 129 177 139 0 4 11 346 320 350 0 1660 36 361 27 27 55
432 7 86 171 139 1 1 17 342 329 331 0 1677 36 336 27 10 46
456 7 98 165 139 0 1 12 348 321 322 0 1673 33 333 30 14 54
480 7 85 161 139 0 1 14 346 316 320 0 1671 43 330 20 16 59
504 7 91 145 139 0 1 16 344 308 335 0 1666 43 325 20 21 67
528 7 68 170 139 0 1 5 355 334 322 0 1672 43 306 20 15 41
552 7 81 172 139 0 1 4 356 318 312 0 1668 40 298 23 19 57
576 7 80 186 139 0 1 10 350 320 313 0 1672 46 309 17 15 55
600 7 66 188 139 0 1 11 349 329 293 0 1676 47 299 16 11 46
624 7 65 178 139 0 0 11 350 318 302 0 1675 41 287 22 12 57
648 7 92 156 139 0 0 12 349 322 321 0 1664 46 281 17 23 53
672 7 73 165 139 0 2 15 344 327 308 0 1671 30 273 33 16 48
696 6 63 152 139 0 2 10 349 326 306 0 1678 45 270 18 9 49
720 6 57 157 139 0 0 11 350 326 295 0 1676 39 278 24 11 49
744 6 60 150 139 0 0 12 349 330 292 0 1674 40 272 23 13 45
768 5 66 151 139 0 0 14 347 319 268 0 1674 40 264 23 13 56
792 5 34 165 139 0 0 14 347 329 275 0 1675 36 254 27 12 46
816 5 35 152 139 0 0 6 355 335 266 0 1682 45 251 18 5 40
840 5 45 168 139 0 0 10 351 308 287 0 1678 35 239 28 9 67
864 5 44 157 139 0 0 10 351 322 286 0 1674 46 237 17 13 53
888 5 65 162 139 0 0 15 346 323 283 0 1673 46 227 17 14 52
912 5 63 147 139 0 0 8 353 311 274 0 1679 32 224 31 8 64
936 5 37 150 139 0 0 7 354 318 265 0 1677 36 220 27 10 57
960 5 46 163 139 0 0 3 358 324 262 0 1682 38 223 25 5 51
984 5 43 156 139 0 0 4 357 316 273 0 1673 40 217 23 14 59
1008 5 38 144 139 0 0 12 349 321 272 0 1673 39 216 24 14 54
1032 5 50 155 139 0 1 11 349 310 280 0 1679 40 213 23 8 65
1056 5 45 146 139 0 1 5 355 321 290 0 1676 42 207 21 11 54
1080 5 49 140 139 0 0 15 346 328 297 0 1674 37 212 26 13 47
1104 5 50 122 139 0 0 4 357 324 278 0 1676 39 215 24 11 51
1128 5 72 127 139 0 1 12 348 327 303 0 1668 39 205 24 19 48
1152 5 58 143 139 0 0 10 351 318 269 0 1677 40 213 23 10 57
1176 5 50 144 139 0 0 11 350 330 286 0 1676 37 213 26 11 45
1200 5 54 171 139 0 1 10 350 326 289 0 1678 37 210 26 9 49
1224 4 42 176 139 0 0 7 354 326 276 0 1676 39 213 24 11 49
1248 4 38 158 139 0 0 4 357 316 268 0 1678 45 214 18 9 59
1272 4 45 137 139 0 0 9 352 326 253 0 1683 44 216 19 4 49
1296 4 42 132 139 0 0 8 353 323 257 0 1674 43 214 20 13 52
1320 4 33 157 139 0 0 7 354 319 263 0 1679 37 211 26 8 56
1344 4 32 174 139 0 0 5 356 323 261 0 1683 39 210 24 4 52
1368 3 32 161 139 0 0 1 360 323 248 0 1680 41 213 22 7 52
1392 3 21 151 139 0 0 5 356 325 236 0 1685 43 208 20 2 50
1416 3 26 155 139 0 0 2 359 328 233 0 1681 37 204 26 6 47
1440 3 21 158 139 0 0 4 357 327 229 0 1683 45 203 18 4 48
1464 3 29 149 139 0 0 6 355 316 226 0 1679 37 205 26 8 59
1488 3 24 147 139 0 0 8 353 311 232 0 1679 48 204 15 8 64
1512 3 28 129 139 0 0 3 358 320 228 0 1680 38 202 25 7 55
1536 3 29 144 139 0 0 3 358 314 223 0 1679 45 202 18 8 61
1560 3 34 155 139 0 0 8 353 315 237 0 1674 37 202 26 13 60
1584 3 42 143 139 0 0 12 349 319 224 0 1682 45 211 18 5 56
1608.0 1003 27 167 139 0 0 9 352 311 216 0 1677 38 213 25 10 64
1632 371 5133 176 146 20 56 100 178 279 843 0 1160 36 349 27 527 96
1656 83 3271 174 192 27 62 92 127 274 376 0 1497 45 466 18 190 101
1680 32 1142 186 220 15 47 78 140 302 300 0 1594 41 444 22 93 73
1704 25 425 204 229 7 24 49 191 307 385 0 1620 43 427 20 67 68
1728 19 296 171 230 2 7 36 225 322 403 0 1650 43 432 20 37 53
1752 16 211 186 230 0 3 23 244 328 418 0 1658 39 421 24 29 47
1776 10 192 176 230 0 0 35 235 319 363 0 1660 40 423 23 27 56
1800 9 138 158 230 0 2 15 253 317 351 0 1660 37 422 26 27 58
1824 9 117 170 230 0 0 23 247 302 337 0 1665 39 407 24 22 73
1848 7 111 153 230 0 0 18 252 311 334 0 1666 41 382 22 21 64
1872 4 77 153 230 0 0 8 262 326 290 0 1679 38 371 25 8 49
1896 4 62 156 230 0 0 10 260 321 285 0 1679 38 352 25 8 54
1920 4 62 164 230 0 0 12 258 317 282 0 1674 42 347 21 13 58
1944 4 47 149 230 0 0 6 264 331 261 0 1679 37 340 26 8 44
1968 4 54 158 230 0 0 7 263 320 240 0 1678 37 330 26 9 55
1992 4 32 163 230 0 1 3 266 310 252 0 1677 38 320 25 10 65
2016 4 47 161 230 0 0 7 263 319 261 0 1680 42 316 21 7 56
2040 4 34 185 230 0 0 11 259 319 248 0 1677 36 315 27 10 56
2064 4 37 157 230 0 1 5 264 310 245 0 1682 45 309 18 5 65
2088 3 41 155 230 0 0 3 267 328 255 0 1676 40 293 23 11 47
2112 3 28 157 230 0 0 5 265 323 240 0 1682 35 288 28 5 52
2136 3 41 162 230 0 0 5 265 335 238 0 1675 40 284 23 12 40
2160 3 23 139 230 0 0 2 268 313 233 0 1683 39 287 24 4 62
2184 3 26 169 230 0 0 4 266 314 239 0 1685 43 282 20 2 61
2208 3 31 154 230 0 0 3 267 321 222 0 1680 44 275 19 7 54
2232 3 38 152 230 0 0 5 265 327 217 0 1682 43 270 20 5 48
2256 3 22 165 230 0 0 1 269 319 213 0 1680 38 270 25 7 56
2280 3 33 134 230 0 0 5 265 315 223 0 1677 43 261 20 10 60
2304 3 34 149 230 0 0 2 268 324 214 0 1679 37 259 26 8 51
2328 3 44 160 230 0 0 9 261 319 220 0 1681 37 250 26 6 56
2352 3 38 172 230 0 1 4 265 311 224 0 1682 46 245 17 5 64
2376 3 28 161 230 0 0 6 264 330 218 0 1680 46 236 17 7 45
2400 3 25 147 230 0 0 4 266 323 225 0 1681 42 233 21 6 52
2424 3 29 133 230 0 0 6 264 320 240 0 1675 40 221 23 12 55
2448 2 25 161 230 0 0 3 267 323 238 0 1682 39 219 24 5 52
2472 2 22 137 230 0 0 2 268 328 218 0 1681 37 222 26 6 47
2496 2 19 157 230 0 0 2 268 307 198 0 1685 44 219 19 2 68
2520 2 21 142 230 0 0 1 269 318 174 0 1685 38 220 25 2 57
2544 2 12 150 230 0 0 0 270 326 169 0 1683 45 216 18 4 49
2568 2 24 153 230 0 0 3 267 320 188 0 1682 45 208 18 5 55
2592 2 16 146 230 0 0 2 268 326 192 0 1682 39 206 24 5 49
2616 2 18 148 230 0 0 1 269 317 189 0 1683 40 198 23 4 58
2640 2 15 138 230 0 0 3 267 303 191 0 1680 46 198 17 7 72
2664 2 28 135 230 0 0 4 266 331 197 0 1685 43 189 20 2 44
2688 2 15 129 230 0 0 4 266 330 182 0 1685 43 192 20 2 45
2712 2 22 133 230 0 0 4 266 320 179 0 1682 36 191 27 5 55
2736 2 20 136 230 0 0 3 267 316 178 0 1685 45 192 18 2 59
2760 2 9 155 230 0 0 1 269 318 177 0 1686 40 193 23 1 57
2784 2 16 136 230 0 0 0 270 308 181 0 1682 46 192 17 5 67
2808 2 23 123 230 0 0 1 269 316 185 0 1686 46 185 17 1 59
2832 2 19 139 230 0 0 3 267 323 189 0 1678 44 181 19 9 52
2856 2 19 155 230 0 0 3 267 326 188 0 1683 37 174 26 4 49
2880 2 17 174 230 0 0 3 267 325 178 0 1681 39 170 24 6 50
2904 2 15 138 230 0 0 5 265 312 168 0 1682 38 168 25 5 63
2928 2 19 152 230 0 0 6 264 328 167 0 1684 45 168 18 3 47
2952 2 19 156 230 0 0 3 267 321 161 0 1677 38 166 25 10 54
2976 2 23 170 230 0 0 5 265 325 171 0 1680 38 169 25 7 50
3000 2 14 150 230 0 0 3 267 316 161 0 1685 46 167 17 2 59
3024 2 19 129 230 0 0 3 267 318 172 0 1679 43 163 20 8 57
3048.0 1002 19 146 230 0 0 2 268 317 172 0 1684 42 162 21 3 58
3072 372 5181 152 237 12 42 82 127 271 857 0 1144 42 377 21 543 104
3096 89 3296 180 283 25 45 64 83 280 385 0 1481 39 441 24 206 95
3120 36 1116 173 308 13 27 43 109 301 287 0 1614 39 417 24 73 74
3144 22 499 154 311 5 12 45 127 300 306 0 1642 38 392 25 45 75
3168 16 265 166 313 1 6 31 149 312 331 0 1655 36 378 27 32 63
3192 13 184 170 313 1 2 15 169 325 350 0 1656 42 358 21 31 50
3216 9 127 178 313 0 2 14 171 317 309 0 1660 41 370 22 27 58
3240 9 125 166 313 0 1 13 173 327 360 0 1664 46 352 17 23 48
3264 9 103 186 313 0 0 11 176 326 351 0 1665 44 344 19 22 49
3288 9 118 183 313 0 2 5 180 318 386 0 1673 38 331 25 14 57
3312 9 103 185 313 0 0 11 176 317 382 0 1665 35 348 28 22 58
3336 7 92 191 313 0 0 5 182 321 364 0 1666 40 338 23 21 54
3360 6 72 139 313 0 0 4 183 317 340 0 1675 44 330 19 12 58
3384 6 62 145 313 0 0 9 178 324 337 0 1675 46 329 17 12 51
3408 6 70 163 313 0 0 7 180 308 308 0 1674 38 333 25 13 67
3432 6 67 165 313 0 0 9 178 325 276 0 1678 41 347 22 9 50
3456 6 79 170 313 0 1 4 182 318 300 0 1671 45 324 18 16 57
3480 6 57 142 313 0 0 6 181 318 297 0 1673 39 325 24 14 57
3504 6 68 163 313 0 0 5 182 308 295 0 1670 38 325 25 17 67
3528 6 81 180 313 0 0 9 178 305 321 0 1672 36 312 27 15 70
3552 6 58 154 313 0 0 6 181 330 306 0 1674 41 310 22 13 45
3576 6 67 181 313 0 1 4 182 315 324 0 1673 37 291 26 14 60
3600 6 63 174 313 0 0 3 184 315 323 0 1676 37 286 26 11 60
3624 6 62 157 313 0 0 8 179 317 325 0 1679 39 279 24 8 58
3648 6 92 147 313 0 0 7 180 317 287 0 1671 38 289 25 16 58
3672 6 65 168 313 0 0 6 181 320 282 0 1670 38 283 25 17 55
3696 5 59 147 313 0 0 8 179 324 291 0 1675 38 287 25 12 51
3720 5 54 162 313 0 0 4 183 323 267 0 1681 41 289 22 6 52
3744 5 49 142 313 0 0 4 183 319 254 0 1675 43 277 20 12 56
3768 5 39 150 313 0 0 2 185 318 268 0 1676 44 271 19 11 57
3792 4 40 147 313 0 0 0 187 320 268 0 1682 34 260 29 5 55
3816 4 45 155 313 0 0 5 182 320 267 0 1676 45 262 18 11 55
3840 4 39 142 313 0 0 2 185 323 266 0 1680 37 268 26 7 52
3864 4 50 145 313 0 0 5 182 310 266 0 1678 42 263 21 9 65
3888 3 38 163 313 0 0 4 183 309 267 0 1677 36 261 27 10 66
3912 3 38 176 313 0 0 3 184 327 259 0 1671 43 257 20 16 48
3936 3 32 166 313 0 0 4 183 330 241 0 1678 36 259 27 9 45
3960 3 25 149 313 0 0 2 185 333 250 0 1675 40 249 23 12 42
3984 3 33 133 313 0 0 5 182 321 242 0 1673 37 247 26 14 54
4008 3 32 145 313 0 0 4 183 315 238 0 1680 47 241 16 7 60
4032 3 26 152 313 0 0 2 185 332 228 0 1682 38 232 25 5 43
4056 3 20 143 313 0 0 1 186 311 210 0 1684 40 227 23 3 64
4080 3 32 143 313 0 0 2 185 328 211 0 1674 47 218 16 13 47
4104 3 25 154 313 0 0 2 185 311 216 0 1681 40 217 23 6 64
4128 3 23 135 313 0 0 1 186 323 211 0 1683 38 210 25 4 52
4152 3 26 129 313 0 0 4 183 317 214 0 1678 40 207 23 9 58
4176 3 22 141 313 0 0 3 184 328 224 0 1681 42 206 21 6 47
4200 3 32 128 313 0 0 2 185 322 233 0 1680 40 207 23 7 53
4224 2 24 131 313 0 0 3 184 331 216 0 1680 45 211 18 7 44
4248 2 21 143 313 0 0 3 184 321 185 0 1687 38 214 25 0 54
4272 2 17 150 313 0 0 1 186 321 187 0 1682 32 210 31 5 54
4296 2 18 135 313 0 0 0 187 313 192 0 1683 38 208 25 4 62
4320 2 20 136 313 0 0 4 183 329 190 0 1684 37 205 26 3 46
4344 2 15 146 313 0 0 0 187 325 185 0 1682 35 202 28 5 50
4368 2 17 149 313 0 0 2 185 324 171 0 1682 41 199 22 5 51
4392 2 23 135 313 0 0 2 185 306 173 0 1682 47 194 16 5 69
4416 2 17 129 313 0 0 1 186 325 179 0 1686 42 197 21 1 50
4440 2 20 144 313 0 0 3 184 312 181 0 1685 46 193 17 2 63
4464 2 19 130 313 0 0 5 182 320 187 0 1681 46 190 17 6 55
4488.0 1002 19 137 313 0 0 0 187 316 191 0 1683 42 182 21 4 59
4512 387 5110 188 319 5 27 53 96 264 934 0 1127 41 401 22 560 111
4536 100 3227 203 346 12 29 48 65 290 411 0 1476 41 408 22 211 85
4560 33 1154 193 360 9 16 41 74 280 284 0 1618 43 423 20 69 95
4584 17 386 177 363 2 8 28 99 318 290 0 1646 39 409 24 41 57
4608 15 181 193 364 0 3 19 114 330 359 0 1655 43 386 20 32 45
4632 15 192 169 364 0 2 11 123 329 401 0 1658 40 364 23 29 46
4656 12 180 166 364 0 1 11 124 311 376 0 1661 43 363 20 26 64
4680 12 142 179 365 0 2 11 122 328 403 0 1656 49 342 14 31 47
4704 11 136 191 365 0 2 10 123 312 339 0 1662 41 357 22 25 63
4728 9 150 163 365 0 2 8 125 322 355 0 1669 37 346 26 18 53
4752 8 85 166 365 0 2 5 128 310 315 0 1667 43 351 20 20 65
4776 7 97 180 365 0 1 3 131 324 315 0 1670 38 335 25 17 51
4800 7 96 164 365 0 2 1 132 312 347 0 1668 38 320 25 19 63
4824 6 85 167 365 0 0 3 132 312 336 0 1674 36 336 27 13 63
4848 6 75 167 365 0 0 7 128 321 306 0 1671 39 328 24 16 54
4872 6 54 168 365 0 0 7 128 318 312 0 1664 41 319 22 23 57
4896 6 69 184 365 1 0 5 129 320 300 0 1675 40 309 23 12 55
4920 6 48 160 365 0 0 5 130 309 293 0 1676 40 299 23 11 66
4944 6 61 152 365 0 0 3 132 313 317 0 1671 47 282 16 16 62
4968 5 80 154 365 0 0 2 133 326 301 0 1673 46 278 17 14 49
4992 5 52 144 365 0 0 4 131 319 279 0 1679 42 286 21 8 56
5016 4 57 155 365 0 0 3 132 331 287 0 1674 40 283 23 13 44
5040 4 41 151 365 0 0 2 133 317 246 0 1678 40 287 23 9 58
5064 4 32 162 365 0 0 4 131 317 262 0 1682 33 278 30 5 58
5088 4 47 174 365 0 0 3 132 336 277 0 1681 40 269 23 6 39
5112 4 35 168 365 0 0 3 132 327 277 0 1680 37 264 26 7 48
5136 4 35 162 365 0 0 6 129 329 259 0 1682 39 259 24 5 46
5160 4 36 144 365 0 0 0 135 329 256 0 1675 43 260 20 12 46
5184 4 43 158 365 0 0 4 131 327 261 0 1679 39 253 24 8 48
5208 4 47 144 365 0 0 2 133 333 278 0 1677 47 246 16 10 42
5232 3 33 145 365 0 0 3 132 330 260 0 1681 39 246 24 6 45
5256 2 19 148 365 0 0 1 134 332 242 0 1685 37 243 26 2 43
5280 1 15 145 365 0 0 2 133 311 224 0 1684 39 242 24 3 64
5304 1 9 165 365 0 0 3 132 312 199 0 1683 37 241 26 4 63
5328 1 8 139 365 0 0 1 134 329 185 0 1685 43 239 20 2 46
5352 1 8 149 365 0 0 1 134 326 176 0 1686 41 237 22 1 49
5376 1 8 137 365 0 0 2 133 315 159 0 1686 39 235 24 1 60
5400 1 7 142 365 0 0 1 134 313 151 0 1685 43 230 20 2 62
5424 1 4 125 365 0 0 0 135 312 143 0 1687 47 230 16 0 63
5448 1 8 129 365 0 0 0 135 310 134 0 1681 48 230 15 6 65
5472 1 15 131 365 0 0 1 134 320 137 0 1681 35 232 28 6 55
5496 1 7 146 365 0 0 0 135 328 140 0 1685 39 225 24 2 47
5520 1 6 121 365 0 0 1 134 321 137 0 1685 44 224 19 2 54
5544 1 9 115 365 0 0 1 134 321 129 0 1686 43 226 20 1 54
5568 1 14 135 365 0 0 0 135 314 139 0 1686 38 222 25 1 61
5592 1 4 118 365 0 0 0 135 313 130 0 1686 45 219 18 1 62
5616 1 9 131 365 0 0 0 135 327 121 0 1687 42 217 21 0 48
5640 1 8 113 365 0 0 0 135 315 117 0 1683 44 220 19 4 60
5664 1 8 105 365 0 0 2 133 320 117 0 1684 42 217 21 3 55
5688 1 11 130 365 0 0 1 134 325 114 0 1685 34 214 29 2 50
5712 1 8 133 365 0 0 2 133 322 107 0 1685 46 214 17 2 53
5736 1 8 127 365 0 0 1 134 320 118 0 1683 40 211 23 4 55
5760 1 6 115 365 0 0 0 135 317 111 0 1686 45 207 18 1 58
5784 1 5 111 365 0 0 0 135 326 110 0 1686 45 207 18 1 49
5808 1 11 120 365 0 0 1 134 326 116 0 1687 31 206 32 0 49
5832 1 12 128 365 0 0 0 135 314 106 0 1684 37 206 26 3 61
5856 1 7 120 365 0 0 0 135 326 113 0 1685 40 205 23 2 49
5880 1 9 116 365 0 0 0 135 318 117 0 1685 40 203 23 2 57
5904 1 13 124 365 0 0 0 135 321 111 0 1684 42 202 21 3 54
5928.0 1001 16 134 365 0 0 1 134 326 120 0 1683 35 198 28 4 49
5952 373 5384 193 370 4 25 47 54 263 926 0 1121 43 354 20 566 112
5976 90 3388 184 387 6 25 37 45 259 420 0 1464 39 468 24 223 116
6000 36 1315 173 396 4 18 31 51 280 309 0 1595 46 467 17 92 95
6024 15 391 182 401 0 9 20 70 310 280 0 1656 37 485 26 31 65
6048 14 167 163 401 0 1 6 92 316 321 0 1655 28 445 35 32 59
6072 13 176 166 401 0 0 10 89 328 344 0 1660 45 409 18 27 47
6096 11 171 161 401 0 0 8 91 308 322 0 1653 40 400 23 34 67
6120 8 114 179 401 0 0 11 88 328 309 0 1675 40 389 23 12 47
6144 8 87 161 401 0 1 5 93 319 326 0 1674 40 389 23 13 56
6168 7 95 151 401 0 0 5 94 320 319 0 1668 36 364 27 19 55
6192 6 100 169 401 0 1 3 95 327 332 0 1677 34 352 29 10 48
6216 6 56 188 401 0 0 2 97 322 319 0 1672 41 340 22 15 53
6240 6 73 183 401 0 0 4 95 317 340 0 1672 34 333 29 15 58
6264 6 60 150 401 0 0 3 96 316 323 0 1672 44 329 19 15 59
6288 6 75 179 401 0 0 2 97 311 330 0 1672 38 320 25 15 64
6312 6 78 174 401 0 0 4 95 317 323 0 1674 41 317 22 13 58
6336 6 71 172 401 0 0 5 94 318 332 0 1673 40 307 23 14 57
6360 6 55 181 401 0 0 4 95 322 344 0 1679 41 298 22 8 53
6384 6 38 170 401 0 0 2 97 327 333 0 1677 44 286 19 10 48
6408 6 46 172 401 0 1 3 95 327 339 0 1677 46 277 17 10 48
6432 6 56 167 401 0 0 1 98 320 331 0 1678 36 272 27 9 55
6456 6 54 170 401 0 0 2 97 324 317 0 1682 47 267 16 5 51
6480 6 44 182 401 0 0 1 98 313 333 0 1672 46 257 17 15 62
6504 6 47 159 401 0 0 2 97 332 324 0 1678 41 248 22 9 43
6528 6 60 158 401 0 1 1 97 318 326 0 1678 41 238 22 9 57
6552 6 54 155 401 0 0 1 98 318 330 0 1674 37 236 26 13 57
6576 6 58 174 401 0 0 4 95 322 334 0 1671 41 235 22 16 53
6600 5 47 160 401 0 0 2 97 324 300 0 1672 37 241 26 15 51
6624 5 58 148 401 0 0 4 95 323 294 0 1667 37 244 26 20 52
6648 5 48 166 401 0 0 3 96 319 282 0 1678 37 252 26 9 56
6672 5 43 166 401 0 0 1 98 304 295 0 1671 41 247 22 16 71
6696 5 47 177 401 0 0 4 95 316 268 0 1679 38 247 25 8 59
6720 5 61 161 401 0 0 3 96 325 291 0 1676 37 236 26 11 50
6744 5 58 156 401 0 0 5 94 311 266 0 1679 43 243 20 8 64
6768 5 53 143 401 0 0 5 94 323 266 0 1673 32 239 31 14 52
6792 5 42 155 401 0 0 2 97 311 281 0 1680 41 243 22 7 64
6816 5 56 170 401 0 0 3 96 325 275 0 1672 44 251 19 15 50
6840 5 44 168 401 0 1 4 94 311 276 0 1675 38 248 25 12 64
6864 5 53 142 401 0 0 1 98 319 283 0 1677 42 238 21 10 56
6888 5 58 157 401 0 0 6 93 328 292 0 1671 42 237 21 16 47
6912 5 42 157 401 0 0 2 97 325 305 0 1674 42 234 21 13 50
6936 5 51 157 401 0 0 1 98 314 285 0 1679 42 238 21 8 61
6960 5 43 150 401 0 0 2 97 312 283 0 1681 38 227 25 6 63
6984 5 44 167 401 0 0 3 96 327 290 0 1675 45 212 18 12 48
7008 4 26 150 401 0 0 3 96 334 291 0 1682 42 209 21 5 41
7032 4 36 181 401 0 0 1 98 332 279 0 1680 38 209 25 7 43
7056 4 42 153 401 0 0 1 98 321 259 0 1682 38 214 25 5 54
7080 4 41 155 401 0 0 1 98 324 262 0 1678 39 211 24 9 51
7104 4 33 150 401 0 0 3 96 300 262 0 1678 42 212 21 9 75
7128 4 39 150 401 0 0 3 96 322 238 0 1679 40 220 23 8 53
7152 4 45 134 401 0 0 2 97 327 240 0 1677 44 216 19 10 48
7176 4 49 168 401 0 0 1 98 313 242 0 1673 32 212 31 14 62
7200 4 33 160 401 0 0 1 98 322 234 0 1680 41 215 22 7 53
7224 4 45 168 401 0 0 2 97 326 245 0 1674 34 205 29 13 49
7248 4 35 146 401 0 0 1 98 337 245 0 1680 47 207 16 7 38
7272 4 39 160 401 0 1 0 98 322 247 0 1675 45 205 18 12 53
7296 4 38 142 401 0 0 2 97 337 243 0 1678 36 203 27 9 38
7320 4 34 149 401 0 0 3 96 312 250 0 1679 37 196 26 8 63
7344 4 40 158 401 0 0 3 96 314 246 0 1677 38 199 25 10 61
7368 4 33 148 401 0 0 1 98 322 265 0 1675 47 203 16 12 53
7392 4 38 161 401 0 1 0 98 308 266 0 1679 35 205 28 8 67
7416 4 44 175 401 0 1 4 94 328 250 0 1675 42 209 21 12 47
7440 4 35 167 401 0 0 1 98 324 248 0 1679 39 213 24 8 51
7464 4 32 139 401 0 0 2 97 324 250 0 1678 39 210 24 9 51
7488 4 36 139 401 0 0 2 97 313 254 0 1678 39 211 24 9 62
7512 4 28 143 401 0 0 3 96 329 245 0 1681 39 207 24 6 46
7536 4 24 148 401 0 0 2 97 312 251 0 1676 41 208 22 11 63
7560 4 33 150 401 0 0 2 97 326 254 0 1678 36 205 27 9 49
7584 4 42 140 401 0 0 2 97 323 248 0 1680 43 201 20 7 52
7608 4 35 137 401 0 0 1 98 314 258 0 1676 43 197 20 11 61
7632 4 34 141 401 0 0 2 97 326 270 0 1673 45 200 18 14 49
7656 4 31 161 401 0 0 0 99 304 280 0 1683 43 196 20 4 71
7680 3 36 153 401 0 0 1 98 344 265 0 1679 45 195 18 8 31
7704 3 30 159 401 0 0 0 99 328 259 0 1673 37 197 26 14 47
7728 3 22 144 401 0 0 1 98 319 240 0 1679 40 195 23 8 56
7752 3 23 145 401 0 0 0 99 336 255 0 1679 43 187 20 8 39
7776 3 20 143 401 0 0 1 98 330 257 0 1677 44 182 19 10 45
7800 3 25 133 401 0 0 1 98 317 246 0 1680 39 187 24 7 58
7824 3 44 160 401 0 0 1 98 331 240 0 1675 36 186 27 12 44
7848 2 20 155 401 0 0 1 98 321 229 0 1681 45 186 18 6 54
7872 2 13 156 401 0 0 0 99 326 219 0 1685 44 186 19 2 49
7896 2 23 139 401 0 0 0 99 319 214 0 1680 49 180 14 7 56
7920 2 22 141 401 0 0 3 96 323 195 0 1679 38 178 25 8 52
7944 2 13 149 401 0 0 0 99 313 192 0 1686 38 176 25 1 62
7968 2 28 139 401 0 0 1 98 317 191 0 1681 41 176 22 6 58
7992 2 22 143 401 0 0 1 98 328 191 0 1679 40 174 23 8 47
8016 2 17 152 401 0 0 0 99 326 186 0 1683 41 168 22 4 49
8040 2 18 145 401 0 1 0 98 327 193 0 1683 44 165 19 4 48
8064 2 17 152 401 0 0 1 98 319 194 0 1683 39 160 24 4 56
8088 2 13 144 401 0 0 0 99 335 189 0 1683 37 161 26 4 40
8112 2 24 156 401 0 0 2 97 320 172 0 1683 48 158 15 4 55
8136 2 19 135 401 0 0 0 99 316 162 0 1683 41 154 22 4 59
8160 2 19 157 401 0 0 0 99 316 165 0 1682 42 154 21 5 59
8184 2 13 139 401 0 0 2 97 333 162 0 1683 50 155 13 4 42
8208 2 21 131 401 0 0 0 99 316 157 0 1683 39 150 24 4 59
8232 2 14 146 401 0 0 0 99 315 164 0 1681 39 147 24 6 60
8256 2 11 125 401 0 0 0 99 328 158 0 1686 37 147 26 1 47
8280 2 17 137 401 0 0 2 97 319 152 0 1685 40 144 23 2 56
8304 2 11 145 401 0 0 1 98 323 152 0 1685 35 141 28 2 52
8328 2 21 142 401 0 0 1 98 308 151 0 1682 39 140 24 5 67
8352 2 14 160 401 0 0 0 99 318 141 0 1684 45 139 18 3 57
8376 2 12 144 401 0 0 2 97 317 150 0 1683 45 136 18 4 58
8400 2 8 122 401 0 0 0 99 328 146 0 1685 45 138 18 2 47
8424 2 18 123 401 0 0 0 99 320 149 0 1682 44 136 19 5 55
8448 2 17 136 401 0 0 0 99 317 151 0 1682 40 134 23 5 58
8472 2 12 138 401 0 0 2 97 322 157 0 1683 40 133 23 4 53
8496 2 18 153 401 0 0 0 99 327 161 0 1681 43 134 20 6 48
8520 2 11 131 401 0 0 1 98 323 153 0 1686 48 131 15 1 52
8544 2 26 124 401 0 0 1 98 322 156 0 1681 46 130 17 6 53
8568 2 12 136 401 0 0 2 97 326 156 0 1682 44 127 19 5 49
8592 2 22 141 401 0 0 1 98 321 172 0 1681 44 125 19 6 54
8616 2 17 134 401 0 0 1 98 327 167 0 1682 43 126 20 5 48
8640 2 16 133 401 0 0 2 97 315 171 0 1681 45 123 18 6 60
8664 2 12 152 401 0 0 4 95 310 166 0 1686 42 124 21 1 65
8688 2 8 159 401 0 0 2 97 326 166 0 1687 38 122 25 0 49
8712 2 16 142 401 0 0 1 98 321 177 0 1683 39 123 24 4 54
8736 2 17 132 401 0 0 1 98 316 173 0 1682 41 124 22 5 59
8760 2 14 150 401 0 0 0 99 328 163 0 1682 35 123 28 5 47
