Time EBV Teff Treg ODC_le1 ODC_le2 ODC_le3 ODC_le4 ODC_le5 NK IL2 DAC Resting_Teff Resting_Treg EffectorMemory Resting_Treg_temp Resting_Teff_temp NK_temp
0.0 0 0 0 0 0 0 0 500 375 1000 0 1687 63 0 0 0 0
24 0 0 0 0 0 0 0 500 351 905 0 1687 63 0 0 0 24
48 0 0 0 0 0 0 0 500 331 829 0 1687 63 0 0 0 44
72 0 0 0 0 0 0 0 500 330 744 0 1687 63 0 0 0 45
96 0 0 0 0 0 0 0 500 331 667 0 1687 63 0 0 0 44
120 0 0 0 0 0 0 0 500 331 591 0 1687 63 0 0 0 44
144 0 0 0 0 0 0 0 500 338 532 0 1687 63 0 0 0 37
168.0 1000 0 0 0 0 0 0 500 327 474 0 1687 63 0 0 0 48
192 327 5645 119 15 30 81 147 227 275 792 0 1172 40 419 23 515 100
216 86 3350 168 110 34 72 123 161 270 331 0 1524 39 454 24 163 105
240 39 1128 193 151 19 47 86 197 280 325 0 1590 35 448 28 97 95
264 25 471 181 154 5 25 67 249 318 347 0 1636 38 402 25 51 57
288 22 306 174 156 4 12 52 276 309 374 0 1638 41 382 22 49 66
312 16 205 181 156 2 6 36 300 317 380 0 1658 37 390 26 29 58
336 16 219 178 156 0 3 36 305 303 376 0 1649 36 386 27 38 72
360 13 206 168 156 0 1 29 314 330 359 0 1658 41 367 22 29 45
384 8 126 195 156 0 3 24 317 318 345 0 1671 35 358 28 16 57
408 8 89 187 156 0 0 14 330 317 338 0 1669 36 349 27 18 58
432 8 82 179 156 0 0 15 329 317 351 0 1675 39 326 24 12 58
456 8 95 168 156 0 1 19 324 308 330 0 1664 44 318 19 23 67
480 8 83 165 156 0 1 14 329 319 334 0 1671 47 313 16 16 56
504 7 84 166 156 0 1 8 335 324 344 0 1667 37 308 26 20 51
528 6 67 146 156 0 1 11 332 316 317 0 1677 41 306 22 10 59
552 6 57 158 156 0 0 11 333 318 305 0 1674 38 292 25 13 57
576 6 64 147 156 0 0 21 323 321 337 0 1671 41 286 22 16 54
600 6 76 170 156 1 1 10 332 318 334 0 1669 39 281 24 18 57
624 5 63 164 156 0 1 10 333 322 334 0 1671 42 278 21 16 53
648 5 49 151 156 0 0 11 333 317 327 0 1679 45 273 18 8 58
672 5 52 165 156 0 0 8 336 325 314 0 1677 39 263 24 10 50
696 4 44 157 156 0 0 3 341 330 289 0 1676 33 272 30 11 45
720 4 41 154 156 0 0 8 336 310 274 0 1682 42 271 21 5 65
744 4 45 136 156 0 0 5 339 323 282 0 1680 39 270 24 7 52
768 4 29 137 156 0 0 3 341 327 270 0 1677 51 269 12 10 48
792 4 44 151 156 0 0 9 335 323 261 0 1681 43 264 20 6 52
816 4 43 168 156 0 0 12 332 325 257 0 1679 42 254 21 8 50
840 4 35 158 156 0 0 8 336 326 255 0 1676 44 247 19 11 49
864 3 15 156 156 0 0 3 341 320 244 0 1684 47 245 16 3 55
888 3 23 169 156 0 0 6 338 325 235 0 1676 40 245 23 11 50
912 2 22 172 156 0 0 2 342 321 227 0 1685 35 237 28 2 54
936 2 21 150 156 0 0 1 343 324 218 0 1679 48 239 15 8 51
960 2 14 149 156 0 0 2 342 315 218 0 1682 44 237 19 5 60
984 2 19 133 156 0 0 2 342 325 206 0 1680 38 230 25 7 50
1008 2 25 139 156 0 0 3 341 319 184 0 1682 47 230 16 5 56
1032 2 16 147 156 0 0 2 342 317 177 0 1682 36 224 27 5 58
1056 2 12 128 156 0 0 3 341 311 189 0 1684 43 218 20 3 64
1080 2 14 138 156 0 0 5 339 329 174 0 1684 46 214 17 3 46
1104 2 14 136 156 0 0 5 339 324 185 0 1682 41 207 22 5 51
1128 2 21 150 156 0 0 7 337 322 183 0 1682 36 206 27 5 53
1152 2 16 145 156 0 0 2 342 320 188 0 1680 42 204 21 7 55
1176 2 21 137 156 0 0 2 342 316 185 0 1679 34 200 29 8 59
1200 2 12 115 156 0 0 1 343 309 169 0 1687 45 198 18 0 66
1224 2 17 126 156 0 0 1 343 324 173 0 1681 37 192 26 6 51
1248 2 12 137 156 0 0 1 343 320 164 0 1685 44 188 19 2 55
1272 2 19 152 156 0 0 2 342 324 164 0 1683 42 186 21 4 51
1296 2 14 155 156 0 0 1 343 316 174 0 1677 43 186 20 10 59
1320 2 20 141 156 0 0 6 338 321 177 0 1685 43 181 20 2 54
1344 2 18 149 156 0 0 6 338 331 200 0 1684 46 179 17 3 44
1368 2 13 152 156 0 0 2 342 323 193 0 1687 43 178 20 0 52
1392 2 14 140 156 0 0 4 340 328 190 0 1684 39 175 24 3 47
1416 2 13 162 156 0 0 3 341 326 186 0 1685 32 173 31 2 49
1440 2 19 137 156 0 0 3 341 322 191 0 1682 42 172 21 5 53
1464 2 14 132 156 0 0 7 337 329 177 0 1684 42 167 21 3 46
1488 2 13 114 156 0 0 2 342 326 179 0 1683 42 164 21 4 49
1512 2 13 126 156 0 0 2 342 326 182 0 1683 45 163 18 4 49
1536 2 16 127 156 0 0 0 344 321 179 0 1678 45 162 18 9 54
1560 2 14 116 156 0 0 5 339 322 177 0 1684 45 161 18 3 53
1584 2 12 132 156 0 0 6 338 306 173 0 1686 47 157 16 1 69
1608.0 1002 13 151 156 0 0 2 342 326 172 0 1681 44 156 19 6 49
1632 371 5133 174 167 18 49 97 169 278 890 0 1143 38 401 25 544 97
1656 97 3378 193 221 25 51 81 122 264 418 0 1464 41 457 22 223 111
1680 37 1151 192 245 13 41 84 117 295 301 0 1600 33 444 30 87 80
1704 23 364 191 249 9 14 50 178 322 352 0 1642 41 423 22 45 53
1728 18 291 181 251 2 5 43 199 312 395 0 1636 39 401 24 51 63
1752 13 229 156 251 0 2 22 225 310 398 0 1650 41 380 22 37 65
1776 12 184 148 251 0 2 30 217 326 342 0 1663 35 386 28 24 49
1800 9 156 154 251 0 1 14 234 303 343 0 1666 44 386 19 21 72
1824 8 133 153 251 0 1 21 227 317 338 0 1666 37 392 26 21 58
1848 7 99 147 251 0 0 11 238 318 326 0 1674 42 376 21 13 57
1872 7 92 162 251 0 0 10 239 320 297 0 1671 38 360 25 16 55
1896 6 61 171 251 0 0 9 240 329 290 0 1678 37 340 26 9 46
1920 5 54 167 251 0 0 4 245 327 306 0 1676 33 327 30 11 48
1944 5 51 164 251 0 0 5 244 316 283 0 1676 40 316 23 11 59
1968 5 57 163 251 0 0 2 247 320 274 0 1676 46 306 17 11 55
1992 5 32 171 251 0 0 5 244 322 279 0 1677 34 297 29 10 53
2016 5 56 160 251 0 0 10 239 332 288 0 1676 37 296 26 11 43
2040 5 69 149 251 0 0 5 244 320 291 0 1675 40 287 23 12 55
2064 5 66 172 251 0 0 3 246 314 300 0 1671 39 287 24 16 61
2088 5 46 151 251 0 0 9 240 311 274 0 1678 44 286 19 9 64
2112 5 39 143 251 0 0 11 238 319 281 0 1683 43 278 20 4 56
2136 5 53 141 251 0 0 8 241 323 301 0 1673 46 259 17 14 52
2160 5 61 161 251 0 0 1 248 321 296 0 1674 40 257 23 13 54
2184 5 62 174 251 0 0 7 242 316 292 0 1673 45 258 18 14 59
2208 5 52 162 251 0 0 7 242 324 278 0 1677 47 260 16 10 51
2232 5 34 181 251 0 1 8 240 330 275 0 1679 41 258 22 8 45
2256 5 52 174 251 0 0 10 239 307 281 0 1673 29 253 34 14 68
2280 5 49 160 251 0 0 6 243 326 292 0 1677 48 247 15 10 49
2304 5 51 192 251 1 1 5 242 323 286 0 1676 44 239 19 11 52
2328 5 37 182 251 0 0 3 246 321 274 0 1679 41 243 22 8 54
2352 4 31 177 251 0 0 4 245 327 282 0 1680 50 235 13 7 48
2376 4 29 137 251 0 0 5 244 328 286 0 1677 48 224 15 10 47
2400 4 49 147 251 0 0 5 244 336 281 0 1674 36 219 27 13 39
2424 4 42 151 251 0 0 6 243 324 277 0 1674 42 215 21 13 51
2448 4 27 146 251 0 0 3 246 320 259 0 1679 39 220 24 8 55
2472 4 31 169 251 0 0 5 244 319 258 0 1680 44 222 19 7 56
2496 3 22 147 251 0 0 4 245 317 251 0 1678 35 218 28 9 58
2520 3 28 132 251 0 0 6 243 313 230 0 1680 38 218 25 7 62
2544 3 21 118 251 0 0 4 245 310 244 0 1682 41 213 22 5 65
2568 3 24 130 251 0 0 3 246 323 241 0 1677 39 209 24 10 52
2592 3 37 145 251 0 0 2 247 318 257 0 1677 35 201 28 10 57
2616 3 27 141 251 0 0 3 246 310 254 0 1683 42 201 21 4 65
2640 3 30 139 251 0 0 6 243 327 254 0 1678 41 203 22 9 48
2664 3 27 150 251 0 0 2 247 321 234 0 1681 39 203 24 6 54
2688 3 23 152 251 0 0 1 248 332 232 0 1676 35 207 28 11 43
2712 3 30 147 251 0 0 2 247 322 209 0 1680 40 203 23 7 53
2736 3 28 142 251 0 0 1 248 312 218 0 1681 45 205 18 6 63
2760 3 36 130 251 0 0 4 245 317 224 0 1677 38 200 25 10 58
2784 3 37 166 251 0 1 2 246 319 218 0 1679 38 196 25 8 56
2808 3 31 148 251 0 0 3 246 312 218 0 1682 40 190 23 5 63
2832 3 17 147 251 0 0 4 245 327 208 0 1680 42 188 21 7 48
2856 3 27 133 251 0 0 4 245 337 213 0 1676 41 188 22 11 38
2880 3 28 136 251 0 0 4 245 331 219 0 1680 45 191 18 7 44
2904 3 26 148 251 0 0 3 246 327 206 0 1683 43 188 20 4 48
2928 3 31 151 251 0 0 7 242 332 224 0 1675 38 183 25 12 43
2952 3 20 139 251 0 0 4 245 328 224 0 1682 38 180 25 5 47
2976 3 26 147 251 0 0 4 245 319 233 0 1682 36 173 27 5 56
3000 3 18 143 251 0 0 1 248 316 223 0 1680 42 171 21 7 59
3024 3 30 134 251 0 0 3 246 326 226 0 1681 44 170 19 6 49
3048.0 1003 22 146 251 0 0 5 244 313 221 0 1679 44 172 19 8 62
3072 373 5299 192 255 12 29 81 123 269 889 0 1151 40 396 23 536 106
3096 93 3426 186 300 21 38 54 87 272 396 0 1471 39 458 24 216 103
3120 46 1341 200 328 14 24 40 94 285 300 0 1600 43 455 20 87 90
3144 28 539 183 337 2 8 31 122 299 367 0 1623 33 401 30 64 76
3168 18 305 170 338 0 3 22 137 308 347 0 1659 39 400 24 28 67
3192 16 237 177 338 0 2 27 133 317 375 0 1653 39 367 24 34 58
3216 15 186 157 338 0 1 17 144 318 386 0 1657 42 372 21 30 57
3240 15 204 179 338 0 0 8 154 329 393 0 1648 33 368 30 39 46
3264 13 185 164 338 0 3 6 153 327 370 0 1666 37 358 26 21 48
3288 13 171 172 338 0 0 15 147 321 376 0 1658 38 341 25 29 54
3312 10 138 163 338 0 1 9 152 319 358 0 1667 44 334 19 20 56
3336 8 121 167 338 0 1 8 153 313 346 0 1662 36 335 27 25 62
3360 7 83 183 338 0 1 6 155 320 324 0 1669 40 339 23 18 55
3384 5 53 148 338 0 0 8 154 326 288 0 1674 39 350 24 13 49
3408 5 63 145 338 0 0 4 158 329 295 0 1672 36 344 27 15 46
3432 5 49 166 338 0 0 9 153 329 309 0 1677 43 334 20 10 46
3456 5 36 159 338 0 0 4 158 329 307 0 1680 40 327 23 7 46
3480 4 39 165 338 0 0 3 159 320 300 0 1675 41 321 22 12 55
3504 4 35 150 338 0 0 5 157 316 288 0 1678 44 318 19 9 59
3528 4 42 144 338 0 0 2 160 314 289 0 1674 50 313 13 13 61
3552 3 37 151 338 0 1 2 159 316 259 0 1680 34 309 29 7 59
3576 3 24 135 338 0 0 2 160 320 254 0 1678 49 301 14 9 55
3600 3 40 155 338 0 0 1 161 326 265 0 1683 41 296 22 4 49
3624 3 42 153 338 0 0 4 158 317 244 0 1677 44 296 19 10 58
3648 3 27 165 338 0 0 3 159 334 241 0 1681 31 292 32 6 41
3672 3 27 169 338 0 0 0 162 333 218 0 1682 40 288 23 5 42
3696 3 30 148 338 0 0 6 156 323 225 0 1675 43 281 20 12 52
3720 3 20 136 338 0 0 2 160 318 223 0 1685 44 277 19 2 57
3744 3 26 164 338 0 0 1 161 334 225 0 1679 44 278 19 8 41
3768 3 23 158 338 0 0 4 158 313 233 0 1682 43 275 20 5 62
3792 3 35 131 338 0 0 7 155 326 233 0 1681 41 267 22 6 49
3816 3 28 143 338 0 0 4 158 316 236 0 1680 41 266 22 7 59
3840 3 34 139 338 0 0 0 162 322 242 0 1680 42 258 21 7 53
3864 3 33 151 338 0 0 3 159 332 249 0 1684 34 253 29 3 43
3888 3 33 125 338 0 1 5 156 318 250 0 1677 47 249 16 10 57
3912 3 31 159 338 0 0 9 153 310 249 0 1682 39 243 24 5 65
3936 3 19 168 338 0 0 2 160 331 239 0 1683 41 236 22 4 44
3960 3 19 155 338 0 0 1 161 320 232 0 1680 42 229 21 7 55
3984 3 30 148 338 0 0 0 162 317 229 0 1675 44 224 19 12 58
4008 3 34 146 338 0 0 3 159 331 228 0 1678 48 221 15 9 44
4032 3 28 134 338 0 0 3 159 323 222 0 1680 45 215 18 7 52
4056 2 17 161 338 0 0 0 162 324 202 0 1685 46 212 17 2 51
4080 2 21 148 338 0 0 2 160 324 201 0 1680 42 207 21 7 51
4104 2 13 134 338 0 0 0 162 335 190 0 1684 40 207 23 3 40
4128 2 6 120 338 0 0 0 162 329 184 0 1683 39 206 24 4 46
4152 2 13 122 338 0 0 0 162 314 177 0 1682 39 203 24 5 61
4176 2 21 135 338 0 0 2 160 319 172 0 1687 42 201 21 0 56
4200 2 19 140 338 0 0 2 160 322 180 0 1687 43 194 20 0 53
4224 2 19 157 338 0 0 1 161 316 189 0 1680 42 191 21 7 59
4248 2 10 129 338 0 0 0 162 319 191 0 1686 42 186 21 1 56
4272 2 15 123 338 0 0 2 160 325 193 0 1680 39 186 24 7 50
4296 2 12 142 338 0 0 0 162 328 191 0 1685 42 184 21 2 47
4320 2 15 135 338 0 0 2 160 316 184 0 1685 43 180 20 2 59
4344 2 23 158 338 0 0 4 158 315 173 0 1680 38 182 25 7 60
4368 2 13 143 338 0 0 0 162 328 161 0 1683 45 181 18 4 47
4392 2 18 145 338 0 0 2 160 333 172 0 1683 37 179 26 4 42
4416 2 23 150 338 0 0 2 160 313 166 0 1684 39 177 24 3 62
4440 2 26 129 338 0 0 2 160 325 176 0 1679 46 173 17 8 50
4464 2 23 139 338 0 0 3 159 310 191 0 1680 43 169 20 7 65
4488.0 1002 20 135 338 0 0 2 160 318 182 0 1680 44 170 19 7 57
4512 372 5274 166 344 8 25 44 79 272 905 0 1119 42 376 21 568 103
4536 81 3375 182 374 19 18 34 55 286 355 0 1514 41 465 22 173 89
4560 28 1072 157 390 5 20 25 60 302 243 0 1623 42 480 21 64 73
4584 17 352 160 393 2 9 19 77 313 264 0 1654 39 463 24 33 62
4608 13 206 150 394 0 3 17 86 323 325 0 1660 48 439 15 27 52
4632 10 159 152 394 0 2 12 92 326 364 0 1661 39 412 24 26 49
4656 9 130 172 394 1 2 8 95 336 361 0 1665 35 404 28 22 39
4680 8 109 162 394 0 1 5 100 324 366 0 1667 45 394 18 20 51
4704 7 84 154 394 0 0 4 102 327 348 0 1676 42 392 21 11 48
4728 7 93 159 394 0 0 4 102 317 324 0 1672 36 379 27 15 58
4752 6 69 170 394 0 0 3 103 318 300 0 1674 36 370 27 13 57
4776 6 67 154 394 0 0 2 104 314 315 0 1674 46 355 17 13 61
4800 5 58 158 394 0 0 2 104 325 290 0 1679 39 345 24 8 50
4824 5 64 151 394 0 0 1 105 318 277 0 1675 30 337 33 12 57
4848 5 60 168 394 0 0 3 103 322 274 0 1672 40 334 23 15 53
4872 5 38 141 394 0 0 1 105 327 269 0 1681 43 331 20 6 48
4896 4 58 158 394 0 0 0 106 318 280 0 1676 43 309 20 11 57
4920 4 38 141 394 0 0 1 105 315 270 0 1677 43 304 20 10 60
4944 4 52 128 394 0 0 2 104 310 281 0 1678 40 295 23 9 65
4968 4 44 145 394 0 0 4 102 336 277 0 1673 41 290 22 14 39
4992 4 43 148 394 0 0 6 100 325 268 0 1680 46 282 17 7 50
5016 4 35 161 394 0 0 3 103 319 272 0 1680 36 284 27 7 56
5040 3 33 145 394 0 0 1 105 323 272 0 1680 38 284 25 7 52
5064 3 32 148 394 0 0 2 104 324 262 0 1682 43 280 20 5 51
5088 3 35 147 394 0 0 1 105 314 248 0 1677 37 274 26 10 61
5112 2 35 151 394 0 0 3 103 325 231 0 1681 33 271 30 6 50
5136 2 24 141 394 0 0 0 106 324 209 0 1685 42 269 21 2 51
5160 2 15 130 394 0 0 1 105 322 207 0 1680 40 266 23 7 53
5184 2 26 146 394 0 0 0 106 311 210 0 1679 49 259 14 8 64
5208 2 16 145 394 0 0 1 105 329 196 0 1684 47 258 16 3 46
5232 2 14 148 394 0 0 2 104 316 193 0 1683 39 251 24 4 59
5256 2 26 159 394 0 0 0 106 327 193 0 1680 47 250 16 7 48
5280 2 19 161 394 0 0 3 103 335 185 0 1683 46 248 17 4 40
5304 2 16 165 394 0 0 0 106 325 205 0 1682 44 240 19 5 50
5328 2 22 149 394 0 0 3 103 320 207 0 1684 42 238 21 3 55
5352 2 14 153 394 0 0 0 106 318 201 0 1682 46 237 17 5 57
5376 2 24 166 394 0 0 0 106 321 189 0 1681 34 233 29 6 54
5400 2 15 149 394 0 0 0 106 318 176 0 1685 37 236 26 2 57
5424 2 21 131 394 0 0 0 106 323 168 0 1683 42 235 21 4 52
5448 2 18 153 394 0 0 3 103 324 165 0 1685 34 233 29 2 51
5472 2 22 148 394 0 0 0 106 312 173 0 1678 45 223 18 9 63
5496 2 13 146 394 0 0 0 106 332 177 0 1683 41 224 22 4 43
5520 2 12 131 394 0 0 0 106 320 169 0 1684 44 220 19 3 55
5544 2 17 135 394 0 0 1 105 327 167 0 1681 38 215 25 6 48
5568 2 10 151 394 0 0 1 105 318 158 0 1684 44 218 19 3 57
5592 2 16 137 394 0 0 0 106 326 172 0 1680 44 210 19 7 49
5616 2 19 128 394 0 0 0 106 328 169 0 1682 40 206 23 5 47
5640 2 17 142 394 0 0 1 105 325 184 0 1680 43 203 20 7 50
5664 2 12 145 394 0 0 2 104 325 176 0 1680 36 202 27 7 50
5688 2 21 140 394 0 0 1 105 317 180 0 1684 47 196 16 3 58
5712 2 10 141 394 0 0 1 105 325 172 0 1682 48 195 15 5 50
5736 2 15 143 394 0 0 0 106 322 164 0 1681 39 190 24 6 53
5760 2 12 144 394 0 0 0 106 331 170 0 1682 46 189 17 5 44
5784 2 14 134 394 0 0 0 106 328 169 0 1683 37 188 26 4 47
5808 2 18 154 394 0 0 0 106 313 168 0 1684 42 184 21 3 62
5832 2 20 166 394 0 0 1 105 318 165 0 1682 37 182 26 5 57
5856 2 14 129 394 0 0 0 106 315 153 0 1684 43 178 20 3 60
5880 2 18 146 394 0 0 1 105 322 159 0 1684 43 175 20 3 53
5904 2 20 153 394 0 0 0 106 311 170 0 1682 41 173 22 5 64
5928.0 1002 13 134 394 0 0 1 105 319 161 0 1685 43 173 20 2 56
5952 378 5223 179 395 3 22 33 47 279 878 0 1154 41 386 22 533 96
5976 79 3303 166 413 11 23 24 29 284 345 0 1496 39 460 24 191 91
6000 30 1112 190 429 5 11 26 29 297 264 0 1620 31 457 32 67 78
6024 20 373 178 431 1 2 14 52 312 311 0 1640 37 430 26 47 63
6048 16 239 170 431 0 1 5 63 331 366 0 1651 47 396 16 36 44
6072 14 200 183 431 0 1 6 62 323 382 0 1658 34 379 29 29 52
6096 12 188 171 431 0 0 2 67 313 359 0 1660 38 387 25 27 62
6120 11 144 177 431 0 1 8 60 321 350 0 1669 34 390 29 18 54
6144 9 115 160 431 0 0 5 64 311 404 0 1668 47 369 16 19 64
6168 9 130 156 431 0 1 2 66 313 380 0 1668 36 374 27 19 62
6192 7 98 167 431 0 0 7 62 312 349 0 1674 40 372 23 13 63
6216 6 91 160 431 0 0 4 65 315 332 0 1669 38 364 25 18 60
6240 3 50 138 431 0 0 3 66 321 286 0 1674 43 368 20 13 54
6264 3 39 146 431 0 0 0 69 326 272 0 1681 41 358 22 6 49
6288 3 27 147 431 0 0 2 67 323 261 0 1683 40 354 23 4 52
6312 3 36 131 431 0 0 1 68 325 266 0 1681 38 352 25 6 50
6336 3 32 142 431 0 0 0 69 318 261 0 1682 43 346 20 5 57
6360 3 42 147 431 0 0 1 68 330 229 0 1685 46 347 17 2 45
6384 3 25 153 431 0 0 0 69 320 216 0 1679 38 347 25 8 55
6408 3 37 133 431 0 0 3 66 328 243 0 1682 46 337 17 5 47
6432 3 45 158 431 0 0 2 67 314 240 0 1683 40 330 23 4 61
6456 3 22 153 431 0 0 0 69 317 245 0 1683 42 312 21 4 58
6480 3 37 149 431 0 0 2 67 320 250 0 1675 42 298 21 12 55
6504 3 25 157 431 0 0 1 68 322 242 0 1680 45 294 18 7 53
6528 3 27 152 431 0 0 2 67 320 241 0 1679 41 285 22 8 55
6552 2 15 147 431 0 0 0 69 324 227 0 1684 43 276 20 3 51
6576 2 22 138 431 0 0 1 68 326 218 0 1680 46 268 17 7 49
6600 2 23 133 431 0 0 1 68 317 215 0 1681 34 261 29 6 58
6624 2 34 140 431 0 0 2 67 315 209 0 1681 40 253 23 6 60
6648 1 15 159 431 0 0 0 69 315 181 0 1686 42 254 21 1 60
6672 1 5 172 431 0 0 0 69 335 155 0 1686 38 250 25 1 40
6696 1 5 155 431 0 0 0 69 320 140 0 1686 42 250 21 1 55
6720 1 13 147 431 0 0 0 69 328 139 0 1685 39 249 24 2 47
6744 1 15 139 431 0 0 0 69 327 130 0 1682 40 250 23 5 48
6768 1 6 127 431 0 0 1 68 315 128 0 1685 47 248 16 2 60
6792 1 4 121 431 0 0 0 69 326 128 0 1686 44 245 19 1 49
6816 1 5 117 431 0 0 0 69 320 128 0 1686 44 244 19 1 55
6840 1 9 131 431 0 0 0 69 315 124 0 1685 37 243 26 2 60
6864 1 8 134 431 0 0 3 66 315 117 0 1684 42 243 21 3 60
6888 1 10 130 431 0 0 1 68 321 115 0 1685 37 241 26 2 54
6912 1 9 130 431 0 0 0 69 320 121 0 1682 47 237 16 5 55
6936 1 12 119 431 0 0 0 69 312 114 0 1686 43 231 20 1 63
6960 1 12 122 431 0 0 1 68 327 113 0 1682 46 227 17 5 48
6984 1 4 104 431 0 0 1 68 323 103 0 1687 39 228 24 0 52
7008 1 11 95 431 0 0 0 69 311 97 0 1687 42 224 21 0 64
7032 1 6 108 431 0 0 0 69 316 95 0 1686 47 220 16 1 59
7056 1 5 109 431 0 0 0 69 327 93 0 1686 42 214 21 1 48
7080 1 7 106 431 0 0 0 69 327 96 0 1685 46 211 17 2 48
7104 1 8 118 431 0 0 0 69 317 97 0 1684 40 209 23 3 58
7128 1 8 122 431 0 0 1 68 323 101 0 1685 42 204 21 2 52
7152 1 14 125 431 0 0 0 69 322 109 0 1681 45 201 18 6 53
7176 1 8 146 431 0 0 0 69 325 104 0 1685 41 199 22 2 50
7200 1 8 123 431 0 0 1 68 332 108 0 1683 47 198 16 4 43
7224 1 14 145 431 0 0 0 69 313 119 0 1681 36 192 27 6 62
7248 1 4 134 431 0 0 1 68 324 113 0 1686 40 191 23 1 51
7272 1 5 122 431 0 0 0 69 319 106 0 1684 44 188 19 3 56
7296 1 6 122 431 0 0 0 69 331 102 0 1685 46 184 17 2 44
7320 1 7 98 431 0 0 0 69 319 112 0 1683 49 182 14 4 56
7344 1 8 122 431 0 0 1 68 339 115 0 1686 41 174 22 1 36
7368 1 11 113 431 0 0 0 69 321 113 0 1685 48 173 15 2 54
7392 1 9 146 431 0 0 0 69 318 111 0 1687 43 173 20 0 57
7416 1 12 123 431 0 0 0 69 314 114 0 1682 42 170 21 5 61
7440 1 5 134 431 0 0 0 69 305 118 0 1685 42 170 21 2 70
7464 1 7 107 431 0 0 0 69 329 117 0 1687 42 168 21 0 46
7488 1 10 131 431 0 0 0 69 326 112 0 1685 37 168 26 2 49
7512 1 10 123 431 0 0 0 69 327 125 0 1686 44 166 19 1 48
7536 1 5 127 431 0 0 0 69 326 109 0 1687 37 167 26 0 49
7560 1 9 122 431 0 0 0 69 325 106 0 1683 39 168 24 4 50
7584 1 6 108 431 0 0 1 68 315 107 0 1684 41 168 22 3 60
7608 1 8 112 431 0 0 0 69 323 99 0 1685 39 170 24 2 52
7632 1 16 118 431 0 0 0 69 321 98 0 1685 42 169 21 2 54
7656 1 9 119 431 0 0 0 69 321 100 0 1687 46 167 17 0 54
7680 1 7 122 431 0 0 0 69 328 98 0 1686 45 166 18 1 47
7704 1 8 115 431 0 0 0 69 324 99 0 1685 48 165 15 2 51
7728 1 7 112 431 0 0 0 69 315 100 0 1687 41 163 22 0 60
7752 1 11 130 431 0 0 0 69 325 97 0 1682 47 160 16 5 50
7776 1 6 119 431 0 0 0 69 324 90 0 1683 49 157 14 4 51
7800 1 5 121 431 0 0 0 69 314 99 0 1685 45 153 18 2 61
7824 1 3 127 431 0 0 1 68 326 97 0 1685 42 153 21 2 49
7848 1 7 130 431 0 0 1 68 325 94 0 1684 46 153 17 3 50
7872 1 3 141 431 0 0 0 69 317 99 0 1685 47 150 16 2 58
7896 1 8 126 431 0 0 0 69 327 107 0 1684 46 150 17 3 48
7920 1 2 117 431 0 0 0 69 334 101 0 1686 45 148 18 1 41
7944 1 8 116 431 0 0 1 68 336 104 0 1685 40 146 23 2 39
7968 1 5 120 431 0 0 1 68 322 101 0 1687 42 146 21 0 53
7992 1 5 103 431 0 0 0 69 322 106 0 1685 42 145 21 2 53
8016 1 11 130 431 0 0 1 68 329 109 0 1681 46 143 17 6 46
8040 1 12 113 431 0 0 1 68 318 111 0 1686 43 143 20 1 57
8064 1 10 136 431 0 0 0 69 318 105 0 1684 38 141 25 3 57
8088 1 7 137 431 0 0 0 69 318 105 0 1684 40 141 23 3 57
8112 1 9 112 431 0 0 0 69 329 99 0 1681 48 139 15 6 46
8136 1 9 113 431 0 0 0 69 317 96 0 1687 42 140 21 0 58
8160 1 11 127 431 0 0 1 68 331 93 0 1683 44 140 19 4 44
8184 1 9 128 431 0 0 0 69 308 101 0 1685 50 138 13 2 67
8208 1 8 117 431 0 0 0 69 317 97 0 1684 45 138 18 3 58
8232 0 2 116 431 0 0 0 69 325 80 0 1687 46 138 17 0 50
8256 0 0 90 431 0 0 0 69 325 70 0 1687 55 138 8 0 50
8280 0 0 20 431 0 0 0 69 331 57 0 1687 63 138 0 0 44
8304 0 0 5 431 0 0 0 69 322 52 0 1687 63 138 0 0 53
8328 0 0 3 431 0 0 0 69 318 49 0 1687 63 138 0 0 57
8352 0 0 0 431 0 0 0 69 316 43 0 1687 63 138 0 0 59
8376 0 0 0 431 0 0 0 69 315 37 0 1687 63 138 0 0 60
8400 0 0 0 431 0 0 0 69 330 32 0 1687 63 138 0 0 45
8424 0 0 0 431 0 0 0 69 324 27 0 1687 63 138 0 0 51
8448 0 0 0 431 0 0 0 69 321 24 0 1687 63 138 0 0 54
8472 0 0 0 431 0 0 0 69 335 20 0 1687 63 138 0 0 40
8496 0 0 0 431 0 0 0 69 320 18 0 1687 63 138 0 0 55
8520 0 0 0 431 0 0 0 69 312 17 0 1687 63 138 0 0 63
8544 0 0 0 431 0 0 0 69 329 15 0 1687 63 138 0 0 46
8568 0 0 0 431 0 0 0 69 327 12 0 1687 63 138 0 0 48
8592 0 0 0 431 0 0 0 69 317 11 0 1687 63 138 0 0 58
8616 0 0 0 431 0 0 0 69 318 11 0 1687 63 138 0 0 57
8640 0 0 0 431 0 0 0 69 317 11 0 1687 63 138 0 0 58
8664 0 0 0 431 0 0 0 69 316 10 0 1687 63 138 0 0 59
8688 0 0 0 431 0 0 0 69 326 10 0 1687 63 138 0 0 49
8712 0 0 0 431 0 0 0 69 319 8 0 1687 63 138 0 0 56
8736 0 0 0 431 0 0 0 69 324 8 0 1687 63 138 0 0 51
8760 0 0 0 431 0 0 0 69 318 7 0 1687 63 138 0 0 57
