Time EBV Teff Treg ODC_le1 ODC_le2 ODC_le3 ODC_le4 ODC_le5 NK IL2 DAC Resting_Teff Resting_Treg EffectorMemory Resting_Treg_temp Resting_Teff_temp NK_temp
0.0 0 0 0 0 0 0 0 500 375 1000 0 1687 63 0 0 0 0
24 0 0 0 0 0 0 0 500 329 906 0 1687 63 0 0 0 46
48 0 0 0 0 0 0 0 500 338 812 0 1687 63 0 0 0 37
72 0 0 0 0 0 0 0 500 340 732 0 1687 63 0 0 0 35
96 0 0 0 0 0 0 0 500 343 661 0 1687 63 0 0 0 32
120 0 0 0 0 0 0 0 500 325 600 0 1687 63 0 0 0 50
144 0 0 0 0 0 0 0 500 332 546 0 1687 63 0 0 0 43
168.0 1000 0 0 0 0 0 0 500 323 497 0 1687 63 0 0 0 52
192 349 5983 124 15 31 67 142 245 267 803 0 1161 40 385 23 526 108
216 88 3825 161 116 35 77 110 162 275 365 0 1477 38 428 25 210 100
240 30 1272 150 153 20 62 93 172 305 250 0 1615 37 468 26 72 70
264 16 375 150 159 7 21 69 244 299 246 0 1653 41 450 22 34 76
288 13 191 167 161 1 9 35 294 332 275 0 1656 32 439 31 31 43
312 11 164 169 161 1 1 30 307 327 319 0 1667 42 413 21 20 48
336 8 114 157 161 0 2 21 316 322 324 0 1667 39 396 24 20 53
360 6 119 158 161 0 1 24 314 332 294 0 1677 37 399 26 10 43
384 6 100 151 161 0 1 20 318 330 297 0 1669 34 393 29 18 45
408 5 58 156 161 0 0 8 331 310 303 0 1676 49 384 14 11 65
432 5 61 168 161 0 0 14 325 315 295 0 1681 41 378 22 6 60
456 5 66 155 161 0 1 11 327 327 292 0 1675 37 372 26 12 48
480 5 69 158 161 0 0 12 327 322 295 0 1674 34 352 29 13 53
504 5 59 153 161 0 1 13 325 330 293 0 1674 47 348 16 13 45
528 5 49 153 161 0 0 6 333 310 281 0 1677 39 336 24 10 65
552 5 40 149 161 0 0 6 333 325 274 0 1678 43 327 20 9 50
576 5 54 159 161 0 0 7 332 317 272 0 1678 40 313 23 9 58
600 5 58 166 161 0 0 12 327 320 282 0 1673 47 313 16 14 55
624 5 50 176 161 0 1 4 334 324 297 0 1674 36 305 27 13 51
648 5 52 179 161 0 0 11 328 323 312 0 1671 33 295 30 16 52
672 5 56 174 161 0 0 11 328 326 278 0 1678 44 298 19 9 49
696 5 40 165 161 0 0 11 328 320 267 0 1679 37 301 26 8 55
720 5 59 142 161 0 0 4 335 316 279 0 1672 46 297 17 15 59
744 5 60 148 161 0 1 9 329 315 273 0 1682 34 297 29 5 60
768 4 54 154 161 0 0 7 332 335 260 0 1679 38 295 25 8 40
792 4 46 156 161 0 0 9 330 321 254 0 1679 40 294 23 8 54
816 4 35 148 161 0 0 5 334 322 246 0 1679 43 287 20 8 53
840 4 40 146 161 0 0 6 333 316 243 0 1679 46 277 17 8 59
864 4 42 139 161 0 0 8 331 318 247 0 1678 39 271 24 9 57
888 4 47 160 161 0 1 6 332 324 256 0 1678 38 257 25 9 51
912 4 46 179 161 0 0 13 326 314 269 0 1675 40 248 23 12 61
936 4 37 140 161 0 0 6 333 316 265 0 1670 43 250 20 17 59
960 4 27 162 161 0 0 5 334 329 248 0 1683 37 252 26 4 46
984 4 42 171 161 0 0 4 335 316 229 0 1679 40 247 23 8 59
1008 4 47 139 161 0 0 5 334 329 235 0 1681 43 247 20 6 46
1032 4 34 148 161 0 0 6 333 331 234 0 1679 40 243 23 8 44
1056 4 31 153 161 0 0 6 333 317 238 0 1680 41 245 22 7 58
1080 4 44 158 161 0 0 6 333 325 254 0 1676 43 237 20 11 50
1104 4 40 163 161 0 1 12 326 319 253 0 1681 39 237 24 6 56
1128 4 39 156 161 0 0 11 328 318 253 0 1680 39 239 24 7 57
1152 4 42 162 161 0 0 12 327 330 274 0 1673 34 234 29 14 45
1176 4 46 170 161 0 0 7 332 325 267 0 1677 37 236 26 10 50
1200 3 27 159 161 0 0 5 334 325 256 0 1681 37 231 26 6 50
1224 2 19 146 161 0 0 5 334 320 241 0 1680 42 229 21 7 55
1248 2 24 156 161 0 0 2 337 321 214 0 1683 39 225 24 4 54
1272 2 13 155 161 0 0 0 339 320 203 0 1684 39 220 24 3 55
1296 2 19 145 161 0 0 4 335 328 192 0 1683 40 216 23 4 47
1320 2 16 129 161 0 0 4 335 319 180 0 1681 47 213 16 6 56
1344 2 22 140 161 0 0 2 337 315 181 0 1683 42 206 21 4 60
1368 2 17 132 161 0 0 0 339 306 174 0 1683 41 207 22 4 69
1392 2 18 129 161 0 0 0 339 323 163 0 1684 45 204 18 3 52
1416 2 12 144 161 0 0 1 338 313 166 0 1682 45 202 18 5 62
1440 2 14 149 161 0 0 4 335 322 156 0 1682 46 195 17 5 53
1464 2 8 127 161 0 0 0 339 329 149 0 1687 36 193 27 0 46
1488 2 12 129 161 0 0 0 339 321 149 0 1686 48 192 15 1 54
1512 2 10 145 161 0 0 1 338 325 155 0 1684 36 192 27 3 50
1536 2 14 139 161 0 0 1 338 311 170 0 1681 38 190 25 6 64
1560 2 17 144 161 0 0 1 338 319 167 0 1681 33 187 30 6 56
1584 2 5 122 161 0 0 4 335 320 177 0 1685 42 188 21 2 55
1608.0 1002 18 115 161 0 0 2 337 319 187 0 1682 44 188 19 5 56
1632 362 5268 178 173 17 43 107 160 258 849 0 1163 35 388 28 524 117
1656 74 3184 181 221 32 50 83 114 278 366 0 1512 41 457 22 175 97
1680 29 967 186 251 13 22 78 136 301 273 0 1623 40 463 23 64 74
1704 22 482 170 252 3 9 48 188 300 324 0 1631 34 424 29 56 75
1728 15 230 173 254 2 4 29 211 325 317 0 1653 49 421 14 34 50
1752 14 196 176 254 3 4 20 219 326 378 0 1650 46 391 17 37 49
1776 10 176 180 254 1 3 20 222 323 350 0 1663 40 382 23 24 52
1800 8 116 174 254 0 0 21 225 309 367 0 1666 47 355 16 21 66
1824 8 88 181 254 0 2 10 234 324 361 0 1668 43 346 20 19 51
1848 8 89 152 254 0 0 13 233 309 369 0 1672 40 330 23 15 66
1872 7 82 185 254 0 0 16 230 308 326 0 1677 37 327 26 10 67
1896 7 81 163 254 0 1 12 233 325 335 0 1669 42 314 21 18 50
1920 7 88 163 254 0 0 12 234 302 318 0 1666 39 317 24 21 73
1944 6 77 157 254 0 2 6 238 327 308 0 1673 42 312 21 14 48
1968 4 63 146 254 0 0 6 240 316 318 0 1679 42 305 21 8 59
1992 4 43 165 254 0 0 3 243 330 291 0 1673 36 297 27 14 45
2016 4 35 165 254 0 0 9 237 332 275 0 1682 40 297 23 5 43
2040 4 34 157 254 0 0 5 241 320 280 0 1682 32 285 31 5 55
2064 4 43 152 254 0 0 5 241 320 277 0 1679 45 284 18 8 55
2088 4 43 147 254 0 0 7 239 329 281 0 1678 44 275 19 9 46
2112 4 33 137 254 0 0 4 242 318 274 0 1683 39 268 24 4 57
2136 3 38 133 254 0 0 4 242 333 241 0 1679 45 271 18 8 42
2160 3 43 158 254 0 0 6 240 331 235 0 1685 40 264 23 2 44
2184 3 27 151 254 0 0 5 241 329 233 0 1682 32 263 31 5 46
2208 3 29 138 254 0 0 2 244 333 241 0 1681 43 256 20 6 42
2232 3 39 140 254 0 0 5 241 322 252 0 1676 40 248 23 11 53
2256 3 39 158 254 0 0 5 241 321 243 0 1675 36 244 27 12 54
2280 3 29 140 254 0 0 8 238 323 235 0 1675 50 240 13 12 52
2304 3 31 155 254 0 0 5 241 314 227 0 1682 44 236 19 5 61
2328 3 31 140 254 0 0 1 245 323 240 0 1681 47 230 16 6 52
2352 3 45 157 254 0 0 3 243 328 234 0 1678 47 227 16 9 47
2376 3 29 152 254 0 0 2 244 317 211 0 1679 41 231 22 8 58
2400 3 28 162 254 0 0 2 244 319 222 0 1681 31 224 32 6 56
2424 3 30 138 254 0 1 2 243 321 220 0 1680 41 220 22 7 54
2448 3 21 153 254 0 0 3 243 305 221 0 1679 42 213 21 8 70
2472 3 17 152 254 0 0 1 245 319 216 0 1684 40 209 23 3 56
2496 3 25 140 254 0 0 4 242 308 219 0 1682 40 205 23 5 67
2520 3 23 148 254 0 0 5 241 325 212 0 1684 45 200 18 3 50
2544 3 25 157 254 0 0 8 238 326 211 0 1675 37 204 26 12 49
2568 3 25 135 254 0 0 2 244 325 200 0 1683 42 202 21 4 50
2592 3 35 143 254 0 0 4 242 329 217 0 1683 31 198 32 4 46
2616 2 22 135 254 0 0 1 245 309 205 0 1681 46 196 17 6 66
2640 2 18 126 254 0 0 3 243 320 205 0 1683 47 198 16 4 55
2664 2 26 141 254 0 0 0 246 318 214 0 1681 41 197 22 6 57
2688 2 21 153 254 0 0 1 245 322 203 0 1681 39 192 24 6 53
2712 2 23 160 254 0 0 3 243 317 204 0 1682 44 192 19 5 58
2736 2 15 145 254 0 0 2 244 323 185 0 1685 46 192 17 2 52
2760 2 13 154 254 0 0 1 245 327 187 0 1685 45 191 18 2 48
2784 2 13 161 254 0 0 0 246 306 183 0 1682 50 190 13 5 69
2808 2 11 163 254 0 0 1 245 324 167 0 1683 46 188 17 4 51
2832 2 15 119 254 0 0 1 245 307 180 0 1685 48 184 15 2 68
2856 2 14 138 254 0 0 2 244 325 178 0 1678 41 182 22 9 50
2880 2 18 140 254 0 0 3 243 322 192 0 1678 42 179 21 9 53
2904 2 22 136 254 0 0 1 245 316 182 0 1685 41 175 22 2 59
2928 2 25 144 254 0 0 0 246 333 173 0 1684 41 172 22 3 42
2952 2 32 139 254 0 0 4 242 317 182 0 1680 36 172 27 7 58
2976 2 10 154 254 0 0 1 245 316 176 0 1684 44 173 19 3 59
3000 1 17 136 254 0 0 2 244 333 178 0 1683 36 176 27 4 42
3024 1 7 131 254 0 0 1 245 333 166 0 1685 42 174 21 2 42
3048.0 1001 8 114 254 0 0 2 244 314 158 0 1683 39 175 24 4 61
3072 366 5232 179 261 11 32 78 118 273 834 0 1145 38 398 25 542 102
3096 78 3164 200 283 22 41 69 85 276 367 0 1493 33 470 30 194 99
3120 28 1019 182 305 13 36 50 96 303 267 0 1612 37 480 26 75 72
3144 22 348 198 311 2 11 42 134 307 340 0 1647 40 459 23 40 68
3168 16 210 204 312 1 7 27 153 317 370 0 1652 32 439 31 35 58
3192 14 159 184 312 0 3 18 167 322 424 0 1650 33 409 30 37 53
3216 13 180 194 312 0 1 14 173 320 422 0 1668 43 372 20 19 55
3240 13 189 179 312 0 1 16 171 322 399 0 1651 38 360 25 36 53
3264 12 138 166 312 0 1 18 169 324 389 0 1664 36 374 27 23 51
3288 12 148 154 312 0 2 13 173 319 371 0 1662 37 376 26 25 56
3312 9 167 178 312 0 1 16 171 306 355 0 1659 48 358 15 28 69
3336 9 104 153 312 0 1 12 175 325 345 0 1670 42 355 21 17 50
3360 9 97 168 312 0 1 6 181 316 355 0 1672 42 352 21 15 59
3384 8 97 146 312 0 0 11 177 316 355 0 1668 44 357 19 19 59
3408 6 86 157 312 0 0 6 182 323 333 0 1682 44 349 19 5 52
3432 6 64 177 312 0 0 9 179 319 332 0 1677 41 351 22 10 56
3456 6 63 161 312 0 1 7 180 322 344 0 1672 47 337 16 15 53
3480 6 97 171 312 0 0 4 184 319 348 0 1664 34 330 29 23 56
3504 5 70 158 312 0 0 7 181 324 306 0 1675 45 347 18 12 51
3528 4 46 153 312 0 0 8 180 313 301 0 1682 34 336 29 5 62
3552 4 36 164 312 0 0 3 185 334 297 0 1679 39 326 24 8 41
3576 4 35 151 312 0 0 2 186 334 280 0 1682 42 314 21 5 41
3600 4 52 136 312 0 0 7 181 324 285 0 1676 43 311 20 11 51
3624 4 57 153 312 0 0 2 186 322 274 0 1673 43 317 20 14 53
3648 4 37 149 312 0 0 10 178 323 268 0 1677 48 310 15 10 52
3672 4 33 169 312 0 0 3 185 330 261 0 1679 34 308 29 8 45
3696 4 27 149 312 0 0 2 186 332 236 0 1684 44 300 19 3 43
3720 4 38 168 312 0 0 4 184 322 266 0 1676 37 288 26 11 53
3744 4 52 132 312 0 0 9 179 321 263 0 1678 46 283 17 9 54
3768 4 47 157 312 0 1 3 184 330 271 0 1680 43 283 20 7 45
3792 4 54 137 312 0 0 3 185 320 266 0 1678 47 264 16 9 55
3816 4 46 148 312 0 0 6 182 320 250 0 1677 44 259 19 10 55
3840 4 42 169 312 0 0 6 182 317 243 0 1677 36 261 27 10 58
3864 4 32 156 312 0 0 6 182 323 245 0 1684 44 253 19 3 52
3888 4 30 134 312 0 0 3 185 315 257 0 1679 51 245 12 8 60
3912 4 41 155 312 0 0 6 182 318 244 0 1678 44 241 19 9 57
3936 4 38 152 312 0 0 2 186 325 255 0 1672 39 238 24 15 50
3960 4 40 147 312 0 0 0 188 324 253 0 1676 45 230 18 11 51
3984 4 35 147 312 0 0 2 186 327 261 0 1680 41 228 22 7 48
4008 4 30 163 312 0 0 1 187 329 259 0 1680 45 224 18 7 46
4032 4 52 156 312 0 0 1 187 325 275 0 1673 43 215 20 14 50
4056 4 25 154 312 0 0 4 184 316 273 0 1678 39 210 24 9 59
4080 4 31 147 312 0 0 2 186 317 270 0 1682 51 205 12 5 58
4104 4 47 151 312 0 0 3 185 321 285 0 1677 44 201 19 10 54
4128 4 41 172 312 0 0 4 184 320 261 0 1678 42 204 21 9 55
4152 3 25 167 312 0 0 6 182 317 252 0 1681 48 202 15 6 58
4176 3 21 156 312 0 0 0 188 318 245 0 1679 45 201 18 8 57
4200 3 25 152 312 0 0 1 187 324 250 0 1684 47 201 16 3 51
4224 3 25 150 312 0 0 2 186 311 255 0 1683 39 203 24 4 64
4248 3 27 150 312 0 0 0 188 324 246 0 1680 37 204 26 7 51
4272 3 20 142 312 0 0 1 187 325 223 0 1683 42 206 21 4 50
4296 3 25 143 312 0 0 2 186 326 207 0 1678 38 206 25 9 49
4320 2 21 151 312 0 0 1 187 314 205 0 1683 39 202 24 4 61
4344 2 21 159 312 0 0 2 186 322 202 0 1680 43 203 20 7 53
4368 2 14 156 312 0 0 0 188 322 200 0 1682 37 196 26 5 53
4392 2 18 144 312 0 1 1 186 320 189 0 1686 35 189 28 1 55
4416 1 15 140 312 0 0 5 183 325 175 0 1685 42 187 21 2 50
4440 1 6 124 312 0 0 0 188 322 155 0 1684 47 187 16 3 53
4464 1 9 143 312 0 0 3 185 316 158 0 1685 38 184 25 2 59
4488.0 1001 8 127 312 0 0 3 185 326 158 0 1686 41 181 22 1 49
4512 405 5275 168 319 14 29 54 84 274 853 0 1136 42 383 21 551 101
4536 80 3389 179 350 15 24 58 53 267 348 0 1512 37 464 26 175 108
4560 30 1068 173 357 6 18 41 78 294 270 0 1615 38 469 25 72 81
4584 23 426 157 361 4 12 23 100 300 311 0 1644 39 438 24 43 75
4608 18 284 171 362 0 3 21 114 308 378 0 1637 40 406 23 50 67
4632 14 221 157 362 0 4 17 117 320 358 0 1650 43 406 20 37 55
4656 14 196 157 362 0 2 15 121 315 388 0 1651 48 374 15 36 60
4680 13 214 152 362 2 0 10 126 317 377 0 1653 41 363 22 34 58
4704 13 171 152 363 0 0 9 128 307 373 0 1654 38 369 25 33 68
4728 12 158 166 363 1 0 12 124 314 363 0 1664 40 358 23 23 61
4752 9 143 192 363 0 2 9 126 306 337 0 1671 40 354 23 16 69
4776 9 118 151 363 0 0 4 133 314 321 0 1671 39 353 24 16 61
4800 7 110 149 363 0 0 1 136 308 337 0 1662 40 345 23 25 67
4824 6 92 170 363 0 0 7 130 321 328 0 1672 41 337 22 15 54
4848 6 68 175 363 0 0 5 132 311 337 0 1677 38 324 25 10 64
4872 6 68 173 363 0 1 5 131 327 333 0 1678 41 321 22 9 48
4896 6 73 186 363 0 0 6 131 332 306 0 1673 44 320 19 14 43
4920 5 54 174 363 0 0 5 132 322 304 0 1679 38 313 25 8 53
4944 4 40 173 363 0 0 9 128 320 285 0 1677 39 310 24 10 55
4968 4 39 149 363 0 1 3 133 319 281 0 1680 43 304 20 7 56
4992 4 39 137 363 0 1 2 134 316 276 0 1679 42 295 21 8 59
5016 4 36 129 363 0 0 0 137 316 282 0 1674 41 286 22 13 59
5040 4 56 144 363 0 0 3 134 327 282 0 1675 43 279 20 12 48
5064 4 39 145 363 0 0 3 134 329 267 0 1681 48 278 15 6 46
5088 4 37 155 363 0 0 1 136 320 262 0 1676 42 273 21 11 55
5112 3 33 147 363 0 0 0 137 327 250 0 1679 38 272 25 8 48
5136 3 26 142 363 0 0 1 136 318 246 0 1683 35 268 28 4 57
5160 3 24 141 363 0 0 1 136 315 245 0 1678 43 267 20 9 60
5184 3 24 151 363 0 0 2 135 334 241 0 1685 37 264 26 2 41
5208 3 24 148 363 0 0 1 136 327 258 0 1679 37 252 26 8 48
5232 3 36 159 363 0 0 1 136 312 247 0 1676 39 253 24 11 63
5256 3 26 170 363 0 0 1 136 319 238 0 1682 33 249 30 5 56
5280 3 35 154 363 0 0 0 137 326 240 0 1678 36 243 27 9 49
5304 3 29 139 363 0 0 0 137 321 247 0 1682 40 246 23 5 54
5328 3 38 154 363 0 1 1 135 324 250 0 1679 39 246 24 8 51
5352 3 29 149 363 0 0 0 137 316 248 0 1683 41 239 22 4 59
5376 3 31 154 363 0 0 3 134 315 245 0 1682 42 232 21 5 60
5400 3 24 169 363 0 0 4 133 320 242 0 1681 41 230 22 6 55
5424 3 28 175 363 0 0 2 135 326 243 0 1678 42 227 21 9 49
5448 3 27 150 363 0 0 2 135 318 232 0 1678 38 223 25 9 57
5472 3 22 162 363 0 0 0 137 320 209 0 1680 40 217 23 7 55
5496 3 34 144 363 0 0 3 134 325 205 0 1679 46 216 17 8 50
5520 3 24 134 363 0 0 1 136 321 199 0 1684 46 216 17 3 54
5544 3 21 168 363 0 0 2 135 323 205 0 1678 42 210 21 9 52
5568 3 28 169 363 0 0 2 135 314 205 0 1677 40 211 23 10 61
5592 3 22 164 363 0 0 4 133 328 199 0 1681 35 210 28 6 47
5616 3 23 154 363 0 0 2 135 316 201 0 1679 41 210 22 8 59
5640 3 26 147 363 0 0 1 136 325 217 0 1680 46 208 17 7 50
5664 3 40 144 363 0 0 4 133 323 226 0 1677 34 205 29 10 52
5688 3 26 151 363 0 0 1 136 318 222 0 1682 51 198 12 5 57
5712 3 24 160 363 0 0 3 134 310 222 0 1681 33 195 30 6 65
5736 3 38 144 363 0 0 2 135 330 224 0 1680 41 194 22 7 45
5760 3 26 132 363 0 0 3 134 323 224 0 1680 45 195 18 7 52
5784 3 22 151 363 0 0 4 133 328 230 0 1682 40 193 23 5 47
5808 3 36 134 363 0 0 2 135 316 247 0 1675 46 193 17 12 59
5832 3 30 145 363 0 0 3 134 322 235 0 1679 38 190 25 8 53
5856 3 26 148 363 0 0 2 135 338 230 0 1679 43 187 20 8 37
5880 2 21 141 363 0 0 2 135 314 223 0 1682 43 185 20 5 61
5904 2 17 139 363 0 0 0 137 320 205 0 1681 40 180 23 6 55
5928.0 1002 11 148 363 0 0 0 137 320 206 0 1683 38 178 25 4 55
5952 367 5115 191 367 6 22 42 63 289 879 0 1149 37 366 26 538 86
5976 87 3084 203 397 7 19 28 49 263 353 0 1507 34 475 29 180 112
6000 32 1043 188 406 7 6 28 53 295 303 0 1605 40 443 23 82 80
6024 20 385 173 410 1 9 18 62 307 308 0 1657 32 427 31 30 68
6048 17 228 167 410 0 3 10 77 322 357 0 1660 50 386 13 27 53
6072 14 180 176 410 0 0 11 79 312 383 0 1664 44 372 19 23 63
6096 11 159 192 410 0 1 3 86 317 384 0 1664 37 375 26 23 58
6120 11 143 169 410 0 1 7 82 318 382 0 1667 40 376 23 20 57
6144 10 151 156 410 0 0 3 87 320 391 0 1664 36 369 27 23 55
6168 10 131 150 410 0 0 6 84 318 376 0 1664 44 356 19 23 57
6192 9 107 203 410 0 0 0 90 325 378 0 1669 40 330 23 18 50
6216 8 87 171 410 0 0 2 88 322 354 0 1670 35 334 28 17 53
6240 7 88 185 410 0 0 3 87 321 342 0 1670 39 328 24 17 54
6264 6 88 175 410 0 0 3 87 325 325 0 1671 45 326 18 16 50
6288 6 64 166 410 0 0 4 86 325 307 0 1671 37 326 26 16 50
6312 6 48 171 410 0 0 0 90 314 310 0 1671 42 315 21 16 61
6336 5 54 163 410 0 0 3 87 316 328 0 1671 34 303 29 16 59
6360 5 41 173 410 0 0 4 86 320 298 0 1679 43 293 20 8 55
6384 4 54 144 410 0 0 3 87 312 293 0 1678 45 293 18 9 63
6408 4 43 143 410 0 0 1 89 326 297 0 1679 43 290 20 8 49
6432 4 50 157 410 0 0 4 86 318 293 0 1675 36 279 27 12 57
6456 4 53 152 410 0 0 2 88 322 286 0 1671 32 274 31 16 53
6480 4 48 173 410 0 0 2 88 312 280 0 1680 41 269 22 7 63
6504 4 35 145 410 0 0 1 89 322 291 0 1683 49 263 14 4 53
6528 4 50 142 410 0 0 1 89 310 281 0 1677 41 259 22 10 65
6552 4 35 149 410 0 0 1 89 322 276 0 1679 39 252 24 8 53
6576 4 35 173 410 0 0 1 89 324 271 0 1682 37 244 26 5 51
6600 3 34 148 410 0 0 3 87 331 249 0 1677 37 241 26 10 44
6624 3 21 142 410 0 0 2 88 320 238 0 1682 43 233 20 5 55
6648 3 33 128 410 0 0 1 89 320 228 0 1680 43 231 20 7 55
6672 3 21 141 410 0 0 0 90 313 222 0 1682 44 227 19 5 62
6696 3 18 137 410 0 0 2 88 328 215 0 1684 47 223 16 3 47
6720 3 30 133 410 0 0 1 89 323 228 0 1679 43 219 20 8 52
6744 3 25 146 410 0 0 2 88 323 232 0 1678 37 217 26 9 52
6768 3 23 133 410 0 0 1 89 325 223 0 1681 39 215 24 6 50
6792 3 21 169 410 0 0 1 89 317 216 0 1684 40 208 23 3 58
6816 3 29 167 410 0 0 0 90 318 219 0 1680 41 203 22 7 57
6840 3 26 159 410 0 0 1 89 313 226 0 1679 43 203 20 8 62
6864 3 27 157 410 0 0 0 90 331 229 0 1679 37 204 26 8 44
6888 3 23 152 410 0 0 1 89 308 215 0 1682 39 199 24 5 67
6912 3 20 161 410 0 0 0 90 323 221 0 1677 33 197 30 10 52
6936 3 39 142 410 0 0 0 90 323 223 0 1677 37 186 26 10 52
6960 3 33 136 410 0 0 0 90 327 223 0 1680 43 186 20 7 48
6984 3 25 154 410 0 0 2 88 313 226 0 1678 39 182 24 9 62
7008 3 19 146 410 0 0 2 88 318 223 0 1679 47 183 16 8 57
7032 3 25 146 410 0 0 0 90 320 227 0 1679 45 178 18 8 55
7056 3 20 137 410 0 0 0 90 324 233 0 1677 45 179 18 10 51
7080 3 36 165 410 0 0 1 89 314 242 0 1676 39 181 24 11 61
7104 3 26 164 410 0 0 2 88 308 239 0 1679 42 179 21 8 67
7128 3 25 175 410 0 0 1 89 328 235 0 1680 40 180 23 7 47
7152 3 30 164 410 0 0 1 89 328 251 0 1679 39 175 24 8 47
7176 3 25 148 410 0 0 1 89 317 248 0 1683 49 170 14 4 58
7200 3 29 163 410 0 0 0 90 324 235 0 1680 45 176 18 7 51
7224 3 34 152 410 0 0 1 89 315 232 0 1680 41 180 22 7 60
7248 3 20 157 410 0 0 0 90 325 222 0 1681 38 184 25 6 50
7272 3 24 163 410 0 0 0 90 323 217 0 1682 39 185 24 5 52
7296 3 24 146 410 0 0 2 88 319 207 0 1682 42 188 21 5 56
7320 3 21 168 410 0 0 2 88 323 216 0 1683 48 195 15 4 52
7344 3 27 160 410 0 0 0 90 328 219 0 1676 39 192 24 11 47
7368 3 22 153 410 0 0 0 90 323 205 0 1683 45 192 18 4 52
7392 3 22 142 410 0 0 2 88 335 224 0 1684 48 190 15 3 40
7416 3 40 145 410 0 0 1 89 333 223 0 1680 45 192 18 7 42
7440 3 31 141 410 0 0 1 89 331 225 0 1673 38 196 25 14 44
7464 3 23 147 410 0 0 1 89 319 218 0 1681 45 193 18 6 56
7488 3 18 155 410 0 0 1 89 324 224 0 1681 41 188 22 6 51
7512 3 16 145 410 0 0 1 89 329 217 0 1682 45 187 18 5 46
7536 3 24 141 410 0 0 0 90 318 217 0 1681 44 186 19 6 57
7560 3 29 136 410 0 0 0 90 324 232 0 1680 44 184 19 7 51
7584 3 29 138 410 0 0 2 88 315 230 0 1678 45 185 18 9 60
7608 2 25 137 410 0 0 2 88 323 218 0 1683 43 185 20 4 52
7632 2 14 132 410 0 0 3 87 317 206 0 1681 40 185 23 6 58
7656 2 15 146 410 0 0 1 89 323 201 0 1682 40 185 23 5 52
7680 2 27 150 410 0 0 1 89 333 209 0 1683 45 187 18 4 42
7704 2 21 158 410 0 0 1 89 307 199 0 1681 39 186 24 6 68
7728 2 8 150 410 0 0 1 89 330 186 0 1685 40 180 23 2 45
7752 1 15 161 410 0 0 1 89 320 182 0 1682 39 178 24 5 55
7776 1 6 137 410 0 0 0 90 324 160 0 1685 40 175 23 2 51
7800 1 12 149 410 0 0 3 87 327 151 0 1685 46 174 17 2 48
7824 1 10 136 410 0 0 1 89 332 149 0 1684 44 174 19 3 43
7848 1 8 145 410 0 0 0 90 322 138 0 1685 45 174 18 2 53
7872 1 6 142 410 0 0 1 89 320 123 0 1684 47 173 16 3 55
7896 1 5 131 410 0 0 0 90 305 115 0 1687 36 173 27 0 70
7920 1 9 141 410 0 0 0 90 312 115 0 1687 40 172 23 0 63
7944 1 15 141 410 0 0 0 90 317 114 0 1683 45 170 18 4 58
7968 1 6 132 410 0 0 1 89 327 113 0 1684 47 172 16 3 48
7992 1 6 134 410 0 0 0 90 312 109 0 1686 50 171 13 1 63
8016 1 11 138 410 0 0 0 90 329 110 0 1683 43 170 20 4 46
8040 1 11 131 410 0 0 0 90 323 123 0 1683 44 170 19 4 52
8064 1 12 140 410 0 0 0 90 322 127 0 1685 42 168 21 2 53
8088 1 10 139 410 0 0 0 90 321 122 0 1686 49 166 14 1 54
8112 1 10 144 410 0 0 1 89 313 115 0 1682 45 166 18 5 62
8136 1 9 139 410 0 0 0 90 318 113 0 1682 47 165 16 5 57
8160 1 12 142 410 0 0 0 90 320 121 0 1685 36 165 27 2 55
8184 1 3 133 410 0 0 0 90 329 123 0 1686 42 164 21 1 46
8208 1 10 136 410 0 0 1 89 325 125 0 1684 41 162 22 3 50
8232 1 10 133 410 0 0 2 88 312 125 0 1682 47 160 16 5 63
8256 1 6 130 410 0 0 0 90 310 114 0 1685 43 161 20 2 65
8280 1 7 134 410 0 0 1 89 330 111 0 1686 45 158 18 1 45
8304 1 9 128 410 0 0 0 90 316 120 0 1683 45 157 18 4 59
8328 1 9 137 410 0 0 2 88 327 112 0 1685 43 159 20 2 48
8352 0 3 133 410 0 0 0 90 317 101 0 1687 49 158 14 0 58
8376 0 0 53 410 0 0 0 90 319 94 0 1687 63 158 0 0 56
8400 0 0 10 410 0 0 0 90 334 87 0 1687 63 158 0 0 41
8424 0 0 5 410 0 0 0 90 334 83 0 1687 63 158 0 0 41
8448 0 0 2 410 0 0 0 90 327 74 0 1687 63 158 0 0 48
8472 0 0 1 410 0 0 0 90 323 63 0 1687 63 158 0 0 52
8496 0 0 1 410 0 0 0 90 323 60 0 1687 63 158 0 0 52
8520 0 0 1 410 0 0 0 90 325 49 0 1687 63 158 0 0 50
8544 0 0 1 410 0 0 0 90 314 41 0 1687 63 158 0 0 61
8568 0 0 0 410 0 0 0 90 307 37 0 1687 63 158 0 0 68
8592 0 0 0 410 0 0 0 90 325 31 0 1687 63 158 0 0 50
8616 0 0 0 410 0 0 0 90 328 30 0 1687 63 158 0 0 47
8640 0 0 0 410 0 0 0 90 311 24 0 1687 63 158 0 0 64
8664 0 0 0 410 0 0 0 90 316 21 0 1687 63 158 0 0 59
8688 0 0 0 410 0 0 0 90 323 17 0 1687 63 158 0 0 52
8712 0 0 0 410 0 0 0 90 329 17 0 1687 63 158 0 0 46
8736 0 0 0 410 0 0 0 90 334 16 0 1687 63 158 0 0 41
8760 0 0 0 410 0 0 0 90 309 14 0 1687 63 158 0 0 66
